2025-07-12 16:32:32 - INFO - Logging is set up.
2025-07-12 16:32:32 - INFO - 训练配置参数:
{'seed': 42, 'epochs': 1000, 'batch_size': 2, 'num_classes': 16, 'learning_rate': 0.001, 'dataset_path': './datasets/Amos', 'log_path': './result/SAM3D_VNet_SSL/Amos_90_SemiSupervised_V15_2/Training.log', 'pth_path': './result/SAM3D_VNet_SSL/Amos_90_SemiSupervised_V15_2/Pth', 'tensorboard_path': './result/SAM3D_VNet_SSL/Amos_90_SemiSupervised_V15_2/Train', 'continue_train': False, 'multi_gpu': True, 'training_label_num': 90, 'training_unlabel_num': 90, 'label_bs': 1, 'unlabel_bs': 1, 'consistency_weight': 0.2, 'pretrained_weights': './result/VNet_Multi_V3/Amos_90/Pth/Best.pth'}
2025-07-12 16:32:48 - INFO - 数据集加载完成，样本总数: 180
2025-07-12 16:32:48 - INFO - 使用 2 个GPU
2025-07-12 16:32:48 - INFO - 模型总参数: 120,482,142
2025-07-12 16:32:48 - INFO - 可训练参数: 120,482,142
2025-07-12 16:35:02 - INFO - Epoch 1/1000, Loss: 2.7753, Dice: 2.7751, MSE: 0.0010
2025-07-12 16:37:12 - INFO - Epoch 2/1000, Loss: 2.2859, Dice: 2.2851, MSE: 0.0038
2025-07-12 16:39:23 - INFO - Epoch 3/1000, Loss: 1.8757, Dice: 1.8734, MSE: 0.0116
2025-07-12 16:41:34 - INFO - Epoch 4/1000, Loss: 1.6196, Dice: 1.6156, MSE: 0.0199
2025-07-12 16:43:45 - INFO - Epoch 5/1000, Loss: 1.4493, Dice: 1.4438, MSE: 0.0273
2025-07-12 16:45:55 - INFO - Epoch 6/1000, Loss: 1.4021, Dice: 1.3964, MSE: 0.0284
2025-07-12 16:48:06 - INFO - Epoch 7/1000, Loss: 1.3458, Dice: 1.3400, MSE: 0.0290
2025-07-12 16:50:17 - INFO - Epoch 8/1000, Loss: 1.3060, Dice: 1.2999, MSE: 0.0304
2025-07-12 16:52:28 - INFO - Epoch 9/1000, Loss: 1.2941, Dice: 1.2881, MSE: 0.0300
2025-07-12 16:54:39 - INFO - Epoch 10/1000, Loss: 1.2538, Dice: 1.2476, MSE: 0.0310
2025-07-12 16:56:49 - INFO - Epoch 11/1000, Loss: 1.2751, Dice: 1.2693, MSE: 0.0290
2025-07-12 16:59:00 - INFO - Epoch 12/1000, Loss: 1.2431, Dice: 1.2371, MSE: 0.0297
2025-07-12 17:01:11 - INFO - Epoch 13/1000, Loss: 1.2320, Dice: 1.2261, MSE: 0.0293
2025-07-12 17:03:22 - INFO - Epoch 14/1000, Loss: 1.2323, Dice: 1.2265, MSE: 0.0290
2025-07-12 17:05:33 - INFO - Epoch 15/1000, Loss: 1.2184, Dice: 1.2126, MSE: 0.0291
2025-07-12 17:07:44 - INFO - Epoch 16/1000, Loss: 1.2086, Dice: 1.2027, MSE: 0.0293
2025-07-12 17:09:56 - INFO - Epoch 17/1000, Loss: 1.2006, Dice: 1.1948, MSE: 0.0291
2025-07-12 17:12:07 - INFO - Epoch 18/1000, Loss: 1.2147, Dice: 1.2094, MSE: 0.0270
2025-07-12 17:14:18 - INFO - Epoch 19/1000, Loss: 1.2106, Dice: 1.2056, MSE: 0.0249
2025-07-12 17:16:29 - INFO - Epoch 20/1000, Loss: 1.1693, Dice: 1.1649, MSE: 0.0219
2025-07-12 17:16:31 - INFO - 模型已保存至: epoch_20.pth
2025-07-12 17:18:41 - INFO - Epoch 21/1000, Loss: 1.1763, Dice: 1.1721, MSE: 0.0208
2025-07-12 17:20:52 - INFO - Epoch 22/1000, Loss: 1.1529, Dice: 1.1488, MSE: 0.0204
2025-07-12 17:23:03 - INFO - Epoch 23/1000, Loss: 1.1675, Dice: 1.1636, MSE: 0.0195
2025-07-12 17:25:13 - INFO - Epoch 24/1000, Loss: 1.1203, Dice: 1.1164, MSE: 0.0198
2025-07-12 17:27:24 - INFO - Epoch 25/1000, Loss: 1.1197, Dice: 1.1158, MSE: 0.0194
2025-07-12 17:29:35 - INFO - Epoch 26/1000, Loss: 1.1278, Dice: 1.1240, MSE: 0.0191
2025-07-12 17:31:45 - INFO - Epoch 27/1000, Loss: 1.1293, Dice: 1.1255, MSE: 0.0191
2025-07-12 17:33:56 - INFO - Epoch 28/1000, Loss: 1.1144, Dice: 1.1106, MSE: 0.0190
2025-07-12 17:36:08 - INFO - Epoch 29/1000, Loss: 1.1030, Dice: 1.0992, MSE: 0.0187
2025-07-12 17:38:19 - INFO - Epoch 30/1000, Loss: 1.0866, Dice: 1.0828, MSE: 0.0190
2025-07-12 17:40:30 - INFO - Epoch 31/1000, Loss: 1.0931, Dice: 1.0894, MSE: 0.0185
2025-07-12 17:42:41 - INFO - Epoch 32/1000, Loss: 1.0912, Dice: 1.0875, MSE: 0.0186
2025-07-12 17:44:52 - INFO - Epoch 33/1000, Loss: 1.0894, Dice: 1.0857, MSE: 0.0186
2025-07-12 17:47:03 - INFO - Epoch 34/1000, Loss: 1.0566, Dice: 1.0528, MSE: 0.0188
2025-07-12 17:49:14 - INFO - Epoch 35/1000, Loss: 1.0669, Dice: 1.0632, MSE: 0.0186
2025-07-12 17:51:25 - INFO - Epoch 36/1000, Loss: 1.0622, Dice: 1.0590, MSE: 0.0162
2025-07-12 17:53:36 - INFO - Epoch 37/1000, Loss: 1.0832, Dice: 1.0802, MSE: 0.0149
2025-07-12 17:55:47 - INFO - Epoch 38/1000, Loss: 1.0194, Dice: 1.0164, MSE: 0.0150
2025-07-12 17:57:58 - INFO - Epoch 39/1000, Loss: 1.0335, Dice: 1.0305, MSE: 0.0148
2025-07-12 18:00:09 - INFO - Epoch 40/1000, Loss: 1.0188, Dice: 1.0158, MSE: 0.0148
2025-07-12 18:00:11 - INFO - 模型已保存至: epoch_40.pth
2025-07-12 18:02:21 - INFO - Epoch 41/1000, Loss: 0.9905, Dice: 0.9875, MSE: 0.0149
2025-07-12 18:04:33 - INFO - Epoch 42/1000, Loss: 0.9670, Dice: 0.9640, MSE: 0.0148
2025-07-12 18:06:44 - INFO - Epoch 43/1000, Loss: 0.9668, Dice: 0.9639, MSE: 0.0147
2025-07-12 18:08:55 - INFO - Epoch 44/1000, Loss: 0.9916, Dice: 0.9887, MSE: 0.0146
2025-07-12 18:11:06 - INFO - Epoch 45/1000, Loss: 0.9660, Dice: 0.9631, MSE: 0.0147
2025-07-12 18:13:17 - INFO - Epoch 46/1000, Loss: 0.9330, Dice: 0.9300, MSE: 0.0148
2025-07-12 18:15:28 - INFO - Epoch 47/1000, Loss: 0.9325, Dice: 0.9296, MSE: 0.0146
2025-07-12 18:17:39 - INFO - Epoch 48/1000, Loss: 0.9592, Dice: 0.9562, MSE: 0.0148
2025-07-12 18:19:50 - INFO - Epoch 49/1000, Loss: 0.9303, Dice: 0.9274, MSE: 0.0147
2025-07-12 18:22:01 - INFO - Epoch 50/1000, Loss: 0.9219, Dice: 0.9193, MSE: 0.0127
2025-07-12 18:24:12 - INFO - Epoch 51/1000, Loss: 0.9317, Dice: 0.9302, MSE: 0.0076
2025-07-12 18:26:23 - INFO - Epoch 52/1000, Loss: 0.9284, Dice: 0.9269, MSE: 0.0071
2025-07-12 18:28:34 - INFO - Epoch 53/1000, Loss: 0.9300, Dice: 0.9285, MSE: 0.0070
2025-07-12 18:30:45 - INFO - Epoch 54/1000, Loss: 0.9233, Dice: 0.9219, MSE: 0.0069
2025-07-12 18:32:56 - INFO - Epoch 55/1000, Loss: 0.8828, Dice: 0.8814, MSE: 0.0068
2025-07-12 18:35:07 - INFO - Epoch 56/1000, Loss: 0.8735, Dice: 0.8721, MSE: 0.0067
2025-07-12 18:37:18 - INFO - Epoch 57/1000, Loss: 0.8943, Dice: 0.8929, MSE: 0.0068
2025-07-12 18:39:29 - INFO - Epoch 58/1000, Loss: 0.8669, Dice: 0.8655, MSE: 0.0067
2025-07-12 18:41:41 - INFO - Epoch 59/1000, Loss: 0.8550, Dice: 0.8537, MSE: 0.0067
2025-07-12 18:43:52 - INFO - Epoch 60/1000, Loss: 0.8548, Dice: 0.8535, MSE: 0.0066
2025-07-12 18:43:53 - INFO - 模型已保存至: epoch_60.pth
2025-07-12 18:46:04 - INFO - Epoch 61/1000, Loss: 0.8592, Dice: 0.8579, MSE: 0.0066
2025-07-12 18:48:15 - INFO - Epoch 62/1000, Loss: 0.8561, Dice: 0.8548, MSE: 0.0068
2025-07-12 18:50:26 - INFO - Epoch 63/1000, Loss: 0.8470, Dice: 0.8457, MSE: 0.0065
2025-07-12 18:52:37 - INFO - Epoch 64/1000, Loss: 0.8410, Dice: 0.8396, MSE: 0.0067
2025-07-12 18:54:48 - INFO - Epoch 65/1000, Loss: 0.8341, Dice: 0.8328, MSE: 0.0065
2025-07-12 18:56:59 - INFO - Epoch 66/1000, Loss: 0.8377, Dice: 0.8364, MSE: 0.0065
2025-07-12 18:59:10 - INFO - Epoch 67/1000, Loss: 0.8279, Dice: 0.8267, MSE: 0.0064
2025-07-12 19:01:22 - INFO - Epoch 68/1000, Loss: 0.8199, Dice: 0.8186, MSE: 0.0065
2025-07-12 19:03:33 - INFO - Epoch 69/1000, Loss: 0.8267, Dice: 0.8254, MSE: 0.0065
2025-07-12 19:05:44 - INFO - Epoch 70/1000, Loss: 0.7867, Dice: 0.7854, MSE: 0.0064
2025-07-12 19:07:55 - INFO - Epoch 71/1000, Loss: 0.7924, Dice: 0.7911, MSE: 0.0066
2025-07-12 19:10:06 - INFO - Epoch 72/1000, Loss: 0.7939, Dice: 0.7926, MSE: 0.0064
2025-07-12 19:12:17 - INFO - Epoch 73/1000, Loss: 0.8098, Dice: 0.8085, MSE: 0.0066
2025-07-12 19:14:28 - INFO - Epoch 74/1000, Loss: 0.8064, Dice: 0.8051, MSE: 0.0065
2025-07-12 19:16:39 - INFO - Epoch 75/1000, Loss: 0.7799, Dice: 0.7787, MSE: 0.0064
2025-07-12 19:18:50 - INFO - Epoch 76/1000, Loss: 0.7654, Dice: 0.7641, MSE: 0.0065
2025-07-12 19:21:01 - INFO - Epoch 77/1000, Loss: 0.7482, Dice: 0.7469, MSE: 0.0065
2025-07-12 19:23:12 - INFO - Epoch 78/1000, Loss: 0.7833, Dice: 0.7820, MSE: 0.0066
2025-07-12 19:25:23 - INFO - Epoch 79/1000, Loss: 0.7404, Dice: 0.7391, MSE: 0.0064
2025-07-12 19:27:34 - INFO - Epoch 80/1000, Loss: 0.7260, Dice: 0.7247, MSE: 0.0065
2025-07-12 19:27:35 - INFO - 模型已保存至: epoch_80.pth
2025-07-12 19:29:46 - INFO - Epoch 81/1000, Loss: 0.7883, Dice: 0.7869, MSE: 0.0071
2025-07-12 19:31:57 - INFO - Epoch 82/1000, Loss: 0.7413, Dice: 0.7401, MSE: 0.0064
2025-07-12 19:34:08 - INFO - Epoch 83/1000, Loss: 0.7312, Dice: 0.7299, MSE: 0.0064
2025-07-12 19:36:19 - INFO - Epoch 84/1000, Loss: 0.7341, Dice: 0.7328, MSE: 0.0065
2025-07-12 19:38:30 - INFO - Epoch 85/1000, Loss: 0.7390, Dice: 0.7377, MSE: 0.0066
2025-07-12 19:40:41 - INFO - Epoch 86/1000, Loss: 0.7103, Dice: 0.7090, MSE: 0.0065
2025-07-12 19:42:52 - INFO - Epoch 87/1000, Loss: 0.7393, Dice: 0.7378, MSE: 0.0074
2025-07-12 19:45:03 - INFO - Epoch 88/1000, Loss: 0.7068, Dice: 0.7054, MSE: 0.0067
2025-07-12 19:47:14 - INFO - Epoch 89/1000, Loss: 0.7213, Dice: 0.7200, MSE: 0.0064
2025-07-12 19:49:25 - INFO - Epoch 90/1000, Loss: 0.7091, Dice: 0.7083, MSE: 0.0037
2025-07-12 19:51:35 - INFO - Epoch 91/1000, Loss: 0.6958, Dice: 0.6952, MSE: 0.0028
2025-07-12 19:53:46 - INFO - Epoch 92/1000, Loss: 0.6923, Dice: 0.6917, MSE: 0.0032
2025-07-12 19:55:57 - INFO - Epoch 93/1000, Loss: 0.6911, Dice: 0.6905, MSE: 0.0030
2025-07-12 19:58:08 - INFO - Epoch 94/1000, Loss: 0.6984, Dice: 0.6978, MSE: 0.0028
2025-07-12 20:00:19 - INFO - Epoch 95/1000, Loss: 0.6819, Dice: 0.6814, MSE: 0.0026
2025-07-12 20:02:30 - INFO - Epoch 96/1000, Loss: 0.6669, Dice: 0.6664, MSE: 0.0024
2025-07-12 20:04:41 - INFO - Epoch 97/1000, Loss: 0.7122, Dice: 0.7117, MSE: 0.0023
2025-07-12 20:06:52 - INFO - Epoch 98/1000, Loss: 0.6809, Dice: 0.6804, MSE: 0.0024
2025-07-12 20:09:03 - INFO - Epoch 99/1000, Loss: 0.6736, Dice: 0.6730, MSE: 0.0029
2025-07-12 20:11:14 - INFO - Epoch 100/1000, Loss: 0.6984, Dice: 0.6978, MSE: 0.0030
2025-07-12 20:11:16 - INFO - 模型已保存至: epoch_100.pth
2025-07-12 20:13:27 - INFO - Epoch 101/1000, Loss: 0.6760, Dice: 0.6756, MSE: 0.0024
2025-07-12 20:15:38 - INFO - Epoch 102/1000, Loss: 0.6496, Dice: 0.6491, MSE: 0.0024
2025-07-12 20:17:49 - INFO - Epoch 103/1000, Loss: 0.6187, Dice: 0.6182, MSE: 0.0024
2025-07-12 20:20:00 - INFO - Epoch 104/1000, Loss: 0.6629, Dice: 0.6624, MSE: 0.0022
2025-07-12 20:22:10 - INFO - Epoch 105/1000, Loss: 0.6442, Dice: 0.6437, MSE: 0.0024
2025-07-12 20:24:21 - INFO - Epoch 106/1000, Loss: 0.6855, Dice: 0.6851, MSE: 0.0024
2025-07-12 20:26:32 - INFO - Epoch 107/1000, Loss: 0.6696, Dice: 0.6691, MSE: 0.0025
2025-07-12 20:28:43 - INFO - Epoch 108/1000, Loss: 0.6755, Dice: 0.6749, MSE: 0.0028
2025-07-12 20:30:54 - INFO - Epoch 109/1000, Loss: 0.6329, Dice: 0.6324, MSE: 0.0025
2025-07-12 20:33:05 - INFO - Epoch 110/1000, Loss: 0.6560, Dice: 0.6555, MSE: 0.0024
2025-07-12 20:35:16 - INFO - Epoch 111/1000, Loss: 0.6316, Dice: 0.6311, MSE: 0.0024
2025-07-12 20:37:27 - INFO - Epoch 112/1000, Loss: 0.6567, Dice: 0.6562, MSE: 0.0026
2025-07-12 20:39:38 - INFO - Epoch 113/1000, Loss: 0.6186, Dice: 0.6181, MSE: 0.0024
2025-07-12 20:41:49 - INFO - Epoch 114/1000, Loss: 0.6609, Dice: 0.6604, MSE: 0.0023
2025-07-12 20:44:00 - INFO - Epoch 115/1000, Loss: 0.6192, Dice: 0.6187, MSE: 0.0024
2025-07-12 20:46:11 - INFO - Epoch 116/1000, Loss: 0.5850, Dice: 0.5845, MSE: 0.0023
2025-07-12 20:48:22 - INFO - Epoch 117/1000, Loss: 0.6156, Dice: 0.6151, MSE: 0.0024
2025-07-12 20:50:33 - INFO - Epoch 118/1000, Loss: 0.6347, Dice: 0.6342, MSE: 0.0027
2025-07-12 20:52:44 - INFO - Epoch 119/1000, Loss: 0.6217, Dice: 0.6213, MSE: 0.0024
2025-07-12 20:54:54 - INFO - Epoch 120/1000, Loss: 0.6057, Dice: 0.6052, MSE: 0.0024
2025-07-12 20:54:56 - INFO - 模型已保存至: epoch_120.pth
2025-07-12 20:57:07 - INFO - Epoch 121/1000, Loss: 0.5893, Dice: 0.5888, MSE: 0.0026
2025-07-12 20:59:18 - INFO - Epoch 122/1000, Loss: 0.6033, Dice: 0.6027, MSE: 0.0029
2025-07-12 21:01:29 - INFO - Epoch 123/1000, Loss: 0.6040, Dice: 0.6034, MSE: 0.0028
2025-07-12 21:03:40 - INFO - Epoch 124/1000, Loss: 0.5729, Dice: 0.5724, MSE: 0.0023
2025-07-12 21:05:50 - INFO - Epoch 125/1000, Loss: 0.5579, Dice: 0.5575, MSE: 0.0022
2025-07-12 21:08:01 - INFO - Epoch 126/1000, Loss: 0.6119, Dice: 0.6114, MSE: 0.0024
2025-07-12 21:10:12 - INFO - Epoch 127/1000, Loss: 0.6216, Dice: 0.6211, MSE: 0.0022
2025-07-12 21:12:23 - INFO - Epoch 128/1000, Loss: 0.5896, Dice: 0.5891, MSE: 0.0023
2025-07-12 21:14:34 - INFO - Epoch 129/1000, Loss: 0.5875, Dice: 0.5870, MSE: 0.0025
2025-07-12 21:16:45 - INFO - Epoch 130/1000, Loss: 0.5774, Dice: 0.5769, MSE: 0.0024
2025-07-12 21:18:56 - INFO - Epoch 131/1000, Loss: 0.5861, Dice: 0.5855, MSE: 0.0031
2025-07-12 21:21:07 - INFO - Epoch 132/1000, Loss: 0.5788, Dice: 0.5783, MSE: 0.0026
2025-07-12 21:23:18 - INFO - Epoch 133/1000, Loss: 0.5652, Dice: 0.5647, MSE: 0.0025
2025-07-12 21:25:28 - INFO - Epoch 134/1000, Loss: 0.5323, Dice: 0.5318, MSE: 0.0024
2025-07-12 21:27:39 - INFO - Epoch 135/1000, Loss: 0.5538, Dice: 0.5534, MSE: 0.0023
2025-07-12 21:29:50 - INFO - Epoch 136/1000, Loss: 0.5898, Dice: 0.5892, MSE: 0.0033
2025-07-12 21:32:01 - INFO - Epoch 137/1000, Loss: 0.5496, Dice: 0.5492, MSE: 0.0023
2025-07-12 21:34:12 - INFO - Epoch 138/1000, Loss: 0.5706, Dice: 0.5700, MSE: 0.0027
2025-07-12 21:36:23 - INFO - Epoch 139/1000, Loss: 0.5718, Dice: 0.5714, MSE: 0.0023
2025-07-12 21:38:34 - INFO - Epoch 140/1000, Loss: 0.5405, Dice: 0.5400, MSE: 0.0023
2025-07-12 21:38:36 - INFO - 模型已保存至: epoch_140.pth
2025-07-12 21:40:46 - INFO - Epoch 141/1000, Loss: 0.5780, Dice: 0.5775, MSE: 0.0024
2025-07-12 21:42:57 - INFO - Epoch 142/1000, Loss: 0.5754, Dice: 0.5749, MSE: 0.0024
2025-07-12 21:45:08 - INFO - Epoch 143/1000, Loss: 0.5480, Dice: 0.5475, MSE: 0.0024
2025-07-12 21:47:19 - INFO - Epoch 144/1000, Loss: 0.5619, Dice: 0.5615, MSE: 0.0023
2025-07-12 21:49:30 - INFO - Epoch 145/1000, Loss: 0.5302, Dice: 0.5297, MSE: 0.0027
2025-07-12 21:51:41 - INFO - Epoch 146/1000, Loss: 0.5161, Dice: 0.5156, MSE: 0.0024
2025-07-12 21:53:52 - INFO - Epoch 147/1000, Loss: 0.5546, Dice: 0.5541, MSE: 0.0025
2025-07-12 21:56:03 - INFO - Epoch 148/1000, Loss: 0.5651, Dice: 0.5646, MSE: 0.0023
2025-07-12 21:58:14 - INFO - Epoch 149/1000, Loss: 0.5541, Dice: 0.5537, MSE: 0.0023
2025-07-12 22:00:25 - INFO - Epoch 150/1000, Loss: 0.5708, Dice: 0.5701, MSE: 0.0034
2025-07-12 22:02:35 - INFO - Epoch 151/1000, Loss: 0.5189, Dice: 0.5184, MSE: 0.0023
2025-07-12 22:04:46 - INFO - Epoch 152/1000, Loss: 0.5526, Dice: 0.5521, MSE: 0.0024
2025-07-12 22:06:57 - INFO - Epoch 153/1000, Loss: 0.5159, Dice: 0.5154, MSE: 0.0025
2025-07-12 22:09:08 - INFO - Epoch 154/1000, Loss: 0.5051, Dice: 0.5046, MSE: 0.0024
2025-07-12 22:11:19 - INFO - Epoch 155/1000, Loss: 0.5945, Dice: 0.5938, MSE: 0.0034
2025-07-12 22:13:30 - INFO - Epoch 156/1000, Loss: 0.5446, Dice: 0.5441, MSE: 0.0022
2025-07-12 22:15:41 - INFO - Epoch 157/1000, Loss: 0.5364, Dice: 0.5358, MSE: 0.0030
2025-07-12 22:17:52 - INFO - Epoch 158/1000, Loss: 0.5379, Dice: 0.5374, MSE: 0.0024
2025-07-12 22:20:03 - INFO - Epoch 159/1000, Loss: 0.5209, Dice: 0.5204, MSE: 0.0026
2025-07-12 22:22:13 - INFO - Epoch 160/1000, Loss: 0.5110, Dice: 0.5105, MSE: 0.0024
2025-07-12 22:22:15 - INFO - 模型已保存至: epoch_160.pth
2025-07-12 22:24:26 - INFO - Epoch 161/1000, Loss: 0.5183, Dice: 0.5178, MSE: 0.0027
2025-07-12 22:26:37 - INFO - Epoch 162/1000, Loss: 0.5532, Dice: 0.5526, MSE: 0.0029
2025-07-12 22:28:48 - INFO - Epoch 163/1000, Loss: 0.5350, Dice: 0.5345, MSE: 0.0024
2025-07-12 22:30:59 - INFO - Epoch 164/1000, Loss: 0.5478, Dice: 0.5473, MSE: 0.0024
2025-07-12 22:33:10 - INFO - Epoch 165/1000, Loss: 0.5577, Dice: 0.5571, MSE: 0.0031
2025-07-12 22:35:21 - INFO - Epoch 166/1000, Loss: 0.5329, Dice: 0.5324, MSE: 0.0029
2025-07-12 22:37:32 - INFO - Epoch 167/1000, Loss: 0.5005, Dice: 0.5001, MSE: 0.0023
2025-07-12 22:39:43 - INFO - Epoch 168/1000, Loss: 0.5426, Dice: 0.5420, MSE: 0.0031
2025-07-12 22:41:53 - INFO - Epoch 169/1000, Loss: 0.4827, Dice: 0.4822, MSE: 0.0023
2025-07-12 22:44:04 - INFO - Epoch 170/1000, Loss: 0.4958, Dice: 0.4954, MSE: 0.0023
2025-07-12 22:46:15 - INFO - Epoch 171/1000, Loss: 0.5038, Dice: 0.5034, MSE: 0.0023
2025-07-12 22:48:26 - INFO - Epoch 172/1000, Loss: 0.5228, Dice: 0.5223, MSE: 0.0026
2025-07-12 22:50:37 - INFO - Epoch 173/1000, Loss: 0.5098, Dice: 0.5094, MSE: 0.0023
2025-07-12 22:52:48 - INFO - Epoch 174/1000, Loss: 0.5798, Dice: 0.5792, MSE: 0.0031
2025-07-12 22:54:59 - INFO - Epoch 175/1000, Loss: 0.5349, Dice: 0.5344, MSE: 0.0028
2025-07-12 22:57:10 - INFO - Epoch 176/1000, Loss: 0.5063, Dice: 0.5059, MSE: 0.0023
2025-07-12 22:59:21 - INFO - Epoch 177/1000, Loss: 0.5341, Dice: 0.5337, MSE: 0.0023
2025-07-12 23:01:31 - INFO - Epoch 178/1000, Loss: 0.5408, Dice: 0.5403, MSE: 0.0023
2025-07-12 23:03:42 - INFO - Epoch 179/1000, Loss: 0.5181, Dice: 0.5176, MSE: 0.0023
2025-07-12 23:05:53 - INFO - Epoch 180/1000, Loss: 0.5357, Dice: 0.5352, MSE: 0.0027
2025-07-12 23:05:55 - INFO - 模型已保存至: epoch_180.pth
2025-07-12 23:08:06 - INFO - Epoch 181/1000, Loss: 0.4715, Dice: 0.4710, MSE: 0.0024
2025-07-12 23:10:17 - INFO - Epoch 182/1000, Loss: 0.5056, Dice: 0.5051, MSE: 0.0024
2025-07-12 23:12:28 - INFO - Epoch 183/1000, Loss: 0.4928, Dice: 0.4923, MSE: 0.0025
2025-07-12 23:14:38 - INFO - Epoch 184/1000, Loss: 0.4829, Dice: 0.4824, MSE: 0.0023
2025-07-12 23:16:49 - INFO - Epoch 185/1000, Loss: 0.4902, Dice: 0.4898, MSE: 0.0023
2025-07-12 23:19:00 - INFO - Epoch 186/1000, Loss: 0.5283, Dice: 0.5278, MSE: 0.0026
2025-07-12 23:21:11 - INFO - Epoch 187/1000, Loss: 0.4938, Dice: 0.4934, MSE: 0.0023
2025-07-12 23:23:22 - INFO - Epoch 188/1000, Loss: 0.5235, Dice: 0.5230, MSE: 0.0026
2025-07-12 23:25:33 - INFO - Epoch 189/1000, Loss: 0.4911, Dice: 0.4906, MSE: 0.0026
2025-07-12 23:27:44 - INFO - Epoch 190/1000, Loss: 0.5061, Dice: 0.5056, MSE: 0.0024
2025-07-12 23:29:55 - INFO - Epoch 191/1000, Loss: 0.5048, Dice: 0.5043, MSE: 0.0025
2025-07-12 23:32:06 - INFO - Epoch 192/1000, Loss: 0.4854, Dice: 0.4849, MSE: 0.0024
2025-07-12 23:34:17 - INFO - Epoch 193/1000, Loss: 0.4765, Dice: 0.4760, MSE: 0.0024
2025-07-12 23:36:27 - INFO - Epoch 194/1000, Loss: 0.5031, Dice: 0.5026, MSE: 0.0024
2025-07-12 23:38:38 - INFO - Epoch 195/1000, Loss: 0.5080, Dice: 0.5074, MSE: 0.0027
2025-07-12 23:40:49 - INFO - Epoch 196/1000, Loss: 0.5203, Dice: 0.5196, MSE: 0.0034
2025-07-12 23:43:00 - INFO - Epoch 197/1000, Loss: 0.5128, Dice: 0.5124, MSE: 0.0024
2025-07-12 23:45:11 - INFO - Epoch 198/1000, Loss: 0.5313, Dice: 0.5307, MSE: 0.0027
2025-07-12 23:47:22 - INFO - Epoch 199/1000, Loss: 0.4768, Dice: 0.4763, MSE: 0.0023
2025-07-12 23:49:33 - INFO - Epoch 200/1000, Loss: 0.5302, Dice: 0.5297, MSE: 0.0024
2025-07-12 23:49:35 - INFO - 模型已保存至: epoch_200.pth
2025-07-12 23:51:46 - INFO - Epoch 201/1000, Loss: 0.5298, Dice: 0.5292, MSE: 0.0031
2025-07-12 23:53:56 - INFO - Epoch 202/1000, Loss: 0.4976, Dice: 0.4972, MSE: 0.0023
2025-07-12 23:56:07 - INFO - Epoch 203/1000, Loss: 0.4763, Dice: 0.4759, MSE: 0.0023
2025-07-12 23:58:18 - INFO - Epoch 204/1000, Loss: 0.4879, Dice: 0.4874, MSE: 0.0024
2025-07-13 00:00:29 - INFO - Epoch 205/1000, Loss: 0.4902, Dice: 0.4898, MSE: 0.0023
2025-07-13 00:02:40 - INFO - Epoch 206/1000, Loss: 0.4868, Dice: 0.4863, MSE: 0.0027
2025-07-13 00:04:51 - INFO - Epoch 207/1000, Loss: 0.4571, Dice: 0.4566, MSE: 0.0025
2025-07-13 00:07:02 - INFO - Epoch 208/1000, Loss: 0.4813, Dice: 0.4808, MSE: 0.0026
2025-07-13 00:09:13 - INFO - Epoch 209/1000, Loss: 0.5777, Dice: 0.5770, MSE: 0.0036
2025-07-13 00:11:24 - INFO - Epoch 210/1000, Loss: 0.4743, Dice: 0.4739, MSE: 0.0023
2025-07-13 00:13:35 - INFO - Epoch 211/1000, Loss: 0.5059, Dice: 0.5054, MSE: 0.0023
2025-07-13 00:15:46 - INFO - Epoch 212/1000, Loss: 0.4793, Dice: 0.4788, MSE: 0.0025
2025-07-13 00:17:57 - INFO - Epoch 213/1000, Loss: 0.4842, Dice: 0.4837, MSE: 0.0024
2025-07-13 00:20:08 - INFO - Epoch 214/1000, Loss: 0.4579, Dice: 0.4574, MSE: 0.0024
2025-07-13 00:22:18 - INFO - Epoch 215/1000, Loss: 0.4898, Dice: 0.4893, MSE: 0.0025
2025-07-13 00:24:29 - INFO - Epoch 216/1000, Loss: 0.4817, Dice: 0.4813, MSE: 0.0024
2025-07-13 00:26:40 - INFO - Epoch 217/1000, Loss: 0.4703, Dice: 0.4699, MSE: 0.0025
2025-07-13 00:28:51 - INFO - Epoch 218/1000, Loss: 0.5029, Dice: 0.5024, MSE: 0.0024
2025-07-13 00:31:02 - INFO - Epoch 219/1000, Loss: 0.4954, Dice: 0.4948, MSE: 0.0029
2025-07-13 00:33:13 - INFO - Epoch 220/1000, Loss: 0.4873, Dice: 0.4867, MSE: 0.0029
2025-07-13 00:33:14 - INFO - 模型已保存至: epoch_220.pth
2025-07-13 00:35:25 - INFO - Epoch 221/1000, Loss: 0.4785, Dice: 0.4780, MSE: 0.0025
2025-07-13 00:37:36 - INFO - Epoch 222/1000, Loss: 0.5086, Dice: 0.5080, MSE: 0.0030
2025-07-13 00:39:47 - INFO - Epoch 223/1000, Loss: 0.4819, Dice: 0.4814, MSE: 0.0025
2025-07-13 00:41:58 - INFO - Epoch 224/1000, Loss: 0.4610, Dice: 0.4605, MSE: 0.0027
2025-07-13 00:44:09 - INFO - Epoch 225/1000, Loss: 0.4958, Dice: 0.4952, MSE: 0.0029
2025-07-13 00:46:20 - INFO - Epoch 226/1000, Loss: 0.4919, Dice: 0.4914, MSE: 0.0025
2025-07-13 00:48:31 - INFO - Epoch 227/1000, Loss: 0.4948, Dice: 0.4942, MSE: 0.0031
2025-07-13 00:50:42 - INFO - Epoch 228/1000, Loss: 0.4847, Dice: 0.4842, MSE: 0.0026
2025-07-13 00:52:52 - INFO - Epoch 229/1000, Loss: 0.4870, Dice: 0.4863, MSE: 0.0031
2025-07-13 00:55:03 - INFO - Epoch 230/1000, Loss: 0.4797, Dice: 0.4792, MSE: 0.0023
2025-07-13 00:57:14 - INFO - Epoch 231/1000, Loss: 0.4645, Dice: 0.4640, MSE: 0.0025
2025-07-13 00:59:25 - INFO - Epoch 232/1000, Loss: 0.4616, Dice: 0.4611, MSE: 0.0023
2025-07-13 01:01:36 - INFO - Epoch 233/1000, Loss: 0.4759, Dice: 0.4754, MSE: 0.0025
2025-07-13 01:03:47 - INFO - Epoch 234/1000, Loss: 0.4575, Dice: 0.4570, MSE: 0.0023
2025-07-13 01:05:58 - INFO - Epoch 235/1000, Loss: 0.4854, Dice: 0.4849, MSE: 0.0025
2025-07-13 01:08:09 - INFO - Epoch 236/1000, Loss: 0.4624, Dice: 0.4618, MSE: 0.0030
2025-07-13 01:10:20 - INFO - Epoch 237/1000, Loss: 0.4831, Dice: 0.4825, MSE: 0.0028
2025-07-13 01:12:31 - INFO - Epoch 238/1000, Loss: 0.4662, Dice: 0.4657, MSE: 0.0025
2025-07-13 01:14:42 - INFO - Epoch 239/1000, Loss: 0.4947, Dice: 0.4942, MSE: 0.0025
2025-07-13 01:16:53 - INFO - Epoch 240/1000, Loss: 0.4508, Dice: 0.4503, MSE: 0.0025
2025-07-13 01:16:54 - INFO - 模型已保存至: epoch_240.pth
2025-07-13 01:19:05 - INFO - Epoch 241/1000, Loss: 0.4447, Dice: 0.4442, MSE: 0.0024
2025-07-13 01:21:16 - INFO - Epoch 242/1000, Loss: 0.4294, Dice: 0.4289, MSE: 0.0023
2025-07-13 01:23:28 - INFO - Epoch 243/1000, Loss: 0.4741, Dice: 0.4736, MSE: 0.0025
2025-07-13 01:25:39 - INFO - Epoch 244/1000, Loss: 0.4446, Dice: 0.4440, MSE: 0.0028
2025-07-13 01:27:50 - INFO - Epoch 245/1000, Loss: 0.4762, Dice: 0.4757, MSE: 0.0024
2025-07-13 01:30:01 - INFO - Epoch 246/1000, Loss: 0.4883, Dice: 0.4875, MSE: 0.0039
2025-07-13 01:32:12 - INFO - Epoch 247/1000, Loss: 0.4649, Dice: 0.4644, MSE: 0.0025
2025-07-13 01:34:23 - INFO - Epoch 248/1000, Loss: 0.4727, Dice: 0.4722, MSE: 0.0023
2025-07-13 01:36:34 - INFO - Epoch 249/1000, Loss: 0.4686, Dice: 0.4681, MSE: 0.0024
2025-07-13 01:38:45 - INFO - Epoch 250/1000, Loss: 0.4417, Dice: 0.4412, MSE: 0.0024
2025-07-13 01:40:56 - INFO - Epoch 251/1000, Loss: 0.4610, Dice: 0.4606, MSE: 0.0024
2025-07-13 01:43:07 - INFO - Epoch 252/1000, Loss: 0.4481, Dice: 0.4474, MSE: 0.0031
2025-07-13 01:45:18 - INFO - Epoch 253/1000, Loss: 0.4438, Dice: 0.4433, MSE: 0.0024
2025-07-13 01:47:29 - INFO - Epoch 254/1000, Loss: 0.4796, Dice: 0.4791, MSE: 0.0023
2025-07-13 01:49:40 - INFO - Epoch 255/1000, Loss: 0.4317, Dice: 0.4312, MSE: 0.0023
2025-07-13 01:51:50 - INFO - Epoch 256/1000, Loss: 0.4132, Dice: 0.4127, MSE: 0.0023
2025-07-13 01:54:01 - INFO - Epoch 257/1000, Loss: 0.4458, Dice: 0.4453, MSE: 0.0023
2025-07-13 01:56:12 - INFO - Epoch 258/1000, Loss: 0.4421, Dice: 0.4417, MSE: 0.0024
2025-07-13 01:58:23 - INFO - Epoch 259/1000, Loss: 0.4356, Dice: 0.4351, MSE: 0.0024
2025-07-13 02:00:34 - INFO - Epoch 260/1000, Loss: 0.4378, Dice: 0.4373, MSE: 0.0024
2025-07-13 02:00:36 - INFO - 模型已保存至: epoch_260.pth
2025-07-13 02:02:47 - INFO - Epoch 261/1000, Loss: 0.4382, Dice: 0.4377, MSE: 0.0024
2025-07-13 02:04:58 - INFO - Epoch 262/1000, Loss: 0.4545, Dice: 0.4540, MSE: 0.0024
2025-07-13 02:07:09 - INFO - Epoch 263/1000, Loss: 0.4450, Dice: 0.4445, MSE: 0.0025
2025-07-13 02:09:20 - INFO - Epoch 264/1000, Loss: 0.4407, Dice: 0.4402, MSE: 0.0023
2025-07-13 02:11:31 - INFO - Epoch 265/1000, Loss: 0.4627, Dice: 0.4620, MSE: 0.0036
2025-07-13 02:13:41 - INFO - Epoch 266/1000, Loss: 0.4357, Dice: 0.4352, MSE: 0.0024
2025-07-13 02:15:52 - INFO - Epoch 267/1000, Loss: 0.4509, Dice: 0.4504, MSE: 0.0024
2025-07-13 02:18:03 - INFO - Epoch 268/1000, Loss: 0.4594, Dice: 0.4590, MSE: 0.0024
2025-07-13 02:20:14 - INFO - Epoch 269/1000, Loss: 0.4766, Dice: 0.4761, MSE: 0.0025
2025-07-13 02:22:24 - INFO - Epoch 270/1000, Loss: 0.4488, Dice: 0.4484, MSE: 0.0023
2025-07-13 02:24:34 - INFO - Epoch 271/1000, Loss: 0.4865, Dice: 0.4857, MSE: 0.0038
2025-07-13 02:26:44 - INFO - Epoch 272/1000, Loss: 0.4370, Dice: 0.4365, MSE: 0.0024
2025-07-13 02:28:55 - INFO - Epoch 273/1000, Loss: 0.5002, Dice: 0.4994, MSE: 0.0042
2025-07-13 02:31:05 - INFO - Epoch 274/1000, Loss: 0.4322, Dice: 0.4317, MSE: 0.0023
2025-07-13 02:33:15 - INFO - Epoch 275/1000, Loss: 0.4273, Dice: 0.4268, MSE: 0.0024
2025-07-13 02:35:25 - INFO - Epoch 276/1000, Loss: 0.4168, Dice: 0.4162, MSE: 0.0026
2025-07-13 02:37:34 - INFO - Epoch 277/1000, Loss: 0.4310, Dice: 0.4305, MSE: 0.0027
2025-07-13 02:39:44 - INFO - Epoch 278/1000, Loss: 0.4601, Dice: 0.4596, MSE: 0.0023
2025-07-13 02:41:54 - INFO - Epoch 279/1000, Loss: 0.4456, Dice: 0.4451, MSE: 0.0025
2025-07-13 02:44:04 - INFO - Epoch 280/1000, Loss: 0.4523, Dice: 0.4518, MSE: 0.0022
2025-07-13 02:44:06 - INFO - 模型已保存至: epoch_280.pth
2025-07-13 02:46:15 - INFO - Epoch 281/1000, Loss: 0.4611, Dice: 0.4605, MSE: 0.0030
2025-07-13 02:48:25 - INFO - Epoch 282/1000, Loss: 0.4398, Dice: 0.4393, MSE: 0.0023
2025-07-13 02:50:35 - INFO - Epoch 283/1000, Loss: 0.4452, Dice: 0.4446, MSE: 0.0029
2025-07-13 02:52:44 - INFO - Epoch 284/1000, Loss: 0.4604, Dice: 0.4598, MSE: 0.0029
2025-07-13 02:54:54 - INFO - Epoch 285/1000, Loss: 0.4572, Dice: 0.4567, MSE: 0.0023
2025-07-13 02:57:03 - INFO - Epoch 286/1000, Loss: 0.4117, Dice: 0.4113, MSE: 0.0024
2025-07-13 02:59:13 - INFO - Epoch 287/1000, Loss: 0.4454, Dice: 0.4448, MSE: 0.0031
2025-07-13 03:01:22 - INFO - Epoch 288/1000, Loss: 0.4235, Dice: 0.4231, MSE: 0.0023
2025-07-13 03:03:32 - INFO - Epoch 289/1000, Loss: 0.4206, Dice: 0.4201, MSE: 0.0024
2025-07-13 03:05:41 - INFO - Epoch 290/1000, Loss: 0.4427, Dice: 0.4422, MSE: 0.0023
2025-07-13 03:07:51 - INFO - Epoch 291/1000, Loss: 0.4762, Dice: 0.4755, MSE: 0.0035
2025-07-13 03:10:00 - INFO - Epoch 292/1000, Loss: 0.4404, Dice: 0.4399, MSE: 0.0023
2025-07-13 03:12:10 - INFO - Epoch 293/1000, Loss: 0.4209, Dice: 0.4204, MSE: 0.0027
2025-07-13 03:14:19 - INFO - Epoch 294/1000, Loss: 0.4547, Dice: 0.4541, MSE: 0.0030
2025-07-13 03:16:29 - INFO - Epoch 295/1000, Loss: 0.4361, Dice: 0.4356, MSE: 0.0026
2025-07-13 03:18:38 - INFO - Epoch 296/1000, Loss: 0.4528, Dice: 0.4523, MSE: 0.0025
2025-07-13 03:20:47 - INFO - Epoch 297/1000, Loss: 0.4234, Dice: 0.4230, MSE: 0.0023
2025-07-13 03:22:57 - INFO - Epoch 298/1000, Loss: 0.4762, Dice: 0.4755, MSE: 0.0037
2025-07-13 03:25:06 - INFO - Epoch 299/1000, Loss: 0.4292, Dice: 0.4287, MSE: 0.0026
2025-07-13 03:27:16 - INFO - Epoch 300/1000, Loss: 0.4388, Dice: 0.4383, MSE: 0.0025
2025-07-13 03:27:17 - INFO - 模型已保存至: epoch_300.pth
2025-07-13 03:29:27 - INFO - Epoch 301/1000, Loss: 0.4188, Dice: 0.4183, MSE: 0.0024
2025-07-13 03:31:36 - INFO - Epoch 302/1000, Loss: 0.4649, Dice: 0.4642, MSE: 0.0036
2025-07-13 03:33:46 - INFO - Epoch 303/1000, Loss: 0.4588, Dice: 0.4582, MSE: 0.0032
2025-07-13 03:35:55 - INFO - Epoch 304/1000, Loss: 0.4424, Dice: 0.4419, MSE: 0.0024
2025-07-13 03:38:04 - INFO - Epoch 305/1000, Loss: 0.4673, Dice: 0.4667, MSE: 0.0033
2025-07-13 03:40:14 - INFO - Epoch 306/1000, Loss: 0.4166, Dice: 0.4161, MSE: 0.0024
2025-07-13 03:42:23 - INFO - Epoch 307/1000, Loss: 0.4202, Dice: 0.4198, MSE: 0.0024
2025-07-13 03:44:33 - INFO - Epoch 308/1000, Loss: 0.4284, Dice: 0.4279, MSE: 0.0024
2025-07-13 03:46:42 - INFO - Epoch 309/1000, Loss: 0.4267, Dice: 0.4262, MSE: 0.0026
2025-07-13 03:48:52 - INFO - Epoch 310/1000, Loss: 0.4694, Dice: 0.4689, MSE: 0.0025
2025-07-13 03:51:01 - INFO - Epoch 311/1000, Loss: 0.4453, Dice: 0.4448, MSE: 0.0026
2025-07-13 03:53:10 - INFO - Epoch 312/1000, Loss: 0.4786, Dice: 0.4778, MSE: 0.0037
2025-07-13 03:55:20 - INFO - Epoch 313/1000, Loss: 0.4524, Dice: 0.4518, MSE: 0.0032
2025-07-13 03:57:29 - INFO - Epoch 314/1000, Loss: 0.4362, Dice: 0.4356, MSE: 0.0029
2025-07-13 03:59:38 - INFO - Epoch 315/1000, Loss: 0.4599, Dice: 0.4594, MSE: 0.0023
2025-07-13 04:01:48 - INFO - Epoch 316/1000, Loss: 0.4475, Dice: 0.4470, MSE: 0.0024
2025-07-13 04:03:57 - INFO - Epoch 317/1000, Loss: 0.4164, Dice: 0.4160, MSE: 0.0023
2025-07-13 04:06:06 - INFO - Epoch 318/1000, Loss: 0.4447, Dice: 0.4442, MSE: 0.0026
2025-07-13 04:08:16 - INFO - Epoch 319/1000, Loss: 0.4241, Dice: 0.4236, MSE: 0.0024
2025-07-13 04:10:25 - INFO - Epoch 320/1000, Loss: 0.4609, Dice: 0.4603, MSE: 0.0033
2025-07-13 04:10:26 - INFO - 模型已保存至: epoch_320.pth
2025-07-13 04:12:36 - INFO - Epoch 321/1000, Loss: 0.4315, Dice: 0.4310, MSE: 0.0027
2025-07-13 04:14:45 - INFO - Epoch 322/1000, Loss: 0.4130, Dice: 0.4125, MSE: 0.0024
2025-07-13 04:16:54 - INFO - Epoch 323/1000, Loss: 0.3946, Dice: 0.3942, MSE: 0.0023
2025-07-13 04:19:03 - INFO - Epoch 324/1000, Loss: 0.4104, Dice: 0.4100, MSE: 0.0023
2025-07-13 04:21:13 - INFO - Epoch 325/1000, Loss: 0.4273, Dice: 0.4268, MSE: 0.0026
2025-07-13 04:23:22 - INFO - Epoch 326/1000, Loss: 0.4039, Dice: 0.4034, MSE: 0.0023
2025-07-13 04:25:31 - INFO - Epoch 327/1000, Loss: 0.4119, Dice: 0.4114, MSE: 0.0025
2025-07-13 04:27:41 - INFO - Epoch 328/1000, Loss: 0.4416, Dice: 0.4411, MSE: 0.0024
2025-07-13 04:29:50 - INFO - Epoch 329/1000, Loss: 0.4366, Dice: 0.4360, MSE: 0.0031
2025-07-13 04:31:59 - INFO - Epoch 330/1000, Loss: 0.3965, Dice: 0.3961, MSE: 0.0023
2025-07-13 04:34:08 - INFO - Epoch 331/1000, Loss: 0.4332, Dice: 0.4328, MSE: 0.0023
2025-07-13 04:36:18 - INFO - Epoch 332/1000, Loss: 0.4273, Dice: 0.4268, MSE: 0.0024
2025-07-13 04:38:27 - INFO - Epoch 333/1000, Loss: 0.4567, Dice: 0.4561, MSE: 0.0033
2025-07-13 04:40:36 - INFO - Epoch 334/1000, Loss: 0.4314, Dice: 0.4309, MSE: 0.0025
2025-07-13 04:42:46 - INFO - Epoch 335/1000, Loss: 0.4341, Dice: 0.4335, MSE: 0.0032
2025-07-13 04:44:55 - INFO - Epoch 336/1000, Loss: 0.4385, Dice: 0.4379, MSE: 0.0028
2025-07-13 04:47:04 - INFO - Epoch 337/1000, Loss: 0.3806, Dice: 0.3801, MSE: 0.0024
2025-07-13 04:49:14 - INFO - Epoch 338/1000, Loss: 0.4077, Dice: 0.4072, MSE: 0.0025
2025-07-13 04:51:23 - INFO - Epoch 339/1000, Loss: 0.4044, Dice: 0.4039, MSE: 0.0023
2025-07-13 04:53:32 - INFO - Epoch 340/1000, Loss: 0.4308, Dice: 0.4304, MSE: 0.0023
2025-07-13 04:53:34 - INFO - 模型已保存至: epoch_340.pth
2025-07-13 04:55:43 - INFO - Epoch 341/1000, Loss: 0.4052, Dice: 0.4046, MSE: 0.0029
2025-07-13 04:57:52 - INFO - Epoch 342/1000, Loss: 0.4401, Dice: 0.4396, MSE: 0.0026
2025-07-13 05:00:02 - INFO - Epoch 343/1000, Loss: 0.4471, Dice: 0.4465, MSE: 0.0029
2025-07-13 05:02:11 - INFO - Epoch 344/1000, Loss: 0.4610, Dice: 0.4603, MSE: 0.0037
2025-07-13 05:04:20 - INFO - Epoch 345/1000, Loss: 0.3977, Dice: 0.3972, MSE: 0.0023
2025-07-13 05:06:30 - INFO - Epoch 346/1000, Loss: 0.4083, Dice: 0.4078, MSE: 0.0023
2025-07-13 05:08:39 - INFO - Epoch 347/1000, Loss: 0.4515, Dice: 0.4510, MSE: 0.0028
2025-07-13 05:10:48 - INFO - Epoch 348/1000, Loss: 0.3982, Dice: 0.3977, MSE: 0.0024
2025-07-13 05:12:57 - INFO - Epoch 349/1000, Loss: 0.4333, Dice: 0.4328, MSE: 0.0025
2025-07-13 05:15:06 - INFO - Epoch 350/1000, Loss: 0.4094, Dice: 0.4089, MSE: 0.0025
2025-07-13 05:17:16 - INFO - Epoch 351/1000, Loss: 0.4151, Dice: 0.4144, MSE: 0.0035
2025-07-13 05:19:25 - INFO - Epoch 352/1000, Loss: 0.4487, Dice: 0.4482, MSE: 0.0023
2025-07-13 05:21:34 - INFO - Epoch 353/1000, Loss: 0.4161, Dice: 0.4156, MSE: 0.0024
2025-07-13 05:23:44 - INFO - Epoch 354/1000, Loss: 0.4314, Dice: 0.4309, MSE: 0.0025
2025-07-13 05:25:53 - INFO - Epoch 355/1000, Loss: 0.4126, Dice: 0.4120, MSE: 0.0031
2025-07-13 05:28:02 - INFO - Epoch 356/1000, Loss: 0.4628, Dice: 0.4622, MSE: 0.0028
2025-07-13 05:30:11 - INFO - Epoch 357/1000, Loss: 0.4134, Dice: 0.4128, MSE: 0.0031
2025-07-13 05:32:21 - INFO - Epoch 358/1000, Loss: 0.3988, Dice: 0.3983, MSE: 0.0024
2025-07-13 05:34:30 - INFO - Epoch 359/1000, Loss: 0.4187, Dice: 0.4181, MSE: 0.0030
2025-07-13 05:36:39 - INFO - Epoch 360/1000, Loss: 0.4156, Dice: 0.4151, MSE: 0.0026
2025-07-13 05:36:41 - INFO - 模型已保存至: epoch_360.pth
2025-07-13 05:38:50 - INFO - Epoch 361/1000, Loss: 0.4343, Dice: 0.4336, MSE: 0.0032
2025-07-13 05:40:59 - INFO - Epoch 362/1000, Loss: 0.4390, Dice: 0.4385, MSE: 0.0025
2025-07-13 05:43:09 - INFO - Epoch 363/1000, Loss: 0.4217, Dice: 0.4212, MSE: 0.0023
2025-07-13 05:45:18 - INFO - Epoch 364/1000, Loss: 0.4140, Dice: 0.4135, MSE: 0.0024
2025-07-13 05:47:27 - INFO - Epoch 365/1000, Loss: 0.4409, Dice: 0.4403, MSE: 0.0029
2025-07-13 05:49:36 - INFO - Epoch 366/1000, Loss: 0.4307, Dice: 0.4300, MSE: 0.0033
2025-07-13 05:51:45 - INFO - Epoch 367/1000, Loss: 0.4381, Dice: 0.4376, MSE: 0.0023
2025-07-13 05:53:55 - INFO - Epoch 368/1000, Loss: 0.4001, Dice: 0.3996, MSE: 0.0025
2025-07-13 05:56:04 - INFO - Epoch 369/1000, Loss: 0.4342, Dice: 0.4337, MSE: 0.0024
2025-07-13 05:58:13 - INFO - Epoch 370/1000, Loss: 0.4312, Dice: 0.4307, MSE: 0.0026
2025-07-13 06:00:22 - INFO - Epoch 371/1000, Loss: 0.4254, Dice: 0.4249, MSE: 0.0026
2025-07-13 06:02:32 - INFO - Epoch 372/1000, Loss: 0.4159, Dice: 0.4152, MSE: 0.0031
2025-07-13 06:04:41 - INFO - Epoch 373/1000, Loss: 0.4348, Dice: 0.4343, MSE: 0.0026
2025-07-13 06:06:50 - INFO - Epoch 374/1000, Loss: 0.4197, Dice: 0.4192, MSE: 0.0023
2025-07-13 06:08:59 - INFO - Epoch 375/1000, Loss: 0.4400, Dice: 0.4393, MSE: 0.0033
2025-07-13 06:11:08 - INFO - Epoch 376/1000, Loss: 0.3893, Dice: 0.3888, MSE: 0.0024
2025-07-13 06:13:18 - INFO - Epoch 377/1000, Loss: 0.3933, Dice: 0.3928, MSE: 0.0025
2025-07-13 06:15:27 - INFO - Epoch 378/1000, Loss: 0.4268, Dice: 0.4263, MSE: 0.0025
2025-07-13 06:17:36 - INFO - Epoch 379/1000, Loss: 0.4314, Dice: 0.4307, MSE: 0.0031
2025-07-13 06:19:45 - INFO - Epoch 380/1000, Loss: 0.4161, Dice: 0.4157, MSE: 0.0024
2025-07-13 06:19:47 - INFO - 模型已保存至: epoch_380.pth
2025-07-13 06:21:56 - INFO - Epoch 381/1000, Loss: 0.3932, Dice: 0.3927, MSE: 0.0025
2025-07-13 06:24:06 - INFO - Epoch 382/1000, Loss: 0.4553, Dice: 0.4548, MSE: 0.0026
2025-07-13 06:26:15 - INFO - Epoch 383/1000, Loss: 0.4332, Dice: 0.4326, MSE: 0.0029
2025-07-13 06:28:24 - INFO - Epoch 384/1000, Loss: 0.4189, Dice: 0.4183, MSE: 0.0032
2025-07-13 06:30:33 - INFO - Epoch 385/1000, Loss: 0.4746, Dice: 0.4740, MSE: 0.0030
2025-07-13 06:32:42 - INFO - Epoch 386/1000, Loss: 0.4239, Dice: 0.4235, MSE: 0.0025
2025-07-13 06:34:52 - INFO - Epoch 387/1000, Loss: 0.4223, Dice: 0.4217, MSE: 0.0032
2025-07-13 06:37:01 - INFO - Epoch 388/1000, Loss: 0.4167, Dice: 0.4162, MSE: 0.0023
2025-07-13 06:39:10 - INFO - Epoch 389/1000, Loss: 0.4369, Dice: 0.4362, MSE: 0.0032
2025-07-13 06:41:19 - INFO - Epoch 390/1000, Loss: 0.4159, Dice: 0.4155, MSE: 0.0023
2025-07-13 06:43:29 - INFO - Epoch 391/1000, Loss: 0.4042, Dice: 0.4036, MSE: 0.0029
2025-07-13 06:45:38 - INFO - Epoch 392/1000, Loss: 0.4167, Dice: 0.4162, MSE: 0.0026
2025-07-13 06:47:47 - INFO - Epoch 393/1000, Loss: 0.3903, Dice: 0.3898, MSE: 0.0024
2025-07-13 06:49:56 - INFO - Epoch 394/1000, Loss: 0.3946, Dice: 0.3941, MSE: 0.0025
2025-07-13 06:52:06 - INFO - Epoch 395/1000, Loss: 0.4116, Dice: 0.4111, MSE: 0.0023
2025-07-13 06:54:15 - INFO - Epoch 396/1000, Loss: 0.4740, Dice: 0.4734, MSE: 0.0032
2025-07-13 06:56:24 - INFO - Epoch 397/1000, Loss: 0.4505, Dice: 0.4498, MSE: 0.0035
2025-07-13 06:58:33 - INFO - Epoch 398/1000, Loss: 0.4129, Dice: 0.4123, MSE: 0.0031
2025-07-13 07:00:43 - INFO - Epoch 399/1000, Loss: 0.4032, Dice: 0.4027, MSE: 0.0024
2025-07-13 07:02:52 - INFO - Epoch 400/1000, Loss: 0.3731, Dice: 0.3726, MSE: 0.0024
2025-07-13 07:02:53 - INFO - 模型已保存至: epoch_400.pth
2025-07-13 07:05:03 - INFO - Epoch 401/1000, Loss: 0.3739, Dice: 0.3734, MSE: 0.0024
2025-07-13 07:07:12 - INFO - Epoch 402/1000, Loss: 0.4070, Dice: 0.4066, MSE: 0.0024
2025-07-13 07:09:21 - INFO - Epoch 403/1000, Loss: 0.3881, Dice: 0.3876, MSE: 0.0024
2025-07-13 07:11:31 - INFO - Epoch 404/1000, Loss: 0.4001, Dice: 0.3996, MSE: 0.0026
2025-07-13 07:13:40 - INFO - Epoch 405/1000, Loss: 0.4126, Dice: 0.4121, MSE: 0.0024
2025-07-13 07:15:49 - INFO - Epoch 406/1000, Loss: 0.4030, Dice: 0.4025, MSE: 0.0024
2025-07-13 07:17:59 - INFO - Epoch 407/1000, Loss: 0.3779, Dice: 0.3775, MSE: 0.0024
2025-07-13 07:20:08 - INFO - Epoch 408/1000, Loss: 0.4018, Dice: 0.4012, MSE: 0.0027
2025-07-13 07:22:17 - INFO - Epoch 409/1000, Loss: 0.4021, Dice: 0.4015, MSE: 0.0025
2025-07-13 07:24:26 - INFO - Epoch 410/1000, Loss: 0.3889, Dice: 0.3884, MSE: 0.0024
2025-07-13 07:26:36 - INFO - Epoch 411/1000, Loss: 0.4730, Dice: 0.4724, MSE: 0.0033
2025-07-13 07:28:45 - INFO - Epoch 412/1000, Loss: 0.3997, Dice: 0.3992, MSE: 0.0025
2025-07-13 07:30:54 - INFO - Epoch 413/1000, Loss: 0.3915, Dice: 0.3910, MSE: 0.0026
2025-07-13 07:33:03 - INFO - Epoch 414/1000, Loss: 0.4099, Dice: 0.4094, MSE: 0.0023
2025-07-13 07:35:13 - INFO - Epoch 415/1000, Loss: 0.4430, Dice: 0.4424, MSE: 0.0034
2025-07-13 07:37:22 - INFO - Epoch 416/1000, Loss: 0.4130, Dice: 0.4124, MSE: 0.0026
2025-07-13 07:39:31 - INFO - Epoch 417/1000, Loss: 0.4034, Dice: 0.4030, MSE: 0.0023
2025-07-13 07:41:41 - INFO - Epoch 418/1000, Loss: 0.4349, Dice: 0.4342, MSE: 0.0032
2025-07-13 07:43:50 - INFO - Epoch 419/1000, Loss: 0.3868, Dice: 0.3863, MSE: 0.0026
2025-07-13 07:45:59 - INFO - Epoch 420/1000, Loss: 0.3742, Dice: 0.3738, MSE: 0.0024
2025-07-13 07:46:01 - INFO - 模型已保存至: epoch_420.pth
2025-07-13 07:48:10 - INFO - Epoch 421/1000, Loss: 0.4329, Dice: 0.4323, MSE: 0.0026
2025-07-13 07:50:19 - INFO - Epoch 422/1000, Loss: 0.3996, Dice: 0.3991, MSE: 0.0024
2025-07-13 07:52:28 - INFO - Epoch 423/1000, Loss: 0.4060, Dice: 0.4054, MSE: 0.0031
2025-07-13 07:54:38 - INFO - Epoch 424/1000, Loss: 0.3812, Dice: 0.3806, MSE: 0.0029
2025-07-13 07:56:47 - INFO - Epoch 425/1000, Loss: 0.4230, Dice: 0.4224, MSE: 0.0032
2025-07-13 07:58:56 - INFO - Epoch 426/1000, Loss: 0.4202, Dice: 0.4197, MSE: 0.0023
2025-07-13 08:01:06 - INFO - Epoch 427/1000, Loss: 0.3827, Dice: 0.3822, MSE: 0.0024
2025-07-13 08:03:15 - INFO - Epoch 428/1000, Loss: 0.4015, Dice: 0.4010, MSE: 0.0027
2025-07-13 08:05:24 - INFO - Epoch 429/1000, Loss: 0.3843, Dice: 0.3838, MSE: 0.0024
2025-07-13 08:07:33 - INFO - Epoch 430/1000, Loss: 0.4086, Dice: 0.4081, MSE: 0.0025
2025-07-13 08:09:43 - INFO - Epoch 431/1000, Loss: 0.3847, Dice: 0.3842, MSE: 0.0023
2025-07-13 08:11:52 - INFO - Epoch 432/1000, Loss: 0.4228, Dice: 0.4223, MSE: 0.0024
2025-07-13 08:14:01 - INFO - Epoch 433/1000, Loss: 0.4321, Dice: 0.4316, MSE: 0.0024
2025-07-13 08:16:11 - INFO - Epoch 434/1000, Loss: 0.4135, Dice: 0.4130, MSE: 0.0026
2025-07-13 08:18:20 - INFO - Epoch 435/1000, Loss: 0.3747, Dice: 0.3742, MSE: 0.0026
2025-07-13 08:20:29 - INFO - Epoch 436/1000, Loss: 0.3892, Dice: 0.3887, MSE: 0.0024
2025-07-13 08:22:38 - INFO - Epoch 437/1000, Loss: 0.3935, Dice: 0.3930, MSE: 0.0023
2025-07-13 08:24:47 - INFO - Epoch 438/1000, Loss: 0.4078, Dice: 0.4073, MSE: 0.0025
2025-07-13 08:26:57 - INFO - Epoch 439/1000, Loss: 0.4329, Dice: 0.4324, MSE: 0.0028
2025-07-13 08:29:06 - INFO - Epoch 440/1000, Loss: 0.3658, Dice: 0.3653, MSE: 0.0028
2025-07-13 08:29:08 - INFO - 模型已保存至: epoch_440.pth
2025-07-13 08:31:17 - INFO - Epoch 441/1000, Loss: 0.3846, Dice: 0.3841, MSE: 0.0025
2025-07-13 08:33:26 - INFO - Epoch 442/1000, Loss: 0.3952, Dice: 0.3947, MSE: 0.0023
2025-07-13 08:35:35 - INFO - Epoch 443/1000, Loss: 0.3586, Dice: 0.3581, MSE: 0.0023
2025-07-13 08:37:45 - INFO - Epoch 444/1000, Loss: 0.3816, Dice: 0.3811, MSE: 0.0024
2025-07-13 08:39:54 - INFO - Epoch 445/1000, Loss: 0.3906, Dice: 0.3901, MSE: 0.0024
2025-07-13 08:42:03 - INFO - Epoch 446/1000, Loss: 0.4113, Dice: 0.4108, MSE: 0.0024
2025-07-13 08:44:13 - INFO - Epoch 447/1000, Loss: 0.4342, Dice: 0.4336, MSE: 0.0032
2025-07-13 08:46:22 - INFO - Epoch 448/1000, Loss: 0.3872, Dice: 0.3867, MSE: 0.0023
2025-07-13 08:48:31 - INFO - Epoch 449/1000, Loss: 0.3967, Dice: 0.3962, MSE: 0.0026
2025-07-13 08:50:40 - INFO - Epoch 450/1000, Loss: 0.4062, Dice: 0.4056, MSE: 0.0026
2025-07-13 08:52:49 - INFO - Epoch 451/1000, Loss: 0.4192, Dice: 0.4187, MSE: 0.0028
2025-07-13 08:54:59 - INFO - Epoch 452/1000, Loss: 0.4206, Dice: 0.4200, MSE: 0.0033
2025-07-13 08:57:08 - INFO - Epoch 453/1000, Loss: 0.4412, Dice: 0.4405, MSE: 0.0032
2025-07-13 08:59:17 - INFO - Epoch 454/1000, Loss: 0.3960, Dice: 0.3955, MSE: 0.0025
2025-07-13 09:01:26 - INFO - Epoch 455/1000, Loss: 0.4065, Dice: 0.4060, MSE: 0.0023
2025-07-13 09:03:36 - INFO - Epoch 456/1000, Loss: 0.3853, Dice: 0.3848, MSE: 0.0024
2025-07-13 09:05:45 - INFO - Epoch 457/1000, Loss: 0.4079, Dice: 0.4075, MSE: 0.0024
2025-07-13 09:07:54 - INFO - Epoch 458/1000, Loss: 0.3976, Dice: 0.3972, MSE: 0.0024
2025-07-13 09:10:03 - INFO - Epoch 459/1000, Loss: 0.3983, Dice: 0.3977, MSE: 0.0029
2025-07-13 09:12:13 - INFO - Epoch 460/1000, Loss: 0.4227, Dice: 0.4220, MSE: 0.0035
2025-07-13 09:12:14 - INFO - 模型已保存至: epoch_460.pth
2025-07-13 09:14:23 - INFO - Epoch 461/1000, Loss: 0.3943, Dice: 0.3937, MSE: 0.0026
2025-07-13 09:16:33 - INFO - Epoch 462/1000, Loss: 0.3713, Dice: 0.3708, MSE: 0.0025
2025-07-13 09:18:42 - INFO - Epoch 463/1000, Loss: 0.3868, Dice: 0.3863, MSE: 0.0023
2025-07-13 09:20:51 - INFO - Epoch 464/1000, Loss: 0.4249, Dice: 0.4244, MSE: 0.0024
2025-07-13 09:23:00 - INFO - Epoch 465/1000, Loss: 0.4216, Dice: 0.4210, MSE: 0.0031
2025-07-13 09:25:09 - INFO - Epoch 466/1000, Loss: 0.3752, Dice: 0.3748, MSE: 0.0024
2025-07-13 09:27:19 - INFO - Epoch 467/1000, Loss: 0.4029, Dice: 0.4024, MSE: 0.0024
2025-07-13 09:29:28 - INFO - Epoch 468/1000, Loss: 0.4132, Dice: 0.4128, MSE: 0.0023
2025-07-13 09:31:37 - INFO - Epoch 469/1000, Loss: 0.3720, Dice: 0.3716, MSE: 0.0024
2025-07-13 09:33:46 - INFO - Epoch 470/1000, Loss: 0.4213, Dice: 0.4207, MSE: 0.0029
2025-07-13 09:35:56 - INFO - Epoch 471/1000, Loss: 0.3852, Dice: 0.3847, MSE: 0.0024
2025-07-13 09:38:05 - INFO - Epoch 472/1000, Loss: 0.3904, Dice: 0.3899, MSE: 0.0024
2025-07-13 09:40:14 - INFO - Epoch 473/1000, Loss: 0.3818, Dice: 0.3813, MSE: 0.0024
2025-07-13 09:42:24 - INFO - Epoch 474/1000, Loss: 0.3942, Dice: 0.3936, MSE: 0.0027
2025-07-13 09:44:33 - INFO - Epoch 475/1000, Loss: 0.4273, Dice: 0.4267, MSE: 0.0029
2025-07-13 09:46:42 - INFO - Epoch 476/1000, Loss: 0.3802, Dice: 0.3798, MSE: 0.0024
2025-07-13 09:48:51 - INFO - Epoch 477/1000, Loss: 0.4194, Dice: 0.4189, MSE: 0.0024
2025-07-13 09:51:00 - INFO - Epoch 478/1000, Loss: 0.4289, Dice: 0.4284, MSE: 0.0025
2025-07-13 09:53:10 - INFO - Epoch 479/1000, Loss: 0.4067, Dice: 0.4062, MSE: 0.0023
2025-07-13 09:55:19 - INFO - Epoch 480/1000, Loss: 0.3989, Dice: 0.3985, MSE: 0.0024
2025-07-13 09:55:21 - INFO - 模型已保存至: epoch_480.pth
2025-07-13 09:57:30 - INFO - Epoch 481/1000, Loss: 0.4040, Dice: 0.4033, MSE: 0.0033
2025-07-13 09:59:39 - INFO - Epoch 482/1000, Loss: 0.4299, Dice: 0.4291, MSE: 0.0037
2025-07-13 10:01:48 - INFO - Epoch 483/1000, Loss: 0.3825, Dice: 0.3820, MSE: 0.0025
2025-07-13 10:03:58 - INFO - Epoch 484/1000, Loss: 0.3825, Dice: 0.3820, MSE: 0.0025
2025-07-13 10:06:07 - INFO - Epoch 485/1000, Loss: 0.3961, Dice: 0.3956, MSE: 0.0026
2025-07-13 10:08:16 - INFO - Epoch 486/1000, Loss: 0.4351, Dice: 0.4347, MSE: 0.0023
2025-07-13 10:10:25 - INFO - Epoch 487/1000, Loss: 0.3931, Dice: 0.3927, MSE: 0.0024
2025-07-13 10:12:35 - INFO - Epoch 488/1000, Loss: 0.3615, Dice: 0.3610, MSE: 0.0023
2025-07-13 10:14:44 - INFO - Epoch 489/1000, Loss: 0.4132, Dice: 0.4125, MSE: 0.0034
2025-07-13 10:16:53 - INFO - Epoch 490/1000, Loss: 0.3957, Dice: 0.3952, MSE: 0.0026
2025-07-13 10:19:02 - INFO - Epoch 491/1000, Loss: 0.3915, Dice: 0.3911, MSE: 0.0023
2025-07-13 10:21:12 - INFO - Epoch 492/1000, Loss: 0.4033, Dice: 0.4026, MSE: 0.0032
2025-07-13 10:23:21 - INFO - Epoch 493/1000, Loss: 0.3968, Dice: 0.3964, MSE: 0.0025
2025-07-13 10:25:30 - INFO - Epoch 494/1000, Loss: 0.3932, Dice: 0.3926, MSE: 0.0028
2025-07-13 10:27:39 - INFO - Epoch 495/1000, Loss: 0.4081, Dice: 0.4076, MSE: 0.0026
2025-07-13 10:29:49 - INFO - Epoch 496/1000, Loss: 0.3818, Dice: 0.3813, MSE: 0.0023
2025-07-13 10:31:58 - INFO - Epoch 497/1000, Loss: 0.3907, Dice: 0.3902, MSE: 0.0024
2025-07-13 10:34:07 - INFO - Epoch 498/1000, Loss: 0.3631, Dice: 0.3627, MSE: 0.0024
2025-07-13 10:36:16 - INFO - Epoch 499/1000, Loss: 0.3801, Dice: 0.3796, MSE: 0.0025
2025-07-13 10:38:26 - INFO - Epoch 500/1000, Loss: 0.3649, Dice: 0.3644, MSE: 0.0026
2025-07-13 10:38:27 - INFO - 模型已保存至: epoch_500.pth
2025-07-13 10:40:36 - INFO - Epoch 501/1000, Loss: 0.3627, Dice: 0.3622, MSE: 0.0024
2025-07-13 10:42:45 - INFO - Epoch 502/1000, Loss: 0.3896, Dice: 0.3890, MSE: 0.0030
2025-07-13 10:44:55 - INFO - Epoch 503/1000, Loss: 0.4093, Dice: 0.4087, MSE: 0.0026
2025-07-13 10:47:04 - INFO - Epoch 504/1000, Loss: 0.3713, Dice: 0.3708, MSE: 0.0024
2025-07-13 10:49:14 - INFO - Epoch 505/1000, Loss: 0.3960, Dice: 0.3956, MSE: 0.0024
2025-07-13 10:51:23 - INFO - Epoch 506/1000, Loss: 0.3970, Dice: 0.3965, MSE: 0.0024
2025-07-13 10:53:33 - INFO - Epoch 507/1000, Loss: 0.3879, Dice: 0.3875, MSE: 0.0024
2025-07-13 10:55:42 - INFO - Epoch 508/1000, Loss: 0.3736, Dice: 0.3731, MSE: 0.0024
2025-07-13 10:57:52 - INFO - Epoch 509/1000, Loss: 0.3756, Dice: 0.3751, MSE: 0.0023
2025-07-13 11:00:01 - INFO - Epoch 510/1000, Loss: 0.3972, Dice: 0.3967, MSE: 0.0027
2025-07-13 11:02:11 - INFO - Epoch 511/1000, Loss: 0.4202, Dice: 0.4195, MSE: 0.0030
2025-07-13 11:04:21 - INFO - Epoch 512/1000, Loss: 0.3779, Dice: 0.3775, MSE: 0.0024
2025-07-13 11:06:31 - INFO - Epoch 513/1000, Loss: 0.3682, Dice: 0.3677, MSE: 0.0023
2025-07-13 11:08:40 - INFO - Epoch 514/1000, Loss: 0.4045, Dice: 0.4040, MSE: 0.0024
2025-07-13 11:10:50 - INFO - Epoch 515/1000, Loss: 0.3590, Dice: 0.3585, MSE: 0.0023
2025-07-13 11:13:00 - INFO - Epoch 516/1000, Loss: 0.3734, Dice: 0.3729, MSE: 0.0025
2025-07-13 11:15:10 - INFO - Epoch 517/1000, Loss: 0.3904, Dice: 0.3897, MSE: 0.0030
2025-07-13 11:17:20 - INFO - Epoch 518/1000, Loss: 0.3964, Dice: 0.3959, MSE: 0.0025
2025-07-13 11:19:30 - INFO - Epoch 519/1000, Loss: 0.3632, Dice: 0.3627, MSE: 0.0023
2025-07-13 11:21:40 - INFO - Epoch 520/1000, Loss: 0.3893, Dice: 0.3888, MSE: 0.0028
2025-07-13 11:21:41 - INFO - 模型已保存至: epoch_520.pth
2025-07-13 11:23:51 - INFO - Epoch 521/1000, Loss: 0.3859, Dice: 0.3853, MSE: 0.0029
2025-07-13 11:26:01 - INFO - Epoch 522/1000, Loss: 0.3821, Dice: 0.3816, MSE: 0.0024
2025-07-13 11:28:11 - INFO - Epoch 523/1000, Loss: 0.3860, Dice: 0.3855, MSE: 0.0024
2025-07-13 11:30:21 - INFO - Epoch 524/1000, Loss: 0.3891, Dice: 0.3885, MSE: 0.0028
2025-07-13 11:32:31 - INFO - Epoch 525/1000, Loss: 0.4172, Dice: 0.4167, MSE: 0.0028
2025-07-13 11:34:41 - INFO - Epoch 526/1000, Loss: 0.4004, Dice: 0.3998, MSE: 0.0033
2025-07-13 11:36:51 - INFO - Epoch 527/1000, Loss: 0.3758, Dice: 0.3753, MSE: 0.0024
2025-07-13 11:39:01 - INFO - Epoch 528/1000, Loss: 0.3881, Dice: 0.3875, MSE: 0.0028
2025-07-13 11:41:11 - INFO - Epoch 529/1000, Loss: 0.3877, Dice: 0.3873, MSE: 0.0023
2025-07-13 11:43:21 - INFO - Epoch 530/1000, Loss: 0.4100, Dice: 0.4095, MSE: 0.0027
2025-07-13 11:45:31 - INFO - Epoch 531/1000, Loss: 0.4049, Dice: 0.4043, MSE: 0.0030
2025-07-13 11:47:41 - INFO - Epoch 532/1000, Loss: 0.4095, Dice: 0.4090, MSE: 0.0024
2025-07-13 11:49:51 - INFO - Epoch 533/1000, Loss: 0.4148, Dice: 0.4141, MSE: 0.0033
2025-07-13 11:52:01 - INFO - Epoch 534/1000, Loss: 0.4231, Dice: 0.4222, MSE: 0.0042
2025-07-13 11:54:11 - INFO - Epoch 535/1000, Loss: 0.3854, Dice: 0.3850, MSE: 0.0022
2025-07-13 11:56:21 - INFO - Epoch 536/1000, Loss: 0.3921, Dice: 0.3916, MSE: 0.0024
2025-07-13 11:58:31 - INFO - Epoch 537/1000, Loss: 0.3529, Dice: 0.3525, MSE: 0.0023
2025-07-13 12:00:41 - INFO - Epoch 538/1000, Loss: 0.3608, Dice: 0.3603, MSE: 0.0024
2025-07-13 12:02:51 - INFO - Epoch 539/1000, Loss: 0.3753, Dice: 0.3746, MSE: 0.0033
2025-07-13 12:05:01 - INFO - Epoch 540/1000, Loss: 0.3596, Dice: 0.3591, MSE: 0.0024
2025-07-13 12:05:03 - INFO - 模型已保存至: epoch_540.pth
2025-07-13 12:07:13 - INFO - Epoch 541/1000, Loss: 0.3921, Dice: 0.3916, MSE: 0.0024
2025-07-13 12:09:23 - INFO - Epoch 542/1000, Loss: 0.3697, Dice: 0.3692, MSE: 0.0024
2025-07-13 12:11:33 - INFO - Epoch 543/1000, Loss: 0.4312, Dice: 0.4305, MSE: 0.0031
2025-07-13 12:13:43 - INFO - Epoch 544/1000, Loss: 0.3652, Dice: 0.3648, MSE: 0.0024
2025-07-13 12:15:53 - INFO - Epoch 545/1000, Loss: 0.3709, Dice: 0.3704, MSE: 0.0024
2025-07-13 12:18:03 - INFO - Epoch 546/1000, Loss: 0.3874, Dice: 0.3869, MSE: 0.0025
2025-07-13 12:20:13 - INFO - Epoch 547/1000, Loss: 0.4237, Dice: 0.4232, MSE: 0.0028
2025-07-13 12:22:23 - INFO - Epoch 548/1000, Loss: 0.3940, Dice: 0.3935, MSE: 0.0025
2025-07-13 12:24:34 - INFO - Epoch 549/1000, Loss: 0.3877, Dice: 0.3872, MSE: 0.0025
2025-07-13 12:26:44 - INFO - Epoch 550/1000, Loss: 0.3908, Dice: 0.3903, MSE: 0.0024
2025-07-13 12:28:54 - INFO - Epoch 551/1000, Loss: 0.3964, Dice: 0.3959, MSE: 0.0023
2025-07-13 12:31:04 - INFO - Epoch 552/1000, Loss: 0.3873, Dice: 0.3868, MSE: 0.0026
2025-07-13 12:33:14 - INFO - Epoch 553/1000, Loss: 0.4060, Dice: 0.4055, MSE: 0.0026
2025-07-13 12:35:24 - INFO - Epoch 554/1000, Loss: 0.3841, Dice: 0.3836, MSE: 0.0025
2025-07-13 12:37:35 - INFO - Epoch 555/1000, Loss: 0.3683, Dice: 0.3677, MSE: 0.0026
2025-07-13 12:39:46 - INFO - Epoch 556/1000, Loss: 0.3925, Dice: 0.3919, MSE: 0.0027
2025-07-13 12:41:56 - INFO - Epoch 557/1000, Loss: 0.3756, Dice: 0.3752, MSE: 0.0024
2025-07-13 12:44:06 - INFO - Epoch 558/1000, Loss: 0.4224, Dice: 0.4215, MSE: 0.0044
2025-07-13 12:46:16 - INFO - Epoch 559/1000, Loss: 0.3617, Dice: 0.3612, MSE: 0.0025
2025-07-13 12:48:26 - INFO - Epoch 560/1000, Loss: 0.3816, Dice: 0.3812, MSE: 0.0023
2025-07-13 12:48:28 - INFO - 模型已保存至: epoch_560.pth
2025-07-13 12:50:38 - INFO - Epoch 561/1000, Loss: 0.3575, Dice: 0.3570, MSE: 0.0025
2025-07-13 12:52:48 - INFO - Epoch 562/1000, Loss: 0.3598, Dice: 0.3593, MSE: 0.0024
2025-07-13 12:54:58 - INFO - Epoch 563/1000, Loss: 0.3703, Dice: 0.3698, MSE: 0.0023
2025-07-13 12:57:09 - INFO - Epoch 564/1000, Loss: 0.4041, Dice: 0.4036, MSE: 0.0027
2025-07-13 12:59:21 - INFO - Epoch 565/1000, Loss: 0.3804, Dice: 0.3799, MSE: 0.0025
2025-07-13 13:01:31 - INFO - Epoch 566/1000, Loss: 0.3704, Dice: 0.3699, MSE: 0.0025
2025-07-13 13:03:41 - INFO - Epoch 567/1000, Loss: 0.4209, Dice: 0.4202, MSE: 0.0036
2025-07-13 13:05:51 - INFO - Epoch 568/1000, Loss: 0.3867, Dice: 0.3862, MSE: 0.0028
2025-07-13 13:08:01 - INFO - Epoch 569/1000, Loss: 0.4060, Dice: 0.4055, MSE: 0.0025
2025-07-13 13:10:11 - INFO - Epoch 570/1000, Loss: 0.4117, Dice: 0.4112, MSE: 0.0027
2025-07-13 13:12:21 - INFO - Epoch 571/1000, Loss: 0.3779, Dice: 0.3774, MSE: 0.0024
2025-07-13 13:14:31 - INFO - Epoch 572/1000, Loss: 0.3847, Dice: 0.3842, MSE: 0.0024
2025-07-13 13:16:41 - INFO - Epoch 573/1000, Loss: 0.3630, Dice: 0.3625, MSE: 0.0023
2025-07-13 13:18:52 - INFO - Epoch 574/1000, Loss: 0.4382, Dice: 0.4376, MSE: 0.0031
2025-07-13 13:21:02 - INFO - Epoch 575/1000, Loss: 0.3902, Dice: 0.3897, MSE: 0.0024
2025-07-13 13:23:12 - INFO - Epoch 576/1000, Loss: 0.4082, Dice: 0.4076, MSE: 0.0028
2025-07-13 13:25:22 - INFO - Epoch 577/1000, Loss: 0.3859, Dice: 0.3854, MSE: 0.0028
2025-07-13 13:27:32 - INFO - Epoch 578/1000, Loss: 0.4198, Dice: 0.4191, MSE: 0.0036
2025-07-13 13:29:42 - INFO - Epoch 579/1000, Loss: 0.3766, Dice: 0.3761, MSE: 0.0024
2025-07-13 13:31:53 - INFO - Epoch 580/1000, Loss: 0.4081, Dice: 0.4076, MSE: 0.0023
2025-07-13 13:31:54 - INFO - 模型已保存至: epoch_580.pth
2025-07-13 13:34:04 - INFO - Epoch 581/1000, Loss: 0.3798, Dice: 0.3793, MSE: 0.0023
2025-07-13 13:36:14 - INFO - Epoch 582/1000, Loss: 0.3569, Dice: 0.3565, MSE: 0.0024
2025-07-13 13:38:25 - INFO - Epoch 583/1000, Loss: 0.3803, Dice: 0.3798, MSE: 0.0026
2025-07-13 13:40:35 - INFO - Epoch 584/1000, Loss: 0.3655, Dice: 0.3649, MSE: 0.0029
2025-07-13 13:42:45 - INFO - Epoch 585/1000, Loss: 0.4183, Dice: 0.4177, MSE: 0.0029
2025-07-13 13:44:55 - INFO - Epoch 586/1000, Loss: 0.3961, Dice: 0.3956, MSE: 0.0026
2025-07-13 13:47:05 - INFO - Epoch 587/1000, Loss: 0.3840, Dice: 0.3835, MSE: 0.0025
2025-07-13 13:49:16 - INFO - Epoch 588/1000, Loss: 0.4204, Dice: 0.4199, MSE: 0.0025
2025-07-13 13:51:26 - INFO - Epoch 589/1000, Loss: 0.4201, Dice: 0.4195, MSE: 0.0030
2025-07-13 13:53:36 - INFO - Epoch 590/1000, Loss: 0.3681, Dice: 0.3676, MSE: 0.0025
2025-07-13 13:55:46 - INFO - Epoch 591/1000, Loss: 0.3927, Dice: 0.3920, MSE: 0.0034
2025-07-13 13:57:56 - INFO - Epoch 592/1000, Loss: 0.3461, Dice: 0.3456, MSE: 0.0024
2025-07-13 14:00:06 - INFO - Epoch 593/1000, Loss: 0.3650, Dice: 0.3645, MSE: 0.0026
2025-07-13 14:02:17 - INFO - Epoch 594/1000, Loss: 0.3920, Dice: 0.3915, MSE: 0.0025
2025-07-13 14:04:27 - INFO - Epoch 595/1000, Loss: 0.3842, Dice: 0.3837, MSE: 0.0026
2025-07-13 14:06:37 - INFO - Epoch 596/1000, Loss: 0.4333, Dice: 0.4327, MSE: 0.0031
2025-07-13 14:08:47 - INFO - Epoch 597/1000, Loss: 0.3668, Dice: 0.3663, MSE: 0.0023
2025-07-13 14:10:57 - INFO - Epoch 598/1000, Loss: 0.3671, Dice: 0.3667, MSE: 0.0022
2025-07-13 14:13:08 - INFO - Epoch 599/1000, Loss: 0.3777, Dice: 0.3772, MSE: 0.0025
2025-07-13 14:15:18 - INFO - Epoch 600/1000, Loss: 0.3929, Dice: 0.3924, MSE: 0.0025
2025-07-13 14:15:19 - INFO - 模型已保存至: epoch_600.pth
2025-07-13 14:17:29 - INFO - Epoch 601/1000, Loss: 0.3739, Dice: 0.3735, MSE: 0.0025
2025-07-13 14:19:40 - INFO - Epoch 602/1000, Loss: 0.3946, Dice: 0.3941, MSE: 0.0027
2025-07-13 14:21:50 - INFO - Epoch 603/1000, Loss: 0.4260, Dice: 0.4253, MSE: 0.0034
2025-07-13 14:24:00 - INFO - Epoch 604/1000, Loss: 0.3567, Dice: 0.3563, MSE: 0.0024
2025-07-13 14:26:10 - INFO - Epoch 605/1000, Loss: 0.3730, Dice: 0.3725, MSE: 0.0023
2025-07-13 14:28:21 - INFO - Epoch 606/1000, Loss: 0.3973, Dice: 0.3965, MSE: 0.0038
2025-07-13 14:30:31 - INFO - Epoch 607/1000, Loss: 0.3533, Dice: 0.3528, MSE: 0.0023
2025-07-13 14:32:41 - INFO - Epoch 608/1000, Loss: 0.3807, Dice: 0.3802, MSE: 0.0024
2025-07-13 14:34:51 - INFO - Epoch 609/1000, Loss: 0.3632, Dice: 0.3627, MSE: 0.0025
2025-07-13 14:37:01 - INFO - Epoch 610/1000, Loss: 0.3554, Dice: 0.3549, MSE: 0.0025
2025-07-13 14:39:11 - INFO - Epoch 611/1000, Loss: 0.3882, Dice: 0.3877, MSE: 0.0026
2025-07-13 14:41:22 - INFO - Epoch 612/1000, Loss: 0.3988, Dice: 0.3984, MSE: 0.0023
2025-07-13 14:43:32 - INFO - Epoch 613/1000, Loss: 0.3907, Dice: 0.3901, MSE: 0.0026
2025-07-13 14:45:42 - INFO - Epoch 614/1000, Loss: 0.3938, Dice: 0.3931, MSE: 0.0033
2025-07-13 14:47:53 - INFO - Epoch 615/1000, Loss: 0.3755, Dice: 0.3750, MSE: 0.0025
2025-07-13 14:50:03 - INFO - Epoch 616/1000, Loss: 0.3937, Dice: 0.3933, MSE: 0.0024
2025-07-13 14:52:13 - INFO - Epoch 617/1000, Loss: 0.3719, Dice: 0.3713, MSE: 0.0027
2025-07-13 14:54:23 - INFO - Epoch 618/1000, Loss: 0.3881, Dice: 0.3876, MSE: 0.0025
2025-07-13 14:56:34 - INFO - Epoch 619/1000, Loss: 0.3535, Dice: 0.3530, MSE: 0.0023
2025-07-13 14:58:44 - INFO - Epoch 620/1000, Loss: 0.4147, Dice: 0.4140, MSE: 0.0035
2025-07-13 14:58:46 - INFO - 模型已保存至: epoch_620.pth
2025-07-13 15:00:56 - INFO - Epoch 621/1000, Loss: 0.3736, Dice: 0.3731, MSE: 0.0025
2025-07-13 15:03:06 - INFO - Epoch 622/1000, Loss: 0.3705, Dice: 0.3700, MSE: 0.0023
2025-07-13 15:05:16 - INFO - Epoch 623/1000, Loss: 0.3981, Dice: 0.3975, MSE: 0.0028
2025-07-13 15:07:26 - INFO - Epoch 624/1000, Loss: 0.3647, Dice: 0.3642, MSE: 0.0024
2025-07-13 15:09:37 - INFO - Epoch 625/1000, Loss: 0.3665, Dice: 0.3660, MSE: 0.0024
2025-07-13 15:11:46 - INFO - Epoch 626/1000, Loss: 0.3673, Dice: 0.3667, MSE: 0.0026
2025-07-13 15:13:56 - INFO - Epoch 627/1000, Loss: 0.4057, Dice: 0.4052, MSE: 0.0024
2025-07-13 15:16:06 - INFO - Epoch 628/1000, Loss: 0.4131, Dice: 0.4126, MSE: 0.0025
2025-07-13 15:18:16 - INFO - Epoch 629/1000, Loss: 0.3925, Dice: 0.3920, MSE: 0.0024
2025-07-13 15:20:26 - INFO - Epoch 630/1000, Loss: 0.4078, Dice: 0.4071, MSE: 0.0034
2025-07-13 15:22:36 - INFO - Epoch 631/1000, Loss: 0.3693, Dice: 0.3688, MSE: 0.0024
2025-07-13 15:24:45 - INFO - Epoch 632/1000, Loss: 0.3693, Dice: 0.3689, MSE: 0.0023
2025-07-13 15:26:55 - INFO - Epoch 633/1000, Loss: 0.3936, Dice: 0.3929, MSE: 0.0035
2025-07-13 15:29:05 - INFO - Epoch 634/1000, Loss: 0.3728, Dice: 0.3723, MSE: 0.0024
2025-07-13 15:31:14 - INFO - Epoch 635/1000, Loss: 0.3507, Dice: 0.3502, MSE: 0.0025
2025-07-13 15:33:24 - INFO - Epoch 636/1000, Loss: 0.3911, Dice: 0.3906, MSE: 0.0026
2025-07-13 15:35:33 - INFO - Epoch 637/1000, Loss: 0.3843, Dice: 0.3838, MSE: 0.0026
2025-07-13 15:37:42 - INFO - Epoch 638/1000, Loss: 0.3833, Dice: 0.3827, MSE: 0.0026
2025-07-13 15:39:52 - INFO - Epoch 639/1000, Loss: 0.3830, Dice: 0.3824, MSE: 0.0029
2025-07-13 15:42:01 - INFO - Epoch 640/1000, Loss: 0.3949, Dice: 0.3942, MSE: 0.0033
2025-07-13 15:42:03 - INFO - 模型已保存至: epoch_640.pth
2025-07-13 15:44:12 - INFO - Epoch 641/1000, Loss: 0.4112, Dice: 0.4103, MSE: 0.0046
2025-07-13 15:46:22 - INFO - Epoch 642/1000, Loss: 0.3943, Dice: 0.3937, MSE: 0.0027
2025-07-13 15:48:31 - INFO - Epoch 643/1000, Loss: 0.3827, Dice: 0.3822, MSE: 0.0023
2025-07-13 15:50:41 - INFO - Epoch 644/1000, Loss: 0.3417, Dice: 0.3412, MSE: 0.0024
2025-07-13 15:52:50 - INFO - Epoch 645/1000, Loss: 0.3856, Dice: 0.3850, MSE: 0.0032
2025-07-13 15:54:59 - INFO - Epoch 646/1000, Loss: 0.3939, Dice: 0.3933, MSE: 0.0029
