2025-07-16 01:51:09 - INFO - Logging is set up.
2025-07-16 01:51:09 - INFO - 训练配置参数:
{'seed': 42, 'epochs': 1000, 'batch_size': 2, 'num_classes': 2, 'learning_rate': 0.001, 'dataset_path': './datasets/LA', 'log_path': './result/SAM3D_VNet_SSL/LA_8_SemiSupervised_V15_2/Training.log', 'pth_path': './result/SAM3D_VNet_SSL/LA_8_SemiSupervised_V15_2/Pth', 'tensorboard_path': './result/SAM3D_VNet_SSL/LA_8_SemiSupervised_V15_2/Train', 'continue_train': False, 'multi_gpu': True, 'training_label_num': 8, 'training_unlabel_num': 72, 'label_bs': 1, 'unlabel_bs': 1, 'consistency_weight': 0.2, 'pretrained_weights': './result/VNet_Multi_V5/LA_8/Pth/Best.pth'}
2025-07-16 01:51:11 - INFO - 使用 2 个GPU
2025-07-16 01:51:11 - INFO - 模型总参数: 106,282,084
2025-07-16 01:51:11 - INFO - 可训练参数: 106,282,084
2025-07-16 01:51:24 - INFO - Epoch 1/1000, Loss: 0.9088, Dice: 0.9001, MSE: 0.0435
2025-07-16 01:51:34 - INFO - Epoch 2/1000, Loss: 0.6957, Dice: 0.6860, MSE: 0.0483
2025-07-16 01:51:44 - INFO - Epoch 3/1000, Loss: 0.6718, Dice: 0.6618, MSE: 0.0504
2025-07-16 01:51:54 - INFO - Epoch 4/1000, Loss: 0.6359, Dice: 0.6275, MSE: 0.0420
2025-07-16 01:52:05 - INFO - Epoch 5/1000, Loss: 0.5597, Dice: 0.5493, MSE: 0.0518
2025-07-16 01:52:14 - INFO - Epoch 6/1000, Loss: 0.6323, Dice: 0.6265, MSE: 0.0294
2025-07-16 01:52:25 - INFO - Epoch 7/1000, Loss: 0.5224, Dice: 0.5139, MSE: 0.0426
2025-07-16 01:52:35 - INFO - Epoch 8/1000, Loss: 0.5489, Dice: 0.5403, MSE: 0.0431
2025-07-16 01:52:45 - INFO - Epoch 9/1000, Loss: 0.4941, Dice: 0.4834, MSE: 0.0534
2025-07-16 01:52:55 - INFO - Epoch 10/1000, Loss: 0.4390, Dice: 0.4282, MSE: 0.0538
2025-07-16 01:53:06 - INFO - Epoch 11/1000, Loss: 0.4699, Dice: 0.4604, MSE: 0.0479
2025-07-16 01:53:16 - INFO - Epoch 12/1000, Loss: 0.3723, Dice: 0.3604, MSE: 0.0595
2025-07-16 01:53:26 - INFO - Epoch 13/1000, Loss: 0.4086, Dice: 0.3988, MSE: 0.0488
2025-07-16 01:53:36 - INFO - Epoch 14/1000, Loss: 0.4626, Dice: 0.4520, MSE: 0.0526
2025-07-16 01:53:47 - INFO - Epoch 15/1000, Loss: 0.3639, Dice: 0.3517, MSE: 0.0606
2025-07-16 01:53:57 - INFO - Epoch 16/1000, Loss: 0.3320, Dice: 0.3182, MSE: 0.0691
2025-07-16 01:54:07 - INFO - Epoch 17/1000, Loss: 0.3482, Dice: 0.3371, MSE: 0.0556
2025-07-16 01:54:17 - INFO - Epoch 18/1000, Loss: 0.3066, Dice: 0.2915, MSE: 0.0758
2025-07-16 01:54:28 - INFO - Epoch 19/1000, Loss: 0.2711, Dice: 0.2594, MSE: 0.0586
2025-07-16 01:54:37 - INFO - Epoch 20/1000, Loss: 0.4053, Dice: 0.3938, MSE: 0.0578
2025-07-16 01:54:39 - INFO - 模型已保存至: epoch_20.pth
2025-07-16 01:54:49 - INFO - Epoch 21/1000, Loss: 0.2913, Dice: 0.2783, MSE: 0.0647
2025-07-16 01:55:00 - INFO - Epoch 22/1000, Loss: 0.3075, Dice: 0.2965, MSE: 0.0550
2025-07-16 01:55:10 - INFO - Epoch 23/1000, Loss: 0.2739, Dice: 0.2611, MSE: 0.0638
2025-07-16 01:55:20 - INFO - Epoch 24/1000, Loss: 0.2823, Dice: 0.2698, MSE: 0.0626
2025-07-16 01:55:30 - INFO - Epoch 25/1000, Loss: 0.3175, Dice: 0.3051, MSE: 0.0621
2025-07-16 01:55:40 - INFO - Epoch 26/1000, Loss: 0.2592, Dice: 0.2446, MSE: 0.0730
2025-07-16 01:55:51 - INFO - Epoch 27/1000, Loss: 0.2553, Dice: 0.2400, MSE: 0.0765
2025-07-16 01:56:01 - INFO - Epoch 28/1000, Loss: 0.2501, Dice: 0.2349, MSE: 0.0762
2025-07-16 01:56:12 - INFO - Epoch 29/1000, Loss: 0.2324, Dice: 0.2178, MSE: 0.0729
2025-07-16 01:56:22 - INFO - Epoch 30/1000, Loss: 0.2347, Dice: 0.2195, MSE: 0.0756
2025-07-16 01:56:32 - INFO - Epoch 31/1000, Loss: 0.2160, Dice: 0.1988, MSE: 0.0861
2025-07-16 01:56:42 - INFO - Epoch 32/1000, Loss: 0.2189, Dice: 0.2043, MSE: 0.0731
2025-07-16 01:56:52 - INFO - Epoch 33/1000, Loss: 0.2494, Dice: 0.2359, MSE: 0.0673
2025-07-16 01:57:01 - INFO - Epoch 34/1000, Loss: 0.2733, Dice: 0.2616, MSE: 0.0589
2025-07-16 01:57:11 - INFO - Epoch 35/1000, Loss: 0.2054, Dice: 0.1918, MSE: 0.0680
2025-07-16 01:57:22 - INFO - Epoch 36/1000, Loss: 0.1954, Dice: 0.1798, MSE: 0.0777
2025-07-16 01:57:32 - INFO - Epoch 37/1000, Loss: 0.2359, Dice: 0.2196, MSE: 0.0816
2025-07-16 01:57:42 - INFO - Epoch 38/1000, Loss: 0.2662, Dice: 0.2528, MSE: 0.0672
2025-07-16 01:57:52 - INFO - Epoch 39/1000, Loss: 0.2160, Dice: 0.2023, MSE: 0.0687
2025-07-16 01:58:02 - INFO - Epoch 40/1000, Loss: 0.1998, Dice: 0.1851, MSE: 0.0736
2025-07-16 01:58:03 - INFO - 模型已保存至: epoch_40.pth
2025-07-16 01:58:14 - INFO - Epoch 41/1000, Loss: 0.2119, Dice: 0.1976, MSE: 0.0715
2025-07-16 01:58:24 - INFO - Epoch 42/1000, Loss: 0.2154, Dice: 0.2012, MSE: 0.0711
2025-07-16 01:58:34 - INFO - Epoch 43/1000, Loss: 0.2307, Dice: 0.2184, MSE: 0.0614
2025-07-16 01:58:45 - INFO - Epoch 44/1000, Loss: 0.1839, Dice: 0.1700, MSE: 0.0691
2025-07-16 01:58:56 - INFO - Epoch 45/1000, Loss: 0.1907, Dice: 0.1771, MSE: 0.0680
2025-07-16 01:59:05 - INFO - Epoch 46/1000, Loss: 0.1764, Dice: 0.1613, MSE: 0.0752
2025-07-16 01:59:16 - INFO - Epoch 47/1000, Loss: 0.2339, Dice: 0.2213, MSE: 0.0630
2025-07-16 01:59:26 - INFO - Epoch 48/1000, Loss: 0.1902, Dice: 0.1763, MSE: 0.0694
2025-07-16 01:59:36 - INFO - Epoch 49/1000, Loss: 0.2217, Dice: 0.2105, MSE: 0.0559
2025-07-16 01:59:46 - INFO - Epoch 50/1000, Loss: 0.1921, Dice: 0.1800, MSE: 0.0602
2025-07-16 01:59:57 - INFO - Epoch 51/1000, Loss: 0.2104, Dice: 0.2000, MSE: 0.0519
2025-07-16 02:00:06 - INFO - Epoch 52/1000, Loss: 0.1741, Dice: 0.1618, MSE: 0.0612
2025-07-16 02:00:17 - INFO - Epoch 53/1000, Loss: 0.1868, Dice: 0.1731, MSE: 0.0684
2025-07-16 02:00:27 - INFO - Epoch 54/1000, Loss: 0.1923, Dice: 0.1783, MSE: 0.0700
2025-07-16 02:00:38 - INFO - Epoch 55/1000, Loss: 0.1518, Dice: 0.1383, MSE: 0.0675
2025-07-16 02:00:48 - INFO - Epoch 56/1000, Loss: 0.1648, Dice: 0.1524, MSE: 0.0623
2025-07-16 02:00:58 - INFO - Epoch 57/1000, Loss: 0.1674, Dice: 0.1536, MSE: 0.0691
2025-07-16 02:01:09 - INFO - Epoch 58/1000, Loss: 0.1699, Dice: 0.1583, MSE: 0.0579
2025-07-16 02:01:19 - INFO - Epoch 59/1000, Loss: 0.1518, Dice: 0.1394, MSE: 0.0623
2025-07-16 02:01:29 - INFO - Epoch 60/1000, Loss: 0.1703, Dice: 0.1584, MSE: 0.0596
2025-07-16 02:01:30 - INFO - 模型已保存至: epoch_60.pth
2025-07-16 02:01:41 - INFO - Epoch 61/1000, Loss: 0.1731, Dice: 0.1632, MSE: 0.0493
2025-07-16 02:01:51 - INFO - Epoch 62/1000, Loss: 0.2388, Dice: 0.2259, MSE: 0.0642
2025-07-16 02:02:01 - INFO - Epoch 63/1000, Loss: 0.1599, Dice: 0.1484, MSE: 0.0575
2025-07-16 02:02:11 - INFO - Epoch 64/1000, Loss: 0.1575, Dice: 0.1451, MSE: 0.0621
2025-07-16 02:02:22 - INFO - Epoch 65/1000, Loss: 0.1688, Dice: 0.1576, MSE: 0.0564
2025-07-16 02:02:31 - INFO - Epoch 66/1000, Loss: 0.1713, Dice: 0.1582, MSE: 0.0657
2025-07-16 02:02:42 - INFO - Epoch 67/1000, Loss: 0.1516, Dice: 0.1392, MSE: 0.0618
2025-07-16 02:02:52 - INFO - Epoch 68/1000, Loss: 0.1402, Dice: 0.1268, MSE: 0.0670
2025-07-16 02:03:02 - INFO - Epoch 69/1000, Loss: 0.1438, Dice: 0.1301, MSE: 0.0689
2025-07-16 02:03:13 - INFO - Epoch 70/1000, Loss: 0.2113, Dice: 0.2006, MSE: 0.0532
2025-07-16 02:03:23 - INFO - Epoch 71/1000, Loss: 0.1394, Dice: 0.1260, MSE: 0.0673
2025-07-16 02:03:33 - INFO - Epoch 72/1000, Loss: 0.1517, Dice: 0.1396, MSE: 0.0604
2025-07-16 02:03:44 - INFO - Epoch 73/1000, Loss: 0.1221, Dice: 0.1099, MSE: 0.0612
2025-07-16 02:03:53 - INFO - Epoch 74/1000, Loss: 0.1301, Dice: 0.1182, MSE: 0.0593
2025-07-16 02:04:04 - INFO - Epoch 75/1000, Loss: 0.1357, Dice: 0.1250, MSE: 0.0533
2025-07-16 02:04:14 - INFO - Epoch 76/1000, Loss: 0.1304, Dice: 0.1200, MSE: 0.0520
2025-07-16 02:04:24 - INFO - Epoch 77/1000, Loss: 0.1227, Dice: 0.1102, MSE: 0.0626
2025-07-16 02:04:34 - INFO - Epoch 78/1000, Loss: 0.1303, Dice: 0.1195, MSE: 0.0542
2025-07-16 02:04:45 - INFO - Epoch 79/1000, Loss: 0.1643, Dice: 0.1528, MSE: 0.0578
2025-07-16 02:04:54 - INFO - Epoch 80/1000, Loss: 0.1347, Dice: 0.1221, MSE: 0.0631
2025-07-16 02:04:56 - INFO - 模型已保存至: epoch_80.pth
2025-07-16 02:05:06 - INFO - Epoch 81/1000, Loss: 0.3821, Dice: 0.3694, MSE: 0.0635
2025-07-16 02:05:17 - INFO - Epoch 82/1000, Loss: 0.2939, Dice: 0.2842, MSE: 0.0483
2025-07-16 02:05:27 - INFO - Epoch 83/1000, Loss: 0.3292, Dice: 0.3196, MSE: 0.0478
2025-07-16 02:05:38 - INFO - Epoch 84/1000, Loss: 0.2438, Dice: 0.2317, MSE: 0.0605
2025-07-16 02:05:48 - INFO - Epoch 85/1000, Loss: 0.3054, Dice: 0.2948, MSE: 0.0533
2025-07-16 02:05:58 - INFO - Epoch 86/1000, Loss: 0.2364, Dice: 0.2282, MSE: 0.0411
2025-07-16 02:06:09 - INFO - Epoch 87/1000, Loss: 0.1880, Dice: 0.1775, MSE: 0.0523
2025-07-16 02:06:19 - INFO - Epoch 88/1000, Loss: 0.1705, Dice: 0.1592, MSE: 0.0564
2025-07-16 02:06:29 - INFO - Epoch 89/1000, Loss: 0.2454, Dice: 0.2339, MSE: 0.0574
2025-07-16 02:06:40 - INFO - Epoch 90/1000, Loss: 0.2031, Dice: 0.1928, MSE: 0.0515
2025-07-16 02:06:49 - INFO - Epoch 91/1000, Loss: 0.1902, Dice: 0.1789, MSE: 0.0564
2025-07-16 02:06:59 - INFO - Epoch 92/1000, Loss: 0.1755, Dice: 0.1642, MSE: 0.0563
2025-07-16 02:07:09 - INFO - Epoch 93/1000, Loss: 0.1671, Dice: 0.1558, MSE: 0.0566
2025-07-16 02:07:19 - INFO - Epoch 94/1000, Loss: 0.1816, Dice: 0.1715, MSE: 0.0502
2025-07-16 02:07:30 - INFO - Epoch 95/1000, Loss: 0.1703, Dice: 0.1614, MSE: 0.0444
2025-07-16 02:07:40 - INFO - Epoch 96/1000, Loss: 0.1788, Dice: 0.1678, MSE: 0.0550
2025-07-16 02:07:50 - INFO - Epoch 97/1000, Loss: 0.1219, Dice: 0.1103, MSE: 0.0580
2025-07-16 02:08:00 - INFO - Epoch 98/1000, Loss: 0.1289, Dice: 0.1183, MSE: 0.0528
2025-07-16 02:08:11 - INFO - Epoch 99/1000, Loss: 0.1580, Dice: 0.1467, MSE: 0.0566
2025-07-16 02:08:20 - INFO - Epoch 100/1000, Loss: 0.1488, Dice: 0.1389, MSE: 0.0493
2025-07-16 02:08:22 - INFO - 模型已保存至: epoch_100.pth
2025-07-16 02:08:32 - INFO - Epoch 101/1000, Loss: 0.1274, Dice: 0.1152, MSE: 0.0611
2025-07-16 02:08:43 - INFO - Epoch 102/1000, Loss: 0.1804, Dice: 0.1701, MSE: 0.0512
2025-07-16 02:08:53 - INFO - Epoch 103/1000, Loss: 0.1224, Dice: 0.1118, MSE: 0.0532
2025-07-16 02:09:03 - INFO - Epoch 104/1000, Loss: 0.1515, Dice: 0.1416, MSE: 0.0495
2025-07-16 02:09:14 - INFO - Epoch 105/1000, Loss: 0.1362, Dice: 0.1264, MSE: 0.0490
2025-07-16 02:09:23 - INFO - Epoch 106/1000, Loss: 0.1124, Dice: 0.1025, MSE: 0.0493
2025-07-16 02:09:34 - INFO - Epoch 107/1000, Loss: 0.1241, Dice: 0.1133, MSE: 0.0539
2025-07-16 02:09:44 - INFO - Epoch 108/1000, Loss: 0.1389, Dice: 0.1283, MSE: 0.0532
2025-07-16 02:09:54 - INFO - Epoch 109/1000, Loss: 0.1273, Dice: 0.1166, MSE: 0.0535
2025-07-16 02:10:05 - INFO - Epoch 110/1000, Loss: 0.1802, Dice: 0.1692, MSE: 0.0547
2025-07-16 02:10:15 - INFO - Epoch 111/1000, Loss: 0.1425, Dice: 0.1317, MSE: 0.0541
2025-07-16 02:10:25 - INFO - Epoch 112/1000, Loss: 0.1116, Dice: 0.1021, MSE: 0.0476
2025-07-16 02:10:35 - INFO - Epoch 113/1000, Loss: 0.1313, Dice: 0.1213, MSE: 0.0502
2025-07-16 02:10:45 - INFO - Epoch 114/1000, Loss: 0.1131, Dice: 0.1037, MSE: 0.0470
2025-07-16 02:10:56 - INFO - Epoch 115/1000, Loss: 0.1326, Dice: 0.1225, MSE: 0.0507
2025-07-16 02:11:06 - INFO - Epoch 116/1000, Loss: 0.1358, Dice: 0.1260, MSE: 0.0486
2025-07-16 02:11:16 - INFO - Epoch 117/1000, Loss: 0.1055, Dice: 0.0951, MSE: 0.0517
2025-07-16 02:11:26 - INFO - Epoch 118/1000, Loss: 0.1463, Dice: 0.1358, MSE: 0.0523
2025-07-16 02:11:36 - INFO - Epoch 119/1000, Loss: 0.1625, Dice: 0.1494, MSE: 0.0659
2025-07-16 02:11:46 - INFO - Epoch 120/1000, Loss: 0.1563, Dice: 0.1453, MSE: 0.0549
2025-07-16 02:11:47 - INFO - 模型已保存至: epoch_120.pth
2025-07-16 02:11:58 - INFO - Epoch 121/1000, Loss: 0.1396, Dice: 0.1303, MSE: 0.0467
2025-07-16 02:12:08 - INFO - Epoch 122/1000, Loss: 0.1416, Dice: 0.1305, MSE: 0.0556
2025-07-16 02:12:18 - INFO - Epoch 123/1000, Loss: 0.2260, Dice: 0.2137, MSE: 0.0615
2025-07-16 02:12:28 - INFO - Epoch 124/1000, Loss: 0.2841, Dice: 0.2744, MSE: 0.0487
2025-07-16 02:12:38 - INFO - Epoch 125/1000, Loss: 0.2394, Dice: 0.2272, MSE: 0.0606
2025-07-16 02:12:48 - INFO - Epoch 126/1000, Loss: 0.1809, Dice: 0.1711, MSE: 0.0488
2025-07-16 02:12:59 - INFO - Epoch 127/1000, Loss: 0.2058, Dice: 0.1964, MSE: 0.0469
2025-07-16 02:13:09 - INFO - Epoch 128/1000, Loss: 0.1486, Dice: 0.1386, MSE: 0.0503
2025-07-16 02:13:20 - INFO - Epoch 129/1000, Loss: 0.1325, Dice: 0.1236, MSE: 0.0446
2025-07-16 02:13:31 - INFO - Epoch 130/1000, Loss: 0.1591, Dice: 0.1509, MSE: 0.0410
2025-07-16 02:13:40 - INFO - Epoch 131/1000, Loss: 0.1674, Dice: 0.1568, MSE: 0.0528
2025-07-16 02:13:51 - INFO - Epoch 132/1000, Loss: 0.1499, Dice: 0.1396, MSE: 0.0517
2025-07-16 02:14:01 - INFO - Epoch 133/1000, Loss: 0.1211, Dice: 0.1108, MSE: 0.0516
2025-07-16 02:14:11 - INFO - Epoch 134/1000, Loss: 0.1880, Dice: 0.1779, MSE: 0.0503
2025-07-16 02:14:22 - INFO - Epoch 135/1000, Loss: 0.1328, Dice: 0.1215, MSE: 0.0562
2025-07-16 02:14:32 - INFO - Epoch 136/1000, Loss: 0.1510, Dice: 0.1428, MSE: 0.0410
2025-07-16 02:14:42 - INFO - Epoch 137/1000, Loss: 0.1442, Dice: 0.1351, MSE: 0.0455
2025-07-16 02:14:53 - INFO - Epoch 138/1000, Loss: 0.1224, Dice: 0.1127, MSE: 0.0482
2025-07-16 02:15:03 - INFO - Epoch 139/1000, Loss: 0.1259, Dice: 0.1150, MSE: 0.0541
2025-07-16 02:15:13 - INFO - Epoch 140/1000, Loss: 0.1436, Dice: 0.1345, MSE: 0.0454
2025-07-16 02:15:15 - INFO - 模型已保存至: epoch_140.pth
2025-07-16 02:15:25 - INFO - Epoch 141/1000, Loss: 0.1364, Dice: 0.1259, MSE: 0.0520
2025-07-16 02:15:35 - INFO - Epoch 142/1000, Loss: 0.1418, Dice: 0.1326, MSE: 0.0460
2025-07-16 02:15:45 - INFO - Epoch 143/1000, Loss: 0.1663, Dice: 0.1553, MSE: 0.0553
2025-07-16 02:15:56 - INFO - Epoch 144/1000, Loss: 0.1045, Dice: 0.0950, MSE: 0.0474
2025-07-16 02:16:06 - INFO - Epoch 145/1000, Loss: 0.1044, Dice: 0.0940, MSE: 0.0518
2025-07-16 02:16:16 - INFO - Epoch 146/1000, Loss: 0.1759, Dice: 0.1654, MSE: 0.0523
2025-07-16 02:16:27 - INFO - Epoch 147/1000, Loss: 0.1307, Dice: 0.1212, MSE: 0.0474
2025-07-16 02:16:36 - INFO - Epoch 148/1000, Loss: 0.1167, Dice: 0.1084, MSE: 0.0410
2025-07-16 02:16:46 - INFO - Epoch 149/1000, Loss: 0.1028, Dice: 0.0932, MSE: 0.0480
2025-07-16 02:16:56 - INFO - Epoch 150/1000, Loss: 0.1090, Dice: 0.0983, MSE: 0.0535
2025-07-16 02:17:07 - INFO - Epoch 151/1000, Loss: 0.1586, Dice: 0.1484, MSE: 0.0510
2025-07-16 02:17:17 - INFO - Epoch 152/1000, Loss: 0.1418, Dice: 0.1316, MSE: 0.0513
2025-07-16 02:17:28 - INFO - Epoch 153/1000, Loss: 0.1187, Dice: 0.1091, MSE: 0.0481
2025-07-16 02:17:37 - INFO - Epoch 154/1000, Loss: 0.1254, Dice: 0.1154, MSE: 0.0499
2025-07-16 02:17:48 - INFO - Epoch 155/1000, Loss: 0.0996, Dice: 0.0890, MSE: 0.0530
2025-07-16 02:17:59 - INFO - Epoch 156/1000, Loss: 0.0979, Dice: 0.0887, MSE: 0.0462
2025-07-16 02:18:08 - INFO - Epoch 157/1000, Loss: 0.1191, Dice: 0.1101, MSE: 0.0450
2025-07-16 02:18:19 - INFO - Epoch 158/1000, Loss: 0.1414, Dice: 0.1314, MSE: 0.0502
2025-07-16 02:18:29 - INFO - Epoch 159/1000, Loss: 0.0987, Dice: 0.0899, MSE: 0.0440
2025-07-16 02:18:39 - INFO - Epoch 160/1000, Loss: 0.1894, Dice: 0.1784, MSE: 0.0547
2025-07-16 02:18:40 - INFO - 模型已保存至: epoch_160.pth
2025-07-16 02:18:51 - INFO - Epoch 161/1000, Loss: 0.1088, Dice: 0.0994, MSE: 0.0472
2025-07-16 02:19:02 - INFO - Epoch 162/1000, Loss: 0.1400, Dice: 0.1313, MSE: 0.0432
2025-07-16 02:19:12 - INFO - Epoch 163/1000, Loss: 0.1184, Dice: 0.1079, MSE: 0.0524
2025-07-16 02:19:22 - INFO - Epoch 164/1000, Loss: 0.1358, Dice: 0.1254, MSE: 0.0518
2025-07-16 02:19:33 - INFO - Epoch 165/1000, Loss: 0.1243, Dice: 0.1144, MSE: 0.0496
2025-07-16 02:19:43 - INFO - Epoch 166/1000, Loss: 0.1055, Dice: 0.0956, MSE: 0.0493
2025-07-16 02:19:54 - INFO - Epoch 167/1000, Loss: 0.1015, Dice: 0.0917, MSE: 0.0490
2025-07-16 02:20:03 - INFO - Epoch 168/1000, Loss: 0.1017, Dice: 0.0895, MSE: 0.0609
2025-07-16 02:20:14 - INFO - Epoch 169/1000, Loss: 0.1025, Dice: 0.0933, MSE: 0.0460
2025-07-16 02:20:24 - INFO - Epoch 170/1000, Loss: 0.0986, Dice: 0.0873, MSE: 0.0566
2025-07-16 02:20:34 - INFO - Epoch 171/1000, Loss: 0.0883, Dice: 0.0787, MSE: 0.0479
2025-07-16 02:20:45 - INFO - Epoch 172/1000, Loss: 0.1056, Dice: 0.0965, MSE: 0.0455
2025-07-16 02:20:55 - INFO - Epoch 173/1000, Loss: 0.1071, Dice: 0.0979, MSE: 0.0457
2025-07-16 02:21:05 - INFO - Epoch 174/1000, Loss: 0.0915, Dice: 0.0813, MSE: 0.0507
2025-07-16 02:21:15 - INFO - Epoch 175/1000, Loss: 0.1019, Dice: 0.0930, MSE: 0.0446
2025-07-16 02:21:26 - INFO - Epoch 176/1000, Loss: 0.1429, Dice: 0.1319, MSE: 0.0546
2025-07-16 02:21:36 - INFO - Epoch 177/1000, Loss: 0.0847, Dice: 0.0746, MSE: 0.0507
2025-07-16 02:21:46 - INFO - Epoch 178/1000, Loss: 0.0920, Dice: 0.0825, MSE: 0.0475
2025-07-16 02:21:57 - INFO - Epoch 179/1000, Loss: 0.0977, Dice: 0.0877, MSE: 0.0503
2025-07-16 02:22:07 - INFO - Epoch 180/1000, Loss: 0.1318, Dice: 0.1218, MSE: 0.0502
2025-07-16 02:22:08 - INFO - 模型已保存至: epoch_180.pth
2025-07-16 02:22:19 - INFO - Epoch 181/1000, Loss: 0.1267, Dice: 0.1157, MSE: 0.0547
2025-07-16 02:22:29 - INFO - Epoch 182/1000, Loss: 0.0875, Dice: 0.0766, MSE: 0.0547
2025-07-16 02:22:40 - INFO - Epoch 183/1000, Loss: 0.0892, Dice: 0.0798, MSE: 0.0469
2025-07-16 02:22:50 - INFO - Epoch 184/1000, Loss: 0.1099, Dice: 0.1015, MSE: 0.0421
2025-07-16 02:23:00 - INFO - Epoch 185/1000, Loss: 0.0770, Dice: 0.0676, MSE: 0.0471
2025-07-16 02:23:11 - INFO - Epoch 186/1000, Loss: 0.0857, Dice: 0.0758, MSE: 0.0497
2025-07-16 02:23:21 - INFO - Epoch 187/1000, Loss: 0.0855, Dice: 0.0752, MSE: 0.0514
2025-07-16 02:23:31 - INFO - Epoch 188/1000, Loss: 0.1087, Dice: 0.1003, MSE: 0.0422
2025-07-16 02:23:41 - INFO - Epoch 189/1000, Loss: 0.0925, Dice: 0.0827, MSE: 0.0492
2025-07-16 02:23:52 - INFO - Epoch 190/1000, Loss: 0.0960, Dice: 0.0862, MSE: 0.0489
2025-07-16 02:24:02 - INFO - Epoch 191/1000, Loss: 0.0968, Dice: 0.0846, MSE: 0.0610
2025-07-16 02:24:12 - INFO - Epoch 192/1000, Loss: 0.0963, Dice: 0.0859, MSE: 0.0518
2025-07-16 02:24:22 - INFO - Epoch 193/1000, Loss: 0.0909, Dice: 0.0817, MSE: 0.0464
2025-07-16 02:24:32 - INFO - Epoch 194/1000, Loss: 0.0863, Dice: 0.0765, MSE: 0.0489
2025-07-16 02:24:43 - INFO - Epoch 195/1000, Loss: 0.1248, Dice: 0.1148, MSE: 0.0498
2025-07-16 02:24:53 - INFO - Epoch 196/1000, Loss: 0.0775, Dice: 0.0687, MSE: 0.0442
2025-07-16 02:25:03 - INFO - Epoch 197/1000, Loss: 0.0884, Dice: 0.0783, MSE: 0.0508
2025-07-16 02:25:13 - INFO - Epoch 198/1000, Loss: 0.0968, Dice: 0.0881, MSE: 0.0438
2025-07-16 02:25:24 - INFO - Epoch 199/1000, Loss: 0.0816, Dice: 0.0727, MSE: 0.0447
2025-07-16 02:25:34 - INFO - Epoch 200/1000, Loss: 0.0762, Dice: 0.0675, MSE: 0.0433
2025-07-16 02:25:35 - INFO - 模型已保存至: epoch_200.pth
2025-07-16 02:25:46 - INFO - Epoch 201/1000, Loss: 0.0897, Dice: 0.0798, MSE: 0.0497
2025-07-16 02:25:55 - INFO - Epoch 202/1000, Loss: 0.0818, Dice: 0.0718, MSE: 0.0501
2025-07-16 02:26:06 - INFO - Epoch 203/1000, Loss: 0.0846, Dice: 0.0752, MSE: 0.0469
2025-07-16 02:26:16 - INFO - Epoch 204/1000, Loss: 0.0826, Dice: 0.0720, MSE: 0.0533
2025-07-16 02:26:24 - INFO - Epoch 205/1000, Loss: 0.0934, Dice: 0.0837, MSE: 0.0484
2025-07-16 02:26:35 - INFO - Epoch 206/1000, Loss: 0.1369, Dice: 0.1276, MSE: 0.0465
2025-07-16 02:26:45 - INFO - Epoch 207/1000, Loss: 0.0828, Dice: 0.0736, MSE: 0.0462
2025-07-16 02:26:55 - INFO - Epoch 208/1000, Loss: 0.0830, Dice: 0.0740, MSE: 0.0450
2025-07-16 02:27:05 - INFO - Epoch 209/1000, Loss: 0.1064, Dice: 0.0973, MSE: 0.0455
2025-07-16 02:27:16 - INFO - Epoch 210/1000, Loss: 0.0986, Dice: 0.0900, MSE: 0.0426
2025-07-16 02:27:25 - INFO - Epoch 211/1000, Loss: 0.0963, Dice: 0.0873, MSE: 0.0450
2025-07-16 02:27:36 - INFO - Epoch 212/1000, Loss: 0.0841, Dice: 0.0750, MSE: 0.0457
2025-07-16 02:27:47 - INFO - Epoch 213/1000, Loss: 0.0835, Dice: 0.0740, MSE: 0.0473
2025-07-16 02:27:56 - INFO - Epoch 214/1000, Loss: 0.1081, Dice: 0.1003, MSE: 0.0387
2025-07-16 02:28:07 - INFO - Epoch 215/1000, Loss: 0.0831, Dice: 0.0742, MSE: 0.0445
2025-07-16 02:28:18 - INFO - Epoch 216/1000, Loss: 0.0820, Dice: 0.0731, MSE: 0.0442
2025-07-16 02:28:27 - INFO - Epoch 217/1000, Loss: 0.0790, Dice: 0.0693, MSE: 0.0483
2025-07-16 02:28:38 - INFO - Epoch 218/1000, Loss: 0.0795, Dice: 0.0694, MSE: 0.0504
2025-07-16 02:28:49 - INFO - Epoch 219/1000, Loss: 0.0833, Dice: 0.0741, MSE: 0.0460
2025-07-16 02:28:58 - INFO - Epoch 220/1000, Loss: 0.0867, Dice: 0.0773, MSE: 0.0473
2025-07-16 02:29:00 - INFO - 模型已保存至: epoch_220.pth
2025-07-16 02:29:10 - INFO - Epoch 221/1000, Loss: 0.0872, Dice: 0.0788, MSE: 0.0422
2025-07-16 02:29:20 - INFO - Epoch 222/1000, Loss: 0.0782, Dice: 0.0695, MSE: 0.0434
2025-07-16 02:29:31 - INFO - Epoch 223/1000, Loss: 0.0809, Dice: 0.0722, MSE: 0.0435
2025-07-16 02:29:41 - INFO - Epoch 224/1000, Loss: 0.0972, Dice: 0.0875, MSE: 0.0484
2025-07-16 02:29:51 - INFO - Epoch 225/1000, Loss: 0.0794, Dice: 0.0701, MSE: 0.0463
2025-07-16 02:30:02 - INFO - Epoch 226/1000, Loss: 0.0827, Dice: 0.0730, MSE: 0.0484
2025-07-16 02:30:12 - INFO - Epoch 227/1000, Loss: 0.0801, Dice: 0.0721, MSE: 0.0404
2025-07-16 02:30:22 - INFO - Epoch 228/1000, Loss: 0.0862, Dice: 0.0784, MSE: 0.0387
2025-07-16 02:30:32 - INFO - Epoch 229/1000, Loss: 0.0818, Dice: 0.0726, MSE: 0.0461
2025-07-16 02:30:43 - INFO - Epoch 230/1000, Loss: 0.0734, Dice: 0.0642, MSE: 0.0460
2025-07-16 02:30:53 - INFO - Epoch 231/1000, Loss: 0.0925, Dice: 0.0843, MSE: 0.0410
2025-07-16 02:31:03 - INFO - Epoch 232/1000, Loss: 0.1200, Dice: 0.1097, MSE: 0.0516
2025-07-16 02:31:13 - INFO - Epoch 233/1000, Loss: 0.1223, Dice: 0.1125, MSE: 0.0489
2025-07-16 02:31:23 - INFO - Epoch 234/1000, Loss: 0.1262, Dice: 0.1170, MSE: 0.0458
2025-07-16 02:31:33 - INFO - Epoch 235/1000, Loss: 0.1165, Dice: 0.1086, MSE: 0.0396
2025-07-16 02:31:44 - INFO - Epoch 236/1000, Loss: 0.1328, Dice: 0.1243, MSE: 0.0424
2025-07-16 02:31:54 - INFO - Epoch 237/1000, Loss: 0.0992, Dice: 0.0912, MSE: 0.0402
2025-07-16 02:32:04 - INFO - Epoch 238/1000, Loss: 0.2429, Dice: 0.2325, MSE: 0.0522
2025-07-16 02:32:15 - INFO - Epoch 239/1000, Loss: 0.2145, Dice: 0.2057, MSE: 0.0438
2025-07-16 02:32:24 - INFO - Epoch 240/1000, Loss: 0.2612, Dice: 0.2539, MSE: 0.0366
2025-07-16 02:32:26 - INFO - 模型已保存至: epoch_240.pth
2025-07-16 02:32:36 - INFO - Epoch 241/1000, Loss: 0.1818, Dice: 0.1740, MSE: 0.0387
2025-07-16 02:32:46 - INFO - Epoch 242/1000, Loss: 0.1456, Dice: 0.1372, MSE: 0.0423
2025-07-16 02:32:57 - INFO - Epoch 243/1000, Loss: 0.1359, Dice: 0.1286, MSE: 0.0365
2025-07-16 02:33:07 - INFO - Epoch 244/1000, Loss: 0.1935, Dice: 0.1837, MSE: 0.0490
2025-07-16 02:33:17 - INFO - Epoch 245/1000, Loss: 0.1137, Dice: 0.1051, MSE: 0.0433
2025-07-16 02:33:27 - INFO - Epoch 246/1000, Loss: 0.1710, Dice: 0.1615, MSE: 0.0471
2025-07-16 02:33:37 - INFO - Epoch 247/1000, Loss: 0.1689, Dice: 0.1591, MSE: 0.0492
2025-07-16 02:33:47 - INFO - Epoch 248/1000, Loss: 0.1341, Dice: 0.1233, MSE: 0.0538
2025-07-16 02:33:58 - INFO - Epoch 249/1000, Loss: 0.1319, Dice: 0.1227, MSE: 0.0460
2025-07-16 02:34:08 - INFO - Epoch 250/1000, Loss: 0.1184, Dice: 0.1084, MSE: 0.0502
2025-07-16 02:34:18 - INFO - Epoch 251/1000, Loss: 0.0949, Dice: 0.0861, MSE: 0.0440
2025-07-16 02:34:29 - INFO - Epoch 252/1000, Loss: 0.0892, Dice: 0.0794, MSE: 0.0489
2025-07-16 02:34:39 - INFO - Epoch 253/1000, Loss: 0.1067, Dice: 0.0984, MSE: 0.0414
2025-07-16 02:34:49 - INFO - Epoch 254/1000, Loss: 0.1050, Dice: 0.0965, MSE: 0.0425
2025-07-16 02:34:59 - INFO - Epoch 255/1000, Loss: 0.1019, Dice: 0.0937, MSE: 0.0411
2025-07-16 02:35:10 - INFO - Epoch 256/1000, Loss: 0.1017, Dice: 0.0927, MSE: 0.0449
2025-07-16 02:35:20 - INFO - Epoch 257/1000, Loss: 0.1395, Dice: 0.1312, MSE: 0.0412
2025-07-16 02:35:30 - INFO - Epoch 258/1000, Loss: 0.0905, Dice: 0.0822, MSE: 0.0414
2025-07-16 02:35:41 - INFO - Epoch 259/1000, Loss: 0.1346, Dice: 0.1255, MSE: 0.0454
2025-07-16 02:35:51 - INFO - Epoch 260/1000, Loss: 0.0800, Dice: 0.0712, MSE: 0.0443
2025-07-16 02:35:53 - INFO - 模型已保存至: epoch_260.pth
2025-07-16 02:36:03 - INFO - Epoch 261/1000, Loss: 0.1279, Dice: 0.1184, MSE: 0.0471
2025-07-16 02:36:11 - INFO - Epoch 262/1000, Loss: 0.1052, Dice: 0.0977, MSE: 0.0376
2025-07-16 02:36:22 - INFO - Epoch 263/1000, Loss: 0.0973, Dice: 0.0884, MSE: 0.0444
2025-07-16 02:36:32 - INFO - Epoch 264/1000, Loss: 0.0911, Dice: 0.0831, MSE: 0.0396
2025-07-16 02:36:42 - INFO - Epoch 265/1000, Loss: 0.0830, Dice: 0.0734, MSE: 0.0480
2025-07-16 02:36:52 - INFO - Epoch 266/1000, Loss: 0.0844, Dice: 0.0766, MSE: 0.0393
2025-07-16 02:37:02 - INFO - Epoch 267/1000, Loss: 0.1044, Dice: 0.0965, MSE: 0.0397
2025-07-16 02:37:12 - INFO - Epoch 268/1000, Loss: 0.0921, Dice: 0.0835, MSE: 0.0430
2025-07-16 02:37:23 - INFO - Epoch 269/1000, Loss: 0.1328, Dice: 0.1227, MSE: 0.0504
2025-07-16 02:37:33 - INFO - Epoch 270/1000, Loss: 0.0993, Dice: 0.0903, MSE: 0.0448
2025-07-16 02:37:43 - INFO - Epoch 271/1000, Loss: 0.1312, Dice: 0.1225, MSE: 0.0438
2025-07-16 02:37:53 - INFO - Epoch 272/1000, Loss: 0.0825, Dice: 0.0739, MSE: 0.0430
2025-07-16 02:38:04 - INFO - Epoch 273/1000, Loss: 0.0739, Dice: 0.0662, MSE: 0.0386
2025-07-16 02:38:14 - INFO - Epoch 274/1000, Loss: 0.0883, Dice: 0.0806, MSE: 0.0384
2025-07-16 02:38:24 - INFO - Epoch 275/1000, Loss: 0.0775, Dice: 0.0689, MSE: 0.0432
2025-07-16 02:38:35 - INFO - Epoch 276/1000, Loss: 0.1196, Dice: 0.1098, MSE: 0.0490
2025-07-16 02:38:45 - INFO - Epoch 277/1000, Loss: 0.0790, Dice: 0.0706, MSE: 0.0421
2025-07-16 02:38:55 - INFO - Epoch 278/1000, Loss: 0.1424, Dice: 0.1330, MSE: 0.0467
2025-07-16 02:39:05 - INFO - Epoch 279/1000, Loss: 0.1359, Dice: 0.1266, MSE: 0.0462
2025-07-16 02:39:15 - INFO - Epoch 280/1000, Loss: 0.0945, Dice: 0.0869, MSE: 0.0380
2025-07-16 02:39:17 - INFO - 模型已保存至: epoch_280.pth
2025-07-16 02:39:27 - INFO - Epoch 281/1000, Loss: 0.0776, Dice: 0.0690, MSE: 0.0429
2025-07-16 02:39:37 - INFO - Epoch 282/1000, Loss: 0.1275, Dice: 0.1176, MSE: 0.0492
2025-07-16 02:39:48 - INFO - Epoch 283/1000, Loss: 0.0890, Dice: 0.0802, MSE: 0.0441
2025-07-16 02:39:58 - INFO - Epoch 284/1000, Loss: 0.0795, Dice: 0.0707, MSE: 0.0443
2025-07-16 02:40:08 - INFO - Epoch 285/1000, Loss: 0.0780, Dice: 0.0692, MSE: 0.0441
2025-07-16 02:40:19 - INFO - Epoch 286/1000, Loss: 0.0985, Dice: 0.0895, MSE: 0.0450
2025-07-16 02:40:29 - INFO - Epoch 287/1000, Loss: 0.0796, Dice: 0.0689, MSE: 0.0535
2025-07-16 02:40:39 - INFO - Epoch 288/1000, Loss: 0.1333, Dice: 0.1226, MSE: 0.0534
2025-07-16 02:40:50 - INFO - Epoch 289/1000, Loss: 0.0757, Dice: 0.0673, MSE: 0.0421
2025-07-16 02:41:00 - INFO - Epoch 290/1000, Loss: 0.0772, Dice: 0.0678, MSE: 0.0472
2025-07-16 02:41:10 - INFO - Epoch 291/1000, Loss: 0.0666, Dice: 0.0580, MSE: 0.0433
2025-07-16 02:41:21 - INFO - Epoch 292/1000, Loss: 0.0756, Dice: 0.0665, MSE: 0.0455
2025-07-16 02:41:31 - INFO - Epoch 293/1000, Loss: 0.1246, Dice: 0.1152, MSE: 0.0468
2025-07-16 02:41:41 - INFO - Epoch 294/1000, Loss: 0.0840, Dice: 0.0765, MSE: 0.0377
2025-07-16 02:41:51 - INFO - Epoch 295/1000, Loss: 0.0778, Dice: 0.0695, MSE: 0.0415
2025-07-16 02:42:01 - INFO - Epoch 296/1000, Loss: 0.0777, Dice: 0.0682, MSE: 0.0474
2025-07-16 02:42:12 - INFO - Epoch 297/1000, Loss: 0.0793, Dice: 0.0703, MSE: 0.0451
2025-07-16 02:42:23 - INFO - Epoch 298/1000, Loss: 0.0712, Dice: 0.0619, MSE: 0.0464
2025-07-16 02:42:33 - INFO - Epoch 299/1000, Loss: 0.0766, Dice: 0.0686, MSE: 0.0400
2025-07-16 02:42:43 - INFO - Epoch 300/1000, Loss: 0.0690, Dice: 0.0609, MSE: 0.0404
2025-07-16 02:42:44 - INFO - 模型已保存至: epoch_300.pth
2025-07-16 02:42:55 - INFO - Epoch 301/1000, Loss: 0.0879, Dice: 0.0798, MSE: 0.0407
2025-07-16 02:43:05 - INFO - Epoch 302/1000, Loss: 0.0884, Dice: 0.0785, MSE: 0.0494
2025-07-16 02:43:15 - INFO - Epoch 303/1000, Loss: 0.0687, Dice: 0.0592, MSE: 0.0473
2025-07-16 02:43:26 - INFO - Epoch 304/1000, Loss: 0.0761, Dice: 0.0665, MSE: 0.0480
2025-07-16 02:43:36 - INFO - Epoch 305/1000, Loss: 0.1160, Dice: 0.1064, MSE: 0.0477
2025-07-16 02:43:46 - INFO - Epoch 306/1000, Loss: 0.1312, Dice: 0.1222, MSE: 0.0452
2025-07-16 02:43:57 - INFO - Epoch 307/1000, Loss: 0.0804, Dice: 0.0719, MSE: 0.0428
2025-07-16 02:44:06 - INFO - Epoch 308/1000, Loss: 0.0780, Dice: 0.0692, MSE: 0.0440
2025-07-16 02:44:17 - INFO - Epoch 309/1000, Loss: 0.0795, Dice: 0.0717, MSE: 0.0390
2025-07-16 02:44:27 - INFO - Epoch 310/1000, Loss: 0.0774, Dice: 0.0690, MSE: 0.0420
2025-07-16 02:44:38 - INFO - Epoch 311/1000, Loss: 0.0827, Dice: 0.0745, MSE: 0.0407
2025-07-16 02:44:48 - INFO - Epoch 312/1000, Loss: 0.0718, Dice: 0.0633, MSE: 0.0423
2025-07-16 02:44:58 - INFO - Epoch 313/1000, Loss: 0.0815, Dice: 0.0735, MSE: 0.0400
2025-07-16 02:45:08 - INFO - Epoch 314/1000, Loss: 0.1387, Dice: 0.1295, MSE: 0.0461
2025-07-16 02:45:18 - INFO - Epoch 315/1000, Loss: 0.2169, Dice: 0.2056, MSE: 0.0564
2025-07-16 02:45:28 - INFO - Epoch 316/1000, Loss: 0.2222, Dice: 0.2127, MSE: 0.0471
2025-07-16 02:45:39 - INFO - Epoch 317/1000, Loss: 0.1711, Dice: 0.1644, MSE: 0.0337
2025-07-16 02:45:49 - INFO - Epoch 318/1000, Loss: 0.1655, Dice: 0.1582, MSE: 0.0366
2025-07-16 02:45:57 - INFO - Epoch 319/1000, Loss: 0.1499, Dice: 0.1415, MSE: 0.0418
2025-07-16 02:46:08 - INFO - Epoch 320/1000, Loss: 0.1542, Dice: 0.1460, MSE: 0.0407
2025-07-16 02:46:09 - INFO - 模型已保存至: epoch_320.pth
2025-07-16 02:46:20 - INFO - Epoch 321/1000, Loss: 0.1117, Dice: 0.1036, MSE: 0.0406
2025-07-16 02:46:29 - INFO - Epoch 322/1000, Loss: 0.1108, Dice: 0.1017, MSE: 0.0452
2025-07-16 02:46:40 - INFO - Epoch 323/1000, Loss: 0.0900, Dice: 0.0823, MSE: 0.0382
2025-07-16 02:46:50 - INFO - Epoch 324/1000, Loss: 0.0946, Dice: 0.0875, MSE: 0.0352
2025-07-16 02:47:00 - INFO - Epoch 325/1000, Loss: 0.0851, Dice: 0.0746, MSE: 0.0527
2025-07-16 02:47:10 - INFO - Epoch 326/1000, Loss: 0.0899, Dice: 0.0819, MSE: 0.0401
2025-07-16 02:47:21 - INFO - Epoch 327/1000, Loss: 0.0841, Dice: 0.0758, MSE: 0.0416
2025-07-16 02:47:31 - INFO - Epoch 328/1000, Loss: 0.1399, Dice: 0.1313, MSE: 0.0434
2025-07-16 02:47:41 - INFO - Epoch 329/1000, Loss: 0.0925, Dice: 0.0849, MSE: 0.0377
2025-07-16 02:47:52 - INFO - Epoch 330/1000, Loss: 0.0839, Dice: 0.0745, MSE: 0.0473
2025-07-16 02:48:02 - INFO - Epoch 331/1000, Loss: 0.1257, Dice: 0.1166, MSE: 0.0454
2025-07-16 02:48:12 - INFO - Epoch 332/1000, Loss: 0.0830, Dice: 0.0743, MSE: 0.0435
2025-07-16 02:48:22 - INFO - Epoch 333/1000, Loss: 0.0819, Dice: 0.0733, MSE: 0.0430
2025-07-16 02:48:33 - INFO - Epoch 334/1000, Loss: 0.0882, Dice: 0.0801, MSE: 0.0407
2025-07-16 02:48:43 - INFO - Epoch 335/1000, Loss: 0.0867, Dice: 0.0791, MSE: 0.0378
2025-07-16 02:48:53 - INFO - Epoch 336/1000, Loss: 0.0783, Dice: 0.0696, MSE: 0.0435
2025-07-16 02:49:03 - INFO - Epoch 337/1000, Loss: 0.1469, Dice: 0.1378, MSE: 0.0450
2025-07-16 02:49:14 - INFO - Epoch 338/1000, Loss: 0.1097, Dice: 0.1012, MSE: 0.0424
2025-07-16 02:49:23 - INFO - Epoch 339/1000, Loss: 0.0861, Dice: 0.0776, MSE: 0.0424
2025-07-16 02:49:34 - INFO - Epoch 340/1000, Loss: 0.0727, Dice: 0.0640, MSE: 0.0436
2025-07-16 02:49:35 - INFO - 模型已保存至: epoch_340.pth
2025-07-16 02:49:46 - INFO - Epoch 341/1000, Loss: 0.0953, Dice: 0.0881, MSE: 0.0363
2025-07-16 02:49:56 - INFO - Epoch 342/1000, Loss: 0.0828, Dice: 0.0749, MSE: 0.0399
2025-07-16 02:50:06 - INFO - Epoch 343/1000, Loss: 0.1213, Dice: 0.1124, MSE: 0.0446
2025-07-16 02:50:16 - INFO - Epoch 344/1000, Loss: 0.0780, Dice: 0.0700, MSE: 0.0400
2025-07-16 02:50:26 - INFO - Epoch 345/1000, Loss: 0.0788, Dice: 0.0709, MSE: 0.0396
2025-07-16 02:50:36 - INFO - Epoch 346/1000, Loss: 0.0746, Dice: 0.0657, MSE: 0.0444
2025-07-16 02:50:47 - INFO - Epoch 347/1000, Loss: 0.0730, Dice: 0.0655, MSE: 0.0375
2025-07-16 02:50:57 - INFO - Epoch 348/1000, Loss: 0.0693, Dice: 0.0603, MSE: 0.0454
2025-07-16 02:51:07 - INFO - Epoch 349/1000, Loss: 0.1199, Dice: 0.1117, MSE: 0.0410
2025-07-16 02:51:17 - INFO - Epoch 350/1000, Loss: 0.0718, Dice: 0.0636, MSE: 0.0414
2025-07-16 02:51:28 - INFO - Epoch 351/1000, Loss: 0.0860, Dice: 0.0783, MSE: 0.0385
2025-07-16 02:51:38 - INFO - Epoch 352/1000, Loss: 0.0706, Dice: 0.0621, MSE: 0.0423
2025-07-16 02:51:48 - INFO - Epoch 353/1000, Loss: 0.0741, Dice: 0.0646, MSE: 0.0475
2025-07-16 02:51:58 - INFO - Epoch 354/1000, Loss: 0.0743, Dice: 0.0657, MSE: 0.0434
2025-07-16 02:52:09 - INFO - Epoch 355/1000, Loss: 0.0711, Dice: 0.0624, MSE: 0.0436
2025-07-16 02:52:19 - INFO - Epoch 356/1000, Loss: 0.0725, Dice: 0.0643, MSE: 0.0410
2025-07-16 02:52:29 - INFO - Epoch 357/1000, Loss: 0.0733, Dice: 0.0651, MSE: 0.0406
2025-07-16 02:52:39 - INFO - Epoch 358/1000, Loss: 0.0848, Dice: 0.0772, MSE: 0.0380
2025-07-16 02:52:49 - INFO - Epoch 359/1000, Loss: 0.0792, Dice: 0.0712, MSE: 0.0397
2025-07-16 02:52:59 - INFO - Epoch 360/1000, Loss: 0.0728, Dice: 0.0650, MSE: 0.0392
2025-07-16 02:53:01 - INFO - 模型已保存至: epoch_360.pth
2025-07-16 02:53:11 - INFO - Epoch 361/1000, Loss: 0.0715, Dice: 0.0631, MSE: 0.0419
2025-07-16 02:53:21 - INFO - Epoch 362/1000, Loss: 0.0667, Dice: 0.0595, MSE: 0.0360
2025-07-16 02:53:32 - INFO - Epoch 363/1000, Loss: 0.0660, Dice: 0.0579, MSE: 0.0406
2025-07-16 02:53:42 - INFO - Epoch 364/1000, Loss: 0.0679, Dice: 0.0593, MSE: 0.0426
2025-07-16 02:53:53 - INFO - Epoch 365/1000, Loss: 0.0732, Dice: 0.0657, MSE: 0.0377
2025-07-16 02:54:03 - INFO - Epoch 366/1000, Loss: 0.0756, Dice: 0.0674, MSE: 0.0409
2025-07-16 02:54:13 - INFO - Epoch 367/1000, Loss: 0.0861, Dice: 0.0796, MSE: 0.0327
2025-07-16 02:54:24 - INFO - Epoch 368/1000, Loss: 0.0631, Dice: 0.0555, MSE: 0.0381
2025-07-16 02:54:34 - INFO - Epoch 369/1000, Loss: 0.0598, Dice: 0.0516, MSE: 0.0406
2025-07-16 02:54:44 - INFO - Epoch 370/1000, Loss: 0.0805, Dice: 0.0723, MSE: 0.0410
2025-07-16 02:54:55 - INFO - Epoch 371/1000, Loss: 0.0770, Dice: 0.0699, MSE: 0.0354
2025-07-16 02:55:05 - INFO - Epoch 372/1000, Loss: 0.0754, Dice: 0.0669, MSE: 0.0424
2025-07-16 02:55:15 - INFO - Epoch 373/1000, Loss: 0.0747, Dice: 0.0664, MSE: 0.0415
2025-07-16 02:55:25 - INFO - Epoch 374/1000, Loss: 0.0750, Dice: 0.0671, MSE: 0.0396
2025-07-16 02:55:36 - INFO - Epoch 375/1000, Loss: 0.0705, Dice: 0.0632, MSE: 0.0362
2025-07-16 02:55:44 - INFO - Epoch 376/1000, Loss: 0.0707, Dice: 0.0616, MSE: 0.0453
2025-07-16 02:55:54 - INFO - Epoch 377/1000, Loss: 0.0683, Dice: 0.0601, MSE: 0.0408
2025-07-16 02:56:05 - INFO - Epoch 378/1000, Loss: 0.0795, Dice: 0.0717, MSE: 0.0392
2025-07-16 02:56:15 - INFO - Epoch 379/1000, Loss: 0.0762, Dice: 0.0677, MSE: 0.0421
2025-07-16 02:56:25 - INFO - Epoch 380/1000, Loss: 0.0665, Dice: 0.0581, MSE: 0.0421
2025-07-16 02:56:27 - INFO - 模型已保存至: epoch_380.pth
2025-07-16 02:56:37 - INFO - Epoch 381/1000, Loss: 0.0729, Dice: 0.0642, MSE: 0.0434
2025-07-16 02:56:47 - INFO - Epoch 382/1000, Loss: 0.1135, Dice: 0.1049, MSE: 0.0428
2025-07-16 02:56:57 - INFO - Epoch 383/1000, Loss: 0.0717, Dice: 0.0644, MSE: 0.0366
2025-07-16 02:57:08 - INFO - Epoch 384/1000, Loss: 0.0768, Dice: 0.0684, MSE: 0.0419
2025-07-16 02:57:17 - INFO - Epoch 385/1000, Loss: 0.0717, Dice: 0.0626, MSE: 0.0452
2025-07-16 02:57:28 - INFO - Epoch 386/1000, Loss: 0.0752, Dice: 0.0672, MSE: 0.0400
2025-07-16 02:57:38 - INFO - Epoch 387/1000, Loss: 0.0696, Dice: 0.0629, MSE: 0.0338
2025-07-16 02:57:48 - INFO - Epoch 388/1000, Loss: 0.0808, Dice: 0.0735, MSE: 0.0365
2025-07-16 02:57:59 - INFO - Epoch 389/1000, Loss: 0.0734, Dice: 0.0660, MSE: 0.0369
2025-07-16 02:58:09 - INFO - Epoch 390/1000, Loss: 0.1208, Dice: 0.1117, MSE: 0.0453
2025-07-16 02:58:19 - INFO - Epoch 391/1000, Loss: 0.0711, Dice: 0.0640, MSE: 0.0352
2025-07-16 02:58:30 - INFO - Epoch 392/1000, Loss: 0.0717, Dice: 0.0643, MSE: 0.0367
2025-07-16 02:58:40 - INFO - Epoch 393/1000, Loss: 0.0676, Dice: 0.0592, MSE: 0.0417
2025-07-16 02:58:50 - INFO - Epoch 394/1000, Loss: 0.0674, Dice: 0.0595, MSE: 0.0392
2025-07-16 02:59:00 - INFO - Epoch 395/1000, Loss: 0.0695, Dice: 0.0615, MSE: 0.0401
2025-07-16 02:59:10 - INFO - Epoch 396/1000, Loss: 0.0624, Dice: 0.0553, MSE: 0.0353
2025-07-16 02:59:21 - INFO - Epoch 397/1000, Loss: 0.1132, Dice: 0.1052, MSE: 0.0402
2025-07-16 02:59:31 - INFO - Epoch 398/1000, Loss: 0.0664, Dice: 0.0585, MSE: 0.0395
2025-07-16 02:59:41 - INFO - Epoch 399/1000, Loss: 0.1178, Dice: 0.1090, MSE: 0.0439
2025-07-16 02:59:51 - INFO - Epoch 400/1000, Loss: 0.0630, Dice: 0.0548, MSE: 0.0412
2025-07-16 02:59:53 - INFO - 模型已保存至: epoch_400.pth
2025-07-16 03:00:03 - INFO - Epoch 401/1000, Loss: 0.0698, Dice: 0.0628, MSE: 0.0354
2025-07-16 03:00:13 - INFO - Epoch 402/1000, Loss: 0.0752, Dice: 0.0671, MSE: 0.0402
2025-07-16 03:00:24 - INFO - Epoch 403/1000, Loss: 0.0650, Dice: 0.0559, MSE: 0.0454
2025-07-16 03:00:33 - INFO - Epoch 404/1000, Loss: 0.0649, Dice: 0.0575, MSE: 0.0372
2025-07-16 03:00:44 - INFO - Epoch 405/1000, Loss: 0.0611, Dice: 0.0536, MSE: 0.0372
2025-07-16 03:00:54 - INFO - Epoch 406/1000, Loss: 0.1137, Dice: 0.1050, MSE: 0.0434
2025-07-16 03:01:04 - INFO - Epoch 407/1000, Loss: 0.0831, Dice: 0.0761, MSE: 0.0347
2025-07-16 03:01:14 - INFO - Epoch 408/1000, Loss: 0.1169, Dice: 0.1084, MSE: 0.0427
2025-07-16 03:01:25 - INFO - Epoch 409/1000, Loss: 0.0692, Dice: 0.0620, MSE: 0.0358
2025-07-16 03:01:34 - INFO - Epoch 410/1000, Loss: 0.0654, Dice: 0.0580, MSE: 0.0371
2025-07-16 03:01:45 - INFO - Epoch 411/1000, Loss: 0.0677, Dice: 0.0623, MSE: 0.0266
2025-07-16 03:01:55 - INFO - Epoch 412/1000, Loss: 0.0664, Dice: 0.0608, MSE: 0.0279
2025-07-16 03:02:05 - INFO - Epoch 413/1000, Loss: 0.0682, Dice: 0.0616, MSE: 0.0332
2025-07-16 03:02:15 - INFO - Epoch 414/1000, Loss: 0.0655, Dice: 0.0601, MSE: 0.0269
2025-07-16 03:02:26 - INFO - Epoch 415/1000, Loss: 0.0754, Dice: 0.0707, MSE: 0.0235
2025-07-16 03:02:35 - INFO - Epoch 416/1000, Loss: 0.1065, Dice: 0.1017, MSE: 0.0241
2025-07-16 03:02:46 - INFO - Epoch 417/1000, Loss: 0.1123, Dice: 0.1069, MSE: 0.0273
2025-07-16 03:02:56 - INFO - Epoch 418/1000, Loss: 0.0658, Dice: 0.0609, MSE: 0.0246
2025-07-16 03:03:06 - INFO - Epoch 419/1000, Loss: 0.0652, Dice: 0.0587, MSE: 0.0322
2025-07-16 03:03:17 - INFO - Epoch 420/1000, Loss: 0.0624, Dice: 0.0577, MSE: 0.0239
2025-07-16 03:03:18 - INFO - 模型已保存至: epoch_420.pth
2025-07-16 03:03:28 - INFO - Epoch 421/1000, Loss: 0.0631, Dice: 0.0586, MSE: 0.0223
2025-07-16 03:03:39 - INFO - Epoch 422/1000, Loss: 0.0682, Dice: 0.0646, MSE: 0.0183
2025-07-16 03:03:49 - INFO - Epoch 423/1000, Loss: 0.0795, Dice: 0.0740, MSE: 0.0274
2025-07-16 03:03:59 - INFO - Epoch 424/1000, Loss: 0.0629, Dice: 0.0580, MSE: 0.0247
2025-07-16 03:04:10 - INFO - Epoch 425/1000, Loss: 0.0682, Dice: 0.0631, MSE: 0.0254
2025-07-16 03:04:20 - INFO - Epoch 426/1000, Loss: 0.0611, Dice: 0.0568, MSE: 0.0215
2025-07-16 03:04:30 - INFO - Epoch 427/1000, Loss: 0.0649, Dice: 0.0603, MSE: 0.0231
2025-07-16 03:04:40 - INFO - Epoch 428/1000, Loss: 0.0612, Dice: 0.0557, MSE: 0.0276
2025-07-16 03:04:51 - INFO - Epoch 429/1000, Loss: 0.0580, Dice: 0.0535, MSE: 0.0224
2025-07-16 03:05:01 - INFO - Epoch 430/1000, Loss: 0.0821, Dice: 0.0763, MSE: 0.0286
2025-07-16 03:05:11 - INFO - Epoch 431/1000, Loss: 0.0968, Dice: 0.0900, MSE: 0.0340
2025-07-16 03:05:21 - INFO - Epoch 432/1000, Loss: 0.1184, Dice: 0.1134, MSE: 0.0251
2025-07-16 03:05:30 - INFO - Epoch 433/1000, Loss: 0.1114, Dice: 0.1070, MSE: 0.0220
2025-07-16 03:05:40 - INFO - Epoch 434/1000, Loss: 0.0933, Dice: 0.0880, MSE: 0.0265
2025-07-16 03:05:51 - INFO - Epoch 435/1000, Loss: 0.0846, Dice: 0.0798, MSE: 0.0242
2025-07-16 03:06:00 - INFO - Epoch 436/1000, Loss: 0.2391, Dice: 0.2350, MSE: 0.0206
2025-07-16 03:06:11 - INFO - Epoch 437/1000, Loss: 0.1594, Dice: 0.1536, MSE: 0.0292
2025-07-16 03:06:21 - INFO - Epoch 438/1000, Loss: 0.1152, Dice: 0.1107, MSE: 0.0225
2025-07-16 03:06:31 - INFO - Epoch 439/1000, Loss: 0.0983, Dice: 0.0936, MSE: 0.0234
2025-07-16 03:06:41 - INFO - Epoch 440/1000, Loss: 0.0933, Dice: 0.0886, MSE: 0.0236
2025-07-16 03:06:43 - INFO - 模型已保存至: epoch_440.pth
2025-07-16 03:06:53 - INFO - Epoch 441/1000, Loss: 0.1037, Dice: 0.0985, MSE: 0.0260
2025-07-16 03:07:03 - INFO - Epoch 442/1000, Loss: 0.0859, Dice: 0.0821, MSE: 0.0189
2025-07-16 03:07:14 - INFO - Epoch 443/1000, Loss: 0.0937, Dice: 0.0890, MSE: 0.0235
2025-07-16 03:07:24 - INFO - Epoch 444/1000, Loss: 0.0799, Dice: 0.0750, MSE: 0.0247
2025-07-16 03:07:34 - INFO - Epoch 445/1000, Loss: 0.0876, Dice: 0.0830, MSE: 0.0228
2025-07-16 03:07:45 - INFO - Epoch 446/1000, Loss: 0.0624, Dice: 0.0574, MSE: 0.0248
2025-07-16 03:07:55 - INFO - Epoch 447/1000, Loss: 0.0742, Dice: 0.0688, MSE: 0.0268
2025-07-16 03:08:05 - INFO - Epoch 448/1000, Loss: 0.0688, Dice: 0.0644, MSE: 0.0222
2025-07-16 03:08:16 - INFO - Epoch 449/1000, Loss: 0.0741, Dice: 0.0695, MSE: 0.0232
2025-07-16 03:08:26 - INFO - Epoch 450/1000, Loss: 0.0676, Dice: 0.0611, MSE: 0.0325
2025-07-16 03:08:36 - INFO - Epoch 451/1000, Loss: 0.1115, Dice: 0.1064, MSE: 0.0254
2025-07-16 03:08:47 - INFO - Epoch 452/1000, Loss: 0.1378, Dice: 0.1326, MSE: 0.0260
2025-07-16 03:08:57 - INFO - Epoch 453/1000, Loss: 0.0600, Dice: 0.0547, MSE: 0.0267
2025-07-16 03:09:07 - INFO - Epoch 454/1000, Loss: 0.0623, Dice: 0.0579, MSE: 0.0219
2025-07-16 03:09:17 - INFO - Epoch 455/1000, Loss: 0.0625, Dice: 0.0582, MSE: 0.0217
2025-07-16 03:09:27 - INFO - Epoch 456/1000, Loss: 0.0721, Dice: 0.0669, MSE: 0.0264
2025-07-16 03:09:38 - INFO - Epoch 457/1000, Loss: 0.0739, Dice: 0.0698, MSE: 0.0207
2025-07-16 03:09:48 - INFO - Epoch 458/1000, Loss: 0.0621, Dice: 0.0572, MSE: 0.0245
2025-07-16 03:09:58 - INFO - Epoch 459/1000, Loss: 0.0627, Dice: 0.0581, MSE: 0.0227
2025-07-16 03:10:09 - INFO - Epoch 460/1000, Loss: 0.0602, Dice: 0.0550, MSE: 0.0258
2025-07-16 03:10:10 - INFO - 模型已保存至: epoch_460.pth
2025-07-16 03:10:20 - INFO - Epoch 461/1000, Loss: 0.0697, Dice: 0.0658, MSE: 0.0195
2025-07-16 03:10:30 - INFO - Epoch 462/1000, Loss: 0.0659, Dice: 0.0620, MSE: 0.0199
2025-07-16 03:10:41 - INFO - Epoch 463/1000, Loss: 0.0682, Dice: 0.0638, MSE: 0.0223
2025-07-16 03:10:51 - INFO - Epoch 464/1000, Loss: 0.0595, Dice: 0.0561, MSE: 0.0167
2025-07-16 03:11:01 - INFO - Epoch 465/1000, Loss: 0.0642, Dice: 0.0602, MSE: 0.0202
2025-07-16 03:11:12 - INFO - Epoch 466/1000, Loss: 0.0637, Dice: 0.0596, MSE: 0.0206
2025-07-16 03:11:21 - INFO - Epoch 467/1000, Loss: 0.0638, Dice: 0.0601, MSE: 0.0187
2025-07-16 03:11:32 - INFO - Epoch 468/1000, Loss: 0.0562, Dice: 0.0511, MSE: 0.0259
2025-07-16 03:11:42 - INFO - Epoch 469/1000, Loss: 0.0612, Dice: 0.0574, MSE: 0.0194
2025-07-16 03:11:52 - INFO - Epoch 470/1000, Loss: 0.0800, Dice: 0.0765, MSE: 0.0174
2025-07-16 03:12:02 - INFO - Epoch 471/1000, Loss: 0.0704, Dice: 0.0666, MSE: 0.0189
2025-07-16 03:12:13 - INFO - Epoch 472/1000, Loss: 0.0729, Dice: 0.0685, MSE: 0.0221
2025-07-16 03:12:22 - INFO - Epoch 473/1000, Loss: 0.0577, Dice: 0.0524, MSE: 0.0262
2025-07-16 03:12:33 - INFO - Epoch 474/1000, Loss: 0.0585, Dice: 0.0541, MSE: 0.0223
2025-07-16 03:12:43 - INFO - Epoch 475/1000, Loss: 0.0614, Dice: 0.0576, MSE: 0.0190
2025-07-16 03:12:53 - INFO - Epoch 476/1000, Loss: 0.0605, Dice: 0.0551, MSE: 0.0270
2025-07-16 03:13:03 - INFO - Epoch 477/1000, Loss: 0.0610, Dice: 0.0569, MSE: 0.0207
2025-07-16 03:13:14 - INFO - Epoch 478/1000, Loss: 0.0568, Dice: 0.0525, MSE: 0.0217
2025-07-16 03:13:23 - INFO - Epoch 479/1000, Loss: 0.0593, Dice: 0.0555, MSE: 0.0189
2025-07-16 03:13:34 - INFO - Epoch 480/1000, Loss: 0.0598, Dice: 0.0564, MSE: 0.0171
2025-07-16 03:13:35 - INFO - 模型已保存至: epoch_480.pth
2025-07-16 03:13:45 - INFO - Epoch 481/1000, Loss: 0.0947, Dice: 0.0899, MSE: 0.0240
2025-07-16 03:13:56 - INFO - Epoch 482/1000, Loss: 0.0574, Dice: 0.0531, MSE: 0.0218
2025-07-16 03:14:06 - INFO - Epoch 483/1000, Loss: 0.0565, Dice: 0.0526, MSE: 0.0194
2025-07-16 03:14:16 - INFO - Epoch 484/1000, Loss: 0.0597, Dice: 0.0557, MSE: 0.0199
2025-07-16 03:14:26 - INFO - Epoch 485/1000, Loss: 0.0644, Dice: 0.0582, MSE: 0.0313
2025-07-16 03:14:36 - INFO - Epoch 486/1000, Loss: 0.1067, Dice: 0.1020, MSE: 0.0238
2025-07-16 03:14:46 - INFO - Epoch 487/1000, Loss: 0.0779, Dice: 0.0728, MSE: 0.0257
2025-07-16 03:14:57 - INFO - Epoch 488/1000, Loss: 0.0717, Dice: 0.0669, MSE: 0.0240
2025-07-16 03:15:07 - INFO - Epoch 489/1000, Loss: 0.0630, Dice: 0.0585, MSE: 0.0227
2025-07-16 03:15:15 - INFO - Epoch 490/1000, Loss: 0.1040, Dice: 0.0985, MSE: 0.0277
2025-07-16 03:15:26 - INFO - Epoch 491/1000, Loss: 0.1557, Dice: 0.1477, MSE: 0.0397
2025-07-16 03:15:36 - INFO - Epoch 492/1000, Loss: 0.1004, Dice: 0.0950, MSE: 0.0267
2025-07-16 03:15:46 - INFO - Epoch 493/1000, Loss: 0.0600, Dice: 0.0561, MSE: 0.0195
2025-07-16 03:15:56 - INFO - Epoch 494/1000, Loss: 0.0594, Dice: 0.0550, MSE: 0.0217
2025-07-16 03:16:07 - INFO - Epoch 495/1000, Loss: 0.0609, Dice: 0.0572, MSE: 0.0183
2025-07-16 03:16:17 - INFO - Epoch 496/1000, Loss: 0.0674, Dice: 0.0631, MSE: 0.0217
2025-07-16 03:16:27 - INFO - Epoch 497/1000, Loss: 0.0590, Dice: 0.0549, MSE: 0.0205
2025-07-16 03:16:38 - INFO - Epoch 498/1000, Loss: 0.0576, Dice: 0.0533, MSE: 0.0215
2025-07-16 03:16:47 - INFO - Epoch 499/1000, Loss: 0.0642, Dice: 0.0605, MSE: 0.0186
2025-07-16 03:16:58 - INFO - Epoch 500/1000, Loss: 0.1013, Dice: 0.0962, MSE: 0.0257
2025-07-16 03:16:59 - INFO - 模型已保存至: epoch_500.pth
2025-07-16 03:17:09 - INFO - Epoch 501/1000, Loss: 0.0535, Dice: 0.0493, MSE: 0.0210
2025-07-16 03:17:19 - INFO - Epoch 502/1000, Loss: 0.0569, Dice: 0.0525, MSE: 0.0222
2025-07-16 03:17:30 - INFO - Epoch 503/1000, Loss: 0.1022, Dice: 0.0981, MSE: 0.0203
2025-07-16 03:17:39 - INFO - Epoch 504/1000, Loss: 0.1228, Dice: 0.1166, MSE: 0.0314
2025-07-16 03:17:50 - INFO - Epoch 505/1000, Loss: 0.1254, Dice: 0.1184, MSE: 0.0350
2025-07-16 03:18:00 - INFO - Epoch 506/1000, Loss: 0.1039, Dice: 0.0987, MSE: 0.0264
2025-07-16 03:18:10 - INFO - Epoch 507/1000, Loss: 0.0950, Dice: 0.0898, MSE: 0.0263
2025-07-16 03:18:21 - INFO - Epoch 508/1000, Loss: 0.0972, Dice: 0.0925, MSE: 0.0233
2025-07-16 03:18:31 - INFO - Epoch 509/1000, Loss: 0.0876, Dice: 0.0819, MSE: 0.0282
2025-07-16 03:18:41 - INFO - Epoch 510/1000, Loss: 0.0910, Dice: 0.0860, MSE: 0.0252
2025-07-16 03:18:51 - INFO - Epoch 511/1000, Loss: 0.0978, Dice: 0.0920, MSE: 0.0292
2025-07-16 03:19:02 - INFO - Epoch 512/1000, Loss: 0.0974, Dice: 0.0901, MSE: 0.0365
2025-07-16 03:19:12 - INFO - Epoch 513/1000, Loss: 0.0745, Dice: 0.0693, MSE: 0.0261
2025-07-16 03:19:22 - INFO - Epoch 514/1000, Loss: 0.1114, Dice: 0.1068, MSE: 0.0233
2025-07-16 03:19:33 - INFO - Epoch 515/1000, Loss: 0.0706, Dice: 0.0657, MSE: 0.0249
2025-07-16 03:19:42 - INFO - Epoch 516/1000, Loss: 0.0748, Dice: 0.0702, MSE: 0.0230
2025-07-16 03:19:53 - INFO - Epoch 517/1000, Loss: 0.0690, Dice: 0.0647, MSE: 0.0218
2025-07-16 03:20:03 - INFO - Epoch 518/1000, Loss: 0.0685, Dice: 0.0642, MSE: 0.0220
2025-07-16 03:20:13 - INFO - Epoch 519/1000, Loss: 0.0727, Dice: 0.0685, MSE: 0.0213
2025-07-16 03:20:23 - INFO - Epoch 520/1000, Loss: 0.0797, Dice: 0.0762, MSE: 0.0177
2025-07-16 03:20:25 - INFO - 模型已保存至: epoch_520.pth
2025-07-16 03:20:35 - INFO - Epoch 521/1000, Loss: 0.0732, Dice: 0.0679, MSE: 0.0266
2025-07-16 03:20:45 - INFO - Epoch 522/1000, Loss: 0.0750, Dice: 0.0704, MSE: 0.0230
2025-07-16 03:20:55 - INFO - Epoch 523/1000, Loss: 0.0666, Dice: 0.0624, MSE: 0.0208
2025-07-16 03:21:05 - INFO - Epoch 524/1000, Loss: 0.0677, Dice: 0.0605, MSE: 0.0357
2025-07-16 03:21:15 - INFO - Epoch 525/1000, Loss: 0.0657, Dice: 0.0600, MSE: 0.0285
2025-07-16 03:21:26 - INFO - Epoch 526/1000, Loss: 0.0615, Dice: 0.0577, MSE: 0.0192
2025-07-16 03:21:35 - INFO - Epoch 527/1000, Loss: 0.0680, Dice: 0.0641, MSE: 0.0199
2025-07-16 03:21:46 - INFO - Epoch 528/1000, Loss: 0.1072, Dice: 0.1023, MSE: 0.0247
2025-07-16 03:21:56 - INFO - Epoch 529/1000, Loss: 0.0941, Dice: 0.0891, MSE: 0.0253
2025-07-16 03:22:06 - INFO - Epoch 530/1000, Loss: 0.0547, Dice: 0.0502, MSE: 0.0224
2025-07-16 03:22:16 - INFO - Epoch 531/1000, Loss: 0.0555, Dice: 0.0509, MSE: 0.0235
2025-07-16 03:22:27 - INFO - Epoch 532/1000, Loss: 0.0583, Dice: 0.0551, MSE: 0.0163
2025-07-16 03:22:37 - INFO - Epoch 533/1000, Loss: 0.0663, Dice: 0.0620, MSE: 0.0213
2025-07-16 03:22:47 - INFO - Epoch 534/1000, Loss: 0.0577, Dice: 0.0536, MSE: 0.0205
2025-07-16 03:22:58 - INFO - Epoch 535/1000, Loss: 0.0593, Dice: 0.0560, MSE: 0.0167
2025-07-16 03:23:08 - INFO - Epoch 536/1000, Loss: 0.0604, Dice: 0.0560, MSE: 0.0221
2025-07-16 03:23:18 - INFO - Epoch 537/1000, Loss: 0.1111, Dice: 0.1053, MSE: 0.0288
2025-07-16 03:23:28 - INFO - Epoch 538/1000, Loss: 0.0589, Dice: 0.0539, MSE: 0.0249
2025-07-16 03:23:39 - INFO - Epoch 539/1000, Loss: 0.0605, Dice: 0.0559, MSE: 0.0231
2025-07-16 03:23:49 - INFO - Epoch 540/1000, Loss: 0.0550, Dice: 0.0503, MSE: 0.0231
2025-07-16 03:23:51 - INFO - 模型已保存至: epoch_540.pth
2025-07-16 03:24:00 - INFO - Epoch 541/1000, Loss: 0.0633, Dice: 0.0592, MSE: 0.0202
2025-07-16 03:24:11 - INFO - Epoch 542/1000, Loss: 0.0693, Dice: 0.0658, MSE: 0.0175
2025-07-16 03:24:21 - INFO - Epoch 543/1000, Loss: 0.0639, Dice: 0.0596, MSE: 0.0215
2025-07-16 03:24:31 - INFO - Epoch 544/1000, Loss: 0.0624, Dice: 0.0577, MSE: 0.0235
2025-07-16 03:24:42 - INFO - Epoch 545/1000, Loss: 0.0594, Dice: 0.0544, MSE: 0.0247
2025-07-16 03:24:52 - INFO - Epoch 546/1000, Loss: 0.0907, Dice: 0.0863, MSE: 0.0221
2025-07-16 03:25:00 - INFO - Epoch 547/1000, Loss: 0.0565, Dice: 0.0530, MSE: 0.0173
2025-07-16 03:25:11 - INFO - Epoch 548/1000, Loss: 0.0871, Dice: 0.0812, MSE: 0.0296
2025-07-16 03:25:21 - INFO - Epoch 549/1000, Loss: 0.0880, Dice: 0.0839, MSE: 0.0206
2025-07-16 03:25:31 - INFO - Epoch 550/1000, Loss: 0.0889, Dice: 0.0839, MSE: 0.0250
2025-07-16 03:25:41 - INFO - Epoch 551/1000, Loss: 0.0554, Dice: 0.0497, MSE: 0.0284
2025-07-16 03:25:52 - INFO - Epoch 552/1000, Loss: 0.0528, Dice: 0.0491, MSE: 0.0184
2025-07-16 03:26:02 - INFO - Epoch 553/1000, Loss: 0.0487, Dice: 0.0445, MSE: 0.0208
2025-07-16 03:26:12 - INFO - Epoch 554/1000, Loss: 0.0606, Dice: 0.0564, MSE: 0.0209
2025-07-16 03:26:22 - INFO - Epoch 555/1000, Loss: 0.0881, Dice: 0.0831, MSE: 0.0250
2025-07-16 03:26:32 - INFO - Epoch 556/1000, Loss: 0.0596, Dice: 0.0557, MSE: 0.0199
2025-07-16 03:26:43 - INFO - Epoch 557/1000, Loss: 0.0564, Dice: 0.0526, MSE: 0.0190
2025-07-16 03:26:53 - INFO - Epoch 558/1000, Loss: 0.0597, Dice: 0.0558, MSE: 0.0197
2025-07-16 03:27:04 - INFO - Epoch 559/1000, Loss: 0.0529, Dice: 0.0485, MSE: 0.0221
2025-07-16 03:27:14 - INFO - Epoch 560/1000, Loss: 0.0535, Dice: 0.0498, MSE: 0.0189
2025-07-16 03:27:15 - INFO - 模型已保存至: epoch_560.pth
2025-07-16 03:27:25 - INFO - Epoch 561/1000, Loss: 0.0508, Dice: 0.0469, MSE: 0.0198
2025-07-16 03:27:35 - INFO - Epoch 562/1000, Loss: 0.0550, Dice: 0.0519, MSE: 0.0156
2025-07-16 03:27:46 - INFO - Epoch 563/1000, Loss: 0.0579, Dice: 0.0544, MSE: 0.0176
2025-07-16 03:27:56 - INFO - Epoch 564/1000, Loss: 0.0562, Dice: 0.0521, MSE: 0.0201
2025-07-16 03:28:06 - INFO - Epoch 565/1000, Loss: 0.0512, Dice: 0.0467, MSE: 0.0225
2025-07-16 03:28:17 - INFO - Epoch 566/1000, Loss: 0.0605, Dice: 0.0560, MSE: 0.0225
2025-07-16 03:28:27 - INFO - Epoch 567/1000, Loss: 0.0571, Dice: 0.0526, MSE: 0.0223
2025-07-16 03:28:37 - INFO - Epoch 568/1000, Loss: 0.0548, Dice: 0.0502, MSE: 0.0227
2025-07-16 03:28:47 - INFO - Epoch 569/1000, Loss: 0.0539, Dice: 0.0498, MSE: 0.0203
2025-07-16 03:28:57 - INFO - Epoch 570/1000, Loss: 0.0846, Dice: 0.0808, MSE: 0.0188
2025-07-16 03:29:07 - INFO - Epoch 571/1000, Loss: 0.0549, Dice: 0.0516, MSE: 0.0167
2025-07-16 03:29:18 - INFO - Epoch 572/1000, Loss: 0.0843, Dice: 0.0807, MSE: 0.0177
2025-07-16 03:29:28 - INFO - Epoch 573/1000, Loss: 0.1297, Dice: 0.1237, MSE: 0.0302
2025-07-16 03:29:38 - INFO - Epoch 574/1000, Loss: 0.1691, Dice: 0.1617, MSE: 0.0370
2025-07-16 03:29:48 - INFO - Epoch 575/1000, Loss: 0.1267, Dice: 0.1202, MSE: 0.0323
2025-07-16 03:29:59 - INFO - Epoch 576/1000, Loss: 0.1340, Dice: 0.1275, MSE: 0.0326
2025-07-16 03:30:09 - INFO - Epoch 577/1000, Loss: 0.1438, Dice: 0.1395, MSE: 0.0214
2025-07-16 03:30:19 - INFO - Epoch 578/1000, Loss: 0.0987, Dice: 0.0945, MSE: 0.0208
2025-07-16 03:30:29 - INFO - Epoch 579/1000, Loss: 0.0823, Dice: 0.0775, MSE: 0.0238
2025-07-16 03:30:40 - INFO - Epoch 580/1000, Loss: 0.0832, Dice: 0.0795, MSE: 0.0187
2025-07-16 03:30:41 - INFO - 模型已保存至: epoch_580.pth
2025-07-16 03:30:51 - INFO - Epoch 581/1000, Loss: 0.0976, Dice: 0.0924, MSE: 0.0258
2025-07-16 03:31:02 - INFO - Epoch 582/1000, Loss: 0.0711, Dice: 0.0650, MSE: 0.0303
2025-07-16 03:31:12 - INFO - Epoch 583/1000, Loss: 0.0722, Dice: 0.0682, MSE: 0.0203
2025-07-16 03:31:22 - INFO - Epoch 584/1000, Loss: 0.0761, Dice: 0.0704, MSE: 0.0283
2025-07-16 03:31:32 - INFO - Epoch 585/1000, Loss: 0.0747, Dice: 0.0715, MSE: 0.0162
2025-07-16 03:31:43 - INFO - Epoch 586/1000, Loss: 0.0727, Dice: 0.0685, MSE: 0.0213
2025-07-16 03:31:52 - INFO - Epoch 587/1000, Loss: 0.0678, Dice: 0.0634, MSE: 0.0217
2025-07-16 03:32:03 - INFO - Epoch 588/1000, Loss: 0.0657, Dice: 0.0618, MSE: 0.0194
2025-07-16 03:32:13 - INFO - Epoch 589/1000, Loss: 0.0600, Dice: 0.0560, MSE: 0.0200
2025-07-16 03:32:24 - INFO - Epoch 590/1000, Loss: 0.0649, Dice: 0.0598, MSE: 0.0255
2025-07-16 03:32:34 - INFO - Epoch 591/1000, Loss: 0.0623, Dice: 0.0584, MSE: 0.0196
2025-07-16 03:32:44 - INFO - Epoch 592/1000, Loss: 0.0701, Dice: 0.0641, MSE: 0.0298
2025-07-16 03:32:54 - INFO - Epoch 593/1000, Loss: 0.0632, Dice: 0.0592, MSE: 0.0197
2025-07-16 03:33:05 - INFO - Epoch 594/1000, Loss: 0.0720, Dice: 0.0673, MSE: 0.0233
2025-07-16 03:33:14 - INFO - Epoch 595/1000, Loss: 0.0607, Dice: 0.0562, MSE: 0.0228
2025-07-16 03:33:25 - INFO - Epoch 596/1000, Loss: 0.0951, Dice: 0.0891, MSE: 0.0296
2025-07-16 03:33:35 - INFO - Epoch 597/1000, Loss: 0.0545, Dice: 0.0508, MSE: 0.0181
2025-07-16 03:33:45 - INFO - Epoch 598/1000, Loss: 0.0660, Dice: 0.0621, MSE: 0.0195
2025-07-16 03:33:55 - INFO - Epoch 599/1000, Loss: 0.0544, Dice: 0.0507, MSE: 0.0187
2025-07-16 03:34:05 - INFO - Epoch 600/1000, Loss: 0.0585, Dice: 0.0548, MSE: 0.0186
2025-07-16 03:34:07 - INFO - 模型已保存至: epoch_600.pth
2025-07-16 03:34:16 - INFO - Epoch 601/1000, Loss: 0.0590, Dice: 0.0553, MSE: 0.0183
2025-07-16 03:34:27 - INFO - Epoch 602/1000, Loss: 0.0565, Dice: 0.0523, MSE: 0.0213
2025-07-16 03:34:37 - INFO - Epoch 603/1000, Loss: 0.0894, Dice: 0.0846, MSE: 0.0243
2025-07-16 03:34:45 - INFO - Epoch 604/1000, Loss: 0.0620, Dice: 0.0576, MSE: 0.0218
2025-07-16 03:34:56 - INFO - Epoch 605/1000, Loss: 0.0554, Dice: 0.0516, MSE: 0.0193
2025-07-16 03:35:07 - INFO - Epoch 606/1000, Loss: 0.0557, Dice: 0.0517, MSE: 0.0196
2025-07-16 03:35:16 - INFO - Epoch 607/1000, Loss: 0.0649, Dice: 0.0590, MSE: 0.0294
2025-07-16 03:35:27 - INFO - Epoch 608/1000, Loss: 0.0555, Dice: 0.0523, MSE: 0.0159
2025-07-16 03:35:37 - INFO - Epoch 609/1000, Loss: 0.0573, Dice: 0.0538, MSE: 0.0175
2025-07-16 03:35:47 - INFO - Epoch 610/1000, Loss: 0.0538, Dice: 0.0494, MSE: 0.0217
2025-07-16 03:35:58 - INFO - Epoch 611/1000, Loss: 0.0563, Dice: 0.0524, MSE: 0.0199
2025-07-16 03:36:08 - INFO - Epoch 612/1000, Loss: 0.0605, Dice: 0.0561, MSE: 0.0219
2025-07-16 03:36:18 - INFO - Epoch 613/1000, Loss: 0.0532, Dice: 0.0497, MSE: 0.0179
2025-07-16 03:36:29 - INFO - Epoch 614/1000, Loss: 0.0586, Dice: 0.0548, MSE: 0.0189
2025-07-16 03:36:38 - INFO - Epoch 615/1000, Loss: 0.0898, Dice: 0.0851, MSE: 0.0233
2025-07-16 03:36:49 - INFO - Epoch 616/1000, Loss: 0.0592, Dice: 0.0553, MSE: 0.0197
2025-07-16 03:36:59 - INFO - Epoch 617/1000, Loss: 0.0557, Dice: 0.0525, MSE: 0.0162
2025-07-16 03:37:09 - INFO - Epoch 618/1000, Loss: 0.0524, Dice: 0.0488, MSE: 0.0183
2025-07-16 03:37:19 - INFO - Epoch 619/1000, Loss: 0.0507, Dice: 0.0467, MSE: 0.0196
2025-07-16 03:37:30 - INFO - Epoch 620/1000, Loss: 0.1689, Dice: 0.1619, MSE: 0.0348
2025-07-16 03:37:31 - INFO - 模型已保存至: epoch_620.pth
2025-07-16 03:37:41 - INFO - Epoch 621/1000, Loss: 0.0545, Dice: 0.0510, MSE: 0.0177
2025-07-16 03:37:52 - INFO - Epoch 622/1000, Loss: 0.0547, Dice: 0.0509, MSE: 0.0190
2025-07-16 03:38:02 - INFO - Epoch 623/1000, Loss: 0.0533, Dice: 0.0508, MSE: 0.0127
2025-07-16 03:38:11 - INFO - Epoch 624/1000, Loss: 0.0895, Dice: 0.0855, MSE: 0.0198
2025-07-16 03:38:22 - INFO - Epoch 625/1000, Loss: 0.0871, Dice: 0.0832, MSE: 0.0196
2025-07-16 03:38:32 - INFO - Epoch 626/1000, Loss: 0.0886, Dice: 0.0846, MSE: 0.0197
2025-07-16 03:38:42 - INFO - Epoch 627/1000, Loss: 0.0478, Dice: 0.0445, MSE: 0.0164
2025-07-16 03:38:53 - INFO - Epoch 628/1000, Loss: 0.0537, Dice: 0.0510, MSE: 0.0137
2025-07-16 03:39:03 - INFO - Epoch 629/1000, Loss: 0.0541, Dice: 0.0515, MSE: 0.0132
2025-07-16 03:39:13 - INFO - Epoch 630/1000, Loss: 0.0643, Dice: 0.0604, MSE: 0.0197
2025-07-16 03:39:24 - INFO - Epoch 631/1000, Loss: 0.0562, Dice: 0.0522, MSE: 0.0197
2025-07-16 03:39:34 - INFO - Epoch 632/1000, Loss: 0.0516, Dice: 0.0479, MSE: 0.0184
2025-07-16 03:39:44 - INFO - Epoch 633/1000, Loss: 0.0840, Dice: 0.0791, MSE: 0.0249
2025-07-16 03:39:55 - INFO - Epoch 634/1000, Loss: 0.0547, Dice: 0.0504, MSE: 0.0216
2025-07-16 03:40:04 - INFO - Epoch 635/1000, Loss: 0.0525, Dice: 0.0489, MSE: 0.0179
2025-07-16 03:40:15 - INFO - Epoch 636/1000, Loss: 0.0531, Dice: 0.0495, MSE: 0.0175
2025-07-16 03:40:25 - INFO - Epoch 637/1000, Loss: 0.0498, Dice: 0.0467, MSE: 0.0159
2025-07-16 03:40:35 - INFO - Epoch 638/1000, Loss: 0.0490, Dice: 0.0465, MSE: 0.0124
2025-07-16 03:40:46 - INFO - Epoch 639/1000, Loss: 0.0922, Dice: 0.0878, MSE: 0.0221
2025-07-16 03:40:56 - INFO - Epoch 640/1000, Loss: 0.0591, Dice: 0.0556, MSE: 0.0175
2025-07-16 03:40:57 - INFO - 模型已保存至: epoch_640.pth
2025-07-16 03:41:07 - INFO - Epoch 641/1000, Loss: 0.0653, Dice: 0.0619, MSE: 0.0167
2025-07-16 03:41:18 - INFO - Epoch 642/1000, Loss: 0.0458, Dice: 0.0425, MSE: 0.0163
2025-07-16 03:41:28 - INFO - Epoch 643/1000, Loss: 0.0895, Dice: 0.0852, MSE: 0.0213
2025-07-16 03:41:38 - INFO - Epoch 644/1000, Loss: 0.0543, Dice: 0.0487, MSE: 0.0281
2025-07-16 03:41:48 - INFO - Epoch 645/1000, Loss: 0.0478, Dice: 0.0444, MSE: 0.0170
2025-07-16 03:41:58 - INFO - Epoch 646/1000, Loss: 0.0630, Dice: 0.0596, MSE: 0.0171
2025-07-16 03:42:09 - INFO - Epoch 647/1000, Loss: 0.0557, Dice: 0.0520, MSE: 0.0182
2025-07-16 03:42:20 - INFO - Epoch 648/1000, Loss: 0.1113, Dice: 0.1056, MSE: 0.0281
2025-07-16 03:42:30 - INFO - Epoch 649/1000, Loss: 0.0527, Dice: 0.0496, MSE: 0.0154
2025-07-16 03:42:40 - INFO - Epoch 650/1000, Loss: 0.0498, Dice: 0.0452, MSE: 0.0229
2025-07-16 03:42:50 - INFO - Epoch 651/1000, Loss: 0.0515, Dice: 0.0478, MSE: 0.0184
2025-07-16 03:43:00 - INFO - Epoch 652/1000, Loss: 0.0601, Dice: 0.0556, MSE: 0.0226
2025-07-16 03:43:10 - INFO - Epoch 653/1000, Loss: 0.0638, Dice: 0.0592, MSE: 0.0230
2025-07-16 03:43:21 - INFO - Epoch 654/1000, Loss: 0.0579, Dice: 0.0539, MSE: 0.0200
2025-07-16 03:43:30 - INFO - Epoch 655/1000, Loss: 0.0576, Dice: 0.0528, MSE: 0.0236
2025-07-16 03:43:41 - INFO - Epoch 656/1000, Loss: 0.0932, Dice: 0.0879, MSE: 0.0265
2025-07-16 03:43:51 - INFO - Epoch 657/1000, Loss: 0.0524, Dice: 0.0485, MSE: 0.0193
2025-07-16 03:44:01 - INFO - Epoch 658/1000, Loss: 0.0596, Dice: 0.0564, MSE: 0.0157
2025-07-16 03:44:11 - INFO - Epoch 659/1000, Loss: 0.0482, Dice: 0.0443, MSE: 0.0193
2025-07-16 03:44:22 - INFO - Epoch 660/1000, Loss: 0.0542, Dice: 0.0498, MSE: 0.0218
2025-07-16 03:44:23 - INFO - 模型已保存至: epoch_660.pth
2025-07-16 03:44:32 - INFO - Epoch 661/1000, Loss: 0.0547, Dice: 0.0517, MSE: 0.0152
2025-07-16 03:44:42 - INFO - Epoch 662/1000, Loss: 0.0514, Dice: 0.0476, MSE: 0.0188
2025-07-16 03:44:53 - INFO - Epoch 663/1000, Loss: 0.0473, Dice: 0.0442, MSE: 0.0156
2025-07-16 03:45:02 - INFO - Epoch 664/1000, Loss: 0.0479, Dice: 0.0454, MSE: 0.0124
2025-07-16 03:45:13 - INFO - Epoch 665/1000, Loss: 0.0508, Dice: 0.0450, MSE: 0.0292
2025-07-16 03:45:23 - INFO - Epoch 666/1000, Loss: 0.0508, Dice: 0.0458, MSE: 0.0245
2025-07-16 03:45:33 - INFO - Epoch 667/1000, Loss: 0.0503, Dice: 0.0477, MSE: 0.0133
2025-07-16 03:45:43 - INFO - Epoch 668/1000, Loss: 0.0461, Dice: 0.0429, MSE: 0.0159
2025-07-16 03:45:54 - INFO - Epoch 669/1000, Loss: 0.0515, Dice: 0.0482, MSE: 0.0163
2025-07-16 03:46:04 - INFO - Epoch 670/1000, Loss: 0.0472, Dice: 0.0446, MSE: 0.0131
2025-07-16 03:46:15 - INFO - Epoch 671/1000, Loss: 0.0466, Dice: 0.0430, MSE: 0.0180
2025-07-16 03:46:25 - INFO - Epoch 672/1000, Loss: 0.0676, Dice: 0.0632, MSE: 0.0222
2025-07-16 03:46:35 - INFO - Epoch 673/1000, Loss: 0.0560, Dice: 0.0505, MSE: 0.0275
2025-07-16 03:46:45 - INFO - Epoch 674/1000, Loss: 0.0514, Dice: 0.0473, MSE: 0.0206
2025-07-16 03:46:55 - INFO - Epoch 675/1000, Loss: 0.0552, Dice: 0.0510, MSE: 0.0208
2025-07-16 03:47:05 - INFO - Epoch 676/1000, Loss: 0.0700, Dice: 0.0649, MSE: 0.0257
2025-07-16 03:47:16 - INFO - Epoch 677/1000, Loss: 0.0693, Dice: 0.0654, MSE: 0.0195
2025-07-16 03:47:25 - INFO - Epoch 678/1000, Loss: 0.0899, Dice: 0.0853, MSE: 0.0230
2025-07-16 03:47:36 - INFO - Epoch 679/1000, Loss: 0.0545, Dice: 0.0503, MSE: 0.0209
2025-07-16 03:47:47 - INFO - Epoch 680/1000, Loss: 0.0624, Dice: 0.0588, MSE: 0.0178
2025-07-16 03:47:48 - INFO - 模型已保存至: epoch_680.pth
2025-07-16 03:47:58 - INFO - Epoch 681/1000, Loss: 0.0701, Dice: 0.0656, MSE: 0.0225
2025-07-16 03:48:09 - INFO - Epoch 682/1000, Loss: 0.0559, Dice: 0.0516, MSE: 0.0213
2025-07-16 03:48:19 - INFO - Epoch 683/1000, Loss: 0.0667, Dice: 0.0638, MSE: 0.0142
2025-07-16 03:48:29 - INFO - Epoch 684/1000, Loss: 0.0532, Dice: 0.0494, MSE: 0.0189
2025-07-16 03:48:39 - INFO - Epoch 685/1000, Loss: 0.0513, Dice: 0.0468, MSE: 0.0225
2025-07-16 03:48:49 - INFO - Epoch 686/1000, Loss: 0.0500, Dice: 0.0459, MSE: 0.0202
2025-07-16 03:49:00 - INFO - Epoch 687/1000, Loss: 0.0499, Dice: 0.0457, MSE: 0.0209
2025-07-16 03:49:10 - INFO - Epoch 688/1000, Loss: 0.0520, Dice: 0.0492, MSE: 0.0141
2025-07-16 03:49:20 - INFO - Epoch 689/1000, Loss: 0.0526, Dice: 0.0489, MSE: 0.0182
2025-07-16 03:49:30 - INFO - Epoch 690/1000, Loss: 0.0755, Dice: 0.0707, MSE: 0.0240
2025-07-16 03:49:41 - INFO - Epoch 691/1000, Loss: 0.0511, Dice: 0.0473, MSE: 0.0187
2025-07-16 03:49:50 - INFO - Epoch 692/1000, Loss: 0.0862, Dice: 0.0818, MSE: 0.0220
2025-07-16 03:50:01 - INFO - Epoch 693/1000, Loss: 0.0476, Dice: 0.0443, MSE: 0.0165
2025-07-16 03:50:11 - INFO - Epoch 694/1000, Loss: 0.0515, Dice: 0.0477, MSE: 0.0193
2025-07-16 03:50:21 - INFO - Epoch 695/1000, Loss: 0.0575, Dice: 0.0538, MSE: 0.0186
2025-07-16 03:50:31 - INFO - Epoch 696/1000, Loss: 0.0540, Dice: 0.0510, MSE: 0.0152
2025-07-16 03:50:42 - INFO - Epoch 697/1000, Loss: 0.0609, Dice: 0.0564, MSE: 0.0225
2025-07-16 03:50:51 - INFO - Epoch 698/1000, Loss: 0.0564, Dice: 0.0520, MSE: 0.0220
2025-07-16 03:51:02 - INFO - Epoch 699/1000, Loss: 0.0647, Dice: 0.0618, MSE: 0.0144
2025-07-16 03:51:12 - INFO - Epoch 700/1000, Loss: 0.0676, Dice: 0.0641, MSE: 0.0178
2025-07-16 03:51:14 - INFO - 模型已保存至: epoch_700.pth
2025-07-16 03:51:24 - INFO - Epoch 701/1000, Loss: 0.0641, Dice: 0.0596, MSE: 0.0227
2025-07-16 03:51:35 - INFO - Epoch 702/1000, Loss: 0.0553, Dice: 0.0519, MSE: 0.0171
2025-07-16 03:51:45 - INFO - Epoch 703/1000, Loss: 0.0827, Dice: 0.0785, MSE: 0.0207
2025-07-16 03:51:55 - INFO - Epoch 704/1000, Loss: 0.0512, Dice: 0.0464, MSE: 0.0241
2025-07-16 03:52:06 - INFO - Epoch 705/1000, Loss: 0.0505, Dice: 0.0469, MSE: 0.0178
2025-07-16 03:52:15 - INFO - Epoch 706/1000, Loss: 0.0524, Dice: 0.0487, MSE: 0.0187
2025-07-16 03:52:26 - INFO - Epoch 707/1000, Loss: 0.0879, Dice: 0.0828, MSE: 0.0255
2025-07-16 03:52:36 - INFO - Epoch 708/1000, Loss: 0.0530, Dice: 0.0497, MSE: 0.0165
2025-07-16 03:52:46 - INFO - Epoch 709/1000, Loss: 0.0553, Dice: 0.0512, MSE: 0.0204
2025-07-16 03:52:56 - INFO - Epoch 710/1000, Loss: 0.0694, Dice: 0.0643, MSE: 0.0257
2025-07-16 03:53:07 - INFO - Epoch 711/1000, Loss: 0.0461, Dice: 0.0423, MSE: 0.0189
2025-07-16 03:53:16 - INFO - Epoch 712/1000, Loss: 0.0491, Dice: 0.0455, MSE: 0.0179
2025-07-16 03:53:27 - INFO - Epoch 713/1000, Loss: 0.0498, Dice: 0.0456, MSE: 0.0211
2025-07-16 03:53:37 - INFO - Epoch 714/1000, Loss: 0.0488, Dice: 0.0451, MSE: 0.0186
2025-07-16 03:53:47 - INFO - Epoch 715/1000, Loss: 0.0452, Dice: 0.0404, MSE: 0.0243
2025-07-16 03:53:58 - INFO - Epoch 716/1000, Loss: 0.0496, Dice: 0.0463, MSE: 0.0163
2025-07-16 03:54:08 - INFO - Epoch 717/1000, Loss: 0.0853, Dice: 0.0809, MSE: 0.0220
2025-07-16 03:54:16 - INFO - Epoch 718/1000, Loss: 0.0677, Dice: 0.0642, MSE: 0.0178
2025-07-16 03:54:26 - INFO - Epoch 719/1000, Loss: 0.0618, Dice: 0.0575, MSE: 0.0217
2025-07-16 03:54:37 - INFO - Epoch 720/1000, Loss: 0.0577, Dice: 0.0530, MSE: 0.0237
2025-07-16 03:54:38 - INFO - 模型已保存至: epoch_720.pth
2025-07-16 03:54:48 - INFO - Epoch 721/1000, Loss: 0.0554, Dice: 0.0515, MSE: 0.0193
2025-07-16 03:54:59 - INFO - Epoch 722/1000, Loss: 0.0560, Dice: 0.0525, MSE: 0.0173
2025-07-16 03:55:09 - INFO - Epoch 723/1000, Loss: 0.0477, Dice: 0.0441, MSE: 0.0181
2025-07-16 03:55:19 - INFO - Epoch 724/1000, Loss: 0.0505, Dice: 0.0465, MSE: 0.0198
2025-07-16 03:55:30 - INFO - Epoch 725/1000, Loss: 0.0428, Dice: 0.0394, MSE: 0.0168
2025-07-16 03:55:39 - INFO - Epoch 726/1000, Loss: 0.0756, Dice: 0.0713, MSE: 0.0212
2025-07-16 03:55:50 - INFO - Epoch 727/1000, Loss: 0.0505, Dice: 0.0466, MSE: 0.0199
2025-07-16 03:56:00 - INFO - Epoch 728/1000, Loss: 0.0473, Dice: 0.0440, MSE: 0.0162
2025-07-16 03:56:10 - INFO - Epoch 729/1000, Loss: 0.0532, Dice: 0.0499, MSE: 0.0166
2025-07-16 03:56:21 - INFO - Epoch 730/1000, Loss: 0.0498, Dice: 0.0448, MSE: 0.0247
2025-07-16 03:56:31 - INFO - Epoch 731/1000, Loss: 0.0501, Dice: 0.0470, MSE: 0.0158
2025-07-16 03:56:41 - INFO - Epoch 732/1000, Loss: 0.0513, Dice: 0.0468, MSE: 0.0225
2025-07-16 03:56:51 - INFO - Epoch 733/1000, Loss: 0.0521, Dice: 0.0487, MSE: 0.0168
2025-07-16 03:57:02 - INFO - Epoch 734/1000, Loss: 0.0531, Dice: 0.0503, MSE: 0.0140
2025-07-16 03:57:11 - INFO - Epoch 735/1000, Loss: 0.0479, Dice: 0.0445, MSE: 0.0170
2025-07-16 03:57:22 - INFO - Epoch 736/1000, Loss: 0.0469, Dice: 0.0435, MSE: 0.0174
2025-07-16 03:57:32 - INFO - Epoch 737/1000, Loss: 0.1760, Dice: 0.1686, MSE: 0.0373
2025-07-16 03:57:42 - INFO - Epoch 738/1000, Loss: 0.0528, Dice: 0.0492, MSE: 0.0181
2025-07-16 03:57:52 - INFO - Epoch 739/1000, Loss: 0.0487, Dice: 0.0453, MSE: 0.0170
2025-07-16 03:58:03 - INFO - Epoch 740/1000, Loss: 0.0536, Dice: 0.0495, MSE: 0.0202
2025-07-16 03:58:04 - INFO - 模型已保存至: epoch_740.pth
2025-07-16 03:58:15 - INFO - Epoch 741/1000, Loss: 0.0503, Dice: 0.0464, MSE: 0.0195
2025-07-16 03:58:25 - INFO - Epoch 742/1000, Loss: 0.0515, Dice: 0.0478, MSE: 0.0184
2025-07-16 03:58:35 - INFO - Epoch 743/1000, Loss: 0.0481, Dice: 0.0441, MSE: 0.0197
2025-07-16 03:58:45 - INFO - Epoch 744/1000, Loss: 0.0529, Dice: 0.0495, MSE: 0.0170
2025-07-16 03:58:56 - INFO - Epoch 745/1000, Loss: 0.0534, Dice: 0.0497, MSE: 0.0185
2025-07-16 03:59:06 - INFO - Epoch 746/1000, Loss: 0.0588, Dice: 0.0549, MSE: 0.0198
2025-07-16 03:59:16 - INFO - Epoch 747/1000, Loss: 0.0623, Dice: 0.0555, MSE: 0.0340
2025-07-16 03:59:26 - INFO - Epoch 748/1000, Loss: 0.0544, Dice: 0.0507, MSE: 0.0188
2025-07-16 03:59:36 - INFO - Epoch 749/1000, Loss: 0.0610, Dice: 0.0576, MSE: 0.0171
2025-07-16 03:59:47 - INFO - Epoch 750/1000, Loss: 0.0539, Dice: 0.0500, MSE: 0.0192
2025-07-16 03:59:57 - INFO - Epoch 751/1000, Loss: 0.0507, Dice: 0.0468, MSE: 0.0196
2025-07-16 04:00:07 - INFO - Epoch 752/1000, Loss: 0.0584, Dice: 0.0536, MSE: 0.0237
2025-07-16 04:00:17 - INFO - Epoch 753/1000, Loss: 0.0621, Dice: 0.0588, MSE: 0.0164
2025-07-16 04:00:28 - INFO - Epoch 754/1000, Loss: 0.0554, Dice: 0.0524, MSE: 0.0154
2025-07-16 04:00:37 - INFO - Epoch 755/1000, Loss: 0.0690, Dice: 0.0654, MSE: 0.0179
2025-07-16 04:00:48 - INFO - Epoch 756/1000, Loss: 0.0473, Dice: 0.0441, MSE: 0.0160
2025-07-16 04:00:58 - INFO - Epoch 757/1000, Loss: 0.0506, Dice: 0.0465, MSE: 0.0205
2025-07-16 04:01:08 - INFO - Epoch 758/1000, Loss: 0.0456, Dice: 0.0426, MSE: 0.0150
2025-07-16 04:01:18 - INFO - Epoch 759/1000, Loss: 0.0495, Dice: 0.0463, MSE: 0.0162
2025-07-16 04:01:28 - INFO - Epoch 760/1000, Loss: 0.0487, Dice: 0.0454, MSE: 0.0166
2025-07-16 04:01:30 - INFO - 模型已保存至: epoch_760.pth
2025-07-16 04:01:41 - INFO - Epoch 761/1000, Loss: 0.0456, Dice: 0.0424, MSE: 0.0159
2025-07-16 04:01:51 - INFO - Epoch 762/1000, Loss: 0.0786, Dice: 0.0743, MSE: 0.0214
2025-07-16 04:02:01 - INFO - Epoch 763/1000, Loss: 0.0461, Dice: 0.0428, MSE: 0.0168
2025-07-16 04:02:11 - INFO - Epoch 764/1000, Loss: 0.0416, Dice: 0.0390, MSE: 0.0129
2025-07-16 04:02:21 - INFO - Epoch 765/1000, Loss: 0.0468, Dice: 0.0437, MSE: 0.0158
2025-07-16 04:02:31 - INFO - Epoch 766/1000, Loss: 0.0474, Dice: 0.0439, MSE: 0.0176
2025-07-16 04:02:42 - INFO - Epoch 767/1000, Loss: 0.0782, Dice: 0.0738, MSE: 0.0222
2025-07-16 04:02:52 - INFO - Epoch 768/1000, Loss: 0.0478, Dice: 0.0444, MSE: 0.0171
2025-07-16 04:03:02 - INFO - Epoch 769/1000, Loss: 0.0484, Dice: 0.0446, MSE: 0.0191
2025-07-16 04:03:12 - INFO - Epoch 770/1000, Loss: 0.0535, Dice: 0.0504, MSE: 0.0155
2025-07-16 04:03:23 - INFO - Epoch 771/1000, Loss: 0.0448, Dice: 0.0413, MSE: 0.0172
2025-07-16 04:03:33 - INFO - Epoch 772/1000, Loss: 0.0410, Dice: 0.0377, MSE: 0.0165
2025-07-16 04:03:43 - INFO - Epoch 773/1000, Loss: 0.0743, Dice: 0.0709, MSE: 0.0169
2025-07-16 04:03:54 - INFO - Epoch 774/1000, Loss: 0.0490, Dice: 0.0442, MSE: 0.0239
2025-07-16 04:04:02 - INFO - Epoch 775/1000, Loss: 0.0689, Dice: 0.0655, MSE: 0.0173
2025-07-16 04:04:12 - INFO - Epoch 776/1000, Loss: 0.0466, Dice: 0.0423, MSE: 0.0217
2025-07-16 04:04:23 - INFO - Epoch 777/1000, Loss: 0.0492, Dice: 0.0448, MSE: 0.0220
2025-07-16 04:04:32 - INFO - Epoch 778/1000, Loss: 0.0526, Dice: 0.0488, MSE: 0.0190
2025-07-16 04:04:43 - INFO - Epoch 779/1000, Loss: 0.0455, Dice: 0.0417, MSE: 0.0189
2025-07-16 04:04:53 - INFO - Epoch 780/1000, Loss: 0.0849, Dice: 0.0808, MSE: 0.0205
2025-07-16 04:04:55 - INFO - 模型已保存至: epoch_780.pth
2025-07-16 04:05:05 - INFO - Epoch 781/1000, Loss: 0.0558, Dice: 0.0518, MSE: 0.0201
2025-07-16 04:05:16 - INFO - Epoch 782/1000, Loss: 0.0472, Dice: 0.0426, MSE: 0.0232
2025-07-16 04:05:25 - INFO - Epoch 783/1000, Loss: 0.0480, Dice: 0.0445, MSE: 0.0171
2025-07-16 04:05:36 - INFO - Epoch 784/1000, Loss: 0.0430, Dice: 0.0399, MSE: 0.0156
2025-07-16 04:05:46 - INFO - Epoch 785/1000, Loss: 0.1026, Dice: 0.0986, MSE: 0.0199
2025-07-16 04:05:55 - INFO - Epoch 786/1000, Loss: 0.0487, Dice: 0.0449, MSE: 0.0193
2025-07-16 04:06:06 - INFO - Epoch 787/1000, Loss: 0.0433, Dice: 0.0403, MSE: 0.0152
2025-07-16 04:06:16 - INFO - Epoch 788/1000, Loss: 0.0466, Dice: 0.0432, MSE: 0.0167
2025-07-16 04:06:26 - INFO - Epoch 789/1000, Loss: 0.0412, Dice: 0.0379, MSE: 0.0166
2025-07-16 04:06:36 - INFO - Epoch 790/1000, Loss: 0.0488, Dice: 0.0456, MSE: 0.0160
2025-07-16 04:06:47 - INFO - Epoch 791/1000, Loss: 0.0470, Dice: 0.0435, MSE: 0.0175
2025-07-16 04:06:56 - INFO - Epoch 792/1000, Loss: 0.0423, Dice: 0.0393, MSE: 0.0146
2025-07-16 04:07:07 - INFO - Epoch 793/1000, Loss: 0.0467, Dice: 0.0430, MSE: 0.0184
2025-07-16 04:07:17 - INFO - Epoch 794/1000, Loss: 0.0519, Dice: 0.0479, MSE: 0.0202
2025-07-16 04:07:27 - INFO - Epoch 795/1000, Loss: 0.0513, Dice: 0.0474, MSE: 0.0198
2025-07-16 04:07:37 - INFO - Epoch 796/1000, Loss: 0.0493, Dice: 0.0466, MSE: 0.0132
2025-07-16 04:07:47 - INFO - Epoch 797/1000, Loss: 0.0443, Dice: 0.0403, MSE: 0.0200
2025-07-16 04:07:57 - INFO - Epoch 798/1000, Loss: 0.0430, Dice: 0.0396, MSE: 0.0172
2025-07-16 04:08:08 - INFO - Epoch 799/1000, Loss: 0.0834, Dice: 0.0786, MSE: 0.0239
2025-07-16 04:08:18 - INFO - Epoch 800/1000, Loss: 0.0439, Dice: 0.0412, MSE: 0.0139
2025-07-16 04:08:19 - INFO - 模型已保存至: epoch_800.pth
2025-07-16 04:08:30 - INFO - Epoch 801/1000, Loss: 0.0605, Dice: 0.0570, MSE: 0.0175
2025-07-16 04:08:40 - INFO - Epoch 802/1000, Loss: 0.0692, Dice: 0.0653, MSE: 0.0196
2025-07-16 04:08:50 - INFO - Epoch 803/1000, Loss: 0.0515, Dice: 0.0467, MSE: 0.0237
2025-07-16 04:09:01 - INFO - Epoch 804/1000, Loss: 0.0450, Dice: 0.0417, MSE: 0.0165
2025-07-16 04:09:11 - INFO - Epoch 805/1000, Loss: 0.0426, Dice: 0.0394, MSE: 0.0160
2025-07-16 04:09:21 - INFO - Epoch 806/1000, Loss: 0.0444, Dice: 0.0411, MSE: 0.0165
2025-07-16 04:09:31 - INFO - Epoch 807/1000, Loss: 0.0742, Dice: 0.0700, MSE: 0.0210
2025-07-16 04:09:42 - INFO - Epoch 808/1000, Loss: 0.0446, Dice: 0.0415, MSE: 0.0156
2025-07-16 04:09:52 - INFO - Epoch 809/1000, Loss: 0.0548, Dice: 0.0517, MSE: 0.0155
2025-07-16 04:10:02 - INFO - Epoch 810/1000, Loss: 0.0431, Dice: 0.0405, MSE: 0.0128
2025-07-16 04:10:13 - INFO - Epoch 811/1000, Loss: 0.0532, Dice: 0.0492, MSE: 0.0201
2025-07-16 04:10:22 - INFO - Epoch 812/1000, Loss: 0.0456, Dice: 0.0419, MSE: 0.0185
2025-07-16 04:10:33 - INFO - Epoch 813/1000, Loss: 0.0496, Dice: 0.0454, MSE: 0.0212
2025-07-16 04:10:43 - INFO - Epoch 814/1000, Loss: 0.0550, Dice: 0.0510, MSE: 0.0200
2025-07-16 04:10:53 - INFO - Epoch 815/1000, Loss: 0.0609, Dice: 0.0576, MSE: 0.0168
2025-07-16 04:11:03 - INFO - Epoch 816/1000, Loss: 0.0550, Dice: 0.0521, MSE: 0.0144
2025-07-16 04:11:14 - INFO - Epoch 817/1000, Loss: 0.0557, Dice: 0.0522, MSE: 0.0173
2025-07-16 04:11:24 - INFO - Epoch 818/1000, Loss: 0.0502, Dice: 0.0468, MSE: 0.0172
2025-07-16 04:11:35 - INFO - Epoch 819/1000, Loss: 0.0530, Dice: 0.0501, MSE: 0.0142
2025-07-16 04:11:45 - INFO - Epoch 820/1000, Loss: 0.0587, Dice: 0.0547, MSE: 0.0200
2025-07-16 04:11:46 - INFO - 模型已保存至: epoch_820.pth
2025-07-16 04:11:57 - INFO - Epoch 821/1000, Loss: 0.0550, Dice: 0.0520, MSE: 0.0149
2025-07-16 04:12:07 - INFO - Epoch 822/1000, Loss: 0.0519, Dice: 0.0477, MSE: 0.0211
2025-07-16 04:12:16 - INFO - Epoch 823/1000, Loss: 0.0471, Dice: 0.0434, MSE: 0.0184
2025-07-16 04:12:27 - INFO - Epoch 824/1000, Loss: 0.0597, Dice: 0.0562, MSE: 0.0174
2025-07-16 04:12:37 - INFO - Epoch 825/1000, Loss: 0.0639, Dice: 0.0594, MSE: 0.0226
2025-07-16 04:12:47 - INFO - Epoch 826/1000, Loss: 0.0599, Dice: 0.0546, MSE: 0.0265
2025-07-16 04:12:58 - INFO - Epoch 827/1000, Loss: 0.0779, Dice: 0.0738, MSE: 0.0207
2025-07-16 04:13:08 - INFO - Epoch 828/1000, Loss: 0.0955, Dice: 0.0909, MSE: 0.0228
2025-07-16 04:13:18 - INFO - Epoch 829/1000, Loss: 0.0605, Dice: 0.0566, MSE: 0.0195
2025-07-16 04:13:28 - INFO - Epoch 830/1000, Loss: 0.0647, Dice: 0.0602, MSE: 0.0224
2025-07-16 04:13:38 - INFO - Epoch 831/1000, Loss: 0.0556, Dice: 0.0509, MSE: 0.0237
2025-07-16 04:13:47 - INFO - Epoch 832/1000, Loss: 0.0562, Dice: 0.0528, MSE: 0.0170
2025-07-16 04:13:57 - INFO - Epoch 833/1000, Loss: 0.0526, Dice: 0.0487, MSE: 0.0194
2025-07-16 04:14:08 - INFO - Epoch 834/1000, Loss: 0.0593, Dice: 0.0555, MSE: 0.0191
2025-07-16 04:14:17 - INFO - Epoch 835/1000, Loss: 0.1798, Dice: 0.1716, MSE: 0.0411
2025-07-16 04:14:28 - INFO - Epoch 836/1000, Loss: 0.0593, Dice: 0.0551, MSE: 0.0210
2025-07-16 04:14:38 - INFO - Epoch 837/1000, Loss: 0.0572, Dice: 0.0536, MSE: 0.0178
2025-07-16 04:14:48 - INFO - Epoch 838/1000, Loss: 0.0533, Dice: 0.0498, MSE: 0.0175
2025-07-16 04:14:58 - INFO - Epoch 839/1000, Loss: 0.0509, Dice: 0.0473, MSE: 0.0181
2025-07-16 04:15:09 - INFO - Epoch 840/1000, Loss: 0.0517, Dice: 0.0485, MSE: 0.0156
2025-07-16 04:15:10 - INFO - 模型已保存至: epoch_840.pth
2025-07-16 04:15:21 - INFO - Epoch 841/1000, Loss: 0.0795, Dice: 0.0750, MSE: 0.0225
2025-07-16 04:15:31 - INFO - Epoch 842/1000, Loss: 0.0498, Dice: 0.0461, MSE: 0.0186
2025-07-16 04:15:41 - INFO - Epoch 843/1000, Loss: 0.0448, Dice: 0.0415, MSE: 0.0165
2025-07-16 04:15:51 - INFO - Epoch 844/1000, Loss: 0.0493, Dice: 0.0461, MSE: 0.0160
2025-07-16 04:16:01 - INFO - Epoch 845/1000, Loss: 0.0471, Dice: 0.0439, MSE: 0.0163
2025-07-16 04:16:11 - INFO - Epoch 846/1000, Loss: 0.0508, Dice: 0.0475, MSE: 0.0165
2025-07-16 04:16:22 - INFO - Epoch 847/1000, Loss: 0.0490, Dice: 0.0459, MSE: 0.0153
2025-07-16 04:16:32 - INFO - Epoch 848/1000, Loss: 0.0429, Dice: 0.0391, MSE: 0.0186
2025-07-16 04:16:42 - INFO - Epoch 849/1000, Loss: 0.0430, Dice: 0.0400, MSE: 0.0149
2025-07-16 04:16:52 - INFO - Epoch 850/1000, Loss: 0.0485, Dice: 0.0453, MSE: 0.0158
2025-07-16 04:17:03 - INFO - Epoch 851/1000, Loss: 0.0805, Dice: 0.0757, MSE: 0.0238
2025-07-16 04:17:12 - INFO - Epoch 852/1000, Loss: 0.0461, Dice: 0.0423, MSE: 0.0187
2025-07-16 04:17:23 - INFO - Epoch 853/1000, Loss: 0.0606, Dice: 0.0558, MSE: 0.0241
2025-07-16 04:17:33 - INFO - Epoch 854/1000, Loss: 0.0580, Dice: 0.0533, MSE: 0.0235
2025-07-16 04:17:43 - INFO - Epoch 855/1000, Loss: 0.0504, Dice: 0.0454, MSE: 0.0247
2025-07-16 04:17:54 - INFO - Epoch 856/1000, Loss: 0.0543, Dice: 0.0514, MSE: 0.0147
2025-07-16 04:18:04 - INFO - Epoch 857/1000, Loss: 0.0462, Dice: 0.0420, MSE: 0.0208
2025-07-16 04:18:14 - INFO - Epoch 858/1000, Loss: 0.0454, Dice: 0.0411, MSE: 0.0212
2025-07-16 04:18:25 - INFO - Epoch 859/1000, Loss: 0.0486, Dice: 0.0445, MSE: 0.0207
2025-07-16 04:18:34 - INFO - Epoch 860/1000, Loss: 0.0677, Dice: 0.0639, MSE: 0.0191
2025-07-16 04:18:36 - INFO - 模型已保存至: epoch_860.pth
2025-07-16 04:18:46 - INFO - Epoch 861/1000, Loss: 0.0495, Dice: 0.0458, MSE: 0.0185
2025-07-16 04:18:57 - INFO - Epoch 862/1000, Loss: 0.0519, Dice: 0.0483, MSE: 0.0177
2025-07-16 04:19:06 - INFO - Epoch 863/1000, Loss: 0.0490, Dice: 0.0459, MSE: 0.0155
2025-07-16 04:19:17 - INFO - Epoch 864/1000, Loss: 0.0453, Dice: 0.0404, MSE: 0.0243
2025-07-16 04:19:28 - INFO - Epoch 865/1000, Loss: 0.0485, Dice: 0.0445, MSE: 0.0204
2025-07-16 04:19:37 - INFO - Epoch 866/1000, Loss: 0.0473, Dice: 0.0431, MSE: 0.0209
2025-07-16 04:19:48 - INFO - Epoch 867/1000, Loss: 0.0483, Dice: 0.0439, MSE: 0.0224
2025-07-16 04:19:58 - INFO - Epoch 868/1000, Loss: 0.0516, Dice: 0.0483, MSE: 0.0163
2025-07-16 04:20:08 - INFO - Epoch 869/1000, Loss: 0.0623, Dice: 0.0576, MSE: 0.0233
2025-07-16 04:20:19 - INFO - Epoch 870/1000, Loss: 0.0557, Dice: 0.0526, MSE: 0.0153
2025-07-16 04:20:29 - INFO - Epoch 871/1000, Loss: 0.0494, Dice: 0.0462, MSE: 0.0157
2025-07-16 04:20:39 - INFO - Epoch 872/1000, Loss: 0.0467, Dice: 0.0433, MSE: 0.0168
2025-07-16 04:20:50 - INFO - Epoch 873/1000, Loss: 0.0730, Dice: 0.0688, MSE: 0.0207
2025-07-16 04:20:59 - INFO - Epoch 874/1000, Loss: 0.0492, Dice: 0.0465, MSE: 0.0137
2025-07-16 04:21:10 - INFO - Epoch 875/1000, Loss: 0.0756, Dice: 0.0721, MSE: 0.0176
2025-07-16 04:21:20 - INFO - Epoch 876/1000, Loss: 0.0435, Dice: 0.0399, MSE: 0.0181
2025-07-16 04:21:30 - INFO - Epoch 877/1000, Loss: 0.0467, Dice: 0.0435, MSE: 0.0162
2025-07-16 04:21:40 - INFO - Epoch 878/1000, Loss: 0.0403, Dice: 0.0369, MSE: 0.0169
2025-07-16 04:21:51 - INFO - Epoch 879/1000, Loss: 0.0420, Dice: 0.0385, MSE: 0.0171
2025-07-16 04:22:01 - INFO - Epoch 880/1000, Loss: 0.0416, Dice: 0.0389, MSE: 0.0135
2025-07-16 04:22:02 - INFO - 模型已保存至: epoch_880.pth
2025-07-16 04:22:12 - INFO - Epoch 881/1000, Loss: 0.0441, Dice: 0.0409, MSE: 0.0162
2025-07-16 04:22:23 - INFO - Epoch 882/1000, Loss: 0.0406, Dice: 0.0377, MSE: 0.0145
2025-07-16 04:22:33 - INFO - Epoch 883/1000, Loss: 0.0437, Dice: 0.0401, MSE: 0.0179
2025-07-16 04:22:43 - INFO - Epoch 884/1000, Loss: 0.0396, Dice: 0.0361, MSE: 0.0175
2025-07-16 04:22:53 - INFO - Epoch 885/1000, Loss: 0.0394, Dice: 0.0357, MSE: 0.0187
2025-07-16 04:23:04 - INFO - Epoch 886/1000, Loss: 0.0395, Dice: 0.0364, MSE: 0.0152
2025-07-16 04:23:14 - INFO - Epoch 887/1000, Loss: 0.0547, Dice: 0.0507, MSE: 0.0197
2025-07-16 04:23:23 - INFO - Epoch 888/1000, Loss: 0.0433, Dice: 0.0396, MSE: 0.0183
2025-07-16 04:23:33 - INFO - Epoch 889/1000, Loss: 0.0441, Dice: 0.0406, MSE: 0.0175
2025-07-16 04:23:44 - INFO - Epoch 890/1000, Loss: 0.0416, Dice: 0.0367, MSE: 0.0242
2025-07-16 04:23:54 - INFO - Epoch 891/1000, Loss: 0.0443, Dice: 0.0409, MSE: 0.0171
2025-07-16 04:24:04 - INFO - Epoch 892/1000, Loss: 0.0424, Dice: 0.0396, MSE: 0.0137
2025-07-16 04:24:15 - INFO - Epoch 893/1000, Loss: 0.0394, Dice: 0.0366, MSE: 0.0140
2025-07-16 04:24:24 - INFO - Epoch 894/1000, Loss: 0.0419, Dice: 0.0390, MSE: 0.0144
2025-07-16 04:24:35 - INFO - Epoch 895/1000, Loss: 0.0435, Dice: 0.0400, MSE: 0.0176
2025-07-16 04:24:45 - INFO - Epoch 896/1000, Loss: 0.0471, Dice: 0.0422, MSE: 0.0248
2025-07-16 04:24:55 - INFO - Epoch 897/1000, Loss: 0.0417, Dice: 0.0378, MSE: 0.0197
2025-07-16 04:25:05 - INFO - Epoch 898/1000, Loss: 0.0416, Dice: 0.0388, MSE: 0.0145
2025-07-16 04:25:16 - INFO - Epoch 899/1000, Loss: 0.0448, Dice: 0.0398, MSE: 0.0248
2025-07-16 04:25:26 - INFO - Epoch 900/1000, Loss: 0.0407, Dice: 0.0378, MSE: 0.0147
2025-07-16 04:25:27 - INFO - 模型已保存至: epoch_900.pth
2025-07-16 04:25:38 - INFO - Epoch 901/1000, Loss: 0.0419, Dice: 0.0376, MSE: 0.0216
2025-07-16 04:25:48 - INFO - Epoch 902/1000, Loss: 0.0382, Dice: 0.0345, MSE: 0.0187
2025-07-16 04:25:58 - INFO - Epoch 903/1000, Loss: 0.0433, Dice: 0.0401, MSE: 0.0162
2025-07-16 04:26:08 - INFO - Epoch 904/1000, Loss: 0.0490, Dice: 0.0462, MSE: 0.0142
2025-07-16 04:26:19 - INFO - Epoch 905/1000, Loss: 0.0525, Dice: 0.0498, MSE: 0.0134
2025-07-16 04:26:29 - INFO - Epoch 906/1000, Loss: 0.0498, Dice: 0.0460, MSE: 0.0188
2025-07-16 04:26:39 - INFO - Epoch 907/1000, Loss: 0.0496, Dice: 0.0463, MSE: 0.0162
2025-07-16 04:26:49 - INFO - Epoch 908/1000, Loss: 0.0436, Dice: 0.0408, MSE: 0.0142
2025-07-16 04:27:00 - INFO - Epoch 909/1000, Loss: 0.0431, Dice: 0.0403, MSE: 0.0142
2025-07-16 04:27:10 - INFO - Epoch 910/1000, Loss: 0.0423, Dice: 0.0387, MSE: 0.0176
2025-07-16 04:27:20 - INFO - Epoch 911/1000, Loss: 0.0393, Dice: 0.0365, MSE: 0.0142
2025-07-16 04:27:31 - INFO - Epoch 912/1000, Loss: 0.0461, Dice: 0.0425, MSE: 0.0179
2025-07-16 04:27:41 - INFO - Epoch 913/1000, Loss: 0.0698, Dice: 0.0665, MSE: 0.0166
2025-07-16 04:27:51 - INFO - Epoch 914/1000, Loss: 0.0469, Dice: 0.0434, MSE: 0.0180
2025-07-16 04:28:01 - INFO - Epoch 915/1000, Loss: 0.0462, Dice: 0.0431, MSE: 0.0155
2025-07-16 04:28:12 - INFO - Epoch 916/1000, Loss: 0.0433, Dice: 0.0395, MSE: 0.0189
2025-07-16 04:28:22 - INFO - Epoch 917/1000, Loss: 0.0469, Dice: 0.0422, MSE: 0.0237
2025-07-16 04:28:32 - INFO - Epoch 918/1000, Loss: 0.0515, Dice: 0.0482, MSE: 0.0167
2025-07-16 04:28:42 - INFO - Epoch 919/1000, Loss: 0.0405, Dice: 0.0376, MSE: 0.0143
2025-07-16 04:28:52 - INFO - Epoch 920/1000, Loss: 0.0446, Dice: 0.0409, MSE: 0.0186
2025-07-16 04:28:54 - INFO - 模型已保存至: epoch_920.pth
2025-07-16 04:29:04 - INFO - Epoch 921/1000, Loss: 0.0424, Dice: 0.0395, MSE: 0.0145
2025-07-16 04:29:14 - INFO - Epoch 922/1000, Loss: 0.0433, Dice: 0.0384, MSE: 0.0247
2025-07-16 04:29:25 - INFO - Epoch 923/1000, Loss: 0.0503, Dice: 0.0458, MSE: 0.0226
2025-07-16 04:29:35 - INFO - Epoch 924/1000, Loss: 0.0482, Dice: 0.0450, MSE: 0.0158
2025-07-16 04:29:45 - INFO - Epoch 925/1000, Loss: 0.0492, Dice: 0.0463, MSE: 0.0149
2025-07-16 04:29:55 - INFO - Epoch 926/1000, Loss: 0.0581, Dice: 0.0546, MSE: 0.0177
2025-07-16 04:30:06 - INFO - Epoch 927/1000, Loss: 0.0468, Dice: 0.0429, MSE: 0.0195
2025-07-16 04:30:16 - INFO - Epoch 928/1000, Loss: 0.0674, Dice: 0.0626, MSE: 0.0238
2025-07-16 04:30:26 - INFO - Epoch 929/1000, Loss: 0.2930, Dice: 0.2859, MSE: 0.0351
2025-07-16 04:30:37 - INFO - Epoch 930/1000, Loss: 0.2464, Dice: 0.2397, MSE: 0.0338
2025-07-16 04:30:46 - INFO - Epoch 931/1000, Loss: 0.2432, Dice: 0.2371, MSE: 0.0307
2025-07-16 04:30:57 - INFO - Epoch 932/1000, Loss: 0.2067, Dice: 0.2029, MSE: 0.0189
2025-07-16 04:31:08 - INFO - Epoch 933/1000, Loss: 0.1603, Dice: 0.1559, MSE: 0.0219
2025-07-16 04:31:17 - INFO - Epoch 934/1000, Loss: 0.1391, Dice: 0.1354, MSE: 0.0182
2025-07-16 04:31:28 - INFO - Epoch 935/1000, Loss: 0.1189, Dice: 0.1129, MSE: 0.0298
2025-07-16 04:31:38 - INFO - Epoch 936/1000, Loss: 0.1349, Dice: 0.1294, MSE: 0.0276
2025-07-16 04:31:48 - INFO - Epoch 937/1000, Loss: 0.1029, Dice: 0.0986, MSE: 0.0211
2025-07-16 04:31:59 - INFO - Epoch 938/1000, Loss: 0.1142, Dice: 0.1102, MSE: 0.0203
2025-07-16 04:32:09 - INFO - Epoch 939/1000, Loss: 0.1046, Dice: 0.1003, MSE: 0.0218
2025-07-16 04:32:19 - INFO - Epoch 940/1000, Loss: 0.0962, Dice: 0.0919, MSE: 0.0214
2025-07-16 04:32:21 - INFO - 模型已保存至: epoch_940.pth
2025-07-16 04:32:31 - INFO - Epoch 941/1000, Loss: 0.1052, Dice: 0.1004, MSE: 0.0242
2025-07-16 04:32:41 - INFO - Epoch 942/1000, Loss: 0.1003, Dice: 0.0945, MSE: 0.0291
2025-07-16 04:32:51 - INFO - Epoch 943/1000, Loss: 0.1336, Dice: 0.1298, MSE: 0.0189
2025-07-16 04:33:02 - INFO - Epoch 944/1000, Loss: 0.0791, Dice: 0.0749, MSE: 0.0210
2025-07-16 04:33:10 - INFO - Epoch 945/1000, Loss: 0.0950, Dice: 0.0908, MSE: 0.0213
2025-07-16 04:33:20 - INFO - Epoch 946/1000, Loss: 0.0765, Dice: 0.0728, MSE: 0.0185
2025-07-16 04:33:30 - INFO - Epoch 947/1000, Loss: 0.0767, Dice: 0.0715, MSE: 0.0258
2025-07-16 04:33:40 - INFO - Epoch 948/1000, Loss: 0.0828, Dice: 0.0792, MSE: 0.0178
2025-07-16 04:33:51 - INFO - Epoch 949/1000, Loss: 0.0805, Dice: 0.0758, MSE: 0.0238
2025-07-16 04:34:01 - INFO - Epoch 950/1000, Loss: 0.0727, Dice: 0.0679, MSE: 0.0236
2025-07-16 04:34:11 - INFO - Epoch 951/1000, Loss: 0.1694, Dice: 0.1618, MSE: 0.0378
2025-07-16 04:34:21 - INFO - Epoch 952/1000, Loss: 0.0692, Dice: 0.0666, MSE: 0.0131
2025-07-16 04:34:32 - INFO - Epoch 953/1000, Loss: 0.0680, Dice: 0.0646, MSE: 0.0169
2025-07-16 04:34:41 - INFO - Epoch 954/1000, Loss: 0.0566, Dice: 0.0530, MSE: 0.0177
2025-07-16 04:34:52 - INFO - Epoch 955/1000, Loss: 0.0920, Dice: 0.0876, MSE: 0.0220
2025-07-16 04:35:02 - INFO - Epoch 956/1000, Loss: 0.0627, Dice: 0.0597, MSE: 0.0149
2025-07-16 04:35:12 - INFO - Epoch 957/1000, Loss: 0.0675, Dice: 0.0644, MSE: 0.0156
2025-07-16 04:35:22 - INFO - Epoch 958/1000, Loss: 0.0635, Dice: 0.0603, MSE: 0.0157
2025-07-16 04:35:33 - INFO - Epoch 959/1000, Loss: 0.0710, Dice: 0.0666, MSE: 0.0219
2025-07-16 04:35:43 - INFO - Epoch 960/1000, Loss: 0.0635, Dice: 0.0601, MSE: 0.0166
2025-07-16 04:35:44 - INFO - 模型已保存至: epoch_960.pth
2025-07-16 04:35:55 - INFO - Epoch 961/1000, Loss: 0.0665, Dice: 0.0629, MSE: 0.0180
2025-07-16 04:36:04 - INFO - Epoch 962/1000, Loss: 0.0574, Dice: 0.0535, MSE: 0.0196
2025-07-16 04:36:15 - INFO - Epoch 963/1000, Loss: 0.0605, Dice: 0.0571, MSE: 0.0166
2025-07-16 04:36:25 - INFO - Epoch 964/1000, Loss: 0.1504, Dice: 0.1432, MSE: 0.0361
2025-07-16 04:36:35 - INFO - Epoch 965/1000, Loss: 0.0547, Dice: 0.0501, MSE: 0.0232
2025-07-16 04:36:45 - INFO - Epoch 966/1000, Loss: 0.0560, Dice: 0.0530, MSE: 0.0150
2025-07-16 04:36:56 - INFO - Epoch 967/1000, Loss: 0.0539, Dice: 0.0505, MSE: 0.0171
2025-07-16 04:37:06 - INFO - Epoch 968/1000, Loss: 0.1052, Dice: 0.1017, MSE: 0.0174
2025-07-16 04:37:16 - INFO - Epoch 969/1000, Loss: 0.0527, Dice: 0.0495, MSE: 0.0162
2025-07-16 04:37:27 - INFO - Epoch 970/1000, Loss: 0.0834, Dice: 0.0800, MSE: 0.0173
2025-07-16 04:37:36 - INFO - Epoch 971/1000, Loss: 0.0593, Dice: 0.0561, MSE: 0.0161
2025-07-16 04:37:47 - INFO - Epoch 972/1000, Loss: 0.0575, Dice: 0.0539, MSE: 0.0179
2025-07-16 04:37:57 - INFO - Epoch 973/1000, Loss: 0.0502, Dice: 0.0468, MSE: 0.0172
2025-07-16 04:38:07 - INFO - Epoch 974/1000, Loss: 0.0547, Dice: 0.0517, MSE: 0.0151
2025-07-16 04:38:17 - INFO - Epoch 975/1000, Loss: 0.0565, Dice: 0.0537, MSE: 0.0143
2025-07-16 04:38:27 - INFO - Epoch 976/1000, Loss: 0.0480, Dice: 0.0442, MSE: 0.0192
2025-07-16 04:38:37 - INFO - Epoch 977/1000, Loss: 0.0570, Dice: 0.0530, MSE: 0.0199
2025-07-16 04:38:48 - INFO - Epoch 978/1000, Loss: 0.0489, Dice: 0.0445, MSE: 0.0223
2025-07-16 04:38:58 - INFO - Epoch 979/1000, Loss: 0.1536, Dice: 0.1462, MSE: 0.0369
2025-07-16 04:39:08 - INFO - Epoch 980/1000, Loss: 0.0515, Dice: 0.0457, MSE: 0.0291
2025-07-16 04:39:09 - INFO - 模型已保存至: epoch_980.pth
2025-07-16 04:39:20 - INFO - Epoch 981/1000, Loss: 0.0458, Dice: 0.0425, MSE: 0.0162
2025-07-16 04:39:29 - INFO - Epoch 982/1000, Loss: 0.0501, Dice: 0.0464, MSE: 0.0181
2025-07-16 04:39:40 - INFO - Epoch 983/1000, Loss: 0.0477, Dice: 0.0437, MSE: 0.0199
2025-07-16 04:39:50 - INFO - Epoch 984/1000, Loss: 0.0560, Dice: 0.0523, MSE: 0.0183
2025-07-16 04:40:00 - INFO - Epoch 985/1000, Loss: 0.0804, Dice: 0.0755, MSE: 0.0245
2025-07-16 04:40:11 - INFO - Epoch 986/1000, Loss: 0.0486, Dice: 0.0454, MSE: 0.0163
2025-07-16 04:40:21 - INFO - Epoch 987/1000, Loss: 0.0527, Dice: 0.0489, MSE: 0.0189
2025-07-16 04:40:31 - INFO - Epoch 988/1000, Loss: 0.0514, Dice: 0.0482, MSE: 0.0160
2025-07-16 04:40:41 - INFO - Epoch 989/1000, Loss: 0.0954, Dice: 0.0904, MSE: 0.0252
2025-07-16 04:40:52 - INFO - Epoch 990/1000, Loss: 0.0516, Dice: 0.0487, MSE: 0.0143
2025-07-16 04:41:02 - INFO - Epoch 991/1000, Loss: 0.0503, Dice: 0.0459, MSE: 0.0220
2025-07-16 04:41:12 - INFO - Epoch 992/1000, Loss: 0.0870, Dice: 0.0824, MSE: 0.0227
2025-07-16 04:41:23 - INFO - Epoch 993/1000, Loss: 0.0498, Dice: 0.0457, MSE: 0.0202
2025-07-16 04:41:33 - INFO - Epoch 994/1000, Loss: 0.0567, Dice: 0.0527, MSE: 0.0201
2025-07-16 04:41:43 - INFO - Epoch 995/1000, Loss: 0.0439, Dice: 0.0406, MSE: 0.0166
2025-07-16 04:41:53 - INFO - Epoch 996/1000, Loss: 0.0475, Dice: 0.0447, MSE: 0.0141
2025-07-16 04:42:04 - INFO - Epoch 997/1000, Loss: 0.0486, Dice: 0.0448, MSE: 0.0194
2025-07-16 04:42:14 - INFO - Epoch 998/1000, Loss: 0.0474, Dice: 0.0430, MSE: 0.0220
2025-07-16 04:42:24 - INFO - Epoch 999/1000, Loss: 0.0521, Dice: 0.0485, MSE: 0.0184
2025-07-16 04:42:34 - INFO - Epoch 1000/1000, Loss: 0.0504, Dice: 0.0458, MSE: 0.0230
2025-07-16 04:42:36 - INFO - 模型已保存至: epoch_1000.pth
2025-07-16 04:42:36 - INFO - 训练完成！
