2025-05-13 01:28:53 - INFO - Logging is set up.
2025-05-13 01:28:53 - INFO - 训练配置参数:
{'seed': 42, 'epochs': 400, 'batch_size': 10, 'num_classes': 2, 'learning_rate': 0.0001, 'dataset_path': './datasets/LA', 'log_path': './result/Double_VNet/LA_16_SemiSupervised/Training.log', 'pth_path': './result/Double_VNet/LA_16_SemiSupervised/Pth', 'tensorboard_path': './result/Double_VNet/LA_16_SemiSupervised/Train', 'continue_train': False, 'multi_gpu': True, 'training_label_num': 16, 'training_unlabel_num': 64, 'label_bs': 2, 'unlabel_bs': 8, 'consistency_weight': 0.3, 'pretrained_weights': None}
2025-05-13 01:28:53 - INFO - 使用 2 个GPU
2025-05-13 01:28:53 - INFO - 模型总参数: 18,373,444
2025-05-13 01:28:53 - INFO - 可训练参数: 18,373,444
2025-05-13 01:29:10 - INFO - Epoch 1/400, Loss: 1.3665, Dice: 1.3598, MSE: 0.0223
2025-05-13 01:29:24 - INFO - Epoch 2/400, Loss: 1.2570, Dice: 1.2515, MSE: 0.0184
2025-05-13 01:29:39 - INFO - Epoch 3/400, Loss: 1.1071, Dice: 1.1024, MSE: 0.0158
2025-05-13 01:29:53 - INFO - Epoch 4/400, Loss: 1.0498, Dice: 1.0446, MSE: 0.0173
2025-05-13 01:30:06 - INFO - Epoch 5/400, Loss: 1.0901, Dice: 1.0851, MSE: 0.0165
2025-05-13 01:30:21 - INFO - Epoch 6/400, Loss: 1.0659, Dice: 1.0618, MSE: 0.0138
2025-05-13 01:30:35 - INFO - Epoch 7/400, Loss: 1.0130, Dice: 1.0081, MSE: 0.0165
2025-05-13 01:30:50 - INFO - Epoch 8/400, Loss: 1.0123, Dice: 1.0070, MSE: 0.0176
2025-05-13 01:31:03 - INFO - Epoch 9/400, Loss: 1.0507, Dice: 1.0453, MSE: 0.0177
2025-05-13 01:31:17 - INFO - Epoch 10/400, Loss: 0.9764, Dice: 0.9722, MSE: 0.0140
2025-05-13 01:31:31 - INFO - Epoch 11/400, Loss: 0.9256, Dice: 0.9201, MSE: 0.0182
2025-05-13 01:31:46 - INFO - Epoch 12/400, Loss: 1.0563, Dice: 1.0510, MSE: 0.0176
2025-05-13 01:32:00 - INFO - Epoch 13/400, Loss: 0.9548, Dice: 0.9498, MSE: 0.0167
2025-05-13 01:32:14 - INFO - Epoch 14/400, Loss: 0.9605, Dice: 0.9566, MSE: 0.0130
2025-05-13 01:32:30 - INFO - Epoch 15/400, Loss: 0.9658, Dice: 0.9624, MSE: 0.0112
2025-05-13 01:32:44 - INFO - Epoch 16/400, Loss: 0.9024, Dice: 0.8983, MSE: 0.0136
2025-05-13 01:32:59 - INFO - Epoch 17/400, Loss: 0.8831, Dice: 0.8789, MSE: 0.0140
2025-05-13 01:33:12 - INFO - Epoch 18/400, Loss: 0.9628, Dice: 0.9565, MSE: 0.0212
2025-05-13 01:33:27 - INFO - Epoch 19/400, Loss: 0.9197, Dice: 0.9153, MSE: 0.0149
2025-05-13 01:33:41 - INFO - Epoch 20/400, Loss: 0.8663, Dice: 0.8607, MSE: 0.0184
2025-05-13 01:33:41 - INFO - 模型已保存至: epoch_20.pth
2025-05-13 01:33:55 - INFO - Epoch 21/400, Loss: 0.8598, Dice: 0.8549, MSE: 0.0163
2025-05-13 01:34:09 - INFO - Epoch 22/400, Loss: 0.8880, Dice: 0.8825, MSE: 0.0186
2025-05-13 01:34:24 - INFO - Epoch 23/400, Loss: 0.9002, Dice: 0.8958, MSE: 0.0146
2025-05-13 01:34:39 - INFO - Epoch 24/400, Loss: 0.8798, Dice: 0.8758, MSE: 0.0135
2025-05-13 01:34:53 - INFO - Epoch 25/400, Loss: 0.8285, Dice: 0.8242, MSE: 0.0145
2025-05-13 01:35:07 - INFO - Epoch 26/400, Loss: 0.8253, Dice: 0.8201, MSE: 0.0175
2025-05-13 01:35:21 - INFO - Epoch 27/400, Loss: 0.8136, Dice: 0.8083, MSE: 0.0178
2025-05-13 01:35:36 - INFO - Epoch 28/400, Loss: 0.8444, Dice: 0.8393, MSE: 0.0169
2025-05-13 01:35:50 - INFO - Epoch 29/400, Loss: 0.7800, Dice: 0.7748, MSE: 0.0174
2025-05-13 01:36:04 - INFO - Epoch 30/400, Loss: 0.7698, Dice: 0.7647, MSE: 0.0170
2025-05-13 01:36:19 - INFO - Epoch 31/400, Loss: 0.7363, Dice: 0.7313, MSE: 0.0164
2025-05-13 01:36:33 - INFO - Epoch 32/400, Loss: 0.7734, Dice: 0.7686, MSE: 0.0163
2025-05-13 01:36:48 - INFO - Epoch 33/400, Loss: 0.7048, Dice: 0.6996, MSE: 0.0175
2025-05-13 01:37:02 - INFO - Epoch 34/400, Loss: 0.7196, Dice: 0.7148, MSE: 0.0158
2025-05-13 01:37:16 - INFO - Epoch 35/400, Loss: 0.7152, Dice: 0.7098, MSE: 0.0181
2025-05-13 01:37:30 - INFO - Epoch 36/400, Loss: 0.7047, Dice: 0.6991, MSE: 0.0185
2025-05-13 01:37:45 - INFO - Epoch 37/400, Loss: 0.7203, Dice: 0.7150, MSE: 0.0177
2025-05-13 01:37:59 - INFO - Epoch 38/400, Loss: 0.7233, Dice: 0.7176, MSE: 0.0188
2025-05-13 01:38:13 - INFO - Epoch 39/400, Loss: 0.7464, Dice: 0.7404, MSE: 0.0199
2025-05-13 01:38:27 - INFO - Epoch 40/400, Loss: 0.6582, Dice: 0.6529, MSE: 0.0175
2025-05-13 01:38:27 - INFO - 模型已保存至: epoch_40.pth
2025-05-13 01:38:41 - INFO - Epoch 41/400, Loss: 0.6195, Dice: 0.6136, MSE: 0.0198
2025-05-13 01:38:56 - INFO - Epoch 42/400, Loss: 0.6370, Dice: 0.6319, MSE: 0.0169
2025-05-13 01:39:10 - INFO - Epoch 43/400, Loss: 0.6323, Dice: 0.6263, MSE: 0.0198
2025-05-13 01:39:25 - INFO - Epoch 44/400, Loss: 0.7043, Dice: 0.6986, MSE: 0.0193
2025-05-13 01:39:38 - INFO - Epoch 45/400, Loss: 0.6536, Dice: 0.6471, MSE: 0.0217
2025-05-13 01:39:52 - INFO - Epoch 46/400, Loss: 0.6453, Dice: 0.6414, MSE: 0.0128
2025-05-13 01:40:06 - INFO - Epoch 47/400, Loss: 0.6204, Dice: 0.6146, MSE: 0.0196
2025-05-13 01:40:21 - INFO - Epoch 48/400, Loss: 0.5860, Dice: 0.5800, MSE: 0.0200
2025-05-13 01:40:35 - INFO - Epoch 49/400, Loss: 0.6476, Dice: 0.6423, MSE: 0.0177
2025-05-13 01:40:49 - INFO - Epoch 50/400, Loss: 0.6988, Dice: 0.6929, MSE: 0.0197
2025-05-13 01:41:03 - INFO - Epoch 51/400, Loss: 0.6968, Dice: 0.6916, MSE: 0.0172
2025-05-13 01:41:17 - INFO - Epoch 52/400, Loss: 0.6871, Dice: 0.6800, MSE: 0.0238
2025-05-13 01:41:32 - INFO - Epoch 53/400, Loss: 0.6383, Dice: 0.6324, MSE: 0.0197
2025-05-13 01:41:46 - INFO - Epoch 54/400, Loss: 0.6548, Dice: 0.6498, MSE: 0.0164
2025-05-13 01:42:00 - INFO - Epoch 55/400, Loss: 0.6111, Dice: 0.6063, MSE: 0.0161
2025-05-13 01:42:14 - INFO - Epoch 56/400, Loss: 0.6279, Dice: 0.6225, MSE: 0.0181
2025-05-13 01:42:29 - INFO - Epoch 57/400, Loss: 0.6191, Dice: 0.6136, MSE: 0.0185
2025-05-13 01:42:42 - INFO - Epoch 58/400, Loss: 0.5156, Dice: 0.5100, MSE: 0.0187
2025-05-13 01:42:57 - INFO - Epoch 59/400, Loss: 0.5928, Dice: 0.5873, MSE: 0.0185
2025-05-13 01:43:11 - INFO - Epoch 60/400, Loss: 0.6166, Dice: 0.6104, MSE: 0.0207
2025-05-13 01:43:11 - INFO - 模型已保存至: epoch_60.pth
2025-05-13 01:43:25 - INFO - Epoch 61/400, Loss: 0.5618, Dice: 0.5560, MSE: 0.0195
2025-05-13 01:43:40 - INFO - Epoch 62/400, Loss: 0.5921, Dice: 0.5855, MSE: 0.0221
2025-05-13 01:43:53 - INFO - Epoch 63/400, Loss: 0.5894, Dice: 0.5842, MSE: 0.0172
2025-05-13 01:44:08 - INFO - Epoch 64/400, Loss: 0.6231, Dice: 0.6171, MSE: 0.0199
2025-05-13 01:44:21 - INFO - Epoch 65/400, Loss: 0.5980, Dice: 0.5924, MSE: 0.0185
2025-05-13 01:44:36 - INFO - Epoch 66/400, Loss: 0.5198, Dice: 0.5154, MSE: 0.0147
2025-05-13 01:44:50 - INFO - Epoch 67/400, Loss: 0.5408, Dice: 0.5359, MSE: 0.0163
2025-05-13 01:45:04 - INFO - Epoch 68/400, Loss: 0.6015, Dice: 0.5963, MSE: 0.0176
2025-05-13 01:45:18 - INFO - Epoch 69/400, Loss: 0.5289, Dice: 0.5237, MSE: 0.0174
2025-05-13 01:45:32 - INFO - Epoch 70/400, Loss: 0.6034, Dice: 0.5986, MSE: 0.0158
2025-05-13 01:45:47 - INFO - Epoch 71/400, Loss: 0.5625, Dice: 0.5569, MSE: 0.0186
2025-05-13 01:46:00 - INFO - Epoch 72/400, Loss: 0.4329, Dice: 0.4282, MSE: 0.0155
2025-05-13 01:46:15 - INFO - Epoch 73/400, Loss: 0.6329, Dice: 0.6250, MSE: 0.0262
2025-05-13 01:46:29 - INFO - Epoch 74/400, Loss: 0.5473, Dice: 0.5428, MSE: 0.0149
2025-05-13 01:46:43 - INFO - Epoch 75/400, Loss: 0.5974, Dice: 0.5922, MSE: 0.0173
2025-05-13 01:46:57 - INFO - Epoch 76/400, Loss: 0.5497, Dice: 0.5434, MSE: 0.0212
2025-05-13 01:47:12 - INFO - Epoch 77/400, Loss: 0.5859, Dice: 0.5807, MSE: 0.0173
2025-05-13 01:47:25 - INFO - Epoch 78/400, Loss: 0.6598, Dice: 0.6550, MSE: 0.0161
2025-05-13 01:47:39 - INFO - Epoch 79/400, Loss: 0.5863, Dice: 0.5814, MSE: 0.0162
2025-05-13 01:47:54 - INFO - Epoch 80/400, Loss: 0.5996, Dice: 0.5937, MSE: 0.0195
2025-05-13 01:47:54 - INFO - 模型已保存至: epoch_80.pth
2025-05-13 01:48:07 - INFO - Epoch 81/400, Loss: 0.5502, Dice: 0.5445, MSE: 0.0191
2025-05-13 01:48:21 - INFO - Epoch 82/400, Loss: 0.5886, Dice: 0.5811, MSE: 0.0252
2025-05-13 01:48:35 - INFO - Epoch 83/400, Loss: 0.5625, Dice: 0.5568, MSE: 0.0191
2025-05-13 01:48:49 - INFO - Epoch 84/400, Loss: 0.4986, Dice: 0.4929, MSE: 0.0190
2025-05-13 01:49:03 - INFO - Epoch 85/400, Loss: 0.5326, Dice: 0.5238, MSE: 0.0292
2025-05-13 01:49:18 - INFO - Epoch 86/400, Loss: 0.4478, Dice: 0.4419, MSE: 0.0195
2025-05-13 01:49:31 - INFO - Epoch 87/400, Loss: 0.4845, Dice: 0.4777, MSE: 0.0225
2025-05-13 01:49:46 - INFO - Epoch 88/400, Loss: 0.5521, Dice: 0.5468, MSE: 0.0176
2025-05-13 01:50:00 - INFO - Epoch 89/400, Loss: 0.4626, Dice: 0.4555, MSE: 0.0236
2025-05-13 01:50:14 - INFO - Epoch 90/400, Loss: 0.4977, Dice: 0.4924, MSE: 0.0176
2025-05-13 01:50:28 - INFO - Epoch 91/400, Loss: 0.5262, Dice: 0.5207, MSE: 0.0182
2025-05-13 01:50:42 - INFO - Epoch 92/400, Loss: 0.5185, Dice: 0.5117, MSE: 0.0228
2025-05-13 01:50:57 - INFO - Epoch 93/400, Loss: 0.4733, Dice: 0.4668, MSE: 0.0218
2025-05-13 01:51:10 - INFO - Epoch 94/400, Loss: 0.5751, Dice: 0.5686, MSE: 0.0218
2025-05-13 01:51:25 - INFO - Epoch 95/400, Loss: 0.5427, Dice: 0.5366, MSE: 0.0205
2025-05-13 01:51:39 - INFO - Epoch 96/400, Loss: 0.5063, Dice: 0.4992, MSE: 0.0235
2025-05-13 01:51:53 - INFO - Epoch 97/400, Loss: 0.5078, Dice: 0.5007, MSE: 0.0236
2025-05-13 01:52:07 - INFO - Epoch 98/400, Loss: 0.5484, Dice: 0.5415, MSE: 0.0231
2025-05-13 01:52:21 - INFO - Epoch 99/400, Loss: 0.5029, Dice: 0.4967, MSE: 0.0209
2025-05-13 01:52:35 - INFO - Epoch 100/400, Loss: 0.4696, Dice: 0.4635, MSE: 0.0204
2025-05-13 01:52:36 - INFO - 模型已保存至: epoch_100.pth
2025-05-13 01:52:50 - INFO - Epoch 101/400, Loss: 0.4665, Dice: 0.4603, MSE: 0.0205
2025-05-13 01:53:04 - INFO - Epoch 102/400, Loss: 0.4952, Dice: 0.4884, MSE: 0.0226
2025-05-13 01:53:18 - INFO - Epoch 103/400, Loss: 0.4837, Dice: 0.4779, MSE: 0.0193
2025-05-13 01:53:32 - INFO - Epoch 104/400, Loss: 0.4717, Dice: 0.4650, MSE: 0.0223
2025-05-13 01:53:46 - INFO - Epoch 105/400, Loss: 0.4353, Dice: 0.4289, MSE: 0.0214
2025-05-13 01:54:01 - INFO - Epoch 106/400, Loss: 0.5000, Dice: 0.4931, MSE: 0.0230
2025-05-13 01:54:15 - INFO - Epoch 107/400, Loss: 0.5094, Dice: 0.5028, MSE: 0.0218
2025-05-13 01:54:29 - INFO - Epoch 108/400, Loss: 0.4260, Dice: 0.4205, MSE: 0.0184
2025-05-13 01:54:43 - INFO - Epoch 109/400, Loss: 0.5525, Dice: 0.5451, MSE: 0.0246
2025-05-13 01:54:57 - INFO - Epoch 110/400, Loss: 0.4487, Dice: 0.4443, MSE: 0.0145
2025-05-13 01:55:11 - INFO - Epoch 111/400, Loss: 0.4586, Dice: 0.4518, MSE: 0.0228
2025-05-13 01:55:25 - INFO - Epoch 112/400, Loss: 0.4379, Dice: 0.4311, MSE: 0.0226
2025-05-13 01:55:39 - INFO - Epoch 113/400, Loss: 0.5027, Dice: 0.4958, MSE: 0.0228
2025-05-13 01:55:53 - INFO - Epoch 114/400, Loss: 0.4159, Dice: 0.4093, MSE: 0.0221
2025-05-13 01:56:07 - INFO - Epoch 115/400, Loss: 0.4129, Dice: 0.4072, MSE: 0.0189
2025-05-13 01:56:21 - INFO - Epoch 116/400, Loss: 0.5749, Dice: 0.5701, MSE: 0.0160
2025-05-13 01:56:35 - INFO - Epoch 117/400, Loss: 0.4245, Dice: 0.4197, MSE: 0.0158
2025-05-13 01:56:49 - INFO - Epoch 118/400, Loss: 0.4234, Dice: 0.4159, MSE: 0.0249
2025-05-13 01:57:03 - INFO - Epoch 119/400, Loss: 0.3948, Dice: 0.3889, MSE: 0.0195
2025-05-13 01:57:18 - INFO - Epoch 120/400, Loss: 0.4891, Dice: 0.4839, MSE: 0.0175
2025-05-13 01:57:18 - INFO - 模型已保存至: epoch_120.pth
2025-05-13 01:57:32 - INFO - Epoch 121/400, Loss: 0.4686, Dice: 0.4624, MSE: 0.0207
2025-05-13 01:57:46 - INFO - Epoch 122/400, Loss: 0.4994, Dice: 0.4938, MSE: 0.0187
2025-05-13 01:58:00 - INFO - Epoch 123/400, Loss: 0.4218, Dice: 0.4146, MSE: 0.0240
2025-05-13 01:58:14 - INFO - Epoch 124/400, Loss: 0.4247, Dice: 0.4179, MSE: 0.0227
2025-05-13 01:58:28 - INFO - Epoch 125/400, Loss: 0.4147, Dice: 0.4099, MSE: 0.0158
2025-05-13 01:58:42 - INFO - Epoch 126/400, Loss: 0.5047, Dice: 0.4976, MSE: 0.0236
2025-05-13 01:58:56 - INFO - Epoch 127/400, Loss: 0.3581, Dice: 0.3523, MSE: 0.0194
2025-05-13 01:59:10 - INFO - Epoch 128/400, Loss: 0.4686, Dice: 0.4632, MSE: 0.0180
2025-05-13 01:59:24 - INFO - Epoch 129/400, Loss: 0.4760, Dice: 0.4708, MSE: 0.0175
2025-05-13 01:59:38 - INFO - Epoch 130/400, Loss: 0.4969, Dice: 0.4906, MSE: 0.0210
2025-05-13 01:59:52 - INFO - Epoch 131/400, Loss: 0.4463, Dice: 0.4401, MSE: 0.0206
2025-05-13 02:00:06 - INFO - Epoch 132/400, Loss: 0.4304, Dice: 0.4260, MSE: 0.0147
2025-05-13 02:00:21 - INFO - Epoch 133/400, Loss: 0.4415, Dice: 0.4364, MSE: 0.0171
2025-05-13 02:00:35 - INFO - Epoch 134/400, Loss: 0.3544, Dice: 0.3500, MSE: 0.0149
2025-05-13 02:00:49 - INFO - Epoch 135/400, Loss: 0.4494, Dice: 0.4443, MSE: 0.0171
2025-05-13 02:01:04 - INFO - Epoch 136/400, Loss: 0.4127, Dice: 0.4065, MSE: 0.0208
2025-05-13 02:01:18 - INFO - Epoch 137/400, Loss: 0.3558, Dice: 0.3493, MSE: 0.0216
2025-05-13 02:01:32 - INFO - Epoch 138/400, Loss: 0.3594, Dice: 0.3535, MSE: 0.0196
2025-05-13 02:01:46 - INFO - Epoch 139/400, Loss: 0.4418, Dice: 0.4370, MSE: 0.0161
2025-05-13 02:02:00 - INFO - Epoch 140/400, Loss: 0.3932, Dice: 0.3880, MSE: 0.0174
2025-05-13 02:02:01 - INFO - 模型已保存至: epoch_140.pth
2025-05-13 02:02:14 - INFO - Epoch 141/400, Loss: 0.5022, Dice: 0.4963, MSE: 0.0195
2025-05-13 02:02:28 - INFO - Epoch 142/400, Loss: 0.4014, Dice: 0.3943, MSE: 0.0239
2025-05-13 02:02:43 - INFO - Epoch 143/400, Loss: 0.4397, Dice: 0.4341, MSE: 0.0186
2025-05-13 02:02:57 - INFO - Epoch 144/400, Loss: 0.3736, Dice: 0.3672, MSE: 0.0214
2025-05-13 02:03:12 - INFO - Epoch 145/400, Loss: 0.4487, Dice: 0.4432, MSE: 0.0186
2025-05-13 02:03:25 - INFO - Epoch 146/400, Loss: 0.3915, Dice: 0.3853, MSE: 0.0206
2025-05-13 02:03:40 - INFO - Epoch 147/400, Loss: 0.4051, Dice: 0.4008, MSE: 0.0146
2025-05-13 02:03:53 - INFO - Epoch 148/400, Loss: 0.3255, Dice: 0.3202, MSE: 0.0174
2025-05-13 02:04:08 - INFO - Epoch 149/400, Loss: 0.3569, Dice: 0.3516, MSE: 0.0178
2025-05-13 02:04:21 - INFO - Epoch 150/400, Loss: 0.4094, Dice: 0.4041, MSE: 0.0176
2025-05-13 02:04:36 - INFO - Epoch 151/400, Loss: 0.3844, Dice: 0.3794, MSE: 0.0166
2025-05-13 02:04:50 - INFO - Epoch 152/400, Loss: 0.3042, Dice: 0.2994, MSE: 0.0160
2025-05-13 02:05:04 - INFO - Epoch 153/400, Loss: 0.4130, Dice: 0.4063, MSE: 0.0224
2025-05-13 02:05:17 - INFO - Epoch 154/400, Loss: 0.4863, Dice: 0.4804, MSE: 0.0198
2025-05-13 02:05:31 - INFO - Epoch 155/400, Loss: 0.4273, Dice: 0.4207, MSE: 0.0220
2025-05-13 02:05:45 - INFO - Epoch 156/400, Loss: 0.4290, Dice: 0.4233, MSE: 0.0190
2025-05-13 02:05:59 - INFO - Epoch 157/400, Loss: 0.4330, Dice: 0.4282, MSE: 0.0163
2025-05-13 02:06:14 - INFO - Epoch 158/400, Loss: 0.3689, Dice: 0.3634, MSE: 0.0182
2025-05-13 02:06:27 - INFO - Epoch 159/400, Loss: 0.4127, Dice: 0.4077, MSE: 0.0167
2025-05-13 02:06:42 - INFO - Epoch 160/400, Loss: 0.3150, Dice: 0.3085, MSE: 0.0217
2025-05-13 02:06:42 - INFO - 模型已保存至: epoch_160.pth
2025-05-13 02:06:56 - INFO - Epoch 161/400, Loss: 0.3912, Dice: 0.3863, MSE: 0.0164
2025-05-13 02:07:10 - INFO - Epoch 162/400, Loss: 0.4381, Dice: 0.4319, MSE: 0.0207
2025-05-13 02:07:24 - INFO - Epoch 163/400, Loss: 0.3490, Dice: 0.3444, MSE: 0.0151
2025-05-13 02:07:38 - INFO - Epoch 164/400, Loss: 0.3367, Dice: 0.3304, MSE: 0.0210
2025-05-13 02:07:52 - INFO - Epoch 165/400, Loss: 0.3809, Dice: 0.3747, MSE: 0.0207
2025-05-13 02:08:06 - INFO - Epoch 166/400, Loss: 0.4807, Dice: 0.4737, MSE: 0.0234
2025-05-13 02:08:20 - INFO - Epoch 167/400, Loss: 0.3236, Dice: 0.3186, MSE: 0.0164
2025-05-13 02:08:34 - INFO - Epoch 168/400, Loss: 0.3300, Dice: 0.3248, MSE: 0.0172
2025-05-13 02:08:49 - INFO - Epoch 169/400, Loss: 0.3849, Dice: 0.3788, MSE: 0.0204
2025-05-13 02:09:02 - INFO - Epoch 170/400, Loss: 0.3544, Dice: 0.3499, MSE: 0.0151
2025-05-13 02:09:17 - INFO - Epoch 171/400, Loss: 0.3102, Dice: 0.3042, MSE: 0.0202
2025-05-13 02:09:31 - INFO - Epoch 172/400, Loss: 0.3200, Dice: 0.3127, MSE: 0.0242
2025-05-13 02:09:45 - INFO - Epoch 173/400, Loss: 0.3161, Dice: 0.3112, MSE: 0.0163
2025-05-13 02:09:59 - INFO - Epoch 174/400, Loss: 0.4498, Dice: 0.4431, MSE: 0.0224
2025-05-13 02:10:13 - INFO - Epoch 175/400, Loss: 0.3063, Dice: 0.3023, MSE: 0.0132
2025-05-13 02:10:28 - INFO - Epoch 176/400, Loss: 0.3672, Dice: 0.3631, MSE: 0.0135
2025-05-13 02:10:42 - INFO - Epoch 177/400, Loss: 0.3106, Dice: 0.3050, MSE: 0.0187
2025-05-13 02:10:56 - INFO - Epoch 178/400, Loss: 0.3757, Dice: 0.3708, MSE: 0.0162
2025-05-13 02:11:10 - INFO - Epoch 179/400, Loss: 0.3676, Dice: 0.3625, MSE: 0.0171
2025-05-13 02:11:24 - INFO - Epoch 180/400, Loss: 0.2991, Dice: 0.2939, MSE: 0.0173
2025-05-13 02:11:24 - INFO - 模型已保存至: epoch_180.pth
2025-05-13 02:11:38 - INFO - Epoch 181/400, Loss: 0.2978, Dice: 0.2919, MSE: 0.0195
2025-05-13 02:11:53 - INFO - Epoch 182/400, Loss: 0.3863, Dice: 0.3829, MSE: 0.0115
2025-05-13 02:12:07 - INFO - Epoch 183/400, Loss: 0.3217, Dice: 0.3180, MSE: 0.0124
2025-05-13 02:12:21 - INFO - Epoch 184/400, Loss: 0.2986, Dice: 0.2955, MSE: 0.0104
2025-05-13 02:12:35 - INFO - Epoch 185/400, Loss: 0.3439, Dice: 0.3391, MSE: 0.0161
2025-05-13 02:12:49 - INFO - Epoch 186/400, Loss: 0.2887, Dice: 0.2838, MSE: 0.0165
2025-05-13 02:13:03 - INFO - Epoch 187/400, Loss: 0.3559, Dice: 0.3496, MSE: 0.0208
2025-05-13 02:13:17 - INFO - Epoch 188/400, Loss: 0.2829, Dice: 0.2790, MSE: 0.0130
2025-05-13 02:13:31 - INFO - Epoch 189/400, Loss: 0.3558, Dice: 0.3514, MSE: 0.0148
2025-05-13 02:13:44 - INFO - Epoch 190/400, Loss: 0.4790, Dice: 0.4719, MSE: 0.0235
2025-05-13 02:13:58 - INFO - Epoch 191/400, Loss: 0.3547, Dice: 0.3505, MSE: 0.0140
2025-05-13 02:14:12 - INFO - Epoch 192/400, Loss: 0.4029, Dice: 0.3989, MSE: 0.0132
2025-05-13 02:14:26 - INFO - Epoch 193/400, Loss: 0.3023, Dice: 0.2969, MSE: 0.0180
2025-05-13 02:14:40 - INFO - Epoch 194/400, Loss: 0.3340, Dice: 0.3286, MSE: 0.0178
2025-05-13 02:14:54 - INFO - Epoch 195/400, Loss: 0.2429, Dice: 0.2380, MSE: 0.0163
2025-05-13 02:15:08 - INFO - Epoch 196/400, Loss: 0.3081, Dice: 0.3039, MSE: 0.0139
2025-05-13 02:15:22 - INFO - Epoch 197/400, Loss: 0.2752, Dice: 0.2689, MSE: 0.0210
2025-05-13 02:15:37 - INFO - Epoch 198/400, Loss: 0.3530, Dice: 0.3476, MSE: 0.0181
2025-05-13 02:15:50 - INFO - Epoch 199/400, Loss: 0.2849, Dice: 0.2811, MSE: 0.0126
2025-05-13 02:16:05 - INFO - Epoch 200/400, Loss: 0.2671, Dice: 0.2622, MSE: 0.0164
2025-05-13 02:16:05 - INFO - 模型已保存至: epoch_200.pth
2025-05-13 02:16:19 - INFO - Epoch 201/400, Loss: 0.3518, Dice: 0.3468, MSE: 0.0169
2025-05-13 02:16:33 - INFO - Epoch 202/400, Loss: 0.3056, Dice: 0.3014, MSE: 0.0138
2025-05-13 02:16:47 - INFO - Epoch 203/400, Loss: 0.2838, Dice: 0.2786, MSE: 0.0173
2025-05-13 02:17:01 - INFO - Epoch 204/400, Loss: 0.2920, Dice: 0.2868, MSE: 0.0175
2025-05-13 02:17:15 - INFO - Epoch 205/400, Loss: 0.2216, Dice: 0.2182, MSE: 0.0116
2025-05-13 02:17:29 - INFO - Epoch 206/400, Loss: 0.3106, Dice: 0.3058, MSE: 0.0158
2025-05-13 02:17:43 - INFO - Epoch 207/400, Loss: 0.2699, Dice: 0.2649, MSE: 0.0166
2025-05-13 02:17:57 - INFO - Epoch 208/400, Loss: 0.4381, Dice: 0.4336, MSE: 0.0152
2025-05-13 02:18:12 - INFO - Epoch 209/400, Loss: 0.2954, Dice: 0.2903, MSE: 0.0170
2025-05-13 02:18:25 - INFO - Epoch 210/400, Loss: 0.3216, Dice: 0.3181, MSE: 0.0116
2025-05-13 02:18:40 - INFO - Epoch 211/400, Loss: 0.2833, Dice: 0.2793, MSE: 0.0135
2025-05-13 02:18:53 - INFO - Epoch 212/400, Loss: 0.2897, Dice: 0.2853, MSE: 0.0148
2025-05-13 02:19:07 - INFO - Epoch 213/400, Loss: 0.3097, Dice: 0.3041, MSE: 0.0188
2025-05-13 02:19:22 - INFO - Epoch 214/400, Loss: 0.2734, Dice: 0.2672, MSE: 0.0206
2025-05-13 02:19:35 - INFO - Epoch 215/400, Loss: 0.3100, Dice: 0.3036, MSE: 0.0216
2025-05-13 02:19:50 - INFO - Epoch 216/400, Loss: 0.3028, Dice: 0.2979, MSE: 0.0163
2025-05-13 02:20:04 - INFO - Epoch 217/400, Loss: 0.1949, Dice: 0.1898, MSE: 0.0170
2025-05-13 02:20:18 - INFO - Epoch 218/400, Loss: 0.2457, Dice: 0.2404, MSE: 0.0176
2025-05-13 02:20:32 - INFO - Epoch 219/400, Loss: 0.3726, Dice: 0.3678, MSE: 0.0160
2025-05-13 02:20:46 - INFO - Epoch 220/400, Loss: 0.3252, Dice: 0.3207, MSE: 0.0151
2025-05-13 02:20:46 - INFO - 模型已保存至: epoch_220.pth
2025-05-13 02:21:00 - INFO - Epoch 221/400, Loss: 0.3444, Dice: 0.3390, MSE: 0.0178
2025-05-13 02:21:14 - INFO - Epoch 222/400, Loss: 0.3511, Dice: 0.3469, MSE: 0.0139
2025-05-13 02:21:29 - INFO - Epoch 223/400, Loss: 0.3382, Dice: 0.3335, MSE: 0.0157
2025-05-13 02:21:43 - INFO - Epoch 224/400, Loss: 0.2657, Dice: 0.2611, MSE: 0.0153
2025-05-13 02:21:57 - INFO - Epoch 225/400, Loss: 0.3277, Dice: 0.3234, MSE: 0.0143
2025-05-13 02:22:10 - INFO - Epoch 226/400, Loss: 0.2238, Dice: 0.2209, MSE: 0.0097
2025-05-13 02:22:24 - INFO - Epoch 227/400, Loss: 0.2301, Dice: 0.2237, MSE: 0.0212
2025-05-13 02:22:38 - INFO - Epoch 228/400, Loss: 0.3099, Dice: 0.3060, MSE: 0.0130
2025-05-13 02:22:52 - INFO - Epoch 229/400, Loss: 0.2773, Dice: 0.2714, MSE: 0.0196
2025-05-13 02:23:06 - INFO - Epoch 230/400, Loss: 0.2800, Dice: 0.2761, MSE: 0.0130
2025-05-13 02:23:20 - INFO - Epoch 231/400, Loss: 0.3218, Dice: 0.3159, MSE: 0.0196
2025-05-13 02:23:34 - INFO - Epoch 232/400, Loss: 0.2496, Dice: 0.2449, MSE: 0.0154
2025-05-13 02:23:48 - INFO - Epoch 233/400, Loss: 0.3058, Dice: 0.3008, MSE: 0.0164
2025-05-13 02:24:02 - INFO - Epoch 234/400, Loss: 0.3039, Dice: 0.2980, MSE: 0.0198
2025-05-13 02:24:16 - INFO - Epoch 235/400, Loss: 0.2849, Dice: 0.2788, MSE: 0.0204
2025-05-13 02:24:31 - INFO - Epoch 236/400, Loss: 0.2950, Dice: 0.2908, MSE: 0.0142
2025-05-13 02:24:45 - INFO - Epoch 237/400, Loss: 0.2105, Dice: 0.2069, MSE: 0.0120
2025-05-13 02:24:59 - INFO - Epoch 238/400, Loss: 0.2394, Dice: 0.2356, MSE: 0.0126
2025-05-13 02:25:13 - INFO - Epoch 239/400, Loss: 0.2215, Dice: 0.2166, MSE: 0.0164
2025-05-13 02:25:28 - INFO - Epoch 240/400, Loss: 0.2927, Dice: 0.2874, MSE: 0.0177
2025-05-13 02:25:28 - INFO - 模型已保存至: epoch_240.pth
2025-05-13 02:25:43 - INFO - Epoch 241/400, Loss: 0.2415, Dice: 0.2369, MSE: 0.0150
2025-05-13 02:25:57 - INFO - Epoch 242/400, Loss: 0.2530, Dice: 0.2487, MSE: 0.0143
2025-05-13 02:26:11 - INFO - Epoch 243/400, Loss: 0.1715, Dice: 0.1673, MSE: 0.0140
2025-05-13 02:26:25 - INFO - Epoch 244/400, Loss: 0.3008, Dice: 0.2945, MSE: 0.0211
2025-05-13 02:26:39 - INFO - Epoch 245/400, Loss: 0.2350, Dice: 0.2304, MSE: 0.0153
2025-05-13 02:26:52 - INFO - Epoch 246/400, Loss: 0.2893, Dice: 0.2842, MSE: 0.0170
2025-05-13 02:27:07 - INFO - Epoch 247/400, Loss: 0.3197, Dice: 0.3146, MSE: 0.0171
2025-05-13 02:27:21 - INFO - Epoch 248/400, Loss: 0.1536, Dice: 0.1478, MSE: 0.0192
2025-05-13 02:27:35 - INFO - Epoch 249/400, Loss: 0.2340, Dice: 0.2305, MSE: 0.0117
2025-05-13 02:27:50 - INFO - Epoch 250/400, Loss: 0.1767, Dice: 0.1727, MSE: 0.0134
2025-05-13 02:28:03 - INFO - Epoch 251/400, Loss: 0.2621, Dice: 0.2573, MSE: 0.0161
2025-05-13 02:28:18 - INFO - Epoch 252/400, Loss: 0.2210, Dice: 0.2178, MSE: 0.0109
2025-05-13 02:28:31 - INFO - Epoch 253/400, Loss: 0.3455, Dice: 0.3425, MSE: 0.0099
2025-05-13 02:28:46 - INFO - Epoch 254/400, Loss: 0.2396, Dice: 0.2352, MSE: 0.0148
2025-05-13 02:28:59 - INFO - Epoch 255/400, Loss: 0.1421, Dice: 0.1377, MSE: 0.0149
2025-05-13 02:29:14 - INFO - Epoch 256/400, Loss: 0.2570, Dice: 0.2532, MSE: 0.0126
2025-05-13 02:29:28 - INFO - Epoch 257/400, Loss: 0.1791, Dice: 0.1752, MSE: 0.0131
2025-05-13 02:29:42 - INFO - Epoch 258/400, Loss: 0.2437, Dice: 0.2398, MSE: 0.0128
2025-05-13 02:29:57 - INFO - Epoch 259/400, Loss: 0.2748, Dice: 0.2713, MSE: 0.0115
2025-05-13 02:30:10 - INFO - Epoch 260/400, Loss: 0.1968, Dice: 0.1928, MSE: 0.0133
2025-05-13 02:30:10 - INFO - 模型已保存至: epoch_260.pth
2025-05-13 02:30:25 - INFO - Epoch 261/400, Loss: 0.1904, Dice: 0.1868, MSE: 0.0118
2025-05-13 02:30:38 - INFO - Epoch 262/400, Loss: 0.1863, Dice: 0.1816, MSE: 0.0158
2025-05-13 02:30:52 - INFO - Epoch 263/400, Loss: 0.2318, Dice: 0.2279, MSE: 0.0129
2025-05-13 02:31:06 - INFO - Epoch 264/400, Loss: 0.2263, Dice: 0.2224, MSE: 0.0131
2025-05-13 02:31:20 - INFO - Epoch 265/400, Loss: 0.1850, Dice: 0.1783, MSE: 0.0223
2025-05-13 02:31:34 - INFO - Epoch 266/400, Loss: 0.2502, Dice: 0.2442, MSE: 0.0199
2025-05-13 02:31:48 - INFO - Epoch 267/400, Loss: 0.1731, Dice: 0.1691, MSE: 0.0133
2025-05-13 02:32:02 - INFO - Epoch 268/400, Loss: 0.3005, Dice: 0.2944, MSE: 0.0202
2025-05-13 02:32:16 - INFO - Epoch 269/400, Loss: 0.2370, Dice: 0.2335, MSE: 0.0117
2025-05-13 02:32:30 - INFO - Epoch 270/400, Loss: 0.2391, Dice: 0.2351, MSE: 0.0136
2025-05-13 02:32:44 - INFO - Epoch 271/400, Loss: 0.2101, Dice: 0.2058, MSE: 0.0144
2025-05-13 02:32:58 - INFO - Epoch 272/400, Loss: 0.2242, Dice: 0.2203, MSE: 0.0130
2025-05-13 02:33:12 - INFO - Epoch 273/400, Loss: 0.2332, Dice: 0.2291, MSE: 0.0135
2025-05-13 02:33:26 - INFO - Epoch 274/400, Loss: 0.2164, Dice: 0.2130, MSE: 0.0112
2025-05-13 02:33:41 - INFO - Epoch 275/400, Loss: 0.2494, Dice: 0.2455, MSE: 0.0130
2025-05-13 02:33:55 - INFO - Epoch 276/400, Loss: 0.2173, Dice: 0.2141, MSE: 0.0105
2025-05-13 02:34:08 - INFO - Epoch 277/400, Loss: 0.2271, Dice: 0.2238, MSE: 0.0109
2025-05-13 02:34:22 - INFO - Epoch 278/400, Loss: 0.2394, Dice: 0.2366, MSE: 0.0094
2025-05-13 02:34:37 - INFO - Epoch 279/400, Loss: 0.2127, Dice: 0.2088, MSE: 0.0129
2025-05-13 02:34:51 - INFO - Epoch 280/400, Loss: 0.2721, Dice: 0.2694, MSE: 0.0088
2025-05-13 02:34:51 - INFO - 模型已保存至: epoch_280.pth
2025-05-13 02:35:05 - INFO - Epoch 281/400, Loss: 0.2619, Dice: 0.2571, MSE: 0.0161
2025-05-13 02:35:19 - INFO - Epoch 282/400, Loss: 0.1883, Dice: 0.1850, MSE: 0.0109
2025-05-13 02:35:33 - INFO - Epoch 283/400, Loss: 0.1885, Dice: 0.1841, MSE: 0.0145
2025-05-13 02:35:47 - INFO - Epoch 284/400, Loss: 0.2163, Dice: 0.2122, MSE: 0.0135
2025-05-13 02:36:01 - INFO - Epoch 285/400, Loss: 0.2349, Dice: 0.2310, MSE: 0.0131
2025-05-13 02:36:15 - INFO - Epoch 286/400, Loss: 0.3066, Dice: 0.3012, MSE: 0.0178
2025-05-13 02:36:29 - INFO - Epoch 287/400, Loss: 0.1786, Dice: 0.1751, MSE: 0.0116
2025-05-13 02:36:44 - INFO - Epoch 288/400, Loss: 0.2699, Dice: 0.2654, MSE: 0.0147
2025-05-13 02:36:57 - INFO - Epoch 289/400, Loss: 0.2444, Dice: 0.2390, MSE: 0.0178
2025-05-13 02:37:12 - INFO - Epoch 290/400, Loss: 0.1779, Dice: 0.1727, MSE: 0.0175
2025-05-13 02:37:25 - INFO - Epoch 291/400, Loss: 0.1740, Dice: 0.1701, MSE: 0.0130
2025-05-13 02:37:40 - INFO - Epoch 292/400, Loss: 0.2190, Dice: 0.2144, MSE: 0.0152
2025-05-13 02:37:53 - INFO - Epoch 293/400, Loss: 0.2060, Dice: 0.2028, MSE: 0.0106
2025-05-13 02:38:08 - INFO - Epoch 294/400, Loss: 0.2399, Dice: 0.2367, MSE: 0.0105
2025-05-13 02:38:21 - INFO - Epoch 295/400, Loss: 0.2316, Dice: 0.2254, MSE: 0.0208
2025-05-13 02:38:36 - INFO - Epoch 296/400, Loss: 0.1926, Dice: 0.1882, MSE: 0.0147
2025-05-13 02:38:50 - INFO - Epoch 297/400, Loss: 0.2116, Dice: 0.2084, MSE: 0.0109
2025-05-13 02:39:03 - INFO - Epoch 298/400, Loss: 0.2327, Dice: 0.2276, MSE: 0.0170
2025-05-13 02:39:18 - INFO - Epoch 299/400, Loss: 0.2051, Dice: 0.2003, MSE: 0.0162
2025-05-13 02:39:31 - INFO - Epoch 300/400, Loss: 0.2054, Dice: 0.2020, MSE: 0.0113
2025-05-13 02:39:32 - INFO - 模型已保存至: epoch_300.pth
2025-05-13 02:39:46 - INFO - Epoch 301/400, Loss: 0.3077, Dice: 0.3037, MSE: 0.0132
2025-05-13 02:40:00 - INFO - Epoch 302/400, Loss: 0.1676, Dice: 0.1648, MSE: 0.0093
2025-05-13 02:40:14 - INFO - Epoch 303/400, Loss: 0.2402, Dice: 0.2372, MSE: 0.0102
2025-05-13 02:40:28 - INFO - Epoch 304/400, Loss: 0.2602, Dice: 0.2553, MSE: 0.0164
2025-05-13 02:40:43 - INFO - Epoch 305/400, Loss: 0.2350, Dice: 0.2308, MSE: 0.0139
2025-05-13 02:40:56 - INFO - Epoch 306/400, Loss: 0.2215, Dice: 0.2168, MSE: 0.0154
2025-05-13 02:41:10 - INFO - Epoch 307/400, Loss: 0.1795, Dice: 0.1759, MSE: 0.0122
2025-05-13 02:41:25 - INFO - Epoch 308/400, Loss: 0.2568, Dice: 0.2525, MSE: 0.0142
2025-05-13 02:41:38 - INFO - Epoch 309/400, Loss: 0.1630, Dice: 0.1601, MSE: 0.0097
2025-05-13 02:41:53 - INFO - Epoch 310/400, Loss: 0.1421, Dice: 0.1373, MSE: 0.0161
2025-05-13 02:42:06 - INFO - Epoch 311/400, Loss: 0.2129, Dice: 0.2092, MSE: 0.0124
2025-05-13 02:42:21 - INFO - Epoch 312/400, Loss: 0.1631, Dice: 0.1597, MSE: 0.0113
2025-05-13 02:42:35 - INFO - Epoch 313/400, Loss: 0.1701, Dice: 0.1667, MSE: 0.0114
2025-05-13 02:42:49 - INFO - Epoch 314/400, Loss: 0.2082, Dice: 0.2042, MSE: 0.0135
2025-05-13 02:43:03 - INFO - Epoch 315/400, Loss: 0.1861, Dice: 0.1817, MSE: 0.0145
2025-05-13 02:43:17 - INFO - Epoch 316/400, Loss: 0.2627, Dice: 0.2588, MSE: 0.0129
2025-05-13 02:43:32 - INFO - Epoch 317/400, Loss: 0.1435, Dice: 0.1416, MSE: 0.0063
2025-05-13 02:43:45 - INFO - Epoch 318/400, Loss: 0.1494, Dice: 0.1464, MSE: 0.0100
2025-05-13 02:44:00 - INFO - Epoch 319/400, Loss: 0.1807, Dice: 0.1772, MSE: 0.0115
2025-05-13 02:44:14 - INFO - Epoch 320/400, Loss: 0.1914, Dice: 0.1875, MSE: 0.0129
2025-05-13 02:44:14 - INFO - 模型已保存至: epoch_320.pth
2025-05-13 02:44:28 - INFO - Epoch 321/400, Loss: 0.2034, Dice: 0.1999, MSE: 0.0117
2025-05-13 02:44:42 - INFO - Epoch 322/400, Loss: 0.2115, Dice: 0.2087, MSE: 0.0093
2025-05-13 02:44:56 - INFO - Epoch 323/400, Loss: 0.2076, Dice: 0.2046, MSE: 0.0101
2025-05-13 02:45:10 - INFO - Epoch 324/400, Loss: 0.1294, Dice: 0.1269, MSE: 0.0083
2025-05-13 02:45:24 - INFO - Epoch 325/400, Loss: 0.1357, Dice: 0.1324, MSE: 0.0110
2025-05-13 02:45:39 - INFO - Epoch 326/400, Loss: 0.1732, Dice: 0.1703, MSE: 0.0097
2025-05-13 02:45:53 - INFO - Epoch 327/400, Loss: 0.2144, Dice: 0.2104, MSE: 0.0134
2025-05-13 02:46:07 - INFO - Epoch 328/400, Loss: 0.2391, Dice: 0.2338, MSE: 0.0175
2025-05-13 02:46:21 - INFO - Epoch 329/400, Loss: 0.1934, Dice: 0.1905, MSE: 0.0098
2025-05-13 02:46:35 - INFO - Epoch 330/400, Loss: 0.1693, Dice: 0.1664, MSE: 0.0096
2025-05-13 02:46:49 - INFO - Epoch 331/400, Loss: 0.1967, Dice: 0.1910, MSE: 0.0190
2025-05-13 02:47:03 - INFO - Epoch 332/400, Loss: 0.2064, Dice: 0.2026, MSE: 0.0126
2025-05-13 02:47:17 - INFO - Epoch 333/400, Loss: 0.2103, Dice: 0.2073, MSE: 0.0098
2025-05-13 02:47:31 - INFO - Epoch 334/400, Loss: 0.2336, Dice: 0.2285, MSE: 0.0172
2025-05-13 02:47:45 - INFO - Epoch 335/400, Loss: 0.1396, Dice: 0.1363, MSE: 0.0110
2025-05-13 02:47:58 - INFO - Epoch 336/400, Loss: 0.1700, Dice: 0.1674, MSE: 0.0085
2025-05-13 02:48:13 - INFO - Epoch 337/400, Loss: 0.1612, Dice: 0.1567, MSE: 0.0150
2025-05-13 02:48:27 - INFO - Epoch 338/400, Loss: 0.1596, Dice: 0.1553, MSE: 0.0143
2025-05-13 02:48:41 - INFO - Epoch 339/400, Loss: 0.1406, Dice: 0.1366, MSE: 0.0132
2025-05-13 02:48:55 - INFO - Epoch 340/400, Loss: 0.1879, Dice: 0.1839, MSE: 0.0133
2025-05-13 02:48:55 - INFO - 模型已保存至: epoch_340.pth
2025-05-13 02:49:09 - INFO - Epoch 341/400, Loss: 0.1877, Dice: 0.1833, MSE: 0.0148
2025-05-13 02:49:23 - INFO - Epoch 342/400, Loss: 0.1588, Dice: 0.1558, MSE: 0.0102
2025-05-13 02:49:37 - INFO - Epoch 343/400, Loss: 0.1883, Dice: 0.1846, MSE: 0.0125
2025-05-13 02:49:52 - INFO - Epoch 344/400, Loss: 0.1909, Dice: 0.1851, MSE: 0.0194
2025-05-13 02:50:05 - INFO - Epoch 345/400, Loss: 0.1424, Dice: 0.1384, MSE: 0.0132
2025-05-13 02:50:20 - INFO - Epoch 346/400, Loss: 0.1683, Dice: 0.1647, MSE: 0.0119
2025-05-13 02:50:33 - INFO - Epoch 347/400, Loss: 0.1225, Dice: 0.1192, MSE: 0.0109
2025-05-13 02:50:48 - INFO - Epoch 348/400, Loss: 0.2164, Dice: 0.2122, MSE: 0.0140
2025-05-13 02:51:01 - INFO - Epoch 349/400, Loss: 0.2100, Dice: 0.2059, MSE: 0.0138
2025-05-13 02:51:16 - INFO - Epoch 350/400, Loss: 0.1781, Dice: 0.1738, MSE: 0.0144
2025-05-13 02:51:29 - INFO - Epoch 351/400, Loss: 0.2104, Dice: 0.2061, MSE: 0.0142
2025-05-13 02:51:44 - INFO - Epoch 352/400, Loss: 0.1622, Dice: 0.1591, MSE: 0.0102
2025-05-13 02:51:57 - INFO - Epoch 353/400, Loss: 0.1907, Dice: 0.1858, MSE: 0.0163
2025-05-13 02:52:12 - INFO - Epoch 354/400, Loss: 0.1735, Dice: 0.1683, MSE: 0.0175
2025-05-13 02:52:26 - INFO - Epoch 355/400, Loss: 0.2105, Dice: 0.2068, MSE: 0.0121
2025-05-13 02:52:40 - INFO - Epoch 356/400, Loss: 0.1508, Dice: 0.1478, MSE: 0.0098
2025-05-13 02:52:55 - INFO - Epoch 357/400, Loss: 0.1346, Dice: 0.1307, MSE: 0.0128
2025-05-13 02:53:08 - INFO - Epoch 358/400, Loss: 0.1754, Dice: 0.1718, MSE: 0.0122
2025-05-13 02:53:23 - INFO - Epoch 359/400, Loss: 0.1184, Dice: 0.1156, MSE: 0.0095
2025-05-13 02:53:37 - INFO - Epoch 360/400, Loss: 0.2491, Dice: 0.2444, MSE: 0.0156
2025-05-13 02:53:37 - INFO - 模型已保存至: epoch_360.pth
2025-05-13 02:53:51 - INFO - Epoch 361/400, Loss: 0.1536, Dice: 0.1519, MSE: 0.0059
2025-05-13 02:54:05 - INFO - Epoch 362/400, Loss: 0.1061, Dice: 0.1033, MSE: 0.0095
2025-05-13 02:54:19 - INFO - Epoch 363/400, Loss: 0.1431, Dice: 0.1405, MSE: 0.0089
2025-05-13 02:54:34 - INFO - Epoch 364/400, Loss: 0.1633, Dice: 0.1605, MSE: 0.0092
2025-05-13 02:54:48 - INFO - Epoch 365/400, Loss: 0.1737, Dice: 0.1715, MSE: 0.0075
2025-05-13 02:55:02 - INFO - Epoch 366/400, Loss: 0.2042, Dice: 0.2007, MSE: 0.0116
2025-05-13 02:55:16 - INFO - Epoch 367/400, Loss: 0.1934, Dice: 0.1868, MSE: 0.0221
2025-05-13 02:55:30 - INFO - Epoch 368/400, Loss: 0.1632, Dice: 0.1603, MSE: 0.0097
2025-05-13 02:55:44 - INFO - Epoch 369/400, Loss: 0.1316, Dice: 0.1286, MSE: 0.0100
2025-05-13 02:55:58 - INFO - Epoch 370/400, Loss: 0.1531, Dice: 0.1495, MSE: 0.0122
2025-05-13 02:56:11 - INFO - Epoch 371/400, Loss: 0.1458, Dice: 0.1427, MSE: 0.0102
2025-05-13 02:56:26 - INFO - Epoch 372/400, Loss: 0.2085, Dice: 0.2045, MSE: 0.0133
2025-05-13 02:56:39 - INFO - Epoch 373/400, Loss: 0.2530, Dice: 0.2486, MSE: 0.0149
2025-05-13 02:56:53 - INFO - Epoch 374/400, Loss: 0.2388, Dice: 0.2343, MSE: 0.0151
2025-05-13 02:57:08 - INFO - Epoch 375/400, Loss: 0.2155, Dice: 0.2121, MSE: 0.0113
2025-05-13 02:57:21 - INFO - Epoch 376/400, Loss: 0.1449, Dice: 0.1414, MSE: 0.0119
2025-05-13 02:57:36 - INFO - Epoch 377/400, Loss: 0.2557, Dice: 0.2511, MSE: 0.0155
2025-05-13 02:57:49 - INFO - Epoch 378/400, Loss: 0.2599, Dice: 0.2541, MSE: 0.0195
2025-05-13 02:58:04 - INFO - Epoch 379/400, Loss: 0.1475, Dice: 0.1441, MSE: 0.0114
2025-05-13 02:58:17 - INFO - Epoch 380/400, Loss: 0.2653, Dice: 0.2593, MSE: 0.0201
2025-05-13 02:58:18 - INFO - 模型已保存至: epoch_380.pth
2025-05-13 02:58:32 - INFO - Epoch 381/400, Loss: 0.1792, Dice: 0.1744, MSE: 0.0160
2025-05-13 02:58:45 - INFO - Epoch 382/400, Loss: 0.1880, Dice: 0.1845, MSE: 0.0116
2025-05-13 02:58:59 - INFO - Epoch 383/400, Loss: 0.1961, Dice: 0.1920, MSE: 0.0136
2025-05-13 02:59:14 - INFO - Epoch 384/400, Loss: 0.1728, Dice: 0.1680, MSE: 0.0158
2025-05-13 02:59:28 - INFO - Epoch 385/400, Loss: 0.1589, Dice: 0.1560, MSE: 0.0097
2025-05-13 02:59:43 - INFO - Epoch 386/400, Loss: 0.1932, Dice: 0.1898, MSE: 0.0113
2025-05-13 02:59:56 - INFO - Epoch 387/400, Loss: 0.1069, Dice: 0.1033, MSE: 0.0119
2025-05-13 03:00:11 - INFO - Epoch 388/400, Loss: 0.2052, Dice: 0.1981, MSE: 0.0237
2025-05-13 03:00:25 - INFO - Epoch 389/400, Loss: 0.1825, Dice: 0.1775, MSE: 0.0169
2025-05-13 03:00:39 - INFO - Epoch 390/400, Loss: 0.1746, Dice: 0.1716, MSE: 0.0100
2025-05-13 03:00:53 - INFO - Epoch 391/400, Loss: 0.1740, Dice: 0.1681, MSE: 0.0197
2025-05-13 03:01:07 - INFO - Epoch 392/400, Loss: 0.1972, Dice: 0.1925, MSE: 0.0155
2025-05-13 03:01:21 - INFO - Epoch 393/400, Loss: 0.1529, Dice: 0.1473, MSE: 0.0185
2025-05-13 03:01:35 - INFO - Epoch 394/400, Loss: 0.1323, Dice: 0.1280, MSE: 0.0145
2025-05-13 03:01:49 - INFO - Epoch 395/400, Loss: 0.2093, Dice: 0.2052, MSE: 0.0138
2025-05-13 03:02:03 - INFO - Epoch 396/400, Loss: 0.2705, Dice: 0.2669, MSE: 0.0121
2025-05-13 03:02:17 - INFO - Epoch 397/400, Loss: 0.2162, Dice: 0.2115, MSE: 0.0155
2025-05-13 03:02:31 - INFO - Epoch 398/400, Loss: 0.1408, Dice: 0.1374, MSE: 0.0114
2025-05-13 03:02:45 - INFO - Epoch 399/400, Loss: 0.1953, Dice: 0.1925, MSE: 0.0094
2025-05-13 03:02:59 - INFO - Epoch 400/400, Loss: 0.1554, Dice: 0.1527, MSE: 0.0089
2025-05-13 03:03:00 - INFO - 模型已保存至: epoch_400.pth
2025-05-13 03:03:00 - INFO - 训练完成！
