2025-04-28 16:27:34 - INFO - Logging is set up.
2025-04-28 16:27:34 - INFO - 训练配置参数:
{'seed': 42, 'epochs': 1000, 'batch_size': 5, 'num_classes': 2, 'learning_rate': 0.001, 'dataset_path': './datasets/LA', 'log_path': './result/SAM3D_VNet_SSL/LA_16_SemiSupervised_8Depth/Training.log', 'pth_path': './result/SAM3D_VNet_SSL/LA_16_SemiSupervised_8Depth', 'tensorboard_path': './result/SAM3D_VNet_SSL/LA_16_SemiSupervised_8Depth/Train', 'continue_train': False, 'multi_gpu': True, 'training_label_num': 16, 'training_unlabel_num': 64, 'label_bs': 1, 'unlabel_bs': 4, 'consistency_weight': 0.3, 'pretrained_weights': None}
2025-04-28 16:27:35 - INFO - 使用 2 个GPU
2025-04-28 16:27:35 - INFO - 模型总参数: 115,813,347
2025-04-28 16:27:35 - INFO - 可训练参数: 115,813,347
2025-04-28 16:28:06 - INFO - Epoch 1/1000, Loss: 0.4919, Dice: 0.4841, MSE: 0.0259
2025-04-28 16:28:33 - INFO - Epoch 2/1000, Loss: 0.4468, Dice: 0.4417, MSE: 0.0170
2025-04-28 16:28:59 - INFO - Epoch 3/1000, Loss: 0.4128, Dice: 0.4042, MSE: 0.0287
2025-04-28 16:29:25 - INFO - Epoch 4/1000, Loss: 0.3798, Dice: 0.3700, MSE: 0.0325
2025-04-28 16:29:52 - INFO - Epoch 5/1000, Loss: 0.3767, Dice: 0.3675, MSE: 0.0303
2025-04-28 16:30:18 - INFO - Epoch 6/1000, Loss: 0.3610, Dice: 0.3539, MSE: 0.0235
2025-04-28 16:30:42 - INFO - Epoch 7/1000, Loss: 0.3419, Dice: 0.3340, MSE: 0.0261
2025-04-28 16:31:07 - INFO - Epoch 8/1000, Loss: 0.3244, Dice: 0.3166, MSE: 0.0259
2025-04-28 16:31:33 - INFO - Epoch 9/1000, Loss: 0.3263, Dice: 0.3177, MSE: 0.0286
2025-04-28 16:32:00 - INFO - Epoch 10/1000, Loss: 0.3444, Dice: 0.3340, MSE: 0.0349
2025-04-28 16:32:26 - INFO - Epoch 11/1000, Loss: 0.3010, Dice: 0.2907, MSE: 0.0345
2025-04-28 16:32:52 - INFO - Epoch 12/1000, Loss: 0.3034, Dice: 0.2862, MSE: 0.0573
2025-04-28 16:33:19 - INFO - Epoch 13/1000, Loss: 0.3154, Dice: 0.3033, MSE: 0.0403
2025-04-28 16:33:45 - INFO - Epoch 14/1000, Loss: 0.2936, Dice: 0.2791, MSE: 0.0483
2025-04-28 16:34:10 - INFO - Epoch 15/1000, Loss: 0.3072, Dice: 0.2791, MSE: 0.0937
2025-04-28 16:34:34 - INFO - Epoch 16/1000, Loss: 0.3037, Dice: 0.2742, MSE: 0.0981
2025-04-28 16:34:59 - INFO - Epoch 17/1000, Loss: 0.3004, Dice: 0.2688, MSE: 0.1055
2025-04-28 16:35:26 - INFO - Epoch 18/1000, Loss: 0.2963, Dice: 0.2707, MSE: 0.0852
2025-04-28 16:35:52 - INFO - Epoch 19/1000, Loss: 0.2986, Dice: 0.2691, MSE: 0.0984
2025-04-28 16:36:19 - INFO - Epoch 20/1000, Loss: 0.2915, Dice: 0.2635, MSE: 0.0934
2025-04-28 16:36:20 - INFO - 模型已保存至: epoch_20.pth
2025-04-28 16:36:47 - INFO - Epoch 21/1000, Loss: 0.2743, Dice: 0.2456, MSE: 0.0954
2025-04-28 16:37:13 - INFO - Epoch 22/1000, Loss: 0.3024, Dice: 0.2743, MSE: 0.0938
2025-04-28 16:37:38 - INFO - Epoch 23/1000, Loss: 0.2724, Dice: 0.2424, MSE: 0.0999
2025-04-28 16:38:03 - INFO - Epoch 24/1000, Loss: 0.2540, Dice: 0.2253, MSE: 0.0958
2025-04-28 16:38:27 - INFO - Epoch 25/1000, Loss: 0.2905, Dice: 0.2610, MSE: 0.0984
2025-04-28 16:38:52 - INFO - Epoch 26/1000, Loss: 0.2576, Dice: 0.2281, MSE: 0.0983
2025-04-28 16:39:18 - INFO - Epoch 27/1000, Loss: 0.2754, Dice: 0.2428, MSE: 0.1086
2025-04-28 16:39:45 - INFO - Epoch 28/1000, Loss: 0.2596, Dice: 0.2264, MSE: 0.1106
2025-04-28 16:40:11 - INFO - Epoch 29/1000, Loss: 0.2663, Dice: 0.2350, MSE: 0.1043
2025-04-28 16:40:37 - INFO - Epoch 30/1000, Loss: 0.2690, Dice: 0.2400, MSE: 0.0968
2025-04-28 16:41:04 - INFO - Epoch 31/1000, Loss: 0.2631, Dice: 0.2277, MSE: 0.1181
2025-04-28 16:41:29 - INFO - Epoch 32/1000, Loss: 0.2852, Dice: 0.2541, MSE: 0.1036
2025-04-28 16:41:54 - INFO - Epoch 33/1000, Loss: 0.2500, Dice: 0.2248, MSE: 0.0838
2025-04-28 16:42:19 - INFO - Epoch 34/1000, Loss: 0.2626, Dice: 0.2332, MSE: 0.0980
2025-04-28 16:42:46 - INFO - Epoch 35/1000, Loss: 0.2531, Dice: 0.2234, MSE: 0.0989
2025-04-28 16:43:12 - INFO - Epoch 36/1000, Loss: 0.2372, Dice: 0.2045, MSE: 0.1093
2025-04-28 16:43:39 - INFO - Epoch 37/1000, Loss: 0.2481, Dice: 0.2193, MSE: 0.0960
2025-04-28 16:44:05 - INFO - Epoch 38/1000, Loss: 0.2499, Dice: 0.2196, MSE: 0.1010
2025-04-28 16:44:31 - INFO - Epoch 39/1000, Loss: 0.2399, Dice: 0.2079, MSE: 0.1067
2025-04-28 16:44:57 - INFO - Epoch 40/1000, Loss: 0.2522, Dice: 0.2159, MSE: 0.1208
2025-04-28 16:44:59 - INFO - 模型已保存至: epoch_40.pth
2025-04-28 16:45:24 - INFO - Epoch 41/1000, Loss: 0.2418, Dice: 0.2085, MSE: 0.1110
2025-04-28 16:45:48 - INFO - Epoch 42/1000, Loss: 0.2438, Dice: 0.2118, MSE: 0.1067
2025-04-28 16:46:14 - INFO - Epoch 43/1000, Loss: 0.2606, Dice: 0.2296, MSE: 0.1033
2025-04-28 16:46:40 - INFO - Epoch 44/1000, Loss: 0.2345, Dice: 0.2016, MSE: 0.1096
2025-04-28 16:47:07 - INFO - Epoch 45/1000, Loss: 0.2388, Dice: 0.2070, MSE: 0.1059
2025-04-28 16:47:33 - INFO - Epoch 46/1000, Loss: 0.2853, Dice: 0.2569, MSE: 0.0947
2025-04-28 16:48:00 - INFO - Epoch 47/1000, Loss: 0.2351, Dice: 0.2071, MSE: 0.0934
2025-04-28 16:48:26 - INFO - Epoch 48/1000, Loss: 0.2397, Dice: 0.2131, MSE: 0.0884
2025-04-28 16:48:51 - INFO - Epoch 49/1000, Loss: 0.2081, Dice: 0.1747, MSE: 0.1111
2025-04-28 16:49:16 - INFO - Epoch 50/1000, Loss: 0.2464, Dice: 0.2151, MSE: 0.1043
2025-04-28 16:49:41 - INFO - Epoch 51/1000, Loss: 0.2354, Dice: 0.2060, MSE: 0.0981
2025-04-28 16:50:08 - INFO - Epoch 52/1000, Loss: 0.2651, Dice: 0.2300, MSE: 0.1168
2025-04-28 16:50:34 - INFO - Epoch 53/1000, Loss: 0.2370, Dice: 0.2077, MSE: 0.0978
2025-04-28 16:51:01 - INFO - Epoch 54/1000, Loss: 0.2420, Dice: 0.2097, MSE: 0.1075
2025-04-28 16:51:27 - INFO - Epoch 55/1000, Loss: 0.2452, Dice: 0.2106, MSE: 0.1154
2025-04-28 16:51:53 - INFO - Epoch 56/1000, Loss: 0.2318, Dice: 0.1999, MSE: 0.1061
2025-04-28 16:52:18 - INFO - Epoch 57/1000, Loss: 0.2588, Dice: 0.2275, MSE: 0.1042
2025-04-28 16:52:43 - INFO - Epoch 58/1000, Loss: 0.2374, Dice: 0.2118, MSE: 0.0854
2025-04-28 16:53:08 - INFO - Epoch 59/1000, Loss: 0.2344, Dice: 0.2017, MSE: 0.1093
2025-04-28 16:53:33 - INFO - Epoch 60/1000, Loss: 0.2813, Dice: 0.2488, MSE: 0.1086
2025-04-28 16:53:35 - INFO - 模型已保存至: epoch_60.pth
2025-04-28 16:54:01 - INFO - Epoch 61/1000, Loss: 0.2856, Dice: 0.2462, MSE: 0.1314
2025-04-28 16:54:28 - INFO - Epoch 62/1000, Loss: 0.2719, Dice: 0.2444, MSE: 0.0918
2025-04-28 16:54:54 - INFO - Epoch 63/1000, Loss: 0.2560, Dice: 0.2280, MSE: 0.0931
2025-04-28 16:55:20 - INFO - Epoch 64/1000, Loss: 0.2635, Dice: 0.2330, MSE: 0.1015
2025-04-28 16:55:46 - INFO - Epoch 65/1000, Loss: 0.2712, Dice: 0.2390, MSE: 0.1073
2025-04-28 16:56:11 - INFO - Epoch 66/1000, Loss: 0.2571, Dice: 0.2271, MSE: 0.1000
2025-04-28 16:56:35 - INFO - Epoch 67/1000, Loss: 0.2526, Dice: 0.2262, MSE: 0.0878
2025-04-28 16:57:00 - INFO - Epoch 68/1000, Loss: 0.2215, Dice: 0.1951, MSE: 0.0878
2025-04-28 16:57:26 - INFO - Epoch 69/1000, Loss: 0.2384, Dice: 0.2133, MSE: 0.0839
2025-04-28 16:57:52 - INFO - Epoch 70/1000, Loss: 0.2660, Dice: 0.2342, MSE: 0.1063
2025-04-28 16:58:18 - INFO - Epoch 71/1000, Loss: 0.2198, Dice: 0.1951, MSE: 0.0821
2025-04-28 16:58:44 - INFO - Epoch 72/1000, Loss: 0.2262, Dice: 0.1962, MSE: 0.1001
2025-04-28 16:59:10 - INFO - Epoch 73/1000, Loss: 0.2341, Dice: 0.2052, MSE: 0.0964
2025-04-28 16:59:36 - INFO - Epoch 74/1000, Loss: 0.2304, Dice: 0.2021, MSE: 0.0943
2025-04-28 17:00:00 - INFO - Epoch 75/1000, Loss: 0.2076, Dice: 0.1758, MSE: 0.1060
2025-04-28 17:00:25 - INFO - Epoch 76/1000, Loss: 0.2309, Dice: 0.1999, MSE: 0.1035
2025-04-28 17:00:50 - INFO - Epoch 77/1000, Loss: 0.2065, Dice: 0.1785, MSE: 0.0935
2025-04-28 17:01:16 - INFO - Epoch 78/1000, Loss: 0.1999, Dice: 0.1710, MSE: 0.0966
2025-04-28 17:01:42 - INFO - Epoch 79/1000, Loss: 0.2058, Dice: 0.1760, MSE: 0.0992
2025-04-28 17:02:08 - INFO - Epoch 80/1000, Loss: 0.1994, Dice: 0.1684, MSE: 0.1034
2025-04-28 17:02:10 - INFO - 模型已保存至: epoch_80.pth
2025-04-28 17:02:35 - INFO - Epoch 81/1000, Loss: 0.2290, Dice: 0.1971, MSE: 0.1063
2025-04-28 17:03:01 - INFO - Epoch 82/1000, Loss: 0.2179, Dice: 0.1848, MSE: 0.1105
2025-04-28 17:03:27 - INFO - Epoch 83/1000, Loss: 0.1950, Dice: 0.1637, MSE: 0.1041
2025-04-28 17:03:51 - INFO - Epoch 84/1000, Loss: 0.2201, Dice: 0.1914, MSE: 0.0957
2025-04-28 17:04:16 - INFO - Epoch 85/1000, Loss: 0.1920, Dice: 0.1612, MSE: 0.1027
2025-04-28 17:04:42 - INFO - Epoch 86/1000, Loss: 0.1892, Dice: 0.1574, MSE: 0.1059
2025-04-28 17:05:08 - INFO - Epoch 87/1000, Loss: 0.2059, Dice: 0.1738, MSE: 0.1068
2025-04-28 17:05:34 - INFO - Epoch 88/1000, Loss: 0.2000, Dice: 0.1657, MSE: 0.1141
2025-04-28 17:06:00 - INFO - Epoch 89/1000, Loss: 0.1878, Dice: 0.1523, MSE: 0.1182
2025-04-28 17:06:26 - INFO - Epoch 90/1000, Loss: 0.1899, Dice: 0.1525, MSE: 0.1248
2025-04-28 17:06:52 - INFO - Epoch 91/1000, Loss: 0.1841, Dice: 0.1509, MSE: 0.1109
2025-04-28 17:07:16 - INFO - Epoch 92/1000, Loss: 0.2194, Dice: 0.1846, MSE: 0.1159
2025-04-28 17:07:41 - INFO - Epoch 93/1000, Loss: 0.1949, Dice: 0.1630, MSE: 0.1061
2025-04-28 17:08:05 - INFO - Epoch 94/1000, Loss: 0.1926, Dice: 0.1568, MSE: 0.1192
2025-04-28 17:08:31 - INFO - Epoch 95/1000, Loss: 0.1626, Dice: 0.1326, MSE: 0.0997
2025-04-28 17:08:57 - INFO - Epoch 96/1000, Loss: 0.2220, Dice: 0.1860, MSE: 0.1200
2025-04-28 17:09:23 - INFO - Epoch 97/1000, Loss: 0.1933, Dice: 0.1634, MSE: 0.0997
2025-04-28 17:09:49 - INFO - Epoch 98/1000, Loss: 0.1781, Dice: 0.1449, MSE: 0.1107
2025-04-28 17:10:15 - INFO - Epoch 99/1000, Loss: 0.1846, Dice: 0.1526, MSE: 0.1067
2025-04-28 17:10:41 - INFO - Epoch 100/1000, Loss: 0.1720, Dice: 0.1372, MSE: 0.1160
2025-04-28 17:10:42 - INFO - 模型已保存至: epoch_100.pth
2025-04-28 17:11:07 - INFO - Epoch 101/1000, Loss: 0.1737, Dice: 0.1359, MSE: 0.1259
2025-04-28 17:11:32 - INFO - Epoch 102/1000, Loss: 0.1954, Dice: 0.1575, MSE: 0.1263
2025-04-28 17:11:58 - INFO - Epoch 103/1000, Loss: 0.1841, Dice: 0.1473, MSE: 0.1226
2025-04-28 17:12:24 - INFO - Epoch 104/1000, Loss: 0.1682, Dice: 0.1349, MSE: 0.1110
2025-04-28 17:12:50 - INFO - Epoch 105/1000, Loss: 0.1729, Dice: 0.1383, MSE: 0.1154
2025-04-28 17:13:17 - INFO - Epoch 106/1000, Loss: 0.1672, Dice: 0.1316, MSE: 0.1186
2025-04-28 17:13:42 - INFO - Epoch 107/1000, Loss: 0.1979, Dice: 0.1652, MSE: 0.1088
2025-04-28 17:14:08 - INFO - Epoch 108/1000, Loss: 0.1801, Dice: 0.1424, MSE: 0.1259
2025-04-28 17:14:33 - INFO - Epoch 109/1000, Loss: 0.1681, Dice: 0.1315, MSE: 0.1221
2025-04-28 17:14:57 - INFO - Epoch 110/1000, Loss: 0.1745, Dice: 0.1402, MSE: 0.1143
2025-04-28 17:15:21 - INFO - Epoch 111/1000, Loss: 0.1556, Dice: 0.1224, MSE: 0.1108
2025-04-28 17:15:47 - INFO - Epoch 112/1000, Loss: 0.1856, Dice: 0.1500, MSE: 0.1184
2025-04-28 17:16:14 - INFO - Epoch 113/1000, Loss: 0.1701, Dice: 0.1301, MSE: 0.1335
2025-04-28 17:16:40 - INFO - Epoch 114/1000, Loss: 0.1483, Dice: 0.1123, MSE: 0.1201
2025-04-28 17:17:06 - INFO - Epoch 115/1000, Loss: 0.1534, Dice: 0.1181, MSE: 0.1177
2025-04-28 17:17:33 - INFO - Epoch 116/1000, Loss: 0.1472, Dice: 0.1104, MSE: 0.1225
2025-04-28 17:17:58 - INFO - Epoch 117/1000, Loss: 0.1628, Dice: 0.1231, MSE: 0.1323
2025-04-28 17:18:23 - INFO - Epoch 118/1000, Loss: 0.1357, Dice: 0.1024, MSE: 0.1112
2025-04-28 17:18:47 - INFO - Epoch 119/1000, Loss: 0.1526, Dice: 0.1140, MSE: 0.1289
2025-04-28 17:19:13 - INFO - Epoch 120/1000, Loss: 0.1512, Dice: 0.1145, MSE: 0.1224
2025-04-28 17:19:15 - INFO - 模型已保存至: epoch_120.pth
2025-04-28 17:19:41 - INFO - Epoch 121/1000, Loss: 0.1777, Dice: 0.1367, MSE: 0.1366
2025-04-28 17:20:07 - INFO - Epoch 122/1000, Loss: 0.1747, Dice: 0.1359, MSE: 0.1293
2025-04-28 17:20:34 - INFO - Epoch 123/1000, Loss: 0.1560, Dice: 0.1178, MSE: 0.1272
2025-04-28 17:21:00 - INFO - Epoch 124/1000, Loss: 0.1587, Dice: 0.1247, MSE: 0.1133
2025-04-28 17:21:26 - INFO - Epoch 125/1000, Loss: 0.1591, Dice: 0.1243, MSE: 0.1159
2025-04-28 17:21:51 - INFO - Epoch 126/1000, Loss: 0.1511, Dice: 0.1149, MSE: 0.1208
2025-04-28 17:22:15 - INFO - Epoch 127/1000, Loss: 0.1374, Dice: 0.1006, MSE: 0.1225
2025-04-28 17:22:40 - INFO - Epoch 128/1000, Loss: 0.1250, Dice: 0.0884, MSE: 0.1220
2025-04-28 17:23:06 - INFO - Epoch 129/1000, Loss: 0.1365, Dice: 0.1005, MSE: 0.1200
2025-04-28 17:23:32 - INFO - Epoch 130/1000, Loss: 0.1501, Dice: 0.1103, MSE: 0.1327
2025-04-28 17:23:58 - INFO - Epoch 131/1000, Loss: 0.1421, Dice: 0.1040, MSE: 0.1273
2025-04-28 17:24:24 - INFO - Epoch 132/1000, Loss: 0.1525, Dice: 0.1120, MSE: 0.1348
2025-04-28 17:24:50 - INFO - Epoch 133/1000, Loss: 0.1498, Dice: 0.1129, MSE: 0.1229
2025-04-28 17:25:16 - INFO - Epoch 134/1000, Loss: 0.1702, Dice: 0.1314, MSE: 0.1295
2025-04-28 17:25:41 - INFO - Epoch 135/1000, Loss: 0.1748, Dice: 0.1342, MSE: 0.1351
2025-04-28 17:26:06 - INFO - Epoch 136/1000, Loss: 0.1528, Dice: 0.1166, MSE: 0.1208
2025-04-28 17:26:31 - INFO - Epoch 137/1000, Loss: 0.1517, Dice: 0.1155, MSE: 0.1207
2025-04-28 17:26:57 - INFO - Epoch 138/1000, Loss: 0.1662, Dice: 0.1301, MSE: 0.1204
2025-04-28 17:27:23 - INFO - Epoch 139/1000, Loss: 0.1791, Dice: 0.1394, MSE: 0.1323
2025-04-28 17:27:49 - INFO - Epoch 140/1000, Loss: 0.1666, Dice: 0.1296, MSE: 0.1232
2025-04-28 17:27:51 - INFO - 模型已保存至: epoch_140.pth
2025-04-28 17:28:17 - INFO - Epoch 141/1000, Loss: 0.1532, Dice: 0.1160, MSE: 0.1241
2025-04-28 17:28:43 - INFO - Epoch 142/1000, Loss: 0.1670, Dice: 0.1282, MSE: 0.1293
2025-04-28 17:29:08 - INFO - Epoch 143/1000, Loss: 0.1491, Dice: 0.1117, MSE: 0.1247
2025-04-28 17:29:32 - INFO - Epoch 144/1000, Loss: 0.1489, Dice: 0.1110, MSE: 0.1265
2025-04-28 17:29:57 - INFO - Epoch 145/1000, Loss: 0.1574, Dice: 0.1168, MSE: 0.1355
2025-04-28 17:30:22 - INFO - Epoch 146/1000, Loss: 0.1459, Dice: 0.1074, MSE: 0.1282
2025-04-28 17:30:49 - INFO - Epoch 147/1000, Loss: 0.1554, Dice: 0.1157, MSE: 0.1325
2025-04-28 17:31:15 - INFO - Epoch 148/1000, Loss: 0.1618, Dice: 0.1236, MSE: 0.1274
2025-04-28 17:31:41 - INFO - Epoch 149/1000, Loss: 0.1512, Dice: 0.1134, MSE: 0.1261
2025-04-28 17:32:07 - INFO - Epoch 150/1000, Loss: 0.1449, Dice: 0.1062, MSE: 0.1292
2025-04-28 17:32:32 - INFO - Epoch 151/1000, Loss: 0.1527, Dice: 0.1171, MSE: 0.1189
2025-04-28 17:32:57 - INFO - Epoch 152/1000, Loss: 0.1464, Dice: 0.1077, MSE: 0.1289
2025-04-28 17:33:22 - INFO - Epoch 153/1000, Loss: 0.1423, Dice: 0.1035, MSE: 0.1292
2025-04-28 17:33:47 - INFO - Epoch 154/1000, Loss: 0.1551, Dice: 0.1133, MSE: 0.1393
2025-04-28 17:34:14 - INFO - Epoch 155/1000, Loss: 0.1547, Dice: 0.1134, MSE: 0.1378
2025-04-28 17:34:40 - INFO - Epoch 156/1000, Loss: 0.1261, Dice: 0.0914, MSE: 0.1156
2025-04-28 17:35:07 - INFO - Epoch 157/1000, Loss: 0.1308, Dice: 0.0898, MSE: 0.1370
2025-04-28 17:35:33 - INFO - Epoch 158/1000, Loss: 0.1343, Dice: 0.0953, MSE: 0.1301
2025-04-28 17:35:59 - INFO - Epoch 159/1000, Loss: 0.1241, Dice: 0.0881, MSE: 0.1200
2025-04-28 17:36:25 - INFO - Epoch 160/1000, Loss: 0.1239, Dice: 0.0865, MSE: 0.1249
2025-04-28 17:36:26 - INFO - 模型已保存至: epoch_160.pth
2025-04-28 17:36:50 - INFO - Epoch 161/1000, Loss: 0.1244, Dice: 0.0887, MSE: 0.1188
2025-04-28 17:37:15 - INFO - Epoch 162/1000, Loss: 0.1106, Dice: 0.0702, MSE: 0.1345
2025-04-28 17:37:41 - INFO - Epoch 163/1000, Loss: 0.1350, Dice: 0.0958, MSE: 0.1305
2025-04-28 17:38:07 - INFO - Epoch 164/1000, Loss: 0.1400, Dice: 0.0981, MSE: 0.1397
2025-04-28 17:38:33 - INFO - Epoch 165/1000, Loss: 0.1423, Dice: 0.0984, MSE: 0.1465
2025-04-28 17:38:59 - INFO - Epoch 166/1000, Loss: 0.1359, Dice: 0.0969, MSE: 0.1300
2025-04-28 17:39:25 - INFO - Epoch 167/1000, Loss: 0.1235, Dice: 0.0822, MSE: 0.1377
2025-04-28 17:39:51 - INFO - Epoch 168/1000, Loss: 0.1156, Dice: 0.0777, MSE: 0.1262
2025-04-28 17:40:16 - INFO - Epoch 169/1000, Loss: 0.1409, Dice: 0.1002, MSE: 0.1356
2025-04-28 17:40:40 - INFO - Epoch 170/1000, Loss: 0.1547, Dice: 0.1176, MSE: 0.1237
2025-04-28 17:41:06 - INFO - Epoch 171/1000, Loss: 0.1380, Dice: 0.0967, MSE: 0.1375
2025-04-28 17:41:32 - INFO - Epoch 172/1000, Loss: 0.1440, Dice: 0.1096, MSE: 0.1147
2025-04-28 17:41:58 - INFO - Epoch 173/1000, Loss: 0.1579, Dice: 0.1260, MSE: 0.1064
2025-04-28 17:42:24 - INFO - Epoch 174/1000, Loss: 0.1735, Dice: 0.1408, MSE: 0.1090
2025-04-28 17:42:51 - INFO - Epoch 175/1000, Loss: 0.1614, Dice: 0.1348, MSE: 0.0888
2025-04-28 17:43:16 - INFO - Epoch 176/1000, Loss: 0.1532, Dice: 0.1211, MSE: 0.1069
2025-04-28 17:43:42 - INFO - Epoch 177/1000, Loss: 0.1347, Dice: 0.1059, MSE: 0.0958
2025-04-28 17:44:06 - INFO - Epoch 178/1000, Loss: 0.1579, Dice: 0.1285, MSE: 0.0977
2025-04-28 17:44:30 - INFO - Epoch 179/1000, Loss: 0.1319, Dice: 0.1033, MSE: 0.0954
2025-04-28 17:44:55 - INFO - Epoch 180/1000, Loss: 0.1302, Dice: 0.0990, MSE: 0.1041
2025-04-28 17:44:57 - INFO - 模型已保存至: epoch_180.pth
2025-04-28 17:45:23 - INFO - Epoch 181/1000, Loss: 0.1590, Dice: 0.1300, MSE: 0.0967
2025-04-28 17:45:49 - INFO - Epoch 182/1000, Loss: 0.1586, Dice: 0.1238, MSE: 0.1158
2025-04-28 17:46:15 - INFO - Epoch 183/1000, Loss: 0.1709, Dice: 0.1340, MSE: 0.1232
2025-04-28 17:46:42 - INFO - Epoch 184/1000, Loss: 0.1534, Dice: 0.1123, MSE: 0.1371
2025-04-28 17:47:07 - INFO - Epoch 185/1000, Loss: 0.1559, Dice: 0.1213, MSE: 0.1152
2025-04-28 17:47:33 - INFO - Epoch 186/1000, Loss: 0.1540, Dice: 0.1151, MSE: 0.1296
2025-04-28 17:47:57 - INFO - Epoch 187/1000, Loss: 0.1523, Dice: 0.1153, MSE: 0.1236
2025-04-28 17:48:22 - INFO - Epoch 188/1000, Loss: 0.1695, Dice: 0.1294, MSE: 0.1338
2025-04-28 17:48:48 - INFO - Epoch 189/1000, Loss: 0.1354, Dice: 0.0944, MSE: 0.1367
2025-04-28 17:49:14 - INFO - Epoch 190/1000, Loss: 0.1308, Dice: 0.0928, MSE: 0.1266
2025-04-28 17:49:40 - INFO - Epoch 191/1000, Loss: 0.1296, Dice: 0.0935, MSE: 0.1204
2025-04-28 17:50:06 - INFO - Epoch 192/1000, Loss: 0.1268, Dice: 0.0871, MSE: 0.1323
2025-04-28 17:50:32 - INFO - Epoch 193/1000, Loss: 0.1584, Dice: 0.1160, MSE: 0.1415
2025-04-28 17:50:58 - INFO - Epoch 194/1000, Loss: 0.1414, Dice: 0.1045, MSE: 0.1230
2025-04-28 17:51:22 - INFO - Epoch 195/1000, Loss: 0.1494, Dice: 0.1111, MSE: 0.1278
2025-04-28 17:51:46 - INFO - Epoch 196/1000, Loss: 0.1519, Dice: 0.1154, MSE: 0.1217
2025-04-28 17:52:11 - INFO - Epoch 197/1000, Loss: 0.1392, Dice: 0.1000, MSE: 0.1304
2025-04-28 17:52:38 - INFO - Epoch 198/1000, Loss: 0.1633, Dice: 0.1272, MSE: 0.1202
2025-04-28 17:53:04 - INFO - Epoch 199/1000, Loss: 0.1564, Dice: 0.1157, MSE: 0.1358
2025-04-28 17:53:30 - INFO - Epoch 200/1000, Loss: 0.1345, Dice: 0.0958, MSE: 0.1287
2025-04-28 17:53:32 - INFO - 模型已保存至: epoch_200.pth
2025-04-28 17:53:58 - INFO - Epoch 201/1000, Loss: 0.1360, Dice: 0.0992, MSE: 0.1225
2025-04-28 17:54:24 - INFO - Epoch 202/1000, Loss: 0.1224, Dice: 0.0849, MSE: 0.1248
2025-04-28 17:54:49 - INFO - Epoch 203/1000, Loss: 0.1256, Dice: 0.0879, MSE: 0.1256
2025-04-28 17:55:13 - INFO - Epoch 204/1000, Loss: 0.1413, Dice: 0.1033, MSE: 0.1265
2025-04-28 17:55:38 - INFO - Epoch 205/1000, Loss: 0.1277, Dice: 0.0890, MSE: 0.1288
2025-04-28 17:56:04 - INFO - Epoch 206/1000, Loss: 0.1316, Dice: 0.0909, MSE: 0.1356
2025-04-28 17:56:30 - INFO - Epoch 207/1000, Loss: 0.1214, Dice: 0.0824, MSE: 0.1301
2025-04-28 17:56:56 - INFO - Epoch 208/1000, Loss: 0.1203, Dice: 0.0815, MSE: 0.1294
2025-04-28 17:57:22 - INFO - Epoch 209/1000, Loss: 0.1272, Dice: 0.0887, MSE: 0.1284
2025-04-28 17:57:49 - INFO - Epoch 210/1000, Loss: 0.1421, Dice: 0.1024, MSE: 0.1321
2025-04-28 17:58:14 - INFO - Epoch 211/1000, Loss: 0.1302, Dice: 0.0922, MSE: 0.1266
2025-04-28 17:58:39 - INFO - Epoch 212/1000, Loss: 0.1177, Dice: 0.0783, MSE: 0.1311
2025-04-28 17:59:03 - INFO - Epoch 213/1000, Loss: 0.1168, Dice: 0.0746, MSE: 0.1406
2025-04-28 17:59:29 - INFO - Epoch 214/1000, Loss: 0.1235, Dice: 0.0834, MSE: 0.1336
2025-04-28 17:59:55 - INFO - Epoch 215/1000, Loss: 0.1753, Dice: 0.1401, MSE: 0.1172
2025-04-28 18:00:21 - INFO - Epoch 216/1000, Loss: 0.1669, Dice: 0.1244, MSE: 0.1417
2025-04-28 18:00:47 - INFO - Epoch 217/1000, Loss: 0.1414, Dice: 0.1063, MSE: 0.1171
2025-04-28 18:01:13 - INFO - Epoch 218/1000, Loss: 0.1333, Dice: 0.1019, MSE: 0.1046
2025-04-28 18:01:39 - INFO - Epoch 219/1000, Loss: 0.1345, Dice: 0.0977, MSE: 0.1225
2025-04-28 18:02:04 - INFO - Epoch 220/1000, Loss: 0.1241, Dice: 0.0894, MSE: 0.1155
2025-04-28 18:02:06 - INFO - 模型已保存至: epoch_220.pth
2025-04-28 18:02:30 - INFO - Epoch 221/1000, Loss: 0.1365, Dice: 0.0957, MSE: 0.1360
2025-04-28 18:02:54 - INFO - Epoch 222/1000, Loss: 0.1346, Dice: 0.0949, MSE: 0.1325
2025-04-28 18:03:20 - INFO - Epoch 223/1000, Loss: 0.1538, Dice: 0.1142, MSE: 0.1319
2025-04-28 18:03:47 - INFO - Epoch 224/1000, Loss: 0.1356, Dice: 0.1007, MSE: 0.1162
2025-04-28 18:04:13 - INFO - Epoch 225/1000, Loss: 0.1515, Dice: 0.1107, MSE: 0.1358
2025-04-28 18:04:39 - INFO - Epoch 226/1000, Loss: 0.1556, Dice: 0.1206, MSE: 0.1165
2025-04-28 18:05:06 - INFO - Epoch 227/1000, Loss: 0.1123, Dice: 0.0772, MSE: 0.1169
2025-04-28 18:05:32 - INFO - Epoch 228/1000, Loss: 0.1318, Dice: 0.0930, MSE: 0.1292
2025-04-28 18:05:56 - INFO - Epoch 229/1000, Loss: 0.1263, Dice: 0.0896, MSE: 0.1223
2025-04-28 18:06:20 - INFO - Epoch 230/1000, Loss: 0.1266, Dice: 0.0869, MSE: 0.1324
2025-04-28 18:06:45 - INFO - Epoch 231/1000, Loss: 0.1363, Dice: 0.1005, MSE: 0.1191
2025-04-28 18:07:10 - INFO - Epoch 232/1000, Loss: 0.1263, Dice: 0.0911, MSE: 0.1172
2025-04-28 18:07:36 - INFO - Epoch 233/1000, Loss: 0.1173, Dice: 0.0780, MSE: 0.1309
2025-04-28 18:08:02 - INFO - Epoch 234/1000, Loss: 0.1341, Dice: 0.0911, MSE: 0.1435
2025-04-28 18:08:28 - INFO - Epoch 235/1000, Loss: 0.1367, Dice: 0.1036, MSE: 0.1103
2025-04-28 18:08:54 - INFO - Epoch 236/1000, Loss: 0.1097, Dice: 0.0697, MSE: 0.1336
2025-04-28 18:09:20 - INFO - Epoch 237/1000, Loss: 0.1340, Dice: 0.0982, MSE: 0.1194
2025-04-28 18:09:45 - INFO - Epoch 238/1000, Loss: 0.1237, Dice: 0.0841, MSE: 0.1319
2025-04-28 18:10:10 - INFO - Epoch 239/1000, Loss: 0.1617, Dice: 0.1290, MSE: 0.1092
2025-04-28 18:10:35 - INFO - Epoch 240/1000, Loss: 0.1262, Dice: 0.0893, MSE: 0.1232
2025-04-28 18:10:36 - INFO - 模型已保存至: epoch_240.pth
2025-04-28 18:11:03 - INFO - Epoch 241/1000, Loss: 0.1268, Dice: 0.0884, MSE: 0.1280
2025-04-28 18:11:29 - INFO - Epoch 242/1000, Loss: 0.1403, Dice: 0.1003, MSE: 0.1332
2025-04-28 18:11:55 - INFO - Epoch 243/1000, Loss: 0.1388, Dice: 0.0968, MSE: 0.1397
2025-04-28 18:12:21 - INFO - Epoch 244/1000, Loss: 0.1209, Dice: 0.0777, MSE: 0.1440
2025-04-28 18:12:47 - INFO - Epoch 245/1000, Loss: 0.1324, Dice: 0.0925, MSE: 0.1328
2025-04-28 18:13:12 - INFO - Epoch 246/1000, Loss: 0.1159, Dice: 0.0761, MSE: 0.1329
2025-04-28 18:13:36 - INFO - Epoch 247/1000, Loss: 0.1253, Dice: 0.0864, MSE: 0.1295
2025-04-28 18:14:00 - INFO - Epoch 248/1000, Loss: 0.1160, Dice: 0.0784, MSE: 0.1251
2025-04-28 18:14:25 - INFO - Epoch 249/1000, Loss: 0.1083, Dice: 0.0745, MSE: 0.1127
2025-04-28 18:14:51 - INFO - Epoch 250/1000, Loss: 0.1179, Dice: 0.0833, MSE: 0.1154
2025-04-28 18:15:17 - INFO - Epoch 251/1000, Loss: 0.1264, Dice: 0.1012, MSE: 0.0841
2025-04-28 18:15:43 - INFO - Epoch 252/1000, Loss: 0.1118, Dice: 0.0787, MSE: 0.1103
2025-04-28 18:16:09 - INFO - Epoch 253/1000, Loss: 0.1756, Dice: 0.1453, MSE: 0.1013
2025-04-28 18:16:36 - INFO - Epoch 254/1000, Loss: 0.1388, Dice: 0.1100, MSE: 0.0958
2025-04-28 18:17:01 - INFO - Epoch 255/1000, Loss: 0.1265, Dice: 0.0971, MSE: 0.0980
2025-04-28 18:17:25 - INFO - Epoch 256/1000, Loss: 0.1083, Dice: 0.0808, MSE: 0.0915
2025-04-28 18:17:50 - INFO - Epoch 257/1000, Loss: 0.1347, Dice: 0.1083, MSE: 0.0880
2025-04-28 18:18:17 - INFO - Epoch 258/1000, Loss: 0.0962, Dice: 0.0710, MSE: 0.0840
2025-04-28 18:18:43 - INFO - Epoch 259/1000, Loss: 0.1088, Dice: 0.0859, MSE: 0.0762
2025-04-28 18:19:09 - INFO - Epoch 260/1000, Loss: 0.1141, Dice: 0.0918, MSE: 0.0742
2025-04-28 18:19:10 - INFO - 模型已保存至: epoch_260.pth
2025-04-28 18:19:36 - INFO - Epoch 261/1000, Loss: 0.0942, Dice: 0.0711, MSE: 0.0768
2025-04-28 18:20:02 - INFO - Epoch 262/1000, Loss: 0.1022, Dice: 0.0802, MSE: 0.0731
2025-04-28 18:20:28 - INFO - Epoch 263/1000, Loss: 0.1174, Dice: 0.0957, MSE: 0.0726
2025-04-28 18:20:52 - INFO - Epoch 264/1000, Loss: 0.1087, Dice: 0.0868, MSE: 0.0731
2025-04-28 18:21:16 - INFO - Epoch 265/1000, Loss: 0.1003, Dice: 0.0803, MSE: 0.0667
2025-04-28 18:21:41 - INFO - Epoch 266/1000, Loss: 0.1163, Dice: 0.0956, MSE: 0.0690
2025-04-28 18:22:07 - INFO - Epoch 267/1000, Loss: 0.0913, Dice: 0.0711, MSE: 0.0674
2025-04-28 18:22:33 - INFO - Epoch 268/1000, Loss: 0.0896, Dice: 0.0706, MSE: 0.0634
2025-04-28 18:23:00 - INFO - Epoch 269/1000, Loss: 0.0881, Dice: 0.0694, MSE: 0.0623
2025-04-28 18:23:26 - INFO - Epoch 270/1000, Loss: 0.0916, Dice: 0.0747, MSE: 0.0563
2025-04-28 18:23:52 - INFO - Epoch 271/1000, Loss: 0.0973, Dice: 0.0785, MSE: 0.0625
2025-04-28 18:24:18 - INFO - Epoch 272/1000, Loss: 0.0990, Dice: 0.0804, MSE: 0.0620
2025-04-28 18:24:42 - INFO - Epoch 273/1000, Loss: 0.1208, Dice: 0.1029, MSE: 0.0597
2025-04-28 18:25:07 - INFO - Epoch 274/1000, Loss: 0.1047, Dice: 0.0889, MSE: 0.0526
2025-04-28 18:25:33 - INFO - Epoch 275/1000, Loss: 0.1072, Dice: 0.0911, MSE: 0.0535
2025-04-28 18:25:59 - INFO - Epoch 276/1000, Loss: 0.0888, Dice: 0.0708, MSE: 0.0602
2025-04-28 18:26:25 - INFO - Epoch 277/1000, Loss: 0.1164, Dice: 0.1013, MSE: 0.0503
2025-04-28 18:26:51 - INFO - Epoch 278/1000, Loss: 0.1089, Dice: 0.0911, MSE: 0.0590
2025-04-28 18:27:18 - INFO - Epoch 279/1000, Loss: 0.0897, Dice: 0.0746, MSE: 0.0503
2025-04-28 18:27:43 - INFO - Epoch 280/1000, Loss: 0.0897, Dice: 0.0742, MSE: 0.0519
2025-04-28 18:27:45 - INFO - 模型已保存至: epoch_280.pth
2025-04-28 18:28:10 - INFO - Epoch 281/1000, Loss: 0.0959, Dice: 0.0781, MSE: 0.0594
2025-04-28 18:28:34 - INFO - Epoch 282/1000, Loss: 0.0872, Dice: 0.0719, MSE: 0.0509
2025-04-28 18:28:58 - INFO - Epoch 283/1000, Loss: 0.0832, Dice: 0.0677, MSE: 0.0519
2025-04-28 18:29:23 - INFO - Epoch 284/1000, Loss: 0.0836, Dice: 0.0680, MSE: 0.0519
2025-04-28 18:29:50 - INFO - Epoch 285/1000, Loss: 0.0992, Dice: 0.0816, MSE: 0.0589
2025-04-28 18:30:16 - INFO - Epoch 286/1000, Loss: 0.0766, Dice: 0.0615, MSE: 0.0504
2025-04-28 18:30:42 - INFO - Epoch 287/1000, Loss: 0.0886, Dice: 0.0726, MSE: 0.0534
2025-04-28 18:31:08 - INFO - Epoch 288/1000, Loss: 0.0895, Dice: 0.0741, MSE: 0.0512
2025-04-28 18:31:33 - INFO - Epoch 289/1000, Loss: 0.0927, Dice: 0.0773, MSE: 0.0513
2025-04-28 18:31:59 - INFO - Epoch 290/1000, Loss: 0.1387, Dice: 0.1219, MSE: 0.0559
2025-04-28 18:32:23 - INFO - Epoch 291/1000, Loss: 0.1012, Dice: 0.0856, MSE: 0.0522
2025-04-28 18:32:49 - INFO - Epoch 292/1000, Loss: 0.0913, Dice: 0.0784, MSE: 0.0430
2025-04-28 18:33:15 - INFO - Epoch 293/1000, Loss: 0.0923, Dice: 0.0779, MSE: 0.0482
2025-04-28 18:33:41 - INFO - Epoch 294/1000, Loss: 0.1063, Dice: 0.0934, MSE: 0.0430
2025-04-28 18:34:07 - INFO - Epoch 295/1000, Loss: 0.1139, Dice: 0.0986, MSE: 0.0513
2025-04-28 18:34:33 - INFO - Epoch 296/1000, Loss: 0.1210, Dice: 0.1050, MSE: 0.0533
2025-04-28 18:34:59 - INFO - Epoch 297/1000, Loss: 0.1008, Dice: 0.0867, MSE: 0.0469
2025-04-28 18:35:25 - INFO - Epoch 298/1000, Loss: 0.0886, Dice: 0.0730, MSE: 0.0521
2025-04-28 18:35:49 - INFO - Epoch 299/1000, Loss: 0.0782, Dice: 0.0603, MSE: 0.0596
2025-04-28 18:36:13 - INFO - Epoch 300/1000, Loss: 0.0710, Dice: 0.0546, MSE: 0.0547
2025-04-28 18:36:15 - INFO - 模型已保存至: epoch_300.pth
2025-04-28 18:36:39 - INFO - Epoch 301/1000, Loss: 0.0750, Dice: 0.0590, MSE: 0.0532
2025-04-28 18:37:05 - INFO - Epoch 302/1000, Loss: 0.0812, Dice: 0.0645, MSE: 0.0556
2025-04-28 18:37:31 - INFO - Epoch 303/1000, Loss: 0.0790, Dice: 0.0641, MSE: 0.0499
2025-04-28 18:37:57 - INFO - Epoch 304/1000, Loss: 0.0741, Dice: 0.0593, MSE: 0.0493
2025-04-28 18:38:23 - INFO - Epoch 305/1000, Loss: 0.0832, Dice: 0.0678, MSE: 0.0516
2025-04-28 18:38:49 - INFO - Epoch 306/1000, Loss: 0.0761, Dice: 0.0597, MSE: 0.0549
2025-04-28 18:39:14 - INFO - Epoch 307/1000, Loss: 0.0755, Dice: 0.0600, MSE: 0.0516
2025-04-28 18:39:39 - INFO - Epoch 308/1000, Loss: 0.0742, Dice: 0.0576, MSE: 0.0552
2025-04-28 18:40:04 - INFO - Epoch 309/1000, Loss: 0.0734, Dice: 0.0574, MSE: 0.0533
2025-04-28 18:40:31 - INFO - Epoch 310/1000, Loss: 0.0891, Dice: 0.0736, MSE: 0.0516
2025-04-28 18:40:57 - INFO - Epoch 311/1000, Loss: 0.0740, Dice: 0.0580, MSE: 0.0534
2025-04-28 18:41:23 - INFO - Epoch 312/1000, Loss: 0.0777, Dice: 0.0630, MSE: 0.0489
2025-04-28 18:41:49 - INFO - Epoch 313/1000, Loss: 0.0887, Dice: 0.0720, MSE: 0.0557
2025-04-28 18:42:15 - INFO - Epoch 314/1000, Loss: 0.1281, Dice: 0.1117, MSE: 0.0546
2025-04-28 18:42:40 - INFO - Epoch 315/1000, Loss: 0.1051, Dice: 0.0901, MSE: 0.0500
2025-04-28 18:43:04 - INFO - Epoch 316/1000, Loss: 0.1000, Dice: 0.0860, MSE: 0.0465
2025-04-28 18:43:29 - INFO - Epoch 317/1000, Loss: 0.1131, Dice: 0.0994, MSE: 0.0459
2025-04-28 18:43:54 - INFO - Epoch 318/1000, Loss: 0.0989, Dice: 0.0853, MSE: 0.0454
2025-04-28 18:44:19 - INFO - Epoch 319/1000, Loss: 0.0859, Dice: 0.0727, MSE: 0.0440
2025-04-28 18:44:45 - INFO - Epoch 320/1000, Loss: 0.0966, Dice: 0.0813, MSE: 0.0512
2025-04-28 18:44:47 - INFO - 模型已保存至: epoch_320.pth
2025-04-28 18:45:13 - INFO - Epoch 321/1000, Loss: 0.0835, Dice: 0.0700, MSE: 0.0449
2025-04-28 18:45:40 - INFO - Epoch 322/1000, Loss: 0.0857, Dice: 0.0705, MSE: 0.0507
2025-04-28 18:46:06 - INFO - Epoch 323/1000, Loss: 0.0979, Dice: 0.0833, MSE: 0.0487
2025-04-28 18:46:32 - INFO - Epoch 324/1000, Loss: 0.0876, Dice: 0.0731, MSE: 0.0483
2025-04-28 18:46:57 - INFO - Epoch 325/1000, Loss: 0.1201, Dice: 0.1067, MSE: 0.0447
2025-04-28 18:47:22 - INFO - Epoch 326/1000, Loss: 0.1026, Dice: 0.0882, MSE: 0.0481
2025-04-28 18:47:48 - INFO - Epoch 327/1000, Loss: 0.0970, Dice: 0.0825, MSE: 0.0485
2025-04-28 18:48:15 - INFO - Epoch 328/1000, Loss: 0.0993, Dice: 0.0840, MSE: 0.0512
2025-04-28 18:48:41 - INFO - Epoch 329/1000, Loss: 0.0731, Dice: 0.0608, MSE: 0.0410
2025-04-28 18:49:07 - INFO - Epoch 330/1000, Loss: 0.0790, Dice: 0.0654, MSE: 0.0456
2025-04-28 18:49:33 - INFO - Epoch 331/1000, Loss: 0.0848, Dice: 0.0704, MSE: 0.0482
2025-04-28 18:49:58 - INFO - Epoch 332/1000, Loss: 0.0789, Dice: 0.0661, MSE: 0.0425
2025-04-28 18:50:23 - INFO - Epoch 333/1000, Loss: 0.1837, Dice: 0.1700, MSE: 0.0455
2025-04-28 18:50:47 - INFO - Epoch 334/1000, Loss: 0.1046, Dice: 0.0937, MSE: 0.0363
2025-04-28 18:51:12 - INFO - Epoch 335/1000, Loss: 0.1138, Dice: 0.1006, MSE: 0.0439
2025-04-28 18:51:38 - INFO - Epoch 336/1000, Loss: 0.0871, Dice: 0.0743, MSE: 0.0426
2025-04-28 18:52:05 - INFO - Epoch 337/1000, Loss: 0.0847, Dice: 0.0719, MSE: 0.0427
2025-04-28 18:52:31 - INFO - Epoch 338/1000, Loss: 0.0812, Dice: 0.0690, MSE: 0.0404
2025-04-28 18:52:57 - INFO - Epoch 339/1000, Loss: 0.1031, Dice: 0.0888, MSE: 0.0477
2025-04-28 18:53:23 - INFO - Epoch 340/1000, Loss: 0.1020, Dice: 0.0879, MSE: 0.0472
2025-04-28 18:53:25 - INFO - 模型已保存至: epoch_340.pth
2025-04-28 18:53:50 - INFO - Epoch 341/1000, Loss: 0.0740, Dice: 0.0606, MSE: 0.0444
2025-04-28 18:54:15 - INFO - Epoch 342/1000, Loss: 0.0972, Dice: 0.0848, MSE: 0.0414
2025-04-28 18:54:40 - INFO - Epoch 343/1000, Loss: 0.0867, Dice: 0.0738, MSE: 0.0430
2025-04-28 18:55:06 - INFO - Epoch 344/1000, Loss: 0.0818, Dice: 0.0690, MSE: 0.0425
2025-04-28 18:55:32 - INFO - Epoch 345/1000, Loss: 0.0976, Dice: 0.0835, MSE: 0.0472
2025-04-28 18:55:58 - INFO - Epoch 346/1000, Loss: 0.1259, Dice: 0.1123, MSE: 0.0452
2025-04-28 18:56:24 - INFO - Epoch 347/1000, Loss: 0.1085, Dice: 0.0971, MSE: 0.0379
2025-04-28 18:56:50 - INFO - Epoch 348/1000, Loss: 0.1048, Dice: 0.0915, MSE: 0.0442
