2025-04-22 17:26:59 - INFO - Logging is set up.
2025-04-22 17:26:59 - INFO - TensorBoard logging directory: ./result/VNet/LA/Train/20250422-172659
2025-04-22 17:26:59 - INFO - Training dataset: 80
2025-04-22 17:26:59 - INFO - Optimizer: AdamW with parameters: {'lr': 0.0001, 'betas': (0.9, 0.999), 'eps': 1e-08, 'weight_decay': 0.01, 'amsgrad': False, 'foreach': None, 'maximize': False, 'capturable': False, 'differentiable': False, 'fused': None}
2025-04-22 17:26:59 - INFO - Using CeDiceLoss
2025-04-22 17:27:05 - INFO - Epoch 1/1000, Batch 20/20, Loss: 0.8604
2025-04-22 17:27:10 - INFO - Epoch 2/1000, Batch 20/20, Loss: 0.8842
2025-04-22 17:27:15 - INFO - Epoch 3/1000, Batch 20/20, Loss: 0.8089
2025-04-22 17:27:19 - INFO - Epoch 4/1000, Batch 20/20, Loss: 0.7763
2025-04-22 17:27:24 - INFO - Epoch 5/1000, Batch 20/20, Loss: 0.5842
2025-04-22 17:27:29 - INFO - Epoch 6/1000, Batch 20/20, Loss: 0.5778
2025-04-22 17:27:33 - INFO - Epoch 7/1000, Batch 20/20, Loss: 0.6022
2025-04-22 17:27:38 - INFO - Epoch 8/1000, Batch 20/20, Loss: 0.4809
2025-04-22 17:27:43 - INFO - Epoch 9/1000, Batch 20/20, Loss: 0.4987
2025-04-22 17:27:48 - INFO - Epoch 10/1000, Batch 20/20, Loss: 0.4238
2025-04-22 17:27:52 - INFO - Epoch 11/1000, Batch 20/20, Loss: 0.6220
2025-04-22 17:27:57 - INFO - Epoch 12/1000, Batch 20/20, Loss: 0.5281
2025-04-22 17:28:02 - INFO - Epoch 13/1000, Batch 20/20, Loss: 0.4068
2025-04-22 17:28:07 - INFO - Epoch 14/1000, Batch 20/20, Loss: 0.4627
2025-04-22 17:28:11 - INFO - Epoch 15/1000, Batch 20/20, Loss: 0.5539
2025-04-22 17:28:16 - INFO - Epoch 16/1000, Batch 20/20, Loss: 0.4608
2025-04-22 17:28:21 - INFO - Epoch 17/1000, Batch 20/20, Loss: 0.4152
2025-04-22 17:28:26 - INFO - Epoch 18/1000, Batch 20/20, Loss: 0.4373
2025-04-22 17:28:31 - INFO - Epoch 19/1000, Batch 20/20, Loss: 0.4593
2025-04-22 17:28:36 - INFO - Epoch 20/1000, Batch 20/20, Loss: 0.4436
2025-04-22 17:28:36 - INFO - Created directory: ./result/VNet/LA/Pth
2025-04-22 17:28:36 - INFO - Saved checkpoint at epoch 20 at ./result/VNet/LA/Pth/model_epoch_20_checkpoint.pth
2025-04-22 17:28:40 - INFO - Epoch 21/1000, Batch 20/20, Loss: 0.3729
2025-04-22 17:28:45 - INFO - Epoch 22/1000, Batch 20/20, Loss: 0.2885
2025-04-22 17:28:50 - INFO - Epoch 23/1000, Batch 20/20, Loss: 0.3281
2025-04-22 17:28:55 - INFO - Epoch 24/1000, Batch 20/20, Loss: 0.2780
2025-04-22 17:29:00 - INFO - Epoch 25/1000, Batch 20/20, Loss: 0.3517
2025-04-22 17:29:04 - INFO - Epoch 26/1000, Batch 20/20, Loss: 0.2688
2025-04-22 17:29:09 - INFO - Epoch 27/1000, Batch 20/20, Loss: 0.3867
2025-04-22 17:29:14 - INFO - Epoch 28/1000, Batch 20/20, Loss: 0.2845
2025-04-22 17:29:19 - INFO - Epoch 29/1000, Batch 20/20, Loss: 0.3310
2025-04-22 17:29:23 - INFO - Epoch 30/1000, Batch 20/20, Loss: 0.2269
2025-04-22 17:29:28 - INFO - Epoch 31/1000, Batch 20/20, Loss: 0.2824
2025-04-22 17:29:33 - INFO - Epoch 32/1000, Batch 20/20, Loss: 0.2635
2025-04-22 17:29:38 - INFO - Epoch 33/1000, Batch 20/20, Loss: 0.3627
2025-04-22 17:29:43 - INFO - Epoch 34/1000, Batch 20/20, Loss: 0.3143
2025-04-22 17:29:48 - INFO - Epoch 35/1000, Batch 20/20, Loss: 0.2733
2025-04-22 17:29:53 - INFO - Epoch 36/1000, Batch 20/20, Loss: 0.3571
2025-04-22 17:29:57 - INFO - Epoch 37/1000, Batch 20/20, Loss: 0.2409
2025-04-22 17:30:02 - INFO - Epoch 38/1000, Batch 20/20, Loss: 0.2451
2025-04-22 17:30:07 - INFO - Epoch 39/1000, Batch 20/20, Loss: 0.2776
2025-04-22 17:30:12 - INFO - Epoch 40/1000, Batch 20/20, Loss: 0.3607
2025-04-22 17:30:12 - INFO - Saved checkpoint at epoch 40 at ./result/VNet/LA/Pth/model_epoch_40_checkpoint.pth
2025-04-22 17:30:17 - INFO - Epoch 41/1000, Batch 20/20, Loss: 0.2650
2025-04-22 17:30:22 - INFO - Epoch 42/1000, Batch 20/20, Loss: 0.2884
2025-04-22 17:30:27 - INFO - Epoch 43/1000, Batch 20/20, Loss: 0.2474
2025-04-22 17:30:32 - INFO - Epoch 44/1000, Batch 20/20, Loss: 0.2797
2025-04-22 17:30:37 - INFO - Epoch 45/1000, Batch 20/20, Loss: 0.1921
2025-04-22 17:30:41 - INFO - Epoch 46/1000, Batch 20/20, Loss: 0.2573
2025-04-22 17:30:46 - INFO - Epoch 47/1000, Batch 20/20, Loss: 0.3260
2025-04-22 17:30:51 - INFO - Epoch 48/1000, Batch 20/20, Loss: 0.2646
2025-04-22 17:30:56 - INFO - Epoch 49/1000, Batch 20/20, Loss: 0.1646
2025-04-22 17:31:01 - INFO - Epoch 50/1000, Batch 20/20, Loss: 0.1653
2025-04-22 17:31:06 - INFO - Epoch 51/1000, Batch 20/20, Loss: 0.2373
2025-04-22 17:31:11 - INFO - Epoch 52/1000, Batch 20/20, Loss: 0.2160
2025-04-22 17:31:16 - INFO - Epoch 53/1000, Batch 20/20, Loss: 0.1994
2025-04-22 17:31:21 - INFO - Epoch 54/1000, Batch 20/20, Loss: 0.1750
2025-04-22 17:31:26 - INFO - Epoch 55/1000, Batch 20/20, Loss: 0.2148
2025-04-22 17:31:30 - INFO - Epoch 56/1000, Batch 20/20, Loss: 0.1934
2025-04-22 17:31:35 - INFO - Epoch 57/1000, Batch 20/20, Loss: 0.2181
2025-04-22 17:31:40 - INFO - Epoch 58/1000, Batch 20/20, Loss: 0.2124
2025-04-22 17:31:45 - INFO - Epoch 59/1000, Batch 20/20, Loss: 0.2656
2025-04-22 17:31:50 - INFO - Epoch 60/1000, Batch 20/20, Loss: 0.2320
2025-04-22 17:31:50 - INFO - Saved checkpoint at epoch 60 at ./result/VNet/LA/Pth/model_epoch_60_checkpoint.pth
2025-04-22 17:31:55 - INFO - Epoch 61/1000, Batch 20/20, Loss: 0.1469
2025-04-22 17:32:00 - INFO - Epoch 62/1000, Batch 20/20, Loss: 0.1396
2025-04-22 17:32:05 - INFO - Epoch 63/1000, Batch 20/20, Loss: 0.2189
2025-04-22 17:32:10 - INFO - Epoch 64/1000, Batch 20/20, Loss: 0.2603
2025-04-22 17:32:14 - INFO - Epoch 65/1000, Batch 20/20, Loss: 0.2646
2025-04-22 17:32:19 - INFO - Epoch 66/1000, Batch 20/20, Loss: 0.2215
2025-04-22 17:32:24 - INFO - Epoch 67/1000, Batch 20/20, Loss: 0.1833
2025-04-22 17:32:29 - INFO - Epoch 68/1000, Batch 20/20, Loss: 0.2514
2025-04-22 17:32:34 - INFO - Epoch 69/1000, Batch 20/20, Loss: 0.1781
2025-04-22 17:32:39 - INFO - Epoch 70/1000, Batch 20/20, Loss: 0.1588
2025-04-22 17:32:44 - INFO - Epoch 71/1000, Batch 20/20, Loss: 0.1642
2025-04-22 17:32:49 - INFO - Epoch 72/1000, Batch 20/20, Loss: 0.1599
2025-04-22 17:32:54 - INFO - Epoch 73/1000, Batch 20/20, Loss: 0.1969
2025-04-22 17:32:59 - INFO - Epoch 74/1000, Batch 20/20, Loss: 0.1555
2025-04-22 17:33:03 - INFO - Epoch 75/1000, Batch 20/20, Loss: 0.1803
2025-04-22 17:33:08 - INFO - Epoch 76/1000, Batch 20/20, Loss: 0.2137
2025-04-22 17:33:13 - INFO - Epoch 77/1000, Batch 20/20, Loss: 0.1627
2025-04-22 17:33:18 - INFO - Epoch 78/1000, Batch 20/20, Loss: 0.1794
2025-04-22 17:33:23 - INFO - Epoch 79/1000, Batch 20/20, Loss: 0.2136
2025-04-22 17:33:27 - INFO - Epoch 80/1000, Batch 20/20, Loss: 0.1938
2025-04-22 17:33:27 - INFO - Saved checkpoint at epoch 80 at ./result/VNet/LA/Pth/model_epoch_80_checkpoint.pth
2025-04-22 17:33:32 - INFO - Epoch 81/1000, Batch 20/20, Loss: 0.1429
2025-04-22 17:33:37 - INFO - Epoch 82/1000, Batch 20/20, Loss: 0.1439
2025-04-22 17:33:42 - INFO - Epoch 83/1000, Batch 20/20, Loss: 0.1441
2025-04-22 17:33:47 - INFO - Epoch 84/1000, Batch 20/20, Loss: 0.1587
2025-04-22 17:33:52 - INFO - Epoch 85/1000, Batch 20/20, Loss: 0.3195
2025-04-22 17:33:57 - INFO - Epoch 86/1000, Batch 20/20, Loss: 0.1777
2025-04-22 17:34:02 - INFO - Epoch 87/1000, Batch 20/20, Loss: 0.1403
2025-04-22 17:34:07 - INFO - Epoch 88/1000, Batch 20/20, Loss: 0.1250
2025-04-22 17:34:11 - INFO - Epoch 89/1000, Batch 20/20, Loss: 0.1379
2025-04-22 17:34:16 - INFO - Epoch 90/1000, Batch 20/20, Loss: 0.1394
2025-04-22 17:34:21 - INFO - Epoch 91/1000, Batch 20/20, Loss: 0.3055
2025-04-22 17:34:26 - INFO - Epoch 92/1000, Batch 20/20, Loss: 0.1738
2025-04-22 17:34:31 - INFO - Epoch 93/1000, Batch 20/20, Loss: 0.0992
2025-04-22 17:34:36 - INFO - Epoch 94/1000, Batch 20/20, Loss: 0.1490
2025-04-22 17:34:41 - INFO - Epoch 95/1000, Batch 20/20, Loss: 0.0810
2025-04-22 17:34:46 - INFO - Epoch 96/1000, Batch 20/20, Loss: 0.1060
2025-04-22 17:34:51 - INFO - Epoch 97/1000, Batch 20/20, Loss: 0.2182
2025-04-22 17:34:56 - INFO - Epoch 98/1000, Batch 20/20, Loss: 0.1861
2025-04-22 17:35:00 - INFO - Epoch 99/1000, Batch 20/20, Loss: 0.1813
2025-04-22 17:35:05 - INFO - Epoch 100/1000, Batch 20/20, Loss: 0.1467
2025-04-22 17:35:05 - INFO - Saved checkpoint at epoch 100 at ./result/VNet/LA/Pth/model_epoch_100_checkpoint.pth
2025-04-22 17:35:10 - INFO - Epoch 101/1000, Batch 20/20, Loss: 0.1374
2025-04-22 17:35:15 - INFO - Epoch 102/1000, Batch 20/20, Loss: 0.1951
2025-04-22 17:35:20 - INFO - Epoch 103/1000, Batch 20/20, Loss: 0.1562
2025-04-22 17:35:25 - INFO - Epoch 104/1000, Batch 20/20, Loss: 0.1273
2025-04-22 17:35:30 - INFO - Epoch 105/1000, Batch 20/20, Loss: 0.1304
2025-04-22 17:35:35 - INFO - Epoch 106/1000, Batch 20/20, Loss: 0.1343
2025-04-22 17:35:40 - INFO - Epoch 107/1000, Batch 20/20, Loss: 0.1567
2025-04-22 17:35:45 - INFO - Epoch 108/1000, Batch 20/20, Loss: 0.1067
2025-04-22 17:35:49 - INFO - Epoch 109/1000, Batch 20/20, Loss: 0.1431
2025-04-22 17:35:54 - INFO - Epoch 110/1000, Batch 20/20, Loss: 0.1822
2025-04-22 17:35:59 - INFO - Epoch 111/1000, Batch 20/20, Loss: 0.1428
2025-04-22 17:36:04 - INFO - Epoch 112/1000, Batch 20/20, Loss: 0.1180
2025-04-22 17:36:09 - INFO - Epoch 113/1000, Batch 20/20, Loss: 0.1281
2025-04-22 17:36:14 - INFO - Epoch 114/1000, Batch 20/20, Loss: 0.1797
2025-04-22 17:36:19 - INFO - Epoch 115/1000, Batch 20/20, Loss: 0.0865
2025-04-22 17:36:23 - INFO - Epoch 116/1000, Batch 20/20, Loss: 0.1645
2025-04-22 17:36:28 - INFO - Epoch 117/1000, Batch 20/20, Loss: 0.0838
2025-04-22 17:36:33 - INFO - Epoch 118/1000, Batch 20/20, Loss: 0.1431
2025-04-22 17:36:38 - INFO - Epoch 119/1000, Batch 20/20, Loss: 0.0999
2025-04-22 17:36:43 - INFO - Epoch 120/1000, Batch 20/20, Loss: 0.1316
2025-04-22 17:36:43 - INFO - Saved checkpoint at epoch 120 at ./result/VNet/LA/Pth/model_epoch_120_checkpoint.pth
2025-04-22 17:36:48 - INFO - Epoch 121/1000, Batch 20/20, Loss: 0.1724
2025-04-22 17:36:53 - INFO - Epoch 122/1000, Batch 20/20, Loss: 0.0965
2025-04-22 17:36:58 - INFO - Epoch 123/1000, Batch 20/20, Loss: 0.1589
2025-04-22 17:37:02 - INFO - Epoch 124/1000, Batch 20/20, Loss: 0.1736
2025-04-22 17:37:07 - INFO - Epoch 125/1000, Batch 20/20, Loss: 0.1194
2025-04-22 17:37:12 - INFO - Epoch 126/1000, Batch 20/20, Loss: 0.0918
2025-04-22 17:37:17 - INFO - Epoch 127/1000, Batch 20/20, Loss: 0.1333
2025-04-22 17:37:22 - INFO - Epoch 128/1000, Batch 20/20, Loss: 0.1477
2025-04-22 17:37:27 - INFO - Epoch 129/1000, Batch 20/20, Loss: 0.1627
2025-04-22 17:37:32 - INFO - Epoch 130/1000, Batch 20/20, Loss: 0.1089
2025-04-22 17:37:37 - INFO - Epoch 131/1000, Batch 20/20, Loss: 0.2578
2025-04-22 17:37:42 - INFO - Epoch 132/1000, Batch 20/20, Loss: 0.1098
2025-04-22 17:37:47 - INFO - Epoch 133/1000, Batch 20/20, Loss: 0.1494
2025-04-22 17:37:51 - INFO - Epoch 134/1000, Batch 20/20, Loss: 0.0699
2025-04-22 17:37:56 - INFO - Epoch 135/1000, Batch 20/20, Loss: 0.0790
2025-04-22 17:38:01 - INFO - Epoch 136/1000, Batch 20/20, Loss: 0.1513
2025-04-22 17:38:06 - INFO - Epoch 137/1000, Batch 20/20, Loss: 0.1451
2025-04-22 17:38:11 - INFO - Epoch 138/1000, Batch 20/20, Loss: 0.1554
2025-04-22 17:38:16 - INFO - Epoch 139/1000, Batch 20/20, Loss: 0.1783
2025-04-22 17:38:21 - INFO - Epoch 140/1000, Batch 20/20, Loss: 0.1291
2025-04-22 17:38:21 - INFO - Saved checkpoint at epoch 140 at ./result/VNet/LA/Pth/model_epoch_140_checkpoint.pth
2025-04-22 17:38:26 - INFO - Epoch 141/1000, Batch 20/20, Loss: 0.1167
2025-04-22 17:38:31 - INFO - Epoch 142/1000, Batch 20/20, Loss: 0.2149
2025-04-22 17:38:36 - INFO - Epoch 143/1000, Batch 20/20, Loss: 0.0923
2025-04-22 17:38:41 - INFO - Epoch 144/1000, Batch 20/20, Loss: 0.1661
2025-04-22 17:38:46 - INFO - Epoch 145/1000, Batch 20/20, Loss: 0.1621
2025-04-22 17:38:51 - INFO - Epoch 146/1000, Batch 20/20, Loss: 0.1697
2025-04-22 17:38:55 - INFO - Epoch 147/1000, Batch 20/20, Loss: 0.0772
2025-04-22 17:39:00 - INFO - Epoch 148/1000, Batch 20/20, Loss: 0.0979
2025-04-22 17:39:05 - INFO - Epoch 149/1000, Batch 20/20, Loss: 0.1142
2025-04-22 17:39:10 - INFO - Epoch 150/1000, Batch 20/20, Loss: 0.0862
2025-04-22 17:39:15 - INFO - Epoch 151/1000, Batch 20/20, Loss: 0.1098
2025-04-22 17:39:20 - INFO - Epoch 152/1000, Batch 20/20, Loss: 0.2314
2025-04-22 17:39:24 - INFO - Epoch 153/1000, Batch 20/20, Loss: 0.0989
2025-04-22 17:39:29 - INFO - Epoch 154/1000, Batch 20/20, Loss: 0.0831
2025-04-22 17:39:34 - INFO - Epoch 155/1000, Batch 20/20, Loss: 0.1339
2025-04-22 17:39:39 - INFO - Epoch 156/1000, Batch 20/20, Loss: 0.0848
2025-04-22 17:39:44 - INFO - Epoch 157/1000, Batch 20/20, Loss: 0.1649
2025-04-22 17:39:49 - INFO - Epoch 158/1000, Batch 20/20, Loss: 0.1916
2025-04-22 17:39:54 - INFO - Epoch 159/1000, Batch 20/20, Loss: 0.1082
2025-04-22 17:39:58 - INFO - Epoch 160/1000, Batch 20/20, Loss: 0.0885
2025-04-22 17:39:58 - INFO - Saved checkpoint at epoch 160 at ./result/VNet/LA/Pth/model_epoch_160_checkpoint.pth
2025-04-22 17:40:03 - INFO - Epoch 161/1000, Batch 20/20, Loss: 0.1062
2025-04-22 17:40:08 - INFO - Epoch 162/1000, Batch 20/20, Loss: 0.1058
2025-04-22 17:40:13 - INFO - Epoch 163/1000, Batch 20/20, Loss: 0.1392
2025-04-22 17:40:18 - INFO - Epoch 164/1000, Batch 20/20, Loss: 0.0828
2025-04-22 17:40:22 - INFO - Epoch 165/1000, Batch 20/20, Loss: 0.0880
2025-04-22 17:40:27 - INFO - Epoch 166/1000, Batch 20/20, Loss: 0.1244
2025-04-22 17:40:32 - INFO - Epoch 167/1000, Batch 20/20, Loss: 0.0834
2025-04-22 17:40:37 - INFO - Epoch 168/1000, Batch 20/20, Loss: 0.0866
2025-04-22 17:40:42 - INFO - Epoch 169/1000, Batch 20/20, Loss: 0.1078
2025-04-22 17:40:47 - INFO - Epoch 170/1000, Batch 20/20, Loss: 0.0832
2025-04-22 17:40:51 - INFO - Epoch 171/1000, Batch 20/20, Loss: 0.0847
2025-04-22 17:40:56 - INFO - Epoch 172/1000, Batch 20/20, Loss: 0.0954
2025-04-22 17:41:01 - INFO - Epoch 173/1000, Batch 20/20, Loss: 0.1523
2025-04-22 17:41:06 - INFO - Epoch 174/1000, Batch 20/20, Loss: 0.0962
2025-04-22 17:41:11 - INFO - Epoch 175/1000, Batch 20/20, Loss: 0.1468
2025-04-22 17:41:16 - INFO - Epoch 176/1000, Batch 20/20, Loss: 0.1939
2025-04-22 17:41:21 - INFO - Epoch 177/1000, Batch 20/20, Loss: 0.0951
2025-04-22 17:41:26 - INFO - Epoch 178/1000, Batch 20/20, Loss: 0.1066
2025-04-22 17:41:31 - INFO - Epoch 179/1000, Batch 20/20, Loss: 0.1439
2025-04-22 17:41:36 - INFO - Epoch 180/1000, Batch 20/20, Loss: 0.1571
2025-04-22 17:41:36 - INFO - Saved checkpoint at epoch 180 at ./result/VNet/LA/Pth/model_epoch_180_checkpoint.pth
2025-04-22 17:41:40 - INFO - Epoch 181/1000, Batch 20/20, Loss: 0.0860
2025-04-22 17:41:45 - INFO - Epoch 182/1000, Batch 20/20, Loss: 0.0708
2025-04-22 17:41:50 - INFO - Epoch 183/1000, Batch 20/20, Loss: 0.2006
2025-04-22 17:41:55 - INFO - Epoch 184/1000, Batch 20/20, Loss: 0.1013
2025-04-22 17:42:00 - INFO - Epoch 185/1000, Batch 20/20, Loss: 0.0947
2025-04-22 17:42:05 - INFO - Epoch 186/1000, Batch 20/20, Loss: 0.1392
2025-04-22 17:42:10 - INFO - Epoch 187/1000, Batch 20/20, Loss: 0.1278
2025-04-22 17:42:15 - INFO - Epoch 188/1000, Batch 20/20, Loss: 0.1583
2025-04-22 17:42:20 - INFO - Epoch 189/1000, Batch 20/20, Loss: 0.0883
2025-04-22 17:42:25 - INFO - Epoch 190/1000, Batch 20/20, Loss: 0.0670
2025-04-22 17:42:30 - INFO - Epoch 191/1000, Batch 20/20, Loss: 0.1113
2025-04-22 17:42:34 - INFO - Epoch 192/1000, Batch 20/20, Loss: 0.0835
2025-04-22 17:42:39 - INFO - Epoch 193/1000, Batch 20/20, Loss: 0.0882
2025-04-22 17:42:44 - INFO - Epoch 194/1000, Batch 20/20, Loss: 0.0987
2025-04-22 17:42:49 - INFO - Epoch 195/1000, Batch 20/20, Loss: 0.1106
2025-04-22 17:42:54 - INFO - Epoch 196/1000, Batch 20/20, Loss: 0.1387
2025-04-22 17:42:59 - INFO - Epoch 197/1000, Batch 20/20, Loss: 0.1000
2025-04-22 17:43:04 - INFO - Epoch 198/1000, Batch 20/20, Loss: 0.1044
2025-04-22 17:43:09 - INFO - Epoch 199/1000, Batch 20/20, Loss: 0.1063
2025-04-22 17:43:14 - INFO - Epoch 200/1000, Batch 20/20, Loss: 0.1822
2025-04-22 17:43:14 - INFO - Saved checkpoint at epoch 200 at ./result/VNet/LA/Pth/model_epoch_200_checkpoint.pth
2025-04-22 17:43:19 - INFO - Epoch 201/1000, Batch 20/20, Loss: 0.0736
2025-04-22 17:43:23 - INFO - Epoch 202/1000, Batch 20/20, Loss: 0.1046
2025-04-22 17:43:28 - INFO - Epoch 203/1000, Batch 20/20, Loss: 0.0796
2025-04-22 17:43:33 - INFO - Epoch 204/1000, Batch 20/20, Loss: 0.0745
2025-04-22 17:43:38 - INFO - Epoch 205/1000, Batch 20/20, Loss: 0.1226
2025-04-22 17:43:43 - INFO - Epoch 206/1000, Batch 20/20, Loss: 0.0676
2025-04-22 17:43:48 - INFO - Epoch 207/1000, Batch 20/20, Loss: 0.1042
2025-04-22 17:43:53 - INFO - Epoch 208/1000, Batch 20/20, Loss: 0.1422
2025-04-22 17:43:58 - INFO - Epoch 209/1000, Batch 20/20, Loss: 0.0985
2025-04-22 17:44:03 - INFO - Epoch 210/1000, Batch 20/20, Loss: 0.0805
2025-04-22 17:44:07 - INFO - Epoch 211/1000, Batch 20/20, Loss: 0.0810
2025-04-22 17:44:12 - INFO - Epoch 212/1000, Batch 20/20, Loss: 0.0660
2025-04-22 17:44:17 - INFO - Epoch 213/1000, Batch 20/20, Loss: 0.0923
2025-04-22 17:44:22 - INFO - Epoch 214/1000, Batch 20/20, Loss: 0.0789
2025-04-22 17:44:27 - INFO - Epoch 215/1000, Batch 20/20, Loss: 0.2758
2025-04-22 17:44:31 - INFO - Epoch 216/1000, Batch 20/20, Loss: 0.1037
2025-04-22 17:44:36 - INFO - Epoch 217/1000, Batch 20/20, Loss: 0.1033
2025-04-22 17:44:41 - INFO - Epoch 218/1000, Batch 20/20, Loss: 0.0756
2025-04-22 17:44:46 - INFO - Epoch 219/1000, Batch 20/20, Loss: 0.1063
2025-04-22 17:44:51 - INFO - Epoch 220/1000, Batch 20/20, Loss: 0.0925
2025-04-22 17:44:51 - INFO - Saved checkpoint at epoch 220 at ./result/VNet/LA/Pth/model_epoch_220_checkpoint.pth
2025-04-22 17:44:55 - INFO - Epoch 221/1000, Batch 20/20, Loss: 0.0932
2025-04-22 17:45:00 - INFO - Epoch 222/1000, Batch 20/20, Loss: 0.1302
2025-04-22 17:45:05 - INFO - Epoch 223/1000, Batch 20/20, Loss: 0.0723
2025-04-22 17:45:10 - INFO - Epoch 224/1000, Batch 20/20, Loss: 0.0791
2025-04-22 17:45:14 - INFO - Epoch 225/1000, Batch 20/20, Loss: 0.1049
2025-04-22 17:45:19 - INFO - Epoch 226/1000, Batch 20/20, Loss: 0.1013
2025-04-22 17:45:24 - INFO - Epoch 227/1000, Batch 20/20, Loss: 0.1965
2025-04-22 17:45:29 - INFO - Epoch 228/1000, Batch 20/20, Loss: 0.0898
2025-04-22 17:45:34 - INFO - Epoch 229/1000, Batch 20/20, Loss: 0.0946
2025-04-22 17:45:39 - INFO - Epoch 230/1000, Batch 20/20, Loss: 0.0784
2025-04-22 17:45:43 - INFO - Epoch 231/1000, Batch 20/20, Loss: 0.0802
2025-04-22 17:45:48 - INFO - Epoch 232/1000, Batch 20/20, Loss: 0.0677
2025-04-22 17:45:53 - INFO - Epoch 233/1000, Batch 20/20, Loss: 0.1532
2025-04-22 17:45:58 - INFO - Epoch 234/1000, Batch 20/20, Loss: 0.0673
2025-04-22 17:46:03 - INFO - Epoch 235/1000, Batch 20/20, Loss: 0.0743
2025-04-22 17:46:08 - INFO - Epoch 236/1000, Batch 20/20, Loss: 0.0901
2025-04-22 17:46:13 - INFO - Epoch 237/1000, Batch 20/20, Loss: 0.1189
2025-04-22 17:46:17 - INFO - Epoch 238/1000, Batch 20/20, Loss: 0.0880
2025-04-22 17:46:22 - INFO - Epoch 239/1000, Batch 20/20, Loss: 0.0684
2025-04-22 17:46:27 - INFO - Epoch 240/1000, Batch 20/20, Loss: 0.0515
2025-04-22 17:46:27 - INFO - Saved checkpoint at epoch 240 at ./result/VNet/LA/Pth/model_epoch_240_checkpoint.pth
2025-04-22 17:46:32 - INFO - Epoch 241/1000, Batch 20/20, Loss: 0.0881
2025-04-22 17:46:37 - INFO - Epoch 242/1000, Batch 20/20, Loss: 0.0824
2025-04-22 17:46:41 - INFO - Epoch 243/1000, Batch 20/20, Loss: 0.0641
2025-04-22 17:46:46 - INFO - Epoch 244/1000, Batch 20/20, Loss: 0.1147
2025-04-22 17:46:51 - INFO - Epoch 245/1000, Batch 20/20, Loss: 0.1010
2025-04-22 17:46:56 - INFO - Epoch 246/1000, Batch 20/20, Loss: 0.0697
2025-04-22 17:47:01 - INFO - Epoch 247/1000, Batch 20/20, Loss: 0.0936
2025-04-22 17:47:05 - INFO - Epoch 248/1000, Batch 20/20, Loss: 0.0602
2025-04-22 17:47:10 - INFO - Epoch 249/1000, Batch 20/20, Loss: 0.0901
2025-04-22 17:47:15 - INFO - Epoch 250/1000, Batch 20/20, Loss: 0.0967
2025-04-22 17:47:20 - INFO - Epoch 251/1000, Batch 20/20, Loss: 0.0659
2025-04-22 17:47:25 - INFO - Epoch 252/1000, Batch 20/20, Loss: 0.0761
2025-04-22 17:47:30 - INFO - Epoch 253/1000, Batch 20/20, Loss: 0.0654
2025-04-22 17:47:35 - INFO - Epoch 254/1000, Batch 20/20, Loss: 0.0669
2025-04-22 17:47:40 - INFO - Epoch 255/1000, Batch 20/20, Loss: 0.0867
2025-04-22 17:47:45 - INFO - Epoch 256/1000, Batch 20/20, Loss: 0.0798
2025-04-22 17:47:49 - INFO - Epoch 257/1000, Batch 20/20, Loss: 0.1477
2025-04-22 17:47:54 - INFO - Epoch 258/1000, Batch 20/20, Loss: 0.0741
2025-04-22 17:47:59 - INFO - Epoch 259/1000, Batch 20/20, Loss: 0.2174
2025-04-22 17:48:04 - INFO - Epoch 260/1000, Batch 20/20, Loss: 0.0833
2025-04-22 17:48:04 - INFO - Saved checkpoint at epoch 260 at ./result/VNet/LA/Pth/model_epoch_260_checkpoint.pth
2025-04-22 17:48:09 - INFO - Epoch 261/1000, Batch 20/20, Loss: 0.0805
2025-04-22 17:48:13 - INFO - Epoch 262/1000, Batch 20/20, Loss: 0.0763
2025-04-22 17:48:18 - INFO - Epoch 263/1000, Batch 20/20, Loss: 0.0767
2025-04-22 17:48:23 - INFO - Epoch 264/1000, Batch 20/20, Loss: 0.0721
2025-04-22 17:48:28 - INFO - Epoch 265/1000, Batch 20/20, Loss: 0.0780
2025-04-22 17:48:33 - INFO - Epoch 266/1000, Batch 20/20, Loss: 0.1605
2025-04-22 17:48:38 - INFO - Epoch 267/1000, Batch 20/20, Loss: 0.0731
2025-04-22 17:48:43 - INFO - Epoch 268/1000, Batch 20/20, Loss: 0.0550
2025-04-22 17:48:47 - INFO - Epoch 269/1000, Batch 20/20, Loss: 0.0726
2025-04-22 17:48:52 - INFO - Epoch 270/1000, Batch 20/20, Loss: 0.0788
2025-04-22 17:48:57 - INFO - Epoch 271/1000, Batch 20/20, Loss: 0.0863
2025-04-22 17:49:02 - INFO - Epoch 272/1000, Batch 20/20, Loss: 0.1227
2025-04-22 17:49:07 - INFO - Epoch 273/1000, Batch 20/20, Loss: 0.3212
2025-04-22 17:49:12 - INFO - Epoch 274/1000, Batch 20/20, Loss: 0.0611
2025-04-22 17:49:17 - INFO - Epoch 275/1000, Batch 20/20, Loss: 0.0685
2025-04-22 17:49:21 - INFO - Epoch 276/1000, Batch 20/20, Loss: 0.0781
2025-04-22 17:49:26 - INFO - Epoch 277/1000, Batch 20/20, Loss: 0.0734
2025-04-22 17:49:31 - INFO - Epoch 278/1000, Batch 20/20, Loss: 0.1389
2025-04-22 17:49:36 - INFO - Epoch 279/1000, Batch 20/20, Loss: 0.0556
2025-04-22 17:49:41 - INFO - Epoch 280/1000, Batch 20/20, Loss: 0.0641
2025-04-22 17:49:41 - INFO - Saved checkpoint at epoch 280 at ./result/VNet/LA/Pth/model_epoch_280_checkpoint.pth
2025-04-22 17:49:46 - INFO - Epoch 281/1000, Batch 20/20, Loss: 0.0821
2025-04-22 17:49:51 - INFO - Epoch 282/1000, Batch 20/20, Loss: 0.1493
2025-04-22 17:49:56 - INFO - Epoch 283/1000, Batch 20/20, Loss: 0.0621
2025-04-22 17:50:01 - INFO - Epoch 284/1000, Batch 20/20, Loss: 0.0647
2025-04-22 17:50:05 - INFO - Epoch 285/1000, Batch 20/20, Loss: 0.1152
2025-04-22 17:50:10 - INFO - Epoch 286/1000, Batch 20/20, Loss: 0.0684
2025-04-22 17:50:15 - INFO - Epoch 287/1000, Batch 20/20, Loss: 0.0586
2025-04-22 17:50:20 - INFO - Epoch 288/1000, Batch 20/20, Loss: 0.1041
2025-04-22 17:50:25 - INFO - Epoch 289/1000, Batch 20/20, Loss: 0.0813
2025-04-22 17:50:30 - INFO - Epoch 290/1000, Batch 20/20, Loss: 0.0514
2025-04-22 17:50:35 - INFO - Epoch 291/1000, Batch 20/20, Loss: 0.0515
2025-04-22 17:50:40 - INFO - Epoch 292/1000, Batch 20/20, Loss: 0.0575
2025-04-22 17:50:44 - INFO - Epoch 293/1000, Batch 20/20, Loss: 0.0799
2025-04-22 17:50:49 - INFO - Epoch 294/1000, Batch 20/20, Loss: 0.1493
2025-04-22 17:50:54 - INFO - Epoch 295/1000, Batch 20/20, Loss: 0.0710
2025-04-22 17:50:59 - INFO - Epoch 296/1000, Batch 20/20, Loss: 0.0621
2025-04-22 17:51:04 - INFO - Epoch 297/1000, Batch 20/20, Loss: 0.0650
2025-04-22 17:51:09 - INFO - Epoch 298/1000, Batch 20/20, Loss: 0.0688
2025-04-22 17:51:15 - INFO - Epoch 299/1000, Batch 20/20, Loss: 0.0890
2025-04-22 17:51:20 - INFO - Epoch 300/1000, Batch 20/20, Loss: 0.0700
2025-04-22 17:51:20 - INFO - Saved checkpoint at epoch 300 at ./result/VNet/LA/Pth/model_epoch_300_checkpoint.pth
2025-04-22 17:51:26 - INFO - Epoch 301/1000, Batch 20/20, Loss: 0.0808
2025-04-22 17:51:31 - INFO - Epoch 302/1000, Batch 20/20, Loss: 0.1147
2025-04-22 17:51:37 - INFO - Epoch 303/1000, Batch 20/20, Loss: 0.0655
2025-04-22 17:51:42 - INFO - Epoch 304/1000, Batch 20/20, Loss: 0.1209
2025-04-22 17:51:47 - INFO - Epoch 305/1000, Batch 20/20, Loss: 0.0640
2025-04-22 17:51:53 - INFO - Epoch 306/1000, Batch 20/20, Loss: 0.0766
2025-04-22 17:51:58 - INFO - Epoch 307/1000, Batch 20/20, Loss: 0.0491
2025-04-22 17:52:03 - INFO - Epoch 308/1000, Batch 20/20, Loss: 0.0755
2025-04-22 17:52:09 - INFO - Epoch 309/1000, Batch 20/20, Loss: 0.0698
2025-04-22 17:52:14 - INFO - Epoch 310/1000, Batch 20/20, Loss: 0.0681
2025-04-22 17:52:19 - INFO - Epoch 311/1000, Batch 20/20, Loss: 0.0760
2025-04-22 17:52:25 - INFO - Epoch 312/1000, Batch 20/20, Loss: 0.0527
2025-04-22 17:52:30 - INFO - Epoch 313/1000, Batch 20/20, Loss: 0.0641
2025-04-22 17:52:35 - INFO - Epoch 314/1000, Batch 20/20, Loss: 0.0590
2025-04-22 17:52:40 - INFO - Epoch 315/1000, Batch 20/20, Loss: 0.0790
2025-04-22 17:52:45 - INFO - Epoch 316/1000, Batch 20/20, Loss: 0.1167
2025-04-22 17:52:49 - INFO - Epoch 317/1000, Batch 20/20, Loss: 0.0823
2025-04-22 17:52:54 - INFO - Epoch 318/1000, Batch 20/20, Loss: 0.0698
2025-04-22 17:52:59 - INFO - Epoch 319/1000, Batch 20/20, Loss: 0.1249
2025-04-22 17:53:04 - INFO - Epoch 320/1000, Batch 20/20, Loss: 0.0728
2025-04-22 17:53:04 - INFO - Saved checkpoint at epoch 320 at ./result/VNet/LA/Pth/model_epoch_320_checkpoint.pth
2025-04-22 17:53:09 - INFO - Epoch 321/1000, Batch 20/20, Loss: 0.0788
2025-04-22 17:53:14 - INFO - Epoch 322/1000, Batch 20/20, Loss: 0.0610
2025-04-22 17:53:19 - INFO - Epoch 323/1000, Batch 20/20, Loss: 0.0568
2025-04-22 17:53:24 - INFO - Epoch 324/1000, Batch 20/20, Loss: 0.0520
2025-04-22 17:53:29 - INFO - Epoch 325/1000, Batch 20/20, Loss: 0.0660
2025-04-22 17:53:33 - INFO - Epoch 326/1000, Batch 20/20, Loss: 0.0596
2025-04-22 17:53:38 - INFO - Epoch 327/1000, Batch 20/20, Loss: 0.0616
2025-04-22 17:53:43 - INFO - Epoch 328/1000, Batch 20/20, Loss: 0.1100
2025-04-22 17:53:48 - INFO - Epoch 329/1000, Batch 20/20, Loss: 0.0778
2025-04-22 17:53:53 - INFO - Epoch 330/1000, Batch 20/20, Loss: 0.0490
2025-04-22 17:53:58 - INFO - Epoch 331/1000, Batch 20/20, Loss: 0.0699
2025-04-22 17:54:03 - INFO - Epoch 332/1000, Batch 20/20, Loss: 0.0755
2025-04-22 17:54:08 - INFO - Epoch 333/1000, Batch 20/20, Loss: 0.0518
2025-04-22 17:54:13 - INFO - Epoch 334/1000, Batch 20/20, Loss: 0.0749
2025-04-22 17:54:17 - INFO - Epoch 335/1000, Batch 20/20, Loss: 0.0786
2025-04-22 17:54:22 - INFO - Epoch 336/1000, Batch 20/20, Loss: 0.0763
2025-04-22 17:54:27 - INFO - Epoch 337/1000, Batch 20/20, Loss: 0.0665
2025-04-22 17:54:32 - INFO - Epoch 338/1000, Batch 20/20, Loss: 0.1187
2025-04-22 17:54:37 - INFO - Epoch 339/1000, Batch 20/20, Loss: 0.0792
2025-04-22 17:54:42 - INFO - Epoch 340/1000, Batch 20/20, Loss: 0.1183
2025-04-22 17:54:42 - INFO - Saved checkpoint at epoch 340 at ./result/VNet/LA/Pth/model_epoch_340_checkpoint.pth
2025-04-22 17:54:47 - INFO - Epoch 341/1000, Batch 20/20, Loss: 0.1158
2025-04-22 17:54:52 - INFO - Epoch 342/1000, Batch 20/20, Loss: 0.0722
2025-04-22 17:54:57 - INFO - Epoch 343/1000, Batch 20/20, Loss: 0.0582
2025-04-22 17:55:02 - INFO - Epoch 344/1000, Batch 20/20, Loss: 0.0509
2025-04-22 17:55:07 - INFO - Epoch 345/1000, Batch 20/20, Loss: 0.0631
2025-04-22 17:55:11 - INFO - Epoch 346/1000, Batch 20/20, Loss: 0.0655
2025-04-22 17:55:16 - INFO - Epoch 347/1000, Batch 20/20, Loss: 0.0529
2025-04-22 17:55:21 - INFO - Epoch 348/1000, Batch 20/20, Loss: 0.0835
2025-04-22 17:55:26 - INFO - Epoch 349/1000, Batch 20/20, Loss: 0.0738
2025-04-22 17:55:31 - INFO - Epoch 350/1000, Batch 20/20, Loss: 0.0650
2025-04-22 17:55:36 - INFO - Epoch 351/1000, Batch 20/20, Loss: 0.0656
2025-04-22 17:55:41 - INFO - Epoch 352/1000, Batch 20/20, Loss: 0.0533
2025-04-22 17:55:45 - INFO - Epoch 353/1000, Batch 20/20, Loss: 0.1141
2025-04-22 17:55:50 - INFO - Epoch 354/1000, Batch 20/20, Loss: 0.0583
2025-04-22 17:55:55 - INFO - Epoch 355/1000, Batch 20/20, Loss: 0.0600
2025-04-22 17:56:00 - INFO - Epoch 356/1000, Batch 20/20, Loss: 0.0580
2025-04-22 17:56:05 - INFO - Epoch 357/1000, Batch 20/20, Loss: 0.0841
2025-04-22 17:56:09 - INFO - Epoch 358/1000, Batch 20/20, Loss: 0.0527
2025-04-22 17:56:14 - INFO - Epoch 359/1000, Batch 20/20, Loss: 0.0553
2025-04-22 17:56:19 - INFO - Epoch 360/1000, Batch 20/20, Loss: 0.0486
2025-04-22 17:56:19 - INFO - Saved checkpoint at epoch 360 at ./result/VNet/LA/Pth/model_epoch_360_checkpoint.pth
2025-04-22 17:56:24 - INFO - Epoch 361/1000, Batch 20/20, Loss: 0.0545
2025-04-22 17:56:29 - INFO - Epoch 362/1000, Batch 20/20, Loss: 0.0607
2025-04-22 17:56:33 - INFO - Epoch 363/1000, Batch 20/20, Loss: 0.0496
2025-04-22 17:56:38 - INFO - Epoch 364/1000, Batch 20/20, Loss: 0.0477
2025-04-22 17:56:43 - INFO - Epoch 365/1000, Batch 20/20, Loss: 0.0650
2025-04-22 17:56:48 - INFO - Epoch 366/1000, Batch 20/20, Loss: 0.0617
2025-04-22 17:56:53 - INFO - Epoch 367/1000, Batch 20/20, Loss: 0.1188
2025-04-22 17:56:57 - INFO - Epoch 368/1000, Batch 20/20, Loss: 0.0576
2025-04-22 17:57:02 - INFO - Epoch 369/1000, Batch 20/20, Loss: 0.0556
2025-04-22 17:57:07 - INFO - Epoch 370/1000, Batch 20/20, Loss: 0.0770
2025-04-22 17:57:12 - INFO - Epoch 371/1000, Batch 20/20, Loss: 0.0713
2025-04-22 17:57:17 - INFO - Epoch 372/1000, Batch 20/20, Loss: 0.0602
2025-04-22 17:57:21 - INFO - Epoch 373/1000, Batch 20/20, Loss: 0.0634
2025-04-22 17:57:26 - INFO - Epoch 374/1000, Batch 20/20, Loss: 0.0802
2025-04-22 17:57:31 - INFO - Epoch 375/1000, Batch 20/20, Loss: 0.0595
2025-04-22 17:57:36 - INFO - Epoch 376/1000, Batch 20/20, Loss: 0.2141
2025-04-22 17:57:41 - INFO - Epoch 377/1000, Batch 20/20, Loss: 0.0538
2025-04-22 17:57:46 - INFO - Epoch 378/1000, Batch 20/20, Loss: 0.1058
2025-04-22 17:57:51 - INFO - Epoch 379/1000, Batch 20/20, Loss: 0.0847
2025-04-22 17:57:55 - INFO - Epoch 380/1000, Batch 20/20, Loss: 0.0466
2025-04-22 17:57:55 - INFO - Saved checkpoint at epoch 380 at ./result/VNet/LA/Pth/model_epoch_380_checkpoint.pth
2025-04-22 17:58:00 - INFO - Epoch 381/1000, Batch 20/20, Loss: 0.0542
2025-04-22 17:58:05 - INFO - Epoch 382/1000, Batch 20/20, Loss: 0.0560
2025-04-22 17:58:10 - INFO - Epoch 383/1000, Batch 20/20, Loss: 0.0623
2025-04-22 17:58:15 - INFO - Epoch 384/1000, Batch 20/20, Loss: 0.0683
2025-04-22 17:58:20 - INFO - Epoch 385/1000, Batch 20/20, Loss: 0.0566
2025-04-22 17:58:24 - INFO - Epoch 386/1000, Batch 20/20, Loss: 0.0732
2025-04-22 17:58:29 - INFO - Epoch 387/1000, Batch 20/20, Loss: 0.0839
2025-04-22 17:58:34 - INFO - Epoch 388/1000, Batch 20/20, Loss: 0.0508
2025-04-22 17:58:39 - INFO - Epoch 389/1000, Batch 20/20, Loss: 0.0562
2025-04-22 17:58:44 - INFO - Epoch 390/1000, Batch 20/20, Loss: 0.0604
2025-04-22 17:58:49 - INFO - Epoch 391/1000, Batch 20/20, Loss: 0.0714
2025-04-22 17:58:54 - INFO - Epoch 392/1000, Batch 20/20, Loss: 0.0585
2025-04-22 17:58:59 - INFO - Epoch 393/1000, Batch 20/20, Loss: 0.0694
2025-04-22 17:59:04 - INFO - Epoch 394/1000, Batch 20/20, Loss: 0.0724
2025-04-22 17:59:09 - INFO - Epoch 395/1000, Batch 20/20, Loss: 0.0623
2025-04-22 17:59:14 - INFO - Epoch 396/1000, Batch 20/20, Loss: 0.0973
2025-04-22 17:59:19 - INFO - Epoch 397/1000, Batch 20/20, Loss: 0.0630
2025-04-22 17:59:23 - INFO - Epoch 398/1000, Batch 20/20, Loss: 0.0751
2025-04-22 17:59:28 - INFO - Epoch 399/1000, Batch 20/20, Loss: 0.0569
2025-04-22 17:59:33 - INFO - Epoch 400/1000, Batch 20/20, Loss: 0.0721
2025-04-22 17:59:33 - INFO - Saved checkpoint at epoch 400 at ./result/VNet/LA/Pth/model_epoch_400_checkpoint.pth
2025-04-22 17:59:38 - INFO - Epoch 401/1000, Batch 20/20, Loss: 0.0546
2025-04-22 17:59:43 - INFO - Epoch 402/1000, Batch 20/20, Loss: 0.0535
2025-04-22 17:59:48 - INFO - Epoch 403/1000, Batch 20/20, Loss: 0.0880
2025-04-22 17:59:53 - INFO - Epoch 404/1000, Batch 20/20, Loss: 0.0512
2025-04-22 17:59:58 - INFO - Epoch 405/1000, Batch 20/20, Loss: 0.0589
2025-04-22 18:00:03 - INFO - Epoch 406/1000, Batch 20/20, Loss: 0.0595
2025-04-22 18:00:08 - INFO - Epoch 407/1000, Batch 20/20, Loss: 0.0503
2025-04-22 18:00:12 - INFO - Epoch 408/1000, Batch 20/20, Loss: 0.0490
2025-04-22 18:00:17 - INFO - Epoch 409/1000, Batch 20/20, Loss: 0.1271
2025-04-22 18:00:22 - INFO - Epoch 410/1000, Batch 20/20, Loss: 0.0702
2025-04-22 18:00:27 - INFO - Epoch 411/1000, Batch 20/20, Loss: 0.0654
2025-04-22 18:00:32 - INFO - Epoch 412/1000, Batch 20/20, Loss: 0.0499
2025-04-22 18:00:37 - INFO - Epoch 413/1000, Batch 20/20, Loss: 0.0553
2025-04-22 18:00:42 - INFO - Epoch 414/1000, Batch 20/20, Loss: 0.0609
2025-04-22 18:00:47 - INFO - Epoch 415/1000, Batch 20/20, Loss: 0.0423
2025-04-22 18:00:52 - INFO - Epoch 416/1000, Batch 20/20, Loss: 0.0529
2025-04-22 18:00:56 - INFO - Epoch 417/1000, Batch 20/20, Loss: 0.0500
2025-04-22 18:01:01 - INFO - Epoch 418/1000, Batch 20/20, Loss: 0.0466
2025-04-22 18:01:06 - INFO - Epoch 419/1000, Batch 20/20, Loss: 0.0590
2025-04-22 18:01:11 - INFO - Epoch 420/1000, Batch 20/20, Loss: 0.0618
2025-04-22 18:01:11 - INFO - Saved checkpoint at epoch 420 at ./result/VNet/LA/Pth/model_epoch_420_checkpoint.pth
2025-04-22 18:01:16 - INFO - Epoch 421/1000, Batch 20/20, Loss: 0.0620
2025-04-22 18:01:21 - INFO - Epoch 422/1000, Batch 20/20, Loss: 0.0666
2025-04-22 18:01:26 - INFO - Epoch 423/1000, Batch 20/20, Loss: 0.0546
2025-04-22 18:01:30 - INFO - Epoch 424/1000, Batch 20/20, Loss: 0.0875
2025-04-22 18:01:35 - INFO - Epoch 425/1000, Batch 20/20, Loss: 0.0527
2025-04-22 18:01:40 - INFO - Epoch 426/1000, Batch 20/20, Loss: 0.0562
2025-04-22 18:01:45 - INFO - Epoch 427/1000, Batch 20/20, Loss: 0.0518
2025-04-22 18:01:50 - INFO - Epoch 428/1000, Batch 20/20, Loss: 0.0681
2025-04-22 18:01:55 - INFO - Epoch 429/1000, Batch 20/20, Loss: 0.0449
2025-04-22 18:01:59 - INFO - Epoch 430/1000, Batch 20/20, Loss: 0.0531
2025-04-22 18:02:04 - INFO - Epoch 431/1000, Batch 20/20, Loss: 0.0761
2025-04-22 18:02:09 - INFO - Epoch 432/1000, Batch 20/20, Loss: 0.0919
2025-04-22 18:02:14 - INFO - Epoch 433/1000, Batch 20/20, Loss: 0.0549
2025-04-22 18:02:19 - INFO - Epoch 434/1000, Batch 20/20, Loss: 0.0679
2025-04-22 18:02:24 - INFO - Epoch 435/1000, Batch 20/20, Loss: 0.0519
2025-04-22 18:02:29 - INFO - Epoch 436/1000, Batch 20/20, Loss: 0.0528
2025-04-22 18:02:34 - INFO - Epoch 437/1000, Batch 20/20, Loss: 0.1314
2025-04-22 18:02:39 - INFO - Epoch 438/1000, Batch 20/20, Loss: 0.0642
2025-04-22 18:02:43 - INFO - Epoch 439/1000, Batch 20/20, Loss: 0.0530
2025-04-22 18:02:48 - INFO - Epoch 440/1000, Batch 20/20, Loss: 0.1766
2025-04-22 18:02:48 - INFO - Saved checkpoint at epoch 440 at ./result/VNet/LA/Pth/model_epoch_440_checkpoint.pth
2025-04-22 18:02:53 - INFO - Epoch 441/1000, Batch 20/20, Loss: 0.0799
2025-04-22 18:02:58 - INFO - Epoch 442/1000, Batch 20/20, Loss: 0.0460
2025-04-22 18:03:03 - INFO - Epoch 443/1000, Batch 20/20, Loss: 0.0505
2025-04-22 18:03:08 - INFO - Epoch 444/1000, Batch 20/20, Loss: 0.0765
2025-04-22 18:03:13 - INFO - Epoch 445/1000, Batch 20/20, Loss: 0.0595
2025-04-22 18:03:18 - INFO - Epoch 446/1000, Batch 20/20, Loss: 0.0960
2025-04-22 18:03:23 - INFO - Epoch 447/1000, Batch 20/20, Loss: 0.0530
2025-04-22 18:03:27 - INFO - Epoch 448/1000, Batch 20/20, Loss: 0.0564
2025-04-22 18:03:32 - INFO - Epoch 449/1000, Batch 20/20, Loss: 0.0584
2025-04-22 18:03:37 - INFO - Epoch 450/1000, Batch 20/20, Loss: 0.0648
2025-04-22 18:03:42 - INFO - Epoch 451/1000, Batch 20/20, Loss: 0.0576
2025-04-22 18:03:47 - INFO - Epoch 452/1000, Batch 20/20, Loss: 0.0541
2025-04-22 18:03:52 - INFO - Epoch 453/1000, Batch 20/20, Loss: 0.0605
2025-04-22 18:03:57 - INFO - Epoch 454/1000, Batch 20/20, Loss: 0.0495
2025-04-22 18:04:02 - INFO - Epoch 455/1000, Batch 20/20, Loss: 0.0922
2025-04-22 18:04:07 - INFO - Epoch 456/1000, Batch 20/20, Loss: 0.0579
2025-04-22 18:04:11 - INFO - Epoch 457/1000, Batch 20/20, Loss: 0.0617
2025-04-22 18:04:16 - INFO - Epoch 458/1000, Batch 20/20, Loss: 0.0492
2025-04-22 18:04:21 - INFO - Epoch 459/1000, Batch 20/20, Loss: 0.0924
2025-04-22 18:04:26 - INFO - Epoch 460/1000, Batch 20/20, Loss: 0.0460
2025-04-22 18:04:26 - INFO - Saved checkpoint at epoch 460 at ./result/VNet/LA/Pth/model_epoch_460_checkpoint.pth
2025-04-22 18:04:31 - INFO - Epoch 461/1000, Batch 20/20, Loss: 0.0545
2025-04-22 18:04:36 - INFO - Epoch 462/1000, Batch 20/20, Loss: 0.0547
2025-04-22 18:04:41 - INFO - Epoch 463/1000, Batch 20/20, Loss: 0.0463
2025-04-22 18:04:46 - INFO - Epoch 464/1000, Batch 20/20, Loss: 0.0476
2025-04-22 18:04:51 - INFO - Epoch 465/1000, Batch 20/20, Loss: 0.0723
2025-04-22 18:04:55 - INFO - Epoch 466/1000, Batch 20/20, Loss: 0.0539
2025-04-22 18:05:00 - INFO - Epoch 467/1000, Batch 20/20, Loss: 0.0587
2025-04-22 18:05:05 - INFO - Epoch 468/1000, Batch 20/20, Loss: 0.0464
2025-04-22 18:05:10 - INFO - Epoch 469/1000, Batch 20/20, Loss: 0.0457
2025-04-22 18:05:15 - INFO - Epoch 470/1000, Batch 20/20, Loss: 0.0488
2025-04-22 18:05:20 - INFO - Epoch 471/1000, Batch 20/20, Loss: 0.0486
2025-04-22 18:05:25 - INFO - Epoch 472/1000, Batch 20/20, Loss: 0.0508
2025-04-22 18:05:30 - INFO - Epoch 473/1000, Batch 20/20, Loss: 0.0474
2025-04-22 18:05:35 - INFO - Epoch 474/1000, Batch 20/20, Loss: 0.1654
2025-04-22 18:05:39 - INFO - Epoch 475/1000, Batch 20/20, Loss: 0.0529
2025-04-22 18:05:44 - INFO - Epoch 476/1000, Batch 20/20, Loss: 0.0540
2025-04-22 18:05:49 - INFO - Epoch 477/1000, Batch 20/20, Loss: 0.1028
2025-04-22 18:05:54 - INFO - Epoch 478/1000, Batch 20/20, Loss: 0.0539
2025-04-22 18:05:59 - INFO - Epoch 479/1000, Batch 20/20, Loss: 0.0528
2025-04-22 18:06:04 - INFO - Epoch 480/1000, Batch 20/20, Loss: 0.0450
2025-04-22 18:06:04 - INFO - Saved checkpoint at epoch 480 at ./result/VNet/LA/Pth/model_epoch_480_checkpoint.pth
2025-04-22 18:06:09 - INFO - Epoch 481/1000, Batch 20/20, Loss: 0.0412
2025-04-22 18:06:14 - INFO - Epoch 482/1000, Batch 20/20, Loss: 0.0625
2025-04-22 18:06:19 - INFO - Epoch 483/1000, Batch 20/20, Loss: 0.0454
2025-04-22 18:06:24 - INFO - Epoch 484/1000, Batch 20/20, Loss: 0.0610
2025-04-22 18:06:28 - INFO - Epoch 485/1000, Batch 20/20, Loss: 0.0505
2025-04-22 18:06:33 - INFO - Epoch 486/1000, Batch 20/20, Loss: 0.0626
2025-04-22 18:06:38 - INFO - Epoch 487/1000, Batch 20/20, Loss: 0.0629
2025-04-22 18:06:43 - INFO - Epoch 488/1000, Batch 20/20, Loss: 0.0549
2025-04-22 18:06:48 - INFO - Epoch 489/1000, Batch 20/20, Loss: 0.0515
2025-04-22 18:06:53 - INFO - Epoch 490/1000, Batch 20/20, Loss: 0.1411
2025-04-22 18:06:58 - INFO - Epoch 491/1000, Batch 20/20, Loss: 0.0518
2025-04-22 18:07:03 - INFO - Epoch 492/1000, Batch 20/20, Loss: 0.0537
2025-04-22 18:07:08 - INFO - Epoch 493/1000, Batch 20/20, Loss: 0.0675
2025-04-22 18:07:12 - INFO - Epoch 494/1000, Batch 20/20, Loss: 0.0557
2025-04-22 18:07:17 - INFO - Epoch 495/1000, Batch 20/20, Loss: 0.0551
2025-04-22 18:07:22 - INFO - Epoch 496/1000, Batch 20/20, Loss: 0.0698
2025-04-22 18:07:27 - INFO - Epoch 497/1000, Batch 20/20, Loss: 0.0443
2025-04-22 18:07:32 - INFO - Epoch 498/1000, Batch 20/20, Loss: 0.0490
2025-04-22 18:07:37 - INFO - Epoch 499/1000, Batch 20/20, Loss: 0.0612
2025-04-22 18:07:42 - INFO - Epoch 500/1000, Batch 20/20, Loss: 0.0566
2025-04-22 18:07:42 - INFO - Saved checkpoint at epoch 500 at ./result/VNet/LA/Pth/model_epoch_500_checkpoint.pth
2025-04-22 18:07:47 - INFO - Epoch 501/1000, Batch 20/20, Loss: 0.0556
2025-04-22 18:07:52 - INFO - Epoch 502/1000, Batch 20/20, Loss: 0.0469
2025-04-22 18:07:56 - INFO - Epoch 503/1000, Batch 20/20, Loss: 0.0500
2025-04-22 18:08:01 - INFO - Epoch 504/1000, Batch 20/20, Loss: 0.0419
2025-04-22 18:08:06 - INFO - Epoch 505/1000, Batch 20/20, Loss: 0.0500
2025-04-22 18:08:11 - INFO - Epoch 506/1000, Batch 20/20, Loss: 0.0746
2025-04-22 18:08:16 - INFO - Epoch 507/1000, Batch 20/20, Loss: 0.0586
2025-04-22 18:08:21 - INFO - Epoch 508/1000, Batch 20/20, Loss: 0.0495
2025-04-22 18:08:26 - INFO - Epoch 509/1000, Batch 20/20, Loss: 0.0476
2025-04-22 18:08:31 - INFO - Epoch 510/1000, Batch 20/20, Loss: 0.0479
2025-04-22 18:08:36 - INFO - Epoch 511/1000, Batch 20/20, Loss: 0.0522
2025-04-22 18:08:41 - INFO - Epoch 512/1000, Batch 20/20, Loss: 0.0554
2025-04-22 18:08:46 - INFO - Epoch 513/1000, Batch 20/20, Loss: 0.0440
2025-04-22 18:08:50 - INFO - Epoch 514/1000, Batch 20/20, Loss: 0.0435
2025-04-22 18:08:55 - INFO - Epoch 515/1000, Batch 20/20, Loss: 0.0602
2025-04-22 18:09:00 - INFO - Epoch 516/1000, Batch 20/20, Loss: 0.0666
2025-04-22 18:09:05 - INFO - Epoch 517/1000, Batch 20/20, Loss: 0.0464
2025-04-22 18:09:10 - INFO - Epoch 518/1000, Batch 20/20, Loss: 0.0673
2025-04-22 18:09:15 - INFO - Epoch 519/1000, Batch 20/20, Loss: 0.0386
2025-04-22 18:09:20 - INFO - Epoch 520/1000, Batch 20/20, Loss: 0.0524
2025-04-22 18:09:20 - INFO - Saved checkpoint at epoch 520 at ./result/VNet/LA/Pth/model_epoch_520_checkpoint.pth
2025-04-22 18:09:25 - INFO - Epoch 521/1000, Batch 20/20, Loss: 0.0943
2025-04-22 18:09:30 - INFO - Epoch 522/1000, Batch 20/20, Loss: 0.1166
2025-04-22 18:09:35 - INFO - Epoch 523/1000, Batch 20/20, Loss: 0.0362
2025-04-22 18:09:39 - INFO - Epoch 524/1000, Batch 20/20, Loss: 0.0487
2025-04-22 18:09:44 - INFO - Epoch 525/1000, Batch 20/20, Loss: 0.2357
2025-04-22 18:09:49 - INFO - Epoch 526/1000, Batch 20/20, Loss: 0.0482
2025-04-22 18:09:54 - INFO - Epoch 527/1000, Batch 20/20, Loss: 0.0459
2025-04-22 18:09:59 - INFO - Epoch 528/1000, Batch 20/20, Loss: 0.0533
2025-04-22 18:10:04 - INFO - Epoch 529/1000, Batch 20/20, Loss: 0.0441
2025-04-22 18:10:09 - INFO - Epoch 530/1000, Batch 20/20, Loss: 0.0505
2025-04-22 18:10:14 - INFO - Epoch 531/1000, Batch 20/20, Loss: 0.0510
2025-04-22 18:10:19 - INFO - Epoch 532/1000, Batch 20/20, Loss: 0.0525
2025-04-22 18:10:24 - INFO - Epoch 533/1000, Batch 20/20, Loss: 0.0455
2025-04-22 18:10:29 - INFO - Epoch 534/1000, Batch 20/20, Loss: 0.0599
2025-04-22 18:10:33 - INFO - Epoch 535/1000, Batch 20/20, Loss: 0.0453
2025-04-22 18:10:38 - INFO - Epoch 536/1000, Batch 20/20, Loss: 0.0375
2025-04-22 18:10:43 - INFO - Epoch 537/1000, Batch 20/20, Loss: 0.0684
2025-04-22 18:10:48 - INFO - Epoch 538/1000, Batch 20/20, Loss: 0.0484
2025-04-22 18:10:53 - INFO - Epoch 539/1000, Batch 20/20, Loss: 0.0468
2025-04-22 18:10:58 - INFO - Epoch 540/1000, Batch 20/20, Loss: 0.0495
2025-04-22 18:10:58 - INFO - Saved checkpoint at epoch 540 at ./result/VNet/LA/Pth/model_epoch_540_checkpoint.pth
2025-04-22 18:11:03 - INFO - Epoch 541/1000, Batch 20/20, Loss: 0.0512
2025-04-22 18:11:08 - INFO - Epoch 542/1000, Batch 20/20, Loss: 0.0439
2025-04-22 18:11:13 - INFO - Epoch 543/1000, Batch 20/20, Loss: 0.0420
2025-04-22 18:11:18 - INFO - Epoch 544/1000, Batch 20/20, Loss: 0.0710
2025-04-22 18:11:23 - INFO - Epoch 545/1000, Batch 20/20, Loss: 0.0552
2025-04-22 18:11:27 - INFO - Epoch 546/1000, Batch 20/20, Loss: 0.0581
2025-04-22 18:11:32 - INFO - Epoch 547/1000, Batch 20/20, Loss: 0.0646
2025-04-22 18:11:37 - INFO - Epoch 548/1000, Batch 20/20, Loss: 0.0421
2025-04-22 18:11:42 - INFO - Epoch 549/1000, Batch 20/20, Loss: 0.1100
2025-04-22 18:11:47 - INFO - Epoch 550/1000, Batch 20/20, Loss: 0.0535
2025-04-22 18:11:52 - INFO - Epoch 551/1000, Batch 20/20, Loss: 0.0475
2025-04-22 18:11:57 - INFO - Epoch 552/1000, Batch 20/20, Loss: 0.0444
2025-04-22 18:12:02 - INFO - Epoch 553/1000, Batch 20/20, Loss: 0.0485
2025-04-22 18:12:07 - INFO - Epoch 554/1000, Batch 20/20, Loss: 0.0612
2025-04-22 18:12:12 - INFO - Epoch 555/1000, Batch 20/20, Loss: 0.0505
2025-04-22 18:12:16 - INFO - Epoch 556/1000, Batch 20/20, Loss: 0.0920
2025-04-22 18:12:21 - INFO - Epoch 557/1000, Batch 20/20, Loss: 0.0446
2025-04-22 18:12:26 - INFO - Epoch 558/1000, Batch 20/20, Loss: 0.0597
2025-04-22 18:12:31 - INFO - Epoch 559/1000, Batch 20/20, Loss: 0.0466
2025-04-22 18:12:36 - INFO - Epoch 560/1000, Batch 20/20, Loss: 0.0451
2025-04-22 18:12:36 - INFO - Saved checkpoint at epoch 560 at ./result/VNet/LA/Pth/model_epoch_560_checkpoint.pth
2025-04-22 18:12:41 - INFO - Epoch 561/1000, Batch 20/20, Loss: 0.0506
2025-04-22 18:12:46 - INFO - Epoch 562/1000, Batch 20/20, Loss: 0.0366
2025-04-22 18:12:51 - INFO - Epoch 563/1000, Batch 20/20, Loss: 0.0534
2025-04-22 18:12:55 - INFO - Epoch 564/1000, Batch 20/20, Loss: 0.0491
2025-04-22 18:13:00 - INFO - Epoch 565/1000, Batch 20/20, Loss: 0.0497
2025-04-22 18:13:05 - INFO - Epoch 566/1000, Batch 20/20, Loss: 0.0485
2025-04-22 18:13:10 - INFO - Epoch 567/1000, Batch 20/20, Loss: 0.0519
2025-04-22 18:13:15 - INFO - Epoch 568/1000, Batch 20/20, Loss: 0.0527
2025-04-22 18:13:20 - INFO - Epoch 569/1000, Batch 20/20, Loss: 0.0540
2025-04-22 18:13:25 - INFO - Epoch 570/1000, Batch 20/20, Loss: 0.0441
2025-04-22 18:13:30 - INFO - Epoch 571/1000, Batch 20/20, Loss: 0.0399
2025-04-22 18:13:35 - INFO - Epoch 572/1000, Batch 20/20, Loss: 0.0413
2025-04-22 18:13:39 - INFO - Epoch 573/1000, Batch 20/20, Loss: 0.0509
2025-04-22 18:13:44 - INFO - Epoch 574/1000, Batch 20/20, Loss: 0.0481
2025-04-22 18:13:49 - INFO - Epoch 575/1000, Batch 20/20, Loss: 0.0438
2025-04-22 18:13:54 - INFO - Epoch 576/1000, Batch 20/20, Loss: 0.0571
2025-04-22 18:13:59 - INFO - Epoch 577/1000, Batch 20/20, Loss: 0.0442
2025-04-22 18:14:04 - INFO - Epoch 578/1000, Batch 20/20, Loss: 0.0685
2025-04-22 18:14:09 - INFO - Epoch 579/1000, Batch 20/20, Loss: 0.0495
2025-04-22 18:14:13 - INFO - Epoch 580/1000, Batch 20/20, Loss: 0.0456
2025-04-22 18:14:13 - INFO - Saved checkpoint at epoch 580 at ./result/VNet/LA/Pth/model_epoch_580_checkpoint.pth
2025-04-22 18:14:18 - INFO - Epoch 581/1000, Batch 20/20, Loss: 0.0356
2025-04-22 18:14:23 - INFO - Epoch 582/1000, Batch 20/20, Loss: 0.0471
2025-04-22 18:14:28 - INFO - Epoch 583/1000, Batch 20/20, Loss: 0.0423
2025-04-22 18:14:33 - INFO - Epoch 584/1000, Batch 20/20, Loss: 0.0530
2025-04-22 18:14:38 - INFO - Epoch 585/1000, Batch 20/20, Loss: 0.0453
2025-04-22 18:14:43 - INFO - Epoch 586/1000, Batch 20/20, Loss: 0.0585
2025-04-22 18:14:48 - INFO - Epoch 587/1000, Batch 20/20, Loss: 0.1849
2025-04-22 18:14:53 - INFO - Epoch 588/1000, Batch 20/20, Loss: 0.0572
2025-04-22 18:14:57 - INFO - Epoch 589/1000, Batch 20/20, Loss: 0.0468
2025-04-22 18:15:02 - INFO - Epoch 590/1000, Batch 20/20, Loss: 0.0440
2025-04-22 18:15:07 - INFO - Epoch 591/1000, Batch 20/20, Loss: 0.1852
2025-04-22 18:15:12 - INFO - Epoch 592/1000, Batch 20/20, Loss: 0.0427
2025-04-22 18:15:17 - INFO - Epoch 593/1000, Batch 20/20, Loss: 0.0485
2025-04-22 18:15:22 - INFO - Epoch 594/1000, Batch 20/20, Loss: 0.0653
2025-04-22 18:15:26 - INFO - Epoch 595/1000, Batch 20/20, Loss: 0.0478
2025-04-22 18:15:31 - INFO - Epoch 596/1000, Batch 20/20, Loss: 0.0902
2025-04-22 18:15:36 - INFO - Epoch 597/1000, Batch 20/20, Loss: 0.0458
2025-04-22 18:15:41 - INFO - Epoch 598/1000, Batch 20/20, Loss: 0.0391
2025-04-22 18:15:46 - INFO - Epoch 599/1000, Batch 20/20, Loss: 0.0566
2025-04-22 18:15:50 - INFO - Epoch 600/1000, Batch 20/20, Loss: 0.0588
2025-04-22 18:15:50 - INFO - Saved checkpoint at epoch 600 at ./result/VNet/LA/Pth/model_epoch_600_checkpoint.pth
2025-04-22 18:15:55 - INFO - Epoch 601/1000, Batch 20/20, Loss: 0.0522
2025-04-22 18:16:00 - INFO - Epoch 602/1000, Batch 20/20, Loss: 0.0474
2025-04-22 18:16:05 - INFO - Epoch 603/1000, Batch 20/20, Loss: 0.0481
2025-04-22 18:16:10 - INFO - Epoch 604/1000, Batch 20/20, Loss: 0.0508
2025-04-22 18:16:14 - INFO - Epoch 605/1000, Batch 20/20, Loss: 0.0445
2025-04-22 18:16:19 - INFO - Epoch 606/1000, Batch 20/20, Loss: 0.0505
2025-04-22 18:16:24 - INFO - Epoch 607/1000, Batch 20/20, Loss: 0.0470
2025-04-22 18:16:29 - INFO - Epoch 608/1000, Batch 20/20, Loss: 0.0460
2025-04-22 18:16:34 - INFO - Epoch 609/1000, Batch 20/20, Loss: 0.0410
2025-04-22 18:16:39 - INFO - Epoch 610/1000, Batch 20/20, Loss: 0.0504
2025-04-22 18:16:44 - INFO - Epoch 611/1000, Batch 20/20, Loss: 0.0401
2025-04-22 18:16:49 - INFO - Epoch 612/1000, Batch 20/20, Loss: 0.0529
2025-04-22 18:16:53 - INFO - Epoch 613/1000, Batch 20/20, Loss: 0.0505
2025-04-22 18:16:58 - INFO - Epoch 614/1000, Batch 20/20, Loss: 0.0407
2025-04-22 18:17:03 - INFO - Epoch 615/1000, Batch 20/20, Loss: 0.0701
2025-04-22 18:17:08 - INFO - Epoch 616/1000, Batch 20/20, Loss: 0.0422
2025-04-22 18:17:13 - INFO - Epoch 617/1000, Batch 20/20, Loss: 0.0344
2025-04-22 18:17:18 - INFO - Epoch 618/1000, Batch 20/20, Loss: 0.0444
2025-04-22 18:17:23 - INFO - Epoch 619/1000, Batch 20/20, Loss: 0.0494
2025-04-22 18:17:28 - INFO - Epoch 620/1000, Batch 20/20, Loss: 0.0438
2025-04-22 18:17:28 - INFO - Saved checkpoint at epoch 620 at ./result/VNet/LA/Pth/model_epoch_620_checkpoint.pth
2025-04-22 18:17:33 - INFO - Epoch 621/1000, Batch 20/20, Loss: 0.0460
2025-04-22 18:17:37 - INFO - Epoch 622/1000, Batch 20/20, Loss: 0.0720
2025-04-22 18:17:42 - INFO - Epoch 623/1000, Batch 20/20, Loss: 0.0495
2025-04-22 18:17:47 - INFO - Epoch 624/1000, Batch 20/20, Loss: 0.0530
2025-04-22 18:17:52 - INFO - Epoch 625/1000, Batch 20/20, Loss: 0.0625
2025-04-22 18:17:57 - INFO - Epoch 626/1000, Batch 20/20, Loss: 0.0455
2025-04-22 18:18:02 - INFO - Epoch 627/1000, Batch 20/20, Loss: 0.0472
2025-04-22 18:18:07 - INFO - Epoch 628/1000, Batch 20/20, Loss: 0.0385
2025-04-22 18:18:11 - INFO - Epoch 629/1000, Batch 20/20, Loss: 0.0497
2025-04-22 18:18:16 - INFO - Epoch 630/1000, Batch 20/20, Loss: 0.0439
2025-04-22 18:18:21 - INFO - Epoch 631/1000, Batch 20/20, Loss: 0.0456
2025-04-22 18:18:26 - INFO - Epoch 632/1000, Batch 20/20, Loss: 0.0516
2025-04-22 18:18:31 - INFO - Epoch 633/1000, Batch 20/20, Loss: 0.0404
2025-04-22 18:18:36 - INFO - Epoch 634/1000, Batch 20/20, Loss: 0.0579
2025-04-22 18:18:40 - INFO - Epoch 635/1000, Batch 20/20, Loss: 0.0475
2025-04-22 18:18:45 - INFO - Epoch 636/1000, Batch 20/20, Loss: 0.0977
2025-04-22 18:18:50 - INFO - Epoch 637/1000, Batch 20/20, Loss: 0.0429
2025-04-22 18:18:55 - INFO - Epoch 638/1000, Batch 20/20, Loss: 0.0432
2025-04-22 18:19:00 - INFO - Epoch 639/1000, Batch 20/20, Loss: 0.0458
2025-04-22 18:19:05 - INFO - Epoch 640/1000, Batch 20/20, Loss: 0.1319
2025-04-22 18:19:05 - INFO - Saved checkpoint at epoch 640 at ./result/VNet/LA/Pth/model_epoch_640_checkpoint.pth
2025-04-22 18:19:10 - INFO - Epoch 641/1000, Batch 20/20, Loss: 0.0426
2025-04-22 18:19:14 - INFO - Epoch 642/1000, Batch 20/20, Loss: 0.0395
2025-04-22 18:19:19 - INFO - Epoch 643/1000, Batch 20/20, Loss: 0.0425
2025-04-22 18:19:24 - INFO - Epoch 644/1000, Batch 20/20, Loss: 0.0396
2025-04-22 18:19:29 - INFO - Epoch 645/1000, Batch 20/20, Loss: 0.0716
2025-04-22 18:19:34 - INFO - Epoch 646/1000, Batch 20/20, Loss: 0.1491
2025-04-22 18:19:39 - INFO - Epoch 647/1000, Batch 20/20, Loss: 0.0455
2025-04-22 18:19:44 - INFO - Epoch 648/1000, Batch 20/20, Loss: 0.0447
2025-04-22 18:19:49 - INFO - Epoch 649/1000, Batch 20/20, Loss: 0.0408
2025-04-22 18:19:53 - INFO - Epoch 650/1000, Batch 20/20, Loss: 0.0440
2025-04-22 18:19:58 - INFO - Epoch 651/1000, Batch 20/20, Loss: 0.0482
2025-04-22 18:20:03 - INFO - Epoch 652/1000, Batch 20/20, Loss: 0.0396
2025-04-22 18:20:08 - INFO - Epoch 653/1000, Batch 20/20, Loss: 0.0525
2025-04-22 18:20:13 - INFO - Epoch 654/1000, Batch 20/20, Loss: 0.0410
2025-04-22 18:20:18 - INFO - Epoch 655/1000, Batch 20/20, Loss: 0.0920
2025-04-22 18:20:23 - INFO - Epoch 656/1000, Batch 20/20, Loss: 0.0340
2025-04-22 18:20:28 - INFO - Epoch 657/1000, Batch 20/20, Loss: 0.0559
2025-04-22 18:20:32 - INFO - Epoch 658/1000, Batch 20/20, Loss: 0.0486
2025-04-22 18:20:37 - INFO - Epoch 659/1000, Batch 20/20, Loss: 0.0461
2025-04-22 18:20:42 - INFO - Epoch 660/1000, Batch 20/20, Loss: 0.0430
2025-04-22 18:20:42 - INFO - Saved checkpoint at epoch 660 at ./result/VNet/LA/Pth/model_epoch_660_checkpoint.pth
2025-04-22 18:20:47 - INFO - Epoch 661/1000, Batch 20/20, Loss: 0.0494
2025-04-22 18:20:52 - INFO - Epoch 662/1000, Batch 20/20, Loss: 0.0446
2025-04-22 18:20:57 - INFO - Epoch 663/1000, Batch 20/20, Loss: 0.0438
2025-04-22 18:21:02 - INFO - Epoch 664/1000, Batch 20/20, Loss: 0.0431
2025-04-22 18:21:07 - INFO - Epoch 665/1000, Batch 20/20, Loss: 0.0445
2025-04-22 18:21:11 - INFO - Epoch 666/1000, Batch 20/20, Loss: 0.0528
2025-04-22 18:21:16 - INFO - Epoch 667/1000, Batch 20/20, Loss: 0.1132
2025-04-22 18:21:21 - INFO - Epoch 668/1000, Batch 20/20, Loss: 0.0575
2025-04-22 18:21:26 - INFO - Epoch 669/1000, Batch 20/20, Loss: 0.0396
2025-04-22 18:21:31 - INFO - Epoch 670/1000, Batch 20/20, Loss: 0.0438
2025-04-22 18:21:36 - INFO - Epoch 671/1000, Batch 20/20, Loss: 0.0408
2025-04-22 18:21:41 - INFO - Epoch 672/1000, Batch 20/20, Loss: 0.0422
2025-04-22 18:21:45 - INFO - Epoch 673/1000, Batch 20/20, Loss: 0.0416
2025-04-22 18:21:50 - INFO - Epoch 674/1000, Batch 20/20, Loss: 0.0465
2025-04-22 18:21:55 - INFO - Epoch 675/1000, Batch 20/20, Loss: 0.0464
2025-04-22 18:22:00 - INFO - Epoch 676/1000, Batch 20/20, Loss: 0.0529
2025-04-22 18:22:05 - INFO - Epoch 677/1000, Batch 20/20, Loss: 0.0370
2025-04-22 18:22:10 - INFO - Epoch 678/1000, Batch 20/20, Loss: 0.0420
2025-04-22 18:22:15 - INFO - Epoch 679/1000, Batch 20/20, Loss: 0.0441
2025-04-22 18:22:19 - INFO - Epoch 680/1000, Batch 20/20, Loss: 0.0510
2025-04-22 18:22:20 - INFO - Saved checkpoint at epoch 680 at ./result/VNet/LA/Pth/model_epoch_680_checkpoint.pth
2025-04-22 18:22:24 - INFO - Epoch 681/1000, Batch 20/20, Loss: 0.0453
2025-04-22 18:22:29 - INFO - Epoch 682/1000, Batch 20/20, Loss: 0.0420
2025-04-22 18:22:34 - INFO - Epoch 683/1000, Batch 20/20, Loss: 0.0414
2025-04-22 18:22:39 - INFO - Epoch 684/1000, Batch 20/20, Loss: 0.0383
2025-04-22 18:22:44 - INFO - Epoch 685/1000, Batch 20/20, Loss: 0.0972
2025-04-22 18:22:49 - INFO - Epoch 686/1000, Batch 20/20, Loss: 0.0463
2025-04-22 18:22:54 - INFO - Epoch 687/1000, Batch 20/20, Loss: 0.0503
2025-04-22 18:22:59 - INFO - Epoch 688/1000, Batch 20/20, Loss: 0.0403
2025-04-22 18:23:04 - INFO - Epoch 689/1000, Batch 20/20, Loss: 0.0503
2025-04-22 18:23:09 - INFO - Epoch 690/1000, Batch 20/20, Loss: 0.0637
2025-04-22 18:23:13 - INFO - Epoch 691/1000, Batch 20/20, Loss: 0.0459
2025-04-22 18:23:18 - INFO - Epoch 692/1000, Batch 20/20, Loss: 0.0426
2025-04-22 18:23:23 - INFO - Epoch 693/1000, Batch 20/20, Loss: 0.0404
2025-04-22 18:23:28 - INFO - Epoch 694/1000, Batch 20/20, Loss: 0.0372
2025-04-22 18:23:33 - INFO - Epoch 695/1000, Batch 20/20, Loss: 0.1017
2025-04-22 18:23:38 - INFO - Epoch 696/1000, Batch 20/20, Loss: 0.0471
2025-04-22 18:23:43 - INFO - Epoch 697/1000, Batch 20/20, Loss: 0.0454
2025-04-22 18:23:48 - INFO - Epoch 698/1000, Batch 20/20, Loss: 0.0384
2025-04-22 18:23:53 - INFO - Epoch 699/1000, Batch 20/20, Loss: 0.0534
2025-04-22 18:23:57 - INFO - Epoch 700/1000, Batch 20/20, Loss: 0.0388
2025-04-22 18:23:57 - INFO - Saved checkpoint at epoch 700 at ./result/VNet/LA/Pth/model_epoch_700_checkpoint.pth
2025-04-22 18:24:02 - INFO - Epoch 701/1000, Batch 20/20, Loss: 0.0458
2025-04-22 18:24:07 - INFO - Epoch 702/1000, Batch 20/20, Loss: 0.0460
2025-04-22 18:24:12 - INFO - Epoch 703/1000, Batch 20/20, Loss: 0.0429
2025-04-22 18:24:17 - INFO - Epoch 704/1000, Batch 20/20, Loss: 0.0366
2025-04-22 18:24:22 - INFO - Epoch 705/1000, Batch 20/20, Loss: 0.0470
2025-04-22 18:24:27 - INFO - Epoch 706/1000, Batch 20/20, Loss: 0.0493
2025-04-22 18:24:32 - INFO - Epoch 707/1000, Batch 20/20, Loss: 0.0372
2025-04-22 18:24:37 - INFO - Epoch 708/1000, Batch 20/20, Loss: 0.0969
2025-04-22 18:24:42 - INFO - Epoch 709/1000, Batch 20/20, Loss: 0.0352
2025-04-22 18:24:46 - INFO - Epoch 710/1000, Batch 20/20, Loss: 0.0447
2025-04-22 18:24:51 - INFO - Epoch 711/1000, Batch 20/20, Loss: 0.0414
2025-04-22 18:24:56 - INFO - Epoch 712/1000, Batch 20/20, Loss: 0.0349
2025-04-22 18:25:01 - INFO - Epoch 713/1000, Batch 20/20, Loss: 0.0433
2025-04-22 18:25:06 - INFO - Epoch 714/1000, Batch 20/20, Loss: 0.0464
2025-04-22 18:25:11 - INFO - Epoch 715/1000, Batch 20/20, Loss: 0.0383
2025-04-22 18:25:16 - INFO - Epoch 716/1000, Batch 20/20, Loss: 0.0508
2025-04-22 18:25:21 - INFO - Epoch 717/1000, Batch 20/20, Loss: 0.0509
2025-04-22 18:25:25 - INFO - Epoch 718/1000, Batch 20/20, Loss: 0.0485
2025-04-22 18:25:30 - INFO - Epoch 719/1000, Batch 20/20, Loss: 0.0443
2025-04-22 18:25:35 - INFO - Epoch 720/1000, Batch 20/20, Loss: 0.0392
2025-04-22 18:25:35 - INFO - Saved checkpoint at epoch 720 at ./result/VNet/LA/Pth/model_epoch_720_checkpoint.pth
2025-04-22 18:25:40 - INFO - Epoch 721/1000, Batch 20/20, Loss: 0.0457
2025-04-22 18:25:45 - INFO - Epoch 722/1000, Batch 20/20, Loss: 0.0378
2025-04-22 18:25:50 - INFO - Epoch 723/1000, Batch 20/20, Loss: 0.0394
2025-04-22 18:25:55 - INFO - Epoch 724/1000, Batch 20/20, Loss: 0.0530
2025-04-22 18:26:00 - INFO - Epoch 725/1000, Batch 20/20, Loss: 0.0474
2025-04-22 18:26:05 - INFO - Epoch 726/1000, Batch 20/20, Loss: 0.0479
2025-04-22 18:26:09 - INFO - Epoch 727/1000, Batch 20/20, Loss: 0.0448
2025-04-22 18:26:14 - INFO - Epoch 728/1000, Batch 20/20, Loss: 0.0484
2025-04-22 18:26:19 - INFO - Epoch 729/1000, Batch 20/20, Loss: 0.0436
2025-04-22 18:26:24 - INFO - Epoch 730/1000, Batch 20/20, Loss: 0.0432
2025-04-22 18:26:29 - INFO - Epoch 731/1000, Batch 20/20, Loss: 0.0414
2025-04-22 18:26:34 - INFO - Epoch 732/1000, Batch 20/20, Loss: 0.0395
2025-04-22 18:26:39 - INFO - Epoch 733/1000, Batch 20/20, Loss: 0.0466
2025-04-22 18:26:43 - INFO - Epoch 734/1000, Batch 20/20, Loss: 0.0477
2025-04-22 18:26:48 - INFO - Epoch 735/1000, Batch 20/20, Loss: 0.0515
2025-04-22 18:26:53 - INFO - Epoch 736/1000, Batch 20/20, Loss: 0.0570
2025-04-22 18:26:58 - INFO - Epoch 737/1000, Batch 20/20, Loss: 0.0502
2025-04-22 18:27:03 - INFO - Epoch 738/1000, Batch 20/20, Loss: 0.0425
2025-04-22 18:27:08 - INFO - Epoch 739/1000, Batch 20/20, Loss: 0.0415
2025-04-22 18:27:13 - INFO - Epoch 740/1000, Batch 20/20, Loss: 0.0430
2025-04-22 18:27:13 - INFO - Saved checkpoint at epoch 740 at ./result/VNet/LA/Pth/model_epoch_740_checkpoint.pth
2025-04-22 18:27:18 - INFO - Epoch 741/1000, Batch 20/20, Loss: 0.0405
2025-04-22 18:27:22 - INFO - Epoch 742/1000, Batch 20/20, Loss: 0.0378
2025-04-22 18:27:27 - INFO - Epoch 743/1000, Batch 20/20, Loss: 0.0532
2025-04-22 18:27:32 - INFO - Epoch 744/1000, Batch 20/20, Loss: 0.0443
2025-04-22 18:27:37 - INFO - Epoch 745/1000, Batch 20/20, Loss: 0.0472
2025-04-22 18:27:42 - INFO - Epoch 746/1000, Batch 20/20, Loss: 0.0398
2025-04-22 18:27:47 - INFO - Epoch 747/1000, Batch 20/20, Loss: 0.0500
2025-04-22 18:27:52 - INFO - Epoch 748/1000, Batch 20/20, Loss: 0.0410
2025-04-22 18:27:57 - INFO - Epoch 749/1000, Batch 20/20, Loss: 0.0336
2025-04-22 18:28:01 - INFO - Epoch 750/1000, Batch 20/20, Loss: 0.0397
2025-04-22 18:28:06 - INFO - Epoch 751/1000, Batch 20/20, Loss: 0.0435
2025-04-22 18:28:11 - INFO - Epoch 752/1000, Batch 20/20, Loss: 0.0804
2025-04-22 18:28:16 - INFO - Epoch 753/1000, Batch 20/20, Loss: 0.0414
2025-04-22 18:28:21 - INFO - Epoch 754/1000, Batch 20/20, Loss: 0.0886
2025-04-22 18:28:26 - INFO - Epoch 755/1000, Batch 20/20, Loss: 0.0334
2025-04-22 18:28:31 - INFO - Epoch 756/1000, Batch 20/20, Loss: 0.0395
2025-04-22 18:28:35 - INFO - Epoch 757/1000, Batch 20/20, Loss: 0.0490
2025-04-22 18:28:40 - INFO - Epoch 758/1000, Batch 20/20, Loss: 0.0396
2025-04-22 18:28:45 - INFO - Epoch 759/1000, Batch 20/20, Loss: 0.0363
2025-04-22 18:28:50 - INFO - Epoch 760/1000, Batch 20/20, Loss: 0.0821
2025-04-22 18:28:50 - INFO - Saved checkpoint at epoch 760 at ./result/VNet/LA/Pth/model_epoch_760_checkpoint.pth
2025-04-22 18:28:55 - INFO - Epoch 761/1000, Batch 20/20, Loss: 0.0413
2025-04-22 18:28:59 - INFO - Epoch 762/1000, Batch 20/20, Loss: 0.0424
2025-04-22 18:29:04 - INFO - Epoch 763/1000, Batch 20/20, Loss: 0.0671
2025-04-22 18:29:09 - INFO - Epoch 764/1000, Batch 20/20, Loss: 0.0839
2025-04-22 18:29:14 - INFO - Epoch 765/1000, Batch 20/20, Loss: 0.0356
2025-04-22 18:29:19 - INFO - Epoch 766/1000, Batch 20/20, Loss: 0.0404
2025-04-22 18:29:23 - INFO - Epoch 767/1000, Batch 20/20, Loss: 0.0521
2025-04-22 18:29:28 - INFO - Epoch 768/1000, Batch 20/20, Loss: 0.0385
2025-04-22 18:29:33 - INFO - Epoch 769/1000, Batch 20/20, Loss: 0.0420
2025-04-22 18:29:38 - INFO - Epoch 770/1000, Batch 20/20, Loss: 0.0539
2025-04-22 18:29:43 - INFO - Epoch 771/1000, Batch 20/20, Loss: 0.0825
2025-04-22 18:29:47 - INFO - Epoch 772/1000, Batch 20/20, Loss: 0.0413
2025-04-22 18:29:52 - INFO - Epoch 773/1000, Batch 20/20, Loss: 0.0361
2025-04-22 18:29:57 - INFO - Epoch 774/1000, Batch 20/20, Loss: 0.0467
2025-04-22 18:30:02 - INFO - Epoch 775/1000, Batch 20/20, Loss: 0.0396
2025-04-22 18:30:07 - INFO - Epoch 776/1000, Batch 20/20, Loss: 0.0417
2025-04-22 18:30:11 - INFO - Epoch 777/1000, Batch 20/20, Loss: 0.0447
2025-04-22 18:30:16 - INFO - Epoch 778/1000, Batch 20/20, Loss: 0.0843
2025-04-22 18:30:21 - INFO - Epoch 779/1000, Batch 20/20, Loss: 0.0387
2025-04-22 18:30:26 - INFO - Epoch 780/1000, Batch 20/20, Loss: 0.0390
2025-04-22 18:30:26 - INFO - Saved checkpoint at epoch 780 at ./result/VNet/LA/Pth/model_epoch_780_checkpoint.pth
2025-04-22 18:30:31 - INFO - Epoch 781/1000, Batch 20/20, Loss: 0.0451
2025-04-22 18:30:36 - INFO - Epoch 782/1000, Batch 20/20, Loss: 0.0410
2025-04-22 18:30:41 - INFO - Epoch 783/1000, Batch 20/20, Loss: 0.0501
2025-04-22 18:30:45 - INFO - Epoch 784/1000, Batch 20/20, Loss: 0.0380
2025-04-22 18:30:50 - INFO - Epoch 785/1000, Batch 20/20, Loss: 0.0836
2025-04-22 18:30:55 - INFO - Epoch 786/1000, Batch 20/20, Loss: 0.0363
2025-04-22 18:31:00 - INFO - Epoch 787/1000, Batch 20/20, Loss: 0.0507
2025-04-22 18:31:05 - INFO - Epoch 788/1000, Batch 20/20, Loss: 0.0427
2025-04-22 18:31:10 - INFO - Epoch 789/1000, Batch 20/20, Loss: 0.0489
2025-04-22 18:31:15 - INFO - Epoch 790/1000, Batch 20/20, Loss: 0.0365
2025-04-22 18:31:20 - INFO - Epoch 791/1000, Batch 20/20, Loss: 0.0375
2025-04-22 18:31:24 - INFO - Epoch 792/1000, Batch 20/20, Loss: 0.0421
2025-04-22 18:31:29 - INFO - Epoch 793/1000, Batch 20/20, Loss: 0.0360
2025-04-22 18:31:34 - INFO - Epoch 794/1000, Batch 20/20, Loss: 0.0415
2025-04-22 18:31:39 - INFO - Epoch 795/1000, Batch 20/20, Loss: 0.0367
2025-04-22 18:31:44 - INFO - Epoch 796/1000, Batch 20/20, Loss: 0.0490
2025-04-22 18:31:49 - INFO - Epoch 797/1000, Batch 20/20, Loss: 0.0348
2025-04-22 18:31:54 - INFO - Epoch 798/1000, Batch 20/20, Loss: 0.0469
2025-04-22 18:31:59 - INFO - Epoch 799/1000, Batch 20/20, Loss: 0.0410
2025-04-22 18:32:03 - INFO - Epoch 800/1000, Batch 20/20, Loss: 0.0375
2025-04-22 18:32:04 - INFO - Saved checkpoint at epoch 800 at ./result/VNet/LA/Pth/model_epoch_800_checkpoint.pth
2025-04-22 18:32:08 - INFO - Epoch 801/1000, Batch 20/20, Loss: 0.0345
2025-04-22 18:32:13 - INFO - Epoch 802/1000, Batch 20/20, Loss: 0.0341
2025-04-22 18:32:18 - INFO - Epoch 803/1000, Batch 20/20, Loss: 0.0371
2025-04-22 18:32:23 - INFO - Epoch 804/1000, Batch 20/20, Loss: 0.0442
2025-04-22 18:32:28 - INFO - Epoch 805/1000, Batch 20/20, Loss: 0.0530
2025-04-22 18:32:33 - INFO - Epoch 806/1000, Batch 20/20, Loss: 0.0376
2025-04-22 18:32:38 - INFO - Epoch 807/1000, Batch 20/20, Loss: 0.0404
2025-04-22 18:32:43 - INFO - Epoch 808/1000, Batch 20/20, Loss: 0.0341
2025-04-22 18:32:47 - INFO - Epoch 809/1000, Batch 20/20, Loss: 0.0372
2025-04-22 18:32:52 - INFO - Epoch 810/1000, Batch 20/20, Loss: 0.0397
2025-04-22 18:32:57 - INFO - Epoch 811/1000, Batch 20/20, Loss: 0.0359
2025-04-22 18:33:02 - INFO - Epoch 812/1000, Batch 20/20, Loss: 0.0427
2025-04-22 18:33:07 - INFO - Epoch 813/1000, Batch 20/20, Loss: 0.0392
2025-04-22 18:33:12 - INFO - Epoch 814/1000, Batch 20/20, Loss: 0.0426
2025-04-22 18:33:17 - INFO - Epoch 815/1000, Batch 20/20, Loss: 0.0395
2025-04-22 18:33:21 - INFO - Epoch 816/1000, Batch 20/20, Loss: 0.0402
2025-04-22 18:33:26 - INFO - Epoch 817/1000, Batch 20/20, Loss: 0.0452
2025-04-22 18:33:31 - INFO - Epoch 818/1000, Batch 20/20, Loss: 0.0363
2025-04-22 18:33:36 - INFO - Epoch 819/1000, Batch 20/20, Loss: 0.0349
2025-04-22 18:33:41 - INFO - Epoch 820/1000, Batch 20/20, Loss: 0.0351
2025-04-22 18:33:41 - INFO - Saved checkpoint at epoch 820 at ./result/VNet/LA/Pth/model_epoch_820_checkpoint.pth
2025-04-22 18:33:46 - INFO - Epoch 821/1000, Batch 20/20, Loss: 0.0604
2025-04-22 18:33:51 - INFO - Epoch 822/1000, Batch 20/20, Loss: 0.0373
2025-04-22 18:33:56 - INFO - Epoch 823/1000, Batch 20/20, Loss: 0.0395
2025-04-22 18:34:01 - INFO - Epoch 824/1000, Batch 20/20, Loss: 0.0392
2025-04-22 18:34:06 - INFO - Epoch 825/1000, Batch 20/20, Loss: 0.1221
2025-04-22 18:34:10 - INFO - Epoch 826/1000, Batch 20/20, Loss: 0.0355
2025-04-22 18:34:15 - INFO - Epoch 827/1000, Batch 20/20, Loss: 0.0361
2025-04-22 18:34:20 - INFO - Epoch 828/1000, Batch 20/20, Loss: 0.0481
2025-04-22 18:34:25 - INFO - Epoch 829/1000, Batch 20/20, Loss: 0.0363
2025-04-22 18:34:30 - INFO - Epoch 830/1000, Batch 20/20, Loss: 0.0336
2025-04-22 18:34:35 - INFO - Epoch 831/1000, Batch 20/20, Loss: 0.0442
2025-04-22 18:34:40 - INFO - Epoch 832/1000, Batch 20/20, Loss: 0.0413
2025-04-22 18:34:45 - INFO - Epoch 833/1000, Batch 20/20, Loss: 0.1134
2025-04-22 18:34:49 - INFO - Epoch 834/1000, Batch 20/20, Loss: 0.0383
2025-04-22 18:34:54 - INFO - Epoch 835/1000, Batch 20/20, Loss: 0.0339
2025-04-22 18:34:59 - INFO - Epoch 836/1000, Batch 20/20, Loss: 0.0333
2025-04-22 18:35:04 - INFO - Epoch 837/1000, Batch 20/20, Loss: 0.0400
2025-04-22 18:35:09 - INFO - Epoch 838/1000, Batch 20/20, Loss: 0.0404
2025-04-22 18:35:14 - INFO - Epoch 839/1000, Batch 20/20, Loss: 0.0390
2025-04-22 18:35:19 - INFO - Epoch 840/1000, Batch 20/20, Loss: 0.0473
2025-04-22 18:35:19 - INFO - Saved checkpoint at epoch 840 at ./result/VNet/LA/Pth/model_epoch_840_checkpoint.pth
2025-04-22 18:35:24 - INFO - Epoch 841/1000, Batch 20/20, Loss: 0.0675
2025-04-22 18:35:29 - INFO - Epoch 842/1000, Batch 20/20, Loss: 0.0417
2025-04-22 18:35:34 - INFO - Epoch 843/1000, Batch 20/20, Loss: 0.0333
2025-04-22 18:35:39 - INFO - Epoch 844/1000, Batch 20/20, Loss: 0.0367
2025-04-22 18:35:44 - INFO - Epoch 845/1000, Batch 20/20, Loss: 0.0466
2025-04-22 18:35:48 - INFO - Epoch 846/1000, Batch 20/20, Loss: 0.0400
2025-04-22 18:35:53 - INFO - Epoch 847/1000, Batch 20/20, Loss: 0.0343
2025-04-22 18:35:58 - INFO - Epoch 848/1000, Batch 20/20, Loss: 0.0405
2025-04-22 18:36:03 - INFO - Epoch 849/1000, Batch 20/20, Loss: 0.0470
2025-04-22 18:36:08 - INFO - Epoch 850/1000, Batch 20/20, Loss: 0.0344
2025-04-22 18:36:13 - INFO - Epoch 851/1000, Batch 20/20, Loss: 0.0415
2025-04-22 18:36:18 - INFO - Epoch 852/1000, Batch 20/20, Loss: 0.0385
2025-04-22 18:36:23 - INFO - Epoch 853/1000, Batch 20/20, Loss: 0.0349
2025-04-22 18:36:28 - INFO - Epoch 854/1000, Batch 20/20, Loss: 0.0470
2025-04-22 18:36:33 - INFO - Epoch 855/1000, Batch 20/20, Loss: 0.0408
2025-04-22 18:36:37 - INFO - Epoch 856/1000, Batch 20/20, Loss: 0.1060
2025-04-22 18:36:42 - INFO - Epoch 857/1000, Batch 20/20, Loss: 0.0401
2025-04-22 18:36:47 - INFO - Epoch 858/1000, Batch 20/20, Loss: 0.0366
2025-04-22 18:36:52 - INFO - Epoch 859/1000, Batch 20/20, Loss: 0.0426
2025-04-22 18:36:57 - INFO - Epoch 860/1000, Batch 20/20, Loss: 0.0353
2025-04-22 18:36:57 - INFO - Saved checkpoint at epoch 860 at ./result/VNet/LA/Pth/model_epoch_860_checkpoint.pth
2025-04-22 18:37:02 - INFO - Epoch 861/1000, Batch 20/20, Loss: 0.0645
2025-04-22 18:37:07 - INFO - Epoch 862/1000, Batch 20/20, Loss: 0.0417
2025-04-22 18:37:12 - INFO - Epoch 863/1000, Batch 20/20, Loss: 0.0316
2025-04-22 18:37:17 - INFO - Epoch 864/1000, Batch 20/20, Loss: 0.0437
2025-04-22 18:37:21 - INFO - Epoch 865/1000, Batch 20/20, Loss: 0.0349
2025-04-22 18:37:26 - INFO - Epoch 866/1000, Batch 20/20, Loss: 0.0415
2025-04-22 18:37:31 - INFO - Epoch 867/1000, Batch 20/20, Loss: 0.0772
2025-04-22 18:37:36 - INFO - Epoch 868/1000, Batch 20/20, Loss: 0.0490
2025-04-22 18:37:41 - INFO - Epoch 869/1000, Batch 20/20, Loss: 0.0382
2025-04-22 18:37:46 - INFO - Epoch 870/1000, Batch 20/20, Loss: 0.0377
2025-04-22 18:37:51 - INFO - Epoch 871/1000, Batch 20/20, Loss: 0.0616
2025-04-22 18:37:55 - INFO - Epoch 872/1000, Batch 20/20, Loss: 0.0428
2025-04-22 18:38:00 - INFO - Epoch 873/1000, Batch 20/20, Loss: 0.0392
2025-04-22 18:38:05 - INFO - Epoch 874/1000, Batch 20/20, Loss: 0.0402
2025-04-22 18:38:10 - INFO - Epoch 875/1000, Batch 20/20, Loss: 0.0333
2025-04-22 18:38:15 - INFO - Epoch 876/1000, Batch 20/20, Loss: 0.0361
2025-04-22 18:38:20 - INFO - Epoch 877/1000, Batch 20/20, Loss: 0.0388
2025-04-22 18:38:25 - INFO - Epoch 878/1000, Batch 20/20, Loss: 0.0406
2025-04-22 18:38:30 - INFO - Epoch 879/1000, Batch 20/20, Loss: 0.0409
2025-04-22 18:38:34 - INFO - Epoch 880/1000, Batch 20/20, Loss: 0.0919
2025-04-22 18:38:34 - INFO - Saved checkpoint at epoch 880 at ./result/VNet/LA/Pth/model_epoch_880_checkpoint.pth
2025-04-22 18:38:39 - INFO - Epoch 881/1000, Batch 20/20, Loss: 0.0382
2025-04-22 18:38:44 - INFO - Epoch 882/1000, Batch 20/20, Loss: 0.0425
2025-04-22 18:38:49 - INFO - Epoch 883/1000, Batch 20/20, Loss: 0.0333
2025-04-22 18:38:54 - INFO - Epoch 884/1000, Batch 20/20, Loss: 0.0405
2025-04-22 18:38:59 - INFO - Epoch 885/1000, Batch 20/20, Loss: 0.0322
2025-04-22 18:39:04 - INFO - Epoch 886/1000, Batch 20/20, Loss: 0.0381
2025-04-22 18:39:09 - INFO - Epoch 887/1000, Batch 20/20, Loss: 0.0358
2025-04-22 18:39:14 - INFO - Epoch 888/1000, Batch 20/20, Loss: 0.0332
2025-04-22 18:39:19 - INFO - Epoch 889/1000, Batch 20/20, Loss: 0.0450
2025-04-22 18:39:23 - INFO - Epoch 890/1000, Batch 20/20, Loss: 0.0390
2025-04-22 18:39:28 - INFO - Epoch 891/1000, Batch 20/20, Loss: 0.0808
2025-04-22 18:39:33 - INFO - Epoch 892/1000, Batch 20/20, Loss: 0.0308
2025-04-22 18:39:38 - INFO - Epoch 893/1000, Batch 20/20, Loss: 0.0421
2025-04-22 18:39:43 - INFO - Epoch 894/1000, Batch 20/20, Loss: 0.0489
2025-04-22 18:39:48 - INFO - Epoch 895/1000, Batch 20/20, Loss: 0.0365
2025-04-22 18:39:52 - INFO - Epoch 896/1000, Batch 20/20, Loss: 0.0362
2025-04-22 18:39:57 - INFO - Epoch 897/1000, Batch 20/20, Loss: 0.0419
2025-04-22 18:40:02 - INFO - Epoch 898/1000, Batch 20/20, Loss: 0.1380
2025-04-22 18:40:07 - INFO - Epoch 899/1000, Batch 20/20, Loss: 0.0479
2025-04-22 18:40:12 - INFO - Epoch 900/1000, Batch 20/20, Loss: 0.0471
2025-04-22 18:40:12 - INFO - Saved checkpoint at epoch 900 at ./result/VNet/LA/Pth/model_epoch_900_checkpoint.pth
2025-04-22 18:40:17 - INFO - Epoch 901/1000, Batch 20/20, Loss: 0.0386
2025-04-22 18:40:22 - INFO - Epoch 902/1000, Batch 20/20, Loss: 0.0324
2025-04-22 18:40:27 - INFO - Epoch 903/1000, Batch 20/20, Loss: 0.0352
2025-04-22 18:40:31 - INFO - Epoch 904/1000, Batch 20/20, Loss: 0.0401
2025-04-22 18:40:36 - INFO - Epoch 905/1000, Batch 20/20, Loss: 0.0392
2025-04-22 18:40:41 - INFO - Epoch 906/1000, Batch 20/20, Loss: 0.0397
2025-04-22 18:40:46 - INFO - Epoch 907/1000, Batch 20/20, Loss: 0.0977
2025-04-22 18:40:51 - INFO - Epoch 908/1000, Batch 20/20, Loss: 0.0371
2025-04-22 18:40:56 - INFO - Epoch 909/1000, Batch 20/20, Loss: 0.0435
2025-04-22 18:41:01 - INFO - Epoch 910/1000, Batch 20/20, Loss: 0.0326
2025-04-22 18:41:06 - INFO - Epoch 911/1000, Batch 20/20, Loss: 0.0368
2025-04-22 18:41:11 - INFO - Epoch 912/1000, Batch 20/20, Loss: 0.0381
2025-04-22 18:41:15 - INFO - Epoch 913/1000, Batch 20/20, Loss: 0.0360
2025-04-22 18:41:20 - INFO - Epoch 914/1000, Batch 20/20, Loss: 0.0375
2025-04-22 18:41:25 - INFO - Epoch 915/1000, Batch 20/20, Loss: 0.0326
2025-04-22 18:41:30 - INFO - Epoch 916/1000, Batch 20/20, Loss: 0.0462
2025-04-22 18:41:35 - INFO - Epoch 917/1000, Batch 20/20, Loss: 0.0388
2025-04-22 18:41:40 - INFO - Epoch 918/1000, Batch 20/20, Loss: 0.0632
2025-04-22 18:41:45 - INFO - Epoch 919/1000, Batch 20/20, Loss: 0.0369
2025-04-22 18:41:49 - INFO - Epoch 920/1000, Batch 20/20, Loss: 0.0364
2025-04-22 18:41:49 - INFO - Saved checkpoint at epoch 920 at ./result/VNet/LA/Pth/model_epoch_920_checkpoint.pth
2025-04-22 18:41:54 - INFO - Epoch 921/1000, Batch 20/20, Loss: 0.0385
2025-04-22 18:41:59 - INFO - Epoch 922/1000, Batch 20/20, Loss: 0.0339
2025-04-22 18:42:04 - INFO - Epoch 923/1000, Batch 20/20, Loss: 0.0432
2025-04-22 18:42:09 - INFO - Epoch 924/1000, Batch 20/20, Loss: 0.0368
2025-04-22 18:42:14 - INFO - Epoch 925/1000, Batch 20/20, Loss: 0.0870
2025-04-22 18:42:19 - INFO - Epoch 926/1000, Batch 20/20, Loss: 0.0404
2025-04-22 18:42:24 - INFO - Epoch 927/1000, Batch 20/20, Loss: 0.0347
2025-04-22 18:42:28 - INFO - Epoch 928/1000, Batch 20/20, Loss: 0.0527
2025-04-22 18:42:33 - INFO - Epoch 929/1000, Batch 20/20, Loss: 0.0350
2025-04-22 18:42:38 - INFO - Epoch 930/1000, Batch 20/20, Loss: 0.0405
2025-04-22 18:42:43 - INFO - Epoch 931/1000, Batch 20/20, Loss: 0.0317
2025-04-22 18:42:48 - INFO - Epoch 932/1000, Batch 20/20, Loss: 0.0459
2025-04-22 18:42:53 - INFO - Epoch 933/1000, Batch 20/20, Loss: 0.0346
2025-04-22 18:42:58 - INFO - Epoch 934/1000, Batch 20/20, Loss: 0.0412
2025-04-22 18:43:02 - INFO - Epoch 935/1000, Batch 20/20, Loss: 0.0548
2025-04-22 18:43:07 - INFO - Epoch 936/1000, Batch 20/20, Loss: 0.0558
2025-04-22 18:43:12 - INFO - Epoch 937/1000, Batch 20/20, Loss: 0.0418
2025-04-22 18:43:17 - INFO - Epoch 938/1000, Batch 20/20, Loss: 0.0364
2025-04-22 18:43:22 - INFO - Epoch 939/1000, Batch 20/20, Loss: 0.0378
2025-04-22 18:43:26 - INFO - Epoch 940/1000, Batch 20/20, Loss: 0.0426
2025-04-22 18:43:27 - INFO - Saved checkpoint at epoch 940 at ./result/VNet/LA/Pth/model_epoch_940_checkpoint.pth
2025-04-22 18:43:31 - INFO - Epoch 941/1000, Batch 20/20, Loss: 0.0359
2025-04-22 18:43:36 - INFO - Epoch 942/1000, Batch 20/20, Loss: 0.0402
2025-04-22 18:43:41 - INFO - Epoch 943/1000, Batch 20/20, Loss: 0.0421
2025-04-22 18:43:46 - INFO - Epoch 944/1000, Batch 20/20, Loss: 0.0263
2025-04-22 18:43:50 - INFO - Epoch 945/1000, Batch 20/20, Loss: 0.0338
2025-04-22 18:43:55 - INFO - Epoch 946/1000, Batch 20/20, Loss: 0.0364
2025-04-22 18:44:00 - INFO - Epoch 947/1000, Batch 20/20, Loss: 0.0375
2025-04-22 18:44:05 - INFO - Epoch 948/1000, Batch 20/20, Loss: 0.0635
2025-04-22 18:44:10 - INFO - Epoch 949/1000, Batch 20/20, Loss: 0.0345
2025-04-22 18:44:15 - INFO - Epoch 950/1000, Batch 20/20, Loss: 0.0332
2025-04-22 18:44:20 - INFO - Epoch 951/1000, Batch 20/20, Loss: 0.0374
2025-04-22 18:44:25 - INFO - Epoch 952/1000, Batch 20/20, Loss: 0.0327
2025-04-22 18:44:30 - INFO - Epoch 953/1000, Batch 20/20, Loss: 0.0759
2025-04-22 18:44:34 - INFO - Epoch 954/1000, Batch 20/20, Loss: 0.0469
2025-04-22 18:44:39 - INFO - Epoch 955/1000, Batch 20/20, Loss: 0.0382
2025-04-22 18:44:44 - INFO - Epoch 956/1000, Batch 20/20, Loss: 0.0322
2025-04-22 18:44:49 - INFO - Epoch 957/1000, Batch 20/20, Loss: 0.0343
2025-04-22 18:44:54 - INFO - Epoch 958/1000, Batch 20/20, Loss: 0.0368
2025-04-22 18:44:59 - INFO - Epoch 959/1000, Batch 20/20, Loss: 0.0462
2025-04-22 18:45:04 - INFO - Epoch 960/1000, Batch 20/20, Loss: 0.0465
2025-04-22 18:45:04 - INFO - Saved checkpoint at epoch 960 at ./result/VNet/LA/Pth/model_epoch_960_checkpoint.pth
2025-04-22 18:45:09 - INFO - Epoch 961/1000, Batch 20/20, Loss: 0.0382
2025-04-22 18:45:14 - INFO - Epoch 962/1000, Batch 20/20, Loss: 0.0404
2025-04-22 18:45:18 - INFO - Epoch 963/1000, Batch 20/20, Loss: 0.0426
2025-04-22 18:45:23 - INFO - Epoch 964/1000, Batch 20/20, Loss: 0.0309
2025-04-22 18:45:28 - INFO - Epoch 965/1000, Batch 20/20, Loss: 0.0455
2025-04-22 18:45:33 - INFO - Epoch 966/1000, Batch 20/20, Loss: 0.0396
2025-04-22 18:45:37 - INFO - Epoch 967/1000, Batch 20/20, Loss: 0.0321
2025-04-22 18:45:42 - INFO - Epoch 968/1000, Batch 20/20, Loss: 0.0421
2025-04-22 18:45:47 - INFO - Epoch 969/1000, Batch 20/20, Loss: 0.0359
2025-04-22 18:45:52 - INFO - Epoch 970/1000, Batch 20/20, Loss: 0.0360
2025-04-22 18:45:57 - INFO - Epoch 971/1000, Batch 20/20, Loss: 0.1123
2025-04-22 18:46:01 - INFO - Epoch 972/1000, Batch 20/20, Loss: 0.0327
2025-04-22 18:46:06 - INFO - Epoch 973/1000, Batch 20/20, Loss: 0.0437
2025-04-22 18:46:11 - INFO - Epoch 974/1000, Batch 20/20, Loss: 0.0287
2025-04-22 18:46:16 - INFO - Epoch 975/1000, Batch 20/20, Loss: 0.0311
2025-04-22 18:46:21 - INFO - Epoch 976/1000, Batch 20/20, Loss: 0.0433
2025-04-22 18:46:25 - INFO - Epoch 977/1000, Batch 20/20, Loss: 0.0358
2025-04-22 18:46:30 - INFO - Epoch 978/1000, Batch 20/20, Loss: 0.0263
2025-04-22 18:46:35 - INFO - Epoch 979/1000, Batch 20/20, Loss: 0.0359
2025-04-22 18:46:40 - INFO - Epoch 980/1000, Batch 20/20, Loss: 0.0402
2025-04-22 18:46:40 - INFO - Saved checkpoint at epoch 980 at ./result/VNet/LA/Pth/model_epoch_980_checkpoint.pth
2025-04-22 18:46:45 - INFO - Epoch 981/1000, Batch 20/20, Loss: 0.0346
2025-04-22 18:46:50 - INFO - Epoch 982/1000, Batch 20/20, Loss: 0.0317
2025-04-22 18:46:55 - INFO - Epoch 983/1000, Batch 20/20, Loss: 0.0352
2025-04-22 18:47:00 - INFO - Epoch 984/1000, Batch 20/20, Loss: 0.0384
2025-04-22 18:47:05 - INFO - Epoch 985/1000, Batch 20/20, Loss: 0.0418
2025-04-22 18:47:09 - INFO - Epoch 986/1000, Batch 20/20, Loss: 0.0931
2025-04-22 18:47:14 - INFO - Epoch 987/1000, Batch 20/20, Loss: 0.0346
2025-04-22 18:47:19 - INFO - Epoch 988/1000, Batch 20/20, Loss: 0.0352
2025-04-22 18:47:24 - INFO - Epoch 989/1000, Batch 20/20, Loss: 0.0306
2025-04-22 18:47:29 - INFO - Epoch 990/1000, Batch 20/20, Loss: 0.0370
2025-04-22 18:47:34 - INFO - Epoch 991/1000, Batch 20/20, Loss: 0.0434
2025-04-22 18:47:39 - INFO - Epoch 992/1000, Batch 20/20, Loss: 0.0387
2025-04-22 18:47:44 - INFO - Epoch 993/1000, Batch 20/20, Loss: 0.0346
2025-04-22 18:47:48 - INFO - Epoch 994/1000, Batch 20/20, Loss: 0.0321
2025-04-22 18:47:53 - INFO - Epoch 995/1000, Batch 20/20, Loss: 0.0369
2025-04-22 18:47:58 - INFO - Epoch 996/1000, Batch 20/20, Loss: 0.0335
2025-04-22 18:48:03 - INFO - Epoch 997/1000, Batch 20/20, Loss: 0.0347
2025-04-22 18:48:08 - INFO - Epoch 998/1000, Batch 20/20, Loss: 0.0558
2025-04-22 18:48:13 - INFO - Epoch 999/1000, Batch 20/20, Loss: 0.0321
2025-04-22 18:48:18 - INFO - Epoch 1000/1000, Batch 20/20, Loss: 0.0328
2025-04-22 18:48:18 - INFO - Saved checkpoint at epoch 1000 at ./result/VNet/LA/Pth/model_epoch_1000_checkpoint.pth
2025-04-22 18:48:18 - INFO - Training complete!
