2025-04-29 01:37:26 - INFO - Logging is set up.
2025-04-29 01:37:26 - INFO - 训练配置参数:
{'seed': 42, 'epochs': 1000, 'batch_size': 5, 'num_classes': 2, 'learning_rate': 0.001, 'dataset_path': './datasets/LA', 'log_path': './result/SAM3D_VNet_SSL/LA_16_SemiSupervised_FrozenEncoder/Training.log', 'pth_path': './result/SAM3D_VNet_SSL/LA_16_SemiSupervised_FrozenEncoder/Pth', 'tensorboard_path': './result/SAM3D_VNet_SSL/LA_16_SemiSupervised_FrozenEncoder/Train', 'continue_train': False, 'multi_gpu': True, 'training_label_num': 16, 'training_unlabel_num': 64, 'label_bs': 1, 'unlabel_bs': 4, 'consistency_weight': 0.3, 'pretrained_weights': None}
2025-04-29 01:37:29 - INFO - 使用 2 个GPU
2025-04-29 01:37:29 - INFO - 模型总参数: 115,813,347
2025-04-29 01:37:29 - INFO - 可训练参数: 40,692,963
2025-04-29 01:38:00 - INFO - Epoch 1/1000, Loss: 0.5482, Dice: 0.5406, MSE: 0.0254
2025-04-29 01:38:29 - INFO - Epoch 2/1000, Loss: 0.5085, Dice: 0.5039, MSE: 0.0154
2025-04-29 01:38:58 - INFO - Epoch 3/1000, Loss: 0.4536, Dice: 0.4504, MSE: 0.0107
2025-04-29 01:39:27 - INFO - Epoch 4/1000, Loss: 0.4206, Dice: 0.4151, MSE: 0.0184
2025-04-29 01:39:56 - INFO - Epoch 5/1000, Loss: 0.4118, Dice: 0.4054, MSE: 0.0216
2025-04-29 01:40:24 - INFO - Epoch 6/1000, Loss: 0.3749, Dice: 0.3682, MSE: 0.0225
2025-04-29 01:40:54 - INFO - Epoch 7/1000, Loss: 0.3690, Dice: 0.3624, MSE: 0.0220
2025-04-29 01:41:23 - INFO - Epoch 8/1000, Loss: 0.3743, Dice: 0.3402, MSE: 0.1137
2025-04-29 01:41:49 - INFO - Epoch 9/1000, Loss: 0.3705, Dice: 0.3296, MSE: 0.1364
2025-04-29 01:42:15 - INFO - Epoch 10/1000, Loss: 0.3593, Dice: 0.3189, MSE: 0.1346
2025-04-29 01:42:43 - INFO - Epoch 11/1000, Loss: 0.3482, Dice: 0.3067, MSE: 0.1384
2025-04-29 01:43:11 - INFO - Epoch 12/1000, Loss: 0.3326, Dice: 0.2953, MSE: 0.1243
2025-04-29 01:43:40 - INFO - Epoch 13/1000, Loss: 0.3069, Dice: 0.2672, MSE: 0.1325
2025-04-29 01:44:09 - INFO - Epoch 14/1000, Loss: 0.2923, Dice: 0.2515, MSE: 0.1360
2025-04-29 01:44:37 - INFO - Epoch 15/1000, Loss: 0.3239, Dice: 0.2829, MSE: 0.1365
2025-04-29 01:45:06 - INFO - Epoch 16/1000, Loss: 0.3187, Dice: 0.2803, MSE: 0.1280
2025-04-29 01:45:34 - INFO - Epoch 17/1000, Loss: 0.3071, Dice: 0.2719, MSE: 0.1172
2025-04-29 01:46:02 - INFO - Epoch 18/1000, Loss: 0.3111, Dice: 0.2738, MSE: 0.1244
2025-04-29 01:46:30 - INFO - Epoch 19/1000, Loss: 0.2758, Dice: 0.2444, MSE: 0.1049
2025-04-29 01:46:58 - INFO - Epoch 20/1000, Loss: 0.2837, Dice: 0.2523, MSE: 0.1046
2025-04-29 01:46:59 - INFO - 模型已保存至: epoch_20.pth
2025-04-29 01:47:25 - INFO - Epoch 21/1000, Loss: 0.2654, Dice: 0.2352, MSE: 0.1008
2025-04-29 01:47:53 - INFO - Epoch 22/1000, Loss: 0.2761, Dice: 0.2453, MSE: 0.1029
2025-04-29 01:48:21 - INFO - Epoch 23/1000, Loss: 0.2644, Dice: 0.2298, MSE: 0.1153
2025-04-29 01:48:49 - INFO - Epoch 24/1000, Loss: 0.2705, Dice: 0.2384, MSE: 0.1072
2025-04-29 01:49:18 - INFO - Epoch 25/1000, Loss: 0.2629, Dice: 0.2292, MSE: 0.1121
2025-04-29 01:49:46 - INFO - Epoch 26/1000, Loss: 0.2597, Dice: 0.2276, MSE: 0.1070
2025-04-29 01:50:15 - INFO - Epoch 27/1000, Loss: 0.2365, Dice: 0.2018, MSE: 0.1157
2025-04-29 01:50:43 - INFO - Epoch 28/1000, Loss: 0.2508, Dice: 0.2159, MSE: 0.1161
2025-04-29 01:51:12 - INFO - Epoch 29/1000, Loss: 0.2666, Dice: 0.2360, MSE: 0.1019
2025-04-29 01:51:41 - INFO - Epoch 30/1000, Loss: 0.2776, Dice: 0.2429, MSE: 0.1155
2025-04-29 01:52:10 - INFO - Epoch 31/1000, Loss: 0.2901, Dice: 0.2524, MSE: 0.1259
2025-04-29 01:52:38 - INFO - Epoch 32/1000, Loss: 0.2546, Dice: 0.2252, MSE: 0.0981
2025-04-29 01:53:07 - INFO - Epoch 33/1000, Loss: 0.2867, Dice: 0.2582, MSE: 0.0949
2025-04-29 01:53:36 - INFO - Epoch 34/1000, Loss: 0.2489, Dice: 0.2162, MSE: 0.1088
2025-04-29 01:54:00 - INFO - Epoch 35/1000, Loss: 0.2408, Dice: 0.2086, MSE: 0.1073
2025-04-29 01:54:28 - INFO - Epoch 36/1000, Loss: 0.2762, Dice: 0.2427, MSE: 0.1114
2025-04-29 01:54:56 - INFO - Epoch 37/1000, Loss: 0.2622, Dice: 0.2288, MSE: 0.1115
2025-04-29 01:55:25 - INFO - Epoch 38/1000, Loss: 0.2371, Dice: 0.2076, MSE: 0.0981
2025-04-29 01:55:53 - INFO - Epoch 39/1000, Loss: 0.2545, Dice: 0.2230, MSE: 0.1049
2025-04-29 01:56:21 - INFO - Epoch 40/1000, Loss: 0.2200, Dice: 0.1897, MSE: 0.1012
2025-04-29 01:56:22 - INFO - 模型已保存至: epoch_40.pth
2025-04-29 01:56:50 - INFO - Epoch 41/1000, Loss: 0.2225, Dice: 0.1893, MSE: 0.1104
2025-04-29 01:57:19 - INFO - Epoch 42/1000, Loss: 0.2446, Dice: 0.2116, MSE: 0.1103
2025-04-29 01:57:47 - INFO - Epoch 43/1000, Loss: 0.2371, Dice: 0.2067, MSE: 0.1015
2025-04-29 01:58:15 - INFO - Epoch 44/1000, Loss: 0.2302, Dice: 0.1979, MSE: 0.1077
2025-04-29 01:58:44 - INFO - Epoch 45/1000, Loss: 0.2446, Dice: 0.2118, MSE: 0.1093
2025-04-29 01:59:12 - INFO - Epoch 46/1000, Loss: 0.2307, Dice: 0.1985, MSE: 0.1075
2025-04-29 01:59:35 - INFO - Epoch 47/1000, Loss: 0.2343, Dice: 0.2024, MSE: 0.1064
2025-04-29 02:00:18 - INFO - Epoch 48/1000, Loss: 0.2452, Dice: 0.2127, MSE: 0.1084
2025-04-29 02:01:05 - INFO - Epoch 49/1000, Loss: 0.2275, Dice: 0.1954, MSE: 0.1068
2025-04-29 02:01:49 - INFO - Epoch 50/1000, Loss: 0.2392, Dice: 0.2080, MSE: 0.1040
2025-04-29 02:02:28 - INFO - Epoch 51/1000, Loss: 0.2589, Dice: 0.2278, MSE: 0.1037
2025-04-29 02:02:59 - INFO - Epoch 52/1000, Loss: 0.2280, Dice: 0.1993, MSE: 0.0956
2025-04-29 02:03:30 - INFO - Epoch 53/1000, Loss: 0.2433, Dice: 0.2137, MSE: 0.0986
2025-04-29 02:04:01 - INFO - Epoch 54/1000, Loss: 0.2642, Dice: 0.2359, MSE: 0.0944
2025-04-29 02:04:32 - INFO - Epoch 55/1000, Loss: 0.2356, Dice: 0.2010, MSE: 0.1154
2025-04-29 02:05:02 - INFO - Epoch 56/1000, Loss: 0.2351, Dice: 0.2028, MSE: 0.1079
2025-04-29 02:05:33 - INFO - Epoch 57/1000, Loss: 0.2216, Dice: 0.1888, MSE: 0.1093
2025-04-29 02:06:18 - INFO - Epoch 58/1000, Loss: 0.2400, Dice: 0.2083, MSE: 0.1057
2025-04-29 02:07:09 - INFO - Epoch 59/1000, Loss: 0.2386, Dice: 0.2077, MSE: 0.1030
2025-04-29 02:07:57 - INFO - Epoch 60/1000, Loss: 0.2394, Dice: 0.2086, MSE: 0.1027
2025-04-29 02:07:58 - INFO - 模型已保存至: epoch_60.pth
2025-04-29 02:08:47 - INFO - Epoch 61/1000, Loss: 0.2164, Dice: 0.1891, MSE: 0.0911
2025-04-29 02:09:37 - INFO - Epoch 62/1000, Loss: 0.2300, Dice: 0.1956, MSE: 0.1147
2025-04-29 02:10:23 - INFO - Epoch 63/1000, Loss: 0.2212, Dice: 0.1908, MSE: 0.1014
2025-04-29 02:11:08 - INFO - Epoch 64/1000, Loss: 0.2110, Dice: 0.1790, MSE: 0.1067
2025-04-29 02:11:42 - INFO - Epoch 65/1000, Loss: 0.2153, Dice: 0.1815, MSE: 0.1127
2025-04-29 02:12:15 - INFO - Epoch 66/1000, Loss: 0.2557, Dice: 0.2303, MSE: 0.0845
2025-04-29 02:12:48 - INFO - Epoch 67/1000, Loss: 0.2279, Dice: 0.1994, MSE: 0.0949
2025-04-29 02:13:21 - INFO - Epoch 68/1000, Loss: 0.1990, Dice: 0.1660, MSE: 0.1102
2025-04-29 02:13:54 - INFO - Epoch 69/1000, Loss: 0.1926, Dice: 0.1600, MSE: 0.1085
2025-04-29 02:14:27 - INFO - Epoch 70/1000, Loss: 0.1865, Dice: 0.1550, MSE: 0.1051
2025-04-29 02:15:00 - INFO - Epoch 71/1000, Loss: 0.1942, Dice: 0.1655, MSE: 0.0959
2025-04-29 02:15:32 - INFO - Epoch 72/1000, Loss: 0.2069, Dice: 0.1770, MSE: 0.0996
2025-04-29 02:15:58 - INFO - Epoch 73/1000, Loss: 0.1880, Dice: 0.1568, MSE: 0.1040
2025-04-29 02:16:31 - INFO - Epoch 74/1000, Loss: 0.1939, Dice: 0.1609, MSE: 0.1098
2025-04-29 02:17:03 - INFO - Epoch 75/1000, Loss: 0.1992, Dice: 0.1673, MSE: 0.1063
2025-04-29 02:17:35 - INFO - Epoch 76/1000, Loss: 0.1981, Dice: 0.1646, MSE: 0.1114
2025-04-29 02:18:07 - INFO - Epoch 77/1000, Loss: 0.2716, Dice: 0.2390, MSE: 0.1089
2025-04-29 02:18:38 - INFO - Epoch 78/1000, Loss: 0.2727, Dice: 0.2386, MSE: 0.1136
2025-04-29 02:19:10 - INFO - Epoch 79/1000, Loss: 0.2287, Dice: 0.1946, MSE: 0.1135
2025-04-29 02:19:42 - INFO - Epoch 80/1000, Loss: 0.2538, Dice: 0.2258, MSE: 0.0935
2025-04-29 02:19:43 - INFO - 模型已保存至: epoch_80.pth
2025-04-29 02:20:15 - INFO - Epoch 81/1000, Loss: 0.2013, Dice: 0.1690, MSE: 0.1074
2025-04-29 02:20:47 - INFO - Epoch 82/1000, Loss: 0.2235, Dice: 0.1905, MSE: 0.1099
2025-04-29 02:21:20 - INFO - Epoch 83/1000, Loss: 0.2203, Dice: 0.1884, MSE: 0.1064
2025-04-29 02:21:52 - INFO - Epoch 84/1000, Loss: 0.2233, Dice: 0.1913, MSE: 0.1066
2025-04-29 02:22:25 - INFO - Epoch 85/1000, Loss: 0.2131, Dice: 0.1821, MSE: 0.1034
2025-04-29 02:22:52 - INFO - Epoch 86/1000, Loss: 0.2105, Dice: 0.1801, MSE: 0.1013
2025-04-29 02:23:24 - INFO - Epoch 87/1000, Loss: 0.1852, Dice: 0.1569, MSE: 0.0944
2025-04-29 02:23:56 - INFO - Epoch 88/1000, Loss: 0.2049, Dice: 0.1746, MSE: 0.1011
2025-04-29 02:24:29 - INFO - Epoch 89/1000, Loss: 0.1947, Dice: 0.1659, MSE: 0.0961
2025-04-29 02:25:01 - INFO - Epoch 90/1000, Loss: 0.2075, Dice: 0.1764, MSE: 0.1039
2025-04-29 02:25:34 - INFO - Epoch 91/1000, Loss: 0.1834, Dice: 0.1510, MSE: 0.1080
2025-04-29 02:26:06 - INFO - Epoch 92/1000, Loss: 0.1886, Dice: 0.1553, MSE: 0.1112
2025-04-29 02:26:39 - INFO - Epoch 93/1000, Loss: 0.2067, Dice: 0.1746, MSE: 0.1070
2025-04-29 02:27:11 - INFO - Epoch 94/1000, Loss: 0.1657, Dice: 0.1373, MSE: 0.0944
2025-04-29 02:27:43 - INFO - Epoch 95/1000, Loss: 0.1565, Dice: 0.1247, MSE: 0.1061
2025-04-29 02:28:16 - INFO - Epoch 96/1000, Loss: 0.1947, Dice: 0.1609, MSE: 0.1124
2025-04-29 02:28:49 - INFO - Epoch 97/1000, Loss: 0.2009, Dice: 0.1707, MSE: 0.1009
2025-04-29 02:29:22 - INFO - Epoch 98/1000, Loss: 0.1843, Dice: 0.1483, MSE: 0.1201
2025-04-29 02:29:53 - INFO - Epoch 99/1000, Loss: 0.1670, Dice: 0.1351, MSE: 0.1064
2025-04-29 02:30:22 - INFO - Epoch 100/1000, Loss: 0.1839, Dice: 0.1470, MSE: 0.1229
2025-04-29 02:30:23 - INFO - 模型已保存至: epoch_100.pth
2025-04-29 02:30:56 - INFO - Epoch 101/1000, Loss: 0.1965, Dice: 0.1608, MSE: 0.1193
2025-04-29 02:31:28 - INFO - Epoch 102/1000, Loss: 0.1759, Dice: 0.1423, MSE: 0.1119
2025-04-29 02:32:00 - INFO - Epoch 103/1000, Loss: 0.1790, Dice: 0.1404, MSE: 0.1288
2025-04-29 02:32:33 - INFO - Epoch 104/1000, Loss: 0.1853, Dice: 0.1476, MSE: 0.1254
2025-04-29 02:33:05 - INFO - Epoch 105/1000, Loss: 0.1860, Dice: 0.1484, MSE: 0.1254
2025-04-29 02:33:37 - INFO - Epoch 106/1000, Loss: 0.1632, Dice: 0.1328, MSE: 0.1013
2025-04-29 02:34:10 - INFO - Epoch 107/1000, Loss: 0.1799, Dice: 0.1457, MSE: 0.1137
2025-04-29 02:34:41 - INFO - Epoch 108/1000, Loss: 0.1765, Dice: 0.1418, MSE: 0.1158
2025-04-29 02:35:12 - INFO - Epoch 109/1000, Loss: 0.1568, Dice: 0.1224, MSE: 0.1149
2025-04-29 02:35:44 - INFO - Epoch 110/1000, Loss: 0.1625, Dice: 0.1290, MSE: 0.1116
2025-04-29 02:36:15 - INFO - Epoch 111/1000, Loss: 0.2248, Dice: 0.1968, MSE: 0.0934
2025-04-29 02:36:42 - INFO - Epoch 112/1000, Loss: 0.1839, Dice: 0.1516, MSE: 0.1076
2025-04-29 02:37:13 - INFO - Epoch 113/1000, Loss: 0.1685, Dice: 0.1367, MSE: 0.1062
2025-04-29 02:37:45 - INFO - Epoch 114/1000, Loss: 0.2049, Dice: 0.1684, MSE: 0.1214
2025-04-29 02:38:18 - INFO - Epoch 115/1000, Loss: 0.1942, Dice: 0.1539, MSE: 0.1346
2025-04-29 02:38:51 - INFO - Epoch 116/1000, Loss: 0.1663, Dice: 0.1284, MSE: 0.1264
2025-04-29 02:39:23 - INFO - Epoch 117/1000, Loss: 0.1694, Dice: 0.1347, MSE: 0.1158
2025-04-29 02:39:55 - INFO - Epoch 118/1000, Loss: 0.1777, Dice: 0.1401, MSE: 0.1254
2025-04-29 02:40:28 - INFO - Epoch 119/1000, Loss: 0.1685, Dice: 0.1325, MSE: 0.1202
2025-04-29 02:41:00 - INFO - Epoch 120/1000, Loss: 0.1458, Dice: 0.1123, MSE: 0.1117
2025-04-29 02:41:01 - INFO - 模型已保存至: epoch_120.pth
2025-04-29 02:41:33 - INFO - Epoch 121/1000, Loss: 0.1607, Dice: 0.1259, MSE: 0.1157
2025-04-29 02:42:05 - INFO - Epoch 122/1000, Loss: 0.1570, Dice: 0.1223, MSE: 0.1156
2025-04-29 02:42:39 - INFO - Epoch 123/1000, Loss: 0.1622, Dice: 0.1244, MSE: 0.1261
2025-04-29 02:43:11 - INFO - Epoch 124/1000, Loss: 0.1550, Dice: 0.1188, MSE: 0.1209
2025-04-29 02:43:45 - INFO - Epoch 125/1000, Loss: 0.1531, Dice: 0.1174, MSE: 0.1191
2025-04-29 02:44:11 - INFO - Epoch 126/1000, Loss: 0.1377, Dice: 0.1030, MSE: 0.1159
2025-04-29 02:44:44 - INFO - Epoch 127/1000, Loss: 0.1388, Dice: 0.1105, MSE: 0.0943
2025-04-29 02:45:17 - INFO - Epoch 128/1000, Loss: 0.1470, Dice: 0.1202, MSE: 0.0891
2025-04-29 02:45:49 - INFO - Epoch 129/1000, Loss: 0.1507, Dice: 0.1275, MSE: 0.0772
2025-04-29 02:46:22 - INFO - Epoch 130/1000, Loss: 0.1485, Dice: 0.1277, MSE: 0.0693
2025-04-29 02:46:55 - INFO - Epoch 131/1000, Loss: 0.1112, Dice: 0.0924, MSE: 0.0624
2025-04-29 02:47:28 - INFO - Epoch 132/1000, Loss: 0.1111, Dice: 0.0946, MSE: 0.0550
2025-04-29 02:48:01 - INFO - Epoch 133/1000, Loss: 0.1223, Dice: 0.1060, MSE: 0.0544
2025-04-29 02:48:33 - INFO - Epoch 134/1000, Loss: 0.1705, Dice: 0.1547, MSE: 0.0526
2025-04-29 02:49:06 - INFO - Epoch 135/1000, Loss: 0.1421, Dice: 0.1252, MSE: 0.0566
2025-04-29 02:49:38 - INFO - Epoch 136/1000, Loss: 0.1329, Dice: 0.1146, MSE: 0.0612
2025-04-29 02:50:10 - INFO - Epoch 137/1000, Loss: 0.1354, Dice: 0.1178, MSE: 0.0588
2025-04-29 02:50:36 - INFO - Epoch 138/1000, Loss: 0.1283, Dice: 0.1100, MSE: 0.0610
2025-04-29 02:51:08 - INFO - Epoch 139/1000, Loss: 0.1601, Dice: 0.1430, MSE: 0.0571
2025-04-29 02:51:40 - INFO - Epoch 140/1000, Loss: 0.1609, Dice: 0.1445, MSE: 0.0547
2025-04-29 02:51:42 - INFO - 模型已保存至: epoch_140.pth
2025-04-29 02:52:13 - INFO - Epoch 141/1000, Loss: 0.1662, Dice: 0.1502, MSE: 0.0533
2025-04-29 02:52:45 - INFO - Epoch 142/1000, Loss: 0.1629, Dice: 0.1476, MSE: 0.0512
2025-04-29 02:53:16 - INFO - Epoch 143/1000, Loss: 0.1568, Dice: 0.1408, MSE: 0.0532
2025-04-29 02:53:48 - INFO - Epoch 144/1000, Loss: 0.1284, Dice: 0.1141, MSE: 0.0476
2025-04-29 02:54:20 - INFO - Epoch 145/1000, Loss: 0.1557, Dice: 0.1396, MSE: 0.0535
2025-04-29 02:54:52 - INFO - Epoch 146/1000, Loss: 0.1589, Dice: 0.1425, MSE: 0.0546
2025-04-29 02:55:25 - INFO - Epoch 147/1000, Loss: 0.1422, Dice: 0.1313, MSE: 0.0361
2025-04-29 02:55:58 - INFO - Epoch 148/1000, Loss: 0.1542, Dice: 0.1418, MSE: 0.0414
2025-04-29 02:56:30 - INFO - Epoch 149/1000, Loss: 0.1432, Dice: 0.1279, MSE: 0.0511
2025-04-29 02:57:02 - INFO - Epoch 150/1000, Loss: 0.1327, Dice: 0.1187, MSE: 0.0465
2025-04-29 02:57:35 - INFO - Epoch 151/1000, Loss: 0.1338, Dice: 0.1209, MSE: 0.0432
2025-04-29 02:58:05 - INFO - Epoch 152/1000, Loss: 0.1142, Dice: 0.1015, MSE: 0.0425
2025-04-29 02:58:34 - INFO - Epoch 153/1000, Loss: 0.1120, Dice: 0.0972, MSE: 0.0493
2025-04-29 02:59:07 - INFO - Epoch 154/1000, Loss: 0.1227, Dice: 0.1086, MSE: 0.0470
2025-04-29 02:59:40 - INFO - Epoch 155/1000, Loss: 0.1252, Dice: 0.1108, MSE: 0.0480
2025-04-29 03:00:13 - INFO - Epoch 156/1000, Loss: 0.1185, Dice: 0.1060, MSE: 0.0415
2025-04-29 03:00:45 - INFO - Epoch 157/1000, Loss: 0.1449, Dice: 0.1312, MSE: 0.0456
2025-04-29 03:01:17 - INFO - Epoch 158/1000, Loss: 0.1182, Dice: 0.1047, MSE: 0.0450
2025-04-29 03:01:49 - INFO - Epoch 159/1000, Loss: 0.1401, Dice: 0.1250, MSE: 0.0504
2025-04-29 03:02:23 - INFO - Epoch 160/1000, Loss: 0.1046, Dice: 0.0923, MSE: 0.0411
2025-04-29 03:02:24 - INFO - 模型已保存至: epoch_160.pth
2025-04-29 03:02:57 - INFO - Epoch 161/1000, Loss: 0.1528, Dice: 0.1408, MSE: 0.0399
2025-04-29 03:03:30 - INFO - Epoch 162/1000, Loss: 0.1244, Dice: 0.1135, MSE: 0.0363
2025-04-29 03:04:02 - INFO - Epoch 163/1000, Loss: 0.1538, Dice: 0.1430, MSE: 0.0360
2025-04-29 03:04:29 - INFO - Epoch 164/1000, Loss: 0.1057, Dice: 0.0939, MSE: 0.0393
2025-04-29 03:05:00 - INFO - Epoch 165/1000, Loss: 0.1105, Dice: 0.0969, MSE: 0.0455
2025-04-29 03:05:33 - INFO - Epoch 166/1000, Loss: 0.1012, Dice: 0.0867, MSE: 0.0481
2025-04-29 03:06:05 - INFO - Epoch 167/1000, Loss: 0.1096, Dice: 0.0961, MSE: 0.0449
2025-04-29 03:06:37 - INFO - Epoch 168/1000, Loss: 0.1100, Dice: 0.0972, MSE: 0.0429
2025-04-29 03:07:10 - INFO - Epoch 169/1000, Loss: 0.1140, Dice: 0.1015, MSE: 0.0418
2025-04-29 03:07:42 - INFO - Epoch 170/1000, Loss: 0.1332, Dice: 0.1200, MSE: 0.0439
2025-04-29 03:08:13 - INFO - Epoch 171/1000, Loss: 0.1178, Dice: 0.1056, MSE: 0.0408
2025-04-29 03:08:45 - INFO - Epoch 172/1000, Loss: 0.1134, Dice: 0.0979, MSE: 0.0517
2025-04-29 03:09:17 - INFO - Epoch 173/1000, Loss: 0.1385, Dice: 0.1247, MSE: 0.0461
2025-04-29 03:09:48 - INFO - Epoch 174/1000, Loss: 0.0987, Dice: 0.0870, MSE: 0.0389
2025-04-29 03:10:20 - INFO - Epoch 175/1000, Loss: 0.1162, Dice: 0.1022, MSE: 0.0468
2025-04-29 03:10:52 - INFO - Epoch 176/1000, Loss: 0.1218, Dice: 0.1088, MSE: 0.0436
2025-04-29 03:11:23 - INFO - Epoch 177/1000, Loss: 0.1239, Dice: 0.1119, MSE: 0.0401
2025-04-29 03:11:56 - INFO - Epoch 178/1000, Loss: 0.1354, Dice: 0.1235, MSE: 0.0395
2025-04-29 03:12:21 - INFO - Epoch 179/1000, Loss: 0.0960, Dice: 0.0825, MSE: 0.0451
2025-04-29 03:12:53 - INFO - Epoch 180/1000, Loss: 0.1050, Dice: 0.0917, MSE: 0.0443
2025-04-29 03:12:54 - INFO - 模型已保存至: epoch_180.pth
2025-04-29 03:13:27 - INFO - Epoch 181/1000, Loss: 0.1244, Dice: 0.1116, MSE: 0.0424
2025-04-29 03:13:59 - INFO - Epoch 182/1000, Loss: 0.1247, Dice: 0.1090, MSE: 0.0522
2025-04-29 03:14:30 - INFO - Epoch 183/1000, Loss: 0.1347, Dice: 0.1233, MSE: 0.0380
2025-04-29 03:15:02 - INFO - Epoch 184/1000, Loss: 0.1149, Dice: 0.1047, MSE: 0.0341
2025-04-29 03:15:35 - INFO - Epoch 185/1000, Loss: 0.1116, Dice: 0.1001, MSE: 0.0385
2025-04-29 03:16:08 - INFO - Epoch 186/1000, Loss: 0.0940, Dice: 0.0813, MSE: 0.0426
2025-04-29 03:16:41 - INFO - Epoch 187/1000, Loss: 0.1122, Dice: 0.0977, MSE: 0.0482
2025-04-29 03:17:14 - INFO - Epoch 188/1000, Loss: 0.1250, Dice: 0.1118, MSE: 0.0439
2025-04-29 03:17:46 - INFO - Epoch 189/1000, Loss: 0.1083, Dice: 0.0949, MSE: 0.0447
2025-04-29 03:18:14 - INFO - Epoch 190/1000, Loss: 0.1060, Dice: 0.0922, MSE: 0.0461
2025-04-29 03:18:46 - INFO - Epoch 191/1000, Loss: 0.1008, Dice: 0.0882, MSE: 0.0418
2025-04-29 03:19:18 - INFO - Epoch 192/1000, Loss: 0.0898, Dice: 0.0761, MSE: 0.0457
2025-04-29 03:19:51 - INFO - Epoch 193/1000, Loss: 0.1182, Dice: 0.1061, MSE: 0.0402
2025-04-29 03:20:23 - INFO - Epoch 194/1000, Loss: 0.1117, Dice: 0.0981, MSE: 0.0452
2025-04-29 03:20:56 - INFO - Epoch 195/1000, Loss: 0.0972, Dice: 0.0831, MSE: 0.0471
2025-04-29 03:21:28 - INFO - Epoch 196/1000, Loss: 0.1183, Dice: 0.1041, MSE: 0.0473
2025-04-29 03:22:00 - INFO - Epoch 197/1000, Loss: 0.1224, Dice: 0.1076, MSE: 0.0493
2025-04-29 03:22:33 - INFO - Epoch 198/1000, Loss: 0.0981, Dice: 0.0853, MSE: 0.0429
2025-04-29 03:23:05 - INFO - Epoch 199/1000, Loss: 0.0927, Dice: 0.0795, MSE: 0.0438
2025-04-29 03:23:37 - INFO - Epoch 200/1000, Loss: 0.1075, Dice: 0.0949, MSE: 0.0418
2025-04-29 03:23:38 - INFO - 模型已保存至: epoch_200.pth
2025-04-29 03:24:10 - INFO - Epoch 201/1000, Loss: 0.1024, Dice: 0.0906, MSE: 0.0391
2025-04-29 03:24:41 - INFO - Epoch 202/1000, Loss: 0.1147, Dice: 0.1020, MSE: 0.0425
2025-04-29 03:25:13 - INFO - Epoch 203/1000, Loss: 0.1109, Dice: 0.0981, MSE: 0.0426
2025-04-29 03:25:44 - INFO - Epoch 204/1000, Loss: 0.0982, Dice: 0.0854, MSE: 0.0429
2025-04-29 03:26:13 - INFO - Epoch 205/1000, Loss: 0.1165, Dice: 0.1033, MSE: 0.0440
2025-04-29 03:26:42 - INFO - Epoch 206/1000, Loss: 0.1033, Dice: 0.0914, MSE: 0.0399
2025-04-29 03:27:13 - INFO - Epoch 207/1000, Loss: 0.0995, Dice: 0.0875, MSE: 0.0400
2025-04-29 03:27:44 - INFO - Epoch 208/1000, Loss: 0.0979, Dice: 0.0840, MSE: 0.0461
2025-04-29 03:28:17 - INFO - Epoch 209/1000, Loss: 0.1105, Dice: 0.0977, MSE: 0.0426
2025-04-29 03:28:49 - INFO - Epoch 210/1000, Loss: 0.0991, Dice: 0.0868, MSE: 0.0409
2025-04-29 03:29:21 - INFO - Epoch 211/1000, Loss: 0.0973, Dice: 0.0870, MSE: 0.0344
2025-04-29 03:29:53 - INFO - Epoch 212/1000, Loss: 0.1259, Dice: 0.1131, MSE: 0.0426
2025-04-29 03:30:25 - INFO - Epoch 213/1000, Loss: 0.1144, Dice: 0.1038, MSE: 0.0353
2025-04-29 03:30:58 - INFO - Epoch 214/1000, Loss: 0.1542, Dice: 0.1428, MSE: 0.0382
2025-04-29 03:31:30 - INFO - Epoch 215/1000, Loss: 0.0979, Dice: 0.0856, MSE: 0.0411
2025-04-29 03:32:01 - INFO - Epoch 216/1000, Loss: 0.1334, Dice: 0.1213, MSE: 0.0404
2025-04-29 03:32:31 - INFO - Epoch 217/1000, Loss: 0.1051, Dice: 0.0928, MSE: 0.0412
2025-04-29 03:33:04 - INFO - Epoch 218/1000, Loss: 0.1188, Dice: 0.1063, MSE: 0.0417
2025-04-29 03:33:37 - INFO - Epoch 219/1000, Loss: 0.1243, Dice: 0.1121, MSE: 0.0405
2025-04-29 03:34:09 - INFO - Epoch 220/1000, Loss: 0.0989, Dice: 0.0864, MSE: 0.0417
2025-04-29 03:34:10 - INFO - 模型已保存至: epoch_220.pth
2025-04-29 03:34:42 - INFO - Epoch 221/1000, Loss: 0.0940, Dice: 0.0822, MSE: 0.0391
2025-04-29 03:35:14 - INFO - Epoch 222/1000, Loss: 0.1082, Dice: 0.0962, MSE: 0.0399
2025-04-29 03:35:47 - INFO - Epoch 223/1000, Loss: 0.0900, Dice: 0.0782, MSE: 0.0394
2025-04-29 03:36:20 - INFO - Epoch 224/1000, Loss: 0.0908, Dice: 0.0791, MSE: 0.0390
2025-04-29 03:36:52 - INFO - Epoch 225/1000, Loss: 0.1201, Dice: 0.1063, MSE: 0.0459
2025-04-29 03:37:25 - INFO - Epoch 226/1000, Loss: 0.0915, Dice: 0.0777, MSE: 0.0462
2025-04-29 03:37:57 - INFO - Epoch 227/1000, Loss: 0.0966, Dice: 0.0833, MSE: 0.0442
2025-04-29 03:38:29 - INFO - Epoch 228/1000, Loss: 0.1126, Dice: 0.0989, MSE: 0.0456
2025-04-29 03:39:02 - INFO - Epoch 229/1000, Loss: 0.0890, Dice: 0.0760, MSE: 0.0432
2025-04-29 03:39:34 - INFO - Epoch 230/1000, Loss: 0.0892, Dice: 0.0763, MSE: 0.0429
2025-04-29 03:40:07 - INFO - Epoch 231/1000, Loss: 0.0842, Dice: 0.0707, MSE: 0.0448
2025-04-29 03:40:33 - INFO - Epoch 232/1000, Loss: 0.0949, Dice: 0.0818, MSE: 0.0437
2025-04-29 03:41:05 - INFO - Epoch 233/1000, Loss: 0.0953, Dice: 0.0836, MSE: 0.0391
2025-04-29 03:41:36 - INFO - Epoch 234/1000, Loss: 0.1015, Dice: 0.0893, MSE: 0.0408
2025-04-29 03:42:08 - INFO - Epoch 235/1000, Loss: 0.1003, Dice: 0.0885, MSE: 0.0392
2025-04-29 03:42:40 - INFO - Epoch 236/1000, Loss: 0.1069, Dice: 0.0948, MSE: 0.0403
2025-04-29 03:43:11 - INFO - Epoch 237/1000, Loss: 0.0970, Dice: 0.0841, MSE: 0.0430
2025-04-29 03:43:43 - INFO - Epoch 238/1000, Loss: 0.1545, Dice: 0.1413, MSE: 0.0438
2025-04-29 03:44:14 - INFO - Epoch 239/1000, Loss: 0.1426, Dice: 0.1316, MSE: 0.0368
2025-04-29 03:44:47 - INFO - Epoch 240/1000, Loss: 0.1266, Dice: 0.1141, MSE: 0.0416
2025-04-29 03:44:48 - INFO - 模型已保存至: epoch_240.pth
2025-04-29 03:45:20 - INFO - Epoch 241/1000, Loss: 0.1151, Dice: 0.1032, MSE: 0.0396
2025-04-29 03:45:53 - INFO - Epoch 242/1000, Loss: 0.1181, Dice: 0.1050, MSE: 0.0436
2025-04-29 03:46:19 - INFO - Epoch 243/1000, Loss: 0.1052, Dice: 0.0936, MSE: 0.0387
2025-04-29 03:46:51 - INFO - Epoch 244/1000, Loss: 0.1484, Dice: 0.1371, MSE: 0.0376
2025-04-29 03:47:24 - INFO - Epoch 245/1000, Loss: 0.1251, Dice: 0.1100, MSE: 0.0504
2025-04-29 03:47:56 - INFO - Epoch 246/1000, Loss: 0.1149, Dice: 0.1024, MSE: 0.0417
2025-04-29 03:48:29 - INFO - Epoch 247/1000, Loss: 0.0956, Dice: 0.0829, MSE: 0.0422
2025-04-29 03:49:01 - INFO - Epoch 248/1000, Loss: 0.0995, Dice: 0.0873, MSE: 0.0406
2025-04-29 03:49:35 - INFO - Epoch 249/1000, Loss: 0.1073, Dice: 0.0954, MSE: 0.0396
2025-04-29 03:50:08 - INFO - Epoch 250/1000, Loss: 0.0963, Dice: 0.0841, MSE: 0.0407
2025-04-29 03:50:40 - INFO - Epoch 251/1000, Loss: 0.0859, Dice: 0.0735, MSE: 0.0412
2025-04-29 03:51:12 - INFO - Epoch 252/1000, Loss: 0.0800, Dice: 0.0676, MSE: 0.0415
2025-04-29 03:51:45 - INFO - Epoch 253/1000, Loss: 0.0963, Dice: 0.0826, MSE: 0.0458
2025-04-29 03:52:18 - INFO - Epoch 254/1000, Loss: 0.1293, Dice: 0.1157, MSE: 0.0453
2025-04-29 03:52:50 - INFO - Epoch 255/1000, Loss: 0.1193, Dice: 0.1062, MSE: 0.0438
2025-04-29 03:53:24 - INFO - Epoch 256/1000, Loss: 0.1327, Dice: 0.1221, MSE: 0.0354
2025-04-29 03:53:57 - INFO - Epoch 257/1000, Loss: 0.1332, Dice: 0.1231, MSE: 0.0338
2025-04-29 03:54:26 - INFO - Epoch 258/1000, Loss: 0.0904, Dice: 0.0788, MSE: 0.0384
2025-04-29 03:54:55 - INFO - Epoch 259/1000, Loss: 0.1035, Dice: 0.0922, MSE: 0.0377
2025-04-29 03:55:27 - INFO - Epoch 260/1000, Loss: 0.0971, Dice: 0.0837, MSE: 0.0447
2025-04-29 03:55:28 - INFO - 模型已保存至: epoch_260.pth
2025-04-29 03:56:00 - INFO - Epoch 261/1000, Loss: 0.0885, Dice: 0.0764, MSE: 0.0404
2025-04-29 03:56:33 - INFO - Epoch 262/1000, Loss: 0.0881, Dice: 0.0759, MSE: 0.0409
2025-04-29 03:57:05 - INFO - Epoch 263/1000, Loss: 0.0753, Dice: 0.0628, MSE: 0.0415
2025-04-29 03:57:37 - INFO - Epoch 264/1000, Loss: 0.0787, Dice: 0.0669, MSE: 0.0395
2025-04-29 03:58:09 - INFO - Epoch 265/1000, Loss: 0.0879, Dice: 0.0758, MSE: 0.0404
2025-04-29 03:58:41 - INFO - Epoch 266/1000, Loss: 0.1322, Dice: 0.1192, MSE: 0.0432
2025-04-29 03:59:12 - INFO - Epoch 267/1000, Loss: 0.1243, Dice: 0.1119, MSE: 0.0410
2025-04-29 03:59:44 - INFO - Epoch 268/1000, Loss: 0.1303, Dice: 0.1191, MSE: 0.0372
2025-04-29 04:00:12 - INFO - Epoch 269/1000, Loss: 0.0844, Dice: 0.0742, MSE: 0.0341
2025-04-29 04:00:42 - INFO - Epoch 270/1000, Loss: 0.1166, Dice: 0.1055, MSE: 0.0371
2025-04-29 04:01:14 - INFO - Epoch 271/1000, Loss: 0.0968, Dice: 0.0847, MSE: 0.0401
2025-04-29 04:01:46 - INFO - Epoch 272/1000, Loss: 0.0943, Dice: 0.0820, MSE: 0.0410
2025-04-29 04:02:18 - INFO - Epoch 273/1000, Loss: 0.0971, Dice: 0.0845, MSE: 0.0419
2025-04-29 04:02:51 - INFO - Epoch 274/1000, Loss: 0.0864, Dice: 0.0736, MSE: 0.0428
2025-04-29 04:03:23 - INFO - Epoch 275/1000, Loss: 0.0962, Dice: 0.0839, MSE: 0.0410
2025-04-29 04:03:56 - INFO - Epoch 276/1000, Loss: 0.0890, Dice: 0.0757, MSE: 0.0442
2025-04-29 04:04:28 - INFO - Epoch 277/1000, Loss: 0.1093, Dice: 0.0971, MSE: 0.0407
2025-04-29 04:05:01 - INFO - Epoch 278/1000, Loss: 0.0788, Dice: 0.0679, MSE: 0.0363
2025-04-29 04:05:33 - INFO - Epoch 279/1000, Loss: 0.0875, Dice: 0.0748, MSE: 0.0423
2025-04-29 04:06:06 - INFO - Epoch 280/1000, Loss: 0.0744, Dice: 0.0608, MSE: 0.0453
2025-04-29 04:06:07 - INFO - 模型已保存至: epoch_280.pth
2025-04-29 04:06:40 - INFO - Epoch 281/1000, Loss: 0.0765, Dice: 0.0632, MSE: 0.0443
2025-04-29 04:07:13 - INFO - Epoch 282/1000, Loss: 0.0892, Dice: 0.0771, MSE: 0.0403
2025-04-29 04:07:45 - INFO - Epoch 283/1000, Loss: 0.0883, Dice: 0.0765, MSE: 0.0393
2025-04-29 04:08:18 - INFO - Epoch 284/1000, Loss: 0.0957, Dice: 0.0837, MSE: 0.0401
2025-04-29 04:08:52 - INFO - Epoch 285/1000, Loss: 0.0936, Dice: 0.0808, MSE: 0.0427
2025-04-29 04:09:29 - INFO - Epoch 286/1000, Loss: 0.0820, Dice: 0.0709, MSE: 0.0369
2025-04-29 04:10:05 - INFO - Epoch 287/1000, Loss: 0.0843, Dice: 0.0729, MSE: 0.0379
2025-04-29 04:10:41 - INFO - Epoch 288/1000, Loss: 0.0689, Dice: 0.0563, MSE: 0.0422
2025-04-29 04:11:18 - INFO - Epoch 289/1000, Loss: 0.0863, Dice: 0.0731, MSE: 0.0439
2025-04-29 04:11:54 - INFO - Epoch 290/1000, Loss: 0.0815, Dice: 0.0671, MSE: 0.0479
2025-04-29 04:12:30 - INFO - Epoch 291/1000, Loss: 0.0820, Dice: 0.0693, MSE: 0.0422
2025-04-29 04:13:06 - INFO - Epoch 292/1000, Loss: 0.0815, Dice: 0.0691, MSE: 0.0413
2025-04-29 04:13:41 - INFO - Epoch 293/1000, Loss: 0.0810, Dice: 0.0685, MSE: 0.0414
2025-04-29 04:14:16 - INFO - Epoch 294/1000, Loss: 0.0712, Dice: 0.0596, MSE: 0.0388
2025-04-29 04:14:49 - INFO - Epoch 295/1000, Loss: 0.0767, Dice: 0.0652, MSE: 0.0385
2025-04-29 04:15:20 - INFO - Epoch 296/1000, Loss: 0.0775, Dice: 0.0641, MSE: 0.0447
2025-04-29 04:15:52 - INFO - Epoch 297/1000, Loss: 0.0745, Dice: 0.0617, MSE: 0.0428
2025-04-29 04:16:23 - INFO - Epoch 298/1000, Loss: 0.0920, Dice: 0.0804, MSE: 0.0387
2025-04-29 04:16:55 - INFO - Epoch 299/1000, Loss: 0.0858, Dice: 0.0749, MSE: 0.0361
2025-04-29 04:17:28 - INFO - Epoch 300/1000, Loss: 0.0788, Dice: 0.0666, MSE: 0.0407
2025-04-29 04:17:29 - INFO - 模型已保存至: epoch_300.pth
2025-04-29 04:18:02 - INFO - Epoch 301/1000, Loss: 0.0850, Dice: 0.0738, MSE: 0.0372
2025-04-29 04:18:34 - INFO - Epoch 302/1000, Loss: 0.0892, Dice: 0.0764, MSE: 0.0425
2025-04-29 04:19:06 - INFO - Epoch 303/1000, Loss: 0.0806, Dice: 0.0685, MSE: 0.0401
2025-04-29 04:19:39 - INFO - Epoch 304/1000, Loss: 0.1118, Dice: 0.1006, MSE: 0.0374
2025-04-29 04:20:11 - INFO - Epoch 305/1000, Loss: 0.0998, Dice: 0.0876, MSE: 0.0407
2025-04-29 04:20:44 - INFO - Epoch 306/1000, Loss: 0.0790, Dice: 0.0673, MSE: 0.0390
2025-04-29 04:21:17 - INFO - Epoch 307/1000, Loss: 0.0806, Dice: 0.0683, MSE: 0.0412
2025-04-29 04:21:49 - INFO - Epoch 308/1000, Loss: 0.0740, Dice: 0.0624, MSE: 0.0387
2025-04-29 04:22:22 - INFO - Epoch 309/1000, Loss: 0.0725, Dice: 0.0596, MSE: 0.0429
2025-04-29 04:22:57 - INFO - Epoch 310/1000, Loss: 0.1001, Dice: 0.0878, MSE: 0.0410
2025-04-29 04:23:38 - INFO - Epoch 311/1000, Loss: 0.0788, Dice: 0.0654, MSE: 0.0446
2025-04-29 04:24:19 - INFO - Epoch 312/1000, Loss: 0.0748, Dice: 0.0622, MSE: 0.0420
2025-04-29 04:25:00 - INFO - Epoch 313/1000, Loss: 0.0851, Dice: 0.0710, MSE: 0.0470
2025-04-29 04:25:41 - INFO - Epoch 314/1000, Loss: 0.0667, Dice: 0.0538, MSE: 0.0429
2025-04-29 04:26:22 - INFO - Epoch 315/1000, Loss: 0.0875, Dice: 0.0748, MSE: 0.0424
2025-04-29 04:27:04 - INFO - Epoch 316/1000, Loss: 0.1075, Dice: 0.0940, MSE: 0.0450
2025-04-29 04:27:45 - INFO - Epoch 317/1000, Loss: 0.0864, Dice: 0.0745, MSE: 0.0396
2025-04-29 04:28:25 - INFO - Epoch 318/1000, Loss: 0.0700, Dice: 0.0576, MSE: 0.0412
2025-04-29 04:29:07 - INFO - Epoch 319/1000, Loss: 0.0786, Dice: 0.0660, MSE: 0.0420
2025-04-29 04:29:44 - INFO - Epoch 320/1000, Loss: 0.1047, Dice: 0.0927, MSE: 0.0398
2025-04-29 04:29:46 - INFO - 模型已保存至: epoch_320.pth
2025-04-29 04:30:23 - INFO - Epoch 321/1000, Loss: 0.0929, Dice: 0.0822, MSE: 0.0359
2025-04-29 04:31:04 - INFO - Epoch 322/1000, Loss: 0.0803, Dice: 0.0694, MSE: 0.0365
2025-04-29 04:31:45 - INFO - Epoch 323/1000, Loss: 0.0915, Dice: 0.0789, MSE: 0.0421
2025-04-29 04:32:18 - INFO - Epoch 324/1000, Loss: 0.0856, Dice: 0.0731, MSE: 0.0416
2025-04-29 04:32:49 - INFO - Epoch 325/1000, Loss: 0.0880, Dice: 0.0743, MSE: 0.0454
2025-04-29 04:33:20 - INFO - Epoch 326/1000, Loss: 0.0809, Dice: 0.0686, MSE: 0.0411
2025-04-29 04:33:52 - INFO - Epoch 327/1000, Loss: 0.0761, Dice: 0.0626, MSE: 0.0451
2025-04-29 04:34:24 - INFO - Epoch 328/1000, Loss: 0.0796, Dice: 0.0667, MSE: 0.0429
2025-04-29 04:34:55 - INFO - Epoch 329/1000, Loss: 0.0788, Dice: 0.0669, MSE: 0.0397
2025-04-29 04:35:27 - INFO - Epoch 330/1000, Loss: 0.0813, Dice: 0.0675, MSE: 0.0459
2025-04-29 04:35:59 - INFO - Epoch 331/1000, Loss: 0.0819, Dice: 0.0700, MSE: 0.0397
2025-04-29 04:36:32 - INFO - Epoch 332/1000, Loss: 0.0829, Dice: 0.0708, MSE: 0.0404
2025-04-29 04:37:05 - INFO - Epoch 333/1000, Loss: 0.0799, Dice: 0.0691, MSE: 0.0362
2025-04-29 04:37:37 - INFO - Epoch 334/1000, Loss: 0.0879, Dice: 0.0764, MSE: 0.0383
2025-04-29 04:38:10 - INFO - Epoch 335/1000, Loss: 0.0834, Dice: 0.0716, MSE: 0.0394
2025-04-29 04:38:39 - INFO - Epoch 336/1000, Loss: 0.1049, Dice: 0.0924, MSE: 0.0417
2025-04-29 04:39:10 - INFO - Epoch 337/1000, Loss: 0.1095, Dice: 0.0981, MSE: 0.0380
2025-04-29 04:39:43 - INFO - Epoch 338/1000, Loss: 0.0809, Dice: 0.0690, MSE: 0.0398
2025-04-29 04:40:15 - INFO - Epoch 339/1000, Loss: 0.0899, Dice: 0.0780, MSE: 0.0398
2025-04-29 04:40:48 - INFO - Epoch 340/1000, Loss: 0.0877, Dice: 0.0759, MSE: 0.0396
2025-04-29 04:40:49 - INFO - 模型已保存至: epoch_340.pth
2025-04-29 04:41:22 - INFO - Epoch 341/1000, Loss: 0.0738, Dice: 0.0619, MSE: 0.0394
2025-04-29 04:41:54 - INFO - Epoch 342/1000, Loss: 0.0669, Dice: 0.0540, MSE: 0.0428
2025-04-29 04:42:26 - INFO - Epoch 343/1000, Loss: 0.0680, Dice: 0.0563, MSE: 0.0387
2025-04-29 04:42:58 - INFO - Epoch 344/1000, Loss: 0.0799, Dice: 0.0676, MSE: 0.0409
2025-04-29 04:43:29 - INFO - Epoch 345/1000, Loss: 0.0831, Dice: 0.0713, MSE: 0.0396
2025-04-29 04:44:02 - INFO - Epoch 346/1000, Loss: 0.0777, Dice: 0.0661, MSE: 0.0388
2025-04-29 04:44:27 - INFO - Epoch 347/1000, Loss: 0.0838, Dice: 0.0706, MSE: 0.0438
2025-04-29 04:45:00 - INFO - Epoch 348/1000, Loss: 0.0803, Dice: 0.0684, MSE: 0.0397
2025-04-29 04:45:32 - INFO - Epoch 349/1000, Loss: 0.0675, Dice: 0.0545, MSE: 0.0432
2025-04-29 04:46:05 - INFO - Epoch 350/1000, Loss: 0.0763, Dice: 0.0628, MSE: 0.0447
2025-04-29 04:46:37 - INFO - Epoch 351/1000, Loss: 0.0809, Dice: 0.0685, MSE: 0.0412
2025-04-29 04:47:10 - INFO - Epoch 352/1000, Loss: 0.0697, Dice: 0.0571, MSE: 0.0423
2025-04-29 04:47:44 - INFO - Epoch 353/1000, Loss: 0.0845, Dice: 0.0719, MSE: 0.0420
2025-04-29 04:48:17 - INFO - Epoch 354/1000, Loss: 0.0929, Dice: 0.0807, MSE: 0.0406
2025-04-29 04:48:50 - INFO - Epoch 355/1000, Loss: 0.0687, Dice: 0.0566, MSE: 0.0403
2025-04-29 04:49:22 - INFO - Epoch 356/1000, Loss: 0.0841, Dice: 0.0727, MSE: 0.0378
2025-04-29 04:49:55 - INFO - Epoch 357/1000, Loss: 0.0759, Dice: 0.0642, MSE: 0.0392
2025-04-29 04:50:27 - INFO - Epoch 358/1000, Loss: 0.0633, Dice: 0.0525, MSE: 0.0359
2025-04-29 04:50:59 - INFO - Epoch 359/1000, Loss: 0.0669, Dice: 0.0552, MSE: 0.0389
2025-04-29 04:51:31 - INFO - Epoch 360/1000, Loss: 0.0740, Dice: 0.0612, MSE: 0.0425
2025-04-29 04:51:32 - INFO - 模型已保存至: epoch_360.pth
2025-04-29 04:52:04 - INFO - Epoch 361/1000, Loss: 0.0720, Dice: 0.0606, MSE: 0.0379
2025-04-29 04:52:36 - INFO - Epoch 362/1000, Loss: 0.0642, Dice: 0.0518, MSE: 0.0413
2025-04-29 04:53:02 - INFO - Epoch 363/1000, Loss: 0.0819, Dice: 0.0692, MSE: 0.0424
2025-04-29 04:53:35 - INFO - Epoch 364/1000, Loss: 0.0649, Dice: 0.0531, MSE: 0.0391
2025-04-29 04:54:08 - INFO - Epoch 365/1000, Loss: 0.0851, Dice: 0.0732, MSE: 0.0400
2025-04-29 04:54:41 - INFO - Epoch 366/1000, Loss: 0.0695, Dice: 0.0576, MSE: 0.0394
2025-04-29 04:55:14 - INFO - Epoch 367/1000, Loss: 0.0609, Dice: 0.0488, MSE: 0.0403
2025-04-29 04:55:47 - INFO - Epoch 368/1000, Loss: 0.0812, Dice: 0.0684, MSE: 0.0427
2025-04-29 04:56:21 - INFO - Epoch 369/1000, Loss: 0.0812, Dice: 0.0689, MSE: 0.0410
2025-04-29 04:56:55 - INFO - Epoch 370/1000, Loss: 0.0991, Dice: 0.0874, MSE: 0.0390
2025-04-29 04:57:27 - INFO - Epoch 371/1000, Loss: 0.1234, Dice: 0.1097, MSE: 0.0455
2025-04-29 04:58:00 - INFO - Epoch 372/1000, Loss: 0.0969, Dice: 0.0848, MSE: 0.0402
2025-04-29 04:58:27 - INFO - Epoch 373/1000, Loss: 0.0878, Dice: 0.0760, MSE: 0.0392
2025-04-29 04:58:59 - INFO - Epoch 374/1000, Loss: 0.0771, Dice: 0.0661, MSE: 0.0366
2025-04-29 04:59:31 - INFO - Epoch 375/1000, Loss: 0.0768, Dice: 0.0663, MSE: 0.0351
2025-04-29 05:00:03 - INFO - Epoch 376/1000, Loss: 0.0787, Dice: 0.0660, MSE: 0.0421
2025-04-29 05:00:35 - INFO - Epoch 377/1000, Loss: 0.0890, Dice: 0.0767, MSE: 0.0410
2025-04-29 05:01:07 - INFO - Epoch 378/1000, Loss: 0.0910, Dice: 0.0799, MSE: 0.0372
2025-04-29 05:01:39 - INFO - Epoch 379/1000, Loss: 0.0843, Dice: 0.0720, MSE: 0.0408
2025-04-29 05:02:12 - INFO - Epoch 380/1000, Loss: 0.0833, Dice: 0.0715, MSE: 0.0393
2025-04-29 05:02:13 - INFO - 模型已保存至: epoch_380.pth
2025-04-29 05:02:45 - INFO - Epoch 381/1000, Loss: 0.0778, Dice: 0.0650, MSE: 0.0426
2025-04-29 05:03:18 - INFO - Epoch 382/1000, Loss: 0.0966, Dice: 0.0836, MSE: 0.0432
2025-04-29 05:03:51 - INFO - Epoch 383/1000, Loss: 0.0824, Dice: 0.0699, MSE: 0.0416
2025-04-29 05:04:23 - INFO - Epoch 384/1000, Loss: 0.0785, Dice: 0.0661, MSE: 0.0414
2025-04-29 05:04:56 - INFO - Epoch 385/1000, Loss: 0.0729, Dice: 0.0600, MSE: 0.0430
2025-04-29 05:05:29 - INFO - Epoch 386/1000, Loss: 0.0915, Dice: 0.0799, MSE: 0.0386
2025-04-29 05:06:01 - INFO - Epoch 387/1000, Loss: 0.0828, Dice: 0.0703, MSE: 0.0415
2025-04-29 05:06:33 - INFO - Epoch 388/1000, Loss: 0.0913, Dice: 0.0787, MSE: 0.0420
2025-04-29 05:07:01 - INFO - Epoch 389/1000, Loss: 0.0793, Dice: 0.0670, MSE: 0.0411
2025-04-29 05:07:32 - INFO - Epoch 390/1000, Loss: 0.0751, Dice: 0.0631, MSE: 0.0400
2025-04-29 05:08:04 - INFO - Epoch 391/1000, Loss: 0.0779, Dice: 0.0648, MSE: 0.0439
2025-04-29 05:08:35 - INFO - Epoch 392/1000, Loss: 0.0892, Dice: 0.0785, MSE: 0.0357
2025-04-29 05:09:07 - INFO - Epoch 393/1000, Loss: 0.0799, Dice: 0.0683, MSE: 0.0389
2025-04-29 05:09:39 - INFO - Epoch 394/1000, Loss: 0.0739, Dice: 0.0633, MSE: 0.0352
2025-04-29 05:10:12 - INFO - Epoch 395/1000, Loss: 0.0791, Dice: 0.0667, MSE: 0.0412
2025-04-29 05:10:44 - INFO - Epoch 396/1000, Loss: 0.0876, Dice: 0.0747, MSE: 0.0429
2025-04-29 05:11:17 - INFO - Epoch 397/1000, Loss: 0.0696, Dice: 0.0584, MSE: 0.0374
2025-04-29 05:11:50 - INFO - Epoch 398/1000, Loss: 0.0772, Dice: 0.0655, MSE: 0.0388
2025-04-29 05:12:20 - INFO - Epoch 399/1000, Loss: 0.0812, Dice: 0.0700, MSE: 0.0375
2025-04-29 05:12:50 - INFO - Epoch 400/1000, Loss: 0.0709, Dice: 0.0586, MSE: 0.0410
2025-04-29 05:12:51 - INFO - 模型已保存至: epoch_400.pth
2025-04-29 05:13:24 - INFO - Epoch 401/1000, Loss: 0.0719, Dice: 0.0600, MSE: 0.0397
2025-04-29 05:13:57 - INFO - Epoch 402/1000, Loss: 0.0673, Dice: 0.0555, MSE: 0.0394
2025-04-29 05:14:30 - INFO - Epoch 403/1000, Loss: 0.0821, Dice: 0.0691, MSE: 0.0432
2025-04-29 05:15:03 - INFO - Epoch 404/1000, Loss: 0.0693, Dice: 0.0567, MSE: 0.0419
2025-04-29 05:15:35 - INFO - Epoch 405/1000, Loss: 0.0843, Dice: 0.0721, MSE: 0.0407
2025-04-29 05:16:06 - INFO - Epoch 406/1000, Loss: 0.1044, Dice: 0.0921, MSE: 0.0410
2025-04-29 05:16:38 - INFO - Epoch 407/1000, Loss: 0.0702, Dice: 0.0590, MSE: 0.0374
2025-04-29 05:17:10 - INFO - Epoch 408/1000, Loss: 0.0729, Dice: 0.0614, MSE: 0.0384
2025-04-29 05:17:42 - INFO - Epoch 409/1000, Loss: 0.0778, Dice: 0.0666, MSE: 0.0374
2025-04-29 05:18:15 - INFO - Epoch 410/1000, Loss: 0.0915, Dice: 0.0807, MSE: 0.0359
2025-04-29 05:18:47 - INFO - Epoch 411/1000, Loss: 0.0896, Dice: 0.0782, MSE: 0.0378
2025-04-29 05:19:20 - INFO - Epoch 412/1000, Loss: 0.0781, Dice: 0.0659, MSE: 0.0407
2025-04-29 05:19:52 - INFO - Epoch 413/1000, Loss: 0.0662, Dice: 0.0541, MSE: 0.0402
2025-04-29 05:20:25 - INFO - Epoch 414/1000, Loss: 0.0661, Dice: 0.0540, MSE: 0.0402
2025-04-29 05:20:56 - INFO - Epoch 415/1000, Loss: 0.0859, Dice: 0.0748, MSE: 0.0370
2025-04-29 05:21:26 - INFO - Epoch 416/1000, Loss: 0.0805, Dice: 0.0699, MSE: 0.0353
2025-04-29 05:21:59 - INFO - Epoch 417/1000, Loss: 0.0675, Dice: 0.0564, MSE: 0.0368
2025-04-29 05:22:31 - INFO - Epoch 418/1000, Loss: 0.0638, Dice: 0.0509, MSE: 0.0430
2025-04-29 05:23:03 - INFO - Epoch 419/1000, Loss: 0.0720, Dice: 0.0607, MSE: 0.0379
2025-04-29 05:23:34 - INFO - Epoch 420/1000, Loss: 0.0617, Dice: 0.0497, MSE: 0.0399
2025-04-29 05:23:35 - INFO - 模型已保存至: epoch_420.pth
2025-04-29 05:24:07 - INFO - Epoch 421/1000, Loss: 0.0593, Dice: 0.0475, MSE: 0.0395
2025-04-29 05:24:38 - INFO - Epoch 422/1000, Loss: 0.0688, Dice: 0.0576, MSE: 0.0374
2025-04-29 05:25:10 - INFO - Epoch 423/1000, Loss: 0.0678, Dice: 0.0563, MSE: 0.0384
2025-04-29 05:25:41 - INFO - Epoch 424/1000, Loss: 0.0655, Dice: 0.0531, MSE: 0.0411
2025-04-29 05:26:12 - INFO - Epoch 425/1000, Loss: 0.0697, Dice: 0.0571, MSE: 0.0420
2025-04-29 05:26:38 - INFO - Epoch 426/1000, Loss: 0.0669, Dice: 0.0552, MSE: 0.0392
2025-04-29 05:27:12 - INFO - Epoch 427/1000, Loss: 0.0647, Dice: 0.0530, MSE: 0.0390
2025-04-29 05:27:44 - INFO - Epoch 428/1000, Loss: 0.0682, Dice: 0.0573, MSE: 0.0362
2025-04-29 05:28:18 - INFO - Epoch 429/1000, Loss: 0.0608, Dice: 0.0486, MSE: 0.0405
2025-04-29 05:28:51 - INFO - Epoch 430/1000, Loss: 0.0603, Dice: 0.0487, MSE: 0.0388
2025-04-29 05:29:24 - INFO - Epoch 431/1000, Loss: 0.0660, Dice: 0.0527, MSE: 0.0443
2025-04-29 05:29:57 - INFO - Epoch 432/1000, Loss: 0.0586, Dice: 0.0462, MSE: 0.0410
2025-04-29 05:30:30 - INFO - Epoch 433/1000, Loss: 0.0645, Dice: 0.0520, MSE: 0.0415
2025-04-29 05:31:03 - INFO - Epoch 434/1000, Loss: 0.0663, Dice: 0.0545, MSE: 0.0393
2025-04-29 05:31:35 - INFO - Epoch 435/1000, Loss: 0.0737, Dice: 0.0607, MSE: 0.0432
2025-04-29 05:32:08 - INFO - Epoch 436/1000, Loss: 0.0860, Dice: 0.0734, MSE: 0.0422
2025-04-29 05:32:39 - INFO - Epoch 437/1000, Loss: 0.0707, Dice: 0.0583, MSE: 0.0415
2025-04-29 05:33:10 - INFO - Epoch 438/1000, Loss: 0.0650, Dice: 0.0538, MSE: 0.0376
2025-04-29 05:33:42 - INFO - Epoch 439/1000, Loss: 0.0629, Dice: 0.0503, MSE: 0.0418
2025-04-29 05:34:14 - INFO - Epoch 440/1000, Loss: 0.0615, Dice: 0.0506, MSE: 0.0364
2025-04-29 05:34:15 - INFO - 模型已保存至: epoch_440.pth
2025-04-29 05:34:48 - INFO - Epoch 441/1000, Loss: 0.0692, Dice: 0.0574, MSE: 0.0393
2025-04-29 05:35:14 - INFO - Epoch 442/1000, Loss: 0.0579, Dice: 0.0458, MSE: 0.0402
2025-04-29 05:35:46 - INFO - Epoch 443/1000, Loss: 0.0629, Dice: 0.0504, MSE: 0.0417
2025-04-29 05:36:19 - INFO - Epoch 444/1000, Loss: 0.0841, Dice: 0.0709, MSE: 0.0442
2025-04-29 05:36:52 - INFO - Epoch 445/1000, Loss: 0.0863, Dice: 0.0748, MSE: 0.0384
2025-04-29 05:37:24 - INFO - Epoch 446/1000, Loss: 0.0785, Dice: 0.0650, MSE: 0.0448
2025-04-29 05:37:57 - INFO - Epoch 447/1000, Loss: 0.0722, Dice: 0.0611, MSE: 0.0369
2025-04-29 05:38:30 - INFO - Epoch 448/1000, Loss: 0.0625, Dice: 0.0502, MSE: 0.0410
2025-04-29 05:39:03 - INFO - Epoch 449/1000, Loss: 0.0566, Dice: 0.0452, MSE: 0.0379
2025-04-29 05:39:34 - INFO - Epoch 450/1000, Loss: 0.0617, Dice: 0.0496, MSE: 0.0403
2025-04-29 05:40:06 - INFO - Epoch 451/1000, Loss: 0.0673, Dice: 0.0565, MSE: 0.0358
2025-04-29 05:40:33 - INFO - Epoch 452/1000, Loss: 0.0710, Dice: 0.0590, MSE: 0.0400
2025-04-29 05:41:03 - INFO - Epoch 453/1000, Loss: 0.0656, Dice: 0.0543, MSE: 0.0380
2025-04-29 05:41:34 - INFO - Epoch 454/1000, Loss: 0.0636, Dice: 0.0520, MSE: 0.0387
2025-04-29 05:42:06 - INFO - Epoch 455/1000, Loss: 0.0760, Dice: 0.0634, MSE: 0.0418
2025-04-29 05:42:37 - INFO - Epoch 456/1000, Loss: 0.0641, Dice: 0.0518, MSE: 0.0411
2025-04-29 05:43:10 - INFO - Epoch 457/1000, Loss: 0.0686, Dice: 0.0574, MSE: 0.0373
2025-04-29 05:43:42 - INFO - Epoch 458/1000, Loss: 0.0653, Dice: 0.0540, MSE: 0.0378
2025-04-29 05:44:15 - INFO - Epoch 459/1000, Loss: 0.0715, Dice: 0.0597, MSE: 0.0391
2025-04-29 05:44:48 - INFO - Epoch 460/1000, Loss: 0.0636, Dice: 0.0522, MSE: 0.0382
2025-04-29 05:44:50 - INFO - 模型已保存至: epoch_460.pth
2025-04-29 05:45:22 - INFO - Epoch 461/1000, Loss: 0.0656, Dice: 0.0527, MSE: 0.0431
2025-04-29 05:45:56 - INFO - Epoch 462/1000, Loss: 0.0788, Dice: 0.0661, MSE: 0.0421
2025-04-29 05:46:28 - INFO - Epoch 463/1000, Loss: 0.0685, Dice: 0.0562, MSE: 0.0409
2025-04-29 05:47:02 - INFO - Epoch 464/1000, Loss: 0.0647, Dice: 0.0530, MSE: 0.0390
2025-04-29 05:47:34 - INFO - Epoch 465/1000, Loss: 0.0636, Dice: 0.0510, MSE: 0.0422
2025-04-29 05:48:07 - INFO - Epoch 466/1000, Loss: 0.0665, Dice: 0.0555, MSE: 0.0366
2025-04-29 05:48:40 - INFO - Epoch 467/1000, Loss: 0.0623, Dice: 0.0501, MSE: 0.0408
2025-04-29 05:49:07 - INFO - Epoch 468/1000, Loss: 0.0732, Dice: 0.0597, MSE: 0.0451
2025-04-29 05:49:36 - INFO - Epoch 469/1000, Loss: 0.0615, Dice: 0.0496, MSE: 0.0398
2025-04-29 05:50:08 - INFO - Epoch 470/1000, Loss: 0.0616, Dice: 0.0500, MSE: 0.0385
2025-04-29 05:50:41 - INFO - Epoch 471/1000, Loss: 0.0662, Dice: 0.0554, MSE: 0.0362
2025-04-29 05:51:13 - INFO - Epoch 472/1000, Loss: 0.0652, Dice: 0.0531, MSE: 0.0403
2025-04-29 05:51:45 - INFO - Epoch 473/1000, Loss: 0.0556, Dice: 0.0448, MSE: 0.0360
2025-04-29 05:52:18 - INFO - Epoch 474/1000, Loss: 0.0602, Dice: 0.0488, MSE: 0.0379
2025-04-29 05:52:51 - INFO - Epoch 475/1000, Loss: 0.0553, Dice: 0.0435, MSE: 0.0394
2025-04-29 05:53:24 - INFO - Epoch 476/1000, Loss: 0.0672, Dice: 0.0548, MSE: 0.0413
2025-04-29 05:53:56 - INFO - Epoch 477/1000, Loss: 0.0682, Dice: 0.0555, MSE: 0.0421
2025-04-29 05:54:28 - INFO - Epoch 478/1000, Loss: 0.0565, Dice: 0.0437, MSE: 0.0426
2025-04-29 05:54:57 - INFO - Epoch 479/1000, Loss: 0.0590, Dice: 0.0468, MSE: 0.0405
2025-04-29 05:55:29 - INFO - Epoch 480/1000, Loss: 0.0665, Dice: 0.0546, MSE: 0.0400
2025-04-29 05:55:30 - INFO - 模型已保存至: epoch_480.pth
2025-04-29 05:56:02 - INFO - Epoch 481/1000, Loss: 0.0583, Dice: 0.0471, MSE: 0.0376
2025-04-29 05:56:34 - INFO - Epoch 482/1000, Loss: 0.0572, Dice: 0.0453, MSE: 0.0395
2025-04-29 05:57:05 - INFO - Epoch 483/1000, Loss: 0.0706, Dice: 0.0571, MSE: 0.0450
2025-04-29 05:57:37 - INFO - Epoch 484/1000, Loss: 0.0717, Dice: 0.0592, MSE: 0.0417
2025-04-29 05:58:08 - INFO - Epoch 485/1000, Loss: 0.0584, Dice: 0.0461, MSE: 0.0411
2025-04-29 05:58:40 - INFO - Epoch 486/1000, Loss: 0.0635, Dice: 0.0510, MSE: 0.0417
2025-04-29 05:59:12 - INFO - Epoch 487/1000, Loss: 0.0571, Dice: 0.0447, MSE: 0.0413
2025-04-29 05:59:44 - INFO - Epoch 488/1000, Loss: 0.0594, Dice: 0.0474, MSE: 0.0401
2025-04-29 06:00:17 - INFO - Epoch 489/1000, Loss: 0.0950, Dice: 0.0818, MSE: 0.0440
2025-04-29 06:00:50 - INFO - Epoch 490/1000, Loss: 0.1049, Dice: 0.0918, MSE: 0.0439
2025-04-29 06:01:23 - INFO - Epoch 491/1000, Loss: 0.1574, Dice: 0.1459, MSE: 0.0384
2025-04-29 06:01:57 - INFO - Epoch 492/1000, Loss: 0.1255, Dice: 0.1111, MSE: 0.0479
2025-04-29 06:02:30 - INFO - Epoch 493/1000, Loss: 0.1307, Dice: 0.1182, MSE: 0.0415
2025-04-29 06:03:01 - INFO - Epoch 494/1000, Loss: 0.1171, Dice: 0.1062, MSE: 0.0365
2025-04-29 06:03:30 - INFO - Epoch 495/1000, Loss: 0.1107, Dice: 0.0981, MSE: 0.0419
2025-04-29 06:04:03 - INFO - Epoch 496/1000, Loss: 0.1601, Dice: 0.1473, MSE: 0.0425
2025-04-29 06:04:35 - INFO - Epoch 497/1000, Loss: 0.1254, Dice: 0.1172, MSE: 0.0273
2025-04-29 06:05:08 - INFO - Epoch 498/1000, Loss: 0.1073, Dice: 0.0977, MSE: 0.0321
2025-04-29 06:05:39 - INFO - Epoch 499/1000, Loss: 0.1050, Dice: 0.0936, MSE: 0.0382
2025-04-29 06:06:10 - INFO - Epoch 500/1000, Loss: 0.0993, Dice: 0.0895, MSE: 0.0327
2025-04-29 06:06:11 - INFO - 模型已保存至: epoch_500.pth
2025-04-29 06:06:42 - INFO - Epoch 501/1000, Loss: 0.0786, Dice: 0.0681, MSE: 0.0349
2025-04-29 06:07:15 - INFO - Epoch 502/1000, Loss: 0.0761, Dice: 0.0659, MSE: 0.0339
2025-04-29 06:07:47 - INFO - Epoch 503/1000, Loss: 0.0788, Dice: 0.0677, MSE: 0.0369
2025-04-29 06:08:20 - INFO - Epoch 504/1000, Loss: 0.0987, Dice: 0.0861, MSE: 0.0419
2025-04-29 06:08:46 - INFO - Epoch 505/1000, Loss: 0.0680, Dice: 0.0579, MSE: 0.0336
2025-04-29 06:09:19 - INFO - Epoch 506/1000, Loss: 0.0737, Dice: 0.0635, MSE: 0.0341
2025-04-29 06:09:52 - INFO - Epoch 507/1000, Loss: 0.0745, Dice: 0.0630, MSE: 0.0382
2025-04-29 06:10:24 - INFO - Epoch 508/1000, Loss: 0.0647, Dice: 0.0540, MSE: 0.0358
2025-04-29 06:10:57 - INFO - Epoch 509/1000, Loss: 0.0686, Dice: 0.0582, MSE: 0.0344
2025-04-29 06:11:30 - INFO - Epoch 510/1000, Loss: 0.0838, Dice: 0.0735, MSE: 0.0345
2025-04-29 06:12:03 - INFO - Epoch 511/1000, Loss: 0.0786, Dice: 0.0676, MSE: 0.0366
2025-04-29 06:12:35 - INFO - Epoch 512/1000, Loss: 0.0789, Dice: 0.0672, MSE: 0.0389
2025-04-29 06:13:06 - INFO - Epoch 513/1000, Loss: 0.0894, Dice: 0.0780, MSE: 0.0378
2025-04-29 06:13:38 - INFO - Epoch 514/1000, Loss: 0.0717, Dice: 0.0621, MSE: 0.0322
2025-04-29 06:14:10 - INFO - Epoch 515/1000, Loss: 0.0739, Dice: 0.0625, MSE: 0.0380
2025-04-29 06:14:41 - INFO - Epoch 516/1000, Loss: 0.0726, Dice: 0.0608, MSE: 0.0393
2025-04-29 06:15:13 - INFO - Epoch 517/1000, Loss: 0.0646, Dice: 0.0532, MSE: 0.0381
2025-04-29 06:15:44 - INFO - Epoch 518/1000, Loss: 0.0651, Dice: 0.0529, MSE: 0.0406
2025-04-29 06:16:16 - INFO - Epoch 519/1000, Loss: 0.0642, Dice: 0.0532, MSE: 0.0367
2025-04-29 06:16:49 - INFO - Epoch 520/1000, Loss: 0.0630, Dice: 0.0516, MSE: 0.0379
2025-04-29 06:16:50 - INFO - 模型已保存至: epoch_520.pth
2025-04-29 06:17:17 - INFO - Epoch 521/1000, Loss: 0.0563, Dice: 0.0443, MSE: 0.0401
2025-04-29 06:17:50 - INFO - Epoch 522/1000, Loss: 0.0647, Dice: 0.0524, MSE: 0.0413
2025-04-29 06:18:24 - INFO - Epoch 523/1000, Loss: 0.0712, Dice: 0.0590, MSE: 0.0406
2025-04-29 06:18:57 - INFO - Epoch 524/1000, Loss: 0.0694, Dice: 0.0577, MSE: 0.0391
2025-04-29 06:19:30 - INFO - Epoch 525/1000, Loss: 0.0593, Dice: 0.0483, MSE: 0.0364
2025-04-29 06:20:03 - INFO - Epoch 526/1000, Loss: 0.0652, Dice: 0.0523, MSE: 0.0427
2025-04-29 06:20:35 - INFO - Epoch 527/1000, Loss: 0.0660, Dice: 0.0540, MSE: 0.0401
2025-04-29 06:21:07 - INFO - Epoch 528/1000, Loss: 0.0614, Dice: 0.0494, MSE: 0.0398
2025-04-29 06:21:40 - INFO - Epoch 529/1000, Loss: 0.0629, Dice: 0.0508, MSE: 0.0401
2025-04-29 06:22:12 - INFO - Epoch 530/1000, Loss: 0.0736, Dice: 0.0612, MSE: 0.0413
2025-04-29 06:22:41 - INFO - Epoch 531/1000, Loss: 0.0681, Dice: 0.0557, MSE: 0.0415
2025-04-29 06:23:10 - INFO - Epoch 532/1000, Loss: 0.0571, Dice: 0.0451, MSE: 0.0401
2025-04-29 06:23:42 - INFO - Epoch 533/1000, Loss: 0.0676, Dice: 0.0548, MSE: 0.0427
2025-04-29 06:24:15 - INFO - Epoch 534/1000, Loss: 0.0616, Dice: 0.0499, MSE: 0.0390
2025-04-29 06:24:48 - INFO - Epoch 535/1000, Loss: 0.0620, Dice: 0.0489, MSE: 0.0435
2025-04-29 06:25:21 - INFO - Epoch 536/1000, Loss: 0.0653, Dice: 0.0538, MSE: 0.0382
2025-04-29 06:25:54 - INFO - Epoch 537/1000, Loss: 0.0687, Dice: 0.0567, MSE: 0.0401
2025-04-29 06:26:27 - INFO - Epoch 538/1000, Loss: 0.0622, Dice: 0.0507, MSE: 0.0381
2025-04-29 06:27:00 - INFO - Epoch 539/1000, Loss: 0.0577, Dice: 0.0455, MSE: 0.0405
2025-04-29 06:27:34 - INFO - Epoch 540/1000, Loss: 0.0616, Dice: 0.0506, MSE: 0.0370
2025-04-29 06:27:35 - INFO - 模型已保存至: epoch_540.pth
2025-04-29 06:28:08 - INFO - Epoch 541/1000, Loss: 0.0638, Dice: 0.0522, MSE: 0.0387
2025-04-29 06:28:41 - INFO - Epoch 542/1000, Loss: 0.0712, Dice: 0.0596, MSE: 0.0386
2025-04-29 06:29:14 - INFO - Epoch 543/1000, Loss: 0.0651, Dice: 0.0533, MSE: 0.0393
2025-04-29 06:29:45 - INFO - Epoch 544/1000, Loss: 0.0604, Dice: 0.0482, MSE: 0.0408
2025-04-29 06:30:16 - INFO - Epoch 545/1000, Loss: 0.0610, Dice: 0.0486, MSE: 0.0412
2025-04-29 06:30:48 - INFO - Epoch 546/1000, Loss: 0.0650, Dice: 0.0524, MSE: 0.0418
2025-04-29 06:31:15 - INFO - Epoch 547/1000, Loss: 0.0594, Dice: 0.0476, MSE: 0.0394
2025-04-29 06:31:45 - INFO - Epoch 548/1000, Loss: 0.0628, Dice: 0.0499, MSE: 0.0432
2025-04-29 06:32:17 - INFO - Epoch 549/1000, Loss: 0.0604, Dice: 0.0490, MSE: 0.0383
2025-04-29 06:32:50 - INFO - Epoch 550/1000, Loss: 0.0613, Dice: 0.0499, MSE: 0.0379
2025-04-29 06:33:23 - INFO - Epoch 551/1000, Loss: 0.0615, Dice: 0.0495, MSE: 0.0402
2025-04-29 06:33:56 - INFO - Epoch 552/1000, Loss: 0.0580, Dice: 0.0463, MSE: 0.0392
2025-04-29 06:34:30 - INFO - Epoch 553/1000, Loss: 0.0533, Dice: 0.0411, MSE: 0.0409
2025-04-29 06:35:04 - INFO - Epoch 554/1000, Loss: 0.0637, Dice: 0.0519, MSE: 0.0395
2025-04-29 06:35:37 - INFO - Epoch 555/1000, Loss: 0.0605, Dice: 0.0479, MSE: 0.0422
2025-04-29 06:36:11 - INFO - Epoch 556/1000, Loss: 0.0626, Dice: 0.0507, MSE: 0.0398
2025-04-29 06:36:39 - INFO - Epoch 557/1000, Loss: 0.0588, Dice: 0.0464, MSE: 0.0412
2025-04-29 06:37:11 - INFO - Epoch 558/1000, Loss: 0.0522, Dice: 0.0402, MSE: 0.0399
2025-04-29 06:37:44 - INFO - Epoch 559/1000, Loss: 0.0652, Dice: 0.0542, MSE: 0.0369
2025-04-29 06:38:16 - INFO - Epoch 560/1000, Loss: 0.0624, Dice: 0.0504, MSE: 0.0402
2025-04-29 06:38:17 - INFO - 模型已保存至: epoch_560.pth
2025-04-29 06:38:49 - INFO - Epoch 561/1000, Loss: 0.0588, Dice: 0.0463, MSE: 0.0416
2025-04-29 06:39:21 - INFO - Epoch 562/1000, Loss: 0.0638, Dice: 0.0520, MSE: 0.0394
2025-04-29 06:39:52 - INFO - Epoch 563/1000, Loss: 0.0705, Dice: 0.0580, MSE: 0.0416
2025-04-29 06:40:25 - INFO - Epoch 564/1000, Loss: 0.0885, Dice: 0.0775, MSE: 0.0364
2025-04-29 06:40:58 - INFO - Epoch 565/1000, Loss: 0.0650, Dice: 0.0539, MSE: 0.0370
2025-04-29 06:41:31 - INFO - Epoch 566/1000, Loss: 0.0630, Dice: 0.0525, MSE: 0.0349
2025-04-29 06:42:04 - INFO - Epoch 567/1000, Loss: 0.0606, Dice: 0.0496, MSE: 0.0369
2025-04-29 06:42:37 - INFO - Epoch 568/1000, Loss: 0.0573, Dice: 0.0453, MSE: 0.0400
2025-04-29 06:43:10 - INFO - Epoch 569/1000, Loss: 0.0610, Dice: 0.0492, MSE: 0.0395
2025-04-29 06:43:42 - INFO - Epoch 570/1000, Loss: 0.0753, Dice: 0.0629, MSE: 0.0413
2025-04-29 06:44:16 - INFO - Epoch 571/1000, Loss: 0.0667, Dice: 0.0549, MSE: 0.0395
2025-04-29 06:44:48 - INFO - Epoch 572/1000, Loss: 0.0628, Dice: 0.0509, MSE: 0.0399
2025-04-29 06:45:20 - INFO - Epoch 573/1000, Loss: 0.0610, Dice: 0.0499, MSE: 0.0369
2025-04-29 06:45:47 - INFO - Epoch 574/1000, Loss: 0.0611, Dice: 0.0494, MSE: 0.0390
2025-04-29 06:46:18 - INFO - Epoch 575/1000, Loss: 0.0549, Dice: 0.0432, MSE: 0.0390
2025-04-29 06:46:50 - INFO - Epoch 576/1000, Loss: 0.0637, Dice: 0.0528, MSE: 0.0365
2025-04-29 06:47:22 - INFO - Epoch 577/1000, Loss: 0.0577, Dice: 0.0464, MSE: 0.0375
2025-04-29 06:47:54 - INFO - Epoch 578/1000, Loss: 0.0625, Dice: 0.0506, MSE: 0.0398
2025-04-29 06:48:25 - INFO - Epoch 579/1000, Loss: 0.0730, Dice: 0.0617, MSE: 0.0377
2025-04-29 06:48:57 - INFO - Epoch 580/1000, Loss: 0.0700, Dice: 0.0574, MSE: 0.0420
2025-04-29 06:48:58 - INFO - 模型已保存至: epoch_580.pth
2025-04-29 06:49:31 - INFO - Epoch 581/1000, Loss: 0.0877, Dice: 0.0762, MSE: 0.0385
2025-04-29 06:50:04 - INFO - Epoch 582/1000, Loss: 0.0812, Dice: 0.0696, MSE: 0.0385
2025-04-29 06:50:33 - INFO - Epoch 583/1000, Loss: 0.0629, Dice: 0.0515, MSE: 0.0380
2025-04-29 06:50:59 - INFO - Epoch 584/1000, Loss: 0.0715, Dice: 0.0599, MSE: 0.0387
2025-04-29 06:51:26 - INFO - Epoch 585/1000, Loss: 0.0616, Dice: 0.0496, MSE: 0.0398
2025-04-29 06:51:52 - INFO - Epoch 586/1000, Loss: 0.0605, Dice: 0.0495, MSE: 0.0368
2025-04-29 06:52:18 - INFO - Epoch 587/1000, Loss: 0.0541, Dice: 0.0425, MSE: 0.0386
2025-04-29 06:52:43 - INFO - Epoch 588/1000, Loss: 0.0735, Dice: 0.0623, MSE: 0.0374
2025-04-29 06:53:08 - INFO - Epoch 589/1000, Loss: 0.0695, Dice: 0.0569, MSE: 0.0418
2025-04-29 06:53:33 - INFO - Epoch 590/1000, Loss: 0.0610, Dice: 0.0490, MSE: 0.0400
2025-04-29 06:53:58 - INFO - Epoch 591/1000, Loss: 0.0532, Dice: 0.0417, MSE: 0.0383
2025-04-29 06:54:22 - INFO - Epoch 592/1000, Loss: 0.0719, Dice: 0.0605, MSE: 0.0382
2025-04-29 06:54:46 - INFO - Epoch 593/1000, Loss: 0.0645, Dice: 0.0537, MSE: 0.0360
2025-04-29 06:55:10 - INFO - Epoch 594/1000, Loss: 0.0567, Dice: 0.0456, MSE: 0.0369
2025-04-29 06:55:34 - INFO - Epoch 595/1000, Loss: 0.0597, Dice: 0.0475, MSE: 0.0405
2025-04-29 06:55:59 - INFO - Epoch 596/1000, Loss: 0.0577, Dice: 0.0462, MSE: 0.0384
2025-04-29 06:56:23 - INFO - Epoch 597/1000, Loss: 0.0540, Dice: 0.0416, MSE: 0.0413
2025-04-29 06:56:47 - INFO - Epoch 598/1000, Loss: 0.0573, Dice: 0.0459, MSE: 0.0379
2025-04-29 06:57:10 - INFO - Epoch 599/1000, Loss: 0.0608, Dice: 0.0508, MSE: 0.0332
2025-04-29 06:57:32 - INFO - Epoch 600/1000, Loss: 0.0542, Dice: 0.0419, MSE: 0.0409
2025-04-29 06:57:33 - INFO - 模型已保存至: epoch_600.pth
2025-04-29 06:57:55 - INFO - Epoch 601/1000, Loss: 0.0605, Dice: 0.0481, MSE: 0.0411
2025-04-29 06:58:18 - INFO - Epoch 602/1000, Loss: 0.0519, Dice: 0.0399, MSE: 0.0398
2025-04-29 06:58:40 - INFO - Epoch 603/1000, Loss: 0.0539, Dice: 0.0416, MSE: 0.0410
2025-04-29 06:59:03 - INFO - Epoch 604/1000, Loss: 0.0566, Dice: 0.0438, MSE: 0.0426
2025-04-29 06:59:26 - INFO - Epoch 605/1000, Loss: 0.0550, Dice: 0.0434, MSE: 0.0387
2025-04-29 06:59:50 - INFO - Epoch 606/1000, Loss: 0.0596, Dice: 0.0481, MSE: 0.0386
2025-04-29 07:00:14 - INFO - Epoch 607/1000, Loss: 0.0659, Dice: 0.0544, MSE: 0.0384
2025-04-29 07:00:37 - INFO - Epoch 608/1000, Loss: 0.0532, Dice: 0.0409, MSE: 0.0410
2025-04-29 07:00:59 - INFO - Epoch 609/1000, Loss: 0.0583, Dice: 0.0450, MSE: 0.0444
2025-04-29 07:01:21 - INFO - Epoch 610/1000, Loss: 0.0651, Dice: 0.0523, MSE: 0.0427
2025-04-29 07:01:43 - INFO - Epoch 611/1000, Loss: 0.0614, Dice: 0.0506, MSE: 0.0359
2025-04-29 07:02:05 - INFO - Epoch 612/1000, Loss: 0.0655, Dice: 0.0542, MSE: 0.0379
2025-04-29 07:02:27 - INFO - Epoch 613/1000, Loss: 0.0593, Dice: 0.0473, MSE: 0.0401
2025-04-29 07:02:48 - INFO - Epoch 614/1000, Loss: 0.0591, Dice: 0.0475, MSE: 0.0387
2025-04-29 07:03:09 - INFO - Epoch 615/1000, Loss: 0.0494, Dice: 0.0370, MSE: 0.0415
2025-04-29 07:03:29 - INFO - Epoch 616/1000, Loss: 0.0524, Dice: 0.0391, MSE: 0.0443
2025-04-29 07:03:50 - INFO - Epoch 617/1000, Loss: 0.0553, Dice: 0.0435, MSE: 0.0393
2025-04-29 07:04:10 - INFO - Epoch 618/1000, Loss: 0.0535, Dice: 0.0414, MSE: 0.0405
2025-04-29 07:04:30 - INFO - Epoch 619/1000, Loss: 0.0594, Dice: 0.0470, MSE: 0.0415
2025-04-29 07:04:51 - INFO - Epoch 620/1000, Loss: 0.0642, Dice: 0.0516, MSE: 0.0418
2025-04-29 07:04:52 - INFO - 模型已保存至: epoch_620.pth
2025-04-29 07:05:12 - INFO - Epoch 621/1000, Loss: 0.0607, Dice: 0.0487, MSE: 0.0400
2025-04-29 07:05:33 - INFO - Epoch 622/1000, Loss: 0.0563, Dice: 0.0452, MSE: 0.0370
2025-04-29 07:05:55 - INFO - Epoch 623/1000, Loss: 0.0615, Dice: 0.0501, MSE: 0.0380
2025-04-29 07:06:17 - INFO - Epoch 624/1000, Loss: 0.0647, Dice: 0.0535, MSE: 0.0376
2025-04-29 07:06:39 - INFO - Epoch 625/1000, Loss: 0.0656, Dice: 0.0542, MSE: 0.0378
2025-04-29 07:07:02 - INFO - Epoch 626/1000, Loss: 0.0618, Dice: 0.0510, MSE: 0.0360
2025-04-29 07:07:24 - INFO - Epoch 627/1000, Loss: 0.0650, Dice: 0.0526, MSE: 0.0411
2025-04-29 07:07:46 - INFO - Epoch 628/1000, Loss: 0.0578, Dice: 0.0451, MSE: 0.0424
2025-04-29 07:08:09 - INFO - Epoch 629/1000, Loss: 0.0585, Dice: 0.0469, MSE: 0.0386
2025-04-29 07:08:33 - INFO - Epoch 630/1000, Loss: 0.0881, Dice: 0.0748, MSE: 0.0443
2025-04-29 07:08:57 - INFO - Epoch 631/1000, Loss: 0.0920, Dice: 0.0793, MSE: 0.0423
2025-04-29 07:09:20 - INFO - Epoch 632/1000, Loss: 0.0688, Dice: 0.0569, MSE: 0.0396
2025-04-29 07:09:42 - INFO - Epoch 633/1000, Loss: 0.0585, Dice: 0.0465, MSE: 0.0402
2025-04-29 07:10:04 - INFO - Epoch 634/1000, Loss: 0.0692, Dice: 0.0580, MSE: 0.0374
2025-04-29 07:10:26 - INFO - Epoch 635/1000, Loss: 0.0629, Dice: 0.0510, MSE: 0.0395
2025-04-29 07:10:47 - INFO - Epoch 636/1000, Loss: 0.0652, Dice: 0.0550, MSE: 0.0340
2025-04-29 07:11:09 - INFO - Epoch 637/1000, Loss: 0.0793, Dice: 0.0666, MSE: 0.0422
2025-04-29 07:11:30 - INFO - Epoch 638/1000, Loss: 0.0752, Dice: 0.0639, MSE: 0.0376
2025-04-29 07:11:51 - INFO - Epoch 639/1000, Loss: 0.0574, Dice: 0.0465, MSE: 0.0364
2025-04-29 07:12:11 - INFO - Epoch 640/1000, Loss: 0.0738, Dice: 0.0629, MSE: 0.0363
2025-04-29 07:12:12 - INFO - 模型已保存至: epoch_640.pth
2025-04-29 07:12:33 - INFO - Epoch 641/1000, Loss: 0.0633, Dice: 0.0521, MSE: 0.0375
2025-04-29 07:12:54 - INFO - Epoch 642/1000, Loss: 0.0580, Dice: 0.0462, MSE: 0.0394
2025-04-29 07:13:14 - INFO - Epoch 643/1000, Loss: 0.0579, Dice: 0.0475, MSE: 0.0348
2025-04-29 07:13:34 - INFO - Epoch 644/1000, Loss: 0.0598, Dice: 0.0491, MSE: 0.0356
2025-04-29 07:13:55 - INFO - Epoch 645/1000, Loss: 0.0600, Dice: 0.0475, MSE: 0.0419
2025-04-29 07:14:16 - INFO - Epoch 646/1000, Loss: 0.0582, Dice: 0.0468, MSE: 0.0378
2025-04-29 07:14:37 - INFO - Epoch 647/1000, Loss: 0.0526, Dice: 0.0412, MSE: 0.0379
2025-04-29 07:15:00 - INFO - Epoch 648/1000, Loss: 0.0614, Dice: 0.0501, MSE: 0.0377
2025-04-29 07:15:22 - INFO - Epoch 649/1000, Loss: 0.0513, Dice: 0.0367, MSE: 0.0488
2025-04-29 07:15:45 - INFO - Epoch 650/1000, Loss: 0.0516, Dice: 0.0400, MSE: 0.0387
2025-04-29 07:16:07 - INFO - Epoch 651/1000, Loss: 0.0626, Dice: 0.0511, MSE: 0.0384
2025-04-29 07:16:30 - INFO - Epoch 652/1000, Loss: 0.0537, Dice: 0.0423, MSE: 0.0380
2025-04-29 07:16:53 - INFO - Epoch 653/1000, Loss: 0.0557, Dice: 0.0447, MSE: 0.0369
2025-04-29 07:17:17 - INFO - Epoch 654/1000, Loss: 0.0541, Dice: 0.0427, MSE: 0.0383
2025-04-29 07:17:40 - INFO - Epoch 655/1000, Loss: 0.0661, Dice: 0.0536, MSE: 0.0417
2025-04-29 07:18:03 - INFO - Epoch 656/1000, Loss: 0.0667, Dice: 0.0560, MSE: 0.0355
2025-04-29 07:18:25 - INFO - Epoch 657/1000, Loss: 0.0621, Dice: 0.0513, MSE: 0.0360
2025-04-29 07:18:47 - INFO - Epoch 658/1000, Loss: 0.0551, Dice: 0.0434, MSE: 0.0390
2025-04-29 07:19:09 - INFO - Epoch 659/1000, Loss: 0.0557, Dice: 0.0441, MSE: 0.0384
2025-04-29 07:19:31 - INFO - Epoch 660/1000, Loss: 0.0519, Dice: 0.0398, MSE: 0.0404
2025-04-29 07:19:32 - INFO - 模型已保存至: epoch_660.pth
2025-04-29 07:19:54 - INFO - Epoch 661/1000, Loss: 0.0594, Dice: 0.0458, MSE: 0.0455
2025-04-29 07:20:15 - INFO - Epoch 662/1000, Loss: 0.0581, Dice: 0.0459, MSE: 0.0407
2025-04-29 07:20:35 - INFO - Epoch 663/1000, Loss: 0.0549, Dice: 0.0421, MSE: 0.0429
2025-04-29 07:20:55 - INFO - Epoch 664/1000, Loss: 0.0495, Dice: 0.0374, MSE: 0.0402
2025-04-29 07:21:16 - INFO - Epoch 665/1000, Loss: 0.0592, Dice: 0.0474, MSE: 0.0392
2025-04-29 07:21:36 - INFO - Epoch 666/1000, Loss: 0.0540, Dice: 0.0422, MSE: 0.0396
2025-04-29 07:21:57 - INFO - Epoch 667/1000, Loss: 0.0496, Dice: 0.0379, MSE: 0.0390
2025-04-29 07:22:17 - INFO - Epoch 668/1000, Loss: 0.0614, Dice: 0.0496, MSE: 0.0393
2025-04-29 07:22:38 - INFO - Epoch 669/1000, Loss: 0.0633, Dice: 0.0512, MSE: 0.0403
2025-04-29 07:22:59 - INFO - Epoch 670/1000, Loss: 0.0505, Dice: 0.0386, MSE: 0.0398
2025-04-29 07:23:20 - INFO - Epoch 671/1000, Loss: 0.0596, Dice: 0.0471, MSE: 0.0416
2025-04-29 07:23:43 - INFO - Epoch 672/1000, Loss: 0.0580, Dice: 0.0460, MSE: 0.0402
2025-04-29 07:24:05 - INFO - Epoch 673/1000, Loss: 0.0541, Dice: 0.0423, MSE: 0.0394
2025-04-29 07:24:28 - INFO - Epoch 674/1000, Loss: 0.0530, Dice: 0.0417, MSE: 0.0377
2025-04-29 07:24:50 - INFO - Epoch 675/1000, Loss: 0.0543, Dice: 0.0423, MSE: 0.0399
2025-04-29 07:25:13 - INFO - Epoch 676/1000, Loss: 0.0555, Dice: 0.0437, MSE: 0.0395
2025-04-29 07:25:37 - INFO - Epoch 677/1000, Loss: 0.0630, Dice: 0.0501, MSE: 0.0428
2025-04-29 07:26:00 - INFO - Epoch 678/1000, Loss: 0.0732, Dice: 0.0618, MSE: 0.0379
2025-04-29 07:26:24 - INFO - Epoch 679/1000, Loss: 0.0632, Dice: 0.0522, MSE: 0.0369
2025-04-29 07:26:46 - INFO - Epoch 680/1000, Loss: 0.0982, Dice: 0.0855, MSE: 0.0425
2025-04-29 07:26:47 - INFO - 模型已保存至: epoch_680.pth
2025-04-29 07:27:09 - INFO - Epoch 681/1000, Loss: 0.0926, Dice: 0.0816, MSE: 0.0368
2025-04-29 07:27:31 - INFO - Epoch 682/1000, Loss: 0.0748, Dice: 0.0634, MSE: 0.0380
2025-04-29 07:27:53 - INFO - Epoch 683/1000, Loss: 0.0609, Dice: 0.0494, MSE: 0.0382
2025-04-29 07:28:14 - INFO - Epoch 684/1000, Loss: 0.0538, Dice: 0.0417, MSE: 0.0405
2025-04-29 07:28:36 - INFO - Epoch 685/1000, Loss: 0.0589, Dice: 0.0469, MSE: 0.0402
2025-04-29 07:28:56 - INFO - Epoch 686/1000, Loss: 0.0582, Dice: 0.0455, MSE: 0.0421
2025-04-29 07:29:17 - INFO - Epoch 687/1000, Loss: 0.0592, Dice: 0.0471, MSE: 0.0403
2025-04-29 07:29:38 - INFO - Epoch 688/1000, Loss: 0.0561, Dice: 0.0451, MSE: 0.0368
2025-04-29 07:29:58 - INFO - Epoch 689/1000, Loss: 0.0586, Dice: 0.0468, MSE: 0.0395
2025-04-29 07:30:19 - INFO - Epoch 690/1000, Loss: 0.0528, Dice: 0.0410, MSE: 0.0392
2025-04-29 07:30:39 - INFO - Epoch 691/1000, Loss: 0.0489, Dice: 0.0372, MSE: 0.0390
2025-04-29 07:31:00 - INFO - Epoch 692/1000, Loss: 0.0519, Dice: 0.0391, MSE: 0.0426
2025-04-29 07:31:20 - INFO - Epoch 693/1000, Loss: 0.0518, Dice: 0.0389, MSE: 0.0428
2025-04-29 07:31:41 - INFO - Epoch 694/1000, Loss: 0.0593, Dice: 0.0476, MSE: 0.0391
2025-04-29 07:32:03 - INFO - Epoch 695/1000, Loss: 0.0500, Dice: 0.0386, MSE: 0.0382
2025-04-29 07:32:26 - INFO - Epoch 696/1000, Loss: 0.0541, Dice: 0.0424, MSE: 0.0393
2025-04-29 07:32:48 - INFO - Epoch 697/1000, Loss: 0.0516, Dice: 0.0398, MSE: 0.0392
2025-04-29 07:33:11 - INFO - Epoch 698/1000, Loss: 0.0518, Dice: 0.0399, MSE: 0.0395
2025-04-29 07:33:33 - INFO - Epoch 699/1000, Loss: 0.0578, Dice: 0.0464, MSE: 0.0379
2025-04-29 07:33:56 - INFO - Epoch 700/1000, Loss: 0.0503, Dice: 0.0382, MSE: 0.0403
2025-04-29 07:33:57 - INFO - 模型已保存至: epoch_700.pth
2025-04-29 07:34:20 - INFO - Epoch 701/1000, Loss: 0.0539, Dice: 0.0424, MSE: 0.0383
2025-04-29 07:34:44 - INFO - Epoch 702/1000, Loss: 0.0595, Dice: 0.0478, MSE: 0.0390
2025-04-29 07:35:07 - INFO - Epoch 703/1000, Loss: 0.0498, Dice: 0.0373, MSE: 0.0416
2025-04-29 07:35:30 - INFO - Epoch 704/1000, Loss: 0.0490, Dice: 0.0369, MSE: 0.0405
2025-04-29 07:35:52 - INFO - Epoch 705/1000, Loss: 0.0502, Dice: 0.0382, MSE: 0.0399
2025-04-29 07:36:14 - INFO - Epoch 706/1000, Loss: 0.0482, Dice: 0.0359, MSE: 0.0408
2025-04-29 07:36:36 - INFO - Epoch 707/1000, Loss: 0.0512, Dice: 0.0396, MSE: 0.0387
2025-04-29 07:36:57 - INFO - Epoch 708/1000, Loss: 0.0588, Dice: 0.0460, MSE: 0.0428
2025-04-29 07:37:18 - INFO - Epoch 709/1000, Loss: 0.0636, Dice: 0.0521, MSE: 0.0381
2025-04-29 07:37:39 - INFO - Epoch 710/1000, Loss: 0.0707, Dice: 0.0589, MSE: 0.0392
2025-04-29 07:38:00 - INFO - Epoch 711/1000, Loss: 0.0630, Dice: 0.0520, MSE: 0.0366
2025-04-29 07:38:20 - INFO - Epoch 712/1000, Loss: 0.0594, Dice: 0.0494, MSE: 0.0333
2025-04-29 07:38:41 - INFO - Epoch 713/1000, Loss: 0.0542, Dice: 0.0429, MSE: 0.0378
2025-04-29 07:39:01 - INFO - Epoch 714/1000, Loss: 0.1097, Dice: 0.0969, MSE: 0.0424
2025-04-29 07:39:21 - INFO - Epoch 715/1000, Loss: 0.1218, Dice: 0.1105, MSE: 0.0375
2025-04-29 07:39:42 - INFO - Epoch 716/1000, Loss: 0.1115, Dice: 0.1014, MSE: 0.0338
2025-04-29 07:40:03 - INFO - Epoch 717/1000, Loss: 0.0743, Dice: 0.0630, MSE: 0.0378
2025-04-29 07:40:24 - INFO - Epoch 718/1000, Loss: 0.0749, Dice: 0.0645, MSE: 0.0346
2025-04-29 07:40:46 - INFO - Epoch 719/1000, Loss: 0.0707, Dice: 0.0595, MSE: 0.0373
2025-04-29 07:41:08 - INFO - Epoch 720/1000, Loss: 0.0598, Dice: 0.0487, MSE: 0.0371
2025-04-29 07:41:09 - INFO - 模型已保存至: epoch_720.pth
2025-04-29 07:41:32 - INFO - Epoch 721/1000, Loss: 0.0585, Dice: 0.0474, MSE: 0.0369
2025-04-29 07:41:54 - INFO - Epoch 722/1000, Loss: 0.0603, Dice: 0.0501, MSE: 0.0339
2025-04-29 07:42:17 - INFO - Epoch 723/1000, Loss: 0.0561, Dice: 0.0451, MSE: 0.0366
2025-04-29 07:42:40 - INFO - Epoch 724/1000, Loss: 0.0602, Dice: 0.0485, MSE: 0.0390
2025-04-29 07:43:03 - INFO - Epoch 725/1000, Loss: 0.0563, Dice: 0.0444, MSE: 0.0397
2025-04-29 07:43:27 - INFO - Epoch 726/1000, Loss: 0.0577, Dice: 0.0461, MSE: 0.0388
2025-04-29 07:43:50 - INFO - Epoch 727/1000, Loss: 0.0633, Dice: 0.0518, MSE: 0.0384
2025-04-29 07:44:12 - INFO - Epoch 728/1000, Loss: 0.0643, Dice: 0.0519, MSE: 0.0412
2025-04-29 07:44:34 - INFO - Epoch 729/1000, Loss: 0.0589, Dice: 0.0453, MSE: 0.0452
2025-04-29 07:44:56 - INFO - Epoch 730/1000, Loss: 0.0602, Dice: 0.0491, MSE: 0.0370
2025-04-29 07:45:18 - INFO - Epoch 731/1000, Loss: 0.0526, Dice: 0.0407, MSE: 0.0395
2025-04-29 07:45:39 - INFO - Epoch 732/1000, Loss: 0.0610, Dice: 0.0491, MSE: 0.0398
2025-04-29 07:46:01 - INFO - Epoch 733/1000, Loss: 0.0572, Dice: 0.0442, MSE: 0.0433
2025-04-29 07:46:21 - INFO - Epoch 734/1000, Loss: 0.0522, Dice: 0.0405, MSE: 0.0388
2025-04-29 07:46:42 - INFO - Epoch 735/1000, Loss: 0.0565, Dice: 0.0443, MSE: 0.0405
2025-04-29 07:47:02 - INFO - Epoch 736/1000, Loss: 0.0533, Dice: 0.0416, MSE: 0.0389
2025-04-29 07:47:23 - INFO - Epoch 737/1000, Loss: 0.0610, Dice: 0.0486, MSE: 0.0414
2025-04-29 07:47:43 - INFO - Epoch 738/1000, Loss: 0.0534, Dice: 0.0420, MSE: 0.0380
2025-04-29 07:48:04 - INFO - Epoch 739/1000, Loss: 0.0609, Dice: 0.0491, MSE: 0.0393
2025-04-29 07:48:25 - INFO - Epoch 740/1000, Loss: 0.0628, Dice: 0.0508, MSE: 0.0399
2025-04-29 07:48:26 - INFO - 模型已保存至: epoch_740.pth
2025-04-29 07:48:47 - INFO - Epoch 741/1000, Loss: 0.0556, Dice: 0.0443, MSE: 0.0377
2025-04-29 07:49:09 - INFO - Epoch 742/1000, Loss: 0.0518, Dice: 0.0405, MSE: 0.0377
2025-04-29 07:49:31 - INFO - Epoch 743/1000, Loss: 0.0544, Dice: 0.0433, MSE: 0.0370
2025-04-29 07:49:54 - INFO - Epoch 744/1000, Loss: 0.0518, Dice: 0.0411, MSE: 0.0357
2025-04-29 07:50:16 - INFO - Epoch 745/1000, Loss: 0.0603, Dice: 0.0488, MSE: 0.0381
2025-04-29 07:50:39 - INFO - Epoch 746/1000, Loss: 0.0563, Dice: 0.0448, MSE: 0.0384
2025-04-29 07:51:02 - INFO - Epoch 747/1000, Loss: 0.0546, Dice: 0.0440, MSE: 0.0353
2025-04-29 07:51:25 - INFO - Epoch 748/1000, Loss: 0.0699, Dice: 0.0579, MSE: 0.0398
2025-04-29 07:51:49 - INFO - Epoch 749/1000, Loss: 0.0668, Dice: 0.0561, MSE: 0.0356
2025-04-29 07:52:12 - INFO - Epoch 750/1000, Loss: 0.0615, Dice: 0.0481, MSE: 0.0446
2025-04-29 07:52:35 - INFO - Epoch 751/1000, Loss: 0.0711, Dice: 0.0610, MSE: 0.0337
2025-04-29 07:52:57 - INFO - Epoch 752/1000, Loss: 0.0548, Dice: 0.0438, MSE: 0.0366
2025-04-29 07:53:19 - INFO - Epoch 753/1000, Loss: 0.0557, Dice: 0.0450, MSE: 0.0358
2025-04-29 07:53:42 - INFO - Epoch 754/1000, Loss: 0.0531, Dice: 0.0425, MSE: 0.0353
2025-04-29 07:54:03 - INFO - Epoch 755/1000, Loss: 0.0589, Dice: 0.0474, MSE: 0.0382
2025-04-29 07:54:25 - INFO - Epoch 756/1000, Loss: 0.0567, Dice: 0.0446, MSE: 0.0403
2025-04-29 07:54:46 - INFO - Epoch 757/1000, Loss: 0.0611, Dice: 0.0496, MSE: 0.0383
2025-04-29 07:55:07 - INFO - Epoch 758/1000, Loss: 0.0516, Dice: 0.0408, MSE: 0.0362
2025-04-29 07:55:28 - INFO - Epoch 759/1000, Loss: 0.0570, Dice: 0.0454, MSE: 0.0386
2025-04-29 07:55:48 - INFO - Epoch 760/1000, Loss: 0.0539, Dice: 0.0434, MSE: 0.0350
2025-04-29 07:55:50 - INFO - 模型已保存至: epoch_760.pth
2025-04-29 07:56:10 - INFO - Epoch 761/1000, Loss: 0.0550, Dice: 0.0439, MSE: 0.0368
2025-04-29 07:56:31 - INFO - Epoch 762/1000, Loss: 0.0609, Dice: 0.0496, MSE: 0.0379
2025-04-29 07:56:51 - INFO - Epoch 763/1000, Loss: 0.0582, Dice: 0.0470, MSE: 0.0375
2025-04-29 07:57:12 - INFO - Epoch 764/1000, Loss: 0.1075, Dice: 0.0956, MSE: 0.0398
2025-04-29 07:57:33 - INFO - Epoch 765/1000, Loss: 0.0712, Dice: 0.0592, MSE: 0.0398
2025-04-29 07:57:55 - INFO - Epoch 766/1000, Loss: 0.0654, Dice: 0.0539, MSE: 0.0383
2025-04-29 07:58:18 - INFO - Epoch 767/1000, Loss: 0.0619, Dice: 0.0503, MSE: 0.0386
2025-04-29 07:58:40 - INFO - Epoch 768/1000, Loss: 0.0581, Dice: 0.0468, MSE: 0.0376
2025-04-29 07:59:03 - INFO - Epoch 769/1000, Loss: 0.0567, Dice: 0.0443, MSE: 0.0414
2025-04-29 07:59:26 - INFO - Epoch 770/1000, Loss: 0.0532, Dice: 0.0414, MSE: 0.0397
2025-04-29 07:59:49 - INFO - Epoch 771/1000, Loss: 0.0663, Dice: 0.0542, MSE: 0.0402
2025-04-29 08:00:12 - INFO - Epoch 772/1000, Loss: 0.0610, Dice: 0.0507, MSE: 0.0344
2025-04-29 08:00:36 - INFO - Epoch 773/1000, Loss: 0.0635, Dice: 0.0517, MSE: 0.0393
2025-04-29 08:00:59 - INFO - Epoch 774/1000, Loss: 0.0662, Dice: 0.0544, MSE: 0.0391
2025-04-29 08:01:22 - INFO - Epoch 775/1000, Loss: 0.0593, Dice: 0.0476, MSE: 0.0393
2025-04-29 08:01:44 - INFO - Epoch 776/1000, Loss: 0.0613, Dice: 0.0493, MSE: 0.0399
2025-04-29 08:02:06 - INFO - Epoch 777/1000, Loss: 0.0571, Dice: 0.0460, MSE: 0.0369
2025-04-29 08:02:28 - INFO - Epoch 778/1000, Loss: 0.0541, Dice: 0.0428, MSE: 0.0376
2025-04-29 08:02:50 - INFO - Epoch 779/1000, Loss: 0.0560, Dice: 0.0445, MSE: 0.0385
2025-04-29 08:03:11 - INFO - Epoch 780/1000, Loss: 0.0536, Dice: 0.0420, MSE: 0.0388
2025-04-29 08:03:12 - INFO - 模型已保存至: epoch_780.pth
2025-04-29 08:03:33 - INFO - Epoch 781/1000, Loss: 0.0578, Dice: 0.0459, MSE: 0.0396
2025-04-29 08:03:54 - INFO - Epoch 782/1000, Loss: 0.0491, Dice: 0.0372, MSE: 0.0398
2025-04-29 08:04:14 - INFO - Epoch 783/1000, Loss: 0.0459, Dice: 0.0333, MSE: 0.0418
2025-04-29 08:04:35 - INFO - Epoch 784/1000, Loss: 0.0559, Dice: 0.0441, MSE: 0.0392
2025-04-29 08:04:55 - INFO - Epoch 785/1000, Loss: 0.0485, Dice: 0.0373, MSE: 0.0372
2025-04-29 08:05:16 - INFO - Epoch 786/1000, Loss: 0.0516, Dice: 0.0398, MSE: 0.0391
2025-04-29 08:05:37 - INFO - Epoch 787/1000, Loss: 0.0567, Dice: 0.0456, MSE: 0.0372
2025-04-29 08:05:57 - INFO - Epoch 788/1000, Loss: 0.0470, Dice: 0.0345, MSE: 0.0417
2025-04-29 08:06:19 - INFO - Epoch 789/1000, Loss: 0.0517, Dice: 0.0396, MSE: 0.0401
2025-04-29 08:06:41 - INFO - Epoch 790/1000, Loss: 0.0487, Dice: 0.0369, MSE: 0.0395
2025-04-29 08:07:03 - INFO - Epoch 791/1000, Loss: 0.0462, Dice: 0.0345, MSE: 0.0390
2025-04-29 08:07:26 - INFO - Epoch 792/1000, Loss: 0.0479, Dice: 0.0370, MSE: 0.0365
2025-04-29 08:07:49 - INFO - Epoch 793/1000, Loss: 0.0466, Dice: 0.0348, MSE: 0.0394
2025-04-29 08:08:12 - INFO - Epoch 794/1000, Loss: 0.0504, Dice: 0.0383, MSE: 0.0402
2025-04-29 08:08:35 - INFO - Epoch 795/1000, Loss: 0.0585, Dice: 0.0476, MSE: 0.0362
2025-04-29 08:08:58 - INFO - Epoch 796/1000, Loss: 0.0509, Dice: 0.0392, MSE: 0.0390
2025-04-29 08:09:22 - INFO - Epoch 797/1000, Loss: 0.0494, Dice: 0.0381, MSE: 0.0380
2025-04-29 08:09:45 - INFO - Epoch 798/1000, Loss: 0.0519, Dice: 0.0405, MSE: 0.0379
2025-04-29 08:10:07 - INFO - Epoch 799/1000, Loss: 0.0851, Dice: 0.0730, MSE: 0.0405
2025-04-29 08:10:29 - INFO - Epoch 800/1000, Loss: 0.0516, Dice: 0.0397, MSE: 0.0399
2025-04-29 08:10:30 - INFO - 模型已保存至: epoch_800.pth
2025-04-29 08:10:52 - INFO - Epoch 801/1000, Loss: 0.0528, Dice: 0.0409, MSE: 0.0396
2025-04-29 08:11:15 - INFO - Epoch 802/1000, Loss: 0.0484, Dice: 0.0368, MSE: 0.0387
2025-04-29 08:11:36 - INFO - Epoch 803/1000, Loss: 0.0504, Dice: 0.0395, MSE: 0.0366
2025-04-29 08:11:58 - INFO - Epoch 804/1000, Loss: 0.0575, Dice: 0.0459, MSE: 0.0386
2025-04-29 08:12:18 - INFO - Epoch 805/1000, Loss: 0.0525, Dice: 0.0411, MSE: 0.0382
2025-04-29 08:12:39 - INFO - Epoch 806/1000, Loss: 0.0469, Dice: 0.0348, MSE: 0.0405
2025-04-29 08:12:59 - INFO - Epoch 807/1000, Loss: 0.0504, Dice: 0.0397, MSE: 0.0355
2025-04-29 08:13:20 - INFO - Epoch 808/1000, Loss: 0.0531, Dice: 0.0415, MSE: 0.0389
2025-04-29 08:13:41 - INFO - Epoch 809/1000, Loss: 0.0509, Dice: 0.0382, MSE: 0.0424
2025-04-29 08:14:01 - INFO - Epoch 810/1000, Loss: 0.0493, Dice: 0.0384, MSE: 0.0362
2025-04-29 08:14:22 - INFO - Epoch 811/1000, Loss: 0.0491, Dice: 0.0360, MSE: 0.0440
2025-04-29 08:14:43 - INFO - Epoch 812/1000, Loss: 0.0569, Dice: 0.0436, MSE: 0.0445
2025-04-29 08:15:04 - INFO - Epoch 813/1000, Loss: 0.0564, Dice: 0.0454, MSE: 0.0367
2025-04-29 08:15:26 - INFO - Epoch 814/1000, Loss: 0.0519, Dice: 0.0401, MSE: 0.0394
2025-04-29 08:15:49 - INFO - Epoch 815/1000, Loss: 0.0563, Dice: 0.0451, MSE: 0.0373
2025-04-29 08:16:11 - INFO - Epoch 816/1000, Loss: 0.0531, Dice: 0.0406, MSE: 0.0417
2025-04-29 08:16:34 - INFO - Epoch 817/1000, Loss: 0.0514, Dice: 0.0389, MSE: 0.0418
2025-04-29 08:16:57 - INFO - Epoch 818/1000, Loss: 0.0580, Dice: 0.0450, MSE: 0.0436
2025-04-29 08:17:20 - INFO - Epoch 819/1000, Loss: 0.0491, Dice: 0.0376, MSE: 0.0384
2025-04-29 08:17:44 - INFO - Epoch 820/1000, Loss: 0.0548, Dice: 0.0430, MSE: 0.0393
2025-04-29 08:17:45 - INFO - 模型已保存至: epoch_820.pth
2025-04-29 08:18:09 - INFO - Epoch 821/1000, Loss: 0.0594, Dice: 0.0470, MSE: 0.0412
2025-04-29 08:18:31 - INFO - Epoch 822/1000, Loss: 0.0501, Dice: 0.0379, MSE: 0.0408
2025-04-29 08:18:54 - INFO - Epoch 823/1000, Loss: 0.0465, Dice: 0.0349, MSE: 0.0387
2025-04-29 08:19:16 - INFO - Epoch 824/1000, Loss: 0.0501, Dice: 0.0375, MSE: 0.0420
2025-04-29 08:19:38 - INFO - Epoch 825/1000, Loss: 0.0483, Dice: 0.0362, MSE: 0.0403
2025-04-29 08:20:00 - INFO - Epoch 826/1000, Loss: 0.0471, Dice: 0.0353, MSE: 0.0394
2025-04-29 08:20:21 - INFO - Epoch 827/1000, Loss: 0.0470, Dice: 0.0348, MSE: 0.0404
2025-04-29 08:20:42 - INFO - Epoch 828/1000, Loss: 0.0508, Dice: 0.0386, MSE: 0.0405
2025-04-29 08:21:03 - INFO - Epoch 829/1000, Loss: 0.0595, Dice: 0.0481, MSE: 0.0382
2025-04-29 08:21:24 - INFO - Epoch 830/1000, Loss: 0.0841, Dice: 0.0718, MSE: 0.0410
2025-04-29 08:21:44 - INFO - Epoch 831/1000, Loss: 0.0500, Dice: 0.0387, MSE: 0.0378
2025-04-29 08:22:05 - INFO - Epoch 832/1000, Loss: 0.0473, Dice: 0.0354, MSE: 0.0397
2025-04-29 08:22:26 - INFO - Epoch 833/1000, Loss: 0.0449, Dice: 0.0333, MSE: 0.0387
2025-04-29 08:22:46 - INFO - Epoch 834/1000, Loss: 0.0477, Dice: 0.0354, MSE: 0.0411
2025-04-29 08:23:07 - INFO - Epoch 835/1000, Loss: 0.0420, Dice: 0.0304, MSE: 0.0387
2025-04-29 08:23:28 - INFO - Epoch 836/1000, Loss: 0.0508, Dice: 0.0389, MSE: 0.0398
2025-04-29 08:23:50 - INFO - Epoch 837/1000, Loss: 0.0506, Dice: 0.0394, MSE: 0.0373
2025-04-29 08:24:12 - INFO - Epoch 838/1000, Loss: 0.0546, Dice: 0.0429, MSE: 0.0392
2025-04-29 08:24:35 - INFO - Epoch 839/1000, Loss: 0.0519, Dice: 0.0404, MSE: 0.0386
2025-04-29 08:24:58 - INFO - Epoch 840/1000, Loss: 0.0579, Dice: 0.0463, MSE: 0.0386
2025-04-29 08:24:59 - INFO - 模型已保存至: epoch_840.pth
2025-04-29 08:25:21 - INFO - Epoch 841/1000, Loss: 0.0604, Dice: 0.0496, MSE: 0.0360
2025-04-29 08:25:44 - INFO - Epoch 842/1000, Loss: 0.0554, Dice: 0.0441, MSE: 0.0377
2025-04-29 08:26:08 - INFO - Epoch 843/1000, Loss: 0.0591, Dice: 0.0479, MSE: 0.0373
2025-04-29 08:26:31 - INFO - Epoch 844/1000, Loss: 0.0533, Dice: 0.0414, MSE: 0.0397
2025-04-29 08:26:55 - INFO - Epoch 845/1000, Loss: 0.0506, Dice: 0.0394, MSE: 0.0371
2025-04-29 08:27:17 - INFO - Epoch 846/1000, Loss: 0.0504, Dice: 0.0380, MSE: 0.0413
2025-04-29 08:27:39 - INFO - Epoch 847/1000, Loss: 0.0519, Dice: 0.0400, MSE: 0.0399
2025-04-29 08:28:02 - INFO - Epoch 848/1000, Loss: 0.0498, Dice: 0.0382, MSE: 0.0386
2025-04-29 08:28:24 - INFO - Epoch 849/1000, Loss: 0.0517, Dice: 0.0393, MSE: 0.0413
2025-04-29 08:28:45 - INFO - Epoch 850/1000, Loss: 0.0557, Dice: 0.0431, MSE: 0.0419
2025-04-29 08:29:07 - INFO - Epoch 851/1000, Loss: 0.0497, Dice: 0.0386, MSE: 0.0370
2025-04-29 08:29:28 - INFO - Epoch 852/1000, Loss: 0.0510, Dice: 0.0404, MSE: 0.0355
2025-04-29 08:29:48 - INFO - Epoch 853/1000, Loss: 0.0464, Dice: 0.0347, MSE: 0.0389
2025-04-29 08:30:09 - INFO - Epoch 854/1000, Loss: 0.0504, Dice: 0.0365, MSE: 0.0465
2025-04-29 08:30:30 - INFO - Epoch 855/1000, Loss: 0.0454, Dice: 0.0335, MSE: 0.0398
2025-04-29 08:30:50 - INFO - Epoch 856/1000, Loss: 0.0459, Dice: 0.0335, MSE: 0.0411
2025-04-29 08:31:11 - INFO - Epoch 857/1000, Loss: 0.0546, Dice: 0.0432, MSE: 0.0382
2025-04-29 08:31:32 - INFO - Epoch 858/1000, Loss: 0.0551, Dice: 0.0433, MSE: 0.0393
2025-04-29 08:31:52 - INFO - Epoch 859/1000, Loss: 0.0545, Dice: 0.0437, MSE: 0.0359
2025-04-29 08:32:13 - INFO - Epoch 860/1000, Loss: 0.0553, Dice: 0.0436, MSE: 0.0390
2025-04-29 08:32:14 - INFO - 模型已保存至: epoch_860.pth
2025-04-29 08:32:36 - INFO - Epoch 861/1000, Loss: 0.0531, Dice: 0.0427, MSE: 0.0347
2025-04-29 08:32:59 - INFO - Epoch 862/1000, Loss: 0.0545, Dice: 0.0422, MSE: 0.0407
2025-04-29 08:33:22 - INFO - Epoch 863/1000, Loss: 0.0460, Dice: 0.0341, MSE: 0.0395
2025-04-29 08:33:44 - INFO - Epoch 864/1000, Loss: 0.0513, Dice: 0.0394, MSE: 0.0396
2025-04-29 08:34:07 - INFO - Epoch 865/1000, Loss: 0.0463, Dice: 0.0346, MSE: 0.0388
2025-04-29 08:34:30 - INFO - Epoch 866/1000, Loss: 0.0548, Dice: 0.0425, MSE: 0.0412
2025-04-29 08:34:54 - INFO - Epoch 867/1000, Loss: 0.0448, Dice: 0.0326, MSE: 0.0407
2025-04-29 08:35:18 - INFO - Epoch 868/1000, Loss: 0.0544, Dice: 0.0431, MSE: 0.0379
2025-04-29 08:35:40 - INFO - Epoch 869/1000, Loss: 0.0461, Dice: 0.0344, MSE: 0.0390
2025-04-29 08:36:03 - INFO - Epoch 870/1000, Loss: 0.0518, Dice: 0.0401, MSE: 0.0389
2025-04-29 08:36:25 - INFO - Epoch 871/1000, Loss: 0.0448, Dice: 0.0340, MSE: 0.0362
2025-04-29 08:36:47 - INFO - Epoch 872/1000, Loss: 0.0474, Dice: 0.0372, MSE: 0.0342
2025-04-29 08:37:10 - INFO - Epoch 873/1000, Loss: 0.0453, Dice: 0.0340, MSE: 0.0376
2025-04-29 08:37:31 - INFO - Epoch 874/1000, Loss: 0.0495, Dice: 0.0373, MSE: 0.0407
2025-04-29 08:37:53 - INFO - Epoch 875/1000, Loss: 0.0458, Dice: 0.0345, MSE: 0.0375
2025-04-29 08:38:13 - INFO - Epoch 876/1000, Loss: 0.0449, Dice: 0.0330, MSE: 0.0396
2025-04-29 08:38:34 - INFO - Epoch 877/1000, Loss: 0.0519, Dice: 0.0406, MSE: 0.0377
2025-04-29 08:38:54 - INFO - Epoch 878/1000, Loss: 0.0527, Dice: 0.0416, MSE: 0.0371
2025-04-29 08:39:15 - INFO - Epoch 879/1000, Loss: 0.0557, Dice: 0.0428, MSE: 0.0432
2025-04-29 08:39:36 - INFO - Epoch 880/1000, Loss: 0.0472, Dice: 0.0352, MSE: 0.0398
2025-04-29 08:39:37 - INFO - 模型已保存至: epoch_880.pth
2025-04-29 08:39:58 - INFO - Epoch 881/1000, Loss: 0.0478, Dice: 0.0361, MSE: 0.0390
2025-04-29 08:40:18 - INFO - Epoch 882/1000, Loss: 0.0488, Dice: 0.0367, MSE: 0.0403
2025-04-29 08:40:39 - INFO - Epoch 883/1000, Loss: 0.0543, Dice: 0.0430, MSE: 0.0376
2025-04-29 08:41:00 - INFO - Epoch 884/1000, Loss: 0.0492, Dice: 0.0375, MSE: 0.0389
2025-04-29 08:41:22 - INFO - Epoch 885/1000, Loss: 0.0486, Dice: 0.0366, MSE: 0.0399
2025-04-29 08:41:45 - INFO - Epoch 886/1000, Loss: 0.0456, Dice: 0.0340, MSE: 0.0387
2025-04-29 08:42:08 - INFO - Epoch 887/1000, Loss: 0.0664, Dice: 0.0547, MSE: 0.0389
2025-04-29 08:42:30 - INFO - Epoch 888/1000, Loss: 0.1107, Dice: 0.0987, MSE: 0.0402
2025-04-29 08:42:53 - INFO - Epoch 889/1000, Loss: 0.1214, Dice: 0.1102, MSE: 0.0374
2025-04-29 08:43:16 - INFO - Epoch 890/1000, Loss: 0.1436, Dice: 0.1328, MSE: 0.0362
2025-04-29 08:43:40 - INFO - Epoch 891/1000, Loss: 0.1166, Dice: 0.1063, MSE: 0.0345
2025-04-29 08:44:04 - INFO - Epoch 892/1000, Loss: 0.1125, Dice: 0.1036, MSE: 0.0296
2025-04-29 08:44:26 - INFO - Epoch 893/1000, Loss: 0.1340, Dice: 0.1219, MSE: 0.0401
2025-04-29 08:44:48 - INFO - Epoch 894/1000, Loss: 0.1036, Dice: 0.0942, MSE: 0.0313
2025-04-29 08:45:11 - INFO - Epoch 895/1000, Loss: 0.0634, Dice: 0.0532, MSE: 0.0338
2025-04-29 08:45:33 - INFO - Epoch 896/1000, Loss: 0.0621, Dice: 0.0522, MSE: 0.0331
2025-04-29 08:45:55 - INFO - Epoch 897/1000, Loss: 0.0645, Dice: 0.0545, MSE: 0.0332
2025-04-29 08:46:17 - INFO - Epoch 898/1000, Loss: 0.0574, Dice: 0.0469, MSE: 0.0348
2025-04-29 08:46:38 - INFO - Epoch 899/1000, Loss: 0.0540, Dice: 0.0443, MSE: 0.0324
2025-04-29 08:46:59 - INFO - Epoch 900/1000, Loss: 0.0583, Dice: 0.0480, MSE: 0.0345
2025-04-29 08:47:00 - INFO - 模型已保存至: epoch_900.pth
2025-04-29 08:47:21 - INFO - Epoch 901/1000, Loss: 0.0575, Dice: 0.0472, MSE: 0.0344
2025-04-29 08:47:42 - INFO - Epoch 902/1000, Loss: 0.0633, Dice: 0.0532, MSE: 0.0335
2025-04-29 08:48:02 - INFO - Epoch 903/1000, Loss: 0.0578, Dice: 0.0465, MSE: 0.0378
2025-04-29 08:48:23 - INFO - Epoch 904/1000, Loss: 0.0557, Dice: 0.0454, MSE: 0.0345
2025-04-29 08:48:43 - INFO - Epoch 905/1000, Loss: 0.0548, Dice: 0.0439, MSE: 0.0362
2025-04-29 08:49:04 - INFO - Epoch 906/1000, Loss: 0.0529, Dice: 0.0418, MSE: 0.0369
2025-04-29 08:49:25 - INFO - Epoch 907/1000, Loss: 0.0581, Dice: 0.0461, MSE: 0.0402
2025-04-29 08:49:47 - INFO - Epoch 908/1000, Loss: 0.0608, Dice: 0.0497, MSE: 0.0372
2025-04-29 08:50:09 - INFO - Epoch 909/1000, Loss: 0.0603, Dice: 0.0490, MSE: 0.0377
2025-04-29 08:50:32 - INFO - Epoch 910/1000, Loss: 0.0724, Dice: 0.0608, MSE: 0.0387
2025-04-29 08:50:54 - INFO - Epoch 911/1000, Loss: 0.0648, Dice: 0.0547, MSE: 0.0335
2025-04-29 08:51:17 - INFO - Epoch 912/1000, Loss: 0.0652, Dice: 0.0548, MSE: 0.0346
2025-04-29 08:51:40 - INFO - Epoch 913/1000, Loss: 0.0595, Dice: 0.0484, MSE: 0.0369
2025-04-29 08:52:03 - INFO - Epoch 914/1000, Loss: 0.0546, Dice: 0.0431, MSE: 0.0385
2025-04-29 08:52:28 - INFO - Epoch 915/1000, Loss: 0.0568, Dice: 0.0458, MSE: 0.0365
2025-04-29 08:52:51 - INFO - Epoch 916/1000, Loss: 0.0512, Dice: 0.0411, MSE: 0.0338
2025-04-29 08:53:14 - INFO - Epoch 917/1000, Loss: 0.0480, Dice: 0.0379, MSE: 0.0337
2025-04-29 08:53:36 - INFO - Epoch 918/1000, Loss: 0.0548, Dice: 0.0422, MSE: 0.0417
2025-04-29 08:53:58 - INFO - Epoch 919/1000, Loss: 0.0554, Dice: 0.0443, MSE: 0.0369
2025-04-29 08:54:20 - INFO - Epoch 920/1000, Loss: 0.0566, Dice: 0.0459, MSE: 0.0357
2025-04-29 08:54:21 - INFO - 模型已保存至: epoch_920.pth
2025-04-29 08:54:43 - INFO - Epoch 921/1000, Loss: 0.0518, Dice: 0.0409, MSE: 0.0362
2025-04-29 08:55:04 - INFO - Epoch 922/1000, Loss: 0.0509, Dice: 0.0393, MSE: 0.0386
2025-04-29 08:55:25 - INFO - Epoch 923/1000, Loss: 0.0510, Dice: 0.0386, MSE: 0.0414
2025-04-29 08:55:46 - INFO - Epoch 924/1000, Loss: 0.0520, Dice: 0.0399, MSE: 0.0403
2025-04-29 08:56:06 - INFO - Epoch 925/1000, Loss: 0.0643, Dice: 0.0526, MSE: 0.0392
2025-04-29 08:56:27 - INFO - Epoch 926/1000, Loss: 0.0619, Dice: 0.0509, MSE: 0.0369
2025-04-29 08:56:48 - INFO - Epoch 927/1000, Loss: 0.0561, Dice: 0.0451, MSE: 0.0366
2025-04-29 08:57:08 - INFO - Epoch 928/1000, Loss: 0.0503, Dice: 0.0390, MSE: 0.0378
2025-04-29 08:57:29 - INFO - Epoch 929/1000, Loss: 0.0537, Dice: 0.0434, MSE: 0.0345
2025-04-29 08:57:50 - INFO - Epoch 930/1000, Loss: 0.0474, Dice: 0.0368, MSE: 0.0355
2025-04-29 08:58:11 - INFO - Epoch 931/1000, Loss: 0.0562, Dice: 0.0439, MSE: 0.0411
2025-04-29 08:58:33 - INFO - Epoch 932/1000, Loss: 0.0497, Dice: 0.0386, MSE: 0.0371
2025-04-29 08:58:55 - INFO - Epoch 933/1000, Loss: 0.0507, Dice: 0.0395, MSE: 0.0374
2025-04-29 08:59:18 - INFO - Epoch 934/1000, Loss: 0.0527, Dice: 0.0415, MSE: 0.0374
2025-04-29 08:59:41 - INFO - Epoch 935/1000, Loss: 0.0508, Dice: 0.0394, MSE: 0.0379
2025-04-29 09:00:03 - INFO - Epoch 936/1000, Loss: 0.0492, Dice: 0.0368, MSE: 0.0411
2025-04-29 09:00:25 - INFO - Epoch 937/1000, Loss: 0.0619, Dice: 0.0505, MSE: 0.0379
2025-04-29 09:00:46 - INFO - Epoch 938/1000, Loss: 0.0448, Dice: 0.0336, MSE: 0.0373
2025-04-29 09:01:07 - INFO - Epoch 939/1000, Loss: 0.0476, Dice: 0.0367, MSE: 0.0365
2025-04-29 09:01:26 - INFO - Epoch 940/1000, Loss: 0.0452, Dice: 0.0336, MSE: 0.0387
2025-04-29 09:01:27 - INFO - 模型已保存至: epoch_940.pth
2025-04-29 09:01:45 - INFO - Epoch 941/1000, Loss: 0.0464, Dice: 0.0352, MSE: 0.0374
2025-04-29 09:02:04 - INFO - Epoch 942/1000, Loss: 0.0472, Dice: 0.0359, MSE: 0.0375
2025-04-29 09:02:22 - INFO - Epoch 943/1000, Loss: 0.0445, Dice: 0.0335, MSE: 0.0369
2025-04-29 09:02:41 - INFO - Epoch 944/1000, Loss: 0.0455, Dice: 0.0340, MSE: 0.0381
2025-04-29 09:03:00 - INFO - Epoch 945/1000, Loss: 0.0477, Dice: 0.0374, MSE: 0.0342
2025-04-29 09:03:19 - INFO - Epoch 946/1000, Loss: 0.0457, Dice: 0.0340, MSE: 0.0389
2025-04-29 09:03:37 - INFO - Epoch 947/1000, Loss: 0.0474, Dice: 0.0351, MSE: 0.0413
2025-04-29 09:03:56 - INFO - Epoch 948/1000, Loss: 0.0521, Dice: 0.0408, MSE: 0.0377
2025-04-29 09:04:15 - INFO - Epoch 949/1000, Loss: 0.0486, Dice: 0.0368, MSE: 0.0393
2025-04-29 09:04:34 - INFO - Epoch 950/1000, Loss: 0.0500, Dice: 0.0381, MSE: 0.0397
2025-04-29 09:04:52 - INFO - Epoch 951/1000, Loss: 0.0447, Dice: 0.0334, MSE: 0.0377
2025-04-29 09:05:11 - INFO - Epoch 952/1000, Loss: 0.0497, Dice: 0.0380, MSE: 0.0390
2025-04-29 09:05:29 - INFO - Epoch 953/1000, Loss: 0.0508, Dice: 0.0389, MSE: 0.0397
2025-04-29 09:05:47 - INFO - Epoch 954/1000, Loss: 0.0555, Dice: 0.0436, MSE: 0.0398
2025-04-29 09:06:05 - INFO - Epoch 955/1000, Loss: 0.0465, Dice: 0.0350, MSE: 0.0380
2025-04-29 09:06:22 - INFO - Epoch 956/1000, Loss: 0.0505, Dice: 0.0389, MSE: 0.0385
2025-04-29 09:06:40 - INFO - Epoch 957/1000, Loss: 0.0453, Dice: 0.0341, MSE: 0.0375
2025-04-29 09:06:57 - INFO - Epoch 958/1000, Loss: 0.0437, Dice: 0.0333, MSE: 0.0344
2025-04-29 09:07:14 - INFO - Epoch 959/1000, Loss: 0.0481, Dice: 0.0361, MSE: 0.0401
2025-04-29 09:07:31 - INFO - Epoch 960/1000, Loss: 0.0457, Dice: 0.0338, MSE: 0.0399
2025-04-29 09:07:32 - INFO - 模型已保存至: epoch_960.pth
2025-04-29 09:07:49 - INFO - Epoch 961/1000, Loss: 0.0441, Dice: 0.0331, MSE: 0.0367
2025-04-29 09:08:06 - INFO - Epoch 962/1000, Loss: 0.0465, Dice: 0.0354, MSE: 0.0371
2025-04-29 09:08:22 - INFO - Epoch 963/1000, Loss: 0.0432, Dice: 0.0323, MSE: 0.0362
2025-04-29 09:08:39 - INFO - Epoch 964/1000, Loss: 0.0567, Dice: 0.0448, MSE: 0.0397
2025-04-29 09:08:56 - INFO - Epoch 965/1000, Loss: 0.0542, Dice: 0.0428, MSE: 0.0380
2025-04-29 09:09:14 - INFO - Epoch 966/1000, Loss: 0.0480, Dice: 0.0361, MSE: 0.0397
2025-04-29 09:09:31 - INFO - Epoch 967/1000, Loss: 0.0444, Dice: 0.0336, MSE: 0.0360
2025-04-29 09:09:48 - INFO - Epoch 968/1000, Loss: 0.0447, Dice: 0.0335, MSE: 0.0376
2025-04-29 09:10:05 - INFO - Epoch 969/1000, Loss: 0.0449, Dice: 0.0336, MSE: 0.0379
2025-04-29 09:10:23 - INFO - Epoch 970/1000, Loss: 0.0489, Dice: 0.0369, MSE: 0.0402
2025-04-29 09:10:40 - INFO - Epoch 971/1000, Loss: 0.0472, Dice: 0.0356, MSE: 0.0387
2025-04-29 09:10:57 - INFO - Epoch 972/1000, Loss: 0.0530, Dice: 0.0420, MSE: 0.0367
2025-04-29 09:11:13 - INFO - Epoch 973/1000, Loss: 0.0482, Dice: 0.0363, MSE: 0.0397
2025-04-29 09:11:31 - INFO - Epoch 974/1000, Loss: 0.0440, Dice: 0.0324, MSE: 0.0387
2025-04-29 09:11:48 - INFO - Epoch 975/1000, Loss: 0.0509, Dice: 0.0399, MSE: 0.0369
2025-04-29 09:12:05 - INFO - Epoch 976/1000, Loss: 0.0474, Dice: 0.0335, MSE: 0.0463
2025-04-29 09:12:22 - INFO - Epoch 977/1000, Loss: 0.0598, Dice: 0.0482, MSE: 0.0387
2025-04-29 09:12:40 - INFO - Epoch 978/1000, Loss: 0.0461, Dice: 0.0340, MSE: 0.0401
2025-04-29 09:12:57 - INFO - Epoch 979/1000, Loss: 0.0443, Dice: 0.0319, MSE: 0.0414
2025-04-29 09:13:15 - INFO - Epoch 980/1000, Loss: 0.0426, Dice: 0.0318, MSE: 0.0358
2025-04-29 09:13:16 - INFO - 模型已保存至: epoch_980.pth
2025-04-29 09:13:32 - INFO - Epoch 981/1000, Loss: 0.0471, Dice: 0.0356, MSE: 0.0385
2025-04-29 09:13:49 - INFO - Epoch 982/1000, Loss: 0.0554, Dice: 0.0435, MSE: 0.0395
2025-04-29 09:14:06 - INFO - Epoch 983/1000, Loss: 0.0497, Dice: 0.0376, MSE: 0.0404
2025-04-29 09:14:22 - INFO - Epoch 984/1000, Loss: 0.0451, Dice: 0.0335, MSE: 0.0386
2025-04-29 09:14:39 - INFO - Epoch 985/1000, Loss: 0.0503, Dice: 0.0392, MSE: 0.0370
2025-04-29 09:14:56 - INFO - Epoch 986/1000, Loss: 0.0515, Dice: 0.0404, MSE: 0.0371
2025-04-29 09:15:13 - INFO - Epoch 987/1000, Loss: 0.0491, Dice: 0.0385, MSE: 0.0355
2025-04-29 09:15:30 - INFO - Epoch 988/1000, Loss: 0.0536, Dice: 0.0420, MSE: 0.0388
2025-04-29 09:15:47 - INFO - Epoch 989/1000, Loss: 0.0484, Dice: 0.0378, MSE: 0.0354
2025-04-29 09:16:04 - INFO - Epoch 990/1000, Loss: 0.0538, Dice: 0.0422, MSE: 0.0385
2025-04-29 09:16:22 - INFO - Epoch 991/1000, Loss: 0.0496, Dice: 0.0381, MSE: 0.0382
2025-04-29 09:16:39 - INFO - Epoch 992/1000, Loss: 0.0490, Dice: 0.0377, MSE: 0.0378
2025-04-29 09:16:56 - INFO - Epoch 993/1000, Loss: 0.0450, Dice: 0.0336, MSE: 0.0379
2025-04-29 09:17:13 - INFO - Epoch 994/1000, Loss: 0.0459, Dice: 0.0342, MSE: 0.0390
2025-04-29 09:17:30 - INFO - Epoch 995/1000, Loss: 0.0476, Dice: 0.0358, MSE: 0.0393
2025-04-29 09:17:47 - INFO - Epoch 996/1000, Loss: 0.0469, Dice: 0.0351, MSE: 0.0394
2025-04-29 09:18:05 - INFO - Epoch 997/1000, Loss: 0.0483, Dice: 0.0372, MSE: 0.0370
2025-04-29 09:18:22 - INFO - Epoch 998/1000, Loss: 0.0487, Dice: 0.0379, MSE: 0.0358
2025-04-29 09:18:39 - INFO - Epoch 999/1000, Loss: 0.0457, Dice: 0.0347, MSE: 0.0366
2025-04-29 09:18:57 - INFO - Epoch 1000/1000, Loss: 0.0487, Dice: 0.0373, MSE: 0.0381
2025-04-29 09:18:58 - INFO - 模型已保存至: epoch_1000.pth
2025-04-29 09:18:58 - INFO - 训练完成！
