2025-06-06 17:15:39 - INFO - Logging is set up.
2025-06-06 17:15:39 - INFO - 训练配置参数:
{'seed': 42, 'epochs': 1000, 'batch_size': 5, 'num_classes': 2, 'learning_rate': 0.001, 'dataset_path': './datasets/LA', 'log_path': './result/SAM3D_VNet_SSL/LA_16_SemiSupervised_V14_1/Training.log', 'pth_path': './result/SAM3D_VNet_SSL/LA_16_SemiSupervised_V14_1/Pth', 'tensorboard_path': './result/SAM3D_VNet_SSL/LA_16_SemiSupervised_V14_1/Train', 'continue_train': False, 'multi_gpu': True, 'training_label_num': 16, 'training_unlabel_num': 64, 'label_bs': 1, 'unlabel_bs': 4, 'consistency_weight': 0.3, 'pretrained_weights': None}
2025-06-06 17:15:40 - INFO - 使用 2 个GPU
2025-06-06 17:15:40 - INFO - 模型总参数: 88,863,493
2025-06-06 17:15:40 - INFO - 可训练参数: 88,863,493
2025-06-06 17:16:06 - INFO - Epoch 1/1000, Loss: 0.9059, Dice: 0.8906, MSE: 0.0509
2025-06-06 17:16:29 - INFO - Epoch 2/1000, Loss: 0.8420, Dice: 0.8274, MSE: 0.0486
2025-06-06 17:16:52 - INFO - Epoch 3/1000, Loss: 0.8061, Dice: 0.7885, MSE: 0.0589
2025-06-06 17:17:14 - INFO - Epoch 4/1000, Loss: 0.8112, Dice: 0.7952, MSE: 0.0531
2025-06-06 17:17:37 - INFO - Epoch 5/1000, Loss: 0.6782, Dice: 0.6604, MSE: 0.0593
2025-06-06 17:18:00 - INFO - Epoch 6/1000, Loss: 0.6491, Dice: 0.6350, MSE: 0.0472
2025-06-06 17:18:23 - INFO - Epoch 7/1000, Loss: 0.6280, Dice: 0.6144, MSE: 0.0454
2025-06-06 17:18:46 - INFO - Epoch 8/1000, Loss: 0.5818, Dice: 0.5697, MSE: 0.0402
2025-06-06 17:19:09 - INFO - Epoch 9/1000, Loss: 0.5520, Dice: 0.5385, MSE: 0.0448
2025-06-06 17:19:32 - INFO - Epoch 10/1000, Loss: 0.5473, Dice: 0.5335, MSE: 0.0461
2025-06-06 17:19:55 - INFO - Epoch 11/1000, Loss: 0.5512, Dice: 0.5366, MSE: 0.0486
2025-06-06 17:20:18 - INFO - Epoch 12/1000, Loss: 0.5013, Dice: 0.4889, MSE: 0.0415
2025-06-06 17:20:41 - INFO - Epoch 13/1000, Loss: 0.5796, Dice: 0.5680, MSE: 0.0386
2025-06-06 17:21:05 - INFO - Epoch 14/1000, Loss: 0.5012, Dice: 0.4880, MSE: 0.0441
2025-06-06 17:21:28 - INFO - Epoch 15/1000, Loss: 0.4869, Dice: 0.4745, MSE: 0.0413
2025-06-06 17:21:51 - INFO - Epoch 16/1000, Loss: 0.4768, Dice: 0.4637, MSE: 0.0436
2025-06-06 17:22:14 - INFO - Epoch 17/1000, Loss: 0.4465, Dice: 0.4309, MSE: 0.0522
2025-06-06 17:22:37 - INFO - Epoch 18/1000, Loss: 0.4688, Dice: 0.4527, MSE: 0.0538
2025-06-06 17:23:00 - INFO - Epoch 19/1000, Loss: 0.4658, Dice: 0.4514, MSE: 0.0481
2025-06-06 17:23:23 - INFO - Epoch 20/1000, Loss: 0.4807, Dice: 0.4629, MSE: 0.0594
2025-06-06 17:23:24 - INFO - 模型已保存至: epoch_20.pth
2025-06-06 17:23:47 - INFO - Epoch 21/1000, Loss: 0.4372, Dice: 0.4211, MSE: 0.0536
2025-06-06 17:24:10 - INFO - Epoch 22/1000, Loss: 0.4135, Dice: 0.3970, MSE: 0.0552
2025-06-06 17:24:33 - INFO - Epoch 23/1000, Loss: 0.4376, Dice: 0.4228, MSE: 0.0494
2025-06-06 17:24:56 - INFO - Epoch 24/1000, Loss: 0.4604, Dice: 0.4445, MSE: 0.0531
2025-06-06 17:25:19 - INFO - Epoch 25/1000, Loss: 0.4949, Dice: 0.4820, MSE: 0.0431
2025-06-06 17:25:42 - INFO - Epoch 26/1000, Loss: 0.4582, Dice: 0.4456, MSE: 0.0420
2025-06-06 17:26:05 - INFO - Epoch 27/1000, Loss: 0.4443, Dice: 0.4295, MSE: 0.0495
2025-06-06 17:26:28 - INFO - Epoch 28/1000, Loss: 0.4747, Dice: 0.4614, MSE: 0.0443
2025-06-06 17:26:51 - INFO - Epoch 29/1000, Loss: 0.4161, Dice: 0.4026, MSE: 0.0450
2025-06-06 17:27:14 - INFO - Epoch 30/1000, Loss: 0.3956, Dice: 0.3817, MSE: 0.0464
2025-06-06 17:27:37 - INFO - Epoch 31/1000, Loss: 0.3986, Dice: 0.3888, MSE: 0.0327
2025-06-06 17:28:00 - INFO - Epoch 32/1000, Loss: 0.4129, Dice: 0.3983, MSE: 0.0487
2025-06-06 17:28:23 - INFO - Epoch 33/1000, Loss: 0.3785, Dice: 0.3650, MSE: 0.0452
2025-06-06 17:28:46 - INFO - Epoch 34/1000, Loss: 0.3688, Dice: 0.3535, MSE: 0.0509
2025-06-06 17:29:09 - INFO - Epoch 35/1000, Loss: 0.3561, Dice: 0.3404, MSE: 0.0525
2025-06-06 17:29:32 - INFO - Epoch 36/1000, Loss: 0.3661, Dice: 0.3512, MSE: 0.0496
2025-06-06 17:29:54 - INFO - Epoch 37/1000, Loss: 0.3180, Dice: 0.3033, MSE: 0.0488
2025-06-06 17:30:17 - INFO - Epoch 38/1000, Loss: 0.3047, Dice: 0.2894, MSE: 0.0511
2025-06-06 17:30:40 - INFO - Epoch 39/1000, Loss: 0.3732, Dice: 0.3557, MSE: 0.0582
2025-06-06 17:31:03 - INFO - Epoch 40/1000, Loss: 0.3984, Dice: 0.3814, MSE: 0.0564
2025-06-06 17:31:04 - INFO - 模型已保存至: epoch_40.pth
2025-06-06 17:31:27 - INFO - Epoch 41/1000, Loss: 0.3584, Dice: 0.3425, MSE: 0.0530
2025-06-06 17:31:50 - INFO - Epoch 42/1000, Loss: 0.3414, Dice: 0.3249, MSE: 0.0552
2025-06-06 17:32:13 - INFO - Epoch 43/1000, Loss: 0.3839, Dice: 0.3683, MSE: 0.0521
2025-06-06 17:32:36 - INFO - Epoch 44/1000, Loss: 0.3465, Dice: 0.3305, MSE: 0.0531
2025-06-06 17:32:59 - INFO - Epoch 45/1000, Loss: 0.3096, Dice: 0.2925, MSE: 0.0571
2025-06-06 17:33:22 - INFO - Epoch 46/1000, Loss: 0.3176, Dice: 0.2984, MSE: 0.0639
2025-06-06 17:33:45 - INFO - Epoch 47/1000, Loss: 0.3424, Dice: 0.3243, MSE: 0.0602
2025-06-06 17:34:08 - INFO - Epoch 48/1000, Loss: 0.2880, Dice: 0.2685, MSE: 0.0650
2025-06-06 17:34:31 - INFO - Epoch 49/1000, Loss: 0.2899, Dice: 0.2721, MSE: 0.0594
2025-06-06 17:34:54 - INFO - Epoch 50/1000, Loss: 0.4078, Dice: 0.3890, MSE: 0.0628
2025-06-06 17:35:17 - INFO - Epoch 51/1000, Loss: 0.3050, Dice: 0.2905, MSE: 0.0484
2025-06-06 17:35:40 - INFO - Epoch 52/1000, Loss: 0.3717, Dice: 0.3567, MSE: 0.0498
2025-06-06 17:36:03 - INFO - Epoch 53/1000, Loss: 0.2741, Dice: 0.2567, MSE: 0.0582
2025-06-06 17:36:25 - INFO - Epoch 54/1000, Loss: 0.3179, Dice: 0.3018, MSE: 0.0540
2025-06-06 17:36:48 - INFO - Epoch 55/1000, Loss: 0.3040, Dice: 0.2829, MSE: 0.0704
2025-06-06 17:37:11 - INFO - Epoch 56/1000, Loss: 0.2792, Dice: 0.2589, MSE: 0.0678
2025-06-06 17:37:34 - INFO - Epoch 57/1000, Loss: 0.2436, Dice: 0.2273, MSE: 0.0542
2025-06-06 17:37:57 - INFO - Epoch 58/1000, Loss: 0.2265, Dice: 0.2076, MSE: 0.0627
2025-06-06 17:38:20 - INFO - Epoch 59/1000, Loss: 0.2508, Dice: 0.2340, MSE: 0.0559
2025-06-06 17:38:43 - INFO - Epoch 60/1000, Loss: 0.2926, Dice: 0.2737, MSE: 0.0633
2025-06-06 17:38:44 - INFO - 模型已保存至: epoch_60.pth
2025-06-06 17:39:06 - INFO - Epoch 61/1000, Loss: 0.3150, Dice: 0.2972, MSE: 0.0596
2025-06-06 17:39:29 - INFO - Epoch 62/1000, Loss: 0.2667, Dice: 0.2512, MSE: 0.0515
2025-06-06 17:39:52 - INFO - Epoch 63/1000, Loss: 0.2425, Dice: 0.2276, MSE: 0.0496
2025-06-06 17:40:15 - INFO - Epoch 64/1000, Loss: 0.2709, Dice: 0.2532, MSE: 0.0591
2025-06-06 17:40:38 - INFO - Epoch 65/1000, Loss: 0.3578, Dice: 0.3397, MSE: 0.0602
2025-06-06 17:41:00 - INFO - Epoch 66/1000, Loss: 0.3064, Dice: 0.2889, MSE: 0.0586
2025-06-06 17:41:23 - INFO - Epoch 67/1000, Loss: 0.2740, Dice: 0.2578, MSE: 0.0540
2025-06-06 17:41:46 - INFO - Epoch 68/1000, Loss: 0.2641, Dice: 0.2474, MSE: 0.0558
2025-06-06 17:42:09 - INFO - Epoch 69/1000, Loss: 0.2513, Dice: 0.2331, MSE: 0.0607
2025-06-06 17:42:32 - INFO - Epoch 70/1000, Loss: 0.2394, Dice: 0.2216, MSE: 0.0594
2025-06-06 17:42:55 - INFO - Epoch 71/1000, Loss: 0.2620, Dice: 0.2416, MSE: 0.0680
2025-06-06 17:43:18 - INFO - Epoch 72/1000, Loss: 0.2269, Dice: 0.2066, MSE: 0.0678
2025-06-06 17:43:40 - INFO - Epoch 73/1000, Loss: 0.2600, Dice: 0.2388, MSE: 0.0706
2025-06-06 17:44:03 - INFO - Epoch 74/1000, Loss: 0.2374, Dice: 0.2173, MSE: 0.0667
2025-06-06 17:44:26 - INFO - Epoch 75/1000, Loss: 0.3068, Dice: 0.2878, MSE: 0.0633
2025-06-06 17:44:49 - INFO - Epoch 76/1000, Loss: 0.2717, Dice: 0.2549, MSE: 0.0562
2025-06-06 17:45:12 - INFO - Epoch 77/1000, Loss: 0.2756, Dice: 0.2567, MSE: 0.0631
2025-06-06 17:45:34 - INFO - Epoch 78/1000, Loss: 0.2506, Dice: 0.2329, MSE: 0.0587
2025-06-06 17:45:57 - INFO - Epoch 79/1000, Loss: 0.2729, Dice: 0.2556, MSE: 0.0576
2025-06-06 17:46:20 - INFO - Epoch 80/1000, Loss: 0.2455, Dice: 0.2281, MSE: 0.0580
2025-06-06 17:46:21 - INFO - 模型已保存至: epoch_80.pth
2025-06-06 17:46:44 - INFO - Epoch 81/1000, Loss: 0.2396, Dice: 0.2215, MSE: 0.0604
2025-06-06 17:47:07 - INFO - Epoch 82/1000, Loss: 0.2017, Dice: 0.1845, MSE: 0.0575
2025-06-06 17:47:29 - INFO - Epoch 83/1000, Loss: 0.1990, Dice: 0.1786, MSE: 0.0679
2025-06-06 17:47:52 - INFO - Epoch 84/1000, Loss: 0.2068, Dice: 0.1879, MSE: 0.0630
2025-06-06 17:48:15 - INFO - Epoch 85/1000, Loss: 0.2241, Dice: 0.2087, MSE: 0.0514
2025-06-06 17:48:38 - INFO - Epoch 86/1000, Loss: 0.1964, Dice: 0.1823, MSE: 0.0471
2025-06-06 17:49:01 - INFO - Epoch 87/1000, Loss: 0.1926, Dice: 0.1775, MSE: 0.0505
2025-06-06 17:49:24 - INFO - Epoch 88/1000, Loss: 0.2086, Dice: 0.1923, MSE: 0.0542
2025-06-06 17:49:46 - INFO - Epoch 89/1000, Loss: 0.2203, Dice: 0.2045, MSE: 0.0526
2025-06-06 17:50:09 - INFO - Epoch 90/1000, Loss: 0.1958, Dice: 0.1816, MSE: 0.0472
2025-06-06 17:50:32 - INFO - Epoch 91/1000, Loss: 0.1802, Dice: 0.1664, MSE: 0.0459
2025-06-06 17:50:55 - INFO - Epoch 92/1000, Loss: 0.2165, Dice: 0.2012, MSE: 0.0511
2025-06-06 17:51:17 - INFO - Epoch 93/1000, Loss: 0.2014, Dice: 0.1862, MSE: 0.0507
2025-06-06 17:51:40 - INFO - Epoch 94/1000, Loss: 0.1936, Dice: 0.1788, MSE: 0.0492
2025-06-06 17:52:03 - INFO - Epoch 95/1000, Loss: 0.1965, Dice: 0.1822, MSE: 0.0477
2025-06-06 17:52:26 - INFO - Epoch 96/1000, Loss: 0.1782, Dice: 0.1625, MSE: 0.0522
2025-06-06 17:52:49 - INFO - Epoch 97/1000, Loss: 0.1926, Dice: 0.1785, MSE: 0.0473
2025-06-06 17:53:12 - INFO - Epoch 98/1000, Loss: 0.2321, Dice: 0.2181, MSE: 0.0468
2025-06-06 17:53:34 - INFO - Epoch 99/1000, Loss: 0.2062, Dice: 0.1932, MSE: 0.0434
2025-06-06 17:53:57 - INFO - Epoch 100/1000, Loss: 0.2388, Dice: 0.2248, MSE: 0.0467
2025-06-06 17:53:58 - INFO - 模型已保存至: epoch_100.pth
2025-06-06 17:54:21 - INFO - Epoch 101/1000, Loss: 0.2739, Dice: 0.2586, MSE: 0.0510
2025-06-06 17:54:44 - INFO - Epoch 102/1000, Loss: 0.2568, Dice: 0.2430, MSE: 0.0461
2025-06-06 17:55:06 - INFO - Epoch 103/1000, Loss: 0.2220, Dice: 0.2083, MSE: 0.0457
2025-06-06 17:55:29 - INFO - Epoch 104/1000, Loss: 0.2250, Dice: 0.2100, MSE: 0.0501
2025-06-06 17:55:52 - INFO - Epoch 105/1000, Loss: 0.1929, Dice: 0.1796, MSE: 0.0442
2025-06-06 17:56:15 - INFO - Epoch 106/1000, Loss: 0.2293, Dice: 0.2147, MSE: 0.0489
2025-06-06 17:56:37 - INFO - Epoch 107/1000, Loss: 0.1993, Dice: 0.1850, MSE: 0.0475
2025-06-06 17:57:00 - INFO - Epoch 108/1000, Loss: 0.1678, Dice: 0.1532, MSE: 0.0487
2025-06-06 17:57:23 - INFO - Epoch 109/1000, Loss: 0.1692, Dice: 0.1528, MSE: 0.0546
2025-06-06 17:57:46 - INFO - Epoch 110/1000, Loss: 0.2042, Dice: 0.1886, MSE: 0.0519
2025-06-06 17:58:09 - INFO - Epoch 111/1000, Loss: 0.1910, Dice: 0.1765, MSE: 0.0480
2025-06-06 17:58:32 - INFO - Epoch 112/1000, Loss: 0.2084, Dice: 0.1929, MSE: 0.0519
2025-06-06 17:58:54 - INFO - Epoch 113/1000, Loss: 0.2088, Dice: 0.1955, MSE: 0.0442
2025-06-06 17:59:17 - INFO - Epoch 114/1000, Loss: 0.1841, Dice: 0.1718, MSE: 0.0410
2025-06-06 17:59:40 - INFO - Epoch 115/1000, Loss: 0.2375, Dice: 0.2220, MSE: 0.0517
2025-06-06 18:00:03 - INFO - Epoch 116/1000, Loss: 0.1975, Dice: 0.1843, MSE: 0.0438
2025-06-06 18:00:25 - INFO - Epoch 117/1000, Loss: 0.2104, Dice: 0.1962, MSE: 0.0471
2025-06-06 18:00:48 - INFO - Epoch 118/1000, Loss: 0.2832, Dice: 0.2685, MSE: 0.0493
2025-06-06 18:01:11 - INFO - Epoch 119/1000, Loss: 0.1913, Dice: 0.1764, MSE: 0.0497
2025-06-06 18:01:33 - INFO - Epoch 120/1000, Loss: 0.1958, Dice: 0.1803, MSE: 0.0515
2025-06-06 18:01:35 - INFO - 模型已保存至: epoch_120.pth
2025-06-06 18:01:57 - INFO - Epoch 121/1000, Loss: 0.1631, Dice: 0.1476, MSE: 0.0519
2025-06-06 18:02:20 - INFO - Epoch 122/1000, Loss: 0.1944, Dice: 0.1808, MSE: 0.0457
2025-06-06 18:02:43 - INFO - Epoch 123/1000, Loss: 0.2375, Dice: 0.2220, MSE: 0.0517
2025-06-06 18:03:05 - INFO - Epoch 124/1000, Loss: 0.2198, Dice: 0.2058, MSE: 0.0466
2025-06-06 18:03:28 - INFO - Epoch 125/1000, Loss: 0.2136, Dice: 0.1997, MSE: 0.0463
2025-06-06 18:03:51 - INFO - Epoch 126/1000, Loss: 0.1796, Dice: 0.1647, MSE: 0.0497
2025-06-06 18:04:14 - INFO - Epoch 127/1000, Loss: 0.1876, Dice: 0.1730, MSE: 0.0486
2025-06-06 18:04:37 - INFO - Epoch 128/1000, Loss: 0.2034, Dice: 0.1882, MSE: 0.0507
2025-06-06 18:04:59 - INFO - Epoch 129/1000, Loss: 0.1977, Dice: 0.1839, MSE: 0.0461
2025-06-06 18:05:22 - INFO - Epoch 130/1000, Loss: 0.1817, Dice: 0.1685, MSE: 0.0442
2025-06-06 18:05:45 - INFO - Epoch 131/1000, Loss: 0.2160, Dice: 0.2007, MSE: 0.0511
2025-06-06 18:06:07 - INFO - Epoch 132/1000, Loss: 0.1921, Dice: 0.1793, MSE: 0.0426
2025-06-06 18:06:30 - INFO - Epoch 133/1000, Loss: 0.1656, Dice: 0.1519, MSE: 0.0456
2025-06-06 18:06:53 - INFO - Epoch 134/1000, Loss: 0.1630, Dice: 0.1484, MSE: 0.0490
2025-06-06 18:07:16 - INFO - Epoch 135/1000, Loss: 0.2018, Dice: 0.1878, MSE: 0.0468
2025-06-06 18:07:38 - INFO - Epoch 136/1000, Loss: 0.1725, Dice: 0.1566, MSE: 0.0529
2025-06-06 18:08:01 - INFO - Epoch 137/1000, Loss: 0.1736, Dice: 0.1589, MSE: 0.0490
2025-06-06 18:08:24 - INFO - Epoch 138/1000, Loss: 0.1546, Dice: 0.1402, MSE: 0.0477
2025-06-06 18:08:47 - INFO - Epoch 139/1000, Loss: 0.1538, Dice: 0.1388, MSE: 0.0499
2025-06-06 18:09:10 - INFO - Epoch 140/1000, Loss: 0.1721, Dice: 0.1573, MSE: 0.0493
2025-06-06 18:09:11 - INFO - 模型已保存至: epoch_140.pth
2025-06-06 18:09:34 - INFO - Epoch 141/1000, Loss: 0.1358, Dice: 0.1221, MSE: 0.0457
2025-06-06 18:09:56 - INFO - Epoch 142/1000, Loss: 0.1628, Dice: 0.1490, MSE: 0.0460
2025-06-06 18:10:19 - INFO - Epoch 143/1000, Loss: 0.1543, Dice: 0.1404, MSE: 0.0465
2025-06-06 18:10:42 - INFO - Epoch 144/1000, Loss: 0.1427, Dice: 0.1258, MSE: 0.0562
2025-06-06 18:11:05 - INFO - Epoch 145/1000, Loss: 0.1406, Dice: 0.1262, MSE: 0.0478
2025-06-06 18:11:27 - INFO - Epoch 146/1000, Loss: 0.1258, Dice: 0.1096, MSE: 0.0539
2025-06-06 18:11:50 - INFO - Epoch 147/1000, Loss: 0.1338, Dice: 0.1200, MSE: 0.0460
2025-06-06 18:12:13 - INFO - Epoch 148/1000, Loss: 0.1394, Dice: 0.1265, MSE: 0.0428
2025-06-06 18:12:35 - INFO - Epoch 149/1000, Loss: 0.1401, Dice: 0.1267, MSE: 0.0448
2025-06-06 18:12:58 - INFO - Epoch 150/1000, Loss: 0.1576, Dice: 0.1440, MSE: 0.0452
2025-06-06 18:13:21 - INFO - Epoch 151/1000, Loss: 0.1691, Dice: 0.1543, MSE: 0.0493
2025-06-06 18:13:44 - INFO - Epoch 152/1000, Loss: 0.4050, Dice: 0.3915, MSE: 0.0450
2025-06-06 18:14:06 - INFO - Epoch 153/1000, Loss: 0.2665, Dice: 0.2547, MSE: 0.0393
2025-06-06 18:14:29 - INFO - Epoch 154/1000, Loss: 0.3096, Dice: 0.2984, MSE: 0.0374
2025-06-06 18:14:52 - INFO - Epoch 155/1000, Loss: 0.2605, Dice: 0.2498, MSE: 0.0356
2025-06-06 18:15:15 - INFO - Epoch 156/1000, Loss: 0.2549, Dice: 0.2426, MSE: 0.0410
2025-06-06 18:15:37 - INFO - Epoch 157/1000, Loss: 0.2327, Dice: 0.2197, MSE: 0.0433
2025-06-06 18:16:00 - INFO - Epoch 158/1000, Loss: 0.2434, Dice: 0.2304, MSE: 0.0431
2025-06-06 18:16:23 - INFO - Epoch 159/1000, Loss: 0.2120, Dice: 0.1994, MSE: 0.0419
2025-06-06 18:16:46 - INFO - Epoch 160/1000, Loss: 0.2023, Dice: 0.1885, MSE: 0.0461
2025-06-06 18:16:47 - INFO - 模型已保存至: epoch_160.pth
2025-06-06 18:17:10 - INFO - Epoch 161/1000, Loss: 0.2298, Dice: 0.2171, MSE: 0.0422
2025-06-06 18:17:32 - INFO - Epoch 162/1000, Loss: 0.2260, Dice: 0.2126, MSE: 0.0446
2025-06-06 18:17:55 - INFO - Epoch 163/1000, Loss: 0.2201, Dice: 0.2086, MSE: 0.0383
2025-06-06 18:18:18 - INFO - Epoch 164/1000, Loss: 0.1519, Dice: 0.1394, MSE: 0.0418
2025-06-06 18:18:40 - INFO - Epoch 165/1000, Loss: 0.1850, Dice: 0.1721, MSE: 0.0432
2025-06-06 18:19:03 - INFO - Epoch 166/1000, Loss: 0.2071, Dice: 0.1935, MSE: 0.0456
2025-06-06 18:19:25 - INFO - Epoch 167/1000, Loss: 0.1958, Dice: 0.1840, MSE: 0.0393
2025-06-06 18:19:48 - INFO - Epoch 168/1000, Loss: 0.2472, Dice: 0.2352, MSE: 0.0399
2025-06-06 18:20:11 - INFO - Epoch 169/1000, Loss: 0.2006, Dice: 0.1891, MSE: 0.0385
2025-06-06 18:20:33 - INFO - Epoch 170/1000, Loss: 0.1745, Dice: 0.1619, MSE: 0.0420
2025-06-06 18:20:56 - INFO - Epoch 171/1000, Loss: 0.2013, Dice: 0.1872, MSE: 0.0472
2025-06-06 18:21:19 - INFO - Epoch 172/1000, Loss: 0.1972, Dice: 0.1840, MSE: 0.0441
2025-06-06 18:21:41 - INFO - Epoch 173/1000, Loss: 0.2327, Dice: 0.2217, MSE: 0.0369
2025-06-06 18:22:04 - INFO - Epoch 174/1000, Loss: 0.2047, Dice: 0.1927, MSE: 0.0398
2025-06-06 18:22:27 - INFO - Epoch 175/1000, Loss: 0.1817, Dice: 0.1691, MSE: 0.0421
2025-06-06 18:22:50 - INFO - Epoch 176/1000, Loss: 0.1696, Dice: 0.1573, MSE: 0.0411
2025-06-06 18:23:13 - INFO - Epoch 177/1000, Loss: 0.1921, Dice: 0.1780, MSE: 0.0470
2025-06-06 18:23:35 - INFO - Epoch 178/1000, Loss: 0.1602, Dice: 0.1466, MSE: 0.0453
2025-06-06 18:23:58 - INFO - Epoch 179/1000, Loss: 0.1700, Dice: 0.1580, MSE: 0.0402
2025-06-06 18:24:21 - INFO - Epoch 180/1000, Loss: 0.1539, Dice: 0.1392, MSE: 0.0490
2025-06-06 18:24:22 - INFO - 模型已保存至: epoch_180.pth
2025-06-06 18:24:45 - INFO - Epoch 181/1000, Loss: 0.1730, Dice: 0.1594, MSE: 0.0453
2025-06-06 18:25:07 - INFO - Epoch 182/1000, Loss: 0.1753, Dice: 0.1620, MSE: 0.0443
2025-06-06 18:25:30 - INFO - Epoch 183/1000, Loss: 0.1578, Dice: 0.1444, MSE: 0.0445
2025-06-06 18:25:53 - INFO - Epoch 184/1000, Loss: 0.1498, Dice: 0.1367, MSE: 0.0435
2025-06-06 18:26:15 - INFO - Epoch 185/1000, Loss: 0.1479, Dice: 0.1332, MSE: 0.0492
2025-06-06 18:26:38 - INFO - Epoch 186/1000, Loss: 0.1630, Dice: 0.1486, MSE: 0.0481
2025-06-06 18:27:01 - INFO - Epoch 187/1000, Loss: 0.1601, Dice: 0.1474, MSE: 0.0426
2025-06-06 18:27:24 - INFO - Epoch 188/1000, Loss: 0.1495, Dice: 0.1368, MSE: 0.0423
2025-06-06 18:27:46 - INFO - Epoch 189/1000, Loss: 0.1606, Dice: 0.1457, MSE: 0.0495
2025-06-06 18:28:09 - INFO - Epoch 190/1000, Loss: 0.1609, Dice: 0.1483, MSE: 0.0421
2025-06-06 18:28:32 - INFO - Epoch 191/1000, Loss: 0.1747, Dice: 0.1609, MSE: 0.0459
2025-06-06 18:28:55 - INFO - Epoch 192/1000, Loss: 0.1605, Dice: 0.1445, MSE: 0.0535
2025-06-06 18:29:18 - INFO - Epoch 193/1000, Loss: 0.1443, Dice: 0.1307, MSE: 0.0453
2025-06-06 18:29:40 - INFO - Epoch 194/1000, Loss: 0.1732, Dice: 0.1599, MSE: 0.0443
2025-06-06 18:30:03 - INFO - Epoch 195/1000, Loss: 0.1514, Dice: 0.1369, MSE: 0.0483
2025-06-06 18:30:26 - INFO - Epoch 196/1000, Loss: 0.1443, Dice: 0.1301, MSE: 0.0476
2025-06-06 18:30:48 - INFO - Epoch 197/1000, Loss: 0.1385, Dice: 0.1244, MSE: 0.0470
2025-06-06 18:31:11 - INFO - Epoch 198/1000, Loss: 0.1447, Dice: 0.1310, MSE: 0.0456
2025-06-06 18:31:34 - INFO - Epoch 199/1000, Loss: 0.1279, Dice: 0.1151, MSE: 0.0425
2025-06-06 18:31:56 - INFO - Epoch 200/1000, Loss: 0.1423, Dice: 0.1278, MSE: 0.0483
2025-06-06 18:31:58 - INFO - 模型已保存至: epoch_200.pth
2025-06-06 18:32:21 - INFO - Epoch 201/1000, Loss: 0.1570, Dice: 0.1432, MSE: 0.0460
2025-06-06 18:32:43 - INFO - Epoch 202/1000, Loss: 0.1433, Dice: 0.1304, MSE: 0.0432
2025-06-06 18:33:06 - INFO - Epoch 203/1000, Loss: 0.1592, Dice: 0.1453, MSE: 0.0462
2025-06-06 18:33:28 - INFO - Epoch 204/1000, Loss: 0.1517, Dice: 0.1374, MSE: 0.0476
2025-06-06 18:33:51 - INFO - Epoch 205/1000, Loss: 0.1574, Dice: 0.1425, MSE: 0.0497
2025-06-06 18:34:14 - INFO - Epoch 206/1000, Loss: 0.1474, Dice: 0.1333, MSE: 0.0469
2025-06-06 18:34:37 - INFO - Epoch 207/1000, Loss: 0.1407, Dice: 0.1275, MSE: 0.0443
2025-06-06 18:34:59 - INFO - Epoch 208/1000, Loss: 0.1396, Dice: 0.1240, MSE: 0.0520
2025-06-06 18:35:22 - INFO - Epoch 209/1000, Loss: 0.1444, Dice: 0.1311, MSE: 0.0444
2025-06-06 18:35:45 - INFO - Epoch 210/1000, Loss: 0.1863, Dice: 0.1726, MSE: 0.0456
2025-06-06 18:36:07 - INFO - Epoch 211/1000, Loss: 0.1726, Dice: 0.1594, MSE: 0.0438
2025-06-06 18:36:30 - INFO - Epoch 212/1000, Loss: 0.1819, Dice: 0.1687, MSE: 0.0441
2025-06-06 18:36:53 - INFO - Epoch 213/1000, Loss: 0.1620, Dice: 0.1477, MSE: 0.0478
2025-06-06 18:37:16 - INFO - Epoch 214/1000, Loss: 0.1777, Dice: 0.1626, MSE: 0.0505
2025-06-06 18:37:38 - INFO - Epoch 215/1000, Loss: 0.1677, Dice: 0.1533, MSE: 0.0479
2025-06-06 18:38:01 - INFO - Epoch 216/1000, Loss: 0.1768, Dice: 0.1627, MSE: 0.0471
2025-06-06 18:38:24 - INFO - Epoch 217/1000, Loss: 0.1557, Dice: 0.1437, MSE: 0.0400
2025-06-06 18:38:47 - INFO - Epoch 218/1000, Loss: 0.1705, Dice: 0.1552, MSE: 0.0512
2025-06-06 18:39:09 - INFO - Epoch 219/1000, Loss: 0.1527, Dice: 0.1373, MSE: 0.0511
2025-06-06 18:39:32 - INFO - Epoch 220/1000, Loss: 0.1459, Dice: 0.1313, MSE: 0.0487
2025-06-06 18:39:33 - INFO - 模型已保存至: epoch_220.pth
2025-06-06 18:39:56 - INFO - Epoch 221/1000, Loss: 0.1420, Dice: 0.1278, MSE: 0.0473
2025-06-06 18:40:19 - INFO - Epoch 222/1000, Loss: 0.1746, Dice: 0.1599, MSE: 0.0491
2025-06-06 18:40:41 - INFO - Epoch 223/1000, Loss: 0.1268, Dice: 0.1132, MSE: 0.0452
2025-06-06 18:41:04 - INFO - Epoch 224/1000, Loss: 0.1393, Dice: 0.1254, MSE: 0.0462
2025-06-06 18:41:27 - INFO - Epoch 225/1000, Loss: 0.1554, Dice: 0.1415, MSE: 0.0464
2025-06-06 18:41:50 - INFO - Epoch 226/1000, Loss: 0.1733, Dice: 0.1589, MSE: 0.0480
2025-06-06 18:42:12 - INFO - Epoch 227/1000, Loss: 0.1990, Dice: 0.1865, MSE: 0.0418
2025-06-06 18:42:35 - INFO - Epoch 228/1000, Loss: 0.2906, Dice: 0.2806, MSE: 0.0335
2025-06-06 18:42:58 - INFO - Epoch 229/1000, Loss: 0.2454, Dice: 0.2345, MSE: 0.0365
2025-06-06 18:43:20 - INFO - Epoch 230/1000, Loss: 0.2229, Dice: 0.2103, MSE: 0.0422
2025-06-06 18:43:43 - INFO - Epoch 231/1000, Loss: 0.1974, Dice: 0.1833, MSE: 0.0471
2025-06-06 18:44:06 - INFO - Epoch 232/1000, Loss: 0.1783, Dice: 0.1635, MSE: 0.0496
2025-06-06 18:44:29 - INFO - Epoch 233/1000, Loss: 0.1549, Dice: 0.1411, MSE: 0.0462
2025-06-06 18:44:51 - INFO - Epoch 234/1000, Loss: 0.1461, Dice: 0.1333, MSE: 0.0427
2025-06-06 18:45:14 - INFO - Epoch 235/1000, Loss: 0.1533, Dice: 0.1407, MSE: 0.0420
2025-06-06 18:45:37 - INFO - Epoch 236/1000, Loss: 0.1353, Dice: 0.1209, MSE: 0.0481
2025-06-06 18:45:59 - INFO - Epoch 237/1000, Loss: 0.1401, Dice: 0.1271, MSE: 0.0431
2025-06-06 18:46:22 - INFO - Epoch 238/1000, Loss: 0.1574, Dice: 0.1441, MSE: 0.0441
2025-06-06 18:46:45 - INFO - Epoch 239/1000, Loss: 0.1338, Dice: 0.1203, MSE: 0.0452
2025-06-06 18:47:07 - INFO - Epoch 240/1000, Loss: 0.1817, Dice: 0.1664, MSE: 0.0508
2025-06-06 18:47:09 - INFO - 模型已保存至: epoch_240.pth
2025-06-06 18:47:31 - INFO - Epoch 241/1000, Loss: 0.1555, Dice: 0.1430, MSE: 0.0417
2025-06-06 18:47:54 - INFO - Epoch 242/1000, Loss: 0.1496, Dice: 0.1369, MSE: 0.0424
2025-06-06 18:48:17 - INFO - Epoch 243/1000, Loss: 0.1534, Dice: 0.1398, MSE: 0.0451
2025-06-06 18:48:40 - INFO - Epoch 244/1000, Loss: 0.1690, Dice: 0.1557, MSE: 0.0445
2025-06-06 18:49:02 - INFO - Epoch 245/1000, Loss: 0.1382, Dice: 0.1231, MSE: 0.0503
2025-06-06 18:49:25 - INFO - Epoch 246/1000, Loss: 0.1270, Dice: 0.1133, MSE: 0.0457
2025-06-06 18:49:48 - INFO - Epoch 247/1000, Loss: 0.1362, Dice: 0.1229, MSE: 0.0444
2025-06-06 18:50:11 - INFO - Epoch 248/1000, Loss: 0.1471, Dice: 0.1340, MSE: 0.0436
2025-06-06 18:50:33 - INFO - Epoch 249/1000, Loss: 0.1155, Dice: 0.1012, MSE: 0.0476
2025-06-06 18:50:56 - INFO - Epoch 250/1000, Loss: 0.1203, Dice: 0.1078, MSE: 0.0416
2025-06-06 18:51:19 - INFO - Epoch 251/1000, Loss: 0.1246, Dice: 0.1105, MSE: 0.0468
2025-06-06 18:51:42 - INFO - Epoch 252/1000, Loss: 0.1209, Dice: 0.1084, MSE: 0.0419
2025-06-06 18:52:04 - INFO - Epoch 253/1000, Loss: 0.1313, Dice: 0.1187, MSE: 0.0419
2025-06-06 18:52:27 - INFO - Epoch 254/1000, Loss: 0.1594, Dice: 0.1458, MSE: 0.0454
2025-06-06 18:52:50 - INFO - Epoch 255/1000, Loss: 0.1511, Dice: 0.1384, MSE: 0.0424
2025-06-06 18:53:13 - INFO - Epoch 256/1000, Loss: 0.1465, Dice: 0.1331, MSE: 0.0446
2025-06-06 18:53:36 - INFO - Epoch 257/1000, Loss: 0.1274, Dice: 0.1143, MSE: 0.0438
2025-06-06 18:53:58 - INFO - Epoch 258/1000, Loss: 0.1163, Dice: 0.1032, MSE: 0.0438
2025-06-06 18:54:21 - INFO - Epoch 259/1000, Loss: 0.1081, Dice: 0.0945, MSE: 0.0451
2025-06-06 18:54:44 - INFO - Epoch 260/1000, Loss: 0.1397, Dice: 0.1245, MSE: 0.0507
2025-06-06 18:54:45 - INFO - 模型已保存至: epoch_260.pth
2025-06-06 18:55:08 - INFO - Epoch 261/1000, Loss: 0.1376, Dice: 0.1229, MSE: 0.0488
2025-06-06 18:55:31 - INFO - Epoch 262/1000, Loss: 0.1284, Dice: 0.1141, MSE: 0.0476
2025-06-06 18:55:53 - INFO - Epoch 263/1000, Loss: 0.1461, Dice: 0.1333, MSE: 0.0427
2025-06-06 18:56:16 - INFO - Epoch 264/1000, Loss: 0.1185, Dice: 0.1056, MSE: 0.0429
2025-06-06 18:56:39 - INFO - Epoch 265/1000, Loss: 0.1279, Dice: 0.1143, MSE: 0.0455
2025-06-06 18:57:02 - INFO - Epoch 266/1000, Loss: 0.1270, Dice: 0.1131, MSE: 0.0464
2025-06-06 18:57:24 - INFO - Epoch 267/1000, Loss: 0.1311, Dice: 0.1176, MSE: 0.0447
2025-06-06 18:57:47 - INFO - Epoch 268/1000, Loss: 0.1318, Dice: 0.1191, MSE: 0.0422
2025-06-06 18:58:10 - INFO - Epoch 269/1000, Loss: 0.1210, Dice: 0.1068, MSE: 0.0474
2025-06-06 18:58:33 - INFO - Epoch 270/1000, Loss: 0.1280, Dice: 0.1147, MSE: 0.0445
2025-06-06 18:58:56 - INFO - Epoch 271/1000, Loss: 0.1398, Dice: 0.1261, MSE: 0.0458
2025-06-06 18:59:19 - INFO - Epoch 272/1000, Loss: 0.1365, Dice: 0.1234, MSE: 0.0435
2025-06-06 18:59:41 - INFO - Epoch 273/1000, Loss: 0.1308, Dice: 0.1159, MSE: 0.0498
2025-06-06 19:00:04 - INFO - Epoch 274/1000, Loss: 0.1308, Dice: 0.1167, MSE: 0.0468
2025-06-06 19:00:27 - INFO - Epoch 275/1000, Loss: 0.1521, Dice: 0.1378, MSE: 0.0476
2025-06-06 19:00:50 - INFO - Epoch 276/1000, Loss: 0.2194, Dice: 0.2050, MSE: 0.0479
2025-06-06 19:01:12 - INFO - Epoch 277/1000, Loss: 0.1595, Dice: 0.1474, MSE: 0.0402
2025-06-06 19:01:35 - INFO - Epoch 278/1000, Loss: 0.1723, Dice: 0.1611, MSE: 0.0375
2025-06-06 19:01:58 - INFO - Epoch 279/1000, Loss: 0.1819, Dice: 0.1674, MSE: 0.0482
2025-06-06 19:02:21 - INFO - Epoch 280/1000, Loss: 0.1589, Dice: 0.1468, MSE: 0.0402
2025-06-06 19:02:22 - INFO - 模型已保存至: epoch_280.pth
2025-06-06 19:02:45 - INFO - Epoch 281/1000, Loss: 0.1387, Dice: 0.1250, MSE: 0.0456
2025-06-06 19:03:07 - INFO - Epoch 282/1000, Loss: 0.1291, Dice: 0.1137, MSE: 0.0512
2025-06-06 19:03:30 - INFO - Epoch 283/1000, Loss: 0.1175, Dice: 0.1049, MSE: 0.0419
2025-06-06 19:03:53 - INFO - Epoch 284/1000, Loss: 0.1192, Dice: 0.1048, MSE: 0.0481
2025-06-06 19:04:16 - INFO - Epoch 285/1000, Loss: 0.1251, Dice: 0.1122, MSE: 0.0429
2025-06-06 19:04:39 - INFO - Epoch 286/1000, Loss: 0.1476, Dice: 0.1342, MSE: 0.0445
2025-06-06 19:05:01 - INFO - Epoch 287/1000, Loss: 0.1246, Dice: 0.1108, MSE: 0.0461
2025-06-06 19:05:24 - INFO - Epoch 288/1000, Loss: 0.1257, Dice: 0.1132, MSE: 0.0415
2025-06-06 19:05:47 - INFO - Epoch 289/1000, Loss: 0.1216, Dice: 0.1096, MSE: 0.0400
2025-06-06 19:06:10 - INFO - Epoch 290/1000, Loss: 0.1365, Dice: 0.1233, MSE: 0.0441
2025-06-06 19:06:33 - INFO - Epoch 291/1000, Loss: 0.1345, Dice: 0.1217, MSE: 0.0429
2025-06-06 19:06:55 - INFO - Epoch 292/1000, Loss: 0.1272, Dice: 0.1133, MSE: 0.0465
2025-06-06 19:07:18 - INFO - Epoch 293/1000, Loss: 0.1244, Dice: 0.1102, MSE: 0.0471
2025-06-06 19:07:41 - INFO - Epoch 294/1000, Loss: 0.1288, Dice: 0.1164, MSE: 0.0414
2025-06-06 19:08:03 - INFO - Epoch 295/1000, Loss: 0.1234, Dice: 0.1098, MSE: 0.0452
2025-06-06 19:08:26 - INFO - Epoch 296/1000, Loss: 0.1266, Dice: 0.1144, MSE: 0.0409
2025-06-06 19:08:49 - INFO - Epoch 297/1000, Loss: 0.1077, Dice: 0.0948, MSE: 0.0431
2025-06-06 19:09:12 - INFO - Epoch 298/1000, Loss: 0.1038, Dice: 0.0901, MSE: 0.0456
2025-06-06 19:09:34 - INFO - Epoch 299/1000, Loss: 0.1055, Dice: 0.0927, MSE: 0.0428
2025-06-06 19:09:57 - INFO - Epoch 300/1000, Loss: 0.1903, Dice: 0.1769, MSE: 0.0448
2025-06-06 19:09:58 - INFO - 模型已保存至: epoch_300.pth
2025-06-06 19:10:21 - INFO - Epoch 301/1000, Loss: 0.1228, Dice: 0.1104, MSE: 0.0413
2025-06-06 19:10:44 - INFO - Epoch 302/1000, Loss: 0.1077, Dice: 0.0940, MSE: 0.0454
2025-06-06 19:11:06 - INFO - Epoch 303/1000, Loss: 0.1149, Dice: 0.1023, MSE: 0.0422
2025-06-06 19:11:29 - INFO - Epoch 304/1000, Loss: 0.1123, Dice: 0.1007, MSE: 0.0389
2025-06-06 19:11:52 - INFO - Epoch 305/1000, Loss: 0.1343, Dice: 0.1210, MSE: 0.0444
2025-06-06 19:12:14 - INFO - Epoch 306/1000, Loss: 0.1251, Dice: 0.1124, MSE: 0.0424
2025-06-06 19:12:37 - INFO - Epoch 307/1000, Loss: 0.1288, Dice: 0.1158, MSE: 0.0432
2025-06-06 19:13:00 - INFO - Epoch 308/1000, Loss: 0.1555, Dice: 0.1422, MSE: 0.0443
2025-06-06 19:13:23 - INFO - Epoch 309/1000, Loss: 0.1265, Dice: 0.1143, MSE: 0.0406
2025-06-06 19:13:46 - INFO - Epoch 310/1000, Loss: 0.1349, Dice: 0.1235, MSE: 0.0379
2025-06-06 19:14:09 - INFO - Epoch 311/1000, Loss: 0.1280, Dice: 0.1158, MSE: 0.0406
2025-06-06 19:14:31 - INFO - Epoch 312/1000, Loss: 0.1257, Dice: 0.1120, MSE: 0.0459
2025-06-06 19:14:54 - INFO - Epoch 313/1000, Loss: 0.2334, Dice: 0.2208, MSE: 0.0422
2025-06-06 19:15:17 - INFO - Epoch 314/1000, Loss: 0.2430, Dice: 0.2294, MSE: 0.0451
2025-06-06 19:15:40 - INFO - Epoch 315/1000, Loss: 0.1985, Dice: 0.1869, MSE: 0.0386
2025-06-06 19:16:02 - INFO - Epoch 316/1000, Loss: 0.1682, Dice: 0.1574, MSE: 0.0361
2025-06-06 19:16:25 - INFO - Epoch 317/1000, Loss: 0.1667, Dice: 0.1553, MSE: 0.0381
2025-06-06 19:16:48 - INFO - Epoch 318/1000, Loss: 0.1570, Dice: 0.1451, MSE: 0.0397
2025-06-06 19:17:11 - INFO - Epoch 319/1000, Loss: 0.1602, Dice: 0.1487, MSE: 0.0383
2025-06-06 19:17:33 - INFO - Epoch 320/1000, Loss: 0.1577, Dice: 0.1448, MSE: 0.0429
2025-06-06 19:17:34 - INFO - 模型已保存至: epoch_320.pth
2025-06-06 19:17:57 - INFO - Epoch 321/1000, Loss: 0.1576, Dice: 0.1452, MSE: 0.0412
2025-06-06 19:18:20 - INFO - Epoch 322/1000, Loss: 0.1550, Dice: 0.1437, MSE: 0.0375
2025-06-06 19:18:42 - INFO - Epoch 323/1000, Loss: 0.1396, Dice: 0.1284, MSE: 0.0371
2025-06-06 19:19:05 - INFO - Epoch 324/1000, Loss: 0.1577, Dice: 0.1460, MSE: 0.0390
2025-06-06 19:19:28 - INFO - Epoch 325/1000, Loss: 0.1388, Dice: 0.1260, MSE: 0.0425
2025-06-06 19:19:51 - INFO - Epoch 326/1000, Loss: 0.1381, Dice: 0.1240, MSE: 0.0468
2025-06-06 19:20:13 - INFO - Epoch 327/1000, Loss: 0.2895, Dice: 0.2756, MSE: 0.0463
2025-06-06 19:20:36 - INFO - Epoch 328/1000, Loss: 0.2469, Dice: 0.2343, MSE: 0.0420
2025-06-06 19:20:59 - INFO - Epoch 329/1000, Loss: 0.1653, Dice: 0.1519, MSE: 0.0447
2025-06-06 19:21:22 - INFO - Epoch 330/1000, Loss: 0.1547, Dice: 0.1423, MSE: 0.0415
2025-06-06 19:21:44 - INFO - Epoch 331/1000, Loss: 0.1761, Dice: 0.1625, MSE: 0.0455
2025-06-06 19:22:07 - INFO - Epoch 332/1000, Loss: 0.1724, Dice: 0.1607, MSE: 0.0390
2025-06-06 19:22:30 - INFO - Epoch 333/1000, Loss: 0.1758, Dice: 0.1626, MSE: 0.0438
2025-06-06 19:22:53 - INFO - Epoch 334/1000, Loss: 0.1523, Dice: 0.1411, MSE: 0.0373
2025-06-06 19:23:15 - INFO - Epoch 335/1000, Loss: 0.1527, Dice: 0.1392, MSE: 0.0451
2025-06-06 19:23:38 - INFO - Epoch 336/1000, Loss: 0.1910, Dice: 0.1770, MSE: 0.0466
2025-06-06 19:24:00 - INFO - Epoch 337/1000, Loss: 0.1291, Dice: 0.1155, MSE: 0.0455
2025-06-06 19:24:23 - INFO - Epoch 338/1000, Loss: 0.1219, Dice: 0.1078, MSE: 0.0469
2025-06-06 19:24:46 - INFO - Epoch 339/1000, Loss: 0.1517, Dice: 0.1384, MSE: 0.0442
2025-06-06 19:25:09 - INFO - Epoch 340/1000, Loss: 0.1163, Dice: 0.1016, MSE: 0.0491
2025-06-06 19:25:10 - INFO - 模型已保存至: epoch_340.pth
2025-06-06 19:25:33 - INFO - Epoch 341/1000, Loss: 0.1576, Dice: 0.1455, MSE: 0.0403
2025-06-06 19:25:56 - INFO - Epoch 342/1000, Loss: 0.1294, Dice: 0.1160, MSE: 0.0445
2025-06-06 19:26:18 - INFO - Epoch 343/1000, Loss: 0.1569, Dice: 0.1438, MSE: 0.0437
2025-06-06 19:26:41 - INFO - Epoch 344/1000, Loss: 0.2242, Dice: 0.2120, MSE: 0.0408
2025-06-06 19:27:04 - INFO - Epoch 345/1000, Loss: 0.1615, Dice: 0.1474, MSE: 0.0472
2025-06-06 19:27:27 - INFO - Epoch 346/1000, Loss: 0.1421, Dice: 0.1290, MSE: 0.0437
2025-06-06 19:27:49 - INFO - Epoch 347/1000, Loss: 0.1368, Dice: 0.1240, MSE: 0.0427
2025-06-06 19:28:12 - INFO - Epoch 348/1000, Loss: 0.1354, Dice: 0.1231, MSE: 0.0412
2025-06-06 19:28:35 - INFO - Epoch 349/1000, Loss: 0.1363, Dice: 0.1230, MSE: 0.0442
2025-06-06 19:28:58 - INFO - Epoch 350/1000, Loss: 0.1144, Dice: 0.1003, MSE: 0.0469
2025-06-06 19:29:20 - INFO - Epoch 351/1000, Loss: 0.1289, Dice: 0.1164, MSE: 0.0418
2025-06-06 19:29:43 - INFO - Epoch 352/1000, Loss: 0.1282, Dice: 0.1151, MSE: 0.0434
2025-06-06 19:30:06 - INFO - Epoch 353/1000, Loss: 0.1839, Dice: 0.1706, MSE: 0.0446
2025-06-06 19:30:28 - INFO - Epoch 354/1000, Loss: 0.1279, Dice: 0.1162, MSE: 0.0390
2025-06-06 19:30:51 - INFO - Epoch 355/1000, Loss: 0.1153, Dice: 0.1026, MSE: 0.0424
2025-06-06 19:31:14 - INFO - Epoch 356/1000, Loss: 0.1327, Dice: 0.1203, MSE: 0.0415
2025-06-06 19:31:37 - INFO - Epoch 357/1000, Loss: 0.1141, Dice: 0.1014, MSE: 0.0426
2025-06-06 19:31:59 - INFO - Epoch 358/1000, Loss: 0.1122, Dice: 0.0996, MSE: 0.0421
2025-06-06 19:32:22 - INFO - Epoch 359/1000, Loss: 0.1061, Dice: 0.0938, MSE: 0.0410
2025-06-06 19:32:45 - INFO - Epoch 360/1000, Loss: 0.1214, Dice: 0.1087, MSE: 0.0422
2025-06-06 19:32:46 - INFO - 模型已保存至: epoch_360.pth
2025-06-06 19:33:09 - INFO - Epoch 361/1000, Loss: 0.1042, Dice: 0.0919, MSE: 0.0411
2025-06-06 19:33:31 - INFO - Epoch 362/1000, Loss: 0.1163, Dice: 0.1037, MSE: 0.0422
2025-06-06 19:33:54 - INFO - Epoch 363/1000, Loss: 0.1199, Dice: 0.1070, MSE: 0.0431
2025-06-06 19:34:17 - INFO - Epoch 364/1000, Loss: 0.1166, Dice: 0.1042, MSE: 0.0414
2025-06-06 19:34:40 - INFO - Epoch 365/1000, Loss: 0.1335, Dice: 0.1216, MSE: 0.0396
2025-06-06 19:35:02 - INFO - Epoch 366/1000, Loss: 0.1102, Dice: 0.0988, MSE: 0.0380
2025-06-06 19:35:25 - INFO - Epoch 367/1000, Loss: 0.1621, Dice: 0.1485, MSE: 0.0453
2025-06-06 19:35:48 - INFO - Epoch 368/1000, Loss: 0.1197, Dice: 0.1058, MSE: 0.0464
2025-06-06 19:36:10 - INFO - Epoch 369/1000, Loss: 0.1371, Dice: 0.1255, MSE: 0.0385
2025-06-06 19:36:33 - INFO - Epoch 370/1000, Loss: 0.1331, Dice: 0.1204, MSE: 0.0422
2025-06-06 19:36:56 - INFO - Epoch 371/1000, Loss: 0.1242, Dice: 0.1115, MSE: 0.0425
2025-06-06 19:37:19 - INFO - Epoch 372/1000, Loss: 0.1134, Dice: 0.1008, MSE: 0.0418
2025-06-06 19:37:41 - INFO - Epoch 373/1000, Loss: 0.1254, Dice: 0.1133, MSE: 0.0403
2025-06-06 19:38:04 - INFO - Epoch 374/1000, Loss: 0.1317, Dice: 0.1194, MSE: 0.0409
2025-06-06 19:38:27 - INFO - Epoch 375/1000, Loss: 0.1646, Dice: 0.1512, MSE: 0.0447
2025-06-06 19:38:50 - INFO - Epoch 376/1000, Loss: 0.1839, Dice: 0.1712, MSE: 0.0425
2025-06-06 19:39:13 - INFO - Epoch 377/1000, Loss: 0.2619, Dice: 0.2493, MSE: 0.0421
2025-06-06 19:39:35 - INFO - Epoch 378/1000, Loss: 0.2294, Dice: 0.2162, MSE: 0.0441
2025-06-06 19:39:58 - INFO - Epoch 379/1000, Loss: 0.1620, Dice: 0.1513, MSE: 0.0355
2025-06-06 19:40:21 - INFO - Epoch 380/1000, Loss: 0.1545, Dice: 0.1436, MSE: 0.0363
2025-06-06 19:40:22 - INFO - 模型已保存至: epoch_380.pth
2025-06-06 19:40:45 - INFO - Epoch 381/1000, Loss: 0.1394, Dice: 0.1296, MSE: 0.0327
2025-06-06 19:41:08 - INFO - Epoch 382/1000, Loss: 0.1562, Dice: 0.1451, MSE: 0.0369
2025-06-06 19:41:30 - INFO - Epoch 383/1000, Loss: 0.1371, Dice: 0.1256, MSE: 0.0383
2025-06-06 19:41:53 - INFO - Epoch 384/1000, Loss: 0.1366, Dice: 0.1253, MSE: 0.0375
2025-06-06 19:42:16 - INFO - Epoch 385/1000, Loss: 0.1270, Dice: 0.1156, MSE: 0.0383
2025-06-06 19:42:39 - INFO - Epoch 386/1000, Loss: 0.1256, Dice: 0.1133, MSE: 0.0410
2025-06-06 19:43:01 - INFO - Epoch 387/1000, Loss: 0.1361, Dice: 0.1244, MSE: 0.0389
2025-06-06 19:43:24 - INFO - Epoch 388/1000, Loss: 0.1427, Dice: 0.1313, MSE: 0.0382
2025-06-06 19:43:48 - INFO - Epoch 389/1000, Loss: 0.1187, Dice: 0.1070, MSE: 0.0389
2025-06-06 19:44:12 - INFO - Epoch 390/1000, Loss: 0.1300, Dice: 0.1184, MSE: 0.0385
2025-06-06 19:44:36 - INFO - Epoch 391/1000, Loss: 0.1126, Dice: 0.1012, MSE: 0.0382
2025-06-06 19:45:00 - INFO - Epoch 392/1000, Loss: 0.1063, Dice: 0.0956, MSE: 0.0357
2025-06-06 19:45:23 - INFO - Epoch 393/1000, Loss: 0.1216, Dice: 0.1096, MSE: 0.0398
2025-06-06 19:45:47 - INFO - Epoch 394/1000, Loss: 0.1291, Dice: 0.1168, MSE: 0.0412
2025-06-06 19:46:11 - INFO - Epoch 395/1000, Loss: 0.0970, Dice: 0.0854, MSE: 0.0386
2025-06-06 19:46:35 - INFO - Epoch 396/1000, Loss: 0.1154, Dice: 0.1044, MSE: 0.0367
2025-06-06 19:46:59 - INFO - Epoch 397/1000, Loss: 0.1232, Dice: 0.1110, MSE: 0.0406
2025-06-06 19:47:22 - INFO - Epoch 398/1000, Loss: 0.1212, Dice: 0.1089, MSE: 0.0410
2025-06-06 19:47:46 - INFO - Epoch 399/1000, Loss: 0.1147, Dice: 0.1031, MSE: 0.0389
2025-06-06 19:48:10 - INFO - Epoch 400/1000, Loss: 0.1039, Dice: 0.0918, MSE: 0.0403
2025-06-06 19:48:11 - INFO - 模型已保存至: epoch_400.pth
2025-06-06 19:48:35 - INFO - Epoch 401/1000, Loss: 0.1110, Dice: 0.0985, MSE: 0.0418
2025-06-06 19:48:59 - INFO - Epoch 402/1000, Loss: 0.1334, Dice: 0.1211, MSE: 0.0410
2025-06-06 19:49:23 - INFO - Epoch 403/1000, Loss: 0.1169, Dice: 0.1051, MSE: 0.0393
2025-06-06 19:49:47 - INFO - Epoch 404/1000, Loss: 0.1040, Dice: 0.0911, MSE: 0.0433
2025-06-06 19:50:11 - INFO - Epoch 405/1000, Loss: 0.1095, Dice: 0.0973, MSE: 0.0407
2025-06-06 19:50:36 - INFO - Epoch 406/1000, Loss: 0.1069, Dice: 0.0958, MSE: 0.0370
2025-06-06 19:51:00 - INFO - Epoch 407/1000, Loss: 0.1090, Dice: 0.0970, MSE: 0.0400
2025-06-06 19:51:24 - INFO - Epoch 408/1000, Loss: 0.1200, Dice: 0.1088, MSE: 0.0372
2025-06-06 19:51:48 - INFO - Epoch 409/1000, Loss: 0.1087, Dice: 0.0969, MSE: 0.0395
2025-06-06 19:52:11 - INFO - Epoch 410/1000, Loss: 0.1100, Dice: 0.0969, MSE: 0.0435
2025-06-06 19:52:35 - INFO - Epoch 411/1000, Loss: 0.0938, Dice: 0.0818, MSE: 0.0402
2025-06-06 19:52:59 - INFO - Epoch 412/1000, Loss: 0.1158, Dice: 0.1040, MSE: 0.0396
2025-06-06 19:53:23 - INFO - Epoch 413/1000, Loss: 0.1039, Dice: 0.0930, MSE: 0.0363
2025-06-06 19:53:48 - INFO - Epoch 414/1000, Loss: 0.1121, Dice: 0.1006, MSE: 0.0386
2025-06-06 19:54:11 - INFO - Epoch 415/1000, Loss: 0.1109, Dice: 0.0983, MSE: 0.0420
2025-06-06 19:54:35 - INFO - Epoch 416/1000, Loss: 0.0988, Dice: 0.0863, MSE: 0.0417
2025-06-06 19:54:59 - INFO - Epoch 417/1000, Loss: 0.1173, Dice: 0.1061, MSE: 0.0376
2025-06-06 19:55:23 - INFO - Epoch 418/1000, Loss: 0.1041, Dice: 0.0933, MSE: 0.0360
2025-06-06 19:55:47 - INFO - Epoch 419/1000, Loss: 0.1141, Dice: 0.1023, MSE: 0.0395
2025-06-06 19:56:11 - INFO - Epoch 420/1000, Loss: 0.1053, Dice: 0.0926, MSE: 0.0421
2025-06-06 19:56:13 - INFO - 模型已保存至: epoch_420.pth
2025-06-06 19:56:37 - INFO - Epoch 421/1000, Loss: 0.0963, Dice: 0.0857, MSE: 0.0354
2025-06-06 19:57:01 - INFO - Epoch 422/1000, Loss: 0.1144, Dice: 0.1024, MSE: 0.0401
2025-06-06 19:57:25 - INFO - Epoch 423/1000, Loss: 0.1096, Dice: 0.0987, MSE: 0.0363
2025-06-06 19:57:48 - INFO - Epoch 424/1000, Loss: 0.0956, Dice: 0.0840, MSE: 0.0387
2025-06-06 19:58:12 - INFO - Epoch 425/1000, Loss: 0.1063, Dice: 0.0950, MSE: 0.0376
2025-06-06 19:58:35 - INFO - Epoch 426/1000, Loss: 0.0972, Dice: 0.0861, MSE: 0.0371
2025-06-06 19:58:57 - INFO - Epoch 427/1000, Loss: 0.0980, Dice: 0.0862, MSE: 0.0394
2025-06-06 19:59:20 - INFO - Epoch 428/1000, Loss: 0.0894, Dice: 0.0782, MSE: 0.0373
2025-06-06 19:59:43 - INFO - Epoch 429/1000, Loss: 0.0909, Dice: 0.0801, MSE: 0.0361
2025-06-06 20:00:06 - INFO - Epoch 430/1000, Loss: 0.0919, Dice: 0.0809, MSE: 0.0367
2025-06-06 20:00:29 - INFO - Epoch 431/1000, Loss: 0.1116, Dice: 0.1008, MSE: 0.0358
2025-06-06 20:00:51 - INFO - Epoch 432/1000, Loss: 0.1003, Dice: 0.0889, MSE: 0.0381
2025-06-06 20:01:14 - INFO - Epoch 433/1000, Loss: 0.0996, Dice: 0.0878, MSE: 0.0390
2025-06-06 20:01:37 - INFO - Epoch 434/1000, Loss: 0.0868, Dice: 0.0759, MSE: 0.0365
2025-06-06 20:01:59 - INFO - Epoch 435/1000, Loss: 0.0978, Dice: 0.0855, MSE: 0.0409
2025-06-06 20:02:22 - INFO - Epoch 436/1000, Loss: 0.1057, Dice: 0.0933, MSE: 0.0415
2025-06-06 20:02:45 - INFO - Epoch 437/1000, Loss: 0.1197, Dice: 0.1084, MSE: 0.0375
2025-06-06 20:03:09 - INFO - Epoch 438/1000, Loss: 0.0972, Dice: 0.0861, MSE: 0.0373
2025-06-06 20:03:32 - INFO - Epoch 439/1000, Loss: 0.1092, Dice: 0.0970, MSE: 0.0408
2025-06-06 20:03:55 - INFO - Epoch 440/1000, Loss: 0.1020, Dice: 0.0897, MSE: 0.0408
2025-06-06 20:03:56 - INFO - 模型已保存至: epoch_440.pth
2025-06-06 20:04:19 - INFO - Epoch 441/1000, Loss: 0.0934, Dice: 0.0816, MSE: 0.0395
2025-06-06 20:04:42 - INFO - Epoch 442/1000, Loss: 0.0994, Dice: 0.0888, MSE: 0.0353
2025-06-06 20:05:04 - INFO - Epoch 443/1000, Loss: 0.1005, Dice: 0.0908, MSE: 0.0323
2025-06-06 20:05:27 - INFO - Epoch 444/1000, Loss: 0.0990, Dice: 0.0879, MSE: 0.0372
2025-06-06 20:05:50 - INFO - Epoch 445/1000, Loss: 0.1094, Dice: 0.0974, MSE: 0.0401
2025-06-06 20:06:12 - INFO - Epoch 446/1000, Loss: 0.1024, Dice: 0.0917, MSE: 0.0356
2025-06-06 20:06:35 - INFO - Epoch 447/1000, Loss: 0.1258, Dice: 0.1137, MSE: 0.0405
2025-06-06 20:06:58 - INFO - Epoch 448/1000, Loss: 0.1198, Dice: 0.1084, MSE: 0.0379
2025-06-06 20:07:21 - INFO - Epoch 449/1000, Loss: 0.1242, Dice: 0.1130, MSE: 0.0372
2025-06-06 20:07:43 - INFO - Epoch 450/1000, Loss: 0.1210, Dice: 0.1115, MSE: 0.0316
2025-06-06 20:08:06 - INFO - Epoch 451/1000, Loss: 0.1214, Dice: 0.1114, MSE: 0.0333
2025-06-06 20:08:29 - INFO - Epoch 452/1000, Loss: 0.1238, Dice: 0.1134, MSE: 0.0348
2025-06-06 20:08:52 - INFO - Epoch 453/1000, Loss: 0.1137, Dice: 0.1039, MSE: 0.0327
2025-06-06 20:09:15 - INFO - Epoch 454/1000, Loss: 0.1648, Dice: 0.1541, MSE: 0.0355
2025-06-06 20:09:37 - INFO - Epoch 455/1000, Loss: 0.1389, Dice: 0.1281, MSE: 0.0360
2025-06-06 20:10:00 - INFO - Epoch 456/1000, Loss: 0.1008, Dice: 0.0894, MSE: 0.0382
2025-06-06 20:10:23 - INFO - Epoch 457/1000, Loss: 0.0991, Dice: 0.0879, MSE: 0.0374
2025-06-06 20:10:46 - INFO - Epoch 458/1000, Loss: 0.1079, Dice: 0.0971, MSE: 0.0362
2025-06-06 20:11:09 - INFO - Epoch 459/1000, Loss: 0.1202, Dice: 0.1099, MSE: 0.0346
2025-06-06 20:11:31 - INFO - Epoch 460/1000, Loss: 0.1072, Dice: 0.0957, MSE: 0.0383
2025-06-06 20:11:33 - INFO - 模型已保存至: epoch_460.pth
2025-06-06 20:11:55 - INFO - Epoch 461/1000, Loss: 0.1040, Dice: 0.0933, MSE: 0.0355
2025-06-06 20:12:18 - INFO - Epoch 462/1000, Loss: 0.0981, Dice: 0.0878, MSE: 0.0343
2025-06-06 20:12:41 - INFO - Epoch 463/1000, Loss: 0.1016, Dice: 0.0906, MSE: 0.0366
2025-06-06 20:13:04 - INFO - Epoch 464/1000, Loss: 0.0932, Dice: 0.0819, MSE: 0.0378
2025-06-06 20:13:26 - INFO - Epoch 465/1000, Loss: 0.1717, Dice: 0.1606, MSE: 0.0372
2025-06-06 20:13:49 - INFO - Epoch 466/1000, Loss: 0.1181, Dice: 0.1074, MSE: 0.0359
2025-06-06 20:14:12 - INFO - Epoch 467/1000, Loss: 0.1148, Dice: 0.1040, MSE: 0.0359
2025-06-06 20:14:35 - INFO - Epoch 468/1000, Loss: 0.1111, Dice: 0.0996, MSE: 0.0385
2025-06-06 20:14:58 - INFO - Epoch 469/1000, Loss: 0.1254, Dice: 0.1146, MSE: 0.0360
2025-06-06 20:15:20 - INFO - Epoch 470/1000, Loss: 0.1454, Dice: 0.1321, MSE: 0.0445
2025-06-06 20:15:43 - INFO - Epoch 471/1000, Loss: 0.2019, Dice: 0.1882, MSE: 0.0456
2025-06-06 20:16:06 - INFO - Epoch 472/1000, Loss: 0.1753, Dice: 0.1638, MSE: 0.0384
2025-06-06 20:16:29 - INFO - Epoch 473/1000, Loss: 0.1836, Dice: 0.1723, MSE: 0.0374
2025-06-06 20:16:51 - INFO - Epoch 474/1000, Loss: 0.1327, Dice: 0.1220, MSE: 0.0357
2025-06-06 20:17:14 - INFO - Epoch 475/1000, Loss: 0.1287, Dice: 0.1174, MSE: 0.0377
2025-06-06 20:17:37 - INFO - Epoch 476/1000, Loss: 0.1345, Dice: 0.1247, MSE: 0.0325
2025-06-06 20:18:00 - INFO - Epoch 477/1000, Loss: 0.1326, Dice: 0.1208, MSE: 0.0392
2025-06-06 20:18:22 - INFO - Epoch 478/1000, Loss: 0.1268, Dice: 0.1163, MSE: 0.0351
2025-06-06 20:18:45 - INFO - Epoch 479/1000, Loss: 0.1138, Dice: 0.1027, MSE: 0.0370
2025-06-06 20:19:08 - INFO - Epoch 480/1000, Loss: 0.1154, Dice: 0.1040, MSE: 0.0379
2025-06-06 20:19:09 - INFO - 模型已保存至: epoch_480.pth
2025-06-06 20:19:32 - INFO - Epoch 481/1000, Loss: 0.1131, Dice: 0.1028, MSE: 0.0340
2025-06-06 20:19:54 - INFO - Epoch 482/1000, Loss: 0.1074, Dice: 0.0971, MSE: 0.0343
2025-06-06 20:20:17 - INFO - Epoch 483/1000, Loss: 0.1097, Dice: 0.0991, MSE: 0.0353
2025-06-06 20:20:40 - INFO - Epoch 484/1000, Loss: 0.1116, Dice: 0.1007, MSE: 0.0365
2025-06-06 20:21:03 - INFO - Epoch 485/1000, Loss: 0.0945, Dice: 0.0835, MSE: 0.0367
2025-06-06 20:21:25 - INFO - Epoch 486/1000, Loss: 0.0983, Dice: 0.0877, MSE: 0.0351
2025-06-06 20:21:49 - INFO - Epoch 487/1000, Loss: 0.1035, Dice: 0.0923, MSE: 0.0374
2025-06-06 20:22:13 - INFO - Epoch 488/1000, Loss: 0.1072, Dice: 0.0961, MSE: 0.0370
2025-06-06 20:22:36 - INFO - Epoch 489/1000, Loss: 0.1070, Dice: 0.0964, MSE: 0.0354
2025-06-06 20:23:00 - INFO - Epoch 490/1000, Loss: 0.0991, Dice: 0.0894, MSE: 0.0324
2025-06-06 20:23:24 - INFO - Epoch 491/1000, Loss: 0.1015, Dice: 0.0922, MSE: 0.0312
2025-06-06 20:23:47 - INFO - Epoch 492/1000, Loss: 0.1093, Dice: 0.0975, MSE: 0.0393
2025-06-06 20:24:11 - INFO - Epoch 493/1000, Loss: 0.1368, Dice: 0.1233, MSE: 0.0448
2025-06-06 20:24:34 - INFO - Epoch 494/1000, Loss: 0.1267, Dice: 0.1167, MSE: 0.0334
2025-06-06 20:24:58 - INFO - Epoch 495/1000, Loss: 0.1010, Dice: 0.0903, MSE: 0.0359
2025-06-06 20:25:22 - INFO - Epoch 496/1000, Loss: 0.1091, Dice: 0.0998, MSE: 0.0311
2025-06-06 20:25:46 - INFO - Epoch 497/1000, Loss: 0.1175, Dice: 0.1069, MSE: 0.0355
2025-06-06 20:26:09 - INFO - Epoch 498/1000, Loss: 0.1054, Dice: 0.0954, MSE: 0.0335
2025-06-06 20:26:33 - INFO - Epoch 499/1000, Loss: 0.1215, Dice: 0.1095, MSE: 0.0398
2025-06-06 20:26:56 - INFO - Epoch 500/1000, Loss: 0.1062, Dice: 0.0956, MSE: 0.0356
2025-06-06 20:26:58 - INFO - 模型已保存至: epoch_500.pth
2025-06-06 20:27:21 - INFO - Epoch 501/1000, Loss: 0.1036, Dice: 0.0933, MSE: 0.0344
2025-06-06 20:27:46 - INFO - Epoch 502/1000, Loss: 0.1076, Dice: 0.0974, MSE: 0.0338
2025-06-06 20:28:10 - INFO - Epoch 503/1000, Loss: 0.1159, Dice: 0.1058, MSE: 0.0338
2025-06-06 20:28:34 - INFO - Epoch 504/1000, Loss: 0.0896, Dice: 0.0798, MSE: 0.0326
2025-06-06 20:28:58 - INFO - Epoch 505/1000, Loss: 0.0866, Dice: 0.0764, MSE: 0.0338
2025-06-06 20:29:22 - INFO - Epoch 506/1000, Loss: 0.0953, Dice: 0.0849, MSE: 0.0347
2025-06-06 20:29:46 - INFO - Epoch 507/1000, Loss: 0.0994, Dice: 0.0894, MSE: 0.0335
2025-06-06 20:30:10 - INFO - Epoch 508/1000, Loss: 0.0950, Dice: 0.0843, MSE: 0.0356
2025-06-06 20:30:34 - INFO - Epoch 509/1000, Loss: 0.0957, Dice: 0.0852, MSE: 0.0348
2025-06-06 20:30:58 - INFO - Epoch 510/1000, Loss: 0.0976, Dice: 0.0868, MSE: 0.0360
2025-06-06 20:31:21 - INFO - Epoch 511/1000, Loss: 0.0945, Dice: 0.0845, MSE: 0.0331
2025-06-06 20:31:46 - INFO - Epoch 512/1000, Loss: 0.0916, Dice: 0.0814, MSE: 0.0340
2025-06-06 20:32:09 - INFO - Epoch 513/1000, Loss: 0.0875, Dice: 0.0778, MSE: 0.0324
2025-06-06 20:32:33 - INFO - Epoch 514/1000, Loss: 0.0939, Dice: 0.0844, MSE: 0.0317
2025-06-06 20:32:58 - INFO - Epoch 515/1000, Loss: 0.0930, Dice: 0.0832, MSE: 0.0324
2025-06-06 20:33:21 - INFO - Epoch 516/1000, Loss: 0.0976, Dice: 0.0884, MSE: 0.0309
2025-06-06 20:33:45 - INFO - Epoch 517/1000, Loss: 0.0991, Dice: 0.0886, MSE: 0.0350
2025-06-06 20:34:10 - INFO - Epoch 518/1000, Loss: 0.0943, Dice: 0.0846, MSE: 0.0321
2025-06-06 20:34:33 - INFO - Epoch 519/1000, Loss: 0.0956, Dice: 0.0866, MSE: 0.0299
2025-06-06 20:34:57 - INFO - Epoch 520/1000, Loss: 0.0980, Dice: 0.0887, MSE: 0.0310
2025-06-06 20:34:58 - INFO - 模型已保存至: epoch_520.pth
2025-06-06 20:35:22 - INFO - Epoch 521/1000, Loss: 0.0873, Dice: 0.0772, MSE: 0.0336
2025-06-06 20:35:46 - INFO - Epoch 522/1000, Loss: 0.1078, Dice: 0.0964, MSE: 0.0381
2025-06-06 20:36:10 - INFO - Epoch 523/1000, Loss: 0.1540, Dice: 0.1421, MSE: 0.0394
2025-06-06 20:36:33 - INFO - Epoch 524/1000, Loss: 0.1409, Dice: 0.1310, MSE: 0.0331
2025-06-06 20:36:56 - INFO - Epoch 525/1000, Loss: 0.1167, Dice: 0.1064, MSE: 0.0345
2025-06-06 20:37:19 - INFO - Epoch 526/1000, Loss: 0.1088, Dice: 0.0984, MSE: 0.0348
2025-06-06 20:37:41 - INFO - Epoch 527/1000, Loss: 0.1075, Dice: 0.0975, MSE: 0.0334
2025-06-06 20:38:04 - INFO - Epoch 528/1000, Loss: 0.1142, Dice: 0.1037, MSE: 0.0351
2025-06-06 20:38:27 - INFO - Epoch 529/1000, Loss: 0.1799, Dice: 0.1685, MSE: 0.0380
2025-06-06 20:38:50 - INFO - Epoch 530/1000, Loss: 0.2078, Dice: 0.1963, MSE: 0.0384
2025-06-06 20:39:12 - INFO - Epoch 531/1000, Loss: 0.1607, Dice: 0.1482, MSE: 0.0417
2025-06-06 20:39:35 - INFO - Epoch 532/1000, Loss: 0.1734, Dice: 0.1615, MSE: 0.0397
2025-06-06 20:39:58 - INFO - Epoch 533/1000, Loss: 0.1933, Dice: 0.1828, MSE: 0.0352
2025-06-06 20:40:21 - INFO - Epoch 534/1000, Loss: 0.1418, Dice: 0.1310, MSE: 0.0361
2025-06-06 20:40:43 - INFO - Epoch 535/1000, Loss: 0.1324, Dice: 0.1216, MSE: 0.0360
2025-06-06 20:41:06 - INFO - Epoch 536/1000, Loss: 0.1298, Dice: 0.1173, MSE: 0.0418
2025-06-06 20:41:29 - INFO - Epoch 537/1000, Loss: 0.1012, Dice: 0.0913, MSE: 0.0329
2025-06-06 20:41:51 - INFO - Epoch 538/1000, Loss: 0.1034, Dice: 0.0912, MSE: 0.0406
2025-06-06 20:42:14 - INFO - Epoch 539/1000, Loss: 0.0949, Dice: 0.0848, MSE: 0.0336
2025-06-06 20:42:37 - INFO - Epoch 540/1000, Loss: 0.1104, Dice: 0.0999, MSE: 0.0350
2025-06-06 20:42:38 - INFO - 模型已保存至: epoch_540.pth
2025-06-06 20:43:01 - INFO - Epoch 541/1000, Loss: 0.0996, Dice: 0.0895, MSE: 0.0335
2025-06-06 20:43:24 - INFO - Epoch 542/1000, Loss: 0.1030, Dice: 0.0931, MSE: 0.0330
2025-06-06 20:43:47 - INFO - Epoch 543/1000, Loss: 0.0928, Dice: 0.0824, MSE: 0.0346
2025-06-06 20:44:09 - INFO - Epoch 544/1000, Loss: 0.1308, Dice: 0.1196, MSE: 0.0373
2025-06-06 20:44:32 - INFO - Epoch 545/1000, Loss: 0.1127, Dice: 0.1019, MSE: 0.0360
2025-06-06 20:44:55 - INFO - Epoch 546/1000, Loss: 0.1034, Dice: 0.0927, MSE: 0.0355
2025-06-06 20:45:18 - INFO - Epoch 547/1000, Loss: 0.1010, Dice: 0.0923, MSE: 0.0287
2025-06-06 20:45:40 - INFO - Epoch 548/1000, Loss: 0.0981, Dice: 0.0882, MSE: 0.0332
2025-06-06 20:46:03 - INFO - Epoch 549/1000, Loss: 0.1034, Dice: 0.0938, MSE: 0.0319
2025-06-06 20:46:26 - INFO - Epoch 550/1000, Loss: 0.0864, Dice: 0.0769, MSE: 0.0316
2025-06-06 20:46:49 - INFO - Epoch 551/1000, Loss: 0.0870, Dice: 0.0775, MSE: 0.0317
2025-06-06 20:47:11 - INFO - Epoch 552/1000, Loss: 0.0924, Dice: 0.0834, MSE: 0.0300
2025-06-06 20:47:34 - INFO - Epoch 553/1000, Loss: 0.1005, Dice: 0.0902, MSE: 0.0343
2025-06-06 20:47:57 - INFO - Epoch 554/1000, Loss: 0.0890, Dice: 0.0786, MSE: 0.0345
2025-06-06 20:48:19 - INFO - Epoch 555/1000, Loss: 0.0920, Dice: 0.0822, MSE: 0.0327
2025-06-06 20:48:42 - INFO - Epoch 556/1000, Loss: 0.0929, Dice: 0.0829, MSE: 0.0334
2025-06-06 20:49:05 - INFO - Epoch 557/1000, Loss: 0.0922, Dice: 0.0818, MSE: 0.0347
2025-06-06 20:49:27 - INFO - Epoch 558/1000, Loss: 0.0922, Dice: 0.0823, MSE: 0.0330
2025-06-06 20:49:50 - INFO - Epoch 559/1000, Loss: 0.0918, Dice: 0.0821, MSE: 0.0324
2025-06-06 20:50:13 - INFO - Epoch 560/1000, Loss: 0.0932, Dice: 0.0819, MSE: 0.0374
2025-06-06 20:50:14 - INFO - 模型已保存至: epoch_560.pth
2025-06-06 20:50:37 - INFO - Epoch 561/1000, Loss: 0.0906, Dice: 0.0810, MSE: 0.0322
2025-06-06 20:50:59 - INFO - Epoch 562/1000, Loss: 0.0927, Dice: 0.0829, MSE: 0.0328
2025-06-06 20:51:22 - INFO - Epoch 563/1000, Loss: 0.0926, Dice: 0.0822, MSE: 0.0347
2025-06-06 20:51:45 - INFO - Epoch 564/1000, Loss: 0.0911, Dice: 0.0797, MSE: 0.0381
2025-06-06 20:52:07 - INFO - Epoch 565/1000, Loss: 0.0931, Dice: 0.0824, MSE: 0.0356
2025-06-06 20:52:30 - INFO - Epoch 566/1000, Loss: 0.0881, Dice: 0.0780, MSE: 0.0336
2025-06-06 20:52:53 - INFO - Epoch 567/1000, Loss: 0.0974, Dice: 0.0870, MSE: 0.0347
2025-06-06 20:53:16 - INFO - Epoch 568/1000, Loss: 0.0929, Dice: 0.0828, MSE: 0.0338
2025-06-06 20:53:38 - INFO - Epoch 569/1000, Loss: 0.0952, Dice: 0.0848, MSE: 0.0349
2025-06-06 20:54:01 - INFO - Epoch 570/1000, Loss: 0.0992, Dice: 0.0891, MSE: 0.0335
2025-06-06 20:54:24 - INFO - Epoch 571/1000, Loss: 0.0824, Dice: 0.0722, MSE: 0.0341
2025-06-06 20:54:47 - INFO - Epoch 572/1000, Loss: 0.0841, Dice: 0.0734, MSE: 0.0357
2025-06-06 20:55:09 - INFO - Epoch 573/1000, Loss: 0.0864, Dice: 0.0767, MSE: 0.0321
2025-06-06 20:55:32 - INFO - Epoch 574/1000, Loss: 0.0826, Dice: 0.0729, MSE: 0.0324
2025-06-06 20:55:55 - INFO - Epoch 575/1000, Loss: 0.0808, Dice: 0.0716, MSE: 0.0306
2025-06-06 20:56:18 - INFO - Epoch 576/1000, Loss: 0.0888, Dice: 0.0792, MSE: 0.0319
2025-06-06 20:56:40 - INFO - Epoch 577/1000, Loss: 0.0961, Dice: 0.0851, MSE: 0.0367
2025-06-06 20:57:03 - INFO - Epoch 578/1000, Loss: 0.0916, Dice: 0.0829, MSE: 0.0290
2025-06-06 20:57:26 - INFO - Epoch 579/1000, Loss: 0.0934, Dice: 0.0827, MSE: 0.0357
2025-06-06 20:57:48 - INFO - Epoch 580/1000, Loss: 0.1329, Dice: 0.1214, MSE: 0.0385
2025-06-06 20:57:50 - INFO - 模型已保存至: epoch_580.pth
2025-06-06 20:58:12 - INFO - Epoch 581/1000, Loss: 0.1933, Dice: 0.1819, MSE: 0.0382
2025-06-06 20:58:35 - INFO - Epoch 582/1000, Loss: 0.1170, Dice: 0.1073, MSE: 0.0324
2025-06-06 20:58:58 - INFO - Epoch 583/1000, Loss: 0.2135, Dice: 0.2004, MSE: 0.0438
2025-06-06 20:59:21 - INFO - Epoch 584/1000, Loss: 0.1898, Dice: 0.1796, MSE: 0.0340
2025-06-06 20:59:43 - INFO - Epoch 585/1000, Loss: 0.1562, Dice: 0.1456, MSE: 0.0352
2025-06-06 21:00:06 - INFO - Epoch 586/1000, Loss: 0.1140, Dice: 0.1049, MSE: 0.0303
2025-06-06 21:00:29 - INFO - Epoch 587/1000, Loss: 0.1343, Dice: 0.1243, MSE: 0.0334
2025-06-06 21:00:52 - INFO - Epoch 588/1000, Loss: 0.1204, Dice: 0.1111, MSE: 0.0310
2025-06-06 21:01:14 - INFO - Epoch 589/1000, Loss: 0.1168, Dice: 0.1064, MSE: 0.0348
2025-06-06 21:01:37 - INFO - Epoch 590/1000, Loss: 0.0916, Dice: 0.0820, MSE: 0.0321
2025-06-06 21:02:00 - INFO - Epoch 591/1000, Loss: 0.1010, Dice: 0.0910, MSE: 0.0332
2025-06-06 21:02:23 - INFO - Epoch 592/1000, Loss: 0.0954, Dice: 0.0854, MSE: 0.0332
2025-06-06 21:02:45 - INFO - Epoch 593/1000, Loss: 0.1037, Dice: 0.0941, MSE: 0.0321
2025-06-06 21:03:08 - INFO - Epoch 594/1000, Loss: 0.1077, Dice: 0.0977, MSE: 0.0333
2025-06-06 21:03:31 - INFO - Epoch 595/1000, Loss: 0.0918, Dice: 0.0826, MSE: 0.0305
2025-06-06 21:03:54 - INFO - Epoch 596/1000, Loss: 0.0933, Dice: 0.0817, MSE: 0.0385
2025-06-06 21:04:16 - INFO - Epoch 597/1000, Loss: 0.0997, Dice: 0.0908, MSE: 0.0297
2025-06-06 21:04:39 - INFO - Epoch 598/1000, Loss: 0.1102, Dice: 0.0998, MSE: 0.0345
2025-06-06 21:05:02 - INFO - Epoch 599/1000, Loss: 0.1019, Dice: 0.0904, MSE: 0.0383
2025-06-06 21:05:25 - INFO - Epoch 600/1000, Loss: 0.1028, Dice: 0.0909, MSE: 0.0396
2025-06-06 21:05:26 - INFO - 模型已保存至: epoch_600.pth
2025-06-06 21:05:48 - INFO - Epoch 601/1000, Loss: 0.0883, Dice: 0.0780, MSE: 0.0344
2025-06-06 21:06:11 - INFO - Epoch 602/1000, Loss: 0.0961, Dice: 0.0818, MSE: 0.0477
2025-06-06 21:06:34 - INFO - Epoch 603/1000, Loss: 0.0913, Dice: 0.0811, MSE: 0.0341
2025-06-06 21:06:57 - INFO - Epoch 604/1000, Loss: 0.1200, Dice: 0.1088, MSE: 0.0374
2025-06-06 21:07:19 - INFO - Epoch 605/1000, Loss: 0.1041, Dice: 0.0941, MSE: 0.0334
2025-06-06 21:07:42 - INFO - Epoch 606/1000, Loss: 0.1372, Dice: 0.1275, MSE: 0.0322
2025-06-06 21:08:05 - INFO - Epoch 607/1000, Loss: 0.0997, Dice: 0.0903, MSE: 0.0316
2025-06-06 21:08:28 - INFO - Epoch 608/1000, Loss: 0.1005, Dice: 0.0909, MSE: 0.0320
2025-06-06 21:08:50 - INFO - Epoch 609/1000, Loss: 0.0856, Dice: 0.0767, MSE: 0.0294
2025-06-06 21:09:13 - INFO - Epoch 610/1000, Loss: 0.1132, Dice: 0.1032, MSE: 0.0333
2025-06-06 21:09:36 - INFO - Epoch 611/1000, Loss: 0.1019, Dice: 0.0901, MSE: 0.0391
2025-06-06 21:09:59 - INFO - Epoch 612/1000, Loss: 0.1496, Dice: 0.1393, MSE: 0.0344
2025-06-06 21:10:22 - INFO - Epoch 613/1000, Loss: 0.1173, Dice: 0.1076, MSE: 0.0324
2025-06-06 21:10:44 - INFO - Epoch 614/1000, Loss: 0.1185, Dice: 0.1095, MSE: 0.0299
2025-06-06 21:11:07 - INFO - Epoch 615/1000, Loss: 0.1045, Dice: 0.0949, MSE: 0.0320
2025-06-06 21:11:29 - INFO - Epoch 616/1000, Loss: 0.1360, Dice: 0.1244, MSE: 0.0388
2025-06-06 21:11:52 - INFO - Epoch 617/1000, Loss: 0.1373, Dice: 0.1287, MSE: 0.0289
2025-06-06 21:12:15 - INFO - Epoch 618/1000, Loss: 0.1545, Dice: 0.1449, MSE: 0.0320
2025-06-06 21:12:37 - INFO - Epoch 619/1000, Loss: 0.1145, Dice: 0.1037, MSE: 0.0359
2025-06-06 21:13:00 - INFO - Epoch 620/1000, Loss: 0.0943, Dice: 0.0833, MSE: 0.0366
2025-06-06 21:13:01 - INFO - 模型已保存至: epoch_620.pth
2025-06-06 21:13:24 - INFO - Epoch 621/1000, Loss: 0.1241, Dice: 0.1145, MSE: 0.0320
2025-06-06 21:13:47 - INFO - Epoch 622/1000, Loss: 0.1069, Dice: 0.0977, MSE: 0.0306
2025-06-06 21:14:10 - INFO - Epoch 623/1000, Loss: 0.0891, Dice: 0.0802, MSE: 0.0297
2025-06-06 21:14:32 - INFO - Epoch 624/1000, Loss: 0.0893, Dice: 0.0803, MSE: 0.0299
2025-06-06 21:14:55 - INFO - Epoch 625/1000, Loss: 0.0994, Dice: 0.0901, MSE: 0.0311
2025-06-06 21:15:18 - INFO - Epoch 626/1000, Loss: 0.0982, Dice: 0.0879, MSE: 0.0346
2025-06-06 21:15:40 - INFO - Epoch 627/1000, Loss: 0.0916, Dice: 0.0814, MSE: 0.0340
2025-06-06 21:16:03 - INFO - Epoch 628/1000, Loss: 0.0930, Dice: 0.0834, MSE: 0.0320
2025-06-06 21:16:26 - INFO - Epoch 629/1000, Loss: 0.0789, Dice: 0.0687, MSE: 0.0341
2025-06-06 21:16:49 - INFO - Epoch 630/1000, Loss: 0.0883, Dice: 0.0786, MSE: 0.0324
2025-06-06 21:17:11 - INFO - Epoch 631/1000, Loss: 0.0940, Dice: 0.0844, MSE: 0.0321
2025-06-06 21:17:34 - INFO - Epoch 632/1000, Loss: 0.0942, Dice: 0.0827, MSE: 0.0382
2025-06-06 21:17:57 - INFO - Epoch 633/1000, Loss: 0.0890, Dice: 0.0783, MSE: 0.0356
2025-06-06 21:18:20 - INFO - Epoch 634/1000, Loss: 0.0860, Dice: 0.0743, MSE: 0.0387
2025-06-06 21:18:42 - INFO - Epoch 635/1000, Loss: 0.0964, Dice: 0.0856, MSE: 0.0360
2025-06-06 21:19:05 - INFO - Epoch 636/1000, Loss: 0.0774, Dice: 0.0668, MSE: 0.0353
2025-06-06 21:19:28 - INFO - Epoch 637/1000, Loss: 0.0871, Dice: 0.0773, MSE: 0.0330
2025-06-06 21:19:50 - INFO - Epoch 638/1000, Loss: 0.0855, Dice: 0.0763, MSE: 0.0309
2025-06-06 21:20:13 - INFO - Epoch 639/1000, Loss: 0.0996, Dice: 0.0900, MSE: 0.0319
2025-06-06 21:20:36 - INFO - Epoch 640/1000, Loss: 0.0897, Dice: 0.0788, MSE: 0.0363
2025-06-06 21:20:37 - INFO - 模型已保存至: epoch_640.pth
2025-06-06 21:20:59 - INFO - Epoch 641/1000, Loss: 0.0779, Dice: 0.0682, MSE: 0.0324
2025-06-06 21:21:22 - INFO - Epoch 642/1000, Loss: 0.0778, Dice: 0.0666, MSE: 0.0375
2025-06-06 21:21:45 - INFO - Epoch 643/1000, Loss: 0.0844, Dice: 0.0753, MSE: 0.0304
2025-06-06 21:22:08 - INFO - Epoch 644/1000, Loss: 0.0908, Dice: 0.0818, MSE: 0.0302
2025-06-06 21:22:31 - INFO - Epoch 645/1000, Loss: 0.0961, Dice: 0.0873, MSE: 0.0294
2025-06-06 21:22:53 - INFO - Epoch 646/1000, Loss: 0.0943, Dice: 0.0844, MSE: 0.0327
2025-06-06 21:23:16 - INFO - Epoch 647/1000, Loss: 0.0851, Dice: 0.0767, MSE: 0.0282
2025-06-06 21:23:39 - INFO - Epoch 648/1000, Loss: 0.0888, Dice: 0.0800, MSE: 0.0292
2025-06-06 21:24:01 - INFO - Epoch 649/1000, Loss: 0.1031, Dice: 0.0938, MSE: 0.0311
2025-06-06 21:24:24 - INFO - Epoch 650/1000, Loss: 0.1270, Dice: 0.1165, MSE: 0.0349
2025-06-06 21:24:47 - INFO - Epoch 651/1000, Loss: 0.1147, Dice: 0.1050, MSE: 0.0324
2025-06-06 21:25:09 - INFO - Epoch 652/1000, Loss: 0.1071, Dice: 0.0974, MSE: 0.0323
2025-06-06 21:25:32 - INFO - Epoch 653/1000, Loss: 0.0961, Dice: 0.0872, MSE: 0.0297
2025-06-06 21:25:55 - INFO - Epoch 654/1000, Loss: 0.1286, Dice: 0.1189, MSE: 0.0324
2025-06-06 21:26:18 - INFO - Epoch 655/1000, Loss: 0.0952, Dice: 0.0853, MSE: 0.0330
2025-06-06 21:26:40 - INFO - Epoch 656/1000, Loss: 0.1353, Dice: 0.1249, MSE: 0.0345
2025-06-06 21:27:03 - INFO - Epoch 657/1000, Loss: 0.1136, Dice: 0.1040, MSE: 0.0322
2025-06-06 21:27:26 - INFO - Epoch 658/1000, Loss: 0.1000, Dice: 0.0900, MSE: 0.0334
2025-06-06 21:27:49 - INFO - Epoch 659/1000, Loss: 0.1018, Dice: 0.0926, MSE: 0.0306
2025-06-06 21:28:11 - INFO - Epoch 660/1000, Loss: 0.0885, Dice: 0.0791, MSE: 0.0314
2025-06-06 21:28:12 - INFO - 模型已保存至: epoch_660.pth
2025-06-06 21:28:35 - INFO - Epoch 661/1000, Loss: 0.0968, Dice: 0.0863, MSE: 0.0350
2025-06-06 21:28:58 - INFO - Epoch 662/1000, Loss: 0.0981, Dice: 0.0895, MSE: 0.0284
2025-06-06 21:29:21 - INFO - Epoch 663/1000, Loss: 0.0990, Dice: 0.0889, MSE: 0.0336
2025-06-06 21:29:44 - INFO - Epoch 664/1000, Loss: 0.0881, Dice: 0.0777, MSE: 0.0347
2025-06-06 21:30:06 - INFO - Epoch 665/1000, Loss: 0.0759, Dice: 0.0671, MSE: 0.0295
2025-06-06 21:30:29 - INFO - Epoch 666/1000, Loss: 0.0951, Dice: 0.0858, MSE: 0.0312
2025-06-06 21:30:52 - INFO - Epoch 667/1000, Loss: 0.0838, Dice: 0.0750, MSE: 0.0296
2025-06-06 21:31:14 - INFO - Epoch 668/1000, Loss: 0.0938, Dice: 0.0844, MSE: 0.0314
2025-06-06 21:31:37 - INFO - Epoch 669/1000, Loss: 0.0856, Dice: 0.0759, MSE: 0.0323
2025-06-06 21:32:00 - INFO - Epoch 670/1000, Loss: 0.0885, Dice: 0.0785, MSE: 0.0334
2025-06-06 21:32:22 - INFO - Epoch 671/1000, Loss: 0.0764, Dice: 0.0671, MSE: 0.0310
2025-06-06 21:32:45 - INFO - Epoch 672/1000, Loss: 0.0912, Dice: 0.0809, MSE: 0.0342
2025-06-06 21:33:07 - INFO - Epoch 673/1000, Loss: 0.0824, Dice: 0.0726, MSE: 0.0326
2025-06-06 21:33:30 - INFO - Epoch 674/1000, Loss: 0.0815, Dice: 0.0731, MSE: 0.0282
2025-06-06 21:33:53 - INFO - Epoch 675/1000, Loss: 0.0793, Dice: 0.0706, MSE: 0.0289
2025-06-06 21:34:15 - INFO - Epoch 676/1000, Loss: 0.0820, Dice: 0.0724, MSE: 0.0321
2025-06-06 21:34:38 - INFO - Epoch 677/1000, Loss: 0.0757, Dice: 0.0656, MSE: 0.0338
2025-06-06 21:35:01 - INFO - Epoch 678/1000, Loss: 0.0929, Dice: 0.0827, MSE: 0.0338
2025-06-06 21:35:23 - INFO - Epoch 679/1000, Loss: 0.0877, Dice: 0.0776, MSE: 0.0338
2025-06-06 21:35:46 - INFO - Epoch 680/1000, Loss: 0.0829, Dice: 0.0731, MSE: 0.0327
2025-06-06 21:35:47 - INFO - 模型已保存至: epoch_680.pth
2025-06-06 21:36:10 - INFO - Epoch 681/1000, Loss: 0.0816, Dice: 0.0722, MSE: 0.0314
2025-06-06 21:36:33 - INFO - Epoch 682/1000, Loss: 0.1241, Dice: 0.1140, MSE: 0.0338
2025-06-06 21:36:55 - INFO - Epoch 683/1000, Loss: 0.0921, Dice: 0.0808, MSE: 0.0377
2025-06-06 21:37:18 - INFO - Epoch 684/1000, Loss: 0.0901, Dice: 0.0803, MSE: 0.0325
2025-06-06 21:37:41 - INFO - Epoch 685/1000, Loss: 0.1219, Dice: 0.1118, MSE: 0.0337
2025-06-06 21:38:04 - INFO - Epoch 686/1000, Loss: 0.3171, Dice: 0.3033, MSE: 0.0458
2025-06-06 21:38:26 - INFO - Epoch 687/1000, Loss: 0.3075, Dice: 0.2962, MSE: 0.0376
2025-06-06 21:38:49 - INFO - Epoch 688/1000, Loss: 0.2209, Dice: 0.2121, MSE: 0.0295
2025-06-06 21:39:12 - INFO - Epoch 689/1000, Loss: 0.1616, Dice: 0.1519, MSE: 0.0323
2025-06-06 21:39:35 - INFO - Epoch 690/1000, Loss: 0.1572, Dice: 0.1474, MSE: 0.0326
2025-06-06 21:39:58 - INFO - Epoch 691/1000, Loss: 0.1253, Dice: 0.1154, MSE: 0.0329
2025-06-06 21:40:21 - INFO - Epoch 692/1000, Loss: 0.1274, Dice: 0.1184, MSE: 0.0301
2025-06-06 21:40:43 - INFO - Epoch 693/1000, Loss: 0.1122, Dice: 0.1040, MSE: 0.0273
2025-06-06 21:41:06 - INFO - Epoch 694/1000, Loss: 0.1475, Dice: 0.1381, MSE: 0.0311
2025-06-06 21:41:29 - INFO - Epoch 695/1000, Loss: 0.0990, Dice: 0.0898, MSE: 0.0305
2025-06-06 21:41:52 - INFO - Epoch 696/1000, Loss: 0.1159, Dice: 0.1072, MSE: 0.0290
2025-06-06 21:42:14 - INFO - Epoch 697/1000, Loss: 0.0994, Dice: 0.0899, MSE: 0.0319
2025-06-06 21:42:37 - INFO - Epoch 698/1000, Loss: 0.1087, Dice: 0.0995, MSE: 0.0306
2025-06-06 21:43:00 - INFO - Epoch 699/1000, Loss: 0.1214, Dice: 0.1121, MSE: 0.0311
2025-06-06 21:43:23 - INFO - Epoch 700/1000, Loss: 0.1019, Dice: 0.0936, MSE: 0.0279
2025-06-06 21:43:24 - INFO - 模型已保存至: epoch_700.pth
2025-06-06 21:43:46 - INFO - Epoch 701/1000, Loss: 0.1169, Dice: 0.1070, MSE: 0.0329
2025-06-06 21:44:09 - INFO - Epoch 702/1000, Loss: 0.1177, Dice: 0.1080, MSE: 0.0322
2025-06-06 21:44:32 - INFO - Epoch 703/1000, Loss: 0.1010, Dice: 0.0920, MSE: 0.0300
2025-06-06 21:44:55 - INFO - Epoch 704/1000, Loss: 0.0993, Dice: 0.0910, MSE: 0.0274
2025-06-06 21:45:18 - INFO - Epoch 705/1000, Loss: 0.1064, Dice: 0.0973, MSE: 0.0303
2025-06-06 21:45:41 - INFO - Epoch 706/1000, Loss: 0.1001, Dice: 0.0910, MSE: 0.0301
2025-06-06 21:46:03 - INFO - Epoch 707/1000, Loss: 0.1019, Dice: 0.0914, MSE: 0.0352
2025-06-06 21:46:26 - INFO - Epoch 708/1000, Loss: 0.1052, Dice: 0.0948, MSE: 0.0344
2025-06-06 21:46:49 - INFO - Epoch 709/1000, Loss: 0.1219, Dice: 0.1127, MSE: 0.0307
2025-06-06 21:47:11 - INFO - Epoch 710/1000, Loss: 0.1060, Dice: 0.0968, MSE: 0.0305
2025-06-06 21:47:34 - INFO - Epoch 711/1000, Loss: 0.1221, Dice: 0.1140, MSE: 0.0270
2025-06-06 21:47:57 - INFO - Epoch 712/1000, Loss: 0.1188, Dice: 0.1106, MSE: 0.0273
2025-06-06 21:48:20 - INFO - Epoch 713/1000, Loss: 0.1372, Dice: 0.1278, MSE: 0.0313
2025-06-06 21:48:42 - INFO - Epoch 714/1000, Loss: 0.0973, Dice: 0.0878, MSE: 0.0318
2025-06-06 21:49:05 - INFO - Epoch 715/1000, Loss: 0.0878, Dice: 0.0788, MSE: 0.0301
2025-06-06 21:49:28 - INFO - Epoch 716/1000, Loss: 0.1008, Dice: 0.0921, MSE: 0.0290
2025-06-06 21:49:51 - INFO - Epoch 717/1000, Loss: 0.0864, Dice: 0.0772, MSE: 0.0307
2025-06-06 21:50:13 - INFO - Epoch 718/1000, Loss: 0.0819, Dice: 0.0727, MSE: 0.0305
2025-06-06 21:50:36 - INFO - Epoch 719/1000, Loss: 0.0846, Dice: 0.0753, MSE: 0.0312
2025-06-06 21:50:59 - INFO - Epoch 720/1000, Loss: 0.0978, Dice: 0.0881, MSE: 0.0325
2025-06-06 21:51:00 - INFO - 模型已保存至: epoch_720.pth
2025-06-06 21:51:23 - INFO - Epoch 721/1000, Loss: 0.0913, Dice: 0.0819, MSE: 0.0311
2025-06-06 21:51:46 - INFO - Epoch 722/1000, Loss: 0.1045, Dice: 0.0950, MSE: 0.0316
2025-06-06 21:52:08 - INFO - Epoch 723/1000, Loss: 0.1135, Dice: 0.1032, MSE: 0.0344
2025-06-06 21:52:31 - INFO - Epoch 724/1000, Loss: 0.1015, Dice: 0.0928, MSE: 0.0287
2025-06-06 21:52:54 - INFO - Epoch 725/1000, Loss: 0.0955, Dice: 0.0870, MSE: 0.0283
2025-06-06 21:53:17 - INFO - Epoch 726/1000, Loss: 0.1088, Dice: 0.1000, MSE: 0.0295
2025-06-06 21:53:39 - INFO - Epoch 727/1000, Loss: 0.0854, Dice: 0.0771, MSE: 0.0277
2025-06-06 21:54:02 - INFO - Epoch 728/1000, Loss: 0.0971, Dice: 0.0884, MSE: 0.0288
2025-06-06 21:54:25 - INFO - Epoch 729/1000, Loss: 0.0943, Dice: 0.0851, MSE: 0.0308
2025-06-06 21:54:47 - INFO - Epoch 730/1000, Loss: 0.0850, Dice: 0.0758, MSE: 0.0307
2025-06-06 21:55:10 - INFO - Epoch 731/1000, Loss: 0.0774, Dice: 0.0691, MSE: 0.0276
2025-06-06 21:55:33 - INFO - Epoch 732/1000, Loss: 0.0933, Dice: 0.0845, MSE: 0.0292
2025-06-06 21:55:56 - INFO - Epoch 733/1000, Loss: 0.0914, Dice: 0.0816, MSE: 0.0324
2025-06-06 21:56:18 - INFO - Epoch 734/1000, Loss: 0.0820, Dice: 0.0735, MSE: 0.0284
2025-06-06 21:56:41 - INFO - Epoch 735/1000, Loss: 0.0900, Dice: 0.0807, MSE: 0.0308
2025-06-06 21:57:04 - INFO - Epoch 736/1000, Loss: 0.0914, Dice: 0.0820, MSE: 0.0314
2025-06-06 21:57:27 - INFO - Epoch 737/1000, Loss: 0.0794, Dice: 0.0709, MSE: 0.0282
2025-06-06 21:57:49 - INFO - Epoch 738/1000, Loss: 0.0827, Dice: 0.0736, MSE: 0.0303
2025-06-06 21:58:12 - INFO - Epoch 739/1000, Loss: 0.0853, Dice: 0.0756, MSE: 0.0324
2025-06-06 21:58:35 - INFO - Epoch 740/1000, Loss: 0.0768, Dice: 0.0672, MSE: 0.0320
2025-06-06 21:58:36 - INFO - 模型已保存至: epoch_740.pth
2025-06-06 21:58:58 - INFO - Epoch 741/1000, Loss: 0.0863, Dice: 0.0764, MSE: 0.0328
2025-06-06 21:59:21 - INFO - Epoch 742/1000, Loss: 0.0831, Dice: 0.0743, MSE: 0.0295
2025-06-06 21:59:44 - INFO - Epoch 743/1000, Loss: 0.0885, Dice: 0.0798, MSE: 0.0293
2025-06-06 22:00:07 - INFO - Epoch 744/1000, Loss: 0.0922, Dice: 0.0829, MSE: 0.0308
2025-06-06 22:00:29 - INFO - Epoch 745/1000, Loss: 0.0890, Dice: 0.0796, MSE: 0.0312
2025-06-06 22:00:52 - INFO - Epoch 746/1000, Loss: 0.0911, Dice: 0.0824, MSE: 0.0288
2025-06-06 22:01:15 - INFO - Epoch 747/1000, Loss: 0.0833, Dice: 0.0743, MSE: 0.0302
2025-06-06 22:01:37 - INFO - Epoch 748/1000, Loss: 0.0972, Dice: 0.0876, MSE: 0.0318
2025-06-06 22:02:00 - INFO - Epoch 749/1000, Loss: 0.0842, Dice: 0.0759, MSE: 0.0276
2025-06-06 22:02:23 - INFO - Epoch 750/1000, Loss: 0.0764, Dice: 0.0676, MSE: 0.0294
2025-06-06 22:02:45 - INFO - Epoch 751/1000, Loss: 0.0818, Dice: 0.0729, MSE: 0.0294
2025-06-06 22:03:08 - INFO - Epoch 752/1000, Loss: 0.0906, Dice: 0.0808, MSE: 0.0327
2025-06-06 22:03:31 - INFO - Epoch 753/1000, Loss: 0.0846, Dice: 0.0759, MSE: 0.0292
2025-06-06 22:03:53 - INFO - Epoch 754/1000, Loss: 0.0933, Dice: 0.0850, MSE: 0.0280
2025-06-06 22:04:16 - INFO - Epoch 755/1000, Loss: 0.0819, Dice: 0.0737, MSE: 0.0274
2025-06-06 22:04:39 - INFO - Epoch 756/1000, Loss: 0.0831, Dice: 0.0743, MSE: 0.0293
2025-06-06 22:05:01 - INFO - Epoch 757/1000, Loss: 0.0797, Dice: 0.0709, MSE: 0.0292
2025-06-06 22:05:24 - INFO - Epoch 758/1000, Loss: 0.0883, Dice: 0.0795, MSE: 0.0292
2025-06-06 22:05:47 - INFO - Epoch 759/1000, Loss: 0.0751, Dice: 0.0657, MSE: 0.0316
2025-06-06 22:06:10 - INFO - Epoch 760/1000, Loss: 0.0788, Dice: 0.0690, MSE: 0.0328
2025-06-06 22:06:11 - INFO - 模型已保存至: epoch_760.pth
2025-06-06 22:06:34 - INFO - Epoch 761/1000, Loss: 0.0800, Dice: 0.0714, MSE: 0.0284
2025-06-06 22:06:57 - INFO - Epoch 762/1000, Loss: 0.0971, Dice: 0.0870, MSE: 0.0335
2025-06-06 22:07:19 - INFO - Epoch 763/1000, Loss: 0.0815, Dice: 0.0729, MSE: 0.0287
2025-06-06 22:07:42 - INFO - Epoch 764/1000, Loss: 0.0830, Dice: 0.0733, MSE: 0.0324
2025-06-06 22:08:05 - INFO - Epoch 765/1000, Loss: 0.0906, Dice: 0.0813, MSE: 0.0309
2025-06-06 22:08:27 - INFO - Epoch 766/1000, Loss: 0.0836, Dice: 0.0744, MSE: 0.0306
2025-06-06 22:08:50 - INFO - Epoch 767/1000, Loss: 0.0767, Dice: 0.0684, MSE: 0.0277
2025-06-06 22:09:13 - INFO - Epoch 768/1000, Loss: 0.0829, Dice: 0.0737, MSE: 0.0307
2025-06-06 22:09:36 - INFO - Epoch 769/1000, Loss: 0.0774, Dice: 0.0689, MSE: 0.0283
2025-06-06 22:09:58 - INFO - Epoch 770/1000, Loss: 0.0717, Dice: 0.0618, MSE: 0.0330
2025-06-06 22:10:21 - INFO - Epoch 771/1000, Loss: 0.0732, Dice: 0.0635, MSE: 0.0322
2025-06-06 22:10:44 - INFO - Epoch 772/1000, Loss: 0.0769, Dice: 0.0684, MSE: 0.0284
2025-06-06 22:11:06 - INFO - Epoch 773/1000, Loss: 0.0758, Dice: 0.0660, MSE: 0.0327
2025-06-06 22:11:29 - INFO - Epoch 774/1000, Loss: 0.0765, Dice: 0.0667, MSE: 0.0325
2025-06-06 22:11:52 - INFO - Epoch 775/1000, Loss: 0.0770, Dice: 0.0676, MSE: 0.0313
2025-06-06 22:12:15 - INFO - Epoch 776/1000, Loss: 0.0739, Dice: 0.0644, MSE: 0.0315
2025-06-06 22:12:37 - INFO - Epoch 777/1000, Loss: 0.0759, Dice: 0.0656, MSE: 0.0342
2025-06-06 22:13:00 - INFO - Epoch 778/1000, Loss: 0.0747, Dice: 0.0645, MSE: 0.0342
2025-06-06 22:13:23 - INFO - Epoch 779/1000, Loss: 0.0677, Dice: 0.0589, MSE: 0.0296
2025-06-06 22:13:45 - INFO - Epoch 780/1000, Loss: 0.0698, Dice: 0.0610, MSE: 0.0292
2025-06-06 22:13:46 - INFO - 模型已保存至: epoch_780.pth
2025-06-06 22:14:09 - INFO - Epoch 781/1000, Loss: 0.0694, Dice: 0.0601, MSE: 0.0310
2025-06-06 22:14:32 - INFO - Epoch 782/1000, Loss: 0.0723, Dice: 0.0623, MSE: 0.0333
2025-06-06 22:14:55 - INFO - Epoch 783/1000, Loss: 0.0844, Dice: 0.0745, MSE: 0.0332
2025-06-06 22:15:17 - INFO - Epoch 784/1000, Loss: 0.0741, Dice: 0.0652, MSE: 0.0296
2025-06-06 22:15:40 - INFO - Epoch 785/1000, Loss: 0.0808, Dice: 0.0708, MSE: 0.0333
2025-06-06 22:16:03 - INFO - Epoch 786/1000, Loss: 0.0749, Dice: 0.0660, MSE: 0.0296
2025-06-06 22:16:25 - INFO - Epoch 787/1000, Loss: 0.0809, Dice: 0.0725, MSE: 0.0278
2025-06-06 22:16:48 - INFO - Epoch 788/1000, Loss: 0.0782, Dice: 0.0686, MSE: 0.0321
2025-06-06 22:17:11 - INFO - Epoch 789/1000, Loss: 0.0792, Dice: 0.0689, MSE: 0.0346
2025-06-06 22:17:33 - INFO - Epoch 790/1000, Loss: 0.0837, Dice: 0.0741, MSE: 0.0320
2025-06-06 22:17:56 - INFO - Epoch 791/1000, Loss: 0.0917, Dice: 0.0834, MSE: 0.0278
2025-06-06 22:18:19 - INFO - Epoch 792/1000, Loss: 0.0769, Dice: 0.0672, MSE: 0.0322
2025-06-06 22:18:42 - INFO - Epoch 793/1000, Loss: 0.0879, Dice: 0.0785, MSE: 0.0314
2025-06-06 22:19:04 - INFO - Epoch 794/1000, Loss: 0.0769, Dice: 0.0681, MSE: 0.0293
2025-06-06 22:19:27 - INFO - Epoch 795/1000, Loss: 0.0707, Dice: 0.0626, MSE: 0.0267
2025-06-06 22:19:50 - INFO - Epoch 796/1000, Loss: 0.0870, Dice: 0.0776, MSE: 0.0315
2025-06-06 22:20:12 - INFO - Epoch 797/1000, Loss: 0.0708, Dice: 0.0621, MSE: 0.0289
2025-06-06 22:20:35 - INFO - Epoch 798/1000, Loss: 0.0983, Dice: 0.0893, MSE: 0.0301
2025-06-06 22:20:58 - INFO - Epoch 799/1000, Loss: 0.0782, Dice: 0.0694, MSE: 0.0292
2025-06-06 22:21:20 - INFO - Epoch 800/1000, Loss: 0.0807, Dice: 0.0720, MSE: 0.0288
2025-06-06 22:21:22 - INFO - 模型已保存至: epoch_800.pth
2025-06-06 22:21:44 - INFO - Epoch 801/1000, Loss: 0.0787, Dice: 0.0701, MSE: 0.0285
2025-06-06 22:22:07 - INFO - Epoch 802/1000, Loss: 0.0884, Dice: 0.0797, MSE: 0.0289
2025-06-06 22:22:30 - INFO - Epoch 803/1000, Loss: 0.0862, Dice: 0.0749, MSE: 0.0375
2025-06-06 22:22:53 - INFO - Epoch 804/1000, Loss: 0.0745, Dice: 0.0649, MSE: 0.0320
2025-06-06 22:23:15 - INFO - Epoch 805/1000, Loss: 0.0748, Dice: 0.0658, MSE: 0.0301
2025-06-06 22:23:38 - INFO - Epoch 806/1000, Loss: 0.1342, Dice: 0.1240, MSE: 0.0340
2025-06-06 22:24:01 - INFO - Epoch 807/1000, Loss: 0.1432, Dice: 0.1311, MSE: 0.0403
2025-06-06 22:24:24 - INFO - Epoch 808/1000, Loss: 0.2584, Dice: 0.2468, MSE: 0.0386
2025-06-06 22:24:46 - INFO - Epoch 809/1000, Loss: 0.1607, Dice: 0.1499, MSE: 0.0358
2025-06-06 22:25:09 - INFO - Epoch 810/1000, Loss: 0.1994, Dice: 0.1900, MSE: 0.0315
2025-06-06 22:25:32 - INFO - Epoch 811/1000, Loss: 0.1449, Dice: 0.1363, MSE: 0.0287
2025-06-06 22:25:55 - INFO - Epoch 812/1000, Loss: 0.1447, Dice: 0.1354, MSE: 0.0312
2025-06-06 22:26:17 - INFO - Epoch 813/1000, Loss: 0.1561, Dice: 0.1468, MSE: 0.0310
2025-06-06 22:26:40 - INFO - Epoch 814/1000, Loss: 0.1696, Dice: 0.1595, MSE: 0.0337
2025-06-06 22:27:03 - INFO - Epoch 815/1000, Loss: 0.1355, Dice: 0.1265, MSE: 0.0301
2025-06-06 22:27:26 - INFO - Epoch 816/1000, Loss: 0.1241, Dice: 0.1159, MSE: 0.0272
2025-06-06 22:27:49 - INFO - Epoch 817/1000, Loss: 0.0989, Dice: 0.0903, MSE: 0.0288
2025-06-06 22:28:11 - INFO - Epoch 818/1000, Loss: 0.1599, Dice: 0.1506, MSE: 0.0312
2025-06-06 22:28:34 - INFO - Epoch 819/1000, Loss: 0.0948, Dice: 0.0853, MSE: 0.0316
2025-06-06 22:28:57 - INFO - Epoch 820/1000, Loss: 0.1177, Dice: 0.1085, MSE: 0.0307
2025-06-06 22:28:58 - INFO - 模型已保存至: epoch_820.pth
2025-06-06 22:29:21 - INFO - Epoch 821/1000, Loss: 0.1014, Dice: 0.0927, MSE: 0.0292
2025-06-06 22:29:43 - INFO - Epoch 822/1000, Loss: 0.1066, Dice: 0.0982, MSE: 0.0280
2025-06-06 22:30:06 - INFO - Epoch 823/1000, Loss: 0.1041, Dice: 0.0960, MSE: 0.0272
2025-06-06 22:30:29 - INFO - Epoch 824/1000, Loss: 0.0873, Dice: 0.0789, MSE: 0.0277
2025-06-06 22:30:51 - INFO - Epoch 825/1000, Loss: 0.1026, Dice: 0.0935, MSE: 0.0304
2025-06-06 22:31:14 - INFO - Epoch 826/1000, Loss: 0.0943, Dice: 0.0852, MSE: 0.0305
2025-06-06 22:31:37 - INFO - Epoch 827/1000, Loss: 0.0848, Dice: 0.0762, MSE: 0.0286
2025-06-06 22:32:00 - INFO - Epoch 828/1000, Loss: 0.0775, Dice: 0.0688, MSE: 0.0289
2025-06-06 22:32:22 - INFO - Epoch 829/1000, Loss: 0.0946, Dice: 0.0854, MSE: 0.0308
2025-06-06 22:32:45 - INFO - Epoch 830/1000, Loss: 0.0757, Dice: 0.0665, MSE: 0.0305
2025-06-06 22:33:08 - INFO - Epoch 831/1000, Loss: 0.0783, Dice: 0.0689, MSE: 0.0311
2025-06-06 22:33:30 - INFO - Epoch 832/1000, Loss: 0.0859, Dice: 0.0778, MSE: 0.0269
2025-06-06 22:33:53 - INFO - Epoch 833/1000, Loss: 0.0828, Dice: 0.0744, MSE: 0.0279
2025-06-06 22:34:15 - INFO - Epoch 834/1000, Loss: 0.0882, Dice: 0.0806, MSE: 0.0253
2025-06-06 22:34:38 - INFO - Epoch 835/1000, Loss: 0.0796, Dice: 0.0716, MSE: 0.0267
2025-06-06 22:35:01 - INFO - Epoch 836/1000, Loss: 0.0906, Dice: 0.0816, MSE: 0.0300
2025-06-06 22:35:24 - INFO - Epoch 837/1000, Loss: 0.0850, Dice: 0.0769, MSE: 0.0270
2025-06-06 22:35:46 - INFO - Epoch 838/1000, Loss: 0.0894, Dice: 0.0821, MSE: 0.0240
2025-06-06 22:36:09 - INFO - Epoch 839/1000, Loss: 0.0921, Dice: 0.0839, MSE: 0.0274
2025-06-06 22:36:32 - INFO - Epoch 840/1000, Loss: 0.0988, Dice: 0.0900, MSE: 0.0294
2025-06-06 22:36:33 - INFO - 模型已保存至: epoch_840.pth
2025-06-06 22:36:56 - INFO - Epoch 841/1000, Loss: 0.0765, Dice: 0.0668, MSE: 0.0321
2025-06-06 22:37:18 - INFO - Epoch 842/1000, Loss: 0.0806, Dice: 0.0715, MSE: 0.0304
2025-06-06 22:37:41 - INFO - Epoch 843/1000, Loss: 0.0837, Dice: 0.0746, MSE: 0.0302
2025-06-06 22:38:04 - INFO - Epoch 844/1000, Loss: 0.0819, Dice: 0.0735, MSE: 0.0278
2025-06-06 22:38:27 - INFO - Epoch 845/1000, Loss: 0.0824, Dice: 0.0735, MSE: 0.0297
2025-06-06 22:38:50 - INFO - Epoch 846/1000, Loss: 0.0810, Dice: 0.0724, MSE: 0.0286
2025-06-06 22:39:12 - INFO - Epoch 847/1000, Loss: 0.0722, Dice: 0.0629, MSE: 0.0308
2025-06-06 22:39:35 - INFO - Epoch 848/1000, Loss: 0.0883, Dice: 0.0769, MSE: 0.0380
2025-06-06 22:39:58 - INFO - Epoch 849/1000, Loss: 0.0816, Dice: 0.0724, MSE: 0.0308
2025-06-06 22:40:20 - INFO - Epoch 850/1000, Loss: 0.1233, Dice: 0.1146, MSE: 0.0290
2025-06-06 22:40:43 - INFO - Epoch 851/1000, Loss: 0.0800, Dice: 0.0715, MSE: 0.0281
2025-06-06 22:41:06 - INFO - Epoch 852/1000, Loss: 0.0843, Dice: 0.0758, MSE: 0.0283
2025-06-06 22:41:29 - INFO - Epoch 853/1000, Loss: 0.0750, Dice: 0.0654, MSE: 0.0321
2025-06-06 22:41:51 - INFO - Epoch 854/1000, Loss: 0.0799, Dice: 0.0717, MSE: 0.0274
2025-06-06 22:42:14 - INFO - Epoch 855/1000, Loss: 0.0836, Dice: 0.0744, MSE: 0.0306
2025-06-06 22:42:37 - INFO - Epoch 856/1000, Loss: 0.0780, Dice: 0.0695, MSE: 0.0286
2025-06-06 22:42:59 - INFO - Epoch 857/1000, Loss: 0.0863, Dice: 0.0775, MSE: 0.0295
2025-06-06 22:43:22 - INFO - Epoch 858/1000, Loss: 0.0745, Dice: 0.0657, MSE: 0.0294
2025-06-06 22:43:45 - INFO - Epoch 859/1000, Loss: 0.1035, Dice: 0.0945, MSE: 0.0300
2025-06-06 22:44:08 - INFO - Epoch 860/1000, Loss: 0.0755, Dice: 0.0673, MSE: 0.0273
2025-06-06 22:44:09 - INFO - 模型已保存至: epoch_860.pth
2025-06-06 22:44:31 - INFO - Epoch 861/1000, Loss: 0.0797, Dice: 0.0709, MSE: 0.0293
2025-06-06 22:44:54 - INFO - Epoch 862/1000, Loss: 0.0922, Dice: 0.0829, MSE: 0.0309
2025-06-06 22:45:17 - INFO - Epoch 863/1000, Loss: 0.0745, Dice: 0.0662, MSE: 0.0278
2025-06-06 22:45:40 - INFO - Epoch 864/1000, Loss: 0.0762, Dice: 0.0669, MSE: 0.0310
2025-06-06 22:46:02 - INFO - Epoch 865/1000, Loss: 0.0762, Dice: 0.0683, MSE: 0.0263
2025-06-06 22:46:25 - INFO - Epoch 866/1000, Loss: 0.0751, Dice: 0.0668, MSE: 0.0277
2025-06-06 22:46:47 - INFO - Epoch 867/1000, Loss: 0.0768, Dice: 0.0682, MSE: 0.0285
2025-06-06 22:47:10 - INFO - Epoch 868/1000, Loss: 0.0829, Dice: 0.0740, MSE: 0.0297
2025-06-06 22:47:33 - INFO - Epoch 869/1000, Loss: 0.0672, Dice: 0.0593, MSE: 0.0263
2025-06-06 22:47:56 - INFO - Epoch 870/1000, Loss: 0.0698, Dice: 0.0601, MSE: 0.0325
2025-06-06 22:48:18 - INFO - Epoch 871/1000, Loss: 0.0800, Dice: 0.0709, MSE: 0.0304
2025-06-06 22:48:41 - INFO - Epoch 872/1000, Loss: 0.0819, Dice: 0.0731, MSE: 0.0294
2025-06-06 22:49:04 - INFO - Epoch 873/1000, Loss: 0.0772, Dice: 0.0687, MSE: 0.0285
2025-06-06 22:49:27 - INFO - Epoch 874/1000, Loss: 0.0979, Dice: 0.0867, MSE: 0.0372
2025-06-06 22:49:49 - INFO - Epoch 875/1000, Loss: 0.0766, Dice: 0.0678, MSE: 0.0294
2025-06-06 22:50:12 - INFO - Epoch 876/1000, Loss: 0.0673, Dice: 0.0591, MSE: 0.0274
2025-06-06 22:50:35 - INFO - Epoch 877/1000, Loss: 0.0752, Dice: 0.0655, MSE: 0.0321
2025-06-06 22:50:58 - INFO - Epoch 878/1000, Loss: 0.0764, Dice: 0.0679, MSE: 0.0281
2025-06-06 22:51:20 - INFO - Epoch 879/1000, Loss: 0.0800, Dice: 0.0716, MSE: 0.0281
2025-06-06 22:51:43 - INFO - Epoch 880/1000, Loss: 0.0748, Dice: 0.0662, MSE: 0.0288
2025-06-06 22:51:44 - INFO - 模型已保存至: epoch_880.pth
2025-06-06 22:52:07 - INFO - Epoch 881/1000, Loss: 0.0706, Dice: 0.0617, MSE: 0.0295
2025-06-06 22:52:30 - INFO - Epoch 882/1000, Loss: 0.0775, Dice: 0.0664, MSE: 0.0372
2025-06-06 22:52:52 - INFO - Epoch 883/1000, Loss: 0.1015, Dice: 0.0918, MSE: 0.0322
2025-06-06 22:53:15 - INFO - Epoch 884/1000, Loss: 0.0741, Dice: 0.0649, MSE: 0.0308
2025-06-06 22:53:38 - INFO - Epoch 885/1000, Loss: 0.0775, Dice: 0.0678, MSE: 0.0324
2025-06-06 22:54:01 - INFO - Epoch 886/1000, Loss: 0.0878, Dice: 0.0788, MSE: 0.0300
2025-06-06 22:54:23 - INFO - Epoch 887/1000, Loss: 0.0813, Dice: 0.0718, MSE: 0.0314
2025-06-06 22:54:46 - INFO - Epoch 888/1000, Loss: 0.2639, Dice: 0.2509, MSE: 0.0431
2025-06-06 22:55:09 - INFO - Epoch 889/1000, Loss: 0.2464, Dice: 0.2342, MSE: 0.0406
2025-06-06 22:55:32 - INFO - Epoch 890/1000, Loss: 0.2067, Dice: 0.1984, MSE: 0.0277
2025-06-06 22:55:54 - INFO - Epoch 891/1000, Loss: 0.1637, Dice: 0.1544, MSE: 0.0310
2025-06-06 22:56:17 - INFO - Epoch 892/1000, Loss: 0.1493, Dice: 0.1403, MSE: 0.0298
2025-06-06 22:56:40 - INFO - Epoch 893/1000, Loss: 0.1549, Dice: 0.1455, MSE: 0.0314
2025-06-06 22:57:03 - INFO - Epoch 894/1000, Loss: 0.1252, Dice: 0.1164, MSE: 0.0292
2025-06-06 22:57:25 - INFO - Epoch 895/1000, Loss: 0.1292, Dice: 0.1202, MSE: 0.0299
2025-06-06 22:57:48 - INFO - Epoch 896/1000, Loss: 0.1258, Dice: 0.1177, MSE: 0.0271
2025-06-06 22:58:11 - INFO - Epoch 897/1000, Loss: 0.1247, Dice: 0.1166, MSE: 0.0272
2025-06-06 22:58:33 - INFO - Epoch 898/1000, Loss: 0.0890, Dice: 0.0805, MSE: 0.0283
2025-06-06 22:58:56 - INFO - Epoch 899/1000, Loss: 0.1232, Dice: 0.1143, MSE: 0.0296
2025-06-06 22:59:19 - INFO - Epoch 900/1000, Loss: 0.1393, Dice: 0.1304, MSE: 0.0297
2025-06-06 22:59:20 - INFO - 模型已保存至: epoch_900.pth
2025-06-06 22:59:43 - INFO - Epoch 901/1000, Loss: 0.1297, Dice: 0.1177, MSE: 0.0401
2025-06-06 23:00:06 - INFO - Epoch 902/1000, Loss: 0.1159, Dice: 0.1062, MSE: 0.0325
2025-06-06 23:00:28 - INFO - Epoch 903/1000, Loss: 0.1093, Dice: 0.1004, MSE: 0.0297
2025-06-06 23:00:51 - INFO - Epoch 904/1000, Loss: 0.0988, Dice: 0.0904, MSE: 0.0282
2025-06-06 23:01:14 - INFO - Epoch 905/1000, Loss: 0.0958, Dice: 0.0866, MSE: 0.0306
2025-06-06 23:01:36 - INFO - Epoch 906/1000, Loss: 0.0884, Dice: 0.0803, MSE: 0.0272
2025-06-06 23:01:59 - INFO - Epoch 907/1000, Loss: 0.0872, Dice: 0.0778, MSE: 0.0313
2025-06-06 23:02:22 - INFO - Epoch 908/1000, Loss: 0.0851, Dice: 0.0768, MSE: 0.0275
2025-06-06 23:02:45 - INFO - Epoch 909/1000, Loss: 0.0940, Dice: 0.0859, MSE: 0.0270
2025-06-06 23:03:07 - INFO - Epoch 910/1000, Loss: 0.0797, Dice: 0.0697, MSE: 0.0333
2025-06-06 23:03:30 - INFO - Epoch 911/1000, Loss: 0.0789, Dice: 0.0705, MSE: 0.0280
2025-06-06 23:03:53 - INFO - Epoch 912/1000, Loss: 0.0977, Dice: 0.0881, MSE: 0.0317
2025-06-06 23:04:16 - INFO - Epoch 913/1000, Loss: 0.0758, Dice: 0.0664, MSE: 0.0312
2025-06-06 23:04:38 - INFO - Epoch 914/1000, Loss: 0.0776, Dice: 0.0698, MSE: 0.0259
2025-06-06 23:05:01 - INFO - Epoch 915/1000, Loss: 0.0928, Dice: 0.0835, MSE: 0.0311
2025-06-06 23:05:24 - INFO - Epoch 916/1000, Loss: 0.0779, Dice: 0.0702, MSE: 0.0257
2025-06-06 23:05:46 - INFO - Epoch 917/1000, Loss: 0.0699, Dice: 0.0610, MSE: 0.0298
2025-06-06 23:06:09 - INFO - Epoch 918/1000, Loss: 0.0811, Dice: 0.0735, MSE: 0.0255
2025-06-06 23:06:32 - INFO - Epoch 919/1000, Loss: 0.0772, Dice: 0.0689, MSE: 0.0275
2025-06-06 23:06:55 - INFO - Epoch 920/1000, Loss: 0.0874, Dice: 0.0792, MSE: 0.0273
2025-06-06 23:06:56 - INFO - 模型已保存至: epoch_920.pth
2025-06-06 23:07:19 - INFO - Epoch 921/1000, Loss: 0.1115, Dice: 0.1020, MSE: 0.0317
2025-06-06 23:07:42 - INFO - Epoch 922/1000, Loss: 0.0907, Dice: 0.0812, MSE: 0.0317
2025-06-06 23:08:04 - INFO - Epoch 923/1000, Loss: 0.0853, Dice: 0.0764, MSE: 0.0296
2025-06-06 23:08:27 - INFO - Epoch 924/1000, Loss: 0.0842, Dice: 0.0754, MSE: 0.0294
2025-06-06 23:08:50 - INFO - Epoch 925/1000, Loss: 0.0864, Dice: 0.0778, MSE: 0.0287
2025-06-06 23:09:12 - INFO - Epoch 926/1000, Loss: 0.0791, Dice: 0.0706, MSE: 0.0286
2025-06-06 23:09:35 - INFO - Epoch 927/1000, Loss: 0.0714, Dice: 0.0627, MSE: 0.0290
2025-06-06 23:09:58 - INFO - Epoch 928/1000, Loss: 0.0831, Dice: 0.0751, MSE: 0.0265
2025-06-06 23:10:21 - INFO - Epoch 929/1000, Loss: 0.0833, Dice: 0.0747, MSE: 0.0286
2025-06-06 23:10:44 - INFO - Epoch 930/1000, Loss: 0.0752, Dice: 0.0666, MSE: 0.0287
2025-06-06 23:11:06 - INFO - Epoch 931/1000, Loss: 0.0816, Dice: 0.0733, MSE: 0.0276
2025-06-06 23:11:29 - INFO - Epoch 932/1000, Loss: 0.0691, Dice: 0.0608, MSE: 0.0275
2025-06-06 23:11:52 - INFO - Epoch 933/1000, Loss: 0.0704, Dice: 0.0627, MSE: 0.0256
2025-06-06 23:12:14 - INFO - Epoch 934/1000, Loss: 0.0692, Dice: 0.0607, MSE: 0.0282
2025-06-06 23:12:37 - INFO - Epoch 935/1000, Loss: 0.0762, Dice: 0.0672, MSE: 0.0302
2025-06-06 23:13:00 - INFO - Epoch 936/1000, Loss: 0.0720, Dice: 0.0634, MSE: 0.0288
2025-06-06 23:13:23 - INFO - Epoch 937/1000, Loss: 0.0810, Dice: 0.0717, MSE: 0.0311
2025-06-06 23:13:45 - INFO - Epoch 938/1000, Loss: 0.0848, Dice: 0.0766, MSE: 0.0276
2025-06-06 23:14:08 - INFO - Epoch 939/1000, Loss: 0.1018, Dice: 0.0924, MSE: 0.0310
2025-06-06 23:14:31 - INFO - Epoch 940/1000, Loss: 0.0834, Dice: 0.0754, MSE: 0.0268
2025-06-06 23:14:32 - INFO - 模型已保存至: epoch_940.pth
2025-06-06 23:14:55 - INFO - Epoch 941/1000, Loss: 0.0740, Dice: 0.0656, MSE: 0.0277
2025-06-06 23:15:18 - INFO - Epoch 942/1000, Loss: 0.0783, Dice: 0.0696, MSE: 0.0289
2025-06-06 23:15:40 - INFO - Epoch 943/1000, Loss: 0.0795, Dice: 0.0705, MSE: 0.0301
2025-06-06 23:16:03 - INFO - Epoch 944/1000, Loss: 0.0708, Dice: 0.0621, MSE: 0.0291
2025-06-06 23:16:26 - INFO - Epoch 945/1000, Loss: 0.0775, Dice: 0.0686, MSE: 0.0296
2025-06-06 23:16:49 - INFO - Epoch 946/1000, Loss: 0.0728, Dice: 0.0634, MSE: 0.0311
2025-06-06 23:17:11 - INFO - Epoch 947/1000, Loss: 0.0776, Dice: 0.0688, MSE: 0.0296
2025-06-06 23:17:34 - INFO - Epoch 948/1000, Loss: 0.0665, Dice: 0.0585, MSE: 0.0264
2025-06-06 23:17:57 - INFO - Epoch 949/1000, Loss: 0.0714, Dice: 0.0631, MSE: 0.0274
2025-06-06 23:18:19 - INFO - Epoch 950/1000, Loss: 0.0712, Dice: 0.0623, MSE: 0.0296
2025-06-06 23:18:42 - INFO - Epoch 951/1000, Loss: 0.0742, Dice: 0.0650, MSE: 0.0308
2025-06-06 23:19:05 - INFO - Epoch 952/1000, Loss: 0.0762, Dice: 0.0669, MSE: 0.0311
2025-06-06 23:19:27 - INFO - Epoch 953/1000, Loss: 0.0786, Dice: 0.0694, MSE: 0.0306
2025-06-06 23:19:50 - INFO - Epoch 954/1000, Loss: 0.0746, Dice: 0.0661, MSE: 0.0283
2025-06-06 23:20:13 - INFO - Epoch 955/1000, Loss: 0.0744, Dice: 0.0650, MSE: 0.0314
2025-06-06 23:20:35 - INFO - Epoch 956/1000, Loss: 0.0752, Dice: 0.0658, MSE: 0.0314
2025-06-06 23:20:58 - INFO - Epoch 957/1000, Loss: 0.0688, Dice: 0.0595, MSE: 0.0311
2025-06-06 23:21:21 - INFO - Epoch 958/1000, Loss: 0.0732, Dice: 0.0636, MSE: 0.0320
2025-06-06 23:21:44 - INFO - Epoch 959/1000, Loss: 0.0688, Dice: 0.0591, MSE: 0.0325
2025-06-06 23:22:06 - INFO - Epoch 960/1000, Loss: 0.0777, Dice: 0.0685, MSE: 0.0305
2025-06-06 23:22:07 - INFO - 模型已保存至: epoch_960.pth
2025-06-06 23:22:30 - INFO - Epoch 961/1000, Loss: 0.0735, Dice: 0.0642, MSE: 0.0310
2025-06-06 23:22:53 - INFO - Epoch 962/1000, Loss: 0.0776, Dice: 0.0680, MSE: 0.0320
2025-06-06 23:23:16 - INFO - Epoch 963/1000, Loss: 0.0773, Dice: 0.0681, MSE: 0.0306
2025-06-06 23:23:38 - INFO - Epoch 964/1000, Loss: 0.0726, Dice: 0.0642, MSE: 0.0279
2025-06-06 23:24:01 - INFO - Epoch 965/1000, Loss: 0.0698, Dice: 0.0603, MSE: 0.0317
2025-06-06 23:24:24 - INFO - Epoch 966/1000, Loss: 0.0982, Dice: 0.0888, MSE: 0.0314
2025-06-06 23:24:46 - INFO - Epoch 967/1000, Loss: 0.0934, Dice: 0.0840, MSE: 0.0315
2025-06-06 23:25:09 - INFO - Epoch 968/1000, Loss: 0.0803, Dice: 0.0720, MSE: 0.0277
2025-06-06 23:25:32 - INFO - Epoch 969/1000, Loss: 0.0746, Dice: 0.0646, MSE: 0.0334
2025-06-06 23:25:55 - INFO - Epoch 970/1000, Loss: 0.1397, Dice: 0.1302, MSE: 0.0320
2025-06-06 23:26:17 - INFO - Epoch 971/1000, Loss: 0.1913, Dice: 0.1782, MSE: 0.0438
2025-06-06 23:26:40 - INFO - Epoch 972/1000, Loss: 0.1348, Dice: 0.1259, MSE: 0.0296
2025-06-06 23:27:03 - INFO - Epoch 973/1000, Loss: 0.1033, Dice: 0.0952, MSE: 0.0269
2025-06-06 23:27:26 - INFO - Epoch 974/1000, Loss: 0.1175, Dice: 0.1087, MSE: 0.0294
2025-06-06 23:27:48 - INFO - Epoch 975/1000, Loss: 0.1061, Dice: 0.0982, MSE: 0.0265
2025-06-06 23:28:11 - INFO - Epoch 976/1000, Loss: 0.0980, Dice: 0.0902, MSE: 0.0260
2025-06-06 23:28:34 - INFO - Epoch 977/1000, Loss: 0.0894, Dice: 0.0814, MSE: 0.0268
2025-06-06 23:28:57 - INFO - Epoch 978/1000, Loss: 0.0813, Dice: 0.0731, MSE: 0.0274
2025-06-06 23:29:20 - INFO - Epoch 979/1000, Loss: 0.0815, Dice: 0.0744, MSE: 0.0237
2025-06-06 23:29:42 - INFO - Epoch 980/1000, Loss: 0.0863, Dice: 0.0770, MSE: 0.0307
2025-06-06 23:29:43 - INFO - 模型已保存至: epoch_980.pth
2025-06-06 23:30:06 - INFO - Epoch 981/1000, Loss: 0.0781, Dice: 0.0700, MSE: 0.0270
2025-06-06 23:30:29 - INFO - Epoch 982/1000, Loss: 0.0796, Dice: 0.0708, MSE: 0.0292
2025-06-06 23:30:51 - INFO - Epoch 983/1000, Loss: 0.0798, Dice: 0.0714, MSE: 0.0281
2025-06-06 23:31:14 - INFO - Epoch 984/1000, Loss: 0.0841, Dice: 0.0764, MSE: 0.0259
2025-06-06 23:31:37 - INFO - Epoch 985/1000, Loss: 0.0829, Dice: 0.0742, MSE: 0.0290
2025-06-06 23:32:00 - INFO - Epoch 986/1000, Loss: 0.0831, Dice: 0.0748, MSE: 0.0279
2025-06-06 23:32:22 - INFO - Epoch 987/1000, Loss: 0.0840, Dice: 0.0761, MSE: 0.0264
2025-06-06 23:32:45 - INFO - Epoch 988/1000, Loss: 0.0963, Dice: 0.0875, MSE: 0.0292
2025-06-06 23:33:08 - INFO - Epoch 989/1000, Loss: 0.0766, Dice: 0.0674, MSE: 0.0304
2025-06-06 23:33:31 - INFO - Epoch 990/1000, Loss: 0.0770, Dice: 0.0689, MSE: 0.0268
2025-06-06 23:33:53 - INFO - Epoch 991/1000, Loss: 0.0782, Dice: 0.0687, MSE: 0.0315
2025-06-06 23:34:16 - INFO - Epoch 992/1000, Loss: 0.1159, Dice: 0.1071, MSE: 0.0292
2025-06-06 23:34:39 - INFO - Epoch 993/1000, Loss: 0.0775, Dice: 0.0686, MSE: 0.0299
2025-06-06 23:35:01 - INFO - Epoch 994/1000, Loss: 0.0752, Dice: 0.0670, MSE: 0.0271
2025-06-06 23:35:24 - INFO - Epoch 995/1000, Loss: 0.0664, Dice: 0.0575, MSE: 0.0297
2025-06-06 23:35:46 - INFO - Epoch 996/1000, Loss: 0.0764, Dice: 0.0681, MSE: 0.0278
2025-06-06 23:36:09 - INFO - Epoch 997/1000, Loss: 0.0672, Dice: 0.0584, MSE: 0.0293
2025-06-06 23:36:32 - INFO - Epoch 998/1000, Loss: 0.0709, Dice: 0.0621, MSE: 0.0294
2025-06-06 23:36:55 - INFO - Epoch 999/1000, Loss: 0.0671, Dice: 0.0581, MSE: 0.0301
2025-06-06 23:37:18 - INFO - Epoch 1000/1000, Loss: 0.0947, Dice: 0.0868, MSE: 0.0261
2025-06-06 23:37:19 - INFO - 模型已保存至: epoch_1000.pth
2025-06-06 23:37:19 - INFO - 训练完成！
