2025-07-14 01:00:31 - INFO - Logging is set up.
2025-07-14 01:00:31 - INFO - 
======================================== New Training Session Started ========================================
2025-07-14 01:00:31 - INFO - Logging is set up.
2025-07-14 01:00:31 - INFO - 
======================================== New Training Session Started ========================================
2025-07-14 01:00:31 - INFO - Initialized distributed training on GPU 0. World size: 2
2025-07-14 01:00:31 - INFO - Training configuration:
{
  "seed": 42,
  "epochs": 600,
  "batch_size": 3,
  "learning_rate": 0.0001,
  "log_path": "./result/VNet_Multi_V4/Amos_90/Training.log",
  "pth_path": "./result/VNet_Multi_V4/Amos_90/Pth",
  "tensorboard_path": "./result/VNet_Multi_V4/Amos_90/Train",
  "continue_train": false,
  "multi_gpu": true,
  "training_num": 90,
  "dataset_path": "./datasets/AMOS",
  "num_classes": 16,
  "patch_size": [
    160,
    160,
    80
  ]
}
2025-07-14 01:00:31 - INFO - Creating new TensorBoard log directory: ./result/VNet_Multi_V4/Amos_90/Train/20250714-010031
2025-07-14 01:00:31 - INFO - Initializing AMOS dataset...
2025-07-14 01:00:31 - INFO - Initialized distributed training on GPU 1. World size: 2
2025-07-14 01:00:31 - INFO - Training configuration:
{
  "seed": 42,
  "epochs": 600,
  "batch_size": 3,
  "learning_rate": 0.0001,
  "log_path": "./result/VNet_Multi_V4/Amos_90/Training.log",
  "pth_path": "./result/VNet_Multi_V4/Amos_90/Pth",
  "tensorboard_path": "./result/VNet_Multi_V4/Amos_90/Train",
  "continue_train": false,
  "multi_gpu": true,
  "training_num": 90,
  "dataset_path": "./datasets/AMOS",
  "num_classes": 16,
  "patch_size": [
    160,
    160,
    80
  ]
}
2025-07-14 01:00:31 - INFO - Initializing AMOS dataset...
2025-07-14 01:00:32 - INFO - Successfully loaded 90 training samples.
2025-07-14 01:00:32 - INFO - DataLoader created with batch size: 3, num_workers: 24, shuffle: False.
2025-07-14 01:00:32 - INFO - Initializing VNet model...
2025-07-14 01:00:32 - INFO - Successfully loaded 90 training samples.
2025-07-14 01:00:32 - INFO - DataLoader created with batch size: 3, num_workers: 24, shuffle: False.
2025-07-14 01:00:32 - INFO - Initializing VNet model...
2025-07-14 01:00:32 - INFO - Model VNet created with 16 classes and batch normalization.
2025-07-14 01:00:32 - INFO - Starting training from scratch.
2025-07-14 01:00:33 - INFO - Model VNet created with 16 classes and batch normalization.
2025-07-14 01:00:33 - INFO - Starting training from scratch.
2025-07-14 01:00:34 - INFO - Wrapped model with DistributedDataParallel (DDP).
2025-07-14 01:00:34 - INFO - Using loss function: UnifiedLoss with parameters: num_classes=16, lambda_reg=0.3, loss_weight=[1,1]
2025-07-14 01:00:34 - INFO - Optimizer: AdamW with learning rate: 0.0001, weight_decay: 0.01
2025-07-14 01:00:34 - INFO - Starting model training from epoch 1 to 600...
2025-07-14 01:00:34 - INFO - Wrapped model with DistributedDataParallel (DDP).
2025-07-14 01:00:34 - INFO - Using loss function: UnifiedLoss with parameters: num_classes=16, lambda_reg=0.3, loss_weight=[1,1]
2025-07-14 01:00:34 - INFO - Optimizer: AdamW with learning rate: 0.0001, weight_decay: 0.01
2025-07-14 01:00:34 - INFO - Starting model training from epoch 1 to 600...
2025-07-14 01:01:18 - INFO - Epoch 1/600 finished. Average Training Loss: 4.4479
2025-07-14 01:02:02 - INFO - Epoch 2/600 finished. Average Training Loss: 4.3007
2025-07-14 01:02:44 - INFO - Epoch 3/600 finished. Average Training Loss: 4.1639
2025-07-14 01:03:26 - INFO - Epoch 4/600 finished. Average Training Loss: 4.0439
2025-07-14 01:04:04 - INFO - Epoch 5/600 finished. Average Training Loss: 3.9467
2025-07-14 01:04:36 - INFO - Epoch 6/600 finished. Average Training Loss: 3.9439
2025-07-14 01:05:10 - INFO - Epoch 7/600 finished. Average Training Loss: 3.8487
2025-07-14 01:05:43 - INFO - Epoch 8/600 finished. Average Training Loss: 3.8339
2025-07-14 01:06:15 - INFO - Epoch 9/600 finished. Average Training Loss: 3.9627
2025-07-14 01:06:48 - INFO - Epoch 10/600 finished. Average Training Loss: 3.8660
2025-07-14 01:07:20 - INFO - Epoch 11/600 finished. Average Training Loss: 3.7398
2025-07-14 01:07:53 - INFO - Epoch 12/600 finished. Average Training Loss: 3.6702
2025-07-14 01:08:25 - INFO - Epoch 13/600 finished. Average Training Loss: 3.6535
2025-07-14 01:08:59 - INFO - Epoch 14/600 finished. Average Training Loss: 3.7060
2025-07-14 01:09:32 - INFO - Epoch 15/600 finished. Average Training Loss: 3.6516
2025-07-14 01:10:04 - INFO - Epoch 16/600 finished. Average Training Loss: 3.5774
2025-07-14 01:10:37 - INFO - Epoch 17/600 finished. Average Training Loss: 4.0251
2025-07-14 01:11:10 - INFO - Epoch 18/600 finished. Average Training Loss: 3.8727
2025-07-14 01:11:43 - INFO - Epoch 19/600 finished. Average Training Loss: 3.5064
2025-07-14 01:12:15 - INFO - Epoch 20/600 finished. Average Training Loss: 3.5459
2025-07-14 01:12:15 - INFO - Saved checkpoint for epoch 20 to ./result/VNet_Multi_V4/Amos_90/Pth/model_epoch_20_checkpoint.pth
2025-07-14 01:12:48 - INFO - Epoch 21/600 finished. Average Training Loss: 3.4449
2025-07-14 01:13:21 - INFO - Epoch 22/600 finished. Average Training Loss: 3.4680
2025-07-14 01:13:52 - INFO - Epoch 23/600 finished. Average Training Loss: 3.6992
2025-07-14 01:14:25 - INFO - Epoch 24/600 finished. Average Training Loss: 3.4440
2025-07-14 01:14:58 - INFO - Epoch 25/600 finished. Average Training Loss: 3.4357
2025-07-14 01:15:31 - INFO - Epoch 26/600 finished. Average Training Loss: 3.4071
2025-07-14 01:16:04 - INFO - Epoch 27/600 finished. Average Training Loss: 3.3324
2025-07-14 01:16:37 - INFO - Epoch 28/600 finished. Average Training Loss: 3.3540
2025-07-14 01:17:09 - INFO - Epoch 29/600 finished. Average Training Loss: 3.3484
2025-07-14 01:17:43 - INFO - Epoch 30/600 finished. Average Training Loss: 3.3427
2025-07-14 01:18:14 - INFO - Epoch 31/600 finished. Average Training Loss: 3.2547
2025-07-14 01:18:43 - INFO - Epoch 32/600 finished. Average Training Loss: 3.2654
2025-07-14 01:19:07 - INFO - Epoch 33/600 finished. Average Training Loss: 3.1816
2025-07-14 01:19:30 - INFO - Epoch 34/600 finished. Average Training Loss: 3.1908
2025-07-14 01:19:53 - INFO - Epoch 35/600 finished. Average Training Loss: 3.2305
2025-07-14 01:20:16 - INFO - Epoch 36/600 finished. Average Training Loss: 3.1350
2025-07-14 01:20:40 - INFO - Epoch 37/600 finished. Average Training Loss: 3.1769
2025-07-14 01:21:03 - INFO - Epoch 38/600 finished. Average Training Loss: 3.1168
2025-07-14 01:21:26 - INFO - Epoch 39/600 finished. Average Training Loss: 3.1268
2025-07-14 01:21:49 - INFO - Epoch 40/600 finished. Average Training Loss: 3.0674
2025-07-14 01:21:50 - INFO - Saved checkpoint for epoch 40 to ./result/VNet_Multi_V4/Amos_90/Pth/model_epoch_40_checkpoint.pth
2025-07-14 01:22:13 - INFO - Epoch 41/600 finished. Average Training Loss: 3.1415
2025-07-14 01:22:37 - INFO - Epoch 42/600 finished. Average Training Loss: 3.0585
2025-07-14 01:23:00 - INFO - Epoch 43/600 finished. Average Training Loss: 2.9364
2025-07-14 01:23:23 - INFO - Epoch 44/600 finished. Average Training Loss: 2.9685
2025-07-14 01:23:47 - INFO - Epoch 45/600 finished. Average Training Loss: 3.0757
2025-07-14 01:24:10 - INFO - Epoch 46/600 finished. Average Training Loss: 2.9488
2025-07-14 01:24:33 - INFO - Epoch 47/600 finished. Average Training Loss: 2.9325
2025-07-14 01:24:57 - INFO - Epoch 48/600 finished. Average Training Loss: 2.8630
2025-07-14 01:25:20 - INFO - Epoch 49/600 finished. Average Training Loss: 2.8618
2025-07-14 01:25:44 - INFO - Epoch 50/600 finished. Average Training Loss: 2.8718
2025-07-14 01:26:07 - INFO - Epoch 51/600 finished. Average Training Loss: 2.9080
2025-07-14 01:26:30 - INFO - Epoch 52/600 finished. Average Training Loss: 2.6977
2025-07-14 01:26:54 - INFO - Epoch 53/600 finished. Average Training Loss: 2.7975
2025-07-14 01:27:17 - INFO - Epoch 54/600 finished. Average Training Loss: 2.7585
2025-07-14 01:27:40 - INFO - Epoch 55/600 finished. Average Training Loss: 2.7658
2025-07-14 01:28:03 - INFO - Epoch 56/600 finished. Average Training Loss: 2.7307
2025-07-14 01:28:27 - INFO - Epoch 57/600 finished. Average Training Loss: 2.6218
2025-07-14 01:28:50 - INFO - Epoch 58/600 finished. Average Training Loss: 2.6248
2025-07-14 01:29:13 - INFO - Epoch 59/600 finished. Average Training Loss: 2.6930
2025-07-14 01:29:36 - INFO - Epoch 60/600 finished. Average Training Loss: 2.6528
2025-07-14 01:29:37 - INFO - Saved checkpoint for epoch 60 to ./result/VNet_Multi_V4/Amos_90/Pth/model_epoch_60_checkpoint.pth
2025-07-14 01:30:00 - INFO - Epoch 61/600 finished. Average Training Loss: 2.6831
2025-07-14 01:30:24 - INFO - Epoch 62/600 finished. Average Training Loss: 2.6867
2025-07-14 01:30:46 - INFO - Epoch 63/600 finished. Average Training Loss: 2.5135
2025-07-14 01:31:10 - INFO - Epoch 64/600 finished. Average Training Loss: 2.5662
2025-07-14 01:31:33 - INFO - Epoch 65/600 finished. Average Training Loss: 2.5327
2025-07-14 01:31:57 - INFO - Epoch 66/600 finished. Average Training Loss: 2.6152
2025-07-14 01:32:20 - INFO - Epoch 67/600 finished. Average Training Loss: 2.4707
2025-07-14 01:32:43 - INFO - Epoch 68/600 finished. Average Training Loss: 2.4914
2025-07-14 01:33:07 - INFO - Epoch 69/600 finished. Average Training Loss: 2.4514
2025-07-14 01:33:31 - INFO - Epoch 70/600 finished. Average Training Loss: 2.4284
2025-07-14 01:33:54 - INFO - Epoch 71/600 finished. Average Training Loss: 2.3864
2025-07-14 01:34:17 - INFO - Epoch 72/600 finished. Average Training Loss: 2.3498
2025-07-14 01:34:41 - INFO - Epoch 73/600 finished. Average Training Loss: 2.3184
2025-07-14 01:35:04 - INFO - Epoch 74/600 finished. Average Training Loss: 2.2936
2025-07-14 01:35:27 - INFO - Epoch 75/600 finished. Average Training Loss: 2.3417
2025-07-14 01:35:51 - INFO - Epoch 76/600 finished. Average Training Loss: 2.2280
2025-07-14 01:36:14 - INFO - Epoch 77/600 finished. Average Training Loss: 2.3926
2025-07-14 01:36:38 - INFO - Epoch 78/600 finished. Average Training Loss: 2.2362
2025-07-14 01:37:01 - INFO - Epoch 79/600 finished. Average Training Loss: 2.3255
2025-07-14 01:37:24 - INFO - Epoch 80/600 finished. Average Training Loss: 2.2365
2025-07-14 01:37:25 - INFO - Saved checkpoint for epoch 80 to ./result/VNet_Multi_V4/Amos_90/Pth/model_epoch_80_checkpoint.pth
2025-07-14 01:37:48 - INFO - Epoch 81/600 finished. Average Training Loss: 2.2505
2025-07-14 01:38:12 - INFO - Epoch 82/600 finished. Average Training Loss: 2.2567
2025-07-14 01:38:35 - INFO - Epoch 83/600 finished. Average Training Loss: 2.1148
2025-07-14 01:38:58 - INFO - Epoch 84/600 finished. Average Training Loss: 2.2152
2025-07-14 01:39:22 - INFO - Epoch 85/600 finished. Average Training Loss: 2.0687
2025-07-14 01:39:46 - INFO - Epoch 86/600 finished. Average Training Loss: 2.1183
2025-07-14 01:40:09 - INFO - Epoch 87/600 finished. Average Training Loss: 2.1227
2025-07-14 01:40:32 - INFO - Epoch 88/600 finished. Average Training Loss: 2.0910
2025-07-14 01:40:56 - INFO - Epoch 89/600 finished. Average Training Loss: 2.0445
2025-07-14 01:41:20 - INFO - Epoch 90/600 finished. Average Training Loss: 2.0528
2025-07-14 01:41:43 - INFO - Epoch 91/600 finished. Average Training Loss: 1.9633
2025-07-14 01:42:06 - INFO - Epoch 92/600 finished. Average Training Loss: 1.9882
2025-07-14 01:42:30 - INFO - Epoch 93/600 finished. Average Training Loss: 2.1861
2025-07-14 01:42:53 - INFO - Epoch 94/600 finished. Average Training Loss: 1.9258
2025-07-14 01:43:16 - INFO - Epoch 95/600 finished. Average Training Loss: 1.9835
2025-07-14 01:43:40 - INFO - Epoch 96/600 finished. Average Training Loss: 1.9677
2025-07-14 01:44:03 - INFO - Epoch 97/600 finished. Average Training Loss: 1.8461
2025-07-14 01:44:26 - INFO - Epoch 98/600 finished. Average Training Loss: 2.0298
2025-07-14 01:44:49 - INFO - Epoch 99/600 finished. Average Training Loss: 1.8069
2025-07-14 01:45:13 - INFO - Epoch 100/600 finished. Average Training Loss: 1.9599
2025-07-14 01:45:13 - INFO - Saved checkpoint for epoch 100 to ./result/VNet_Multi_V4/Amos_90/Pth/model_epoch_100_checkpoint.pth
2025-07-14 01:45:36 - INFO - Epoch 101/600 finished. Average Training Loss: 1.9027
2025-07-14 01:46:00 - INFO - Epoch 102/600 finished. Average Training Loss: 1.9232
2025-07-14 01:46:23 - INFO - Epoch 103/600 finished. Average Training Loss: 1.8679
2025-07-14 01:46:46 - INFO - Epoch 104/600 finished. Average Training Loss: 1.7725
2025-07-14 01:47:10 - INFO - Epoch 105/600 finished. Average Training Loss: 1.8025
2025-07-14 01:47:32 - INFO - Epoch 106/600 finished. Average Training Loss: 1.7821
2025-07-14 01:47:56 - INFO - Epoch 107/600 finished. Average Training Loss: 1.7840
2025-07-14 01:48:20 - INFO - Epoch 108/600 finished. Average Training Loss: 1.6831
2025-07-14 01:48:43 - INFO - Epoch 109/600 finished. Average Training Loss: 1.7305
2025-07-14 01:49:06 - INFO - Epoch 110/600 finished. Average Training Loss: 1.8065
2025-07-14 01:49:29 - INFO - Epoch 111/600 finished. Average Training Loss: 1.5645
2025-07-14 01:49:53 - INFO - Epoch 112/600 finished. Average Training Loss: 1.7638
2025-07-14 01:50:17 - INFO - Epoch 113/600 finished. Average Training Loss: 1.6809
2025-07-14 01:50:41 - INFO - Epoch 114/600 finished. Average Training Loss: 1.5965
2025-07-14 01:51:04 - INFO - Epoch 115/600 finished. Average Training Loss: 1.5969
2025-07-14 01:51:28 - INFO - Epoch 116/600 finished. Average Training Loss: 1.4762
2025-07-14 01:51:52 - INFO - Epoch 117/600 finished. Average Training Loss: 1.6086
2025-07-14 01:52:16 - INFO - Epoch 118/600 finished. Average Training Loss: 1.6067
2025-07-14 01:52:38 - INFO - Epoch 119/600 finished. Average Training Loss: 1.6176
2025-07-14 01:53:02 - INFO - Epoch 120/600 finished. Average Training Loss: 1.5772
2025-07-14 01:53:02 - INFO - Saved checkpoint for epoch 120 to ./result/VNet_Multi_V4/Amos_90/Pth/model_epoch_120_checkpoint.pth
2025-07-14 01:53:25 - INFO - Epoch 121/600 finished. Average Training Loss: 1.6012
2025-07-14 01:53:49 - INFO - Epoch 122/600 finished. Average Training Loss: 1.6385
2025-07-14 01:54:12 - INFO - Epoch 123/600 finished. Average Training Loss: 1.5863
2025-07-14 01:54:36 - INFO - Epoch 124/600 finished. Average Training Loss: 1.5370
2025-07-14 01:54:59 - INFO - Epoch 125/600 finished. Average Training Loss: 1.4909
2025-07-14 01:55:23 - INFO - Epoch 126/600 finished. Average Training Loss: 1.5837
2025-07-14 01:55:47 - INFO - Epoch 127/600 finished. Average Training Loss: 1.4117
2025-07-14 01:56:10 - INFO - Epoch 128/600 finished. Average Training Loss: 1.5164
2025-07-14 01:56:34 - INFO - Epoch 129/600 finished. Average Training Loss: 1.5605
2025-07-14 01:56:57 - INFO - Epoch 130/600 finished. Average Training Loss: 1.3815
2025-07-14 01:57:21 - INFO - Epoch 131/600 finished. Average Training Loss: 1.4153
2025-07-14 01:57:44 - INFO - Epoch 132/600 finished. Average Training Loss: 1.4211
2025-07-14 01:58:08 - INFO - Epoch 133/600 finished. Average Training Loss: 1.4177
2025-07-14 01:58:32 - INFO - Epoch 134/600 finished. Average Training Loss: 1.5005
2025-07-14 01:58:55 - INFO - Epoch 135/600 finished. Average Training Loss: 1.4227
2025-07-14 01:59:18 - INFO - Epoch 136/600 finished. Average Training Loss: 1.4442
2025-07-14 01:59:42 - INFO - Epoch 137/600 finished. Average Training Loss: 1.3269
2025-07-14 02:00:06 - INFO - Epoch 138/600 finished. Average Training Loss: 1.4258
2025-07-14 02:00:30 - INFO - Epoch 139/600 finished. Average Training Loss: 1.4422
2025-07-14 02:00:53 - INFO - Epoch 140/600 finished. Average Training Loss: 1.4574
2025-07-14 02:00:53 - INFO - Saved checkpoint for epoch 140 to ./result/VNet_Multi_V4/Amos_90/Pth/model_epoch_140_checkpoint.pth
2025-07-14 02:01:16 - INFO - Epoch 141/600 finished. Average Training Loss: 1.3672
2025-07-14 02:01:40 - INFO - Epoch 142/600 finished. Average Training Loss: 1.3017
2025-07-14 02:02:04 - INFO - Epoch 143/600 finished. Average Training Loss: 1.3916
2025-07-14 02:02:27 - INFO - Epoch 144/600 finished. Average Training Loss: 1.3847
2025-07-14 02:02:50 - INFO - Epoch 145/600 finished. Average Training Loss: 1.2882
2025-07-14 02:03:14 - INFO - Epoch 146/600 finished. Average Training Loss: 1.4024
2025-07-14 02:03:38 - INFO - Epoch 147/600 finished. Average Training Loss: 1.1590
2025-07-14 02:04:01 - INFO - Epoch 148/600 finished. Average Training Loss: 1.1878
2025-07-14 02:04:24 - INFO - Epoch 149/600 finished. Average Training Loss: 1.3000
2025-07-14 02:04:46 - INFO - Epoch 150/600 finished. Average Training Loss: 1.2845
2025-07-14 02:04:59 - INFO - Epoch 151/600 finished. Average Training Loss: 1.1868
2025-07-14 02:05:11 - INFO - Epoch 152/600 finished. Average Training Loss: 1.2526
2025-07-14 02:05:23 - INFO - Epoch 153/600 finished. Average Training Loss: 1.2579
2025-07-14 02:05:36 - INFO - Epoch 154/600 finished. Average Training Loss: 1.2932
2025-07-14 02:05:48 - INFO - Epoch 155/600 finished. Average Training Loss: 1.2853
2025-07-14 02:06:01 - INFO - Epoch 156/600 finished. Average Training Loss: 1.1971
2025-07-14 02:06:13 - INFO - Epoch 157/600 finished. Average Training Loss: 1.2234
2025-07-14 02:06:25 - INFO - Epoch 158/600 finished. Average Training Loss: 1.2423
2025-07-14 02:06:38 - INFO - Epoch 159/600 finished. Average Training Loss: 1.1779
2025-07-14 02:06:50 - INFO - Epoch 160/600 finished. Average Training Loss: 1.1668
2025-07-14 02:06:50 - INFO - Saved checkpoint for epoch 160 to ./result/VNet_Multi_V4/Amos_90/Pth/model_epoch_160_checkpoint.pth
2025-07-14 02:07:03 - INFO - Epoch 161/600 finished. Average Training Loss: 1.1286
2025-07-14 02:07:15 - INFO - Epoch 162/600 finished. Average Training Loss: 1.0784
2025-07-14 02:07:27 - INFO - Epoch 163/600 finished. Average Training Loss: 1.1375
2025-07-14 02:07:40 - INFO - Epoch 164/600 finished. Average Training Loss: 1.1238
2025-07-14 02:07:52 - INFO - Epoch 165/600 finished. Average Training Loss: 1.2035
2025-07-14 02:08:05 - INFO - Epoch 166/600 finished. Average Training Loss: 1.1057
2025-07-14 02:08:17 - INFO - Epoch 167/600 finished. Average Training Loss: 1.1160
2025-07-14 02:08:30 - INFO - Epoch 168/600 finished. Average Training Loss: 1.2031
2025-07-14 02:08:42 - INFO - Epoch 169/600 finished. Average Training Loss: 1.0750
2025-07-14 02:08:54 - INFO - Epoch 170/600 finished. Average Training Loss: 1.0287
2025-07-14 02:09:07 - INFO - Epoch 171/600 finished. Average Training Loss: 1.0320
2025-07-14 02:09:19 - INFO - Epoch 172/600 finished. Average Training Loss: 1.1332
2025-07-14 02:09:31 - INFO - Epoch 173/600 finished. Average Training Loss: 1.0798
2025-07-14 02:09:44 - INFO - Epoch 174/600 finished. Average Training Loss: 1.0146
2025-07-14 02:09:56 - INFO - Epoch 175/600 finished. Average Training Loss: 1.1638
2025-07-14 02:10:09 - INFO - Epoch 176/600 finished. Average Training Loss: 1.0545
2025-07-14 02:10:21 - INFO - Epoch 177/600 finished. Average Training Loss: 1.0605
2025-07-14 02:10:33 - INFO - Epoch 178/600 finished. Average Training Loss: 1.1525
2025-07-14 02:10:46 - INFO - Epoch 179/600 finished. Average Training Loss: 1.1693
2025-07-14 02:10:58 - INFO - Epoch 180/600 finished. Average Training Loss: 1.0064
2025-07-14 02:10:59 - INFO - Saved checkpoint for epoch 180 to ./result/VNet_Multi_V4/Amos_90/Pth/model_epoch_180_checkpoint.pth
2025-07-14 02:11:11 - INFO - Epoch 181/600 finished. Average Training Loss: 1.0414
2025-07-14 02:11:23 - INFO - Epoch 182/600 finished. Average Training Loss: 1.0564
2025-07-14 02:11:36 - INFO - Epoch 183/600 finished. Average Training Loss: 1.1083
2025-07-14 02:11:48 - INFO - Epoch 184/600 finished. Average Training Loss: 0.9899
2025-07-14 02:12:01 - INFO - Epoch 185/600 finished. Average Training Loss: 1.0583
2025-07-14 02:12:13 - INFO - Epoch 186/600 finished. Average Training Loss: 1.0997
2025-07-14 02:12:25 - INFO - Epoch 187/600 finished. Average Training Loss: 1.0328
2025-07-14 02:12:38 - INFO - Epoch 188/600 finished. Average Training Loss: 0.9843
2025-07-14 02:12:50 - INFO - Epoch 189/600 finished. Average Training Loss: 0.9876
2025-07-14 02:13:03 - INFO - Epoch 190/600 finished. Average Training Loss: 0.9949
2025-07-14 02:13:15 - INFO - Epoch 191/600 finished. Average Training Loss: 1.0608
2025-07-14 02:13:28 - INFO - Epoch 192/600 finished. Average Training Loss: 0.9118
2025-07-14 02:13:40 - INFO - Epoch 193/600 finished. Average Training Loss: 1.0019
2025-07-14 02:13:52 - INFO - Epoch 194/600 finished. Average Training Loss: 0.9167
2025-07-14 02:14:05 - INFO - Epoch 195/600 finished. Average Training Loss: 0.8955
2025-07-14 02:14:17 - INFO - Epoch 196/600 finished. Average Training Loss: 1.0175
2025-07-14 02:14:29 - INFO - Epoch 197/600 finished. Average Training Loss: 0.9216
2025-07-14 02:14:42 - INFO - Epoch 198/600 finished. Average Training Loss: 0.9496
2025-07-14 02:14:54 - INFO - Epoch 199/600 finished. Average Training Loss: 1.0235
2025-07-14 02:15:07 - INFO - Epoch 200/600 finished. Average Training Loss: 0.9243
2025-07-14 02:15:07 - INFO - Saved checkpoint for epoch 200 to ./result/VNet_Multi_V4/Amos_90/Pth/model_epoch_200_checkpoint.pth
2025-07-14 02:15:19 - INFO - Epoch 201/600 finished. Average Training Loss: 0.8445
2025-07-14 02:15:31 - INFO - Epoch 202/600 finished. Average Training Loss: 0.8738
2025-07-14 02:15:44 - INFO - Epoch 203/600 finished. Average Training Loss: 0.8723
2025-07-14 02:15:56 - INFO - Epoch 204/600 finished. Average Training Loss: 0.8902
2025-07-14 02:16:09 - INFO - Epoch 205/600 finished. Average Training Loss: 0.9803
2025-07-14 02:16:21 - INFO - Epoch 206/600 finished. Average Training Loss: 0.8544
2025-07-14 02:16:33 - INFO - Epoch 207/600 finished. Average Training Loss: 0.8223
2025-07-14 02:16:46 - INFO - Epoch 208/600 finished. Average Training Loss: 0.8764
2025-07-14 02:16:58 - INFO - Epoch 209/600 finished. Average Training Loss: 0.8521
2025-07-14 02:17:11 - INFO - Epoch 210/600 finished. Average Training Loss: 0.7598
2025-07-14 02:17:23 - INFO - Epoch 211/600 finished. Average Training Loss: 0.8510
2025-07-14 02:17:35 - INFO - Epoch 212/600 finished. Average Training Loss: 0.8750
2025-07-14 02:17:48 - INFO - Epoch 213/600 finished. Average Training Loss: 0.8490
2025-07-14 02:18:00 - INFO - Epoch 214/600 finished. Average Training Loss: 0.7857
2025-07-14 02:18:12 - INFO - Epoch 215/600 finished. Average Training Loss: 0.8088
2025-07-14 02:18:25 - INFO - Epoch 216/600 finished. Average Training Loss: 0.9057
2025-07-14 02:18:37 - INFO - Epoch 217/600 finished. Average Training Loss: 0.8126
2025-07-14 02:18:49 - INFO - Epoch 218/600 finished. Average Training Loss: 0.8004
2025-07-14 02:19:01 - INFO - Epoch 219/600 finished. Average Training Loss: 0.8808
2025-07-14 02:19:14 - INFO - Epoch 220/600 finished. Average Training Loss: 0.7499
2025-07-14 02:19:14 - INFO - Saved checkpoint for epoch 220 to ./result/VNet_Multi_V4/Amos_90/Pth/model_epoch_220_checkpoint.pth
2025-07-14 02:19:26 - INFO - Epoch 221/600 finished. Average Training Loss: 0.8501
2025-07-14 02:19:38 - INFO - Epoch 222/600 finished. Average Training Loss: 0.7342
2025-07-14 02:19:51 - INFO - Epoch 223/600 finished. Average Training Loss: 0.7865
2025-07-14 02:20:03 - INFO - Epoch 224/600 finished. Average Training Loss: 0.7754
2025-07-14 02:20:16 - INFO - Epoch 225/600 finished. Average Training Loss: 0.7865
2025-07-14 02:20:28 - INFO - Epoch 226/600 finished. Average Training Loss: 0.7402
2025-07-14 02:20:40 - INFO - Epoch 227/600 finished. Average Training Loss: 0.8181
2025-07-14 02:20:53 - INFO - Epoch 228/600 finished. Average Training Loss: 0.8201
2025-07-14 02:21:05 - INFO - Epoch 229/600 finished. Average Training Loss: 0.7457
2025-07-14 02:21:18 - INFO - Epoch 230/600 finished. Average Training Loss: 0.7724
2025-07-14 02:21:30 - INFO - Epoch 231/600 finished. Average Training Loss: 0.8241
2025-07-14 02:21:43 - INFO - Epoch 232/600 finished. Average Training Loss: 0.8016
2025-07-14 02:21:55 - INFO - Epoch 233/600 finished. Average Training Loss: 0.7750
2025-07-14 02:22:07 - INFO - Epoch 234/600 finished. Average Training Loss: 0.6782
2025-07-14 02:22:20 - INFO - Epoch 235/600 finished. Average Training Loss: 0.7525
2025-07-14 02:22:32 - INFO - Epoch 236/600 finished. Average Training Loss: 0.7252
2025-07-14 02:22:44 - INFO - Epoch 237/600 finished. Average Training Loss: 0.6820
2025-07-14 02:22:57 - INFO - Epoch 238/600 finished. Average Training Loss: 0.7280
2025-07-14 02:23:09 - INFO - Epoch 239/600 finished. Average Training Loss: 0.7838
2025-07-14 02:23:22 - INFO - Epoch 240/600 finished. Average Training Loss: 0.6942
2025-07-14 02:23:22 - INFO - Saved checkpoint for epoch 240 to ./result/VNet_Multi_V4/Amos_90/Pth/model_epoch_240_checkpoint.pth
2025-07-14 02:23:34 - INFO - Epoch 241/600 finished. Average Training Loss: 0.7025
2025-07-14 02:23:46 - INFO - Epoch 242/600 finished. Average Training Loss: 0.7910
2025-07-14 02:23:58 - INFO - Epoch 243/600 finished. Average Training Loss: 0.6758
2025-07-14 02:24:11 - INFO - Epoch 244/600 finished. Average Training Loss: 0.6825
2025-07-14 02:24:23 - INFO - Epoch 245/600 finished. Average Training Loss: 0.7134
2025-07-14 02:24:35 - INFO - Epoch 246/600 finished. Average Training Loss: 0.8286
2025-07-14 02:24:47 - INFO - Epoch 247/600 finished. Average Training Loss: 0.5912
2025-07-14 02:25:00 - INFO - Epoch 248/600 finished. Average Training Loss: 0.7651
2025-07-14 02:25:12 - INFO - Epoch 249/600 finished. Average Training Loss: 0.6229
2025-07-14 02:25:24 - INFO - Epoch 250/600 finished. Average Training Loss: 0.6977
2025-07-14 02:25:37 - INFO - Epoch 251/600 finished. Average Training Loss: 0.6509
2025-07-14 02:25:49 - INFO - Epoch 252/600 finished. Average Training Loss: 0.7587
2025-07-14 02:26:02 - INFO - Epoch 253/600 finished. Average Training Loss: 0.7098
2025-07-14 02:26:14 - INFO - Epoch 254/600 finished. Average Training Loss: 0.6149
2025-07-14 02:26:27 - INFO - Epoch 255/600 finished. Average Training Loss: 0.5855
2025-07-14 02:26:39 - INFO - Epoch 256/600 finished. Average Training Loss: 0.7250
2025-07-14 02:26:51 - INFO - Epoch 257/600 finished. Average Training Loss: 0.6344
2025-07-14 02:27:04 - INFO - Epoch 258/600 finished. Average Training Loss: 0.6078
2025-07-14 02:27:16 - INFO - Epoch 259/600 finished. Average Training Loss: 0.6670
2025-07-14 02:27:28 - INFO - Epoch 260/600 finished. Average Training Loss: 0.5818
2025-07-14 02:27:28 - INFO - Saved checkpoint for epoch 260 to ./result/VNet_Multi_V4/Amos_90/Pth/model_epoch_260_checkpoint.pth
2025-07-14 02:27:40 - INFO - Epoch 261/600 finished. Average Training Loss: 0.6498
2025-07-14 02:27:53 - INFO - Epoch 262/600 finished. Average Training Loss: 0.5505
2025-07-14 02:28:05 - INFO - Epoch 263/600 finished. Average Training Loss: 0.6407
2025-07-14 02:28:17 - INFO - Epoch 264/600 finished. Average Training Loss: 0.6297
2025-07-14 02:28:30 - INFO - Epoch 265/600 finished. Average Training Loss: 0.5746
2025-07-14 02:28:42 - INFO - Epoch 266/600 finished. Average Training Loss: 0.6202
2025-07-14 02:28:54 - INFO - Epoch 267/600 finished. Average Training Loss: 0.7486
2025-07-14 02:29:07 - INFO - Epoch 268/600 finished. Average Training Loss: 0.6278
2025-07-14 02:29:19 - INFO - Epoch 269/600 finished. Average Training Loss: 0.5869
2025-07-14 02:29:32 - INFO - Epoch 270/600 finished. Average Training Loss: 0.5802
2025-07-14 02:29:44 - INFO - Epoch 271/600 finished. Average Training Loss: 0.5513
2025-07-14 02:29:56 - INFO - Epoch 272/600 finished. Average Training Loss: 0.5472
2025-07-14 02:30:09 - INFO - Epoch 273/600 finished. Average Training Loss: 0.4950
2025-07-14 02:30:21 - INFO - Epoch 274/600 finished. Average Training Loss: 0.5961
2025-07-14 02:30:34 - INFO - Epoch 275/600 finished. Average Training Loss: 0.6395
2025-07-14 02:30:46 - INFO - Epoch 276/600 finished. Average Training Loss: 0.5674
2025-07-14 02:30:58 - INFO - Epoch 277/600 finished. Average Training Loss: 0.4653
2025-07-14 02:31:10 - INFO - Epoch 278/600 finished. Average Training Loss: 0.6266
2025-07-14 02:31:23 - INFO - Epoch 279/600 finished. Average Training Loss: 0.4717
2025-07-14 02:31:35 - INFO - Epoch 280/600 finished. Average Training Loss: 0.5689
2025-07-14 02:31:35 - INFO - Saved checkpoint for epoch 280 to ./result/VNet_Multi_V4/Amos_90/Pth/model_epoch_280_checkpoint.pth
2025-07-14 02:31:47 - INFO - Epoch 281/600 finished. Average Training Loss: 0.5423
2025-07-14 02:31:59 - INFO - Epoch 282/600 finished. Average Training Loss: 0.4772
2025-07-14 02:32:12 - INFO - Epoch 283/600 finished. Average Training Loss: 0.4870
2025-07-14 02:32:25 - INFO - Epoch 284/600 finished. Average Training Loss: 0.6073
2025-07-14 02:32:37 - INFO - Epoch 285/600 finished. Average Training Loss: 0.5085
2025-07-14 02:32:49 - INFO - Epoch 286/600 finished. Average Training Loss: 0.4684
2025-07-14 02:33:02 - INFO - Epoch 287/600 finished. Average Training Loss: 0.5132
2025-07-14 02:33:14 - INFO - Epoch 288/600 finished. Average Training Loss: 0.5556
2025-07-14 02:33:26 - INFO - Epoch 289/600 finished. Average Training Loss: 0.5161
2025-07-14 02:33:39 - INFO - Epoch 290/600 finished. Average Training Loss: 0.5354
2025-07-14 02:33:51 - INFO - Epoch 291/600 finished. Average Training Loss: 0.4729
2025-07-14 02:34:04 - INFO - Epoch 292/600 finished. Average Training Loss: 0.5037
2025-07-14 02:34:16 - INFO - Epoch 293/600 finished. Average Training Loss: 0.5720
2025-07-14 02:34:28 - INFO - Epoch 294/600 finished. Average Training Loss: 0.5442
2025-07-14 02:34:41 - INFO - Epoch 295/600 finished. Average Training Loss: 0.4540
2025-07-14 02:34:53 - INFO - Epoch 296/600 finished. Average Training Loss: 0.5757
2025-07-14 02:35:05 - INFO - Epoch 297/600 finished. Average Training Loss: 0.5447
2025-07-14 02:35:18 - INFO - Epoch 298/600 finished. Average Training Loss: 0.4999
2025-07-14 02:35:30 - INFO - Epoch 299/600 finished. Average Training Loss: 0.4465
2025-07-14 02:35:43 - INFO - Epoch 300/600 finished. Average Training Loss: 0.4117
2025-07-14 02:35:43 - INFO - Saved checkpoint for epoch 300 to ./result/VNet_Multi_V4/Amos_90/Pth/model_epoch_300_checkpoint.pth
2025-07-14 02:35:55 - INFO - Epoch 301/600 finished. Average Training Loss: 0.4013
2025-07-14 02:36:07 - INFO - Epoch 302/600 finished. Average Training Loss: 0.4289
2025-07-14 02:36:20 - INFO - Epoch 303/600 finished. Average Training Loss: 0.3970
2025-07-14 02:36:32 - INFO - Epoch 304/600 finished. Average Training Loss: 0.4982
2025-07-14 02:36:44 - INFO - Epoch 305/600 finished. Average Training Loss: 0.4672
2025-07-14 02:36:57 - INFO - Epoch 306/600 finished. Average Training Loss: 0.4134
2025-07-14 02:37:09 - INFO - Epoch 307/600 finished. Average Training Loss: 0.4142
2025-07-14 02:37:21 - INFO - Epoch 308/600 finished. Average Training Loss: 0.4326
2025-07-14 02:37:33 - INFO - Epoch 309/600 finished. Average Training Loss: 0.4372
2025-07-14 02:37:46 - INFO - Epoch 310/600 finished. Average Training Loss: 0.4267
2025-07-14 02:37:58 - INFO - Epoch 311/600 finished. Average Training Loss: 0.4141
2025-07-14 02:38:10 - INFO - Epoch 312/600 finished. Average Training Loss: 0.4299
2025-07-14 02:38:23 - INFO - Epoch 313/600 finished. Average Training Loss: 0.3535
2025-07-14 02:38:35 - INFO - Epoch 314/600 finished. Average Training Loss: 0.3448
2025-07-14 02:38:47 - INFO - Epoch 315/600 finished. Average Training Loss: 0.3786
2025-07-14 02:38:59 - INFO - Epoch 316/600 finished. Average Training Loss: 0.3704
2025-07-14 02:39:12 - INFO - Epoch 317/600 finished. Average Training Loss: 0.4030
2025-07-14 02:39:24 - INFO - Epoch 318/600 finished. Average Training Loss: 0.3751
2025-07-14 02:39:36 - INFO - Epoch 319/600 finished. Average Training Loss: 0.4220
2025-07-14 02:39:49 - INFO - Epoch 320/600 finished. Average Training Loss: 0.4559
2025-07-14 02:39:49 - INFO - Saved checkpoint for epoch 320 to ./result/VNet_Multi_V4/Amos_90/Pth/model_epoch_320_checkpoint.pth
2025-07-14 02:40:01 - INFO - Epoch 321/600 finished. Average Training Loss: 0.3269
2025-07-14 02:40:13 - INFO - Epoch 322/600 finished. Average Training Loss: 0.3861
2025-07-14 02:40:26 - INFO - Epoch 323/600 finished. Average Training Loss: 0.3473
2025-07-14 02:40:38 - INFO - Epoch 324/600 finished. Average Training Loss: 0.4251
2025-07-14 02:40:51 - INFO - Epoch 325/600 finished. Average Training Loss: 0.4199
2025-07-14 02:41:03 - INFO - Epoch 326/600 finished. Average Training Loss: 0.3428
2025-07-14 02:41:15 - INFO - Epoch 327/600 finished. Average Training Loss: 0.4727
2025-07-14 02:41:27 - INFO - Epoch 328/600 finished. Average Training Loss: 0.3743
2025-07-14 02:41:40 - INFO - Epoch 329/600 finished. Average Training Loss: 0.2508
2025-07-14 02:41:52 - INFO - Epoch 330/600 finished. Average Training Loss: 0.3773
2025-07-14 02:42:05 - INFO - Epoch 331/600 finished. Average Training Loss: 0.4915
2025-07-14 02:42:17 - INFO - Epoch 332/600 finished. Average Training Loss: 0.3018
2025-07-14 02:42:30 - INFO - Epoch 333/600 finished. Average Training Loss: 0.3888
2025-07-14 02:42:42 - INFO - Epoch 334/600 finished. Average Training Loss: 0.3209
2025-07-14 02:42:54 - INFO - Epoch 335/600 finished. Average Training Loss: 0.3003
2025-07-14 02:43:07 - INFO - Epoch 336/600 finished. Average Training Loss: 0.3737
2025-07-14 02:43:19 - INFO - Epoch 337/600 finished. Average Training Loss: 0.3285
2025-07-14 02:43:31 - INFO - Epoch 338/600 finished. Average Training Loss: 0.2813
2025-07-14 02:43:44 - INFO - Epoch 339/600 finished. Average Training Loss: 0.3092
2025-07-14 02:43:56 - INFO - Epoch 340/600 finished. Average Training Loss: 0.2302
2025-07-14 02:43:57 - INFO - Saved checkpoint for epoch 340 to ./result/VNet_Multi_V4/Amos_90/Pth/model_epoch_340_checkpoint.pth
2025-07-14 02:44:08 - INFO - Epoch 341/600 finished. Average Training Loss: 0.2993
2025-07-14 02:44:21 - INFO - Epoch 342/600 finished. Average Training Loss: 0.3158
2025-07-14 02:44:33 - INFO - Epoch 343/600 finished. Average Training Loss: 0.3456
2025-07-14 02:44:46 - INFO - Epoch 344/600 finished. Average Training Loss: 0.2384
2025-07-14 02:44:58 - INFO - Epoch 345/600 finished. Average Training Loss: 0.3166
2025-07-14 02:45:10 - INFO - Epoch 346/600 finished. Average Training Loss: 0.4312
2025-07-14 02:45:22 - INFO - Epoch 347/600 finished. Average Training Loss: 0.2385
2025-07-14 02:45:35 - INFO - Epoch 348/600 finished. Average Training Loss: 0.3240
2025-07-14 02:45:47 - INFO - Epoch 349/600 finished. Average Training Loss: 0.3670
2025-07-14 02:45:59 - INFO - Epoch 350/600 finished. Average Training Loss: 0.2085
2025-07-14 02:46:12 - INFO - Epoch 351/600 finished. Average Training Loss: 0.2526
2025-07-14 02:46:24 - INFO - Epoch 352/600 finished. Average Training Loss: 0.3061
2025-07-14 02:46:37 - INFO - Epoch 353/600 finished. Average Training Loss: 0.2414
2025-07-14 02:46:49 - INFO - Epoch 354/600 finished. Average Training Loss: 0.2827
2025-07-14 02:47:01 - INFO - Epoch 355/600 finished. Average Training Loss: 0.2729
2025-07-14 02:47:14 - INFO - Epoch 356/600 finished. Average Training Loss: 0.2990
2025-07-14 02:47:26 - INFO - Epoch 357/600 finished. Average Training Loss: 0.1765
2025-07-14 02:47:39 - INFO - Epoch 358/600 finished. Average Training Loss: 0.2412
2025-07-14 02:47:51 - INFO - Epoch 359/600 finished. Average Training Loss: 0.1877
2025-07-14 02:48:03 - INFO - Epoch 360/600 finished. Average Training Loss: 0.1322
2025-07-14 02:48:04 - INFO - Saved checkpoint for epoch 360 to ./result/VNet_Multi_V4/Amos_90/Pth/model_epoch_360_checkpoint.pth
2025-07-14 02:48:16 - INFO - Epoch 361/600 finished. Average Training Loss: 0.2639
2025-07-14 02:48:28 - INFO - Epoch 362/600 finished. Average Training Loss: 0.2493
2025-07-14 02:48:40 - INFO - Epoch 363/600 finished. Average Training Loss: 0.2297
2025-07-14 02:48:53 - INFO - Epoch 364/600 finished. Average Training Loss: 0.1801
2025-07-14 02:49:05 - INFO - Epoch 365/600 finished. Average Training Loss: 0.2723
2025-07-14 02:49:17 - INFO - Epoch 366/600 finished. Average Training Loss: 0.2999
2025-07-14 02:49:30 - INFO - Epoch 367/600 finished. Average Training Loss: 0.2911
2025-07-14 02:49:42 - INFO - Epoch 368/600 finished. Average Training Loss: 0.1145
2025-07-14 02:49:55 - INFO - Epoch 369/600 finished. Average Training Loss: 0.2854
2025-07-14 02:50:07 - INFO - Epoch 370/600 finished. Average Training Loss: 0.2092
2025-07-14 02:50:20 - INFO - Epoch 371/600 finished. Average Training Loss: 0.2785
2025-07-14 02:50:32 - INFO - Epoch 372/600 finished. Average Training Loss: 0.2176
2025-07-14 02:50:44 - INFO - Epoch 373/600 finished. Average Training Loss: 0.1835
2025-07-14 02:50:57 - INFO - Epoch 374/600 finished. Average Training Loss: 0.1432
2025-07-14 02:51:09 - INFO - Epoch 375/600 finished. Average Training Loss: 0.2020
2025-07-14 02:51:21 - INFO - Epoch 376/600 finished. Average Training Loss: 0.1642
2025-07-14 02:51:34 - INFO - Epoch 377/600 finished. Average Training Loss: 0.1314
2025-07-14 02:51:46 - INFO - Epoch 378/600 finished. Average Training Loss: 0.2004
2025-07-14 02:51:59 - INFO - Epoch 379/600 finished. Average Training Loss: 0.2149
2025-07-14 02:52:11 - INFO - Epoch 380/600 finished. Average Training Loss: 0.1531
2025-07-14 02:52:11 - INFO - Saved checkpoint for epoch 380 to ./result/VNet_Multi_V4/Amos_90/Pth/model_epoch_380_checkpoint.pth
2025-07-14 02:52:23 - INFO - Epoch 381/600 finished. Average Training Loss: 0.1581
2025-07-14 02:52:35 - INFO - Epoch 382/600 finished. Average Training Loss: 0.2049
2025-07-14 02:52:48 - INFO - Epoch 383/600 finished. Average Training Loss: 0.2387
2025-07-14 02:53:01 - INFO - Epoch 384/600 finished. Average Training Loss: 0.1151
2025-07-14 02:53:13 - INFO - Epoch 385/600 finished. Average Training Loss: 0.0784
2025-07-14 02:53:25 - INFO - Epoch 386/600 finished. Average Training Loss: 0.1154
2025-07-14 02:53:38 - INFO - Epoch 387/600 finished. Average Training Loss: 0.0590
2025-07-14 02:53:50 - INFO - Epoch 388/600 finished. Average Training Loss: 0.0751
2025-07-14 02:54:03 - INFO - Epoch 389/600 finished. Average Training Loss: 0.0612
2025-07-14 02:54:15 - INFO - Epoch 390/600 finished. Average Training Loss: 0.1853
2025-07-14 02:54:27 - INFO - Epoch 391/600 finished. Average Training Loss: 0.1999
2025-07-14 02:54:40 - INFO - Epoch 392/600 finished. Average Training Loss: 0.1847
2025-07-14 02:54:52 - INFO - Epoch 393/600 finished. Average Training Loss: 0.1294
2025-07-14 02:55:04 - INFO - Epoch 394/600 finished. Average Training Loss: 0.2323
2025-07-14 02:55:17 - INFO - Epoch 395/600 finished. Average Training Loss: 0.1795
2025-07-14 02:55:29 - INFO - Epoch 396/600 finished. Average Training Loss: 0.2137
2025-07-14 02:55:42 - INFO - Epoch 397/600 finished. Average Training Loss: 0.2030
2025-07-14 02:55:54 - INFO - Epoch 398/600 finished. Average Training Loss: 0.0637
2025-07-14 02:56:07 - INFO - Epoch 399/600 finished. Average Training Loss: 0.0288
2025-07-14 02:56:19 - INFO - Epoch 400/600 finished. Average Training Loss: 0.0497
2025-07-14 02:56:19 - INFO - Saved checkpoint for epoch 400 to ./result/VNet_Multi_V4/Amos_90/Pth/model_epoch_400_checkpoint.pth
2025-07-14 02:56:32 - INFO - Epoch 401/600 finished. Average Training Loss: 0.1011
2025-07-14 02:56:44 - INFO - Epoch 402/600 finished. Average Training Loss: 0.2362
2025-07-14 02:56:56 - INFO - Epoch 403/600 finished. Average Training Loss: 0.1307
2025-07-14 02:57:09 - INFO - Epoch 404/600 finished. Average Training Loss: 0.1899
2025-07-14 02:57:21 - INFO - Epoch 405/600 finished. Average Training Loss: 0.1292
2025-07-14 02:57:34 - INFO - Epoch 406/600 finished. Average Training Loss: 0.1259
2025-07-14 02:57:46 - INFO - Epoch 407/600 finished. Average Training Loss: 0.0750
2025-07-14 02:57:59 - INFO - Epoch 408/600 finished. Average Training Loss: 0.0224
2025-07-14 02:58:11 - INFO - Epoch 409/600 finished. Average Training Loss: 0.0616
2025-07-14 02:58:24 - INFO - Epoch 410/600 finished. Average Training Loss: -0.0400
2025-07-14 02:58:36 - INFO - Epoch 411/600 finished. Average Training Loss: 0.1540
2025-07-14 02:58:48 - INFO - Epoch 412/600 finished. Average Training Loss: 0.0309
2025-07-14 02:59:00 - INFO - Epoch 413/600 finished. Average Training Loss: 0.1505
2025-07-14 02:59:13 - INFO - Epoch 414/600 finished. Average Training Loss: 0.0296
2025-07-14 02:59:25 - INFO - Epoch 415/600 finished. Average Training Loss: -0.0071
2025-07-14 02:59:38 - INFO - Epoch 416/600 finished. Average Training Loss: -0.0737
2025-07-14 02:59:50 - INFO - Epoch 417/600 finished. Average Training Loss: -0.0595
2025-07-14 03:00:02 - INFO - Epoch 418/600 finished. Average Training Loss: 0.0787
2025-07-14 03:00:14 - INFO - Epoch 419/600 finished. Average Training Loss: 0.0194
2025-07-14 03:00:27 - INFO - Epoch 420/600 finished. Average Training Loss: 0.0894
2025-07-14 03:00:27 - INFO - Saved checkpoint for epoch 420 to ./result/VNet_Multi_V4/Amos_90/Pth/model_epoch_420_checkpoint.pth
2025-07-14 03:00:39 - INFO - Epoch 421/600 finished. Average Training Loss: 0.2087
2025-07-14 03:00:52 - INFO - Epoch 422/600 finished. Average Training Loss: -0.0669
2025-07-14 03:01:04 - INFO - Epoch 423/600 finished. Average Training Loss: -0.0358
2025-07-14 03:01:16 - INFO - Epoch 424/600 finished. Average Training Loss: 0.1370
2025-07-14 03:01:28 - INFO - Epoch 425/600 finished. Average Training Loss: 0.1082
2025-07-14 03:01:41 - INFO - Epoch 426/600 finished. Average Training Loss: 0.1859
2025-07-14 03:01:53 - INFO - Epoch 427/600 finished. Average Training Loss: -0.1108
2025-07-14 03:02:05 - INFO - Epoch 428/600 finished. Average Training Loss: -0.0088
2025-07-14 03:02:18 - INFO - Epoch 429/600 finished. Average Training Loss: -0.0463
2025-07-14 03:02:30 - INFO - Epoch 430/600 finished. Average Training Loss: -0.0348
2025-07-14 03:02:42 - INFO - Epoch 431/600 finished. Average Training Loss: -0.0402
2025-07-14 03:02:54 - INFO - Epoch 432/600 finished. Average Training Loss: 0.0166
2025-07-14 03:03:07 - INFO - Epoch 433/600 finished. Average Training Loss: 0.0677
2025-07-14 03:03:20 - INFO - Epoch 434/600 finished. Average Training Loss: 0.0398
2025-07-14 03:03:32 - INFO - Epoch 435/600 finished. Average Training Loss: 0.0414
2025-07-14 03:03:44 - INFO - Epoch 436/600 finished. Average Training Loss: -0.0006
2025-07-14 03:03:57 - INFO - Epoch 437/600 finished. Average Training Loss: -0.0245
2025-07-14 03:04:09 - INFO - Epoch 438/600 finished. Average Training Loss: 0.0043
2025-07-14 03:04:21 - INFO - Epoch 439/600 finished. Average Training Loss: 0.0987
2025-07-14 03:04:34 - INFO - Epoch 440/600 finished. Average Training Loss: 0.0160
2025-07-14 03:04:34 - INFO - Saved checkpoint for epoch 440 to ./result/VNet_Multi_V4/Amos_90/Pth/model_epoch_440_checkpoint.pth
2025-07-14 03:04:46 - INFO - Epoch 441/600 finished. Average Training Loss: 0.0696
2025-07-14 03:04:58 - INFO - Epoch 442/600 finished. Average Training Loss: 0.0519
2025-07-14 03:05:11 - INFO - Epoch 443/600 finished. Average Training Loss: 0.0612
2025-07-14 03:05:23 - INFO - Epoch 444/600 finished. Average Training Loss: 0.0017
2025-07-14 03:05:36 - INFO - Epoch 445/600 finished. Average Training Loss: 0.0358
2025-07-14 03:05:48 - INFO - Epoch 446/600 finished. Average Training Loss: 0.0225
2025-07-14 03:06:01 - INFO - Epoch 447/600 finished. Average Training Loss: -0.1343
2025-07-14 03:06:13 - INFO - Epoch 448/600 finished. Average Training Loss: -0.0005
2025-07-14 03:06:25 - INFO - Epoch 449/600 finished. Average Training Loss: -0.0232
2025-07-14 03:06:37 - INFO - Epoch 450/600 finished. Average Training Loss: -0.0009
2025-07-14 03:06:50 - INFO - Epoch 451/600 finished. Average Training Loss: -0.1263
2025-07-14 03:07:02 - INFO - Epoch 452/600 finished. Average Training Loss: -0.0389
2025-07-14 03:07:15 - INFO - Epoch 453/600 finished. Average Training Loss: -0.0868
2025-07-14 03:07:27 - INFO - Epoch 454/600 finished. Average Training Loss: -0.0371
2025-07-14 03:07:40 - INFO - Epoch 455/600 finished. Average Training Loss: -0.0199
2025-07-14 03:07:52 - INFO - Epoch 456/600 finished. Average Training Loss: -0.0771
2025-07-14 03:08:04 - INFO - Epoch 457/600 finished. Average Training Loss: -0.1540
2025-07-14 03:08:17 - INFO - Epoch 458/600 finished. Average Training Loss: -0.0481
2025-07-14 03:08:29 - INFO - Epoch 459/600 finished. Average Training Loss: 0.0495
2025-07-14 03:08:41 - INFO - Epoch 460/600 finished. Average Training Loss: -0.0339
2025-07-14 03:08:41 - INFO - Saved checkpoint for epoch 460 to ./result/VNet_Multi_V4/Amos_90/Pth/model_epoch_460_checkpoint.pth
2025-07-14 03:08:54 - INFO - Epoch 461/600 finished. Average Training Loss: -0.0834
2025-07-14 03:09:06 - INFO - Epoch 462/600 finished. Average Training Loss: -0.1135
2025-07-14 03:09:18 - INFO - Epoch 463/600 finished. Average Training Loss: -0.1823
2025-07-14 03:09:31 - INFO - Epoch 464/600 finished. Average Training Loss: -0.0693
2025-07-14 03:09:43 - INFO - Epoch 465/600 finished. Average Training Loss: 0.0126
2025-07-14 03:09:55 - INFO - Epoch 466/600 finished. Average Training Loss: -0.1754
2025-07-14 03:10:08 - INFO - Epoch 467/600 finished. Average Training Loss: -0.1722
2025-07-14 03:10:20 - INFO - Epoch 468/600 finished. Average Training Loss: -0.0023
2025-07-14 03:10:33 - INFO - Epoch 469/600 finished. Average Training Loss: 0.0456
2025-07-14 03:10:45 - INFO - Epoch 470/600 finished. Average Training Loss: -0.1934
2025-07-14 03:10:57 - INFO - Epoch 471/600 finished. Average Training Loss: -0.0411
2025-07-14 03:11:09 - INFO - Epoch 472/600 finished. Average Training Loss: -0.1278
2025-07-14 03:11:22 - INFO - Epoch 473/600 finished. Average Training Loss: -0.1486
2025-07-14 03:11:34 - INFO - Epoch 474/600 finished. Average Training Loss: -0.1079
2025-07-14 03:11:46 - INFO - Epoch 475/600 finished. Average Training Loss: -0.0666
2025-07-14 03:11:59 - INFO - Epoch 476/600 finished. Average Training Loss: -0.1707
2025-07-14 03:12:11 - INFO - Epoch 477/600 finished. Average Training Loss: -0.1289
2025-07-14 03:12:23 - INFO - Epoch 478/600 finished. Average Training Loss: -0.2005
2025-07-14 03:12:36 - INFO - Epoch 479/600 finished. Average Training Loss: -0.0606
2025-07-14 03:12:48 - INFO - Epoch 480/600 finished. Average Training Loss: -0.2075
2025-07-14 03:12:48 - INFO - Saved checkpoint for epoch 480 to ./result/VNet_Multi_V4/Amos_90/Pth/model_epoch_480_checkpoint.pth
2025-07-14 03:13:00 - INFO - Epoch 481/600 finished. Average Training Loss: -0.1962
2025-07-14 03:13:13 - INFO - Epoch 482/600 finished. Average Training Loss: -0.1753
2025-07-14 03:13:25 - INFO - Epoch 483/600 finished. Average Training Loss: -0.1983
2025-07-14 03:13:38 - INFO - Epoch 484/600 finished. Average Training Loss: 0.0084
2025-07-14 03:13:50 - INFO - Epoch 485/600 finished. Average Training Loss: -0.2281
2025-07-14 03:14:03 - INFO - Epoch 486/600 finished. Average Training Loss: -0.1051
2025-07-14 03:14:15 - INFO - Epoch 487/600 finished. Average Training Loss: -0.1017
2025-07-14 03:14:27 - INFO - Epoch 488/600 finished. Average Training Loss: -0.1579
2025-07-14 03:14:40 - INFO - Epoch 489/600 finished. Average Training Loss: -0.1201
2025-07-14 03:14:52 - INFO - Epoch 490/600 finished. Average Training Loss: -0.1449
2025-07-14 03:15:04 - INFO - Epoch 491/600 finished. Average Training Loss: -0.1423
2025-07-14 03:15:17 - INFO - Epoch 492/600 finished. Average Training Loss: -0.1319
2025-07-14 03:15:29 - INFO - Epoch 493/600 finished. Average Training Loss: -0.1322
2025-07-14 03:15:42 - INFO - Epoch 494/600 finished. Average Training Loss: -0.2589
2025-07-14 03:15:54 - INFO - Epoch 495/600 finished. Average Training Loss: -0.1851
2025-07-14 03:16:07 - INFO - Epoch 496/600 finished. Average Training Loss: -0.1968
2025-07-14 03:16:19 - INFO - Epoch 497/600 finished. Average Training Loss: -0.1461
2025-07-14 03:16:31 - INFO - Epoch 498/600 finished. Average Training Loss: -0.2308
2025-07-14 03:16:44 - INFO - Epoch 499/600 finished. Average Training Loss: -0.2151
2025-07-14 03:16:56 - INFO - Epoch 500/600 finished. Average Training Loss: -0.2644
2025-07-14 03:16:56 - INFO - Saved checkpoint for epoch 500 to ./result/VNet_Multi_V4/Amos_90/Pth/model_epoch_500_checkpoint.pth
2025-07-14 03:17:09 - INFO - Epoch 501/600 finished. Average Training Loss: -0.1295
2025-07-14 03:17:21 - INFO - Epoch 502/600 finished. Average Training Loss: -0.2809
2025-07-14 03:17:34 - INFO - Epoch 503/600 finished. Average Training Loss: -0.1721
2025-07-14 03:17:46 - INFO - Epoch 504/600 finished. Average Training Loss: -0.2358
2025-07-14 03:17:58 - INFO - Epoch 505/600 finished. Average Training Loss: -0.2282
2025-07-14 03:18:11 - INFO - Epoch 506/600 finished. Average Training Loss: -0.1693
2025-07-14 03:18:23 - INFO - Epoch 507/600 finished. Average Training Loss: -0.3246
2025-07-14 03:18:36 - INFO - Epoch 508/600 finished. Average Training Loss: -0.2235
2025-07-14 03:18:48 - INFO - Epoch 509/600 finished. Average Training Loss: -0.2937
2025-07-14 03:19:00 - INFO - Epoch 510/600 finished. Average Training Loss: -0.2371
2025-07-14 03:19:13 - INFO - Epoch 511/600 finished. Average Training Loss: -0.1449
2025-07-14 03:19:25 - INFO - Epoch 512/600 finished. Average Training Loss: -0.1853
2025-07-14 03:19:37 - INFO - Epoch 513/600 finished. Average Training Loss: -0.2971
2025-07-14 03:19:50 - INFO - Epoch 514/600 finished. Average Training Loss: -0.3697
2025-07-14 03:20:02 - INFO - Epoch 515/600 finished. Average Training Loss: -0.2323
2025-07-14 03:20:15 - INFO - Epoch 516/600 finished. Average Training Loss: -0.3994
2025-07-14 03:20:27 - INFO - Epoch 517/600 finished. Average Training Loss: -0.3603
2025-07-14 03:20:39 - INFO - Epoch 518/600 finished. Average Training Loss: -0.3414
2025-07-14 03:20:52 - INFO - Epoch 519/600 finished. Average Training Loss: -0.3342
2025-07-14 03:21:04 - INFO - Epoch 520/600 finished. Average Training Loss: -0.2727
2025-07-14 03:21:05 - INFO - Saved checkpoint for epoch 520 to ./result/VNet_Multi_V4/Amos_90/Pth/model_epoch_520_checkpoint.pth
2025-07-14 03:21:17 - INFO - Epoch 521/600 finished. Average Training Loss: -0.3114
2025-07-14 03:21:29 - INFO - Epoch 522/600 finished. Average Training Loss: -0.3548
2025-07-14 03:21:42 - INFO - Epoch 523/600 finished. Average Training Loss: -0.2524
2025-07-14 03:21:54 - INFO - Epoch 524/600 finished. Average Training Loss: -0.3154
2025-07-14 03:22:06 - INFO - Epoch 525/600 finished. Average Training Loss: -0.1632
2025-07-14 03:22:19 - INFO - Epoch 526/600 finished. Average Training Loss: -0.3467
2025-07-14 03:22:31 - INFO - Epoch 527/600 finished. Average Training Loss: -0.2756
2025-07-14 03:22:43 - INFO - Epoch 528/600 finished. Average Training Loss: -0.3350
2025-07-14 03:22:56 - INFO - Epoch 529/600 finished. Average Training Loss: -0.2491
2025-07-14 03:23:08 - INFO - Epoch 530/600 finished. Average Training Loss: -0.3652
2025-07-14 03:23:21 - INFO - Epoch 531/600 finished. Average Training Loss: -0.2633
2025-07-14 03:23:33 - INFO - Epoch 532/600 finished. Average Training Loss: -0.3314
2025-07-14 03:23:46 - INFO - Epoch 533/600 finished. Average Training Loss: -0.4942
2025-07-14 03:23:58 - INFO - Epoch 534/600 finished. Average Training Loss: -0.4473
2025-07-14 03:24:11 - INFO - Epoch 535/600 finished. Average Training Loss: -0.3263
2025-07-14 03:24:23 - INFO - Epoch 536/600 finished. Average Training Loss: -0.3488
2025-07-14 03:24:35 - INFO - Epoch 537/600 finished. Average Training Loss: -0.3516
2025-07-14 03:24:48 - INFO - Epoch 538/600 finished. Average Training Loss: -0.3260
2025-07-14 03:25:00 - INFO - Epoch 539/600 finished. Average Training Loss: -0.3827
2025-07-14 03:25:13 - INFO - Epoch 540/600 finished. Average Training Loss: -0.3229
2025-07-14 03:25:13 - INFO - Saved checkpoint for epoch 540 to ./result/VNet_Multi_V4/Amos_90/Pth/model_epoch_540_checkpoint.pth
2025-07-14 03:25:25 - INFO - Epoch 541/600 finished. Average Training Loss: -0.3625
2025-07-14 03:25:37 - INFO - Epoch 542/600 finished. Average Training Loss: -0.2584
2025-07-14 03:25:50 - INFO - Epoch 543/600 finished. Average Training Loss: -0.3377
2025-07-14 03:26:02 - INFO - Epoch 544/600 finished. Average Training Loss: -0.3969
2025-07-14 03:26:14 - INFO - Epoch 545/600 finished. Average Training Loss: -0.2998
2025-07-14 03:26:27 - INFO - Epoch 546/600 finished. Average Training Loss: -0.4390
2025-07-14 03:26:39 - INFO - Epoch 547/600 finished. Average Training Loss: -0.3345
2025-07-14 03:26:52 - INFO - Epoch 548/600 finished. Average Training Loss: -0.5397
2025-07-14 03:27:04 - INFO - Epoch 549/600 finished. Average Training Loss: -0.3067
2025-07-14 03:27:16 - INFO - Epoch 550/600 finished. Average Training Loss: -0.4164
2025-07-14 03:27:29 - INFO - Epoch 551/600 finished. Average Training Loss: -0.4974
2025-07-14 03:27:41 - INFO - Epoch 552/600 finished. Average Training Loss: -0.4080
2025-07-14 03:27:54 - INFO - Epoch 553/600 finished. Average Training Loss: -0.3887
2025-07-14 03:28:06 - INFO - Epoch 554/600 finished. Average Training Loss: -0.2230
2025-07-14 03:28:18 - INFO - Epoch 555/600 finished. Average Training Loss: -0.4384
2025-07-14 03:28:30 - INFO - Epoch 556/600 finished. Average Training Loss: -0.4053
2025-07-14 03:28:43 - INFO - Epoch 557/600 finished. Average Training Loss: -0.4073
2025-07-14 03:28:55 - INFO - Epoch 558/600 finished. Average Training Loss: -0.4089
2025-07-14 03:29:08 - INFO - Epoch 559/600 finished. Average Training Loss: -0.5197
2025-07-14 03:29:20 - INFO - Epoch 560/600 finished. Average Training Loss: -0.3864
2025-07-14 03:29:20 - INFO - Saved checkpoint for epoch 560 to ./result/VNet_Multi_V4/Amos_90/Pth/model_epoch_560_checkpoint.pth
2025-07-14 03:29:33 - INFO - Epoch 561/600 finished. Average Training Loss: -0.3828
2025-07-14 03:29:45 - INFO - Epoch 562/600 finished. Average Training Loss: -0.3794
2025-07-14 03:29:57 - INFO - Epoch 563/600 finished. Average Training Loss: -0.4566
2025-07-14 03:30:10 - INFO - Epoch 564/600 finished. Average Training Loss: -0.4352
2025-07-14 03:30:22 - INFO - Epoch 565/600 finished. Average Training Loss: -0.4102
2025-07-14 03:30:34 - INFO - Epoch 566/600 finished. Average Training Loss: -0.5933
2025-07-14 03:30:47 - INFO - Epoch 567/600 finished. Average Training Loss: -0.4443
2025-07-14 03:30:59 - INFO - Epoch 568/600 finished. Average Training Loss: -0.5383
2025-07-14 03:31:12 - INFO - Epoch 569/600 finished. Average Training Loss: -0.4649
2025-07-14 03:31:24 - INFO - Epoch 570/600 finished. Average Training Loss: -0.4093
2025-07-14 03:31:36 - INFO - Epoch 571/600 finished. Average Training Loss: -0.6485
2025-07-14 03:31:49 - INFO - Epoch 572/600 finished. Average Training Loss: -0.4465
2025-07-14 03:32:01 - INFO - Epoch 573/600 finished. Average Training Loss: -0.6304
2025-07-14 03:32:14 - INFO - Epoch 574/600 finished. Average Training Loss: -0.4289
2025-07-14 03:32:26 - INFO - Epoch 575/600 finished. Average Training Loss: -0.5260
2025-07-14 03:32:38 - INFO - Epoch 576/600 finished. Average Training Loss: -0.3619
2025-07-14 03:32:51 - INFO - Epoch 577/600 finished. Average Training Loss: -0.4958
2025-07-14 03:33:03 - INFO - Epoch 578/600 finished. Average Training Loss: -0.4991
2025-07-14 03:33:16 - INFO - Epoch 579/600 finished. Average Training Loss: -0.4956
2025-07-14 03:33:28 - INFO - Epoch 580/600 finished. Average Training Loss: -0.4229
2025-07-14 03:33:28 - INFO - Saved checkpoint for epoch 580 to ./result/VNet_Multi_V4/Amos_90/Pth/model_epoch_580_checkpoint.pth
2025-07-14 03:33:40 - INFO - Epoch 581/600 finished. Average Training Loss: -0.4799
2025-07-14 03:33:53 - INFO - Epoch 582/600 finished. Average Training Loss: -0.5380
2025-07-14 03:34:05 - INFO - Epoch 583/600 finished. Average Training Loss: -0.6457
2025-07-14 03:34:17 - INFO - Epoch 584/600 finished. Average Training Loss: -0.5160
2025-07-14 03:34:30 - INFO - Epoch 585/600 finished. Average Training Loss: -0.5492
2025-07-14 03:34:42 - INFO - Epoch 586/600 finished. Average Training Loss: -0.4909
2025-07-14 03:34:55 - INFO - Epoch 587/600 finished. Average Training Loss: -0.4356
2025-07-14 03:35:07 - INFO - Epoch 588/600 finished. Average Training Loss: -0.4052
2025-07-14 03:35:19 - INFO - Epoch 589/600 finished. Average Training Loss: -0.4108
2025-07-14 03:35:32 - INFO - Epoch 590/600 finished. Average Training Loss: -0.4537
2025-07-14 03:35:44 - INFO - Epoch 591/600 finished. Average Training Loss: -0.4010
2025-07-14 03:35:56 - INFO - Epoch 592/600 finished. Average Training Loss: -0.5369
2025-07-14 03:36:09 - INFO - Epoch 593/600 finished. Average Training Loss: -0.4334
2025-07-14 03:36:21 - INFO - Epoch 594/600 finished. Average Training Loss: -0.5311
2025-07-14 03:36:33 - INFO - Epoch 595/600 finished. Average Training Loss: -0.4618
2025-07-14 03:36:46 - INFO - Epoch 596/600 finished. Average Training Loss: -0.6517
2025-07-14 03:36:58 - INFO - Epoch 597/600 finished. Average Training Loss: -0.5423
2025-07-14 03:37:10 - INFO - Epoch 598/600 finished. Average Training Loss: -0.4605
2025-07-14 03:37:23 - INFO - Epoch 599/600 finished. Average Training Loss: -0.6668
2025-07-14 03:37:35 - INFO - Epoch 600/600 finished. Average Training Loss: -0.5002
2025-07-14 03:37:35 - INFO - Saved checkpoint for epoch 600 to ./result/VNet_Multi_V4/Amos_90/Pth/model_epoch_600_checkpoint.pth
2025-07-14 03:37:35 - INFO - Training complete! Total duration: 2h 37m 4s
2025-07-14 03:37:35 - INFO - ======================================== Training Session Ended ========================================

