2025-05-01 12:32:06 - INFO - Logging is set up.
2025-05-01 12:32:06 - INFO - 
======================================== New Training Session ========================================
2025-05-01 12:32:06 - INFO - Configuration:
{
    "seed": 42,
    "epochs": 1000,
    "batch_size": 4,
    "learning_rate": 0.0001,
    "log_path": "./result/SAM3D_VNet_SSL/LA_16_Supervised/Training.log",
    "pth_path": "./result/SAM3D_VNet_SSL/LA_16_Supervised/Pth",
    "tensorboard_path": "./result/SAM3D_VNet_SSL/LA_16_Supervised/Train",
    "continue_train": false,
    "multi_gpu": true,
    "training_num": 16,
    "dataset_name": "LA",
    "dataset_path": "./datasets/LA",
    "num_classes": 2,
    "prompt_weight_path": "./result/Pretrained",
    "patch_size": [
        112,
        112,
        80
    ]
}
2025-05-01 12:32:06 - INFO - TensorBoard logging directory: ./result/SAM3D_VNet_SSL/LA_16_Supervised/Train/20250501-123206
2025-05-01 12:32:06 - INFO - Training dataset: 16
2025-05-01 12:32:07 - INFO - Optimizer: AdamW with parameters: {'lr': 0.0001, 'betas': (0.9, 0.999), 'eps': 1e-08, 'weight_decay': 0.01, 'amsgrad': False, 'maximize': False, 'foreach': None, 'capturable': False, 'differentiable': False, 'fused': None, 'decoupled_weight_decay': True}
2025-05-01 12:32:07 - INFO - Using CeDiceLoss 1:1
2025-05-01 12:32:11 - INFO - Epoch 1/1000, Batch 4/4, Loss: 0.4179
2025-05-01 12:32:13 - INFO - Epoch 2/1000, Batch 4/4, Loss: 0.4829
2025-05-01 12:32:16 - INFO - Epoch 3/1000, Batch 4/4, Loss: 0.3925
2025-05-01 12:32:18 - INFO - Epoch 4/1000, Batch 4/4, Loss: 0.3853
2025-05-01 12:32:20 - INFO - Epoch 5/1000, Batch 4/4, Loss: 0.4054
2025-05-01 12:32:23 - INFO - Epoch 6/1000, Batch 4/4, Loss: 0.3382
2025-05-01 12:32:25 - INFO - Epoch 7/1000, Batch 4/4, Loss: 0.3138
2025-05-01 12:32:28 - INFO - Epoch 8/1000, Batch 4/4, Loss: 0.4085
2025-05-01 12:32:30 - INFO - Epoch 9/1000, Batch 4/4, Loss: 0.3859
2025-05-01 12:32:32 - INFO - Epoch 10/1000, Batch 4/4, Loss: 0.2339
2025-05-01 12:32:35 - INFO - Epoch 11/1000, Batch 4/4, Loss: 0.3315
2025-05-01 12:32:37 - INFO - Epoch 12/1000, Batch 4/4, Loss: 0.3562
2025-05-01 12:32:40 - INFO - Epoch 13/1000, Batch 4/4, Loss: 0.3095
2025-05-01 12:32:42 - INFO - Epoch 14/1000, Batch 4/4, Loss: 0.2592
2025-05-01 12:32:45 - INFO - Epoch 15/1000, Batch 4/4, Loss: 0.2873
2025-05-01 12:32:47 - INFO - Epoch 16/1000, Batch 4/4, Loss: 0.2994
2025-05-01 12:32:50 - INFO - Epoch 17/1000, Batch 4/4, Loss: 0.3130
2025-05-01 12:32:52 - INFO - Epoch 18/1000, Batch 4/4, Loss: 0.3156
2025-05-01 12:32:55 - INFO - Epoch 19/1000, Batch 4/4, Loss: 0.2964
2025-05-01 12:32:57 - INFO - Epoch 20/1000, Batch 4/4, Loss: 0.2693
2025-05-01 12:32:57 - INFO - Created directory: ./result/SAM3D_VNet_SSL/LA_16_Supervised/Pth
2025-05-01 12:32:57 - INFO - Saved checkpoint at epoch 20 at ./result/SAM3D_VNet_SSL/LA_16_Supervised/Pth/model_epoch_20_checkpoint.pth
2025-05-01 12:33:00 - INFO - Epoch 21/1000, Batch 4/4, Loss: 0.3454
2025-05-01 12:33:02 - INFO - Epoch 22/1000, Batch 4/4, Loss: 0.2050
2025-05-01 12:33:05 - INFO - Epoch 23/1000, Batch 4/4, Loss: 0.2988
2025-05-01 12:33:07 - INFO - Epoch 24/1000, Batch 4/4, Loss: 0.2184
2025-05-01 12:33:10 - INFO - Epoch 25/1000, Batch 4/4, Loss: 0.2330
2025-05-01 12:33:12 - INFO - Epoch 26/1000, Batch 4/4, Loss: 0.2149
2025-05-01 12:33:15 - INFO - Epoch 27/1000, Batch 4/4, Loss: 0.3580
2025-05-01 12:33:17 - INFO - Epoch 28/1000, Batch 4/4, Loss: 0.2244
2025-05-01 12:33:20 - INFO - Epoch 29/1000, Batch 4/4, Loss: 0.3373
2025-05-01 12:33:22 - INFO - Epoch 30/1000, Batch 4/4, Loss: 0.2181
2025-05-01 12:33:24 - INFO - Epoch 31/1000, Batch 4/4, Loss: 0.2526
2025-05-01 12:33:27 - INFO - Epoch 32/1000, Batch 4/4, Loss: 0.1878
2025-05-01 12:33:29 - INFO - Epoch 33/1000, Batch 4/4, Loss: 0.2174
2025-05-01 12:33:32 - INFO - Epoch 34/1000, Batch 4/4, Loss: 0.2165
2025-05-01 12:33:34 - INFO - Epoch 35/1000, Batch 4/4, Loss: 0.2743
2025-05-01 12:33:37 - INFO - Epoch 36/1000, Batch 4/4, Loss: 0.2699
2025-05-01 12:33:39 - INFO - Epoch 37/1000, Batch 4/4, Loss: 0.3404
2025-05-01 12:33:42 - INFO - Epoch 38/1000, Batch 4/4, Loss: 0.2102
2025-05-01 12:33:44 - INFO - Epoch 39/1000, Batch 4/4, Loss: 0.1923
2025-05-01 12:33:47 - INFO - Epoch 40/1000, Batch 4/4, Loss: 0.2553
2025-05-01 12:33:47 - INFO - Saved checkpoint at epoch 40 at ./result/SAM3D_VNet_SSL/LA_16_Supervised/Pth/model_epoch_40_checkpoint.pth
2025-05-01 12:33:50 - INFO - Epoch 41/1000, Batch 4/4, Loss: 0.1883
2025-05-01 12:33:52 - INFO - Epoch 42/1000, Batch 4/4, Loss: 0.1961
2025-05-01 12:33:54 - INFO - Epoch 43/1000, Batch 4/4, Loss: 0.2388
2025-05-01 12:33:57 - INFO - Epoch 44/1000, Batch 4/4, Loss: 0.2441
2025-05-01 12:33:59 - INFO - Epoch 45/1000, Batch 4/4, Loss: 0.2206
2025-05-01 12:34:02 - INFO - Epoch 46/1000, Batch 4/4, Loss: 0.1434
2025-05-01 12:34:04 - INFO - Epoch 47/1000, Batch 4/4, Loss: 0.1979
2025-05-01 12:34:07 - INFO - Epoch 48/1000, Batch 4/4, Loss: 0.1923
2025-05-01 12:34:09 - INFO - Epoch 49/1000, Batch 4/4, Loss: 0.2148
2025-05-01 12:34:12 - INFO - Epoch 50/1000, Batch 4/4, Loss: 0.1844
2025-05-01 12:34:14 - INFO - Epoch 51/1000, Batch 4/4, Loss: 0.2598
2025-05-01 12:34:17 - INFO - Epoch 52/1000, Batch 4/4, Loss: 0.2101
2025-05-01 12:34:19 - INFO - Epoch 53/1000, Batch 4/4, Loss: 0.2041
2025-05-01 12:34:22 - INFO - Epoch 54/1000, Batch 4/4, Loss: 0.1502
2025-05-01 12:34:24 - INFO - Epoch 55/1000, Batch 4/4, Loss: 0.2248
2025-05-01 12:34:27 - INFO - Epoch 56/1000, Batch 4/4, Loss: 0.2307
2025-05-01 12:34:29 - INFO - Epoch 57/1000, Batch 4/4, Loss: 0.2192
2025-05-01 12:34:32 - INFO - Epoch 58/1000, Batch 4/4, Loss: 0.2369
2025-05-01 12:34:34 - INFO - Epoch 59/1000, Batch 4/4, Loss: 0.2345
2025-05-01 12:34:37 - INFO - Epoch 60/1000, Batch 4/4, Loss: 0.2573
2025-05-01 12:34:37 - INFO - Saved checkpoint at epoch 60 at ./result/SAM3D_VNet_SSL/LA_16_Supervised/Pth/model_epoch_60_checkpoint.pth
2025-05-01 12:34:39 - INFO - Epoch 61/1000, Batch 4/4, Loss: 0.2273
2025-05-01 12:34:42 - INFO - Epoch 62/1000, Batch 4/4, Loss: 0.1735
2025-05-01 12:34:44 - INFO - Epoch 63/1000, Batch 4/4, Loss: 0.2333
2025-05-01 12:34:47 - INFO - Epoch 64/1000, Batch 4/4, Loss: 0.1850
2025-05-01 12:34:49 - INFO - Epoch 65/1000, Batch 4/4, Loss: 0.1966
2025-05-01 12:34:52 - INFO - Epoch 66/1000, Batch 4/4, Loss: 0.1882
2025-05-01 12:34:54 - INFO - Epoch 67/1000, Batch 4/4, Loss: 0.1878
2025-05-01 12:34:57 - INFO - Epoch 68/1000, Batch 4/4, Loss: 0.2080
2025-05-01 12:34:59 - INFO - Epoch 69/1000, Batch 4/4, Loss: 0.1669
2025-05-01 12:35:02 - INFO - Epoch 70/1000, Batch 4/4, Loss: 0.1966
2025-05-01 12:35:04 - INFO - Epoch 71/1000, Batch 4/4, Loss: 0.1684
2025-05-01 12:35:07 - INFO - Epoch 72/1000, Batch 4/4, Loss: 0.1554
2025-05-01 12:35:09 - INFO - Epoch 73/1000, Batch 4/4, Loss: 0.2123
2025-05-01 12:35:12 - INFO - Epoch 74/1000, Batch 4/4, Loss: 0.2154
2025-05-01 12:35:14 - INFO - Epoch 75/1000, Batch 4/4, Loss: 0.2307
2025-05-01 12:35:16 - INFO - Epoch 76/1000, Batch 4/4, Loss: 0.2227
2025-05-01 12:35:19 - INFO - Epoch 77/1000, Batch 4/4, Loss: 0.2256
2025-05-01 12:35:21 - INFO - Epoch 78/1000, Batch 4/4, Loss: 0.2314
2025-05-01 12:35:24 - INFO - Epoch 79/1000, Batch 4/4, Loss: 0.1966
2025-05-01 12:35:26 - INFO - Epoch 80/1000, Batch 4/4, Loss: 0.1812
2025-05-01 12:35:27 - INFO - Saved checkpoint at epoch 80 at ./result/SAM3D_VNet_SSL/LA_16_Supervised/Pth/model_epoch_80_checkpoint.pth
2025-05-01 12:35:29 - INFO - Epoch 81/1000, Batch 4/4, Loss: 0.2179
2025-05-01 12:35:32 - INFO - Epoch 82/1000, Batch 4/4, Loss: 0.1537
2025-05-01 12:35:34 - INFO - Epoch 83/1000, Batch 4/4, Loss: 0.1617
2025-05-01 12:35:37 - INFO - Epoch 84/1000, Batch 4/4, Loss: 0.2299
2025-05-01 12:35:39 - INFO - Epoch 85/1000, Batch 4/4, Loss: 0.1893
2025-05-01 12:35:42 - INFO - Epoch 86/1000, Batch 4/4, Loss: 0.1980
2025-05-01 12:35:44 - INFO - Epoch 87/1000, Batch 4/4, Loss: 0.1860
2025-05-01 12:35:47 - INFO - Epoch 88/1000, Batch 4/4, Loss: 0.1628
2025-05-01 12:35:49 - INFO - Epoch 89/1000, Batch 4/4, Loss: 0.2255
2025-05-01 12:35:52 - INFO - Epoch 90/1000, Batch 4/4, Loss: 0.1477
2025-05-01 12:35:54 - INFO - Epoch 91/1000, Batch 4/4, Loss: 0.1601
2025-05-01 12:35:56 - INFO - Epoch 92/1000, Batch 4/4, Loss: 0.1800
2025-05-01 12:35:59 - INFO - Epoch 93/1000, Batch 4/4, Loss: 0.1654
2025-05-01 12:36:01 - INFO - Epoch 94/1000, Batch 4/4, Loss: 0.1501
2025-05-01 12:36:04 - INFO - Epoch 95/1000, Batch 4/4, Loss: 0.2646
2025-05-01 12:36:06 - INFO - Epoch 96/1000, Batch 4/4, Loss: 0.2015
2025-05-01 12:36:09 - INFO - Epoch 97/1000, Batch 4/4, Loss: 0.2563
2025-05-01 12:36:11 - INFO - Epoch 98/1000, Batch 4/4, Loss: 0.1756
2025-05-01 12:36:14 - INFO - Epoch 99/1000, Batch 4/4, Loss: 0.2542
2025-05-01 12:36:16 - INFO - Epoch 100/1000, Batch 4/4, Loss: 0.2509
2025-05-01 12:36:17 - INFO - Saved checkpoint at epoch 100 at ./result/SAM3D_VNet_SSL/LA_16_Supervised/Pth/model_epoch_100_checkpoint.pth
2025-05-01 12:36:19 - INFO - Epoch 101/1000, Batch 4/4, Loss: 0.1452
2025-05-01 12:36:22 - INFO - Epoch 102/1000, Batch 4/4, Loss: 0.1762
2025-05-01 12:36:24 - INFO - Epoch 103/1000, Batch 4/4, Loss: 0.1845
2025-05-01 12:36:27 - INFO - Epoch 104/1000, Batch 4/4, Loss: 0.1931
2025-05-01 12:36:29 - INFO - Epoch 105/1000, Batch 4/4, Loss: 0.1540
2025-05-01 12:36:32 - INFO - Epoch 106/1000, Batch 4/4, Loss: 0.1977
2025-05-01 12:36:34 - INFO - Epoch 107/1000, Batch 4/4, Loss: 0.1191
2025-05-01 12:36:37 - INFO - Epoch 108/1000, Batch 4/4, Loss: 0.1984
2025-05-01 12:36:39 - INFO - Epoch 109/1000, Batch 4/4, Loss: 0.1569
2025-05-01 12:36:42 - INFO - Epoch 110/1000, Batch 4/4, Loss: 0.1190
2025-05-01 12:36:44 - INFO - Epoch 111/1000, Batch 4/4, Loss: 0.2303
2025-05-01 12:36:47 - INFO - Epoch 112/1000, Batch 4/4, Loss: 0.1304
2025-05-01 12:36:49 - INFO - Epoch 113/1000, Batch 4/4, Loss: 0.1712
2025-05-01 12:36:52 - INFO - Epoch 114/1000, Batch 4/4, Loss: 0.1761
2025-05-01 12:36:54 - INFO - Epoch 115/1000, Batch 4/4, Loss: 0.1707
2025-05-01 12:36:57 - INFO - Epoch 116/1000, Batch 4/4, Loss: 0.1729
2025-05-01 12:36:59 - INFO - Epoch 117/1000, Batch 4/4, Loss: 0.2376
2025-05-01 12:37:02 - INFO - Epoch 118/1000, Batch 4/4, Loss: 0.1488
2025-05-01 12:37:04 - INFO - Epoch 119/1000, Batch 4/4, Loss: 0.1138
2025-05-01 12:37:07 - INFO - Epoch 120/1000, Batch 4/4, Loss: 0.2022
2025-05-01 12:37:07 - INFO - Saved checkpoint at epoch 120 at ./result/SAM3D_VNet_SSL/LA_16_Supervised/Pth/model_epoch_120_checkpoint.pth
2025-05-01 12:37:09 - INFO - Epoch 121/1000, Batch 4/4, Loss: 0.1891
2025-05-01 12:37:12 - INFO - Epoch 122/1000, Batch 4/4, Loss: 0.1495
2025-05-01 12:37:14 - INFO - Epoch 123/1000, Batch 4/4, Loss: 0.1804
2025-05-01 12:37:17 - INFO - Epoch 124/1000, Batch 4/4, Loss: 0.1927
2025-05-01 12:37:19 - INFO - Epoch 125/1000, Batch 4/4, Loss: 0.1565
2025-05-01 12:37:22 - INFO - Epoch 126/1000, Batch 4/4, Loss: 0.1820
2025-05-01 12:37:24 - INFO - Epoch 127/1000, Batch 4/4, Loss: 0.1415
2025-05-01 12:37:27 - INFO - Epoch 128/1000, Batch 4/4, Loss: 0.1608
2025-05-01 12:37:29 - INFO - Epoch 129/1000, Batch 4/4, Loss: 0.1895
2025-05-01 12:37:32 - INFO - Epoch 130/1000, Batch 4/4, Loss: 0.1977
2025-05-01 12:37:34 - INFO - Epoch 131/1000, Batch 4/4, Loss: 0.1004
2025-05-01 12:37:37 - INFO - Epoch 132/1000, Batch 4/4, Loss: 0.1691
2025-05-01 12:37:39 - INFO - Epoch 133/1000, Batch 4/4, Loss: 0.1714
2025-05-01 12:37:42 - INFO - Epoch 134/1000, Batch 4/4, Loss: 0.1439
2025-05-01 12:37:44 - INFO - Epoch 135/1000, Batch 4/4, Loss: 0.1329
2025-05-01 12:37:47 - INFO - Epoch 136/1000, Batch 4/4, Loss: 0.1150
2025-05-01 12:37:49 - INFO - Epoch 137/1000, Batch 4/4, Loss: 0.1905
2025-05-01 12:37:51 - INFO - Epoch 138/1000, Batch 4/4, Loss: 0.1492
2025-05-01 12:37:54 - INFO - Epoch 139/1000, Batch 4/4, Loss: 0.1826
2025-05-01 12:37:56 - INFO - Epoch 140/1000, Batch 4/4, Loss: 0.1724
2025-05-01 12:37:57 - INFO - Saved checkpoint at epoch 140 at ./result/SAM3D_VNet_SSL/LA_16_Supervised/Pth/model_epoch_140_checkpoint.pth
2025-05-01 12:37:59 - INFO - Epoch 141/1000, Batch 4/4, Loss: 0.1182
2025-05-01 12:38:02 - INFO - Epoch 142/1000, Batch 4/4, Loss: 0.2150
2025-05-01 12:38:04 - INFO - Epoch 143/1000, Batch 4/4, Loss: 0.1678
2025-05-01 12:38:07 - INFO - Epoch 144/1000, Batch 4/4, Loss: 0.1411
2025-05-01 12:38:09 - INFO - Epoch 145/1000, Batch 4/4, Loss: 0.1045
2025-05-01 12:38:12 - INFO - Epoch 146/1000, Batch 4/4, Loss: 0.1283
2025-05-01 12:38:14 - INFO - Epoch 147/1000, Batch 4/4, Loss: 0.0978
2025-05-01 12:38:17 - INFO - Epoch 148/1000, Batch 4/4, Loss: 0.0869
2025-05-01 12:38:19 - INFO - Epoch 149/1000, Batch 4/4, Loss: 0.1198
2025-05-01 12:38:22 - INFO - Epoch 150/1000, Batch 4/4, Loss: 0.1428
2025-05-01 12:38:24 - INFO - Epoch 151/1000, Batch 4/4, Loss: 0.1348
2025-05-01 12:38:27 - INFO - Epoch 152/1000, Batch 4/4, Loss: 0.1606
2025-05-01 12:38:29 - INFO - Epoch 153/1000, Batch 4/4, Loss: 0.1144
2025-05-01 12:38:31 - INFO - Epoch 154/1000, Batch 4/4, Loss: 0.1262
2025-05-01 12:38:34 - INFO - Epoch 155/1000, Batch 4/4, Loss: 0.0998
2025-05-01 12:38:36 - INFO - Epoch 156/1000, Batch 4/4, Loss: 0.1450
2025-05-01 12:38:39 - INFO - Epoch 157/1000, Batch 4/4, Loss: 0.1626
2025-05-01 12:38:41 - INFO - Epoch 158/1000, Batch 4/4, Loss: 0.2217
2025-05-01 12:38:44 - INFO - Epoch 159/1000, Batch 4/4, Loss: 0.1535
2025-05-01 12:38:46 - INFO - Epoch 160/1000, Batch 4/4, Loss: 0.1227
2025-05-01 12:38:47 - INFO - Saved checkpoint at epoch 160 at ./result/SAM3D_VNet_SSL/LA_16_Supervised/Pth/model_epoch_160_checkpoint.pth
2025-05-01 12:38:49 - INFO - Epoch 161/1000, Batch 4/4, Loss: 0.1211
2025-05-01 12:38:52 - INFO - Epoch 162/1000, Batch 4/4, Loss: 0.1247
2025-05-01 12:38:54 - INFO - Epoch 163/1000, Batch 4/4, Loss: 0.1009
2025-05-01 12:38:57 - INFO - Epoch 164/1000, Batch 4/4, Loss: 0.0974
2025-05-01 12:38:59 - INFO - Epoch 165/1000, Batch 4/4, Loss: 0.1299
2025-05-01 12:39:02 - INFO - Epoch 166/1000, Batch 4/4, Loss: 0.1012
2025-05-01 12:39:04 - INFO - Epoch 167/1000, Batch 4/4, Loss: 0.1451
2025-05-01 12:39:07 - INFO - Epoch 168/1000, Batch 4/4, Loss: 0.1152
2025-05-01 12:39:09 - INFO - Epoch 169/1000, Batch 4/4, Loss: 0.1224
2025-05-01 12:39:12 - INFO - Epoch 170/1000, Batch 4/4, Loss: 0.1214
2025-05-01 12:39:14 - INFO - Epoch 171/1000, Batch 4/4, Loss: 0.1369
2025-05-01 12:39:17 - INFO - Epoch 172/1000, Batch 4/4, Loss: 0.1285
2025-05-01 12:39:19 - INFO - Epoch 173/1000, Batch 4/4, Loss: 0.1261
2025-05-01 12:39:21 - INFO - Epoch 174/1000, Batch 4/4, Loss: 0.1329
2025-05-01 12:39:24 - INFO - Epoch 175/1000, Batch 4/4, Loss: 0.1274
2025-05-01 12:39:26 - INFO - Epoch 176/1000, Batch 4/4, Loss: 0.1711
2025-05-01 12:39:29 - INFO - Epoch 177/1000, Batch 4/4, Loss: 0.1804
2025-05-01 12:39:31 - INFO - Epoch 178/1000, Batch 4/4, Loss: 0.1320
2025-05-01 12:39:34 - INFO - Epoch 179/1000, Batch 4/4, Loss: 0.1466
2025-05-01 12:39:36 - INFO - Epoch 180/1000, Batch 4/4, Loss: 0.1904
2025-05-01 12:39:37 - INFO - Saved checkpoint at epoch 180 at ./result/SAM3D_VNet_SSL/LA_16_Supervised/Pth/model_epoch_180_checkpoint.pth
2025-05-01 12:39:39 - INFO - Epoch 181/1000, Batch 4/4, Loss: 0.0944
2025-05-01 12:39:42 - INFO - Epoch 182/1000, Batch 4/4, Loss: 0.1579
2025-05-01 12:39:44 - INFO - Epoch 183/1000, Batch 4/4, Loss: 0.1033
2025-05-01 12:39:47 - INFO - Epoch 184/1000, Batch 4/4, Loss: 0.0994
2025-05-01 12:39:49 - INFO - Epoch 185/1000, Batch 4/4, Loss: 0.1018
2025-05-01 12:39:52 - INFO - Epoch 186/1000, Batch 4/4, Loss: 0.1408
2025-05-01 12:39:54 - INFO - Epoch 187/1000, Batch 4/4, Loss: 0.0988
2025-05-01 12:39:57 - INFO - Epoch 188/1000, Batch 4/4, Loss: 0.0912
2025-05-01 12:39:59 - INFO - Epoch 189/1000, Batch 4/4, Loss: 0.1320
2025-05-01 12:40:02 - INFO - Epoch 190/1000, Batch 4/4, Loss: 0.1159
2025-05-01 12:40:04 - INFO - Epoch 191/1000, Batch 4/4, Loss: 0.0741
2025-05-01 12:40:07 - INFO - Epoch 192/1000, Batch 4/4, Loss: 0.1037
2025-05-01 12:40:09 - INFO - Epoch 193/1000, Batch 4/4, Loss: 0.0949
2025-05-01 12:40:12 - INFO - Epoch 194/1000, Batch 4/4, Loss: 0.0717
2025-05-01 12:40:14 - INFO - Epoch 195/1000, Batch 4/4, Loss: 0.0876
2025-05-01 12:40:16 - INFO - Epoch 196/1000, Batch 4/4, Loss: 0.1322
2025-05-01 12:40:19 - INFO - Epoch 197/1000, Batch 4/4, Loss: 0.1208
2025-05-01 12:40:21 - INFO - Epoch 198/1000, Batch 4/4, Loss: 0.1020
2025-05-01 12:40:24 - INFO - Epoch 199/1000, Batch 4/4, Loss: 0.0892
2025-05-01 12:40:26 - INFO - Epoch 200/1000, Batch 4/4, Loss: 0.1006
2025-05-01 12:40:27 - INFO - Saved checkpoint at epoch 200 at ./result/SAM3D_VNet_SSL/LA_16_Supervised/Pth/model_epoch_200_checkpoint.pth
2025-05-01 12:40:29 - INFO - Epoch 201/1000, Batch 4/4, Loss: 0.0915
2025-05-01 12:40:32 - INFO - Epoch 202/1000, Batch 4/4, Loss: 0.1348
2025-05-01 12:40:34 - INFO - Epoch 203/1000, Batch 4/4, Loss: 0.0989
2025-05-01 12:40:37 - INFO - Epoch 204/1000, Batch 4/4, Loss: 0.1335
2025-05-01 12:40:39 - INFO - Epoch 205/1000, Batch 4/4, Loss: 0.1182
2025-05-01 12:40:42 - INFO - Epoch 206/1000, Batch 4/4, Loss: 0.0972
2025-05-01 12:40:44 - INFO - Epoch 207/1000, Batch 4/4, Loss: 0.0871
2025-05-01 12:40:47 - INFO - Epoch 208/1000, Batch 4/4, Loss: 0.1127
2025-05-01 12:40:49 - INFO - Epoch 209/1000, Batch 4/4, Loss: 0.1580
2025-05-01 12:40:52 - INFO - Epoch 210/1000, Batch 4/4, Loss: 0.1500
2025-05-01 12:40:54 - INFO - Epoch 211/1000, Batch 4/4, Loss: 0.1280
2025-05-01 12:40:57 - INFO - Epoch 212/1000, Batch 4/4, Loss: 0.1445
2025-05-01 12:40:59 - INFO - Epoch 213/1000, Batch 4/4, Loss: 0.1310
2025-05-01 12:41:02 - INFO - Epoch 214/1000, Batch 4/4, Loss: 0.1380
2025-05-01 12:41:04 - INFO - Epoch 215/1000, Batch 4/4, Loss: 0.1207
2025-05-01 12:41:06 - INFO - Epoch 216/1000, Batch 4/4, Loss: 0.0912
2025-05-01 12:41:09 - INFO - Epoch 217/1000, Batch 4/4, Loss: 0.1320
2025-05-01 12:41:11 - INFO - Epoch 218/1000, Batch 4/4, Loss: 0.0776
2025-05-01 12:41:14 - INFO - Epoch 219/1000, Batch 4/4, Loss: 0.1191
2025-05-01 12:41:16 - INFO - Epoch 220/1000, Batch 4/4, Loss: 0.0874
2025-05-01 12:41:17 - INFO - Saved checkpoint at epoch 220 at ./result/SAM3D_VNet_SSL/LA_16_Supervised/Pth/model_epoch_220_checkpoint.pth
2025-05-01 12:41:19 - INFO - Epoch 221/1000, Batch 4/4, Loss: 0.0861
2025-05-01 12:41:22 - INFO - Epoch 222/1000, Batch 4/4, Loss: 0.1167
2025-05-01 12:41:24 - INFO - Epoch 223/1000, Batch 4/4, Loss: 0.1546
2025-05-01 12:41:27 - INFO - Epoch 224/1000, Batch 4/4, Loss: 0.1519
2025-05-01 12:41:29 - INFO - Epoch 225/1000, Batch 4/4, Loss: 0.1014
2025-05-01 12:41:32 - INFO - Epoch 226/1000, Batch 4/4, Loss: 0.1121
2025-05-01 12:41:34 - INFO - Epoch 227/1000, Batch 4/4, Loss: 0.1124
2025-05-01 12:41:37 - INFO - Epoch 228/1000, Batch 4/4, Loss: 0.1063
2025-05-01 12:41:39 - INFO - Epoch 229/1000, Batch 4/4, Loss: 0.1317
2025-05-01 12:41:42 - INFO - Epoch 230/1000, Batch 4/4, Loss: 0.0889
2025-05-01 12:41:44 - INFO - Epoch 231/1000, Batch 4/4, Loss: 0.0885
2025-05-01 12:41:47 - INFO - Epoch 232/1000, Batch 4/4, Loss: 0.0943
2025-05-01 12:41:49 - INFO - Epoch 233/1000, Batch 4/4, Loss: 0.0899
2025-05-01 12:41:52 - INFO - Epoch 234/1000, Batch 4/4, Loss: 0.1029
2025-05-01 12:41:54 - INFO - Epoch 235/1000, Batch 4/4, Loss: 0.1270
2025-05-01 12:41:57 - INFO - Epoch 236/1000, Batch 4/4, Loss: 0.0826
2025-05-01 12:41:59 - INFO - Epoch 237/1000, Batch 4/4, Loss: 0.1204
2025-05-01 12:42:02 - INFO - Epoch 238/1000, Batch 4/4, Loss: 0.1419
2025-05-01 12:42:04 - INFO - Epoch 239/1000, Batch 4/4, Loss: 0.1158
2025-05-01 12:42:07 - INFO - Epoch 240/1000, Batch 4/4, Loss: 0.0931
2025-05-01 12:42:07 - INFO - Saved checkpoint at epoch 240 at ./result/SAM3D_VNet_SSL/LA_16_Supervised/Pth/model_epoch_240_checkpoint.pth
2025-05-01 12:42:09 - INFO - Epoch 241/1000, Batch 4/4, Loss: 0.0913
2025-05-01 12:42:12 - INFO - Epoch 242/1000, Batch 4/4, Loss: 0.1210
2025-05-01 12:42:14 - INFO - Epoch 243/1000, Batch 4/4, Loss: 0.0815
2025-05-01 12:42:17 - INFO - Epoch 244/1000, Batch 4/4, Loss: 0.0865
2025-05-01 12:42:19 - INFO - Epoch 245/1000, Batch 4/4, Loss: 0.0892
2025-05-01 12:42:22 - INFO - Epoch 246/1000, Batch 4/4, Loss: 0.0615
2025-05-01 12:42:24 - INFO - Epoch 247/1000, Batch 4/4, Loss: 0.0862
2025-05-01 12:42:27 - INFO - Epoch 248/1000, Batch 4/4, Loss: 0.0926
2025-05-01 12:42:29 - INFO - Epoch 249/1000, Batch 4/4, Loss: 0.0966
2025-05-01 12:42:32 - INFO - Epoch 250/1000, Batch 4/4, Loss: 0.0655
2025-05-01 12:42:34 - INFO - Epoch 251/1000, Batch 4/4, Loss: 0.1160
2025-05-01 12:42:37 - INFO - Epoch 252/1000, Batch 4/4, Loss: 0.0851
2025-05-01 12:42:39 - INFO - Epoch 253/1000, Batch 4/4, Loss: 0.1195
2025-05-01 12:42:42 - INFO - Epoch 254/1000, Batch 4/4, Loss: 0.0908
2025-05-01 12:42:44 - INFO - Epoch 255/1000, Batch 4/4, Loss: 0.0908
2025-05-01 12:42:47 - INFO - Epoch 256/1000, Batch 4/4, Loss: 0.0836
2025-05-01 12:42:49 - INFO - Epoch 257/1000, Batch 4/4, Loss: 0.1216
2025-05-01 12:42:52 - INFO - Epoch 258/1000, Batch 4/4, Loss: 0.0853
2025-05-01 12:42:54 - INFO - Epoch 259/1000, Batch 4/4, Loss: 0.0879
2025-05-01 12:42:57 - INFO - Epoch 260/1000, Batch 4/4, Loss: 0.0885
2025-05-01 12:42:57 - INFO - Saved checkpoint at epoch 260 at ./result/SAM3D_VNet_SSL/LA_16_Supervised/Pth/model_epoch_260_checkpoint.pth
2025-05-01 12:43:00 - INFO - Epoch 261/1000, Batch 4/4, Loss: 0.0939
2025-05-01 12:43:02 - INFO - Epoch 262/1000, Batch 4/4, Loss: 0.0722
2025-05-01 12:43:04 - INFO - Epoch 263/1000, Batch 4/4, Loss: 0.0946
2025-05-01 12:43:07 - INFO - Epoch 264/1000, Batch 4/4, Loss: 0.0969
2025-05-01 12:43:09 - INFO - Epoch 265/1000, Batch 4/4, Loss: 0.0966
2025-05-01 12:43:12 - INFO - Epoch 266/1000, Batch 4/4, Loss: 0.1313
2025-05-01 12:43:14 - INFO - Epoch 267/1000, Batch 4/4, Loss: 0.0752
2025-05-01 12:43:17 - INFO - Epoch 268/1000, Batch 4/4, Loss: 0.0920
2025-05-01 12:43:19 - INFO - Epoch 269/1000, Batch 4/4, Loss: 0.0636
2025-05-01 12:43:22 - INFO - Epoch 270/1000, Batch 4/4, Loss: 0.0900
2025-05-01 12:43:24 - INFO - Epoch 271/1000, Batch 4/4, Loss: 0.0839
2025-05-01 12:43:27 - INFO - Epoch 272/1000, Batch 4/4, Loss: 0.0836
2025-05-01 12:43:29 - INFO - Epoch 273/1000, Batch 4/4, Loss: 0.0727
2025-05-01 12:43:31 - INFO - Epoch 274/1000, Batch 4/4, Loss: 0.0970
2025-05-01 12:43:34 - INFO - Epoch 275/1000, Batch 4/4, Loss: 0.1173
2025-05-01 12:43:36 - INFO - Epoch 276/1000, Batch 4/4, Loss: 0.0740
2025-05-01 12:43:39 - INFO - Epoch 277/1000, Batch 4/4, Loss: 0.1034
2025-05-01 12:43:41 - INFO - Epoch 278/1000, Batch 4/4, Loss: 0.0989
2025-05-01 12:43:44 - INFO - Epoch 279/1000, Batch 4/4, Loss: 0.0820
2025-05-01 12:43:46 - INFO - Epoch 280/1000, Batch 4/4, Loss: 0.1036
2025-05-01 12:43:47 - INFO - Saved checkpoint at epoch 280 at ./result/SAM3D_VNet_SSL/LA_16_Supervised/Pth/model_epoch_280_checkpoint.pth
2025-05-01 12:43:49 - INFO - Epoch 281/1000, Batch 4/4, Loss: 0.0682
2025-05-01 12:43:52 - INFO - Epoch 282/1000, Batch 4/4, Loss: 0.1127
2025-05-01 12:43:54 - INFO - Epoch 283/1000, Batch 4/4, Loss: 0.1028
2025-05-01 12:43:57 - INFO - Epoch 284/1000, Batch 4/4, Loss: 0.0669
2025-05-01 12:43:59 - INFO - Epoch 285/1000, Batch 4/4, Loss: 0.0798
2025-05-01 12:44:01 - INFO - Epoch 286/1000, Batch 4/4, Loss: 0.0685
2025-05-01 12:44:04 - INFO - Epoch 287/1000, Batch 4/4, Loss: 0.0851
2025-05-01 12:44:06 - INFO - Epoch 288/1000, Batch 4/4, Loss: 0.1136
2025-05-01 12:44:09 - INFO - Epoch 289/1000, Batch 4/4, Loss: 0.1151
2025-05-01 12:44:11 - INFO - Epoch 290/1000, Batch 4/4, Loss: 0.1146
2025-05-01 12:44:14 - INFO - Epoch 291/1000, Batch 4/4, Loss: 0.0872
2025-05-01 12:44:16 - INFO - Epoch 292/1000, Batch 4/4, Loss: 0.0912
2025-05-01 12:44:19 - INFO - Epoch 293/1000, Batch 4/4, Loss: 0.1018
2025-05-01 12:44:21 - INFO - Epoch 294/1000, Batch 4/4, Loss: 0.0809
2025-05-01 12:44:24 - INFO - Epoch 295/1000, Batch 4/4, Loss: 0.1030
2025-05-01 12:44:26 - INFO - Epoch 296/1000, Batch 4/4, Loss: 0.0813
2025-05-01 12:44:29 - INFO - Epoch 297/1000, Batch 4/4, Loss: 0.0803
2025-05-01 12:44:31 - INFO - Epoch 298/1000, Batch 4/4, Loss: 0.1019
2025-05-01 12:44:33 - INFO - Epoch 299/1000, Batch 4/4, Loss: 0.0685
2025-05-01 12:44:36 - INFO - Epoch 300/1000, Batch 4/4, Loss: 0.0904
2025-05-01 12:44:36 - INFO - Saved checkpoint at epoch 300 at ./result/SAM3D_VNet_SSL/LA_16_Supervised/Pth/model_epoch_300_checkpoint.pth
2025-05-01 12:44:39 - INFO - Epoch 301/1000, Batch 4/4, Loss: 0.0680
2025-05-01 12:44:41 - INFO - Epoch 302/1000, Batch 4/4, Loss: 0.0949
2025-05-01 12:44:44 - INFO - Epoch 303/1000, Batch 4/4, Loss: 0.0561
2025-05-01 12:44:46 - INFO - Epoch 304/1000, Batch 4/4, Loss: 0.1026
2025-05-01 12:44:49 - INFO - Epoch 305/1000, Batch 4/4, Loss: 0.0749
2025-05-01 12:44:51 - INFO - Epoch 306/1000, Batch 4/4, Loss: 0.0681
2025-05-01 12:44:54 - INFO - Epoch 307/1000, Batch 4/4, Loss: 0.0768
2025-05-01 12:44:56 - INFO - Epoch 308/1000, Batch 4/4, Loss: 0.0749
2025-05-01 12:44:59 - INFO - Epoch 309/1000, Batch 4/4, Loss: 0.1125
2025-05-01 12:45:01 - INFO - Epoch 310/1000, Batch 4/4, Loss: 0.0824
2025-05-01 12:45:03 - INFO - Epoch 311/1000, Batch 4/4, Loss: 0.0872
2025-05-01 12:45:06 - INFO - Epoch 312/1000, Batch 4/4, Loss: 0.0726
2025-05-01 12:45:08 - INFO - Epoch 313/1000, Batch 4/4, Loss: 0.0816
2025-05-01 12:45:11 - INFO - Epoch 314/1000, Batch 4/4, Loss: 0.0801
2025-05-01 12:45:13 - INFO - Epoch 315/1000, Batch 4/4, Loss: 0.1010
2025-05-01 12:45:16 - INFO - Epoch 316/1000, Batch 4/4, Loss: 0.0755
2025-05-01 12:45:18 - INFO - Epoch 317/1000, Batch 4/4, Loss: 0.0918
2025-05-01 12:45:21 - INFO - Epoch 318/1000, Batch 4/4, Loss: 0.0948
2025-05-01 12:45:23 - INFO - Epoch 319/1000, Batch 4/4, Loss: 0.0711
2025-05-01 12:45:26 - INFO - Epoch 320/1000, Batch 4/4, Loss: 0.0817
2025-05-01 12:45:26 - INFO - Saved checkpoint at epoch 320 at ./result/SAM3D_VNet_SSL/LA_16_Supervised/Pth/model_epoch_320_checkpoint.pth
2025-05-01 12:45:29 - INFO - Epoch 321/1000, Batch 4/4, Loss: 0.0657
2025-05-01 12:45:31 - INFO - Epoch 322/1000, Batch 4/4, Loss: 0.0552
2025-05-01 12:45:34 - INFO - Epoch 323/1000, Batch 4/4, Loss: 0.1026
2025-05-01 12:45:36 - INFO - Epoch 324/1000, Batch 4/4, Loss: 0.0677
2025-05-01 12:45:38 - INFO - Epoch 325/1000, Batch 4/4, Loss: 0.0805
2025-05-01 12:45:41 - INFO - Epoch 326/1000, Batch 4/4, Loss: 0.0698
2025-05-01 12:45:43 - INFO - Epoch 327/1000, Batch 4/4, Loss: 0.0674
2025-05-01 12:45:46 - INFO - Epoch 328/1000, Batch 4/4, Loss: 0.0876
2025-05-01 12:45:48 - INFO - Epoch 329/1000, Batch 4/4, Loss: 0.0687
2025-05-01 12:45:51 - INFO - Epoch 330/1000, Batch 4/4, Loss: 0.0653
2025-05-01 12:45:53 - INFO - Epoch 331/1000, Batch 4/4, Loss: 0.0973
2025-05-01 12:45:56 - INFO - Epoch 332/1000, Batch 4/4, Loss: 0.0643
2025-05-01 12:45:58 - INFO - Epoch 333/1000, Batch 4/4, Loss: 0.0838
2025-05-01 12:46:01 - INFO - Epoch 334/1000, Batch 4/4, Loss: 0.0782
2025-05-01 12:46:03 - INFO - Epoch 335/1000, Batch 4/4, Loss: 0.0765
2025-05-01 12:46:06 - INFO - Epoch 336/1000, Batch 4/4, Loss: 0.0673
2025-05-01 12:46:08 - INFO - Epoch 337/1000, Batch 4/4, Loss: 0.1021
2025-05-01 12:46:11 - INFO - Epoch 338/1000, Batch 4/4, Loss: 0.0710
2025-05-01 12:46:13 - INFO - Epoch 339/1000, Batch 4/4, Loss: 0.0776
2025-05-01 12:46:15 - INFO - Epoch 340/1000, Batch 4/4, Loss: 0.0772
2025-05-01 12:46:16 - INFO - Saved checkpoint at epoch 340 at ./result/SAM3D_VNet_SSL/LA_16_Supervised/Pth/model_epoch_340_checkpoint.pth
2025-05-01 12:46:18 - INFO - Epoch 341/1000, Batch 4/4, Loss: 0.0668
2025-05-01 12:46:21 - INFO - Epoch 342/1000, Batch 4/4, Loss: 0.0617
2025-05-01 12:46:23 - INFO - Epoch 343/1000, Batch 4/4, Loss: 0.0721
2025-05-01 12:46:26 - INFO - Epoch 344/1000, Batch 4/4, Loss: 0.0951
2025-05-01 12:46:28 - INFO - Epoch 345/1000, Batch 4/4, Loss: 0.0766
2025-05-01 12:46:31 - INFO - Epoch 346/1000, Batch 4/4, Loss: 0.0898
2025-05-01 12:46:33 - INFO - Epoch 347/1000, Batch 4/4, Loss: 0.1020
2025-05-01 12:46:36 - INFO - Epoch 348/1000, Batch 4/4, Loss: 0.0931
2025-05-01 12:46:38 - INFO - Epoch 349/1000, Batch 4/4, Loss: 0.0779
2025-05-01 12:46:41 - INFO - Epoch 350/1000, Batch 4/4, Loss: 0.0696
2025-05-01 12:46:43 - INFO - Epoch 351/1000, Batch 4/4, Loss: 0.0824
2025-05-01 12:46:46 - INFO - Epoch 352/1000, Batch 4/4, Loss: 0.0848
2025-05-01 12:46:48 - INFO - Epoch 353/1000, Batch 4/4, Loss: 0.0724
2025-05-01 12:46:50 - INFO - Epoch 354/1000, Batch 4/4, Loss: 0.0990
2025-05-01 12:46:53 - INFO - Epoch 355/1000, Batch 4/4, Loss: 0.0725
2025-05-01 12:46:55 - INFO - Epoch 356/1000, Batch 4/4, Loss: 0.0953
2025-05-01 12:46:58 - INFO - Epoch 357/1000, Batch 4/4, Loss: 0.0560
2025-05-01 12:47:00 - INFO - Epoch 358/1000, Batch 4/4, Loss: 0.0920
2025-05-01 12:47:03 - INFO - Epoch 359/1000, Batch 4/4, Loss: 0.1002
2025-05-01 12:47:05 - INFO - Epoch 360/1000, Batch 4/4, Loss: 0.1468
2025-05-01 12:47:06 - INFO - Saved checkpoint at epoch 360 at ./result/SAM3D_VNet_SSL/LA_16_Supervised/Pth/model_epoch_360_checkpoint.pth
2025-05-01 12:47:08 - INFO - Epoch 361/1000, Batch 4/4, Loss: 0.0650
2025-05-01 12:47:11 - INFO - Epoch 362/1000, Batch 4/4, Loss: 0.1063
2025-05-01 12:47:13 - INFO - Epoch 363/1000, Batch 4/4, Loss: 0.0917
2025-05-01 12:47:16 - INFO - Epoch 364/1000, Batch 4/4, Loss: 0.0734
2025-05-01 12:47:18 - INFO - Epoch 365/1000, Batch 4/4, Loss: 0.0937
2025-05-01 12:47:21 - INFO - Epoch 366/1000, Batch 4/4, Loss: 0.0900
2025-05-01 12:47:23 - INFO - Epoch 367/1000, Batch 4/4, Loss: 0.0447
2025-05-01 12:47:26 - INFO - Epoch 368/1000, Batch 4/4, Loss: 0.0786
2025-05-01 12:47:28 - INFO - Epoch 369/1000, Batch 4/4, Loss: 0.0727
2025-05-01 12:47:30 - INFO - Epoch 370/1000, Batch 4/4, Loss: 0.0898
2025-05-01 12:47:33 - INFO - Epoch 371/1000, Batch 4/4, Loss: 0.0948
2025-05-01 12:47:35 - INFO - Epoch 372/1000, Batch 4/4, Loss: 0.0689
2025-05-01 12:47:38 - INFO - Epoch 373/1000, Batch 4/4, Loss: 0.0695
2025-05-01 12:47:40 - INFO - Epoch 374/1000, Batch 4/4, Loss: 0.0567
2025-05-01 12:47:43 - INFO - Epoch 375/1000, Batch 4/4, Loss: 0.0797
2025-05-01 12:47:45 - INFO - Epoch 376/1000, Batch 4/4, Loss: 0.0577
2025-05-01 12:47:48 - INFO - Epoch 377/1000, Batch 4/4, Loss: 0.0474
2025-05-01 12:47:50 - INFO - Epoch 378/1000, Batch 4/4, Loss: 0.0787
2025-05-01 12:47:53 - INFO - Epoch 379/1000, Batch 4/4, Loss: 0.0540
2025-05-01 12:47:55 - INFO - Epoch 380/1000, Batch 4/4, Loss: 0.0415
2025-05-01 12:47:55 - INFO - Saved checkpoint at epoch 380 at ./result/SAM3D_VNet_SSL/LA_16_Supervised/Pth/model_epoch_380_checkpoint.pth
2025-05-01 12:47:58 - INFO - Epoch 381/1000, Batch 4/4, Loss: 0.0507
2025-05-01 12:48:00 - INFO - Epoch 382/1000, Batch 4/4, Loss: 0.0655
2025-05-01 12:48:03 - INFO - Epoch 383/1000, Batch 4/4, Loss: 0.0925
2025-05-01 12:48:05 - INFO - Epoch 384/1000, Batch 4/4, Loss: 0.0909
2025-05-01 12:48:08 - INFO - Epoch 385/1000, Batch 4/4, Loss: 0.0720
2025-05-01 12:48:10 - INFO - Epoch 386/1000, Batch 4/4, Loss: 0.0710
2025-05-01 12:48:13 - INFO - Epoch 387/1000, Batch 4/4, Loss: 0.0846
2025-05-01 12:48:15 - INFO - Epoch 388/1000, Batch 4/4, Loss: 0.0540
2025-05-01 12:48:18 - INFO - Epoch 389/1000, Batch 4/4, Loss: 0.0715
2025-05-01 12:48:20 - INFO - Epoch 390/1000, Batch 4/4, Loss: 0.0768
2025-05-01 12:48:22 - INFO - Epoch 391/1000, Batch 4/4, Loss: 0.0732
2025-05-01 12:48:25 - INFO - Epoch 392/1000, Batch 4/4, Loss: 0.0852
2025-05-01 12:48:27 - INFO - Epoch 393/1000, Batch 4/4, Loss: 0.1006
2025-05-01 12:48:30 - INFO - Epoch 394/1000, Batch 4/4, Loss: 0.1019
2025-05-01 12:48:32 - INFO - Epoch 395/1000, Batch 4/4, Loss: 0.0932
2025-05-01 12:48:35 - INFO - Epoch 396/1000, Batch 4/4, Loss: 0.0773
2025-05-01 12:48:37 - INFO - Epoch 397/1000, Batch 4/4, Loss: 0.0944
2025-05-01 12:48:40 - INFO - Epoch 398/1000, Batch 4/4, Loss: 0.0667
2025-05-01 12:48:42 - INFO - Epoch 399/1000, Batch 4/4, Loss: 0.0911
2025-05-01 12:48:45 - INFO - Epoch 400/1000, Batch 4/4, Loss: 0.0632
2025-05-01 12:48:45 - INFO - Saved checkpoint at epoch 400 at ./result/SAM3D_VNet_SSL/LA_16_Supervised/Pth/model_epoch_400_checkpoint.pth
2025-05-01 12:48:47 - INFO - Epoch 401/1000, Batch 4/4, Loss: 0.1162
2025-05-01 12:48:50 - INFO - Epoch 402/1000, Batch 4/4, Loss: 0.0658
2025-05-01 12:48:52 - INFO - Epoch 403/1000, Batch 4/4, Loss: 0.0582
2025-05-01 12:48:55 - INFO - Epoch 404/1000, Batch 4/4, Loss: 0.0723
2025-05-01 12:48:57 - INFO - Epoch 405/1000, Batch 4/4, Loss: 0.0455
2025-05-01 12:49:00 - INFO - Epoch 406/1000, Batch 4/4, Loss: 0.0541
2025-05-01 12:49:02 - INFO - Epoch 407/1000, Batch 4/4, Loss: 0.0655
2025-05-01 12:49:05 - INFO - Epoch 408/1000, Batch 4/4, Loss: 0.0484
2025-05-01 12:49:07 - INFO - Epoch 409/1000, Batch 4/4, Loss: 0.0821
2025-05-01 12:49:10 - INFO - Epoch 410/1000, Batch 4/4, Loss: 0.0594
2025-05-01 12:49:12 - INFO - Epoch 411/1000, Batch 4/4, Loss: 0.0615
2025-05-01 12:49:15 - INFO - Epoch 412/1000, Batch 4/4, Loss: 0.0608
2025-05-01 12:49:17 - INFO - Epoch 413/1000, Batch 4/4, Loss: 0.0577
2025-05-01 12:49:19 - INFO - Epoch 414/1000, Batch 4/4, Loss: 0.0795
2025-05-01 12:49:22 - INFO - Epoch 415/1000, Batch 4/4, Loss: 0.0672
2025-05-01 12:49:24 - INFO - Epoch 416/1000, Batch 4/4, Loss: 0.0626
2025-05-01 12:49:27 - INFO - Epoch 417/1000, Batch 4/4, Loss: 0.0824
2025-05-01 12:49:29 - INFO - Epoch 418/1000, Batch 4/4, Loss: 0.0660
2025-05-01 12:49:32 - INFO - Epoch 419/1000, Batch 4/4, Loss: 0.0859
2025-05-01 12:49:34 - INFO - Epoch 420/1000, Batch 4/4, Loss: 0.0801
2025-05-01 12:49:35 - INFO - Saved checkpoint at epoch 420 at ./result/SAM3D_VNet_SSL/LA_16_Supervised/Pth/model_epoch_420_checkpoint.pth
2025-05-01 12:49:37 - INFO - Epoch 421/1000, Batch 4/4, Loss: 0.0664
2025-05-01 12:49:40 - INFO - Epoch 422/1000, Batch 4/4, Loss: 0.0959
2025-05-01 12:49:42 - INFO - Epoch 423/1000, Batch 4/4, Loss: 0.0536
2025-05-01 12:49:45 - INFO - Epoch 424/1000, Batch 4/4, Loss: 0.0727
2025-05-01 12:49:47 - INFO - Epoch 425/1000, Batch 4/4, Loss: 0.0611
2025-05-01 12:49:50 - INFO - Epoch 426/1000, Batch 4/4, Loss: 0.0497
2025-05-01 12:49:52 - INFO - Epoch 427/1000, Batch 4/4, Loss: 0.0634
2025-05-01 12:49:55 - INFO - Epoch 428/1000, Batch 4/4, Loss: 0.0563
2025-05-01 12:49:57 - INFO - Epoch 429/1000, Batch 4/4, Loss: 0.0629
2025-05-01 12:50:00 - INFO - Epoch 430/1000, Batch 4/4, Loss: 0.0634
2025-05-01 12:50:02 - INFO - Epoch 431/1000, Batch 4/4, Loss: 0.0674
2025-05-01 12:50:05 - INFO - Epoch 432/1000, Batch 4/4, Loss: 0.0756
2025-05-01 12:50:07 - INFO - Epoch 433/1000, Batch 4/4, Loss: 0.0799
2025-05-01 12:50:09 - INFO - Epoch 434/1000, Batch 4/4, Loss: 0.0548
2025-05-01 12:50:12 - INFO - Epoch 435/1000, Batch 4/4, Loss: 0.0701
2025-05-01 12:50:14 - INFO - Epoch 436/1000, Batch 4/4, Loss: 0.0621
2025-05-01 12:50:17 - INFO - Epoch 437/1000, Batch 4/4, Loss: 0.0755
2025-05-01 12:50:19 - INFO - Epoch 438/1000, Batch 4/4, Loss: 0.0739
2025-05-01 12:50:22 - INFO - Epoch 439/1000, Batch 4/4, Loss: 0.0571
2025-05-01 12:50:24 - INFO - Epoch 440/1000, Batch 4/4, Loss: 0.0952
2025-05-01 12:50:25 - INFO - Saved checkpoint at epoch 440 at ./result/SAM3D_VNet_SSL/LA_16_Supervised/Pth/model_epoch_440_checkpoint.pth
2025-05-01 12:50:27 - INFO - Epoch 441/1000, Batch 4/4, Loss: 0.0687
2025-05-01 12:50:30 - INFO - Epoch 442/1000, Batch 4/4, Loss: 0.0639
2025-05-01 12:50:32 - INFO - Epoch 443/1000, Batch 4/4, Loss: 0.0785
2025-05-01 12:50:35 - INFO - Epoch 444/1000, Batch 4/4, Loss: 0.0611
2025-05-01 12:50:37 - INFO - Epoch 445/1000, Batch 4/4, Loss: 0.0538
2025-05-01 12:50:40 - INFO - Epoch 446/1000, Batch 4/4, Loss: 0.0748
2025-05-01 12:50:42 - INFO - Epoch 447/1000, Batch 4/4, Loss: 0.0633
2025-05-01 12:50:45 - INFO - Epoch 448/1000, Batch 4/4, Loss: 0.0792
2025-05-01 12:50:47 - INFO - Epoch 449/1000, Batch 4/4, Loss: 0.0606
2025-05-01 12:50:50 - INFO - Epoch 450/1000, Batch 4/4, Loss: 0.0592
2025-05-01 12:50:52 - INFO - Epoch 451/1000, Batch 4/4, Loss: 0.0709
2025-05-01 12:50:54 - INFO - Epoch 452/1000, Batch 4/4, Loss: 0.0676
2025-05-01 12:50:57 - INFO - Epoch 453/1000, Batch 4/4, Loss: 0.0633
2025-05-01 12:50:59 - INFO - Epoch 454/1000, Batch 4/4, Loss: 0.0737
2025-05-01 12:51:02 - INFO - Epoch 455/1000, Batch 4/4, Loss: 0.0810
2025-05-01 12:51:04 - INFO - Epoch 456/1000, Batch 4/4, Loss: 0.0653
2025-05-01 12:51:07 - INFO - Epoch 457/1000, Batch 4/4, Loss: 0.0539
2025-05-01 12:51:09 - INFO - Epoch 458/1000, Batch 4/4, Loss: 0.0798
2025-05-01 12:51:12 - INFO - Epoch 459/1000, Batch 4/4, Loss: 0.0549
2025-05-01 12:51:14 - INFO - Epoch 460/1000, Batch 4/4, Loss: 0.0550
2025-05-01 12:51:15 - INFO - Saved checkpoint at epoch 460 at ./result/SAM3D_VNet_SSL/LA_16_Supervised/Pth/model_epoch_460_checkpoint.pth
2025-05-01 12:51:17 - INFO - Epoch 461/1000, Batch 4/4, Loss: 0.0620
2025-05-01 12:51:20 - INFO - Epoch 462/1000, Batch 4/4, Loss: 0.0681
2025-05-01 12:51:22 - INFO - Epoch 463/1000, Batch 4/4, Loss: 0.0865
2025-05-01 12:51:25 - INFO - Epoch 464/1000, Batch 4/4, Loss: 0.0721
2025-05-01 12:51:27 - INFO - Epoch 465/1000, Batch 4/4, Loss: 0.0533
2025-05-01 12:51:29 - INFO - Epoch 466/1000, Batch 4/4, Loss: 0.0694
2025-05-01 12:51:32 - INFO - Epoch 467/1000, Batch 4/4, Loss: 0.0772
2025-05-01 12:51:34 - INFO - Epoch 468/1000, Batch 4/4, Loss: 0.0481
2025-05-01 12:51:37 - INFO - Epoch 469/1000, Batch 4/4, Loss: 0.0548
2025-05-01 12:51:39 - INFO - Epoch 470/1000, Batch 4/4, Loss: 0.0512
2025-05-01 12:51:42 - INFO - Epoch 471/1000, Batch 4/4, Loss: 0.0666
2025-05-01 12:51:44 - INFO - Epoch 472/1000, Batch 4/4, Loss: 0.0739
2025-05-01 12:51:47 - INFO - Epoch 473/1000, Batch 4/4, Loss: 0.0740
2025-05-01 12:51:49 - INFO - Epoch 474/1000, Batch 4/4, Loss: 0.0853
2025-05-01 12:51:52 - INFO - Epoch 475/1000, Batch 4/4, Loss: 0.0850
2025-05-01 12:51:54 - INFO - Epoch 476/1000, Batch 4/4, Loss: 0.0628
2025-05-01 12:51:57 - INFO - Epoch 477/1000, Batch 4/4, Loss: 0.0768
2025-05-01 12:51:59 - INFO - Epoch 478/1000, Batch 4/4, Loss: 0.0719
2025-05-01 12:52:02 - INFO - Epoch 479/1000, Batch 4/4, Loss: 0.0618
2025-05-01 12:52:04 - INFO - Epoch 480/1000, Batch 4/4, Loss: 0.0631
2025-05-01 12:52:05 - INFO - Saved checkpoint at epoch 480 at ./result/SAM3D_VNet_SSL/LA_16_Supervised/Pth/model_epoch_480_checkpoint.pth
2025-05-01 12:52:07 - INFO - Epoch 481/1000, Batch 4/4, Loss: 0.0650
2025-05-01 12:52:10 - INFO - Epoch 482/1000, Batch 4/4, Loss: 0.0683
2025-05-01 12:52:12 - INFO - Epoch 483/1000, Batch 4/4, Loss: 0.0918
2025-05-01 12:52:15 - INFO - Epoch 484/1000, Batch 4/4, Loss: 0.1100
2025-05-01 12:52:17 - INFO - Epoch 485/1000, Batch 4/4, Loss: 0.0858
2025-05-01 12:52:19 - INFO - Epoch 486/1000, Batch 4/4, Loss: 0.0737
2025-05-01 12:52:22 - INFO - Epoch 487/1000, Batch 4/4, Loss: 0.0889
2025-05-01 12:52:24 - INFO - Epoch 488/1000, Batch 4/4, Loss: 0.0639
2025-05-01 12:52:27 - INFO - Epoch 489/1000, Batch 4/4, Loss: 0.0566
2025-05-01 12:52:29 - INFO - Epoch 490/1000, Batch 4/4, Loss: 0.0811
2025-05-01 12:52:32 - INFO - Epoch 491/1000, Batch 4/4, Loss: 0.0860
2025-05-01 12:52:34 - INFO - Epoch 492/1000, Batch 4/4, Loss: 0.0661
2025-05-01 12:52:37 - INFO - Epoch 493/1000, Batch 4/4, Loss: 0.0810
2025-05-01 12:52:39 - INFO - Epoch 494/1000, Batch 4/4, Loss: 0.0652
2025-05-01 12:52:42 - INFO - Epoch 495/1000, Batch 4/4, Loss: 0.0638
2025-05-01 12:52:44 - INFO - Epoch 496/1000, Batch 4/4, Loss: 0.0698
2025-05-01 12:52:47 - INFO - Epoch 497/1000, Batch 4/4, Loss: 0.0612
2025-05-01 12:52:49 - INFO - Epoch 498/1000, Batch 4/4, Loss: 0.0667
2025-05-01 12:52:52 - INFO - Epoch 499/1000, Batch 4/4, Loss: 0.0579
2025-05-01 12:52:54 - INFO - Epoch 500/1000, Batch 4/4, Loss: 0.0472
2025-05-01 12:52:55 - INFO - Saved checkpoint at epoch 500 at ./result/SAM3D_VNet_SSL/LA_16_Supervised/Pth/model_epoch_500_checkpoint.pth
2025-05-01 12:52:57 - INFO - Epoch 501/1000, Batch 4/4, Loss: 0.0900
2025-05-01 12:53:00 - INFO - Epoch 502/1000, Batch 4/4, Loss: 0.0718
2025-05-01 12:53:02 - INFO - Epoch 503/1000, Batch 4/4, Loss: 0.0713
2025-05-01 12:53:05 - INFO - Epoch 504/1000, Batch 4/4, Loss: 0.0834
2025-05-01 12:53:07 - INFO - Epoch 505/1000, Batch 4/4, Loss: 0.0632
2025-05-01 12:53:10 - INFO - Epoch 506/1000, Batch 4/4, Loss: 0.0563
2025-05-01 12:53:12 - INFO - Epoch 507/1000, Batch 4/4, Loss: 0.0416
2025-05-01 12:53:14 - INFO - Epoch 508/1000, Batch 4/4, Loss: 0.0610
2025-05-01 12:53:17 - INFO - Epoch 509/1000, Batch 4/4, Loss: 0.0606
2025-05-01 12:53:19 - INFO - Epoch 510/1000, Batch 4/4, Loss: 0.0361
2025-05-01 12:53:22 - INFO - Epoch 511/1000, Batch 4/4, Loss: 0.0585
2025-05-01 12:53:24 - INFO - Epoch 512/1000, Batch 4/4, Loss: 0.0645
2025-05-01 12:53:27 - INFO - Epoch 513/1000, Batch 4/4, Loss: 0.0572
2025-05-01 12:53:29 - INFO - Epoch 514/1000, Batch 4/4, Loss: 0.0546
2025-05-01 12:53:32 - INFO - Epoch 515/1000, Batch 4/4, Loss: 0.0495
2025-05-01 12:53:34 - INFO - Epoch 516/1000, Batch 4/4, Loss: 0.0566
2025-05-01 12:53:37 - INFO - Epoch 517/1000, Batch 4/4, Loss: 0.0569
2025-05-01 12:53:39 - INFO - Epoch 518/1000, Batch 4/4, Loss: 0.0417
2025-05-01 12:53:42 - INFO - Epoch 519/1000, Batch 4/4, Loss: 0.0474
2025-05-01 12:53:44 - INFO - Epoch 520/1000, Batch 4/4, Loss: 0.0592
2025-05-01 12:53:45 - INFO - Saved checkpoint at epoch 520 at ./result/SAM3D_VNet_SSL/LA_16_Supervised/Pth/model_epoch_520_checkpoint.pth
2025-05-01 12:53:47 - INFO - Epoch 521/1000, Batch 4/4, Loss: 0.0411
2025-05-01 12:53:50 - INFO - Epoch 522/1000, Batch 4/4, Loss: 0.0540
2025-05-01 12:53:52 - INFO - Epoch 523/1000, Batch 4/4, Loss: 0.0650
2025-05-01 12:53:55 - INFO - Epoch 524/1000, Batch 4/4, Loss: 0.0438
2025-05-01 12:53:57 - INFO - Epoch 525/1000, Batch 4/4, Loss: 0.0549
2025-05-01 12:54:00 - INFO - Epoch 526/1000, Batch 4/4, Loss: 0.0585
2025-05-01 12:54:02 - INFO - Epoch 527/1000, Batch 4/4, Loss: 0.0497
2025-05-01 12:54:05 - INFO - Epoch 528/1000, Batch 4/4, Loss: 0.0760
2025-05-01 12:54:07 - INFO - Epoch 529/1000, Batch 4/4, Loss: 0.0559
2025-05-01 12:54:09 - INFO - Epoch 530/1000, Batch 4/4, Loss: 0.0438
2025-05-01 12:54:12 - INFO - Epoch 531/1000, Batch 4/4, Loss: 0.0593
2025-05-01 12:54:14 - INFO - Epoch 532/1000, Batch 4/4, Loss: 0.0556
2025-05-01 12:54:17 - INFO - Epoch 533/1000, Batch 4/4, Loss: 0.0489
2025-05-01 12:54:19 - INFO - Epoch 534/1000, Batch 4/4, Loss: 0.0478
2025-05-01 12:54:22 - INFO - Epoch 535/1000, Batch 4/4, Loss: 0.0435
2025-05-01 12:54:24 - INFO - Epoch 536/1000, Batch 4/4, Loss: 0.0401
2025-05-01 12:54:27 - INFO - Epoch 537/1000, Batch 4/4, Loss: 0.0536
2025-05-01 12:54:29 - INFO - Epoch 538/1000, Batch 4/4, Loss: 0.0543
2025-05-01 12:54:32 - INFO - Epoch 539/1000, Batch 4/4, Loss: 0.0613
2025-05-01 12:54:34 - INFO - Epoch 540/1000, Batch 4/4, Loss: 0.0402
2025-05-01 12:54:35 - INFO - Saved checkpoint at epoch 540 at ./result/SAM3D_VNet_SSL/LA_16_Supervised/Pth/model_epoch_540_checkpoint.pth
2025-05-01 12:54:37 - INFO - Epoch 541/1000, Batch 4/4, Loss: 0.0629
2025-05-01 12:54:40 - INFO - Epoch 542/1000, Batch 4/4, Loss: 0.0693
2025-05-01 12:54:42 - INFO - Epoch 543/1000, Batch 4/4, Loss: 0.0542
2025-05-01 12:54:45 - INFO - Epoch 544/1000, Batch 4/4, Loss: 0.0656
2025-05-01 12:54:47 - INFO - Epoch 545/1000, Batch 4/4, Loss: 0.0511
2025-05-01 12:54:50 - INFO - Epoch 546/1000, Batch 4/4, Loss: 0.0553
2025-05-01 12:54:52 - INFO - Epoch 547/1000, Batch 4/4, Loss: 0.0495
2025-05-01 12:54:54 - INFO - Epoch 548/1000, Batch 4/4, Loss: 0.0688
2025-05-01 12:54:57 - INFO - Epoch 549/1000, Batch 4/4, Loss: 0.0634
2025-05-01 12:54:59 - INFO - Epoch 550/1000, Batch 4/4, Loss: 0.0609
2025-05-01 12:55:02 - INFO - Epoch 551/1000, Batch 4/4, Loss: 0.0488
2025-05-01 12:55:04 - INFO - Epoch 552/1000, Batch 4/4, Loss: 0.0541
2025-05-01 12:55:07 - INFO - Epoch 553/1000, Batch 4/4, Loss: 0.0607
2025-05-01 12:55:09 - INFO - Epoch 554/1000, Batch 4/4, Loss: 0.0412
2025-05-01 12:55:12 - INFO - Epoch 555/1000, Batch 4/4, Loss: 0.0547
2025-05-01 12:55:14 - INFO - Epoch 556/1000, Batch 4/4, Loss: 0.0352
2025-05-01 12:55:17 - INFO - Epoch 557/1000, Batch 4/4, Loss: 0.0602
2025-05-01 12:55:19 - INFO - Epoch 558/1000, Batch 4/4, Loss: 0.0406
2025-05-01 12:55:22 - INFO - Epoch 559/1000, Batch 4/4, Loss: 0.0535
2025-05-01 12:55:24 - INFO - Epoch 560/1000, Batch 4/4, Loss: 0.0616
2025-05-01 12:55:25 - INFO - Saved checkpoint at epoch 560 at ./result/SAM3D_VNet_SSL/LA_16_Supervised/Pth/model_epoch_560_checkpoint.pth
2025-05-01 12:55:27 - INFO - Epoch 561/1000, Batch 4/4, Loss: 0.0555
2025-05-01 12:55:30 - INFO - Epoch 562/1000, Batch 4/4, Loss: 0.0596
2025-05-01 12:55:32 - INFO - Epoch 563/1000, Batch 4/4, Loss: 0.0784
2025-05-01 12:55:35 - INFO - Epoch 564/1000, Batch 4/4, Loss: 0.0782
2025-05-01 12:55:37 - INFO - Epoch 565/1000, Batch 4/4, Loss: 0.0469
2025-05-01 12:55:39 - INFO - Epoch 566/1000, Batch 4/4, Loss: 0.0732
2025-05-01 12:55:42 - INFO - Epoch 567/1000, Batch 4/4, Loss: 0.0514
2025-05-01 12:55:44 - INFO - Epoch 568/1000, Batch 4/4, Loss: 0.0501
2025-05-01 12:55:47 - INFO - Epoch 569/1000, Batch 4/4, Loss: 0.0609
2025-05-01 12:55:49 - INFO - Epoch 570/1000, Batch 4/4, Loss: 0.0517
2025-05-01 12:55:52 - INFO - Epoch 571/1000, Batch 4/4, Loss: 0.0495
2025-05-01 12:55:54 - INFO - Epoch 572/1000, Batch 4/4, Loss: 0.0608
2025-05-01 12:55:57 - INFO - Epoch 573/1000, Batch 4/4, Loss: 0.0471
2025-05-01 12:55:59 - INFO - Epoch 574/1000, Batch 4/4, Loss: 0.0386
2025-05-01 12:56:02 - INFO - Epoch 575/1000, Batch 4/4, Loss: 0.0617
2025-05-01 12:56:04 - INFO - Epoch 576/1000, Batch 4/4, Loss: 0.0479
2025-05-01 12:56:07 - INFO - Epoch 577/1000, Batch 4/4, Loss: 0.0407
2025-05-01 12:56:09 - INFO - Epoch 578/1000, Batch 4/4, Loss: 0.0669
2025-05-01 12:56:12 - INFO - Epoch 579/1000, Batch 4/4, Loss: 0.0509
2025-05-01 12:56:14 - INFO - Epoch 580/1000, Batch 4/4, Loss: 0.0569
2025-05-01 12:56:15 - INFO - Saved checkpoint at epoch 580 at ./result/SAM3D_VNet_SSL/LA_16_Supervised/Pth/model_epoch_580_checkpoint.pth
2025-05-01 12:56:17 - INFO - Epoch 581/1000, Batch 4/4, Loss: 0.0710
2025-05-01 12:56:19 - INFO - Epoch 582/1000, Batch 4/4, Loss: 0.0490
2025-05-01 12:56:22 - INFO - Epoch 583/1000, Batch 4/4, Loss: 0.0452
2025-05-01 12:56:24 - INFO - Epoch 584/1000, Batch 4/4, Loss: 0.0688
2025-05-01 12:56:27 - INFO - Epoch 585/1000, Batch 4/4, Loss: 0.0754
2025-05-01 12:56:29 - INFO - Epoch 586/1000, Batch 4/4, Loss: 0.0457
2025-05-01 12:56:32 - INFO - Epoch 587/1000, Batch 4/4, Loss: 0.0771
2025-05-01 12:56:34 - INFO - Epoch 588/1000, Batch 4/4, Loss: 0.0643
2025-05-01 12:56:37 - INFO - Epoch 589/1000, Batch 4/4, Loss: 0.0605
2025-05-01 12:56:39 - INFO - Epoch 590/1000, Batch 4/4, Loss: 0.0718
2025-05-01 12:56:42 - INFO - Epoch 591/1000, Batch 4/4, Loss: 0.0815
2025-05-01 12:56:44 - INFO - Epoch 592/1000, Batch 4/4, Loss: 0.0811
2025-05-01 12:56:47 - INFO - Epoch 593/1000, Batch 4/4, Loss: 0.0634
2025-05-01 12:56:49 - INFO - Epoch 594/1000, Batch 4/4, Loss: 0.0656
2025-05-01 12:56:52 - INFO - Epoch 595/1000, Batch 4/4, Loss: 0.0551
2025-05-01 12:56:54 - INFO - Epoch 596/1000, Batch 4/4, Loss: 0.0652
2025-05-01 12:56:57 - INFO - Epoch 597/1000, Batch 4/4, Loss: 0.0570
2025-05-01 12:56:59 - INFO - Epoch 598/1000, Batch 4/4, Loss: 0.0519
2025-05-01 12:57:01 - INFO - Epoch 599/1000, Batch 4/4, Loss: 0.0669
2025-05-01 12:57:04 - INFO - Epoch 600/1000, Batch 4/4, Loss: 0.0617
2025-05-01 12:57:04 - INFO - Saved checkpoint at epoch 600 at ./result/SAM3D_VNet_SSL/LA_16_Supervised/Pth/model_epoch_600_checkpoint.pth
2025-05-01 12:57:07 - INFO - Epoch 601/1000, Batch 4/4, Loss: 0.0601
2025-05-01 12:57:09 - INFO - Epoch 602/1000, Batch 4/4, Loss: 0.0559
2025-05-01 12:57:12 - INFO - Epoch 603/1000, Batch 4/4, Loss: 0.0504
2025-05-01 12:57:14 - INFO - Epoch 604/1000, Batch 4/4, Loss: 0.0459
2025-05-01 12:57:17 - INFO - Epoch 605/1000, Batch 4/4, Loss: 0.0615
2025-05-01 12:57:19 - INFO - Epoch 606/1000, Batch 4/4, Loss: 0.0467
2025-05-01 12:57:22 - INFO - Epoch 607/1000, Batch 4/4, Loss: 0.0605
2025-05-01 12:57:24 - INFO - Epoch 608/1000, Batch 4/4, Loss: 0.0529
2025-05-01 12:57:27 - INFO - Epoch 609/1000, Batch 4/4, Loss: 0.0623
2025-05-01 12:57:29 - INFO - Epoch 610/1000, Batch 4/4, Loss: 0.0647
2025-05-01 12:57:32 - INFO - Epoch 611/1000, Batch 4/4, Loss: 0.0528
2025-05-01 12:57:34 - INFO - Epoch 612/1000, Batch 4/4, Loss: 0.0649
2025-05-01 12:57:37 - INFO - Epoch 613/1000, Batch 4/4, Loss: 0.0482
2025-05-01 12:57:39 - INFO - Epoch 614/1000, Batch 4/4, Loss: 0.0696
2025-05-01 12:57:42 - INFO - Epoch 615/1000, Batch 4/4, Loss: 0.0626
2025-05-01 12:57:44 - INFO - Epoch 616/1000, Batch 4/4, Loss: 0.0506
2025-05-01 12:57:47 - INFO - Epoch 617/1000, Batch 4/4, Loss: 0.0476
2025-05-01 12:57:49 - INFO - Epoch 618/1000, Batch 4/4, Loss: 0.0521
2025-05-01 12:57:51 - INFO - Epoch 619/1000, Batch 4/4, Loss: 0.0551
2025-05-01 12:57:54 - INFO - Epoch 620/1000, Batch 4/4, Loss: 0.0451
2025-05-01 12:57:54 - INFO - Saved checkpoint at epoch 620 at ./result/SAM3D_VNet_SSL/LA_16_Supervised/Pth/model_epoch_620_checkpoint.pth
2025-05-01 12:57:57 - INFO - Epoch 621/1000, Batch 4/4, Loss: 0.0339
2025-05-01 12:57:59 - INFO - Epoch 622/1000, Batch 4/4, Loss: 0.0622
2025-05-01 12:58:02 - INFO - Epoch 623/1000, Batch 4/4, Loss: 0.0568
2025-05-01 12:58:04 - INFO - Epoch 624/1000, Batch 4/4, Loss: 0.0453
2025-05-01 12:58:07 - INFO - Epoch 625/1000, Batch 4/4, Loss: 0.0472
2025-05-01 12:58:09 - INFO - Epoch 626/1000, Batch 4/4, Loss: 0.0516
2025-05-01 12:58:12 - INFO - Epoch 627/1000, Batch 4/4, Loss: 0.0488
2025-05-01 12:58:14 - INFO - Epoch 628/1000, Batch 4/4, Loss: 0.0522
2025-05-01 12:58:17 - INFO - Epoch 629/1000, Batch 4/4, Loss: 0.0446
2025-05-01 12:58:19 - INFO - Epoch 630/1000, Batch 4/4, Loss: 0.0560
2025-05-01 12:58:22 - INFO - Epoch 631/1000, Batch 4/4, Loss: 0.0484
2025-05-01 12:58:24 - INFO - Epoch 632/1000, Batch 4/4, Loss: 0.0695
2025-05-01 12:58:27 - INFO - Epoch 633/1000, Batch 4/4, Loss: 0.0583
2025-05-01 12:58:29 - INFO - Epoch 634/1000, Batch 4/4, Loss: 0.0761
2025-05-01 12:58:32 - INFO - Epoch 635/1000, Batch 4/4, Loss: 0.0340
2025-05-01 12:58:34 - INFO - Epoch 636/1000, Batch 4/4, Loss: 0.0450
2025-05-01 12:58:37 - INFO - Epoch 637/1000, Batch 4/4, Loss: 0.0508
2025-05-01 12:58:39 - INFO - Epoch 638/1000, Batch 4/4, Loss: 0.0456
2025-05-01 12:58:42 - INFO - Epoch 639/1000, Batch 4/4, Loss: 0.0672
2025-05-01 12:58:44 - INFO - Epoch 640/1000, Batch 4/4, Loss: 0.0516
2025-05-01 12:58:44 - INFO - Saved checkpoint at epoch 640 at ./result/SAM3D_VNet_SSL/LA_16_Supervised/Pth/model_epoch_640_checkpoint.pth
2025-05-01 12:58:47 - INFO - Epoch 641/1000, Batch 4/4, Loss: 0.0372
2025-05-01 12:58:49 - INFO - Epoch 642/1000, Batch 4/4, Loss: 0.0568
2025-05-01 12:58:52 - INFO - Epoch 643/1000, Batch 4/4, Loss: 0.0778
2025-05-01 12:58:54 - INFO - Epoch 644/1000, Batch 4/4, Loss: 0.0412
2025-05-01 12:58:57 - INFO - Epoch 645/1000, Batch 4/4, Loss: 0.0502
2025-05-01 12:58:59 - INFO - Epoch 646/1000, Batch 4/4, Loss: 0.0458
2025-05-01 12:59:02 - INFO - Epoch 647/1000, Batch 4/4, Loss: 0.0432
2025-05-01 12:59:04 - INFO - Epoch 648/1000, Batch 4/4, Loss: 0.0530
2025-05-01 12:59:07 - INFO - Epoch 649/1000, Batch 4/4, Loss: 0.0448
2025-05-01 12:59:09 - INFO - Epoch 650/1000, Batch 4/4, Loss: 0.0389
2025-05-01 12:59:12 - INFO - Epoch 651/1000, Batch 4/4, Loss: 0.0603
2025-05-01 12:59:14 - INFO - Epoch 652/1000, Batch 4/4, Loss: 0.0571
2025-05-01 12:59:17 - INFO - Epoch 653/1000, Batch 4/4, Loss: 0.0448
2025-05-01 12:59:19 - INFO - Epoch 654/1000, Batch 4/4, Loss: 0.0458
2025-05-01 12:59:22 - INFO - Epoch 655/1000, Batch 4/4, Loss: 0.0376
2025-05-01 12:59:24 - INFO - Epoch 656/1000, Batch 4/4, Loss: 0.0543
2025-05-01 12:59:27 - INFO - Epoch 657/1000, Batch 4/4, Loss: 0.0607
2025-05-01 12:59:29 - INFO - Epoch 658/1000, Batch 4/4, Loss: 0.0425
2025-05-01 12:59:31 - INFO - Epoch 659/1000, Batch 4/4, Loss: 0.0505
2025-05-01 12:59:34 - INFO - Epoch 660/1000, Batch 4/4, Loss: 0.0445
2025-05-01 12:59:34 - INFO - Saved checkpoint at epoch 660 at ./result/SAM3D_VNet_SSL/LA_16_Supervised/Pth/model_epoch_660_checkpoint.pth
2025-05-01 12:59:37 - INFO - Epoch 661/1000, Batch 4/4, Loss: 0.0436
2025-05-01 12:59:39 - INFO - Epoch 662/1000, Batch 4/4, Loss: 0.0557
2025-05-01 12:59:42 - INFO - Epoch 663/1000, Batch 4/4, Loss: 0.0521
2025-05-01 12:59:44 - INFO - Epoch 664/1000, Batch 4/4, Loss: 0.0476
2025-05-01 12:59:47 - INFO - Epoch 665/1000, Batch 4/4, Loss: 0.0450
2025-05-01 12:59:49 - INFO - Epoch 666/1000, Batch 4/4, Loss: 0.0459
2025-05-01 12:59:52 - INFO - Epoch 667/1000, Batch 4/4, Loss: 0.0482
2025-05-01 12:59:54 - INFO - Epoch 668/1000, Batch 4/4, Loss: 0.0472
2025-05-01 12:59:56 - INFO - Epoch 669/1000, Batch 4/4, Loss: 0.0483
2025-05-01 12:59:59 - INFO - Epoch 670/1000, Batch 4/4, Loss: 0.0590
2025-05-01 13:00:01 - INFO - Epoch 671/1000, Batch 4/4, Loss: 0.0451
2025-05-01 13:00:04 - INFO - Epoch 672/1000, Batch 4/4, Loss: 0.0644
2025-05-01 13:00:06 - INFO - Epoch 673/1000, Batch 4/4, Loss: 0.0738
2025-05-01 13:00:09 - INFO - Epoch 674/1000, Batch 4/4, Loss: 0.0856
2025-05-01 13:00:11 - INFO - Epoch 675/1000, Batch 4/4, Loss: 0.0542
2025-05-01 13:00:14 - INFO - Epoch 676/1000, Batch 4/4, Loss: 0.0585
2025-05-01 13:00:16 - INFO - Epoch 677/1000, Batch 4/4, Loss: 0.0719
2025-05-01 13:00:19 - INFO - Epoch 678/1000, Batch 4/4, Loss: 0.0503
2025-05-01 13:00:21 - INFO - Epoch 679/1000, Batch 4/4, Loss: 0.0433
2025-05-01 13:00:24 - INFO - Epoch 680/1000, Batch 4/4, Loss: 0.0360
2025-05-01 13:00:24 - INFO - Saved checkpoint at epoch 680 at ./result/SAM3D_VNet_SSL/LA_16_Supervised/Pth/model_epoch_680_checkpoint.pth
2025-05-01 13:00:26 - INFO - Epoch 681/1000, Batch 4/4, Loss: 0.0463
2025-05-01 13:00:29 - INFO - Epoch 682/1000, Batch 4/4, Loss: 0.0658
2025-05-01 13:00:31 - INFO - Epoch 683/1000, Batch 4/4, Loss: 0.0588
2025-05-01 13:00:34 - INFO - Epoch 684/1000, Batch 4/4, Loss: 0.0506
2025-05-01 13:00:36 - INFO - Epoch 685/1000, Batch 4/4, Loss: 0.0436
2025-05-01 13:00:39 - INFO - Epoch 686/1000, Batch 4/4, Loss: 0.0402
2025-05-01 13:00:41 - INFO - Epoch 687/1000, Batch 4/4, Loss: 0.0535
2025-05-01 13:00:44 - INFO - Epoch 688/1000, Batch 4/4, Loss: 0.0578
2025-05-01 13:00:46 - INFO - Epoch 689/1000, Batch 4/4, Loss: 0.0441
2025-05-01 13:00:49 - INFO - Epoch 690/1000, Batch 4/4, Loss: 0.0416
2025-05-01 13:00:51 - INFO - Epoch 691/1000, Batch 4/4, Loss: 0.0567
2025-05-01 13:00:54 - INFO - Epoch 692/1000, Batch 4/4, Loss: 0.0391
2025-05-01 13:00:56 - INFO - Epoch 693/1000, Batch 4/4, Loss: 0.0438
2025-05-01 13:00:59 - INFO - Epoch 694/1000, Batch 4/4, Loss: 0.0336
2025-05-01 13:01:01 - INFO - Epoch 695/1000, Batch 4/4, Loss: 0.0551
2025-05-01 13:01:04 - INFO - Epoch 696/1000, Batch 4/4, Loss: 0.0501
2025-05-01 13:01:06 - INFO - Epoch 697/1000, Batch 4/4, Loss: 0.0412
2025-05-01 13:01:08 - INFO - Epoch 698/1000, Batch 4/4, Loss: 0.0447
2025-05-01 13:01:11 - INFO - Epoch 699/1000, Batch 4/4, Loss: 0.0557
2025-05-01 13:01:13 - INFO - Epoch 700/1000, Batch 4/4, Loss: 0.0491
2025-05-01 13:01:14 - INFO - Saved checkpoint at epoch 700 at ./result/SAM3D_VNet_SSL/LA_16_Supervised/Pth/model_epoch_700_checkpoint.pth
2025-05-01 13:01:16 - INFO - Epoch 701/1000, Batch 4/4, Loss: 0.0542
2025-05-01 13:01:19 - INFO - Epoch 702/1000, Batch 4/4, Loss: 0.0618
2025-05-01 13:01:21 - INFO - Epoch 703/1000, Batch 4/4, Loss: 0.0467
2025-05-01 13:01:24 - INFO - Epoch 704/1000, Batch 4/4, Loss: 0.0554
2025-05-01 13:01:26 - INFO - Epoch 705/1000, Batch 4/4, Loss: 0.0415
2025-05-01 13:01:29 - INFO - Epoch 706/1000, Batch 4/4, Loss: 0.0497
2025-05-01 13:01:31 - INFO - Epoch 707/1000, Batch 4/4, Loss: 0.0449
2025-05-01 13:01:34 - INFO - Epoch 708/1000, Batch 4/4, Loss: 0.0495
2025-05-01 13:01:36 - INFO - Epoch 709/1000, Batch 4/4, Loss: 0.0381
2025-05-01 13:01:39 - INFO - Epoch 710/1000, Batch 4/4, Loss: 0.0611
2025-05-01 13:01:41 - INFO - Epoch 711/1000, Batch 4/4, Loss: 0.0430
2025-05-01 13:01:44 - INFO - Epoch 712/1000, Batch 4/4, Loss: 0.0415
2025-05-01 13:01:46 - INFO - Epoch 713/1000, Batch 4/4, Loss: 0.0470
2025-05-01 13:01:49 - INFO - Epoch 714/1000, Batch 4/4, Loss: 0.0435
2025-05-01 13:01:51 - INFO - Epoch 715/1000, Batch 4/4, Loss: 0.0474
2025-05-01 13:01:54 - INFO - Epoch 716/1000, Batch 4/4, Loss: 0.0413
2025-05-01 13:01:56 - INFO - Epoch 717/1000, Batch 4/4, Loss: 0.0310
2025-05-01 13:01:58 - INFO - Epoch 718/1000, Batch 4/4, Loss: 0.0398
2025-05-01 13:02:01 - INFO - Epoch 719/1000, Batch 4/4, Loss: 0.0425
2025-05-01 13:02:03 - INFO - Epoch 720/1000, Batch 4/4, Loss: 0.0430
2025-05-01 13:02:04 - INFO - Saved checkpoint at epoch 720 at ./result/SAM3D_VNet_SSL/LA_16_Supervised/Pth/model_epoch_720_checkpoint.pth
2025-05-01 13:02:06 - INFO - Epoch 721/1000, Batch 4/4, Loss: 0.0284
2025-05-01 13:02:09 - INFO - Epoch 722/1000, Batch 4/4, Loss: 0.0426
2025-05-01 13:02:11 - INFO - Epoch 723/1000, Batch 4/4, Loss: 0.0494
2025-05-01 13:02:14 - INFO - Epoch 724/1000, Batch 4/4, Loss: 0.0457
2025-05-01 13:02:16 - INFO - Epoch 725/1000, Batch 4/4, Loss: 0.0553
2025-05-01 13:02:19 - INFO - Epoch 726/1000, Batch 4/4, Loss: 0.0442
2025-05-01 13:02:21 - INFO - Epoch 727/1000, Batch 4/4, Loss: 0.0370
2025-05-01 13:02:24 - INFO - Epoch 728/1000, Batch 4/4, Loss: 0.0522
2025-05-01 13:02:26 - INFO - Epoch 729/1000, Batch 4/4, Loss: 0.0356
2025-05-01 13:02:29 - INFO - Epoch 730/1000, Batch 4/4, Loss: 0.0395
2025-05-01 13:02:31 - INFO - Epoch 731/1000, Batch 4/4, Loss: 0.0426
2025-05-01 13:02:34 - INFO - Epoch 732/1000, Batch 4/4, Loss: 0.0407
2025-05-01 13:02:36 - INFO - Epoch 733/1000, Batch 4/4, Loss: 0.0301
2025-05-01 13:02:39 - INFO - Epoch 734/1000, Batch 4/4, Loss: 0.0425
2025-05-01 13:02:41 - INFO - Epoch 735/1000, Batch 4/4, Loss: 0.0579
2025-05-01 13:02:44 - INFO - Epoch 736/1000, Batch 4/4, Loss: 0.0502
2025-05-01 13:02:46 - INFO - Epoch 737/1000, Batch 4/4, Loss: 0.0490
2025-05-01 13:02:49 - INFO - Epoch 738/1000, Batch 4/4, Loss: 0.0418
2025-05-01 13:02:51 - INFO - Epoch 739/1000, Batch 4/4, Loss: 0.0422
2025-05-01 13:02:53 - INFO - Epoch 740/1000, Batch 4/4, Loss: 0.0522
2025-05-01 13:02:54 - INFO - Saved checkpoint at epoch 740 at ./result/SAM3D_VNet_SSL/LA_16_Supervised/Pth/model_epoch_740_checkpoint.pth
2025-05-01 13:02:56 - INFO - Epoch 741/1000, Batch 4/4, Loss: 0.0521
2025-05-01 13:02:59 - INFO - Epoch 742/1000, Batch 4/4, Loss: 0.0500
2025-05-01 13:03:01 - INFO - Epoch 743/1000, Batch 4/4, Loss: 0.0392
2025-05-01 13:03:04 - INFO - Epoch 744/1000, Batch 4/4, Loss: 0.0377
2025-05-01 13:03:06 - INFO - Epoch 745/1000, Batch 4/4, Loss: 0.0526
2025-05-01 13:03:09 - INFO - Epoch 746/1000, Batch 4/4, Loss: 0.0310
2025-05-01 13:03:11 - INFO - Epoch 747/1000, Batch 4/4, Loss: 0.0429
2025-05-01 13:03:14 - INFO - Epoch 748/1000, Batch 4/4, Loss: 0.0454
2025-05-01 13:03:16 - INFO - Epoch 749/1000, Batch 4/4, Loss: 0.0503
2025-05-01 13:03:19 - INFO - Epoch 750/1000, Batch 4/4, Loss: 0.0346
2025-05-01 13:03:21 - INFO - Epoch 751/1000, Batch 4/4, Loss: 0.0472
2025-05-01 13:03:24 - INFO - Epoch 752/1000, Batch 4/4, Loss: 0.0403
2025-05-01 13:03:26 - INFO - Epoch 753/1000, Batch 4/4, Loss: 0.0411
2025-05-01 13:03:29 - INFO - Epoch 754/1000, Batch 4/4, Loss: 0.0442
2025-05-01 13:03:31 - INFO - Epoch 755/1000, Batch 4/4, Loss: 0.0455
2025-05-01 13:03:34 - INFO - Epoch 756/1000, Batch 4/4, Loss: 0.0371
2025-05-01 13:03:36 - INFO - Epoch 757/1000, Batch 4/4, Loss: 0.0354
2025-05-01 13:03:39 - INFO - Epoch 758/1000, Batch 4/4, Loss: 0.0499
2025-05-01 13:03:41 - INFO - Epoch 759/1000, Batch 4/4, Loss: 0.0546
2025-05-01 13:03:43 - INFO - Epoch 760/1000, Batch 4/4, Loss: 0.0386
2025-05-01 13:03:44 - INFO - Saved checkpoint at epoch 760 at ./result/SAM3D_VNet_SSL/LA_16_Supervised/Pth/model_epoch_760_checkpoint.pth
2025-05-01 13:03:46 - INFO - Epoch 761/1000, Batch 4/4, Loss: 0.0377
2025-05-01 13:03:49 - INFO - Epoch 762/1000, Batch 4/4, Loss: 0.0416
2025-05-01 13:03:51 - INFO - Epoch 763/1000, Batch 4/4, Loss: 0.0491
2025-05-01 13:03:54 - INFO - Epoch 764/1000, Batch 4/4, Loss: 0.0318
2025-05-01 13:03:56 - INFO - Epoch 765/1000, Batch 4/4, Loss: 0.0422
2025-05-01 13:03:59 - INFO - Epoch 766/1000, Batch 4/4, Loss: 0.0450
2025-05-01 13:04:01 - INFO - Epoch 767/1000, Batch 4/4, Loss: 0.0571
2025-05-01 13:04:04 - INFO - Epoch 768/1000, Batch 4/4, Loss: 0.0295
2025-05-01 13:04:06 - INFO - Epoch 769/1000, Batch 4/4, Loss: 0.0397
2025-05-01 13:04:09 - INFO - Epoch 770/1000, Batch 4/4, Loss: 0.0501
2025-05-01 13:04:11 - INFO - Epoch 771/1000, Batch 4/4, Loss: 0.0425
2025-05-01 13:04:14 - INFO - Epoch 772/1000, Batch 4/4, Loss: 0.0404
2025-05-01 13:04:16 - INFO - Epoch 773/1000, Batch 4/4, Loss: 0.0363
2025-05-01 13:04:19 - INFO - Epoch 774/1000, Batch 4/4, Loss: 0.0428
2025-05-01 13:04:21 - INFO - Epoch 775/1000, Batch 4/4, Loss: 0.0420
2025-05-01 13:04:24 - INFO - Epoch 776/1000, Batch 4/4, Loss: 0.0486
2025-05-01 13:04:26 - INFO - Epoch 777/1000, Batch 4/4, Loss: 0.0383
2025-05-01 13:04:28 - INFO - Epoch 778/1000, Batch 4/4, Loss: 0.0523
2025-05-01 13:04:31 - INFO - Epoch 779/1000, Batch 4/4, Loss: 0.0488
2025-05-01 13:04:33 - INFO - Epoch 780/1000, Batch 4/4, Loss: 0.0509
2025-05-01 13:04:34 - INFO - Saved checkpoint at epoch 780 at ./result/SAM3D_VNet_SSL/LA_16_Supervised/Pth/model_epoch_780_checkpoint.pth
2025-05-01 13:04:36 - INFO - Epoch 781/1000, Batch 4/4, Loss: 0.0311
2025-05-01 13:04:39 - INFO - Epoch 782/1000, Batch 4/4, Loss: 0.0521
2025-05-01 13:04:41 - INFO - Epoch 783/1000, Batch 4/4, Loss: 0.0454
2025-05-01 13:04:44 - INFO - Epoch 784/1000, Batch 4/4, Loss: 0.0432
2025-05-01 13:04:46 - INFO - Epoch 785/1000, Batch 4/4, Loss: 0.0478
2025-05-01 13:04:49 - INFO - Epoch 786/1000, Batch 4/4, Loss: 0.0389
2025-05-01 13:04:51 - INFO - Epoch 787/1000, Batch 4/4, Loss: 0.0359
2025-05-01 13:04:54 - INFO - Epoch 788/1000, Batch 4/4, Loss: 0.0444
2025-05-01 13:04:56 - INFO - Epoch 789/1000, Batch 4/4, Loss: 0.0572
2025-05-01 13:04:59 - INFO - Epoch 790/1000, Batch 4/4, Loss: 0.0350
2025-05-01 13:05:01 - INFO - Epoch 791/1000, Batch 4/4, Loss: 0.0344
2025-05-01 13:05:03 - INFO - Epoch 792/1000, Batch 4/4, Loss: 0.0313
2025-05-01 13:05:06 - INFO - Epoch 793/1000, Batch 4/4, Loss: 0.0589
2025-05-01 13:05:08 - INFO - Epoch 794/1000, Batch 4/4, Loss: 0.0428
2025-05-01 13:05:11 - INFO - Epoch 795/1000, Batch 4/4, Loss: 0.0478
2025-05-01 13:05:13 - INFO - Epoch 796/1000, Batch 4/4, Loss: 0.0457
2025-05-01 13:05:16 - INFO - Epoch 797/1000, Batch 4/4, Loss: 0.0505
2025-05-01 13:05:18 - INFO - Epoch 798/1000, Batch 4/4, Loss: 0.0426
2025-05-01 13:05:21 - INFO - Epoch 799/1000, Batch 4/4, Loss: 0.0563
2025-05-01 13:05:23 - INFO - Epoch 800/1000, Batch 4/4, Loss: 0.0444
2025-05-01 13:05:24 - INFO - Saved checkpoint at epoch 800 at ./result/SAM3D_VNet_SSL/LA_16_Supervised/Pth/model_epoch_800_checkpoint.pth
2025-05-01 13:05:26 - INFO - Epoch 801/1000, Batch 4/4, Loss: 0.0482
2025-05-01 13:05:29 - INFO - Epoch 802/1000, Batch 4/4, Loss: 0.0495
2025-05-01 13:05:31 - INFO - Epoch 803/1000, Batch 4/4, Loss: 0.0623
2025-05-01 13:05:34 - INFO - Epoch 804/1000, Batch 4/4, Loss: 0.0580
2025-05-01 13:05:36 - INFO - Epoch 805/1000, Batch 4/4, Loss: 0.0354
2025-05-01 13:05:39 - INFO - Epoch 806/1000, Batch 4/4, Loss: 0.0524
2025-05-01 13:05:41 - INFO - Epoch 807/1000, Batch 4/4, Loss: 0.0334
2025-05-01 13:05:43 - INFO - Epoch 808/1000, Batch 4/4, Loss: 0.0455
2025-05-01 13:05:46 - INFO - Epoch 809/1000, Batch 4/4, Loss: 0.0379
2025-05-01 13:05:48 - INFO - Epoch 810/1000, Batch 4/4, Loss: 0.0614
2025-05-01 13:05:51 - INFO - Epoch 811/1000, Batch 4/4, Loss: 0.0262
2025-05-01 13:05:53 - INFO - Epoch 812/1000, Batch 4/4, Loss: 0.0436
2025-05-01 13:05:56 - INFO - Epoch 813/1000, Batch 4/4, Loss: 0.0334
2025-05-01 13:05:58 - INFO - Epoch 814/1000, Batch 4/4, Loss: 0.0375
2025-05-01 13:06:01 - INFO - Epoch 815/1000, Batch 4/4, Loss: 0.0362
2025-05-01 13:06:03 - INFO - Epoch 816/1000, Batch 4/4, Loss: 0.0421
2025-05-01 13:06:06 - INFO - Epoch 817/1000, Batch 4/4, Loss: 0.0321
2025-05-01 13:06:08 - INFO - Epoch 818/1000, Batch 4/4, Loss: 0.0508
2025-05-01 13:06:11 - INFO - Epoch 819/1000, Batch 4/4, Loss: 0.0371
2025-05-01 13:06:13 - INFO - Epoch 820/1000, Batch 4/4, Loss: 0.0489
2025-05-01 13:06:14 - INFO - Saved checkpoint at epoch 820 at ./result/SAM3D_VNet_SSL/LA_16_Supervised/Pth/model_epoch_820_checkpoint.pth
2025-05-01 13:06:16 - INFO - Epoch 821/1000, Batch 4/4, Loss: 0.0454
2025-05-01 13:06:19 - INFO - Epoch 822/1000, Batch 4/4, Loss: 0.0396
2025-05-01 13:06:21 - INFO - Epoch 823/1000, Batch 4/4, Loss: 0.0360
2025-05-01 13:06:23 - INFO - Epoch 824/1000, Batch 4/4, Loss: 0.0464
2025-05-01 13:06:26 - INFO - Epoch 825/1000, Batch 4/4, Loss: 0.0417
2025-05-01 13:06:28 - INFO - Epoch 826/1000, Batch 4/4, Loss: 0.0548
2025-05-01 13:06:31 - INFO - Epoch 827/1000, Batch 4/4, Loss: 0.0373
2025-05-01 13:06:33 - INFO - Epoch 828/1000, Batch 4/4, Loss: 0.0501
2025-05-01 13:06:36 - INFO - Epoch 829/1000, Batch 4/4, Loss: 0.0309
2025-05-01 13:06:38 - INFO - Epoch 830/1000, Batch 4/4, Loss: 0.0437
2025-05-01 13:06:41 - INFO - Epoch 831/1000, Batch 4/4, Loss: 0.0360
2025-05-01 13:06:43 - INFO - Epoch 832/1000, Batch 4/4, Loss: 0.0555
2025-05-01 13:06:46 - INFO - Epoch 833/1000, Batch 4/4, Loss: 0.0449
2025-05-01 13:06:48 - INFO - Epoch 834/1000, Batch 4/4, Loss: 0.0363
2025-05-01 13:06:51 - INFO - Epoch 835/1000, Batch 4/4, Loss: 0.0421
2025-05-01 13:06:53 - INFO - Epoch 836/1000, Batch 4/4, Loss: 0.0423
2025-05-01 13:06:55 - INFO - Epoch 837/1000, Batch 4/4, Loss: 0.0476
2025-05-01 13:06:58 - INFO - Epoch 838/1000, Batch 4/4, Loss: 0.0564
2025-05-01 13:07:00 - INFO - Epoch 839/1000, Batch 4/4, Loss: 0.0520
2025-05-01 13:07:03 - INFO - Epoch 840/1000, Batch 4/4, Loss: 0.0569
2025-05-01 13:07:03 - INFO - Saved checkpoint at epoch 840 at ./result/SAM3D_VNet_SSL/LA_16_Supervised/Pth/model_epoch_840_checkpoint.pth
2025-05-01 13:07:06 - INFO - Epoch 841/1000, Batch 4/4, Loss: 0.0506
2025-05-01 13:07:08 - INFO - Epoch 842/1000, Batch 4/4, Loss: 0.0326
2025-05-01 13:07:11 - INFO - Epoch 843/1000, Batch 4/4, Loss: 0.0382
2025-05-01 13:07:13 - INFO - Epoch 844/1000, Batch 4/4, Loss: 0.0499
2025-05-01 13:07:16 - INFO - Epoch 845/1000, Batch 4/4, Loss: 0.0599
2025-05-01 13:07:18 - INFO - Epoch 846/1000, Batch 4/4, Loss: 0.0338
2025-05-01 13:07:21 - INFO - Epoch 847/1000, Batch 4/4, Loss: 0.0411
2025-05-01 13:07:23 - INFO - Epoch 848/1000, Batch 4/4, Loss: 0.0330
2025-05-01 13:07:26 - INFO - Epoch 849/1000, Batch 4/4, Loss: 0.0383
2025-05-01 13:07:28 - INFO - Epoch 850/1000, Batch 4/4, Loss: 0.0459
2025-05-01 13:07:30 - INFO - Epoch 851/1000, Batch 4/4, Loss: 0.0503
2025-05-01 13:07:33 - INFO - Epoch 852/1000, Batch 4/4, Loss: 0.0453
2025-05-01 13:07:35 - INFO - Epoch 853/1000, Batch 4/4, Loss: 0.0341
2025-05-01 13:07:38 - INFO - Epoch 854/1000, Batch 4/4, Loss: 0.0542
2025-05-01 13:07:40 - INFO - Epoch 855/1000, Batch 4/4, Loss: 0.0332
2025-05-01 13:07:43 - INFO - Epoch 856/1000, Batch 4/4, Loss: 0.0579
2025-05-01 13:07:45 - INFO - Epoch 857/1000, Batch 4/4, Loss: 0.0434
2025-05-01 13:07:48 - INFO - Epoch 858/1000, Batch 4/4, Loss: 0.0401
2025-05-01 13:07:50 - INFO - Epoch 859/1000, Batch 4/4, Loss: 0.0409
2025-05-01 13:07:53 - INFO - Epoch 860/1000, Batch 4/4, Loss: 0.0281
2025-05-01 13:07:53 - INFO - Saved checkpoint at epoch 860 at ./result/SAM3D_VNet_SSL/LA_16_Supervised/Pth/model_epoch_860_checkpoint.pth
2025-05-01 13:07:56 - INFO - Epoch 861/1000, Batch 4/4, Loss: 0.0461
2025-05-01 13:07:58 - INFO - Epoch 862/1000, Batch 4/4, Loss: 0.0406
2025-05-01 13:08:00 - INFO - Epoch 863/1000, Batch 4/4, Loss: 0.0463
2025-05-01 13:08:03 - INFO - Epoch 864/1000, Batch 4/4, Loss: 0.0470
2025-05-01 13:08:05 - INFO - Epoch 865/1000, Batch 4/4, Loss: 0.0639
2025-05-01 13:08:08 - INFO - Epoch 866/1000, Batch 4/4, Loss: 0.0314
2025-05-01 13:08:10 - INFO - Epoch 867/1000, Batch 4/4, Loss: 0.0383
2025-05-01 13:08:13 - INFO - Epoch 868/1000, Batch 4/4, Loss: 0.0403
2025-05-01 13:08:15 - INFO - Epoch 869/1000, Batch 4/4, Loss: 0.0267
2025-05-01 13:08:18 - INFO - Epoch 870/1000, Batch 4/4, Loss: 0.0376
2025-05-01 13:08:20 - INFO - Epoch 871/1000, Batch 4/4, Loss: 0.0425
2025-05-01 13:08:23 - INFO - Epoch 872/1000, Batch 4/4, Loss: 0.0376
2025-05-01 13:08:25 - INFO - Epoch 873/1000, Batch 4/4, Loss: 0.0358
2025-05-01 13:08:28 - INFO - Epoch 874/1000, Batch 4/4, Loss: 0.0446
2025-05-01 13:08:30 - INFO - Epoch 875/1000, Batch 4/4, Loss: 0.0354
2025-05-01 13:08:33 - INFO - Epoch 876/1000, Batch 4/4, Loss: 0.0372
2025-05-01 13:08:35 - INFO - Epoch 877/1000, Batch 4/4, Loss: 0.0424
2025-05-01 13:08:37 - INFO - Epoch 878/1000, Batch 4/4, Loss: 0.0397
2025-05-01 13:08:40 - INFO - Epoch 879/1000, Batch 4/4, Loss: 0.0433
2025-05-01 13:08:42 - INFO - Epoch 880/1000, Batch 4/4, Loss: 0.0381
2025-05-01 13:08:43 - INFO - Saved checkpoint at epoch 880 at ./result/SAM3D_VNet_SSL/LA_16_Supervised/Pth/model_epoch_880_checkpoint.pth
2025-05-01 13:08:45 - INFO - Epoch 881/1000, Batch 4/4, Loss: 0.0402
2025-05-01 13:08:48 - INFO - Epoch 882/1000, Batch 4/4, Loss: 0.0363
2025-05-01 13:08:50 - INFO - Epoch 883/1000, Batch 4/4, Loss: 0.0400
2025-05-01 13:08:53 - INFO - Epoch 884/1000, Batch 4/4, Loss: 0.0271
2025-05-01 13:08:55 - INFO - Epoch 885/1000, Batch 4/4, Loss: 0.0398
2025-05-01 13:08:58 - INFO - Epoch 886/1000, Batch 4/4, Loss: 0.0488
2025-05-01 13:09:00 - INFO - Epoch 887/1000, Batch 4/4, Loss: 0.0287
2025-05-01 13:09:03 - INFO - Epoch 888/1000, Batch 4/4, Loss: 0.0414
2025-05-01 13:09:05 - INFO - Epoch 889/1000, Batch 4/4, Loss: 0.0407
2025-05-01 13:09:08 - INFO - Epoch 890/1000, Batch 4/4, Loss: 0.0353
2025-05-01 13:09:10 - INFO - Epoch 891/1000, Batch 4/4, Loss: 0.0387
2025-05-01 13:09:13 - INFO - Epoch 892/1000, Batch 4/4, Loss: 0.0476
2025-05-01 13:09:15 - INFO - Epoch 893/1000, Batch 4/4, Loss: 0.0399
2025-05-01 13:09:17 - INFO - Epoch 894/1000, Batch 4/4, Loss: 0.0389
2025-05-01 13:09:20 - INFO - Epoch 895/1000, Batch 4/4, Loss: 0.0421
2025-05-01 13:09:22 - INFO - Epoch 896/1000, Batch 4/4, Loss: 0.0371
2025-05-01 13:09:25 - INFO - Epoch 897/1000, Batch 4/4, Loss: 0.0439
2025-05-01 13:09:27 - INFO - Epoch 898/1000, Batch 4/4, Loss: 0.0477
2025-05-01 13:09:30 - INFO - Epoch 899/1000, Batch 4/4, Loss: 0.0484
2025-05-01 13:09:32 - INFO - Epoch 900/1000, Batch 4/4, Loss: 0.0331
2025-05-01 13:09:33 - INFO - Saved checkpoint at epoch 900 at ./result/SAM3D_VNet_SSL/LA_16_Supervised/Pth/model_epoch_900_checkpoint.pth
2025-05-01 13:09:35 - INFO - Epoch 901/1000, Batch 4/4, Loss: 0.0384
2025-05-01 13:09:38 - INFO - Epoch 902/1000, Batch 4/4, Loss: 0.0345
2025-05-01 13:09:40 - INFO - Epoch 903/1000, Batch 4/4, Loss: 0.0481
2025-05-01 13:09:43 - INFO - Epoch 904/1000, Batch 4/4, Loss: 0.0402
2025-05-01 13:09:45 - INFO - Epoch 905/1000, Batch 4/4, Loss: 0.0567
2025-05-01 13:09:48 - INFO - Epoch 906/1000, Batch 4/4, Loss: 0.0431
2025-05-01 13:09:50 - INFO - Epoch 907/1000, Batch 4/4, Loss: 0.0449
2025-05-01 13:09:53 - INFO - Epoch 908/1000, Batch 4/4, Loss: 0.0344
2025-05-01 13:09:55 - INFO - Epoch 909/1000, Batch 4/4, Loss: 0.0434
2025-05-01 13:09:58 - INFO - Epoch 910/1000, Batch 4/4, Loss: 0.0421
2025-05-01 13:10:00 - INFO - Epoch 911/1000, Batch 4/4, Loss: 0.0356
2025-05-01 13:10:03 - INFO - Epoch 912/1000, Batch 4/4, Loss: 0.0434
2025-05-01 13:10:05 - INFO - Epoch 913/1000, Batch 4/4, Loss: 0.0581
2025-05-01 13:10:07 - INFO - Epoch 914/1000, Batch 4/4, Loss: 0.0332
2025-05-01 13:10:10 - INFO - Epoch 915/1000, Batch 4/4, Loss: 0.0371
2025-05-01 13:10:12 - INFO - Epoch 916/1000, Batch 4/4, Loss: 0.0389
2025-05-01 13:10:15 - INFO - Epoch 917/1000, Batch 4/4, Loss: 0.0324
2025-05-01 13:10:17 - INFO - Epoch 918/1000, Batch 4/4, Loss: 0.0501
2025-05-01 13:10:20 - INFO - Epoch 919/1000, Batch 4/4, Loss: 0.0299
2025-05-01 13:10:22 - INFO - Epoch 920/1000, Batch 4/4, Loss: 0.0388
2025-05-01 13:10:23 - INFO - Saved checkpoint at epoch 920 at ./result/SAM3D_VNet_SSL/LA_16_Supervised/Pth/model_epoch_920_checkpoint.pth
2025-05-01 13:10:25 - INFO - Epoch 921/1000, Batch 4/4, Loss: 0.0496
2025-05-01 13:10:28 - INFO - Epoch 922/1000, Batch 4/4, Loss: 0.0559
2025-05-01 13:10:30 - INFO - Epoch 923/1000, Batch 4/4, Loss: 0.0310
2025-05-01 13:10:33 - INFO - Epoch 924/1000, Batch 4/4, Loss: 0.0411
2025-05-01 13:10:35 - INFO - Epoch 925/1000, Batch 4/4, Loss: 0.0581
2025-05-01 13:10:38 - INFO - Epoch 926/1000, Batch 4/4, Loss: 0.0371
2025-05-01 13:10:40 - INFO - Epoch 927/1000, Batch 4/4, Loss: 0.0768
2025-05-01 13:10:43 - INFO - Epoch 928/1000, Batch 4/4, Loss: 0.0445
2025-05-01 13:10:45 - INFO - Epoch 929/1000, Batch 4/4, Loss: 0.0583
2025-05-01 13:10:48 - INFO - Epoch 930/1000, Batch 4/4, Loss: 0.0553
2025-05-01 13:10:50 - INFO - Epoch 931/1000, Batch 4/4, Loss: 0.0424
2025-05-01 13:10:53 - INFO - Epoch 932/1000, Batch 4/4, Loss: 0.0587
2025-05-01 13:10:55 - INFO - Epoch 933/1000, Batch 4/4, Loss: 0.0485
2025-05-01 13:10:57 - INFO - Epoch 934/1000, Batch 4/4, Loss: 0.0495
2025-05-01 13:11:00 - INFO - Epoch 935/1000, Batch 4/4, Loss: 0.0377
2025-05-01 13:11:03 - INFO - Epoch 936/1000, Batch 4/4, Loss: 0.0538
2025-05-01 13:11:05 - INFO - Epoch 937/1000, Batch 4/4, Loss: 0.0460
2025-05-01 13:11:07 - INFO - Epoch 938/1000, Batch 4/4, Loss: 0.0512
2025-05-01 13:11:10 - INFO - Epoch 939/1000, Batch 4/4, Loss: 0.0491
2025-05-01 13:11:12 - INFO - Epoch 940/1000, Batch 4/4, Loss: 0.0562
2025-05-01 13:11:13 - INFO - Saved checkpoint at epoch 940 at ./result/SAM3D_VNet_SSL/LA_16_Supervised/Pth/model_epoch_940_checkpoint.pth
2025-05-01 13:11:15 - INFO - Epoch 941/1000, Batch 4/4, Loss: 0.0525
2025-05-01 13:11:18 - INFO - Epoch 942/1000, Batch 4/4, Loss: 0.0500
2025-05-01 13:11:20 - INFO - Epoch 943/1000, Batch 4/4, Loss: 0.0501
2025-05-01 13:11:23 - INFO - Epoch 944/1000, Batch 4/4, Loss: 0.0491
2025-05-01 13:11:25 - INFO - Epoch 945/1000, Batch 4/4, Loss: 0.0355
2025-05-01 13:11:28 - INFO - Epoch 946/1000, Batch 4/4, Loss: 0.0347
2025-05-01 13:11:30 - INFO - Epoch 947/1000, Batch 4/4, Loss: 0.0442
2025-05-01 13:11:33 - INFO - Epoch 948/1000, Batch 4/4, Loss: 0.0415
2025-05-01 13:11:35 - INFO - Epoch 949/1000, Batch 4/4, Loss: 0.0424
2025-05-01 13:11:38 - INFO - Epoch 950/1000, Batch 4/4, Loss: 0.0368
2025-05-01 13:11:40 - INFO - Epoch 951/1000, Batch 4/4, Loss: 0.0464
2025-05-01 13:11:43 - INFO - Epoch 952/1000, Batch 4/4, Loss: 0.0325
2025-05-01 13:11:45 - INFO - Epoch 953/1000, Batch 4/4, Loss: 0.0361
2025-05-01 13:11:48 - INFO - Epoch 954/1000, Batch 4/4, Loss: 0.0446
2025-05-01 13:11:50 - INFO - Epoch 955/1000, Batch 4/4, Loss: 0.0345
2025-05-01 13:11:53 - INFO - Epoch 956/1000, Batch 4/4, Loss: 0.0280
2025-05-01 13:11:55 - INFO - Epoch 957/1000, Batch 4/4, Loss: 0.0675
2025-05-01 13:11:58 - INFO - Epoch 958/1000, Batch 4/4, Loss: 0.0315
2025-05-01 13:12:00 - INFO - Epoch 959/1000, Batch 4/4, Loss: 0.0510
2025-05-01 13:12:03 - INFO - Epoch 960/1000, Batch 4/4, Loss: 0.0432
2025-05-01 13:12:03 - INFO - Saved checkpoint at epoch 960 at ./result/SAM3D_VNet_SSL/LA_16_Supervised/Pth/model_epoch_960_checkpoint.pth
2025-05-01 13:12:05 - INFO - Epoch 961/1000, Batch 4/4, Loss: 0.0404
2025-05-01 13:12:08 - INFO - Epoch 962/1000, Batch 4/4, Loss: 0.0288
2025-05-01 13:12:10 - INFO - Epoch 963/1000, Batch 4/4, Loss: 0.0354
2025-05-01 13:12:13 - INFO - Epoch 964/1000, Batch 4/4, Loss: 0.0474
2025-05-01 13:12:15 - INFO - Epoch 965/1000, Batch 4/4, Loss: 0.0349
2025-05-01 13:12:18 - INFO - Epoch 966/1000, Batch 4/4, Loss: 0.0527
2025-05-01 13:12:20 - INFO - Epoch 967/1000, Batch 4/4, Loss: 0.0501
2025-05-01 13:12:23 - INFO - Epoch 968/1000, Batch 4/4, Loss: 0.0420
2025-05-01 13:12:25 - INFO - Epoch 969/1000, Batch 4/4, Loss: 0.0323
2025-05-01 13:12:28 - INFO - Epoch 970/1000, Batch 4/4, Loss: 0.0416
2025-05-01 13:12:30 - INFO - Epoch 971/1000, Batch 4/4, Loss: 0.0467
2025-05-01 13:12:33 - INFO - Epoch 972/1000, Batch 4/4, Loss: 0.0581
2025-05-01 13:12:35 - INFO - Epoch 973/1000, Batch 4/4, Loss: 0.0424
2025-05-01 13:12:38 - INFO - Epoch 974/1000, Batch 4/4, Loss: 0.0326
2025-05-01 13:12:40 - INFO - Epoch 975/1000, Batch 4/4, Loss: 0.0427
2025-05-01 13:12:42 - INFO - Epoch 976/1000, Batch 4/4, Loss: 0.0447
2025-05-01 13:12:45 - INFO - Epoch 977/1000, Batch 4/4, Loss: 0.0347
2025-05-01 13:12:47 - INFO - Epoch 978/1000, Batch 4/4, Loss: 0.0383
2025-05-01 13:12:50 - INFO - Epoch 979/1000, Batch 4/4, Loss: 0.0509
2025-05-01 13:12:52 - INFO - Epoch 980/1000, Batch 4/4, Loss: 0.0294
2025-05-01 13:12:53 - INFO - Saved checkpoint at epoch 980 at ./result/SAM3D_VNet_SSL/LA_16_Supervised/Pth/model_epoch_980_checkpoint.pth
2025-05-01 13:12:55 - INFO - Epoch 981/1000, Batch 4/4, Loss: 0.0435
2025-05-01 13:12:58 - INFO - Epoch 982/1000, Batch 4/4, Loss: 0.0367
2025-05-01 13:13:00 - INFO - Epoch 983/1000, Batch 4/4, Loss: 0.0258
2025-05-01 13:13:03 - INFO - Epoch 984/1000, Batch 4/4, Loss: 0.0366
2025-05-01 13:13:05 - INFO - Epoch 985/1000, Batch 4/4, Loss: 0.0243
2025-05-01 13:13:08 - INFO - Epoch 986/1000, Batch 4/4, Loss: 0.0289
2025-05-01 13:13:10 - INFO - Epoch 987/1000, Batch 4/4, Loss: 0.0462
2025-05-01 13:13:13 - INFO - Epoch 988/1000, Batch 4/4, Loss: 0.0281
2025-05-01 13:13:15 - INFO - Epoch 989/1000, Batch 4/4, Loss: 0.0346
2025-05-01 13:13:18 - INFO - Epoch 990/1000, Batch 4/4, Loss: 0.0419
2025-05-01 13:13:20 - INFO - Epoch 991/1000, Batch 4/4, Loss: 0.0271
2025-05-01 13:13:23 - INFO - Epoch 992/1000, Batch 4/4, Loss: 0.0557
2025-05-01 13:13:25 - INFO - Epoch 993/1000, Batch 4/4, Loss: 0.0466
2025-05-01 13:13:28 - INFO - Epoch 994/1000, Batch 4/4, Loss: 0.0395
2025-05-01 13:13:30 - INFO - Epoch 995/1000, Batch 4/4, Loss: 0.0354
2025-05-01 13:13:33 - INFO - Epoch 996/1000, Batch 4/4, Loss: 0.0316
2025-05-01 13:13:35 - INFO - Epoch 997/1000, Batch 4/4, Loss: 0.0340
2025-05-01 13:13:37 - INFO - Epoch 998/1000, Batch 4/4, Loss: 0.0352
2025-05-01 13:13:40 - INFO - Epoch 999/1000, Batch 4/4, Loss: 0.0360
2025-05-01 13:13:42 - INFO - Epoch 1000/1000, Batch 4/4, Loss: 0.0345
2025-05-01 13:13:43 - INFO - Saved checkpoint at epoch 1000 at ./result/SAM3D_VNet_SSL/LA_16_Supervised/Pth/model_epoch_1000_checkpoint.pth
2025-05-01 13:13:43 - INFO - Training complete!
