2025-07-09 23:09:56 - INFO - Logging is set up.
2025-07-09 23:09:56 - INFO - 训练配置参数:
{'seed': 42, 'epochs': 1000, 'batch_size': 2, 'num_classes': 16, 'learning_rate': 0.001, 'dataset_path': './datasets/Amos', 'log_path': './result/SAM3D_VNet_SSL/Amos_90_SemiSupervised_V15/Training.log', 'pth_path': './result/SAM3D_VNet_SSL/Amos_90_SemiSupervised_V15/Pth', 'tensorboard_path': './result/SAM3D_VNet_SSL/Amos_90_SemiSupervised_V15/Train', 'continue_train': False, 'multi_gpu': True, 'training_label_num': 90, 'training_unlabel_num': 90, 'label_bs': 1, 'unlabel_bs': 1, 'consistency_weight': 0.3, 'pretrained_weights': None}
2025-07-09 23:10:12 - INFO - 数据集加载完成，样本总数: 180
2025-07-09 23:10:13 - INFO - 使用 2 个GPU
2025-07-09 23:10:13 - INFO - 模型总参数: 167,640,398
2025-07-09 23:10:13 - INFO - 可训练参数: 167,640,398
2025-07-09 23:13:22 - INFO - Epoch 1/1000, Loss: 2.3769, Dice: 2.3759, MSE: 0.0034
2025-07-09 23:16:30 - INFO - Epoch 2/1000, Loss: 1.6113, Dice: 1.6057, MSE: 0.0186
2025-07-09 23:19:38 - INFO - Epoch 3/1000, Loss: 1.4017, Dice: 1.3923, MSE: 0.0316
2025-07-09 23:22:46 - INFO - Epoch 4/1000, Loss: 1.3313, Dice: 1.3208, MSE: 0.0352
2025-07-09 23:25:55 - INFO - Epoch 5/1000, Loss: 1.2950, Dice: 1.2846, MSE: 0.0345
2025-07-09 23:29:03 - INFO - Epoch 6/1000, Loss: 1.2579, Dice: 1.2475, MSE: 0.0345
2025-07-09 23:32:11 - INFO - Epoch 7/1000, Loss: 1.2225, Dice: 1.2123, MSE: 0.0341
2025-07-09 23:35:20 - INFO - Epoch 8/1000, Loss: 1.2086, Dice: 1.1989, MSE: 0.0326
2025-07-09 23:38:29 - INFO - Epoch 9/1000, Loss: 1.1725, Dice: 1.1628, MSE: 0.0323
2025-07-09 23:41:37 - INFO - Epoch 10/1000, Loss: 1.1586, Dice: 1.1493, MSE: 0.0309
2025-07-09 23:44:46 - INFO - Epoch 11/1000, Loss: 1.1370, Dice: 1.1278, MSE: 0.0306
2025-07-09 23:47:54 - INFO - Epoch 12/1000, Loss: 1.0942, Dice: 1.0851, MSE: 0.0303
2025-07-09 23:51:03 - INFO - Epoch 13/1000, Loss: 1.0823, Dice: 1.0732, MSE: 0.0305
2025-07-09 23:54:12 - INFO - Epoch 14/1000, Loss: 1.0581, Dice: 1.0492, MSE: 0.0299
2025-07-09 23:57:21 - INFO - Epoch 15/1000, Loss: 1.0093, Dice: 1.0003, MSE: 0.0298
2025-07-10 00:00:29 - INFO - Epoch 16/1000, Loss: 0.9880, Dice: 0.9791, MSE: 0.0298
2025-07-10 00:03:38 - INFO - Epoch 17/1000, Loss: 0.9689, Dice: 0.9600, MSE: 0.0295
2025-07-10 00:06:47 - INFO - Epoch 18/1000, Loss: 0.9719, Dice: 0.9631, MSE: 0.0293
2025-07-10 00:09:55 - INFO - Epoch 19/1000, Loss: 0.9296, Dice: 0.9208, MSE: 0.0295
2025-07-10 00:13:04 - INFO - Epoch 20/1000, Loss: 0.9099, Dice: 0.9010, MSE: 0.0297
2025-07-10 00:13:06 - INFO - 模型已保存至: epoch_20.pth
2025-07-10 00:16:15 - INFO - Epoch 21/1000, Loss: 0.8852, Dice: 0.8764, MSE: 0.0292
2025-07-10 00:19:23 - INFO - Epoch 22/1000, Loss: 0.8588, Dice: 0.8500, MSE: 0.0296
2025-07-10 00:22:32 - INFO - Epoch 23/1000, Loss: 0.8686, Dice: 0.8598, MSE: 0.0293
2025-07-10 00:25:41 - INFO - Epoch 24/1000, Loss: 0.8320, Dice: 0.8233, MSE: 0.0292
2025-07-10 00:28:49 - INFO - Epoch 25/1000, Loss: 0.7883, Dice: 0.7794, MSE: 0.0295
2025-07-10 00:31:58 - INFO - Epoch 26/1000, Loss: 0.7781, Dice: 0.7693, MSE: 0.0293
2025-07-10 00:35:07 - INFO - Epoch 27/1000, Loss: 0.7580, Dice: 0.7492, MSE: 0.0294
2025-07-10 00:38:15 - INFO - Epoch 28/1000, Loss: 0.7331, Dice: 0.7243, MSE: 0.0295
2025-07-10 00:41:24 - INFO - Epoch 29/1000, Loss: 0.7378, Dice: 0.7290, MSE: 0.0292
2025-07-10 00:44:33 - INFO - Epoch 30/1000, Loss: 0.7124, Dice: 0.7036, MSE: 0.0294
2025-07-10 00:47:41 - INFO - Epoch 31/1000, Loss: 0.7020, Dice: 0.6932, MSE: 0.0293
2025-07-10 00:50:50 - INFO - Epoch 32/1000, Loss: 0.6653, Dice: 0.6576, MSE: 0.0256
2025-07-10 00:53:58 - INFO - Epoch 33/1000, Loss: 0.6533, Dice: 0.6478, MSE: 0.0183
2025-07-10 00:57:07 - INFO - Epoch 34/1000, Loss: 0.6681, Dice: 0.6629, MSE: 0.0172
2025-07-10 01:00:16 - INFO - Epoch 35/1000, Loss: 0.6219, Dice: 0.6168, MSE: 0.0168
2025-07-10 01:03:24 - INFO - Epoch 36/1000, Loss: 0.6164, Dice: 0.6114, MSE: 0.0165
2025-07-10 01:06:33 - INFO - Epoch 37/1000, Loss: 0.6221, Dice: 0.6172, MSE: 0.0163
2025-07-10 01:09:42 - INFO - Epoch 38/1000, Loss: 0.5925, Dice: 0.5877, MSE: 0.0161
2025-07-10 01:12:51 - INFO - Epoch 39/1000, Loss: 0.6100, Dice: 0.6052, MSE: 0.0159
2025-07-10 01:15:59 - INFO - Epoch 40/1000, Loss: 0.5807, Dice: 0.5759, MSE: 0.0159
2025-07-10 01:16:02 - INFO - 模型已保存至: epoch_40.pth
2025-07-10 01:19:10 - INFO - Epoch 41/1000, Loss: 0.5606, Dice: 0.5559, MSE: 0.0158
2025-07-10 01:22:19 - INFO - Epoch 42/1000, Loss: 0.5799, Dice: 0.5752, MSE: 0.0156
2025-07-10 01:25:28 - INFO - Epoch 43/1000, Loss: 0.5638, Dice: 0.5591, MSE: 0.0157
2025-07-10 01:28:36 - INFO - Epoch 44/1000, Loss: 0.5686, Dice: 0.5639, MSE: 0.0156
2025-07-10 01:31:45 - INFO - Epoch 45/1000, Loss: 0.5399, Dice: 0.5352, MSE: 0.0156
2025-07-10 01:34:54 - INFO - Epoch 46/1000, Loss: 0.5642, Dice: 0.5596, MSE: 0.0155
2025-07-10 01:38:02 - INFO - Epoch 47/1000, Loss: 0.5316, Dice: 0.5270, MSE: 0.0154
2025-07-10 01:41:11 - INFO - Epoch 48/1000, Loss: 0.5370, Dice: 0.5324, MSE: 0.0155
2025-07-10 01:44:20 - INFO - Epoch 49/1000, Loss: 0.5199, Dice: 0.5153, MSE: 0.0154
2025-07-10 01:47:29 - INFO - Epoch 50/1000, Loss: 0.5388, Dice: 0.5342, MSE: 0.0154
2025-07-10 01:50:37 - INFO - Epoch 51/1000, Loss: 0.5158, Dice: 0.5112, MSE: 0.0154
2025-07-10 01:53:46 - INFO - Epoch 52/1000, Loss: 0.5136, Dice: 0.5090, MSE: 0.0154
2025-07-10 01:56:55 - INFO - Epoch 53/1000, Loss: 0.5106, Dice: 0.5060, MSE: 0.0154
2025-07-10 02:00:04 - INFO - Epoch 54/1000, Loss: 0.5160, Dice: 0.5113, MSE: 0.0154
2025-07-10 02:03:12 - INFO - Epoch 55/1000, Loss: 0.5134, Dice: 0.5088, MSE: 0.0154
2025-07-10 02:06:21 - INFO - Epoch 56/1000, Loss: 0.4974, Dice: 0.4928, MSE: 0.0153
2025-07-10 02:09:30 - INFO - Epoch 57/1000, Loss: 0.5036, Dice: 0.4990, MSE: 0.0153
2025-07-10 02:12:39 - INFO - Epoch 58/1000, Loss: 0.4834, Dice: 0.4788, MSE: 0.0154
2025-07-10 02:15:47 - INFO - Epoch 59/1000, Loss: 0.5046, Dice: 0.5000, MSE: 0.0153
2025-07-10 02:18:56 - INFO - Epoch 60/1000, Loss: 0.5078, Dice: 0.5032, MSE: 0.0153
2025-07-10 02:18:58 - INFO - 模型已保存至: epoch_60.pth
2025-07-10 02:22:07 - INFO - Epoch 61/1000, Loss: 0.4661, Dice: 0.4615, MSE: 0.0154
2025-07-10 02:25:16 - INFO - Epoch 62/1000, Loss: 0.4906, Dice: 0.4861, MSE: 0.0153
2025-07-10 02:28:25 - INFO - Epoch 63/1000, Loss: 0.4707, Dice: 0.4661, MSE: 0.0153
2025-07-10 02:31:33 - INFO - Epoch 64/1000, Loss: 0.4572, Dice: 0.4526, MSE: 0.0153
2025-07-10 02:34:42 - INFO - Epoch 65/1000, Loss: 0.4572, Dice: 0.4526, MSE: 0.0153
2025-07-10 02:37:51 - INFO - Epoch 66/1000, Loss: 0.4923, Dice: 0.4877, MSE: 0.0153
2025-07-10 02:40:59 - INFO - Epoch 67/1000, Loss: 0.4887, Dice: 0.4841, MSE: 0.0152
2025-07-10 02:44:08 - INFO - Epoch 68/1000, Loss: 0.4506, Dice: 0.4461, MSE: 0.0152
2025-07-10 02:47:17 - INFO - Epoch 69/1000, Loss: 0.4526, Dice: 0.4480, MSE: 0.0154
2025-07-10 02:50:26 - INFO - Epoch 70/1000, Loss: 0.4616, Dice: 0.4570, MSE: 0.0153
2025-07-10 02:53:34 - INFO - Epoch 71/1000, Loss: 0.4712, Dice: 0.4666, MSE: 0.0153
2025-07-10 02:56:43 - INFO - Epoch 72/1000, Loss: 0.4506, Dice: 0.4460, MSE: 0.0153
2025-07-10 02:59:52 - INFO - Epoch 73/1000, Loss: 0.4379, Dice: 0.4333, MSE: 0.0153
2025-07-10 03:03:00 - INFO - Epoch 74/1000, Loss: 0.4420, Dice: 0.4374, MSE: 0.0153
2025-07-10 03:06:09 - INFO - Epoch 75/1000, Loss: 0.4518, Dice: 0.4473, MSE: 0.0153
2025-07-10 03:09:18 - INFO - Epoch 76/1000, Loss: 0.4429, Dice: 0.4383, MSE: 0.0152
2025-07-10 03:12:26 - INFO - Epoch 77/1000, Loss: 0.4342, Dice: 0.4297, MSE: 0.0153
2025-07-10 03:15:35 - INFO - Epoch 78/1000, Loss: 0.4596, Dice: 0.4550, MSE: 0.0153
2025-07-10 03:18:43 - INFO - Epoch 79/1000, Loss: 0.4354, Dice: 0.4308, MSE: 0.0153
2025-07-10 03:21:52 - INFO - Epoch 80/1000, Loss: 0.4135, Dice: 0.4089, MSE: 0.0152
2025-07-10 03:21:54 - INFO - 模型已保存至: epoch_80.pth
2025-07-10 03:25:03 - INFO - Epoch 81/1000, Loss: 0.4291, Dice: 0.4245, MSE: 0.0153
2025-07-10 03:28:11 - INFO - Epoch 82/1000, Loss: 0.4336, Dice: 0.4290, MSE: 0.0152
2025-07-10 03:31:20 - INFO - Epoch 83/1000, Loss: 0.4108, Dice: 0.4062, MSE: 0.0153
2025-07-10 03:34:28 - INFO - Epoch 84/1000, Loss: 0.4172, Dice: 0.4126, MSE: 0.0153
2025-07-10 03:37:37 - INFO - Epoch 85/1000, Loss: 0.4178, Dice: 0.4132, MSE: 0.0153
2025-07-10 03:40:45 - INFO - Epoch 86/1000, Loss: 0.4119, Dice: 0.4073, MSE: 0.0153
2025-07-10 03:43:54 - INFO - Epoch 87/1000, Loss: 0.4275, Dice: 0.4229, MSE: 0.0153
2025-07-10 03:47:03 - INFO - Epoch 88/1000, Loss: 0.4156, Dice: 0.4110, MSE: 0.0152
2025-07-10 03:50:11 - INFO - Epoch 89/1000, Loss: 0.4143, Dice: 0.4097, MSE: 0.0153
2025-07-10 03:53:20 - INFO - Epoch 90/1000, Loss: 0.4155, Dice: 0.4109, MSE: 0.0154
2025-07-10 03:56:29 - INFO - Epoch 91/1000, Loss: 0.4083, Dice: 0.4037, MSE: 0.0153
2025-07-10 03:59:37 - INFO - Epoch 92/1000, Loss: 0.4284, Dice: 0.4238, MSE: 0.0152
2025-07-10 04:02:46 - INFO - Epoch 93/1000, Loss: 0.4135, Dice: 0.4089, MSE: 0.0152
2025-07-10 04:05:54 - INFO - Epoch 94/1000, Loss: 0.3986, Dice: 0.3940, MSE: 0.0153
2025-07-10 04:09:03 - INFO - Epoch 95/1000, Loss: 0.3996, Dice: 0.3951, MSE: 0.0152
2025-07-10 04:12:11 - INFO - Epoch 96/1000, Loss: 0.4082, Dice: 0.4036, MSE: 0.0153
2025-07-10 04:15:20 - INFO - Epoch 97/1000, Loss: 0.4032, Dice: 0.3986, MSE: 0.0154
2025-07-10 04:18:29 - INFO - Epoch 98/1000, Loss: 0.4030, Dice: 0.3991, MSE: 0.0130
2025-07-10 04:21:37 - INFO - Epoch 99/1000, Loss: 0.3931, Dice: 0.3908, MSE: 0.0076
2025-07-10 04:24:46 - INFO - Epoch 100/1000, Loss: 0.3752, Dice: 0.3729, MSE: 0.0075
2025-07-10 04:24:48 - INFO - 模型已保存至: epoch_100.pth
2025-07-10 04:27:56 - INFO - Epoch 101/1000, Loss: 0.3778, Dice: 0.3756, MSE: 0.0074
2025-07-10 04:31:05 - INFO - Epoch 102/1000, Loss: 0.3917, Dice: 0.3895, MSE: 0.0073
2025-07-10 04:34:14 - INFO - Epoch 103/1000, Loss: 0.3931, Dice: 0.3909, MSE: 0.0074
2025-07-10 04:37:22 - INFO - Epoch 104/1000, Loss: 0.4001, Dice: 0.3979, MSE: 0.0073
2025-07-10 04:40:31 - INFO - Epoch 105/1000, Loss: 0.3868, Dice: 0.3846, MSE: 0.0074
2025-07-10 04:43:39 - INFO - Epoch 106/1000, Loss: 0.3888, Dice: 0.3867, MSE: 0.0072
2025-07-10 04:46:48 - INFO - Epoch 107/1000, Loss: 0.3684, Dice: 0.3662, MSE: 0.0073
2025-07-10 04:49:56 - INFO - Epoch 108/1000, Loss: 0.3899, Dice: 0.3878, MSE: 0.0072
2025-07-10 04:53:05 - INFO - Epoch 109/1000, Loss: 0.3824, Dice: 0.3802, MSE: 0.0072
2025-07-10 04:56:13 - INFO - Epoch 110/1000, Loss: 0.3771, Dice: 0.3749, MSE: 0.0073
2025-07-10 04:59:22 - INFO - Epoch 111/1000, Loss: 0.3808, Dice: 0.3787, MSE: 0.0072
2025-07-10 05:02:31 - INFO - Epoch 112/1000, Loss: 0.3835, Dice: 0.3813, MSE: 0.0073
2025-07-10 05:05:39 - INFO - Epoch 113/1000, Loss: 0.3775, Dice: 0.3753, MSE: 0.0072
2025-07-10 05:08:48 - INFO - Epoch 114/1000, Loss: 0.3769, Dice: 0.3747, MSE: 0.0073
2025-07-10 05:11:56 - INFO - Epoch 115/1000, Loss: 0.3828, Dice: 0.3807, MSE: 0.0073
2025-07-10 05:15:05 - INFO - Epoch 116/1000, Loss: 0.3668, Dice: 0.3646, MSE: 0.0072
2025-07-10 05:18:13 - INFO - Epoch 117/1000, Loss: 0.3645, Dice: 0.3624, MSE: 0.0072
2025-07-10 05:21:22 - INFO - Epoch 118/1000, Loss: 0.3876, Dice: 0.3854, MSE: 0.0073
2025-07-10 05:24:30 - INFO - Epoch 119/1000, Loss: 0.3597, Dice: 0.3575, MSE: 0.0073
2025-07-10 05:27:39 - INFO - Epoch 120/1000, Loss: 0.3713, Dice: 0.3691, MSE: 0.0072
2025-07-10 05:27:41 - INFO - 模型已保存至: epoch_120.pth
2025-07-10 05:30:50 - INFO - Epoch 121/1000, Loss: 0.3648, Dice: 0.3626, MSE: 0.0073
2025-07-10 05:33:58 - INFO - Epoch 122/1000, Loss: 0.3591, Dice: 0.3569, MSE: 0.0073
2025-07-10 05:37:07 - INFO - Epoch 123/1000, Loss: 0.3639, Dice: 0.3617, MSE: 0.0074
2025-07-10 05:40:15 - INFO - Epoch 124/1000, Loss: 0.3577, Dice: 0.3556, MSE: 0.0072
2025-07-10 05:43:24 - INFO - Epoch 125/1000, Loss: 0.3669, Dice: 0.3647, MSE: 0.0073
2025-07-10 05:46:32 - INFO - Epoch 126/1000, Loss: 0.3573, Dice: 0.3551, MSE: 0.0073
2025-07-10 05:49:41 - INFO - Epoch 127/1000, Loss: 0.3598, Dice: 0.3576, MSE: 0.0073
2025-07-10 05:52:49 - INFO - Epoch 128/1000, Loss: 0.3713, Dice: 0.3691, MSE: 0.0072
2025-07-10 05:55:57 - INFO - Epoch 129/1000, Loss: 0.3612, Dice: 0.3590, MSE: 0.0072
2025-07-10 05:59:06 - INFO - Epoch 130/1000, Loss: 0.3604, Dice: 0.3582, MSE: 0.0072
2025-07-10 06:02:14 - INFO - Epoch 131/1000, Loss: 0.3717, Dice: 0.3695, MSE: 0.0073
2025-07-10 06:05:23 - INFO - Epoch 132/1000, Loss: 0.3624, Dice: 0.3602, MSE: 0.0072
2025-07-10 06:08:31 - INFO - Epoch 133/1000, Loss: 0.3810, Dice: 0.3788, MSE: 0.0073
2025-07-10 06:11:40 - INFO - Epoch 134/1000, Loss: 0.3559, Dice: 0.3537, MSE: 0.0073
2025-07-10 06:14:48 - INFO - Epoch 135/1000, Loss: 0.3456, Dice: 0.3434, MSE: 0.0072
2025-07-10 06:17:57 - INFO - Epoch 136/1000, Loss: 0.3311, Dice: 0.3289, MSE: 0.0074
2025-07-10 06:21:05 - INFO - Epoch 137/1000, Loss: 0.3279, Dice: 0.3257, MSE: 0.0073
2025-07-10 06:24:14 - INFO - Epoch 138/1000, Loss: 0.3389, Dice: 0.3367, MSE: 0.0072
2025-07-10 06:27:22 - INFO - Epoch 139/1000, Loss: 0.3349, Dice: 0.3327, MSE: 0.0072
2025-07-10 06:30:30 - INFO - Epoch 140/1000, Loss: 0.3481, Dice: 0.3459, MSE: 0.0073
2025-07-10 06:30:32 - INFO - 模型已保存至: epoch_140.pth
2025-07-10 06:33:41 - INFO - Epoch 141/1000, Loss: 0.3450, Dice: 0.3429, MSE: 0.0072
2025-07-10 06:36:49 - INFO - Epoch 142/1000, Loss: 0.3474, Dice: 0.3453, MSE: 0.0069
2025-07-10 06:39:58 - INFO - Epoch 143/1000, Loss: 0.3503, Dice: 0.3484, MSE: 0.0061
2025-07-10 06:43:06 - INFO - Epoch 144/1000, Loss: 0.3413, Dice: 0.3395, MSE: 0.0061
2025-07-10 06:46:15 - INFO - Epoch 145/1000, Loss: 0.3347, Dice: 0.3330, MSE: 0.0059
2025-07-10 06:49:23 - INFO - Epoch 146/1000, Loss: 0.3452, Dice: 0.3437, MSE: 0.0051
2025-07-10 06:52:32 - INFO - Epoch 147/1000, Loss: 0.3420, Dice: 0.3405, MSE: 0.0047
2025-07-10 06:55:40 - INFO - Epoch 148/1000, Loss: 0.3433, Dice: 0.3419, MSE: 0.0049
2025-07-10 06:58:49 - INFO - Epoch 149/1000, Loss: 0.3362, Dice: 0.3348, MSE: 0.0048
2025-07-10 07:01:57 - INFO - Epoch 150/1000, Loss: 0.3435, Dice: 0.3421, MSE: 0.0048
2025-07-10 07:05:06 - INFO - Epoch 151/1000, Loss: 0.3251, Dice: 0.3237, MSE: 0.0047
2025-07-10 07:08:14 - INFO - Epoch 152/1000, Loss: 0.3353, Dice: 0.3338, MSE: 0.0047
2025-07-10 07:11:23 - INFO - Epoch 153/1000, Loss: 0.3288, Dice: 0.3274, MSE: 0.0047
2025-07-10 07:14:31 - INFO - Epoch 154/1000, Loss: 0.3413, Dice: 0.3398, MSE: 0.0048
2025-07-10 07:17:40 - INFO - Epoch 155/1000, Loss: 0.3373, Dice: 0.3359, MSE: 0.0048
2025-07-10 07:20:48 - INFO - Epoch 156/1000, Loss: 0.3426, Dice: 0.3412, MSE: 0.0048
2025-07-10 07:23:57 - INFO - Epoch 157/1000, Loss: 0.3477, Dice: 0.3463, MSE: 0.0047
2025-07-10 07:27:05 - INFO - Epoch 158/1000, Loss: 0.3196, Dice: 0.3182, MSE: 0.0047
2025-07-10 07:30:14 - INFO - Epoch 159/1000, Loss: 0.3359, Dice: 0.3345, MSE: 0.0048
2025-07-10 07:33:22 - INFO - Epoch 160/1000, Loss: 0.3246, Dice: 0.3231, MSE: 0.0047
2025-07-10 07:33:24 - INFO - 模型已保存至: epoch_160.pth
2025-07-10 07:36:33 - INFO - Epoch 161/1000, Loss: 0.3274, Dice: 0.3259, MSE: 0.0047
2025-07-10 07:39:41 - INFO - Epoch 162/1000, Loss: 0.3180, Dice: 0.3166, MSE: 0.0047
2025-07-10 07:42:50 - INFO - Epoch 163/1000, Loss: 0.3325, Dice: 0.3311, MSE: 0.0048
2025-07-10 07:45:58 - INFO - Epoch 164/1000, Loss: 0.3360, Dice: 0.3345, MSE: 0.0047
2025-07-10 07:49:07 - INFO - Epoch 165/1000, Loss: 0.3119, Dice: 0.3106, MSE: 0.0044
2025-07-10 07:52:15 - INFO - Epoch 166/1000, Loss: 0.3189, Dice: 0.3178, MSE: 0.0037
2025-07-10 07:55:24 - INFO - Epoch 167/1000, Loss: 0.3314, Dice: 0.3304, MSE: 0.0035
2025-07-10 07:58:32 - INFO - Epoch 168/1000, Loss: 0.3263, Dice: 0.3252, MSE: 0.0035
2025-07-10 08:01:41 - INFO - Epoch 169/1000, Loss: 0.3289, Dice: 0.3278, MSE: 0.0036
2025-07-10 08:04:49 - INFO - Epoch 170/1000, Loss: 0.3249, Dice: 0.3239, MSE: 0.0034
2025-07-10 08:07:57 - INFO - Epoch 171/1000, Loss: 0.3136, Dice: 0.3126, MSE: 0.0034
2025-07-10 08:11:05 - INFO - Epoch 172/1000, Loss: 0.3131, Dice: 0.3120, MSE: 0.0034
2025-07-10 08:14:12 - INFO - Epoch 173/1000, Loss: 0.3142, Dice: 0.3132, MSE: 0.0034
2025-07-10 08:17:20 - INFO - Epoch 174/1000, Loss: 0.3255, Dice: 0.3246, MSE: 0.0030
2025-07-10 08:20:27 - INFO - Epoch 175/1000, Loss: 0.3308, Dice: 0.3301, MSE: 0.0024
2025-07-10 08:23:34 - INFO - Epoch 176/1000, Loss: 0.3209, Dice: 0.3202, MSE: 0.0022
2025-07-10 08:26:41 - INFO - Epoch 177/1000, Loss: 0.3142, Dice: 0.3136, MSE: 0.0022
2025-07-10 08:29:47 - INFO - Epoch 178/1000, Loss: 0.3234, Dice: 0.3228, MSE: 0.0021
2025-07-10 08:32:54 - INFO - Epoch 179/1000, Loss: 0.3220, Dice: 0.3214, MSE: 0.0022
2025-07-10 08:36:01 - INFO - Epoch 180/1000, Loss: 0.3089, Dice: 0.3083, MSE: 0.0022
2025-07-10 08:36:03 - INFO - 模型已保存至: epoch_180.pth
2025-07-10 08:39:09 - INFO - Epoch 181/1000, Loss: 0.3217, Dice: 0.3210, MSE: 0.0022
2025-07-10 08:42:16 - INFO - Epoch 182/1000, Loss: 0.3238, Dice: 0.3232, MSE: 0.0022
2025-07-10 08:45:22 - INFO - Epoch 183/1000, Loss: 0.3116, Dice: 0.3110, MSE: 0.0022
2025-07-10 08:48:29 - INFO - Epoch 184/1000, Loss: 0.2957, Dice: 0.2951, MSE: 0.0021
2025-07-10 08:51:35 - INFO - Epoch 185/1000, Loss: 0.3092, Dice: 0.3086, MSE: 0.0022
2025-07-10 08:54:41 - INFO - Epoch 186/1000, Loss: 0.3086, Dice: 0.3079, MSE: 0.0021
2025-07-10 08:57:48 - INFO - Epoch 187/1000, Loss: 0.3095, Dice: 0.3088, MSE: 0.0021
2025-07-10 09:00:54 - INFO - Epoch 188/1000, Loss: 0.3166, Dice: 0.3160, MSE: 0.0022
2025-07-10 09:04:01 - INFO - Epoch 189/1000, Loss: 0.3094, Dice: 0.3088, MSE: 0.0022
2025-07-10 09:07:07 - INFO - Epoch 190/1000, Loss: 0.3064, Dice: 0.3058, MSE: 0.0021
2025-07-10 09:10:13 - INFO - Epoch 191/1000, Loss: 0.3092, Dice: 0.3086, MSE: 0.0022
2025-07-10 09:13:19 - INFO - Epoch 192/1000, Loss: 0.2883, Dice: 0.2876, MSE: 0.0022
2025-07-10 09:16:25 - INFO - Epoch 193/1000, Loss: 0.3072, Dice: 0.3065, MSE: 0.0022
2025-07-10 09:19:32 - INFO - Epoch 194/1000, Loss: 0.2888, Dice: 0.2882, MSE: 0.0021
2025-07-10 09:22:38 - INFO - Epoch 195/1000, Loss: 0.3109, Dice: 0.3103, MSE: 0.0022
2025-07-10 09:25:44 - INFO - Epoch 196/1000, Loss: 0.3124, Dice: 0.3117, MSE: 0.0022
2025-07-10 09:28:50 - INFO - Epoch 197/1000, Loss: 0.2845, Dice: 0.2838, MSE: 0.0022
2025-07-10 09:31:57 - INFO - Epoch 198/1000, Loss: 0.3025, Dice: 0.3018, MSE: 0.0022
2025-07-10 09:35:03 - INFO - Epoch 199/1000, Loss: 0.2968, Dice: 0.2962, MSE: 0.0021
2025-07-10 09:38:09 - INFO - Epoch 200/1000, Loss: 0.2970, Dice: 0.2964, MSE: 0.0022
2025-07-10 09:38:11 - INFO - 模型已保存至: epoch_200.pth
2025-07-10 09:41:17 - INFO - Epoch 201/1000, Loss: 0.2877, Dice: 0.2870, MSE: 0.0022
2025-07-10 09:44:23 - INFO - Epoch 202/1000, Loss: 0.2908, Dice: 0.2901, MSE: 0.0021
2025-07-10 09:47:29 - INFO - Epoch 203/1000, Loss: 0.2965, Dice: 0.2958, MSE: 0.0021
2025-07-10 09:50:35 - INFO - Epoch 204/1000, Loss: 0.2981, Dice: 0.2975, MSE: 0.0022
2025-07-10 09:53:41 - INFO - Epoch 205/1000, Loss: 0.2852, Dice: 0.2845, MSE: 0.0021
2025-07-10 09:56:47 - INFO - Epoch 206/1000, Loss: 0.3022, Dice: 0.3016, MSE: 0.0021
2025-07-10 09:59:53 - INFO - Epoch 207/1000, Loss: 0.2968, Dice: 0.2961, MSE: 0.0022
2025-07-10 10:03:00 - INFO - Epoch 208/1000, Loss: 0.2949, Dice: 0.2943, MSE: 0.0021
2025-07-10 10:06:06 - INFO - Epoch 209/1000, Loss: 0.2981, Dice: 0.2975, MSE: 0.0021
2025-07-10 10:09:12 - INFO - Epoch 210/1000, Loss: 0.3176, Dice: 0.3169, MSE: 0.0021
2025-07-10 10:12:18 - INFO - Epoch 211/1000, Loss: 0.3097, Dice: 0.3090, MSE: 0.0023
2025-07-10 10:15:24 - INFO - Epoch 212/1000, Loss: 0.3050, Dice: 0.3043, MSE: 0.0021
2025-07-10 10:18:30 - INFO - Epoch 213/1000, Loss: 0.2930, Dice: 0.2924, MSE: 0.0021
2025-07-10 10:21:36 - INFO - Epoch 214/1000, Loss: 0.2991, Dice: 0.2985, MSE: 0.0021
2025-07-10 10:24:43 - INFO - Epoch 215/1000, Loss: 0.2869, Dice: 0.2862, MSE: 0.0021
2025-07-10 10:27:49 - INFO - Epoch 216/1000, Loss: 0.3133, Dice: 0.3127, MSE: 0.0021
2025-07-10 10:30:55 - INFO - Epoch 217/1000, Loss: 0.2754, Dice: 0.2748, MSE: 0.0021
2025-07-10 10:34:01 - INFO - Epoch 218/1000, Loss: 0.2913, Dice: 0.2906, MSE: 0.0021
2025-07-10 10:37:07 - INFO - Epoch 219/1000, Loss: 0.3001, Dice: 0.2994, MSE: 0.0023
2025-07-10 10:40:13 - INFO - Epoch 220/1000, Loss: 0.2965, Dice: 0.2959, MSE: 0.0022
2025-07-10 10:40:15 - INFO - 模型已保存至: epoch_220.pth
2025-07-10 10:43:21 - INFO - Epoch 221/1000, Loss: 0.2885, Dice: 0.2879, MSE: 0.0021
2025-07-10 10:46:27 - INFO - Epoch 222/1000, Loss: 0.2905, Dice: 0.2898, MSE: 0.0021
2025-07-10 10:49:32 - INFO - Epoch 223/1000, Loss: 0.2857, Dice: 0.2850, MSE: 0.0021
2025-07-10 10:52:38 - INFO - Epoch 224/1000, Loss: 0.2864, Dice: 0.2858, MSE: 0.0021
2025-07-10 10:55:44 - INFO - Epoch 225/1000, Loss: 0.2886, Dice: 0.2880, MSE: 0.0021
2025-07-10 10:58:50 - INFO - Epoch 226/1000, Loss: 0.2970, Dice: 0.2963, MSE: 0.0024
2025-07-10 11:01:55 - INFO - Epoch 227/1000, Loss: 0.3117, Dice: 0.3110, MSE: 0.0021
2025-07-10 11:05:01 - INFO - Epoch 228/1000, Loss: 0.2921, Dice: 0.2914, MSE: 0.0021
2025-07-10 11:08:06 - INFO - Epoch 229/1000, Loss: 0.2856, Dice: 0.2850, MSE: 0.0021
2025-07-10 11:11:12 - INFO - Epoch 230/1000, Loss: 0.2907, Dice: 0.2901, MSE: 0.0021
2025-07-10 11:14:18 - INFO - Epoch 231/1000, Loss: 0.3055, Dice: 0.3048, MSE: 0.0022
2025-07-10 11:17:23 - INFO - Epoch 232/1000, Loss: 0.2716, Dice: 0.2710, MSE: 0.0020
2025-07-10 11:20:29 - INFO - Epoch 233/1000, Loss: 0.2724, Dice: 0.2718, MSE: 0.0021
2025-07-10 11:23:34 - INFO - Epoch 234/1000, Loss: 0.2710, Dice: 0.2704, MSE: 0.0021
2025-07-10 11:26:40 - INFO - Epoch 235/1000, Loss: 0.2807, Dice: 0.2801, MSE: 0.0021
2025-07-10 11:29:46 - INFO - Epoch 236/1000, Loss: 0.2792, Dice: 0.2785, MSE: 0.0021
2025-07-10 11:32:51 - INFO - Epoch 237/1000, Loss: 0.2936, Dice: 0.2930, MSE: 0.0022
2025-07-10 11:35:57 - INFO - Epoch 238/1000, Loss: 0.3400, Dice: 0.3393, MSE: 0.0021
2025-07-10 11:39:02 - INFO - Epoch 239/1000, Loss: 0.3047, Dice: 0.3040, MSE: 0.0021
2025-07-10 11:42:08 - INFO - Epoch 240/1000, Loss: 0.2845, Dice: 0.2839, MSE: 0.0021
2025-07-10 11:42:10 - INFO - 模型已保存至: epoch_240.pth
2025-07-10 11:45:16 - INFO - Epoch 241/1000, Loss: 0.2782, Dice: 0.2776, MSE: 0.0021
2025-07-10 11:48:21 - INFO - Epoch 242/1000, Loss: 0.2926, Dice: 0.2920, MSE: 0.0021
2025-07-10 11:51:27 - INFO - Epoch 243/1000, Loss: 0.2655, Dice: 0.2648, MSE: 0.0022
2025-07-10 11:54:32 - INFO - Epoch 244/1000, Loss: 0.2824, Dice: 0.2817, MSE: 0.0022
2025-07-10 11:57:38 - INFO - Epoch 245/1000, Loss: 0.2831, Dice: 0.2825, MSE: 0.0021
2025-07-10 12:00:44 - INFO - Epoch 246/1000, Loss: 0.2866, Dice: 0.2859, MSE: 0.0021
2025-07-10 12:03:49 - INFO - Epoch 247/1000, Loss: 0.2735, Dice: 0.2728, MSE: 0.0021
2025-07-10 12:06:55 - INFO - Epoch 248/1000, Loss: 0.2842, Dice: 0.2835, MSE: 0.0021
2025-07-10 12:10:00 - INFO - Epoch 249/1000, Loss: 0.2737, Dice: 0.2731, MSE: 0.0022
2025-07-10 12:13:06 - INFO - Epoch 250/1000, Loss: 0.2743, Dice: 0.2737, MSE: 0.0021
2025-07-10 12:16:12 - INFO - Epoch 251/1000, Loss: 0.2680, Dice: 0.2674, MSE: 0.0021
2025-07-10 12:19:17 - INFO - Epoch 252/1000, Loss: 0.2745, Dice: 0.2739, MSE: 0.0021
2025-07-10 12:22:23 - INFO - Epoch 253/1000, Loss: 0.2840, Dice: 0.2834, MSE: 0.0021
2025-07-10 12:25:28 - INFO - Epoch 254/1000, Loss: 0.2819, Dice: 0.2813, MSE: 0.0021
2025-07-10 12:28:34 - INFO - Epoch 255/1000, Loss: 0.2735, Dice: 0.2729, MSE: 0.0021
2025-07-10 12:31:39 - INFO - Epoch 256/1000, Loss: 0.2721, Dice: 0.2715, MSE: 0.0021
2025-07-10 12:34:45 - INFO - Epoch 257/1000, Loss: 0.2944, Dice: 0.2938, MSE: 0.0021
2025-07-10 12:37:50 - INFO - Epoch 258/1000, Loss: 0.2745, Dice: 0.2739, MSE: 0.0021
2025-07-10 12:40:56 - INFO - Epoch 259/1000, Loss: 0.2740, Dice: 0.2733, MSE: 0.0021
2025-07-10 12:44:01 - INFO - Epoch 260/1000, Loss: 0.2734, Dice: 0.2727, MSE: 0.0021
2025-07-10 12:44:03 - INFO - 模型已保存至: epoch_260.pth
2025-07-10 12:47:09 - INFO - Epoch 261/1000, Loss: 0.2641, Dice: 0.2635, MSE: 0.0021
2025-07-10 12:50:15 - INFO - Epoch 262/1000, Loss: 0.2738, Dice: 0.2732, MSE: 0.0021
2025-07-10 12:53:20 - INFO - Epoch 263/1000, Loss: 0.2797, Dice: 0.2790, MSE: 0.0022
2025-07-10 12:56:26 - INFO - Epoch 264/1000, Loss: 0.2673, Dice: 0.2667, MSE: 0.0021
2025-07-10 12:59:31 - INFO - Epoch 265/1000, Loss: 0.2762, Dice: 0.2755, MSE: 0.0022
2025-07-10 13:02:37 - INFO - Epoch 266/1000, Loss: 0.2700, Dice: 0.2694, MSE: 0.0021
2025-07-10 13:05:43 - INFO - Epoch 267/1000, Loss: 0.2675, Dice: 0.2669, MSE: 0.0021
2025-07-10 13:08:48 - INFO - Epoch 268/1000, Loss: 0.2572, Dice: 0.2566, MSE: 0.0021
2025-07-10 13:11:54 - INFO - Epoch 269/1000, Loss: 0.2740, Dice: 0.2734, MSE: 0.0021
2025-07-10 13:14:59 - INFO - Epoch 270/1000, Loss: 0.2677, Dice: 0.2671, MSE: 0.0020
2025-07-10 13:18:05 - INFO - Epoch 271/1000, Loss: 0.2625, Dice: 0.2619, MSE: 0.0022
2025-07-10 13:21:11 - INFO - Epoch 272/1000, Loss: 0.2731, Dice: 0.2724, MSE: 0.0021
2025-07-10 13:24:16 - INFO - Epoch 273/1000, Loss: 0.2668, Dice: 0.2662, MSE: 0.0021
2025-07-10 13:27:21 - INFO - Epoch 274/1000, Loss: 0.2756, Dice: 0.2750, MSE: 0.0021
2025-07-10 13:30:27 - INFO - Epoch 275/1000, Loss: 0.2744, Dice: 0.2738, MSE: 0.0021
2025-07-10 13:33:33 - INFO - Epoch 276/1000, Loss: 0.2718, Dice: 0.2711, MSE: 0.0021
2025-07-10 13:36:38 - INFO - Epoch 277/1000, Loss: 0.2778, Dice: 0.2772, MSE: 0.0022
2025-07-10 13:39:43 - INFO - Epoch 278/1000, Loss: 0.2608, Dice: 0.2602, MSE: 0.0021
2025-07-10 13:42:49 - INFO - Epoch 279/1000, Loss: 0.2728, Dice: 0.2722, MSE: 0.0021
2025-07-10 13:45:54 - INFO - Epoch 280/1000, Loss: 0.2618, Dice: 0.2612, MSE: 0.0021
2025-07-10 13:45:57 - INFO - 模型已保存至: epoch_280.pth
2025-07-10 13:49:02 - INFO - Epoch 281/1000, Loss: 0.2837, Dice: 0.2830, MSE: 0.0021
2025-07-10 13:52:07 - INFO - Epoch 282/1000, Loss: 0.2660, Dice: 0.2653, MSE: 0.0025
2025-07-10 13:55:13 - INFO - Epoch 283/1000, Loss: 0.2730, Dice: 0.2723, MSE: 0.0022
2025-07-10 13:58:18 - INFO - Epoch 284/1000, Loss: 0.2684, Dice: 0.2678, MSE: 0.0022
2025-07-10 14:01:24 - INFO - Epoch 285/1000, Loss: 0.2723, Dice: 0.2717, MSE: 0.0021
2025-07-10 14:04:29 - INFO - Epoch 286/1000, Loss: 0.2630, Dice: 0.2624, MSE: 0.0020
2025-07-10 14:07:35 - INFO - Epoch 287/1000, Loss: 0.2686, Dice: 0.2680, MSE: 0.0021
2025-07-10 14:10:40 - INFO - Epoch 288/1000, Loss: 0.2736, Dice: 0.2729, MSE: 0.0021
2025-07-10 14:13:46 - INFO - Epoch 289/1000, Loss: 0.2561, Dice: 0.2555, MSE: 0.0021
2025-07-10 14:16:51 - INFO - Epoch 290/1000, Loss: 0.2564, Dice: 0.2558, MSE: 0.0021
2025-07-10 14:19:57 - INFO - Epoch 291/1000, Loss: 0.2681, Dice: 0.2675, MSE: 0.0022
2025-07-10 14:23:02 - INFO - Epoch 292/1000, Loss: 0.2647, Dice: 0.2640, MSE: 0.0022
2025-07-10 14:26:07 - INFO - Epoch 293/1000, Loss: 0.2682, Dice: 0.2676, MSE: 0.0022
2025-07-10 14:29:13 - INFO - Epoch 294/1000, Loss: 0.2605, Dice: 0.2599, MSE: 0.0021
2025-07-10 14:32:18 - INFO - Epoch 295/1000, Loss: 0.2938, Dice: 0.2932, MSE: 0.0021
2025-07-10 14:35:24 - INFO - Epoch 296/1000, Loss: 0.2893, Dice: 0.2887, MSE: 0.0021
2025-07-10 14:38:29 - INFO - Epoch 297/1000, Loss: 0.3336, Dice: 0.3330, MSE: 0.0022
2025-07-10 14:41:35 - INFO - Epoch 298/1000, Loss: 0.2964, Dice: 0.2958, MSE: 0.0022
2025-07-10 14:44:40 - INFO - Epoch 299/1000, Loss: 0.2770, Dice: 0.2764, MSE: 0.0021
2025-07-10 14:47:46 - INFO - Epoch 300/1000, Loss: 0.2752, Dice: 0.2746, MSE: 0.0020
2025-07-10 14:47:48 - INFO - 模型已保存至: epoch_300.pth
2025-07-10 14:50:53 - INFO - Epoch 301/1000, Loss: 0.2738, Dice: 0.2732, MSE: 0.0021
