2025-07-04 18:35:32 - INFO - Logging is set up.
2025-07-04 18:35:32 - INFO - 
======================================== New Training Session Started ========================================
2025-07-04 18:35:32 - INFO - Logging is set up.
2025-07-04 18:35:32 - INFO - 
======================================== New Training Session Started ========================================
2025-07-04 18:35:32 - INFO - Initialized distributed training on GPU 0. World size: 2
2025-07-04 18:35:32 - INFO - Training configuration:
{
  "seed": 42,
  "epochs": 600,
  "batch_size": 2,
  "learning_rate": 0.0001,
  "log_path": "./result/VNet_Multi_V3/Amos_20/Training.log",
  "pth_path": "./result/VNet_Multi_V3/Amos_20/Pth",
  "tensorboard_path": "./result/VNet_Multi_V3/Amos_20/Train",
  "continue_train": false,
  "multi_gpu": true,
  "training_num": 20,
  "dataset_path": "./datasets/AMOS",
  "num_classes": 16,
  "patch_size": [
    160,
    160,
    80
  ]
}
2025-07-04 18:35:32 - INFO - Creating new TensorBoard log directory: ./result/VNet_Multi_V3/Amos_20/Train/20250704-183532
2025-07-04 18:35:32 - INFO - Initializing AMOS dataset...
2025-07-04 18:35:32 - INFO - Initialized distributed training on GPU 1. World size: 2
2025-07-04 18:35:32 - INFO - Training configuration:
{
  "seed": 42,
  "epochs": 600,
  "batch_size": 2,
  "learning_rate": 0.0001,
  "log_path": "./result/VNet_Multi_V3/Amos_20/Training.log",
  "pth_path": "./result/VNet_Multi_V3/Amos_20/Pth",
  "tensorboard_path": "./result/VNet_Multi_V3/Amos_20/Train",
  "continue_train": false,
  "multi_gpu": true,
  "training_num": 20,
  "dataset_path": "./datasets/AMOS",
  "num_classes": 16,
  "patch_size": [
    160,
    160,
    80
  ]
}
2025-07-04 18:35:32 - INFO - Initializing AMOS dataset...
2025-07-04 18:35:32 - INFO - Successfully loaded 20 training samples.
2025-07-04 18:35:32 - INFO - DataLoader created with batch size: 2, num_workers: 24, shuffle: False.
2025-07-04 18:35:32 - INFO - Initializing VNet model...
2025-07-04 18:35:32 - INFO - Model VNet created with 16 classes and batch normalization.
2025-07-04 18:35:32 - INFO - Successfully loaded 20 training samples.
2025-07-04 18:35:32 - INFO - DataLoader created with batch size: 2, num_workers: 24, shuffle: False.
2025-07-04 18:35:32 - INFO - Initializing VNet model...
2025-07-04 18:35:33 - INFO - Model VNet created with 16 classes and batch normalization.
2025-07-04 18:35:33 - INFO - Starting training from scratch.
2025-07-04 18:35:33 - INFO - Starting training from scratch.
2025-07-04 18:35:33 - INFO - Wrapped model with DistributedDataParallel (DDP).
2025-07-04 18:35:33 - INFO - Wrapped model with DistributedDataParallel (DDP).
2025-07-04 18:35:33 - INFO - Using loss function: UnifiedLoss with parameters: num_classes=16, lambda_reg=0.3, loss_weight=[1,1]
2025-07-04 18:35:33 - INFO - Using loss function: UnifiedLoss with parameters: num_classes=16, lambda_reg=0.3, loss_weight=[1,1]
2025-07-04 18:35:33 - INFO - Optimizer: AdamW with learning rate: 0.0001, weight_decay: 0.01
2025-07-04 18:35:33 - INFO - Starting model training from epoch 1 to 600...
2025-07-04 18:35:33 - INFO - Optimizer: AdamW with learning rate: 0.0001, weight_decay: 0.01
2025-07-04 18:35:33 - INFO - Starting model training from epoch 1 to 600...
2025-07-04 18:35:37 - INFO - Epoch 1/600 finished. Average Training Loss: 5.2434
2025-07-04 18:35:40 - INFO - Epoch 2/600 finished. Average Training Loss: 4.4241
2025-07-04 18:35:43 - INFO - Epoch 3/600 finished. Average Training Loss: 4.3697
2025-07-04 18:35:46 - INFO - Epoch 4/600 finished. Average Training Loss: 4.3787
2025-07-04 18:35:49 - INFO - Epoch 5/600 finished. Average Training Loss: 4.2511
2025-07-04 18:35:52 - INFO - Epoch 6/600 finished. Average Training Loss: 4.3084
2025-07-04 18:35:55 - INFO - Epoch 7/600 finished. Average Training Loss: 4.2865
2025-07-04 18:35:58 - INFO - Epoch 8/600 finished. Average Training Loss: 4.3025
2025-07-04 18:36:01 - INFO - Epoch 9/600 finished. Average Training Loss: 4.1754
2025-07-04 18:36:04 - INFO - Epoch 10/600 finished. Average Training Loss: 4.0525
2025-07-04 18:36:07 - INFO - Epoch 11/600 finished. Average Training Loss: 4.0942
2025-07-04 18:36:10 - INFO - Epoch 12/600 finished. Average Training Loss: 4.0455
2025-07-04 18:36:14 - INFO - Epoch 13/600 finished. Average Training Loss: 4.0734
2025-07-04 18:36:17 - INFO - Epoch 14/600 finished. Average Training Loss: 4.0048
2025-07-04 18:36:20 - INFO - Epoch 15/600 finished. Average Training Loss: 3.8917
2025-07-04 18:36:23 - INFO - Epoch 16/600 finished. Average Training Loss: 3.8813
2025-07-04 18:36:26 - INFO - Epoch 17/600 finished. Average Training Loss: 3.9630
2025-07-04 18:36:29 - INFO - Epoch 18/600 finished. Average Training Loss: 3.9370
2025-07-04 18:36:32 - INFO - Epoch 19/600 finished. Average Training Loss: 3.8824
2025-07-04 18:36:36 - INFO - Epoch 20/600 finished. Average Training Loss: 3.9732
2025-07-04 18:36:36 - INFO - Saved checkpoint for epoch 20 to ./result/VNet_Multi_V3/Amos_20/Pth/model_epoch_20_checkpoint.pth
2025-07-04 18:36:39 - INFO - Epoch 21/600 finished. Average Training Loss: 3.8605
2025-07-04 18:36:42 - INFO - Epoch 22/600 finished. Average Training Loss: 3.7920
2025-07-04 18:36:45 - INFO - Epoch 23/600 finished. Average Training Loss: 3.8524
2025-07-04 18:36:48 - INFO - Epoch 24/600 finished. Average Training Loss: 3.7807
2025-07-04 18:36:51 - INFO - Epoch 25/600 finished. Average Training Loss: 3.8579
2025-07-04 18:36:54 - INFO - Epoch 26/600 finished. Average Training Loss: 3.7113
2025-07-04 18:36:57 - INFO - Epoch 27/600 finished. Average Training Loss: 3.7463
2025-07-04 18:37:00 - INFO - Epoch 28/600 finished. Average Training Loss: 3.7427
2025-07-04 18:37:04 - INFO - Epoch 29/600 finished. Average Training Loss: 3.7159
2025-07-04 18:37:07 - INFO - Epoch 30/600 finished. Average Training Loss: 3.8197
2025-07-04 18:37:10 - INFO - Epoch 31/600 finished. Average Training Loss: 3.7641
2025-07-04 18:37:13 - INFO - Epoch 32/600 finished. Average Training Loss: 3.6870
2025-07-04 18:37:16 - INFO - Epoch 33/600 finished. Average Training Loss: 3.7623
2025-07-04 18:37:19 - INFO - Epoch 34/600 finished. Average Training Loss: 3.6752
2025-07-04 18:37:22 - INFO - Epoch 35/600 finished. Average Training Loss: 3.7878
2025-07-04 18:37:25 - INFO - Epoch 36/600 finished. Average Training Loss: 3.8345
2025-07-04 18:37:29 - INFO - Epoch 37/600 finished. Average Training Loss: 3.7262
2025-07-04 18:37:32 - INFO - Epoch 38/600 finished. Average Training Loss: 3.6952
2025-07-04 18:37:35 - INFO - Epoch 39/600 finished. Average Training Loss: 3.7821
2025-07-04 18:37:38 - INFO - Epoch 40/600 finished. Average Training Loss: 3.6456
2025-07-04 18:37:38 - INFO - Saved checkpoint for epoch 40 to ./result/VNet_Multi_V3/Amos_20/Pth/model_epoch_40_checkpoint.pth
2025-07-04 18:37:41 - INFO - Epoch 41/600 finished. Average Training Loss: 3.6194
2025-07-04 18:37:44 - INFO - Epoch 42/600 finished. Average Training Loss: 3.6623
2025-07-04 18:37:47 - INFO - Epoch 43/600 finished. Average Training Loss: 3.4806
2025-07-04 18:37:50 - INFO - Epoch 44/600 finished. Average Training Loss: 3.4638
2025-07-04 18:37:54 - INFO - Epoch 45/600 finished. Average Training Loss: 3.6455
2025-07-04 18:37:57 - INFO - Epoch 46/600 finished. Average Training Loss: 3.7250
2025-07-04 18:38:00 - INFO - Epoch 47/600 finished. Average Training Loss: 3.5423
2025-07-04 18:38:04 - INFO - Epoch 48/600 finished. Average Training Loss: 3.6429
2025-07-04 18:38:07 - INFO - Epoch 49/600 finished. Average Training Loss: 3.6075
2025-07-04 18:38:10 - INFO - Epoch 50/600 finished. Average Training Loss: 3.6089
2025-07-04 18:38:13 - INFO - Epoch 51/600 finished. Average Training Loss: 3.5707
2025-07-04 18:38:16 - INFO - Epoch 52/600 finished. Average Training Loss: 3.4457
2025-07-04 18:38:19 - INFO - Epoch 53/600 finished. Average Training Loss: 3.4927
2025-07-04 18:38:22 - INFO - Epoch 54/600 finished. Average Training Loss: 3.4511
2025-07-04 18:38:25 - INFO - Epoch 55/600 finished. Average Training Loss: 3.5043
2025-07-04 18:38:29 - INFO - Epoch 56/600 finished. Average Training Loss: 3.5448
2025-07-04 18:38:32 - INFO - Epoch 57/600 finished. Average Training Loss: 3.4864
2025-07-04 18:38:35 - INFO - Epoch 58/600 finished. Average Training Loss: 3.4451
2025-07-04 18:38:38 - INFO - Epoch 59/600 finished. Average Training Loss: 3.3649
2025-07-04 18:38:41 - INFO - Epoch 60/600 finished. Average Training Loss: 3.5103
2025-07-04 18:38:41 - INFO - Saved checkpoint for epoch 60 to ./result/VNet_Multi_V3/Amos_20/Pth/model_epoch_60_checkpoint.pth
2025-07-04 18:38:45 - INFO - Epoch 61/600 finished. Average Training Loss: 3.5072
2025-07-04 18:38:48 - INFO - Epoch 62/600 finished. Average Training Loss: 3.4547
2025-07-04 18:38:51 - INFO - Epoch 63/600 finished. Average Training Loss: 3.5135
2025-07-04 18:38:54 - INFO - Epoch 64/600 finished. Average Training Loss: 3.4996
2025-07-04 18:38:57 - INFO - Epoch 65/600 finished. Average Training Loss: 3.3740
2025-07-04 18:39:01 - INFO - Epoch 66/600 finished. Average Training Loss: 3.4308
2025-07-04 18:39:04 - INFO - Epoch 67/600 finished. Average Training Loss: 3.4440
2025-07-04 18:39:07 - INFO - Epoch 68/600 finished. Average Training Loss: 3.4440
2025-07-04 18:39:10 - INFO - Epoch 69/600 finished. Average Training Loss: 3.3892
2025-07-04 18:39:13 - INFO - Epoch 70/600 finished. Average Training Loss: 3.4881
2025-07-04 18:39:16 - INFO - Epoch 71/600 finished. Average Training Loss: 3.4545
2025-07-04 18:39:19 - INFO - Epoch 72/600 finished. Average Training Loss: 3.4034
2025-07-04 18:39:22 - INFO - Epoch 73/600 finished. Average Training Loss: 3.3565
2025-07-04 18:39:25 - INFO - Epoch 74/600 finished. Average Training Loss: 3.2723
2025-07-04 18:39:29 - INFO - Epoch 75/600 finished. Average Training Loss: 3.2625
2025-07-04 18:39:32 - INFO - Epoch 76/600 finished. Average Training Loss: 3.3677
2025-07-04 18:39:35 - INFO - Epoch 77/600 finished. Average Training Loss: 3.3205
2025-07-04 18:39:38 - INFO - Epoch 78/600 finished. Average Training Loss: 3.3281
2025-07-04 18:39:41 - INFO - Epoch 79/600 finished. Average Training Loss: 3.2089
2025-07-04 18:39:44 - INFO - Epoch 80/600 finished. Average Training Loss: 3.3624
2025-07-04 18:39:44 - INFO - Saved checkpoint for epoch 80 to ./result/VNet_Multi_V3/Amos_20/Pth/model_epoch_80_checkpoint.pth
2025-07-04 18:39:47 - INFO - Epoch 81/600 finished. Average Training Loss: 3.2018
2025-07-04 18:39:51 - INFO - Epoch 82/600 finished. Average Training Loss: 3.3294
2025-07-04 18:39:54 - INFO - Epoch 83/600 finished. Average Training Loss: 3.3466
2025-07-04 18:39:57 - INFO - Epoch 84/600 finished. Average Training Loss: 3.3795
2025-07-04 18:40:00 - INFO - Epoch 85/600 finished. Average Training Loss: 3.2724
2025-07-04 18:40:03 - INFO - Epoch 86/600 finished. Average Training Loss: 3.2446
2025-07-04 18:40:06 - INFO - Epoch 87/600 finished. Average Training Loss: 3.3069
2025-07-04 18:40:09 - INFO - Epoch 88/600 finished. Average Training Loss: 3.1224
2025-07-04 18:40:12 - INFO - Epoch 89/600 finished. Average Training Loss: 3.2622
2025-07-04 18:40:16 - INFO - Epoch 90/600 finished. Average Training Loss: 3.4216
2025-07-04 18:40:19 - INFO - Epoch 91/600 finished. Average Training Loss: 3.1752
2025-07-04 18:40:22 - INFO - Epoch 92/600 finished. Average Training Loss: 3.2280
2025-07-04 18:40:25 - INFO - Epoch 93/600 finished. Average Training Loss: 3.1358
2025-07-04 18:40:28 - INFO - Epoch 94/600 finished. Average Training Loss: 3.2244
2025-07-04 18:40:31 - INFO - Epoch 95/600 finished. Average Training Loss: 3.2229
2025-07-04 18:40:34 - INFO - Epoch 96/600 finished. Average Training Loss: 3.1206
2025-07-04 18:40:37 - INFO - Epoch 97/600 finished. Average Training Loss: 3.1414
2025-07-04 18:40:40 - INFO - Epoch 98/600 finished. Average Training Loss: 2.9947
2025-07-04 18:40:44 - INFO - Epoch 99/600 finished. Average Training Loss: 3.1826
2025-07-04 18:40:47 - INFO - Epoch 100/600 finished. Average Training Loss: 3.1739
2025-07-04 18:40:47 - INFO - Saved checkpoint for epoch 100 to ./result/VNet_Multi_V3/Amos_20/Pth/model_epoch_100_checkpoint.pth
2025-07-04 18:40:50 - INFO - Epoch 101/600 finished. Average Training Loss: 3.1409
2025-07-04 18:40:53 - INFO - Epoch 102/600 finished. Average Training Loss: 3.1702
2025-07-04 18:40:56 - INFO - Epoch 103/600 finished. Average Training Loss: 3.0472
2025-07-04 18:40:59 - INFO - Epoch 104/600 finished. Average Training Loss: 2.9406
2025-07-04 18:41:03 - INFO - Epoch 105/600 finished. Average Training Loss: 3.1623
2025-07-04 18:41:06 - INFO - Epoch 106/600 finished. Average Training Loss: 3.1829
2025-07-04 18:41:09 - INFO - Epoch 107/600 finished. Average Training Loss: 3.0783
2025-07-04 18:41:12 - INFO - Epoch 108/600 finished. Average Training Loss: 3.1476
2025-07-04 18:41:15 - INFO - Epoch 109/600 finished. Average Training Loss: 3.0587
2025-07-04 18:41:18 - INFO - Epoch 110/600 finished. Average Training Loss: 3.0883
2025-07-04 18:41:21 - INFO - Epoch 111/600 finished. Average Training Loss: 3.0305
2025-07-04 18:41:25 - INFO - Epoch 112/600 finished. Average Training Loss: 3.2118
2025-07-04 18:41:28 - INFO - Epoch 113/600 finished. Average Training Loss: 3.0579
2025-07-04 18:41:31 - INFO - Epoch 114/600 finished. Average Training Loss: 3.0050
2025-07-04 18:41:34 - INFO - Epoch 115/600 finished. Average Training Loss: 3.1663
2025-07-04 18:41:37 - INFO - Epoch 116/600 finished. Average Training Loss: 2.9385
2025-07-04 18:41:40 - INFO - Epoch 117/600 finished. Average Training Loss: 3.0649
2025-07-04 18:41:43 - INFO - Epoch 118/600 finished. Average Training Loss: 2.8362
2025-07-04 18:41:47 - INFO - Epoch 119/600 finished. Average Training Loss: 3.0386
2025-07-04 18:41:50 - INFO - Epoch 120/600 finished. Average Training Loss: 2.9630
2025-07-04 18:41:50 - INFO - Saved checkpoint for epoch 120 to ./result/VNet_Multi_V3/Amos_20/Pth/model_epoch_120_checkpoint.pth
2025-07-04 18:41:53 - INFO - Epoch 121/600 finished. Average Training Loss: 3.0568
2025-07-04 18:41:56 - INFO - Epoch 122/600 finished. Average Training Loss: 2.8616
2025-07-04 18:41:59 - INFO - Epoch 123/600 finished. Average Training Loss: 2.9426
2025-07-04 18:42:02 - INFO - Epoch 124/600 finished. Average Training Loss: 2.8202
2025-07-04 18:42:05 - INFO - Epoch 125/600 finished. Average Training Loss: 2.9460
2025-07-04 18:42:08 - INFO - Epoch 126/600 finished. Average Training Loss: 2.8587
2025-07-04 18:42:12 - INFO - Epoch 127/600 finished. Average Training Loss: 2.6809
2025-07-04 18:42:15 - INFO - Epoch 128/600 finished. Average Training Loss: 2.7870
2025-07-04 18:42:18 - INFO - Epoch 129/600 finished. Average Training Loss: 2.9825
2025-07-04 18:42:21 - INFO - Epoch 130/600 finished. Average Training Loss: 2.8052
2025-07-04 18:42:24 - INFO - Epoch 131/600 finished. Average Training Loss: 3.0124
2025-07-04 18:42:27 - INFO - Epoch 132/600 finished. Average Training Loss: 2.9001
2025-07-04 18:42:30 - INFO - Epoch 133/600 finished. Average Training Loss: 2.9540
2025-07-04 18:42:34 - INFO - Epoch 134/600 finished. Average Training Loss: 2.8148
2025-07-04 18:42:37 - INFO - Epoch 135/600 finished. Average Training Loss: 2.6523
2025-07-04 18:42:40 - INFO - Epoch 136/600 finished. Average Training Loss: 2.7676
2025-07-04 18:42:43 - INFO - Epoch 137/600 finished. Average Training Loss: 2.7291
2025-07-04 18:42:46 - INFO - Epoch 138/600 finished. Average Training Loss: 2.9308
2025-07-04 18:42:49 - INFO - Epoch 139/600 finished. Average Training Loss: 2.7309
2025-07-04 18:42:52 - INFO - Epoch 140/600 finished. Average Training Loss: 2.7406
2025-07-04 18:42:53 - INFO - Saved checkpoint for epoch 140 to ./result/VNet_Multi_V3/Amos_20/Pth/model_epoch_140_checkpoint.pth
2025-07-04 18:42:56 - INFO - Epoch 141/600 finished. Average Training Loss: 2.8798
2025-07-04 18:42:59 - INFO - Epoch 142/600 finished. Average Training Loss: 2.8187
2025-07-04 18:43:02 - INFO - Epoch 143/600 finished. Average Training Loss: 2.7041
2025-07-04 18:43:05 - INFO - Epoch 144/600 finished. Average Training Loss: 2.8301
2025-07-04 18:43:08 - INFO - Epoch 145/600 finished. Average Training Loss: 2.8121
2025-07-04 18:43:11 - INFO - Epoch 146/600 finished. Average Training Loss: 2.5812
2025-07-04 18:43:14 - INFO - Epoch 147/600 finished. Average Training Loss: 2.7799
2025-07-04 18:43:18 - INFO - Epoch 148/600 finished. Average Training Loss: 2.7486
2025-07-04 18:43:21 - INFO - Epoch 149/600 finished. Average Training Loss: 2.8480
2025-07-04 18:43:24 - INFO - Epoch 150/600 finished. Average Training Loss: 2.6673
2025-07-04 18:43:27 - INFO - Epoch 151/600 finished. Average Training Loss: 2.6806
2025-07-04 18:43:30 - INFO - Epoch 152/600 finished. Average Training Loss: 2.6952
2025-07-04 18:43:33 - INFO - Epoch 153/600 finished. Average Training Loss: 2.7968
2025-07-04 18:43:36 - INFO - Epoch 154/600 finished. Average Training Loss: 2.8402
2025-07-04 18:43:40 - INFO - Epoch 155/600 finished. Average Training Loss: 2.5961
2025-07-04 18:43:43 - INFO - Epoch 156/600 finished. Average Training Loss: 2.5810
2025-07-04 18:43:46 - INFO - Epoch 157/600 finished. Average Training Loss: 2.4879
2025-07-04 18:43:49 - INFO - Epoch 158/600 finished. Average Training Loss: 2.3869
2025-07-04 18:43:52 - INFO - Epoch 159/600 finished. Average Training Loss: 2.5315
2025-07-04 18:43:55 - INFO - Epoch 160/600 finished. Average Training Loss: 2.5389
2025-07-04 18:43:55 - INFO - Saved checkpoint for epoch 160 to ./result/VNet_Multi_V3/Amos_20/Pth/model_epoch_160_checkpoint.pth
2025-07-04 18:43:59 - INFO - Epoch 161/600 finished. Average Training Loss: 2.3684
2025-07-04 18:44:02 - INFO - Epoch 162/600 finished. Average Training Loss: 2.6245
2025-07-04 18:44:05 - INFO - Epoch 163/600 finished. Average Training Loss: 2.5363
2025-07-04 18:44:08 - INFO - Epoch 164/600 finished. Average Training Loss: 2.5706
2025-07-04 18:44:11 - INFO - Epoch 165/600 finished. Average Training Loss: 2.6384
2025-07-04 18:44:14 - INFO - Epoch 166/600 finished. Average Training Loss: 2.7689
2025-07-04 18:44:17 - INFO - Epoch 167/600 finished. Average Training Loss: 2.4182
2025-07-04 18:44:21 - INFO - Epoch 168/600 finished. Average Training Loss: 2.6686
2025-07-04 18:44:24 - INFO - Epoch 169/600 finished. Average Training Loss: 2.6194
2025-07-04 18:44:27 - INFO - Epoch 170/600 finished. Average Training Loss: 2.4938
2025-07-04 18:44:30 - INFO - Epoch 171/600 finished. Average Training Loss: 2.4343
2025-07-04 18:44:33 - INFO - Epoch 172/600 finished. Average Training Loss: 2.5297
2025-07-04 18:44:36 - INFO - Epoch 173/600 finished. Average Training Loss: 2.4160
2025-07-04 18:44:39 - INFO - Epoch 174/600 finished. Average Training Loss: 2.3673
2025-07-04 18:44:43 - INFO - Epoch 175/600 finished. Average Training Loss: 2.4217
2025-07-04 18:44:46 - INFO - Epoch 176/600 finished. Average Training Loss: 2.5174
2025-07-04 18:44:49 - INFO - Epoch 177/600 finished. Average Training Loss: 2.3299
2025-07-04 18:44:52 - INFO - Epoch 178/600 finished. Average Training Loss: 2.3453
2025-07-04 18:44:55 - INFO - Epoch 179/600 finished. Average Training Loss: 2.2815
2025-07-04 18:44:58 - INFO - Epoch 180/600 finished. Average Training Loss: 2.3138
2025-07-04 18:44:58 - INFO - Saved checkpoint for epoch 180 to ./result/VNet_Multi_V3/Amos_20/Pth/model_epoch_180_checkpoint.pth
2025-07-04 18:45:01 - INFO - Epoch 181/600 finished. Average Training Loss: 2.4045
2025-07-04 18:45:05 - INFO - Epoch 182/600 finished. Average Training Loss: 2.4269
2025-07-04 18:45:08 - INFO - Epoch 183/600 finished. Average Training Loss: 2.4663
2025-07-04 18:45:11 - INFO - Epoch 184/600 finished. Average Training Loss: 2.4693
2025-07-04 18:45:14 - INFO - Epoch 185/600 finished. Average Training Loss: 2.3902
2025-07-04 18:45:17 - INFO - Epoch 186/600 finished. Average Training Loss: 2.4314
2025-07-04 18:45:20 - INFO - Epoch 187/600 finished. Average Training Loss: 2.4314
2025-07-04 18:45:23 - INFO - Epoch 188/600 finished. Average Training Loss: 2.2740
2025-07-04 18:45:27 - INFO - Epoch 189/600 finished. Average Training Loss: 2.0755
2025-07-04 18:45:30 - INFO - Epoch 190/600 finished. Average Training Loss: 2.4267
2025-07-04 18:45:33 - INFO - Epoch 191/600 finished. Average Training Loss: 2.5970
2025-07-04 18:45:36 - INFO - Epoch 192/600 finished. Average Training Loss: 2.2040
2025-07-04 18:45:39 - INFO - Epoch 193/600 finished. Average Training Loss: 2.4050
2025-07-04 18:45:42 - INFO - Epoch 194/600 finished. Average Training Loss: 2.3726
2025-07-04 18:45:45 - INFO - Epoch 195/600 finished. Average Training Loss: 2.3828
2025-07-04 18:45:48 - INFO - Epoch 196/600 finished. Average Training Loss: 2.2539
2025-07-04 18:45:51 - INFO - Epoch 197/600 finished. Average Training Loss: 2.2890
2025-07-04 18:45:55 - INFO - Epoch 198/600 finished. Average Training Loss: 2.2506
2025-07-04 18:45:58 - INFO - Epoch 199/600 finished. Average Training Loss: 2.4546
2025-07-04 18:46:01 - INFO - Epoch 200/600 finished. Average Training Loss: 2.4961
2025-07-04 18:46:01 - INFO - Saved checkpoint for epoch 200 to ./result/VNet_Multi_V3/Amos_20/Pth/model_epoch_200_checkpoint.pth
2025-07-04 18:46:04 - INFO - Epoch 201/600 finished. Average Training Loss: 2.4517
2025-07-04 18:46:07 - INFO - Epoch 202/600 finished. Average Training Loss: 2.1001
2025-07-04 18:46:10 - INFO - Epoch 203/600 finished. Average Training Loss: 2.3234
2025-07-04 18:46:13 - INFO - Epoch 204/600 finished. Average Training Loss: 2.1750
2025-07-04 18:46:17 - INFO - Epoch 205/600 finished. Average Training Loss: 2.2612
2025-07-04 18:46:20 - INFO - Epoch 206/600 finished. Average Training Loss: 2.3901
2025-07-04 18:46:23 - INFO - Epoch 207/600 finished. Average Training Loss: 2.2378
2025-07-04 18:46:26 - INFO - Epoch 208/600 finished. Average Training Loss: 2.2992
2025-07-04 18:46:29 - INFO - Epoch 209/600 finished. Average Training Loss: 2.3728
2025-07-04 18:46:32 - INFO - Epoch 210/600 finished. Average Training Loss: 2.4943
2025-07-04 18:46:35 - INFO - Epoch 211/600 finished. Average Training Loss: 2.3114
2025-07-04 18:46:39 - INFO - Epoch 212/600 finished. Average Training Loss: 2.0565
2025-07-04 18:46:42 - INFO - Epoch 213/600 finished. Average Training Loss: 2.5437
2025-07-04 18:46:45 - INFO - Epoch 214/600 finished. Average Training Loss: 2.2209
2025-07-04 18:46:48 - INFO - Epoch 215/600 finished. Average Training Loss: 2.1508
2025-07-04 18:46:51 - INFO - Epoch 216/600 finished. Average Training Loss: 2.3079
2025-07-04 18:46:54 - INFO - Epoch 217/600 finished. Average Training Loss: 2.1878
2025-07-04 18:46:57 - INFO - Epoch 218/600 finished. Average Training Loss: 2.4937
2025-07-04 18:47:01 - INFO - Epoch 219/600 finished. Average Training Loss: 2.0689
2025-07-04 18:47:04 - INFO - Epoch 220/600 finished. Average Training Loss: 2.2550
2025-07-04 18:47:04 - INFO - Saved checkpoint for epoch 220 to ./result/VNet_Multi_V3/Amos_20/Pth/model_epoch_220_checkpoint.pth
2025-07-04 18:47:07 - INFO - Epoch 221/600 finished. Average Training Loss: 1.8377
2025-07-04 18:47:10 - INFO - Epoch 222/600 finished. Average Training Loss: 2.0762
2025-07-04 18:47:13 - INFO - Epoch 223/600 finished. Average Training Loss: 2.1982
2025-07-04 18:47:16 - INFO - Epoch 224/600 finished. Average Training Loss: 2.1627
2025-07-04 18:47:19 - INFO - Epoch 225/600 finished. Average Training Loss: 2.3139
2025-07-04 18:47:23 - INFO - Epoch 226/600 finished. Average Training Loss: 2.1474
2025-07-04 18:47:26 - INFO - Epoch 227/600 finished. Average Training Loss: 2.1016
2025-07-04 18:47:29 - INFO - Epoch 228/600 finished. Average Training Loss: 1.9622
2025-07-04 18:47:32 - INFO - Epoch 229/600 finished. Average Training Loss: 1.9435
2025-07-04 18:47:35 - INFO - Epoch 230/600 finished. Average Training Loss: 2.1212
2025-07-04 18:47:38 - INFO - Epoch 231/600 finished. Average Training Loss: 2.1908
2025-07-04 18:47:41 - INFO - Epoch 232/600 finished. Average Training Loss: 2.0305
2025-07-04 18:47:45 - INFO - Epoch 233/600 finished. Average Training Loss: 2.0940
2025-07-04 18:47:48 - INFO - Epoch 234/600 finished. Average Training Loss: 2.1726
2025-07-04 18:47:51 - INFO - Epoch 235/600 finished. Average Training Loss: 2.0556
2025-07-04 18:47:54 - INFO - Epoch 236/600 finished. Average Training Loss: 2.1320
2025-07-04 18:47:57 - INFO - Epoch 237/600 finished. Average Training Loss: 2.2218
2025-07-04 18:48:00 - INFO - Epoch 238/600 finished. Average Training Loss: 1.9894
2025-07-04 18:48:03 - INFO - Epoch 239/600 finished. Average Training Loss: 1.9691
2025-07-04 18:48:07 - INFO - Epoch 240/600 finished. Average Training Loss: 2.1685
2025-07-04 18:48:07 - INFO - Saved checkpoint for epoch 240 to ./result/VNet_Multi_V3/Amos_20/Pth/model_epoch_240_checkpoint.pth
2025-07-04 18:48:10 - INFO - Epoch 241/600 finished. Average Training Loss: 1.9760
2025-07-04 18:48:13 - INFO - Epoch 242/600 finished. Average Training Loss: 1.9661
2025-07-04 18:48:16 - INFO - Epoch 243/600 finished. Average Training Loss: 1.8613
2025-07-04 18:48:20 - INFO - Epoch 244/600 finished. Average Training Loss: 2.0069
2025-07-04 18:48:23 - INFO - Epoch 245/600 finished. Average Training Loss: 2.1389
2025-07-04 18:48:26 - INFO - Epoch 246/600 finished. Average Training Loss: 2.0260
2025-07-04 18:48:29 - INFO - Epoch 247/600 finished. Average Training Loss: 1.8658
2025-07-04 18:48:32 - INFO - Epoch 248/600 finished. Average Training Loss: 1.8686
2025-07-04 18:48:35 - INFO - Epoch 249/600 finished. Average Training Loss: 2.1909
2025-07-04 18:48:39 - INFO - Epoch 250/600 finished. Average Training Loss: 1.9566
2025-07-04 18:48:42 - INFO - Epoch 251/600 finished. Average Training Loss: 1.7274
2025-07-04 18:48:45 - INFO - Epoch 252/600 finished. Average Training Loss: 1.9399
2025-07-04 18:48:48 - INFO - Epoch 253/600 finished. Average Training Loss: 2.2953
2025-07-04 18:48:51 - INFO - Epoch 254/600 finished. Average Training Loss: 1.7540
2025-07-04 18:48:54 - INFO - Epoch 255/600 finished. Average Training Loss: 2.0398
2025-07-04 18:48:58 - INFO - Epoch 256/600 finished. Average Training Loss: 1.9158
2025-07-04 18:49:01 - INFO - Epoch 257/600 finished. Average Training Loss: 1.7269
2025-07-04 18:49:04 - INFO - Epoch 258/600 finished. Average Training Loss: 1.7201
2025-07-04 18:49:07 - INFO - Epoch 259/600 finished. Average Training Loss: 1.9755
2025-07-04 18:49:11 - INFO - Epoch 260/600 finished. Average Training Loss: 1.8787
2025-07-04 18:49:11 - INFO - Saved checkpoint for epoch 260 to ./result/VNet_Multi_V3/Amos_20/Pth/model_epoch_260_checkpoint.pth
2025-07-04 18:49:14 - INFO - Epoch 261/600 finished. Average Training Loss: 1.8959
2025-07-04 18:49:17 - INFO - Epoch 262/600 finished. Average Training Loss: 1.7461
2025-07-04 18:49:20 - INFO - Epoch 263/600 finished. Average Training Loss: 1.9623
2025-07-04 18:49:23 - INFO - Epoch 264/600 finished. Average Training Loss: 1.9242
2025-07-04 18:49:26 - INFO - Epoch 265/600 finished. Average Training Loss: 1.6280
2025-07-04 18:49:30 - INFO - Epoch 266/600 finished. Average Training Loss: 2.0200
2025-07-04 18:49:33 - INFO - Epoch 267/600 finished. Average Training Loss: 1.8457
2025-07-04 18:49:36 - INFO - Epoch 268/600 finished. Average Training Loss: 2.0864
2025-07-04 18:49:39 - INFO - Epoch 269/600 finished. Average Training Loss: 2.0148
2025-07-04 18:49:42 - INFO - Epoch 270/600 finished. Average Training Loss: 1.8565
2025-07-04 18:49:45 - INFO - Epoch 271/600 finished. Average Training Loss: 1.8712
2025-07-04 18:49:49 - INFO - Epoch 272/600 finished. Average Training Loss: 1.7281
2025-07-04 18:49:52 - INFO - Epoch 273/600 finished. Average Training Loss: 1.8847
2025-07-04 18:49:55 - INFO - Epoch 274/600 finished. Average Training Loss: 1.7445
2025-07-04 18:49:58 - INFO - Epoch 275/600 finished. Average Training Loss: 1.7251
2025-07-04 18:50:01 - INFO - Epoch 276/600 finished. Average Training Loss: 2.0074
2025-07-04 18:50:04 - INFO - Epoch 277/600 finished. Average Training Loss: 1.8422
2025-07-04 18:50:07 - INFO - Epoch 278/600 finished. Average Training Loss: 1.7282
2025-07-04 18:50:10 - INFO - Epoch 279/600 finished. Average Training Loss: 2.1083
2025-07-04 18:50:14 - INFO - Epoch 280/600 finished. Average Training Loss: 1.9502
2025-07-04 18:50:14 - INFO - Saved checkpoint for epoch 280 to ./result/VNet_Multi_V3/Amos_20/Pth/model_epoch_280_checkpoint.pth
2025-07-04 18:50:17 - INFO - Epoch 281/600 finished. Average Training Loss: 1.8844
2025-07-04 18:50:20 - INFO - Epoch 282/600 finished. Average Training Loss: 1.6591
2025-07-04 18:50:23 - INFO - Epoch 283/600 finished. Average Training Loss: 1.7937
2025-07-04 18:50:26 - INFO - Epoch 284/600 finished. Average Training Loss: 1.6965
2025-07-04 18:50:29 - INFO - Epoch 285/600 finished. Average Training Loss: 1.9259
2025-07-04 18:50:32 - INFO - Epoch 286/600 finished. Average Training Loss: 1.8680
2025-07-04 18:50:36 - INFO - Epoch 287/600 finished. Average Training Loss: 1.8414
2025-07-04 18:50:39 - INFO - Epoch 288/600 finished. Average Training Loss: 1.6358
2025-07-04 18:50:42 - INFO - Epoch 289/600 finished. Average Training Loss: 1.6635
2025-07-04 18:50:45 - INFO - Epoch 290/600 finished. Average Training Loss: 1.8519
2025-07-04 18:50:48 - INFO - Epoch 291/600 finished. Average Training Loss: 1.7640
2025-07-04 18:50:51 - INFO - Epoch 292/600 finished. Average Training Loss: 1.5223
2025-07-04 18:50:54 - INFO - Epoch 293/600 finished. Average Training Loss: 1.7116
2025-07-04 18:50:58 - INFO - Epoch 294/600 finished. Average Training Loss: 1.9773
2025-07-04 18:51:01 - INFO - Epoch 295/600 finished. Average Training Loss: 1.6358
2025-07-04 18:51:04 - INFO - Epoch 296/600 finished. Average Training Loss: 1.7566
2025-07-04 18:51:07 - INFO - Epoch 297/600 finished. Average Training Loss: 1.5820
2025-07-04 18:51:10 - INFO - Epoch 298/600 finished. Average Training Loss: 1.8007
2025-07-04 18:51:13 - INFO - Epoch 299/600 finished. Average Training Loss: 1.7476
2025-07-04 18:51:16 - INFO - Epoch 300/600 finished. Average Training Loss: 1.7276
2025-07-04 18:51:17 - INFO - Saved checkpoint for epoch 300 to ./result/VNet_Multi_V3/Amos_20/Pth/model_epoch_300_checkpoint.pth
2025-07-04 18:51:20 - INFO - Epoch 301/600 finished. Average Training Loss: 1.7405
2025-07-04 18:51:23 - INFO - Epoch 302/600 finished. Average Training Loss: 1.8266
2025-07-04 18:51:26 - INFO - Epoch 303/600 finished. Average Training Loss: 1.7158
2025-07-04 18:51:29 - INFO - Epoch 304/600 finished. Average Training Loss: 1.7499
2025-07-04 18:51:32 - INFO - Epoch 305/600 finished. Average Training Loss: 1.5457
2025-07-04 18:51:35 - INFO - Epoch 306/600 finished. Average Training Loss: 1.6744
2025-07-04 18:51:38 - INFO - Epoch 307/600 finished. Average Training Loss: 1.4683
2025-07-04 18:51:42 - INFO - Epoch 308/600 finished. Average Training Loss: 1.5968
2025-07-04 18:51:45 - INFO - Epoch 309/600 finished. Average Training Loss: 1.7323
2025-07-04 18:51:48 - INFO - Epoch 310/600 finished. Average Training Loss: 1.7748
2025-07-04 18:51:51 - INFO - Epoch 311/600 finished. Average Training Loss: 1.5646
2025-07-04 18:51:54 - INFO - Epoch 312/600 finished. Average Training Loss: 1.4943
2025-07-04 18:51:57 - INFO - Epoch 313/600 finished. Average Training Loss: 1.6438
2025-07-04 18:52:00 - INFO - Epoch 314/600 finished. Average Training Loss: 1.8224
2025-07-04 18:52:04 - INFO - Epoch 315/600 finished. Average Training Loss: 1.7269
2025-07-04 18:52:07 - INFO - Epoch 316/600 finished. Average Training Loss: 1.6306
2025-07-04 18:52:10 - INFO - Epoch 317/600 finished. Average Training Loss: 1.8277
2025-07-04 18:52:13 - INFO - Epoch 318/600 finished. Average Training Loss: 1.5876
2025-07-04 18:52:16 - INFO - Epoch 319/600 finished. Average Training Loss: 1.6746
2025-07-04 18:52:19 - INFO - Epoch 320/600 finished. Average Training Loss: 1.6175
2025-07-04 18:52:19 - INFO - Saved checkpoint for epoch 320 to ./result/VNet_Multi_V3/Amos_20/Pth/model_epoch_320_checkpoint.pth
2025-07-04 18:52:23 - INFO - Epoch 321/600 finished. Average Training Loss: 1.7187
2025-07-04 18:52:26 - INFO - Epoch 322/600 finished. Average Training Loss: 1.5348
2025-07-04 18:52:29 - INFO - Epoch 323/600 finished. Average Training Loss: 1.4542
2025-07-04 18:52:32 - INFO - Epoch 324/600 finished. Average Training Loss: 1.5426
2025-07-04 18:52:36 - INFO - Epoch 325/600 finished. Average Training Loss: 1.5579
2025-07-04 18:52:39 - INFO - Epoch 326/600 finished. Average Training Loss: 1.7684
2025-07-04 18:52:42 - INFO - Epoch 327/600 finished. Average Training Loss: 1.6998
2025-07-04 18:52:45 - INFO - Epoch 328/600 finished. Average Training Loss: 1.6691
2025-07-04 18:52:48 - INFO - Epoch 329/600 finished. Average Training Loss: 1.7289
2025-07-04 18:52:51 - INFO - Epoch 330/600 finished. Average Training Loss: 1.6815
2025-07-04 18:52:54 - INFO - Epoch 331/600 finished. Average Training Loss: 1.4894
2025-07-04 18:52:58 - INFO - Epoch 332/600 finished. Average Training Loss: 1.6198
2025-07-04 18:53:01 - INFO - Epoch 333/600 finished. Average Training Loss: 1.6261
2025-07-04 18:53:04 - INFO - Epoch 334/600 finished. Average Training Loss: 1.5892
2025-07-04 18:53:07 - INFO - Epoch 335/600 finished. Average Training Loss: 1.4087
2025-07-04 18:53:10 - INFO - Epoch 336/600 finished. Average Training Loss: 1.5700
2025-07-04 18:53:13 - INFO - Epoch 337/600 finished. Average Training Loss: 1.5265
2025-07-04 18:53:16 - INFO - Epoch 338/600 finished. Average Training Loss: 1.6601
2025-07-04 18:53:20 - INFO - Epoch 339/600 finished. Average Training Loss: 1.4202
2025-07-04 18:53:23 - INFO - Epoch 340/600 finished. Average Training Loss: 1.3975
2025-07-04 18:53:23 - INFO - Saved checkpoint for epoch 340 to ./result/VNet_Multi_V3/Amos_20/Pth/model_epoch_340_checkpoint.pth
2025-07-04 18:53:26 - INFO - Epoch 341/600 finished. Average Training Loss: 1.6343
2025-07-04 18:53:29 - INFO - Epoch 342/600 finished. Average Training Loss: 1.6045
2025-07-04 18:53:32 - INFO - Epoch 343/600 finished. Average Training Loss: 1.3059
2025-07-04 18:53:35 - INFO - Epoch 344/600 finished. Average Training Loss: 1.6771
2025-07-04 18:53:38 - INFO - Epoch 345/600 finished. Average Training Loss: 1.3149
2025-07-04 18:53:42 - INFO - Epoch 346/600 finished. Average Training Loss: 1.4552
2025-07-04 18:53:45 - INFO - Epoch 347/600 finished. Average Training Loss: 1.4676
2025-07-04 18:53:48 - INFO - Epoch 348/600 finished. Average Training Loss: 1.5633
2025-07-04 18:53:51 - INFO - Epoch 349/600 finished. Average Training Loss: 1.5450
2025-07-04 18:53:54 - INFO - Epoch 350/600 finished. Average Training Loss: 1.6263
2025-07-04 18:53:57 - INFO - Epoch 351/600 finished. Average Training Loss: 1.4832
2025-07-04 18:54:01 - INFO - Epoch 352/600 finished. Average Training Loss: 1.3688
2025-07-04 18:54:04 - INFO - Epoch 353/600 finished. Average Training Loss: 1.8143
2025-07-04 18:54:07 - INFO - Epoch 354/600 finished. Average Training Loss: 1.4353
2025-07-04 18:54:10 - INFO - Epoch 355/600 finished. Average Training Loss: 1.4391
2025-07-04 18:54:13 - INFO - Epoch 356/600 finished. Average Training Loss: 1.5501
2025-07-04 18:54:16 - INFO - Epoch 357/600 finished. Average Training Loss: 1.2779
2025-07-04 18:54:19 - INFO - Epoch 358/600 finished. Average Training Loss: 1.5136
2025-07-04 18:54:23 - INFO - Epoch 359/600 finished. Average Training Loss: 1.4773
2025-07-04 18:54:26 - INFO - Epoch 360/600 finished. Average Training Loss: 1.5207
2025-07-04 18:54:26 - INFO - Saved checkpoint for epoch 360 to ./result/VNet_Multi_V3/Amos_20/Pth/model_epoch_360_checkpoint.pth
2025-07-04 18:54:29 - INFO - Epoch 361/600 finished. Average Training Loss: 1.6265
2025-07-04 18:54:32 - INFO - Epoch 362/600 finished. Average Training Loss: 1.5859
2025-07-04 18:54:35 - INFO - Epoch 363/600 finished. Average Training Loss: 1.4618
2025-07-04 18:54:38 - INFO - Epoch 364/600 finished. Average Training Loss: 1.4614
2025-07-04 18:54:41 - INFO - Epoch 365/600 finished. Average Training Loss: 1.5456
2025-07-04 18:54:45 - INFO - Epoch 366/600 finished. Average Training Loss: 1.4273
2025-07-04 18:54:48 - INFO - Epoch 367/600 finished. Average Training Loss: 1.5071
2025-07-04 18:54:51 - INFO - Epoch 368/600 finished. Average Training Loss: 1.2984
2025-07-04 18:54:54 - INFO - Epoch 369/600 finished. Average Training Loss: 1.4489
2025-07-04 18:54:57 - INFO - Epoch 370/600 finished. Average Training Loss: 1.2183
2025-07-04 18:55:00 - INFO - Epoch 371/600 finished. Average Training Loss: 1.5655
2025-07-04 18:55:04 - INFO - Epoch 372/600 finished. Average Training Loss: 1.5025
2025-07-04 18:55:07 - INFO - Epoch 373/600 finished. Average Training Loss: 1.6849
2025-07-04 18:55:10 - INFO - Epoch 374/600 finished. Average Training Loss: 1.4599
2025-07-04 18:55:13 - INFO - Epoch 375/600 finished. Average Training Loss: 1.4847
2025-07-04 18:55:16 - INFO - Epoch 376/600 finished. Average Training Loss: 1.5876
2025-07-04 18:55:19 - INFO - Epoch 377/600 finished. Average Training Loss: 1.5638
2025-07-04 18:55:23 - INFO - Epoch 378/600 finished. Average Training Loss: 1.2522
2025-07-04 18:55:26 - INFO - Epoch 379/600 finished. Average Training Loss: 1.2860
2025-07-04 18:55:29 - INFO - Epoch 380/600 finished. Average Training Loss: 1.3415
2025-07-04 18:55:29 - INFO - Saved checkpoint for epoch 380 to ./result/VNet_Multi_V3/Amos_20/Pth/model_epoch_380_checkpoint.pth
2025-07-04 18:55:32 - INFO - Epoch 381/600 finished. Average Training Loss: 1.3485
2025-07-04 18:55:35 - INFO - Epoch 382/600 finished. Average Training Loss: 1.3030
2025-07-04 18:55:38 - INFO - Epoch 383/600 finished. Average Training Loss: 1.2751
2025-07-04 18:55:41 - INFO - Epoch 384/600 finished. Average Training Loss: 1.2116
2025-07-04 18:55:45 - INFO - Epoch 385/600 finished. Average Training Loss: 1.4592
2025-07-04 18:55:48 - INFO - Epoch 386/600 finished. Average Training Loss: 1.1526
2025-07-04 18:55:51 - INFO - Epoch 387/600 finished. Average Training Loss: 1.2530
2025-07-04 18:55:54 - INFO - Epoch 388/600 finished. Average Training Loss: 1.3906
2025-07-04 18:55:57 - INFO - Epoch 389/600 finished. Average Training Loss: 1.4498
2025-07-04 18:56:00 - INFO - Epoch 390/600 finished. Average Training Loss: 1.3753
2025-07-04 18:56:04 - INFO - Epoch 391/600 finished. Average Training Loss: 1.5327
2025-07-04 18:56:07 - INFO - Epoch 392/600 finished. Average Training Loss: 1.4622
2025-07-04 18:56:10 - INFO - Epoch 393/600 finished. Average Training Loss: 1.4835
2025-07-04 18:56:13 - INFO - Epoch 394/600 finished. Average Training Loss: 1.4224
2025-07-04 18:56:17 - INFO - Epoch 395/600 finished. Average Training Loss: 1.2708
2025-07-04 18:56:20 - INFO - Epoch 396/600 finished. Average Training Loss: 1.5317
2025-07-04 18:56:23 - INFO - Epoch 397/600 finished. Average Training Loss: 1.3080
2025-07-04 18:56:26 - INFO - Epoch 398/600 finished. Average Training Loss: 1.2220
2025-07-04 18:56:29 - INFO - Epoch 399/600 finished. Average Training Loss: 1.2815
2025-07-04 18:56:32 - INFO - Epoch 400/600 finished. Average Training Loss: 1.3383
2025-07-04 18:56:32 - INFO - Saved checkpoint for epoch 400 to ./result/VNet_Multi_V3/Amos_20/Pth/model_epoch_400_checkpoint.pth
2025-07-04 18:56:35 - INFO - Epoch 401/600 finished. Average Training Loss: 1.3016
2025-07-04 18:56:39 - INFO - Epoch 402/600 finished. Average Training Loss: 1.4126
2025-07-04 18:56:42 - INFO - Epoch 403/600 finished. Average Training Loss: 1.2226
2025-07-04 18:56:45 - INFO - Epoch 404/600 finished. Average Training Loss: 1.2895
2025-07-04 18:56:48 - INFO - Epoch 405/600 finished. Average Training Loss: 1.2861
2025-07-04 18:56:51 - INFO - Epoch 406/600 finished. Average Training Loss: 1.2408
2025-07-04 18:56:54 - INFO - Epoch 407/600 finished. Average Training Loss: 1.2150
2025-07-04 18:56:58 - INFO - Epoch 408/600 finished. Average Training Loss: 1.2955
2025-07-04 18:57:01 - INFO - Epoch 409/600 finished. Average Training Loss: 1.2575
2025-07-04 18:57:04 - INFO - Epoch 410/600 finished. Average Training Loss: 1.3234
2025-07-04 18:57:07 - INFO - Epoch 411/600 finished. Average Training Loss: 1.2648
2025-07-04 18:57:10 - INFO - Epoch 412/600 finished. Average Training Loss: 1.3255
2025-07-04 18:57:13 - INFO - Epoch 413/600 finished. Average Training Loss: 1.1488
2025-07-04 18:57:16 - INFO - Epoch 414/600 finished. Average Training Loss: 1.2383
2025-07-04 18:57:19 - INFO - Epoch 415/600 finished. Average Training Loss: 1.1790
2025-07-04 18:57:23 - INFO - Epoch 416/600 finished. Average Training Loss: 1.1608
2025-07-04 18:57:26 - INFO - Epoch 417/600 finished. Average Training Loss: 1.5156
2025-07-04 18:57:29 - INFO - Epoch 418/600 finished. Average Training Loss: 1.2343
2025-07-04 18:57:32 - INFO - Epoch 419/600 finished. Average Training Loss: 1.2939
2025-07-04 18:57:35 - INFO - Epoch 420/600 finished. Average Training Loss: 1.2974
2025-07-04 18:57:35 - INFO - Saved checkpoint for epoch 420 to ./result/VNet_Multi_V3/Amos_20/Pth/model_epoch_420_checkpoint.pth
2025-07-04 18:57:38 - INFO - Epoch 421/600 finished. Average Training Loss: 1.0321
2025-07-04 18:57:42 - INFO - Epoch 422/600 finished. Average Training Loss: 1.1300
2025-07-04 18:57:45 - INFO - Epoch 423/600 finished. Average Training Loss: 1.3118
2025-07-04 18:57:48 - INFO - Epoch 424/600 finished. Average Training Loss: 1.2918
2025-07-04 18:57:51 - INFO - Epoch 425/600 finished. Average Training Loss: 1.4770
2025-07-04 18:57:54 - INFO - Epoch 426/600 finished. Average Training Loss: 1.1730
2025-07-04 18:57:57 - INFO - Epoch 427/600 finished. Average Training Loss: 1.2583
2025-07-04 18:58:01 - INFO - Epoch 428/600 finished. Average Training Loss: 1.1579
2025-07-04 18:58:04 - INFO - Epoch 429/600 finished. Average Training Loss: 1.4761
2025-07-04 18:58:07 - INFO - Epoch 430/600 finished. Average Training Loss: 1.1776
2025-07-04 18:58:10 - INFO - Epoch 431/600 finished. Average Training Loss: 0.9949
2025-07-04 18:58:13 - INFO - Epoch 432/600 finished. Average Training Loss: 1.1805
2025-07-04 18:58:16 - INFO - Epoch 433/600 finished. Average Training Loss: 1.4764
2025-07-04 18:58:20 - INFO - Epoch 434/600 finished. Average Training Loss: 1.1305
2025-07-04 18:58:23 - INFO - Epoch 435/600 finished. Average Training Loss: 1.0078
2025-07-04 18:58:26 - INFO - Epoch 436/600 finished. Average Training Loss: 1.2758
2025-07-04 18:58:29 - INFO - Epoch 437/600 finished. Average Training Loss: 1.1510
2025-07-04 18:58:32 - INFO - Epoch 438/600 finished. Average Training Loss: 1.0347
2025-07-04 18:58:35 - INFO - Epoch 439/600 finished. Average Training Loss: 0.9599
2025-07-04 18:58:39 - INFO - Epoch 440/600 finished. Average Training Loss: 1.3833
2025-07-04 18:58:39 - INFO - Saved checkpoint for epoch 440 to ./result/VNet_Multi_V3/Amos_20/Pth/model_epoch_440_checkpoint.pth
2025-07-04 18:58:42 - INFO - Epoch 441/600 finished. Average Training Loss: 1.1587
2025-07-04 18:58:45 - INFO - Epoch 442/600 finished. Average Training Loss: 0.8950
2025-07-04 18:58:48 - INFO - Epoch 443/600 finished. Average Training Loss: 1.0601
2025-07-04 18:58:51 - INFO - Epoch 444/600 finished. Average Training Loss: 1.3632
2025-07-04 18:58:54 - INFO - Epoch 445/600 finished. Average Training Loss: 1.1465
2025-07-04 18:58:58 - INFO - Epoch 446/600 finished. Average Training Loss: 1.1811
2025-07-04 18:59:01 - INFO - Epoch 447/600 finished. Average Training Loss: 1.2524
2025-07-04 18:59:04 - INFO - Epoch 448/600 finished. Average Training Loss: 1.0872
2025-07-04 18:59:07 - INFO - Epoch 449/600 finished. Average Training Loss: 1.1885
2025-07-04 18:59:10 - INFO - Epoch 450/600 finished. Average Training Loss: 1.1292
2025-07-04 18:59:13 - INFO - Epoch 451/600 finished. Average Training Loss: 1.1568
2025-07-04 18:59:16 - INFO - Epoch 452/600 finished. Average Training Loss: 1.3537
2025-07-04 18:59:20 - INFO - Epoch 453/600 finished. Average Training Loss: 1.3521
2025-07-04 18:59:23 - INFO - Epoch 454/600 finished. Average Training Loss: 1.2424
2025-07-04 18:59:26 - INFO - Epoch 455/600 finished. Average Training Loss: 1.3894
2025-07-04 18:59:29 - INFO - Epoch 456/600 finished. Average Training Loss: 1.1276
2025-07-04 18:59:32 - INFO - Epoch 457/600 finished. Average Training Loss: 1.1748
2025-07-04 18:59:35 - INFO - Epoch 458/600 finished. Average Training Loss: 1.1975
2025-07-04 18:59:38 - INFO - Epoch 459/600 finished. Average Training Loss: 1.0348
2025-07-04 18:59:42 - INFO - Epoch 460/600 finished. Average Training Loss: 1.0269
2025-07-04 18:59:42 - INFO - Saved checkpoint for epoch 460 to ./result/VNet_Multi_V3/Amos_20/Pth/model_epoch_460_checkpoint.pth
2025-07-04 18:59:45 - INFO - Epoch 461/600 finished. Average Training Loss: 0.9582
2025-07-04 18:59:48 - INFO - Epoch 462/600 finished. Average Training Loss: 1.0836
2025-07-04 18:59:51 - INFO - Epoch 463/600 finished. Average Training Loss: 1.1984
2025-07-04 18:59:54 - INFO - Epoch 464/600 finished. Average Training Loss: 1.0260
2025-07-04 18:59:57 - INFO - Epoch 465/600 finished. Average Training Loss: 1.0293
2025-07-04 19:00:00 - INFO - Epoch 466/600 finished. Average Training Loss: 1.1428
2025-07-04 19:00:04 - INFO - Epoch 467/600 finished. Average Training Loss: 1.0429
2025-07-04 19:00:07 - INFO - Epoch 468/600 finished. Average Training Loss: 1.1920
2025-07-04 19:00:10 - INFO - Epoch 469/600 finished. Average Training Loss: 0.7931
2025-07-04 19:00:13 - INFO - Epoch 470/600 finished. Average Training Loss: 1.4587
2025-07-04 19:00:16 - INFO - Epoch 471/600 finished. Average Training Loss: 1.1631
2025-07-04 19:00:19 - INFO - Epoch 472/600 finished. Average Training Loss: 1.0387
2025-07-04 19:00:23 - INFO - Epoch 473/600 finished. Average Training Loss: 1.3763
2025-07-04 19:00:26 - INFO - Epoch 474/600 finished. Average Training Loss: 1.3723
2025-07-04 19:00:29 - INFO - Epoch 475/600 finished. Average Training Loss: 1.1896
2025-07-04 19:00:32 - INFO - Epoch 476/600 finished. Average Training Loss: 1.0990
2025-07-04 19:00:35 - INFO - Epoch 477/600 finished. Average Training Loss: 1.0091
2025-07-04 19:00:38 - INFO - Epoch 478/600 finished. Average Training Loss: 0.9516
2025-07-04 19:00:42 - INFO - Epoch 479/600 finished. Average Training Loss: 1.0385
2025-07-04 19:00:45 - INFO - Epoch 480/600 finished. Average Training Loss: 0.8826
2025-07-04 19:00:45 - INFO - Saved checkpoint for epoch 480 to ./result/VNet_Multi_V3/Amos_20/Pth/model_epoch_480_checkpoint.pth
2025-07-04 19:00:48 - INFO - Epoch 481/600 finished. Average Training Loss: 0.9612
2025-07-04 19:00:51 - INFO - Epoch 482/600 finished. Average Training Loss: 0.9880
2025-07-04 19:00:54 - INFO - Epoch 483/600 finished. Average Training Loss: 1.0818
2025-07-04 19:00:57 - INFO - Epoch 484/600 finished. Average Training Loss: 1.3002
2025-07-04 19:01:01 - INFO - Epoch 485/600 finished. Average Training Loss: 1.0078
2025-07-04 19:01:04 - INFO - Epoch 486/600 finished. Average Training Loss: 1.1999
2025-07-04 19:01:07 - INFO - Epoch 487/600 finished. Average Training Loss: 1.0750
2025-07-04 19:01:10 - INFO - Epoch 488/600 finished. Average Training Loss: 1.0479
2025-07-04 19:01:13 - INFO - Epoch 489/600 finished. Average Training Loss: 1.0683
2025-07-04 19:01:16 - INFO - Epoch 490/600 finished. Average Training Loss: 1.0938
2025-07-04 19:01:20 - INFO - Epoch 491/600 finished. Average Training Loss: 1.3306
2025-07-04 19:01:23 - INFO - Epoch 492/600 finished. Average Training Loss: 1.1094
2025-07-04 19:01:26 - INFO - Epoch 493/600 finished. Average Training Loss: 1.0104
2025-07-04 19:01:29 - INFO - Epoch 494/600 finished. Average Training Loss: 1.0018
2025-07-04 19:01:32 - INFO - Epoch 495/600 finished. Average Training Loss: 0.9572
2025-07-04 19:01:35 - INFO - Epoch 496/600 finished. Average Training Loss: 1.0133
2025-07-04 19:01:39 - INFO - Epoch 497/600 finished. Average Training Loss: 1.0595
2025-07-04 19:01:42 - INFO - Epoch 498/600 finished. Average Training Loss: 1.1126
2025-07-04 19:01:45 - INFO - Epoch 499/600 finished. Average Training Loss: 1.0156
2025-07-04 19:01:48 - INFO - Epoch 500/600 finished. Average Training Loss: 1.0316
2025-07-04 19:01:49 - INFO - Saved checkpoint for epoch 500 to ./result/VNet_Multi_V3/Amos_20/Pth/model_epoch_500_checkpoint.pth
2025-07-04 19:01:52 - INFO - Epoch 501/600 finished. Average Training Loss: 0.9662
2025-07-04 19:01:55 - INFO - Epoch 502/600 finished. Average Training Loss: 0.9845
2025-07-04 19:01:58 - INFO - Epoch 503/600 finished. Average Training Loss: 1.1609
2025-07-04 19:02:01 - INFO - Epoch 504/600 finished. Average Training Loss: 1.1252
2025-07-04 19:02:04 - INFO - Epoch 505/600 finished. Average Training Loss: 1.1931
2025-07-04 19:02:07 - INFO - Epoch 506/600 finished. Average Training Loss: 1.0981
2025-07-04 19:02:11 - INFO - Epoch 507/600 finished. Average Training Loss: 0.9225
2025-07-04 19:02:14 - INFO - Epoch 508/600 finished. Average Training Loss: 1.1407
2025-07-04 19:02:17 - INFO - Epoch 509/600 finished. Average Training Loss: 0.9535
2025-07-04 19:02:20 - INFO - Epoch 510/600 finished. Average Training Loss: 0.9399
2025-07-04 19:02:23 - INFO - Epoch 511/600 finished. Average Training Loss: 1.1373
2025-07-04 19:02:26 - INFO - Epoch 512/600 finished. Average Training Loss: 1.4261
2025-07-04 19:02:30 - INFO - Epoch 513/600 finished. Average Training Loss: 0.9696
2025-07-04 19:02:33 - INFO - Epoch 514/600 finished. Average Training Loss: 0.9061
2025-07-04 19:02:36 - INFO - Epoch 515/600 finished. Average Training Loss: 0.9960
2025-07-04 19:02:39 - INFO - Epoch 516/600 finished. Average Training Loss: 1.0795
2025-07-04 19:02:42 - INFO - Epoch 517/600 finished. Average Training Loss: 0.9896
2025-07-04 19:02:45 - INFO - Epoch 518/600 finished. Average Training Loss: 0.9455
2025-07-04 19:02:49 - INFO - Epoch 519/600 finished. Average Training Loss: 0.9202
2025-07-04 19:02:52 - INFO - Epoch 520/600 finished. Average Training Loss: 0.8710
2025-07-04 19:02:52 - INFO - Saved checkpoint for epoch 520 to ./result/VNet_Multi_V3/Amos_20/Pth/model_epoch_520_checkpoint.pth
2025-07-04 19:02:55 - INFO - Epoch 521/600 finished. Average Training Loss: 0.7906
2025-07-04 19:02:58 - INFO - Epoch 522/600 finished. Average Training Loss: 1.0192
2025-07-04 19:03:01 - INFO - Epoch 523/600 finished. Average Training Loss: 1.1076
2025-07-04 19:03:05 - INFO - Epoch 524/600 finished. Average Training Loss: 0.9484
2025-07-04 19:03:08 - INFO - Epoch 525/600 finished. Average Training Loss: 0.9668
2025-07-04 19:03:11 - INFO - Epoch 526/600 finished. Average Training Loss: 0.8862
2025-07-04 19:03:14 - INFO - Epoch 527/600 finished. Average Training Loss: 1.0373
2025-07-04 19:03:17 - INFO - Epoch 528/600 finished. Average Training Loss: 0.8617
2025-07-04 19:03:20 - INFO - Epoch 529/600 finished. Average Training Loss: 0.9922
2025-07-04 19:03:24 - INFO - Epoch 530/600 finished. Average Training Loss: 0.9029
2025-07-04 19:03:27 - INFO - Epoch 531/600 finished. Average Training Loss: 0.8288
2025-07-04 19:03:30 - INFO - Epoch 532/600 finished. Average Training Loss: 0.9382
2025-07-04 19:03:33 - INFO - Epoch 533/600 finished. Average Training Loss: 1.1094
2025-07-04 19:03:36 - INFO - Epoch 534/600 finished. Average Training Loss: 1.1217
2025-07-04 19:03:39 - INFO - Epoch 535/600 finished. Average Training Loss: 0.9117
2025-07-04 19:03:42 - INFO - Epoch 536/600 finished. Average Training Loss: 0.9222
2025-07-04 19:03:46 - INFO - Epoch 537/600 finished. Average Training Loss: 1.0613
2025-07-04 19:03:49 - INFO - Epoch 538/600 finished. Average Training Loss: 1.0499
2025-07-04 19:03:52 - INFO - Epoch 539/600 finished. Average Training Loss: 0.8660
2025-07-04 19:03:55 - INFO - Epoch 540/600 finished. Average Training Loss: 1.0003
2025-07-04 19:03:55 - INFO - Saved checkpoint for epoch 540 to ./result/VNet_Multi_V3/Amos_20/Pth/model_epoch_540_checkpoint.pth
2025-07-04 19:03:58 - INFO - Epoch 541/600 finished. Average Training Loss: 0.7528
2025-07-04 19:04:01 - INFO - Epoch 542/600 finished. Average Training Loss: 0.8399
2025-07-04 19:04:04 - INFO - Epoch 543/600 finished. Average Training Loss: 0.7206
2025-07-04 19:04:07 - INFO - Epoch 544/600 finished. Average Training Loss: 0.7549
2025-07-04 19:04:10 - INFO - Epoch 545/600 finished. Average Training Loss: 0.8153
2025-07-04 19:04:14 - INFO - Epoch 546/600 finished. Average Training Loss: 1.1816
2025-07-04 19:04:17 - INFO - Epoch 547/600 finished. Average Training Loss: 1.0515
2025-07-04 19:04:20 - INFO - Epoch 548/600 finished. Average Training Loss: 0.9834
2025-07-04 19:04:23 - INFO - Epoch 549/600 finished. Average Training Loss: 0.7278
2025-07-04 19:04:26 - INFO - Epoch 550/600 finished. Average Training Loss: 1.0332
2025-07-04 19:04:29 - INFO - Epoch 551/600 finished. Average Training Loss: 0.8724
2025-07-04 19:04:32 - INFO - Epoch 552/600 finished. Average Training Loss: 0.8920
2025-07-04 19:04:36 - INFO - Epoch 553/600 finished. Average Training Loss: 0.9718
2025-07-04 19:04:39 - INFO - Epoch 554/600 finished. Average Training Loss: 1.1245
2025-07-04 19:04:42 - INFO - Epoch 555/600 finished. Average Training Loss: 0.8579
2025-07-04 19:04:45 - INFO - Epoch 556/600 finished. Average Training Loss: 1.1521
2025-07-04 19:04:48 - INFO - Epoch 557/600 finished. Average Training Loss: 0.7951
2025-07-04 19:04:51 - INFO - Epoch 558/600 finished. Average Training Loss: 0.8354
2025-07-04 19:04:54 - INFO - Epoch 559/600 finished. Average Training Loss: 1.0323
2025-07-04 19:04:58 - INFO - Epoch 560/600 finished. Average Training Loss: 0.8364
2025-07-04 19:04:58 - INFO - Saved checkpoint for epoch 560 to ./result/VNet_Multi_V3/Amos_20/Pth/model_epoch_560_checkpoint.pth
2025-07-04 19:05:01 - INFO - Epoch 561/600 finished. Average Training Loss: 0.8407
2025-07-04 19:05:04 - INFO - Epoch 562/600 finished. Average Training Loss: 0.9798
2025-07-04 19:05:07 - INFO - Epoch 563/600 finished. Average Training Loss: 0.7114
2025-07-04 19:05:10 - INFO - Epoch 564/600 finished. Average Training Loss: 0.8662
2025-07-04 19:05:13 - INFO - Epoch 565/600 finished. Average Training Loss: 0.6713
2025-07-04 19:05:16 - INFO - Epoch 566/600 finished. Average Training Loss: 0.8819
2025-07-04 19:05:20 - INFO - Epoch 567/600 finished. Average Training Loss: 0.7851
2025-07-04 19:05:23 - INFO - Epoch 568/600 finished. Average Training Loss: 0.7263
2025-07-04 19:05:26 - INFO - Epoch 569/600 finished. Average Training Loss: 1.0074
2025-07-04 19:05:29 - INFO - Epoch 570/600 finished. Average Training Loss: 0.9510
2025-07-04 19:05:32 - INFO - Epoch 571/600 finished. Average Training Loss: 1.0621
2025-07-04 19:05:35 - INFO - Epoch 572/600 finished. Average Training Loss: 0.8086
2025-07-04 19:05:39 - INFO - Epoch 573/600 finished. Average Training Loss: 1.0578
2025-07-04 19:05:42 - INFO - Epoch 574/600 finished. Average Training Loss: 0.7435
2025-07-04 19:05:45 - INFO - Epoch 575/600 finished. Average Training Loss: 0.7644
2025-07-04 19:05:48 - INFO - Epoch 576/600 finished. Average Training Loss: 0.8558
2025-07-04 19:05:51 - INFO - Epoch 577/600 finished. Average Training Loss: 0.9031
2025-07-04 19:05:54 - INFO - Epoch 578/600 finished. Average Training Loss: 0.7365
2025-07-04 19:05:57 - INFO - Epoch 579/600 finished. Average Training Loss: 0.6436
2025-07-04 19:06:01 - INFO - Epoch 580/600 finished. Average Training Loss: 0.7868
2025-07-04 19:06:01 - INFO - Saved checkpoint for epoch 580 to ./result/VNet_Multi_V3/Amos_20/Pth/model_epoch_580_checkpoint.pth
2025-07-04 19:06:04 - INFO - Epoch 581/600 finished. Average Training Loss: 1.1209
2025-07-04 19:06:07 - INFO - Epoch 582/600 finished. Average Training Loss: 0.7956
2025-07-04 19:06:10 - INFO - Epoch 583/600 finished. Average Training Loss: 0.7992
2025-07-04 19:06:13 - INFO - Epoch 584/600 finished. Average Training Loss: 0.7556
2025-07-04 19:06:16 - INFO - Epoch 585/600 finished. Average Training Loss: 0.9871
2025-07-04 19:06:19 - INFO - Epoch 586/600 finished. Average Training Loss: 0.8881
2025-07-04 19:06:22 - INFO - Epoch 587/600 finished. Average Training Loss: 1.0236
2025-07-04 19:06:26 - INFO - Epoch 588/600 finished. Average Training Loss: 1.0002
2025-07-04 19:06:29 - INFO - Epoch 589/600 finished. Average Training Loss: 0.7377
2025-07-04 19:06:32 - INFO - Epoch 590/600 finished. Average Training Loss: 0.7947
2025-07-04 19:06:35 - INFO - Epoch 591/600 finished. Average Training Loss: 0.8282
2025-07-04 19:06:38 - INFO - Epoch 592/600 finished. Average Training Loss: 0.9426
2025-07-04 19:06:41 - INFO - Epoch 593/600 finished. Average Training Loss: 0.9744
2025-07-04 19:06:45 - INFO - Epoch 594/600 finished. Average Training Loss: 0.6858
2025-07-04 19:06:48 - INFO - Epoch 595/600 finished. Average Training Loss: 0.8541
2025-07-04 19:06:51 - INFO - Epoch 596/600 finished. Average Training Loss: 0.7899
2025-07-04 19:06:54 - INFO - Epoch 597/600 finished. Average Training Loss: 0.7895
2025-07-04 19:06:57 - INFO - Epoch 598/600 finished. Average Training Loss: 0.8718
2025-07-04 19:07:00 - INFO - Epoch 599/600 finished. Average Training Loss: 0.6357
2025-07-04 19:07:03 - INFO - Epoch 600/600 finished. Average Training Loss: 0.8941
2025-07-04 19:07:03 - INFO - Saved checkpoint for epoch 600 to ./result/VNet_Multi_V3/Amos_20/Pth/model_epoch_600_checkpoint.pth
2025-07-04 19:07:03 - INFO - Training complete! Total duration: 0h 31m 31s
2025-07-04 19:07:03 - INFO - ======================================== Training Session Ended ========================================

