2025-05-10 23:53:36 - INFO - Logging is set up.
2025-05-10 23:53:36 - INFO - 训练配置参数:
{'seed': 42, 'epochs': 1000, 'batch_size': 5, 'num_classes': 2, 'learning_rate': 0.001, 'dataset_path': './datasets/LA', 'log_path': './result/SAM3D_VNet_SSL/LA_16_SemiSupervised_V9/Training.log', 'pth_path': './result/SAM3D_VNet_SSL/LA_16_SemiSupervised_V9/Pth', 'tensorboard_path': './result/SAM3D_VNet_SSL/LA_16_SemiSupervised_V9/Train', 'continue_train': False, 'multi_gpu': True, 'training_label_num': 16, 'training_unlabel_num': 64, 'label_bs': 1, 'unlabel_bs': 4, 'consistency_weight': 0.3, 'pretrained_weights': None}
2025-05-10 23:53:38 - INFO - 使用 2 个GPU
2025-05-10 23:53:38 - INFO - 模型总参数: 115,813,347
2025-05-10 23:53:38 - INFO - 可训练参数: 115,813,347
2025-05-10 23:54:18 - INFO - Epoch 1/1000, Loss: 0.9214, Dice: 0.8990, MSE: 0.0747
2025-05-10 23:54:54 - INFO - Epoch 2/1000, Loss: 0.8514, Dice: 0.8429, MSE: 0.0285
2025-05-10 23:55:28 - INFO - Epoch 3/1000, Loss: 0.8304, Dice: 0.8240, MSE: 0.0216
2025-05-10 23:56:03 - INFO - Epoch 4/1000, Loss: 0.8437, Dice: 0.8402, MSE: 0.0116
2025-05-10 23:56:37 - INFO - Epoch 5/1000, Loss: 0.8297, Dice: 0.8259, MSE: 0.0126
2025-05-10 23:57:10 - INFO - Epoch 6/1000, Loss: 0.8405, Dice: 0.8364, MSE: 0.0137
2025-05-10 23:57:46 - INFO - Epoch 7/1000, Loss: 0.8307, Dice: 0.8270, MSE: 0.0121
2025-05-10 23:58:22 - INFO - Epoch 8/1000, Loss: 0.8209, Dice: 0.8183, MSE: 0.0090
2025-05-10 23:58:57 - INFO - Epoch 9/1000, Loss: 0.8252, Dice: 0.8224, MSE: 0.0095
2025-05-10 23:59:32 - INFO - Epoch 10/1000, Loss: 0.8233, Dice: 0.8206, MSE: 0.0092
2025-05-11 00:00:07 - INFO - Epoch 11/1000, Loss: 0.8201, Dice: 0.8172, MSE: 0.0097
2025-05-11 00:00:41 - INFO - Epoch 12/1000, Loss: 0.8326, Dice: 0.8306, MSE: 0.0067
2025-05-11 00:01:15 - INFO - Epoch 13/1000, Loss: 0.8228, Dice: 0.8202, MSE: 0.0086
2025-05-11 00:01:50 - INFO - Epoch 14/1000, Loss: 0.8191, Dice: 0.8173, MSE: 0.0058
2025-05-11 00:02:24 - INFO - Epoch 15/1000, Loss: 0.8229, Dice: 0.8207, MSE: 0.0073
2025-05-11 00:02:59 - INFO - Epoch 16/1000, Loss: 0.8149, Dice: 0.8132, MSE: 0.0057
2025-05-11 00:03:33 - INFO - Epoch 17/1000, Loss: 0.8135, Dice: 0.8121, MSE: 0.0047
2025-05-11 00:04:07 - INFO - Epoch 18/1000, Loss: 0.8266, Dice: 0.8246, MSE: 0.0065
2025-05-11 00:04:42 - INFO - Epoch 19/1000, Loss: 0.8251, Dice: 0.8236, MSE: 0.0048
2025-05-11 00:05:16 - INFO - Epoch 20/1000, Loss: 0.8173, Dice: 0.8158, MSE: 0.0049
2025-05-11 00:05:18 - INFO - 模型已保存至: epoch_20.pth
2025-05-11 00:05:45 - INFO - Epoch 21/1000, Loss: 0.8210, Dice: 0.8192, MSE: 0.0059
2025-05-11 00:06:19 - INFO - Epoch 22/1000, Loss: 0.8074, Dice: 0.8062, MSE: 0.0037
2025-05-11 00:06:54 - INFO - Epoch 23/1000, Loss: 0.8140, Dice: 0.8126, MSE: 0.0048
2025-05-11 00:07:29 - INFO - Epoch 24/1000, Loss: 0.8200, Dice: 0.8182, MSE: 0.0061
2025-05-11 00:08:04 - INFO - Epoch 25/1000, Loss: 0.8187, Dice: 0.8169, MSE: 0.0062
2025-05-11 00:08:39 - INFO - Epoch 26/1000, Loss: 0.8077, Dice: 0.8066, MSE: 0.0037
2025-05-11 00:09:14 - INFO - Epoch 27/1000, Loss: 0.8119, Dice: 0.8105, MSE: 0.0047
2025-05-11 00:09:49 - INFO - Epoch 28/1000, Loss: 0.8156, Dice: 0.8143, MSE: 0.0044
2025-05-11 00:10:24 - INFO - Epoch 29/1000, Loss: 0.8108, Dice: 0.8092, MSE: 0.0052
2025-05-11 00:10:58 - INFO - Epoch 30/1000, Loss: 0.8165, Dice: 0.8154, MSE: 0.0037
2025-05-11 00:11:33 - INFO - Epoch 31/1000, Loss: 0.8120, Dice: 0.8112, MSE: 0.0027
2025-05-11 00:12:08 - INFO - Epoch 32/1000, Loss: 0.8094, Dice: 0.8085, MSE: 0.0028
2025-05-11 00:12:43 - INFO - Epoch 33/1000, Loss: 0.8017, Dice: 0.8008, MSE: 0.0030
2025-05-11 00:13:18 - INFO - Epoch 34/1000, Loss: 0.8067, Dice: 0.8058, MSE: 0.0032
2025-05-11 00:13:52 - INFO - Epoch 35/1000, Loss: 0.8115, Dice: 0.8105, MSE: 0.0033
2025-05-11 00:14:27 - INFO - Epoch 36/1000, Loss: 0.8206, Dice: 0.8192, MSE: 0.0046
2025-05-11 00:14:57 - INFO - Epoch 37/1000, Loss: 0.8235, Dice: 0.8220, MSE: 0.0048
2025-05-11 00:15:32 - INFO - Epoch 38/1000, Loss: 0.8253, Dice: 0.8246, MSE: 0.0024
2025-05-11 00:16:07 - INFO - Epoch 39/1000, Loss: 0.8148, Dice: 0.8137, MSE: 0.0038
2025-05-11 00:16:42 - INFO - Epoch 40/1000, Loss: 0.8301, Dice: 0.8285, MSE: 0.0053
2025-05-11 00:16:44 - INFO - 模型已保存至: epoch_40.pth
2025-05-11 00:17:19 - INFO - Epoch 41/1000, Loss: 0.8241, Dice: 0.8228, MSE: 0.0045
2025-05-11 00:17:53 - INFO - Epoch 42/1000, Loss: 0.8205, Dice: 0.8191, MSE: 0.0047
2025-05-11 00:18:26 - INFO - Epoch 43/1000, Loss: 0.8312, Dice: 0.8295, MSE: 0.0055
2025-05-11 00:19:00 - INFO - Epoch 44/1000, Loss: 0.8139, Dice: 0.8129, MSE: 0.0033
2025-05-11 00:19:33 - INFO - Epoch 45/1000, Loss: 0.8168, Dice: 0.8160, MSE: 0.0028
2025-05-11 00:20:06 - INFO - Epoch 46/1000, Loss: 0.8086, Dice: 0.8076, MSE: 0.0035
2025-05-11 00:20:39 - INFO - Epoch 47/1000, Loss: 0.8236, Dice: 0.8227, MSE: 0.0028
2025-05-11 00:21:11 - INFO - Epoch 48/1000, Loss: 0.8057, Dice: 0.8053, MSE: 0.0012
2025-05-11 00:21:44 - INFO - Epoch 49/1000, Loss: 0.8174, Dice: 0.8170, MSE: 0.0013
2025-05-11 00:22:16 - INFO - Epoch 50/1000, Loss: 0.8214, Dice: 0.8209, MSE: 0.0019
2025-05-11 00:22:49 - INFO - Epoch 51/1000, Loss: 0.8168, Dice: 0.8164, MSE: 0.0013
2025-05-11 00:23:21 - INFO - Epoch 52/1000, Loss: 0.8216, Dice: 0.8202, MSE: 0.0046
2025-05-11 00:23:38 - INFO - Epoch 53/1000, Loss: 0.8209, Dice: 0.8201, MSE: 0.0027
2025-05-11 00:23:55 - INFO - Epoch 54/1000, Loss: 0.8211, Dice: 0.8199, MSE: 0.0043
2025-05-11 00:24:11 - INFO - Epoch 55/1000, Loss: 0.8145, Dice: 0.8140, MSE: 0.0016
2025-05-11 00:24:28 - INFO - Epoch 56/1000, Loss: 0.8119, Dice: 0.8112, MSE: 0.0022
2025-05-11 00:24:45 - INFO - Epoch 57/1000, Loss: 1.0073, Dice: 0.9903, MSE: 0.0565
2025-05-11 00:25:02 - INFO - Epoch 58/1000, Loss: 1.0340, Dice: 1.0192, MSE: 0.0493
2025-05-11 00:25:18 - INFO - Epoch 59/1000, Loss: 0.8534, Dice: 0.8501, MSE: 0.0107
2025-05-11 00:25:35 - INFO - Epoch 60/1000, Loss: 0.8354, Dice: 0.8328, MSE: 0.0088
2025-05-11 00:25:36 - INFO - 模型已保存至: epoch_60.pth
2025-05-11 00:25:53 - INFO - Epoch 61/1000, Loss: 0.8098, Dice: 0.8089, MSE: 0.0030
2025-05-11 00:26:10 - INFO - Epoch 62/1000, Loss: 0.8160, Dice: 0.8154, MSE: 0.0019
2025-05-11 00:26:26 - INFO - Epoch 63/1000, Loss: 0.8242, Dice: 0.8238, MSE: 0.0014
2025-05-11 00:26:43 - INFO - Epoch 64/1000, Loss: 0.8097, Dice: 0.8093, MSE: 0.0015
2025-05-11 00:27:00 - INFO - Epoch 65/1000, Loss: 0.8158, Dice: 0.8148, MSE: 0.0034
2025-05-11 00:27:17 - INFO - Epoch 66/1000, Loss: 0.8195, Dice: 0.8184, MSE: 0.0035
2025-05-11 00:27:33 - INFO - Epoch 67/1000, Loss: 0.8176, Dice: 0.8164, MSE: 0.0041
2025-05-11 00:27:50 - INFO - Epoch 68/1000, Loss: 0.8229, Dice: 0.8220, MSE: 0.0029
2025-05-11 00:28:07 - INFO - Epoch 69/1000, Loss: 0.8204, Dice: 0.8201, MSE: 0.0012
2025-05-11 00:28:24 - INFO - Epoch 70/1000, Loss: 0.8122, Dice: 0.8115, MSE: 0.0026
2025-05-11 00:28:40 - INFO - Epoch 71/1000, Loss: 0.8195, Dice: 0.8189, MSE: 0.0020
2025-05-11 00:28:57 - INFO - Epoch 72/1000, Loss: 0.8181, Dice: 0.8177, MSE: 0.0011
2025-05-11 00:29:14 - INFO - Epoch 73/1000, Loss: 0.8242, Dice: 0.8239, MSE: 0.0009
2025-05-11 00:29:31 - INFO - Epoch 74/1000, Loss: 0.8124, Dice: 0.8120, MSE: 0.0013
2025-05-11 00:29:47 - INFO - Epoch 75/1000, Loss: 0.8067, Dice: 0.8064, MSE: 0.0009
2025-05-11 00:30:04 - INFO - Epoch 76/1000, Loss: 0.8077, Dice: 0.8075, MSE: 0.0009
2025-05-11 00:30:21 - INFO - Epoch 77/1000, Loss: 0.8214, Dice: 0.8212, MSE: 0.0007
2025-05-11 00:30:38 - INFO - Epoch 78/1000, Loss: 0.8207, Dice: 0.8202, MSE: 0.0016
2025-05-11 00:30:54 - INFO - Epoch 79/1000, Loss: 0.8177, Dice: 0.8175, MSE: 0.0007
2025-05-11 00:31:11 - INFO - Epoch 80/1000, Loss: 0.8136, Dice: 0.8133, MSE: 0.0012
2025-05-11 00:31:13 - INFO - 模型已保存至: epoch_80.pth
2025-05-11 00:31:29 - INFO - Epoch 81/1000, Loss: 0.8136, Dice: 0.8134, MSE: 0.0007
2025-05-11 00:31:46 - INFO - Epoch 82/1000, Loss: 0.8085, Dice: 0.8083, MSE: 0.0006
2025-05-11 00:32:03 - INFO - Epoch 83/1000, Loss: 0.8159, Dice: 0.8156, MSE: 0.0008
2025-05-11 00:32:20 - INFO - Epoch 84/1000, Loss: 0.8065, Dice: 0.8063, MSE: 0.0006
2025-05-11 00:32:36 - INFO - Epoch 85/1000, Loss: 0.8085, Dice: 0.8081, MSE: 0.0013
2025-05-11 00:32:53 - INFO - Epoch 86/1000, Loss: 0.8075, Dice: 0.8072, MSE: 0.0010
2025-05-11 00:33:10 - INFO - Epoch 87/1000, Loss: 0.8085, Dice: 0.8082, MSE: 0.0009
2025-05-11 00:33:26 - INFO - Epoch 88/1000, Loss: 0.8069, Dice: 0.8066, MSE: 0.0010
2025-05-11 00:33:43 - INFO - Epoch 89/1000, Loss: 0.8137, Dice: 0.8135, MSE: 0.0007
2025-05-11 00:34:00 - INFO - Epoch 90/1000, Loss: 0.8215, Dice: 0.8213, MSE: 0.0007
2025-05-11 00:34:17 - INFO - Epoch 91/1000, Loss: 0.8122, Dice: 0.8121, MSE: 0.0005
2025-05-11 00:34:33 - INFO - Epoch 92/1000, Loss: 0.8145, Dice: 0.8143, MSE: 0.0006
2025-05-11 00:34:50 - INFO - Epoch 93/1000, Loss: 0.8141, Dice: 0.8138, MSE: 0.0008
2025-05-11 00:35:07 - INFO - Epoch 94/1000, Loss: 0.8111, Dice: 0.8109, MSE: 0.0007
2025-05-11 00:35:24 - INFO - Epoch 95/1000, Loss: 0.8115, Dice: 0.8114, MSE: 0.0004
2025-05-11 00:35:40 - INFO - Epoch 96/1000, Loss: 0.8112, Dice: 0.8111, MSE: 0.0006
2025-05-11 00:35:57 - INFO - Epoch 97/1000, Loss: 0.8079, Dice: 0.8078, MSE: 0.0005
2025-05-11 00:36:14 - INFO - Epoch 98/1000, Loss: 0.8066, Dice: 0.8064, MSE: 0.0005
2025-05-11 00:36:30 - INFO - Epoch 99/1000, Loss: 0.8047, Dice: 0.8044, MSE: 0.0008
2025-05-11 00:36:47 - INFO - Epoch 100/1000, Loss: 0.8103, Dice: 0.8102, MSE: 0.0006
2025-05-11 00:36:48 - INFO - 模型已保存至: epoch_100.pth
2025-05-11 00:37:05 - INFO - Epoch 101/1000, Loss: 0.8056, Dice: 0.8055, MSE: 0.0004
2025-05-11 00:37:22 - INFO - Epoch 102/1000, Loss: 0.8059, Dice: 0.8054, MSE: 0.0014
2025-05-11 00:37:39 - INFO - Epoch 103/1000, Loss: 0.8167, Dice: 0.8165, MSE: 0.0007
2025-05-11 00:37:55 - INFO - Epoch 104/1000, Loss: 0.8092, Dice: 0.8091, MSE: 0.0004
2025-05-11 00:38:12 - INFO - Epoch 105/1000, Loss: 0.8134, Dice: 0.8132, MSE: 0.0006
2025-05-11 00:38:29 - INFO - Epoch 106/1000, Loss: 0.8131, Dice: 0.8130, MSE: 0.0003
2025-05-11 00:38:45 - INFO - Epoch 107/1000, Loss: 0.8082, Dice: 0.8081, MSE: 0.0006
2025-05-11 00:39:02 - INFO - Epoch 108/1000, Loss: 0.8129, Dice: 0.8127, MSE: 0.0007
2025-05-11 00:39:19 - INFO - Epoch 109/1000, Loss: 0.8147, Dice: 0.8146, MSE: 0.0003
2025-05-11 00:39:36 - INFO - Epoch 110/1000, Loss: 0.8083, Dice: 0.8082, MSE: 0.0003
2025-05-11 00:39:53 - INFO - Epoch 111/1000, Loss: 0.8119, Dice: 0.8118, MSE: 0.0002
2025-05-11 00:40:09 - INFO - Epoch 112/1000, Loss: 0.8113, Dice: 0.8112, MSE: 0.0002
2025-05-11 00:40:26 - INFO - Epoch 113/1000, Loss: 0.8047, Dice: 0.8046, MSE: 0.0003
2025-05-11 00:40:43 - INFO - Epoch 114/1000, Loss: 0.8080, Dice: 0.8079, MSE: 0.0005
2025-05-11 00:41:00 - INFO - Epoch 115/1000, Loss: 0.8090, Dice: 0.8089, MSE: 0.0003
2025-05-11 00:41:16 - INFO - Epoch 116/1000, Loss: 0.8189, Dice: 0.8188, MSE: 0.0003
2025-05-11 00:41:33 - INFO - Epoch 117/1000, Loss: 0.8116, Dice: 0.8115, MSE: 0.0003
2025-05-11 00:41:50 - INFO - Epoch 118/1000, Loss: 0.8084, Dice: 0.8083, MSE: 0.0003
2025-05-11 00:42:07 - INFO - Epoch 119/1000, Loss: 0.8105, Dice: 0.8104, MSE: 0.0004
2025-05-11 00:42:24 - INFO - Epoch 120/1000, Loss: 0.8233, Dice: 0.8233, MSE: 0.0003
2025-05-11 00:42:25 - INFO - 模型已保存至: epoch_120.pth
2025-05-11 00:42:42 - INFO - Epoch 121/1000, Loss: 0.8153, Dice: 0.8153, MSE: 0.0002
2025-05-11 00:42:59 - INFO - Epoch 122/1000, Loss: 0.8233, Dice: 0.8233, MSE: 0.0002
2025-05-11 00:43:15 - INFO - Epoch 123/1000, Loss: 0.8150, Dice: 0.8150, MSE: 0.0002
2025-05-11 00:43:32 - INFO - Epoch 124/1000, Loss: 0.8065, Dice: 0.8064, MSE: 0.0002
2025-05-11 00:43:49 - INFO - Epoch 125/1000, Loss: 0.8170, Dice: 0.8168, MSE: 0.0004
2025-05-11 00:44:05 - INFO - Epoch 126/1000, Loss: 0.8108, Dice: 0.8108, MSE: 0.0002
2025-05-11 00:44:22 - INFO - Epoch 127/1000, Loss: 0.8091, Dice: 0.8091, MSE: 0.0002
2025-05-11 00:44:39 - INFO - Epoch 128/1000, Loss: 0.8153, Dice: 0.8153, MSE: 0.0001
2025-05-11 00:44:56 - INFO - Epoch 129/1000, Loss: 0.8114, Dice: 0.8114, MSE: 0.0002
2025-05-11 00:45:12 - INFO - Epoch 130/1000, Loss: 0.8093, Dice: 0.8093, MSE: 0.0002
2025-05-11 00:45:29 - INFO - Epoch 131/1000, Loss: 0.8115, Dice: 0.8115, MSE: 0.0002
2025-05-11 00:45:46 - INFO - Epoch 132/1000, Loss: 0.8129, Dice: 0.8129, MSE: 0.0001
2025-05-11 00:46:02 - INFO - Epoch 133/1000, Loss: 0.8144, Dice: 0.8143, MSE: 0.0004
2025-05-11 00:46:19 - INFO - Epoch 134/1000, Loss: 0.8164, Dice: 0.8164, MSE: 0.0002
2025-05-11 00:46:36 - INFO - Epoch 135/1000, Loss: 0.8170, Dice: 0.8170, MSE: 0.0001
2025-05-11 00:46:53 - INFO - Epoch 136/1000, Loss: 0.8136, Dice: 0.8135, MSE: 0.0001
2025-05-11 00:47:09 - INFO - Epoch 137/1000, Loss: 0.8069, Dice: 0.8068, MSE: 0.0001
2025-05-11 00:47:26 - INFO - Epoch 138/1000, Loss: 0.8024, Dice: 0.8024, MSE: 0.0003
2025-05-11 00:47:43 - INFO - Epoch 139/1000, Loss: 0.8154, Dice: 0.8153, MSE: 0.0002
2025-05-11 00:48:00 - INFO - Epoch 140/1000, Loss: 0.8138, Dice: 0.8138, MSE: 0.0002
2025-05-11 00:48:01 - INFO - 模型已保存至: epoch_140.pth
2025-05-11 00:48:18 - INFO - Epoch 141/1000, Loss: 0.8008, Dice: 0.8007, MSE: 0.0001
2025-05-11 00:48:34 - INFO - Epoch 142/1000, Loss: 0.8108, Dice: 0.8107, MSE: 0.0001
2025-05-11 00:48:51 - INFO - Epoch 143/1000, Loss: 0.8152, Dice: 0.8152, MSE: 0.0001
2025-05-11 00:49:08 - INFO - Epoch 144/1000, Loss: 0.8126, Dice: 0.8125, MSE: 0.0001
2025-05-11 00:49:24 - INFO - Epoch 145/1000, Loss: 0.8133, Dice: 0.8132, MSE: 0.0001
2025-05-11 00:49:41 - INFO - Epoch 146/1000, Loss: 0.8119, Dice: 0.8118, MSE: 0.0001
2025-05-11 00:49:58 - INFO - Epoch 147/1000, Loss: 0.8167, Dice: 0.8167, MSE: 0.0001
2025-05-11 00:50:15 - INFO - Epoch 148/1000, Loss: 0.8048, Dice: 0.8048, MSE: 0.0001
2025-05-11 00:50:31 - INFO - Epoch 149/1000, Loss: 0.8084, Dice: 0.8083, MSE: 0.0003
2025-05-11 00:50:48 - INFO - Epoch 150/1000, Loss: 0.8096, Dice: 0.8096, MSE: 0.0001
2025-05-11 00:51:05 - INFO - Epoch 151/1000, Loss: 0.8125, Dice: 0.8125, MSE: 0.0001
2025-05-11 00:51:21 - INFO - Epoch 152/1000, Loss: 0.8088, Dice: 0.8088, MSE: 0.0001
2025-05-11 00:51:38 - INFO - Epoch 153/1000, Loss: 0.8095, Dice: 0.8095, MSE: 0.0002
2025-05-11 00:51:55 - INFO - Epoch 154/1000, Loss: 0.8110, Dice: 0.8110, MSE: 0.0001
2025-05-11 00:52:11 - INFO - Epoch 155/1000, Loss: 0.8113, Dice: 0.8113, MSE: 0.0001
2025-05-11 00:52:28 - INFO - Epoch 156/1000, Loss: 0.8157, Dice: 0.8157, MSE: 0.0001
2025-05-11 00:52:45 - INFO - Epoch 157/1000, Loss: 0.8192, Dice: 0.8191, MSE: 0.0001
2025-05-11 00:53:01 - INFO - Epoch 158/1000, Loss: 0.8108, Dice: 0.8108, MSE: 0.0001
2025-05-11 00:53:18 - INFO - Epoch 159/1000, Loss: 0.8113, Dice: 0.8112, MSE: 0.0001
2025-05-11 00:53:35 - INFO - Epoch 160/1000, Loss: 0.8168, Dice: 0.8168, MSE: 0.0001
2025-05-11 00:53:36 - INFO - 模型已保存至: epoch_160.pth
2025-05-11 00:53:53 - INFO - Epoch 161/1000, Loss: 0.8027, Dice: 0.8026, MSE: 0.0001
2025-05-11 00:54:09 - INFO - Epoch 162/1000, Loss: 0.8064, Dice: 0.8064, MSE: 0.0001
2025-05-11 00:54:26 - INFO - Epoch 163/1000, Loss: 0.8068, Dice: 0.8068, MSE: 0.0001
2025-05-11 00:54:43 - INFO - Epoch 164/1000, Loss: 0.8165, Dice: 0.8165, MSE: 0.0001
2025-05-11 00:54:59 - INFO - Epoch 165/1000, Loss: 0.8179, Dice: 0.8179, MSE: 0.0001
2025-05-11 00:55:16 - INFO - Epoch 166/1000, Loss: 0.8075, Dice: 0.8075, MSE: 0.0001
2025-05-11 00:55:33 - INFO - Epoch 167/1000, Loss: 0.8190, Dice: 0.8190, MSE: 0.0000
2025-05-11 00:55:49 - INFO - Epoch 168/1000, Loss: 0.8146, Dice: 0.8146, MSE: 0.0000
2025-05-11 00:56:06 - INFO - Epoch 169/1000, Loss: 0.8072, Dice: 0.8072, MSE: 0.0000
2025-05-11 00:56:23 - INFO - Epoch 170/1000, Loss: 0.8123, Dice: 0.8122, MSE: 0.0001
2025-05-11 00:56:39 - INFO - Epoch 171/1000, Loss: 0.8139, Dice: 0.8139, MSE: 0.0000
2025-05-11 00:56:56 - INFO - Epoch 172/1000, Loss: 1.0490, Dice: 1.0451, MSE: 0.0132
2025-05-11 00:57:13 - INFO - Epoch 173/1000, Loss: 2.3177, Dice: 2.2727, MSE: 0.1500
2025-05-11 00:57:30 - INFO - Epoch 174/1000, Loss: 0.8886, Dice: 0.8809, MSE: 0.0255
2025-05-11 00:57:46 - INFO - Epoch 175/1000, Loss: 0.8178, Dice: 0.8176, MSE: 0.0005
2025-05-11 00:58:03 - INFO - Epoch 176/1000, Loss: 0.8243, Dice: 0.8241, MSE: 0.0008
2025-05-11 00:58:20 - INFO - Epoch 177/1000, Loss: 0.8085, Dice: 0.8083, MSE: 0.0006
2025-05-11 00:58:37 - INFO - Epoch 178/1000, Loss: 0.8150, Dice: 0.8149, MSE: 0.0002
2025-05-11 00:58:53 - INFO - Epoch 179/1000, Loss: 0.8159, Dice: 0.8158, MSE: 0.0004
2025-05-11 00:59:10 - INFO - Epoch 180/1000, Loss: 0.8052, Dice: 0.8050, MSE: 0.0006
2025-05-11 00:59:11 - INFO - 模型已保存至: epoch_180.pth
2025-05-11 00:59:28 - INFO - Epoch 181/1000, Loss: 0.8141, Dice: 0.8140, MSE: 0.0003
2025-05-11 00:59:45 - INFO - Epoch 182/1000, Loss: 0.8066, Dice: 0.8066, MSE: 0.0001
2025-05-11 01:00:02 - INFO - Epoch 183/1000, Loss: 0.8154, Dice: 0.8154, MSE: 0.0002
2025-05-11 01:00:18 - INFO - Epoch 184/1000, Loss: 0.8139, Dice: 0.8138, MSE: 0.0004
2025-05-11 01:00:35 - INFO - Epoch 185/1000, Loss: 0.8153, Dice: 0.8153, MSE: 0.0001
2025-05-11 01:00:52 - INFO - Epoch 186/1000, Loss: 0.8106, Dice: 0.8106, MSE: 0.0001
2025-05-11 01:01:09 - INFO - Epoch 187/1000, Loss: 0.8165, Dice: 0.8165, MSE: 0.0001
2025-05-11 01:01:25 - INFO - Epoch 188/1000, Loss: 0.8142, Dice: 0.8142, MSE: 0.0001
2025-05-11 01:01:42 - INFO - Epoch 189/1000, Loss: 0.8170, Dice: 0.8169, MSE: 0.0002
2025-05-11 01:01:59 - INFO - Epoch 190/1000, Loss: 0.8106, Dice: 0.8106, MSE: 0.0001
2025-05-11 01:02:15 - INFO - Epoch 191/1000, Loss: 0.8169, Dice: 0.8167, MSE: 0.0006
2025-05-11 01:02:32 - INFO - Epoch 192/1000, Loss: 0.8107, Dice: 0.8107, MSE: 0.0001
2025-05-11 01:02:49 - INFO - Epoch 193/1000, Loss: 0.8100, Dice: 0.8099, MSE: 0.0002
2025-05-11 01:03:05 - INFO - Epoch 194/1000, Loss: 0.8073, Dice: 0.8073, MSE: 0.0001
2025-05-11 01:03:22 - INFO - Epoch 195/1000, Loss: 0.8151, Dice: 0.8150, MSE: 0.0002
2025-05-11 01:03:39 - INFO - Epoch 196/1000, Loss: 0.8119, Dice: 0.8118, MSE: 0.0003
2025-05-11 01:03:55 - INFO - Epoch 197/1000, Loss: 0.8104, Dice: 0.8103, MSE: 0.0001
2025-05-11 01:04:12 - INFO - Epoch 198/1000, Loss: 0.8103, Dice: 0.8103, MSE: 0.0001
2025-05-11 01:04:29 - INFO - Epoch 199/1000, Loss: 0.8074, Dice: 0.8073, MSE: 0.0002
2025-05-11 01:04:45 - INFO - Epoch 200/1000, Loss: 0.8129, Dice: 0.8129, MSE: 0.0001
2025-05-11 01:04:47 - INFO - 模型已保存至: epoch_200.pth
2025-05-11 01:05:03 - INFO - Epoch 201/1000, Loss: 0.8094, Dice: 0.8094, MSE: 0.0001
2025-05-11 01:05:20 - INFO - Epoch 202/1000, Loss: 0.8091, Dice: 0.8090, MSE: 0.0001
2025-05-11 01:05:37 - INFO - Epoch 203/1000, Loss: 0.8223, Dice: 0.8223, MSE: 0.0000
2025-05-11 01:05:53 - INFO - Epoch 204/1000, Loss: 0.8193, Dice: 0.8193, MSE: 0.0001
2025-05-11 01:06:10 - INFO - Epoch 205/1000, Loss: 0.8225, Dice: 0.8224, MSE: 0.0002
2025-05-11 01:06:27 - INFO - Epoch 206/1000, Loss: 0.8129, Dice: 0.8129, MSE: 0.0000
2025-05-11 01:06:43 - INFO - Epoch 207/1000, Loss: 0.8090, Dice: 0.8090, MSE: 0.0000
2025-05-11 01:07:00 - INFO - Epoch 208/1000, Loss: 0.8200, Dice: 0.8199, MSE: 0.0000
2025-05-11 01:07:16 - INFO - Epoch 209/1000, Loss: 0.8088, Dice: 0.8087, MSE: 0.0001
2025-05-11 01:07:33 - INFO - Epoch 210/1000, Loss: 0.8163, Dice: 0.8162, MSE: 0.0002
2025-05-11 01:07:50 - INFO - Epoch 211/1000, Loss: 0.8161, Dice: 0.8160, MSE: 0.0001
2025-05-11 01:08:06 - INFO - Epoch 212/1000, Loss: 0.8093, Dice: 0.8093, MSE: 0.0000
2025-05-11 01:08:23 - INFO - Epoch 213/1000, Loss: 0.8045, Dice: 0.8044, MSE: 0.0000
2025-05-11 01:08:40 - INFO - Epoch 214/1000, Loss: 0.8138, Dice: 0.8138, MSE: 0.0000
2025-05-11 01:08:56 - INFO - Epoch 215/1000, Loss: 0.8141, Dice: 0.8140, MSE: 0.0002
2025-05-11 01:09:13 - INFO - Epoch 216/1000, Loss: 0.8105, Dice: 0.8104, MSE: 0.0001
2025-05-11 01:09:30 - INFO - Epoch 217/1000, Loss: 0.8062, Dice: 0.8062, MSE: 0.0000
2025-05-11 01:09:46 - INFO - Epoch 218/1000, Loss: 0.8108, Dice: 0.8108, MSE: 0.0000
2025-05-11 01:10:03 - INFO - Epoch 219/1000, Loss: 0.8109, Dice: 0.8109, MSE: 0.0000
2025-05-11 01:10:20 - INFO - Epoch 220/1000, Loss: 0.8161, Dice: 0.8161, MSE: 0.0001
2025-05-11 01:10:21 - INFO - 模型已保存至: epoch_220.pth
2025-05-11 01:10:38 - INFO - Epoch 221/1000, Loss: 0.8141, Dice: 0.8141, MSE: 0.0000
2025-05-11 01:10:54 - INFO - Epoch 222/1000, Loss: 0.8073, Dice: 0.8073, MSE: 0.0001
2025-05-11 01:11:11 - INFO - Epoch 223/1000, Loss: 0.8181, Dice: 0.8181, MSE: 0.0001
2025-05-11 01:11:27 - INFO - Epoch 224/1000, Loss: 0.8133, Dice: 0.8132, MSE: 0.0001
2025-05-11 01:11:44 - INFO - Epoch 225/1000, Loss: 0.8181, Dice: 0.8181, MSE: 0.0001
2025-05-11 01:12:01 - INFO - Epoch 226/1000, Loss: 0.8078, Dice: 0.8078, MSE: 0.0001
2025-05-11 01:12:18 - INFO - Epoch 227/1000, Loss: 0.8058, Dice: 0.8058, MSE: 0.0001
2025-05-11 01:12:34 - INFO - Epoch 228/1000, Loss: 0.8035, Dice: 0.8034, MSE: 0.0002
2025-05-11 01:12:51 - INFO - Epoch 229/1000, Loss: 0.8129, Dice: 0.8129, MSE: 0.0001
2025-05-11 01:13:08 - INFO - Epoch 230/1000, Loss: 0.8149, Dice: 0.8149, MSE: 0.0000
2025-05-11 01:13:24 - INFO - Epoch 231/1000, Loss: 0.8159, Dice: 0.8159, MSE: 0.0000
2025-05-11 01:13:41 - INFO - Epoch 232/1000, Loss: 0.8112, Dice: 0.8112, MSE: 0.0002
2025-05-11 01:13:57 - INFO - Epoch 233/1000, Loss: 0.8193, Dice: 0.8193, MSE: 0.0000
2025-05-11 01:14:14 - INFO - Epoch 234/1000, Loss: 0.8176, Dice: 0.8176, MSE: 0.0000
2025-05-11 01:14:31 - INFO - Epoch 235/1000, Loss: 0.8141, Dice: 0.8141, MSE: 0.0000
2025-05-11 01:14:47 - INFO - Epoch 236/1000, Loss: 0.8124, Dice: 0.8124, MSE: 0.0000
2025-05-11 01:15:04 - INFO - Epoch 237/1000, Loss: 0.8188, Dice: 0.8187, MSE: 0.0003
2025-05-11 01:15:20 - INFO - Epoch 238/1000, Loss: 0.8202, Dice: 0.8202, MSE: 0.0002
2025-05-11 01:15:37 - INFO - Epoch 239/1000, Loss: 0.8109, Dice: 0.8108, MSE: 0.0006
2025-05-11 01:15:54 - INFO - Epoch 240/1000, Loss: 0.8114, Dice: 0.8113, MSE: 0.0002
2025-05-11 01:15:55 - INFO - 模型已保存至: epoch_240.pth
2025-05-11 01:16:12 - INFO - Epoch 241/1000, Loss: 0.8083, Dice: 0.8083, MSE: 0.0002
2025-05-11 01:16:28 - INFO - Epoch 242/1000, Loss: 0.8177, Dice: 0.8177, MSE: 0.0001
2025-05-11 01:16:45 - INFO - Epoch 243/1000, Loss: 0.8125, Dice: 0.8124, MSE: 0.0002
2025-05-11 01:17:02 - INFO - Epoch 244/1000, Loss: 0.8177, Dice: 0.8177, MSE: 0.0000
2025-05-11 01:17:18 - INFO - Epoch 245/1000, Loss: 0.8093, Dice: 0.8093, MSE: 0.0001
2025-05-11 01:17:35 - INFO - Epoch 246/1000, Loss: 0.8065, Dice: 0.8064, MSE: 0.0002
2025-05-11 01:17:51 - INFO - Epoch 247/1000, Loss: 0.8201, Dice: 0.8200, MSE: 0.0001
2025-05-11 01:18:08 - INFO - Epoch 248/1000, Loss: 0.8031, Dice: 0.8031, MSE: 0.0001
2025-05-11 01:18:25 - INFO - Epoch 249/1000, Loss: 0.8119, Dice: 0.8119, MSE: 0.0001
2025-05-11 01:18:41 - INFO - Epoch 250/1000, Loss: 0.8117, Dice: 0.8116, MSE: 0.0001
2025-05-11 01:18:58 - INFO - Epoch 251/1000, Loss: 0.8114, Dice: 0.8114, MSE: 0.0000
2025-05-11 01:19:15 - INFO - Epoch 252/1000, Loss: 0.8208, Dice: 0.8207, MSE: 0.0001
2025-05-11 01:19:31 - INFO - Epoch 253/1000, Loss: 0.8204, Dice: 0.8202, MSE: 0.0004
2025-05-11 01:19:47 - INFO - Epoch 254/1000, Loss: 0.8202, Dice: 0.8202, MSE: 0.0001
2025-05-11 01:20:04 - INFO - Epoch 255/1000, Loss: 0.8007, Dice: 0.8006, MSE: 0.0002
2025-05-11 01:20:21 - INFO - Epoch 256/1000, Loss: 0.8140, Dice: 0.8140, MSE: 0.0002
2025-05-11 01:20:37 - INFO - Epoch 257/1000, Loss: 0.8078, Dice: 0.8078, MSE: 0.0000
2025-05-11 01:20:54 - INFO - Epoch 258/1000, Loss: 0.8072, Dice: 0.8072, MSE: 0.0000
2025-05-11 01:21:10 - INFO - Epoch 259/1000, Loss: 0.8079, Dice: 0.8079, MSE: 0.0000
2025-05-11 01:21:27 - INFO - Epoch 260/1000, Loss: 0.8173, Dice: 0.8173, MSE: 0.0000
2025-05-11 01:21:28 - INFO - 模型已保存至: epoch_260.pth
2025-05-11 01:21:45 - INFO - Epoch 261/1000, Loss: 0.8108, Dice: 0.8107, MSE: 0.0000
2025-05-11 01:22:01 - INFO - Epoch 262/1000, Loss: 0.8185, Dice: 0.8185, MSE: 0.0000
2025-05-11 01:22:18 - INFO - Epoch 263/1000, Loss: 0.8140, Dice: 0.8140, MSE: 0.0000
2025-05-11 01:22:34 - INFO - Epoch 264/1000, Loss: 0.8117, Dice: 0.8117, MSE: 0.0000
2025-05-11 01:22:51 - INFO - Epoch 265/1000, Loss: 0.8087, Dice: 0.8087, MSE: 0.0002
2025-05-11 01:23:08 - INFO - Epoch 266/1000, Loss: 0.8197, Dice: 0.8197, MSE: 0.0001
2025-05-11 01:23:24 - INFO - Epoch 267/1000, Loss: 0.8069, Dice: 0.8068, MSE: 0.0001
2025-05-11 01:23:41 - INFO - Epoch 268/1000, Loss: 0.8180, Dice: 0.8180, MSE: 0.0000
2025-05-11 01:23:58 - INFO - Epoch 269/1000, Loss: 0.8183, Dice: 0.8183, MSE: 0.0000
2025-05-11 01:24:14 - INFO - Epoch 270/1000, Loss: 0.8138, Dice: 0.8138, MSE: 0.0000
2025-05-11 01:24:31 - INFO - Epoch 271/1000, Loss: 0.8119, Dice: 0.8119, MSE: 0.0000
2025-05-11 01:24:48 - INFO - Epoch 272/1000, Loss: 0.8139, Dice: 0.8139, MSE: 0.0001
2025-05-11 01:25:04 - INFO - Epoch 273/1000, Loss: 0.8018, Dice: 0.8018, MSE: 0.0000
2025-05-11 01:25:21 - INFO - Epoch 274/1000, Loss: 0.8142, Dice: 0.8142, MSE: 0.0001
2025-05-11 01:25:37 - INFO - Epoch 275/1000, Loss: 0.8114, Dice: 0.8114, MSE: 0.0000
2025-05-11 01:25:54 - INFO - Epoch 276/1000, Loss: 0.8047, Dice: 0.8047, MSE: 0.0000
2025-05-11 01:26:11 - INFO - Epoch 277/1000, Loss: 0.8183, Dice: 0.8183, MSE: 0.0000
2025-05-11 01:26:27 - INFO - Epoch 278/1000, Loss: 0.8132, Dice: 0.8132, MSE: 0.0001
2025-05-11 01:26:44 - INFO - Epoch 279/1000, Loss: 0.8083, Dice: 0.8082, MSE: 0.0001
2025-05-11 01:27:00 - INFO - Epoch 280/1000, Loss: 0.8071, Dice: 0.8070, MSE: 0.0001
2025-05-11 01:27:02 - INFO - 模型已保存至: epoch_280.pth
2025-05-11 01:27:19 - INFO - Epoch 281/1000, Loss: 0.8067, Dice: 0.8066, MSE: 0.0000
2025-05-11 01:27:35 - INFO - Epoch 282/1000, Loss: 0.8219, Dice: 0.8219, MSE: 0.0000
2025-05-11 01:27:52 - INFO - Epoch 283/1000, Loss: 0.8132, Dice: 0.8132, MSE: 0.0002
2025-05-11 01:28:08 - INFO - Epoch 284/1000, Loss: 0.8087, Dice: 0.8087, MSE: 0.0001
2025-05-11 01:28:25 - INFO - Epoch 285/1000, Loss: 0.8112, Dice: 0.8112, MSE: 0.0001
2025-05-11 01:28:41 - INFO - Epoch 286/1000, Loss: 0.8211, Dice: 0.8211, MSE: 0.0000
2025-05-11 01:28:58 - INFO - Epoch 287/1000, Loss: 0.8189, Dice: 0.8188, MSE: 0.0002
2025-05-11 01:29:15 - INFO - Epoch 288/1000, Loss: 0.8163, Dice: 0.8162, MSE: 0.0002
2025-05-11 01:29:31 - INFO - Epoch 289/1000, Loss: 0.8080, Dice: 0.8079, MSE: 0.0003
2025-05-11 01:29:48 - INFO - Epoch 290/1000, Loss: 0.8038, Dice: 0.8037, MSE: 0.0002
2025-05-11 01:30:05 - INFO - Epoch 291/1000, Loss: 0.8074, Dice: 0.8074, MSE: 0.0000
2025-05-11 01:30:21 - INFO - Epoch 292/1000, Loss: 0.8080, Dice: 0.8080, MSE: 0.0000
2025-05-11 01:30:38 - INFO - Epoch 293/1000, Loss: 0.8012, Dice: 0.8012, MSE: 0.0001
2025-05-11 01:30:54 - INFO - Epoch 294/1000, Loss: 0.8189, Dice: 0.8189, MSE: 0.0001
2025-05-11 01:31:11 - INFO - Epoch 295/1000, Loss: 0.8190, Dice: 0.8189, MSE: 0.0002
2025-05-11 01:31:27 - INFO - Epoch 296/1000, Loss: 0.8170, Dice: 0.8169, MSE: 0.0002
2025-05-11 01:31:44 - INFO - Epoch 297/1000, Loss: 0.8123, Dice: 0.8123, MSE: 0.0001
2025-05-11 01:32:00 - INFO - Epoch 298/1000, Loss: 0.8155, Dice: 0.8155, MSE: 0.0000
2025-05-11 01:32:17 - INFO - Epoch 299/1000, Loss: 0.8168, Dice: 0.8168, MSE: 0.0000
2025-05-11 01:32:34 - INFO - Epoch 300/1000, Loss: 0.8098, Dice: 0.8098, MSE: 0.0000
2025-05-11 01:32:35 - INFO - 模型已保存至: epoch_300.pth
2025-05-11 01:32:51 - INFO - Epoch 301/1000, Loss: 0.8156, Dice: 0.8156, MSE: 0.0000
2025-05-11 01:33:08 - INFO - Epoch 302/1000, Loss: 0.8126, Dice: 0.8126, MSE: 0.0000
2025-05-11 01:33:25 - INFO - Epoch 303/1000, Loss: 0.8101, Dice: 0.8101, MSE: 0.0000
2025-05-11 01:33:41 - INFO - Epoch 304/1000, Loss: 0.8191, Dice: 0.8191, MSE: 0.0001
2025-05-11 01:33:58 - INFO - Epoch 305/1000, Loss: 0.8181, Dice: 0.8181, MSE: 0.0002
2025-05-11 01:34:14 - INFO - Epoch 306/1000, Loss: 0.8104, Dice: 0.8104, MSE: 0.0001
2025-05-11 01:34:31 - INFO - Epoch 307/1000, Loss: 0.8184, Dice: 0.8184, MSE: 0.0000
2025-05-11 01:34:47 - INFO - Epoch 308/1000, Loss: 0.8113, Dice: 0.8113, MSE: 0.0000
2025-05-11 01:35:04 - INFO - Epoch 309/1000, Loss: 0.8041, Dice: 0.8041, MSE: 0.0001
2025-05-11 01:35:20 - INFO - Epoch 310/1000, Loss: 0.8065, Dice: 0.8065, MSE: 0.0000
2025-05-11 01:35:37 - INFO - Epoch 311/1000, Loss: 0.8028, Dice: 0.8028, MSE: 0.0000
2025-05-11 01:35:53 - INFO - Epoch 312/1000, Loss: 0.8144, Dice: 0.8144, MSE: 0.0000
2025-05-11 01:36:10 - INFO - Epoch 313/1000, Loss: 0.8140, Dice: 0.8140, MSE: 0.0000
2025-05-11 01:36:26 - INFO - Epoch 314/1000, Loss: 0.8106, Dice: 0.8105, MSE: 0.0001
2025-05-11 01:36:43 - INFO - Epoch 315/1000, Loss: 0.8184, Dice: 0.8184, MSE: 0.0000
2025-05-11 01:36:59 - INFO - Epoch 316/1000, Loss: 0.8056, Dice: 0.8055, MSE: 0.0004
2025-05-11 01:37:16 - INFO - Epoch 317/1000, Loss: 0.8149, Dice: 0.8149, MSE: 0.0000
2025-05-11 01:37:32 - INFO - Epoch 318/1000, Loss: 0.8148, Dice: 0.8148, MSE: 0.0001
2025-05-11 01:37:49 - INFO - Epoch 319/1000, Loss: 0.8072, Dice: 0.8072, MSE: 0.0001
2025-05-11 01:38:05 - INFO - Epoch 320/1000, Loss: 0.8095, Dice: 0.8095, MSE: 0.0001
2025-05-11 01:38:07 - INFO - 模型已保存至: epoch_320.pth
2025-05-11 01:38:23 - INFO - Epoch 321/1000, Loss: 0.8090, Dice: 0.8090, MSE: 0.0000
2025-05-11 01:38:40 - INFO - Epoch 322/1000, Loss: 0.8097, Dice: 0.8097, MSE: 0.0000
2025-05-11 01:38:56 - INFO - Epoch 323/1000, Loss: 0.8207, Dice: 0.8207, MSE: 0.0000
2025-05-11 01:39:13 - INFO - Epoch 324/1000, Loss: 0.8171, Dice: 0.8171, MSE: 0.0002
2025-05-11 01:39:30 - INFO - Epoch 325/1000, Loss: 0.8043, Dice: 0.8042, MSE: 0.0001
2025-05-11 01:39:46 - INFO - Epoch 326/1000, Loss: 0.8254, Dice: 0.8253, MSE: 0.0001
2025-05-11 01:40:03 - INFO - Epoch 327/1000, Loss: 0.8190, Dice: 0.8190, MSE: 0.0001
2025-05-11 01:40:20 - INFO - Epoch 328/1000, Loss: 0.8161, Dice: 0.8161, MSE: 0.0000
