2025-07-14 13:27:35 - INFO - Logging is set up.
2025-07-14 13:27:35 - INFO - 
======================================== New DDP Training Session Started ========================================
2025-07-14 13:27:35 - INFO - Using 2 GPUs for training.
2025-07-14 13:27:35 - INFO - Training configuration:
{
  "seed": 42,
  "epochs": 600,
  "batch_size": 2,
  "learning_rate": 0.0001,
  "log_path": "./result/VNet_Multi_V5/LA_8/Training.log",
  "pth_path": "./result/VNet_Multi_V5/LA_8/Pth",
  "tensorboard_path": "./result/VNet_Multi_V5/LA_8/Train",
  "continue_train": false,
  "dataset_path": "./datasets/LA",
  "num_classes": 2,
  "training_num": 8,
  "patch_size": [
    112,
    112,
    80
  ]
}
2025-07-14 13:27:35 - INFO - Ensured model and TensorBoard directories exist.
2025-07-14 13:27:35 - INFO - Process started on device: cuda:0 with seed 42.
2025-07-14 13:27:35 - INFO - TensorBoard writer initialized at: ./result/VNet_Multi_V5/LA_8/Train/20250714-132735
2025-07-14 13:27:35 - INFO - Initializing dataset...
2025-07-14 13:27:35 - INFO - Dataset contains 8 samples.
2025-07-14 13:27:35 - INFO - DataLoader created with DistributedSampler. Batch size per GPU: 2.
2025-07-14 13:27:35 - INFO - Initializing VNet model...
2025-07-14 13:27:35 - INFO - Logging is set up.
2025-07-14 13:27:35 - INFO - Process started on device: cuda:1 with seed 42.
2025-07-14 13:27:35 - INFO - Initializing dataset...
2025-07-14 13:27:35 - INFO - Dataset contains 8 samples.
2025-07-14 13:27:35 - INFO - DataLoader created with DistributedSampler. Batch size per GPU: 2.
2025-07-14 13:27:35 - INFO - Initializing VNet model...
2025-07-14 13:27:35 - INFO - Model wrapped with DDP. `find_unused_parameters` is set to True for multi-output model.
2025-07-14 13:27:35 - INFO - Model wrapped with DDP. `find_unused_parameters` is set to True for multi-output model.
2025-07-14 13:27:35 - INFO - Loss function: UnifiedLoss with λ_reg=0.3, weights=[1,1]
2025-07-14 13:27:35 - INFO - Optimizer: AdamW with LR=0.0001
2025-07-14 13:27:35 - INFO - Starting training from epoch 0 to 600...
2025-07-14 13:27:44 - INFO - Epoch 1 finished. Average Training Loss: 1.3338
2025-07-14 13:27:45 - INFO - Epoch 2 finished. Average Training Loss: 1.4448
2025-07-14 13:27:46 - INFO - Epoch 3 finished. Average Training Loss: 1.4241
2025-07-14 13:27:47 - INFO - Epoch 4 finished. Average Training Loss: 1.3446
2025-07-14 13:27:47 - INFO - Epoch 5 finished. Average Training Loss: 1.3340
2025-07-14 13:27:48 - INFO - Epoch 6 finished. Average Training Loss: 1.4807
2025-07-14 13:27:49 - INFO - Epoch 7 finished. Average Training Loss: 1.2791
2025-07-14 13:27:49 - INFO - Epoch 8 finished. Average Training Loss: 1.4571
2025-07-14 13:27:50 - INFO - Epoch 9 finished. Average Training Loss: 1.1251
2025-07-14 13:27:51 - INFO - Epoch 10 finished. Average Training Loss: 1.3135
2025-07-14 13:27:52 - INFO - Epoch 11 finished. Average Training Loss: 1.3422
2025-07-14 13:27:52 - INFO - Epoch 12 finished. Average Training Loss: 1.3588
2025-07-14 13:27:53 - INFO - Epoch 13 finished. Average Training Loss: 1.2604
2025-07-14 13:27:54 - INFO - Epoch 14 finished. Average Training Loss: 1.4552
2025-07-14 13:27:54 - INFO - Epoch 15 finished. Average Training Loss: 1.2589
2025-07-14 13:27:55 - INFO - Epoch 16 finished. Average Training Loss: 1.4715
2025-07-14 13:27:56 - INFO - Epoch 17 finished. Average Training Loss: 1.3253
2025-07-14 13:27:57 - INFO - Epoch 18 finished. Average Training Loss: 1.0557
2025-07-14 13:27:57 - INFO - Epoch 19 finished. Average Training Loss: 1.1520
2025-07-14 13:27:58 - INFO - Epoch 20 finished. Average Training Loss: 1.2062
2025-07-14 13:27:58 - INFO - Saved checkpoint for epoch 20 to ./result/VNet_Multi_V5/LA_8/Pth/model_epoch_20.pth
2025-07-14 13:27:59 - INFO - Epoch 21 finished. Average Training Loss: 1.1920
2025-07-14 13:28:00 - INFO - Epoch 22 finished. Average Training Loss: 1.0015
2025-07-14 13:28:00 - INFO - Epoch 23 finished. Average Training Loss: 1.0807
2025-07-14 13:28:01 - INFO - Epoch 24 finished. Average Training Loss: 1.2020
2025-07-14 13:28:02 - INFO - Epoch 25 finished. Average Training Loss: 1.0306
2025-07-14 13:28:03 - INFO - Epoch 26 finished. Average Training Loss: 0.9878
2025-07-14 13:28:03 - INFO - Epoch 27 finished. Average Training Loss: 1.1065
2025-07-14 13:28:04 - INFO - Epoch 28 finished. Average Training Loss: 1.3742
2025-07-14 13:28:05 - INFO - Epoch 29 finished. Average Training Loss: 1.1385
2025-07-14 13:28:06 - INFO - Epoch 30 finished. Average Training Loss: 1.2960
2025-07-14 13:28:06 - INFO - Epoch 31 finished. Average Training Loss: 1.0592
2025-07-14 13:28:07 - INFO - Epoch 32 finished. Average Training Loss: 1.1520
2025-07-14 13:28:08 - INFO - Epoch 33 finished. Average Training Loss: 1.0047
2025-07-14 13:28:09 - INFO - Epoch 34 finished. Average Training Loss: 0.9227
2025-07-14 13:28:09 - INFO - Epoch 35 finished. Average Training Loss: 0.8861
2025-07-14 13:28:10 - INFO - Epoch 36 finished. Average Training Loss: 0.9393
2025-07-14 13:28:11 - INFO - Epoch 37 finished. Average Training Loss: 1.0611
2025-07-14 13:28:12 - INFO - Epoch 38 finished. Average Training Loss: 1.0627
2025-07-14 13:28:12 - INFO - Epoch 39 finished. Average Training Loss: 0.8644
2025-07-14 13:28:13 - INFO - Epoch 40 finished. Average Training Loss: 0.8585
2025-07-14 13:28:13 - INFO - Saved checkpoint for epoch 40 to ./result/VNet_Multi_V5/LA_8/Pth/model_epoch_40.pth
2025-07-14 13:28:14 - INFO - Epoch 41 finished. Average Training Loss: 0.8504
2025-07-14 13:28:15 - INFO - Epoch 42 finished. Average Training Loss: 0.9393
2025-07-14 13:28:16 - INFO - Epoch 43 finished. Average Training Loss: 1.0047
2025-07-14 13:28:17 - INFO - Epoch 44 finished. Average Training Loss: 0.9867
2025-07-14 13:28:18 - INFO - Epoch 45 finished. Average Training Loss: 0.9484
2025-07-14 13:28:19 - INFO - Epoch 46 finished. Average Training Loss: 0.8858
2025-07-14 13:28:20 - INFO - Epoch 47 finished. Average Training Loss: 0.9214
2025-07-14 13:28:22 - INFO - Epoch 48 finished. Average Training Loss: 0.8745
2025-07-14 13:28:23 - INFO - Epoch 49 finished. Average Training Loss: 0.8658
2025-07-14 13:28:24 - INFO - Epoch 50 finished. Average Training Loss: 1.0671
2025-07-14 13:28:25 - INFO - Epoch 51 finished. Average Training Loss: 0.8166
2025-07-14 13:28:26 - INFO - Epoch 52 finished. Average Training Loss: 1.0126
2025-07-14 13:28:27 - INFO - Epoch 53 finished. Average Training Loss: 1.0115
2025-07-14 13:28:28 - INFO - Epoch 54 finished. Average Training Loss: 0.8006
2025-07-14 13:28:29 - INFO - Epoch 55 finished. Average Training Loss: 0.9138
2025-07-14 13:28:30 - INFO - Epoch 56 finished. Average Training Loss: 0.9361
2025-07-14 13:28:31 - INFO - Epoch 57 finished. Average Training Loss: 0.7788
2025-07-14 13:28:33 - INFO - Epoch 58 finished. Average Training Loss: 0.8834
2025-07-14 13:28:34 - INFO - Epoch 59 finished. Average Training Loss: 0.7868
2025-07-14 13:28:35 - INFO - Epoch 60 finished. Average Training Loss: 0.7796
2025-07-14 13:28:35 - INFO - Saved checkpoint for epoch 60 to ./result/VNet_Multi_V5/LA_8/Pth/model_epoch_60.pth
2025-07-14 13:28:36 - INFO - Epoch 61 finished. Average Training Loss: 0.8133
2025-07-14 13:28:37 - INFO - Epoch 62 finished. Average Training Loss: 0.9035
2025-07-14 13:28:38 - INFO - Epoch 63 finished. Average Training Loss: 0.8667
2025-07-14 13:28:39 - INFO - Epoch 64 finished. Average Training Loss: 0.7644
2025-07-14 13:28:40 - INFO - Epoch 65 finished. Average Training Loss: 0.9496
2025-07-14 13:28:42 - INFO - Epoch 66 finished. Average Training Loss: 0.6922
2025-07-14 13:28:43 - INFO - Epoch 67 finished. Average Training Loss: 0.7847
2025-07-14 13:28:44 - INFO - Epoch 68 finished. Average Training Loss: 0.6891
2025-07-14 13:28:45 - INFO - Epoch 69 finished. Average Training Loss: 0.7126
2025-07-14 13:28:46 - INFO - Epoch 70 finished. Average Training Loss: 0.7816
2025-07-14 13:28:47 - INFO - Epoch 71 finished. Average Training Loss: 0.8158
2025-07-14 13:28:48 - INFO - Epoch 72 finished. Average Training Loss: 0.9684
2025-07-14 13:28:50 - INFO - Epoch 73 finished. Average Training Loss: 0.8614
2025-07-14 13:28:51 - INFO - Epoch 74 finished. Average Training Loss: 0.9008
2025-07-14 13:28:52 - INFO - Epoch 75 finished. Average Training Loss: 0.5939
2025-07-14 13:28:53 - INFO - Epoch 76 finished. Average Training Loss: 0.7139
2025-07-14 13:28:54 - INFO - Epoch 77 finished. Average Training Loss: 0.8169
2025-07-14 13:28:55 - INFO - Epoch 78 finished. Average Training Loss: 0.7193
2025-07-14 13:28:57 - INFO - Epoch 79 finished. Average Training Loss: 0.7521
2025-07-14 13:28:58 - INFO - Epoch 80 finished. Average Training Loss: 0.9402
2025-07-14 13:28:59 - INFO - Saved checkpoint for epoch 80 to ./result/VNet_Multi_V5/LA_8/Pth/model_epoch_80.pth
2025-07-14 13:29:00 - INFO - Epoch 81 finished. Average Training Loss: 0.8988
2025-07-14 13:29:02 - INFO - Epoch 82 finished. Average Training Loss: 0.7237
2025-07-14 13:29:03 - INFO - Epoch 83 finished. Average Training Loss: 0.7079
2025-07-14 13:29:05 - INFO - Epoch 84 finished. Average Training Loss: 0.7456
2025-07-14 13:29:06 - INFO - Epoch 85 finished. Average Training Loss: 0.8338
2025-07-14 13:29:08 - INFO - Epoch 86 finished. Average Training Loss: 0.7000
2025-07-14 13:29:09 - INFO - Epoch 87 finished. Average Training Loss: 0.6901
2025-07-14 13:29:11 - INFO - Epoch 88 finished. Average Training Loss: 0.8116
2025-07-14 13:29:12 - INFO - Epoch 89 finished. Average Training Loss: 0.6953
2025-07-14 13:29:14 - INFO - Epoch 90 finished. Average Training Loss: 0.8526
2025-07-14 13:29:15 - INFO - Epoch 91 finished. Average Training Loss: 0.9898
2025-07-14 13:29:16 - INFO - Epoch 92 finished. Average Training Loss: 0.7414
2025-07-14 13:29:18 - INFO - Epoch 93 finished. Average Training Loss: 0.6722
2025-07-14 13:29:19 - INFO - Epoch 94 finished. Average Training Loss: 0.8779
2025-07-14 13:29:20 - INFO - Epoch 95 finished. Average Training Loss: 0.7018
2025-07-14 13:29:22 - INFO - Epoch 96 finished. Average Training Loss: 0.6852
2025-07-14 13:29:23 - INFO - Epoch 97 finished. Average Training Loss: 1.0109
2025-07-14 13:29:24 - INFO - Epoch 98 finished. Average Training Loss: 0.8088
2025-07-14 13:29:26 - INFO - Epoch 99 finished. Average Training Loss: 0.7062
2025-07-14 13:29:27 - INFO - Epoch 100 finished. Average Training Loss: 0.6988
2025-07-14 13:29:27 - INFO - Saved checkpoint for epoch 100 to ./result/VNet_Multi_V5/LA_8/Pth/model_epoch_100.pth
2025-07-14 13:29:29 - INFO - Epoch 101 finished. Average Training Loss: 0.6971
2025-07-14 13:29:31 - INFO - Epoch 102 finished. Average Training Loss: 0.6714
2025-07-14 13:29:32 - INFO - Epoch 103 finished. Average Training Loss: 0.7921
2025-07-14 13:29:33 - INFO - Epoch 104 finished. Average Training Loss: 0.7312
2025-07-14 13:29:35 - INFO - Epoch 105 finished. Average Training Loss: 0.7557
2025-07-14 13:29:37 - INFO - Epoch 106 finished. Average Training Loss: 0.6024
2025-07-14 13:29:38 - INFO - Epoch 107 finished. Average Training Loss: 0.8105
2025-07-14 13:29:39 - INFO - Epoch 108 finished. Average Training Loss: 0.6918
2025-07-14 13:29:41 - INFO - Epoch 109 finished. Average Training Loss: 0.8272
2025-07-14 13:29:43 - INFO - Epoch 110 finished. Average Training Loss: 0.7622
2025-07-14 13:29:44 - INFO - Epoch 111 finished. Average Training Loss: 0.7644
2025-07-14 13:29:45 - INFO - Epoch 112 finished. Average Training Loss: 0.6962
2025-07-14 13:29:47 - INFO - Epoch 113 finished. Average Training Loss: 0.8326
2025-07-14 13:29:48 - INFO - Epoch 114 finished. Average Training Loss: 0.8543
2025-07-14 13:29:50 - INFO - Epoch 115 finished. Average Training Loss: 0.6417
2025-07-14 13:29:51 - INFO - Epoch 116 finished. Average Training Loss: 0.6566
2025-07-14 13:29:53 - INFO - Epoch 117 finished. Average Training Loss: 0.7135
2025-07-14 13:29:54 - INFO - Epoch 118 finished. Average Training Loss: 0.6845
2025-07-14 13:29:56 - INFO - Epoch 119 finished. Average Training Loss: 0.7510
2025-07-14 13:29:57 - INFO - Epoch 120 finished. Average Training Loss: 0.5238
2025-07-14 13:29:57 - INFO - Saved checkpoint for epoch 120 to ./result/VNet_Multi_V5/LA_8/Pth/model_epoch_120.pth
2025-07-14 13:29:59 - INFO - Epoch 121 finished. Average Training Loss: 0.7868
2025-07-14 13:30:00 - INFO - Epoch 122 finished. Average Training Loss: 0.6520
2025-07-14 13:30:02 - INFO - Epoch 123 finished. Average Training Loss: 0.5823
2025-07-14 13:30:03 - INFO - Epoch 124 finished. Average Training Loss: 0.5353
2025-07-14 13:30:04 - INFO - Epoch 125 finished. Average Training Loss: 0.6931
2025-07-14 13:30:06 - INFO - Epoch 126 finished. Average Training Loss: 0.6185
2025-07-14 13:30:08 - INFO - Epoch 127 finished. Average Training Loss: 0.5932
2025-07-14 13:30:09 - INFO - Epoch 128 finished. Average Training Loss: 0.5376
2025-07-14 13:30:10 - INFO - Epoch 129 finished. Average Training Loss: 0.6200
2025-07-14 13:30:12 - INFO - Epoch 130 finished. Average Training Loss: 0.5155
2025-07-14 13:30:14 - INFO - Epoch 131 finished. Average Training Loss: 0.6069
2025-07-14 13:30:15 - INFO - Epoch 132 finished. Average Training Loss: 0.4957
2025-07-14 13:30:16 - INFO - Epoch 133 finished. Average Training Loss: 0.5942
2025-07-14 13:30:18 - INFO - Epoch 134 finished. Average Training Loss: 0.8891
2025-07-14 13:30:20 - INFO - Epoch 135 finished. Average Training Loss: 0.6505
2025-07-14 13:30:21 - INFO - Epoch 136 finished. Average Training Loss: 0.7577
2025-07-14 13:30:22 - INFO - Epoch 137 finished. Average Training Loss: 0.5244
2025-07-14 13:30:24 - INFO - Epoch 138 finished. Average Training Loss: 0.6469
2025-07-14 13:30:25 - INFO - Epoch 139 finished. Average Training Loss: 0.7343
2025-07-14 13:30:27 - INFO - Epoch 140 finished. Average Training Loss: 0.6164
2025-07-14 13:30:27 - INFO - Saved checkpoint for epoch 140 to ./result/VNet_Multi_V5/LA_8/Pth/model_epoch_140.pth
2025-07-14 13:30:28 - INFO - Epoch 141 finished. Average Training Loss: 0.6938
2025-07-14 13:30:30 - INFO - Epoch 142 finished. Average Training Loss: 0.6404
2025-07-14 13:30:31 - INFO - Epoch 143 finished. Average Training Loss: 0.5460
2025-07-14 13:30:33 - INFO - Epoch 144 finished. Average Training Loss: 0.4951
2025-07-14 13:30:34 - INFO - Epoch 145 finished. Average Training Loss: 0.5825
2025-07-14 13:30:36 - INFO - Epoch 146 finished. Average Training Loss: 0.7682
2025-07-14 13:30:37 - INFO - Epoch 147 finished. Average Training Loss: 0.5539
2025-07-14 13:30:39 - INFO - Epoch 148 finished. Average Training Loss: 0.7748
2025-07-14 13:30:40 - INFO - Epoch 149 finished. Average Training Loss: 0.6066
2025-07-14 13:30:41 - INFO - Epoch 150 finished. Average Training Loss: 0.5482
2025-07-14 13:30:43 - INFO - Epoch 151 finished. Average Training Loss: 0.6746
2025-07-14 13:30:45 - INFO - Epoch 152 finished. Average Training Loss: 0.7317
2025-07-14 13:30:46 - INFO - Epoch 153 finished. Average Training Loss: 0.6981
2025-07-14 13:30:48 - INFO - Epoch 154 finished. Average Training Loss: 0.7106
2025-07-14 13:30:49 - INFO - Epoch 155 finished. Average Training Loss: 0.6830
2025-07-14 13:30:51 - INFO - Epoch 156 finished. Average Training Loss: 0.5588
2025-07-14 13:30:52 - INFO - Epoch 157 finished. Average Training Loss: 0.6986
2025-07-14 13:30:54 - INFO - Epoch 158 finished. Average Training Loss: 0.5805
2025-07-14 13:30:55 - INFO - Epoch 159 finished. Average Training Loss: 0.7545
2025-07-14 13:30:57 - INFO - Epoch 160 finished. Average Training Loss: 0.5220
2025-07-14 13:30:57 - INFO - Saved checkpoint for epoch 160 to ./result/VNet_Multi_V5/LA_8/Pth/model_epoch_160.pth
2025-07-14 13:30:59 - INFO - Epoch 161 finished. Average Training Loss: 0.6239
2025-07-14 13:31:00 - INFO - Epoch 162 finished. Average Training Loss: 0.5085
2025-07-14 13:31:01 - INFO - Epoch 163 finished. Average Training Loss: 0.5368
2025-07-14 13:31:03 - INFO - Epoch 164 finished. Average Training Loss: 0.5798
2025-07-14 13:31:04 - INFO - Epoch 165 finished. Average Training Loss: 0.7705
2025-07-14 13:31:06 - INFO - Epoch 166 finished. Average Training Loss: 0.6360
2025-07-14 13:31:07 - INFO - Epoch 167 finished. Average Training Loss: 0.5073
2025-07-14 13:31:08 - INFO - Epoch 168 finished. Average Training Loss: 0.6510
2025-07-14 13:31:10 - INFO - Epoch 169 finished. Average Training Loss: 0.6457
2025-07-14 13:31:11 - INFO - Epoch 170 finished. Average Training Loss: 0.4245
2025-07-14 13:31:12 - INFO - Epoch 171 finished. Average Training Loss: 0.5321
2025-07-14 13:31:14 - INFO - Epoch 172 finished. Average Training Loss: 0.5987
2025-07-14 13:31:16 - INFO - Epoch 173 finished. Average Training Loss: 0.4932
2025-07-14 13:31:17 - INFO - Epoch 174 finished. Average Training Loss: 0.5538
2025-07-14 13:31:18 - INFO - Epoch 175 finished. Average Training Loss: 0.8031
2025-07-14 13:31:20 - INFO - Epoch 176 finished. Average Training Loss: 0.5347
2025-07-14 13:31:22 - INFO - Epoch 177 finished. Average Training Loss: 0.6404
2025-07-14 13:31:23 - INFO - Epoch 178 finished. Average Training Loss: 0.5833
2025-07-14 13:31:24 - INFO - Epoch 179 finished. Average Training Loss: 0.4802
2025-07-14 13:31:26 - INFO - Epoch 180 finished. Average Training Loss: 0.4940
2025-07-14 13:31:26 - INFO - Saved checkpoint for epoch 180 to ./result/VNet_Multi_V5/LA_8/Pth/model_epoch_180.pth
2025-07-14 13:31:28 - INFO - Epoch 181 finished. Average Training Loss: 0.6406
2025-07-14 13:31:29 - INFO - Epoch 182 finished. Average Training Loss: 0.4785
2025-07-14 13:31:31 - INFO - Epoch 183 finished. Average Training Loss: 0.6072
2025-07-14 13:31:32 - INFO - Epoch 184 finished. Average Training Loss: 0.7140
2025-07-14 13:31:33 - INFO - Epoch 185 finished. Average Training Loss: 0.4821
2025-07-14 13:31:35 - INFO - Epoch 186 finished. Average Training Loss: 0.4584
2025-07-14 13:31:37 - INFO - Epoch 187 finished. Average Training Loss: 0.4381
2025-07-14 13:31:38 - INFO - Epoch 188 finished. Average Training Loss: 0.5775
2025-07-14 13:31:39 - INFO - Epoch 189 finished. Average Training Loss: 0.5079
2025-07-14 13:31:41 - INFO - Epoch 190 finished. Average Training Loss: 0.4919
2025-07-14 13:31:42 - INFO - Epoch 191 finished. Average Training Loss: 0.5517
2025-07-14 13:31:44 - INFO - Epoch 192 finished. Average Training Loss: 0.4806
2025-07-14 13:31:45 - INFO - Epoch 193 finished. Average Training Loss: 0.5381
2025-07-14 13:31:47 - INFO - Epoch 194 finished. Average Training Loss: 0.5957
2025-07-14 13:31:48 - INFO - Epoch 195 finished. Average Training Loss: 0.5240
2025-07-14 13:31:50 - INFO - Epoch 196 finished. Average Training Loss: 0.5281
2025-07-14 13:31:51 - INFO - Epoch 197 finished. Average Training Loss: 0.5868
2025-07-14 13:31:53 - INFO - Epoch 198 finished. Average Training Loss: 0.4787
2025-07-14 13:31:54 - INFO - Epoch 199 finished. Average Training Loss: 0.4180
2025-07-14 13:31:56 - INFO - Epoch 200 finished. Average Training Loss: 0.4744
2025-07-14 13:31:56 - INFO - Saved checkpoint for epoch 200 to ./result/VNet_Multi_V5/LA_8/Pth/model_epoch_200.pth
2025-07-14 13:31:57 - INFO - Epoch 201 finished. Average Training Loss: 0.5231
2025-07-14 13:31:59 - INFO - Epoch 202 finished. Average Training Loss: 0.6529
2025-07-14 13:32:00 - INFO - Epoch 203 finished. Average Training Loss: 0.8427
2025-07-14 13:32:02 - INFO - Epoch 204 finished. Average Training Loss: 0.6140
2025-07-14 13:32:03 - INFO - Epoch 205 finished. Average Training Loss: 0.4440
2025-07-14 13:32:04 - INFO - Epoch 206 finished. Average Training Loss: 0.4447
2025-07-14 13:32:06 - INFO - Epoch 207 finished. Average Training Loss: 0.7300
2025-07-14 13:32:08 - INFO - Epoch 208 finished. Average Training Loss: 0.7423
2025-07-14 13:32:09 - INFO - Epoch 209 finished. Average Training Loss: 0.5167
2025-07-14 13:32:10 - INFO - Epoch 210 finished. Average Training Loss: 0.4733
2025-07-14 13:32:12 - INFO - Epoch 211 finished. Average Training Loss: 0.6986
2025-07-14 13:32:14 - INFO - Epoch 212 finished. Average Training Loss: 0.5472
2025-07-14 13:32:15 - INFO - Epoch 213 finished. Average Training Loss: 0.5483
2025-07-14 13:32:16 - INFO - Epoch 214 finished. Average Training Loss: 0.4878
2025-07-14 13:32:18 - INFO - Epoch 215 finished. Average Training Loss: 0.2721
2025-07-14 13:32:20 - INFO - Epoch 216 finished. Average Training Loss: 0.3812
2025-07-14 13:32:21 - INFO - Epoch 217 finished. Average Training Loss: 0.4602
2025-07-14 13:32:22 - INFO - Epoch 218 finished. Average Training Loss: 0.5733
2025-07-14 13:32:24 - INFO - Epoch 219 finished. Average Training Loss: 0.5668
2025-07-14 13:32:26 - INFO - Epoch 220 finished. Average Training Loss: 0.4946
2025-07-14 13:32:26 - INFO - Saved checkpoint for epoch 220 to ./result/VNet_Multi_V5/LA_8/Pth/model_epoch_220.pth
2025-07-14 13:32:28 - INFO - Epoch 221 finished. Average Training Loss: 0.7615
2025-07-14 13:32:29 - INFO - Epoch 222 finished. Average Training Loss: 0.5734
2025-07-14 13:32:30 - INFO - Epoch 223 finished. Average Training Loss: 0.3636
2025-07-14 13:32:32 - INFO - Epoch 224 finished. Average Training Loss: 0.5859
2025-07-14 13:32:34 - INFO - Epoch 225 finished. Average Training Loss: 0.4746
2025-07-14 13:32:35 - INFO - Epoch 226 finished. Average Training Loss: 0.4739
2025-07-14 13:32:36 - INFO - Epoch 227 finished. Average Training Loss: 0.6465
2025-07-14 13:32:38 - INFO - Epoch 228 finished. Average Training Loss: 0.4659
2025-07-14 13:32:39 - INFO - Epoch 229 finished. Average Training Loss: 0.5942
2025-07-14 13:32:41 - INFO - Epoch 230 finished. Average Training Loss: 0.6700
2025-07-14 13:32:42 - INFO - Epoch 231 finished. Average Training Loss: 0.5079
2025-07-14 13:32:43 - INFO - Epoch 232 finished. Average Training Loss: 0.4387
2025-07-14 13:32:45 - INFO - Epoch 233 finished. Average Training Loss: 0.5114
2025-07-14 13:32:47 - INFO - Epoch 234 finished. Average Training Loss: 0.4553
2025-07-14 13:32:48 - INFO - Epoch 235 finished. Average Training Loss: 0.3586
2025-07-14 13:32:50 - INFO - Epoch 236 finished. Average Training Loss: 0.5336
2025-07-14 13:32:51 - INFO - Epoch 237 finished. Average Training Loss: 0.7726
2025-07-14 13:32:53 - INFO - Epoch 238 finished. Average Training Loss: 0.4315
2025-07-14 13:32:55 - INFO - Epoch 239 finished. Average Training Loss: 0.4677
2025-07-14 13:32:56 - INFO - Epoch 240 finished. Average Training Loss: 0.3094
2025-07-14 13:32:56 - INFO - Saved checkpoint for epoch 240 to ./result/VNet_Multi_V5/LA_8/Pth/model_epoch_240.pth
2025-07-14 13:32:57 - INFO - Epoch 241 finished. Average Training Loss: 0.4741
2025-07-14 13:32:59 - INFO - Epoch 242 finished. Average Training Loss: 0.5092
2025-07-14 13:33:01 - INFO - Epoch 243 finished. Average Training Loss: 0.5115
2025-07-14 13:33:02 - INFO - Epoch 244 finished. Average Training Loss: 0.5095
2025-07-14 13:33:03 - INFO - Epoch 245 finished. Average Training Loss: 0.5665
2025-07-14 13:33:05 - INFO - Epoch 246 finished. Average Training Loss: 0.5026
2025-07-14 13:33:07 - INFO - Epoch 247 finished. Average Training Loss: 0.4664
2025-07-14 13:33:08 - INFO - Epoch 248 finished. Average Training Loss: 0.5611
2025-07-14 13:33:09 - INFO - Epoch 249 finished. Average Training Loss: 0.6599
2025-07-14 13:33:10 - INFO - Epoch 250 finished. Average Training Loss: 0.5565
2025-07-14 13:33:11 - INFO - Epoch 251 finished. Average Training Loss: 0.4043
2025-07-14 13:33:12 - INFO - Epoch 252 finished. Average Training Loss: 0.3507
2025-07-14 13:33:14 - INFO - Epoch 253 finished. Average Training Loss: 0.4536
2025-07-14 13:33:15 - INFO - Epoch 254 finished. Average Training Loss: 0.5845
2025-07-14 13:33:16 - INFO - Epoch 255 finished. Average Training Loss: 0.5140
2025-07-14 13:33:17 - INFO - Epoch 256 finished. Average Training Loss: 0.4231
2025-07-14 13:33:18 - INFO - Epoch 257 finished. Average Training Loss: 0.5026
2025-07-14 13:33:19 - INFO - Epoch 258 finished. Average Training Loss: 0.4965
2025-07-14 13:33:20 - INFO - Epoch 259 finished. Average Training Loss: 0.4136
2025-07-14 13:33:21 - INFO - Epoch 260 finished. Average Training Loss: 0.6483
2025-07-14 13:33:22 - INFO - Saved checkpoint for epoch 260 to ./result/VNet_Multi_V5/LA_8/Pth/model_epoch_260.pth
2025-07-14 13:33:22 - INFO - Epoch 261 finished. Average Training Loss: 0.5090
2025-07-14 13:33:24 - INFO - Epoch 262 finished. Average Training Loss: 0.4877
2025-07-14 13:33:25 - INFO - Epoch 263 finished. Average Training Loss: 0.4379
2025-07-14 13:33:26 - INFO - Epoch 264 finished. Average Training Loss: 0.3674
2025-07-14 13:33:27 - INFO - Epoch 265 finished. Average Training Loss: 0.4294
2025-07-14 13:33:28 - INFO - Epoch 266 finished. Average Training Loss: 0.4216
2025-07-14 13:33:29 - INFO - Epoch 267 finished. Average Training Loss: 0.5637
2025-07-14 13:33:30 - INFO - Epoch 268 finished. Average Training Loss: 0.6695
2025-07-14 13:33:32 - INFO - Epoch 269 finished. Average Training Loss: 0.4677
2025-07-14 13:33:33 - INFO - Epoch 270 finished. Average Training Loss: 0.3585
2025-07-14 13:33:34 - INFO - Epoch 271 finished. Average Training Loss: 0.4087
2025-07-14 13:33:35 - INFO - Epoch 272 finished. Average Training Loss: 0.4593
2025-07-14 13:33:36 - INFO - Epoch 273 finished. Average Training Loss: 0.5752
2025-07-14 13:33:37 - INFO - Epoch 274 finished. Average Training Loss: 0.7324
2025-07-14 13:33:38 - INFO - Epoch 275 finished. Average Training Loss: 0.5544
2025-07-14 13:33:39 - INFO - Epoch 276 finished. Average Training Loss: 0.4090
2025-07-14 13:33:40 - INFO - Epoch 277 finished. Average Training Loss: 0.4949
2025-07-14 13:33:42 - INFO - Epoch 278 finished. Average Training Loss: 0.4415
2025-07-14 13:33:43 - INFO - Epoch 279 finished. Average Training Loss: 0.5363
2025-07-14 13:33:44 - INFO - Epoch 280 finished. Average Training Loss: 0.6215
2025-07-14 13:33:44 - INFO - Saved checkpoint for epoch 280 to ./result/VNet_Multi_V5/LA_8/Pth/model_epoch_280.pth
2025-07-14 13:33:45 - INFO - Epoch 281 finished. Average Training Loss: 0.3398
2025-07-14 13:33:46 - INFO - Epoch 282 finished. Average Training Loss: 0.4569
2025-07-14 13:33:47 - INFO - Epoch 283 finished. Average Training Loss: 0.4211
2025-07-14 13:33:48 - INFO - Epoch 284 finished. Average Training Loss: 0.5822
2025-07-14 13:33:49 - INFO - Epoch 285 finished. Average Training Loss: 0.4259
2025-07-14 13:33:51 - INFO - Epoch 286 finished. Average Training Loss: 0.3799
2025-07-14 13:33:52 - INFO - Epoch 287 finished. Average Training Loss: 0.4235
2025-07-14 13:33:53 - INFO - Epoch 288 finished. Average Training Loss: 0.3240
2025-07-14 13:33:54 - INFO - Epoch 289 finished. Average Training Loss: 0.2669
2025-07-14 13:33:55 - INFO - Epoch 290 finished. Average Training Loss: 0.7491
2025-07-14 13:33:56 - INFO - Epoch 291 finished. Average Training Loss: 0.3312
2025-07-14 13:33:57 - INFO - Epoch 292 finished. Average Training Loss: 0.2525
2025-07-14 13:33:58 - INFO - Epoch 293 finished. Average Training Loss: 0.3045
2025-07-14 13:33:59 - INFO - Epoch 294 finished. Average Training Loss: 0.2168
2025-07-14 13:34:00 - INFO - Epoch 295 finished. Average Training Loss: 0.3699
2025-07-14 13:34:02 - INFO - Epoch 296 finished. Average Training Loss: 0.2916
2025-07-14 13:34:03 - INFO - Epoch 297 finished. Average Training Loss: 0.5129
2025-07-14 13:34:04 - INFO - Epoch 298 finished. Average Training Loss: 0.2783
2025-07-14 13:34:05 - INFO - Epoch 299 finished. Average Training Loss: 0.4530
2025-07-14 13:34:06 - INFO - Epoch 300 finished. Average Training Loss: 0.3916
2025-07-14 13:34:06 - INFO - Saved checkpoint for epoch 300 to ./result/VNet_Multi_V5/LA_8/Pth/model_epoch_300.pth
2025-07-14 13:34:07 - INFO - Epoch 301 finished. Average Training Loss: 0.3729
2025-07-14 13:34:08 - INFO - Epoch 302 finished. Average Training Loss: 0.3254
2025-07-14 13:34:10 - INFO - Epoch 303 finished. Average Training Loss: 0.3868
2025-07-14 13:34:11 - INFO - Epoch 304 finished. Average Training Loss: 0.3636
2025-07-14 13:34:12 - INFO - Epoch 305 finished. Average Training Loss: 0.4641
2025-07-14 13:34:13 - INFO - Epoch 306 finished. Average Training Loss: 0.3383
2025-07-14 13:34:14 - INFO - Epoch 307 finished. Average Training Loss: 0.4646
2025-07-14 13:34:15 - INFO - Epoch 308 finished. Average Training Loss: 0.3240
2025-07-14 13:34:16 - INFO - Epoch 309 finished. Average Training Loss: 0.3171
2025-07-14 13:34:17 - INFO - Epoch 310 finished. Average Training Loss: 0.2633
2025-07-14 13:34:19 - INFO - Epoch 311 finished. Average Training Loss: 0.5567
2025-07-14 13:34:20 - INFO - Epoch 312 finished. Average Training Loss: 0.4155
2025-07-14 13:34:21 - INFO - Epoch 313 finished. Average Training Loss: 0.2484
2025-07-14 13:34:22 - INFO - Epoch 314 finished. Average Training Loss: 0.3483
2025-07-14 13:34:23 - INFO - Epoch 315 finished. Average Training Loss: 0.4338
2025-07-14 13:34:24 - INFO - Epoch 316 finished. Average Training Loss: 0.4325
2025-07-14 13:34:25 - INFO - Epoch 317 finished. Average Training Loss: 0.4479
2025-07-14 13:34:26 - INFO - Epoch 318 finished. Average Training Loss: 0.3006
2025-07-14 13:34:27 - INFO - Epoch 319 finished. Average Training Loss: 0.3375
2025-07-14 13:34:29 - INFO - Epoch 320 finished. Average Training Loss: 0.2149
2025-07-14 13:34:29 - INFO - Saved checkpoint for epoch 320 to ./result/VNet_Multi_V5/LA_8/Pth/model_epoch_320.pth
2025-07-14 13:34:30 - INFO - Epoch 321 finished. Average Training Loss: 0.4042
2025-07-14 13:34:31 - INFO - Epoch 322 finished. Average Training Loss: 0.3607
2025-07-14 13:34:32 - INFO - Epoch 323 finished. Average Training Loss: 0.3491
2025-07-14 13:34:33 - INFO - Epoch 324 finished. Average Training Loss: 0.3830
2025-07-14 13:34:34 - INFO - Epoch 325 finished. Average Training Loss: 0.3028
2025-07-14 13:34:35 - INFO - Epoch 326 finished. Average Training Loss: 0.3318
2025-07-14 13:34:37 - INFO - Epoch 327 finished. Average Training Loss: 0.4137
2025-07-14 13:34:37 - INFO - Epoch 328 finished. Average Training Loss: 0.1364
2025-07-14 13:34:39 - INFO - Epoch 329 finished. Average Training Loss: 0.2408
2025-07-14 13:34:40 - INFO - Epoch 330 finished. Average Training Loss: 0.5213
2025-07-14 13:34:41 - INFO - Epoch 331 finished. Average Training Loss: 0.3302
2025-07-14 13:34:42 - INFO - Epoch 332 finished. Average Training Loss: 0.2743
2025-07-14 13:34:43 - INFO - Epoch 333 finished. Average Training Loss: 0.3785
2025-07-14 13:34:44 - INFO - Epoch 334 finished. Average Training Loss: 0.3459
2025-07-14 13:34:45 - INFO - Epoch 335 finished. Average Training Loss: 0.3818
2025-07-14 13:34:47 - INFO - Epoch 336 finished. Average Training Loss: 0.3644
2025-07-14 13:34:47 - INFO - Epoch 337 finished. Average Training Loss: 0.4038
2025-07-14 13:34:49 - INFO - Epoch 338 finished. Average Training Loss: 0.2236
2025-07-14 13:34:50 - INFO - Epoch 339 finished. Average Training Loss: 0.3659
2025-07-14 13:34:51 - INFO - Epoch 340 finished. Average Training Loss: 0.1551
2025-07-14 13:34:52 - INFO - Saved checkpoint for epoch 340 to ./result/VNet_Multi_V5/LA_8/Pth/model_epoch_340.pth
2025-07-14 13:34:53 - INFO - Epoch 341 finished. Average Training Loss: 0.4576
2025-07-14 13:34:54 - INFO - Epoch 342 finished. Average Training Loss: 0.5688
2025-07-14 13:34:56 - INFO - Epoch 343 finished. Average Training Loss: 0.4488
2025-07-14 13:34:57 - INFO - Epoch 344 finished. Average Training Loss: 0.2811
2025-07-14 13:34:59 - INFO - Epoch 345 finished. Average Training Loss: 0.5695
2025-07-14 13:35:00 - INFO - Epoch 346 finished. Average Training Loss: 0.4260
2025-07-14 13:35:01 - INFO - Epoch 347 finished. Average Training Loss: 0.5600
2025-07-14 13:35:03 - INFO - Epoch 348 finished. Average Training Loss: 0.5791
2025-07-14 13:35:04 - INFO - Epoch 349 finished. Average Training Loss: 0.3994
2025-07-14 13:35:06 - INFO - Epoch 350 finished. Average Training Loss: 0.3505
2025-07-14 13:35:07 - INFO - Epoch 351 finished. Average Training Loss: 0.3195
2025-07-14 13:35:09 - INFO - Epoch 352 finished. Average Training Loss: 0.2722
2025-07-14 13:35:10 - INFO - Epoch 353 finished. Average Training Loss: 0.4735
2025-07-14 13:35:12 - INFO - Epoch 354 finished. Average Training Loss: 0.5296
2025-07-14 13:35:13 - INFO - Epoch 355 finished. Average Training Loss: 0.3505
2025-07-14 13:35:14 - INFO - Epoch 356 finished. Average Training Loss: 0.3280
2025-07-14 13:35:16 - INFO - Epoch 357 finished. Average Training Loss: 0.2838
2025-07-14 13:35:18 - INFO - Epoch 358 finished. Average Training Loss: 0.2654
2025-07-14 13:35:19 - INFO - Epoch 359 finished. Average Training Loss: 0.4295
2025-07-14 13:35:20 - INFO - Epoch 360 finished. Average Training Loss: 0.3652
2025-07-14 13:35:21 - INFO - Saved checkpoint for epoch 360 to ./result/VNet_Multi_V5/LA_8/Pth/model_epoch_360.pth
2025-07-14 13:35:22 - INFO - Epoch 361 finished. Average Training Loss: 0.2010
2025-07-14 13:35:24 - INFO - Epoch 362 finished. Average Training Loss: 0.2599
2025-07-14 13:35:25 - INFO - Epoch 363 finished. Average Training Loss: 0.4746
2025-07-14 13:35:26 - INFO - Epoch 364 finished. Average Training Loss: 0.3435
2025-07-14 13:35:28 - INFO - Epoch 365 finished. Average Training Loss: 0.3101
2025-07-14 13:35:30 - INFO - Epoch 366 finished. Average Training Loss: 0.3155
2025-07-14 13:35:31 - INFO - Epoch 367 finished. Average Training Loss: 0.3403
2025-07-14 13:35:32 - INFO - Epoch 368 finished. Average Training Loss: 0.1934
2025-07-14 13:35:34 - INFO - Epoch 369 finished. Average Training Loss: 0.1469
2025-07-14 13:35:36 - INFO - Epoch 370 finished. Average Training Loss: 0.2700
2025-07-14 13:35:37 - INFO - Epoch 371 finished. Average Training Loss: 0.1649
2025-07-14 13:35:39 - INFO - Epoch 372 finished. Average Training Loss: 0.2682
2025-07-14 13:35:40 - INFO - Epoch 373 finished. Average Training Loss: 0.3956
2025-07-14 13:35:42 - INFO - Epoch 374 finished. Average Training Loss: 0.4115
2025-07-14 13:35:43 - INFO - Epoch 375 finished. Average Training Loss: 0.3829
2025-07-14 13:35:45 - INFO - Epoch 376 finished. Average Training Loss: 0.2507
2025-07-14 13:35:46 - INFO - Epoch 377 finished. Average Training Loss: 0.2429
2025-07-14 13:35:48 - INFO - Epoch 378 finished. Average Training Loss: 0.3611
2025-07-14 13:35:49 - INFO - Epoch 379 finished. Average Training Loss: 0.2161
2025-07-14 13:35:51 - INFO - Epoch 380 finished. Average Training Loss: 0.2368
2025-07-14 13:35:51 - INFO - Saved checkpoint for epoch 380 to ./result/VNet_Multi_V5/LA_8/Pth/model_epoch_380.pth
2025-07-14 13:35:52 - INFO - Epoch 381 finished. Average Training Loss: 0.2218
2025-07-14 13:35:53 - INFO - Epoch 382 finished. Average Training Loss: 0.5758
2025-07-14 13:35:55 - INFO - Epoch 383 finished. Average Training Loss: 0.2348
2025-07-14 13:35:57 - INFO - Epoch 384 finished. Average Training Loss: 0.2445
2025-07-14 13:35:58 - INFO - Epoch 385 finished. Average Training Loss: 0.3625
2025-07-14 13:36:00 - INFO - Epoch 386 finished. Average Training Loss: 0.3725
2025-07-14 13:36:01 - INFO - Epoch 387 finished. Average Training Loss: 0.0529
2025-07-14 13:36:03 - INFO - Epoch 388 finished. Average Training Loss: 0.3290
2025-07-14 13:36:04 - INFO - Epoch 389 finished. Average Training Loss: 0.2056
2025-07-14 13:36:05 - INFO - Epoch 390 finished. Average Training Loss: 0.2726
2025-07-14 13:36:07 - INFO - Epoch 391 finished. Average Training Loss: 0.4207
2025-07-14 13:36:09 - INFO - Epoch 392 finished. Average Training Loss: 0.3644
2025-07-14 13:36:10 - INFO - Epoch 393 finished. Average Training Loss: 0.2787
2025-07-14 13:36:11 - INFO - Epoch 394 finished. Average Training Loss: 0.5610
2025-07-14 13:36:13 - INFO - Epoch 395 finished. Average Training Loss: 0.1904
2025-07-14 13:36:15 - INFO - Epoch 396 finished. Average Training Loss: 0.2847
2025-07-14 13:36:16 - INFO - Epoch 397 finished. Average Training Loss: 0.0984
2025-07-14 13:36:17 - INFO - Epoch 398 finished. Average Training Loss: 0.4298
2025-07-14 13:36:19 - INFO - Epoch 399 finished. Average Training Loss: 0.1943
2025-07-14 13:36:20 - INFO - Epoch 400 finished. Average Training Loss: 0.5412
2025-07-14 13:36:21 - INFO - Saved checkpoint for epoch 400 to ./result/VNet_Multi_V5/LA_8/Pth/model_epoch_400.pth
2025-07-14 13:36:22 - INFO - Epoch 401 finished. Average Training Loss: 0.3028
2025-07-14 13:36:24 - INFO - Epoch 402 finished. Average Training Loss: 0.0983
2025-07-14 13:36:25 - INFO - Epoch 403 finished. Average Training Loss: 0.2858
2025-07-14 13:36:27 - INFO - Epoch 404 finished. Average Training Loss: 0.2409
2025-07-14 13:36:28 - INFO - Epoch 405 finished. Average Training Loss: 0.5004
2025-07-14 13:36:30 - INFO - Epoch 406 finished. Average Training Loss: 0.5261
2025-07-14 13:36:31 - INFO - Epoch 407 finished. Average Training Loss: 0.3237
2025-07-14 13:36:32 - INFO - Epoch 408 finished. Average Training Loss: 0.2499
2025-07-14 13:36:34 - INFO - Epoch 409 finished. Average Training Loss: 0.2824
2025-07-14 13:36:35 - INFO - Epoch 410 finished. Average Training Loss: 0.2384
2025-07-14 13:36:37 - INFO - Epoch 411 finished. Average Training Loss: 0.2647
2025-07-14 13:36:38 - INFO - Epoch 412 finished. Average Training Loss: 0.2716
2025-07-14 13:36:40 - INFO - Epoch 413 finished. Average Training Loss: 0.3181
2025-07-14 13:36:41 - INFO - Epoch 414 finished. Average Training Loss: 0.2308
2025-07-14 13:36:42 - INFO - Epoch 415 finished. Average Training Loss: 0.3489
2025-07-14 13:36:44 - INFO - Epoch 416 finished. Average Training Loss: 0.2008
2025-07-14 13:36:44 - INFO - Epoch 417 finished. Average Training Loss: 0.6900
2025-07-14 13:36:46 - INFO - Epoch 418 finished. Average Training Loss: 0.5594
2025-07-14 13:36:47 - INFO - Epoch 419 finished. Average Training Loss: 0.2734
2025-07-14 13:36:48 - INFO - Epoch 420 finished. Average Training Loss: 0.2370
2025-07-14 13:36:48 - INFO - Saved checkpoint for epoch 420 to ./result/VNet_Multi_V5/LA_8/Pth/model_epoch_420.pth
2025-07-14 13:36:49 - INFO - Epoch 421 finished. Average Training Loss: 0.3638
2025-07-14 13:36:50 - INFO - Epoch 422 finished. Average Training Loss: 0.2493
2025-07-14 13:36:51 - INFO - Epoch 423 finished. Average Training Loss: 0.3931
2025-07-14 13:36:52 - INFO - Epoch 424 finished. Average Training Loss: 0.0011
2025-07-14 13:36:54 - INFO - Epoch 425 finished. Average Training Loss: 0.2439
2025-07-14 13:36:55 - INFO - Epoch 426 finished. Average Training Loss: 0.3462
2025-07-14 13:36:56 - INFO - Epoch 427 finished. Average Training Loss: 0.2301
2025-07-14 13:36:57 - INFO - Epoch 428 finished. Average Training Loss: 0.5237
2025-07-14 13:36:58 - INFO - Epoch 429 finished. Average Training Loss: 0.2650
2025-07-14 13:36:59 - INFO - Epoch 430 finished. Average Training Loss: 0.2262
2025-07-14 13:37:00 - INFO - Epoch 431 finished. Average Training Loss: 0.2311
2025-07-14 13:37:01 - INFO - Epoch 432 finished. Average Training Loss: 0.2169
2025-07-14 13:37:02 - INFO - Epoch 433 finished. Average Training Loss: 0.1519
2025-07-14 13:37:04 - INFO - Epoch 434 finished. Average Training Loss: 0.2746
2025-07-14 13:37:05 - INFO - Epoch 435 finished. Average Training Loss: 0.4427
2025-07-14 13:37:06 - INFO - Epoch 436 finished. Average Training Loss: 0.2481
2025-07-14 13:37:07 - INFO - Epoch 437 finished. Average Training Loss: 0.2601
2025-07-14 13:37:08 - INFO - Epoch 438 finished. Average Training Loss: 0.0876
2025-07-14 13:37:09 - INFO - Epoch 439 finished. Average Training Loss: 0.1515
2025-07-14 13:37:10 - INFO - Epoch 440 finished. Average Training Loss: 0.2395
2025-07-14 13:37:10 - INFO - Saved checkpoint for epoch 440 to ./result/VNet_Multi_V5/LA_8/Pth/model_epoch_440.pth
2025-07-14 13:37:12 - INFO - Epoch 441 finished. Average Training Loss: 0.3297
2025-07-14 13:37:12 - INFO - Epoch 442 finished. Average Training Loss: 0.1010
2025-07-14 13:37:14 - INFO - Epoch 443 finished. Average Training Loss: 0.1618
2025-07-14 13:37:15 - INFO - Epoch 444 finished. Average Training Loss: 0.2285
2025-07-14 13:37:16 - INFO - Epoch 445 finished. Average Training Loss: 0.2048
2025-07-14 13:37:17 - INFO - Epoch 446 finished. Average Training Loss: 0.3115
2025-07-14 13:37:18 - INFO - Epoch 447 finished. Average Training Loss: 0.1935
2025-07-14 13:37:19 - INFO - Epoch 448 finished. Average Training Loss: 0.3875
2025-07-14 13:37:20 - INFO - Epoch 449 finished. Average Training Loss: 0.2375
2025-07-14 13:37:22 - INFO - Epoch 450 finished. Average Training Loss: 0.2240
2025-07-14 13:37:22 - INFO - Epoch 451 finished. Average Training Loss: 0.4226
2025-07-14 13:37:24 - INFO - Epoch 452 finished. Average Training Loss: 0.3679
2025-07-14 13:37:25 - INFO - Epoch 453 finished. Average Training Loss: 0.2524
2025-07-14 13:37:26 - INFO - Epoch 454 finished. Average Training Loss: 0.1848
2025-07-14 13:37:27 - INFO - Epoch 455 finished. Average Training Loss: 0.2113
2025-07-14 13:37:28 - INFO - Epoch 456 finished. Average Training Loss: 0.1794
2025-07-14 13:37:29 - INFO - Epoch 457 finished. Average Training Loss: 0.4026
2025-07-14 13:37:30 - INFO - Epoch 458 finished. Average Training Loss: 0.1541
2025-07-14 13:37:32 - INFO - Epoch 459 finished. Average Training Loss: 0.2609
2025-07-14 13:37:32 - INFO - Epoch 460 finished. Average Training Loss: 0.2231
2025-07-14 13:37:32 - INFO - Saved checkpoint for epoch 460 to ./result/VNet_Multi_V5/LA_8/Pth/model_epoch_460.pth
2025-07-14 13:37:34 - INFO - Epoch 461 finished. Average Training Loss: 0.1141
2025-07-14 13:37:35 - INFO - Epoch 462 finished. Average Training Loss: 0.3771
2025-07-14 13:37:36 - INFO - Epoch 463 finished. Average Training Loss: 0.0849
2025-07-14 13:37:37 - INFO - Epoch 464 finished. Average Training Loss: 0.3149
2025-07-14 13:37:38 - INFO - Epoch 465 finished. Average Training Loss: 0.1340
2025-07-14 13:37:39 - INFO - Epoch 466 finished. Average Training Loss: 0.1636
2025-07-14 13:37:40 - INFO - Epoch 467 finished. Average Training Loss: 0.1689
2025-07-14 13:37:42 - INFO - Epoch 468 finished. Average Training Loss: 0.3498
2025-07-14 13:37:42 - INFO - Epoch 469 finished. Average Training Loss: 0.2493
2025-07-14 13:37:44 - INFO - Epoch 470 finished. Average Training Loss: 0.3152
2025-07-14 13:37:45 - INFO - Epoch 471 finished. Average Training Loss: 0.2102
2025-07-14 13:37:46 - INFO - Epoch 472 finished. Average Training Loss: 0.2043
2025-07-14 13:37:47 - INFO - Epoch 473 finished. Average Training Loss: 0.0453
2025-07-14 13:37:49 - INFO - Epoch 474 finished. Average Training Loss: 0.0197
2025-07-14 13:37:50 - INFO - Epoch 475 finished. Average Training Loss: 0.2052
2025-07-14 13:37:52 - INFO - Epoch 476 finished. Average Training Loss: 0.4468
2025-07-14 13:37:53 - INFO - Epoch 477 finished. Average Training Loss: 0.2403
2025-07-14 13:37:55 - INFO - Epoch 478 finished. Average Training Loss: 0.2156
2025-07-14 13:37:56 - INFO - Epoch 479 finished. Average Training Loss: 0.1278
2025-07-14 13:37:57 - INFO - Epoch 480 finished. Average Training Loss: 0.0494
2025-07-14 13:37:58 - INFO - Saved checkpoint for epoch 480 to ./result/VNet_Multi_V5/LA_8/Pth/model_epoch_480.pth
2025-07-14 13:37:59 - INFO - Epoch 481 finished. Average Training Loss: 0.1918
2025-07-14 13:38:00 - INFO - Epoch 482 finished. Average Training Loss: 0.1429
2025-07-14 13:38:02 - INFO - Epoch 483 finished. Average Training Loss: 0.2926
2025-07-14 13:38:03 - INFO - Epoch 484 finished. Average Training Loss: 0.3069
2025-07-14 13:38:05 - INFO - Epoch 485 finished. Average Training Loss: 0.1181
2025-07-14 13:38:06 - INFO - Epoch 486 finished. Average Training Loss: 0.2561
2025-07-14 13:38:08 - INFO - Epoch 487 finished. Average Training Loss: 0.3992
2025-07-14 13:38:09 - INFO - Epoch 488 finished. Average Training Loss: 0.0273
2025-07-14 13:38:11 - INFO - Epoch 489 finished. Average Training Loss: 0.1753
2025-07-14 13:38:12 - INFO - Epoch 490 finished. Average Training Loss: 0.2390
2025-07-14 13:38:14 - INFO - Epoch 491 finished. Average Training Loss: 0.2092
2025-07-14 13:38:16 - INFO - Epoch 492 finished. Average Training Loss: 0.2398
2025-07-14 13:38:17 - INFO - Epoch 493 finished. Average Training Loss: 0.1482
2025-07-14 13:38:18 - INFO - Epoch 494 finished. Average Training Loss: 0.1006
2025-07-14 13:38:20 - INFO - Epoch 495 finished. Average Training Loss: 0.2843
2025-07-14 13:38:22 - INFO - Epoch 496 finished. Average Training Loss: 0.1609
2025-07-14 13:38:23 - INFO - Epoch 497 finished. Average Training Loss: 0.2636
2025-07-14 13:38:24 - INFO - Epoch 498 finished. Average Training Loss: 0.4218
2025-07-14 13:38:26 - INFO - Epoch 499 finished. Average Training Loss: 0.2872
2025-07-14 13:38:28 - INFO - Epoch 500 finished. Average Training Loss: 0.1462
2025-07-14 13:38:28 - INFO - Saved checkpoint for epoch 500 to ./result/VNet_Multi_V5/LA_8/Pth/model_epoch_500.pth
2025-07-14 13:38:30 - INFO - Epoch 501 finished. Average Training Loss: 0.1736
2025-07-14 13:38:31 - INFO - Epoch 502 finished. Average Training Loss: 0.1298
2025-07-14 13:38:32 - INFO - Epoch 503 finished. Average Training Loss: 0.2651
2025-07-14 13:38:34 - INFO - Epoch 504 finished. Average Training Loss: 0.3785
2025-07-14 13:38:36 - INFO - Epoch 505 finished. Average Training Loss: 0.2178
2025-07-14 13:38:37 - INFO - Epoch 506 finished. Average Training Loss: 0.2164
2025-07-14 13:38:38 - INFO - Epoch 507 finished. Average Training Loss: 0.0463
2025-07-14 13:38:40 - INFO - Epoch 508 finished. Average Training Loss: 0.1668
2025-07-14 13:38:41 - INFO - Epoch 509 finished. Average Training Loss: 0.2866
2025-07-14 13:38:43 - INFO - Epoch 510 finished. Average Training Loss: 0.2389
2025-07-14 13:38:44 - INFO - Epoch 511 finished. Average Training Loss: 0.1862
2025-07-14 13:38:46 - INFO - Epoch 512 finished. Average Training Loss: 0.2228
2025-07-14 13:38:47 - INFO - Epoch 513 finished. Average Training Loss: 0.0972
2025-07-14 13:38:49 - INFO - Epoch 514 finished. Average Training Loss: 0.1650
2025-07-14 13:38:50 - INFO - Epoch 515 finished. Average Training Loss: 0.1183
2025-07-14 13:38:51 - INFO - Epoch 516 finished. Average Training Loss: 0.2709
2025-07-14 13:38:53 - INFO - Epoch 517 finished. Average Training Loss: 0.1968
2025-07-14 13:38:55 - INFO - Epoch 518 finished. Average Training Loss: 0.1398
2025-07-14 13:38:56 - INFO - Epoch 519 finished. Average Training Loss: 0.1558
2025-07-14 13:38:57 - INFO - Epoch 520 finished. Average Training Loss: 0.1876
2025-07-14 13:38:58 - INFO - Saved checkpoint for epoch 520 to ./result/VNet_Multi_V5/LA_8/Pth/model_epoch_520.pth
2025-07-14 13:38:59 - INFO - Epoch 521 finished. Average Training Loss: 0.1371
2025-07-14 13:39:01 - INFO - Epoch 522 finished. Average Training Loss: 0.4110
2025-07-14 13:39:02 - INFO - Epoch 523 finished. Average Training Loss: 0.2230
2025-07-14 13:39:04 - INFO - Epoch 524 finished. Average Training Loss: 0.0501
2025-07-14 13:39:05 - INFO - Epoch 525 finished. Average Training Loss: 0.1169
2025-07-14 13:39:07 - INFO - Epoch 526 finished. Average Training Loss: 0.1930
2025-07-14 13:39:08 - INFO - Epoch 527 finished. Average Training Loss: 0.3420
2025-07-14 13:39:09 - INFO - Epoch 528 finished. Average Training Loss: 0.1681
2025-07-14 13:39:11 - INFO - Epoch 529 finished. Average Training Loss: 0.0845
2025-07-14 13:39:12 - INFO - Epoch 530 finished. Average Training Loss: 0.1416
2025-07-14 13:39:14 - INFO - Epoch 531 finished. Average Training Loss: 0.1406
2025-07-14 13:39:16 - INFO - Epoch 532 finished. Average Training Loss: 0.0729
2025-07-14 13:39:17 - INFO - Epoch 533 finished. Average Training Loss: -0.0321
2025-07-14 13:39:18 - INFO - Epoch 534 finished. Average Training Loss: 0.1265
2025-07-14 13:39:20 - INFO - Epoch 535 finished. Average Training Loss: 0.2731
2025-07-14 13:39:22 - INFO - Epoch 536 finished. Average Training Loss: 0.0849
2025-07-14 13:39:23 - INFO - Epoch 537 finished. Average Training Loss: 0.1167
2025-07-14 13:39:24 - INFO - Epoch 538 finished. Average Training Loss: 0.1262
2025-07-14 13:39:26 - INFO - Epoch 539 finished. Average Training Loss: 0.3200
2025-07-14 13:39:28 - INFO - Epoch 540 finished. Average Training Loss: 0.1520
2025-07-14 13:39:28 - INFO - Saved checkpoint for epoch 540 to ./result/VNet_Multi_V5/LA_8/Pth/model_epoch_540.pth
2025-07-14 13:39:29 - INFO - Epoch 541 finished. Average Training Loss: 0.0937
2025-07-14 13:39:31 - INFO - Epoch 542 finished. Average Training Loss: -0.0811
2025-07-14 13:39:32 - INFO - Epoch 543 finished. Average Training Loss: 0.1960
2025-07-14 13:39:33 - INFO - Epoch 544 finished. Average Training Loss: 0.0559
2025-07-14 13:39:34 - INFO - Epoch 545 finished. Average Training Loss: 0.1522
2025-07-14 13:39:35 - INFO - Epoch 546 finished. Average Training Loss: 0.0711
2025-07-14 13:39:37 - INFO - Epoch 547 finished. Average Training Loss: 0.1788
2025-07-14 13:39:38 - INFO - Epoch 548 finished. Average Training Loss: 0.0664
2025-07-14 13:39:39 - INFO - Epoch 549 finished. Average Training Loss: 0.2206
2025-07-14 13:39:40 - INFO - Epoch 550 finished. Average Training Loss: 0.0836
2025-07-14 13:39:41 - INFO - Epoch 551 finished. Average Training Loss: 0.0165
2025-07-14 13:39:42 - INFO - Epoch 552 finished. Average Training Loss: 0.1423
2025-07-14 13:39:43 - INFO - Epoch 553 finished. Average Training Loss: 0.0791
2025-07-14 13:39:44 - INFO - Epoch 554 finished. Average Training Loss: 0.1539
2025-07-14 13:39:45 - INFO - Epoch 555 finished. Average Training Loss: 0.1402
2025-07-14 13:39:46 - INFO - Epoch 556 finished. Average Training Loss: 0.1467
2025-07-14 13:39:47 - INFO - Epoch 557 finished. Average Training Loss: 0.1822
2025-07-14 13:39:48 - INFO - Epoch 558 finished. Average Training Loss: 0.1516
2025-07-14 13:39:50 - INFO - Epoch 559 finished. Average Training Loss: -0.0038
2025-07-14 13:39:51 - INFO - Epoch 560 finished. Average Training Loss: 0.1952
2025-07-14 13:39:51 - INFO - Saved checkpoint for epoch 560 to ./result/VNet_Multi_V5/LA_8/Pth/model_epoch_560.pth
2025-07-14 13:39:52 - INFO - Epoch 561 finished. Average Training Loss: 0.0356
2025-07-14 13:39:53 - INFO - Epoch 562 finished. Average Training Loss: 0.0782
2025-07-14 13:39:54 - INFO - Epoch 563 finished. Average Training Loss: 0.1852
2025-07-14 13:39:55 - INFO - Epoch 564 finished. Average Training Loss: 0.0243
2025-07-14 13:39:56 - INFO - Epoch 565 finished. Average Training Loss: 0.2834
2025-07-14 13:39:57 - INFO - Epoch 566 finished. Average Training Loss: 0.1496
2025-07-14 13:39:58 - INFO - Epoch 567 finished. Average Training Loss: 0.2935
2025-07-14 13:40:00 - INFO - Epoch 568 finished. Average Training Loss: 0.1446
2025-07-14 13:40:01 - INFO - Epoch 569 finished. Average Training Loss: 0.0573
2025-07-14 13:40:02 - INFO - Epoch 570 finished. Average Training Loss: 0.0169
2025-07-14 13:40:03 - INFO - Epoch 571 finished. Average Training Loss: -0.0137
2025-07-14 13:40:04 - INFO - Epoch 572 finished. Average Training Loss: 0.0584
2025-07-14 13:40:05 - INFO - Epoch 573 finished. Average Training Loss: 0.0087
2025-07-14 13:40:06 - INFO - Epoch 574 finished. Average Training Loss: 0.1499
2025-07-14 13:40:07 - INFO - Epoch 575 finished. Average Training Loss: 0.0003
2025-07-14 13:40:08 - INFO - Epoch 576 finished. Average Training Loss: 0.2841
2025-07-14 13:40:10 - INFO - Epoch 577 finished. Average Training Loss: 0.1118
2025-07-14 13:40:10 - INFO - Epoch 578 finished. Average Training Loss: 0.1043
2025-07-14 13:40:12 - INFO - Epoch 579 finished. Average Training Loss: 0.2608
2025-07-14 13:40:13 - INFO - Epoch 580 finished. Average Training Loss: 0.1030
2025-07-14 13:40:13 - INFO - Saved checkpoint for epoch 580 to ./result/VNet_Multi_V5/LA_8/Pth/model_epoch_580.pth
2025-07-14 13:40:14 - INFO - Epoch 581 finished. Average Training Loss: 0.1822
2025-07-14 13:40:15 - INFO - Epoch 582 finished. Average Training Loss: 0.3412
2025-07-14 13:40:16 - INFO - Epoch 583 finished. Average Training Loss: 0.1986
2025-07-14 13:40:17 - INFO - Epoch 584 finished. Average Training Loss: 0.0159
2025-07-14 13:40:18 - INFO - Epoch 585 finished. Average Training Loss: 0.3077
2025-07-14 13:40:20 - INFO - Epoch 586 finished. Average Training Loss: 0.1577
2025-07-14 13:40:20 - INFO - Epoch 587 finished. Average Training Loss: 0.3365
2025-07-14 13:40:22 - INFO - Epoch 588 finished. Average Training Loss: 0.0538
2025-07-14 13:40:23 - INFO - Epoch 589 finished. Average Training Loss: 0.0564
2025-07-14 13:40:24 - INFO - Epoch 590 finished. Average Training Loss: 0.4674
2025-07-14 13:40:25 - INFO - Epoch 591 finished. Average Training Loss: 0.2499
2025-07-14 13:40:26 - INFO - Epoch 592 finished. Average Training Loss: 0.1298
2025-07-14 13:40:27 - INFO - Epoch 593 finished. Average Training Loss: 0.1249
2025-07-14 13:40:28 - INFO - Epoch 594 finished. Average Training Loss: 0.0309
2025-07-14 13:40:30 - INFO - Epoch 595 finished. Average Training Loss: 0.1627
2025-07-14 13:40:30 - INFO - Epoch 596 finished. Average Training Loss: -0.0150
2025-07-14 13:40:32 - INFO - Epoch 597 finished. Average Training Loss: -0.0406
2025-07-14 13:40:33 - INFO - Epoch 598 finished. Average Training Loss: 0.2354
2025-07-14 13:40:34 - INFO - Epoch 599 finished. Average Training Loss: 0.0728
2025-07-14 13:40:35 - INFO - Epoch 600 finished. Average Training Loss: -0.0673
2025-07-14 13:40:35 - INFO - Saved checkpoint for epoch 600 to ./result/VNet_Multi_V5/LA_8/Pth/model_epoch_600.pth
2025-07-14 13:40:35 - INFO - Training complete!
2025-07-14 14:13:00 - INFO - Logging is set up.
2025-07-14 14:13:00 - INFO - 
======================================== New DDP Training Session Started ========================================
2025-07-14 14:13:00 - INFO - Using 2 GPUs for training.
2025-07-14 14:13:00 - INFO - Training configuration:
{
  "seed": 42,
  "epochs": 600,
  "batch_size": 2,
  "learning_rate": 1e-05,
  "log_path": "./result/VNet_Multi_V5/LA_8/Training.log",
  "pth_path": "./result/VNet_Multi_V5/LA_8/Pth",
  "tensorboard_path": "./result/VNet_Multi_V5/LA_8/Train",
  "continue_train": true,
  "dataset_path": "./datasets/LA",
  "num_classes": 2,
  "training_num": 8,
  "patch_size": [
    112,
    112,
    80
  ]
}
2025-07-14 14:13:00 - INFO - Ensured model and TensorBoard directories exist.
2025-07-14 14:13:00 - INFO - Process started on device: cuda:0 with seed 42.
2025-07-14 14:13:00 - INFO - TensorBoard writer initialized at: ./result/VNet_Multi_V5/LA_8/Train/20250714-141300
2025-07-14 14:13:00 - INFO - Initializing dataset...
2025-07-14 14:13:00 - INFO - Dataset contains 8 samples.
2025-07-14 14:13:00 - INFO - DataLoader created with DistributedSampler. Batch size per GPU: 2.
2025-07-14 14:13:00 - INFO - Initializing VNet model...
2025-07-14 14:13:00 - INFO - Logging is set up.
2025-07-14 14:13:00 - INFO - Process started on device: cuda:1 with seed 42.
2025-07-14 14:13:00 - INFO - Initializing dataset...
2025-07-14 14:13:00 - INFO - Dataset contains 8 samples.
2025-07-14 14:13:00 - INFO - DataLoader created with DistributedSampler. Batch size per GPU: 2.
2025-07-14 14:13:00 - INFO - Initializing VNet model...
2025-07-14 14:13:01 - INFO - Attempting to continue training...
2025-07-14 14:13:01 - INFO - Attempting to continue training...
