2025-06-23 00:24:54 - INFO - Logging is set up.
2025-06-23 00:24:54 - INFO - 训练配置参数:
{'seed': 42, 'epochs': 1000, 'batch_size': 2, 'num_classes': 2, 'learning_rate': 0.001, 'dataset_path': './datasets/LA', 'log_path': './result/SAM3D_VNet_SSL/LA_16_SemiSupervised_V14_2_2/Training.log', 'pth_path': './result/SAM3D_VNet_SSL/LA_16_SemiSupervised_V14_2_2/Pth', 'tensorboard_path': './result/SAM3D_VNet_SSL/LA_16_SemiSupervised_V14_2_2/Train', 'continue_train': False, 'multi_gpu': False, 'training_label_num': 16, 'training_unlabel_num': 64, 'label_bs': 1, 'unlabel_bs': 1, 'consistency_weight': 0.3, 'pretrained_weights': None}
2025-06-23 00:24:54 - INFO - 模型总参数: 88,863,607
2025-06-23 00:24:54 - INFO - 可训练参数: 88,863,607
2025-06-23 00:25:10 - INFO - Epoch 1/1000, Loss: 0.9202, Dice: 0.9073, MSE: 0.0429
2025-06-23 00:25:24 - INFO - Epoch 2/1000, Loss: 0.8130, Dice: 0.8000, MSE: 0.0433
2025-06-23 00:25:39 - INFO - Epoch 3/1000, Loss: 0.7399, Dice: 0.7275, MSE: 0.0413
2025-06-23 00:25:54 - INFO - Epoch 4/1000, Loss: 0.7305, Dice: 0.7159, MSE: 0.0488
2025-06-23 00:26:09 - INFO - Epoch 5/1000, Loss: 0.6219, Dice: 0.6061, MSE: 0.0524
2025-06-23 00:26:24 - INFO - Epoch 6/1000, Loss: 0.5956, Dice: 0.5804, MSE: 0.0505
2025-06-23 00:26:38 - INFO - Epoch 7/1000, Loss: 0.5727, Dice: 0.5542, MSE: 0.0614
2025-06-23 00:26:53 - INFO - Epoch 8/1000, Loss: 0.5201, Dice: 0.5028, MSE: 0.0575
2025-06-23 00:27:08 - INFO - Epoch 9/1000, Loss: 0.5518, Dice: 0.5345, MSE: 0.0577
2025-06-23 00:27:23 - INFO - Epoch 10/1000, Loss: 0.4912, Dice: 0.4745, MSE: 0.0559
2025-06-23 00:27:38 - INFO - Epoch 11/1000, Loss: 0.4869, Dice: 0.4710, MSE: 0.0528
2025-06-23 00:27:53 - INFO - Epoch 12/1000, Loss: 0.5020, Dice: 0.4840, MSE: 0.0600
2025-06-23 00:28:07 - INFO - Epoch 13/1000, Loss: 0.5358, Dice: 0.5193, MSE: 0.0549
2025-06-23 00:28:22 - INFO - Epoch 14/1000, Loss: 0.4534, Dice: 0.4326, MSE: 0.0693
2025-06-23 00:28:37 - INFO - Epoch 15/1000, Loss: 0.4148, Dice: 0.3925, MSE: 0.0743
2025-06-23 00:28:52 - INFO - Epoch 16/1000, Loss: 0.3852, Dice: 0.3637, MSE: 0.0717
2025-06-23 00:29:07 - INFO - Epoch 17/1000, Loss: 0.3934, Dice: 0.3714, MSE: 0.0733
2025-06-23 00:29:22 - INFO - Epoch 18/1000, Loss: 0.3630, Dice: 0.3411, MSE: 0.0730
2025-06-23 00:29:36 - INFO - Epoch 19/1000, Loss: 0.3354, Dice: 0.3121, MSE: 0.0777
2025-06-23 00:29:51 - INFO - Epoch 20/1000, Loss: 0.3563, Dice: 0.3309, MSE: 0.0846
2025-06-23 00:29:52 - INFO - 模型已保存至: epoch_20.pth
2025-06-23 00:30:07 - INFO - Epoch 21/1000, Loss: 0.4037, Dice: 0.3777, MSE: 0.0865
2025-06-23 00:30:22 - INFO - Epoch 22/1000, Loss: 0.3624, Dice: 0.3390, MSE: 0.0777
2025-06-23 00:30:37 - INFO - Epoch 23/1000, Loss: 0.3727, Dice: 0.3527, MSE: 0.0666
2025-06-23 00:30:52 - INFO - Epoch 24/1000, Loss: 0.3925, Dice: 0.3701, MSE: 0.0745
2025-06-23 00:31:06 - INFO - Epoch 25/1000, Loss: 0.3523, Dice: 0.3308, MSE: 0.0716
2025-06-23 00:31:21 - INFO - Epoch 26/1000, Loss: 0.3442, Dice: 0.3248, MSE: 0.0648
2025-06-23 00:31:36 - INFO - Epoch 27/1000, Loss: 0.3616, Dice: 0.3331, MSE: 0.0948
2025-06-23 00:31:51 - INFO - Epoch 28/1000, Loss: 0.3333, Dice: 0.3075, MSE: 0.0860
2025-06-23 00:32:06 - INFO - Epoch 29/1000, Loss: 0.3479, Dice: 0.3212, MSE: 0.0890
2025-06-23 00:32:20 - INFO - Epoch 30/1000, Loss: 0.3298, Dice: 0.3027, MSE: 0.0901
2025-06-23 00:32:35 - INFO - Epoch 31/1000, Loss: 0.2920, Dice: 0.2630, MSE: 0.0965
2025-06-23 00:32:50 - INFO - Epoch 32/1000, Loss: 0.2983, Dice: 0.2665, MSE: 0.1058
2025-06-23 00:33:05 - INFO - Epoch 33/1000, Loss: 0.3421, Dice: 0.3102, MSE: 0.1063
2025-06-23 00:33:20 - INFO - Epoch 34/1000, Loss: 0.2942, Dice: 0.2584, MSE: 0.1192
2025-06-23 00:33:35 - INFO - Epoch 35/1000, Loss: 0.2940, Dice: 0.2588, MSE: 0.1174
2025-06-23 00:33:49 - INFO - Epoch 36/1000, Loss: 0.3245, Dice: 0.2820, MSE: 0.1419
2025-06-23 00:34:04 - INFO - Epoch 37/1000, Loss: 0.2799, Dice: 0.2433, MSE: 0.1220
2025-06-23 00:34:19 - INFO - Epoch 38/1000, Loss: 0.2774, Dice: 0.2399, MSE: 0.1251
2025-06-23 00:34:34 - INFO - Epoch 39/1000, Loss: 0.2965, Dice: 0.2621, MSE: 0.1144
2025-06-23 00:34:49 - INFO - Epoch 40/1000, Loss: 0.2759, Dice: 0.2382, MSE: 0.1258
2025-06-23 00:34:50 - INFO - 模型已保存至: epoch_40.pth
2025-06-23 00:35:04 - INFO - Epoch 41/1000, Loss: 0.2996, Dice: 0.2636, MSE: 0.1199
2025-06-23 00:35:19 - INFO - Epoch 42/1000, Loss: 0.2506, Dice: 0.2220, MSE: 0.0954
2025-06-23 00:35:34 - INFO - Epoch 43/1000, Loss: 0.2985, Dice: 0.2692, MSE: 0.0977
2025-06-23 00:35:49 - INFO - Epoch 44/1000, Loss: 0.2684, Dice: 0.2306, MSE: 0.1259
2025-06-23 00:36:04 - INFO - Epoch 45/1000, Loss: 0.2316, Dice: 0.1947, MSE: 0.1230
2025-06-23 00:36:18 - INFO - Epoch 46/1000, Loss: 0.2805, Dice: 0.2413, MSE: 0.1309
2025-06-23 00:36:33 - INFO - Epoch 47/1000, Loss: 0.2756, Dice: 0.2398, MSE: 0.1193
2025-06-23 00:36:48 - INFO - Epoch 48/1000, Loss: 0.2368, Dice: 0.1981, MSE: 0.1291
2025-06-23 00:37:03 - INFO - Epoch 49/1000, Loss: 0.2692, Dice: 0.2311, MSE: 0.1272
2025-06-23 00:37:18 - INFO - Epoch 50/1000, Loss: 0.2517, Dice: 0.2139, MSE: 0.1259
2025-06-23 00:37:33 - INFO - Epoch 51/1000, Loss: 0.2725, Dice: 0.2356, MSE: 0.1231
2025-06-23 00:37:48 - INFO - Epoch 52/1000, Loss: 0.2926, Dice: 0.2570, MSE: 0.1186
2025-06-23 00:38:02 - INFO - Epoch 53/1000, Loss: 0.2819, Dice: 0.2431, MSE: 0.1291
2025-06-23 00:38:17 - INFO - Epoch 54/1000, Loss: 0.3744, Dice: 0.3375, MSE: 0.1231
2025-06-23 00:38:32 - INFO - Epoch 55/1000, Loss: 0.3202, Dice: 0.2757, MSE: 0.1484
2025-06-23 00:38:47 - INFO - Epoch 56/1000, Loss: 0.3122, Dice: 0.2748, MSE: 0.1246
2025-06-23 00:39:02 - INFO - Epoch 57/1000, Loss: 0.3257, Dice: 0.2909, MSE: 0.1162
2025-06-23 00:39:17 - INFO - Epoch 58/1000, Loss: 0.2589, Dice: 0.2239, MSE: 0.1168
2025-06-23 00:39:31 - INFO - Epoch 59/1000, Loss: 0.2533, Dice: 0.2160, MSE: 0.1243
2025-06-23 00:39:46 - INFO - Epoch 60/1000, Loss: 0.2393, Dice: 0.1997, MSE: 0.1320
2025-06-23 00:39:47 - INFO - 模型已保存至: epoch_60.pth
2025-06-23 00:40:02 - INFO - Epoch 61/1000, Loss: 0.2351, Dice: 0.1973, MSE: 0.1261
2025-06-23 00:40:17 - INFO - Epoch 62/1000, Loss: 0.2860, Dice: 0.2498, MSE: 0.1206
2025-06-23 00:40:32 - INFO - Epoch 63/1000, Loss: 0.2811, Dice: 0.2434, MSE: 0.1258
2025-06-23 00:40:46 - INFO - Epoch 64/1000, Loss: 0.2533, Dice: 0.2135, MSE: 0.1327
2025-06-23 00:41:01 - INFO - Epoch 65/1000, Loss: 0.2877, Dice: 0.2527, MSE: 0.1166
2025-06-23 00:41:16 - INFO - Epoch 66/1000, Loss: 0.3287, Dice: 0.2876, MSE: 0.1370
2025-06-23 00:41:31 - INFO - Epoch 67/1000, Loss: 0.2619, Dice: 0.2262, MSE: 0.1189
2025-06-23 00:41:46 - INFO - Epoch 68/1000, Loss: 0.2905, Dice: 0.2536, MSE: 0.1230
2025-06-23 00:42:00 - INFO - Epoch 69/1000, Loss: 0.2280, Dice: 0.1909, MSE: 0.1239
2025-06-23 00:42:15 - INFO - Epoch 70/1000, Loss: 0.2456, Dice: 0.2072, MSE: 0.1281
2025-06-23 00:42:30 - INFO - Epoch 71/1000, Loss: 0.2627, Dice: 0.2267, MSE: 0.1198
2025-06-23 00:42:45 - INFO - Epoch 72/1000, Loss: 0.2092, Dice: 0.1666, MSE: 0.1420
2025-06-23 00:43:00 - INFO - Epoch 73/1000, Loss: 0.2221, Dice: 0.1856, MSE: 0.1216
2025-06-23 00:43:15 - INFO - Epoch 74/1000, Loss: 0.2397, Dice: 0.2028, MSE: 0.1230
2025-06-23 00:43:29 - INFO - Epoch 75/1000, Loss: 0.2374, Dice: 0.1989, MSE: 0.1282
2025-06-23 00:43:44 - INFO - Epoch 76/1000, Loss: 0.2395, Dice: 0.2027, MSE: 0.1227
2025-06-23 00:43:59 - INFO - Epoch 77/1000, Loss: 0.2887, Dice: 0.2469, MSE: 0.1394
2025-06-23 00:44:14 - INFO - Epoch 78/1000, Loss: 0.2793, Dice: 0.2443, MSE: 0.1166
2025-06-23 00:44:29 - INFO - Epoch 79/1000, Loss: 0.3020, Dice: 0.2671, MSE: 0.1162
2025-06-23 00:44:43 - INFO - Epoch 80/1000, Loss: 0.2694, Dice: 0.2337, MSE: 0.1188
2025-06-23 00:44:44 - INFO - 模型已保存至: epoch_80.pth
2025-06-23 00:44:59 - INFO - Epoch 81/1000, Loss: 0.2637, Dice: 0.2294, MSE: 0.1144
2025-06-23 00:45:14 - INFO - Epoch 82/1000, Loss: 0.2358, Dice: 0.2058, MSE: 0.1000
2025-06-23 00:45:29 - INFO - Epoch 83/1000, Loss: 0.2640, Dice: 0.2349, MSE: 0.0969
2025-06-23 00:45:44 - INFO - Epoch 84/1000, Loss: 0.2514, Dice: 0.2199, MSE: 0.1049
2025-06-23 00:45:58 - INFO - Epoch 85/1000, Loss: 0.2585, Dice: 0.2251, MSE: 0.1115
2025-06-23 00:46:13 - INFO - Epoch 86/1000, Loss: 0.2241, Dice: 0.1911, MSE: 0.1097
2025-06-23 00:46:28 - INFO - Epoch 87/1000, Loss: 0.2108, Dice: 0.1814, MSE: 0.0980
2025-06-23 00:46:43 - INFO - Epoch 88/1000, Loss: 0.1920, Dice: 0.1596, MSE: 0.1081
2025-06-23 00:46:58 - INFO - Epoch 89/1000, Loss: 0.2093, Dice: 0.1810, MSE: 0.0941
2025-06-23 00:47:13 - INFO - Epoch 90/1000, Loss: 0.1984, Dice: 0.1680, MSE: 0.1013
2025-06-23 00:47:27 - INFO - Epoch 91/1000, Loss: 0.2105, Dice: 0.1858, MSE: 0.0824
2025-06-23 00:47:42 - INFO - Epoch 92/1000, Loss: 0.2099, Dice: 0.1664, MSE: 0.1449
2025-06-23 00:47:57 - INFO - Epoch 93/1000, Loss: 0.1977, Dice: 0.1603, MSE: 0.1247
2025-06-23 00:48:12 - INFO - Epoch 94/1000, Loss: 0.1738, Dice: 0.1405, MSE: 0.1111
2025-06-23 00:48:27 - INFO - Epoch 95/1000, Loss: 0.2220, Dice: 0.1890, MSE: 0.1100
2025-06-23 00:48:41 - INFO - Epoch 96/1000, Loss: 0.2077, Dice: 0.1713, MSE: 0.1215
2025-06-23 00:48:56 - INFO - Epoch 97/1000, Loss: 0.2087, Dice: 0.1777, MSE: 0.1033
2025-06-23 00:49:11 - INFO - Epoch 98/1000, Loss: 0.2179, Dice: 0.1890, MSE: 0.0962
2025-06-23 00:49:26 - INFO - Epoch 99/1000, Loss: 0.1837, Dice: 0.1562, MSE: 0.0920
2025-06-23 00:49:41 - INFO - Epoch 100/1000, Loss: 0.1853, Dice: 0.1585, MSE: 0.0892
2025-06-23 00:49:42 - INFO - 模型已保存至: epoch_100.pth
2025-06-23 00:49:57 - INFO - Epoch 101/1000, Loss: 0.1876, Dice: 0.1633, MSE: 0.0811
2025-06-23 00:50:11 - INFO - Epoch 102/1000, Loss: 0.1678, Dice: 0.1419, MSE: 0.0863
2025-06-23 00:50:26 - INFO - Epoch 103/1000, Loss: 0.1872, Dice: 0.1598, MSE: 0.0915
2025-06-23 00:50:41 - INFO - Epoch 104/1000, Loss: 0.1740, Dice: 0.1476, MSE: 0.0880
2025-06-23 00:50:56 - INFO - Epoch 105/1000, Loss: 0.1701, Dice: 0.1446, MSE: 0.0851
2025-06-23 00:51:11 - INFO - Epoch 106/1000, Loss: 0.1956, Dice: 0.1700, MSE: 0.0856
2025-06-23 00:51:25 - INFO - Epoch 107/1000, Loss: 0.1904, Dice: 0.1604, MSE: 0.1002
2025-06-23 00:51:40 - INFO - Epoch 108/1000, Loss: 0.1703, Dice: 0.1450, MSE: 0.0843
2025-06-23 00:51:55 - INFO - Epoch 109/1000, Loss: 0.2109, Dice: 0.1866, MSE: 0.0811
2025-06-23 00:52:10 - INFO - Epoch 110/1000, Loss: 0.1875, Dice: 0.1610, MSE: 0.0883
2025-06-23 00:52:25 - INFO - Epoch 111/1000, Loss: 0.2033, Dice: 0.1780, MSE: 0.0841
2025-06-23 00:52:39 - INFO - Epoch 112/1000, Loss: 0.1797, Dice: 0.1537, MSE: 0.0867
2025-06-23 00:52:54 - INFO - Epoch 113/1000, Loss: 0.1791, Dice: 0.1542, MSE: 0.0830
2025-06-23 00:53:09 - INFO - Epoch 114/1000, Loss: 0.1765, Dice: 0.1516, MSE: 0.0832
2025-06-23 00:53:24 - INFO - Epoch 115/1000, Loss: 0.1791, Dice: 0.1566, MSE: 0.0752
2025-06-23 00:53:39 - INFO - Epoch 116/1000, Loss: 0.2108, Dice: 0.1829, MSE: 0.0929
2025-06-23 00:53:53 - INFO - Epoch 117/1000, Loss: 0.2387, Dice: 0.2134, MSE: 0.0843
2025-06-23 00:54:08 - INFO - Epoch 118/1000, Loss: 0.2252, Dice: 0.2036, MSE: 0.0721
2025-06-23 00:54:23 - INFO - Epoch 119/1000, Loss: 0.1753, Dice: 0.1521, MSE: 0.0775
2025-06-23 00:54:38 - INFO - Epoch 120/1000, Loss: 0.1777, Dice: 0.1523, MSE: 0.0849
2025-06-23 00:54:39 - INFO - 模型已保存至: epoch_120.pth
2025-06-23 00:54:54 - INFO - Epoch 121/1000, Loss: 0.1524, Dice: 0.1302, MSE: 0.0739
2025-06-23 00:55:09 - INFO - Epoch 122/1000, Loss: 0.1874, Dice: 0.1641, MSE: 0.0779
2025-06-23 00:55:23 - INFO - Epoch 123/1000, Loss: 0.1987, Dice: 0.1745, MSE: 0.0805
2025-06-23 00:55:38 - INFO - Epoch 124/1000, Loss: 0.1677, Dice: 0.1407, MSE: 0.0900
2025-06-23 00:55:53 - INFO - Epoch 125/1000, Loss: 0.1815, Dice: 0.1559, MSE: 0.0853
2025-06-23 00:56:08 - INFO - Epoch 126/1000, Loss: 0.1810, Dice: 0.1510, MSE: 0.0998
2025-06-23 00:56:23 - INFO - Epoch 127/1000, Loss: 0.1927, Dice: 0.1689, MSE: 0.0792
2025-06-23 00:56:37 - INFO - Epoch 128/1000, Loss: 0.1781, Dice: 0.1507, MSE: 0.0914
2025-06-23 00:56:52 - INFO - Epoch 129/1000, Loss: 0.1764, Dice: 0.1548, MSE: 0.0720
2025-06-23 00:57:07 - INFO - Epoch 130/1000, Loss: 0.1871, Dice: 0.1641, MSE: 0.0768
2025-06-23 00:57:22 - INFO - Epoch 131/1000, Loss: 0.1714, Dice: 0.1479, MSE: 0.0782
2025-06-23 00:57:37 - INFO - Epoch 132/1000, Loss: 0.1629, Dice: 0.1448, MSE: 0.0604
2025-06-23 00:57:51 - INFO - Epoch 133/1000, Loss: 0.2367, Dice: 0.2158, MSE: 0.0696
2025-06-23 00:58:06 - INFO - Epoch 134/1000, Loss: 0.2146, Dice: 0.1931, MSE: 0.0718
2025-06-23 00:58:21 - INFO - Epoch 135/1000, Loss: 0.2289, Dice: 0.2082, MSE: 0.0689
2025-06-23 00:58:36 - INFO - Epoch 136/1000, Loss: 0.2067, Dice: 0.1794, MSE: 0.0910
2025-06-23 00:58:51 - INFO - Epoch 137/1000, Loss: 0.1887, Dice: 0.1656, MSE: 0.0771
2025-06-23 00:59:06 - INFO - Epoch 138/1000, Loss: 0.1792, Dice: 0.1573, MSE: 0.0729
2025-06-23 00:59:20 - INFO - Epoch 139/1000, Loss: 0.1703, Dice: 0.1486, MSE: 0.0723
2025-06-23 00:59:35 - INFO - Epoch 140/1000, Loss: 0.2079, Dice: 0.1887, MSE: 0.0639
2025-06-23 00:59:36 - INFO - 模型已保存至: epoch_140.pth
2025-06-23 00:59:51 - INFO - Epoch 141/1000, Loss: 0.1572, Dice: 0.1360, MSE: 0.0709
2025-06-23 01:00:06 - INFO - Epoch 142/1000, Loss: 0.1603, Dice: 0.1415, MSE: 0.0628
2025-06-23 01:00:21 - INFO - Epoch 143/1000, Loss: 0.1822, Dice: 0.1625, MSE: 0.0659
2025-06-23 01:00:35 - INFO - Epoch 144/1000, Loss: 0.1564, Dice: 0.1276, MSE: 0.0963
2025-06-23 01:00:50 - INFO - Epoch 145/1000, Loss: 0.1449, Dice: 0.1159, MSE: 0.0967
2025-06-23 01:01:05 - INFO - Epoch 146/1000, Loss: 0.1598, Dice: 0.1340, MSE: 0.0860
2025-06-23 01:01:20 - INFO - Epoch 147/1000, Loss: 0.1474, Dice: 0.1208, MSE: 0.0887
2025-06-23 01:01:35 - INFO - Epoch 148/1000, Loss: 0.1880, Dice: 0.1613, MSE: 0.0892
2025-06-23 01:01:49 - INFO - Epoch 149/1000, Loss: 0.1741, Dice: 0.1482, MSE: 0.0861
2025-06-23 01:02:04 - INFO - Epoch 150/1000, Loss: 0.2016, Dice: 0.1807, MSE: 0.0697
2025-06-23 01:02:19 - INFO - Epoch 151/1000, Loss: 0.1763, Dice: 0.1523, MSE: 0.0800
2025-06-23 01:02:34 - INFO - Epoch 152/1000, Loss: 0.1672, Dice: 0.1461, MSE: 0.0702
2025-06-23 01:02:49 - INFO - Epoch 153/1000, Loss: 0.1550, Dice: 0.1336, MSE: 0.0714
2025-06-23 01:03:03 - INFO - Epoch 154/1000, Loss: 0.1886, Dice: 0.1634, MSE: 0.0837
2025-06-23 01:03:18 - INFO - Epoch 155/1000, Loss: 0.1731, Dice: 0.1510, MSE: 0.0736
2025-06-23 01:03:33 - INFO - Epoch 156/1000, Loss: 0.1512, Dice: 0.1306, MSE: 0.0684
2025-06-23 01:03:48 - INFO - Epoch 157/1000, Loss: 0.1848, Dice: 0.1557, MSE: 0.0968
2025-06-23 01:04:03 - INFO - Epoch 158/1000, Loss: 0.1701, Dice: 0.1419, MSE: 0.0937
2025-06-23 01:04:18 - INFO - Epoch 159/1000, Loss: 0.1371, Dice: 0.1153, MSE: 0.0726
2025-06-23 01:04:32 - INFO - Epoch 160/1000, Loss: 0.1658, Dice: 0.1415, MSE: 0.0812
2025-06-23 01:04:33 - INFO - 模型已保存至: epoch_160.pth
2025-06-23 01:04:48 - INFO - Epoch 161/1000, Loss: 0.1662, Dice: 0.1426, MSE: 0.0787
2025-06-23 01:05:03 - INFO - Epoch 162/1000, Loss: 0.1714, Dice: 0.1476, MSE: 0.0792
2025-06-23 01:05:18 - INFO - Epoch 163/1000, Loss: 0.2024, Dice: 0.1754, MSE: 0.0902
2025-06-23 01:05:33 - INFO - Epoch 164/1000, Loss: 0.1449, Dice: 0.1243, MSE: 0.0686
2025-06-23 01:05:47 - INFO - Epoch 165/1000, Loss: 0.1512, Dice: 0.1288, MSE: 0.0746
2025-06-23 01:06:02 - INFO - Epoch 166/1000, Loss: 0.1511, Dice: 0.1272, MSE: 0.0798
2025-06-23 01:06:17 - INFO - Epoch 167/1000, Loss: 0.1331, Dice: 0.1099, MSE: 0.0773
2025-06-23 01:06:32 - INFO - Epoch 168/1000, Loss: 0.1729, Dice: 0.1495, MSE: 0.0778
2025-06-23 01:06:47 - INFO - Epoch 169/1000, Loss: 0.1460, Dice: 0.1230, MSE: 0.0765
2025-06-23 01:07:02 - INFO - Epoch 170/1000, Loss: 0.1610, Dice: 0.1355, MSE: 0.0850
2025-06-23 01:07:16 - INFO - Epoch 171/1000, Loss: 0.1508, Dice: 0.1265, MSE: 0.0809
2025-06-23 01:07:31 - INFO - Epoch 172/1000, Loss: 0.1219, Dice: 0.1050, MSE: 0.0565
2025-06-23 01:07:46 - INFO - Epoch 173/1000, Loss: 0.1499, Dice: 0.1264, MSE: 0.0782
2025-06-23 01:08:01 - INFO - Epoch 174/1000, Loss: 0.1386, Dice: 0.1096, MSE: 0.0964
2025-06-23 01:08:16 - INFO - Epoch 175/1000, Loss: 0.1503, Dice: 0.1250, MSE: 0.0844
2025-06-23 01:08:31 - INFO - Epoch 176/1000, Loss: 0.1985, Dice: 0.1765, MSE: 0.0733
2025-06-23 01:08:45 - INFO - Epoch 177/1000, Loss: 0.1825, Dice: 0.1612, MSE: 0.0710
2025-06-23 01:09:00 - INFO - Epoch 178/1000, Loss: 0.1659, Dice: 0.1446, MSE: 0.0710
2025-06-23 01:09:15 - INFO - Epoch 179/1000, Loss: 0.1802, Dice: 0.1606, MSE: 0.0654
2025-06-23 01:09:30 - INFO - Epoch 180/1000, Loss: 0.1637, Dice: 0.1413, MSE: 0.0746
2025-06-23 01:09:31 - INFO - 模型已保存至: epoch_180.pth
2025-06-23 01:09:46 - INFO - Epoch 181/1000, Loss: 0.1536, Dice: 0.1301, MSE: 0.0784
2025-06-23 01:10:00 - INFO - Epoch 182/1000, Loss: 0.1391, Dice: 0.1116, MSE: 0.0916
2025-06-23 01:10:15 - INFO - Epoch 183/1000, Loss: 0.1484, Dice: 0.1279, MSE: 0.0684
2025-06-23 01:10:30 - INFO - Epoch 184/1000, Loss: 0.1617, Dice: 0.1382, MSE: 0.0785
2025-06-23 01:10:45 - INFO - Epoch 185/1000, Loss: 0.1244, Dice: 0.1025, MSE: 0.0729
2025-06-23 01:11:00 - INFO - Epoch 186/1000, Loss: 0.1394, Dice: 0.1158, MSE: 0.0788
2025-06-23 01:11:14 - INFO - Epoch 187/1000, Loss: 0.1645, Dice: 0.1434, MSE: 0.0704
2025-06-23 01:11:29 - INFO - Epoch 188/1000, Loss: 0.1448, Dice: 0.1187, MSE: 0.0869
2025-06-23 01:11:44 - INFO - Epoch 189/1000, Loss: 0.1371, Dice: 0.1165, MSE: 0.0685
2025-06-23 01:11:59 - INFO - Epoch 190/1000, Loss: 0.1310, Dice: 0.1072, MSE: 0.0791
2025-06-23 01:12:14 - INFO - Epoch 191/1000, Loss: 0.1515, Dice: 0.1264, MSE: 0.0836
2025-06-23 01:12:28 - INFO - Epoch 192/1000, Loss: 0.1515, Dice: 0.1269, MSE: 0.0820
2025-06-23 01:12:43 - INFO - Epoch 193/1000, Loss: 0.1320, Dice: 0.1078, MSE: 0.0807
2025-06-23 01:12:58 - INFO - Epoch 194/1000, Loss: 0.1657, Dice: 0.1460, MSE: 0.0658
2025-06-23 01:13:13 - INFO - Epoch 195/1000, Loss: 0.1321, Dice: 0.1123, MSE: 0.0663
2025-06-23 01:13:28 - INFO - Epoch 196/1000, Loss: 0.1368, Dice: 0.1138, MSE: 0.0766
2025-06-23 01:13:42 - INFO - Epoch 197/1000, Loss: 0.1436, Dice: 0.1139, MSE: 0.0991
2025-06-23 01:13:57 - INFO - Epoch 198/1000, Loss: 0.1605, Dice: 0.1358, MSE: 0.0823
2025-06-23 01:14:12 - INFO - Epoch 199/1000, Loss: 0.1292, Dice: 0.1072, MSE: 0.0735
2025-06-23 01:14:27 - INFO - Epoch 200/1000, Loss: 0.1751, Dice: 0.1519, MSE: 0.0774
2025-06-23 01:14:28 - INFO - 模型已保存至: epoch_200.pth
2025-06-23 01:14:43 - INFO - Epoch 201/1000, Loss: 0.2261, Dice: 0.2066, MSE: 0.0653
2025-06-23 01:14:57 - INFO - Epoch 202/1000, Loss: 0.2283, Dice: 0.2057, MSE: 0.0754
2025-06-23 01:15:12 - INFO - Epoch 203/1000, Loss: 0.1894, Dice: 0.1687, MSE: 0.0692
2025-06-23 01:15:27 - INFO - Epoch 204/1000, Loss: 0.2435, Dice: 0.2234, MSE: 0.0670
2025-06-23 01:15:42 - INFO - Epoch 205/1000, Loss: 0.2201, Dice: 0.1933, MSE: 0.0893
2025-06-23 01:15:57 - INFO - Epoch 206/1000, Loss: 0.2118, Dice: 0.1901, MSE: 0.0722
2025-06-23 01:16:12 - INFO - Epoch 207/1000, Loss: 0.1685, Dice: 0.1449, MSE: 0.0786
2025-06-23 01:16:26 - INFO - Epoch 208/1000, Loss: 0.1644, Dice: 0.1376, MSE: 0.0893
2025-06-23 01:16:41 - INFO - Epoch 209/1000, Loss: 0.1971, Dice: 0.1716, MSE: 0.0847
2025-06-23 01:16:56 - INFO - Epoch 210/1000, Loss: 0.1663, Dice: 0.1425, MSE: 0.0793
2025-06-23 01:17:11 - INFO - Epoch 211/1000, Loss: 0.1348, Dice: 0.1140, MSE: 0.0692
2025-06-23 01:17:26 - INFO - Epoch 212/1000, Loss: 0.1729, Dice: 0.1492, MSE: 0.0792
2025-06-23 01:17:41 - INFO - Epoch 213/1000, Loss: 0.1622, Dice: 0.1430, MSE: 0.0640
2025-06-23 01:17:55 - INFO - Epoch 214/1000, Loss: 0.1798, Dice: 0.1560, MSE: 0.0795
2025-06-23 01:18:10 - INFO - Epoch 215/1000, Loss: 0.1628, Dice: 0.1389, MSE: 0.0798
2025-06-23 01:18:25 - INFO - Epoch 216/1000, Loss: 0.1719, Dice: 0.1482, MSE: 0.0789
2025-06-23 01:18:40 - INFO - Epoch 217/1000, Loss: 0.1610, Dice: 0.1347, MSE: 0.0875
2025-06-23 01:18:55 - INFO - Epoch 218/1000, Loss: 0.1590, Dice: 0.1344, MSE: 0.0820
2025-06-23 01:19:09 - INFO - Epoch 219/1000, Loss: 0.1322, Dice: 0.1102, MSE: 0.0733
2025-06-23 01:19:24 - INFO - Epoch 220/1000, Loss: 0.1489, Dice: 0.1246, MSE: 0.0810
2025-06-23 01:19:25 - INFO - 模型已保存至: epoch_220.pth
2025-06-23 01:19:40 - INFO - Epoch 221/1000, Loss: 0.1456, Dice: 0.1254, MSE: 0.0671
2025-06-23 01:19:55 - INFO - Epoch 222/1000, Loss: 0.1356, Dice: 0.1112, MSE: 0.0812
2025-06-23 01:20:10 - INFO - Epoch 223/1000, Loss: 0.1376, Dice: 0.1149, MSE: 0.0755
2025-06-23 01:20:24 - INFO - Epoch 224/1000, Loss: 0.1487, Dice: 0.1228, MSE: 0.0860
2025-06-23 01:20:39 - INFO - Epoch 225/1000, Loss: 0.1331, Dice: 0.1124, MSE: 0.0687
2025-06-23 01:20:54 - INFO - Epoch 226/1000, Loss: 0.1344, Dice: 0.1126, MSE: 0.0727
2025-06-23 01:21:09 - INFO - Epoch 227/1000, Loss: 0.1190, Dice: 0.0971, MSE: 0.0732
2025-06-23 01:21:24 - INFO - Epoch 228/1000, Loss: 0.1458, Dice: 0.1224, MSE: 0.0781
2025-06-23 01:21:39 - INFO - Epoch 229/1000, Loss: 0.1394, Dice: 0.1185, MSE: 0.0698
2025-06-23 01:21:53 - INFO - Epoch 230/1000, Loss: 0.1254, Dice: 0.1034, MSE: 0.0733
2025-06-23 01:22:08 - INFO - Epoch 231/1000, Loss: 0.1360, Dice: 0.1119, MSE: 0.0802
2025-06-23 01:22:23 - INFO - Epoch 232/1000, Loss: 0.1526, Dice: 0.1286, MSE: 0.0798
2025-06-23 01:22:38 - INFO - Epoch 233/1000, Loss: 0.1290, Dice: 0.1083, MSE: 0.0688
2025-06-23 01:22:53 - INFO - Epoch 234/1000, Loss: 0.1274, Dice: 0.1022, MSE: 0.0840
2025-06-23 01:23:07 - INFO - Epoch 235/1000, Loss: 0.1323, Dice: 0.1076, MSE: 0.0824
2025-06-23 01:23:22 - INFO - Epoch 236/1000, Loss: 0.1239, Dice: 0.1003, MSE: 0.0784
2025-06-23 01:23:37 - INFO - Epoch 237/1000, Loss: 0.1284, Dice: 0.1090, MSE: 0.0648
2025-06-23 01:23:52 - INFO - Epoch 238/1000, Loss: 0.1711, Dice: 0.1481, MSE: 0.0768
2025-06-23 01:24:07 - INFO - Epoch 239/1000, Loss: 0.1292, Dice: 0.1086, MSE: 0.0686
2025-06-23 01:24:21 - INFO - Epoch 240/1000, Loss: 0.1479, Dice: 0.1259, MSE: 0.0736
2025-06-23 01:24:22 - INFO - 模型已保存至: epoch_240.pth
2025-06-23 01:24:37 - INFO - Epoch 241/1000, Loss: 0.1649, Dice: 0.1394, MSE: 0.0850
2025-06-23 01:24:52 - INFO - Epoch 242/1000, Loss: 0.1384, Dice: 0.1126, MSE: 0.0860
2025-06-23 01:25:07 - INFO - Epoch 243/1000, Loss: 0.1518, Dice: 0.1283, MSE: 0.0785
2025-06-23 01:25:22 - INFO - Epoch 244/1000, Loss: 0.1789, Dice: 0.1529, MSE: 0.0869
2025-06-23 01:25:36 - INFO - Epoch 245/1000, Loss: 0.1998, Dice: 0.1782, MSE: 0.0720
2025-06-23 01:25:51 - INFO - Epoch 246/1000, Loss: 0.2100, Dice: 0.1826, MSE: 0.0913
2025-06-23 01:26:06 - INFO - Epoch 247/1000, Loss: 0.2024, Dice: 0.1783, MSE: 0.0803
2025-06-23 01:26:21 - INFO - Epoch 248/1000, Loss: 0.1719, Dice: 0.1512, MSE: 0.0691
2025-06-23 01:26:36 - INFO - Epoch 249/1000, Loss: 0.1315, Dice: 0.1079, MSE: 0.0786
2025-06-23 01:26:51 - INFO - Epoch 250/1000, Loss: 0.1337, Dice: 0.1096, MSE: 0.0802
2025-06-23 01:27:05 - INFO - Epoch 251/1000, Loss: 0.1392, Dice: 0.1178, MSE: 0.0713
2025-06-23 01:27:20 - INFO - Epoch 252/1000, Loss: 0.1325, Dice: 0.1104, MSE: 0.0739
2025-06-23 01:27:35 - INFO - Epoch 253/1000, Loss: 0.1190, Dice: 0.0944, MSE: 0.0820
2025-06-23 01:27:50 - INFO - Epoch 254/1000, Loss: 0.1358, Dice: 0.1131, MSE: 0.0754
2025-06-23 01:28:05 - INFO - Epoch 255/1000, Loss: 0.1834, Dice: 0.1610, MSE: 0.0747
2025-06-23 01:28:20 - INFO - Epoch 256/1000, Loss: 0.2526, Dice: 0.2313, MSE: 0.0711
2025-06-23 01:28:34 - INFO - Epoch 257/1000, Loss: 0.2120, Dice: 0.1940, MSE: 0.0603
2025-06-23 01:28:49 - INFO - Epoch 258/1000, Loss: 0.1852, Dice: 0.1655, MSE: 0.0658
2025-06-23 01:29:04 - INFO - Epoch 259/1000, Loss: 0.1602, Dice: 0.1343, MSE: 0.0864
2025-06-23 01:29:19 - INFO - Epoch 260/1000, Loss: 0.2087, Dice: 0.1870, MSE: 0.0723
2025-06-23 01:29:20 - INFO - 模型已保存至: epoch_260.pth
2025-06-23 01:29:35 - INFO - Epoch 261/1000, Loss: 0.2012, Dice: 0.1819, MSE: 0.0643
2025-06-23 01:29:50 - INFO - Epoch 262/1000, Loss: 0.1796, Dice: 0.1575, MSE: 0.0735
2025-06-23 01:30:04 - INFO - Epoch 263/1000, Loss: 0.1545, Dice: 0.1323, MSE: 0.0741
2025-06-23 01:30:19 - INFO - Epoch 264/1000, Loss: 0.1491, Dice: 0.1286, MSE: 0.0681
2025-06-23 01:30:34 - INFO - Epoch 265/1000, Loss: 0.1300, Dice: 0.1047, MSE: 0.0846
2025-06-23 01:30:49 - INFO - Epoch 266/1000, Loss: 0.1580, Dice: 0.1358, MSE: 0.0739
2025-06-23 01:31:03 - INFO - Epoch 267/1000, Loss: 0.1262, Dice: 0.1017, MSE: 0.0816
2025-06-23 01:31:18 - INFO - Epoch 268/1000, Loss: 0.1412, Dice: 0.1215, MSE: 0.0656
2025-06-23 01:31:33 - INFO - Epoch 269/1000, Loss: 0.1630, Dice: 0.1417, MSE: 0.0710
2025-06-23 01:31:48 - INFO - Epoch 270/1000, Loss: 0.1468, Dice: 0.1264, MSE: 0.0680
2025-06-23 01:32:03 - INFO - Epoch 271/1000, Loss: 0.1897, Dice: 0.1652, MSE: 0.0816
2025-06-23 01:32:18 - INFO - Epoch 272/1000, Loss: 0.1641, Dice: 0.1435, MSE: 0.0687
2025-06-23 01:32:33 - INFO - Epoch 273/1000, Loss: 0.1430, Dice: 0.1194, MSE: 0.0789
2025-06-23 01:32:47 - INFO - Epoch 274/1000, Loss: 0.1379, Dice: 0.1129, MSE: 0.0833
2025-06-23 01:33:02 - INFO - Epoch 275/1000, Loss: 0.1564, Dice: 0.1341, MSE: 0.0743
2025-06-23 01:33:17 - INFO - Epoch 276/1000, Loss: 0.1661, Dice: 0.1443, MSE: 0.0729
2025-06-23 01:33:32 - INFO - Epoch 277/1000, Loss: 0.1413, Dice: 0.1152, MSE: 0.0870
2025-06-23 01:33:47 - INFO - Epoch 278/1000, Loss: 0.1510, Dice: 0.1314, MSE: 0.0655
2025-06-23 01:34:01 - INFO - Epoch 279/1000, Loss: 0.1646, Dice: 0.1428, MSE: 0.0729
2025-06-23 01:34:16 - INFO - Epoch 280/1000, Loss: 0.1326, Dice: 0.1115, MSE: 0.0702
2025-06-23 01:34:17 - INFO - 模型已保存至: epoch_280.pth
2025-06-23 01:34:32 - INFO - Epoch 281/1000, Loss: 0.1237, Dice: 0.1005, MSE: 0.0774
2025-06-23 01:34:47 - INFO - Epoch 282/1000, Loss: 0.1305, Dice: 0.1110, MSE: 0.0650
2025-06-23 01:35:02 - INFO - Epoch 283/1000, Loss: 0.1298, Dice: 0.1079, MSE: 0.0730
2025-06-23 01:35:17 - INFO - Epoch 284/1000, Loss: 0.1242, Dice: 0.1036, MSE: 0.0686
2025-06-23 01:35:31 - INFO - Epoch 285/1000, Loss: 0.1301, Dice: 0.1063, MSE: 0.0793
2025-06-23 01:35:46 - INFO - Epoch 286/1000, Loss: 0.1117, Dice: 0.0903, MSE: 0.0713
2025-06-23 01:36:01 - INFO - Epoch 287/1000, Loss: 0.1201, Dice: 0.1001, MSE: 0.0667
2025-06-23 01:36:16 - INFO - Epoch 288/1000, Loss: 0.1314, Dice: 0.1069, MSE: 0.0815
2025-06-23 01:36:31 - INFO - Epoch 289/1000, Loss: 0.1285, Dice: 0.1080, MSE: 0.0684
2025-06-23 01:36:46 - INFO - Epoch 290/1000, Loss: 0.1345, Dice: 0.1103, MSE: 0.0806
2025-06-23 01:37:00 - INFO - Epoch 291/1000, Loss: 0.1336, Dice: 0.1089, MSE: 0.0825
2025-06-23 01:37:15 - INFO - Epoch 292/1000, Loss: 0.1161, Dice: 0.0954, MSE: 0.0692
2025-06-23 01:37:30 - INFO - Epoch 293/1000, Loss: 0.1206, Dice: 0.0958, MSE: 0.0826
2025-06-23 01:37:45 - INFO - Epoch 294/1000, Loss: 0.1292, Dice: 0.1076, MSE: 0.0721
2025-06-23 01:38:00 - INFO - Epoch 295/1000, Loss: 0.1174, Dice: 0.0955, MSE: 0.0728
2025-06-23 01:38:15 - INFO - Epoch 296/1000, Loss: 0.1179, Dice: 0.0983, MSE: 0.0655
2025-06-23 01:38:29 - INFO - Epoch 297/1000, Loss: 0.1331, Dice: 0.1104, MSE: 0.0759
2025-06-23 01:38:44 - INFO - Epoch 298/1000, Loss: 0.1104, Dice: 0.0900, MSE: 0.0682
2025-06-23 01:38:59 - INFO - Epoch 299/1000, Loss: 0.1155, Dice: 0.0935, MSE: 0.0731
2025-06-23 01:39:14 - INFO - Epoch 300/1000, Loss: 0.2244, Dice: 0.1998, MSE: 0.0819
2025-06-23 01:39:15 - INFO - 模型已保存至: epoch_300.pth
2025-06-23 01:39:30 - INFO - Epoch 301/1000, Loss: 0.1335, Dice: 0.1101, MSE: 0.0781
2025-06-23 01:39:45 - INFO - Epoch 302/1000, Loss: 0.1227, Dice: 0.0983, MSE: 0.0812
2025-06-23 01:39:59 - INFO - Epoch 303/1000, Loss: 0.1923, Dice: 0.1667, MSE: 0.0853
2025-06-23 01:40:14 - INFO - Epoch 304/1000, Loss: 0.1283, Dice: 0.1085, MSE: 0.0660
2025-06-23 01:40:29 - INFO - Epoch 305/1000, Loss: 0.1253, Dice: 0.1031, MSE: 0.0742
2025-06-23 01:40:44 - INFO - Epoch 306/1000, Loss: 0.1517, Dice: 0.1297, MSE: 0.0732
2025-06-23 01:40:59 - INFO - Epoch 307/1000, Loss: 0.1165, Dice: 0.0937, MSE: 0.0761
2025-06-23 01:41:14 - INFO - Epoch 308/1000, Loss: 0.1700, Dice: 0.1452, MSE: 0.0827
2025-06-23 01:41:28 - INFO - Epoch 309/1000, Loss: 0.1715, Dice: 0.1475, MSE: 0.0800
2025-06-23 01:41:43 - INFO - Epoch 310/1000, Loss: 0.1499, Dice: 0.1277, MSE: 0.0742
2025-06-23 01:41:58 - INFO - Epoch 311/1000, Loss: 0.1601, Dice: 0.1385, MSE: 0.0719
2025-06-23 01:42:13 - INFO - Epoch 312/1000, Loss: 0.1483, Dice: 0.1262, MSE: 0.0735
2025-06-23 01:42:28 - INFO - Epoch 313/1000, Loss: 0.1374, Dice: 0.1182, MSE: 0.0639
2025-06-23 01:42:42 - INFO - Epoch 314/1000, Loss: 0.1478, Dice: 0.1250, MSE: 0.0760
2025-06-23 01:42:57 - INFO - Epoch 315/1000, Loss: 0.1272, Dice: 0.1065, MSE: 0.0690
2025-06-23 01:43:12 - INFO - Epoch 316/1000, Loss: 0.1381, Dice: 0.1162, MSE: 0.0733
2025-06-23 01:43:27 - INFO - Epoch 317/1000, Loss: 0.1278, Dice: 0.1058, MSE: 0.0734
2025-06-23 01:43:42 - INFO - Epoch 318/1000, Loss: 0.1387, Dice: 0.1157, MSE: 0.0766
2025-06-23 01:43:56 - INFO - Epoch 319/1000, Loss: 0.1288, Dice: 0.1090, MSE: 0.0661
2025-06-23 01:44:11 - INFO - Epoch 320/1000, Loss: 0.1144, Dice: 0.0937, MSE: 0.0690
2025-06-23 01:44:12 - INFO - 模型已保存至: epoch_320.pth
2025-06-23 01:44:27 - INFO - Epoch 321/1000, Loss: 0.1208, Dice: 0.0999, MSE: 0.0695
2025-06-23 01:44:42 - INFO - Epoch 322/1000, Loss: 0.1174, Dice: 0.0950, MSE: 0.0747
2025-06-23 01:44:57 - INFO - Epoch 323/1000, Loss: 0.1206, Dice: 0.1002, MSE: 0.0680
2025-06-23 01:45:12 - INFO - Epoch 324/1000, Loss: 0.1230, Dice: 0.0987, MSE: 0.0807
2025-06-23 01:45:26 - INFO - Epoch 325/1000, Loss: 0.1300, Dice: 0.1030, MSE: 0.0899
2025-06-23 01:45:41 - INFO - Epoch 326/1000, Loss: 0.1439, Dice: 0.1214, MSE: 0.0750
2025-06-23 01:45:56 - INFO - Epoch 327/1000, Loss: 0.1557, Dice: 0.1322, MSE: 0.0784
2025-06-23 01:46:11 - INFO - Epoch 328/1000, Loss: 0.1545, Dice: 0.1332, MSE: 0.0708
2025-06-23 01:46:26 - INFO - Epoch 329/1000, Loss: 0.1326, Dice: 0.1088, MSE: 0.0794
2025-06-23 01:46:41 - INFO - Epoch 330/1000, Loss: 0.1228, Dice: 0.1005, MSE: 0.0744
2025-06-23 01:46:55 - INFO - Epoch 331/1000, Loss: 0.1369, Dice: 0.1137, MSE: 0.0774
2025-06-23 01:47:10 - INFO - Epoch 332/1000, Loss: 0.1511, Dice: 0.1293, MSE: 0.0728
2025-06-23 01:47:25 - INFO - Epoch 333/1000, Loss: 0.1336, Dice: 0.1116, MSE: 0.0733
2025-06-23 01:47:40 - INFO - Epoch 334/1000, Loss: 0.1235, Dice: 0.1018, MSE: 0.0723
2025-06-23 01:47:55 - INFO - Epoch 335/1000, Loss: 0.1316, Dice: 0.1096, MSE: 0.0736
2025-06-23 01:48:10 - INFO - Epoch 336/1000, Loss: 0.1567, Dice: 0.1348, MSE: 0.0729
2025-06-23 01:48:24 - INFO - Epoch 337/1000, Loss: 0.1279, Dice: 0.1055, MSE: 0.0745
2025-06-23 01:48:39 - INFO - Epoch 338/1000, Loss: 0.1271, Dice: 0.1052, MSE: 0.0732
2025-06-23 01:48:54 - INFO - Epoch 339/1000, Loss: 0.1173, Dice: 0.0982, MSE: 0.0638
2025-06-23 01:49:09 - INFO - Epoch 340/1000, Loss: 0.1213, Dice: 0.1001, MSE: 0.0708
2025-06-23 01:49:10 - INFO - 模型已保存至: epoch_340.pth
2025-06-23 01:49:25 - INFO - Epoch 341/1000, Loss: 0.1334, Dice: 0.1127, MSE: 0.0688
2025-06-23 01:49:39 - INFO - Epoch 342/1000, Loss: 0.1228, Dice: 0.0999, MSE: 0.0763
2025-06-23 01:49:54 - INFO - Epoch 343/1000, Loss: 0.1144, Dice: 0.0898, MSE: 0.0820
2025-06-23 01:50:09 - INFO - Epoch 344/1000, Loss: 0.1148, Dice: 0.0913, MSE: 0.0783
2025-06-23 01:50:24 - INFO - Epoch 345/1000, Loss: 0.1158, Dice: 0.0928, MSE: 0.0766
2025-06-23 01:50:39 - INFO - Epoch 346/1000, Loss: 0.1183, Dice: 0.0974, MSE: 0.0699
2025-06-23 01:50:54 - INFO - Epoch 347/1000, Loss: 0.1040, Dice: 0.0842, MSE: 0.0661
2025-06-23 01:51:08 - INFO - Epoch 348/1000, Loss: 0.1130, Dice: 0.0893, MSE: 0.0791
2025-06-23 01:51:23 - INFO - Epoch 349/1000, Loss: 0.1308, Dice: 0.1056, MSE: 0.0842
2025-06-23 01:51:38 - INFO - Epoch 350/1000, Loss: 0.1012, Dice: 0.0794, MSE: 0.0727
2025-06-23 01:51:53 - INFO - Epoch 351/1000, Loss: 0.1249, Dice: 0.0936, MSE: 0.1045
2025-06-23 01:52:08 - INFO - Epoch 352/1000, Loss: 0.1190, Dice: 0.0910, MSE: 0.0933
2025-06-23 01:52:23 - INFO - Epoch 353/1000, Loss: 0.1499, Dice: 0.1262, MSE: 0.0789
2025-06-23 01:52:37 - INFO - Epoch 354/1000, Loss: 0.1124, Dice: 0.0901, MSE: 0.0744
2025-06-23 01:52:52 - INFO - Epoch 355/1000, Loss: 0.1041, Dice: 0.0800, MSE: 0.0804
2025-06-23 01:53:07 - INFO - Epoch 356/1000, Loss: 0.1030, Dice: 0.0812, MSE: 0.0726
2025-06-23 01:53:22 - INFO - Epoch 357/1000, Loss: 0.1069, Dice: 0.0825, MSE: 0.0812
2025-06-23 01:53:37 - INFO - Epoch 358/1000, Loss: 0.1145, Dice: 0.0882, MSE: 0.0874
2025-06-23 01:53:52 - INFO - Epoch 359/1000, Loss: 0.1321, Dice: 0.1048, MSE: 0.0907
2025-06-23 01:54:06 - INFO - Epoch 360/1000, Loss: 0.1204, Dice: 0.0956, MSE: 0.0827
2025-06-23 01:54:07 - INFO - 模型已保存至: epoch_360.pth
2025-06-23 01:54:22 - INFO - Epoch 361/1000, Loss: 0.1261, Dice: 0.1042, MSE: 0.0731
2025-06-23 01:54:37 - INFO - Epoch 362/1000, Loss: 0.1397, Dice: 0.1188, MSE: 0.0697
2025-06-23 01:54:52 - INFO - Epoch 363/1000, Loss: 0.1065, Dice: 0.0863, MSE: 0.0673
2025-06-23 01:55:07 - INFO - Epoch 364/1000, Loss: 0.1107, Dice: 0.0883, MSE: 0.0747
2025-06-23 01:55:22 - INFO - Epoch 365/1000, Loss: 0.1112, Dice: 0.0921, MSE: 0.0639
2025-06-23 01:55:36 - INFO - Epoch 366/1000, Loss: 0.1076, Dice: 0.0886, MSE: 0.0634
2025-06-23 01:55:51 - INFO - Epoch 367/1000, Loss: 0.1621, Dice: 0.1414, MSE: 0.0688
2025-06-23 01:56:06 - INFO - Epoch 368/1000, Loss: 0.1205, Dice: 0.0976, MSE: 0.0764
2025-06-23 01:56:21 - INFO - Epoch 369/1000, Loss: 0.1047, Dice: 0.0855, MSE: 0.0638
2025-06-23 01:56:36 - INFO - Epoch 370/1000, Loss: 0.1180, Dice: 0.0962, MSE: 0.0725
2025-06-23 01:56:51 - INFO - Epoch 371/1000, Loss: 0.1160, Dice: 0.0951, MSE: 0.0699
2025-06-23 01:57:05 - INFO - Epoch 372/1000, Loss: 0.1194, Dice: 0.1004, MSE: 0.0632
2025-06-23 01:57:20 - INFO - Epoch 373/1000, Loss: 0.1296, Dice: 0.1075, MSE: 0.0738
2025-06-23 01:57:35 - INFO - Epoch 374/1000, Loss: 0.1159, Dice: 0.0944, MSE: 0.0717
2025-06-23 01:57:50 - INFO - Epoch 375/1000, Loss: 0.1297, Dice: 0.1044, MSE: 0.0843
2025-06-23 01:58:05 - INFO - Epoch 376/1000, Loss: 0.1212, Dice: 0.0931, MSE: 0.0937
2025-06-23 01:58:19 - INFO - Epoch 377/1000, Loss: 0.1252, Dice: 0.0989, MSE: 0.0879
2025-06-23 01:58:34 - INFO - Epoch 378/1000, Loss: 0.1284, Dice: 0.1043, MSE: 0.0805
2025-06-23 01:58:49 - INFO - Epoch 379/1000, Loss: 0.1239, Dice: 0.1018, MSE: 0.0735
2025-06-23 01:59:04 - INFO - Epoch 380/1000, Loss: 0.1155, Dice: 0.0938, MSE: 0.0722
2025-06-23 01:59:05 - INFO - 模型已保存至: epoch_380.pth
2025-06-23 01:59:20 - INFO - Epoch 381/1000, Loss: 0.1469, Dice: 0.1250, MSE: 0.0730
2025-06-23 01:59:34 - INFO - Epoch 382/1000, Loss: 0.1578, Dice: 0.1333, MSE: 0.0817
2025-06-23 01:59:49 - INFO - Epoch 383/1000, Loss: 0.1270, Dice: 0.1092, MSE: 0.0593
2025-06-23 02:00:04 - INFO - Epoch 384/1000, Loss: 0.1362, Dice: 0.1169, MSE: 0.0643
2025-06-23 02:00:19 - INFO - Epoch 385/1000, Loss: 0.1500, Dice: 0.1258, MSE: 0.0807
2025-06-23 02:00:34 - INFO - Epoch 386/1000, Loss: 0.1280, Dice: 0.1069, MSE: 0.0702
2025-06-23 02:00:49 - INFO - Epoch 387/1000, Loss: 0.1203, Dice: 0.0971, MSE: 0.0773
2025-06-23 02:01:03 - INFO - Epoch 388/1000, Loss: 0.1088, Dice: 0.0861, MSE: 0.0758
2025-06-23 02:01:18 - INFO - Epoch 389/1000, Loss: 0.1217, Dice: 0.1004, MSE: 0.0712
2025-06-23 02:01:33 - INFO - Epoch 390/1000, Loss: 0.1253, Dice: 0.1047, MSE: 0.0685
2025-06-23 02:01:48 - INFO - Epoch 391/1000, Loss: 0.1347, Dice: 0.1121, MSE: 0.0754
2025-06-23 02:02:03 - INFO - Epoch 392/1000, Loss: 0.1160, Dice: 0.0928, MSE: 0.0774
2025-06-23 02:02:17 - INFO - Epoch 393/1000, Loss: 0.1239, Dice: 0.1011, MSE: 0.0758
2025-06-23 02:02:32 - INFO - Epoch 394/1000, Loss: 0.1384, Dice: 0.1143, MSE: 0.0802
2025-06-23 02:02:47 - INFO - Epoch 395/1000, Loss: 0.1524, Dice: 0.1248, MSE: 0.0919
2025-06-23 02:03:02 - INFO - Epoch 396/1000, Loss: 0.1867, Dice: 0.1669, MSE: 0.0658
2025-06-23 02:03:17 - INFO - Epoch 397/1000, Loss: 0.1499, Dice: 0.1301, MSE: 0.0660
2025-06-23 02:03:32 - INFO - Epoch 398/1000, Loss: 0.1562, Dice: 0.1298, MSE: 0.0878
2025-06-23 02:03:46 - INFO - Epoch 399/1000, Loss: 0.1462, Dice: 0.1235, MSE: 0.0757
2025-06-23 02:04:01 - INFO - Epoch 400/1000, Loss: 0.1190, Dice: 0.0978, MSE: 0.0707
2025-06-23 02:04:02 - INFO - 模型已保存至: epoch_400.pth
2025-06-23 02:04:17 - INFO - Epoch 401/1000, Loss: 0.1162, Dice: 0.0909, MSE: 0.0844
2025-06-23 02:04:32 - INFO - Epoch 402/1000, Loss: 0.1395, Dice: 0.1149, MSE: 0.0820
2025-06-23 02:04:47 - INFO - Epoch 403/1000, Loss: 0.1063, Dice: 0.0827, MSE: 0.0785
2025-06-23 02:05:01 - INFO - Epoch 404/1000, Loss: 0.1111, Dice: 0.0875, MSE: 0.0789
2025-06-23 02:05:16 - INFO - Epoch 405/1000, Loss: 0.1064, Dice: 0.0855, MSE: 0.0696
2025-06-23 02:05:31 - INFO - Epoch 406/1000, Loss: 0.1078, Dice: 0.0842, MSE: 0.0788
2025-06-23 02:05:46 - INFO - Epoch 407/1000, Loss: 0.1017, Dice: 0.0786, MSE: 0.0769
2025-06-23 02:06:01 - INFO - Epoch 408/1000, Loss: 0.1165, Dice: 0.0926, MSE: 0.0795
2025-06-23 02:06:15 - INFO - Epoch 409/1000, Loss: 0.1116, Dice: 0.0884, MSE: 0.0770
2025-06-23 02:06:30 - INFO - Epoch 410/1000, Loss: 0.1143, Dice: 0.0928, MSE: 0.0714
2025-06-23 02:06:45 - INFO - Epoch 411/1000, Loss: 0.1313, Dice: 0.1089, MSE: 0.0744
2025-06-23 02:07:00 - INFO - Epoch 412/1000, Loss: 0.1234, Dice: 0.1035, MSE: 0.0662
2025-06-23 02:07:15 - INFO - Epoch 413/1000, Loss: 0.1159, Dice: 0.0917, MSE: 0.0807
2025-06-23 02:07:30 - INFO - Epoch 414/1000, Loss: 0.1124, Dice: 0.0853, MSE: 0.0903
2025-06-23 02:07:44 - INFO - Epoch 415/1000, Loss: 0.1073, Dice: 0.0875, MSE: 0.0660
2025-06-23 02:07:59 - INFO - Epoch 416/1000, Loss: 0.1097, Dice: 0.0853, MSE: 0.0812
2025-06-23 02:08:14 - INFO - Epoch 417/1000, Loss: 0.1401, Dice: 0.1211, MSE: 0.0633
2025-06-23 02:08:29 - INFO - Epoch 418/1000, Loss: 0.1301, Dice: 0.1135, MSE: 0.0554
2025-06-23 02:08:44 - INFO - Epoch 419/1000, Loss: 0.1319, Dice: 0.1104, MSE: 0.0718
2025-06-23 02:08:58 - INFO - Epoch 420/1000, Loss: 0.1377, Dice: 0.1172, MSE: 0.0680
2025-06-23 02:09:00 - INFO - 模型已保存至: epoch_420.pth
2025-06-23 02:09:14 - INFO - Epoch 421/1000, Loss: 0.1502, Dice: 0.1278, MSE: 0.0744
2025-06-23 02:09:29 - INFO - Epoch 422/1000, Loss: 0.1457, Dice: 0.1238, MSE: 0.0732
2025-06-23 02:09:44 - INFO - Epoch 423/1000, Loss: 0.1321, Dice: 0.1118, MSE: 0.0675
2025-06-23 02:09:59 - INFO - Epoch 424/1000, Loss: 0.1264, Dice: 0.1074, MSE: 0.0634
2025-06-23 02:10:14 - INFO - Epoch 425/1000, Loss: 0.1157, Dice: 0.0953, MSE: 0.0678
2025-06-23 02:10:29 - INFO - Epoch 426/1000, Loss: 0.0975, Dice: 0.0770, MSE: 0.0683
2025-06-23 02:10:43 - INFO - Epoch 427/1000, Loss: 0.1084, Dice: 0.0890, MSE: 0.0647
2025-06-23 02:10:58 - INFO - Epoch 428/1000, Loss: 0.0974, Dice: 0.0748, MSE: 0.0751
2025-06-23 02:11:13 - INFO - Epoch 429/1000, Loss: 0.1183, Dice: 0.1006, MSE: 0.0591
2025-06-23 02:11:28 - INFO - Epoch 430/1000, Loss: 0.1268, Dice: 0.1042, MSE: 0.0752
2025-06-23 02:11:42 - INFO - Epoch 431/1000, Loss: 0.1457, Dice: 0.1231, MSE: 0.0753
2025-06-23 02:11:57 - INFO - Epoch 432/1000, Loss: 0.1577, Dice: 0.1356, MSE: 0.0737
2025-06-23 02:12:12 - INFO - Epoch 433/1000, Loss: 0.1395, Dice: 0.1217, MSE: 0.0592
2025-06-23 02:12:27 - INFO - Epoch 434/1000, Loss: 0.1658, Dice: 0.1474, MSE: 0.0614
2025-06-23 02:12:42 - INFO - Epoch 435/1000, Loss: 0.1204, Dice: 0.1017, MSE: 0.0624
2025-06-23 02:12:56 - INFO - Epoch 436/1000, Loss: 0.1182, Dice: 0.0982, MSE: 0.0668
2025-06-23 02:13:11 - INFO - Epoch 437/1000, Loss: 0.1198, Dice: 0.1014, MSE: 0.0613
2025-06-23 02:13:26 - INFO - Epoch 438/1000, Loss: 0.1051, Dice: 0.0864, MSE: 0.0623
2025-06-23 02:13:41 - INFO - Epoch 439/1000, Loss: 0.1178, Dice: 0.1010, MSE: 0.0558
2025-06-23 02:13:56 - INFO - Epoch 440/1000, Loss: 0.1610, Dice: 0.1430, MSE: 0.0598
2025-06-23 02:13:57 - INFO - 模型已保存至: epoch_440.pth
2025-06-23 02:14:11 - INFO - Epoch 441/1000, Loss: 0.1319, Dice: 0.1139, MSE: 0.0600
2025-06-23 02:14:26 - INFO - Epoch 442/1000, Loss: 0.1104, Dice: 0.0929, MSE: 0.0581
2025-06-23 02:14:41 - INFO - Epoch 443/1000, Loss: 0.1100, Dice: 0.0908, MSE: 0.0643
2025-06-23 02:14:56 - INFO - Epoch 444/1000, Loss: 0.1021, Dice: 0.0803, MSE: 0.0728
2025-06-23 02:15:11 - INFO - Epoch 445/1000, Loss: 0.1036, Dice: 0.0820, MSE: 0.0722
2025-06-23 02:15:26 - INFO - Epoch 446/1000, Loss: 0.1002, Dice: 0.0820, MSE: 0.0607
2025-06-23 02:15:40 - INFO - Epoch 447/1000, Loss: 0.1634, Dice: 0.1422, MSE: 0.0705
2025-06-23 02:15:55 - INFO - Epoch 448/1000, Loss: 0.2011, Dice: 0.1845, MSE: 0.0556
2025-06-23 02:16:10 - INFO - Epoch 449/1000, Loss: 0.1431, Dice: 0.1238, MSE: 0.0643
2025-06-23 02:16:25 - INFO - Epoch 450/1000, Loss: 0.1193, Dice: 0.1014, MSE: 0.0598
2025-06-23 02:16:40 - INFO - Epoch 451/1000, Loss: 0.1312, Dice: 0.1108, MSE: 0.0680
2025-06-23 02:16:54 - INFO - Epoch 452/1000, Loss: 0.1108, Dice: 0.0915, MSE: 0.0642
2025-06-23 02:17:09 - INFO - Epoch 453/1000, Loss: 0.1176, Dice: 0.0986, MSE: 0.0632
2025-06-23 02:17:24 - INFO - Epoch 454/1000, Loss: 0.1305, Dice: 0.1083, MSE: 0.0740
2025-06-23 02:17:39 - INFO - Epoch 455/1000, Loss: 0.1580, Dice: 0.1347, MSE: 0.0777
2025-06-23 02:17:53 - INFO - Epoch 456/1000, Loss: 0.1126, Dice: 0.0938, MSE: 0.0625
2025-06-23 02:18:08 - INFO - Epoch 457/1000, Loss: 0.1031, Dice: 0.0846, MSE: 0.0617
2025-06-23 02:18:23 - INFO - Epoch 458/1000, Loss: 0.1326, Dice: 0.1147, MSE: 0.0594
2025-06-23 02:18:38 - INFO - Epoch 459/1000, Loss: 0.1219, Dice: 0.1022, MSE: 0.0657
2025-06-23 02:18:53 - INFO - Epoch 460/1000, Loss: 0.1218, Dice: 0.1039, MSE: 0.0595
2025-06-23 02:18:54 - INFO - 模型已保存至: epoch_460.pth
2025-06-23 02:19:08 - INFO - Epoch 461/1000, Loss: 0.1178, Dice: 0.1007, MSE: 0.0569
2025-06-23 02:19:23 - INFO - Epoch 462/1000, Loss: 0.1217, Dice: 0.1027, MSE: 0.0631
2025-06-23 02:19:38 - INFO - Epoch 463/1000, Loss: 0.1049, Dice: 0.0855, MSE: 0.0647
2025-06-23 02:19:53 - INFO - Epoch 464/1000, Loss: 0.0928, Dice: 0.0730, MSE: 0.0660
2025-06-23 02:20:08 - INFO - Epoch 465/1000, Loss: 0.1166, Dice: 0.0991, MSE: 0.0585
2025-06-23 02:20:23 - INFO - Epoch 466/1000, Loss: 0.1042, Dice: 0.0860, MSE: 0.0607
2025-06-23 02:20:37 - INFO - Epoch 467/1000, Loss: 0.1038, Dice: 0.0841, MSE: 0.0655
2025-06-23 02:20:52 - INFO - Epoch 468/1000, Loss: 0.1034, Dice: 0.0854, MSE: 0.0602
2025-06-23 02:21:07 - INFO - Epoch 469/1000, Loss: 0.1170, Dice: 0.0990, MSE: 0.0597
2025-06-23 02:21:22 - INFO - Epoch 470/1000, Loss: 0.1432, Dice: 0.1239, MSE: 0.0644
2025-06-23 02:21:36 - INFO - Epoch 471/1000, Loss: 0.1011, Dice: 0.0802, MSE: 0.0697
2025-06-23 02:21:51 - INFO - Epoch 472/1000, Loss: 0.1049, Dice: 0.0849, MSE: 0.0666
2025-06-23 02:22:06 - INFO - Epoch 473/1000, Loss: 0.1168, Dice: 0.0999, MSE: 0.0563
2025-06-23 02:22:21 - INFO - Epoch 474/1000, Loss: 0.0986, Dice: 0.0802, MSE: 0.0612
2025-06-23 02:22:36 - INFO - Epoch 475/1000, Loss: 0.0992, Dice: 0.0814, MSE: 0.0593
2025-06-23 02:22:50 - INFO - Epoch 476/1000, Loss: 0.0977, Dice: 0.0788, MSE: 0.0631
2025-06-23 02:23:05 - INFO - Epoch 477/1000, Loss: 0.1017, Dice: 0.0806, MSE: 0.0702
2025-06-23 02:23:20 - INFO - Epoch 478/1000, Loss: 0.1043, Dice: 0.0869, MSE: 0.0583
2025-06-23 02:23:35 - INFO - Epoch 479/1000, Loss: 0.1078, Dice: 0.0891, MSE: 0.0621
2025-06-23 02:23:50 - INFO - Epoch 480/1000, Loss: 0.1024, Dice: 0.0849, MSE: 0.0585
2025-06-23 02:23:51 - INFO - 模型已保存至: epoch_480.pth
2025-06-23 02:24:06 - INFO - Epoch 481/1000, Loss: 0.1071, Dice: 0.0886, MSE: 0.0615
2025-06-23 02:24:20 - INFO - Epoch 482/1000, Loss: 0.0947, Dice: 0.0760, MSE: 0.0624
2025-06-23 02:24:35 - INFO - Epoch 483/1000, Loss: 0.0936, Dice: 0.0733, MSE: 0.0677
2025-06-23 02:24:50 - INFO - Epoch 484/1000, Loss: 0.0988, Dice: 0.0790, MSE: 0.0660
2025-06-23 02:25:05 - INFO - Epoch 485/1000, Loss: 0.0976, Dice: 0.0799, MSE: 0.0589
2025-06-23 02:25:20 - INFO - Epoch 486/1000, Loss: 0.0981, Dice: 0.0805, MSE: 0.0584
2025-06-23 02:25:34 - INFO - Epoch 487/1000, Loss: 0.1023, Dice: 0.0847, MSE: 0.0584
2025-06-23 02:25:49 - INFO - Epoch 488/1000, Loss: 0.0947, Dice: 0.0751, MSE: 0.0653
2025-06-23 02:26:04 - INFO - Epoch 489/1000, Loss: 0.1125, Dice: 0.0938, MSE: 0.0623
2025-06-23 02:26:19 - INFO - Epoch 490/1000, Loss: 0.0986, Dice: 0.0797, MSE: 0.0631
2025-06-23 02:26:34 - INFO - Epoch 491/1000, Loss: 0.0928, Dice: 0.0746, MSE: 0.0606
2025-06-23 02:26:49 - INFO - Epoch 492/1000, Loss: 0.0963, Dice: 0.0771, MSE: 0.0641
2025-06-23 02:27:03 - INFO - Epoch 493/1000, Loss: 0.0869, Dice: 0.0687, MSE: 0.0605
2025-06-23 02:27:18 - INFO - Epoch 494/1000, Loss: 0.0913, Dice: 0.0730, MSE: 0.0611
2025-06-23 02:27:33 - INFO - Epoch 495/1000, Loss: 0.0948, Dice: 0.0765, MSE: 0.0611
2025-06-23 02:27:48 - INFO - Epoch 496/1000, Loss: 0.0902, Dice: 0.0696, MSE: 0.0686
2025-06-23 02:28:03 - INFO - Epoch 497/1000, Loss: 0.0897, Dice: 0.0716, MSE: 0.0602
2025-06-23 02:28:18 - INFO - Epoch 498/1000, Loss: 0.0906, Dice: 0.0711, MSE: 0.0649
2025-06-23 02:28:32 - INFO - Epoch 499/1000, Loss: 0.0877, Dice: 0.0695, MSE: 0.0606
2025-06-23 02:28:47 - INFO - Epoch 500/1000, Loss: 0.1079, Dice: 0.0893, MSE: 0.0620
2025-06-23 02:28:48 - INFO - 模型已保存至: epoch_500.pth
2025-06-23 02:29:03 - INFO - Epoch 501/1000, Loss: 0.0985, Dice: 0.0774, MSE: 0.0702
2025-06-23 02:29:18 - INFO - Epoch 502/1000, Loss: 0.0872, Dice: 0.0717, MSE: 0.0516
2025-06-23 02:29:33 - INFO - Epoch 503/1000, Loss: 0.1004, Dice: 0.0837, MSE: 0.0557
2025-06-23 02:29:48 - INFO - Epoch 504/1000, Loss: 0.1011, Dice: 0.0837, MSE: 0.0580
2025-06-23 02:30:02 - INFO - Epoch 505/1000, Loss: 0.0968, Dice: 0.0799, MSE: 0.0564
2025-06-23 02:30:17 - INFO - Epoch 506/1000, Loss: 0.1034, Dice: 0.0844, MSE: 0.0632
2025-06-23 02:30:32 - INFO - Epoch 507/1000, Loss: 0.1055, Dice: 0.0875, MSE: 0.0602
2025-06-23 02:30:47 - INFO - Epoch 508/1000, Loss: 0.0944, Dice: 0.0770, MSE: 0.0582
2025-06-23 02:31:02 - INFO - Epoch 509/1000, Loss: 0.0892, Dice: 0.0730, MSE: 0.0539
2025-06-23 02:31:17 - INFO - Epoch 510/1000, Loss: 0.0886, Dice: 0.0721, MSE: 0.0551
2025-06-23 02:31:31 - INFO - Epoch 511/1000, Loss: 0.0913, Dice: 0.0712, MSE: 0.0668
2025-06-23 02:31:46 - INFO - Epoch 512/1000, Loss: 0.0883, Dice: 0.0730, MSE: 0.0510
2025-06-23 02:32:01 - INFO - Epoch 513/1000, Loss: 0.0956, Dice: 0.0775, MSE: 0.0604
2025-06-23 02:32:16 - INFO - Epoch 514/1000, Loss: 0.0935, Dice: 0.0743, MSE: 0.0641
2025-06-23 02:32:31 - INFO - Epoch 515/1000, Loss: 0.0949, Dice: 0.0766, MSE: 0.0611
2025-06-23 02:32:45 - INFO - Epoch 516/1000, Loss: 0.1218, Dice: 0.1029, MSE: 0.0630
2025-06-23 02:33:00 - INFO - Epoch 517/1000, Loss: 0.1608, Dice: 0.1448, MSE: 0.0535
2025-06-23 02:33:15 - INFO - Epoch 518/1000, Loss: 0.2056, Dice: 0.1799, MSE: 0.0857
2025-06-23 02:33:30 - INFO - Epoch 519/1000, Loss: 0.2012, Dice: 0.1836, MSE: 0.0587
2025-06-23 02:33:45 - INFO - Epoch 520/1000, Loss: 0.3467, Dice: 0.3260, MSE: 0.0689
2025-06-23 02:33:46 - INFO - 模型已保存至: epoch_520.pth
2025-06-23 02:34:01 - INFO - Epoch 521/1000, Loss: 0.2261, Dice: 0.2110, MSE: 0.0504
2025-06-23 02:34:15 - INFO - Epoch 522/1000, Loss: 0.1986, Dice: 0.1840, MSE: 0.0484
2025-06-23 02:34:30 - INFO - Epoch 523/1000, Loss: 0.1798, Dice: 0.1644, MSE: 0.0515
2025-06-23 02:34:45 - INFO - Epoch 524/1000, Loss: 0.1584, Dice: 0.1411, MSE: 0.0576
2025-06-23 02:35:00 - INFO - Epoch 525/1000, Loss: 0.1160, Dice: 0.1018, MSE: 0.0473
2025-06-23 02:35:15 - INFO - Epoch 526/1000, Loss: 0.1291, Dice: 0.1096, MSE: 0.0652
2025-06-23 02:35:29 - INFO - Epoch 527/1000, Loss: 0.1204, Dice: 0.1020, MSE: 0.0616
2025-06-23 02:35:44 - INFO - Epoch 528/1000, Loss: 0.1050, Dice: 0.0891, MSE: 0.0528
2025-06-23 02:35:59 - INFO - Epoch 529/1000, Loss: 0.1064, Dice: 0.0893, MSE: 0.0571
2025-06-23 02:36:14 - INFO - Epoch 530/1000, Loss: 0.1154, Dice: 0.0967, MSE: 0.0621
2025-06-23 02:36:29 - INFO - Epoch 531/1000, Loss: 0.1161, Dice: 0.0979, MSE: 0.0608
2025-06-23 02:36:44 - INFO - Epoch 532/1000, Loss: 0.1353, Dice: 0.1184, MSE: 0.0565
2025-06-23 02:36:58 - INFO - Epoch 533/1000, Loss: 0.1069, Dice: 0.0907, MSE: 0.0539
2025-06-23 02:37:13 - INFO - Epoch 534/1000, Loss: 0.1084, Dice: 0.0912, MSE: 0.0576
2025-06-23 02:37:28 - INFO - Epoch 535/1000, Loss: 0.1029, Dice: 0.0845, MSE: 0.0616
2025-06-23 02:37:43 - INFO - Epoch 536/1000, Loss: 0.1082, Dice: 0.0860, MSE: 0.0740
2025-06-23 02:37:58 - INFO - Epoch 537/1000, Loss: 0.1016, Dice: 0.0852, MSE: 0.0547
2025-06-23 02:38:13 - INFO - Epoch 538/1000, Loss: 0.1054, Dice: 0.0849, MSE: 0.0685
2025-06-23 02:38:27 - INFO - Epoch 539/1000, Loss: 0.1048, Dice: 0.0878, MSE: 0.0568
2025-06-23 02:38:42 - INFO - Epoch 540/1000, Loss: 0.1094, Dice: 0.0938, MSE: 0.0521
2025-06-23 02:38:43 - INFO - 模型已保存至: epoch_540.pth
2025-06-23 02:38:58 - INFO - Epoch 541/1000, Loss: 0.1037, Dice: 0.0855, MSE: 0.0606
2025-06-23 02:39:13 - INFO - Epoch 542/1000, Loss: 0.1047, Dice: 0.0907, MSE: 0.0468
2025-06-23 02:39:28 - INFO - Epoch 543/1000, Loss: 0.0962, Dice: 0.0775, MSE: 0.0623
2025-06-23 02:39:43 - INFO - Epoch 544/1000, Loss: 0.1454, Dice: 0.1272, MSE: 0.0605
2025-06-23 02:39:57 - INFO - Epoch 545/1000, Loss: 0.1025, Dice: 0.0846, MSE: 0.0597
2025-06-23 02:40:12 - INFO - Epoch 546/1000, Loss: 0.1049, Dice: 0.0858, MSE: 0.0637
2025-06-23 02:40:27 - INFO - Epoch 547/1000, Loss: 0.1124, Dice: 0.0967, MSE: 0.0523
2025-06-23 02:40:42 - INFO - Epoch 548/1000, Loss: 0.1085, Dice: 0.0923, MSE: 0.0539
2025-06-23 02:40:57 - INFO - Epoch 549/1000, Loss: 0.1202, Dice: 0.1021, MSE: 0.0602
2025-06-23 02:41:12 - INFO - Epoch 550/1000, Loss: 0.1006, Dice: 0.0842, MSE: 0.0548
2025-06-23 02:41:26 - INFO - Epoch 551/1000, Loss: 0.1057, Dice: 0.0898, MSE: 0.0529
2025-06-23 02:41:41 - INFO - Epoch 552/1000, Loss: 0.1042, Dice: 0.0864, MSE: 0.0595
2025-06-23 02:41:56 - INFO - Epoch 553/1000, Loss: 0.1062, Dice: 0.0879, MSE: 0.0611
2025-06-23 02:42:11 - INFO - Epoch 554/1000, Loss: 0.1075, Dice: 0.0908, MSE: 0.0557
2025-06-23 02:42:26 - INFO - Epoch 555/1000, Loss: 0.1091, Dice: 0.0918, MSE: 0.0576
2025-06-23 02:42:40 - INFO - Epoch 556/1000, Loss: 0.1686, Dice: 0.1488, MSE: 0.0658
2025-06-23 02:42:55 - INFO - Epoch 557/1000, Loss: 0.1817, Dice: 0.1649, MSE: 0.0558
2025-06-23 02:43:10 - INFO - Epoch 558/1000, Loss: 0.1381, Dice: 0.1229, MSE: 0.0504
2025-06-23 02:43:25 - INFO - Epoch 559/1000, Loss: 0.1245, Dice: 0.1076, MSE: 0.0563
2025-06-23 02:43:40 - INFO - Epoch 560/1000, Loss: 0.1084, Dice: 0.0903, MSE: 0.0605
2025-06-23 02:43:41 - INFO - 模型已保存至: epoch_560.pth
2025-06-23 02:43:56 - INFO - Epoch 561/1000, Loss: 0.1057, Dice: 0.0887, MSE: 0.0567
2025-06-23 02:44:10 - INFO - Epoch 562/1000, Loss: 0.1166, Dice: 0.0992, MSE: 0.0578
2025-06-23 02:44:25 - INFO - Epoch 563/1000, Loss: 0.0976, Dice: 0.0809, MSE: 0.0558
2025-06-23 02:44:40 - INFO - Epoch 564/1000, Loss: 0.1016, Dice: 0.0864, MSE: 0.0506
2025-06-23 02:44:55 - INFO - Epoch 565/1000, Loss: 0.0930, Dice: 0.0770, MSE: 0.0535
2025-06-23 02:45:10 - INFO - Epoch 566/1000, Loss: 0.1002, Dice: 0.0830, MSE: 0.0571
2025-06-23 02:45:24 - INFO - Epoch 567/1000, Loss: 0.0908, Dice: 0.0735, MSE: 0.0578
2025-06-23 02:45:39 - INFO - Epoch 568/1000, Loss: 0.0858, Dice: 0.0687, MSE: 0.0571
2025-06-23 02:45:54 - INFO - Epoch 569/1000, Loss: 0.1184, Dice: 0.0975, MSE: 0.0694
2025-06-23 02:46:09 - INFO - Epoch 570/1000, Loss: 0.1250, Dice: 0.1077, MSE: 0.0577
2025-06-23 02:46:24 - INFO - Epoch 571/1000, Loss: 0.0982, Dice: 0.0801, MSE: 0.0605
2025-06-23 02:46:39 - INFO - Epoch 572/1000, Loss: 0.0986, Dice: 0.0817, MSE: 0.0561
2025-06-23 02:46:54 - INFO - Epoch 573/1000, Loss: 0.0964, Dice: 0.0781, MSE: 0.0610
2025-06-23 02:47:08 - INFO - Epoch 574/1000, Loss: 0.0956, Dice: 0.0759, MSE: 0.0658
2025-06-23 02:47:23 - INFO - Epoch 575/1000, Loss: 0.0905, Dice: 0.0724, MSE: 0.0601
2025-06-23 02:47:38 - INFO - Epoch 576/1000, Loss: 0.0877, Dice: 0.0725, MSE: 0.0506
2025-06-23 02:47:53 - INFO - Epoch 577/1000, Loss: 0.0870, Dice: 0.0707, MSE: 0.0545
2025-06-23 02:48:08 - INFO - Epoch 578/1000, Loss: 0.1009, Dice: 0.0812, MSE: 0.0659
2025-06-23 02:48:23 - INFO - Epoch 579/1000, Loss: 0.1001, Dice: 0.0819, MSE: 0.0608
2025-06-23 02:48:37 - INFO - Epoch 580/1000, Loss: 0.1361, Dice: 0.1181, MSE: 0.0601
2025-06-23 02:48:39 - INFO - 模型已保存至: epoch_580.pth
2025-06-23 02:48:53 - INFO - Epoch 581/1000, Loss: 0.2016, Dice: 0.1856, MSE: 0.0533
2025-06-23 02:49:08 - INFO - Epoch 582/1000, Loss: 0.0939, Dice: 0.0732, MSE: 0.0692
2025-06-23 02:49:23 - INFO - Epoch 583/1000, Loss: 0.1135, Dice: 0.0985, MSE: 0.0501
2025-06-23 02:49:38 - INFO - Epoch 584/1000, Loss: 0.0921, Dice: 0.0762, MSE: 0.0530
2025-06-23 02:49:53 - INFO - Epoch 585/1000, Loss: 0.0943, Dice: 0.0775, MSE: 0.0560
2025-06-23 02:50:07 - INFO - Epoch 586/1000, Loss: 0.0916, Dice: 0.0731, MSE: 0.0615
2025-06-23 02:50:22 - INFO - Epoch 587/1000, Loss: 0.1018, Dice: 0.0822, MSE: 0.0651
2025-06-23 02:50:37 - INFO - Epoch 588/1000, Loss: 0.1061, Dice: 0.0891, MSE: 0.0568
2025-06-23 02:50:52 - INFO - Epoch 589/1000, Loss: 0.1057, Dice: 0.0877, MSE: 0.0599
2025-06-23 02:51:07 - INFO - Epoch 590/1000, Loss: 0.1018, Dice: 0.0841, MSE: 0.0590
2025-06-23 02:51:21 - INFO - Epoch 591/1000, Loss: 0.1070, Dice: 0.0910, MSE: 0.0531
2025-06-23 02:51:36 - INFO - Epoch 592/1000, Loss: 0.0898, Dice: 0.0753, MSE: 0.0484
2025-06-23 02:51:51 - INFO - Epoch 593/1000, Loss: 0.0949, Dice: 0.0782, MSE: 0.0557
2025-06-23 02:52:06 - INFO - Epoch 594/1000, Loss: 0.0911, Dice: 0.0740, MSE: 0.0568
2025-06-23 02:52:21 - INFO - Epoch 595/1000, Loss: 0.0954, Dice: 0.0797, MSE: 0.0522
2025-06-23 02:52:36 - INFO - Epoch 596/1000, Loss: 0.1020, Dice: 0.0861, MSE: 0.0530
2025-06-23 02:52:50 - INFO - Epoch 597/1000, Loss: 0.0973, Dice: 0.0795, MSE: 0.0592
2025-06-23 02:53:05 - INFO - Epoch 598/1000, Loss: 0.1053, Dice: 0.0873, MSE: 0.0602
2025-06-23 02:53:20 - INFO - Epoch 599/1000, Loss: 0.1003, Dice: 0.0838, MSE: 0.0549
2025-06-23 02:53:35 - INFO - Epoch 600/1000, Loss: 0.0989, Dice: 0.0819, MSE: 0.0565
2025-06-23 02:53:36 - INFO - 模型已保存至: epoch_600.pth
2025-06-23 02:53:51 - INFO - Epoch 601/1000, Loss: 0.0902, Dice: 0.0725, MSE: 0.0588
2025-06-23 02:54:06 - INFO - Epoch 602/1000, Loss: 0.1029, Dice: 0.0781, MSE: 0.0826
2025-06-23 02:54:20 - INFO - Epoch 603/1000, Loss: 0.0958, Dice: 0.0766, MSE: 0.0641
2025-06-23 02:54:35 - INFO - Epoch 604/1000, Loss: 0.1119, Dice: 0.0929, MSE: 0.0633
2025-06-23 02:54:50 - INFO - Epoch 605/1000, Loss: 0.1059, Dice: 0.0886, MSE: 0.0576
2025-06-23 02:55:05 - INFO - Epoch 606/1000, Loss: 0.1249, Dice: 0.1100, MSE: 0.0495
2025-06-23 02:55:20 - INFO - Epoch 607/1000, Loss: 0.0991, Dice: 0.0830, MSE: 0.0537
2025-06-23 02:55:35 - INFO - Epoch 608/1000, Loss: 0.0908, Dice: 0.0736, MSE: 0.0572
2025-06-23 02:55:49 - INFO - Epoch 609/1000, Loss: 0.0951, Dice: 0.0797, MSE: 0.0514
2025-06-23 02:56:04 - INFO - Epoch 610/1000, Loss: 0.0917, Dice: 0.0750, MSE: 0.0558
2025-06-23 02:56:19 - INFO - Epoch 611/1000, Loss: 0.0902, Dice: 0.0728, MSE: 0.0580
2025-06-23 02:56:34 - INFO - Epoch 612/1000, Loss: 0.0911, Dice: 0.0760, MSE: 0.0502
2025-06-23 02:56:49 - INFO - Epoch 613/1000, Loss: 0.0952, Dice: 0.0790, MSE: 0.0538
2025-06-23 02:57:04 - INFO - Epoch 614/1000, Loss: 0.0958, Dice: 0.0788, MSE: 0.0564
2025-06-23 02:57:18 - INFO - Epoch 615/1000, Loss: 0.0891, Dice: 0.0717, MSE: 0.0578
2025-06-23 02:57:33 - INFO - Epoch 616/1000, Loss: 0.0926, Dice: 0.0732, MSE: 0.0648
2025-06-23 02:57:48 - INFO - Epoch 617/1000, Loss: 0.0836, Dice: 0.0678, MSE: 0.0527
2025-06-23 02:58:03 - INFO - Epoch 618/1000, Loss: 0.0906, Dice: 0.0720, MSE: 0.0618
2025-06-23 02:58:18 - INFO - Epoch 619/1000, Loss: 0.1004, Dice: 0.0818, MSE: 0.0619
2025-06-23 02:58:33 - INFO - Epoch 620/1000, Loss: 0.0839, Dice: 0.0667, MSE: 0.0572
2025-06-23 02:58:34 - INFO - 模型已保存至: epoch_620.pth
2025-06-23 02:58:48 - INFO - Epoch 621/1000, Loss: 0.1168, Dice: 0.1023, MSE: 0.0484
2025-06-23 02:59:03 - INFO - Epoch 622/1000, Loss: 0.0908, Dice: 0.0728, MSE: 0.0600
2025-06-23 02:59:18 - INFO - Epoch 623/1000, Loss: 0.0821, Dice: 0.0644, MSE: 0.0590
2025-06-23 02:59:33 - INFO - Epoch 624/1000, Loss: 0.0807, Dice: 0.0624, MSE: 0.0611
2025-06-23 02:59:48 - INFO - Epoch 625/1000, Loss: 0.0920, Dice: 0.0733, MSE: 0.0622
2025-06-23 03:00:03 - INFO - Epoch 626/1000, Loss: 0.0828, Dice: 0.0658, MSE: 0.0566
2025-06-23 03:00:17 - INFO - Epoch 627/1000, Loss: 0.1471, Dice: 0.1306, MSE: 0.0551
2025-06-23 03:00:32 - INFO - Epoch 628/1000, Loss: 0.1800, Dice: 0.1636, MSE: 0.0547
2025-06-23 03:00:47 - INFO - Epoch 629/1000, Loss: 0.2800, Dice: 0.2614, MSE: 0.0620
2025-06-23 03:01:02 - INFO - Epoch 630/1000, Loss: 0.1865, Dice: 0.1741, MSE: 0.0413
2025-06-23 03:01:17 - INFO - Epoch 631/1000, Loss: 0.1760, Dice: 0.1607, MSE: 0.0508
2025-06-23 03:01:32 - INFO - Epoch 632/1000, Loss: 0.1535, Dice: 0.1354, MSE: 0.0605
2025-06-23 03:01:46 - INFO - Epoch 633/1000, Loss: 0.1102, Dice: 0.0955, MSE: 0.0492
2025-06-23 03:02:01 - INFO - Epoch 634/1000, Loss: 0.1314, Dice: 0.1142, MSE: 0.0572
2025-06-23 03:02:16 - INFO - Epoch 635/1000, Loss: 0.1379, Dice: 0.1230, MSE: 0.0497
2025-06-23 03:02:31 - INFO - Epoch 636/1000, Loss: 0.1307, Dice: 0.1169, MSE: 0.0459
2025-06-23 03:02:46 - INFO - Epoch 637/1000, Loss: 0.1095, Dice: 0.0959, MSE: 0.0456
2025-06-23 03:03:00 - INFO - Epoch 638/1000, Loss: 0.0976, Dice: 0.0814, MSE: 0.0539
2025-06-23 03:03:15 - INFO - Epoch 639/1000, Loss: 0.1141, Dice: 0.0995, MSE: 0.0485
2025-06-23 03:03:30 - INFO - Epoch 640/1000, Loss: 0.1133, Dice: 0.0953, MSE: 0.0600
2025-06-23 03:03:31 - INFO - 模型已保存至: epoch_640.pth
2025-06-23 03:03:46 - INFO - Epoch 641/1000, Loss: 0.1100, Dice: 0.0940, MSE: 0.0533
2025-06-23 03:04:01 - INFO - Epoch 642/1000, Loss: 0.1037, Dice: 0.0851, MSE: 0.0619
2025-06-23 03:04:16 - INFO - Epoch 643/1000, Loss: 0.0984, Dice: 0.0814, MSE: 0.0566
2025-06-23 03:04:30 - INFO - Epoch 644/1000, Loss: 0.1097, Dice: 0.0935, MSE: 0.0540
2025-06-23 03:04:45 - INFO - Epoch 645/1000, Loss: 0.1265, Dice: 0.1060, MSE: 0.0683
2025-06-23 03:05:00 - INFO - Epoch 646/1000, Loss: 0.1244, Dice: 0.1082, MSE: 0.0537
2025-06-23 03:05:15 - INFO - Epoch 647/1000, Loss: 0.0964, Dice: 0.0812, MSE: 0.0508
2025-06-23 03:05:30 - INFO - Epoch 648/1000, Loss: 0.0997, Dice: 0.0823, MSE: 0.0578
2025-06-23 03:05:45 - INFO - Epoch 649/1000, Loss: 0.1042, Dice: 0.0894, MSE: 0.0495
2025-06-23 03:05:59 - INFO - Epoch 650/1000, Loss: 0.1220, Dice: 0.1057, MSE: 0.0543
2025-06-23 03:06:14 - INFO - Epoch 651/1000, Loss: 0.1222, Dice: 0.1078, MSE: 0.0479
2025-06-23 03:06:29 - INFO - Epoch 652/1000, Loss: 0.1056, Dice: 0.0895, MSE: 0.0538
2025-06-23 03:06:44 - INFO - Epoch 653/1000, Loss: 0.1024, Dice: 0.0877, MSE: 0.0490
2025-06-23 03:06:59 - INFO - Epoch 654/1000, Loss: 0.0961, Dice: 0.0791, MSE: 0.0568
2025-06-23 03:07:14 - INFO - Epoch 655/1000, Loss: 0.0871, Dice: 0.0713, MSE: 0.0527
2025-06-23 03:07:28 - INFO - Epoch 656/1000, Loss: 0.0932, Dice: 0.0791, MSE: 0.0471
2025-06-23 03:07:43 - INFO - Epoch 657/1000, Loss: 0.0975, Dice: 0.0824, MSE: 0.0502
2025-06-23 03:07:58 - INFO - Epoch 658/1000, Loss: 0.0860, Dice: 0.0709, MSE: 0.0501
2025-06-23 03:08:13 - INFO - Epoch 659/1000, Loss: 0.0986, Dice: 0.0821, MSE: 0.0548
2025-06-23 03:08:28 - INFO - Epoch 660/1000, Loss: 0.0839, Dice: 0.0707, MSE: 0.0440
2025-06-23 03:08:29 - INFO - 模型已保存至: epoch_660.pth
2025-06-23 03:08:44 - INFO - Epoch 661/1000, Loss: 0.0847, Dice: 0.0680, MSE: 0.0559
2025-06-23 03:08:58 - INFO - Epoch 662/1000, Loss: 0.0916, Dice: 0.0757, MSE: 0.0530
2025-06-23 03:09:13 - INFO - Epoch 663/1000, Loss: 0.1041, Dice: 0.0866, MSE: 0.0583
2025-06-23 03:09:28 - INFO - Epoch 664/1000, Loss: 0.1057, Dice: 0.0868, MSE: 0.0631
2025-06-23 03:09:43 - INFO - Epoch 665/1000, Loss: 0.1013, Dice: 0.0855, MSE: 0.0528
2025-06-23 03:09:58 - INFO - Epoch 666/1000, Loss: 0.0946, Dice: 0.0800, MSE: 0.0489
2025-06-23 03:10:12 - INFO - Epoch 667/1000, Loss: 0.0854, Dice: 0.0690, MSE: 0.0546
2025-06-23 03:10:27 - INFO - Epoch 668/1000, Loss: 0.0961, Dice: 0.0831, MSE: 0.0433
2025-06-23 03:10:42 - INFO - Epoch 669/1000, Loss: 0.0928, Dice: 0.0762, MSE: 0.0552
2025-06-23 03:10:57 - INFO - Epoch 670/1000, Loss: 0.0942, Dice: 0.0781, MSE: 0.0537
2025-06-23 03:11:12 - INFO - Epoch 671/1000, Loss: 0.0936, Dice: 0.0771, MSE: 0.0552
2025-06-23 03:11:26 - INFO - Epoch 672/1000, Loss: 0.0943, Dice: 0.0772, MSE: 0.0567
2025-06-23 03:11:41 - INFO - Epoch 673/1000, Loss: 0.0860, Dice: 0.0713, MSE: 0.0491
2025-06-23 03:11:56 - INFO - Epoch 674/1000, Loss: 0.0905, Dice: 0.0763, MSE: 0.0472
2025-06-23 03:12:11 - INFO - Epoch 675/1000, Loss: 0.0886, Dice: 0.0753, MSE: 0.0444
2025-06-23 03:12:26 - INFO - Epoch 676/1000, Loss: 0.0860, Dice: 0.0694, MSE: 0.0553
2025-06-23 03:12:41 - INFO - Epoch 677/1000, Loss: 0.1254, Dice: 0.1071, MSE: 0.0607
2025-06-23 03:12:55 - INFO - Epoch 678/1000, Loss: 0.1311, Dice: 0.1161, MSE: 0.0500
2025-06-23 03:13:10 - INFO - Epoch 679/1000, Loss: 0.1172, Dice: 0.1006, MSE: 0.0554
2025-06-23 03:13:25 - INFO - Epoch 680/1000, Loss: 0.0956, Dice: 0.0798, MSE: 0.0524
2025-06-23 03:13:26 - INFO - 模型已保存至: epoch_680.pth
2025-06-23 03:13:41 - INFO - Epoch 681/1000, Loss: 0.1231, Dice: 0.1061, MSE: 0.0567
2025-06-23 03:13:56 - INFO - Epoch 682/1000, Loss: 0.1619, Dice: 0.1470, MSE: 0.0498
2025-06-23 03:14:10 - INFO - Epoch 683/1000, Loss: 0.1639, Dice: 0.1442, MSE: 0.0655
2025-06-23 03:14:25 - INFO - Epoch 684/1000, Loss: 0.2216, Dice: 0.2063, MSE: 0.0511
2025-06-23 03:14:40 - INFO - Epoch 685/1000, Loss: 0.1753, Dice: 0.1614, MSE: 0.0466
2025-06-23 03:14:55 - INFO - Epoch 686/1000, Loss: 0.1991, Dice: 0.1847, MSE: 0.0482
2025-06-23 03:15:10 - INFO - Epoch 687/1000, Loss: 0.1558, Dice: 0.1414, MSE: 0.0480
2025-06-23 03:15:24 - INFO - Epoch 688/1000, Loss: 0.1369, Dice: 0.1234, MSE: 0.0450
2025-06-23 03:15:39 - INFO - Epoch 689/1000, Loss: 0.1143, Dice: 0.0994, MSE: 0.0496
2025-06-23 03:15:54 - INFO - Epoch 690/1000, Loss: 0.1045, Dice: 0.0885, MSE: 0.0534
2025-06-23 03:16:09 - INFO - Epoch 691/1000, Loss: 0.1033, Dice: 0.0882, MSE: 0.0506
2025-06-23 03:16:24 - INFO - Epoch 692/1000, Loss: 0.1120, Dice: 0.0965, MSE: 0.0516
2025-06-23 03:16:39 - INFO - Epoch 693/1000, Loss: 0.0987, Dice: 0.0825, MSE: 0.0540
2025-06-23 03:16:54 - INFO - Epoch 694/1000, Loss: 0.1407, Dice: 0.1263, MSE: 0.0479
2025-06-23 03:17:08 - INFO - Epoch 695/1000, Loss: 0.0955, Dice: 0.0771, MSE: 0.0614
2025-06-23 03:17:23 - INFO - Epoch 696/1000, Loss: 0.1094, Dice: 0.0941, MSE: 0.0508
2025-06-23 03:17:38 - INFO - Epoch 697/1000, Loss: 0.1057, Dice: 0.0884, MSE: 0.0576
2025-06-23 03:17:53 - INFO - Epoch 698/1000, Loss: 0.0988, Dice: 0.0826, MSE: 0.0542
2025-06-23 03:18:08 - INFO - Epoch 699/1000, Loss: 0.0891, Dice: 0.0744, MSE: 0.0490
2025-06-23 03:18:22 - INFO - Epoch 700/1000, Loss: 0.0957, Dice: 0.0813, MSE: 0.0479
2025-06-23 03:18:23 - INFO - 模型已保存至: epoch_700.pth
2025-06-23 03:18:38 - INFO - Epoch 701/1000, Loss: 0.0929, Dice: 0.0790, MSE: 0.0463
2025-06-23 03:18:53 - INFO - Epoch 702/1000, Loss: 0.0893, Dice: 0.0755, MSE: 0.0460
2025-06-23 03:19:08 - INFO - Epoch 703/1000, Loss: 0.0844, Dice: 0.0707, MSE: 0.0457
2025-06-23 03:19:23 - INFO - Epoch 704/1000, Loss: 0.0839, Dice: 0.0686, MSE: 0.0507
2025-06-23 03:19:38 - INFO - Epoch 705/1000, Loss: 0.1108, Dice: 0.0958, MSE: 0.0499
2025-06-23 03:19:52 - INFO - Epoch 706/1000, Loss: 0.0793, Dice: 0.0654, MSE: 0.0465
2025-06-23 03:20:07 - INFO - Epoch 707/1000, Loss: 0.0886, Dice: 0.0749, MSE: 0.0457
2025-06-23 03:20:22 - INFO - Epoch 708/1000, Loss: 0.0932, Dice: 0.0799, MSE: 0.0445
2025-06-23 03:20:37 - INFO - Epoch 709/1000, Loss: 0.0894, Dice: 0.0728, MSE: 0.0552
2025-06-23 03:20:52 - INFO - Epoch 710/1000, Loss: 0.0828, Dice: 0.0693, MSE: 0.0450
2025-06-23 03:21:07 - INFO - Epoch 711/1000, Loss: 0.0974, Dice: 0.0787, MSE: 0.0622
2025-06-23 03:21:21 - INFO - Epoch 712/1000, Loss: 0.0897, Dice: 0.0761, MSE: 0.0455
2025-06-23 03:21:36 - INFO - Epoch 713/1000, Loss: 0.1269, Dice: 0.1105, MSE: 0.0547
2025-06-23 03:21:51 - INFO - Epoch 714/1000, Loss: 0.0839, Dice: 0.0694, MSE: 0.0484
2025-06-23 03:22:06 - INFO - Epoch 715/1000, Loss: 0.0865, Dice: 0.0708, MSE: 0.0522
2025-06-23 03:22:21 - INFO - Epoch 716/1000, Loss: 0.0904, Dice: 0.0757, MSE: 0.0491
2025-06-23 03:22:36 - INFO - Epoch 717/1000, Loss: 0.0874, Dice: 0.0720, MSE: 0.0513
2025-06-23 03:22:50 - INFO - Epoch 718/1000, Loss: 0.0922, Dice: 0.0763, MSE: 0.0528
2025-06-23 03:23:05 - INFO - Epoch 719/1000, Loss: 0.0929, Dice: 0.0781, MSE: 0.0494
2025-06-23 03:23:20 - INFO - Epoch 720/1000, Loss: 0.0996, Dice: 0.0817, MSE: 0.0595
2025-06-23 03:23:21 - INFO - 模型已保存至: epoch_720.pth
2025-06-23 03:23:36 - INFO - Epoch 721/1000, Loss: 0.0898, Dice: 0.0749, MSE: 0.0500
2025-06-23 03:23:51 - INFO - Epoch 722/1000, Loss: 0.0909, Dice: 0.0761, MSE: 0.0496
2025-06-23 03:24:05 - INFO - Epoch 723/1000, Loss: 0.0809, Dice: 0.0658, MSE: 0.0504
2025-06-23 03:24:20 - INFO - Epoch 724/1000, Loss: 0.0955, Dice: 0.0785, MSE: 0.0569
2025-06-23 03:24:35 - INFO - Epoch 725/1000, Loss: 0.0895, Dice: 0.0744, MSE: 0.0502
2025-06-23 03:24:50 - INFO - Epoch 726/1000, Loss: 0.0941, Dice: 0.0795, MSE: 0.0485
2025-06-23 03:25:05 - INFO - Epoch 727/1000, Loss: 0.0914, Dice: 0.0747, MSE: 0.0555
2025-06-23 03:25:20 - INFO - Epoch 728/1000, Loss: 0.0887, Dice: 0.0724, MSE: 0.0542
2025-06-23 03:25:34 - INFO - Epoch 729/1000, Loss: 0.0956, Dice: 0.0793, MSE: 0.0544
2025-06-23 03:25:49 - INFO - Epoch 730/1000, Loss: 0.0846, Dice: 0.0698, MSE: 0.0493
2025-06-23 03:26:04 - INFO - Epoch 731/1000, Loss: 0.0753, Dice: 0.0627, MSE: 0.0420
2025-06-23 03:26:19 - INFO - Epoch 732/1000, Loss: 0.0781, Dice: 0.0627, MSE: 0.0513
2025-06-23 03:26:34 - INFO - Epoch 733/1000, Loss: 0.0796, Dice: 0.0652, MSE: 0.0483
2025-06-23 03:26:49 - INFO - Epoch 734/1000, Loss: 0.0784, Dice: 0.0618, MSE: 0.0553
2025-06-23 03:27:03 - INFO - Epoch 735/1000, Loss: 0.0866, Dice: 0.0725, MSE: 0.0472
2025-06-23 03:27:18 - INFO - Epoch 736/1000, Loss: 0.0971, Dice: 0.0809, MSE: 0.0543
2025-06-23 03:27:33 - INFO - Epoch 737/1000, Loss: 0.0837, Dice: 0.0675, MSE: 0.0540
2025-06-23 03:27:48 - INFO - Epoch 738/1000, Loss: 0.0879, Dice: 0.0731, MSE: 0.0491
2025-06-23 03:28:03 - INFO - Epoch 739/1000, Loss: 0.0859, Dice: 0.0703, MSE: 0.0520
2025-06-23 03:28:18 - INFO - Epoch 740/1000, Loss: 0.0817, Dice: 0.0641, MSE: 0.0588
2025-06-23 03:28:19 - INFO - 模型已保存至: epoch_740.pth
2025-06-23 03:28:33 - INFO - Epoch 741/1000, Loss: 0.0775, Dice: 0.0616, MSE: 0.0530
2025-06-23 03:28:48 - INFO - Epoch 742/1000, Loss: 0.0859, Dice: 0.0668, MSE: 0.0639
2025-06-23 03:29:03 - INFO - Epoch 743/1000, Loss: 0.0967, Dice: 0.0803, MSE: 0.0546
2025-06-23 03:29:18 - INFO - Epoch 744/1000, Loss: 0.1163, Dice: 0.0982, MSE: 0.0602
2025-06-23 03:29:33 - INFO - Epoch 745/1000, Loss: 0.1059, Dice: 0.0891, MSE: 0.0562
2025-06-23 03:29:47 - INFO - Epoch 746/1000, Loss: 0.1040, Dice: 0.0896, MSE: 0.0482
2025-06-23 03:30:02 - INFO - Epoch 747/1000, Loss: 0.0992, Dice: 0.0841, MSE: 0.0504
2025-06-23 03:30:17 - INFO - Epoch 748/1000, Loss: 0.0968, Dice: 0.0827, MSE: 0.0471
2025-06-23 03:30:32 - INFO - Epoch 749/1000, Loss: 0.0849, Dice: 0.0699, MSE: 0.0499
2025-06-23 03:30:47 - INFO - Epoch 750/1000, Loss: 0.0866, Dice: 0.0733, MSE: 0.0444
2025-06-23 03:31:02 - INFO - Epoch 751/1000, Loss: 0.0857, Dice: 0.0713, MSE: 0.0478
2025-06-23 03:31:16 - INFO - Epoch 752/1000, Loss: 0.0819, Dice: 0.0685, MSE: 0.0448
2025-06-23 03:31:31 - INFO - Epoch 753/1000, Loss: 0.0809, Dice: 0.0681, MSE: 0.0426
2025-06-23 03:31:46 - INFO - Epoch 754/1000, Loss: 0.0922, Dice: 0.0767, MSE: 0.0519
2025-06-23 03:32:01 - INFO - Epoch 755/1000, Loss: 0.0758, Dice: 0.0624, MSE: 0.0445
2025-06-23 03:32:16 - INFO - Epoch 756/1000, Loss: 0.0835, Dice: 0.0686, MSE: 0.0495
2025-06-23 03:32:31 - INFO - Epoch 757/1000, Loss: 0.0842, Dice: 0.0674, MSE: 0.0560
2025-06-23 03:32:45 - INFO - Epoch 758/1000, Loss: 0.0952, Dice: 0.0795, MSE: 0.0521
2025-06-23 03:33:00 - INFO - Epoch 759/1000, Loss: 0.0738, Dice: 0.0588, MSE: 0.0501
2025-06-23 03:33:15 - INFO - Epoch 760/1000, Loss: 0.0807, Dice: 0.0660, MSE: 0.0489
2025-06-23 03:33:16 - INFO - 模型已保存至: epoch_760.pth
2025-06-23 03:33:31 - INFO - Epoch 761/1000, Loss: 0.0821, Dice: 0.0682, MSE: 0.0464
2025-06-23 03:33:46 - INFO - Epoch 762/1000, Loss: 0.1164, Dice: 0.0959, MSE: 0.0683
2025-06-23 03:34:00 - INFO - Epoch 763/1000, Loss: 0.0874, Dice: 0.0717, MSE: 0.0524
2025-06-23 03:34:15 - INFO - Epoch 764/1000, Loss: 0.0922, Dice: 0.0772, MSE: 0.0501
2025-06-23 03:34:30 - INFO - Epoch 765/1000, Loss: 0.0959, Dice: 0.0829, MSE: 0.0434
2025-06-23 03:34:45 - INFO - Epoch 766/1000, Loss: 0.0970, Dice: 0.0809, MSE: 0.0536
2025-06-23 03:35:00 - INFO - Epoch 767/1000, Loss: 0.0861, Dice: 0.0686, MSE: 0.0584
2025-06-23 03:35:15 - INFO - Epoch 768/1000, Loss: 0.1099, Dice: 0.0967, MSE: 0.0440
2025-06-23 03:35:29 - INFO - Epoch 769/1000, Loss: 0.1086, Dice: 0.0915, MSE: 0.0571
2025-06-23 03:35:44 - INFO - Epoch 770/1000, Loss: 0.0924, Dice: 0.0760, MSE: 0.0543
2025-06-23 03:35:59 - INFO - Epoch 771/1000, Loss: 0.0884, Dice: 0.0719, MSE: 0.0548
2025-06-23 03:36:14 - INFO - Epoch 772/1000, Loss: 0.0997, Dice: 0.0855, MSE: 0.0473
2025-06-23 03:36:29 - INFO - Epoch 773/1000, Loss: 0.1104, Dice: 0.0971, MSE: 0.0445
2025-06-23 03:36:44 - INFO - Epoch 774/1000, Loss: 0.1142, Dice: 0.0986, MSE: 0.0522
2025-06-23 03:36:58 - INFO - Epoch 775/1000, Loss: 0.1835, Dice: 0.1668, MSE: 0.0557
2025-06-23 03:37:13 - INFO - Epoch 776/1000, Loss: 0.2477, Dice: 0.2332, MSE: 0.0481
2025-06-23 03:37:28 - INFO - Epoch 777/1000, Loss: 0.1625, Dice: 0.1467, MSE: 0.0526
2025-06-23 03:37:43 - INFO - Epoch 778/1000, Loss: 0.2000, Dice: 0.1884, MSE: 0.0388
2025-06-23 03:37:58 - INFO - Epoch 779/1000, Loss: 0.1527, Dice: 0.1388, MSE: 0.0464
2025-06-23 03:38:13 - INFO - Epoch 780/1000, Loss: 0.1345, Dice: 0.1196, MSE: 0.0496
2025-06-23 03:38:14 - INFO - 模型已保存至: epoch_780.pth
2025-06-23 03:38:28 - INFO - Epoch 781/1000, Loss: 0.2469, Dice: 0.2327, MSE: 0.0475
2025-06-23 03:38:43 - INFO - Epoch 782/1000, Loss: 0.2035, Dice: 0.1917, MSE: 0.0392
2025-06-23 03:38:58 - INFO - Epoch 783/1000, Loss: 0.1394, Dice: 0.1281, MSE: 0.0377
2025-06-23 03:39:13 - INFO - Epoch 784/1000, Loss: 0.1387, Dice: 0.1236, MSE: 0.0503
2025-06-23 03:39:28 - INFO - Epoch 785/1000, Loss: 0.1111, Dice: 0.0958, MSE: 0.0510
2025-06-23 03:39:42 - INFO - Epoch 786/1000, Loss: 0.1347, Dice: 0.1209, MSE: 0.0461
2025-06-23 03:39:57 - INFO - Epoch 787/1000, Loss: 0.1484, Dice: 0.1345, MSE: 0.0466
2025-06-23 03:40:12 - INFO - Epoch 788/1000, Loss: 0.1878, Dice: 0.1741, MSE: 0.0457
2025-06-23 03:40:27 - INFO - Epoch 789/1000, Loss: 0.1665, Dice: 0.1523, MSE: 0.0474
2025-06-23 03:40:42 - INFO - Epoch 790/1000, Loss: 0.1371, Dice: 0.1228, MSE: 0.0477
2025-06-23 03:40:56 - INFO - Epoch 791/1000, Loss: 0.1703, Dice: 0.1549, MSE: 0.0513
2025-06-23 03:41:11 - INFO - Epoch 792/1000, Loss: 0.1838, Dice: 0.1688, MSE: 0.0502
2025-06-23 03:41:26 - INFO - Epoch 793/1000, Loss: 0.1271, Dice: 0.1134, MSE: 0.0456
2025-06-23 03:41:41 - INFO - Epoch 794/1000, Loss: 0.1177, Dice: 0.1029, MSE: 0.0494
2025-06-23 03:41:56 - INFO - Epoch 795/1000, Loss: 0.1246, Dice: 0.1125, MSE: 0.0404
2025-06-23 03:42:10 - INFO - Epoch 796/1000, Loss: 0.1078, Dice: 0.0938, MSE: 0.0466
2025-06-23 03:42:25 - INFO - Epoch 797/1000, Loss: 0.0988, Dice: 0.0853, MSE: 0.0451
2025-06-23 03:42:40 - INFO - Epoch 798/1000, Loss: 0.1226, Dice: 0.1097, MSE: 0.0431
2025-06-23 03:42:55 - INFO - Epoch 799/1000, Loss: 0.1122, Dice: 0.0957, MSE: 0.0550
2025-06-23 03:43:10 - INFO - Epoch 800/1000, Loss: 0.0952, Dice: 0.0819, MSE: 0.0443
2025-06-23 03:43:11 - INFO - 模型已保存至: epoch_800.pth
2025-06-23 03:43:26 - INFO - Epoch 801/1000, Loss: 0.1047, Dice: 0.0919, MSE: 0.0428
2025-06-23 03:43:40 - INFO - Epoch 802/1000, Loss: 0.1353, Dice: 0.1215, MSE: 0.0458
2025-06-23 03:43:55 - INFO - Epoch 803/1000, Loss: 0.1014, Dice: 0.0900, MSE: 0.0381
2025-06-23 03:44:10 - INFO - Epoch 804/1000, Loss: 0.0949, Dice: 0.0805, MSE: 0.0482
2025-06-23 03:44:25 - INFO - Epoch 805/1000, Loss: 0.1341, Dice: 0.1189, MSE: 0.0507
2025-06-23 03:44:40 - INFO - Epoch 806/1000, Loss: 0.1133, Dice: 0.0994, MSE: 0.0463
2025-06-23 03:44:54 - INFO - Epoch 807/1000, Loss: 0.0984, Dice: 0.0865, MSE: 0.0396
2025-06-23 03:45:09 - INFO - Epoch 808/1000, Loss: 0.0967, Dice: 0.0840, MSE: 0.0424
2025-06-23 03:45:24 - INFO - Epoch 809/1000, Loss: 0.1025, Dice: 0.0878, MSE: 0.0491
2025-06-23 03:45:39 - INFO - Epoch 810/1000, Loss: 0.0896, Dice: 0.0769, MSE: 0.0422
2025-06-23 03:45:54 - INFO - Epoch 811/1000, Loss: 0.0863, Dice: 0.0725, MSE: 0.0461
2025-06-23 03:46:08 - INFO - Epoch 812/1000, Loss: 0.0867, Dice: 0.0730, MSE: 0.0456
2025-06-23 03:46:23 - INFO - Epoch 813/1000, Loss: 0.0950, Dice: 0.0791, MSE: 0.0531
2025-06-23 03:46:38 - INFO - Epoch 814/1000, Loss: 0.0932, Dice: 0.0804, MSE: 0.0428
2025-06-23 03:46:53 - INFO - Epoch 815/1000, Loss: 0.0850, Dice: 0.0692, MSE: 0.0525
2025-06-23 03:47:08 - INFO - Epoch 816/1000, Loss: 0.0819, Dice: 0.0675, MSE: 0.0483
2025-06-23 03:47:23 - INFO - Epoch 817/1000, Loss: 0.0859, Dice: 0.0719, MSE: 0.0467
2025-06-23 03:47:37 - INFO - Epoch 818/1000, Loss: 0.1496, Dice: 0.1339, MSE: 0.0523
2025-06-23 03:47:52 - INFO - Epoch 819/1000, Loss: 0.0934, Dice: 0.0793, MSE: 0.0468
2025-06-23 03:48:07 - INFO - Epoch 820/1000, Loss: 0.1191, Dice: 0.1062, MSE: 0.0429
2025-06-23 03:48:08 - INFO - 模型已保存至: epoch_820.pth
2025-06-23 03:48:23 - INFO - Epoch 821/1000, Loss: 0.0850, Dice: 0.0717, MSE: 0.0443
2025-06-23 03:48:38 - INFO - Epoch 822/1000, Loss: 0.0812, Dice: 0.0692, MSE: 0.0400
2025-06-23 03:48:53 - INFO - Epoch 823/1000, Loss: 0.0987, Dice: 0.0863, MSE: 0.0413
2025-06-23 03:49:07 - INFO - Epoch 824/1000, Loss: 0.0856, Dice: 0.0707, MSE: 0.0495
2025-06-23 03:49:22 - INFO - Epoch 825/1000, Loss: 0.0870, Dice: 0.0724, MSE: 0.0489
2025-06-23 03:49:37 - INFO - Epoch 826/1000, Loss: 0.0853, Dice: 0.0712, MSE: 0.0472
2025-06-23 03:49:52 - INFO - Epoch 827/1000, Loss: 0.0837, Dice: 0.0707, MSE: 0.0433
2025-06-23 03:50:07 - INFO - Epoch 828/1000, Loss: 0.0783, Dice: 0.0641, MSE: 0.0472
2025-06-23 03:50:21 - INFO - Epoch 829/1000, Loss: 0.0894, Dice: 0.0753, MSE: 0.0471
2025-06-23 03:50:36 - INFO - Epoch 830/1000, Loss: 0.0785, Dice: 0.0641, MSE: 0.0481
2025-06-23 03:50:51 - INFO - Epoch 831/1000, Loss: 0.0805, Dice: 0.0656, MSE: 0.0496
2025-06-23 03:51:06 - INFO - Epoch 832/1000, Loss: 0.0915, Dice: 0.0772, MSE: 0.0477
2025-06-23 03:51:21 - INFO - Epoch 833/1000, Loss: 0.0802, Dice: 0.0657, MSE: 0.0484
2025-06-23 03:51:35 - INFO - Epoch 834/1000, Loss: 0.0903, Dice: 0.0732, MSE: 0.0571
2025-06-23 03:51:50 - INFO - Epoch 835/1000, Loss: 0.0815, Dice: 0.0675, MSE: 0.0467
2025-06-23 03:52:05 - INFO - Epoch 836/1000, Loss: 0.0799, Dice: 0.0676, MSE: 0.0411
2025-06-23 03:52:20 - INFO - Epoch 837/1000, Loss: 0.0731, Dice: 0.0598, MSE: 0.0443
2025-06-23 03:52:34 - INFO - Epoch 838/1000, Loss: 0.0793, Dice: 0.0662, MSE: 0.0439
2025-06-23 03:52:49 - INFO - Epoch 839/1000, Loss: 0.0817, Dice: 0.0683, MSE: 0.0447
2025-06-23 03:53:04 - INFO - Epoch 840/1000, Loss: 0.0786, Dice: 0.0637, MSE: 0.0495
2025-06-23 03:53:05 - INFO - 模型已保存至: epoch_840.pth
2025-06-23 03:53:20 - INFO - Epoch 841/1000, Loss: 0.0761, Dice: 0.0598, MSE: 0.0543
2025-06-23 03:53:35 - INFO - Epoch 842/1000, Loss: 0.0778, Dice: 0.0636, MSE: 0.0473
2025-06-23 03:53:50 - INFO - Epoch 843/1000, Loss: 0.0748, Dice: 0.0609, MSE: 0.0461
2025-06-23 03:54:04 - INFO - Epoch 844/1000, Loss: 0.0786, Dice: 0.0653, MSE: 0.0442
2025-06-23 03:54:19 - INFO - Epoch 845/1000, Loss: 0.0815, Dice: 0.0662, MSE: 0.0512
2025-06-23 03:54:34 - INFO - Epoch 846/1000, Loss: 0.0772, Dice: 0.0652, MSE: 0.0397
2025-06-23 03:54:49 - INFO - Epoch 847/1000, Loss: 0.0743, Dice: 0.0595, MSE: 0.0492
2025-06-23 03:55:04 - INFO - Epoch 848/1000, Loss: 0.0917, Dice: 0.0731, MSE: 0.0618
2025-06-23 03:55:19 - INFO - Epoch 849/1000, Loss: 0.0809, Dice: 0.0657, MSE: 0.0507
2025-06-23 03:55:33 - INFO - Epoch 850/1000, Loss: 0.1095, Dice: 0.0965, MSE: 0.0434
2025-06-23 03:55:48 - INFO - Epoch 851/1000, Loss: 0.0796, Dice: 0.0671, MSE: 0.0417
2025-06-23 03:56:03 - INFO - Epoch 852/1000, Loss: 0.0891, Dice: 0.0731, MSE: 0.0532
2025-06-23 03:56:18 - INFO - Epoch 853/1000, Loss: 0.0825, Dice: 0.0674, MSE: 0.0503
2025-06-23 03:56:33 - INFO - Epoch 854/1000, Loss: 0.0817, Dice: 0.0683, MSE: 0.0449
2025-06-23 03:56:48 - INFO - Epoch 855/1000, Loss: 0.0817, Dice: 0.0664, MSE: 0.0509
2025-06-23 03:57:02 - INFO - Epoch 856/1000, Loss: 0.0754, Dice: 0.0594, MSE: 0.0534
2025-06-23 03:57:17 - INFO - Epoch 857/1000, Loss: 0.0864, Dice: 0.0725, MSE: 0.0463
2025-06-23 03:57:32 - INFO - Epoch 858/1000, Loss: 0.0780, Dice: 0.0640, MSE: 0.0468
2025-06-23 03:57:47 - INFO - Epoch 859/1000, Loss: 0.0788, Dice: 0.0638, MSE: 0.0499
2025-06-23 03:58:02 - INFO - Epoch 860/1000, Loss: 0.0776, Dice: 0.0644, MSE: 0.0439
2025-06-23 03:58:03 - INFO - 模型已保存至: epoch_860.pth
2025-06-23 03:58:18 - INFO - Epoch 861/1000, Loss: 0.0763, Dice: 0.0627, MSE: 0.0453
2025-06-23 03:58:32 - INFO - Epoch 862/1000, Loss: 0.0775, Dice: 0.0642, MSE: 0.0443
2025-06-23 03:58:47 - INFO - Epoch 863/1000, Loss: 0.0777, Dice: 0.0638, MSE: 0.0463
2025-06-23 03:59:02 - INFO - Epoch 864/1000, Loss: 0.0787, Dice: 0.0658, MSE: 0.0430
2025-06-23 03:59:17 - INFO - Epoch 865/1000, Loss: 0.0837, Dice: 0.0674, MSE: 0.0543
2025-06-23 03:59:31 - INFO - Epoch 866/1000, Loss: 0.0858, Dice: 0.0704, MSE: 0.0513
2025-06-23 03:59:46 - INFO - Epoch 867/1000, Loss: 0.0747, Dice: 0.0591, MSE: 0.0522
2025-06-23 04:00:01 - INFO - Epoch 868/1000, Loss: 0.0914, Dice: 0.0762, MSE: 0.0506
2025-06-23 04:00:16 - INFO - Epoch 869/1000, Loss: 0.0751, Dice: 0.0601, MSE: 0.0499
2025-06-23 04:00:31 - INFO - Epoch 870/1000, Loss: 0.0723, Dice: 0.0575, MSE: 0.0495
2025-06-23 04:00:46 - INFO - Epoch 871/1000, Loss: 0.0702, Dice: 0.0563, MSE: 0.0465
2025-06-23 04:01:00 - INFO - Epoch 872/1000, Loss: 0.0824, Dice: 0.0675, MSE: 0.0496
2025-06-23 04:01:15 - INFO - Epoch 873/1000, Loss: 0.0906, Dice: 0.0764, MSE: 0.0472
2025-06-23 04:01:30 - INFO - Epoch 874/1000, Loss: 0.1035, Dice: 0.0851, MSE: 0.0611
2025-06-23 04:01:45 - INFO - Epoch 875/1000, Loss: 0.0844, Dice: 0.0681, MSE: 0.0543
2025-06-23 04:02:00 - INFO - Epoch 876/1000, Loss: 0.0801, Dice: 0.0659, MSE: 0.0475
2025-06-23 04:02:14 - INFO - Epoch 877/1000, Loss: 0.0789, Dice: 0.0652, MSE: 0.0456
2025-06-23 04:02:29 - INFO - Epoch 878/1000, Loss: 0.0786, Dice: 0.0634, MSE: 0.0509
2025-06-23 04:02:44 - INFO - Epoch 879/1000, Loss: 0.0896, Dice: 0.0746, MSE: 0.0502
2025-06-23 04:02:59 - INFO - Epoch 880/1000, Loss: 0.0793, Dice: 0.0671, MSE: 0.0407
2025-06-23 04:03:00 - INFO - 模型已保存至: epoch_880.pth
2025-06-23 04:03:15 - INFO - Epoch 881/1000, Loss: 0.0812, Dice: 0.0676, MSE: 0.0453
2025-06-23 04:03:30 - INFO - Epoch 882/1000, Loss: 0.0819, Dice: 0.0647, MSE: 0.0574
2025-06-23 04:03:44 - INFO - Epoch 883/1000, Loss: 0.1103, Dice: 0.0957, MSE: 0.0486
2025-06-23 04:03:59 - INFO - Epoch 884/1000, Loss: 0.0838, Dice: 0.0685, MSE: 0.0513
2025-06-23 04:04:14 - INFO - Epoch 885/1000, Loss: 0.0820, Dice: 0.0670, MSE: 0.0500
2025-06-23 04:04:29 - INFO - Epoch 886/1000, Loss: 0.0878, Dice: 0.0726, MSE: 0.0507
2025-06-23 04:04:44 - INFO - Epoch 887/1000, Loss: 0.0819, Dice: 0.0676, MSE: 0.0479
2025-06-23 04:04:59 - INFO - Epoch 888/1000, Loss: 0.0797, Dice: 0.0660, MSE: 0.0458
2025-06-23 04:05:13 - INFO - Epoch 889/1000, Loss: 0.0822, Dice: 0.0682, MSE: 0.0467
2025-06-23 04:05:28 - INFO - Epoch 890/1000, Loss: 0.0847, Dice: 0.0714, MSE: 0.0442
2025-06-23 04:05:43 - INFO - Epoch 891/1000, Loss: 0.0870, Dice: 0.0697, MSE: 0.0575
2025-06-23 04:05:58 - INFO - Epoch 892/1000, Loss: 0.0781, Dice: 0.0648, MSE: 0.0442
2025-06-23 04:06:13 - INFO - Epoch 893/1000, Loss: 0.0774, Dice: 0.0638, MSE: 0.0453
2025-06-23 04:06:27 - INFO - Epoch 894/1000, Loss: 0.0850, Dice: 0.0697, MSE: 0.0511
2025-06-23 04:06:42 - INFO - Epoch 895/1000, Loss: 0.0718, Dice: 0.0564, MSE: 0.0514
2025-06-23 04:06:57 - INFO - Epoch 896/1000, Loss: 0.0726, Dice: 0.0583, MSE: 0.0475
2025-06-23 04:07:12 - INFO - Epoch 897/1000, Loss: 0.0741, Dice: 0.0603, MSE: 0.0460
2025-06-23 04:07:27 - INFO - Epoch 898/1000, Loss: 0.0752, Dice: 0.0609, MSE: 0.0474
2025-06-23 04:07:41 - INFO - Epoch 899/1000, Loss: 0.0813, Dice: 0.0691, MSE: 0.0407
2025-06-23 04:07:56 - INFO - Epoch 900/1000, Loss: 0.0788, Dice: 0.0632, MSE: 0.0520
2025-06-23 04:07:57 - INFO - 模型已保存至: epoch_900.pth
2025-06-23 04:08:12 - INFO - Epoch 901/1000, Loss: 0.0733, Dice: 0.0579, MSE: 0.0512
2025-06-23 04:08:27 - INFO - Epoch 902/1000, Loss: 0.0716, Dice: 0.0588, MSE: 0.0427
2025-06-23 04:08:41 - INFO - Epoch 903/1000, Loss: 0.0744, Dice: 0.0606, MSE: 0.0461
2025-06-23 04:08:56 - INFO - Epoch 904/1000, Loss: 0.0771, Dice: 0.0618, MSE: 0.0508
2025-06-23 04:09:11 - INFO - Epoch 905/1000, Loss: 0.0888, Dice: 0.0727, MSE: 0.0537
2025-06-23 04:09:26 - INFO - Epoch 906/1000, Loss: 0.0819, Dice: 0.0688, MSE: 0.0434
2025-06-23 04:09:41 - INFO - Epoch 907/1000, Loss: 0.0734, Dice: 0.0560, MSE: 0.0582
2025-06-23 04:09:56 - INFO - Epoch 908/1000, Loss: 0.0813, Dice: 0.0656, MSE: 0.0522
2025-06-23 04:10:10 - INFO - Epoch 909/1000, Loss: 0.1698, Dice: 0.1551, MSE: 0.0490
2025-06-23 04:10:25 - INFO - Epoch 910/1000, Loss: 0.2823, Dice: 0.2667, MSE: 0.0519
2025-06-23 04:10:40 - INFO - Epoch 911/1000, Loss: 0.2522, Dice: 0.2379, MSE: 0.0477
2025-06-23 04:10:55 - INFO - Epoch 912/1000, Loss: 0.2205, Dice: 0.2095, MSE: 0.0368
2025-06-23 04:11:10 - INFO - Epoch 913/1000, Loss: 0.1366, Dice: 0.1229, MSE: 0.0459
2025-06-23 04:11:25 - INFO - Epoch 914/1000, Loss: 0.1119, Dice: 0.0990, MSE: 0.0431
2025-06-23 04:11:39 - INFO - Epoch 915/1000, Loss: 0.1004, Dice: 0.0888, MSE: 0.0385
2025-06-23 04:11:54 - INFO - Epoch 916/1000, Loss: 0.1011, Dice: 0.0883, MSE: 0.0427
2025-06-23 04:12:09 - INFO - Epoch 917/1000, Loss: 0.1056, Dice: 0.0923, MSE: 0.0444
2025-06-23 04:12:24 - INFO - Epoch 918/1000, Loss: 0.1229, Dice: 0.1105, MSE: 0.0413
2025-06-23 04:12:39 - INFO - Epoch 919/1000, Loss: 0.1096, Dice: 0.0934, MSE: 0.0541
2025-06-23 04:12:53 - INFO - Epoch 920/1000, Loss: 0.1116, Dice: 0.0974, MSE: 0.0475
2025-06-23 04:12:54 - INFO - 模型已保存至: epoch_920.pth
2025-06-23 04:13:09 - INFO - Epoch 921/1000, Loss: 0.1061, Dice: 0.0916, MSE: 0.0482
2025-06-23 04:13:24 - INFO - Epoch 922/1000, Loss: 0.1023, Dice: 0.0871, MSE: 0.0507
2025-06-23 04:13:39 - INFO - Epoch 923/1000, Loss: 0.1099, Dice: 0.0975, MSE: 0.0414
2025-06-23 04:13:54 - INFO - Epoch 924/1000, Loss: 0.1000, Dice: 0.0864, MSE: 0.0452
2025-06-23 04:14:09 - INFO - Epoch 925/1000, Loss: 0.1279, Dice: 0.1124, MSE: 0.0517
2025-06-23 04:14:23 - INFO - Epoch 926/1000, Loss: 0.1048, Dice: 0.0918, MSE: 0.0433
2025-06-23 04:14:38 - INFO - Epoch 927/1000, Loss: 0.0980, Dice: 0.0850, MSE: 0.0432
2025-06-23 04:14:53 - INFO - Epoch 928/1000, Loss: 0.0964, Dice: 0.0824, MSE: 0.0466
2025-06-23 04:15:08 - INFO - Epoch 929/1000, Loss: 0.0968, Dice: 0.0827, MSE: 0.0469
2025-06-23 04:15:23 - INFO - Epoch 930/1000, Loss: 0.0963, Dice: 0.0827, MSE: 0.0452
2025-06-23 04:15:37 - INFO - Epoch 931/1000, Loss: 0.0926, Dice: 0.0812, MSE: 0.0383
2025-06-23 04:15:52 - INFO - Epoch 932/1000, Loss: 0.0824, Dice: 0.0674, MSE: 0.0499
2025-06-23 04:16:07 - INFO - Epoch 933/1000, Loss: 0.0837, Dice: 0.0734, MSE: 0.0344
2025-06-23 04:16:22 - INFO - Epoch 934/1000, Loss: 0.0886, Dice: 0.0739, MSE: 0.0490
2025-06-23 04:16:37 - INFO - Epoch 935/1000, Loss: 0.0860, Dice: 0.0718, MSE: 0.0473
2025-06-23 04:16:52 - INFO - Epoch 936/1000, Loss: 0.0767, Dice: 0.0625, MSE: 0.0471
2025-06-23 04:17:06 - INFO - Epoch 937/1000, Loss: 0.0728, Dice: 0.0580, MSE: 0.0493
2025-06-23 04:17:21 - INFO - Epoch 938/1000, Loss: 0.0808, Dice: 0.0680, MSE: 0.0428
2025-06-23 04:17:36 - INFO - Epoch 939/1000, Loss: 0.1038, Dice: 0.0897, MSE: 0.0468
2025-06-23 04:17:51 - INFO - Epoch 940/1000, Loss: 0.0897, Dice: 0.0745, MSE: 0.0506
2025-06-23 04:17:52 - INFO - 模型已保存至: epoch_940.pth
2025-06-23 04:18:07 - INFO - Epoch 941/1000, Loss: 0.0766, Dice: 0.0652, MSE: 0.0380
2025-06-23 04:18:21 - INFO - Epoch 942/1000, Loss: 0.0847, Dice: 0.0712, MSE: 0.0452
2025-06-23 04:18:36 - INFO - Epoch 943/1000, Loss: 0.0837, Dice: 0.0702, MSE: 0.0452
2025-06-23 04:18:51 - INFO - Epoch 944/1000, Loss: 0.0793, Dice: 0.0651, MSE: 0.0474
2025-06-23 04:19:06 - INFO - Epoch 945/1000, Loss: 0.0934, Dice: 0.0788, MSE: 0.0484
2025-06-23 04:19:21 - INFO - Epoch 946/1000, Loss: 0.0854, Dice: 0.0732, MSE: 0.0407
2025-06-23 04:19:35 - INFO - Epoch 947/1000, Loss: 0.0878, Dice: 0.0713, MSE: 0.0549
2025-06-23 04:19:50 - INFO - Epoch 948/1000, Loss: 0.0809, Dice: 0.0669, MSE: 0.0467
2025-06-23 04:20:05 - INFO - Epoch 949/1000, Loss: 0.0855, Dice: 0.0714, MSE: 0.0467
2025-06-23 04:20:20 - INFO - Epoch 950/1000, Loss: 0.0678, Dice: 0.0561, MSE: 0.0390
2025-06-23 04:20:35 - INFO - Epoch 951/1000, Loss: 0.1026, Dice: 0.0863, MSE: 0.0542
2025-06-23 04:20:49 - INFO - Epoch 952/1000, Loss: 0.0890, Dice: 0.0736, MSE: 0.0513
2025-06-23 04:21:04 - INFO - Epoch 953/1000, Loss: 0.0947, Dice: 0.0807, MSE: 0.0464
2025-06-23 04:21:19 - INFO - Epoch 954/1000, Loss: 0.0951, Dice: 0.0825, MSE: 0.0420
2025-06-23 04:21:34 - INFO - Epoch 955/1000, Loss: 0.0889, Dice: 0.0763, MSE: 0.0421
2025-06-23 04:21:49 - INFO - Epoch 956/1000, Loss: 0.0851, Dice: 0.0684, MSE: 0.0558
2025-06-23 04:22:04 - INFO - Epoch 957/1000, Loss: 0.0800, Dice: 0.0673, MSE: 0.0425
2025-06-23 04:22:18 - INFO - Epoch 958/1000, Loss: 0.0776, Dice: 0.0643, MSE: 0.0445
2025-06-23 04:22:33 - INFO - Epoch 959/1000, Loss: 0.0813, Dice: 0.0675, MSE: 0.0461
2025-06-23 04:22:48 - INFO - Epoch 960/1000, Loss: 0.0896, Dice: 0.0751, MSE: 0.0481
2025-06-23 04:22:49 - INFO - 模型已保存至: epoch_960.pth
2025-06-23 04:23:04 - INFO - Epoch 961/1000, Loss: 0.1018, Dice: 0.0889, MSE: 0.0431
2025-06-23 04:23:19 - INFO - Epoch 962/1000, Loss: 0.0934, Dice: 0.0783, MSE: 0.0503
2025-06-23 04:23:33 - INFO - Epoch 963/1000, Loss: 0.0969, Dice: 0.0830, MSE: 0.0464
2025-06-23 04:23:48 - INFO - Epoch 964/1000, Loss: 0.0855, Dice: 0.0726, MSE: 0.0428
2025-06-23 04:24:03 - INFO - Epoch 965/1000, Loss: 0.0864, Dice: 0.0705, MSE: 0.0532
2025-06-23 04:24:18 - INFO - Epoch 966/1000, Loss: 0.0819, Dice: 0.0700, MSE: 0.0399
2025-06-23 04:24:33 - INFO - Epoch 967/1000, Loss: 0.0826, Dice: 0.0686, MSE: 0.0467
2025-06-23 04:24:47 - INFO - Epoch 968/1000, Loss: 0.0814, Dice: 0.0674, MSE: 0.0467
2025-06-23 04:25:02 - INFO - Epoch 969/1000, Loss: 0.0746, Dice: 0.0613, MSE: 0.0444
2025-06-23 04:25:17 - INFO - Epoch 970/1000, Loss: 0.0729, Dice: 0.0594, MSE: 0.0450
2025-06-23 04:25:32 - INFO - Epoch 971/1000, Loss: 0.0778, Dice: 0.0641, MSE: 0.0458
2025-06-23 04:25:47 - INFO - Epoch 972/1000, Loss: 0.0777, Dice: 0.0658, MSE: 0.0397
2025-06-23 04:26:02 - INFO - Epoch 973/1000, Loss: 0.0770, Dice: 0.0616, MSE: 0.0517
2025-06-23 04:26:16 - INFO - Epoch 974/1000, Loss: 0.0735, Dice: 0.0609, MSE: 0.0420
2025-06-23 04:26:31 - INFO - Epoch 975/1000, Loss: 0.0803, Dice: 0.0666, MSE: 0.0456
2025-06-23 04:26:46 - INFO - Epoch 976/1000, Loss: 0.0777, Dice: 0.0641, MSE: 0.0452
2025-06-23 04:27:01 - INFO - Epoch 977/1000, Loss: 0.0738, Dice: 0.0593, MSE: 0.0483
2025-06-23 04:27:16 - INFO - Epoch 978/1000, Loss: 0.0699, Dice: 0.0568, MSE: 0.0439
2025-06-23 04:27:30 - INFO - Epoch 979/1000, Loss: 0.0718, Dice: 0.0582, MSE: 0.0455
2025-06-23 04:27:45 - INFO - Epoch 980/1000, Loss: 0.0787, Dice: 0.0646, MSE: 0.0469
2025-06-23 04:27:46 - INFO - 模型已保存至: epoch_980.pth
2025-06-23 04:28:01 - INFO - Epoch 981/1000, Loss: 0.0717, Dice: 0.0553, MSE: 0.0549
2025-06-23 04:28:16 - INFO - Epoch 982/1000, Loss: 0.0812, Dice: 0.0665, MSE: 0.0491
2025-06-23 04:28:31 - INFO - Epoch 983/1000, Loss: 0.0713, Dice: 0.0580, MSE: 0.0444
2025-06-23 04:28:45 - INFO - Epoch 984/1000, Loss: 0.0620, Dice: 0.0498, MSE: 0.0409
2025-06-23 04:29:00 - INFO - Epoch 985/1000, Loss: 0.0706, Dice: 0.0573, MSE: 0.0444
2025-06-23 04:29:15 - INFO - Epoch 986/1000, Loss: 0.0679, Dice: 0.0545, MSE: 0.0446
2025-06-23 04:29:30 - INFO - Epoch 987/1000, Loss: 0.0755, Dice: 0.0608, MSE: 0.0489
2025-06-23 04:29:45 - INFO - Epoch 988/1000, Loss: 0.0804, Dice: 0.0640, MSE: 0.0547
2025-06-23 04:30:00 - INFO - Epoch 989/1000, Loss: 0.0752, Dice: 0.0616, MSE: 0.0453
2025-06-23 04:30:14 - INFO - Epoch 990/1000, Loss: 0.0726, Dice: 0.0603, MSE: 0.0412
2025-06-23 04:30:29 - INFO - Epoch 991/1000, Loss: 0.0773, Dice: 0.0643, MSE: 0.0434
2025-06-23 04:30:44 - INFO - Epoch 992/1000, Loss: 0.0998, Dice: 0.0874, MSE: 0.0414
2025-06-23 04:30:59 - INFO - Epoch 993/1000, Loss: 0.0758, Dice: 0.0631, MSE: 0.0424
2025-06-23 04:31:14 - INFO - Epoch 994/1000, Loss: 0.0742, Dice: 0.0620, MSE: 0.0407
2025-06-23 04:31:28 - INFO - Epoch 995/1000, Loss: 0.0751, Dice: 0.0620, MSE: 0.0438
2025-06-23 04:31:43 - INFO - Epoch 996/1000, Loss: 0.0862, Dice: 0.0688, MSE: 0.0580
2025-06-23 04:31:58 - INFO - Epoch 997/1000, Loss: 0.0810, Dice: 0.0641, MSE: 0.0565
2025-06-23 04:32:13 - INFO - Epoch 998/1000, Loss: 0.0760, Dice: 0.0614, MSE: 0.0488
2025-06-23 04:32:28 - INFO - Epoch 999/1000, Loss: 0.0789, Dice: 0.0664, MSE: 0.0417
2025-06-23 04:32:43 - INFO - Epoch 1000/1000, Loss: 0.0858, Dice: 0.0716, MSE: 0.0473
2025-06-23 04:32:44 - INFO - 模型已保存至: epoch_1000.pth
2025-06-23 04:32:44 - INFO - 训练完成！
