2025-05-16 11:11:18 - INFO - Logging is set up.
2025-05-16 11:11:18 - INFO - 训练配置参数:
{'seed': 42, 'epochs': 1000, 'batch_size': 5, 'num_classes': 2, 'learning_rate': 0.001, 'dataset_path': './datasets/LA', 'log_path': './result/SAM3D_VNet_SSL/LA_16_SemiSupervised_V12/Training.log', 'pth_path': './result/SAM3D_VNet_SSL/LA_16_SemiSupervised_V12/Pth', 'tensorboard_path': './result/SAM3D_VNet_SSL/LA_16_SemiSupervised_V12/Train', 'continue_train': False, 'multi_gpu': True, 'training_label_num': 16, 'training_unlabel_num': 64, 'label_bs': 1, 'unlabel_bs': 4, 'consistency_weight': 0.3, 'pretrained_weights': None}
2025-05-16 11:11:20 - INFO - 使用 2 个GPU
2025-05-16 11:11:20 - INFO - 模型总参数: 87,461,859
2025-05-16 11:11:20 - INFO - 可训练参数: 87,461,859
2025-05-16 11:11:37 - INFO - Epoch 1/1000, Loss: 0.9972, Dice: 0.9905, MSE: 0.0223
2025-05-16 11:11:51 - INFO - Epoch 2/1000, Loss: 0.8456, Dice: 0.8390, MSE: 0.0222
2025-05-16 11:12:05 - INFO - Epoch 3/1000, Loss: 0.7687, Dice: 0.7607, MSE: 0.0268
2025-05-16 11:12:19 - INFO - Epoch 4/1000, Loss: 0.7674, Dice: 0.7578, MSE: 0.0320
2025-05-16 11:12:34 - INFO - Epoch 5/1000, Loss: 0.7532, Dice: 0.7432, MSE: 0.0334
2025-05-16 11:12:48 - INFO - Epoch 6/1000, Loss: 0.7317, Dice: 0.7227, MSE: 0.0297
2025-05-16 11:13:02 - INFO - Epoch 7/1000, Loss: 0.6613, Dice: 0.6544, MSE: 0.0232
2025-05-16 11:13:16 - INFO - Epoch 8/1000, Loss: 0.6123, Dice: 0.6036, MSE: 0.0292
2025-05-16 11:13:31 - INFO - Epoch 9/1000, Loss: 0.5950, Dice: 0.5868, MSE: 0.0273
2025-05-16 11:13:45 - INFO - Epoch 10/1000, Loss: 0.5798, Dice: 0.5698, MSE: 0.0333
2025-05-16 11:13:59 - INFO - Epoch 11/1000, Loss: 0.5633, Dice: 0.5498, MSE: 0.0449
2025-05-16 11:14:13 - INFO - Epoch 12/1000, Loss: 0.5800, Dice: 0.5679, MSE: 0.0403
2025-05-16 11:14:27 - INFO - Epoch 13/1000, Loss: 0.5489, Dice: 0.5365, MSE: 0.0415
2025-05-16 11:14:41 - INFO - Epoch 14/1000, Loss: 0.5201, Dice: 0.5094, MSE: 0.0358
2025-05-16 11:14:55 - INFO - Epoch 15/1000, Loss: 0.4628, Dice: 0.4488, MSE: 0.0466
2025-05-16 11:15:09 - INFO - Epoch 16/1000, Loss: 0.5039, Dice: 0.4903, MSE: 0.0456
2025-05-16 11:15:23 - INFO - Epoch 17/1000, Loss: 0.4486, Dice: 0.4352, MSE: 0.0449
2025-05-16 11:15:37 - INFO - Epoch 18/1000, Loss: 0.4068, Dice: 0.3912, MSE: 0.0521
2025-05-16 11:15:51 - INFO - Epoch 19/1000, Loss: 0.5064, Dice: 0.4915, MSE: 0.0496
2025-05-16 11:16:05 - INFO - Epoch 20/1000, Loss: 0.4997, Dice: 0.4742, MSE: 0.0849
2025-05-16 11:16:06 - INFO - 模型已保存至: epoch_20.pth
2025-05-16 11:16:20 - INFO - Epoch 21/1000, Loss: 0.5103, Dice: 0.4807, MSE: 0.0988
2025-05-16 11:16:34 - INFO - Epoch 22/1000, Loss: 0.4322, Dice: 0.3960, MSE: 0.1206
2025-05-16 11:16:48 - INFO - Epoch 23/1000, Loss: 0.4914, Dice: 0.4547, MSE: 0.1223
2025-05-16 11:17:02 - INFO - Epoch 24/1000, Loss: 0.4707, Dice: 0.4368, MSE: 0.1131
2025-05-16 11:17:16 - INFO - Epoch 25/1000, Loss: 0.4523, Dice: 0.4227, MSE: 0.0987
2025-05-16 11:17:30 - INFO - Epoch 26/1000, Loss: 0.4168, Dice: 0.3822, MSE: 0.1154
2025-05-16 11:17:44 - INFO - Epoch 27/1000, Loss: 0.4489, Dice: 0.4133, MSE: 0.1187
2025-05-16 11:17:58 - INFO - Epoch 28/1000, Loss: 0.4777, Dice: 0.4443, MSE: 0.1112
2025-05-16 11:18:12 - INFO - Epoch 29/1000, Loss: 0.4001, Dice: 0.3670, MSE: 0.1102
2025-05-16 11:18:26 - INFO - Epoch 30/1000, Loss: 0.5002, Dice: 0.4629, MSE: 0.1245
2025-05-16 11:18:40 - INFO - Epoch 31/1000, Loss: 0.4540, Dice: 0.4196, MSE: 0.1146
2025-05-16 11:18:55 - INFO - Epoch 32/1000, Loss: 0.4185, Dice: 0.3851, MSE: 0.1113
2025-05-16 11:19:09 - INFO - Epoch 33/1000, Loss: 0.3930, Dice: 0.3557, MSE: 0.1242
2025-05-16 11:19:23 - INFO - Epoch 34/1000, Loss: 0.4278, Dice: 0.3946, MSE: 0.1106
2025-05-16 11:19:37 - INFO - Epoch 35/1000, Loss: 0.4250, Dice: 0.3892, MSE: 0.1195
2025-05-16 11:19:51 - INFO - Epoch 36/1000, Loss: 0.4351, Dice: 0.4026, MSE: 0.1081
2025-05-16 11:20:05 - INFO - Epoch 37/1000, Loss: 0.4371, Dice: 0.4029, MSE: 0.1139
2025-05-16 11:20:19 - INFO - Epoch 38/1000, Loss: 0.4853, Dice: 0.4534, MSE: 0.1064
2025-05-16 11:20:33 - INFO - Epoch 39/1000, Loss: 0.3809, Dice: 0.3477, MSE: 0.1107
2025-05-16 11:20:47 - INFO - Epoch 40/1000, Loss: 0.4251, Dice: 0.3886, MSE: 0.1217
2025-05-16 11:20:48 - INFO - 模型已保存至: epoch_40.pth
2025-05-16 11:21:02 - INFO - Epoch 41/1000, Loss: 0.4396, Dice: 0.4059, MSE: 0.1124
2025-05-16 11:21:16 - INFO - Epoch 42/1000, Loss: 0.4137, Dice: 0.3809, MSE: 0.1092
2025-05-16 11:21:30 - INFO - Epoch 43/1000, Loss: 0.3894, Dice: 0.3583, MSE: 0.1036
2025-05-16 11:21:44 - INFO - Epoch 44/1000, Loss: 0.3990, Dice: 0.3677, MSE: 0.1046
2025-05-16 11:21:58 - INFO - Epoch 45/1000, Loss: 0.4443, Dice: 0.4111, MSE: 0.1106
2025-05-16 11:22:12 - INFO - Epoch 46/1000, Loss: 0.3899, Dice: 0.3547, MSE: 0.1173
2025-05-16 11:22:25 - INFO - Epoch 47/1000, Loss: 0.3484, Dice: 0.3178, MSE: 0.1019
2025-05-16 11:22:39 - INFO - Epoch 48/1000, Loss: 0.3648, Dice: 0.3335, MSE: 0.1043
2025-05-16 11:22:53 - INFO - Epoch 49/1000, Loss: 0.3715, Dice: 0.3340, MSE: 0.1252
2025-05-16 11:23:06 - INFO - Epoch 50/1000, Loss: 0.3226, Dice: 0.2846, MSE: 0.1265
2025-05-16 11:23:20 - INFO - Epoch 51/1000, Loss: 0.3396, Dice: 0.3038, MSE: 0.1191
2025-05-16 11:23:34 - INFO - Epoch 52/1000, Loss: 0.3335, Dice: 0.2996, MSE: 0.1132
2025-05-16 11:23:47 - INFO - Epoch 53/1000, Loss: 0.3696, Dice: 0.3365, MSE: 0.1105
2025-05-16 11:24:01 - INFO - Epoch 54/1000, Loss: 0.3950, Dice: 0.3572, MSE: 0.1260
2025-05-16 11:24:15 - INFO - Epoch 55/1000, Loss: 0.3832, Dice: 0.3474, MSE: 0.1193
2025-05-16 11:24:28 - INFO - Epoch 56/1000, Loss: 0.3629, Dice: 0.3302, MSE: 0.1090
2025-05-16 11:24:42 - INFO - Epoch 57/1000, Loss: 0.3786, Dice: 0.3443, MSE: 0.1142
2025-05-16 11:24:56 - INFO - Epoch 58/1000, Loss: 0.3856, Dice: 0.3496, MSE: 0.1200
2025-05-16 11:25:09 - INFO - Epoch 59/1000, Loss: 0.4379, Dice: 0.3999, MSE: 0.1266
2025-05-16 11:25:23 - INFO - Epoch 60/1000, Loss: 0.4119, Dice: 0.3778, MSE: 0.1135
2025-05-16 11:25:24 - INFO - 模型已保存至: epoch_60.pth
2025-05-16 11:25:37 - INFO - Epoch 61/1000, Loss: 0.3957, Dice: 0.3603, MSE: 0.1181
2025-05-16 11:25:51 - INFO - Epoch 62/1000, Loss: 0.3665, Dice: 0.3301, MSE: 0.1212
2025-05-16 11:26:05 - INFO - Epoch 63/1000, Loss: 0.3583, Dice: 0.3247, MSE: 0.1122
2025-05-16 11:26:18 - INFO - Epoch 64/1000, Loss: 0.3530, Dice: 0.3173, MSE: 0.1189
2025-05-16 11:26:32 - INFO - Epoch 65/1000, Loss: 0.3338, Dice: 0.2990, MSE: 0.1159
2025-05-16 11:26:45 - INFO - Epoch 66/1000, Loss: 0.3633, Dice: 0.3320, MSE: 0.1046
2025-05-16 11:26:59 - INFO - Epoch 67/1000, Loss: 0.3904, Dice: 0.3520, MSE: 0.1279
2025-05-16 11:27:12 - INFO - Epoch 68/1000, Loss: 0.3631, Dice: 0.3304, MSE: 0.1089
2025-05-16 11:27:26 - INFO - Epoch 69/1000, Loss: 0.3552, Dice: 0.3172, MSE: 0.1266
2025-05-16 11:27:40 - INFO - Epoch 70/1000, Loss: 0.3924, Dice: 0.3558, MSE: 0.1222
2025-05-16 11:27:53 - INFO - Epoch 71/1000, Loss: 0.3517, Dice: 0.3153, MSE: 0.1215
2025-05-16 11:28:07 - INFO - Epoch 72/1000, Loss: 0.3424, Dice: 0.3065, MSE: 0.1199
2025-05-16 11:28:21 - INFO - Epoch 73/1000, Loss: 0.3394, Dice: 0.3022, MSE: 0.1238
2025-05-16 11:28:34 - INFO - Epoch 74/1000, Loss: 0.3349, Dice: 0.2962, MSE: 0.1292
2025-05-16 11:28:48 - INFO - Epoch 75/1000, Loss: 0.3261, Dice: 0.2867, MSE: 0.1314
2025-05-16 11:29:02 - INFO - Epoch 76/1000, Loss: 0.3306, Dice: 0.2956, MSE: 0.1164
2025-05-16 11:29:15 - INFO - Epoch 77/1000, Loss: 0.3418, Dice: 0.3011, MSE: 0.1355
2025-05-16 11:29:29 - INFO - Epoch 78/1000, Loss: 0.3749, Dice: 0.3380, MSE: 0.1230
2025-05-16 11:29:42 - INFO - Epoch 79/1000, Loss: 0.3588, Dice: 0.3187, MSE: 0.1336
2025-05-16 11:29:56 - INFO - Epoch 80/1000, Loss: 0.3414, Dice: 0.3034, MSE: 0.1267
2025-05-16 11:29:57 - INFO - 模型已保存至: epoch_80.pth
2025-05-16 11:30:11 - INFO - Epoch 81/1000, Loss: 0.3221, Dice: 0.2841, MSE: 0.1265
2025-05-16 11:30:24 - INFO - Epoch 82/1000, Loss: 0.3403, Dice: 0.3012, MSE: 0.1304
2025-05-16 11:30:38 - INFO - Epoch 83/1000, Loss: 0.3164, Dice: 0.2857, MSE: 0.1025
2025-05-16 11:30:52 - INFO - Epoch 84/1000, Loss: 0.3012, Dice: 0.2711, MSE: 0.1003
2025-05-16 11:31:06 - INFO - Epoch 85/1000, Loss: 0.3341, Dice: 0.2993, MSE: 0.1160
2025-05-16 11:31:19 - INFO - Epoch 86/1000, Loss: 0.3757, Dice: 0.3391, MSE: 0.1219
2025-05-16 11:31:33 - INFO - Epoch 87/1000, Loss: 0.2928, Dice: 0.2564, MSE: 0.1212
2025-05-16 11:31:46 - INFO - Epoch 88/1000, Loss: 0.3221, Dice: 0.2861, MSE: 0.1203
2025-05-16 11:32:00 - INFO - Epoch 89/1000, Loss: 0.2923, Dice: 0.2508, MSE: 0.1385
2025-05-16 11:32:13 - INFO - Epoch 90/1000, Loss: 0.3103, Dice: 0.2694, MSE: 0.1365
2025-05-16 11:32:27 - INFO - Epoch 91/1000, Loss: 0.2713, Dice: 0.2358, MSE: 0.1183
2025-05-16 11:32:41 - INFO - Epoch 92/1000, Loss: 0.2542, Dice: 0.2150, MSE: 0.1308
2025-05-16 11:32:54 - INFO - Epoch 93/1000, Loss: 0.2842, Dice: 0.2512, MSE: 0.1101
2025-05-16 11:33:08 - INFO - Epoch 94/1000, Loss: 0.3629, Dice: 0.3284, MSE: 0.1153
2025-05-16 11:33:21 - INFO - Epoch 95/1000, Loss: 0.2899, Dice: 0.2507, MSE: 0.1310
2025-05-16 11:33:35 - INFO - Epoch 96/1000, Loss: 0.3106, Dice: 0.2723, MSE: 0.1277
2025-05-16 11:33:48 - INFO - Epoch 97/1000, Loss: 0.3190, Dice: 0.2829, MSE: 0.1201
2025-05-16 11:34:02 - INFO - Epoch 98/1000, Loss: 0.2717, Dice: 0.2379, MSE: 0.1127
2025-05-16 11:34:16 - INFO - Epoch 99/1000, Loss: 0.2803, Dice: 0.2447, MSE: 0.1186
2025-05-16 11:34:29 - INFO - Epoch 100/1000, Loss: 0.2599, Dice: 0.2250, MSE: 0.1164
2025-05-16 11:34:30 - INFO - 模型已保存至: epoch_100.pth
2025-05-16 11:34:44 - INFO - Epoch 101/1000, Loss: 0.3272, Dice: 0.2890, MSE: 0.1274
2025-05-16 11:34:58 - INFO - Epoch 102/1000, Loss: 0.2541, Dice: 0.2168, MSE: 0.1241
2025-05-16 11:35:11 - INFO - Epoch 103/1000, Loss: 0.2518, Dice: 0.2142, MSE: 0.1253
2025-05-16 11:35:25 - INFO - Epoch 104/1000, Loss: 0.3076, Dice: 0.2692, MSE: 0.1280
2025-05-16 11:35:38 - INFO - Epoch 105/1000, Loss: 0.3080, Dice: 0.2676, MSE: 0.1344
2025-05-16 11:35:52 - INFO - Epoch 106/1000, Loss: 0.3036, Dice: 0.2674, MSE: 0.1206
2025-05-16 11:36:05 - INFO - Epoch 107/1000, Loss: 0.3588, Dice: 0.3243, MSE: 0.1149
2025-05-16 11:36:19 - INFO - Epoch 108/1000, Loss: 0.2813, Dice: 0.2476, MSE: 0.1124
2025-05-16 11:36:33 - INFO - Epoch 109/1000, Loss: 0.3459, Dice: 0.3127, MSE: 0.1110
2025-05-16 11:36:46 - INFO - Epoch 110/1000, Loss: 0.2856, Dice: 0.2454, MSE: 0.1342
2025-05-16 11:37:00 - INFO - Epoch 111/1000, Loss: 0.2822, Dice: 0.2418, MSE: 0.1347
2025-05-16 11:37:13 - INFO - Epoch 112/1000, Loss: 0.2689, Dice: 0.2291, MSE: 0.1327
2025-05-16 11:37:27 - INFO - Epoch 113/1000, Loss: 0.2782, Dice: 0.2419, MSE: 0.1209
2025-05-16 11:37:41 - INFO - Epoch 114/1000, Loss: 0.2786, Dice: 0.2402, MSE: 0.1281
2025-05-16 11:37:54 - INFO - Epoch 115/1000, Loss: 0.2823, Dice: 0.2484, MSE: 0.1129
2025-05-16 11:38:08 - INFO - Epoch 116/1000, Loss: 0.2779, Dice: 0.2427, MSE: 0.1172
2025-05-16 11:38:22 - INFO - Epoch 117/1000, Loss: 0.2637, Dice: 0.2249, MSE: 0.1293
2025-05-16 11:38:35 - INFO - Epoch 118/1000, Loss: 0.2426, Dice: 0.2027, MSE: 0.1329
2025-05-16 11:38:49 - INFO - Epoch 119/1000, Loss: 0.2821, Dice: 0.2435, MSE: 0.1286
2025-05-16 11:39:02 - INFO - Epoch 120/1000, Loss: 0.2326, Dice: 0.1933, MSE: 0.1310
2025-05-16 11:39:03 - INFO - 模型已保存至: epoch_120.pth
2025-05-16 11:39:17 - INFO - Epoch 121/1000, Loss: 0.2224, Dice: 0.1871, MSE: 0.1179
2025-05-16 11:39:30 - INFO - Epoch 122/1000, Loss: 0.2040, Dice: 0.1742, MSE: 0.0992
2025-05-16 11:39:44 - INFO - Epoch 123/1000, Loss: 0.2120, Dice: 0.1828, MSE: 0.0972
2025-05-16 11:39:58 - INFO - Epoch 124/1000, Loss: 0.1976, Dice: 0.1671, MSE: 0.1016
2025-05-16 11:40:11 - INFO - Epoch 125/1000, Loss: 0.2185, Dice: 0.1903, MSE: 0.0940
2025-05-16 11:40:25 - INFO - Epoch 126/1000, Loss: 0.2456, Dice: 0.2165, MSE: 0.0970
2025-05-16 11:40:38 - INFO - Epoch 127/1000, Loss: 0.2367, Dice: 0.2095, MSE: 0.0905
2025-05-16 11:40:52 - INFO - Epoch 128/1000, Loss: 0.2277, Dice: 0.1970, MSE: 0.1024
2025-05-16 11:41:05 - INFO - Epoch 129/1000, Loss: 0.2130, Dice: 0.1834, MSE: 0.0988
2025-05-16 11:41:19 - INFO - Epoch 130/1000, Loss: 0.1925, Dice: 0.1648, MSE: 0.0922
2025-05-16 11:41:33 - INFO - Epoch 131/1000, Loss: 0.2154, Dice: 0.1863, MSE: 0.0971
2025-05-16 11:41:46 - INFO - Epoch 132/1000, Loss: 0.2158, Dice: 0.1856, MSE: 0.1005
2025-05-16 11:42:00 - INFO - Epoch 133/1000, Loss: 0.1997, Dice: 0.1760, MSE: 0.0792
2025-05-16 11:42:14 - INFO - Epoch 134/1000, Loss: 0.2230, Dice: 0.1946, MSE: 0.0944
2025-05-16 11:42:27 - INFO - Epoch 135/1000, Loss: 0.1961, Dice: 0.1660, MSE: 0.1002
2025-05-16 11:42:41 - INFO - Epoch 136/1000, Loss: 0.2578, Dice: 0.2301, MSE: 0.0923
2025-05-16 11:42:54 - INFO - Epoch 137/1000, Loss: 0.2675, Dice: 0.2389, MSE: 0.0954
2025-05-16 11:43:08 - INFO - Epoch 138/1000, Loss: 0.2458, Dice: 0.2184, MSE: 0.0913
2025-05-16 11:43:21 - INFO - Epoch 139/1000, Loss: 0.1964, Dice: 0.1762, MSE: 0.0674
2025-05-16 11:43:35 - INFO - Epoch 140/1000, Loss: 0.1947, Dice: 0.1728, MSE: 0.0731
2025-05-16 11:43:36 - INFO - 模型已保存至: epoch_140.pth
2025-05-16 11:43:50 - INFO - Epoch 141/1000, Loss: 0.2182, Dice: 0.1949, MSE: 0.0775
2025-05-16 11:44:03 - INFO - Epoch 142/1000, Loss: 0.2159, Dice: 0.1952, MSE: 0.0692
2025-05-16 11:44:17 - INFO - Epoch 143/1000, Loss: 0.1811, Dice: 0.1593, MSE: 0.0729
2025-05-16 11:44:30 - INFO - Epoch 144/1000, Loss: 0.1735, Dice: 0.1528, MSE: 0.0688
2025-05-16 11:44:44 - INFO - Epoch 145/1000, Loss: 0.2150, Dice: 0.1971, MSE: 0.0598
2025-05-16 11:44:58 - INFO - Epoch 146/1000, Loss: 0.3198, Dice: 0.2975, MSE: 0.0741
2025-05-16 11:45:11 - INFO - Epoch 147/1000, Loss: 0.2618, Dice: 0.2431, MSE: 0.0622
2025-05-16 11:45:25 - INFO - Epoch 148/1000, Loss: 0.2485, Dice: 0.2306, MSE: 0.0598
2025-05-16 11:45:38 - INFO - Epoch 149/1000, Loss: 0.2401, Dice: 0.2218, MSE: 0.0610
2025-05-16 11:45:52 - INFO - Epoch 150/1000, Loss: 0.2439, Dice: 0.2253, MSE: 0.0619
2025-05-16 11:46:06 - INFO - Epoch 151/1000, Loss: 0.1905, Dice: 0.1700, MSE: 0.0685
2025-05-16 11:46:19 - INFO - Epoch 152/1000, Loss: 0.2011, Dice: 0.1791, MSE: 0.0732
2025-05-16 11:46:33 - INFO - Epoch 153/1000, Loss: 0.1792, Dice: 0.1578, MSE: 0.0714
2025-05-16 11:46:46 - INFO - Epoch 154/1000, Loss: 0.1943, Dice: 0.1760, MSE: 0.0609
2025-05-16 11:47:00 - INFO - Epoch 155/1000, Loss: 0.1865, Dice: 0.1714, MSE: 0.0503
2025-05-16 11:47:14 - INFO - Epoch 156/1000, Loss: 0.1955, Dice: 0.1796, MSE: 0.0528
2025-05-16 11:47:27 - INFO - Epoch 157/1000, Loss: 0.1845, Dice: 0.1678, MSE: 0.0559
2025-05-16 11:47:41 - INFO - Epoch 158/1000, Loss: 0.1869, Dice: 0.1692, MSE: 0.0591
2025-05-16 11:47:54 - INFO - Epoch 159/1000, Loss: 0.1713, Dice: 0.1515, MSE: 0.0661
2025-05-16 11:48:08 - INFO - Epoch 160/1000, Loss: 0.1937, Dice: 0.1734, MSE: 0.0676
2025-05-16 11:48:09 - INFO - 模型已保存至: epoch_160.pth
2025-05-16 11:48:23 - INFO - Epoch 161/1000, Loss: 0.1741, Dice: 0.1567, MSE: 0.0579
2025-05-16 11:48:36 - INFO - Epoch 162/1000, Loss: 0.1753, Dice: 0.1577, MSE: 0.0586
2025-05-16 11:48:50 - INFO - Epoch 163/1000, Loss: 0.2109, Dice: 0.1948, MSE: 0.0536
2025-05-16 11:49:03 - INFO - Epoch 164/1000, Loss: 0.1932, Dice: 0.1768, MSE: 0.0549
2025-05-16 11:49:17 - INFO - Epoch 165/1000, Loss: 0.1881, Dice: 0.1703, MSE: 0.0593
2025-05-16 11:49:31 - INFO - Epoch 166/1000, Loss: 0.2516, Dice: 0.2345, MSE: 0.0570
2025-05-16 11:49:44 - INFO - Epoch 167/1000, Loss: 0.2077, Dice: 0.1938, MSE: 0.0464
2025-05-16 11:49:58 - INFO - Epoch 168/1000, Loss: 0.2202, Dice: 0.2061, MSE: 0.0471
2025-05-16 11:50:11 - INFO - Epoch 169/1000, Loss: 0.1699, Dice: 0.1527, MSE: 0.0573
2025-05-16 11:50:25 - INFO - Epoch 170/1000, Loss: 0.1699, Dice: 0.1522, MSE: 0.0590
2025-05-16 11:50:39 - INFO - Epoch 171/1000, Loss: 0.1631, Dice: 0.1468, MSE: 0.0543
2025-05-16 11:50:52 - INFO - Epoch 172/1000, Loss: 0.1618, Dice: 0.1459, MSE: 0.0531
2025-05-16 11:51:06 - INFO - Epoch 173/1000, Loss: 0.1684, Dice: 0.1513, MSE: 0.0571
2025-05-16 11:51:19 - INFO - Epoch 174/1000, Loss: 0.2109, Dice: 0.1948, MSE: 0.0535
2025-05-16 11:51:33 - INFO - Epoch 175/1000, Loss: 0.2338, Dice: 0.2185, MSE: 0.0510
2025-05-16 11:51:47 - INFO - Epoch 176/1000, Loss: 0.1627, Dice: 0.1481, MSE: 0.0484
2025-05-16 11:52:00 - INFO - Epoch 177/1000, Loss: 0.2128, Dice: 0.1952, MSE: 0.0587
2025-05-16 11:52:13 - INFO - Epoch 178/1000, Loss: 0.2027, Dice: 0.1880, MSE: 0.0492
2025-05-16 11:52:27 - INFO - Epoch 179/1000, Loss: 0.1729, Dice: 0.1587, MSE: 0.0474
2025-05-16 11:52:41 - INFO - Epoch 180/1000, Loss: 0.1434, Dice: 0.1285, MSE: 0.0496
2025-05-16 11:52:42 - INFO - 模型已保存至: epoch_180.pth
2025-05-16 11:52:55 - INFO - Epoch 181/1000, Loss: 0.1441, Dice: 0.1295, MSE: 0.0488
2025-05-16 11:53:09 - INFO - Epoch 182/1000, Loss: 0.1924, Dice: 0.1779, MSE: 0.0484
2025-05-16 11:53:22 - INFO - Epoch 183/1000, Loss: 0.1757, Dice: 0.1618, MSE: 0.0466
2025-05-16 11:53:36 - INFO - Epoch 184/1000, Loss: 0.1656, Dice: 0.1524, MSE: 0.0440
2025-05-16 11:53:50 - INFO - Epoch 185/1000, Loss: 0.1825, Dice: 0.1673, MSE: 0.0507
2025-05-16 11:54:03 - INFO - Epoch 186/1000, Loss: 0.1466, Dice: 0.1311, MSE: 0.0519
2025-05-16 11:54:17 - INFO - Epoch 187/1000, Loss: 0.1578, Dice: 0.1429, MSE: 0.0498
2025-05-16 11:54:31 - INFO - Epoch 188/1000, Loss: 0.1916, Dice: 0.1773, MSE: 0.0477
2025-05-16 11:54:44 - INFO - Epoch 189/1000, Loss: 0.1657, Dice: 0.1501, MSE: 0.0518
2025-05-16 11:54:58 - INFO - Epoch 190/1000, Loss: 0.1636, Dice: 0.1480, MSE: 0.0520
2025-05-16 11:55:11 - INFO - Epoch 191/1000, Loss: 0.1917, Dice: 0.1771, MSE: 0.0487
2025-05-16 11:55:25 - INFO - Epoch 192/1000, Loss: 0.1749, Dice: 0.1603, MSE: 0.0489
2025-05-16 11:55:38 - INFO - Epoch 193/1000, Loss: 0.1779, Dice: 0.1635, MSE: 0.0481
2025-05-16 11:55:52 - INFO - Epoch 194/1000, Loss: 0.1518, Dice: 0.1375, MSE: 0.0476
2025-05-16 11:56:05 - INFO - Epoch 195/1000, Loss: 0.1707, Dice: 0.1547, MSE: 0.0532
2025-05-16 11:56:19 - INFO - Epoch 196/1000, Loss: 0.1802, Dice: 0.1665, MSE: 0.0456
2025-05-16 11:56:33 - INFO - Epoch 197/1000, Loss: 0.1727, Dice: 0.1579, MSE: 0.0491
2025-05-16 11:56:46 - INFO - Epoch 198/1000, Loss: 0.1179, Dice: 0.1031, MSE: 0.0492
2025-05-16 11:57:00 - INFO - Epoch 199/1000, Loss: 0.1297, Dice: 0.1144, MSE: 0.0513
2025-05-16 11:57:13 - INFO - Epoch 200/1000, Loss: 0.1424, Dice: 0.1275, MSE: 0.0498
2025-05-16 11:57:15 - INFO - 模型已保存至: epoch_200.pth
2025-05-16 11:57:28 - INFO - Epoch 201/1000, Loss: 0.1639, Dice: 0.1485, MSE: 0.0513
2025-05-16 11:57:42 - INFO - Epoch 202/1000, Loss: 0.1390, Dice: 0.1233, MSE: 0.0522
2025-05-16 11:57:55 - INFO - Epoch 203/1000, Loss: 0.1476, Dice: 0.1325, MSE: 0.0502
2025-05-16 11:58:09 - INFO - Epoch 204/1000, Loss: 0.1570, Dice: 0.1432, MSE: 0.0461
2025-05-16 11:58:22 - INFO - Epoch 205/1000, Loss: 0.1467, Dice: 0.1315, MSE: 0.0507
2025-05-16 11:58:36 - INFO - Epoch 206/1000, Loss: 0.1652, Dice: 0.1496, MSE: 0.0519
2025-05-16 11:58:50 - INFO - Epoch 207/1000, Loss: 0.1536, Dice: 0.1386, MSE: 0.0501
2025-05-16 11:59:03 - INFO - Epoch 208/1000, Loss: 0.1639, Dice: 0.1496, MSE: 0.0476
2025-05-16 11:59:17 - INFO - Epoch 209/1000, Loss: 0.1445, Dice: 0.1294, MSE: 0.0504
2025-05-16 11:59:31 - INFO - Epoch 210/1000, Loss: 0.1390, Dice: 0.1236, MSE: 0.0514
2025-05-16 11:59:44 - INFO - Epoch 211/1000, Loss: 0.1802, Dice: 0.1671, MSE: 0.0436
2025-05-16 11:59:58 - INFO - Epoch 212/1000, Loss: 0.1759, Dice: 0.1606, MSE: 0.0510
2025-05-16 12:00:12 - INFO - Epoch 213/1000, Loss: 0.1654, Dice: 0.1515, MSE: 0.0466
2025-05-16 12:00:25 - INFO - Epoch 214/1000, Loss: 0.1787, Dice: 0.1652, MSE: 0.0451
2025-05-16 12:00:39 - INFO - Epoch 215/1000, Loss: 0.1565, Dice: 0.1423, MSE: 0.0474
2025-05-16 12:00:52 - INFO - Epoch 216/1000, Loss: 0.1787, Dice: 0.1623, MSE: 0.0547
2025-05-16 12:01:06 - INFO - Epoch 217/1000, Loss: 0.1506, Dice: 0.1359, MSE: 0.0489
2025-05-16 12:01:19 - INFO - Epoch 218/1000, Loss: 0.2330, Dice: 0.2191, MSE: 0.0461
2025-05-16 12:01:33 - INFO - Epoch 219/1000, Loss: 0.2152, Dice: 0.2019, MSE: 0.0441
2025-05-16 12:01:47 - INFO - Epoch 220/1000, Loss: 0.1439, Dice: 0.1328, MSE: 0.0368
2025-05-16 12:01:48 - INFO - 模型已保存至: epoch_220.pth
2025-05-16 12:02:01 - INFO - Epoch 221/1000, Loss: 0.1423, Dice: 0.1289, MSE: 0.0448
2025-05-16 12:02:15 - INFO - Epoch 222/1000, Loss: 0.1736, Dice: 0.1607, MSE: 0.0430
2025-05-16 12:02:29 - INFO - Epoch 223/1000, Loss: 0.1741, Dice: 0.1610, MSE: 0.0439
2025-05-16 12:02:42 - INFO - Epoch 224/1000, Loss: 0.1455, Dice: 0.1312, MSE: 0.0476
2025-05-16 12:02:55 - INFO - Epoch 225/1000, Loss: 0.1237, Dice: 0.1097, MSE: 0.0465
2025-05-16 12:03:09 - INFO - Epoch 226/1000, Loss: 0.1807, Dice: 0.1662, MSE: 0.0483
2025-05-16 12:03:23 - INFO - Epoch 227/1000, Loss: 0.1490, Dice: 0.1344, MSE: 0.0484
2025-05-16 12:03:36 - INFO - Epoch 228/1000, Loss: 0.1600, Dice: 0.1469, MSE: 0.0437
2025-05-16 12:03:50 - INFO - Epoch 229/1000, Loss: 0.1650, Dice: 0.1504, MSE: 0.0488
2025-05-16 12:04:03 - INFO - Epoch 230/1000, Loss: 0.1519, Dice: 0.1379, MSE: 0.0466
2025-05-16 12:04:17 - INFO - Epoch 231/1000, Loss: 0.1391, Dice: 0.1258, MSE: 0.0445
2025-05-16 12:04:31 - INFO - Epoch 232/1000, Loss: 0.1276, Dice: 0.1139, MSE: 0.0457
2025-05-16 12:04:44 - INFO - Epoch 233/1000, Loss: 0.1857, Dice: 0.1722, MSE: 0.0449
2025-05-16 12:04:58 - INFO - Epoch 234/1000, Loss: 0.1329, Dice: 0.1180, MSE: 0.0499
2025-05-16 12:05:12 - INFO - Epoch 235/1000, Loss: 0.1219, Dice: 0.1071, MSE: 0.0494
2025-05-16 12:05:25 - INFO - Epoch 236/1000, Loss: 0.1351, Dice: 0.1200, MSE: 0.0503
2025-05-16 12:05:39 - INFO - Epoch 237/1000, Loss: 0.1319, Dice: 0.1176, MSE: 0.0475
2025-05-16 12:05:52 - INFO - Epoch 238/1000, Loss: 0.1311, Dice: 0.1168, MSE: 0.0476
2025-05-16 12:06:06 - INFO - Epoch 239/1000, Loss: 0.1523, Dice: 0.1382, MSE: 0.0472
2025-05-16 12:06:20 - INFO - Epoch 240/1000, Loss: 0.1203, Dice: 0.1069, MSE: 0.0446
2025-05-16 12:06:21 - INFO - 模型已保存至: epoch_240.pth
2025-05-16 12:06:34 - INFO - Epoch 241/1000, Loss: 0.1750, Dice: 0.1610, MSE: 0.0466
2025-05-16 12:06:48 - INFO - Epoch 242/1000, Loss: 0.1824, Dice: 0.1688, MSE: 0.0450
2025-05-16 12:07:02 - INFO - Epoch 243/1000, Loss: 0.1478, Dice: 0.1350, MSE: 0.0426
2025-05-16 12:07:15 - INFO - Epoch 244/1000, Loss: 0.1756, Dice: 0.1624, MSE: 0.0440
2025-05-16 12:07:29 - INFO - Epoch 245/1000, Loss: 0.1546, Dice: 0.1401, MSE: 0.0483
2025-05-16 12:07:42 - INFO - Epoch 246/1000, Loss: 0.1527, Dice: 0.1405, MSE: 0.0406
2025-05-16 12:07:56 - INFO - Epoch 247/1000, Loss: 0.1413, Dice: 0.1288, MSE: 0.0416
2025-05-16 12:08:10 - INFO - Epoch 248/1000, Loss: 0.1290, Dice: 0.1150, MSE: 0.0466
2025-05-16 12:08:23 - INFO - Epoch 249/1000, Loss: 0.1581, Dice: 0.1448, MSE: 0.0442
2025-05-16 12:08:37 - INFO - Epoch 250/1000, Loss: 0.1419, Dice: 0.1295, MSE: 0.0415
2025-05-16 12:08:51 - INFO - Epoch 251/1000, Loss: 0.1200, Dice: 0.1067, MSE: 0.0443
2025-05-16 12:09:04 - INFO - Epoch 252/1000, Loss: 0.1227, Dice: 0.1097, MSE: 0.0431
2025-05-16 12:09:18 - INFO - Epoch 253/1000, Loss: 0.1149, Dice: 0.1014, MSE: 0.0452
2025-05-16 12:09:31 - INFO - Epoch 254/1000, Loss: 0.1251, Dice: 0.1105, MSE: 0.0489
2025-05-16 12:09:45 - INFO - Epoch 255/1000, Loss: 0.1494, Dice: 0.1369, MSE: 0.0419
2025-05-16 12:09:58 - INFO - Epoch 256/1000, Loss: 0.1310, Dice: 0.1179, MSE: 0.0436
2025-05-16 12:10:12 - INFO - Epoch 257/1000, Loss: 0.1420, Dice: 0.1287, MSE: 0.0443
2025-05-16 12:10:26 - INFO - Epoch 258/1000, Loss: 0.1149, Dice: 0.1014, MSE: 0.0452
2025-05-16 12:10:39 - INFO - Epoch 259/1000, Loss: 0.1342, Dice: 0.1198, MSE: 0.0479
2025-05-16 12:10:53 - INFO - Epoch 260/1000, Loss: 0.1347, Dice: 0.1210, MSE: 0.0456
2025-05-16 12:10:54 - INFO - 模型已保存至: epoch_260.pth
2025-05-16 12:11:08 - INFO - Epoch 261/1000, Loss: 0.1311, Dice: 0.1172, MSE: 0.0463
2025-05-16 12:11:21 - INFO - Epoch 262/1000, Loss: 0.1198, Dice: 0.1064, MSE: 0.0449
2025-05-16 12:11:35 - INFO - Epoch 263/1000, Loss: 0.1147, Dice: 0.1014, MSE: 0.0442
2025-05-16 12:11:49 - INFO - Epoch 264/1000, Loss: 0.1221, Dice: 0.1082, MSE: 0.0463
2025-05-16 12:12:02 - INFO - Epoch 265/1000, Loss: 0.1459, Dice: 0.1308, MSE: 0.0505
2025-05-16 12:12:16 - INFO - Epoch 266/1000, Loss: 0.1443, Dice: 0.1302, MSE: 0.0469
2025-05-16 12:12:29 - INFO - Epoch 267/1000, Loss: 0.1196, Dice: 0.1061, MSE: 0.0448
2025-05-16 12:12:43 - INFO - Epoch 268/1000, Loss: 0.1678, Dice: 0.1539, MSE: 0.0465
2025-05-16 12:12:56 - INFO - Epoch 269/1000, Loss: 0.1776, Dice: 0.1650, MSE: 0.0419
2025-05-16 12:13:10 - INFO - Epoch 270/1000, Loss: 0.1832, Dice: 0.1694, MSE: 0.0460
2025-05-16 12:13:24 - INFO - Epoch 271/1000, Loss: 0.1622, Dice: 0.1471, MSE: 0.0502
2025-05-16 12:13:37 - INFO - Epoch 272/1000, Loss: 0.2023, Dice: 0.1906, MSE: 0.0389
2025-05-16 12:13:51 - INFO - Epoch 273/1000, Loss: 0.2109, Dice: 0.1985, MSE: 0.0414
2025-05-16 12:14:04 - INFO - Epoch 274/1000, Loss: 0.1893, Dice: 0.1777, MSE: 0.0386
2025-05-16 12:14:18 - INFO - Epoch 275/1000, Loss: 0.1522, Dice: 0.1411, MSE: 0.0370
2025-05-16 12:14:32 - INFO - Epoch 276/1000, Loss: 0.1177, Dice: 0.1057, MSE: 0.0401
2025-05-16 12:14:45 - INFO - Epoch 277/1000, Loss: 0.1383, Dice: 0.1251, MSE: 0.0438
2025-05-16 12:14:59 - INFO - Epoch 278/1000, Loss: 0.1153, Dice: 0.1013, MSE: 0.0468
2025-05-16 12:15:13 - INFO - Epoch 279/1000, Loss: 0.1244, Dice: 0.1099, MSE: 0.0482
2025-05-16 12:15:26 - INFO - Epoch 280/1000, Loss: 0.1949, Dice: 0.1813, MSE: 0.0451
2025-05-16 12:15:27 - INFO - 模型已保存至: epoch_280.pth
2025-05-16 12:15:41 - INFO - Epoch 281/1000, Loss: 0.1606, Dice: 0.1471, MSE: 0.0450
2025-05-16 12:15:54 - INFO - Epoch 282/1000, Loss: 0.3060, Dice: 0.2919, MSE: 0.0470
2025-05-16 12:16:08 - INFO - Epoch 283/1000, Loss: 0.3036, Dice: 0.2928, MSE: 0.0360
2025-05-16 12:16:22 - INFO - Epoch 284/1000, Loss: 0.2105, Dice: 0.2008, MSE: 0.0322
2025-05-16 12:16:35 - INFO - Epoch 285/1000, Loss: 0.2013, Dice: 0.1902, MSE: 0.0372
2025-05-16 12:16:49 - INFO - Epoch 286/1000, Loss: 0.1361, Dice: 0.1242, MSE: 0.0398
2025-05-16 12:17:02 - INFO - Epoch 287/1000, Loss: 0.1502, Dice: 0.1382, MSE: 0.0402
2025-05-16 12:17:16 - INFO - Epoch 288/1000, Loss: 0.1448, Dice: 0.1328, MSE: 0.0398
2025-05-16 12:17:29 - INFO - Epoch 289/1000, Loss: 0.1595, Dice: 0.1482, MSE: 0.0376
2025-05-16 12:17:43 - INFO - Epoch 290/1000, Loss: 0.1649, Dice: 0.1524, MSE: 0.0415
2025-05-16 12:17:57 - INFO - Epoch 291/1000, Loss: 0.1814, Dice: 0.1692, MSE: 0.0408
2025-05-16 12:18:10 - INFO - Epoch 292/1000, Loss: 0.1532, Dice: 0.1415, MSE: 0.0389
2025-05-16 12:18:24 - INFO - Epoch 293/1000, Loss: 0.1382, Dice: 0.1270, MSE: 0.0373
2025-05-16 12:18:38 - INFO - Epoch 294/1000, Loss: 0.1296, Dice: 0.1188, MSE: 0.0362
2025-05-16 12:18:51 - INFO - Epoch 295/1000, Loss: 0.1248, Dice: 0.1125, MSE: 0.0411
2025-05-16 12:19:05 - INFO - Epoch 296/1000, Loss: 0.1453, Dice: 0.1314, MSE: 0.0464
2025-05-16 12:19:18 - INFO - Epoch 297/1000, Loss: 0.1356, Dice: 0.1236, MSE: 0.0403
2025-05-16 12:19:32 - INFO - Epoch 298/1000, Loss: 0.1691, Dice: 0.1571, MSE: 0.0401
2025-05-16 12:19:46 - INFO - Epoch 299/1000, Loss: 0.1305, Dice: 0.1196, MSE: 0.0363
2025-05-16 12:19:59 - INFO - Epoch 300/1000, Loss: 0.1579, Dice: 0.1455, MSE: 0.0413
2025-05-16 12:20:00 - INFO - 模型已保存至: epoch_300.pth
2025-05-16 12:20:14 - INFO - Epoch 301/1000, Loss: 0.1624, Dice: 0.1529, MSE: 0.0317
2025-05-16 12:20:28 - INFO - Epoch 302/1000, Loss: 0.1808, Dice: 0.1692, MSE: 0.0387
2025-05-16 12:20:41 - INFO - Epoch 303/1000, Loss: 0.1792, Dice: 0.1669, MSE: 0.0408
2025-05-16 12:20:55 - INFO - Epoch 304/1000, Loss: 0.1901, Dice: 0.1798, MSE: 0.0345
2025-05-16 12:21:09 - INFO - Epoch 305/1000, Loss: 0.1512, Dice: 0.1399, MSE: 0.0377
2025-05-16 12:21:22 - INFO - Epoch 306/1000, Loss: 0.1348, Dice: 0.1231, MSE: 0.0389
2025-05-16 12:21:36 - INFO - Epoch 307/1000, Loss: 0.1341, Dice: 0.1218, MSE: 0.0407
2025-05-16 12:21:49 - INFO - Epoch 308/1000, Loss: 0.1361, Dice: 0.1234, MSE: 0.0426
2025-05-16 12:22:03 - INFO - Epoch 309/1000, Loss: 0.1320, Dice: 0.1202, MSE: 0.0394
2025-05-16 12:22:16 - INFO - Epoch 310/1000, Loss: 0.1441, Dice: 0.1304, MSE: 0.0459
2025-05-16 12:22:30 - INFO - Epoch 311/1000, Loss: 0.1327, Dice: 0.1198, MSE: 0.0429
2025-05-16 12:22:43 - INFO - Epoch 312/1000, Loss: 0.1619, Dice: 0.1503, MSE: 0.0386
2025-05-16 12:22:57 - INFO - Epoch 313/1000, Loss: 0.1262, Dice: 0.1146, MSE: 0.0388
2025-05-16 12:23:11 - INFO - Epoch 314/1000, Loss: 0.1255, Dice: 0.1139, MSE: 0.0386
2025-05-16 12:23:24 - INFO - Epoch 315/1000, Loss: 0.1150, Dice: 0.1029, MSE: 0.0402
2025-05-16 12:23:38 - INFO - Epoch 316/1000, Loss: 0.1277, Dice: 0.1151, MSE: 0.0421
2025-05-16 12:23:51 - INFO - Epoch 317/1000, Loss: 0.1224, Dice: 0.1102, MSE: 0.0409
2025-05-16 12:24:05 - INFO - Epoch 318/1000, Loss: 0.1167, Dice: 0.1046, MSE: 0.0406
2025-05-16 12:24:18 - INFO - Epoch 319/1000, Loss: 0.1322, Dice: 0.1207, MSE: 0.0385
2025-05-16 12:24:32 - INFO - Epoch 320/1000, Loss: 0.1113, Dice: 0.0998, MSE: 0.0385
2025-05-16 12:24:33 - INFO - 模型已保存至: epoch_320.pth
2025-05-16 12:24:47 - INFO - Epoch 321/1000, Loss: 0.1203, Dice: 0.1086, MSE: 0.0388
2025-05-16 12:25:00 - INFO - Epoch 322/1000, Loss: 0.1301, Dice: 0.1173, MSE: 0.0425
2025-05-16 12:25:14 - INFO - Epoch 323/1000, Loss: 0.1127, Dice: 0.1002, MSE: 0.0417
2025-05-16 12:25:28 - INFO - Epoch 324/1000, Loss: 0.1346, Dice: 0.1218, MSE: 0.0428
2025-05-16 12:25:41 - INFO - Epoch 325/1000, Loss: 0.1214, Dice: 0.1090, MSE: 0.0415
2025-05-16 12:25:55 - INFO - Epoch 326/1000, Loss: 0.1179, Dice: 0.1056, MSE: 0.0411
2025-05-16 12:26:08 - INFO - Epoch 327/1000, Loss: 0.1675, Dice: 0.1566, MSE: 0.0365
2025-05-16 12:26:22 - INFO - Epoch 328/1000, Loss: 0.1526, Dice: 0.1403, MSE: 0.0409
2025-05-16 12:26:36 - INFO - Epoch 329/1000, Loss: 0.1449, Dice: 0.1338, MSE: 0.0370
2025-05-16 12:26:49 - INFO - Epoch 330/1000, Loss: 0.1360, Dice: 0.1241, MSE: 0.0394
2025-05-16 12:27:03 - INFO - Epoch 331/1000, Loss: 0.1281, Dice: 0.1166, MSE: 0.0384
2025-05-16 12:27:16 - INFO - Epoch 332/1000, Loss: 0.1054, Dice: 0.0936, MSE: 0.0393
2025-05-16 12:27:30 - INFO - Epoch 333/1000, Loss: 0.1243, Dice: 0.1119, MSE: 0.0415
2025-05-16 12:27:44 - INFO - Epoch 334/1000, Loss: 0.0953, Dice: 0.0836, MSE: 0.0391
2025-05-16 12:27:57 - INFO - Epoch 335/1000, Loss: 0.1068, Dice: 0.0950, MSE: 0.0392
2025-05-16 12:28:11 - INFO - Epoch 336/1000, Loss: 0.1165, Dice: 0.1041, MSE: 0.0413
2025-05-16 12:28:25 - INFO - Epoch 337/1000, Loss: 0.1097, Dice: 0.0983, MSE: 0.0380
2025-05-16 12:28:38 - INFO - Epoch 338/1000, Loss: 0.1616, Dice: 0.1485, MSE: 0.0437
2025-05-16 12:28:52 - INFO - Epoch 339/1000, Loss: 0.1245, Dice: 0.1115, MSE: 0.0434
2025-05-16 12:29:06 - INFO - Epoch 340/1000, Loss: 0.2100, Dice: 0.1974, MSE: 0.0421
2025-05-16 12:29:07 - INFO - 模型已保存至: epoch_340.pth
2025-05-16 12:29:20 - INFO - Epoch 341/1000, Loss: 0.2374, Dice: 0.2241, MSE: 0.0442
2025-05-16 12:29:34 - INFO - Epoch 342/1000, Loss: 0.1645, Dice: 0.1518, MSE: 0.0423
2025-05-16 12:29:47 - INFO - Epoch 343/1000, Loss: 0.1584, Dice: 0.1473, MSE: 0.0371
2025-05-16 12:30:01 - INFO - Epoch 344/1000, Loss: 0.1369, Dice: 0.1255, MSE: 0.0378
2025-05-16 12:30:15 - INFO - Epoch 345/1000, Loss: 0.1144, Dice: 0.1035, MSE: 0.0362
2025-05-16 12:30:28 - INFO - Epoch 346/1000, Loss: 0.1300, Dice: 0.1174, MSE: 0.0419
2025-05-16 12:30:42 - INFO - Epoch 347/1000, Loss: 0.1153, Dice: 0.1040, MSE: 0.0377
2025-05-16 12:30:56 - INFO - Epoch 348/1000, Loss: 0.1221, Dice: 0.1108, MSE: 0.0378
2025-05-16 12:31:09 - INFO - Epoch 349/1000, Loss: 0.1191, Dice: 0.1062, MSE: 0.0428
2025-05-16 12:31:23 - INFO - Epoch 350/1000, Loss: 0.1220, Dice: 0.1102, MSE: 0.0391
2025-05-16 12:31:36 - INFO - Epoch 351/1000, Loss: 0.1593, Dice: 0.1470, MSE: 0.0413
2025-05-16 12:31:50 - INFO - Epoch 352/1000, Loss: 0.1132, Dice: 0.1000, MSE: 0.0441
2025-05-16 12:32:03 - INFO - Epoch 353/1000, Loss: 0.1250, Dice: 0.1119, MSE: 0.0437
2025-05-16 12:32:17 - INFO - Epoch 354/1000, Loss: 0.1454, Dice: 0.1317, MSE: 0.0458
2025-05-16 12:32:31 - INFO - Epoch 355/1000, Loss: 0.1209, Dice: 0.1090, MSE: 0.0396
2025-05-16 12:32:44 - INFO - Epoch 356/1000, Loss: 0.1103, Dice: 0.0987, MSE: 0.0389
2025-05-16 12:32:58 - INFO - Epoch 357/1000, Loss: 0.1209, Dice: 0.1077, MSE: 0.0442
2025-05-16 12:33:12 - INFO - Epoch 358/1000, Loss: 0.1361, Dice: 0.1239, MSE: 0.0406
2025-05-16 12:33:25 - INFO - Epoch 359/1000, Loss: 0.1109, Dice: 0.0994, MSE: 0.0385
2025-05-16 12:33:39 - INFO - Epoch 360/1000, Loss: 0.1051, Dice: 0.0916, MSE: 0.0450
2025-05-16 12:33:40 - INFO - 模型已保存至: epoch_360.pth
2025-05-16 12:33:53 - INFO - Epoch 361/1000, Loss: 0.1230, Dice: 0.1103, MSE: 0.0422
2025-05-16 12:34:07 - INFO - Epoch 362/1000, Loss: 0.1100, Dice: 0.0983, MSE: 0.0389
2025-05-16 12:34:21 - INFO - Epoch 363/1000, Loss: 0.1262, Dice: 0.1141, MSE: 0.0404
2025-05-16 12:34:34 - INFO - Epoch 364/1000, Loss: 0.1308, Dice: 0.1197, MSE: 0.0373
2025-05-16 12:34:48 - INFO - Epoch 365/1000, Loss: 0.1584, Dice: 0.1490, MSE: 0.0312
2025-05-16 12:35:01 - INFO - Epoch 366/1000, Loss: 0.1443, Dice: 0.1339, MSE: 0.0347
2025-05-16 12:35:15 - INFO - Epoch 367/1000, Loss: 0.1218, Dice: 0.1114, MSE: 0.0347
2025-05-16 12:35:29 - INFO - Epoch 368/1000, Loss: 0.1090, Dice: 0.0974, MSE: 0.0386
2025-05-16 12:35:42 - INFO - Epoch 369/1000, Loss: 0.1113, Dice: 0.0990, MSE: 0.0409
2025-05-16 12:35:56 - INFO - Epoch 370/1000, Loss: 0.1333, Dice: 0.1220, MSE: 0.0376
2025-05-16 12:36:09 - INFO - Epoch 371/1000, Loss: 0.1153, Dice: 0.1036, MSE: 0.0390
2025-05-16 12:36:23 - INFO - Epoch 372/1000, Loss: 0.1129, Dice: 0.1012, MSE: 0.0391
2025-05-16 12:36:37 - INFO - Epoch 373/1000, Loss: 0.1094, Dice: 0.0984, MSE: 0.0366
2025-05-16 12:36:50 - INFO - Epoch 374/1000, Loss: 0.1109, Dice: 0.1002, MSE: 0.0355
2025-05-16 12:37:04 - INFO - Epoch 375/1000, Loss: 0.1403, Dice: 0.1287, MSE: 0.0387
2025-05-16 12:37:17 - INFO - Epoch 376/1000, Loss: 0.1191, Dice: 0.1050, MSE: 0.0471
2025-05-16 12:37:31 - INFO - Epoch 377/1000, Loss: 0.1410, Dice: 0.1266, MSE: 0.0481
2025-05-16 12:37:45 - INFO - Epoch 378/1000, Loss: 0.1265, Dice: 0.1136, MSE: 0.0429
2025-05-16 12:37:58 - INFO - Epoch 379/1000, Loss: 0.1207, Dice: 0.1089, MSE: 0.0395
2025-05-16 12:38:12 - INFO - Epoch 380/1000, Loss: 0.1058, Dice: 0.0944, MSE: 0.0383
2025-05-16 12:38:13 - INFO - 模型已保存至: epoch_380.pth
2025-05-16 12:38:27 - INFO - Epoch 381/1000, Loss: 0.1126, Dice: 0.1012, MSE: 0.0378
2025-05-16 12:38:41 - INFO - Epoch 382/1000, Loss: 0.1133, Dice: 0.1024, MSE: 0.0362
2025-05-16 12:38:54 - INFO - Epoch 383/1000, Loss: 0.1072, Dice: 0.0956, MSE: 0.0387
2025-05-16 12:39:08 - INFO - Epoch 384/1000, Loss: 0.1203, Dice: 0.1075, MSE: 0.0426
2025-05-16 12:39:22 - INFO - Epoch 385/1000, Loss: 0.1819, Dice: 0.1684, MSE: 0.0450
2025-05-16 12:39:35 - INFO - Epoch 386/1000, Loss: 0.1637, Dice: 0.1506, MSE: 0.0436
2025-05-16 12:39:49 - INFO - Epoch 387/1000, Loss: 0.1703, Dice: 0.1577, MSE: 0.0419
2025-05-16 12:40:03 - INFO - Epoch 388/1000, Loss: 0.1444, Dice: 0.1318, MSE: 0.0419
2025-05-16 12:40:16 - INFO - Epoch 389/1000, Loss: 0.1697, Dice: 0.1577, MSE: 0.0398
2025-05-16 12:40:30 - INFO - Epoch 390/1000, Loss: 0.1568, Dice: 0.1463, MSE: 0.0350
2025-05-16 12:40:43 - INFO - Epoch 391/1000, Loss: 0.1264, Dice: 0.1146, MSE: 0.0397
2025-05-16 12:40:57 - INFO - Epoch 392/1000, Loss: 0.1151, Dice: 0.1049, MSE: 0.0339
2025-05-16 12:41:11 - INFO - Epoch 393/1000, Loss: 0.1213, Dice: 0.1096, MSE: 0.0391
2025-05-16 12:41:24 - INFO - Epoch 394/1000, Loss: 0.1298, Dice: 0.1179, MSE: 0.0397
2025-05-16 12:41:38 - INFO - Epoch 395/1000, Loss: 0.1237, Dice: 0.1123, MSE: 0.0382
2025-05-16 12:41:51 - INFO - Epoch 396/1000, Loss: 0.1293, Dice: 0.1175, MSE: 0.0390
2025-05-16 12:42:05 - INFO - Epoch 397/1000, Loss: 0.1006, Dice: 0.0892, MSE: 0.0378
2025-05-16 12:42:19 - INFO - Epoch 398/1000, Loss: 0.1040, Dice: 0.0931, MSE: 0.0362
2025-05-16 12:42:32 - INFO - Epoch 399/1000, Loss: 0.1229, Dice: 0.1122, MSE: 0.0358
2025-05-16 12:42:46 - INFO - Epoch 400/1000, Loss: 0.1348, Dice: 0.1248, MSE: 0.0330
2025-05-16 12:42:47 - INFO - 模型已保存至: epoch_400.pth
2025-05-16 12:43:00 - INFO - Epoch 401/1000, Loss: 0.1118, Dice: 0.0992, MSE: 0.0419
2025-05-16 12:43:14 - INFO - Epoch 402/1000, Loss: 0.1111, Dice: 0.0998, MSE: 0.0378
2025-05-16 12:43:28 - INFO - Epoch 403/1000, Loss: 0.1129, Dice: 0.1013, MSE: 0.0387
2025-05-16 12:43:41 - INFO - Epoch 404/1000, Loss: 0.1082, Dice: 0.0964, MSE: 0.0393
2025-05-16 12:43:55 - INFO - Epoch 405/1000, Loss: 0.1021, Dice: 0.0903, MSE: 0.0392
2025-05-16 12:44:08 - INFO - Epoch 406/1000, Loss: 0.1005, Dice: 0.0889, MSE: 0.0386
2025-05-16 12:44:22 - INFO - Epoch 407/1000, Loss: 0.1123, Dice: 0.1004, MSE: 0.0396
2025-05-16 12:44:36 - INFO - Epoch 408/1000, Loss: 0.1008, Dice: 0.0886, MSE: 0.0407
2025-05-16 12:44:49 - INFO - Epoch 409/1000, Loss: 0.1007, Dice: 0.0882, MSE: 0.0417
2025-05-16 12:45:03 - INFO - Epoch 410/1000, Loss: 0.0967, Dice: 0.0845, MSE: 0.0408
2025-05-16 12:45:17 - INFO - Epoch 411/1000, Loss: 0.0990, Dice: 0.0863, MSE: 0.0424
2025-05-16 12:45:30 - INFO - Epoch 412/1000, Loss: 0.1061, Dice: 0.0937, MSE: 0.0414
2025-05-16 12:45:44 - INFO - Epoch 413/1000, Loss: 0.1027, Dice: 0.0912, MSE: 0.0384
2025-05-16 12:45:57 - INFO - Epoch 414/1000, Loss: 0.0899, Dice: 0.0788, MSE: 0.0369
2025-05-16 12:46:11 - INFO - Epoch 415/1000, Loss: 0.0915, Dice: 0.0795, MSE: 0.0402
2025-05-16 12:46:25 - INFO - Epoch 416/1000, Loss: 0.1071, Dice: 0.0958, MSE: 0.0376
2025-05-16 12:46:38 - INFO - Epoch 417/1000, Loss: 0.1270, Dice: 0.1159, MSE: 0.0369
2025-05-16 12:46:52 - INFO - Epoch 418/1000, Loss: 0.1250, Dice: 0.1139, MSE: 0.0368
2025-05-16 12:47:05 - INFO - Epoch 419/1000, Loss: 0.1236, Dice: 0.1119, MSE: 0.0392
2025-05-16 12:47:19 - INFO - Epoch 420/1000, Loss: 0.1105, Dice: 0.0991, MSE: 0.0382
2025-05-16 12:47:20 - INFO - 模型已保存至: epoch_420.pth
2025-05-16 12:47:33 - INFO - Epoch 421/1000, Loss: 0.1132, Dice: 0.1017, MSE: 0.0381
2025-05-16 12:47:47 - INFO - Epoch 422/1000, Loss: 0.1030, Dice: 0.0907, MSE: 0.0408
2025-05-16 12:48:01 - INFO - Epoch 423/1000, Loss: 0.1039, Dice: 0.0922, MSE: 0.0392
2025-05-16 12:48:14 - INFO - Epoch 424/1000, Loss: 0.1016, Dice: 0.0884, MSE: 0.0437
2025-05-16 12:48:28 - INFO - Epoch 425/1000, Loss: 0.1326, Dice: 0.1198, MSE: 0.0428
2025-05-16 12:48:41 - INFO - Epoch 426/1000, Loss: 0.1224, Dice: 0.1107, MSE: 0.0392
2025-05-16 12:48:55 - INFO - Epoch 427/1000, Loss: 0.1007, Dice: 0.0889, MSE: 0.0391
2025-05-16 12:49:09 - INFO - Epoch 428/1000, Loss: 0.0965, Dice: 0.0860, MSE: 0.0350
2025-05-16 12:49:22 - INFO - Epoch 429/1000, Loss: 0.1132, Dice: 0.1014, MSE: 0.0393
2025-05-16 12:49:36 - INFO - Epoch 430/1000, Loss: 0.1154, Dice: 0.1041, MSE: 0.0377
2025-05-16 12:49:50 - INFO - Epoch 431/1000, Loss: 0.1376, Dice: 0.1274, MSE: 0.0341
2025-05-16 12:50:03 - INFO - Epoch 432/1000, Loss: 0.1595, Dice: 0.1487, MSE: 0.0357
2025-05-16 12:50:17 - INFO - Epoch 433/1000, Loss: 0.1322, Dice: 0.1216, MSE: 0.0352
2025-05-16 12:50:31 - INFO - Epoch 434/1000, Loss: 0.1144, Dice: 0.1042, MSE: 0.0340
2025-05-16 12:50:44 - INFO - Epoch 435/1000, Loss: 0.1360, Dice: 0.1247, MSE: 0.0375
2025-05-16 12:50:58 - INFO - Epoch 436/1000, Loss: 0.1119, Dice: 0.1007, MSE: 0.0373
2025-05-16 12:51:12 - INFO - Epoch 437/1000, Loss: 0.1133, Dice: 0.1017, MSE: 0.0385
2025-05-16 12:51:25 - INFO - Epoch 438/1000, Loss: 0.1216, Dice: 0.1082, MSE: 0.0444
2025-05-16 12:51:39 - INFO - Epoch 439/1000, Loss: 0.0976, Dice: 0.0865, MSE: 0.0370
2025-05-16 12:51:52 - INFO - Epoch 440/1000, Loss: 0.1115, Dice: 0.1005, MSE: 0.0367
2025-05-16 12:51:53 - INFO - 模型已保存至: epoch_440.pth
2025-05-16 12:52:07 - INFO - Epoch 441/1000, Loss: 0.1032, Dice: 0.0920, MSE: 0.0374
2025-05-16 12:52:20 - INFO - Epoch 442/1000, Loss: 0.0997, Dice: 0.0883, MSE: 0.0381
2025-05-16 12:52:34 - INFO - Epoch 443/1000, Loss: 0.1187, Dice: 0.1067, MSE: 0.0400
2025-05-16 12:52:48 - INFO - Epoch 444/1000, Loss: 0.1059, Dice: 0.0935, MSE: 0.0414
2025-05-16 12:53:02 - INFO - Epoch 445/1000, Loss: 0.0983, Dice: 0.0868, MSE: 0.0384
2025-05-16 12:53:15 - INFO - Epoch 446/1000, Loss: 0.1025, Dice: 0.0907, MSE: 0.0392
2025-05-16 12:53:29 - INFO - Epoch 447/1000, Loss: 0.1075, Dice: 0.0961, MSE: 0.0380
2025-05-16 12:53:43 - INFO - Epoch 448/1000, Loss: 0.1379, Dice: 0.1265, MSE: 0.0382
2025-05-16 12:53:56 - INFO - Epoch 449/1000, Loss: 0.2293, Dice: 0.2161, MSE: 0.0438
2025-05-16 12:54:10 - INFO - Epoch 450/1000, Loss: 0.2481, Dice: 0.2361, MSE: 0.0403
2025-05-16 12:54:23 - INFO - Epoch 451/1000, Loss: 0.2584, Dice: 0.2486, MSE: 0.0325
2025-05-16 12:54:37 - INFO - Epoch 452/1000, Loss: 0.1626, Dice: 0.1520, MSE: 0.0353
2025-05-16 12:54:51 - INFO - Epoch 453/1000, Loss: 0.2410, Dice: 0.2293, MSE: 0.0390
2025-05-16 12:55:04 - INFO - Epoch 454/1000, Loss: 0.1719, Dice: 0.1608, MSE: 0.0369
2025-05-16 12:55:18 - INFO - Epoch 455/1000, Loss: 0.1276, Dice: 0.1167, MSE: 0.0363
2025-05-16 12:55:31 - INFO - Epoch 456/1000, Loss: 0.1785, Dice: 0.1668, MSE: 0.0389
2025-05-16 12:55:45 - INFO - Epoch 457/1000, Loss: 0.1484, Dice: 0.1384, MSE: 0.0333
2025-05-16 12:55:59 - INFO - Epoch 458/1000, Loss: 0.1202, Dice: 0.1096, MSE: 0.0356
2025-05-16 12:56:12 - INFO - Epoch 459/1000, Loss: 0.1443, Dice: 0.1339, MSE: 0.0346
2025-05-16 12:56:26 - INFO - Epoch 460/1000, Loss: 0.1516, Dice: 0.1401, MSE: 0.0383
2025-05-16 12:56:27 - INFO - 模型已保存至: epoch_460.pth
2025-05-16 12:56:40 - INFO - Epoch 461/1000, Loss: 0.1026, Dice: 0.0923, MSE: 0.0343
2025-05-16 12:56:54 - INFO - Epoch 462/1000, Loss: 0.1092, Dice: 0.0981, MSE: 0.0373
2025-05-16 12:57:08 - INFO - Epoch 463/1000, Loss: 0.0918, Dice: 0.0808, MSE: 0.0368
2025-05-16 12:57:21 - INFO - Epoch 464/1000, Loss: 0.1017, Dice: 0.0902, MSE: 0.0383
2025-05-16 12:57:35 - INFO - Epoch 465/1000, Loss: 0.0969, Dice: 0.0876, MSE: 0.0313
2025-05-16 12:57:49 - INFO - Epoch 466/1000, Loss: 0.0948, Dice: 0.0846, MSE: 0.0338
2025-05-16 12:58:02 - INFO - Epoch 467/1000, Loss: 0.0960, Dice: 0.0850, MSE: 0.0365
2025-05-16 12:58:16 - INFO - Epoch 468/1000, Loss: 0.1002, Dice: 0.0886, MSE: 0.0389
2025-05-16 12:58:29 - INFO - Epoch 469/1000, Loss: 0.1004, Dice: 0.0893, MSE: 0.0369
2025-05-16 12:58:43 - INFO - Epoch 470/1000, Loss: 0.0999, Dice: 0.0886, MSE: 0.0377
2025-05-16 12:58:57 - INFO - Epoch 471/1000, Loss: 0.0980, Dice: 0.0872, MSE: 0.0360
2025-05-16 12:59:10 - INFO - Epoch 472/1000, Loss: 0.0952, Dice: 0.0845, MSE: 0.0354
2025-05-16 12:59:24 - INFO - Epoch 473/1000, Loss: 0.1084, Dice: 0.0964, MSE: 0.0399
2025-05-16 12:59:37 - INFO - Epoch 474/1000, Loss: 0.0965, Dice: 0.0856, MSE: 0.0365
2025-05-16 12:59:51 - INFO - Epoch 475/1000, Loss: 0.1084, Dice: 0.0961, MSE: 0.0411
2025-05-16 13:00:05 - INFO - Epoch 476/1000, Loss: 0.0948, Dice: 0.0825, MSE: 0.0409
2025-05-16 13:00:18 - INFO - Epoch 477/1000, Loss: 0.1142, Dice: 0.1028, MSE: 0.0382
2025-05-16 13:00:32 - INFO - Epoch 478/1000, Loss: 0.1148, Dice: 0.1027, MSE: 0.0401
2025-05-16 13:00:46 - INFO - Epoch 479/1000, Loss: 0.1071, Dice: 0.0954, MSE: 0.0389
2025-05-16 13:00:59 - INFO - Epoch 480/1000, Loss: 0.1035, Dice: 0.0912, MSE: 0.0411
2025-05-16 13:01:00 - INFO - 模型已保存至: epoch_480.pth
2025-05-16 13:01:14 - INFO - Epoch 481/1000, Loss: 0.1020, Dice: 0.0906, MSE: 0.0380
2025-05-16 13:01:27 - INFO - Epoch 482/1000, Loss: 0.1002, Dice: 0.0896, MSE: 0.0354
2025-05-16 13:01:41 - INFO - Epoch 483/1000, Loss: 0.1295, Dice: 0.1180, MSE: 0.0383
2025-05-16 13:01:55 - INFO - Epoch 484/1000, Loss: 0.1112, Dice: 0.1013, MSE: 0.0330
2025-05-16 13:02:08 - INFO - Epoch 485/1000, Loss: 0.0921, Dice: 0.0822, MSE: 0.0330
2025-05-16 13:02:22 - INFO - Epoch 486/1000, Loss: 0.1125, Dice: 0.1018, MSE: 0.0357
2025-05-16 13:02:35 - INFO - Epoch 487/1000, Loss: 0.0835, Dice: 0.0718, MSE: 0.0391
2025-05-16 13:02:49 - INFO - Epoch 488/1000, Loss: 0.0881, Dice: 0.0771, MSE: 0.0367
2025-05-16 13:03:02 - INFO - Epoch 489/1000, Loss: 0.1064, Dice: 0.0956, MSE: 0.0360
2025-05-16 13:03:16 - INFO - Epoch 490/1000, Loss: 0.0880, Dice: 0.0776, MSE: 0.0345
2025-05-16 13:03:30 - INFO - Epoch 491/1000, Loss: 0.0893, Dice: 0.0779, MSE: 0.0380
2025-05-16 13:03:43 - INFO - Epoch 492/1000, Loss: 0.0849, Dice: 0.0745, MSE: 0.0347
2025-05-16 13:03:57 - INFO - Epoch 493/1000, Loss: 0.0852, Dice: 0.0746, MSE: 0.0353
2025-05-16 13:04:10 - INFO - Epoch 494/1000, Loss: 0.0923, Dice: 0.0820, MSE: 0.0343
2025-05-16 13:04:24 - INFO - Epoch 495/1000, Loss: 0.1002, Dice: 0.0879, MSE: 0.0413
2025-05-16 13:04:38 - INFO - Epoch 496/1000, Loss: 0.0978, Dice: 0.0866, MSE: 0.0371
2025-05-16 13:04:51 - INFO - Epoch 497/1000, Loss: 0.0867, Dice: 0.0771, MSE: 0.0320
2025-05-16 13:05:05 - INFO - Epoch 498/1000, Loss: 0.0830, Dice: 0.0720, MSE: 0.0364
2025-05-16 13:05:19 - INFO - Epoch 499/1000, Loss: 0.0977, Dice: 0.0869, MSE: 0.0358
2025-05-16 13:05:32 - INFO - Epoch 500/1000, Loss: 0.0976, Dice: 0.0869, MSE: 0.0356
2025-05-16 13:05:33 - INFO - 模型已保存至: epoch_500.pth
2025-05-16 13:05:47 - INFO - Epoch 501/1000, Loss: 0.0843, Dice: 0.0734, MSE: 0.0362
2025-05-16 13:06:00 - INFO - Epoch 502/1000, Loss: 0.0913, Dice: 0.0810, MSE: 0.0342
2025-05-16 13:06:14 - INFO - Epoch 503/1000, Loss: 0.1024, Dice: 0.0920, MSE: 0.0348
2025-05-16 13:06:28 - INFO - Epoch 504/1000, Loss: 0.0852, Dice: 0.0749, MSE: 0.0342
2025-05-16 13:06:41 - INFO - Epoch 505/1000, Loss: 0.0895, Dice: 0.0789, MSE: 0.0353
2025-05-16 13:06:55 - INFO - Epoch 506/1000, Loss: 0.1264, Dice: 0.1155, MSE: 0.0362
2025-05-16 13:07:09 - INFO - Epoch 507/1000, Loss: 0.1036, Dice: 0.0921, MSE: 0.0383
2025-05-16 13:07:22 - INFO - Epoch 508/1000, Loss: 0.1515, Dice: 0.1406, MSE: 0.0363
2025-05-16 13:07:36 - INFO - Epoch 509/1000, Loss: 0.0901, Dice: 0.0806, MSE: 0.0316
2025-05-16 13:07:50 - INFO - Epoch 510/1000, Loss: 0.0877, Dice: 0.0773, MSE: 0.0345
2025-05-16 13:08:03 - INFO - Epoch 511/1000, Loss: 0.1006, Dice: 0.0898, MSE: 0.0358
2025-05-16 13:08:17 - INFO - Epoch 512/1000, Loss: 0.0898, Dice: 0.0794, MSE: 0.0345
2025-05-16 13:08:30 - INFO - Epoch 513/1000, Loss: 0.0880, Dice: 0.0775, MSE: 0.0352
2025-05-16 13:08:44 - INFO - Epoch 514/1000, Loss: 0.0874, Dice: 0.0770, MSE: 0.0345
2025-05-16 13:08:58 - INFO - Epoch 515/1000, Loss: 0.0775, Dice: 0.0667, MSE: 0.0361
2025-05-16 13:09:11 - INFO - Epoch 516/1000, Loss: 0.0889, Dice: 0.0794, MSE: 0.0314
2025-05-16 13:09:25 - INFO - Epoch 517/1000, Loss: 0.0887, Dice: 0.0781, MSE: 0.0352
2025-05-16 13:09:39 - INFO - Epoch 518/1000, Loss: 0.0987, Dice: 0.0887, MSE: 0.0334
2025-05-16 13:09:52 - INFO - Epoch 519/1000, Loss: 0.0939, Dice: 0.0827, MSE: 0.0375
2025-05-16 13:10:06 - INFO - Epoch 520/1000, Loss: 0.0853, Dice: 0.0749, MSE: 0.0347
2025-05-16 13:10:07 - INFO - 模型已保存至: epoch_520.pth
2025-05-16 13:10:20 - INFO - Epoch 521/1000, Loss: 0.1286, Dice: 0.1179, MSE: 0.0356
2025-05-16 13:10:34 - INFO - Epoch 522/1000, Loss: 0.0828, Dice: 0.0720, MSE: 0.0358
2025-05-16 13:10:48 - INFO - Epoch 523/1000, Loss: 0.1048, Dice: 0.0936, MSE: 0.0374
2025-05-16 13:11:01 - INFO - Epoch 524/1000, Loss: 0.1011, Dice: 0.0900, MSE: 0.0370
2025-05-16 13:11:15 - INFO - Epoch 525/1000, Loss: 0.0892, Dice: 0.0771, MSE: 0.0402
2025-05-16 13:11:29 - INFO - Epoch 526/1000, Loss: 0.0910, Dice: 0.0800, MSE: 0.0365
2025-05-16 13:11:42 - INFO - Epoch 527/1000, Loss: 0.1004, Dice: 0.0900, MSE: 0.0347
2025-05-16 13:11:56 - INFO - Epoch 528/1000, Loss: 0.0820, Dice: 0.0724, MSE: 0.0318
2025-05-16 13:12:09 - INFO - Epoch 529/1000, Loss: 0.0987, Dice: 0.0886, MSE: 0.0336
2025-05-16 13:12:23 - INFO - Epoch 530/1000, Loss: 0.0931, Dice: 0.0822, MSE: 0.0364
2025-05-16 13:12:36 - INFO - Epoch 531/1000, Loss: 0.1042, Dice: 0.0935, MSE: 0.0358
2025-05-16 13:12:50 - INFO - Epoch 532/1000, Loss: 0.0955, Dice: 0.0844, MSE: 0.0371
2025-05-16 13:13:03 - INFO - Epoch 533/1000, Loss: 0.0896, Dice: 0.0788, MSE: 0.0358
2025-05-16 13:13:17 - INFO - Epoch 534/1000, Loss: 0.1133, Dice: 0.1023, MSE: 0.0368
2025-05-16 13:13:31 - INFO - Epoch 535/1000, Loss: 0.0949, Dice: 0.0850, MSE: 0.0330
2025-05-16 13:13:44 - INFO - Epoch 536/1000, Loss: 0.0958, Dice: 0.0856, MSE: 0.0342
2025-05-16 13:13:58 - INFO - Epoch 537/1000, Loss: 0.0916, Dice: 0.0813, MSE: 0.0343
2025-05-16 13:14:12 - INFO - Epoch 538/1000, Loss: 0.0865, Dice: 0.0765, MSE: 0.0333
2025-05-16 13:14:25 - INFO - Epoch 539/1000, Loss: 0.0979, Dice: 0.0870, MSE: 0.0362
2025-05-16 13:14:39 - INFO - Epoch 540/1000, Loss: 0.0977, Dice: 0.0875, MSE: 0.0339
2025-05-16 13:14:40 - INFO - 模型已保存至: epoch_540.pth
2025-05-16 13:14:53 - INFO - Epoch 541/1000, Loss: 0.1216, Dice: 0.1105, MSE: 0.0368
2025-05-16 13:15:07 - INFO - Epoch 542/1000, Loss: 0.1450, Dice: 0.1346, MSE: 0.0347
2025-05-16 13:15:20 - INFO - Epoch 543/1000, Loss: 0.1735, Dice: 0.1633, MSE: 0.0340
2025-05-16 13:15:34 - INFO - Epoch 544/1000, Loss: 0.1300, Dice: 0.1207, MSE: 0.0312
2025-05-16 13:15:48 - INFO - Epoch 545/1000, Loss: 0.1182, Dice: 0.1073, MSE: 0.0364
2025-05-16 13:16:01 - INFO - Epoch 546/1000, Loss: 0.1153, Dice: 0.1065, MSE: 0.0295
2025-05-16 13:16:15 - INFO - Epoch 547/1000, Loss: 0.1219, Dice: 0.1131, MSE: 0.0291
2025-05-16 13:16:28 - INFO - Epoch 548/1000, Loss: 0.1334, Dice: 0.1224, MSE: 0.0367
2025-05-16 13:16:42 - INFO - Epoch 549/1000, Loss: 0.1117, Dice: 0.1013, MSE: 0.0347
2025-05-16 13:16:55 - INFO - Epoch 550/1000, Loss: 0.1003, Dice: 0.0897, MSE: 0.0354
2025-05-16 13:17:09 - INFO - Epoch 551/1000, Loss: 0.1087, Dice: 0.0980, MSE: 0.0357
2025-05-16 13:17:22 - INFO - Epoch 552/1000, Loss: 0.1006, Dice: 0.0903, MSE: 0.0343
2025-05-16 13:17:36 - INFO - Epoch 553/1000, Loss: 0.0899, Dice: 0.0793, MSE: 0.0353
2025-05-16 13:17:50 - INFO - Epoch 554/1000, Loss: 0.0904, Dice: 0.0803, MSE: 0.0336
2025-05-16 13:18:03 - INFO - Epoch 555/1000, Loss: 0.0914, Dice: 0.0809, MSE: 0.0350
2025-05-16 13:18:17 - INFO - Epoch 556/1000, Loss: 0.0861, Dice: 0.0752, MSE: 0.0363
2025-05-16 13:18:30 - INFO - Epoch 557/1000, Loss: 0.0953, Dice: 0.0828, MSE: 0.0419
2025-05-16 13:18:44 - INFO - Epoch 558/1000, Loss: 0.0926, Dice: 0.0810, MSE: 0.0387
2025-05-16 13:18:58 - INFO - Epoch 559/1000, Loss: 0.1007, Dice: 0.0919, MSE: 0.0295
2025-05-16 13:19:11 - INFO - Epoch 560/1000, Loss: 0.1136, Dice: 0.1029, MSE: 0.0355
2025-05-16 13:19:12 - INFO - 模型已保存至: epoch_560.pth
2025-05-16 13:19:26 - INFO - Epoch 561/1000, Loss: 0.1357, Dice: 0.1244, MSE: 0.0376
2025-05-16 13:19:40 - INFO - Epoch 562/1000, Loss: 0.1229, Dice: 0.1112, MSE: 0.0391
2025-05-16 13:19:53 - INFO - Epoch 563/1000, Loss: 0.1216, Dice: 0.1122, MSE: 0.0313
2025-05-16 13:20:07 - INFO - Epoch 564/1000, Loss: 0.1325, Dice: 0.1211, MSE: 0.0379
2025-05-16 13:20:20 - INFO - Epoch 565/1000, Loss: 0.0987, Dice: 0.0878, MSE: 0.0362
2025-05-16 13:20:34 - INFO - Epoch 566/1000, Loss: 0.1068, Dice: 0.0976, MSE: 0.0310
2025-05-16 13:20:47 - INFO - Epoch 567/1000, Loss: 0.1031, Dice: 0.0934, MSE: 0.0324
2025-05-16 13:21:01 - INFO - Epoch 568/1000, Loss: 0.1250, Dice: 0.1149, MSE: 0.0337
2025-05-16 13:21:15 - INFO - Epoch 569/1000, Loss: 0.1126, Dice: 0.1024, MSE: 0.0340
2025-05-16 13:21:28 - INFO - Epoch 570/1000, Loss: 0.1057, Dice: 0.0898, MSE: 0.0530
2025-05-16 13:21:42 - INFO - Epoch 571/1000, Loss: 0.0897, Dice: 0.0772, MSE: 0.0417
2025-05-16 13:21:55 - INFO - Epoch 572/1000, Loss: 0.0936, Dice: 0.0818, MSE: 0.0393
2025-05-16 13:22:09 - INFO - Epoch 573/1000, Loss: 0.0964, Dice: 0.0854, MSE: 0.0366
2025-05-16 13:22:22 - INFO - Epoch 574/1000, Loss: 0.0896, Dice: 0.0796, MSE: 0.0333
2025-05-16 13:22:36 - INFO - Epoch 575/1000, Loss: 0.1094, Dice: 0.0986, MSE: 0.0359
2025-05-16 13:22:50 - INFO - Epoch 576/1000, Loss: 0.1428, Dice: 0.1323, MSE: 0.0351
2025-05-16 13:23:03 - INFO - Epoch 577/1000, Loss: 0.1341, Dice: 0.1248, MSE: 0.0312
2025-05-16 13:23:17 - INFO - Epoch 578/1000, Loss: 0.1659, Dice: 0.1545, MSE: 0.0378
2025-05-16 13:23:31 - INFO - Epoch 579/1000, Loss: 0.1335, Dice: 0.1244, MSE: 0.0305
2025-05-16 13:23:44 - INFO - Epoch 580/1000, Loss: 0.1399, Dice: 0.1301, MSE: 0.0327
2025-05-16 13:23:45 - INFO - 模型已保存至: epoch_580.pth
2025-05-16 13:23:59 - INFO - Epoch 581/1000, Loss: 0.2517, Dice: 0.2388, MSE: 0.0430
2025-05-16 13:24:12 - INFO - Epoch 582/1000, Loss: 0.2005, Dice: 0.1901, MSE: 0.0349
2025-05-16 13:24:26 - INFO - Epoch 583/1000, Loss: 0.1612, Dice: 0.1527, MSE: 0.0283
2025-05-16 13:24:40 - INFO - Epoch 584/1000, Loss: 0.1095, Dice: 0.0994, MSE: 0.0334
2025-05-16 13:24:53 - INFO - Epoch 585/1000, Loss: 0.1220, Dice: 0.1128, MSE: 0.0307
2025-05-16 13:25:07 - INFO - Epoch 586/1000, Loss: 0.1067, Dice: 0.0973, MSE: 0.0313
2025-05-16 13:25:20 - INFO - Epoch 587/1000, Loss: 0.1098, Dice: 0.1003, MSE: 0.0316
2025-05-16 13:25:34 - INFO - Epoch 588/1000, Loss: 0.1064, Dice: 0.0960, MSE: 0.0347
2025-05-16 13:25:47 - INFO - Epoch 589/1000, Loss: 0.1078, Dice: 0.0982, MSE: 0.0321
2025-05-16 13:26:01 - INFO - Epoch 590/1000, Loss: 0.1052, Dice: 0.0955, MSE: 0.0324
2025-05-16 13:26:15 - INFO - Epoch 591/1000, Loss: 0.1105, Dice: 0.1009, MSE: 0.0321
2025-05-16 13:26:28 - INFO - Epoch 592/1000, Loss: 0.1120, Dice: 0.1041, MSE: 0.0265
2025-05-16 13:26:42 - INFO - Epoch 593/1000, Loss: 0.0972, Dice: 0.0882, MSE: 0.0300
2025-05-16 13:26:55 - INFO - Epoch 594/1000, Loss: 0.1056, Dice: 0.0961, MSE: 0.0316
2025-05-16 13:27:09 - INFO - Epoch 595/1000, Loss: 0.1157, Dice: 0.1072, MSE: 0.0282
2025-05-16 13:27:23 - INFO - Epoch 596/1000, Loss: 0.1069, Dice: 0.0984, MSE: 0.0282
2025-05-16 13:27:36 - INFO - Epoch 597/1000, Loss: 0.1005, Dice: 0.0919, MSE: 0.0289
2025-05-16 13:27:50 - INFO - Epoch 598/1000, Loss: 0.0995, Dice: 0.0900, MSE: 0.0317
2025-05-16 13:28:04 - INFO - Epoch 599/1000, Loss: 0.1065, Dice: 0.0968, MSE: 0.0323
2025-05-16 13:28:17 - INFO - Epoch 600/1000, Loss: 0.1029, Dice: 0.0937, MSE: 0.0306
2025-05-16 13:28:18 - INFO - 模型已保存至: epoch_600.pth
2025-05-16 13:28:32 - INFO - Epoch 601/1000, Loss: 0.1042, Dice: 0.0957, MSE: 0.0285
2025-05-16 13:28:45 - INFO - Epoch 602/1000, Loss: 0.0837, Dice: 0.0736, MSE: 0.0338
2025-05-16 13:28:59 - INFO - Epoch 603/1000, Loss: 0.0906, Dice: 0.0810, MSE: 0.0319
2025-05-16 13:29:12 - INFO - Epoch 604/1000, Loss: 0.0944, Dice: 0.0854, MSE: 0.0298
2025-05-16 13:29:26 - INFO - Epoch 605/1000, Loss: 0.1389, Dice: 0.1295, MSE: 0.0311
2025-05-16 13:29:40 - INFO - Epoch 606/1000, Loss: 0.0937, Dice: 0.0846, MSE: 0.0302
2025-05-16 13:29:53 - INFO - Epoch 607/1000, Loss: 0.0844, Dice: 0.0749, MSE: 0.0315
2025-05-16 13:30:07 - INFO - Epoch 608/1000, Loss: 0.0855, Dice: 0.0753, MSE: 0.0342
2025-05-16 13:30:20 - INFO - Epoch 609/1000, Loss: 0.0822, Dice: 0.0722, MSE: 0.0336
2025-05-16 13:30:34 - INFO - Epoch 610/1000, Loss: 0.0862, Dice: 0.0770, MSE: 0.0307
2025-05-16 13:30:48 - INFO - Epoch 611/1000, Loss: 0.0894, Dice: 0.0804, MSE: 0.0302
2025-05-16 13:31:01 - INFO - Epoch 612/1000, Loss: 0.0861, Dice: 0.0773, MSE: 0.0294
2025-05-16 13:31:15 - INFO - Epoch 613/1000, Loss: 0.0856, Dice: 0.0763, MSE: 0.0309
2025-05-16 13:31:28 - INFO - Epoch 614/1000, Loss: 0.0807, Dice: 0.0721, MSE: 0.0287
2025-05-16 13:31:42 - INFO - Epoch 615/1000, Loss: 0.0909, Dice: 0.0809, MSE: 0.0334
2025-05-16 13:31:56 - INFO - Epoch 616/1000, Loss: 0.0905, Dice: 0.0806, MSE: 0.0330
2025-05-16 13:32:09 - INFO - Epoch 617/1000, Loss: 0.0823, Dice: 0.0724, MSE: 0.0329
2025-05-16 13:32:23 - INFO - Epoch 618/1000, Loss: 0.0817, Dice: 0.0718, MSE: 0.0331
2025-05-16 13:32:36 - INFO - Epoch 619/1000, Loss: 0.0894, Dice: 0.0793, MSE: 0.0334
2025-05-16 13:32:50 - INFO - Epoch 620/1000, Loss: 0.0787, Dice: 0.0700, MSE: 0.0292
2025-05-16 13:32:51 - INFO - 模型已保存至: epoch_620.pth
2025-05-16 13:33:04 - INFO - Epoch 621/1000, Loss: 0.0728, Dice: 0.0626, MSE: 0.0340
2025-05-16 13:33:18 - INFO - Epoch 622/1000, Loss: 0.0811, Dice: 0.0715, MSE: 0.0318
2025-05-16 13:33:32 - INFO - Epoch 623/1000, Loss: 0.0895, Dice: 0.0800, MSE: 0.0317
2025-05-16 13:33:46 - INFO - Epoch 624/1000, Loss: 0.0884, Dice: 0.0774, MSE: 0.0369
2025-05-16 13:33:59 - INFO - Epoch 625/1000, Loss: 0.0847, Dice: 0.0743, MSE: 0.0347
2025-05-16 13:34:13 - INFO - Epoch 626/1000, Loss: 0.0798, Dice: 0.0697, MSE: 0.0338
2025-05-16 13:34:26 - INFO - Epoch 627/1000, Loss: 0.0907, Dice: 0.0807, MSE: 0.0332
2025-05-16 13:34:40 - INFO - Epoch 628/1000, Loss: 0.0847, Dice: 0.0739, MSE: 0.0359
2025-05-16 13:34:54 - INFO - Epoch 629/1000, Loss: 0.0786, Dice: 0.0692, MSE: 0.0314
2025-05-16 13:35:07 - INFO - Epoch 630/1000, Loss: 0.0798, Dice: 0.0703, MSE: 0.0317
2025-05-16 13:35:20 - INFO - Epoch 631/1000, Loss: 0.0785, Dice: 0.0693, MSE: 0.0305
2025-05-16 13:35:34 - INFO - Epoch 632/1000, Loss: 0.0857, Dice: 0.0756, MSE: 0.0334
2025-05-16 13:35:48 - INFO - Epoch 633/1000, Loss: 0.0969, Dice: 0.0847, MSE: 0.0406
2025-05-16 13:36:01 - INFO - Epoch 634/1000, Loss: 0.0820, Dice: 0.0714, MSE: 0.0352
2025-05-16 13:36:15 - INFO - Epoch 635/1000, Loss: 0.0912, Dice: 0.0801, MSE: 0.0370
2025-05-16 13:36:29 - INFO - Epoch 636/1000, Loss: 0.0969, Dice: 0.0870, MSE: 0.0333
2025-05-16 13:36:42 - INFO - Epoch 637/1000, Loss: 0.0871, Dice: 0.0768, MSE: 0.0344
2025-05-16 13:36:56 - INFO - Epoch 638/1000, Loss: 0.0826, Dice: 0.0727, MSE: 0.0331
2025-05-16 13:37:09 - INFO - Epoch 639/1000, Loss: 0.0759, Dice: 0.0668, MSE: 0.0305
2025-05-16 13:37:23 - INFO - Epoch 640/1000, Loss: 0.0922, Dice: 0.0825, MSE: 0.0325
2025-05-16 13:37:24 - INFO - 模型已保存至: epoch_640.pth
2025-05-16 13:37:37 - INFO - Epoch 641/1000, Loss: 0.0972, Dice: 0.0884, MSE: 0.0296
2025-05-16 13:37:51 - INFO - Epoch 642/1000, Loss: 0.0854, Dice: 0.0751, MSE: 0.0341
2025-05-16 13:38:05 - INFO - Epoch 643/1000, Loss: 0.0901, Dice: 0.0798, MSE: 0.0345
2025-05-16 13:38:18 - INFO - Epoch 644/1000, Loss: 0.0914, Dice: 0.0815, MSE: 0.0331
2025-05-16 13:38:32 - INFO - Epoch 645/1000, Loss: 0.1001, Dice: 0.0898, MSE: 0.0342
2025-05-16 13:38:45 - INFO - Epoch 646/1000, Loss: 0.0778, Dice: 0.0680, MSE: 0.0325
2025-05-16 13:38:59 - INFO - Epoch 647/1000, Loss: 0.0929, Dice: 0.0826, MSE: 0.0343
2025-05-16 13:39:13 - INFO - Epoch 648/1000, Loss: 0.1005, Dice: 0.0917, MSE: 0.0293
2025-05-16 13:39:26 - INFO - Epoch 649/1000, Loss: 0.0948, Dice: 0.0855, MSE: 0.0312
2025-05-16 13:39:40 - INFO - Epoch 650/1000, Loss: 0.1034, Dice: 0.0931, MSE: 0.0343
2025-05-16 13:39:53 - INFO - Epoch 651/1000, Loss: 0.1251, Dice: 0.1140, MSE: 0.0370
2025-05-16 13:40:07 - INFO - Epoch 652/1000, Loss: 0.1099, Dice: 0.0995, MSE: 0.0347
2025-05-16 13:40:21 - INFO - Epoch 653/1000, Loss: 0.1407, Dice: 0.1310, MSE: 0.0322
2025-05-16 13:40:34 - INFO - Epoch 654/1000, Loss: 0.1605, Dice: 0.1500, MSE: 0.0350
2025-05-16 13:40:48 - INFO - Epoch 655/1000, Loss: 0.1313, Dice: 0.1215, MSE: 0.0326
2025-05-16 13:41:01 - INFO - Epoch 656/1000, Loss: 0.1366, Dice: 0.1250, MSE: 0.0386
2025-05-16 13:41:15 - INFO - Epoch 657/1000, Loss: 0.1083, Dice: 0.0981, MSE: 0.0342
2025-05-16 13:41:28 - INFO - Epoch 658/1000, Loss: 0.0860, Dice: 0.0768, MSE: 0.0304
2025-05-16 13:41:42 - INFO - Epoch 659/1000, Loss: 0.0976, Dice: 0.0875, MSE: 0.0337
2025-05-16 13:41:55 - INFO - Epoch 660/1000, Loss: 0.0944, Dice: 0.0845, MSE: 0.0330
2025-05-16 13:41:56 - INFO - 模型已保存至: epoch_660.pth
2025-05-16 13:42:10 - INFO - Epoch 661/1000, Loss: 0.0856, Dice: 0.0764, MSE: 0.0307
2025-05-16 13:42:24 - INFO - Epoch 662/1000, Loss: 0.0932, Dice: 0.0831, MSE: 0.0336
2025-05-16 13:42:37 - INFO - Epoch 663/1000, Loss: 0.0872, Dice: 0.0776, MSE: 0.0320
2025-05-16 13:42:51 - INFO - Epoch 664/1000, Loss: 0.0780, Dice: 0.0693, MSE: 0.0291
2025-05-16 13:43:04 - INFO - Epoch 665/1000, Loss: 0.0772, Dice: 0.0667, MSE: 0.0348
2025-05-16 13:43:18 - INFO - Epoch 666/1000, Loss: 0.0955, Dice: 0.0858, MSE: 0.0324
2025-05-16 13:43:31 - INFO - Epoch 667/1000, Loss: 0.0849, Dice: 0.0753, MSE: 0.0320
2025-05-16 13:43:45 - INFO - Epoch 668/1000, Loss: 0.0819, Dice: 0.0729, MSE: 0.0300
2025-05-16 13:43:59 - INFO - Epoch 669/1000, Loss: 0.0759, Dice: 0.0660, MSE: 0.0331
2025-05-16 13:44:12 - INFO - Epoch 670/1000, Loss: 0.1278, Dice: 0.1180, MSE: 0.0325
2025-05-16 13:44:26 - INFO - Epoch 671/1000, Loss: 0.1391, Dice: 0.1285, MSE: 0.0356
2025-05-16 13:44:40 - INFO - Epoch 672/1000, Loss: 0.1542, Dice: 0.1429, MSE: 0.0375
2025-05-16 13:44:53 - INFO - Epoch 673/1000, Loss: 0.2003, Dice: 0.1900, MSE: 0.0344
2025-05-16 13:45:07 - INFO - Epoch 674/1000, Loss: 0.1297, Dice: 0.1199, MSE: 0.0326
2025-05-16 13:45:21 - INFO - Epoch 675/1000, Loss: 0.1271, Dice: 0.1172, MSE: 0.0331
2025-05-16 13:45:34 - INFO - Epoch 676/1000, Loss: 0.1264, Dice: 0.1175, MSE: 0.0297
2025-05-16 13:45:48 - INFO - Epoch 677/1000, Loss: 0.1111, Dice: 0.1022, MSE: 0.0297
2025-05-16 13:46:01 - INFO - Epoch 678/1000, Loss: 0.1100, Dice: 0.1014, MSE: 0.0286
2025-05-16 13:46:15 - INFO - Epoch 679/1000, Loss: 0.0937, Dice: 0.0847, MSE: 0.0299
2025-05-16 13:46:29 - INFO - Epoch 680/1000, Loss: 0.0900, Dice: 0.0809, MSE: 0.0303
2025-05-16 13:46:30 - INFO - 模型已保存至: epoch_680.pth
2025-05-16 13:46:43 - INFO - Epoch 681/1000, Loss: 0.0946, Dice: 0.0842, MSE: 0.0348
2025-05-16 13:46:57 - INFO - Epoch 682/1000, Loss: 0.0944, Dice: 0.0847, MSE: 0.0326
2025-05-16 13:47:10 - INFO - Epoch 683/1000, Loss: 0.0935, Dice: 0.0839, MSE: 0.0323
2025-05-16 13:47:24 - INFO - Epoch 684/1000, Loss: 0.0782, Dice: 0.0697, MSE: 0.0284
2025-05-16 13:47:37 - INFO - Epoch 685/1000, Loss: 0.0752, Dice: 0.0651, MSE: 0.0337
2025-05-16 13:47:51 - INFO - Epoch 686/1000, Loss: 0.0808, Dice: 0.0715, MSE: 0.0310
2025-05-16 13:48:05 - INFO - Epoch 687/1000, Loss: 0.0786, Dice: 0.0698, MSE: 0.0292
2025-05-16 13:48:18 - INFO - Epoch 688/1000, Loss: 0.0789, Dice: 0.0695, MSE: 0.0311
2025-05-16 13:48:32 - INFO - Epoch 689/1000, Loss: 0.0758, Dice: 0.0666, MSE: 0.0305
2025-05-16 13:48:45 - INFO - Epoch 690/1000, Loss: 0.0861, Dice: 0.0768, MSE: 0.0310
2025-05-16 13:48:59 - INFO - Epoch 691/1000, Loss: 0.0925, Dice: 0.0840, MSE: 0.0286
2025-05-16 13:49:13 - INFO - Epoch 692/1000, Loss: 0.1069, Dice: 0.0961, MSE: 0.0360
2025-05-16 13:49:27 - INFO - Epoch 693/1000, Loss: 0.0856, Dice: 0.0754, MSE: 0.0339
2025-05-16 13:49:40 - INFO - Epoch 694/1000, Loss: 0.0966, Dice: 0.0865, MSE: 0.0335
2025-05-16 13:49:54 - INFO - Epoch 695/1000, Loss: 0.1085, Dice: 0.0987, MSE: 0.0326
2025-05-16 13:50:07 - INFO - Epoch 696/1000, Loss: 0.1052, Dice: 0.0955, MSE: 0.0324
2025-05-16 13:50:21 - INFO - Epoch 697/1000, Loss: 0.1140, Dice: 0.1042, MSE: 0.0327
2025-05-16 13:50:35 - INFO - Epoch 698/1000, Loss: 0.0953, Dice: 0.0865, MSE: 0.0295
2025-05-16 13:50:48 - INFO - Epoch 699/1000, Loss: 0.0821, Dice: 0.0731, MSE: 0.0299
2025-05-16 13:51:02 - INFO - Epoch 700/1000, Loss: 0.0841, Dice: 0.0747, MSE: 0.0314
2025-05-16 13:51:03 - INFO - 模型已保存至: epoch_700.pth
2025-05-16 13:51:17 - INFO - Epoch 701/1000, Loss: 0.0978, Dice: 0.0875, MSE: 0.0344
2025-05-16 13:51:30 - INFO - Epoch 702/1000, Loss: 0.0916, Dice: 0.0817, MSE: 0.0332
2025-05-16 13:51:44 - INFO - Epoch 703/1000, Loss: 0.0966, Dice: 0.0870, MSE: 0.0320
2025-05-16 13:51:58 - INFO - Epoch 704/1000, Loss: 0.0878, Dice: 0.0788, MSE: 0.0301
2025-05-16 13:52:11 - INFO - Epoch 705/1000, Loss: 0.0843, Dice: 0.0760, MSE: 0.0275
2025-05-16 13:52:25 - INFO - Epoch 706/1000, Loss: 0.0750, Dice: 0.0655, MSE: 0.0317
2025-05-16 13:52:39 - INFO - Epoch 707/1000, Loss: 0.0845, Dice: 0.0752, MSE: 0.0309
2025-05-16 13:52:52 - INFO - Epoch 708/1000, Loss: 0.0780, Dice: 0.0687, MSE: 0.0309
2025-05-16 13:53:06 - INFO - Epoch 709/1000, Loss: 0.0838, Dice: 0.0751, MSE: 0.0289
2025-05-16 13:53:19 - INFO - Epoch 710/1000, Loss: 0.0854, Dice: 0.0749, MSE: 0.0353
2025-05-16 13:53:33 - INFO - Epoch 711/1000, Loss: 0.0850, Dice: 0.0755, MSE: 0.0316
2025-05-16 13:53:46 - INFO - Epoch 712/1000, Loss: 0.0979, Dice: 0.0878, MSE: 0.0336
2025-05-16 13:54:00 - INFO - Epoch 713/1000, Loss: 0.0846, Dice: 0.0759, MSE: 0.0291
2025-05-16 13:54:13 - INFO - Epoch 714/1000, Loss: 0.0854, Dice: 0.0756, MSE: 0.0326
2025-05-16 13:54:27 - INFO - Epoch 715/1000, Loss: 0.0787, Dice: 0.0684, MSE: 0.0345
2025-05-16 13:54:40 - INFO - Epoch 716/1000, Loss: 0.0808, Dice: 0.0711, MSE: 0.0324
2025-05-16 13:54:54 - INFO - Epoch 717/1000, Loss: 0.0749, Dice: 0.0650, MSE: 0.0328
2025-05-16 13:55:08 - INFO - Epoch 718/1000, Loss: 0.0749, Dice: 0.0644, MSE: 0.0351
2025-05-16 13:55:21 - INFO - Epoch 719/1000, Loss: 0.0847, Dice: 0.0760, MSE: 0.0293
2025-05-16 13:55:35 - INFO - Epoch 720/1000, Loss: 0.0778, Dice: 0.0691, MSE: 0.0290
2025-05-16 13:55:36 - INFO - 模型已保存至: epoch_720.pth
2025-05-16 13:55:49 - INFO - Epoch 721/1000, Loss: 0.0768, Dice: 0.0669, MSE: 0.0327
2025-05-16 13:56:03 - INFO - Epoch 722/1000, Loss: 0.0931, Dice: 0.0841, MSE: 0.0301
2025-05-16 13:56:17 - INFO - Epoch 723/1000, Loss: 0.0797, Dice: 0.0694, MSE: 0.0344
2025-05-16 13:56:30 - INFO - Epoch 724/1000, Loss: 0.0766, Dice: 0.0675, MSE: 0.0304
2025-05-16 13:56:44 - INFO - Epoch 725/1000, Loss: 0.0766, Dice: 0.0681, MSE: 0.0282
2025-05-16 13:56:58 - INFO - Epoch 726/1000, Loss: 0.0678, Dice: 0.0582, MSE: 0.0322
2025-05-16 13:57:11 - INFO - Epoch 727/1000, Loss: 0.0734, Dice: 0.0634, MSE: 0.0331
2025-05-16 13:57:25 - INFO - Epoch 728/1000, Loss: 0.0762, Dice: 0.0663, MSE: 0.0332
2025-05-16 13:57:39 - INFO - Epoch 729/1000, Loss: 0.1211, Dice: 0.1106, MSE: 0.0350
2025-05-16 13:57:52 - INFO - Epoch 730/1000, Loss: 0.1532, Dice: 0.1438, MSE: 0.0314
2025-05-16 13:58:06 - INFO - Epoch 731/1000, Loss: 0.1288, Dice: 0.1178, MSE: 0.0369
2025-05-16 13:58:19 - INFO - Epoch 732/1000, Loss: 0.1012, Dice: 0.0909, MSE: 0.0342
2025-05-16 13:58:33 - INFO - Epoch 733/1000, Loss: 0.1036, Dice: 0.0935, MSE: 0.0335
2025-05-16 13:58:47 - INFO - Epoch 734/1000, Loss: 0.0959, Dice: 0.0871, MSE: 0.0295
2025-05-16 13:59:00 - INFO - Epoch 735/1000, Loss: 0.0847, Dice: 0.0753, MSE: 0.0315
2025-05-16 13:59:14 - INFO - Epoch 736/1000, Loss: 0.0883, Dice: 0.0785, MSE: 0.0326
2025-05-16 13:59:27 - INFO - Epoch 737/1000, Loss: 0.0903, Dice: 0.0806, MSE: 0.0326
2025-05-16 13:59:41 - INFO - Epoch 738/1000, Loss: 0.0787, Dice: 0.0694, MSE: 0.0308
2025-05-16 13:59:55 - INFO - Epoch 739/1000, Loss: 0.0849, Dice: 0.0761, MSE: 0.0293
2025-05-16 14:00:08 - INFO - Epoch 740/1000, Loss: 0.0946, Dice: 0.0858, MSE: 0.0291
2025-05-16 14:00:09 - INFO - 模型已保存至: epoch_740.pth
2025-05-16 14:00:23 - INFO - Epoch 741/1000, Loss: 0.0814, Dice: 0.0719, MSE: 0.0317
2025-05-16 14:00:36 - INFO - Epoch 742/1000, Loss: 0.0869, Dice: 0.0771, MSE: 0.0326
2025-05-16 14:00:50 - INFO - Epoch 743/1000, Loss: 0.0720, Dice: 0.0635, MSE: 0.0281
2025-05-16 14:01:04 - INFO - Epoch 744/1000, Loss: 0.1336, Dice: 0.1245, MSE: 0.0301
2025-05-16 14:01:17 - INFO - Epoch 745/1000, Loss: 0.0817, Dice: 0.0721, MSE: 0.0319
2025-05-16 14:01:31 - INFO - Epoch 746/1000, Loss: 0.0763, Dice: 0.0674, MSE: 0.0297
2025-05-16 14:01:44 - INFO - Epoch 747/1000, Loss: 0.0738, Dice: 0.0643, MSE: 0.0317
2025-05-16 14:01:58 - INFO - Epoch 748/1000, Loss: 0.0728, Dice: 0.0631, MSE: 0.0325
2025-05-16 14:02:12 - INFO - Epoch 749/1000, Loss: 0.0739, Dice: 0.0632, MSE: 0.0357
2025-05-16 14:02:25 - INFO - Epoch 750/1000, Loss: 0.0824, Dice: 0.0733, MSE: 0.0304
2025-05-16 14:02:39 - INFO - Epoch 751/1000, Loss: 0.0726, Dice: 0.0634, MSE: 0.0306
2025-05-16 14:02:52 - INFO - Epoch 752/1000, Loss: 0.0754, Dice: 0.0658, MSE: 0.0320
2025-05-16 14:03:06 - INFO - Epoch 753/1000, Loss: 0.0889, Dice: 0.0794, MSE: 0.0318
2025-05-16 14:03:20 - INFO - Epoch 754/1000, Loss: 0.0704, Dice: 0.0622, MSE: 0.0274
2025-05-16 14:03:33 - INFO - Epoch 755/1000, Loss: 0.0807, Dice: 0.0718, MSE: 0.0295
2025-05-16 14:03:47 - INFO - Epoch 756/1000, Loss: 0.0876, Dice: 0.0785, MSE: 0.0301
2025-05-16 14:04:00 - INFO - Epoch 757/1000, Loss: 0.0740, Dice: 0.0641, MSE: 0.0327
2025-05-16 14:04:14 - INFO - Epoch 758/1000, Loss: 0.0930, Dice: 0.0832, MSE: 0.0325
2025-05-16 14:04:28 - INFO - Epoch 759/1000, Loss: 0.0747, Dice: 0.0652, MSE: 0.0317
2025-05-16 14:04:41 - INFO - Epoch 760/1000, Loss: 0.0861, Dice: 0.0772, MSE: 0.0294
2025-05-16 14:04:42 - INFO - 模型已保存至: epoch_760.pth
2025-05-16 14:04:56 - INFO - Epoch 761/1000, Loss: 0.0927, Dice: 0.0836, MSE: 0.0301
2025-05-16 14:05:09 - INFO - Epoch 762/1000, Loss: 0.0798, Dice: 0.0705, MSE: 0.0308
2025-05-16 14:05:23 - INFO - Epoch 763/1000, Loss: 0.0652, Dice: 0.0555, MSE: 0.0326
2025-05-16 14:05:37 - INFO - Epoch 764/1000, Loss: 0.0917, Dice: 0.0730, MSE: 0.0622
2025-05-16 14:05:50 - INFO - Epoch 765/1000, Loss: 0.0829, Dice: 0.0721, MSE: 0.0361
2025-05-16 14:06:04 - INFO - Epoch 766/1000, Loss: 0.0684, Dice: 0.0587, MSE: 0.0323
2025-05-16 14:06:17 - INFO - Epoch 767/1000, Loss: 0.0715, Dice: 0.0615, MSE: 0.0333
2025-05-16 14:06:31 - INFO - Epoch 768/1000, Loss: 0.0907, Dice: 0.0808, MSE: 0.0330
2025-05-16 14:06:45 - INFO - Epoch 769/1000, Loss: 0.0766, Dice: 0.0674, MSE: 0.0305
2025-05-16 14:06:58 - INFO - Epoch 770/1000, Loss: 0.0777, Dice: 0.0671, MSE: 0.0353
2025-05-16 14:07:12 - INFO - Epoch 771/1000, Loss: 0.0754, Dice: 0.0653, MSE: 0.0337
2025-05-16 14:07:26 - INFO - Epoch 772/1000, Loss: 0.0898, Dice: 0.0804, MSE: 0.0313
2025-05-16 14:07:39 - INFO - Epoch 773/1000, Loss: 0.0758, Dice: 0.0656, MSE: 0.0340
2025-05-16 14:07:53 - INFO - Epoch 774/1000, Loss: 0.0724, Dice: 0.0628, MSE: 0.0319
2025-05-16 14:08:06 - INFO - Epoch 775/1000, Loss: 0.0746, Dice: 0.0656, MSE: 0.0301
2025-05-16 14:08:20 - INFO - Epoch 776/1000, Loss: 0.0755, Dice: 0.0663, MSE: 0.0310
2025-05-16 14:08:34 - INFO - Epoch 777/1000, Loss: 0.0806, Dice: 0.0712, MSE: 0.0314
2025-05-16 14:08:47 - INFO - Epoch 778/1000, Loss: 0.0742, Dice: 0.0641, MSE: 0.0337
2025-05-16 14:09:01 - INFO - Epoch 779/1000, Loss: 0.0865, Dice: 0.0774, MSE: 0.0303
2025-05-16 14:09:14 - INFO - Epoch 780/1000, Loss: 0.1083, Dice: 0.0992, MSE: 0.0303
2025-05-16 14:09:15 - INFO - 模型已保存至: epoch_780.pth
2025-05-16 14:09:29 - INFO - Epoch 781/1000, Loss: 0.0951, Dice: 0.0846, MSE: 0.0351
2025-05-16 14:09:42 - INFO - Epoch 782/1000, Loss: 0.1025, Dice: 0.0927, MSE: 0.0327
2025-05-16 14:09:56 - INFO - Epoch 783/1000, Loss: 0.0923, Dice: 0.0825, MSE: 0.0326
2025-05-16 14:10:10 - INFO - Epoch 784/1000, Loss: 0.0926, Dice: 0.0839, MSE: 0.0290
2025-05-16 14:10:23 - INFO - Epoch 785/1000, Loss: 0.0833, Dice: 0.0727, MSE: 0.0354
2025-05-16 14:10:37 - INFO - Epoch 786/1000, Loss: 0.0867, Dice: 0.0761, MSE: 0.0353
2025-05-16 14:10:50 - INFO - Epoch 787/1000, Loss: 0.0937, Dice: 0.0842, MSE: 0.0319
2025-05-16 14:11:04 - INFO - Epoch 788/1000, Loss: 0.1071, Dice: 0.0974, MSE: 0.0325
2025-05-16 14:11:17 - INFO - Epoch 789/1000, Loss: 0.0916, Dice: 0.0818, MSE: 0.0327
2025-05-16 14:11:31 - INFO - Epoch 790/1000, Loss: 0.0836, Dice: 0.0742, MSE: 0.0314
2025-05-16 14:11:45 - INFO - Epoch 791/1000, Loss: 0.0793, Dice: 0.0709, MSE: 0.0281
2025-05-16 14:11:58 - INFO - Epoch 792/1000, Loss: 0.0819, Dice: 0.0732, MSE: 0.0290
2025-05-16 14:12:12 - INFO - Epoch 793/1000, Loss: 0.0927, Dice: 0.0829, MSE: 0.0326
2025-05-16 14:12:26 - INFO - Epoch 794/1000, Loss: 0.0997, Dice: 0.0901, MSE: 0.0320
2025-05-16 14:12:39 - INFO - Epoch 795/1000, Loss: 0.1157, Dice: 0.1046, MSE: 0.0369
2025-05-16 14:12:53 - INFO - Epoch 796/1000, Loss: 0.0842, Dice: 0.0735, MSE: 0.0357
2025-05-16 14:13:06 - INFO - Epoch 797/1000, Loss: 0.1832, Dice: 0.1709, MSE: 0.0410
2025-05-16 14:13:20 - INFO - Epoch 798/1000, Loss: 0.1720, Dice: 0.1613, MSE: 0.0356
2025-05-16 14:13:34 - INFO - Epoch 799/1000, Loss: 0.1409, Dice: 0.1327, MSE: 0.0274
2025-05-16 14:13:47 - INFO - Epoch 800/1000, Loss: 0.0942, Dice: 0.0850, MSE: 0.0305
2025-05-16 14:13:48 - INFO - 模型已保存至: epoch_800.pth
2025-05-16 14:14:02 - INFO - Epoch 801/1000, Loss: 0.1328, Dice: 0.1244, MSE: 0.0282
2025-05-16 14:14:15 - INFO - Epoch 802/1000, Loss: 0.1210, Dice: 0.1118, MSE: 0.0307
2025-05-16 14:14:29 - INFO - Epoch 803/1000, Loss: 0.1143, Dice: 0.1065, MSE: 0.0260
2025-05-16 14:14:42 - INFO - Epoch 804/1000, Loss: 0.1075, Dice: 0.0983, MSE: 0.0309
2025-05-16 14:14:56 - INFO - Epoch 805/1000, Loss: 0.1185, Dice: 0.1096, MSE: 0.0299
2025-05-16 14:15:09 - INFO - Epoch 806/1000, Loss: 0.0958, Dice: 0.0859, MSE: 0.0330
2025-05-16 14:15:23 - INFO - Epoch 807/1000, Loss: 0.0973, Dice: 0.0876, MSE: 0.0323
2025-05-16 14:15:37 - INFO - Epoch 808/1000, Loss: 0.0817, Dice: 0.0725, MSE: 0.0304
2025-05-16 14:15:50 - INFO - Epoch 809/1000, Loss: 0.0833, Dice: 0.0750, MSE: 0.0277
2025-05-16 14:16:04 - INFO - Epoch 810/1000, Loss: 0.0832, Dice: 0.0741, MSE: 0.0303
2025-05-16 14:16:18 - INFO - Epoch 811/1000, Loss: 0.0954, Dice: 0.0862, MSE: 0.0304
2025-05-16 14:16:31 - INFO - Epoch 812/1000, Loss: 0.0833, Dice: 0.0735, MSE: 0.0326
2025-05-16 14:16:45 - INFO - Epoch 813/1000, Loss: 0.0822, Dice: 0.0739, MSE: 0.0279
2025-05-16 14:16:58 - INFO - Epoch 814/1000, Loss: 0.0846, Dice: 0.0762, MSE: 0.0278
2025-05-16 14:17:12 - INFO - Epoch 815/1000, Loss: 0.0839, Dice: 0.0764, MSE: 0.0253
2025-05-16 14:17:26 - INFO - Epoch 816/1000, Loss: 0.0713, Dice: 0.0633, MSE: 0.0267
2025-05-16 14:17:39 - INFO - Epoch 817/1000, Loss: 0.0879, Dice: 0.0791, MSE: 0.0293
2025-05-16 14:17:53 - INFO - Epoch 818/1000, Loss: 0.0966, Dice: 0.0878, MSE: 0.0292
2025-05-16 14:18:06 - INFO - Epoch 819/1000, Loss: 0.0745, Dice: 0.0663, MSE: 0.0275
2025-05-16 14:18:20 - INFO - Epoch 820/1000, Loss: 0.0898, Dice: 0.0810, MSE: 0.0294
2025-05-16 14:18:21 - INFO - 模型已保存至: epoch_820.pth
2025-05-16 14:18:35 - INFO - Epoch 821/1000, Loss: 0.0818, Dice: 0.0732, MSE: 0.0288
2025-05-16 14:18:48 - INFO - Epoch 822/1000, Loss: 0.0810, Dice: 0.0727, MSE: 0.0276
2025-05-16 14:19:02 - INFO - Epoch 823/1000, Loss: 0.0850, Dice: 0.0768, MSE: 0.0272
2025-05-16 14:19:16 - INFO - Epoch 824/1000, Loss: 0.0807, Dice: 0.0711, MSE: 0.0318
2025-05-16 14:19:29 - INFO - Epoch 825/1000, Loss: 0.0721, Dice: 0.0630, MSE: 0.0304
2025-05-16 14:19:43 - INFO - Epoch 826/1000, Loss: 0.0737, Dice: 0.0651, MSE: 0.0287
2025-05-16 14:19:56 - INFO - Epoch 827/1000, Loss: 0.0805, Dice: 0.0721, MSE: 0.0279
2025-05-16 14:20:10 - INFO - Epoch 828/1000, Loss: 0.0718, Dice: 0.0614, MSE: 0.0346
2025-05-16 14:20:24 - INFO - Epoch 829/1000, Loss: 0.0838, Dice: 0.0733, MSE: 0.0351
2025-05-16 14:20:37 - INFO - Epoch 830/1000, Loss: 0.0823, Dice: 0.0721, MSE: 0.0340
2025-05-16 14:20:51 - INFO - Epoch 831/1000, Loss: 0.0887, Dice: 0.0795, MSE: 0.0307
2025-05-16 14:21:04 - INFO - Epoch 832/1000, Loss: 0.0809, Dice: 0.0715, MSE: 0.0315
2025-05-16 14:21:18 - INFO - Epoch 833/1000, Loss: 0.0857, Dice: 0.0780, MSE: 0.0257
2025-05-16 14:21:32 - INFO - Epoch 834/1000, Loss: 0.0749, Dice: 0.0659, MSE: 0.0302
2025-05-16 14:21:45 - INFO - Epoch 835/1000, Loss: 0.0746, Dice: 0.0660, MSE: 0.0287
2025-05-16 14:21:59 - INFO - Epoch 836/1000, Loss: 0.0894, Dice: 0.0812, MSE: 0.0273
2025-05-16 14:22:12 - INFO - Epoch 837/1000, Loss: 0.0663, Dice: 0.0575, MSE: 0.0294
2025-05-16 14:22:26 - INFO - Epoch 838/1000, Loss: 0.0795, Dice: 0.0699, MSE: 0.0321
2025-05-16 14:22:40 - INFO - Epoch 839/1000, Loss: 0.0774, Dice: 0.0680, MSE: 0.0315
2025-05-16 14:22:54 - INFO - Epoch 840/1000, Loss: 0.0784, Dice: 0.0697, MSE: 0.0291
2025-05-16 14:22:55 - INFO - 模型已保存至: epoch_840.pth
2025-05-16 14:23:08 - INFO - Epoch 841/1000, Loss: 0.0857, Dice: 0.0765, MSE: 0.0305
2025-05-16 14:23:22 - INFO - Epoch 842/1000, Loss: 0.0752, Dice: 0.0655, MSE: 0.0322
2025-05-16 14:23:36 - INFO - Epoch 843/1000, Loss: 0.0735, Dice: 0.0636, MSE: 0.0330
2025-05-16 14:23:49 - INFO - Epoch 844/1000, Loss: 0.0673, Dice: 0.0592, MSE: 0.0269
2025-05-16 14:24:03 - INFO - Epoch 845/1000, Loss: 0.0828, Dice: 0.0744, MSE: 0.0278
2025-05-16 14:24:17 - INFO - Epoch 846/1000, Loss: 0.0901, Dice: 0.0817, MSE: 0.0280
2025-05-16 14:24:30 - INFO - Epoch 847/1000, Loss: 0.0688, Dice: 0.0599, MSE: 0.0298
2025-05-16 14:24:44 - INFO - Epoch 848/1000, Loss: 0.0698, Dice: 0.0608, MSE: 0.0300
2025-05-16 14:24:57 - INFO - Epoch 849/1000, Loss: 0.0760, Dice: 0.0682, MSE: 0.0260
2025-05-16 14:25:11 - INFO - Epoch 850/1000, Loss: 0.0666, Dice: 0.0587, MSE: 0.0266
2025-05-16 14:25:24 - INFO - Epoch 851/1000, Loss: 0.0656, Dice: 0.0563, MSE: 0.0311
2025-05-16 14:25:38 - INFO - Epoch 852/1000, Loss: 0.0735, Dice: 0.0652, MSE: 0.0275
2025-05-16 14:25:52 - INFO - Epoch 853/1000, Loss: 0.0712, Dice: 0.0606, MSE: 0.0354
2025-05-16 14:26:05 - INFO - Epoch 854/1000, Loss: 0.0688, Dice: 0.0597, MSE: 0.0302
2025-05-16 14:26:19 - INFO - Epoch 855/1000, Loss: 0.0700, Dice: 0.0614, MSE: 0.0285
2025-05-16 14:26:32 - INFO - Epoch 856/1000, Loss: 0.0674, Dice: 0.0591, MSE: 0.0275
2025-05-16 14:26:46 - INFO - Epoch 857/1000, Loss: 0.1371, Dice: 0.1287, MSE: 0.0282
2025-05-16 14:27:00 - INFO - Epoch 858/1000, Loss: 0.0732, Dice: 0.0650, MSE: 0.0274
2025-05-16 14:27:13 - INFO - Epoch 859/1000, Loss: 0.0688, Dice: 0.0597, MSE: 0.0305
2025-05-16 14:27:27 - INFO - Epoch 860/1000, Loss: 0.0890, Dice: 0.0796, MSE: 0.0312
2025-05-16 14:27:28 - INFO - 模型已保存至: epoch_860.pth
2025-05-16 14:27:41 - INFO - Epoch 861/1000, Loss: 0.0728, Dice: 0.0628, MSE: 0.0334
2025-05-16 14:27:55 - INFO - Epoch 862/1000, Loss: 0.0726, Dice: 0.0639, MSE: 0.0287
2025-05-16 14:28:09 - INFO - Epoch 863/1000, Loss: 0.0658, Dice: 0.0570, MSE: 0.0292
2025-05-16 14:28:22 - INFO - Epoch 864/1000, Loss: 0.0873, Dice: 0.0783, MSE: 0.0299
2025-05-16 14:28:36 - INFO - Epoch 865/1000, Loss: 0.0746, Dice: 0.0660, MSE: 0.0287
2025-05-16 14:28:49 - INFO - Epoch 866/1000, Loss: 0.0761, Dice: 0.0666, MSE: 0.0314
2025-05-16 14:29:03 - INFO - Epoch 867/1000, Loss: 0.0671, Dice: 0.0583, MSE: 0.0293
2025-05-16 14:29:16 - INFO - Epoch 868/1000, Loss: 0.0837, Dice: 0.0744, MSE: 0.0310
2025-05-16 14:29:30 - INFO - Epoch 869/1000, Loss: 0.0721, Dice: 0.0640, MSE: 0.0270
2025-05-16 14:29:44 - INFO - Epoch 870/1000, Loss: 0.0718, Dice: 0.0636, MSE: 0.0275
2025-05-16 14:29:57 - INFO - Epoch 871/1000, Loss: 0.0757, Dice: 0.0653, MSE: 0.0347
2025-05-16 14:30:11 - INFO - Epoch 872/1000, Loss: 0.0659, Dice: 0.0578, MSE: 0.0270
2025-05-16 14:30:24 - INFO - Epoch 873/1000, Loss: 0.0712, Dice: 0.0630, MSE: 0.0274
2025-05-16 14:30:38 - INFO - Epoch 874/1000, Loss: 0.0714, Dice: 0.0635, MSE: 0.0261
2025-05-16 14:30:52 - INFO - Epoch 875/1000, Loss: 0.0842, Dice: 0.0757, MSE: 0.0284
2025-05-16 14:31:05 - INFO - Epoch 876/1000, Loss: 0.0896, Dice: 0.0814, MSE: 0.0275
2025-05-16 14:31:19 - INFO - Epoch 877/1000, Loss: 0.0853, Dice: 0.0765, MSE: 0.0291
2025-05-16 14:31:32 - INFO - Epoch 878/1000, Loss: 0.0773, Dice: 0.0679, MSE: 0.0312
2025-05-16 14:31:46 - INFO - Epoch 879/1000, Loss: 0.0861, Dice: 0.0761, MSE: 0.0334
2025-05-16 14:32:00 - INFO - Epoch 880/1000, Loss: 0.0847, Dice: 0.0756, MSE: 0.0303
2025-05-16 14:32:01 - INFO - 模型已保存至: epoch_880.pth
2025-05-16 14:32:14 - INFO - Epoch 881/1000, Loss: 0.0758, Dice: 0.0674, MSE: 0.0281
2025-05-16 14:32:28 - INFO - Epoch 882/1000, Loss: 0.0772, Dice: 0.0694, MSE: 0.0261
2025-05-16 14:32:42 - INFO - Epoch 883/1000, Loss: 0.0898, Dice: 0.0808, MSE: 0.0302
2025-05-16 14:32:55 - INFO - Epoch 884/1000, Loss: 0.1587, Dice: 0.1474, MSE: 0.0377
2025-05-16 14:33:09 - INFO - Epoch 885/1000, Loss: 0.1703, Dice: 0.1624, MSE: 0.0265
2025-05-16 14:33:23 - INFO - Epoch 886/1000, Loss: 0.1340, Dice: 0.1257, MSE: 0.0276
2025-05-16 14:33:36 - INFO - Epoch 887/1000, Loss: 0.1765, Dice: 0.1673, MSE: 0.0305
2025-05-16 14:33:50 - INFO - Epoch 888/1000, Loss: 0.1420, Dice: 0.1324, MSE: 0.0321
2025-05-16 14:34:03 - INFO - Epoch 889/1000, Loss: 0.1301, Dice: 0.1218, MSE: 0.0278
2025-05-16 14:34:17 - INFO - Epoch 890/1000, Loss: 0.1475, Dice: 0.1397, MSE: 0.0259
2025-05-16 14:34:31 - INFO - Epoch 891/1000, Loss: 0.1019, Dice: 0.0922, MSE: 0.0325
2025-05-16 14:34:44 - INFO - Epoch 892/1000, Loss: 0.0914, Dice: 0.0808, MSE: 0.0355
2025-05-16 14:34:58 - INFO - Epoch 893/1000, Loss: 0.0909, Dice: 0.0825, MSE: 0.0279
2025-05-16 14:35:12 - INFO - Epoch 894/1000, Loss: 0.1963, Dice: 0.1868, MSE: 0.0316
2025-05-16 14:35:25 - INFO - Epoch 895/1000, Loss: 0.3407, Dice: 0.3292, MSE: 0.0382
2025-05-16 14:35:39 - INFO - Epoch 896/1000, Loss: 0.1774, Dice: 0.1697, MSE: 0.0259
2025-05-16 14:35:52 - INFO - Epoch 897/1000, Loss: 0.1380, Dice: 0.1299, MSE: 0.0270
2025-05-16 14:36:06 - INFO - Epoch 898/1000, Loss: 0.1495, Dice: 0.1412, MSE: 0.0276
2025-05-16 14:36:20 - INFO - Epoch 899/1000, Loss: 0.1173, Dice: 0.1086, MSE: 0.0289
2025-05-16 14:36:33 - INFO - Epoch 900/1000, Loss: 0.1072, Dice: 0.0987, MSE: 0.0282
2025-05-16 14:36:34 - INFO - 模型已保存至: epoch_900.pth
2025-05-16 14:36:48 - INFO - Epoch 901/1000, Loss: 0.1080, Dice: 0.1002, MSE: 0.0259
2025-05-16 14:37:01 - INFO - Epoch 902/1000, Loss: 0.1080, Dice: 0.0996, MSE: 0.0281
2025-05-16 14:37:15 - INFO - Epoch 903/1000, Loss: 0.1484, Dice: 0.1398, MSE: 0.0285
2025-05-16 14:37:29 - INFO - Epoch 904/1000, Loss: 0.1319, Dice: 0.1236, MSE: 0.0280
2025-05-16 14:37:43 - INFO - Epoch 905/1000, Loss: 0.0998, Dice: 0.0908, MSE: 0.0297
2025-05-16 14:37:56 - INFO - Epoch 906/1000, Loss: 0.0959, Dice: 0.0886, MSE: 0.0243
2025-05-16 14:38:10 - INFO - Epoch 907/1000, Loss: 0.1048, Dice: 0.0959, MSE: 0.0296
2025-05-16 14:38:23 - INFO - Epoch 908/1000, Loss: 0.0937, Dice: 0.0859, MSE: 0.0260
2025-05-16 14:38:37 - INFO - Epoch 909/1000, Loss: 0.0919, Dice: 0.0833, MSE: 0.0286
2025-05-16 14:38:50 - INFO - Epoch 910/1000, Loss: 0.1209, Dice: 0.1125, MSE: 0.0278
2025-05-16 14:39:04 - INFO - Epoch 911/1000, Loss: 0.1020, Dice: 0.0936, MSE: 0.0280
2025-05-16 14:39:17 - INFO - Epoch 912/1000, Loss: 0.0804, Dice: 0.0724, MSE: 0.0266
