2025-07-14 00:55:22 - INFO - Logging is set up.
2025-07-14 00:55:22 - INFO - Logging is set up.
2025-07-14 00:55:22 - INFO - 
======================================== New Training Session Started ========================================
2025-07-14 00:55:22 - INFO - 
======================================== New Training Session Started ========================================
2025-07-14 00:55:22 - INFO - Initialized distributed training on GPU 0. World size: 2
2025-07-14 00:55:22 - INFO - Training configuration:
{
  "seed": 42,
  "epochs": 600,
  "batch_size": 2,
  "learning_rate": 0.0001,
  "log_path": "./result/VNet_Multi_V4/Amos_20/Training.log",
  "pth_path": "./result/VNet_Multi_V4/Amos_20/Pth",
  "tensorboard_path": "./result/VNet_Multi_V4/Amos_20/Train",
  "continue_train": false,
  "multi_gpu": true,
  "training_num": 20,
  "dataset_path": "./datasets/AMOS",
  "num_classes": 16,
  "patch_size": [
    160,
    160,
    80
  ]
}
2025-07-14 00:55:22 - INFO - Creating new TensorBoard log directory: ./result/VNet_Multi_V4/Amos_20/Train/20250714-005522
2025-07-14 00:55:22 - INFO - Initializing AMOS dataset...
2025-07-14 00:55:22 - INFO - Initialized distributed training on GPU 1. World size: 2
2025-07-14 00:55:22 - INFO - Training configuration:
{
  "seed": 42,
  "epochs": 600,
  "batch_size": 2,
  "learning_rate": 0.0001,
  "log_path": "./result/VNet_Multi_V4/Amos_20/Training.log",
  "pth_path": "./result/VNet_Multi_V4/Amos_20/Pth",
  "tensorboard_path": "./result/VNet_Multi_V4/Amos_20/Train",
  "continue_train": false,
  "multi_gpu": true,
  "training_num": 20,
  "dataset_path": "./datasets/AMOS",
  "num_classes": 16,
  "patch_size": [
    160,
    160,
    80
  ]
}
2025-07-14 00:55:22 - INFO - Initializing AMOS dataset...
2025-07-14 00:55:23 - INFO - Successfully loaded 20 training samples.
2025-07-14 00:55:23 - INFO - Successfully loaded 20 training samples.
2025-07-14 00:55:23 - INFO - DataLoader created with batch size: 2, num_workers: 24, shuffle: False.
2025-07-14 00:55:23 - INFO - Initializing VNet model...
2025-07-14 00:55:23 - INFO - DataLoader created with batch size: 2, num_workers: 24, shuffle: False.
2025-07-14 00:55:23 - INFO - Initializing VNet model...
2025-07-14 00:55:24 - INFO - Model VNet created with 16 classes and batch normalization.
2025-07-14 00:55:24 - INFO - Starting training from scratch.
2025-07-14 00:55:24 - INFO - Model VNet created with 16 classes and batch normalization.
2025-07-14 00:55:24 - INFO - Starting training from scratch.
2025-07-14 00:55:25 - INFO - Wrapped model with DistributedDataParallel (DDP).
2025-07-14 00:55:25 - INFO - Using loss function: UnifiedLoss with parameters: num_classes=16, lambda_reg=0.3, loss_weight=[1,1]
2025-07-14 00:55:25 - INFO - Optimizer: AdamW with learning rate: 0.0001, weight_decay: 0.01
2025-07-14 00:55:25 - INFO - Starting model training from epoch 1 to 600...
2025-07-14 00:55:25 - INFO - Wrapped model with DistributedDataParallel (DDP).
2025-07-14 00:55:25 - INFO - Using loss function: UnifiedLoss with parameters: num_classes=16, lambda_reg=0.3, loss_weight=[1,1]
2025-07-14 00:55:25 - INFO - Optimizer: AdamW with learning rate: 0.0001, weight_decay: 0.01
2025-07-14 00:55:25 - INFO - Starting model training from epoch 1 to 600...
2025-07-14 00:55:33 - INFO - Epoch 1/600 finished. Average Training Loss: 4.6060
2025-07-14 00:55:40 - INFO - Epoch 2/600 finished. Average Training Loss: 4.5420
2025-07-14 00:55:48 - INFO - Epoch 3/600 finished. Average Training Loss: 4.4288
2025-07-14 00:55:56 - INFO - Epoch 4/600 finished. Average Training Loss: 4.4236
2025-07-14 00:56:04 - INFO - Epoch 5/600 finished. Average Training Loss: 4.2914
2025-07-14 00:56:12 - INFO - Epoch 6/600 finished. Average Training Loss: 4.2820
2025-07-14 00:56:20 - INFO - Epoch 7/600 finished. Average Training Loss: 4.3179
2025-07-14 00:56:29 - INFO - Epoch 8/600 finished. Average Training Loss: 4.1950
2025-07-14 00:56:37 - INFO - Epoch 9/600 finished. Average Training Loss: 4.1156
2025-07-14 00:56:46 - INFO - Epoch 10/600 finished. Average Training Loss: 4.1407
2025-07-14 00:56:54 - INFO - Epoch 11/600 finished. Average Training Loss: 4.1192
2025-07-14 00:57:02 - INFO - Epoch 12/600 finished. Average Training Loss: 4.0513
2025-07-14 00:57:09 - INFO - Epoch 13/600 finished. Average Training Loss: 4.1156
2025-07-14 00:57:17 - INFO - Epoch 14/600 finished. Average Training Loss: 3.9490
2025-07-14 00:57:25 - INFO - Epoch 15/600 finished. Average Training Loss: 4.0346
2025-07-14 00:57:37 - INFO - Epoch 16/600 finished. Average Training Loss: 4.0491
2025-07-14 00:57:48 - INFO - Epoch 17/600 finished. Average Training Loss: 4.0060
2025-07-14 00:57:59 - INFO - Epoch 18/600 finished. Average Training Loss: 3.9246
2025-07-14 00:58:08 - INFO - Epoch 19/600 finished. Average Training Loss: 3.9911
2025-07-14 00:58:15 - INFO - Epoch 20/600 finished. Average Training Loss: 4.0644
2025-07-14 00:58:15 - INFO - Saved checkpoint for epoch 20 to ./result/VNet_Multi_V4/Amos_20/Pth/model_epoch_20_checkpoint.pth
2025-07-14 00:58:24 - INFO - Epoch 21/600 finished. Average Training Loss: 3.9654
2025-07-14 00:58:32 - INFO - Epoch 22/600 finished. Average Training Loss: 3.9187
2025-07-14 00:58:40 - INFO - Epoch 23/600 finished. Average Training Loss: 4.0105
2025-07-14 00:58:47 - INFO - Epoch 24/600 finished. Average Training Loss: 3.9657
2025-07-14 00:58:54 - INFO - Epoch 25/600 finished. Average Training Loss: 3.8659
2025-07-14 00:59:02 - INFO - Epoch 26/600 finished. Average Training Loss: 3.8804
2025-07-14 00:59:10 - INFO - Epoch 27/600 finished. Average Training Loss: 3.9136
2025-07-14 00:59:18 - INFO - Epoch 28/600 finished. Average Training Loss: 3.7723
2025-07-14 00:59:25 - INFO - Epoch 29/600 finished. Average Training Loss: 3.8205
2025-07-14 00:59:33 - INFO - Epoch 30/600 finished. Average Training Loss: 3.8912
2025-07-14 00:59:40 - INFO - Epoch 31/600 finished. Average Training Loss: 3.9082
2025-07-14 00:59:48 - INFO - Epoch 32/600 finished. Average Training Loss: 3.9161
2025-07-14 00:59:56 - INFO - Epoch 33/600 finished. Average Training Loss: 3.9486
2025-07-14 01:00:04 - INFO - Epoch 34/600 finished. Average Training Loss: 3.9314
2025-07-14 01:00:12 - INFO - Epoch 35/600 finished. Average Training Loss: 3.8203
2025-07-14 01:00:20 - INFO - Epoch 36/600 finished. Average Training Loss: 3.8307
2025-07-14 01:00:28 - INFO - Epoch 37/600 finished. Average Training Loss: 3.8037
2025-07-14 01:00:35 - INFO - Epoch 38/600 finished. Average Training Loss: 3.7650
2025-07-14 01:00:47 - INFO - Epoch 39/600 finished. Average Training Loss: 3.7282
2025-07-14 01:00:58 - INFO - Epoch 40/600 finished. Average Training Loss: 3.6102
2025-07-14 01:00:58 - INFO - Saved checkpoint for epoch 40 to ./result/VNet_Multi_V4/Amos_20/Pth/model_epoch_40_checkpoint.pth
2025-07-14 01:01:09 - INFO - Epoch 41/600 finished. Average Training Loss: 3.7322
2025-07-14 01:01:19 - INFO - Epoch 42/600 finished. Average Training Loss: 3.7843
2025-07-14 01:01:31 - INFO - Epoch 43/600 finished. Average Training Loss: 3.7571
2025-07-14 01:01:42 - INFO - Epoch 44/600 finished. Average Training Loss: 3.7861
2025-07-14 01:01:54 - INFO - Epoch 45/600 finished. Average Training Loss: 3.7665
2025-07-14 01:02:04 - INFO - Epoch 46/600 finished. Average Training Loss: 3.7910
2025-07-14 01:02:15 - INFO - Epoch 47/600 finished. Average Training Loss: 3.7846
2025-07-14 01:02:27 - INFO - Epoch 48/600 finished. Average Training Loss: 3.8019
2025-07-14 01:02:38 - INFO - Epoch 49/600 finished. Average Training Loss: 3.5701
2025-07-14 01:02:48 - INFO - Epoch 50/600 finished. Average Training Loss: 3.7277
2025-07-14 01:03:00 - INFO - Epoch 51/600 finished. Average Training Loss: 3.7787
2025-07-14 01:03:11 - INFO - Epoch 52/600 finished. Average Training Loss: 3.6632
2025-07-14 01:03:23 - INFO - Epoch 53/600 finished. Average Training Loss: 3.6302
2025-07-14 01:03:32 - INFO - Epoch 54/600 finished. Average Training Loss: 3.6753
2025-07-14 01:03:44 - INFO - Epoch 55/600 finished. Average Training Loss: 3.6414
2025-07-14 01:03:53 - INFO - Epoch 56/600 finished. Average Training Loss: 3.6759
2025-07-14 01:04:02 - INFO - Epoch 57/600 finished. Average Training Loss: 3.6484
2025-07-14 01:04:11 - INFO - Epoch 58/600 finished. Average Training Loss: 3.6023
2025-07-14 01:04:20 - INFO - Epoch 59/600 finished. Average Training Loss: 3.6140
2025-07-14 01:04:29 - INFO - Epoch 60/600 finished. Average Training Loss: 3.7049
2025-07-14 01:04:29 - INFO - Saved checkpoint for epoch 60 to ./result/VNet_Multi_V4/Amos_20/Pth/model_epoch_60_checkpoint.pth
2025-07-14 01:04:37 - INFO - Epoch 61/600 finished. Average Training Loss: 3.5370
2025-07-14 01:04:46 - INFO - Epoch 62/600 finished. Average Training Loss: 3.6400
2025-07-14 01:04:55 - INFO - Epoch 63/600 finished. Average Training Loss: 3.5243
2025-07-14 01:05:04 - INFO - Epoch 64/600 finished. Average Training Loss: 3.5563
2025-07-14 01:05:11 - INFO - Epoch 65/600 finished. Average Training Loss: 3.5553
2025-07-14 01:05:20 - INFO - Epoch 66/600 finished. Average Training Loss: 3.5644
2025-07-14 01:05:29 - INFO - Epoch 67/600 finished. Average Training Loss: 3.6082
2025-07-14 01:05:38 - INFO - Epoch 68/600 finished. Average Training Loss: 3.6752
2025-07-14 01:05:46 - INFO - Epoch 69/600 finished. Average Training Loss: 3.7793
2025-07-14 01:05:55 - INFO - Epoch 70/600 finished. Average Training Loss: 3.4369
2025-07-14 01:06:04 - INFO - Epoch 71/600 finished. Average Training Loss: 3.7140
2025-07-14 01:06:13 - INFO - Epoch 72/600 finished. Average Training Loss: 3.7030
2025-07-14 01:06:21 - INFO - Epoch 73/600 finished. Average Training Loss: 3.5876
2025-07-14 01:06:30 - INFO - Epoch 74/600 finished. Average Training Loss: 3.5186
2025-07-14 01:06:39 - INFO - Epoch 75/600 finished. Average Training Loss: 3.4363
2025-07-14 01:06:48 - INFO - Epoch 76/600 finished. Average Training Loss: 3.4119
2025-07-14 01:06:55 - INFO - Epoch 77/600 finished. Average Training Loss: 3.3163
2025-07-14 01:07:04 - INFO - Epoch 78/600 finished. Average Training Loss: 3.5235
2025-07-14 01:07:13 - INFO - Epoch 79/600 finished. Average Training Loss: 3.5634
2025-07-14 01:07:21 - INFO - Epoch 80/600 finished. Average Training Loss: 3.5220
2025-07-14 01:07:22 - INFO - Saved checkpoint for epoch 80 to ./result/VNet_Multi_V4/Amos_20/Pth/model_epoch_80_checkpoint.pth
2025-07-14 01:07:30 - INFO - Epoch 81/600 finished. Average Training Loss: 3.5260
2025-07-14 01:07:40 - INFO - Epoch 82/600 finished. Average Training Loss: 3.4867
2025-07-14 01:07:49 - INFO - Epoch 83/600 finished. Average Training Loss: 3.4384
2025-07-14 01:07:57 - INFO - Epoch 84/600 finished. Average Training Loss: 3.4570
2025-07-14 01:08:07 - INFO - Epoch 85/600 finished. Average Training Loss: 3.5148
2025-07-14 01:08:16 - INFO - Epoch 86/600 finished. Average Training Loss: 3.5821
2025-07-14 01:08:25 - INFO - Epoch 87/600 finished. Average Training Loss: 3.6175
2025-07-14 01:08:35 - INFO - Epoch 88/600 finished. Average Training Loss: 3.5609
2025-07-14 01:08:43 - INFO - Epoch 89/600 finished. Average Training Loss: 3.5727
2025-07-14 01:08:52 - INFO - Epoch 90/600 finished. Average Training Loss: 3.5528
2025-07-14 01:09:00 - INFO - Epoch 91/600 finished. Average Training Loss: 3.3982
2025-07-14 01:09:09 - INFO - Epoch 92/600 finished. Average Training Loss: 3.4646
2025-07-14 01:09:18 - INFO - Epoch 93/600 finished. Average Training Loss: 3.3854
2025-07-14 01:09:27 - INFO - Epoch 94/600 finished. Average Training Loss: 3.4306
2025-07-14 01:09:35 - INFO - Epoch 95/600 finished. Average Training Loss: 3.5370
2025-07-14 01:09:44 - INFO - Epoch 96/600 finished. Average Training Loss: 3.4503
2025-07-14 01:09:53 - INFO - Epoch 97/600 finished. Average Training Loss: 3.2237
2025-07-14 01:10:02 - INFO - Epoch 98/600 finished. Average Training Loss: 3.4454
2025-07-14 01:10:10 - INFO - Epoch 99/600 finished. Average Training Loss: 3.5200
2025-07-14 01:10:19 - INFO - Epoch 100/600 finished. Average Training Loss: 3.5442
2025-07-14 01:10:19 - INFO - Saved checkpoint for epoch 100 to ./result/VNet_Multi_V4/Amos_20/Pth/model_epoch_100_checkpoint.pth
2025-07-14 01:10:28 - INFO - Epoch 101/600 finished. Average Training Loss: 3.5127
2025-07-14 01:10:37 - INFO - Epoch 102/600 finished. Average Training Loss: 3.4670
2025-07-14 01:10:44 - INFO - Epoch 103/600 finished. Average Training Loss: 3.4347
2025-07-14 01:10:53 - INFO - Epoch 104/600 finished. Average Training Loss: 3.3200
2025-07-14 01:11:02 - INFO - Epoch 105/600 finished. Average Training Loss: 3.3687
2025-07-14 01:11:11 - INFO - Epoch 106/600 finished. Average Training Loss: 3.4772
2025-07-14 01:11:20 - INFO - Epoch 107/600 finished. Average Training Loss: 3.2516
2025-07-14 01:11:29 - INFO - Epoch 108/600 finished. Average Training Loss: 3.4258
2025-07-14 01:11:38 - INFO - Epoch 109/600 finished. Average Training Loss: 3.3606
2025-07-14 01:11:46 - INFO - Epoch 110/600 finished. Average Training Loss: 3.4515
2025-07-14 01:11:55 - INFO - Epoch 111/600 finished. Average Training Loss: 3.3160
2025-07-14 01:12:04 - INFO - Epoch 112/600 finished. Average Training Loss: 3.4167
2025-07-14 01:12:13 - INFO - Epoch 113/600 finished. Average Training Loss: 3.4665
2025-07-14 01:12:22 - INFO - Epoch 114/600 finished. Average Training Loss: 3.3980
2025-07-14 01:12:31 - INFO - Epoch 115/600 finished. Average Training Loss: 3.3108
2025-07-14 01:12:40 - INFO - Epoch 116/600 finished. Average Training Loss: 3.3020
2025-07-14 01:12:49 - INFO - Epoch 117/600 finished. Average Training Loss: 3.2382
2025-07-14 01:12:58 - INFO - Epoch 118/600 finished. Average Training Loss: 3.4734
2025-07-14 01:13:07 - INFO - Epoch 119/600 finished. Average Training Loss: 3.1520
2025-07-14 01:13:16 - INFO - Epoch 120/600 finished. Average Training Loss: 3.2591
2025-07-14 01:13:16 - INFO - Saved checkpoint for epoch 120 to ./result/VNet_Multi_V4/Amos_20/Pth/model_epoch_120_checkpoint.pth
2025-07-14 01:13:25 - INFO - Epoch 121/600 finished. Average Training Loss: 3.3429
2025-07-14 01:13:34 - INFO - Epoch 122/600 finished. Average Training Loss: 3.3879
2025-07-14 01:13:43 - INFO - Epoch 123/600 finished. Average Training Loss: 3.2105
2025-07-14 01:13:52 - INFO - Epoch 124/600 finished. Average Training Loss: 3.3184
2025-07-14 01:14:02 - INFO - Epoch 125/600 finished. Average Training Loss: 3.1036
2025-07-14 01:14:11 - INFO - Epoch 126/600 finished. Average Training Loss: 3.1606
2025-07-14 01:14:20 - INFO - Epoch 127/600 finished. Average Training Loss: 3.3144
2025-07-14 01:14:27 - INFO - Epoch 128/600 finished. Average Training Loss: 3.0961
2025-07-14 01:14:36 - INFO - Epoch 129/600 finished. Average Training Loss: 3.1848
2025-07-14 01:14:45 - INFO - Epoch 130/600 finished. Average Training Loss: 3.2374
2025-07-14 01:14:54 - INFO - Epoch 131/600 finished. Average Training Loss: 3.1690
2025-07-14 01:15:01 - INFO - Epoch 132/600 finished. Average Training Loss: 3.3374
2025-07-14 01:15:10 - INFO - Epoch 133/600 finished. Average Training Loss: 3.1415
2025-07-14 01:15:19 - INFO - Epoch 134/600 finished. Average Training Loss: 3.4167
2025-07-14 01:15:28 - INFO - Epoch 135/600 finished. Average Training Loss: 3.2268
2025-07-14 01:15:35 - INFO - Epoch 136/600 finished. Average Training Loss: 3.1604
2025-07-14 01:15:44 - INFO - Epoch 137/600 finished. Average Training Loss: 3.2011
2025-07-14 01:15:53 - INFO - Epoch 138/600 finished. Average Training Loss: 3.0982
2025-07-14 01:16:02 - INFO - Epoch 139/600 finished. Average Training Loss: 3.1983
2025-07-14 01:16:10 - INFO - Epoch 140/600 finished. Average Training Loss: 3.2351
2025-07-14 01:16:11 - INFO - Saved checkpoint for epoch 140 to ./result/VNet_Multi_V4/Amos_20/Pth/model_epoch_140_checkpoint.pth
2025-07-14 01:16:19 - INFO - Epoch 141/600 finished. Average Training Loss: 3.3564
2025-07-14 01:16:28 - INFO - Epoch 142/600 finished. Average Training Loss: 2.8534
2025-07-14 01:16:37 - INFO - Epoch 143/600 finished. Average Training Loss: 3.1145
2025-07-14 01:16:46 - INFO - Epoch 144/600 finished. Average Training Loss: 3.1594
2025-07-14 01:16:55 - INFO - Epoch 145/600 finished. Average Training Loss: 3.1597
2025-07-14 01:17:04 - INFO - Epoch 146/600 finished. Average Training Loss: 3.2093
2025-07-14 01:17:12 - INFO - Epoch 147/600 finished. Average Training Loss: 3.1140
2025-07-14 01:17:21 - INFO - Epoch 148/600 finished. Average Training Loss: 3.0706
2025-07-14 01:17:30 - INFO - Epoch 149/600 finished. Average Training Loss: 3.0929
2025-07-14 01:17:39 - INFO - Epoch 150/600 finished. Average Training Loss: 3.2344
2025-07-14 01:17:46 - INFO - Epoch 151/600 finished. Average Training Loss: 3.1653
2025-07-14 01:17:55 - INFO - Epoch 152/600 finished. Average Training Loss: 3.1102
2025-07-14 01:18:05 - INFO - Epoch 153/600 finished. Average Training Loss: 3.1191
2025-07-14 01:18:14 - INFO - Epoch 154/600 finished. Average Training Loss: 2.9970
2025-07-14 01:18:23 - INFO - Epoch 155/600 finished. Average Training Loss: 3.0517
2025-07-14 01:18:31 - INFO - Epoch 156/600 finished. Average Training Loss: 3.2275
2025-07-14 01:18:38 - INFO - Epoch 157/600 finished. Average Training Loss: 3.0525
2025-07-14 01:18:44 - INFO - Epoch 158/600 finished. Average Training Loss: 2.9091
2025-07-14 01:18:50 - INFO - Epoch 159/600 finished. Average Training Loss: 2.7920
2025-07-14 01:18:57 - INFO - Epoch 160/600 finished. Average Training Loss: 2.9834
2025-07-14 01:18:57 - INFO - Saved checkpoint for epoch 160 to ./result/VNet_Multi_V4/Amos_20/Pth/model_epoch_160_checkpoint.pth
2025-07-14 01:19:03 - INFO - Epoch 161/600 finished. Average Training Loss: 2.8776
2025-07-14 01:19:09 - INFO - Epoch 162/600 finished. Average Training Loss: 3.1349
2025-07-14 01:19:15 - INFO - Epoch 163/600 finished. Average Training Loss: 2.8834
2025-07-14 01:19:22 - INFO - Epoch 164/600 finished. Average Training Loss: 2.9711
2025-07-14 01:19:28 - INFO - Epoch 165/600 finished. Average Training Loss: 2.8445
2025-07-14 01:19:33 - INFO - Epoch 166/600 finished. Average Training Loss: 2.9742
2025-07-14 01:19:40 - INFO - Epoch 167/600 finished. Average Training Loss: 2.9847
2025-07-14 01:19:46 - INFO - Epoch 168/600 finished. Average Training Loss: 2.8298
2025-07-14 01:19:53 - INFO - Epoch 169/600 finished. Average Training Loss: 2.7790
2025-07-14 01:19:59 - INFO - Epoch 170/600 finished. Average Training Loss: 2.9443
2025-07-14 01:20:06 - INFO - Epoch 171/600 finished. Average Training Loss: 3.0102
2025-07-14 01:20:12 - INFO - Epoch 172/600 finished. Average Training Loss: 2.9582
2025-07-14 01:20:17 - INFO - Epoch 173/600 finished. Average Training Loss: 2.8431
2025-07-14 01:20:24 - INFO - Epoch 174/600 finished. Average Training Loss: 2.9210
2025-07-14 01:20:31 - INFO - Epoch 175/600 finished. Average Training Loss: 3.0842
2025-07-14 01:20:37 - INFO - Epoch 176/600 finished. Average Training Loss: 3.0127
2025-07-14 01:20:42 - INFO - Epoch 177/600 finished. Average Training Loss: 2.6993
2025-07-14 01:20:48 - INFO - Epoch 178/600 finished. Average Training Loss: 3.0628
2025-07-14 01:20:55 - INFO - Epoch 179/600 finished. Average Training Loss: 3.0012
2025-07-14 01:21:01 - INFO - Epoch 180/600 finished. Average Training Loss: 2.6819
2025-07-14 01:21:01 - INFO - Saved checkpoint for epoch 180 to ./result/VNet_Multi_V4/Amos_20/Pth/model_epoch_180_checkpoint.pth
2025-07-14 01:21:06 - INFO - Epoch 181/600 finished. Average Training Loss: 2.8457
2025-07-14 01:21:13 - INFO - Epoch 182/600 finished. Average Training Loss: 2.7833
2025-07-14 01:21:19 - INFO - Epoch 183/600 finished. Average Training Loss: 2.9787
2025-07-14 01:21:26 - INFO - Epoch 184/600 finished. Average Training Loss: 2.8339
2025-07-14 01:21:32 - INFO - Epoch 185/600 finished. Average Training Loss: 3.1077
2025-07-14 01:21:39 - INFO - Epoch 186/600 finished. Average Training Loss: 2.9088
2025-07-14 01:21:45 - INFO - Epoch 187/600 finished. Average Training Loss: 3.0114
2025-07-14 01:21:51 - INFO - Epoch 188/600 finished. Average Training Loss: 3.1030
2025-07-14 01:21:57 - INFO - Epoch 189/600 finished. Average Training Loss: 2.8865
2025-07-14 01:22:03 - INFO - Epoch 190/600 finished. Average Training Loss: 2.9556
2025-07-14 01:22:10 - INFO - Epoch 191/600 finished. Average Training Loss: 3.2009
2025-07-14 01:22:15 - INFO - Epoch 192/600 finished. Average Training Loss: 2.8473
2025-07-14 01:22:22 - INFO - Epoch 193/600 finished. Average Training Loss: 2.8623
2025-07-14 01:22:28 - INFO - Epoch 194/600 finished. Average Training Loss: 3.0485
2025-07-14 01:22:34 - INFO - Epoch 195/600 finished. Average Training Loss: 2.9508
2025-07-14 01:22:40 - INFO - Epoch 196/600 finished. Average Training Loss: 2.7287
2025-07-14 01:22:46 - INFO - Epoch 197/600 finished. Average Training Loss: 2.8145
2025-07-14 01:22:53 - INFO - Epoch 198/600 finished. Average Training Loss: 2.7013
2025-07-14 01:22:59 - INFO - Epoch 199/600 finished. Average Training Loss: 2.8714
2025-07-14 01:23:04 - INFO - Epoch 200/600 finished. Average Training Loss: 2.7658
2025-07-14 01:23:04 - INFO - Saved checkpoint for epoch 200 to ./result/VNet_Multi_V4/Amos_20/Pth/model_epoch_200_checkpoint.pth
2025-07-14 01:23:10 - INFO - Epoch 201/600 finished. Average Training Loss: 2.9928
2025-07-14 01:23:17 - INFO - Epoch 202/600 finished. Average Training Loss: 3.0069
2025-07-14 01:23:23 - INFO - Epoch 203/600 finished. Average Training Loss: 2.6701
2025-07-14 01:23:30 - INFO - Epoch 204/600 finished. Average Training Loss: 2.7217
2025-07-14 01:23:36 - INFO - Epoch 205/600 finished. Average Training Loss: 2.6661
2025-07-14 01:23:43 - INFO - Epoch 206/600 finished. Average Training Loss: 2.7458
2025-07-14 01:23:48 - INFO - Epoch 207/600 finished. Average Training Loss: 2.6534
2025-07-14 01:23:55 - INFO - Epoch 208/600 finished. Average Training Loss: 2.6159
2025-07-14 01:24:01 - INFO - Epoch 209/600 finished. Average Training Loss: 2.7908
2025-07-14 01:24:08 - INFO - Epoch 210/600 finished. Average Training Loss: 2.8075
2025-07-14 01:24:13 - INFO - Epoch 211/600 finished. Average Training Loss: 2.6903
2025-07-14 01:24:19 - INFO - Epoch 212/600 finished. Average Training Loss: 2.5943
2025-07-14 01:24:26 - INFO - Epoch 213/600 finished. Average Training Loss: 2.7888
2025-07-14 01:24:32 - INFO - Epoch 214/600 finished. Average Training Loss: 2.6025
2025-07-14 01:24:37 - INFO - Epoch 215/600 finished. Average Training Loss: 2.8945
2025-07-14 01:24:44 - INFO - Epoch 216/600 finished. Average Training Loss: 2.8548
2025-07-14 01:24:50 - INFO - Epoch 217/600 finished. Average Training Loss: 2.7712
2025-07-14 01:24:57 - INFO - Epoch 218/600 finished. Average Training Loss: 2.7205
2025-07-14 01:25:03 - INFO - Epoch 219/600 finished. Average Training Loss: 2.6092
2025-07-14 01:25:10 - INFO - Epoch 220/600 finished. Average Training Loss: 2.6680
2025-07-14 01:25:10 - INFO - Saved checkpoint for epoch 220 to ./result/VNet_Multi_V4/Amos_20/Pth/model_epoch_220_checkpoint.pth
2025-07-14 01:25:16 - INFO - Epoch 221/600 finished. Average Training Loss: 2.5429
2025-07-14 01:25:22 - INFO - Epoch 222/600 finished. Average Training Loss: 2.4976
2025-07-14 01:25:28 - INFO - Epoch 223/600 finished. Average Training Loss: 2.7673
2025-07-14 01:25:35 - INFO - Epoch 224/600 finished. Average Training Loss: 2.8696
2025-07-14 01:25:41 - INFO - Epoch 225/600 finished. Average Training Loss: 2.7150
2025-07-14 01:25:46 - INFO - Epoch 226/600 finished. Average Training Loss: 2.6902
2025-07-14 01:25:53 - INFO - Epoch 227/600 finished. Average Training Loss: 2.6318
2025-07-14 01:25:59 - INFO - Epoch 228/600 finished. Average Training Loss: 2.5953
2025-07-14 01:26:06 - INFO - Epoch 229/600 finished. Average Training Loss: 2.7498
2025-07-14 01:26:11 - INFO - Epoch 230/600 finished. Average Training Loss: 2.7961
2025-07-14 01:26:18 - INFO - Epoch 231/600 finished. Average Training Loss: 2.7592
2025-07-14 01:26:24 - INFO - Epoch 232/600 finished. Average Training Loss: 2.6579
2025-07-14 01:26:30 - INFO - Epoch 233/600 finished. Average Training Loss: 2.3440
2025-07-14 01:26:37 - INFO - Epoch 234/600 finished. Average Training Loss: 2.7613
2025-07-14 01:26:44 - INFO - Epoch 235/600 finished. Average Training Loss: 2.4857
2025-07-14 01:26:50 - INFO - Epoch 236/600 finished. Average Training Loss: 2.6710
2025-07-14 01:26:55 - INFO - Epoch 237/600 finished. Average Training Loss: 2.4535
2025-07-14 01:27:02 - INFO - Epoch 238/600 finished. Average Training Loss: 2.3544
2025-07-14 01:27:08 - INFO - Epoch 239/600 finished. Average Training Loss: 2.4576
2025-07-14 01:27:15 - INFO - Epoch 240/600 finished. Average Training Loss: 2.7014
2025-07-14 01:27:15 - INFO - Saved checkpoint for epoch 240 to ./result/VNet_Multi_V4/Amos_20/Pth/model_epoch_240_checkpoint.pth
2025-07-14 01:27:20 - INFO - Epoch 241/600 finished. Average Training Loss: 2.6339
2025-07-14 01:27:26 - INFO - Epoch 242/600 finished. Average Training Loss: 2.5544
2025-07-14 01:27:33 - INFO - Epoch 243/600 finished. Average Training Loss: 2.7254
2025-07-14 01:27:39 - INFO - Epoch 244/600 finished. Average Training Loss: 2.6181
2025-07-14 01:27:45 - INFO - Epoch 245/600 finished. Average Training Loss: 2.5166
2025-07-14 01:27:52 - INFO - Epoch 246/600 finished. Average Training Loss: 2.4779
2025-07-14 01:27:58 - INFO - Epoch 247/600 finished. Average Training Loss: 2.4222
2025-07-14 01:28:04 - INFO - Epoch 248/600 finished. Average Training Loss: 2.8041
2025-07-14 01:28:10 - INFO - Epoch 249/600 finished. Average Training Loss: 2.2526
2025-07-14 01:28:16 - INFO - Epoch 250/600 finished. Average Training Loss: 2.3319
2025-07-14 01:28:23 - INFO - Epoch 251/600 finished. Average Training Loss: 2.6034
2025-07-14 01:28:28 - INFO - Epoch 252/600 finished. Average Training Loss: 2.7213
2025-07-14 01:28:35 - INFO - Epoch 253/600 finished. Average Training Loss: 2.8066
2025-07-14 01:28:41 - INFO - Epoch 254/600 finished. Average Training Loss: 2.3172
2025-07-14 01:28:48 - INFO - Epoch 255/600 finished. Average Training Loss: 2.6230
2025-07-14 01:28:53 - INFO - Epoch 256/600 finished. Average Training Loss: 2.5788
2025-07-14 01:29:00 - INFO - Epoch 257/600 finished. Average Training Loss: 2.3816
2025-07-14 01:29:06 - INFO - Epoch 258/600 finished. Average Training Loss: 2.5710
2025-07-14 01:29:13 - INFO - Epoch 259/600 finished. Average Training Loss: 2.4686
2025-07-14 01:29:18 - INFO - Epoch 260/600 finished. Average Training Loss: 2.4104
2025-07-14 01:29:18 - INFO - Saved checkpoint for epoch 260 to ./result/VNet_Multi_V4/Amos_20/Pth/model_epoch_260_checkpoint.pth
2025-07-14 01:29:24 - INFO - Epoch 261/600 finished. Average Training Loss: 2.3650
2025-07-14 01:29:31 - INFO - Epoch 262/600 finished. Average Training Loss: 2.2077
2025-07-14 01:29:37 - INFO - Epoch 263/600 finished. Average Training Loss: 2.3922
2025-07-14 01:29:43 - INFO - Epoch 264/600 finished. Average Training Loss: 2.4402
2025-07-14 01:29:49 - INFO - Epoch 265/600 finished. Average Training Loss: 2.5540
2025-07-14 01:29:56 - INFO - Epoch 266/600 finished. Average Training Loss: 2.5161
2025-07-14 01:30:01 - INFO - Epoch 267/600 finished. Average Training Loss: 2.4589
2025-07-14 01:30:08 - INFO - Epoch 268/600 finished. Average Training Loss: 2.6149
2025-07-14 01:30:15 - INFO - Epoch 269/600 finished. Average Training Loss: 2.3394
2025-07-14 01:30:21 - INFO - Epoch 270/600 finished. Average Training Loss: 2.4401
2025-07-14 01:30:26 - INFO - Epoch 271/600 finished. Average Training Loss: 2.5490
2025-07-14 01:30:33 - INFO - Epoch 272/600 finished. Average Training Loss: 2.5081
2025-07-14 01:30:39 - INFO - Epoch 273/600 finished. Average Training Loss: 2.5326
2025-07-14 01:30:46 - INFO - Epoch 274/600 finished. Average Training Loss: 2.5448
2025-07-14 01:30:51 - INFO - Epoch 275/600 finished. Average Training Loss: 2.2123
2025-07-14 01:30:57 - INFO - Epoch 276/600 finished. Average Training Loss: 2.5553
2025-07-14 01:31:04 - INFO - Epoch 277/600 finished. Average Training Loss: 2.2707
2025-07-14 01:31:10 - INFO - Epoch 278/600 finished. Average Training Loss: 2.6122
2025-07-14 01:31:17 - INFO - Epoch 279/600 finished. Average Training Loss: 2.3116
2025-07-14 01:31:23 - INFO - Epoch 280/600 finished. Average Training Loss: 2.2609
2025-07-14 01:31:23 - INFO - Saved checkpoint for epoch 280 to ./result/VNet_Multi_V4/Amos_20/Pth/model_epoch_280_checkpoint.pth
2025-07-14 01:31:30 - INFO - Epoch 281/600 finished. Average Training Loss: 2.1477
2025-07-14 01:31:35 - INFO - Epoch 282/600 finished. Average Training Loss: 2.2408
2025-07-14 01:31:42 - INFO - Epoch 283/600 finished. Average Training Loss: 2.6285
2025-07-14 01:31:48 - INFO - Epoch 284/600 finished. Average Training Loss: 2.5842
2025-07-14 01:31:55 - INFO - Epoch 285/600 finished. Average Training Loss: 2.1987
2025-07-14 01:32:00 - INFO - Epoch 286/600 finished. Average Training Loss: 2.3834
2025-07-14 01:32:06 - INFO - Epoch 287/600 finished. Average Training Loss: 2.2673
2025-07-14 01:32:13 - INFO - Epoch 288/600 finished. Average Training Loss: 2.3202
2025-07-14 01:32:19 - INFO - Epoch 289/600 finished. Average Training Loss: 2.1626
2025-07-14 01:32:25 - INFO - Epoch 290/600 finished. Average Training Loss: 2.4817
2025-07-14 01:32:31 - INFO - Epoch 291/600 finished. Average Training Loss: 2.3440
2025-07-14 01:32:38 - INFO - Epoch 292/600 finished. Average Training Loss: 2.4046
2025-07-14 01:32:44 - INFO - Epoch 293/600 finished. Average Training Loss: 2.4207
2025-07-14 01:32:50 - INFO - Epoch 294/600 finished. Average Training Loss: 2.1733
2025-07-14 01:32:57 - INFO - Epoch 295/600 finished. Average Training Loss: 2.3455
2025-07-14 01:33:03 - INFO - Epoch 296/600 finished. Average Training Loss: 2.4874
2025-07-14 01:33:09 - INFO - Epoch 297/600 finished. Average Training Loss: 2.1596
2025-07-14 01:33:15 - INFO - Epoch 298/600 finished. Average Training Loss: 2.3239
2025-07-14 01:33:22 - INFO - Epoch 299/600 finished. Average Training Loss: 2.2428
2025-07-14 01:33:28 - INFO - Epoch 300/600 finished. Average Training Loss: 2.2404
2025-07-14 01:33:28 - INFO - Saved checkpoint for epoch 300 to ./result/VNet_Multi_V4/Amos_20/Pth/model_epoch_300_checkpoint.pth
2025-07-14 01:33:34 - INFO - Epoch 301/600 finished. Average Training Loss: 2.3647
2025-07-14 01:33:40 - INFO - Epoch 302/600 finished. Average Training Loss: 2.1527
2025-07-14 01:33:46 - INFO - Epoch 303/600 finished. Average Training Loss: 2.3328
2025-07-14 01:33:53 - INFO - Epoch 304/600 finished. Average Training Loss: 2.2772
2025-07-14 01:33:58 - INFO - Epoch 305/600 finished. Average Training Loss: 2.3217
2025-07-14 01:34:05 - INFO - Epoch 306/600 finished. Average Training Loss: 2.0999
2025-07-14 01:34:11 - INFO - Epoch 307/600 finished. Average Training Loss: 2.3168
2025-07-14 01:34:17 - INFO - Epoch 308/600 finished. Average Training Loss: 2.1732
2025-07-14 01:34:24 - INFO - Epoch 309/600 finished. Average Training Loss: 2.1247
2025-07-14 01:34:31 - INFO - Epoch 310/600 finished. Average Training Loss: 2.2570
2025-07-14 01:34:37 - INFO - Epoch 311/600 finished. Average Training Loss: 2.3134
2025-07-14 01:34:43 - INFO - Epoch 312/600 finished. Average Training Loss: 2.2422
2025-07-14 01:34:49 - INFO - Epoch 313/600 finished. Average Training Loss: 2.3500
2025-07-14 01:34:56 - INFO - Epoch 314/600 finished. Average Training Loss: 1.9940
2025-07-14 01:35:02 - INFO - Epoch 315/600 finished. Average Training Loss: 2.2914
2025-07-14 01:35:08 - INFO - Epoch 316/600 finished. Average Training Loss: 2.5209
2025-07-14 01:35:14 - INFO - Epoch 317/600 finished. Average Training Loss: 2.0396
2025-07-14 01:35:20 - INFO - Epoch 318/600 finished. Average Training Loss: 2.5168
2025-07-14 01:35:27 - INFO - Epoch 319/600 finished. Average Training Loss: 2.2899
2025-07-14 01:35:34 - INFO - Epoch 320/600 finished. Average Training Loss: 2.4637
2025-07-14 01:35:34 - INFO - Saved checkpoint for epoch 320 to ./result/VNet_Multi_V4/Amos_20/Pth/model_epoch_320_checkpoint.pth
2025-07-14 01:35:40 - INFO - Epoch 321/600 finished. Average Training Loss: 1.9968
2025-07-14 01:35:46 - INFO - Epoch 322/600 finished. Average Training Loss: 2.0237
2025-07-14 01:35:52 - INFO - Epoch 323/600 finished. Average Training Loss: 2.2724
2025-07-14 01:35:58 - INFO - Epoch 324/600 finished. Average Training Loss: 2.1902
2025-07-14 01:36:04 - INFO - Epoch 325/600 finished. Average Training Loss: 2.1899
2025-07-14 01:36:11 - INFO - Epoch 326/600 finished. Average Training Loss: 2.1905
2025-07-14 01:36:16 - INFO - Epoch 327/600 finished. Average Training Loss: 2.1668
2025-07-14 01:36:22 - INFO - Epoch 328/600 finished. Average Training Loss: 2.1071
2025-07-14 01:36:29 - INFO - Epoch 329/600 finished. Average Training Loss: 2.1993
2025-07-14 01:36:35 - INFO - Epoch 330/600 finished. Average Training Loss: 1.9685
2025-07-14 01:36:40 - INFO - Epoch 331/600 finished. Average Training Loss: 2.3619
2025-07-14 01:36:47 - INFO - Epoch 332/600 finished. Average Training Loss: 2.2297
2025-07-14 01:36:53 - INFO - Epoch 333/600 finished. Average Training Loss: 1.9490
2025-07-14 01:37:00 - INFO - Epoch 334/600 finished. Average Training Loss: 2.0446
2025-07-14 01:37:05 - INFO - Epoch 335/600 finished. Average Training Loss: 2.1105
2025-07-14 01:37:11 - INFO - Epoch 336/600 finished. Average Training Loss: 2.1667
2025-07-14 01:37:18 - INFO - Epoch 337/600 finished. Average Training Loss: 2.0926
2025-07-14 01:37:24 - INFO - Epoch 338/600 finished. Average Training Loss: 1.9888
2025-07-14 01:37:31 - INFO - Epoch 339/600 finished. Average Training Loss: 2.0991
2025-07-14 01:37:37 - INFO - Epoch 340/600 finished. Average Training Loss: 2.4200
2025-07-14 01:37:38 - INFO - Saved checkpoint for epoch 340 to ./result/VNet_Multi_V4/Amos_20/Pth/model_epoch_340_checkpoint.pth
2025-07-14 01:37:44 - INFO - Epoch 341/600 finished. Average Training Loss: 2.0244
2025-07-14 01:37:49 - INFO - Epoch 342/600 finished. Average Training Loss: 2.0007
2025-07-14 01:37:56 - INFO - Epoch 343/600 finished. Average Training Loss: 2.1469
2025-07-14 01:38:03 - INFO - Epoch 344/600 finished. Average Training Loss: 1.9708
2025-07-14 01:38:09 - INFO - Epoch 345/600 finished. Average Training Loss: 1.7398
2025-07-14 01:38:15 - INFO - Epoch 346/600 finished. Average Training Loss: 2.0648
2025-07-14 01:38:21 - INFO - Epoch 347/600 finished. Average Training Loss: 2.0209
2025-07-14 01:38:28 - INFO - Epoch 348/600 finished. Average Training Loss: 2.0579
2025-07-14 01:38:34 - INFO - Epoch 349/600 finished. Average Training Loss: 2.1936
2025-07-14 01:38:40 - INFO - Epoch 350/600 finished. Average Training Loss: 2.0779
2025-07-14 01:38:46 - INFO - Epoch 351/600 finished. Average Training Loss: 2.1221
2025-07-14 01:38:52 - INFO - Epoch 352/600 finished. Average Training Loss: 1.7708
2025-07-14 01:38:58 - INFO - Epoch 353/600 finished. Average Training Loss: 2.0321
2025-07-14 01:39:05 - INFO - Epoch 354/600 finished. Average Training Loss: 2.1790
2025-07-14 01:39:12 - INFO - Epoch 355/600 finished. Average Training Loss: 2.0214
2025-07-14 01:39:18 - INFO - Epoch 356/600 finished. Average Training Loss: 1.8878
2025-07-14 01:39:23 - INFO - Epoch 357/600 finished. Average Training Loss: 1.9752
2025-07-14 01:39:30 - INFO - Epoch 358/600 finished. Average Training Loss: 2.2698
2025-07-14 01:39:37 - INFO - Epoch 359/600 finished. Average Training Loss: 2.1584
2025-07-14 01:39:43 - INFO - Epoch 360/600 finished. Average Training Loss: 2.1610
2025-07-14 01:39:43 - INFO - Saved checkpoint for epoch 360 to ./result/VNet_Multi_V4/Amos_20/Pth/model_epoch_360_checkpoint.pth
2025-07-14 01:39:48 - INFO - Epoch 361/600 finished. Average Training Loss: 2.1311
2025-07-14 01:39:55 - INFO - Epoch 362/600 finished. Average Training Loss: 1.9428
2025-07-14 01:40:01 - INFO - Epoch 363/600 finished. Average Training Loss: 1.9442
2025-07-14 01:40:08 - INFO - Epoch 364/600 finished. Average Training Loss: 2.0227
2025-07-14 01:40:13 - INFO - Epoch 365/600 finished. Average Training Loss: 1.8560
2025-07-14 01:40:19 - INFO - Epoch 366/600 finished. Average Training Loss: 2.1404
2025-07-14 01:40:26 - INFO - Epoch 367/600 finished. Average Training Loss: 1.7602
2025-07-14 01:40:32 - INFO - Epoch 368/600 finished. Average Training Loss: 1.8560
2025-07-14 01:40:39 - INFO - Epoch 369/600 finished. Average Training Loss: 1.9512
2025-07-14 01:40:45 - INFO - Epoch 370/600 finished. Average Training Loss: 2.0552
2025-07-14 01:40:52 - INFO - Epoch 371/600 finished. Average Training Loss: 1.8944
2025-07-14 01:40:57 - INFO - Epoch 372/600 finished. Average Training Loss: 2.1311
2025-07-14 01:41:04 - INFO - Epoch 373/600 finished. Average Training Loss: 1.8258
2025-07-14 01:41:10 - INFO - Epoch 374/600 finished. Average Training Loss: 1.7494
2025-07-14 01:41:16 - INFO - Epoch 375/600 finished. Average Training Loss: 1.9544
2025-07-14 01:41:22 - INFO - Epoch 376/600 finished. Average Training Loss: 1.9174
2025-07-14 01:41:28 - INFO - Epoch 377/600 finished. Average Training Loss: 1.8902
2025-07-14 01:41:35 - INFO - Epoch 378/600 finished. Average Training Loss: 1.9569
2025-07-14 01:41:41 - INFO - Epoch 379/600 finished. Average Training Loss: 1.8901
2025-07-14 01:41:47 - INFO - Epoch 380/600 finished. Average Training Loss: 2.0202
2025-07-14 01:41:47 - INFO - Saved checkpoint for epoch 380 to ./result/VNet_Multi_V4/Amos_20/Pth/model_epoch_380_checkpoint.pth
2025-07-14 01:41:53 - INFO - Epoch 381/600 finished. Average Training Loss: 2.0695
2025-07-14 01:41:59 - INFO - Epoch 382/600 finished. Average Training Loss: 1.9039
2025-07-14 01:42:06 - INFO - Epoch 383/600 finished. Average Training Loss: 1.9257
2025-07-14 01:42:13 - INFO - Epoch 384/600 finished. Average Training Loss: 1.8440
2025-07-14 01:42:19 - INFO - Epoch 385/600 finished. Average Training Loss: 1.7937
2025-07-14 01:42:26 - INFO - Epoch 386/600 finished. Average Training Loss: 1.9356
2025-07-14 01:42:31 - INFO - Epoch 387/600 finished. Average Training Loss: 1.8730
2025-07-14 01:42:38 - INFO - Epoch 388/600 finished. Average Training Loss: 1.8497
2025-07-14 01:42:44 - INFO - Epoch 389/600 finished. Average Training Loss: 1.8752
2025-07-14 01:42:51 - INFO - Epoch 390/600 finished. Average Training Loss: 1.7781
2025-07-14 01:42:56 - INFO - Epoch 391/600 finished. Average Training Loss: 1.8659
2025-07-14 01:43:03 - INFO - Epoch 392/600 finished. Average Training Loss: 2.0726
2025-07-14 01:43:09 - INFO - Epoch 393/600 finished. Average Training Loss: 1.8215
2025-07-14 01:43:15 - INFO - Epoch 394/600 finished. Average Training Loss: 1.7938
2025-07-14 01:43:21 - INFO - Epoch 395/600 finished. Average Training Loss: 1.9175
2025-07-14 01:43:27 - INFO - Epoch 396/600 finished. Average Training Loss: 1.8550
2025-07-14 01:43:34 - INFO - Epoch 397/600 finished. Average Training Loss: 1.8695
2025-07-14 01:43:40 - INFO - Epoch 398/600 finished. Average Training Loss: 1.8144
2025-07-14 01:43:46 - INFO - Epoch 399/600 finished. Average Training Loss: 1.7275
2025-07-14 01:43:53 - INFO - Epoch 400/600 finished. Average Training Loss: 1.7411
2025-07-14 01:43:53 - INFO - Saved checkpoint for epoch 400 to ./result/VNet_Multi_V4/Amos_20/Pth/model_epoch_400_checkpoint.pth
2025-07-14 01:43:59 - INFO - Epoch 401/600 finished. Average Training Loss: 1.8477
2025-07-14 01:44:05 - INFO - Epoch 402/600 finished. Average Training Loss: 1.5558
2025-07-14 01:44:11 - INFO - Epoch 403/600 finished. Average Training Loss: 1.8823
2025-07-14 01:44:18 - INFO - Epoch 404/600 finished. Average Training Loss: 1.7205
2025-07-14 01:44:24 - INFO - Epoch 405/600 finished. Average Training Loss: 1.7513
2025-07-14 01:44:30 - INFO - Epoch 406/600 finished. Average Training Loss: 1.7918
2025-07-14 01:44:36 - INFO - Epoch 407/600 finished. Average Training Loss: 1.5481
2025-07-14 01:44:42 - INFO - Epoch 408/600 finished. Average Training Loss: 1.9554
2025-07-14 01:44:49 - INFO - Epoch 409/600 finished. Average Training Loss: 1.8100
2025-07-14 01:44:54 - INFO - Epoch 410/600 finished. Average Training Loss: 1.9810
2025-07-14 01:45:01 - INFO - Epoch 411/600 finished. Average Training Loss: 1.7203
2025-07-14 01:45:07 - INFO - Epoch 412/600 finished. Average Training Loss: 1.6831
2025-07-14 01:45:13 - INFO - Epoch 413/600 finished. Average Training Loss: 1.6998
2025-07-14 01:45:20 - INFO - Epoch 414/600 finished. Average Training Loss: 1.7912
2025-07-14 01:45:26 - INFO - Epoch 415/600 finished. Average Training Loss: 1.6544
2025-07-14 01:45:33 - INFO - Epoch 416/600 finished. Average Training Loss: 1.7843
2025-07-14 01:45:38 - INFO - Epoch 417/600 finished. Average Training Loss: 2.0363
2025-07-14 01:45:44 - INFO - Epoch 418/600 finished. Average Training Loss: 1.8530
2025-07-14 01:45:51 - INFO - Epoch 419/600 finished. Average Training Loss: 1.6960
2025-07-14 01:45:57 - INFO - Epoch 420/600 finished. Average Training Loss: 1.7389
2025-07-14 01:45:57 - INFO - Saved checkpoint for epoch 420 to ./result/VNet_Multi_V4/Amos_20/Pth/model_epoch_420_checkpoint.pth
2025-07-14 01:46:03 - INFO - Epoch 421/600 finished. Average Training Loss: 1.5289
2025-07-14 01:46:09 - INFO - Epoch 422/600 finished. Average Training Loss: 1.9587
2025-07-14 01:46:15 - INFO - Epoch 423/600 finished. Average Training Loss: 1.5087
2025-07-14 01:46:22 - INFO - Epoch 424/600 finished. Average Training Loss: 1.8698
2025-07-14 01:46:27 - INFO - Epoch 425/600 finished. Average Training Loss: 1.5896
2025-07-14 01:46:34 - INFO - Epoch 426/600 finished. Average Training Loss: 1.3590
2025-07-14 01:46:40 - INFO - Epoch 427/600 finished. Average Training Loss: 1.6133
2025-07-14 01:46:46 - INFO - Epoch 428/600 finished. Average Training Loss: 1.5070
2025-07-14 01:46:53 - INFO - Epoch 429/600 finished. Average Training Loss: 1.5067
2025-07-14 01:47:00 - INFO - Epoch 430/600 finished. Average Training Loss: 1.7530
2025-07-14 01:47:06 - INFO - Epoch 431/600 finished. Average Training Loss: 1.9192
2025-07-14 01:47:12 - INFO - Epoch 432/600 finished. Average Training Loss: 1.4854
2025-07-14 01:47:18 - INFO - Epoch 433/600 finished. Average Training Loss: 1.4573
2025-07-14 01:47:25 - INFO - Epoch 434/600 finished. Average Training Loss: 1.6589
2025-07-14 01:47:31 - INFO - Epoch 435/600 finished. Average Training Loss: 1.6614
2025-07-14 01:47:36 - INFO - Epoch 436/600 finished. Average Training Loss: 1.6600
2025-07-14 01:47:43 - INFO - Epoch 437/600 finished. Average Training Loss: 1.6432
2025-07-14 01:47:49 - INFO - Epoch 438/600 finished. Average Training Loss: 1.7817
2025-07-14 01:47:56 - INFO - Epoch 439/600 finished. Average Training Loss: 1.7567
2025-07-14 01:48:03 - INFO - Epoch 440/600 finished. Average Training Loss: 1.4925
2025-07-14 01:48:03 - INFO - Saved checkpoint for epoch 440 to ./result/VNet_Multi_V4/Amos_20/Pth/model_epoch_440_checkpoint.pth
2025-07-14 01:48:09 - INFO - Epoch 441/600 finished. Average Training Loss: 1.5738
2025-07-14 01:48:15 - INFO - Epoch 442/600 finished. Average Training Loss: 1.5364
2025-07-14 01:48:21 - INFO - Epoch 443/600 finished. Average Training Loss: 1.8735
2025-07-14 01:48:28 - INFO - Epoch 444/600 finished. Average Training Loss: 1.4893
2025-07-14 01:48:34 - INFO - Epoch 445/600 finished. Average Training Loss: 1.6239
2025-07-14 01:48:40 - INFO - Epoch 446/600 finished. Average Training Loss: 1.5844
2025-07-14 01:48:46 - INFO - Epoch 447/600 finished. Average Training Loss: 1.3290
2025-07-14 01:48:52 - INFO - Epoch 448/600 finished. Average Training Loss: 1.5327
2025-07-14 01:48:59 - INFO - Epoch 449/600 finished. Average Training Loss: 1.5660
2025-07-14 01:49:05 - INFO - Epoch 450/600 finished. Average Training Loss: 1.5862
2025-07-14 01:49:11 - INFO - Epoch 451/600 finished. Average Training Loss: 1.6349
2025-07-14 01:49:17 - INFO - Epoch 452/600 finished. Average Training Loss: 1.4615
2025-07-14 01:49:23 - INFO - Epoch 453/600 finished. Average Training Loss: 1.7308
2025-07-14 01:49:30 - INFO - Epoch 454/600 finished. Average Training Loss: 1.7594
2025-07-14 01:49:36 - INFO - Epoch 455/600 finished. Average Training Loss: 1.6611
2025-07-14 01:49:43 - INFO - Epoch 456/600 finished. Average Training Loss: 1.7344
2025-07-14 01:49:49 - INFO - Epoch 457/600 finished. Average Training Loss: 1.6399
2025-07-14 01:49:54 - INFO - Epoch 458/600 finished. Average Training Loss: 1.3674
2025-07-14 01:50:01 - INFO - Epoch 459/600 finished. Average Training Loss: 1.7711
2025-07-14 01:50:07 - INFO - Epoch 460/600 finished. Average Training Loss: 1.6150
2025-07-14 01:50:08 - INFO - Saved checkpoint for epoch 460 to ./result/VNet_Multi_V4/Amos_20/Pth/model_epoch_460_checkpoint.pth
2025-07-14 01:50:14 - INFO - Epoch 461/600 finished. Average Training Loss: 1.6182
2025-07-14 01:50:19 - INFO - Epoch 462/600 finished. Average Training Loss: 1.3722
2025-07-14 01:50:26 - INFO - Epoch 463/600 finished. Average Training Loss: 1.4945
2025-07-14 01:50:32 - INFO - Epoch 464/600 finished. Average Training Loss: 1.5978
2025-07-14 01:50:39 - INFO - Epoch 465/600 finished. Average Training Loss: 1.7956
2025-07-14 01:50:44 - INFO - Epoch 466/600 finished. Average Training Loss: 1.6859
2025-07-14 01:50:50 - INFO - Epoch 467/600 finished. Average Training Loss: 1.4255
2025-07-14 01:50:57 - INFO - Epoch 468/600 finished. Average Training Loss: 1.5067
2025-07-14 01:51:03 - INFO - Epoch 469/600 finished. Average Training Loss: 1.5986
2025-07-14 01:51:08 - INFO - Epoch 470/600 finished. Average Training Loss: 1.5819
2025-07-14 01:51:15 - INFO - Epoch 471/600 finished. Average Training Loss: 1.3519
2025-07-14 01:51:21 - INFO - Epoch 472/600 finished. Average Training Loss: 1.3788
2025-07-14 01:51:28 - INFO - Epoch 473/600 finished. Average Training Loss: 1.5938
2025-07-14 01:51:35 - INFO - Epoch 474/600 finished. Average Training Loss: 1.3140
2025-07-14 01:51:41 - INFO - Epoch 475/600 finished. Average Training Loss: 1.4699
2025-07-14 01:51:47 - INFO - Epoch 476/600 finished. Average Training Loss: 1.4805
2025-07-14 01:51:53 - INFO - Epoch 477/600 finished. Average Training Loss: 1.6556
2025-07-14 01:52:00 - INFO - Epoch 478/600 finished. Average Training Loss: 1.6206
2025-07-14 01:52:06 - INFO - Epoch 479/600 finished. Average Training Loss: 1.6571
2025-07-14 01:52:13 - INFO - Epoch 480/600 finished. Average Training Loss: 1.4212
2025-07-14 01:52:13 - INFO - Saved checkpoint for epoch 480 to ./result/VNet_Multi_V4/Amos_20/Pth/model_epoch_480_checkpoint.pth
2025-07-14 01:52:18 - INFO - Epoch 481/600 finished. Average Training Loss: 1.8472
2025-07-14 01:52:24 - INFO - Epoch 482/600 finished. Average Training Loss: 1.5505
2025-07-14 01:52:30 - INFO - Epoch 483/600 finished. Average Training Loss: 1.5291
2025-07-14 01:52:37 - INFO - Epoch 484/600 finished. Average Training Loss: 1.1925
2025-07-14 01:52:42 - INFO - Epoch 485/600 finished. Average Training Loss: 1.2787
2025-07-14 01:52:49 - INFO - Epoch 486/600 finished. Average Training Loss: 1.5149
2025-07-14 01:52:55 - INFO - Epoch 487/600 finished. Average Training Loss: 1.4091
2025-07-14 01:53:02 - INFO - Epoch 488/600 finished. Average Training Loss: 1.6497
2025-07-14 01:53:08 - INFO - Epoch 489/600 finished. Average Training Loss: 1.1780
2025-07-14 01:53:15 - INFO - Epoch 490/600 finished. Average Training Loss: 1.4569
2025-07-14 01:53:21 - INFO - Epoch 491/600 finished. Average Training Loss: 1.2843
2025-07-14 01:53:27 - INFO - Epoch 492/600 finished. Average Training Loss: 1.4164
2025-07-14 01:53:34 - INFO - Epoch 493/600 finished. Average Training Loss: 1.2878
2025-07-14 01:53:40 - INFO - Epoch 494/600 finished. Average Training Loss: 1.4257
2025-07-14 01:53:46 - INFO - Epoch 495/600 finished. Average Training Loss: 1.4886
2025-07-14 01:53:52 - INFO - Epoch 496/600 finished. Average Training Loss: 1.5315
2025-07-14 01:53:58 - INFO - Epoch 497/600 finished. Average Training Loss: 1.3966
2025-07-14 01:54:05 - INFO - Epoch 498/600 finished. Average Training Loss: 1.4152
2025-07-14 01:54:11 - INFO - Epoch 499/600 finished. Average Training Loss: 1.1724
2025-07-14 01:54:16 - INFO - Epoch 500/600 finished. Average Training Loss: 1.3744
2025-07-14 01:54:16 - INFO - Saved checkpoint for epoch 500 to ./result/VNet_Multi_V4/Amos_20/Pth/model_epoch_500_checkpoint.pth
2025-07-14 01:54:23 - INFO - Epoch 501/600 finished. Average Training Loss: 1.3456
2025-07-14 01:54:29 - INFO - Epoch 502/600 finished. Average Training Loss: 1.1976
2025-07-14 01:54:36 - INFO - Epoch 503/600 finished. Average Training Loss: 1.4532
2025-07-14 01:54:42 - INFO - Epoch 504/600 finished. Average Training Loss: 1.5723
2025-07-14 01:54:49 - INFO - Epoch 505/600 finished. Average Training Loss: 1.3728
2025-07-14 01:54:55 - INFO - Epoch 506/600 finished. Average Training Loss: 1.2695
2025-07-14 01:55:00 - INFO - Epoch 507/600 finished. Average Training Loss: 1.3260
2025-07-14 01:55:07 - INFO - Epoch 508/600 finished. Average Training Loss: 1.2484
2025-07-14 01:55:13 - INFO - Epoch 509/600 finished. Average Training Loss: 1.3612
2025-07-14 01:55:20 - INFO - Epoch 510/600 finished. Average Training Loss: 1.4203
2025-07-14 01:55:25 - INFO - Epoch 511/600 finished. Average Training Loss: 1.2380
2025-07-14 01:55:32 - INFO - Epoch 512/600 finished. Average Training Loss: 1.6757
2025-07-14 01:55:38 - INFO - Epoch 513/600 finished. Average Training Loss: 1.1452
2025-07-14 01:55:45 - INFO - Epoch 514/600 finished. Average Training Loss: 1.3779
2025-07-14 01:55:50 - INFO - Epoch 515/600 finished. Average Training Loss: 1.3437
2025-07-14 01:55:56 - INFO - Epoch 516/600 finished. Average Training Loss: 1.4962
2025-07-14 01:56:03 - INFO - Epoch 517/600 finished. Average Training Loss: 1.3946
2025-07-14 01:56:09 - INFO - Epoch 518/600 finished. Average Training Loss: 1.4746
2025-07-14 01:56:15 - INFO - Epoch 519/600 finished. Average Training Loss: 1.2980
2025-07-14 01:56:21 - INFO - Epoch 520/600 finished. Average Training Loss: 0.9668
2025-07-14 01:56:21 - INFO - Saved checkpoint for epoch 520 to ./result/VNet_Multi_V4/Amos_20/Pth/model_epoch_520_checkpoint.pth
2025-07-14 01:56:27 - INFO - Epoch 521/600 finished. Average Training Loss: 1.3389
2025-07-14 01:56:34 - INFO - Epoch 522/600 finished. Average Training Loss: 1.3294
2025-07-14 01:56:41 - INFO - Epoch 523/600 finished. Average Training Loss: 1.1486
2025-07-14 01:56:47 - INFO - Epoch 524/600 finished. Average Training Loss: 1.4747
2025-07-14 01:56:54 - INFO - Epoch 525/600 finished. Average Training Loss: 1.3506
2025-07-14 01:56:59 - INFO - Epoch 526/600 finished. Average Training Loss: 1.3662
2025-07-14 01:57:06 - INFO - Epoch 527/600 finished. Average Training Loss: 1.5088
2025-07-14 01:57:12 - INFO - Epoch 528/600 finished. Average Training Loss: 1.2040
2025-07-14 01:57:19 - INFO - Epoch 529/600 finished. Average Training Loss: 1.1984
2025-07-14 01:57:24 - INFO - Epoch 530/600 finished. Average Training Loss: 1.3695
2025-07-14 01:57:30 - INFO - Epoch 531/600 finished. Average Training Loss: 1.4397
2025-07-14 01:57:37 - INFO - Epoch 532/600 finished. Average Training Loss: 1.0668
2025-07-14 01:57:43 - INFO - Epoch 533/600 finished. Average Training Loss: 1.1049
2025-07-14 01:57:49 - INFO - Epoch 534/600 finished. Average Training Loss: 1.2824
2025-07-14 01:57:55 - INFO - Epoch 535/600 finished. Average Training Loss: 1.0881
2025-07-14 01:58:02 - INFO - Epoch 536/600 finished. Average Training Loss: 1.1770
2025-07-14 01:58:08 - INFO - Epoch 537/600 finished. Average Training Loss: 1.3059
2025-07-14 01:58:15 - INFO - Epoch 538/600 finished. Average Training Loss: 1.3171
2025-07-14 01:58:21 - INFO - Epoch 539/600 finished. Average Training Loss: 1.3648
2025-07-14 01:58:28 - INFO - Epoch 540/600 finished. Average Training Loss: 1.1613
2025-07-14 01:58:28 - INFO - Saved checkpoint for epoch 540 to ./result/VNet_Multi_V4/Amos_20/Pth/model_epoch_540_checkpoint.pth
2025-07-14 01:58:33 - INFO - Epoch 541/600 finished. Average Training Loss: 1.3072
2025-07-14 01:58:40 - INFO - Epoch 542/600 finished. Average Training Loss: 1.6615
2025-07-14 01:58:46 - INFO - Epoch 543/600 finished. Average Training Loss: 1.3148
2025-07-14 01:58:53 - INFO - Epoch 544/600 finished. Average Training Loss: 1.2214
2025-07-14 01:58:58 - INFO - Epoch 545/600 finished. Average Training Loss: 1.2177
2025-07-14 01:59:05 - INFO - Epoch 546/600 finished. Average Training Loss: 1.1466
2025-07-14 01:59:11 - INFO - Epoch 547/600 finished. Average Training Loss: 1.0874
2025-07-14 01:59:18 - INFO - Epoch 548/600 finished. Average Training Loss: 1.3709
2025-07-14 01:59:23 - INFO - Epoch 549/600 finished. Average Training Loss: 1.1622
2025-07-14 01:59:29 - INFO - Epoch 550/600 finished. Average Training Loss: 1.1696
2025-07-14 01:59:36 - INFO - Epoch 551/600 finished. Average Training Loss: 1.0519
2025-07-14 01:59:42 - INFO - Epoch 552/600 finished. Average Training Loss: 1.1278
2025-07-14 01:59:49 - INFO - Epoch 553/600 finished. Average Training Loss: 1.0991
2025-07-14 01:59:55 - INFO - Epoch 554/600 finished. Average Training Loss: 1.0320
2025-07-14 02:00:02 - INFO - Epoch 555/600 finished. Average Training Loss: 1.0515
2025-07-14 02:00:07 - INFO - Epoch 556/600 finished. Average Training Loss: 1.0615
2025-07-14 02:00:13 - INFO - Epoch 557/600 finished. Average Training Loss: 1.2088
2025-07-14 02:00:20 - INFO - Epoch 558/600 finished. Average Training Loss: 1.2038
2025-07-14 02:00:26 - INFO - Epoch 559/600 finished. Average Training Loss: 1.2025
2025-07-14 02:00:32 - INFO - Epoch 560/600 finished. Average Training Loss: 1.2005
2025-07-14 02:00:32 - INFO - Saved checkpoint for epoch 560 to ./result/VNet_Multi_V4/Amos_20/Pth/model_epoch_560_checkpoint.pth
2025-07-14 02:00:38 - INFO - Epoch 561/600 finished. Average Training Loss: 1.0563
2025-07-14 02:00:45 - INFO - Epoch 562/600 finished. Average Training Loss: 1.2186
2025-07-14 02:00:51 - INFO - Epoch 563/600 finished. Average Training Loss: 1.2454
2025-07-14 02:00:57 - INFO - Epoch 564/600 finished. Average Training Loss: 1.3537
2025-07-14 02:01:03 - INFO - Epoch 565/600 finished. Average Training Loss: 1.2085
2025-07-14 02:01:10 - INFO - Epoch 566/600 finished. Average Training Loss: 1.2345
2025-07-14 02:01:16 - INFO - Epoch 567/600 finished. Average Training Loss: 1.1080
2025-07-14 02:01:23 - INFO - Epoch 568/600 finished. Average Training Loss: 1.1530
2025-07-14 02:01:29 - INFO - Epoch 569/600 finished. Average Training Loss: 1.2197
2025-07-14 02:01:36 - INFO - Epoch 570/600 finished. Average Training Loss: 1.3151
2025-07-14 02:01:41 - INFO - Epoch 571/600 finished. Average Training Loss: 0.9840
2025-07-14 02:01:48 - INFO - Epoch 572/600 finished. Average Training Loss: 1.2939
2025-07-14 02:01:54 - INFO - Epoch 573/600 finished. Average Training Loss: 1.0553
2025-07-14 02:02:01 - INFO - Epoch 574/600 finished. Average Training Loss: 1.2042
2025-07-14 02:02:06 - INFO - Epoch 575/600 finished. Average Training Loss: 1.1596
2025-07-14 02:02:12 - INFO - Epoch 576/600 finished. Average Training Loss: 1.1679
2025-07-14 02:02:19 - INFO - Epoch 577/600 finished. Average Training Loss: 1.1783
2025-07-14 02:02:25 - INFO - Epoch 578/600 finished. Average Training Loss: 1.2066
2025-07-14 02:02:31 - INFO - Epoch 579/600 finished. Average Training Loss: 1.2110
2025-07-14 02:02:37 - INFO - Epoch 580/600 finished. Average Training Loss: 1.1993
2025-07-14 02:02:37 - INFO - Saved checkpoint for epoch 580 to ./result/VNet_Multi_V4/Amos_20/Pth/model_epoch_580_checkpoint.pth
2025-07-14 02:02:44 - INFO - Epoch 581/600 finished. Average Training Loss: 0.9429
2025-07-14 02:02:50 - INFO - Epoch 582/600 finished. Average Training Loss: 1.1391
2025-07-14 02:02:57 - INFO - Epoch 583/600 finished. Average Training Loss: 1.3033
2025-07-14 02:03:03 - INFO - Epoch 584/600 finished. Average Training Loss: 1.0609
2025-07-14 02:03:10 - INFO - Epoch 585/600 finished. Average Training Loss: 1.1522
2025-07-14 02:03:15 - INFO - Epoch 586/600 finished. Average Training Loss: 1.1422
2025-07-14 02:03:22 - INFO - Epoch 587/600 finished. Average Training Loss: 1.3281
2025-07-14 02:03:29 - INFO - Epoch 588/600 finished. Average Training Loss: 1.3114
2025-07-14 02:03:35 - INFO - Epoch 589/600 finished. Average Training Loss: 0.9955
2025-07-14 02:03:40 - INFO - Epoch 590/600 finished. Average Training Loss: 1.0452
2025-07-14 02:03:47 - INFO - Epoch 591/600 finished. Average Training Loss: 0.9838
2025-07-14 02:03:53 - INFO - Epoch 592/600 finished. Average Training Loss: 1.0459
2025-07-14 02:04:00 - INFO - Epoch 593/600 finished. Average Training Loss: 1.1926
2025-07-14 02:04:05 - INFO - Epoch 594/600 finished. Average Training Loss: 1.1968
2025-07-14 02:04:12 - INFO - Epoch 595/600 finished. Average Training Loss: 0.9704
2025-07-14 02:04:18 - INFO - Epoch 596/600 finished. Average Training Loss: 1.1704
2025-07-14 02:04:24 - INFO - Epoch 597/600 finished. Average Training Loss: 1.1564
2025-07-14 02:04:31 - INFO - Epoch 598/600 finished. Average Training Loss: 1.2189
2025-07-14 02:04:38 - INFO - Epoch 599/600 finished. Average Training Loss: 1.0321
2025-07-14 02:04:44 - INFO - Epoch 600/600 finished. Average Training Loss: 1.2442
2025-07-14 02:04:44 - INFO - Saved checkpoint for epoch 600 to ./result/VNet_Multi_V4/Amos_20/Pth/model_epoch_600_checkpoint.pth
2025-07-14 02:04:44 - INFO - Training complete! Total duration: 1h 9m 22s
2025-07-14 02:04:44 - INFO - ======================================== Training Session Ended ========================================

