2025-06-19 02:02:29 - INFO - Logging is set up.
2025-06-19 02:02:29 - INFO - 训练配置参数:
{'seed': 42, 'epochs': 1000, 'batch_size': 4, 'num_classes': 2, 'learning_rate': 0.001, 'dataset_path': './datasets/LA', 'log_path': './result/SAM3D_VNet_SSL/LA_16_SemiSupervised_V14_3/Training.log', 'pth_path': './result/SAM3D_VNet_SSL/LA_16_SemiSupervised_V14_3/Pth', 'tensorboard_path': './result/SAM3D_VNet_SSL/LA_16_SemiSupervised_V14_3/Train', 'continue_train': False, 'multi_gpu': True, 'training_label_num': 16, 'training_unlabel_num': 64, 'label_bs': 2, 'unlabel_bs': 2, 'consistency_weight': 0.3, 'pretrained_weights': None}
2025-06-19 02:02:30 - INFO - 使用 2 个GPU
2025-06-19 02:02:30 - INFO - 模型总参数: 88,863,607
2025-06-19 02:02:30 - INFO - 可训练参数: 88,863,607
2025-06-19 02:02:51 - INFO - Epoch 1/1000, Loss: 0.8729, Dice: 0.8562, MSE: 0.0557
2025-06-19 02:03:10 - INFO - Epoch 2/1000, Loss: 0.8245, Dice: 0.8108, MSE: 0.0456
2025-06-19 02:03:29 - INFO - Epoch 3/1000, Loss: 0.7740, Dice: 0.7606, MSE: 0.0447
2025-06-19 02:03:47 - INFO - Epoch 4/1000, Loss: 0.7174, Dice: 0.7016, MSE: 0.0529
2025-06-19 02:04:06 - INFO - Epoch 5/1000, Loss: 0.6931, Dice: 0.6790, MSE: 0.0470
2025-06-19 02:04:24 - INFO - Epoch 6/1000, Loss: 0.6611, Dice: 0.6486, MSE: 0.0417
2025-06-19 02:04:43 - INFO - Epoch 7/1000, Loss: 0.6401, Dice: 0.6272, MSE: 0.0430
2025-06-19 02:05:01 - INFO - Epoch 8/1000, Loss: 0.6357, Dice: 0.6209, MSE: 0.0494
2025-06-19 02:05:20 - INFO - Epoch 9/1000, Loss: 0.6386, Dice: 0.6227, MSE: 0.0529
2025-06-19 02:05:38 - INFO - Epoch 10/1000, Loss: 0.5106, Dice: 0.4925, MSE: 0.0603
2025-06-19 02:05:57 - INFO - Epoch 11/1000, Loss: 0.5616, Dice: 0.5457, MSE: 0.0530
2025-06-19 02:06:15 - INFO - Epoch 12/1000, Loss: 0.5533, Dice: 0.5381, MSE: 0.0505
2025-06-19 02:06:33 - INFO - Epoch 13/1000, Loss: 0.4556, Dice: 0.4359, MSE: 0.0657
2025-06-19 02:06:52 - INFO - Epoch 14/1000, Loss: 0.4871, Dice: 0.4687, MSE: 0.0614
2025-06-19 02:07:10 - INFO - Epoch 15/1000, Loss: 0.4781, Dice: 0.4577, MSE: 0.0680
2025-06-19 02:07:28 - INFO - Epoch 16/1000, Loss: 0.4391, Dice: 0.4169, MSE: 0.0743
2025-06-19 02:07:47 - INFO - Epoch 17/1000, Loss: 0.4851, Dice: 0.4664, MSE: 0.0625
2025-06-19 02:08:05 - INFO - Epoch 18/1000, Loss: 0.3500, Dice: 0.3281, MSE: 0.0731
2025-06-19 02:08:24 - INFO - Epoch 19/1000, Loss: 0.4510, Dice: 0.4278, MSE: 0.0772
2025-06-19 02:08:42 - INFO - Epoch 20/1000, Loss: 0.3805, Dice: 0.3583, MSE: 0.0740
2025-06-19 02:08:43 - INFO - 模型已保存至: epoch_20.pth
2025-06-19 02:09:02 - INFO - Epoch 21/1000, Loss: 0.4113, Dice: 0.3913, MSE: 0.0667
2025-06-19 02:09:20 - INFO - Epoch 22/1000, Loss: 0.4342, Dice: 0.4122, MSE: 0.0735
2025-06-19 02:09:38 - INFO - Epoch 23/1000, Loss: 0.3738, Dice: 0.3482, MSE: 0.0852
2025-06-19 02:09:57 - INFO - Epoch 24/1000, Loss: 0.3702, Dice: 0.3476, MSE: 0.0752
2025-06-19 02:10:15 - INFO - Epoch 25/1000, Loss: 0.3835, Dice: 0.3626, MSE: 0.0698
2025-06-19 02:10:34 - INFO - Epoch 26/1000, Loss: 0.3782, Dice: 0.3588, MSE: 0.0646
2025-06-19 02:10:52 - INFO - Epoch 27/1000, Loss: 0.3465, Dice: 0.3220, MSE: 0.0816
2025-06-19 02:11:10 - INFO - Epoch 28/1000, Loss: 0.3506, Dice: 0.3287, MSE: 0.0730
2025-06-19 02:11:29 - INFO - Epoch 29/1000, Loss: 0.3267, Dice: 0.3011, MSE: 0.0854
2025-06-19 02:11:48 - INFO - Epoch 30/1000, Loss: 0.3220, Dice: 0.2971, MSE: 0.0830
2025-06-19 02:12:06 - INFO - Epoch 31/1000, Loss: 0.3815, Dice: 0.3583, MSE: 0.0773
2025-06-19 02:12:25 - INFO - Epoch 32/1000, Loss: 0.3242, Dice: 0.3011, MSE: 0.0770
2025-06-19 02:12:43 - INFO - Epoch 33/1000, Loss: 0.3162, Dice: 0.2905, MSE: 0.0858
2025-06-19 02:13:01 - INFO - Epoch 34/1000, Loss: 0.3502, Dice: 0.3240, MSE: 0.0872
2025-06-19 02:13:20 - INFO - Epoch 35/1000, Loss: 0.3305, Dice: 0.3054, MSE: 0.0836
2025-06-19 02:13:38 - INFO - Epoch 36/1000, Loss: 0.3152, Dice: 0.2888, MSE: 0.0881
2025-06-19 02:13:57 - INFO - Epoch 37/1000, Loss: 0.2724, Dice: 0.2463, MSE: 0.0869
2025-06-19 02:14:15 - INFO - Epoch 38/1000, Loss: 0.2980, Dice: 0.2737, MSE: 0.0811
2025-06-19 02:14:33 - INFO - Epoch 39/1000, Loss: 0.2536, Dice: 0.2260, MSE: 0.0922
2025-06-19 02:14:51 - INFO - Epoch 40/1000, Loss: 0.2489, Dice: 0.2210, MSE: 0.0930
2025-06-19 02:14:52 - INFO - 模型已保存至: epoch_40.pth
2025-06-19 02:15:11 - INFO - Epoch 41/1000, Loss: 0.3339, Dice: 0.3114, MSE: 0.0752
2025-06-19 02:15:29 - INFO - Epoch 42/1000, Loss: 0.3022, Dice: 0.2763, MSE: 0.0865
2025-06-19 02:15:48 - INFO - Epoch 43/1000, Loss: 0.3371, Dice: 0.3103, MSE: 0.0893
2025-06-19 02:16:06 - INFO - Epoch 44/1000, Loss: 0.3367, Dice: 0.3120, MSE: 0.0825
2025-06-19 02:16:25 - INFO - Epoch 45/1000, Loss: 0.2934, Dice: 0.2682, MSE: 0.0841
2025-06-19 02:16:43 - INFO - Epoch 46/1000, Loss: 0.3062, Dice: 0.2804, MSE: 0.0860
2025-06-19 02:17:01 - INFO - Epoch 47/1000, Loss: 0.2821, Dice: 0.2567, MSE: 0.0847
2025-06-19 02:17:20 - INFO - Epoch 48/1000, Loss: 0.3041, Dice: 0.2774, MSE: 0.0892
2025-06-19 02:17:38 - INFO - Epoch 49/1000, Loss: 0.2887, Dice: 0.2624, MSE: 0.0876
2025-06-19 02:17:57 - INFO - Epoch 50/1000, Loss: 0.2679, Dice: 0.2405, MSE: 0.0912
2025-06-19 02:18:15 - INFO - Epoch 51/1000, Loss: 0.3357, Dice: 0.3142, MSE: 0.0714
2025-06-19 02:18:33 - INFO - Epoch 52/1000, Loss: 0.2882, Dice: 0.2641, MSE: 0.0803
2025-06-19 02:18:52 - INFO - Epoch 53/1000, Loss: 0.3166, Dice: 0.2889, MSE: 0.0925
2025-06-19 02:19:10 - INFO - Epoch 54/1000, Loss: 0.2453, Dice: 0.2200, MSE: 0.0842
2025-06-19 02:19:29 - INFO - Epoch 55/1000, Loss: 0.2660, Dice: 0.2390, MSE: 0.0899
2025-06-19 02:19:47 - INFO - Epoch 56/1000, Loss: 0.2514, Dice: 0.2250, MSE: 0.0879
2025-06-19 02:20:06 - INFO - Epoch 57/1000, Loss: 0.2707, Dice: 0.2447, MSE: 0.0867
2025-06-19 02:20:24 - INFO - Epoch 58/1000, Loss: 0.2573, Dice: 0.2326, MSE: 0.0821
2025-06-19 02:20:42 - INFO - Epoch 59/1000, Loss: 0.2343, Dice: 0.2068, MSE: 0.0916
2025-06-19 02:21:01 - INFO - Epoch 60/1000, Loss: 0.2656, Dice: 0.2391, MSE: 0.0884
2025-06-19 02:21:02 - INFO - 模型已保存至: epoch_60.pth
2025-06-19 02:21:20 - INFO - Epoch 61/1000, Loss: 0.3007, Dice: 0.2747, MSE: 0.0867
2025-06-19 02:21:39 - INFO - Epoch 62/1000, Loss: 0.3039, Dice: 0.2791, MSE: 0.0826
2025-06-19 02:21:57 - INFO - Epoch 63/1000, Loss: 0.2750, Dice: 0.2490, MSE: 0.0869
2025-06-19 02:22:16 - INFO - Epoch 64/1000, Loss: 0.2699, Dice: 0.2467, MSE: 0.0771
2025-06-19 02:22:34 - INFO - Epoch 65/1000, Loss: 0.3059, Dice: 0.2793, MSE: 0.0889
2025-06-19 02:22:52 - INFO - Epoch 66/1000, Loss: 0.3161, Dice: 0.2891, MSE: 0.0899
2025-06-19 02:23:11 - INFO - Epoch 67/1000, Loss: 0.3157, Dice: 0.2927, MSE: 0.0766
2025-06-19 02:23:29 - INFO - Epoch 68/1000, Loss: 0.2603, Dice: 0.2365, MSE: 0.0795
2025-06-19 02:23:48 - INFO - Epoch 69/1000, Loss: 0.2535, Dice: 0.2248, MSE: 0.0958
2025-06-19 02:24:06 - INFO - Epoch 70/1000, Loss: 0.2726, Dice: 0.2473, MSE: 0.0846
2025-06-19 02:24:25 - INFO - Epoch 71/1000, Loss: 0.2418, Dice: 0.2159, MSE: 0.0863
2025-06-19 02:24:43 - INFO - Epoch 72/1000, Loss: 0.2360, Dice: 0.2111, MSE: 0.0829
2025-06-19 02:25:01 - INFO - Epoch 73/1000, Loss: 0.2398, Dice: 0.2130, MSE: 0.0891
2025-06-19 02:25:20 - INFO - Epoch 74/1000, Loss: 0.2342, Dice: 0.2071, MSE: 0.0903
2025-06-19 02:25:38 - INFO - Epoch 75/1000, Loss: 0.2276, Dice: 0.2007, MSE: 0.0900
2025-06-19 02:25:57 - INFO - Epoch 76/1000, Loss: 0.2291, Dice: 0.2022, MSE: 0.0897
2025-06-19 02:26:15 - INFO - Epoch 77/1000, Loss: 0.2455, Dice: 0.2186, MSE: 0.0898
2025-06-19 02:26:34 - INFO - Epoch 78/1000, Loss: 0.2027, Dice: 0.1756, MSE: 0.0903
2025-06-19 02:26:52 - INFO - Epoch 79/1000, Loss: 0.3141, Dice: 0.2867, MSE: 0.0914
2025-06-19 02:27:11 - INFO - Epoch 80/1000, Loss: 0.3039, Dice: 0.2780, MSE: 0.0862
2025-06-19 02:27:12 - INFO - 模型已保存至: epoch_80.pth
2025-06-19 02:27:30 - INFO - Epoch 81/1000, Loss: 0.2585, Dice: 0.2325, MSE: 0.0866
2025-06-19 02:27:49 - INFO - Epoch 82/1000, Loss: 0.2423, Dice: 0.2172, MSE: 0.0835
2025-06-19 02:28:07 - INFO - Epoch 83/1000, Loss: 0.2410, Dice: 0.2135, MSE: 0.0915
2025-06-19 02:28:26 - INFO - Epoch 84/1000, Loss: 0.2158, Dice: 0.1890, MSE: 0.0891
2025-06-19 02:28:44 - INFO - Epoch 85/1000, Loss: 0.2544, Dice: 0.2223, MSE: 0.1072
2025-06-19 02:29:03 - INFO - Epoch 86/1000, Loss: 0.2413, Dice: 0.1990, MSE: 0.1409
2025-06-19 02:29:21 - INFO - Epoch 87/1000, Loss: 0.2518, Dice: 0.2124, MSE: 0.1314
2025-06-19 02:29:40 - INFO - Epoch 88/1000, Loss: 0.2230, Dice: 0.1863, MSE: 0.1223
2025-06-19 02:29:58 - INFO - Epoch 89/1000, Loss: 0.2371, Dice: 0.2018, MSE: 0.1179
2025-06-19 02:30:17 - INFO - Epoch 90/1000, Loss: 0.2165, Dice: 0.1809, MSE: 0.1186
2025-06-19 02:30:35 - INFO - Epoch 91/1000, Loss: 0.2292, Dice: 0.1925, MSE: 0.1222
2025-06-19 02:30:54 - INFO - Epoch 92/1000, Loss: 0.2298, Dice: 0.1944, MSE: 0.1178
2025-06-19 02:31:12 - INFO - Epoch 93/1000, Loss: 0.2283, Dice: 0.1952, MSE: 0.1103
2025-06-19 02:31:30 - INFO - Epoch 94/1000, Loss: 0.2286, Dice: 0.1943, MSE: 0.1144
2025-06-19 02:31:49 - INFO - Epoch 95/1000, Loss: 0.2426, Dice: 0.2071, MSE: 0.1184
2025-06-19 02:32:08 - INFO - Epoch 96/1000, Loss: 0.2830, Dice: 0.2473, MSE: 0.1188
2025-06-19 02:32:26 - INFO - Epoch 97/1000, Loss: 0.2665, Dice: 0.2351, MSE: 0.1046
2025-06-19 02:32:44 - INFO - Epoch 98/1000, Loss: 0.2337, Dice: 0.1997, MSE: 0.1133
2025-06-19 02:33:02 - INFO - Epoch 99/1000, Loss: 0.2173, Dice: 0.1818, MSE: 0.1184
2025-06-19 02:33:21 - INFO - Epoch 100/1000, Loss: 0.2186, Dice: 0.1847, MSE: 0.1130
2025-06-19 02:33:22 - INFO - 模型已保存至: epoch_100.pth
2025-06-19 02:33:40 - INFO - Epoch 101/1000, Loss: 0.2109, Dice: 0.1782, MSE: 0.1092
2025-06-19 02:33:59 - INFO - Epoch 102/1000, Loss: 0.2113, Dice: 0.1774, MSE: 0.1128
2025-06-19 02:34:17 - INFO - Epoch 103/1000, Loss: 0.2166, Dice: 0.1866, MSE: 0.1001
2025-06-19 02:34:36 - INFO - Epoch 104/1000, Loss: 0.2218, Dice: 0.1905, MSE: 0.1042
2025-06-19 02:34:54 - INFO - Epoch 105/1000, Loss: 0.2167, Dice: 0.1864, MSE: 0.1009
2025-06-19 02:35:12 - INFO - Epoch 106/1000, Loss: 0.1919, Dice: 0.1624, MSE: 0.0986
2025-06-19 02:35:31 - INFO - Epoch 107/1000, Loss: 0.2607, Dice: 0.2368, MSE: 0.0797
2025-06-19 02:35:49 - INFO - Epoch 108/1000, Loss: 0.2088, Dice: 0.1828, MSE: 0.0867
2025-06-19 02:36:08 - INFO - Epoch 109/1000, Loss: 0.1915, Dice: 0.1673, MSE: 0.0805
2025-06-19 02:36:26 - INFO - Epoch 110/1000, Loss: 0.2078, Dice: 0.1803, MSE: 0.0917
2025-06-19 02:36:44 - INFO - Epoch 111/1000, Loss: 0.2359, Dice: 0.2081, MSE: 0.0926
2025-06-19 02:37:03 - INFO - Epoch 112/1000, Loss: 0.2099, Dice: 0.1844, MSE: 0.0851
2025-06-19 02:37:21 - INFO - Epoch 113/1000, Loss: 0.2084, Dice: 0.1831, MSE: 0.0841
2025-06-19 02:37:40 - INFO - Epoch 114/1000, Loss: 0.2049, Dice: 0.1784, MSE: 0.0881
2025-06-19 02:37:58 - INFO - Epoch 115/1000, Loss: 0.2286, Dice: 0.2043, MSE: 0.0809
2025-06-19 02:38:17 - INFO - Epoch 116/1000, Loss: 0.1920, Dice: 0.1662, MSE: 0.0860
2025-06-19 02:38:35 - INFO - Epoch 117/1000, Loss: 0.1936, Dice: 0.1697, MSE: 0.0797
2025-06-19 02:38:53 - INFO - Epoch 118/1000, Loss: 0.1847, Dice: 0.1600, MSE: 0.0825
2025-06-19 02:39:12 - INFO - Epoch 119/1000, Loss: 0.1849, Dice: 0.1603, MSE: 0.0819
2025-06-19 02:39:30 - INFO - Epoch 120/1000, Loss: 0.1657, Dice: 0.1406, MSE: 0.0837
2025-06-19 02:39:31 - INFO - 模型已保存至: epoch_120.pth
2025-06-19 02:39:50 - INFO - Epoch 121/1000, Loss: 0.1702, Dice: 0.1449, MSE: 0.0844
2025-06-19 02:40:08 - INFO - Epoch 122/1000, Loss: 0.2247, Dice: 0.1988, MSE: 0.0864
2025-06-19 02:40:26 - INFO - Epoch 123/1000, Loss: 0.1750, Dice: 0.1489, MSE: 0.0870
2025-06-19 02:40:45 - INFO - Epoch 124/1000, Loss: 0.1628, Dice: 0.1366, MSE: 0.0874
2025-06-19 02:41:03 - INFO - Epoch 125/1000, Loss: 0.1740, Dice: 0.1476, MSE: 0.0880
2025-06-19 02:41:22 - INFO - Epoch 126/1000, Loss: 0.1762, Dice: 0.1495, MSE: 0.0892
2025-06-19 02:41:40 - INFO - Epoch 127/1000, Loss: 0.1683, Dice: 0.1401, MSE: 0.0940
2025-06-19 02:41:58 - INFO - Epoch 128/1000, Loss: 0.1863, Dice: 0.1509, MSE: 0.1180
2025-06-19 02:42:16 - INFO - Epoch 129/1000, Loss: 0.2240, Dice: 0.1898, MSE: 0.1139
2025-06-19 02:42:35 - INFO - Epoch 130/1000, Loss: 0.2004, Dice: 0.1716, MSE: 0.0961
2025-06-19 02:42:53 - INFO - Epoch 131/1000, Loss: 0.1640, Dice: 0.1275, MSE: 0.1216
2025-06-19 02:43:12 - INFO - Epoch 132/1000, Loss: 0.1899, Dice: 0.1542, MSE: 0.1190
2025-06-19 02:43:30 - INFO - Epoch 133/1000, Loss: 0.1796, Dice: 0.1417, MSE: 0.1262
2025-06-19 02:43:48 - INFO - Epoch 134/1000, Loss: 0.2200, Dice: 0.1829, MSE: 0.1237
2025-06-19 02:44:07 - INFO - Epoch 135/1000, Loss: 0.2320, Dice: 0.1979, MSE: 0.1136
2025-06-19 02:44:25 - INFO - Epoch 136/1000, Loss: 0.2321, Dice: 0.1976, MSE: 0.1153
2025-06-19 02:44:43 - INFO - Epoch 137/1000, Loss: 0.2172, Dice: 0.1778, MSE: 0.1314
2025-06-19 02:45:02 - INFO - Epoch 138/1000, Loss: 0.2103, Dice: 0.1774, MSE: 0.1096
2025-06-19 02:45:20 - INFO - Epoch 139/1000, Loss: 0.2054, Dice: 0.1687, MSE: 0.1224
2025-06-19 02:45:38 - INFO - Epoch 140/1000, Loss: 0.2265, Dice: 0.1902, MSE: 0.1211
2025-06-19 02:45:40 - INFO - 模型已保存至: epoch_140.pth
2025-06-19 02:45:58 - INFO - Epoch 141/1000, Loss: 0.1864, Dice: 0.1509, MSE: 0.1183
2025-06-19 02:46:16 - INFO - Epoch 142/1000, Loss: 0.1926, Dice: 0.1601, MSE: 0.1084
2025-06-19 02:46:35 - INFO - Epoch 143/1000, Loss: 0.1655, Dice: 0.1289, MSE: 0.1219
2025-06-19 02:46:53 - INFO - Epoch 144/1000, Loss: 0.1838, Dice: 0.1459, MSE: 0.1262
2025-06-19 02:47:11 - INFO - Epoch 145/1000, Loss: 0.1707, Dice: 0.1360, MSE: 0.1156
2025-06-19 02:47:29 - INFO - Epoch 146/1000, Loss: 0.1485, Dice: 0.1129, MSE: 0.1189
2025-06-19 02:47:47 - INFO - Epoch 147/1000, Loss: 0.1793, Dice: 0.1437, MSE: 0.1189
2025-06-19 02:48:06 - INFO - Epoch 148/1000, Loss: 0.1643, Dice: 0.1292, MSE: 0.1169
2025-06-19 02:48:24 - INFO - Epoch 149/1000, Loss: 0.1652, Dice: 0.1291, MSE: 0.1206
2025-06-19 02:48:42 - INFO - Epoch 150/1000, Loss: 0.1971, Dice: 0.1643, MSE: 0.1093
2025-06-19 02:49:01 - INFO - Epoch 151/1000, Loss: 0.1889, Dice: 0.1557, MSE: 0.1108
2025-06-19 02:49:20 - INFO - Epoch 152/1000, Loss: 0.1876, Dice: 0.1565, MSE: 0.1038
2025-06-19 02:49:38 - INFO - Epoch 153/1000, Loss: 0.1817, Dice: 0.1496, MSE: 0.1071
2025-06-19 02:49:56 - INFO - Epoch 154/1000, Loss: 0.2369, Dice: 0.2099, MSE: 0.0901
2025-06-19 02:50:15 - INFO - Epoch 155/1000, Loss: 0.2109, Dice: 0.1818, MSE: 0.0971
2025-06-19 02:50:33 - INFO - Epoch 156/1000, Loss: 0.1862, Dice: 0.1564, MSE: 0.0995
2025-06-19 02:50:51 - INFO - Epoch 157/1000, Loss: 0.2027, Dice: 0.1741, MSE: 0.0955
2025-06-19 02:51:09 - INFO - Epoch 158/1000, Loss: 0.2181, Dice: 0.1854, MSE: 0.1088
2025-06-19 02:51:28 - INFO - Epoch 159/1000, Loss: 0.1947, Dice: 0.1670, MSE: 0.0923
2025-06-19 02:51:46 - INFO - Epoch 160/1000, Loss: 0.2251, Dice: 0.1944, MSE: 0.1024
2025-06-19 02:51:47 - INFO - 模型已保存至: epoch_160.pth
2025-06-19 02:52:06 - INFO - Epoch 161/1000, Loss: 0.2251, Dice: 0.1974, MSE: 0.0922
2025-06-19 02:52:24 - INFO - Epoch 162/1000, Loss: 0.2306, Dice: 0.2023, MSE: 0.0943
2025-06-19 02:52:43 - INFO - Epoch 163/1000, Loss: 0.1722, Dice: 0.1422, MSE: 0.1002
2025-06-19 02:53:01 - INFO - Epoch 164/1000, Loss: 0.1691, Dice: 0.1393, MSE: 0.0994
2025-06-19 02:53:19 - INFO - Epoch 165/1000, Loss: 0.1522, Dice: 0.1217, MSE: 0.1019
2025-06-19 02:53:38 - INFO - Epoch 166/1000, Loss: 0.1507, Dice: 0.1185, MSE: 0.1073
2025-06-19 02:53:56 - INFO - Epoch 167/1000, Loss: 0.1852, Dice: 0.1555, MSE: 0.0991
2025-06-19 02:54:15 - INFO - Epoch 168/1000, Loss: 0.1998, Dice: 0.1704, MSE: 0.0979
2025-06-19 02:54:33 - INFO - Epoch 169/1000, Loss: 0.1739, Dice: 0.1435, MSE: 0.1015
2025-06-19 02:54:52 - INFO - Epoch 170/1000, Loss: 0.1610, Dice: 0.1319, MSE: 0.0970
2025-06-19 02:55:10 - INFO - Epoch 171/1000, Loss: 0.2089, Dice: 0.1800, MSE: 0.0963
2025-06-19 02:55:29 - INFO - Epoch 172/1000, Loss: 0.1433, Dice: 0.1148, MSE: 0.0952
2025-06-19 02:55:47 - INFO - Epoch 173/1000, Loss: 0.1487, Dice: 0.1218, MSE: 0.0898
2025-06-19 02:56:05 - INFO - Epoch 174/1000, Loss: 0.1669, Dice: 0.1425, MSE: 0.0812
2025-06-19 02:56:23 - INFO - Epoch 175/1000, Loss: 0.1481, Dice: 0.1184, MSE: 0.0992
2025-06-19 02:56:42 - INFO - Epoch 176/1000, Loss: 0.1537, Dice: 0.1267, MSE: 0.0900
2025-06-19 02:57:00 - INFO - Epoch 177/1000, Loss: 0.1693, Dice: 0.1431, MSE: 0.0871
2025-06-19 02:57:19 - INFO - Epoch 178/1000, Loss: 0.1669, Dice: 0.1407, MSE: 0.0874
2025-06-19 02:57:37 - INFO - Epoch 179/1000, Loss: 0.1404, Dice: 0.1131, MSE: 0.0910
2025-06-19 02:57:55 - INFO - Epoch 180/1000, Loss: 0.2132, Dice: 0.1856, MSE: 0.0920
2025-06-19 02:57:57 - INFO - 模型已保存至: epoch_180.pth
2025-06-19 02:58:15 - INFO - Epoch 181/1000, Loss: 0.1768, Dice: 0.1526, MSE: 0.0805
2025-06-19 02:58:33 - INFO - Epoch 182/1000, Loss: 0.1530, Dice: 0.1256, MSE: 0.0913
2025-06-19 02:58:52 - INFO - Epoch 183/1000, Loss: 0.1531, Dice: 0.1275, MSE: 0.0851
2025-06-19 02:59:10 - INFO - Epoch 184/1000, Loss: 0.2015, Dice: 0.1781, MSE: 0.0780
2025-06-19 02:59:28 - INFO - Epoch 185/1000, Loss: 0.1831, Dice: 0.1592, MSE: 0.0797
2025-06-19 02:59:47 - INFO - Epoch 186/1000, Loss: 0.1646, Dice: 0.1416, MSE: 0.0767
2025-06-19 03:00:05 - INFO - Epoch 187/1000, Loss: 0.1512, Dice: 0.1252, MSE: 0.0867
2025-06-19 03:00:23 - INFO - Epoch 188/1000, Loss: 0.1561, Dice: 0.1319, MSE: 0.0807
2025-06-19 03:00:41 - INFO - Epoch 189/1000, Loss: 0.1415, Dice: 0.1165, MSE: 0.0831
2025-06-19 03:01:00 - INFO - Epoch 190/1000, Loss: 0.1389, Dice: 0.1164, MSE: 0.0751
2025-06-19 03:01:18 - INFO - Epoch 191/1000, Loss: 0.1535, Dice: 0.1259, MSE: 0.0923
2025-06-19 03:01:37 - INFO - Epoch 192/1000, Loss: 0.1419, Dice: 0.1157, MSE: 0.0874
2025-06-19 03:01:55 - INFO - Epoch 193/1000, Loss: 0.1511, Dice: 0.1249, MSE: 0.0872
2025-06-19 03:02:13 - INFO - Epoch 194/1000, Loss: 0.1424, Dice: 0.1149, MSE: 0.0918
2025-06-19 03:02:32 - INFO - Epoch 195/1000, Loss: 0.2128, Dice: 0.1881, MSE: 0.0825
2025-06-19 03:02:50 - INFO - Epoch 196/1000, Loss: 0.1640, Dice: 0.1399, MSE: 0.0802
2025-06-19 03:03:09 - INFO - Epoch 197/1000, Loss: 0.1543, Dice: 0.1301, MSE: 0.0808
2025-06-19 03:03:27 - INFO - Epoch 198/1000, Loss: 0.1376, Dice: 0.1131, MSE: 0.0815
2025-06-19 03:03:45 - INFO - Epoch 199/1000, Loss: 0.1310, Dice: 0.1064, MSE: 0.0821
2025-06-19 03:04:04 - INFO - Epoch 200/1000, Loss: 0.1555, Dice: 0.1308, MSE: 0.0822
2025-06-19 03:04:05 - INFO - 模型已保存至: epoch_200.pth
2025-06-19 03:04:23 - INFO - Epoch 201/1000, Loss: 0.1426, Dice: 0.1159, MSE: 0.0890
2025-06-19 03:04:42 - INFO - Epoch 202/1000, Loss: 0.1442, Dice: 0.1226, MSE: 0.0723
2025-06-19 03:05:00 - INFO - Epoch 203/1000, Loss: 0.1641, Dice: 0.1390, MSE: 0.0839
2025-06-19 03:05:19 - INFO - Epoch 204/1000, Loss: 0.2276, Dice: 0.2049, MSE: 0.0754
2025-06-19 03:05:37 - INFO - Epoch 205/1000, Loss: 0.2224, Dice: 0.1978, MSE: 0.0820
2025-06-19 03:05:56 - INFO - Epoch 206/1000, Loss: 0.2322, Dice: 0.2117, MSE: 0.0684
2025-06-19 03:06:14 - INFO - Epoch 207/1000, Loss: 0.1840, Dice: 0.1612, MSE: 0.0759
2025-06-19 03:06:32 - INFO - Epoch 208/1000, Loss: 0.1530, Dice: 0.1284, MSE: 0.0820
2025-06-19 03:06:51 - INFO - Epoch 209/1000, Loss: 0.1552, Dice: 0.1326, MSE: 0.0754
2025-06-19 03:07:09 - INFO - Epoch 210/1000, Loss: 0.1692, Dice: 0.1451, MSE: 0.0803
2025-06-19 03:07:27 - INFO - Epoch 211/1000, Loss: 0.1717, Dice: 0.1485, MSE: 0.0775
2025-06-19 03:07:46 - INFO - Epoch 212/1000, Loss: 0.1403, Dice: 0.1150, MSE: 0.0843
2025-06-19 03:08:04 - INFO - Epoch 213/1000, Loss: 0.1568, Dice: 0.1346, MSE: 0.0737
2025-06-19 03:08:23 - INFO - Epoch 214/1000, Loss: 0.1389, Dice: 0.1147, MSE: 0.0807
2025-06-19 03:08:40 - INFO - Epoch 215/1000, Loss: 0.1380, Dice: 0.1102, MSE: 0.0927
2025-06-19 03:08:59 - INFO - Epoch 216/1000, Loss: 0.1267, Dice: 0.1029, MSE: 0.0795
2025-06-19 03:09:17 - INFO - Epoch 217/1000, Loss: 0.1471, Dice: 0.1187, MSE: 0.0947
2025-06-19 03:09:36 - INFO - Epoch 218/1000, Loss: 0.1418, Dice: 0.1172, MSE: 0.0818
2025-06-19 03:09:54 - INFO - Epoch 219/1000, Loss: 0.1594, Dice: 0.1372, MSE: 0.0739
2025-06-19 03:10:12 - INFO - Epoch 220/1000, Loss: 0.2028, Dice: 0.1742, MSE: 0.0952
2025-06-19 03:10:14 - INFO - 模型已保存至: epoch_220.pth
2025-06-19 03:10:32 - INFO - Epoch 221/1000, Loss: 0.1406, Dice: 0.1173, MSE: 0.0778
2025-06-19 03:10:51 - INFO - Epoch 222/1000, Loss: 0.1431, Dice: 0.1171, MSE: 0.0868
2025-06-19 03:11:09 - INFO - Epoch 223/1000, Loss: 0.1383, Dice: 0.1137, MSE: 0.0822
2025-06-19 03:11:27 - INFO - Epoch 224/1000, Loss: 0.1471, Dice: 0.1261, MSE: 0.0702
2025-06-19 03:11:46 - INFO - Epoch 225/1000, Loss: 0.1331, Dice: 0.1109, MSE: 0.0740
2025-06-19 03:12:04 - INFO - Epoch 226/1000, Loss: 0.1444, Dice: 0.1218, MSE: 0.0754
2025-06-19 03:12:23 - INFO - Epoch 227/1000, Loss: 0.1594, Dice: 0.1376, MSE: 0.0727
2025-06-19 03:12:41 - INFO - Epoch 228/1000, Loss: 0.1340, Dice: 0.1109, MSE: 0.0767
2025-06-19 03:13:00 - INFO - Epoch 229/1000, Loss: 0.1234, Dice: 0.0988, MSE: 0.0818
2025-06-19 03:13:18 - INFO - Epoch 230/1000, Loss: 0.1358, Dice: 0.1118, MSE: 0.0800
2025-06-19 03:13:37 - INFO - Epoch 231/1000, Loss: 0.1508, Dice: 0.1287, MSE: 0.0737
2025-06-19 03:13:55 - INFO - Epoch 232/1000, Loss: 0.1189, Dice: 0.0954, MSE: 0.0784
2025-06-19 03:14:14 - INFO - Epoch 233/1000, Loss: 0.1240, Dice: 0.0990, MSE: 0.0834
2025-06-19 03:14:32 - INFO - Epoch 234/1000, Loss: 0.1364, Dice: 0.1121, MSE: 0.0811
2025-06-19 03:14:51 - INFO - Epoch 235/1000, Loss: 0.1382, Dice: 0.1193, MSE: 0.0630
2025-06-19 03:15:09 - INFO - Epoch 236/1000, Loss: 0.1305, Dice: 0.1074, MSE: 0.0769
2025-06-19 03:15:28 - INFO - Epoch 237/1000, Loss: 0.1264, Dice: 0.1029, MSE: 0.0784
2025-06-19 03:15:46 - INFO - Epoch 238/1000, Loss: 0.1292, Dice: 0.1042, MSE: 0.0833
2025-06-19 03:16:04 - INFO - Epoch 239/1000, Loss: 0.1439, Dice: 0.1203, MSE: 0.0786
2025-06-19 03:16:23 - INFO - Epoch 240/1000, Loss: 0.1441, Dice: 0.1199, MSE: 0.0808
2025-06-19 03:16:24 - INFO - 模型已保存至: epoch_240.pth
2025-06-19 03:16:43 - INFO - Epoch 241/1000, Loss: 0.1173, Dice: 0.0923, MSE: 0.0832
2025-06-19 03:17:01 - INFO - Epoch 242/1000, Loss: 0.1120, Dice: 0.0887, MSE: 0.0778
2025-06-19 03:17:19 - INFO - Epoch 243/1000, Loss: 0.1287, Dice: 0.1055, MSE: 0.0772
2025-06-19 03:17:38 - INFO - Epoch 244/1000, Loss: 0.1232, Dice: 0.0972, MSE: 0.0869
2025-06-19 03:17:56 - INFO - Epoch 245/1000, Loss: 0.1406, Dice: 0.1211, MSE: 0.0652
2025-06-19 03:18:15 - INFO - Epoch 246/1000, Loss: 0.1263, Dice: 0.1025, MSE: 0.0792
2025-06-19 03:18:33 - INFO - Epoch 247/1000, Loss: 0.1342, Dice: 0.1105, MSE: 0.0791
2025-06-19 03:18:52 - INFO - Epoch 248/1000, Loss: 0.1352, Dice: 0.1128, MSE: 0.0746
2025-06-19 03:19:10 - INFO - Epoch 249/1000, Loss: 0.1323, Dice: 0.1046, MSE: 0.0921
2025-06-19 03:19:28 - INFO - Epoch 250/1000, Loss: 0.1384, Dice: 0.1155, MSE: 0.0764
2025-06-19 03:19:47 - INFO - Epoch 251/1000, Loss: 0.1304, Dice: 0.1075, MSE: 0.0764
2025-06-19 03:20:05 - INFO - Epoch 252/1000, Loss: 0.1358, Dice: 0.1137, MSE: 0.0738
2025-06-19 03:20:24 - INFO - Epoch 253/1000, Loss: 0.1241, Dice: 0.0977, MSE: 0.0879
2025-06-19 03:20:42 - INFO - Epoch 254/1000, Loss: 0.1351, Dice: 0.1122, MSE: 0.0763
2025-06-19 03:21:01 - INFO - Epoch 255/1000, Loss: 0.1420, Dice: 0.1174, MSE: 0.0820
2025-06-19 03:21:18 - INFO - Epoch 256/1000, Loss: 0.1188, Dice: 0.0946, MSE: 0.0806
2025-06-19 03:21:37 - INFO - Epoch 257/1000, Loss: 0.1258, Dice: 0.1021, MSE: 0.0789
2025-06-19 03:21:55 - INFO - Epoch 258/1000, Loss: 0.1439, Dice: 0.1212, MSE: 0.0756
2025-06-19 03:22:14 - INFO - Epoch 259/1000, Loss: 0.1889, Dice: 0.1678, MSE: 0.0704
2025-06-19 03:22:32 - INFO - Epoch 260/1000, Loss: 0.1590, Dice: 0.1357, MSE: 0.0776
2025-06-19 03:22:34 - INFO - 模型已保存至: epoch_260.pth
2025-06-19 03:22:52 - INFO - Epoch 261/1000, Loss: 0.1341, Dice: 0.1088, MSE: 0.0841
2025-06-19 03:23:11 - INFO - Epoch 262/1000, Loss: 0.1553, Dice: 0.1356, MSE: 0.0660
2025-06-19 03:23:29 - INFO - Epoch 263/1000, Loss: 0.1498, Dice: 0.1259, MSE: 0.0799
2025-06-19 03:23:48 - INFO - Epoch 264/1000, Loss: 0.1278, Dice: 0.1063, MSE: 0.0717
2025-06-19 03:24:06 - INFO - Epoch 265/1000, Loss: 0.1538, Dice: 0.1284, MSE: 0.0848
2025-06-19 03:24:25 - INFO - Epoch 266/1000, Loss: 0.1427, Dice: 0.1208, MSE: 0.0727
2025-06-19 03:24:43 - INFO - Epoch 267/1000, Loss: 0.1018, Dice: 0.0780, MSE: 0.0793
2025-06-19 03:25:02 - INFO - Epoch 268/1000, Loss: 0.1338, Dice: 0.1101, MSE: 0.0792
2025-06-19 03:25:20 - INFO - Epoch 269/1000, Loss: 0.1147, Dice: 0.0932, MSE: 0.0716
2025-06-19 03:25:39 - INFO - Epoch 270/1000, Loss: 0.1244, Dice: 0.1008, MSE: 0.0787
2025-06-19 03:25:57 - INFO - Epoch 271/1000, Loss: 0.1279, Dice: 0.1039, MSE: 0.0801
2025-06-19 03:26:15 - INFO - Epoch 272/1000, Loss: 0.1250, Dice: 0.0992, MSE: 0.0859
2025-06-19 03:26:33 - INFO - Epoch 273/1000, Loss: 0.1220, Dice: 0.0956, MSE: 0.0883
2025-06-19 03:26:52 - INFO - Epoch 274/1000, Loss: 0.1402, Dice: 0.1172, MSE: 0.0768
2025-06-19 03:27:10 - INFO - Epoch 275/1000, Loss: 0.1259, Dice: 0.1034, MSE: 0.0749
2025-06-19 03:27:28 - INFO - Epoch 276/1000, Loss: 0.1050, Dice: 0.0812, MSE: 0.0794
2025-06-19 03:27:47 - INFO - Epoch 277/1000, Loss: 0.1056, Dice: 0.0824, MSE: 0.0772
2025-06-19 03:28:05 - INFO - Epoch 278/1000, Loss: 0.1002, Dice: 0.0774, MSE: 0.0759
2025-06-19 03:28:23 - INFO - Epoch 279/1000, Loss: 0.1109, Dice: 0.0882, MSE: 0.0755
2025-06-19 03:28:42 - INFO - Epoch 280/1000, Loss: 0.1278, Dice: 0.1049, MSE: 0.0765
2025-06-19 03:28:43 - INFO - 模型已保存至: epoch_280.pth
2025-06-19 03:29:01 - INFO - Epoch 281/1000, Loss: 0.1212, Dice: 0.1006, MSE: 0.0687
2025-06-19 03:29:20 - INFO - Epoch 282/1000, Loss: 0.1155, Dice: 0.0937, MSE: 0.0726
2025-06-19 03:29:38 - INFO - Epoch 283/1000, Loss: 0.1026, Dice: 0.0769, MSE: 0.0858
2025-06-19 03:29:57 - INFO - Epoch 284/1000, Loss: 0.1261, Dice: 0.1042, MSE: 0.0731
2025-06-19 03:30:15 - INFO - Epoch 285/1000, Loss: 0.1104, Dice: 0.0864, MSE: 0.0799
2025-06-19 03:30:34 - INFO - Epoch 286/1000, Loss: 0.0993, Dice: 0.0767, MSE: 0.0752
2025-06-19 03:30:52 - INFO - Epoch 287/1000, Loss: 0.1055, Dice: 0.0823, MSE: 0.0774
2025-06-19 03:31:10 - INFO - Epoch 288/1000, Loss: 0.1125, Dice: 0.0889, MSE: 0.0787
2025-06-19 03:31:29 - INFO - Epoch 289/1000, Loss: 0.1478, Dice: 0.1253, MSE: 0.0751
2025-06-19 03:31:47 - INFO - Epoch 290/1000, Loss: 0.1472, Dice: 0.1242, MSE: 0.0766
2025-06-19 03:32:05 - INFO - Epoch 291/1000, Loss: 0.1363, Dice: 0.1138, MSE: 0.0750
2025-06-19 03:32:24 - INFO - Epoch 292/1000, Loss: 0.1129, Dice: 0.0879, MSE: 0.0833
2025-06-19 03:32:42 - INFO - Epoch 293/1000, Loss: 0.1346, Dice: 0.1105, MSE: 0.0802
2025-06-19 03:33:00 - INFO - Epoch 294/1000, Loss: 0.1317, Dice: 0.1084, MSE: 0.0775
2025-06-19 03:33:19 - INFO - Epoch 295/1000, Loss: 0.1393, Dice: 0.1152, MSE: 0.0803
2025-06-19 03:33:37 - INFO - Epoch 296/1000, Loss: 0.1268, Dice: 0.1048, MSE: 0.0733
2025-06-19 03:33:55 - INFO - Epoch 297/1000, Loss: 0.1217, Dice: 0.0989, MSE: 0.0759
2025-06-19 03:34:14 - INFO - Epoch 298/1000, Loss: 0.1124, Dice: 0.0891, MSE: 0.0776
2025-06-19 03:34:32 - INFO - Epoch 299/1000, Loss: 0.1142, Dice: 0.0909, MSE: 0.0779
2025-06-19 03:34:50 - INFO - Epoch 300/1000, Loss: 0.1310, Dice: 0.1083, MSE: 0.0757
2025-06-19 03:34:52 - INFO - 模型已保存至: epoch_300.pth
2025-06-19 03:35:10 - INFO - Epoch 301/1000, Loss: 0.1181, Dice: 0.0935, MSE: 0.0820
2025-06-19 03:35:29 - INFO - Epoch 302/1000, Loss: 0.1331, Dice: 0.1126, MSE: 0.0683
2025-06-19 03:35:47 - INFO - Epoch 303/1000, Loss: 0.1063, Dice: 0.0834, MSE: 0.0763
2025-06-19 03:36:05 - INFO - Epoch 304/1000, Loss: 0.1306, Dice: 0.1055, MSE: 0.0837
2025-06-19 03:36:24 - INFO - Epoch 305/1000, Loss: 0.1315, Dice: 0.1072, MSE: 0.0809
2025-06-19 03:36:42 - INFO - Epoch 306/1000, Loss: 0.1234, Dice: 0.1014, MSE: 0.0735
2025-06-19 03:37:01 - INFO - Epoch 307/1000, Loss: 0.1143, Dice: 0.0921, MSE: 0.0738
2025-06-19 03:37:19 - INFO - Epoch 308/1000, Loss: 0.1252, Dice: 0.1001, MSE: 0.0839
2025-06-19 03:37:38 - INFO - Epoch 309/1000, Loss: 0.1174, Dice: 0.0930, MSE: 0.0814
2025-06-19 03:37:56 - INFO - Epoch 310/1000, Loss: 0.1486, Dice: 0.1240, MSE: 0.0819
2025-06-19 03:38:14 - INFO - Epoch 311/1000, Loss: 0.1255, Dice: 0.1048, MSE: 0.0688
2025-06-19 03:38:33 - INFO - Epoch 312/1000, Loss: 0.1163, Dice: 0.0938, MSE: 0.0747
2025-06-19 03:38:51 - INFO - Epoch 313/1000, Loss: 0.1193, Dice: 0.0963, MSE: 0.0766
2025-06-19 03:39:10 - INFO - Epoch 314/1000, Loss: 0.1044, Dice: 0.0803, MSE: 0.0802
2025-06-19 03:39:28 - INFO - Epoch 315/1000, Loss: 0.1087, Dice: 0.0829, MSE: 0.0861
2025-06-19 03:39:46 - INFO - Epoch 316/1000, Loss: 0.1196, Dice: 0.0993, MSE: 0.0676
2025-06-19 03:40:05 - INFO - Epoch 317/1000, Loss: 0.1143, Dice: 0.0901, MSE: 0.0806
2025-06-19 03:40:24 - INFO - Epoch 318/1000, Loss: 0.1585, Dice: 0.1352, MSE: 0.0777
2025-06-19 03:40:42 - INFO - Epoch 319/1000, Loss: 0.1374, Dice: 0.1166, MSE: 0.0694
2025-06-19 03:41:01 - INFO - Epoch 320/1000, Loss: 0.1304, Dice: 0.1080, MSE: 0.0748
2025-06-19 03:41:02 - INFO - 模型已保存至: epoch_320.pth
2025-06-19 03:41:20 - INFO - Epoch 321/1000, Loss: 0.1174, Dice: 0.0908, MSE: 0.0888
2025-06-19 03:41:39 - INFO - Epoch 322/1000, Loss: 0.1134, Dice: 0.0903, MSE: 0.0770
2025-06-19 03:41:57 - INFO - Epoch 323/1000, Loss: 0.1072, Dice: 0.0819, MSE: 0.0844
2025-06-19 03:42:15 - INFO - Epoch 324/1000, Loss: 0.1293, Dice: 0.1060, MSE: 0.0778
2025-06-19 03:42:34 - INFO - Epoch 325/1000, Loss: 0.1139, Dice: 0.0901, MSE: 0.0792
2025-06-19 03:42:52 - INFO - Epoch 326/1000, Loss: 0.1035, Dice: 0.0770, MSE: 0.0884
2025-06-19 03:43:10 - INFO - Epoch 327/1000, Loss: 0.1136, Dice: 0.0901, MSE: 0.0782
2025-06-19 03:43:28 - INFO - Epoch 328/1000, Loss: 0.1186, Dice: 0.0970, MSE: 0.0719
2025-06-19 03:43:47 - INFO - Epoch 329/1000, Loss: 0.1138, Dice: 0.0943, MSE: 0.0653
2025-06-19 03:44:05 - INFO - Epoch 330/1000, Loss: 0.1291, Dice: 0.1060, MSE: 0.0767
2025-06-19 03:44:23 - INFO - Epoch 331/1000, Loss: 0.1107, Dice: 0.0902, MSE: 0.0684
2025-06-19 03:44:41 - INFO - Epoch 332/1000, Loss: 0.1279, Dice: 0.1049, MSE: 0.0764
2025-06-19 03:45:00 - INFO - Epoch 333/1000, Loss: 0.1097, Dice: 0.0860, MSE: 0.0789
2025-06-19 03:45:18 - INFO - Epoch 334/1000, Loss: 0.1129, Dice: 0.0890, MSE: 0.0799
2025-06-19 03:45:37 - INFO - Epoch 335/1000, Loss: 0.1166, Dice: 0.0947, MSE: 0.0731
2025-06-19 03:45:55 - INFO - Epoch 336/1000, Loss: 0.1477, Dice: 0.1239, MSE: 0.0793
2025-06-19 03:46:13 - INFO - Epoch 337/1000, Loss: 0.1173, Dice: 0.0964, MSE: 0.0697
2025-06-19 03:46:32 - INFO - Epoch 338/1000, Loss: 0.1973, Dice: 0.1719, MSE: 0.0846
2025-06-19 03:46:50 - INFO - Epoch 339/1000, Loss: 0.2182, Dice: 0.1975, MSE: 0.0690
2025-06-19 03:47:08 - INFO - Epoch 340/1000, Loss: 0.1886, Dice: 0.1668, MSE: 0.0729
2025-06-19 03:47:10 - INFO - 模型已保存至: epoch_340.pth
2025-06-19 03:47:28 - INFO - Epoch 341/1000, Loss: 0.1856, Dice: 0.1627, MSE: 0.0764
2025-06-19 03:47:46 - INFO - Epoch 342/1000, Loss: 0.1906, Dice: 0.1694, MSE: 0.0709
2025-06-19 03:48:05 - INFO - Epoch 343/1000, Loss: 0.1694, Dice: 0.1491, MSE: 0.0676
2025-06-19 03:48:23 - INFO - Epoch 344/1000, Loss: 0.1372, Dice: 0.1154, MSE: 0.0727
2025-06-19 03:48:42 - INFO - Epoch 345/1000, Loss: 0.1390, Dice: 0.1178, MSE: 0.0705
2025-06-19 03:49:00 - INFO - Epoch 346/1000, Loss: 0.1442, Dice: 0.1217, MSE: 0.0751
2025-06-19 03:49:19 - INFO - Epoch 347/1000, Loss: 0.1366, Dice: 0.1140, MSE: 0.0754
2025-06-19 03:49:37 - INFO - Epoch 348/1000, Loss: 0.1306, Dice: 0.1076, MSE: 0.0767
2025-06-19 03:49:55 - INFO - Epoch 349/1000, Loss: 0.1505, Dice: 0.1283, MSE: 0.0741
2025-06-19 03:50:14 - INFO - Epoch 350/1000, Loss: 0.1173, Dice: 0.0978, MSE: 0.0650
2025-06-19 03:50:32 - INFO - Epoch 351/1000, Loss: 0.1296, Dice: 0.1091, MSE: 0.0683
2025-06-19 03:50:50 - INFO - Epoch 352/1000, Loss: 0.1349, Dice: 0.1107, MSE: 0.0807
2025-06-19 03:51:09 - INFO - Epoch 353/1000, Loss: 0.1376, Dice: 0.1143, MSE: 0.0778
2025-06-19 03:51:27 - INFO - Epoch 354/1000, Loss: 0.1169, Dice: 0.0930, MSE: 0.0796
2025-06-19 03:51:44 - INFO - Epoch 355/1000, Loss: 0.1131, Dice: 0.0930, MSE: 0.0673
2025-06-19 03:52:03 - INFO - Epoch 356/1000, Loss: 0.1080, Dice: 0.0877, MSE: 0.0678
2025-06-19 03:52:21 - INFO - Epoch 357/1000, Loss: 0.1162, Dice: 0.0930, MSE: 0.0773
2025-06-19 03:52:40 - INFO - Epoch 358/1000, Loss: 0.1252, Dice: 0.1030, MSE: 0.0738
2025-06-19 03:52:58 - INFO - Epoch 359/1000, Loss: 0.1398, Dice: 0.1159, MSE: 0.0797
2025-06-19 03:53:16 - INFO - Epoch 360/1000, Loss: 0.1338, Dice: 0.1100, MSE: 0.0794
2025-06-19 03:53:18 - INFO - 模型已保存至: epoch_360.pth
2025-06-19 03:53:36 - INFO - Epoch 361/1000, Loss: 0.1782, Dice: 0.1569, MSE: 0.0708
2025-06-19 03:53:54 - INFO - Epoch 362/1000, Loss: 0.2044, Dice: 0.1801, MSE: 0.0809
2025-06-19 03:54:13 - INFO - Epoch 363/1000, Loss: 0.1591, Dice: 0.1373, MSE: 0.0728
2025-06-19 03:54:31 - INFO - Epoch 364/1000, Loss: 0.2208, Dice: 0.1970, MSE: 0.0794
2025-06-19 03:54:50 - INFO - Epoch 365/1000, Loss: 0.1742, Dice: 0.1552, MSE: 0.0631
2025-06-19 03:55:08 - INFO - Epoch 366/1000, Loss: 0.1711, Dice: 0.1482, MSE: 0.0762
2025-06-19 03:55:27 - INFO - Epoch 367/1000, Loss: 0.1771, Dice: 0.1590, MSE: 0.0602
2025-06-19 03:55:45 - INFO - Epoch 368/1000, Loss: 0.1558, Dice: 0.1368, MSE: 0.0634
2025-06-19 03:56:03 - INFO - Epoch 369/1000, Loss: 0.1212, Dice: 0.0981, MSE: 0.0770
2025-06-19 03:56:22 - INFO - Epoch 370/1000, Loss: 0.1187, Dice: 0.0937, MSE: 0.0835
2025-06-19 03:56:40 - INFO - Epoch 371/1000, Loss: 0.1174, Dice: 0.0938, MSE: 0.0787
2025-06-19 03:56:58 - INFO - Epoch 372/1000, Loss: 0.1182, Dice: 0.0959, MSE: 0.0745
2025-06-19 03:57:17 - INFO - Epoch 373/1000, Loss: 0.1188, Dice: 0.0942, MSE: 0.0817
2025-06-19 03:57:35 - INFO - Epoch 374/1000, Loss: 0.1172, Dice: 0.0958, MSE: 0.0715
2025-06-19 03:57:53 - INFO - Epoch 375/1000, Loss: 0.1208, Dice: 0.0990, MSE: 0.0727
2025-06-19 03:58:12 - INFO - Epoch 376/1000, Loss: 0.1247, Dice: 0.1008, MSE: 0.0797
2025-06-19 03:58:30 - INFO - Epoch 377/1000, Loss: 0.1029, Dice: 0.0806, MSE: 0.0744
2025-06-19 03:58:48 - INFO - Epoch 378/1000, Loss: 0.1183, Dice: 0.0979, MSE: 0.0681
2025-06-19 03:59:07 - INFO - Epoch 379/1000, Loss: 0.1118, Dice: 0.0911, MSE: 0.0691
2025-06-19 03:59:25 - INFO - Epoch 380/1000, Loss: 0.1017, Dice: 0.0803, MSE: 0.0715
2025-06-19 03:59:26 - INFO - 模型已保存至: epoch_380.pth
2025-06-19 03:59:45 - INFO - Epoch 381/1000, Loss: 0.1158, Dice: 0.0928, MSE: 0.0765
2025-06-19 04:00:03 - INFO - Epoch 382/1000, Loss: 0.1046, Dice: 0.0836, MSE: 0.0700
2025-06-19 04:00:22 - INFO - Epoch 383/1000, Loss: 0.1514, Dice: 0.1248, MSE: 0.0886
2025-06-19 04:00:40 - INFO - Epoch 384/1000, Loss: 0.1040, Dice: 0.0806, MSE: 0.0782
2025-06-19 04:00:59 - INFO - Epoch 385/1000, Loss: 0.1009, Dice: 0.0770, MSE: 0.0796
2025-06-19 04:01:17 - INFO - Epoch 386/1000, Loss: 0.1133, Dice: 0.0918, MSE: 0.0717
2025-06-19 04:01:35 - INFO - Epoch 387/1000, Loss: 0.1143, Dice: 0.0937, MSE: 0.0687
2025-06-19 04:01:54 - INFO - Epoch 388/1000, Loss: 0.1211, Dice: 0.1016, MSE: 0.0651
2025-06-19 04:02:12 - INFO - Epoch 389/1000, Loss: 0.1101, Dice: 0.0886, MSE: 0.0719
2025-06-19 04:02:30 - INFO - Epoch 390/1000, Loss: 0.1331, Dice: 0.1118, MSE: 0.0713
2025-06-19 04:02:48 - INFO - Epoch 391/1000, Loss: 0.1074, Dice: 0.0846, MSE: 0.0759
2025-06-19 04:03:06 - INFO - Epoch 392/1000, Loss: 0.1101, Dice: 0.0866, MSE: 0.0781
2025-06-19 04:03:25 - INFO - Epoch 393/1000, Loss: 0.1078, Dice: 0.0853, MSE: 0.0751
2025-06-19 04:03:43 - INFO - Epoch 394/1000, Loss: 0.1027, Dice: 0.0804, MSE: 0.0744
2025-06-19 04:04:02 - INFO - Epoch 395/1000, Loss: 0.1464, Dice: 0.1238, MSE: 0.0753
2025-06-19 04:04:20 - INFO - Epoch 396/1000, Loss: 0.1125, Dice: 0.0925, MSE: 0.0666
2025-06-19 04:04:39 - INFO - Epoch 397/1000, Loss: 0.1109, Dice: 0.0862, MSE: 0.0822
2025-06-19 04:04:56 - INFO - Epoch 398/1000, Loss: 0.1444, Dice: 0.1217, MSE: 0.0757
2025-06-19 04:05:14 - INFO - Epoch 399/1000, Loss: 0.1271, Dice: 0.1069, MSE: 0.0673
2025-06-19 04:05:33 - INFO - Epoch 400/1000, Loss: 0.1641, Dice: 0.1428, MSE: 0.0707
2025-06-19 04:05:34 - INFO - 模型已保存至: epoch_400.pth
2025-06-19 04:05:53 - INFO - Epoch 401/1000, Loss: 0.1321, Dice: 0.1131, MSE: 0.0632
2025-06-19 04:06:11 - INFO - Epoch 402/1000, Loss: 0.1190, Dice: 0.0979, MSE: 0.0703
2025-06-19 04:06:29 - INFO - Epoch 403/1000, Loss: 0.1352, Dice: 0.1133, MSE: 0.0729
2025-06-19 04:06:48 - INFO - Epoch 404/1000, Loss: 0.1143, Dice: 0.0937, MSE: 0.0686
2025-06-19 04:07:06 - INFO - Epoch 405/1000, Loss: 0.1150, Dice: 0.0947, MSE: 0.0677
2025-06-19 04:07:25 - INFO - Epoch 406/1000, Loss: 0.1113, Dice: 0.0877, MSE: 0.0789
2025-06-19 04:07:43 - INFO - Epoch 407/1000, Loss: 0.1046, Dice: 0.0839, MSE: 0.0691
2025-06-19 04:08:01 - INFO - Epoch 408/1000, Loss: 0.1157, Dice: 0.0943, MSE: 0.0714
2025-06-19 04:08:20 - INFO - Epoch 409/1000, Loss: 0.1097, Dice: 0.0881, MSE: 0.0720
2025-06-19 04:08:38 - INFO - Epoch 410/1000, Loss: 0.1201, Dice: 0.0956, MSE: 0.0815
2025-06-19 04:08:56 - INFO - Epoch 411/1000, Loss: 0.1272, Dice: 0.1037, MSE: 0.0782
2025-06-19 04:09:15 - INFO - Epoch 412/1000, Loss: 0.1282, Dice: 0.1065, MSE: 0.0723
2025-06-19 04:09:33 - INFO - Epoch 413/1000, Loss: 0.1467, Dice: 0.1235, MSE: 0.0774
2025-06-19 04:09:52 - INFO - Epoch 414/1000, Loss: 0.1160, Dice: 0.0959, MSE: 0.0673
2025-06-19 04:10:10 - INFO - Epoch 415/1000, Loss: 0.1105, Dice: 0.0878, MSE: 0.0757
2025-06-19 04:10:28 - INFO - Epoch 416/1000, Loss: 0.1025, Dice: 0.0794, MSE: 0.0771
2025-06-19 04:10:47 - INFO - Epoch 417/1000, Loss: 0.1122, Dice: 0.0883, MSE: 0.0795
2025-06-19 04:11:05 - INFO - Epoch 418/1000, Loss: 0.1079, Dice: 0.0870, MSE: 0.0699
2025-06-19 04:11:24 - INFO - Epoch 419/1000, Loss: 0.1161, Dice: 0.0917, MSE: 0.0813
2025-06-19 04:11:42 - INFO - Epoch 420/1000, Loss: 0.0981, Dice: 0.0768, MSE: 0.0711
2025-06-19 04:11:43 - INFO - 模型已保存至: epoch_420.pth
2025-06-19 04:12:01 - INFO - Epoch 421/1000, Loss: 0.0941, Dice: 0.0688, MSE: 0.0846
2025-06-19 04:12:20 - INFO - Epoch 422/1000, Loss: 0.1108, Dice: 0.0908, MSE: 0.0667
2025-06-19 04:12:38 - INFO - Epoch 423/1000, Loss: 0.1117, Dice: 0.0876, MSE: 0.0805
2025-06-19 04:12:57 - INFO - Epoch 424/1000, Loss: 0.0998, Dice: 0.0774, MSE: 0.0746
2025-06-19 04:13:15 - INFO - Epoch 425/1000, Loss: 0.1126, Dice: 0.0915, MSE: 0.0703
2025-06-19 04:13:34 - INFO - Epoch 426/1000, Loss: 0.1095, Dice: 0.0869, MSE: 0.0752
2025-06-19 04:13:52 - INFO - Epoch 427/1000, Loss: 0.1064, Dice: 0.0843, MSE: 0.0735
2025-06-19 04:14:11 - INFO - Epoch 428/1000, Loss: 0.1094, Dice: 0.0873, MSE: 0.0735
2025-06-19 04:14:29 - INFO - Epoch 429/1000, Loss: 0.1075, Dice: 0.0874, MSE: 0.0671
2025-06-19 04:14:48 - INFO - Epoch 430/1000, Loss: 0.0995, Dice: 0.0768, MSE: 0.0757
2025-06-19 04:15:05 - INFO - Epoch 431/1000, Loss: 0.1024, Dice: 0.0765, MSE: 0.0862
2025-06-19 04:15:24 - INFO - Epoch 432/1000, Loss: 0.1167, Dice: 0.0922, MSE: 0.0815
2025-06-19 04:15:42 - INFO - Epoch 433/1000, Loss: 0.0960, Dice: 0.0733, MSE: 0.0756
2025-06-19 04:16:01 - INFO - Epoch 434/1000, Loss: 0.1241, Dice: 0.1027, MSE: 0.0711
2025-06-19 04:16:19 - INFO - Epoch 435/1000, Loss: 0.1028, Dice: 0.0804, MSE: 0.0747
2025-06-19 04:16:38 - INFO - Epoch 436/1000, Loss: 0.1111, Dice: 0.0898, MSE: 0.0709
2025-06-19 04:16:56 - INFO - Epoch 437/1000, Loss: 0.0986, Dice: 0.0766, MSE: 0.0735
2025-06-19 04:17:14 - INFO - Epoch 438/1000, Loss: 0.1074, Dice: 0.0854, MSE: 0.0731
2025-06-19 04:17:33 - INFO - Epoch 439/1000, Loss: 0.0923, Dice: 0.0721, MSE: 0.0675
2025-06-19 04:17:51 - INFO - Epoch 440/1000, Loss: 0.1159, Dice: 0.0953, MSE: 0.0688
2025-06-19 04:17:52 - INFO - 模型已保存至: epoch_440.pth
2025-06-19 04:18:11 - INFO - Epoch 441/1000, Loss: 0.0976, Dice: 0.0765, MSE: 0.0703
2025-06-19 04:18:29 - INFO - Epoch 442/1000, Loss: 0.1048, Dice: 0.0834, MSE: 0.0714
2025-06-19 04:18:47 - INFO - Epoch 443/1000, Loss: 0.1024, Dice: 0.0812, MSE: 0.0708
2025-06-19 04:19:06 - INFO - Epoch 444/1000, Loss: 0.0983, Dice: 0.0763, MSE: 0.0735
2025-06-19 04:19:24 - INFO - Epoch 445/1000, Loss: 0.1059, Dice: 0.0815, MSE: 0.0812
2025-06-19 04:19:43 - INFO - Epoch 446/1000, Loss: 0.1105, Dice: 0.0888, MSE: 0.0725
2025-06-19 04:20:01 - INFO - Epoch 447/1000, Loss: 0.1004, Dice: 0.0769, MSE: 0.0783
2025-06-19 04:20:17 - INFO - Epoch 448/1000, Loss: 0.1130, Dice: 0.0945, MSE: 0.0617
2025-06-19 04:20:36 - INFO - Epoch 449/1000, Loss: 0.1037, Dice: 0.0814, MSE: 0.0742
2025-06-19 04:20:54 - INFO - Epoch 450/1000, Loss: 0.0926, Dice: 0.0713, MSE: 0.0708
2025-06-19 04:21:13 - INFO - Epoch 451/1000, Loss: 0.1105, Dice: 0.0903, MSE: 0.0675
2025-06-19 04:21:31 - INFO - Epoch 452/1000, Loss: 0.0987, Dice: 0.0771, MSE: 0.0720
2025-06-19 04:21:50 - INFO - Epoch 453/1000, Loss: 0.0953, Dice: 0.0744, MSE: 0.0698
2025-06-19 04:22:08 - INFO - Epoch 454/1000, Loss: 0.0940, Dice: 0.0732, MSE: 0.0695
2025-06-19 04:22:26 - INFO - Epoch 455/1000, Loss: 0.0987, Dice: 0.0741, MSE: 0.0819
2025-06-19 04:22:45 - INFO - Epoch 456/1000, Loss: 0.0911, Dice: 0.0688, MSE: 0.0743
2025-06-19 04:23:03 - INFO - Epoch 457/1000, Loss: 0.1033, Dice: 0.0826, MSE: 0.0690
2025-06-19 04:23:22 - INFO - Epoch 458/1000, Loss: 0.0947, Dice: 0.0738, MSE: 0.0696
2025-06-19 04:23:40 - INFO - Epoch 459/1000, Loss: 0.0973, Dice: 0.0761, MSE: 0.0706
2025-06-19 04:23:58 - INFO - Epoch 460/1000, Loss: 0.0903, Dice: 0.0693, MSE: 0.0701
2025-06-19 04:24:00 - INFO - 模型已保存至: epoch_460.pth
2025-06-19 04:24:18 - INFO - Epoch 461/1000, Loss: 0.0883, Dice: 0.0684, MSE: 0.0664
2025-06-19 04:24:36 - INFO - Epoch 462/1000, Loss: 0.0894, Dice: 0.0683, MSE: 0.0707
2025-06-19 04:24:55 - INFO - Epoch 463/1000, Loss: 0.0945, Dice: 0.0730, MSE: 0.0718
2025-06-19 04:25:13 - INFO - Epoch 464/1000, Loss: 0.0907, Dice: 0.0703, MSE: 0.0680
2025-06-19 04:25:32 - INFO - Epoch 465/1000, Loss: 0.1058, Dice: 0.0880, MSE: 0.0592
2025-06-19 04:25:50 - INFO - Epoch 466/1000, Loss: 0.0978, Dice: 0.0774, MSE: 0.0681
2025-06-19 04:26:08 - INFO - Epoch 467/1000, Loss: 0.0925, Dice: 0.0720, MSE: 0.0683
2025-06-19 04:26:27 - INFO - Epoch 468/1000, Loss: 0.1065, Dice: 0.0856, MSE: 0.0697
2025-06-19 04:26:45 - INFO - Epoch 469/1000, Loss: 0.0940, Dice: 0.0745, MSE: 0.0649
2025-06-19 04:27:03 - INFO - Epoch 470/1000, Loss: 0.0906, Dice: 0.0691, MSE: 0.0717
2025-06-19 04:27:22 - INFO - Epoch 471/1000, Loss: 0.0952, Dice: 0.0709, MSE: 0.0809
2025-06-19 04:27:40 - INFO - Epoch 472/1000, Loss: 0.0866, Dice: 0.0663, MSE: 0.0679
2025-06-19 04:27:59 - INFO - Epoch 473/1000, Loss: 0.1070, Dice: 0.0874, MSE: 0.0654
2025-06-19 04:28:17 - INFO - Epoch 474/1000, Loss: 0.1185, Dice: 0.0993, MSE: 0.0640
2025-06-19 04:28:35 - INFO - Epoch 475/1000, Loss: 0.0941, Dice: 0.0744, MSE: 0.0657
2025-06-19 04:28:54 - INFO - Epoch 476/1000, Loss: 0.1079, Dice: 0.0872, MSE: 0.0690
2025-06-19 04:29:12 - INFO - Epoch 477/1000, Loss: 0.0983, Dice: 0.0775, MSE: 0.0692
2025-06-19 04:29:30 - INFO - Epoch 478/1000, Loss: 0.0931, Dice: 0.0729, MSE: 0.0673
2025-06-19 04:29:49 - INFO - Epoch 479/1000, Loss: 0.0978, Dice: 0.0792, MSE: 0.0620
2025-06-19 04:30:07 - INFO - Epoch 480/1000, Loss: 0.1013, Dice: 0.0793, MSE: 0.0733
2025-06-19 04:30:08 - INFO - 模型已保存至: epoch_480.pth
2025-06-19 04:30:27 - INFO - Epoch 481/1000, Loss: 0.1069, Dice: 0.0866, MSE: 0.0677
2025-06-19 04:30:45 - INFO - Epoch 482/1000, Loss: 0.0888, Dice: 0.0690, MSE: 0.0659
2025-06-19 04:31:04 - INFO - Epoch 483/1000, Loss: 0.0946, Dice: 0.0719, MSE: 0.0759
2025-06-19 04:31:22 - INFO - Epoch 484/1000, Loss: 0.0920, Dice: 0.0729, MSE: 0.0636
2025-06-19 04:31:40 - INFO - Epoch 485/1000, Loss: 0.0952, Dice: 0.0766, MSE: 0.0622
2025-06-19 04:31:59 - INFO - Epoch 486/1000, Loss: 0.1183, Dice: 0.1003, MSE: 0.0599
2025-06-19 04:32:17 - INFO - Epoch 487/1000, Loss: 0.0899, Dice: 0.0701, MSE: 0.0662
2025-06-19 04:32:36 - INFO - Epoch 488/1000, Loss: 0.1222, Dice: 0.1011, MSE: 0.0705
2025-06-19 04:32:54 - INFO - Epoch 489/1000, Loss: 0.1139, Dice: 0.0907, MSE: 0.0772
2025-06-19 04:33:12 - INFO - Epoch 490/1000, Loss: 0.0914, Dice: 0.0697, MSE: 0.0720
2025-06-19 04:33:31 - INFO - Epoch 491/1000, Loss: 0.0838, Dice: 0.0636, MSE: 0.0672
2025-06-19 04:33:49 - INFO - Epoch 492/1000, Loss: 0.0916, Dice: 0.0733, MSE: 0.0611
2025-06-19 04:34:07 - INFO - Epoch 493/1000, Loss: 0.0801, Dice: 0.0620, MSE: 0.0605
2025-06-19 04:34:26 - INFO - Epoch 494/1000, Loss: 0.0857, Dice: 0.0654, MSE: 0.0676
2025-06-19 04:34:44 - INFO - Epoch 495/1000, Loss: 0.0856, Dice: 0.0653, MSE: 0.0678
2025-06-19 04:35:03 - INFO - Epoch 496/1000, Loss: 0.1010, Dice: 0.0828, MSE: 0.0604
2025-06-19 04:35:21 - INFO - Epoch 497/1000, Loss: 0.0939, Dice: 0.0713, MSE: 0.0754
2025-06-19 04:35:40 - INFO - Epoch 498/1000, Loss: 0.0955, Dice: 0.0767, MSE: 0.0629
2025-06-19 04:35:58 - INFO - Epoch 499/1000, Loss: 0.0956, Dice: 0.0759, MSE: 0.0657
2025-06-19 04:36:16 - INFO - Epoch 500/1000, Loss: 0.0906, Dice: 0.0725, MSE: 0.0606
2025-06-19 04:36:18 - INFO - 模型已保存至: epoch_500.pth
2025-06-19 04:36:36 - INFO - Epoch 501/1000, Loss: 0.1055, Dice: 0.0848, MSE: 0.0691
2025-06-19 04:36:55 - INFO - Epoch 502/1000, Loss: 0.0843, Dice: 0.0659, MSE: 0.0615
2025-06-19 04:37:13 - INFO - Epoch 503/1000, Loss: 0.0971, Dice: 0.0776, MSE: 0.0650
2025-06-19 04:37:31 - INFO - Epoch 504/1000, Loss: 0.0919, Dice: 0.0750, MSE: 0.0561
2025-06-19 04:37:50 - INFO - Epoch 505/1000, Loss: 0.0926, Dice: 0.0741, MSE: 0.0616
2025-06-19 04:38:07 - INFO - Epoch 506/1000, Loss: 0.0868, Dice: 0.0670, MSE: 0.0660
2025-06-19 04:38:26 - INFO - Epoch 507/1000, Loss: 0.0983, Dice: 0.0801, MSE: 0.0604
2025-06-19 04:38:44 - INFO - Epoch 508/1000, Loss: 0.0980, Dice: 0.0764, MSE: 0.0723
2025-06-19 04:39:03 - INFO - Epoch 509/1000, Loss: 0.0932, Dice: 0.0733, MSE: 0.0662
2025-06-19 04:39:21 - INFO - Epoch 510/1000, Loss: 0.0964, Dice: 0.0756, MSE: 0.0693
2025-06-19 04:39:39 - INFO - Epoch 511/1000, Loss: 0.0812, Dice: 0.0598, MSE: 0.0712
2025-06-19 04:39:58 - INFO - Epoch 512/1000, Loss: 0.1098, Dice: 0.0930, MSE: 0.0561
2025-06-19 04:40:16 - INFO - Epoch 513/1000, Loss: 0.0931, Dice: 0.0695, MSE: 0.0787
2025-06-19 04:40:35 - INFO - Epoch 514/1000, Loss: 0.0935, Dice: 0.0731, MSE: 0.0679
2025-06-19 04:40:53 - INFO - Epoch 515/1000, Loss: 0.0829, Dice: 0.0647, MSE: 0.0609
2025-06-19 04:41:11 - INFO - Epoch 516/1000, Loss: 0.0991, Dice: 0.0777, MSE: 0.0714
2025-06-19 04:41:30 - INFO - Epoch 517/1000, Loss: 0.0878, Dice: 0.0668, MSE: 0.0702
2025-06-19 04:41:48 - INFO - Epoch 518/1000, Loss: 0.0979, Dice: 0.0761, MSE: 0.0726
2025-06-19 04:42:07 - INFO - Epoch 519/1000, Loss: 0.0888, Dice: 0.0683, MSE: 0.0685
2025-06-19 04:42:25 - INFO - Epoch 520/1000, Loss: 0.0912, Dice: 0.0691, MSE: 0.0737
2025-06-19 04:42:26 - INFO - 模型已保存至: epoch_520.pth
2025-06-19 04:42:45 - INFO - Epoch 521/1000, Loss: 0.0960, Dice: 0.0754, MSE: 0.0687
2025-06-19 04:43:03 - INFO - Epoch 522/1000, Loss: 0.0909, Dice: 0.0703, MSE: 0.0689
2025-06-19 04:43:22 - INFO - Epoch 523/1000, Loss: 0.0946, Dice: 0.0758, MSE: 0.0626
2025-06-19 04:43:40 - INFO - Epoch 524/1000, Loss: 0.0828, Dice: 0.0624, MSE: 0.0682
2025-06-19 04:43:58 - INFO - Epoch 525/1000, Loss: 0.1057, Dice: 0.0850, MSE: 0.0690
2025-06-19 04:44:17 - INFO - Epoch 526/1000, Loss: 0.1003, Dice: 0.0793, MSE: 0.0700
2025-06-19 04:44:35 - INFO - Epoch 527/1000, Loss: 0.0855, Dice: 0.0659, MSE: 0.0655
2025-06-19 04:44:54 - INFO - Epoch 528/1000, Loss: 0.0949, Dice: 0.0732, MSE: 0.0722
2025-06-19 04:45:12 - INFO - Epoch 529/1000, Loss: 0.1197, Dice: 0.1005, MSE: 0.0638
2025-06-19 04:45:31 - INFO - Epoch 530/1000, Loss: 0.1486, Dice: 0.1315, MSE: 0.0571
2025-06-19 04:45:49 - INFO - Epoch 531/1000, Loss: 0.3175, Dice: 0.2974, MSE: 0.0671
2025-06-19 04:46:07 - INFO - Epoch 532/1000, Loss: 0.3058, Dice: 0.2903, MSE: 0.0520
2025-06-19 04:46:26 - INFO - Epoch 533/1000, Loss: 0.1969, Dice: 0.1809, MSE: 0.0533
2025-06-19 04:46:44 - INFO - Epoch 534/1000, Loss: 0.1742, Dice: 0.1569, MSE: 0.0575
2025-06-19 04:47:02 - INFO - Epoch 535/1000, Loss: 0.1978, Dice: 0.1810, MSE: 0.0562
2025-06-19 04:47:21 - INFO - Epoch 536/1000, Loss: 0.1907, Dice: 0.1740, MSE: 0.0556
2025-06-19 04:47:39 - INFO - Epoch 537/1000, Loss: 0.1275, Dice: 0.1109, MSE: 0.0553
2025-06-19 04:47:57 - INFO - Epoch 538/1000, Loss: 0.1664, Dice: 0.1479, MSE: 0.0618
2025-06-19 04:48:16 - INFO - Epoch 539/1000, Loss: 0.1161, Dice: 0.0968, MSE: 0.0642
2025-06-19 04:48:34 - INFO - Epoch 540/1000, Loss: 0.1266, Dice: 0.1069, MSE: 0.0658
2025-06-19 04:48:36 - INFO - 模型已保存至: epoch_540.pth
2025-06-19 04:48:54 - INFO - Epoch 541/1000, Loss: 0.1174, Dice: 0.0903, MSE: 0.0904
2025-06-19 04:49:12 - INFO - Epoch 542/1000, Loss: 0.2063, Dice: 0.1831, MSE: 0.0775
2025-06-19 04:49:31 - INFO - Epoch 543/1000, Loss: 0.1819, Dice: 0.1629, MSE: 0.0634
2025-06-19 04:49:49 - INFO - Epoch 544/1000, Loss: 0.1422, Dice: 0.1215, MSE: 0.0689
2025-06-19 04:50:08 - INFO - Epoch 545/1000, Loss: 0.1356, Dice: 0.1166, MSE: 0.0634
2025-06-19 04:50:26 - INFO - Epoch 546/1000, Loss: 0.1252, Dice: 0.1037, MSE: 0.0717
2025-06-19 04:50:44 - INFO - Epoch 547/1000, Loss: 0.1238, Dice: 0.1061, MSE: 0.0587
2025-06-19 04:51:03 - INFO - Epoch 548/1000, Loss: 0.1283, Dice: 0.1078, MSE: 0.0685
2025-06-19 04:51:21 - INFO - Epoch 549/1000, Loss: 0.1094, Dice: 0.0894, MSE: 0.0667
2025-06-19 04:51:39 - INFO - Epoch 550/1000, Loss: 0.1297, Dice: 0.1112, MSE: 0.0616
2025-06-19 04:51:58 - INFO - Epoch 551/1000, Loss: 0.1237, Dice: 0.1047, MSE: 0.0633
2025-06-19 04:52:16 - INFO - Epoch 552/1000, Loss: 0.1150, Dice: 0.0950, MSE: 0.0668
2025-06-19 04:52:35 - INFO - Epoch 553/1000, Loss: 0.1085, Dice: 0.0870, MSE: 0.0717
2025-06-19 04:52:53 - INFO - Epoch 554/1000, Loss: 0.1039, Dice: 0.0827, MSE: 0.0705
2025-06-19 04:53:11 - INFO - Epoch 555/1000, Loss: 0.0994, Dice: 0.0763, MSE: 0.0769
2025-06-19 04:53:30 - INFO - Epoch 556/1000, Loss: 0.0864, Dice: 0.0668, MSE: 0.0652
2025-06-19 04:53:48 - INFO - Epoch 557/1000, Loss: 0.1037, Dice: 0.0845, MSE: 0.0642
2025-06-19 04:54:07 - INFO - Epoch 558/1000, Loss: 0.1113, Dice: 0.0919, MSE: 0.0646
2025-06-19 04:54:25 - INFO - Epoch 559/1000, Loss: 0.0933, Dice: 0.0732, MSE: 0.0671
2025-06-19 04:54:43 - INFO - Epoch 560/1000, Loss: 0.1002, Dice: 0.0786, MSE: 0.0719
2025-06-19 04:54:45 - INFO - 模型已保存至: epoch_560.pth
2025-06-19 04:55:03 - INFO - Epoch 561/1000, Loss: 0.1107, Dice: 0.0898, MSE: 0.0697
2025-06-19 04:55:21 - INFO - Epoch 562/1000, Loss: 0.1121, Dice: 0.0946, MSE: 0.0586
2025-06-19 04:55:40 - INFO - Epoch 563/1000, Loss: 0.0928, Dice: 0.0714, MSE: 0.0714
2025-06-19 04:55:57 - INFO - Epoch 564/1000, Loss: 0.0989, Dice: 0.0814, MSE: 0.0584
2025-06-19 04:56:15 - INFO - Epoch 565/1000, Loss: 0.0974, Dice: 0.0774, MSE: 0.0669
2025-06-19 04:56:34 - INFO - Epoch 566/1000, Loss: 0.0914, Dice: 0.0736, MSE: 0.0591
2025-06-19 04:56:52 - INFO - Epoch 567/1000, Loss: 0.0866, Dice: 0.0692, MSE: 0.0579
2025-06-19 04:57:10 - INFO - Epoch 568/1000, Loss: 0.0984, Dice: 0.0785, MSE: 0.0662
2025-06-19 04:57:29 - INFO - Epoch 569/1000, Loss: 0.0960, Dice: 0.0762, MSE: 0.0660
2025-06-19 04:57:47 - INFO - Epoch 570/1000, Loss: 0.1055, Dice: 0.0855, MSE: 0.0667
2025-06-19 04:58:06 - INFO - Epoch 571/1000, Loss: 0.0920, Dice: 0.0710, MSE: 0.0700
2025-06-19 04:58:24 - INFO - Epoch 572/1000, Loss: 0.0922, Dice: 0.0746, MSE: 0.0586
2025-06-19 04:58:42 - INFO - Epoch 573/1000, Loss: 0.0921, Dice: 0.0752, MSE: 0.0566
2025-06-19 04:59:01 - INFO - Epoch 574/1000, Loss: 0.0921, Dice: 0.0723, MSE: 0.0660
2025-06-19 04:59:19 - INFO - Epoch 575/1000, Loss: 0.0987, Dice: 0.0808, MSE: 0.0596
2025-06-19 04:59:38 - INFO - Epoch 576/1000, Loss: 0.1018, Dice: 0.0818, MSE: 0.0666
2025-06-19 04:59:56 - INFO - Epoch 577/1000, Loss: 0.0947, Dice: 0.0763, MSE: 0.0613
2025-06-19 05:00:15 - INFO - Epoch 578/1000, Loss: 0.1131, Dice: 0.0924, MSE: 0.0691
2025-06-19 05:00:33 - INFO - Epoch 579/1000, Loss: 0.0958, Dice: 0.0763, MSE: 0.0651
2025-06-19 05:00:51 - INFO - Epoch 580/1000, Loss: 0.1045, Dice: 0.0842, MSE: 0.0675
2025-06-19 05:00:53 - INFO - 模型已保存至: epoch_580.pth
2025-06-19 05:01:11 - INFO - Epoch 581/1000, Loss: 0.1145, Dice: 0.0965, MSE: 0.0600
2025-06-19 05:01:29 - INFO - Epoch 582/1000, Loss: 0.1892, Dice: 0.1687, MSE: 0.0684
2025-06-19 05:01:48 - INFO - Epoch 583/1000, Loss: 0.1200, Dice: 0.1028, MSE: 0.0572
2025-06-19 05:02:06 - INFO - Epoch 584/1000, Loss: 0.1407, Dice: 0.1220, MSE: 0.0620
2025-06-19 05:02:24 - INFO - Epoch 585/1000, Loss: 0.1442, Dice: 0.1237, MSE: 0.0682
2025-06-19 05:02:43 - INFO - Epoch 586/1000, Loss: 0.1176, Dice: 0.1002, MSE: 0.0578
2025-06-19 05:03:01 - INFO - Epoch 587/1000, Loss: 0.1196, Dice: 0.1002, MSE: 0.0649
2025-06-19 05:03:20 - INFO - Epoch 588/1000, Loss: 0.1229, Dice: 0.1069, MSE: 0.0531
2025-06-19 05:03:38 - INFO - Epoch 589/1000, Loss: 0.1080, Dice: 0.0860, MSE: 0.0735
2025-06-19 05:03:57 - INFO - Epoch 590/1000, Loss: 0.1126, Dice: 0.0943, MSE: 0.0610
2025-06-19 05:04:15 - INFO - Epoch 591/1000, Loss: 0.1125, Dice: 0.0961, MSE: 0.0546
2025-06-19 05:04:33 - INFO - Epoch 592/1000, Loss: 0.1061, Dice: 0.0868, MSE: 0.0645
2025-06-19 05:04:52 - INFO - Epoch 593/1000, Loss: 0.1047, Dice: 0.0877, MSE: 0.0565
2025-06-19 05:05:10 - INFO - Epoch 594/1000, Loss: 0.0921, Dice: 0.0759, MSE: 0.0542
2025-06-19 05:05:29 - INFO - Epoch 595/1000, Loss: 0.0855, Dice: 0.0680, MSE: 0.0585
2025-06-19 05:05:47 - INFO - Epoch 596/1000, Loss: 0.0995, Dice: 0.0843, MSE: 0.0509
2025-06-19 05:06:05 - INFO - Epoch 597/1000, Loss: 0.1025, Dice: 0.0818, MSE: 0.0691
2025-06-19 05:06:24 - INFO - Epoch 598/1000, Loss: 0.0889, Dice: 0.0697, MSE: 0.0642
2025-06-19 05:06:42 - INFO - Epoch 599/1000, Loss: 0.0988, Dice: 0.0789, MSE: 0.0665
2025-06-19 05:07:00 - INFO - Epoch 600/1000, Loss: 0.1677, Dice: 0.1467, MSE: 0.0701
2025-06-19 05:07:02 - INFO - 模型已保存至: epoch_600.pth
2025-06-19 05:07:20 - INFO - Epoch 601/1000, Loss: 0.1042, Dice: 0.0848, MSE: 0.0645
2025-06-19 05:07:38 - INFO - Epoch 602/1000, Loss: 0.0956, Dice: 0.0790, MSE: 0.0553
2025-06-19 05:07:57 - INFO - Epoch 603/1000, Loss: 0.0900, Dice: 0.0688, MSE: 0.0707
2025-06-19 05:08:15 - INFO - Epoch 604/1000, Loss: 0.0966, Dice: 0.0779, MSE: 0.0622
2025-06-19 05:08:34 - INFO - Epoch 605/1000, Loss: 0.0909, Dice: 0.0716, MSE: 0.0642
2025-06-19 05:08:52 - INFO - Epoch 606/1000, Loss: 0.0900, Dice: 0.0719, MSE: 0.0602
2025-06-19 05:09:10 - INFO - Epoch 607/1000, Loss: 0.1082, Dice: 0.0911, MSE: 0.0568
2025-06-19 05:09:29 - INFO - Epoch 608/1000, Loss: 0.0886, Dice: 0.0713, MSE: 0.0575
2025-06-19 05:09:47 - INFO - Epoch 609/1000, Loss: 0.0857, Dice: 0.0689, MSE: 0.0561
2025-06-19 05:10:06 - INFO - Epoch 610/1000, Loss: 0.0778, Dice: 0.0603, MSE: 0.0583
2025-06-19 05:10:24 - INFO - Epoch 611/1000, Loss: 0.0932, Dice: 0.0749, MSE: 0.0611
2025-06-19 05:10:42 - INFO - Epoch 612/1000, Loss: 0.0831, Dice: 0.0632, MSE: 0.0666
2025-06-19 05:11:01 - INFO - Epoch 613/1000, Loss: 0.1049, Dice: 0.0869, MSE: 0.0600
2025-06-19 05:11:19 - INFO - Epoch 614/1000, Loss: 0.0983, Dice: 0.0799, MSE: 0.0614
2025-06-19 05:11:37 - INFO - Epoch 615/1000, Loss: 0.1515, Dice: 0.1320, MSE: 0.0648
2025-06-19 05:11:56 - INFO - Epoch 616/1000, Loss: 0.0946, Dice: 0.0760, MSE: 0.0620
2025-06-19 05:12:14 - INFO - Epoch 617/1000, Loss: 0.1025, Dice: 0.0844, MSE: 0.0603
2025-06-19 05:12:33 - INFO - Epoch 618/1000, Loss: 0.0986, Dice: 0.0768, MSE: 0.0726
2025-06-19 05:12:51 - INFO - Epoch 619/1000, Loss: 0.0930, Dice: 0.0741, MSE: 0.0632
2025-06-19 05:13:09 - INFO - Epoch 620/1000, Loss: 0.0952, Dice: 0.0757, MSE: 0.0651
2025-06-19 05:13:11 - INFO - 模型已保存至: epoch_620.pth
2025-06-19 05:13:29 - INFO - Epoch 621/1000, Loss: 0.1188, Dice: 0.1015, MSE: 0.0576
2025-06-19 05:13:47 - INFO - Epoch 622/1000, Loss: 0.0877, Dice: 0.0681, MSE: 0.0652
2025-06-19 05:14:05 - INFO - Epoch 623/1000, Loss: 0.1060, Dice: 0.0857, MSE: 0.0678
2025-06-19 05:14:24 - INFO - Epoch 624/1000, Loss: 0.0831, Dice: 0.0634, MSE: 0.0656
2025-06-19 05:14:42 - INFO - Epoch 625/1000, Loss: 0.0904, Dice: 0.0714, MSE: 0.0632
2025-06-19 05:15:00 - INFO - Epoch 626/1000, Loss: 0.0887, Dice: 0.0683, MSE: 0.0680
2025-06-19 05:15:19 - INFO - Epoch 627/1000, Loss: 0.0896, Dice: 0.0712, MSE: 0.0614
2025-06-19 05:15:37 - INFO - Epoch 628/1000, Loss: 0.1012, Dice: 0.0826, MSE: 0.0622
2025-06-19 05:15:55 - INFO - Epoch 629/1000, Loss: 0.0973, Dice: 0.0789, MSE: 0.0614
2025-06-19 05:16:14 - INFO - Epoch 630/1000, Loss: 0.1102, Dice: 0.0948, MSE: 0.0513
2025-06-19 05:16:32 - INFO - Epoch 631/1000, Loss: 0.1016, Dice: 0.0824, MSE: 0.0639
2025-06-19 05:16:50 - INFO - Epoch 632/1000, Loss: 0.1011, Dice: 0.0821, MSE: 0.0634
2025-06-19 05:17:09 - INFO - Epoch 633/1000, Loss: 0.0869, Dice: 0.0682, MSE: 0.0624
2025-06-19 05:17:27 - INFO - Epoch 634/1000, Loss: 0.0926, Dice: 0.0712, MSE: 0.0716
2025-06-19 05:17:45 - INFO - Epoch 635/1000, Loss: 0.0903, Dice: 0.0718, MSE: 0.0618
2025-06-19 05:18:03 - INFO - Epoch 636/1000, Loss: 0.0780, Dice: 0.0600, MSE: 0.0599
2025-06-19 05:18:22 - INFO - Epoch 637/1000, Loss: 0.0862, Dice: 0.0650, MSE: 0.0705
2025-06-19 05:18:40 - INFO - Epoch 638/1000, Loss: 0.0839, Dice: 0.0640, MSE: 0.0660
2025-06-19 05:18:59 - INFO - Epoch 639/1000, Loss: 0.0867, Dice: 0.0674, MSE: 0.0644
2025-06-19 05:19:17 - INFO - Epoch 640/1000, Loss: 0.0894, Dice: 0.0705, MSE: 0.0631
2025-06-19 05:19:18 - INFO - 模型已保存至: epoch_640.pth
2025-06-19 05:19:36 - INFO - Epoch 641/1000, Loss: 0.0957, Dice: 0.0803, MSE: 0.0514
2025-06-19 05:19:55 - INFO - Epoch 642/1000, Loss: 0.0819, Dice: 0.0625, MSE: 0.0644
2025-06-19 05:20:13 - INFO - Epoch 643/1000, Loss: 0.0879, Dice: 0.0676, MSE: 0.0677
2025-06-19 05:20:32 - INFO - Epoch 644/1000, Loss: 0.0990, Dice: 0.0811, MSE: 0.0595
2025-06-19 05:20:50 - INFO - Epoch 645/1000, Loss: 0.1172, Dice: 0.0977, MSE: 0.0650
2025-06-19 05:21:09 - INFO - Epoch 646/1000, Loss: 0.1122, Dice: 0.0933, MSE: 0.0631
2025-06-19 05:21:27 - INFO - Epoch 647/1000, Loss: 0.1027, Dice: 0.0835, MSE: 0.0639
2025-06-19 05:21:46 - INFO - Epoch 648/1000, Loss: 0.0867, Dice: 0.0645, MSE: 0.0739
2025-06-19 05:22:04 - INFO - Epoch 649/1000, Loss: 0.0905, Dice: 0.0693, MSE: 0.0707
2025-06-19 05:22:23 - INFO - Epoch 650/1000, Loss: 0.0876, Dice: 0.0690, MSE: 0.0619
2025-06-19 05:22:41 - INFO - Epoch 651/1000, Loss: 0.0852, Dice: 0.0680, MSE: 0.0575
2025-06-19 05:22:59 - INFO - Epoch 652/1000, Loss: 0.0961, Dice: 0.0789, MSE: 0.0574
2025-06-19 05:23:17 - INFO - Epoch 653/1000, Loss: 0.0957, Dice: 0.0775, MSE: 0.0607
2025-06-19 05:23:36 - INFO - Epoch 654/1000, Loss: 0.0852, Dice: 0.0666, MSE: 0.0622
2025-06-19 05:23:54 - INFO - Epoch 655/1000, Loss: 0.0844, Dice: 0.0669, MSE: 0.0582
2025-06-19 05:24:13 - INFO - Epoch 656/1000, Loss: 0.1391, Dice: 0.1178, MSE: 0.0711
2025-06-19 05:24:31 - INFO - Epoch 657/1000, Loss: 0.0856, Dice: 0.0669, MSE: 0.0623
2025-06-19 05:24:50 - INFO - Epoch 658/1000, Loss: 0.0995, Dice: 0.0819, MSE: 0.0586
2025-06-19 05:25:08 - INFO - Epoch 659/1000, Loss: 0.0895, Dice: 0.0722, MSE: 0.0574
2025-06-19 05:25:26 - INFO - Epoch 660/1000, Loss: 0.0878, Dice: 0.0701, MSE: 0.0590
2025-06-19 05:25:27 - INFO - 模型已保存至: epoch_660.pth
2025-06-19 05:25:46 - INFO - Epoch 661/1000, Loss: 0.0992, Dice: 0.0809, MSE: 0.0612
2025-06-19 05:26:04 - INFO - Epoch 662/1000, Loss: 0.0855, Dice: 0.0663, MSE: 0.0642
2025-06-19 05:26:23 - INFO - Epoch 663/1000, Loss: 0.0875, Dice: 0.0653, MSE: 0.0739
2025-06-19 05:26:41 - INFO - Epoch 664/1000, Loss: 0.0793, Dice: 0.0580, MSE: 0.0712
2025-06-19 05:26:59 - INFO - Epoch 665/1000, Loss: 0.0847, Dice: 0.0624, MSE: 0.0742
2025-06-19 05:27:18 - INFO - Epoch 666/1000, Loss: 0.0838, Dice: 0.0661, MSE: 0.0592
2025-06-19 05:27:36 - INFO - Epoch 667/1000, Loss: 0.1036, Dice: 0.0864, MSE: 0.0572
2025-06-19 05:27:55 - INFO - Epoch 668/1000, Loss: 0.0778, Dice: 0.0608, MSE: 0.0567
2025-06-19 05:28:13 - INFO - Epoch 669/1000, Loss: 0.0979, Dice: 0.0798, MSE: 0.0604
2025-06-19 05:28:32 - INFO - Epoch 670/1000, Loss: 0.0850, Dice: 0.0651, MSE: 0.0662
2025-06-19 05:28:50 - INFO - Epoch 671/1000, Loss: 0.0966, Dice: 0.0744, MSE: 0.0741
2025-06-19 05:29:08 - INFO - Epoch 672/1000, Loss: 0.0999, Dice: 0.0807, MSE: 0.0640
2025-06-19 05:29:27 - INFO - Epoch 673/1000, Loss: 0.0804, Dice: 0.0637, MSE: 0.0554
2025-06-19 05:29:45 - INFO - Epoch 674/1000, Loss: 0.0823, Dice: 0.0663, MSE: 0.0532
2025-06-19 05:30:04 - INFO - Epoch 675/1000, Loss: 0.0981, Dice: 0.0798, MSE: 0.0609
2025-06-19 05:30:22 - INFO - Epoch 676/1000, Loss: 0.0883, Dice: 0.0690, MSE: 0.0645
2025-06-19 05:30:40 - INFO - Epoch 677/1000, Loss: 0.0950, Dice: 0.0765, MSE: 0.0617
2025-06-19 05:30:59 - INFO - Epoch 678/1000, Loss: 0.1100, Dice: 0.0868, MSE: 0.0772
2025-06-19 05:31:17 - INFO - Epoch 679/1000, Loss: 0.0909, Dice: 0.0714, MSE: 0.0648
2025-06-19 05:31:35 - INFO - Epoch 680/1000, Loss: 0.0936, Dice: 0.0722, MSE: 0.0712
2025-06-19 05:31:37 - INFO - 模型已保存至: epoch_680.pth
2025-06-19 05:31:54 - INFO - Epoch 681/1000, Loss: 0.1127, Dice: 0.0972, MSE: 0.0519
2025-06-19 05:32:12 - INFO - Epoch 682/1000, Loss: 0.0860, Dice: 0.0670, MSE: 0.0633
2025-06-19 05:32:30 - INFO - Epoch 683/1000, Loss: 0.0965, Dice: 0.0761, MSE: 0.0682
2025-06-19 05:32:49 - INFO - Epoch 684/1000, Loss: 0.0882, Dice: 0.0702, MSE: 0.0602
2025-06-19 05:33:07 - INFO - Epoch 685/1000, Loss: 0.0851, Dice: 0.0667, MSE: 0.0614
2025-06-19 05:33:26 - INFO - Epoch 686/1000, Loss: 0.0798, Dice: 0.0623, MSE: 0.0582
2025-06-19 05:33:44 - INFO - Epoch 687/1000, Loss: 0.0820, Dice: 0.0644, MSE: 0.0588
2025-06-19 05:34:03 - INFO - Epoch 688/1000, Loss: 0.0882, Dice: 0.0676, MSE: 0.0687
2025-06-19 05:34:21 - INFO - Epoch 689/1000, Loss: 0.0812, Dice: 0.0618, MSE: 0.0648
2025-06-19 05:34:39 - INFO - Epoch 690/1000, Loss: 0.0797, Dice: 0.0587, MSE: 0.0700
2025-06-19 05:34:58 - INFO - Epoch 691/1000, Loss: 0.0868, Dice: 0.0679, MSE: 0.0628
2025-06-19 05:35:16 - INFO - Epoch 692/1000, Loss: 0.0826, Dice: 0.0613, MSE: 0.0710
2025-06-19 05:35:34 - INFO - Epoch 693/1000, Loss: 0.0911, Dice: 0.0701, MSE: 0.0699
2025-06-19 05:35:53 - INFO - Epoch 694/1000, Loss: 0.0760, Dice: 0.0579, MSE: 0.0602
2025-06-19 05:36:11 - INFO - Epoch 695/1000, Loss: 0.0873, Dice: 0.0677, MSE: 0.0654
2025-06-19 05:36:29 - INFO - Epoch 696/1000, Loss: 0.1010, Dice: 0.0816, MSE: 0.0649
2025-06-19 05:36:48 - INFO - Epoch 697/1000, Loss: 0.0847, Dice: 0.0661, MSE: 0.0621
2025-06-19 05:37:06 - INFO - Epoch 698/1000, Loss: 0.0915, Dice: 0.0746, MSE: 0.0564
2025-06-19 05:37:24 - INFO - Epoch 699/1000, Loss: 0.0776, Dice: 0.0599, MSE: 0.0592
2025-06-19 05:37:43 - INFO - Epoch 700/1000, Loss: 0.0855, Dice: 0.0656, MSE: 0.0664
2025-06-19 05:37:44 - INFO - 模型已保存至: epoch_700.pth
2025-06-19 05:38:03 - INFO - Epoch 701/1000, Loss: 0.0873, Dice: 0.0698, MSE: 0.0585
2025-06-19 05:38:21 - INFO - Epoch 702/1000, Loss: 0.0714, Dice: 0.0555, MSE: 0.0531
2025-06-19 05:38:39 - INFO - Epoch 703/1000, Loss: 0.0910, Dice: 0.0723, MSE: 0.0625
2025-06-19 05:38:58 - INFO - Epoch 704/1000, Loss: 0.0784, Dice: 0.0596, MSE: 0.0627
2025-06-19 05:39:16 - INFO - Epoch 705/1000, Loss: 0.1557, Dice: 0.1343, MSE: 0.0713
2025-06-19 05:39:35 - INFO - Epoch 706/1000, Loss: 0.0811, Dice: 0.0612, MSE: 0.0665
2025-06-19 05:39:53 - INFO - Epoch 707/1000, Loss: 0.0751, Dice: 0.0570, MSE: 0.0602
2025-06-19 05:40:11 - INFO - Epoch 708/1000, Loss: 0.1004, Dice: 0.0813, MSE: 0.0638
2025-06-19 05:40:30 - INFO - Epoch 709/1000, Loss: 0.0818, Dice: 0.0599, MSE: 0.0731
2025-06-19 05:40:48 - INFO - Epoch 710/1000, Loss: 0.0915, Dice: 0.0718, MSE: 0.0655
2025-06-19 05:41:07 - INFO - Epoch 711/1000, Loss: 0.0851, Dice: 0.0650, MSE: 0.0671
2025-06-19 05:41:26 - INFO - Epoch 712/1000, Loss: 0.0826, Dice: 0.0644, MSE: 0.0608
2025-06-19 05:41:44 - INFO - Epoch 713/1000, Loss: 0.0844, Dice: 0.0624, MSE: 0.0731
2025-06-19 05:42:02 - INFO - Epoch 714/1000, Loss: 0.0960, Dice: 0.0751, MSE: 0.0696
2025-06-19 05:42:21 - INFO - Epoch 715/1000, Loss: 0.0896, Dice: 0.0686, MSE: 0.0698
2025-06-19 05:42:39 - INFO - Epoch 716/1000, Loss: 0.1001, Dice: 0.0802, MSE: 0.0663
2025-06-19 05:42:58 - INFO - Epoch 717/1000, Loss: 0.0805, Dice: 0.0563, MSE: 0.0805
2025-06-19 05:43:16 - INFO - Epoch 718/1000, Loss: 0.0992, Dice: 0.0765, MSE: 0.0757
2025-06-19 05:43:34 - INFO - Epoch 719/1000, Loss: 0.0737, Dice: 0.0496, MSE: 0.0802
2025-06-19 05:43:53 - INFO - Epoch 720/1000, Loss: 0.1077, Dice: 0.0843, MSE: 0.0782
2025-06-19 05:43:54 - INFO - 模型已保存至: epoch_720.pth
2025-06-19 05:44:12 - INFO - Epoch 721/1000, Loss: 0.0787, Dice: 0.0561, MSE: 0.0751
2025-06-19 05:44:31 - INFO - Epoch 722/1000, Loss: 0.0788, Dice: 0.0594, MSE: 0.0645
2025-06-19 05:44:49 - INFO - Epoch 723/1000, Loss: 0.0807, Dice: 0.0612, MSE: 0.0650
2025-06-19 05:45:08 - INFO - Epoch 724/1000, Loss: 0.0890, Dice: 0.0653, MSE: 0.0790
2025-06-19 05:45:26 - INFO - Epoch 725/1000, Loss: 0.0828, Dice: 0.0645, MSE: 0.0609
2025-06-19 05:45:44 - INFO - Epoch 726/1000, Loss: 0.0837, Dice: 0.0619, MSE: 0.0728
2025-06-19 05:46:03 - INFO - Epoch 727/1000, Loss: 0.0737, Dice: 0.0530, MSE: 0.0688
2025-06-19 05:46:21 - INFO - Epoch 728/1000, Loss: 0.0759, Dice: 0.0545, MSE: 0.0715
2025-06-19 05:46:40 - INFO - Epoch 729/1000, Loss: 0.0956, Dice: 0.0763, MSE: 0.0643
2025-06-19 05:46:58 - INFO - Epoch 730/1000, Loss: 0.0763, Dice: 0.0558, MSE: 0.0683
2025-06-19 05:47:16 - INFO - Epoch 731/1000, Loss: 0.0886, Dice: 0.0712, MSE: 0.0582
2025-06-19 05:47:35 - INFO - Epoch 732/1000, Loss: 0.0801, Dice: 0.0615, MSE: 0.0620
2025-06-19 05:47:53 - INFO - Epoch 733/1000, Loss: 0.0735, Dice: 0.0537, MSE: 0.0661
2025-06-19 05:48:12 - INFO - Epoch 734/1000, Loss: 0.0795, Dice: 0.0617, MSE: 0.0593
2025-06-19 05:48:30 - INFO - Epoch 735/1000, Loss: 0.0854, Dice: 0.0646, MSE: 0.0695
2025-06-19 05:48:49 - INFO - Epoch 736/1000, Loss: 0.0839, Dice: 0.0612, MSE: 0.0758
2025-06-19 05:49:07 - INFO - Epoch 737/1000, Loss: 0.0959, Dice: 0.0762, MSE: 0.0657
2025-06-19 05:49:25 - INFO - Epoch 738/1000, Loss: 0.0937, Dice: 0.0717, MSE: 0.0732
2025-06-19 05:49:43 - INFO - Epoch 739/1000, Loss: 0.0896, Dice: 0.0678, MSE: 0.0724
2025-06-19 05:50:01 - INFO - Epoch 740/1000, Loss: 0.0841, Dice: 0.0608, MSE: 0.0776
2025-06-19 05:50:03 - INFO - 模型已保存至: epoch_740.pth
2025-06-19 05:50:21 - INFO - Epoch 741/1000, Loss: 0.0794, Dice: 0.0592, MSE: 0.0674
2025-06-19 05:50:39 - INFO - Epoch 742/1000, Loss: 0.0768, Dice: 0.0541, MSE: 0.0756
2025-06-19 05:50:58 - INFO - Epoch 743/1000, Loss: 0.0731, Dice: 0.0522, MSE: 0.0695
2025-06-19 05:51:16 - INFO - Epoch 744/1000, Loss: 0.0794, Dice: 0.0564, MSE: 0.0768
2025-06-19 05:51:35 - INFO - Epoch 745/1000, Loss: 0.0764, Dice: 0.0558, MSE: 0.0684
2025-06-19 05:51:53 - INFO - Epoch 746/1000, Loss: 0.0766, Dice: 0.0572, MSE: 0.0646
2025-06-19 05:52:10 - INFO - Epoch 747/1000, Loss: 0.0831, Dice: 0.0638, MSE: 0.0644
2025-06-19 05:52:29 - INFO - Epoch 748/1000, Loss: 0.0786, Dice: 0.0604, MSE: 0.0608
2025-06-19 05:52:47 - INFO - Epoch 749/1000, Loss: 0.0863, Dice: 0.0665, MSE: 0.0661
2025-06-19 05:53:05 - INFO - Epoch 750/1000, Loss: 0.0996, Dice: 0.0797, MSE: 0.0664
2025-06-19 05:53:24 - INFO - Epoch 751/1000, Loss: 0.0979, Dice: 0.0815, MSE: 0.0548
2025-06-19 05:53:42 - INFO - Epoch 752/1000, Loss: 0.0973, Dice: 0.0771, MSE: 0.0674
2025-06-19 05:54:00 - INFO - Epoch 753/1000, Loss: 0.0909, Dice: 0.0724, MSE: 0.0614
2025-06-19 05:54:19 - INFO - Epoch 754/1000, Loss: 0.1267, Dice: 0.1101, MSE: 0.0553
2025-06-19 05:54:37 - INFO - Epoch 755/1000, Loss: 0.1093, Dice: 0.0917, MSE: 0.0586
2025-06-19 05:54:56 - INFO - Epoch 756/1000, Loss: 0.1270, Dice: 0.1077, MSE: 0.0645
2025-06-19 05:55:14 - INFO - Epoch 757/1000, Loss: 0.2452, Dice: 0.2278, MSE: 0.0579
2025-06-19 05:55:32 - INFO - Epoch 758/1000, Loss: 0.2292, Dice: 0.2117, MSE: 0.0585
2025-06-19 05:55:51 - INFO - Epoch 759/1000, Loss: 0.1883, Dice: 0.1707, MSE: 0.0585
2025-06-19 05:56:09 - INFO - Epoch 760/1000, Loss: 0.2364, Dice: 0.2200, MSE: 0.0545
2025-06-19 05:56:10 - INFO - 模型已保存至: epoch_760.pth
2025-06-19 05:56:29 - INFO - Epoch 761/1000, Loss: 0.2460, Dice: 0.2290, MSE: 0.0565
2025-06-19 05:56:47 - INFO - Epoch 762/1000, Loss: 0.1878, Dice: 0.1720, MSE: 0.0526
2025-06-19 05:57:06 - INFO - Epoch 763/1000, Loss: 0.1793, Dice: 0.1624, MSE: 0.0563
2025-06-19 05:57:24 - INFO - Epoch 764/1000, Loss: 0.2044, Dice: 0.1839, MSE: 0.0683
2025-06-19 05:57:42 - INFO - Epoch 765/1000, Loss: 0.1441, Dice: 0.1272, MSE: 0.0564
2025-06-19 05:58:01 - INFO - Epoch 766/1000, Loss: 0.1279, Dice: 0.1086, MSE: 0.0646
2025-06-19 05:58:19 - INFO - Epoch 767/1000, Loss: 0.1322, Dice: 0.1117, MSE: 0.0682
2025-06-19 05:58:38 - INFO - Epoch 768/1000, Loss: 0.1154, Dice: 0.0982, MSE: 0.0574
2025-06-19 05:58:56 - INFO - Epoch 769/1000, Loss: 0.1249, Dice: 0.1091, MSE: 0.0525
2025-06-19 05:59:15 - INFO - Epoch 770/1000, Loss: 0.1138, Dice: 0.0941, MSE: 0.0656
2025-06-19 05:59:33 - INFO - Epoch 771/1000, Loss: 0.1181, Dice: 0.0996, MSE: 0.0618
2025-06-19 05:59:51 - INFO - Epoch 772/1000, Loss: 0.0982, Dice: 0.0799, MSE: 0.0610
2025-06-19 06:00:10 - INFO - Epoch 773/1000, Loss: 0.1148, Dice: 0.0964, MSE: 0.0613
2025-06-19 06:00:28 - INFO - Epoch 774/1000, Loss: 0.1025, Dice: 0.0859, MSE: 0.0552
2025-06-19 06:00:46 - INFO - Epoch 775/1000, Loss: 0.0943, Dice: 0.0773, MSE: 0.0566
2025-06-19 06:01:05 - INFO - Epoch 776/1000, Loss: 0.1049, Dice: 0.0847, MSE: 0.0672
2025-06-19 06:01:23 - INFO - Epoch 777/1000, Loss: 0.1028, Dice: 0.0842, MSE: 0.0619
2025-06-19 06:01:42 - INFO - Epoch 778/1000, Loss: 0.1124, Dice: 0.0944, MSE: 0.0601
2025-06-19 06:02:00 - INFO - Epoch 779/1000, Loss: 0.1082, Dice: 0.0899, MSE: 0.0609
2025-06-19 06:02:19 - INFO - Epoch 780/1000, Loss: 0.1023, Dice: 0.0845, MSE: 0.0592
2025-06-19 06:02:20 - INFO - 模型已保存至: epoch_780.pth
2025-06-19 06:02:38 - INFO - Epoch 781/1000, Loss: 0.2513, Dice: 0.2302, MSE: 0.0703
2025-06-19 06:02:57 - INFO - Epoch 782/1000, Loss: 0.2316, Dice: 0.2179, MSE: 0.0457
2025-06-19 06:03:15 - INFO - Epoch 783/1000, Loss: 0.1517, Dice: 0.1361, MSE: 0.0520
2025-06-19 06:03:33 - INFO - Epoch 784/1000, Loss: 0.1777, Dice: 0.1615, MSE: 0.0542
2025-06-19 06:03:52 - INFO - Epoch 785/1000, Loss: 0.1301, Dice: 0.1117, MSE: 0.0616
2025-06-19 06:04:10 - INFO - Epoch 786/1000, Loss: 0.1230, Dice: 0.1073, MSE: 0.0523
2025-06-19 06:04:28 - INFO - Epoch 787/1000, Loss: 0.1072, Dice: 0.0905, MSE: 0.0558
2025-06-19 06:04:47 - INFO - Epoch 788/1000, Loss: 0.1119, Dice: 0.0923, MSE: 0.0653
2025-06-19 06:05:05 - INFO - Epoch 789/1000, Loss: 0.1050, Dice: 0.0869, MSE: 0.0602
2025-06-19 06:05:24 - INFO - Epoch 790/1000, Loss: 0.1059, Dice: 0.0860, MSE: 0.0664
2025-06-19 06:05:42 - INFO - Epoch 791/1000, Loss: 0.1264, Dice: 0.1080, MSE: 0.0614
2025-06-19 06:06:00 - INFO - Epoch 792/1000, Loss: 0.1093, Dice: 0.0911, MSE: 0.0606
2025-06-19 06:06:19 - INFO - Epoch 793/1000, Loss: 0.1280, Dice: 0.1083, MSE: 0.0655
2025-06-19 06:06:37 - INFO - Epoch 794/1000, Loss: 0.1015, Dice: 0.0813, MSE: 0.0674
2025-06-19 06:06:56 - INFO - Epoch 795/1000, Loss: 0.0985, Dice: 0.0804, MSE: 0.0605
2025-06-19 06:07:14 - INFO - Epoch 796/1000, Loss: 0.0879, Dice: 0.0704, MSE: 0.0584
2025-06-19 06:07:32 - INFO - Epoch 797/1000, Loss: 0.1123, Dice: 0.0933, MSE: 0.0636
2025-06-19 06:07:50 - INFO - Epoch 798/1000, Loss: 0.1259, Dice: 0.1079, MSE: 0.0600
2025-06-19 06:08:09 - INFO - Epoch 799/1000, Loss: 0.1092, Dice: 0.0903, MSE: 0.0629
2025-06-19 06:08:27 - INFO - Epoch 800/1000, Loss: 0.1150, Dice: 0.0930, MSE: 0.0732
2025-06-19 06:08:28 - INFO - 模型已保存至: epoch_800.pth
2025-06-19 06:08:47 - INFO - Epoch 801/1000, Loss: 0.1047, Dice: 0.0867, MSE: 0.0599
2025-06-19 06:09:05 - INFO - Epoch 802/1000, Loss: 0.0908, Dice: 0.0737, MSE: 0.0571
2025-06-19 06:09:23 - INFO - Epoch 803/1000, Loss: 0.0868, Dice: 0.0679, MSE: 0.0630
2025-06-19 06:09:42 - INFO - Epoch 804/1000, Loss: 0.1057, Dice: 0.0889, MSE: 0.0559
2025-06-19 06:10:00 - INFO - Epoch 805/1000, Loss: 0.0910, Dice: 0.0702, MSE: 0.0692
2025-06-19 06:10:18 - INFO - Epoch 806/1000, Loss: 0.0849, Dice: 0.0677, MSE: 0.0575
2025-06-19 06:10:37 - INFO - Epoch 807/1000, Loss: 0.1012, Dice: 0.0822, MSE: 0.0631
2025-06-19 06:10:55 - INFO - Epoch 808/1000, Loss: 0.0810, Dice: 0.0632, MSE: 0.0595
2025-06-19 06:11:13 - INFO - Epoch 809/1000, Loss: 0.0863, Dice: 0.0688, MSE: 0.0581
2025-06-19 06:11:32 - INFO - Epoch 810/1000, Loss: 0.0949, Dice: 0.0745, MSE: 0.0680
2025-06-19 06:11:50 - INFO - Epoch 811/1000, Loss: 0.0890, Dice: 0.0684, MSE: 0.0689
2025-06-19 06:12:09 - INFO - Epoch 812/1000, Loss: 0.0890, Dice: 0.0697, MSE: 0.0640
2025-06-19 06:12:27 - INFO - Epoch 813/1000, Loss: 0.0873, Dice: 0.0650, MSE: 0.0742
2025-06-19 06:12:46 - INFO - Epoch 814/1000, Loss: 0.0991, Dice: 0.0784, MSE: 0.0689
2025-06-19 06:13:04 - INFO - Epoch 815/1000, Loss: 0.0882, Dice: 0.0683, MSE: 0.0663
2025-06-19 06:13:22 - INFO - Epoch 816/1000, Loss: 0.1104, Dice: 0.0898, MSE: 0.0686
2025-06-19 06:13:41 - INFO - Epoch 817/1000, Loss: 0.1045, Dice: 0.0847, MSE: 0.0660
2025-06-19 06:13:59 - INFO - Epoch 818/1000, Loss: 0.0901, Dice: 0.0690, MSE: 0.0702
2025-06-19 06:14:18 - INFO - Epoch 819/1000, Loss: 0.0935, Dice: 0.0741, MSE: 0.0645
2025-06-19 06:14:37 - INFO - Epoch 820/1000, Loss: 0.1032, Dice: 0.0859, MSE: 0.0576
2025-06-19 06:14:38 - INFO - 模型已保存至: epoch_820.pth
2025-06-19 06:14:56 - INFO - Epoch 821/1000, Loss: 0.0798, Dice: 0.0619, MSE: 0.0596
2025-06-19 06:15:14 - INFO - Epoch 822/1000, Loss: 0.0891, Dice: 0.0706, MSE: 0.0614
2025-06-19 06:15:33 - INFO - Epoch 823/1000, Loss: 0.0967, Dice: 0.0786, MSE: 0.0602
2025-06-19 06:15:51 - INFO - Epoch 824/1000, Loss: 0.0849, Dice: 0.0630, MSE: 0.0728
2025-06-19 06:16:09 - INFO - Epoch 825/1000, Loss: 0.0781, Dice: 0.0579, MSE: 0.0671
2025-06-19 06:16:28 - INFO - Epoch 826/1000, Loss: 0.0733, Dice: 0.0563, MSE: 0.0568
2025-06-19 06:16:46 - INFO - Epoch 827/1000, Loss: 0.0819, Dice: 0.0627, MSE: 0.0641
2025-06-19 06:17:05 - INFO - Epoch 828/1000, Loss: 0.0716, Dice: 0.0518, MSE: 0.0660
2025-06-19 06:17:23 - INFO - Epoch 829/1000, Loss: 0.0912, Dice: 0.0724, MSE: 0.0626
2025-06-19 06:17:41 - INFO - Epoch 830/1000, Loss: 0.0794, Dice: 0.0615, MSE: 0.0596
2025-06-19 06:18:00 - INFO - Epoch 831/1000, Loss: 0.0750, Dice: 0.0560, MSE: 0.0634
2025-06-19 06:18:18 - INFO - Epoch 832/1000, Loss: 0.0817, Dice: 0.0606, MSE: 0.0703
2025-06-19 06:18:37 - INFO - Epoch 833/1000, Loss: 0.0802, Dice: 0.0621, MSE: 0.0603
2025-06-19 06:18:55 - INFO - Epoch 834/1000, Loss: 0.0907, Dice: 0.0713, MSE: 0.0647
2025-06-19 06:19:13 - INFO - Epoch 835/1000, Loss: 0.0814, Dice: 0.0637, MSE: 0.0589
2025-06-19 06:19:32 - INFO - Epoch 836/1000, Loss: 0.0815, Dice: 0.0642, MSE: 0.0579
2025-06-19 06:19:50 - INFO - Epoch 837/1000, Loss: 0.0750, Dice: 0.0569, MSE: 0.0602
2025-06-19 06:20:09 - INFO - Epoch 838/1000, Loss: 0.0956, Dice: 0.0782, MSE: 0.0583
2025-06-19 06:20:27 - INFO - Epoch 839/1000, Loss: 0.0992, Dice: 0.0802, MSE: 0.0635
2025-06-19 06:20:45 - INFO - Epoch 840/1000, Loss: 0.1038, Dice: 0.0851, MSE: 0.0622
2025-06-19 06:20:46 - INFO - 模型已保存至: epoch_840.pth
2025-06-19 06:21:05 - INFO - Epoch 841/1000, Loss: 0.1022, Dice: 0.0840, MSE: 0.0605
2025-06-19 06:21:23 - INFO - Epoch 842/1000, Loss: 0.0852, Dice: 0.0668, MSE: 0.0612
2025-06-19 06:21:42 - INFO - Epoch 843/1000, Loss: 0.0869, Dice: 0.0684, MSE: 0.0616
2025-06-19 06:22:00 - INFO - Epoch 844/1000, Loss: 0.0864, Dice: 0.0680, MSE: 0.0613
2025-06-19 06:22:19 - INFO - Epoch 845/1000, Loss: 0.0977, Dice: 0.0765, MSE: 0.0705
2025-06-19 06:22:37 - INFO - Epoch 846/1000, Loss: 0.0803, Dice: 0.0631, MSE: 0.0575
2025-06-19 06:22:56 - INFO - Epoch 847/1000, Loss: 0.0887, Dice: 0.0706, MSE: 0.0603
2025-06-19 06:23:14 - INFO - Epoch 848/1000, Loss: 0.0877, Dice: 0.0688, MSE: 0.0631
2025-06-19 06:23:33 - INFO - Epoch 849/1000, Loss: 0.0922, Dice: 0.0720, MSE: 0.0672
2025-06-19 06:23:51 - INFO - Epoch 850/1000, Loss: 0.0864, Dice: 0.0667, MSE: 0.0657
2025-06-19 06:24:09 - INFO - Epoch 851/1000, Loss: 0.0859, Dice: 0.0693, MSE: 0.0555
2025-06-19 06:24:28 - INFO - Epoch 852/1000, Loss: 0.0863, Dice: 0.0680, MSE: 0.0610
2025-06-19 06:24:46 - INFO - Epoch 853/1000, Loss: 0.0952, Dice: 0.0770, MSE: 0.0608
2025-06-19 06:25:05 - INFO - Epoch 854/1000, Loss: 0.0896, Dice: 0.0683, MSE: 0.0708
2025-06-19 06:25:22 - INFO - Epoch 855/1000, Loss: 0.0890, Dice: 0.0693, MSE: 0.0658
2025-06-19 06:25:41 - INFO - Epoch 856/1000, Loss: 0.0797, Dice: 0.0595, MSE: 0.0675
2025-06-19 06:25:59 - INFO - Epoch 857/1000, Loss: 0.1121, Dice: 0.0926, MSE: 0.0650
2025-06-19 06:26:17 - INFO - Epoch 858/1000, Loss: 0.0930, Dice: 0.0740, MSE: 0.0633
2025-06-19 06:26:36 - INFO - Epoch 859/1000, Loss: 0.1014, Dice: 0.0834, MSE: 0.0600
2025-06-19 06:26:54 - INFO - Epoch 860/1000, Loss: 0.0923, Dice: 0.0716, MSE: 0.0690
2025-06-19 06:26:55 - INFO - 模型已保存至: epoch_860.pth
2025-06-19 06:27:14 - INFO - Epoch 861/1000, Loss: 0.0771, Dice: 0.0581, MSE: 0.0633
2025-06-19 06:27:32 - INFO - Epoch 862/1000, Loss: 0.0805, Dice: 0.0621, MSE: 0.0612
2025-06-19 06:27:51 - INFO - Epoch 863/1000, Loss: 0.0853, Dice: 0.0691, MSE: 0.0539
2025-06-19 06:28:09 - INFO - Epoch 864/1000, Loss: 0.0799, Dice: 0.0612, MSE: 0.0625
2025-06-19 06:28:28 - INFO - Epoch 865/1000, Loss: 0.0929, Dice: 0.0740, MSE: 0.0629
2025-06-19 06:28:46 - INFO - Epoch 866/1000, Loss: 0.0771, Dice: 0.0598, MSE: 0.0576
2025-06-19 06:29:05 - INFO - Epoch 867/1000, Loss: 0.0874, Dice: 0.0651, MSE: 0.0743
2025-06-19 06:29:23 - INFO - Epoch 868/1000, Loss: 0.0909, Dice: 0.0729, MSE: 0.0599
2025-06-19 06:29:41 - INFO - Epoch 869/1000, Loss: 0.0792, Dice: 0.0582, MSE: 0.0700
2025-06-19 06:30:00 - INFO - Epoch 870/1000, Loss: 0.0767, Dice: 0.0552, MSE: 0.0717
2025-06-19 06:30:18 - INFO - Epoch 871/1000, Loss: 0.0801, Dice: 0.0618, MSE: 0.0609
2025-06-19 06:30:37 - INFO - Epoch 872/1000, Loss: 0.0716, Dice: 0.0534, MSE: 0.0609
2025-06-19 06:30:55 - INFO - Epoch 873/1000, Loss: 0.0872, Dice: 0.0690, MSE: 0.0607
2025-06-19 06:31:14 - INFO - Epoch 874/1000, Loss: 0.0919, Dice: 0.0693, MSE: 0.0753
2025-06-19 06:31:32 - INFO - Epoch 875/1000, Loss: 0.0958, Dice: 0.0761, MSE: 0.0657
2025-06-19 06:31:50 - INFO - Epoch 876/1000, Loss: 0.0844, Dice: 0.0655, MSE: 0.0630
2025-06-19 06:32:09 - INFO - Epoch 877/1000, Loss: 0.0811, Dice: 0.0638, MSE: 0.0576
2025-06-19 06:32:27 - INFO - Epoch 878/1000, Loss: 0.0797, Dice: 0.0625, MSE: 0.0572
2025-06-19 06:32:46 - INFO - Epoch 879/1000, Loss: 0.0890, Dice: 0.0724, MSE: 0.0554
2025-06-19 06:33:04 - INFO - Epoch 880/1000, Loss: 0.0828, Dice: 0.0633, MSE: 0.0652
2025-06-19 06:33:05 - INFO - 模型已保存至: epoch_880.pth
2025-06-19 06:33:24 - INFO - Epoch 881/1000, Loss: 0.0729, Dice: 0.0527, MSE: 0.0675
2025-06-19 06:33:42 - INFO - Epoch 882/1000, Loss: 0.0877, Dice: 0.0657, MSE: 0.0732
2025-06-19 06:34:01 - INFO - Epoch 883/1000, Loss: 0.0919, Dice: 0.0714, MSE: 0.0685
2025-06-19 06:34:20 - INFO - Epoch 884/1000, Loss: 0.0873, Dice: 0.0684, MSE: 0.0630
2025-06-19 06:34:38 - INFO - Epoch 885/1000, Loss: 0.0723, Dice: 0.0555, MSE: 0.0559
2025-06-19 06:34:57 - INFO - Epoch 886/1000, Loss: 0.0724, Dice: 0.0541, MSE: 0.0610
2025-06-19 06:35:15 - INFO - Epoch 887/1000, Loss: 0.0757, Dice: 0.0560, MSE: 0.0659
2025-06-19 06:35:34 - INFO - Epoch 888/1000, Loss: 0.0744, Dice: 0.0542, MSE: 0.0673
2025-06-19 06:35:52 - INFO - Epoch 889/1000, Loss: 0.0728, Dice: 0.0538, MSE: 0.0632
2025-06-19 06:36:11 - INFO - Epoch 890/1000, Loss: 0.0741, Dice: 0.0561, MSE: 0.0603
2025-06-19 06:36:29 - INFO - Epoch 891/1000, Loss: 0.0729, Dice: 0.0522, MSE: 0.0688
2025-06-19 06:36:48 - INFO - Epoch 892/1000, Loss: 0.0689, Dice: 0.0523, MSE: 0.0555
2025-06-19 06:37:06 - INFO - Epoch 893/1000, Loss: 0.0801, Dice: 0.0619, MSE: 0.0605
2025-06-19 06:37:25 - INFO - Epoch 894/1000, Loss: 0.0749, Dice: 0.0574, MSE: 0.0585
2025-06-19 06:37:44 - INFO - Epoch 895/1000, Loss: 0.0824, Dice: 0.0617, MSE: 0.0692
2025-06-19 06:38:02 - INFO - Epoch 896/1000, Loss: 0.0664, Dice: 0.0483, MSE: 0.0601
2025-06-19 06:38:21 - INFO - Epoch 897/1000, Loss: 0.0764, Dice: 0.0578, MSE: 0.0620
2025-06-19 06:38:39 - INFO - Epoch 898/1000, Loss: 0.0710, Dice: 0.0516, MSE: 0.0647
2025-06-19 06:38:57 - INFO - Epoch 899/1000, Loss: 0.0823, Dice: 0.0623, MSE: 0.0667
2025-06-19 06:39:16 - INFO - Epoch 900/1000, Loss: 0.0739, Dice: 0.0550, MSE: 0.0629
2025-06-19 06:39:17 - INFO - 模型已保存至: epoch_900.pth
2025-06-19 06:39:36 - INFO - Epoch 901/1000, Loss: 0.0836, Dice: 0.0647, MSE: 0.0628
2025-06-19 06:39:54 - INFO - Epoch 902/1000, Loss: 0.0740, Dice: 0.0550, MSE: 0.0631
2025-06-19 06:40:13 - INFO - Epoch 903/1000, Loss: 0.0831, Dice: 0.0638, MSE: 0.0640
2025-06-19 06:40:31 - INFO - Epoch 904/1000, Loss: 0.0765, Dice: 0.0596, MSE: 0.0566
2025-06-19 06:40:50 - INFO - Epoch 905/1000, Loss: 0.0681, Dice: 0.0503, MSE: 0.0593
2025-06-19 06:41:08 - INFO - Epoch 906/1000, Loss: 0.0828, Dice: 0.0635, MSE: 0.0645
2025-06-19 06:41:27 - INFO - Epoch 907/1000, Loss: 0.1300, Dice: 0.1065, MSE: 0.0781
2025-06-19 06:41:45 - INFO - Epoch 908/1000, Loss: 0.1533, Dice: 0.1355, MSE: 0.0592
2025-06-19 06:42:04 - INFO - Epoch 909/1000, Loss: 0.1338, Dice: 0.1188, MSE: 0.0500
2025-06-19 06:42:22 - INFO - Epoch 910/1000, Loss: 0.1236, Dice: 0.1071, MSE: 0.0549
2025-06-19 06:42:41 - INFO - Epoch 911/1000, Loss: 0.1033, Dice: 0.0844, MSE: 0.0630
2025-06-19 06:42:59 - INFO - Epoch 912/1000, Loss: 0.0976, Dice: 0.0808, MSE: 0.0560
2025-06-19 06:43:16 - INFO - Epoch 913/1000, Loss: 0.0995, Dice: 0.0821, MSE: 0.0581
2025-06-19 06:43:34 - INFO - Epoch 914/1000, Loss: 0.1035, Dice: 0.0858, MSE: 0.0589
2025-06-19 06:43:53 - INFO - Epoch 915/1000, Loss: 0.0995, Dice: 0.0838, MSE: 0.0523
2025-06-19 06:44:11 - INFO - Epoch 916/1000, Loss: 0.0862, Dice: 0.0691, MSE: 0.0572
2025-06-19 06:44:29 - INFO - Epoch 917/1000, Loss: 0.0862, Dice: 0.0695, MSE: 0.0554
2025-06-19 06:44:48 - INFO - Epoch 918/1000, Loss: 0.0815, Dice: 0.0631, MSE: 0.0612
2025-06-19 06:45:06 - INFO - Epoch 919/1000, Loss: 0.1100, Dice: 0.0922, MSE: 0.0591
2025-06-19 06:45:24 - INFO - Epoch 920/1000, Loss: 0.1044, Dice: 0.0855, MSE: 0.0631
2025-06-19 06:45:25 - INFO - 模型已保存至: epoch_920.pth
2025-06-19 06:45:44 - INFO - Epoch 921/1000, Loss: 0.0912, Dice: 0.0746, MSE: 0.0551
2025-06-19 06:46:02 - INFO - Epoch 922/1000, Loss: 0.0757, Dice: 0.0579, MSE: 0.0595
2025-06-19 06:46:20 - INFO - Epoch 923/1000, Loss: 0.0839, Dice: 0.0679, MSE: 0.0532
2025-06-19 06:46:39 - INFO - Epoch 924/1000, Loss: 0.0877, Dice: 0.0707, MSE: 0.0568
2025-06-19 06:46:57 - INFO - Epoch 925/1000, Loss: 0.0835, Dice: 0.0613, MSE: 0.0742
2025-06-19 06:47:15 - INFO - Epoch 926/1000, Loss: 0.0726, Dice: 0.0556, MSE: 0.0568
2025-06-19 06:47:34 - INFO - Epoch 927/1000, Loss: 0.0943, Dice: 0.0756, MSE: 0.0625
2025-06-19 06:47:52 - INFO - Epoch 928/1000, Loss: 0.0911, Dice: 0.0710, MSE: 0.0672
2025-06-19 06:48:10 - INFO - Epoch 929/1000, Loss: 0.1237, Dice: 0.1045, MSE: 0.0640
2025-06-19 06:48:29 - INFO - Epoch 930/1000, Loss: 0.1795, Dice: 0.1602, MSE: 0.0644
2025-06-19 06:48:47 - INFO - Epoch 931/1000, Loss: 0.1620, Dice: 0.1479, MSE: 0.0471
2025-06-19 06:49:06 - INFO - Epoch 932/1000, Loss: 0.1435, Dice: 0.1258, MSE: 0.0591
2025-06-19 06:49:24 - INFO - Epoch 933/1000, Loss: 0.1252, Dice: 0.1076, MSE: 0.0588
2025-06-19 06:49:42 - INFO - Epoch 934/1000, Loss: 0.1244, Dice: 0.1043, MSE: 0.0670
2025-06-19 06:50:01 - INFO - Epoch 935/1000, Loss: 0.1113, Dice: 0.0939, MSE: 0.0579
2025-06-19 06:50:19 - INFO - Epoch 936/1000, Loss: 0.0967, Dice: 0.0765, MSE: 0.0673
2025-06-19 06:50:37 - INFO - Epoch 937/1000, Loss: 0.0999, Dice: 0.0812, MSE: 0.0622
2025-06-19 06:50:56 - INFO - Epoch 938/1000, Loss: 0.0989, Dice: 0.0806, MSE: 0.0612
2025-06-19 06:51:14 - INFO - Epoch 939/1000, Loss: 0.1148, Dice: 0.0962, MSE: 0.0620
2025-06-19 06:51:32 - INFO - Epoch 940/1000, Loss: 0.0986, Dice: 0.0805, MSE: 0.0603
2025-06-19 06:51:33 - INFO - 模型已保存至: epoch_940.pth
2025-06-19 06:51:52 - INFO - Epoch 941/1000, Loss: 0.1022, Dice: 0.0843, MSE: 0.0597
2025-06-19 06:52:10 - INFO - Epoch 942/1000, Loss: 0.0975, Dice: 0.0785, MSE: 0.0636
2025-06-19 06:52:29 - INFO - Epoch 943/1000, Loss: 0.0889, Dice: 0.0706, MSE: 0.0609
2025-06-19 06:52:47 - INFO - Epoch 944/1000, Loss: 0.0841, Dice: 0.0677, MSE: 0.0546
2025-06-19 06:53:06 - INFO - Epoch 945/1000, Loss: 0.0956, Dice: 0.0767, MSE: 0.0630
2025-06-19 06:53:24 - INFO - Epoch 946/1000, Loss: 0.0905, Dice: 0.0724, MSE: 0.0603
2025-06-19 06:53:43 - INFO - Epoch 947/1000, Loss: 0.0824, Dice: 0.0652, MSE: 0.0573
2025-06-19 06:54:01 - INFO - Epoch 948/1000, Loss: 0.0868, Dice: 0.0685, MSE: 0.0610
2025-06-19 06:54:20 - INFO - Epoch 949/1000, Loss: 0.1031, Dice: 0.0849, MSE: 0.0604
2025-06-19 06:54:38 - INFO - Epoch 950/1000, Loss: 0.0812, Dice: 0.0640, MSE: 0.0572
2025-06-19 06:54:57 - INFO - Epoch 951/1000, Loss: 0.0907, Dice: 0.0690, MSE: 0.0723
2025-06-19 06:55:15 - INFO - Epoch 952/1000, Loss: 0.0784, Dice: 0.0601, MSE: 0.0610
2025-06-19 06:55:34 - INFO - Epoch 953/1000, Loss: 0.0922, Dice: 0.0743, MSE: 0.0596
2025-06-19 06:55:52 - INFO - Epoch 954/1000, Loss: 0.0859, Dice: 0.0683, MSE: 0.0586
2025-06-19 06:56:10 - INFO - Epoch 955/1000, Loss: 0.1007, Dice: 0.0834, MSE: 0.0575
2025-06-19 06:56:29 - INFO - Epoch 956/1000, Loss: 0.0763, Dice: 0.0559, MSE: 0.0680
2025-06-19 06:56:47 - INFO - Epoch 957/1000, Loss: 0.0804, Dice: 0.0616, MSE: 0.0624
2025-06-19 06:57:06 - INFO - Epoch 958/1000, Loss: 0.0931, Dice: 0.0757, MSE: 0.0580
2025-06-19 06:57:24 - INFO - Epoch 959/1000, Loss: 0.0807, Dice: 0.0605, MSE: 0.0672
2025-06-19 06:57:42 - INFO - Epoch 960/1000, Loss: 0.0871, Dice: 0.0681, MSE: 0.0633
2025-06-19 06:57:43 - INFO - 模型已保存至: epoch_960.pth
2025-06-19 06:58:02 - INFO - Epoch 961/1000, Loss: 0.1483, Dice: 0.1244, MSE: 0.0796
2025-06-19 06:58:20 - INFO - Epoch 962/1000, Loss: 0.0787, Dice: 0.0607, MSE: 0.0597
2025-06-19 06:58:39 - INFO - Epoch 963/1000, Loss: 0.0785, Dice: 0.0607, MSE: 0.0594
2025-06-19 06:58:57 - INFO - Epoch 964/1000, Loss: 0.0780, Dice: 0.0596, MSE: 0.0613
2025-06-19 06:59:15 - INFO - Epoch 965/1000, Loss: 0.0793, Dice: 0.0617, MSE: 0.0586
2025-06-19 06:59:34 - INFO - Epoch 966/1000, Loss: 0.0790, Dice: 0.0632, MSE: 0.0529
2025-06-19 06:59:52 - INFO - Epoch 967/1000, Loss: 0.0720, Dice: 0.0524, MSE: 0.0652
2025-06-19 07:00:10 - INFO - Epoch 968/1000, Loss: 0.0773, Dice: 0.0571, MSE: 0.0672
2025-06-19 07:00:29 - INFO - Epoch 969/1000, Loss: 0.0761, Dice: 0.0572, MSE: 0.0630
2025-06-19 07:00:47 - INFO - Epoch 970/1000, Loss: 0.0821, Dice: 0.0645, MSE: 0.0586
2025-06-19 07:01:05 - INFO - Epoch 971/1000, Loss: 0.0743, Dice: 0.0548, MSE: 0.0651
2025-06-19 07:01:23 - INFO - Epoch 972/1000, Loss: 0.0825, Dice: 0.0634, MSE: 0.0637
2025-06-19 07:01:41 - INFO - Epoch 973/1000, Loss: 0.0855, Dice: 0.0635, MSE: 0.0732
2025-06-19 07:02:00 - INFO - Epoch 974/1000, Loss: 0.0781, Dice: 0.0614, MSE: 0.0558
2025-06-19 07:02:18 - INFO - Epoch 975/1000, Loss: 0.0803, Dice: 0.0616, MSE: 0.0626
2025-06-19 07:02:37 - INFO - Epoch 976/1000, Loss: 0.0751, Dice: 0.0573, MSE: 0.0593
2025-06-19 07:02:55 - INFO - Epoch 977/1000, Loss: 0.0934, Dice: 0.0757, MSE: 0.0592
2025-06-19 07:03:13 - INFO - Epoch 978/1000, Loss: 0.0830, Dice: 0.0650, MSE: 0.0602
2025-06-19 07:03:32 - INFO - Epoch 979/1000, Loss: 0.0866, Dice: 0.0653, MSE: 0.0711
2025-06-19 07:03:50 - INFO - Epoch 980/1000, Loss: 0.0804, Dice: 0.0616, MSE: 0.0628
2025-06-19 07:03:51 - INFO - 模型已保存至: epoch_980.pth
2025-06-19 07:04:10 - INFO - Epoch 981/1000, Loss: 0.0770, Dice: 0.0560, MSE: 0.0700
2025-06-19 07:04:28 - INFO - Epoch 982/1000, Loss: 0.0770, Dice: 0.0573, MSE: 0.0657
2025-06-19 07:04:47 - INFO - Epoch 983/1000, Loss: 0.0730, Dice: 0.0538, MSE: 0.0641
2025-06-19 07:05:05 - INFO - Epoch 984/1000, Loss: 0.0744, Dice: 0.0561, MSE: 0.0611
2025-06-19 07:05:24 - INFO - Epoch 985/1000, Loss: 0.0732, Dice: 0.0532, MSE: 0.0668
2025-06-19 07:05:42 - INFO - Epoch 986/1000, Loss: 0.0725, Dice: 0.0527, MSE: 0.0661
2025-06-19 07:06:01 - INFO - Epoch 987/1000, Loss: 0.0782, Dice: 0.0584, MSE: 0.0661
2025-06-19 07:06:19 - INFO - Epoch 988/1000, Loss: 0.0729, Dice: 0.0522, MSE: 0.0690
2025-06-19 07:06:37 - INFO - Epoch 989/1000, Loss: 0.0720, Dice: 0.0523, MSE: 0.0657
2025-06-19 07:06:56 - INFO - Epoch 990/1000, Loss: 0.0710, Dice: 0.0522, MSE: 0.0626
2025-06-19 07:07:14 - INFO - Epoch 991/1000, Loss: 0.0740, Dice: 0.0538, MSE: 0.0676
2025-06-19 07:07:32 - INFO - Epoch 992/1000, Loss: 0.0826, Dice: 0.0632, MSE: 0.0645
2025-06-19 07:07:51 - INFO - Epoch 993/1000, Loss: 0.0798, Dice: 0.0576, MSE: 0.0740
2025-06-19 07:08:09 - INFO - Epoch 994/1000, Loss: 0.0770, Dice: 0.0564, MSE: 0.0686
2025-06-19 07:08:28 - INFO - Epoch 995/1000, Loss: 0.0748, Dice: 0.0526, MSE: 0.0743
2025-06-19 07:08:46 - INFO - Epoch 996/1000, Loss: 0.0819, Dice: 0.0610, MSE: 0.0697
2025-06-19 07:09:05 - INFO - Epoch 997/1000, Loss: 0.0790, Dice: 0.0569, MSE: 0.0738
2025-06-19 07:09:23 - INFO - Epoch 998/1000, Loss: 0.0859, Dice: 0.0602, MSE: 0.0856
2025-06-19 07:09:41 - INFO - Epoch 999/1000, Loss: 0.0740, Dice: 0.0509, MSE: 0.0769
2025-06-19 07:10:00 - INFO - Epoch 1000/1000, Loss: 0.0762, Dice: 0.0535, MSE: 0.0757
2025-06-19 07:10:01 - INFO - 模型已保存至: epoch_1000.pth
2025-06-19 07:10:01 - INFO - 训练完成！
