2025-06-26 17:57:55 - INFO - Logging is set up.
2025-06-26 17:57:55 - INFO - 训练配置参数:
{'seed': 42, 'epochs': 200, 'batch_size': 6, 'num_classes': 16, 'learning_rate': 0.001, 'dataset_path': './datasets/Amos', 'log_path': './result/SAM3D_VNet_SSL/Amos_SemiSupervised/Training.log', 'pth_path': './result/SAM3D_VNet_SSL/Amos_SemiSupervised/Pth', 'tensorboard_path': './result/SAM3D_VNet_SSL/Amos_SemiSupervised/Train', 'continue_train': False, 'multi_gpu': True, 'training_label_num': 90, 'training_unlabel_num': 90, 'label_bs': 3, 'unlabel_bs': 3, 'consistency_weight': 0.3, 'pretrained_weights': None}
2025-06-26 17:58:11 - INFO - 数据集加载完成，样本总数: 180
2025-06-26 17:58:12 - INFO - 使用 2 个GPU
2025-06-26 17:58:12 - INFO - 模型总参数: 18,373,920
2025-06-26 17:58:12 - INFO - 可训练参数: 18,373,920
2025-06-26 17:59:04 - INFO - Epoch 1/200, Loss: 2.9722, Dice: 2.9721, MSE: 0.0004
2025-06-26 17:59:53 - INFO - Epoch 2/200, Loss: 2.7318, Dice: 2.7316, MSE: 0.0005
2025-06-26 18:00:41 - INFO - Epoch 3/200, Loss: 2.5428, Dice: 2.5423, MSE: 0.0014
2025-06-26 18:01:30 - INFO - Epoch 4/200, Loss: 2.3972, Dice: 2.3966, MSE: 0.0019
2025-06-26 18:02:18 - INFO - Epoch 5/200, Loss: 2.1676, Dice: 2.1664, MSE: 0.0038
2025-06-26 18:03:07 - INFO - Epoch 6/200, Loss: 2.0371, Dice: 2.0357, MSE: 0.0046
2025-06-26 18:03:56 - INFO - Epoch 7/200, Loss: 1.8855, Dice: 1.8835, MSE: 0.0065
2025-06-26 18:04:44 - INFO - Epoch 8/200, Loss: 1.7908, Dice: 1.7889, MSE: 0.0062
2025-06-26 18:05:33 - INFO - Epoch 9/200, Loss: 1.7344, Dice: 1.7318, MSE: 0.0088
2025-06-26 18:06:21 - INFO - Epoch 10/200, Loss: 1.6239, Dice: 1.6216, MSE: 0.0075
2025-06-26 18:07:10 - INFO - Epoch 11/200, Loss: 1.5624, Dice: 1.5601, MSE: 0.0077
2025-06-26 18:07:59 - INFO - Epoch 12/200, Loss: 1.5582, Dice: 1.5559, MSE: 0.0076
2025-06-26 18:08:47 - INFO - Epoch 13/200, Loss: 1.4530, Dice: 1.4515, MSE: 0.0050
2025-06-26 18:09:36 - INFO - Epoch 14/200, Loss: 1.4882, Dice: 1.4863, MSE: 0.0065
2025-06-26 18:10:24 - INFO - Epoch 15/200, Loss: 1.4158, Dice: 1.4141, MSE: 0.0058
2025-06-26 18:11:13 - INFO - Epoch 16/200, Loss: 1.3833, Dice: 1.3822, MSE: 0.0039
2025-06-26 18:12:02 - INFO - Epoch 17/200, Loss: 1.3414, Dice: 1.3401, MSE: 0.0041
2025-06-26 18:12:51 - INFO - Epoch 18/200, Loss: 1.3447, Dice: 1.3435, MSE: 0.0041
2025-06-26 18:13:40 - INFO - Epoch 19/200, Loss: 1.3232, Dice: 1.3224, MSE: 0.0028
2025-06-26 18:14:28 - INFO - Epoch 20/200, Loss: 1.3288, Dice: 1.3276, MSE: 0.0040
2025-06-26 18:14:28 - INFO - 模型已保存至: epoch_20.pth
2025-06-26 18:15:17 - INFO - Epoch 21/200, Loss: 1.3127, Dice: 1.3117, MSE: 0.0034
2025-06-26 18:16:06 - INFO - Epoch 22/200, Loss: 1.3010, Dice: 1.3000, MSE: 0.0032
2025-06-26 18:16:54 - INFO - Epoch 23/200, Loss: 1.2678, Dice: 1.2672, MSE: 0.0023
2025-06-26 18:17:43 - INFO - Epoch 24/200, Loss: 1.2527, Dice: 1.2518, MSE: 0.0027
2025-06-26 18:18:32 - INFO - Epoch 25/200, Loss: 1.2795, Dice: 1.2789, MSE: 0.0020
2025-06-26 18:19:20 - INFO - Epoch 26/200, Loss: 1.2595, Dice: 1.2587, MSE: 0.0028
2025-06-26 18:20:09 - INFO - Epoch 27/200, Loss: 1.2542, Dice: 1.2536, MSE: 0.0017
2025-06-26 18:20:58 - INFO - Epoch 28/200, Loss: 1.2603, Dice: 1.2596, MSE: 0.0023
2025-06-26 18:21:46 - INFO - Epoch 29/200, Loss: 1.2231, Dice: 1.2226, MSE: 0.0015
2025-06-26 18:22:35 - INFO - Epoch 30/200, Loss: 1.2264, Dice: 1.2257, MSE: 0.0022
2025-06-26 18:23:24 - INFO - Epoch 31/200, Loss: 1.2127, Dice: 1.2122, MSE: 0.0016
2025-06-26 18:24:12 - INFO - Epoch 32/200, Loss: 1.2050, Dice: 1.2043, MSE: 0.0021
2025-06-26 18:25:01 - INFO - Epoch 33/200, Loss: 1.2085, Dice: 1.2079, MSE: 0.0020
2025-06-26 18:25:50 - INFO - Epoch 34/200, Loss: 1.1930, Dice: 1.1925, MSE: 0.0017
2025-06-26 18:26:38 - INFO - Epoch 35/200, Loss: 1.2048, Dice: 1.2042, MSE: 0.0019
2025-06-26 18:27:27 - INFO - Epoch 36/200, Loss: 1.2072, Dice: 1.2066, MSE: 0.0020
2025-06-26 18:28:16 - INFO - Epoch 37/200, Loss: 1.1732, Dice: 1.1728, MSE: 0.0012
2025-06-26 18:29:04 - INFO - Epoch 38/200, Loss: 1.1821, Dice: 1.1815, MSE: 0.0018
2025-06-26 18:29:53 - INFO - Epoch 39/200, Loss: 1.1592, Dice: 1.1587, MSE: 0.0014
2025-06-26 18:30:42 - INFO - Epoch 40/200, Loss: 1.1500, Dice: 1.1496, MSE: 0.0012
2025-06-26 18:30:42 - INFO - 模型已保存至: epoch_40.pth
2025-06-26 18:31:31 - INFO - Epoch 41/200, Loss: 1.1850, Dice: 1.1845, MSE: 0.0018
2025-06-26 18:32:19 - INFO - Epoch 42/200, Loss: 1.1605, Dice: 1.1599, MSE: 0.0019
2025-06-26 18:33:08 - INFO - Epoch 43/200, Loss: 1.1561, Dice: 1.1554, MSE: 0.0021
2025-06-26 18:33:56 - INFO - Epoch 44/200, Loss: 1.1430, Dice: 1.1425, MSE: 0.0016
2025-06-26 18:34:45 - INFO - Epoch 45/200, Loss: 1.1268, Dice: 1.1263, MSE: 0.0015
2025-06-26 18:35:34 - INFO - Epoch 46/200, Loss: 1.1590, Dice: 1.1586, MSE: 0.0016
2025-06-26 18:36:22 - INFO - Epoch 47/200, Loss: 1.1416, Dice: 1.1412, MSE: 0.0015
2025-06-26 18:37:11 - INFO - Epoch 48/200, Loss: 1.1138, Dice: 1.1133, MSE: 0.0015
2025-06-26 18:38:00 - INFO - Epoch 49/200, Loss: 1.1167, Dice: 1.1162, MSE: 0.0017
2025-06-26 18:38:48 - INFO - Epoch 50/200, Loss: 1.1265, Dice: 1.1259, MSE: 0.0018
2025-06-26 18:39:37 - INFO - Epoch 51/200, Loss: 1.0899, Dice: 1.0895, MSE: 0.0012
2025-06-26 18:40:26 - INFO - Epoch 52/200, Loss: 1.1008, Dice: 1.1003, MSE: 0.0015
2025-06-26 18:41:14 - INFO - Epoch 53/200, Loss: 1.0772, Dice: 1.0768, MSE: 0.0014
2025-06-26 18:42:03 - INFO - Epoch 54/200, Loss: 1.0856, Dice: 1.0849, MSE: 0.0022
2025-06-26 18:42:51 - INFO - Epoch 55/200, Loss: 1.0872, Dice: 1.0867, MSE: 0.0016
2025-06-26 18:43:40 - INFO - Epoch 56/200, Loss: 1.1119, Dice: 1.1113, MSE: 0.0018
2025-06-26 18:44:29 - INFO - Epoch 57/200, Loss: 1.0674, Dice: 1.0669, MSE: 0.0016
2025-06-26 18:45:18 - INFO - Epoch 58/200, Loss: 1.0598, Dice: 1.0594, MSE: 0.0013
2025-06-26 18:46:06 - INFO - Epoch 59/200, Loss: 1.0943, Dice: 1.0937, MSE: 0.0018
2025-06-26 18:46:55 - INFO - Epoch 60/200, Loss: 1.0685, Dice: 1.0681, MSE: 0.0013
2025-06-26 18:46:55 - INFO - 模型已保存至: epoch_60.pth
2025-06-26 18:47:44 - INFO - Epoch 61/200, Loss: 1.0591, Dice: 1.0587, MSE: 0.0013
2025-06-26 18:48:32 - INFO - Epoch 62/200, Loss: 1.0896, Dice: 1.0891, MSE: 0.0017
2025-06-26 18:49:21 - INFO - Epoch 63/200, Loss: 1.0509, Dice: 1.0503, MSE: 0.0019
2025-06-26 18:50:10 - INFO - Epoch 64/200, Loss: 1.0327, Dice: 1.0323, MSE: 0.0013
2025-06-26 18:50:59 - INFO - Epoch 65/200, Loss: 1.0434, Dice: 1.0429, MSE: 0.0015
2025-06-26 18:51:47 - INFO - Epoch 66/200, Loss: 1.0397, Dice: 1.0392, MSE: 0.0018
2025-06-26 18:52:36 - INFO - Epoch 67/200, Loss: 1.0304, Dice: 1.0299, MSE: 0.0017
2025-06-26 18:53:25 - INFO - Epoch 68/200, Loss: 1.0395, Dice: 1.0391, MSE: 0.0013
2025-06-26 18:54:13 - INFO - Epoch 69/200, Loss: 1.0065, Dice: 1.0061, MSE: 0.0013
2025-06-26 18:55:02 - INFO - Epoch 70/200, Loss: 1.0310, Dice: 1.0306, MSE: 0.0015
2025-06-26 18:55:51 - INFO - Epoch 71/200, Loss: 1.0095, Dice: 1.0090, MSE: 0.0015
2025-06-26 18:56:39 - INFO - Epoch 72/200, Loss: 1.0082, Dice: 1.0078, MSE: 0.0012
2025-06-26 18:57:28 - INFO - Epoch 73/200, Loss: 0.9861, Dice: 0.9857, MSE: 0.0014
2025-06-26 18:58:17 - INFO - Epoch 74/200, Loss: 1.0166, Dice: 1.0162, MSE: 0.0013
2025-06-26 18:59:05 - INFO - Epoch 75/200, Loss: 1.0111, Dice: 1.0106, MSE: 0.0015
2025-06-26 18:59:54 - INFO - Epoch 76/200, Loss: 0.9870, Dice: 0.9866, MSE: 0.0013
2025-06-26 19:00:42 - INFO - Epoch 77/200, Loss: 0.9929, Dice: 0.9924, MSE: 0.0016
2025-06-26 19:01:31 - INFO - Epoch 78/200, Loss: 1.0058, Dice: 1.0054, MSE: 0.0013
2025-06-26 19:02:20 - INFO - Epoch 79/200, Loss: 0.9774, Dice: 0.9771, MSE: 0.0011
2025-06-26 19:03:08 - INFO - Epoch 80/200, Loss: 0.9843, Dice: 0.9839, MSE: 0.0013
2025-06-26 19:03:09 - INFO - 模型已保存至: epoch_80.pth
2025-06-26 19:03:57 - INFO - Epoch 81/200, Loss: 0.9836, Dice: 0.9831, MSE: 0.0018
2025-06-26 19:04:46 - INFO - Epoch 82/200, Loss: 0.9902, Dice: 0.9898, MSE: 0.0013
2025-06-26 19:05:35 - INFO - Epoch 83/200, Loss: 0.9855, Dice: 0.9850, MSE: 0.0014
2025-06-26 19:06:23 - INFO - Epoch 84/200, Loss: 0.9508, Dice: 0.9504, MSE: 0.0013
2025-06-26 19:07:12 - INFO - Epoch 85/200, Loss: 0.9714, Dice: 0.9710, MSE: 0.0012
2025-06-26 19:08:01 - INFO - Epoch 86/200, Loss: 1.0010, Dice: 1.0004, MSE: 0.0020
2025-06-26 19:08:49 - INFO - Epoch 87/200, Loss: 0.9522, Dice: 0.9518, MSE: 0.0011
2025-06-26 19:09:38 - INFO - Epoch 88/200, Loss: 0.9355, Dice: 0.9351, MSE: 0.0014
2025-06-26 19:10:27 - INFO - Epoch 89/200, Loss: 0.9514, Dice: 0.9511, MSE: 0.0012
2025-06-26 19:11:15 - INFO - Epoch 90/200, Loss: 0.9445, Dice: 0.9442, MSE: 0.0012
2025-06-26 19:12:04 - INFO - Epoch 91/200, Loss: 0.9630, Dice: 0.9625, MSE: 0.0014
2025-06-26 19:12:52 - INFO - Epoch 92/200, Loss: 0.9339, Dice: 0.9335, MSE: 0.0012
2025-06-26 19:13:41 - INFO - Epoch 93/200, Loss: 0.9598, Dice: 0.9593, MSE: 0.0018
2025-06-26 19:14:30 - INFO - Epoch 94/200, Loss: 0.9160, Dice: 0.9156, MSE: 0.0014
2025-06-26 19:15:18 - INFO - Epoch 95/200, Loss: 0.9155, Dice: 0.9152, MSE: 0.0012
2025-06-26 19:16:07 - INFO - Epoch 96/200, Loss: 0.9284, Dice: 0.9279, MSE: 0.0016
2025-06-26 19:16:56 - INFO - Epoch 97/200, Loss: 0.9002, Dice: 0.8999, MSE: 0.0012
2025-06-26 19:17:44 - INFO - Epoch 98/200, Loss: 0.8901, Dice: 0.8897, MSE: 0.0012
2025-06-26 19:18:33 - INFO - Epoch 99/200, Loss: 0.8986, Dice: 0.8982, MSE: 0.0014
2025-06-26 19:19:22 - INFO - Epoch 100/200, Loss: 0.9065, Dice: 0.9060, MSE: 0.0017
2025-06-26 19:19:22 - INFO - 模型已保存至: epoch_100.pth
2025-06-26 19:20:11 - INFO - Epoch 101/200, Loss: 0.8975, Dice: 0.8971, MSE: 0.0013
2025-06-26 19:20:59 - INFO - Epoch 102/200, Loss: 0.8895, Dice: 0.8892, MSE: 0.0011
2025-06-26 19:21:48 - INFO - Epoch 103/200, Loss: 0.9157, Dice: 0.9153, MSE: 0.0013
2025-06-26 19:22:37 - INFO - Epoch 104/200, Loss: 0.8776, Dice: 0.8772, MSE: 0.0012
2025-06-26 19:23:25 - INFO - Epoch 105/200, Loss: 0.8883, Dice: 0.8878, MSE: 0.0015
2025-06-26 19:24:14 - INFO - Epoch 106/200, Loss: 0.8890, Dice: 0.8887, MSE: 0.0011
2025-06-26 19:25:03 - INFO - Epoch 107/200, Loss: 0.8799, Dice: 0.8796, MSE: 0.0011
2025-06-26 19:25:51 - INFO - Epoch 108/200, Loss: 0.8815, Dice: 0.8811, MSE: 0.0012
2025-06-26 19:26:40 - INFO - Epoch 109/200, Loss: 0.8510, Dice: 0.8507, MSE: 0.0011
2025-06-26 19:27:29 - INFO - Epoch 110/200, Loss: 0.8640, Dice: 0.8636, MSE: 0.0012
2025-06-26 19:28:17 - INFO - Epoch 111/200, Loss: 0.8652, Dice: 0.8649, MSE: 0.0011
2025-06-26 19:29:06 - INFO - Epoch 112/200, Loss: 0.8717, Dice: 0.8712, MSE: 0.0018
2025-06-26 19:29:55 - INFO - Epoch 113/200, Loss: 0.8664, Dice: 0.8660, MSE: 0.0013
2025-06-26 19:30:44 - INFO - Epoch 114/200, Loss: 0.8637, Dice: 0.8634, MSE: 0.0011
2025-06-26 19:31:32 - INFO - Epoch 115/200, Loss: 0.8538, Dice: 0.8535, MSE: 0.0009
2025-06-26 19:32:21 - INFO - Epoch 116/200, Loss: 0.8263, Dice: 0.8260, MSE: 0.0011
2025-06-26 19:33:10 - INFO - Epoch 117/200, Loss: 0.8482, Dice: 0.8479, MSE: 0.0010
2025-06-26 19:33:58 - INFO - Epoch 118/200, Loss: 0.8305, Dice: 0.8301, MSE: 0.0013
2025-06-26 19:34:47 - INFO - Epoch 119/200, Loss: 0.8236, Dice: 0.8232, MSE: 0.0013
2025-06-26 19:35:36 - INFO - Epoch 120/200, Loss: 0.8248, Dice: 0.8243, MSE: 0.0015
2025-06-26 19:35:36 - INFO - 模型已保存至: epoch_120.pth
2025-06-26 19:36:25 - INFO - Epoch 121/200, Loss: 0.8309, Dice: 0.8306, MSE: 0.0011
2025-06-26 19:37:14 - INFO - Epoch 122/200, Loss: 0.8482, Dice: 0.8478, MSE: 0.0010
2025-06-26 19:38:02 - INFO - Epoch 123/200, Loss: 0.8439, Dice: 0.8436, MSE: 0.0011
2025-06-26 19:38:51 - INFO - Epoch 124/200, Loss: 0.8260, Dice: 0.8256, MSE: 0.0013
2025-06-26 19:39:40 - INFO - Epoch 125/200, Loss: 0.8098, Dice: 0.8095, MSE: 0.0010
2025-06-26 19:40:29 - INFO - Epoch 126/200, Loss: 0.8275, Dice: 0.8271, MSE: 0.0013
2025-06-26 19:41:18 - INFO - Epoch 127/200, Loss: 0.8084, Dice: 0.8080, MSE: 0.0014
2025-06-26 19:42:06 - INFO - Epoch 128/200, Loss: 0.8170, Dice: 0.8166, MSE: 0.0013
2025-06-26 19:42:55 - INFO - Epoch 129/200, Loss: 0.8264, Dice: 0.8261, MSE: 0.0012
2025-06-26 19:43:44 - INFO - Epoch 130/200, Loss: 0.8232, Dice: 0.8228, MSE: 0.0014
2025-06-26 19:44:33 - INFO - Epoch 131/200, Loss: 0.7945, Dice: 0.7942, MSE: 0.0010
2025-06-26 19:45:21 - INFO - Epoch 132/200, Loss: 0.8039, Dice: 0.8035, MSE: 0.0012
2025-06-26 19:46:10 - INFO - Epoch 133/200, Loss: 0.7973, Dice: 0.7970, MSE: 0.0010
2025-06-26 19:46:59 - INFO - Epoch 134/200, Loss: 0.7915, Dice: 0.7912, MSE: 0.0010
2025-06-26 19:47:48 - INFO - Epoch 135/200, Loss: 0.8048, Dice: 0.8045, MSE: 0.0010
2025-06-26 19:48:36 - INFO - Epoch 136/200, Loss: 0.7862, Dice: 0.7859, MSE: 0.0010
2025-06-26 19:49:25 - INFO - Epoch 137/200, Loss: 0.8278, Dice: 0.8274, MSE: 0.0012
2025-06-26 19:50:14 - INFO - Epoch 138/200, Loss: 0.7935, Dice: 0.7931, MSE: 0.0011
2025-06-26 19:51:02 - INFO - Epoch 139/200, Loss: 0.7854, Dice: 0.7850, MSE: 0.0012
2025-06-26 19:51:51 - INFO - Epoch 140/200, Loss: 0.8044, Dice: 0.8041, MSE: 0.0011
2025-06-26 19:51:51 - INFO - 模型已保存至: epoch_140.pth
2025-06-26 19:52:40 - INFO - Epoch 141/200, Loss: 0.7921, Dice: 0.7918, MSE: 0.0012
2025-06-26 19:53:29 - INFO - Epoch 142/200, Loss: 0.7892, Dice: 0.7889, MSE: 0.0011
2025-06-26 19:54:18 - INFO - Epoch 143/200, Loss: 0.8279, Dice: 0.8276, MSE: 0.0011
2025-06-26 19:55:06 - INFO - Epoch 144/200, Loss: 0.7972, Dice: 0.7969, MSE: 0.0009
2025-06-26 19:55:55 - INFO - Epoch 145/200, Loss: 0.7842, Dice: 0.7837, MSE: 0.0017
2025-06-26 19:56:44 - INFO - Epoch 146/200, Loss: 0.7776, Dice: 0.7771, MSE: 0.0015
2025-06-26 19:57:32 - INFO - Epoch 147/200, Loss: 0.7769, Dice: 0.7764, MSE: 0.0016
2025-06-26 19:58:21 - INFO - Epoch 148/200, Loss: 0.7344, Dice: 0.7341, MSE: 0.0011
2025-06-26 19:59:10 - INFO - Epoch 149/200, Loss: 0.7318, Dice: 0.7315, MSE: 0.0012
2025-06-26 19:59:59 - INFO - Epoch 150/200, Loss: 0.7555, Dice: 0.7552, MSE: 0.0010
2025-06-26 20:00:48 - INFO - Epoch 151/200, Loss: 0.7785, Dice: 0.7783, MSE: 0.0009
2025-06-26 20:01:36 - INFO - Epoch 152/200, Loss: 0.7692, Dice: 0.7688, MSE: 0.0012
2025-06-26 20:02:25 - INFO - Epoch 153/200, Loss: 0.7703, Dice: 0.7699, MSE: 0.0011
2025-06-26 20:03:14 - INFO - Epoch 154/200, Loss: 0.7537, Dice: 0.7534, MSE: 0.0012
2025-06-26 20:04:03 - INFO - Epoch 155/200, Loss: 0.7812, Dice: 0.7809, MSE: 0.0012
2025-06-26 20:04:51 - INFO - Epoch 156/200, Loss: 0.7574, Dice: 0.7570, MSE: 0.0012
2025-06-26 20:05:40 - INFO - Epoch 157/200, Loss: 0.7563, Dice: 0.7560, MSE: 0.0009
2025-06-26 20:06:29 - INFO - Epoch 158/200, Loss: 0.7438, Dice: 0.7435, MSE: 0.0011
2025-06-26 20:07:17 - INFO - Epoch 159/200, Loss: 0.7483, Dice: 0.7480, MSE: 0.0012
2025-06-26 20:08:06 - INFO - Epoch 160/200, Loss: 0.7285, Dice: 0.7281, MSE: 0.0012
2025-06-26 20:08:06 - INFO - 模型已保存至: epoch_160.pth
2025-06-26 20:08:55 - INFO - Epoch 161/200, Loss: 0.7513, Dice: 0.7510, MSE: 0.0009
2025-06-26 20:09:44 - INFO - Epoch 162/200, Loss: 0.7511, Dice: 0.7508, MSE: 0.0009
2025-06-26 20:10:32 - INFO - Epoch 163/200, Loss: 0.7484, Dice: 0.7481, MSE: 0.0011
2025-06-26 20:11:21 - INFO - Epoch 164/200, Loss: 0.7261, Dice: 0.7258, MSE: 0.0011
2025-06-26 20:12:10 - INFO - Epoch 165/200, Loss: 0.7438, Dice: 0.7434, MSE: 0.0015
2025-06-26 20:12:59 - INFO - Epoch 166/200, Loss: 0.7138, Dice: 0.7135, MSE: 0.0009
2025-06-26 20:13:47 - INFO - Epoch 167/200, Loss: 0.7632, Dice: 0.7626, MSE: 0.0019
2025-06-26 20:14:36 - INFO - Epoch 168/200, Loss: 0.7169, Dice: 0.7166, MSE: 0.0011
2025-06-26 20:15:25 - INFO - Epoch 169/200, Loss: 0.7408, Dice: 0.7405, MSE: 0.0010
2025-06-26 20:16:14 - INFO - Epoch 170/200, Loss: 0.7220, Dice: 0.7217, MSE: 0.0009
2025-06-26 20:17:02 - INFO - Epoch 171/200, Loss: 0.7502, Dice: 0.7497, MSE: 0.0018
2025-06-26 20:17:51 - INFO - Epoch 172/200, Loss: 0.7135, Dice: 0.7131, MSE: 0.0014
2025-06-26 20:18:40 - INFO - Epoch 173/200, Loss: 0.7773, Dice: 0.7769, MSE: 0.0013
2025-06-26 20:19:29 - INFO - Epoch 174/200, Loss: 0.6987, Dice: 0.6984, MSE: 0.0010
2025-06-26 20:20:17 - INFO - Epoch 175/200, Loss: 0.7137, Dice: 0.7133, MSE: 0.0011
2025-06-26 20:21:06 - INFO - Epoch 176/200, Loss: 0.6915, Dice: 0.6912, MSE: 0.0009
2025-06-26 20:21:55 - INFO - Epoch 177/200, Loss: 0.7015, Dice: 0.7012, MSE: 0.0011
2025-06-26 20:22:44 - INFO - Epoch 178/200, Loss: 0.7082, Dice: 0.7078, MSE: 0.0011
2025-06-26 20:23:32 - INFO - Epoch 179/200, Loss: 0.7354, Dice: 0.7351, MSE: 0.0011
2025-06-26 20:24:21 - INFO - Epoch 180/200, Loss: 0.7024, Dice: 0.7021, MSE: 0.0010
2025-06-26 20:24:21 - INFO - 模型已保存至: epoch_180.pth
2025-06-26 20:25:10 - INFO - Epoch 181/200, Loss: 0.7141, Dice: 0.7137, MSE: 0.0011
