2025-07-07 09:38:39 - INFO - Logging is set up.
2025-07-07 09:38:39 - INFO - 训练配置参数:
{'seed': 42, 'epochs': 1000, 'batch_size': 4, 'num_classes': 2, 'learning_rate': 0.0001, 'dataset_path': './datasets/LA', 'log_path': './result/SAM3D_VNet_SSL/LA_8_SemiSupervised_V15/Training.log', 'pth_path': './result/SAM3D_VNet_SSL/LA_8_SemiSupervised_V15/Pth', 'tensorboard_path': './result/SAM3D_VNet_SSL/LA_8_SemiSupervised_V15/Train', 'continue_train': False, 'multi_gpu': True, 'training_label_num': 8, 'training_unlabel_num': 72, 'label_bs': 1, 'unlabel_bs': 3, 'consistency_weight': 0.2, 'pretrained_weights': None}
2025-07-07 09:38:39 - INFO - 使用 2 个GPU
2025-07-07 09:38:39 - INFO - 模型总参数: 124,981,108
2025-07-07 09:38:39 - INFO - 可训练参数: 124,981,108
2025-07-07 09:38:57 - INFO - Epoch 1/1000, Loss: 0.9472, Dice: 0.9390, MSE: 0.0412
2025-07-07 09:39:10 - INFO - Epoch 2/1000, Loss: 0.7652, Dice: 0.7561, MSE: 0.0454
2025-07-07 09:39:23 - INFO - Epoch 3/1000, Loss: 0.8379, Dice: 0.8292, MSE: 0.0435
2025-07-07 09:39:36 - INFO - Epoch 4/1000, Loss: 0.8089, Dice: 0.7998, MSE: 0.0457
2025-07-07 09:39:49 - INFO - Epoch 5/1000, Loss: 0.8377, Dice: 0.8294, MSE: 0.0413
2025-07-07 09:40:01 - INFO - Epoch 6/1000, Loss: 0.7697, Dice: 0.7598, MSE: 0.0492
2025-07-07 09:40:14 - INFO - Epoch 7/1000, Loss: 0.7180, Dice: 0.7079, MSE: 0.0508
2025-07-07 09:40:27 - INFO - Epoch 8/1000, Loss: 0.6820, Dice: 0.6721, MSE: 0.0498
2025-07-07 09:40:40 - INFO - Epoch 9/1000, Loss: 0.7503, Dice: 0.7408, MSE: 0.0473
2025-07-07 09:40:53 - INFO - Epoch 10/1000, Loss: 0.6487, Dice: 0.6395, MSE: 0.0459
2025-07-07 09:41:05 - INFO - Epoch 11/1000, Loss: 0.6315, Dice: 0.6216, MSE: 0.0497
2025-07-07 09:41:18 - INFO - Epoch 12/1000, Loss: 0.6408, Dice: 0.6319, MSE: 0.0446
2025-07-07 09:41:31 - INFO - Epoch 13/1000, Loss: 0.5772, Dice: 0.5682, MSE: 0.0451
2025-07-07 09:41:44 - INFO - Epoch 14/1000, Loss: 0.5659, Dice: 0.5565, MSE: 0.0470
2025-07-07 09:41:57 - INFO - Epoch 15/1000, Loss: 0.5383, Dice: 0.5287, MSE: 0.0479
2025-07-07 09:42:10 - INFO - Epoch 16/1000, Loss: 0.5661, Dice: 0.5571, MSE: 0.0451
2025-07-07 09:42:23 - INFO - Epoch 17/1000, Loss: 0.5383, Dice: 0.5297, MSE: 0.0431
2025-07-07 09:42:36 - INFO - Epoch 18/1000, Loss: 0.5408, Dice: 0.5313, MSE: 0.0478
2025-07-07 09:42:48 - INFO - Epoch 19/1000, Loss: 0.5068, Dice: 0.4955, MSE: 0.0563
2025-07-07 09:43:01 - INFO - Epoch 20/1000, Loss: 0.4509, Dice: 0.4402, MSE: 0.0535
2025-07-07 09:43:03 - INFO - 模型已保存至: epoch_20.pth
2025-07-07 09:43:16 - INFO - Epoch 21/1000, Loss: 0.5524, Dice: 0.5422, MSE: 0.0507
2025-07-07 09:43:29 - INFO - Epoch 22/1000, Loss: 0.5590, Dice: 0.5479, MSE: 0.0555
2025-07-07 09:43:42 - INFO - Epoch 23/1000, Loss: 0.4922, Dice: 0.4831, MSE: 0.0451
2025-07-07 09:43:55 - INFO - Epoch 24/1000, Loss: 0.4667, Dice: 0.4557, MSE: 0.0553
2025-07-07 09:44:08 - INFO - Epoch 25/1000, Loss: 0.4990, Dice: 0.4899, MSE: 0.0458
2025-07-07 09:44:21 - INFO - Epoch 26/1000, Loss: 0.5286, Dice: 0.5189, MSE: 0.0485
2025-07-07 09:44:33 - INFO - Epoch 27/1000, Loss: 0.4962, Dice: 0.4860, MSE: 0.0510
2025-07-07 09:44:46 - INFO - Epoch 28/1000, Loss: 0.4453, Dice: 0.4346, MSE: 0.0534
2025-07-07 09:44:59 - INFO - Epoch 29/1000, Loss: 0.4300, Dice: 0.4208, MSE: 0.0460
2025-07-07 09:45:12 - INFO - Epoch 30/1000, Loss: 0.3827, Dice: 0.3702, MSE: 0.0624
2025-07-07 09:45:25 - INFO - Epoch 31/1000, Loss: 0.4243, Dice: 0.4135, MSE: 0.0537
2025-07-07 09:45:38 - INFO - Epoch 32/1000, Loss: 0.4368, Dice: 0.4262, MSE: 0.0529
2025-07-07 09:45:51 - INFO - Epoch 33/1000, Loss: 0.3957, Dice: 0.3844, MSE: 0.0564
2025-07-07 09:46:04 - INFO - Epoch 34/1000, Loss: 0.3481, Dice: 0.3370, MSE: 0.0558
2025-07-07 09:46:17 - INFO - Epoch 35/1000, Loss: 0.4219, Dice: 0.4101, MSE: 0.0589
2025-07-07 09:46:30 - INFO - Epoch 36/1000, Loss: 0.3868, Dice: 0.3764, MSE: 0.0516
2025-07-07 09:46:43 - INFO - Epoch 37/1000, Loss: 0.4548, Dice: 0.4431, MSE: 0.0581
2025-07-07 09:46:56 - INFO - Epoch 38/1000, Loss: 0.3895, Dice: 0.3784, MSE: 0.0555
2025-07-07 09:47:09 - INFO - Epoch 39/1000, Loss: 0.3806, Dice: 0.3685, MSE: 0.0603
2025-07-07 09:47:22 - INFO - Epoch 40/1000, Loss: 0.3409, Dice: 0.3296, MSE: 0.0563
2025-07-07 09:47:23 - INFO - 模型已保存至: epoch_40.pth
2025-07-07 09:47:36 - INFO - Epoch 41/1000, Loss: 0.3725, Dice: 0.3605, MSE: 0.0603
2025-07-07 09:47:49 - INFO - Epoch 42/1000, Loss: 0.4315, Dice: 0.4230, MSE: 0.0425
2025-07-07 09:48:02 - INFO - Epoch 43/1000, Loss: 0.3253, Dice: 0.3146, MSE: 0.0535
2025-07-07 09:48:15 - INFO - Epoch 44/1000, Loss: 0.3977, Dice: 0.3874, MSE: 0.0516
2025-07-07 09:48:28 - INFO - Epoch 45/1000, Loss: 0.3707, Dice: 0.3588, MSE: 0.0596
2025-07-07 09:48:41 - INFO - Epoch 46/1000, Loss: 0.3812, Dice: 0.3698, MSE: 0.0571
2025-07-07 09:48:54 - INFO - Epoch 47/1000, Loss: 0.2937, Dice: 0.2829, MSE: 0.0539
2025-07-07 09:49:07 - INFO - Epoch 48/1000, Loss: 0.3312, Dice: 0.3205, MSE: 0.0534
2025-07-07 09:49:20 - INFO - Epoch 49/1000, Loss: 0.3542, Dice: 0.3426, MSE: 0.0583
2025-07-07 09:49:33 - INFO - Epoch 50/1000, Loss: 0.3690, Dice: 0.3582, MSE: 0.0543
2025-07-07 09:49:46 - INFO - Epoch 51/1000, Loss: 0.4422, Dice: 0.4318, MSE: 0.0520
2025-07-07 09:49:59 - INFO - Epoch 52/1000, Loss: 0.3726, Dice: 0.3621, MSE: 0.0523
2025-07-07 09:50:12 - INFO - Epoch 53/1000, Loss: 0.2747, Dice: 0.2646, MSE: 0.0508
2025-07-07 09:50:25 - INFO - Epoch 54/1000, Loss: 0.3379, Dice: 0.3281, MSE: 0.0486
2025-07-07 09:50:38 - INFO - Epoch 55/1000, Loss: 0.3283, Dice: 0.3184, MSE: 0.0498
2025-07-07 09:50:50 - INFO - Epoch 56/1000, Loss: 0.3053, Dice: 0.2950, MSE: 0.0514
2025-07-07 09:51:03 - INFO - Epoch 57/1000, Loss: 0.3197, Dice: 0.3105, MSE: 0.0457
2025-07-07 09:51:16 - INFO - Epoch 58/1000, Loss: 0.2950, Dice: 0.2841, MSE: 0.0543
2025-07-07 09:51:29 - INFO - Epoch 59/1000, Loss: 0.2762, Dice: 0.2662, MSE: 0.0502
2025-07-07 09:51:42 - INFO - Epoch 60/1000, Loss: 0.3019, Dice: 0.2938, MSE: 0.0408
2025-07-07 09:51:44 - INFO - 模型已保存至: epoch_60.pth
2025-07-07 09:51:57 - INFO - Epoch 61/1000, Loss: 0.3556, Dice: 0.3447, MSE: 0.0543
2025-07-07 09:52:10 - INFO - Epoch 62/1000, Loss: 0.3052, Dice: 0.2948, MSE: 0.0517
2025-07-07 09:52:23 - INFO - Epoch 63/1000, Loss: 0.2777, Dice: 0.2657, MSE: 0.0600
2025-07-07 09:52:36 - INFO - Epoch 64/1000, Loss: 0.3270, Dice: 0.3145, MSE: 0.0624
2025-07-07 09:52:49 - INFO - Epoch 65/1000, Loss: 0.2811, Dice: 0.2706, MSE: 0.0527
2025-07-07 09:53:02 - INFO - Epoch 66/1000, Loss: 0.2675, Dice: 0.2559, MSE: 0.0577
2025-07-07 09:53:15 - INFO - Epoch 67/1000, Loss: 0.2521, Dice: 0.2418, MSE: 0.0515
2025-07-07 09:53:27 - INFO - Epoch 68/1000, Loss: 0.2975, Dice: 0.2869, MSE: 0.0530
2025-07-07 09:53:40 - INFO - Epoch 69/1000, Loss: 0.2654, Dice: 0.2536, MSE: 0.0592
2025-07-07 09:53:53 - INFO - Epoch 70/1000, Loss: 0.3042, Dice: 0.2936, MSE: 0.0530
2025-07-07 09:54:06 - INFO - Epoch 71/1000, Loss: 0.2462, Dice: 0.2344, MSE: 0.0592
2025-07-07 09:54:19 - INFO - Epoch 72/1000, Loss: 0.2636, Dice: 0.2530, MSE: 0.0531
2025-07-07 09:54:32 - INFO - Epoch 73/1000, Loss: 0.3479, Dice: 0.3379, MSE: 0.0499
2025-07-07 09:54:45 - INFO - Epoch 74/1000, Loss: 0.3022, Dice: 0.2900, MSE: 0.0609
2025-07-07 09:54:58 - INFO - Epoch 75/1000, Loss: 0.2379, Dice: 0.2270, MSE: 0.0543
2025-07-07 09:55:11 - INFO - Epoch 76/1000, Loss: 0.2429, Dice: 0.2326, MSE: 0.0518
2025-07-07 09:55:24 - INFO - Epoch 77/1000, Loss: 0.2678, Dice: 0.2568, MSE: 0.0554
2025-07-07 09:55:37 - INFO - Epoch 78/1000, Loss: 0.2779, Dice: 0.2671, MSE: 0.0541
2025-07-07 09:55:50 - INFO - Epoch 79/1000, Loss: 0.2399, Dice: 0.2291, MSE: 0.0538
2025-07-07 09:56:03 - INFO - Epoch 80/1000, Loss: 0.2642, Dice: 0.2516, MSE: 0.0628
2025-07-07 09:56:04 - INFO - 模型已保存至: epoch_80.pth
2025-07-07 09:56:17 - INFO - Epoch 81/1000, Loss: 0.2850, Dice: 0.2718, MSE: 0.0660
2025-07-07 09:56:30 - INFO - Epoch 82/1000, Loss: 0.3237, Dice: 0.3141, MSE: 0.0480
2025-07-07 09:56:43 - INFO - Epoch 83/1000, Loss: 0.2430, Dice: 0.2311, MSE: 0.0596
2025-07-07 09:56:56 - INFO - Epoch 84/1000, Loss: 0.2584, Dice: 0.2456, MSE: 0.0637
2025-07-07 09:57:09 - INFO - Epoch 85/1000, Loss: 0.3141, Dice: 0.3045, MSE: 0.0480
2025-07-07 09:57:22 - INFO - Epoch 86/1000, Loss: 0.2674, Dice: 0.2563, MSE: 0.0558
2025-07-07 09:57:35 - INFO - Epoch 87/1000, Loss: 0.2049, Dice: 0.1924, MSE: 0.0624
2025-07-07 09:57:48 - INFO - Epoch 88/1000, Loss: 0.2131, Dice: 0.2003, MSE: 0.0638
2025-07-07 09:58:01 - INFO - Epoch 89/1000, Loss: 0.2242, Dice: 0.2126, MSE: 0.0578
2025-07-07 09:58:14 - INFO - Epoch 90/1000, Loss: 0.2443, Dice: 0.2325, MSE: 0.0589
2025-07-07 09:58:27 - INFO - Epoch 91/1000, Loss: 0.2224, Dice: 0.2108, MSE: 0.0579
2025-07-07 09:58:40 - INFO - Epoch 92/1000, Loss: 0.1654, Dice: 0.1528, MSE: 0.0632
2025-07-07 09:58:53 - INFO - Epoch 93/1000, Loss: 0.2473, Dice: 0.2363, MSE: 0.0551
2025-07-07 09:59:06 - INFO - Epoch 94/1000, Loss: 0.2439, Dice: 0.2331, MSE: 0.0543
2025-07-07 09:59:19 - INFO - Epoch 95/1000, Loss: 0.1932, Dice: 0.1803, MSE: 0.0641
2025-07-07 09:59:32 - INFO - Epoch 96/1000, Loss: 0.1891, Dice: 0.1769, MSE: 0.0609
2025-07-07 09:59:45 - INFO - Epoch 97/1000, Loss: 0.2023, Dice: 0.1897, MSE: 0.0630
2025-07-07 09:59:58 - INFO - Epoch 98/1000, Loss: 0.2032, Dice: 0.1930, MSE: 0.0513
2025-07-07 10:00:11 - INFO - Epoch 99/1000, Loss: 0.1818, Dice: 0.1695, MSE: 0.0614
2025-07-07 10:00:24 - INFO - Epoch 100/1000, Loss: 0.2016, Dice: 0.1896, MSE: 0.0601
2025-07-07 10:00:25 - INFO - 模型已保存至: epoch_100.pth
2025-07-07 10:00:38 - INFO - Epoch 101/1000, Loss: 0.2422, Dice: 0.2292, MSE: 0.0651
2025-07-07 10:00:51 - INFO - Epoch 102/1000, Loss: 0.2240, Dice: 0.2122, MSE: 0.0593
2025-07-07 10:01:04 - INFO - Epoch 103/1000, Loss: 0.2441, Dice: 0.2328, MSE: 0.0566
2025-07-07 10:01:17 - INFO - Epoch 104/1000, Loss: 0.2025, Dice: 0.1905, MSE: 0.0598
2025-07-07 10:01:30 - INFO - Epoch 105/1000, Loss: 0.2406, Dice: 0.2297, MSE: 0.0544
2025-07-07 10:01:43 - INFO - Epoch 106/1000, Loss: 0.1882, Dice: 0.1768, MSE: 0.0572
2025-07-07 10:01:56 - INFO - Epoch 107/1000, Loss: 0.2257, Dice: 0.2144, MSE: 0.0570
2025-07-07 10:02:09 - INFO - Epoch 108/1000, Loss: 0.1717, Dice: 0.1594, MSE: 0.0612
2025-07-07 10:02:22 - INFO - Epoch 109/1000, Loss: 0.2021, Dice: 0.1910, MSE: 0.0555
2025-07-07 10:02:35 - INFO - Epoch 110/1000, Loss: 0.1690, Dice: 0.1560, MSE: 0.0649
2025-07-07 10:02:48 - INFO - Epoch 111/1000, Loss: 0.2127, Dice: 0.1996, MSE: 0.0657
2025-07-07 10:03:01 - INFO - Epoch 112/1000, Loss: 0.1971, Dice: 0.1855, MSE: 0.0581
2025-07-07 10:03:13 - INFO - Epoch 113/1000, Loss: 0.1937, Dice: 0.1814, MSE: 0.0615
2025-07-07 10:03:26 - INFO - Epoch 114/1000, Loss: 0.1675, Dice: 0.1555, MSE: 0.0603
2025-07-07 10:03:39 - INFO - Epoch 115/1000, Loss: 0.1821, Dice: 0.1686, MSE: 0.0674
2025-07-07 10:03:52 - INFO - Epoch 116/1000, Loss: 0.1956, Dice: 0.1840, MSE: 0.0578
2025-07-07 10:04:05 - INFO - Epoch 117/1000, Loss: 0.2140, Dice: 0.2018, MSE: 0.0613
2025-07-07 10:04:18 - INFO - Epoch 118/1000, Loss: 0.1748, Dice: 0.1622, MSE: 0.0629
2025-07-07 10:04:31 - INFO - Epoch 119/1000, Loss: 0.1901, Dice: 0.1771, MSE: 0.0649
2025-07-07 10:04:44 - INFO - Epoch 120/1000, Loss: 0.1976, Dice: 0.1852, MSE: 0.0620
2025-07-07 10:04:46 - INFO - 模型已保存至: epoch_120.pth
2025-07-07 10:04:59 - INFO - Epoch 121/1000, Loss: 0.1998, Dice: 0.1877, MSE: 0.0603
2025-07-07 10:05:12 - INFO - Epoch 122/1000, Loss: 0.2402, Dice: 0.2281, MSE: 0.0605
2025-07-07 10:05:25 - INFO - Epoch 123/1000, Loss: 0.1802, Dice: 0.1678, MSE: 0.0622
2025-07-07 10:05:38 - INFO - Epoch 124/1000, Loss: 0.1633, Dice: 0.1510, MSE: 0.0615
2025-07-07 10:05:51 - INFO - Epoch 125/1000, Loss: 0.1698, Dice: 0.1575, MSE: 0.0616
2025-07-07 10:06:04 - INFO - Epoch 126/1000, Loss: 0.1673, Dice: 0.1552, MSE: 0.0609
2025-07-07 10:06:16 - INFO - Epoch 127/1000, Loss: 0.1785, Dice: 0.1660, MSE: 0.0626
2025-07-07 10:06:29 - INFO - Epoch 128/1000, Loss: 0.1737, Dice: 0.1597, MSE: 0.0701
2025-07-07 10:06:42 - INFO - Epoch 129/1000, Loss: 0.2076, Dice: 0.1955, MSE: 0.0603
2025-07-07 10:06:55 - INFO - Epoch 130/1000, Loss: 0.1755, Dice: 0.1618, MSE: 0.0687
2025-07-07 10:07:08 - INFO - Epoch 131/1000, Loss: 0.1619, Dice: 0.1499, MSE: 0.0597
2025-07-07 10:07:21 - INFO - Epoch 132/1000, Loss: 0.1975, Dice: 0.1849, MSE: 0.0630
2025-07-07 10:07:34 - INFO - Epoch 133/1000, Loss: 0.1756, Dice: 0.1630, MSE: 0.0634
2025-07-07 10:07:47 - INFO - Epoch 134/1000, Loss: 0.1716, Dice: 0.1584, MSE: 0.0656
2025-07-07 10:08:00 - INFO - Epoch 135/1000, Loss: 0.1464, Dice: 0.1340, MSE: 0.0618
2025-07-07 10:08:13 - INFO - Epoch 136/1000, Loss: 0.1951, Dice: 0.1819, MSE: 0.0661
2025-07-07 10:08:26 - INFO - Epoch 137/1000, Loss: 0.1325, Dice: 0.1187, MSE: 0.0691
2025-07-07 10:08:39 - INFO - Epoch 138/1000, Loss: 0.1900, Dice: 0.1790, MSE: 0.0553
2025-07-07 10:08:52 - INFO - Epoch 139/1000, Loss: 0.1557, Dice: 0.1441, MSE: 0.0576
2025-07-07 10:09:05 - INFO - Epoch 140/1000, Loss: 0.1745, Dice: 0.1626, MSE: 0.0595
2025-07-07 10:09:07 - INFO - 模型已保存至: epoch_140.pth
2025-07-07 10:09:20 - INFO - Epoch 141/1000, Loss: 0.1711, Dice: 0.1593, MSE: 0.0592
2025-07-07 10:09:33 - INFO - Epoch 142/1000, Loss: 0.1899, Dice: 0.1779, MSE: 0.0604
2025-07-07 10:09:46 - INFO - Epoch 143/1000, Loss: 0.1327, Dice: 0.1187, MSE: 0.0699
2025-07-07 10:09:59 - INFO - Epoch 144/1000, Loss: 0.1337, Dice: 0.1204, MSE: 0.0662
2025-07-07 10:10:12 - INFO - Epoch 145/1000, Loss: 0.1273, Dice: 0.1146, MSE: 0.0636
2025-07-07 10:10:25 - INFO - Epoch 146/1000, Loss: 0.1359, Dice: 0.1242, MSE: 0.0588
2025-07-07 10:10:37 - INFO - Epoch 147/1000, Loss: 0.1565, Dice: 0.1439, MSE: 0.0627
2025-07-07 10:10:51 - INFO - Epoch 148/1000, Loss: 0.1704, Dice: 0.1576, MSE: 0.0639
2025-07-07 10:11:03 - INFO - Epoch 149/1000, Loss: 0.1392, Dice: 0.1269, MSE: 0.0612
2025-07-07 10:11:16 - INFO - Epoch 150/1000, Loss: 0.1734, Dice: 0.1615, MSE: 0.0596
2025-07-07 10:11:29 - INFO - Epoch 151/1000, Loss: 0.1526, Dice: 0.1387, MSE: 0.0697
2025-07-07 10:11:42 - INFO - Epoch 152/1000, Loss: 0.1762, Dice: 0.1637, MSE: 0.0628
2025-07-07 10:11:55 - INFO - Epoch 153/1000, Loss: 0.1693, Dice: 0.1564, MSE: 0.0643
2025-07-07 10:12:08 - INFO - Epoch 154/1000, Loss: 0.1834, Dice: 0.1710, MSE: 0.0623
2025-07-07 10:12:21 - INFO - Epoch 155/1000, Loss: 0.1891, Dice: 0.1776, MSE: 0.0576
2025-07-07 10:12:34 - INFO - Epoch 156/1000, Loss: 0.1506, Dice: 0.1364, MSE: 0.0709
2025-07-07 10:12:47 - INFO - Epoch 157/1000, Loss: 0.1849, Dice: 0.1723, MSE: 0.0633
2025-07-07 10:13:00 - INFO - Epoch 158/1000, Loss: 0.1924, Dice: 0.1778, MSE: 0.0729
2025-07-07 10:13:13 - INFO - Epoch 159/1000, Loss: 0.1599, Dice: 0.1472, MSE: 0.0636
2025-07-07 10:13:26 - INFO - Epoch 160/1000, Loss: 0.1627, Dice: 0.1495, MSE: 0.0657
2025-07-07 10:13:28 - INFO - 模型已保存至: epoch_160.pth
2025-07-07 10:13:40 - INFO - Epoch 161/1000, Loss: 0.1652, Dice: 0.1530, MSE: 0.0606
2025-07-07 10:13:53 - INFO - Epoch 162/1000, Loss: 0.1706, Dice: 0.1580, MSE: 0.0633
2025-07-07 10:14:06 - INFO - Epoch 163/1000, Loss: 0.1455, Dice: 0.1328, MSE: 0.0636
2025-07-07 10:14:19 - INFO - Epoch 164/1000, Loss: 0.1601, Dice: 0.1474, MSE: 0.0637
2025-07-07 10:14:32 - INFO - Epoch 165/1000, Loss: 0.1408, Dice: 0.1275, MSE: 0.0661
2025-07-07 10:14:45 - INFO - Epoch 166/1000, Loss: 0.1376, Dice: 0.1247, MSE: 0.0644
2025-07-07 10:14:58 - INFO - Epoch 167/1000, Loss: 0.1300, Dice: 0.1177, MSE: 0.0614
2025-07-07 10:15:11 - INFO - Epoch 168/1000, Loss: 0.1357, Dice: 0.1230, MSE: 0.0633
2025-07-07 10:15:24 - INFO - Epoch 169/1000, Loss: 0.1387, Dice: 0.1256, MSE: 0.0654
2025-07-07 10:15:37 - INFO - Epoch 170/1000, Loss: 0.1255, Dice: 0.1125, MSE: 0.0652
2025-07-07 10:15:50 - INFO - Epoch 171/1000, Loss: 0.1357, Dice: 0.1232, MSE: 0.0626
2025-07-07 10:16:03 - INFO - Epoch 172/1000, Loss: 0.1248, Dice: 0.1128, MSE: 0.0603
2025-07-07 10:16:16 - INFO - Epoch 173/1000, Loss: 0.1259, Dice: 0.1126, MSE: 0.0666
2025-07-07 10:16:29 - INFO - Epoch 174/1000, Loss: 0.1436, Dice: 0.1308, MSE: 0.0640
2025-07-07 10:16:42 - INFO - Epoch 175/1000, Loss: 0.1411, Dice: 0.1285, MSE: 0.0632
2025-07-07 10:16:55 - INFO - Epoch 176/1000, Loss: 0.1236, Dice: 0.1109, MSE: 0.0636
2025-07-07 10:17:08 - INFO - Epoch 177/1000, Loss: 0.1265, Dice: 0.1148, MSE: 0.0584
2025-07-07 10:17:21 - INFO - Epoch 178/1000, Loss: 0.1309, Dice: 0.1175, MSE: 0.0668
2025-07-07 10:17:34 - INFO - Epoch 179/1000, Loss: 0.1068, Dice: 0.0947, MSE: 0.0601
2025-07-07 10:17:47 - INFO - Epoch 180/1000, Loss: 0.1506, Dice: 0.1390, MSE: 0.0581
2025-07-07 10:17:49 - INFO - 模型已保存至: epoch_180.pth
2025-07-07 10:18:02 - INFO - Epoch 181/1000, Loss: 0.1385, Dice: 0.1248, MSE: 0.0686
2025-07-07 10:18:15 - INFO - Epoch 182/1000, Loss: 0.1268, Dice: 0.1140, MSE: 0.0640
2025-07-07 10:18:27 - INFO - Epoch 183/1000, Loss: 0.1344, Dice: 0.1216, MSE: 0.0640
2025-07-07 10:18:40 - INFO - Epoch 184/1000, Loss: 0.1589, Dice: 0.1462, MSE: 0.0638
2025-07-07 10:18:53 - INFO - Epoch 185/1000, Loss: 0.1291, Dice: 0.1157, MSE: 0.0667
2025-07-07 10:19:06 - INFO - Epoch 186/1000, Loss: 0.1591, Dice: 0.1451, MSE: 0.0704
2025-07-07 10:19:19 - INFO - Epoch 187/1000, Loss: 0.1343, Dice: 0.1209, MSE: 0.0670
2025-07-07 10:19:32 - INFO - Epoch 188/1000, Loss: 0.1388, Dice: 0.1273, MSE: 0.0574
2025-07-07 10:19:45 - INFO - Epoch 189/1000, Loss: 0.1583, Dice: 0.1437, MSE: 0.0729
2025-07-07 10:19:58 - INFO - Epoch 190/1000, Loss: 0.1700, Dice: 0.1533, MSE: 0.0838
2025-07-07 10:20:11 - INFO - Epoch 191/1000, Loss: 0.1805, Dice: 0.1673, MSE: 0.0660
2025-07-07 10:20:24 - INFO - Epoch 192/1000, Loss: 0.1890, Dice: 0.1754, MSE: 0.0683
2025-07-07 10:20:37 - INFO - Epoch 193/1000, Loss: 0.1424, Dice: 0.1290, MSE: 0.0671
2025-07-07 10:20:50 - INFO - Epoch 194/1000, Loss: 0.1643, Dice: 0.1503, MSE: 0.0703
2025-07-07 10:21:03 - INFO - Epoch 195/1000, Loss: 0.1658, Dice: 0.1511, MSE: 0.0732
2025-07-07 10:21:16 - INFO - Epoch 196/1000, Loss: 0.1489, Dice: 0.1356, MSE: 0.0664
2025-07-07 10:21:29 - INFO - Epoch 197/1000, Loss: 0.1691, Dice: 0.1573, MSE: 0.0590
2025-07-07 10:21:42 - INFO - Epoch 198/1000, Loss: 0.1432, Dice: 0.1307, MSE: 0.0626
2025-07-07 10:21:55 - INFO - Epoch 199/1000, Loss: 0.1403, Dice: 0.1268, MSE: 0.0675
2025-07-07 10:22:08 - INFO - Epoch 200/1000, Loss: 0.1422, Dice: 0.1301, MSE: 0.0606
2025-07-07 10:22:10 - INFO - 模型已保存至: epoch_200.pth
2025-07-07 10:22:23 - INFO - Epoch 201/1000, Loss: 0.1341, Dice: 0.1200, MSE: 0.0703
2025-07-07 10:22:36 - INFO - Epoch 202/1000, Loss: 0.1510, Dice: 0.1384, MSE: 0.0631
2025-07-07 10:22:49 - INFO - Epoch 203/1000, Loss: 0.1188, Dice: 0.1064, MSE: 0.0621
2025-07-07 10:23:02 - INFO - Epoch 204/1000, Loss: 0.1216, Dice: 0.1096, MSE: 0.0602
2025-07-07 10:23:15 - INFO - Epoch 205/1000, Loss: 0.1314, Dice: 0.1185, MSE: 0.0646
2025-07-07 10:23:28 - INFO - Epoch 206/1000, Loss: 0.1222, Dice: 0.1082, MSE: 0.0698
2025-07-07 10:23:41 - INFO - Epoch 207/1000, Loss: 0.1427, Dice: 0.1294, MSE: 0.0667
2025-07-07 10:23:54 - INFO - Epoch 208/1000, Loss: 0.1124, Dice: 0.1000, MSE: 0.0617
2025-07-07 10:24:07 - INFO - Epoch 209/1000, Loss: 0.1196, Dice: 0.1068, MSE: 0.0638
2025-07-07 10:24:20 - INFO - Epoch 210/1000, Loss: 0.1374, Dice: 0.1238, MSE: 0.0676
2025-07-07 10:24:32 - INFO - Epoch 211/1000, Loss: 0.1611, Dice: 0.1488, MSE: 0.0619
2025-07-07 10:24:46 - INFO - Epoch 212/1000, Loss: 0.1001, Dice: 0.0891, MSE: 0.0550
2025-07-07 10:24:59 - INFO - Epoch 213/1000, Loss: 0.1488, Dice: 0.1345, MSE: 0.0716
2025-07-07 10:25:11 - INFO - Epoch 214/1000, Loss: 0.1103, Dice: 0.0969, MSE: 0.0668
2025-07-07 10:25:24 - INFO - Epoch 215/1000, Loss: 0.1112, Dice: 0.0986, MSE: 0.0630
2025-07-07 10:25:37 - INFO - Epoch 216/1000, Loss: 0.1411, Dice: 0.1288, MSE: 0.0615
2025-07-07 10:25:50 - INFO - Epoch 217/1000, Loss: 0.0962, Dice: 0.0829, MSE: 0.0662
2025-07-07 10:26:03 - INFO - Epoch 218/1000, Loss: 0.0943, Dice: 0.0812, MSE: 0.0654
2025-07-07 10:26:16 - INFO - Epoch 219/1000, Loss: 0.0965, Dice: 0.0837, MSE: 0.0644
2025-07-07 10:26:29 - INFO - Epoch 220/1000, Loss: 0.0946, Dice: 0.0819, MSE: 0.0633
2025-07-07 10:26:31 - INFO - 模型已保存至: epoch_220.pth
2025-07-07 10:26:44 - INFO - Epoch 221/1000, Loss: 0.0915, Dice: 0.0779, MSE: 0.0680
2025-07-07 10:26:57 - INFO - Epoch 222/1000, Loss: 0.1103, Dice: 0.0975, MSE: 0.0639
2025-07-07 10:27:10 - INFO - Epoch 223/1000, Loss: 0.0979, Dice: 0.0842, MSE: 0.0682
2025-07-07 10:27:23 - INFO - Epoch 224/1000, Loss: 0.1397, Dice: 0.1270, MSE: 0.0635
2025-07-07 10:27:36 - INFO - Epoch 225/1000, Loss: 0.1157, Dice: 0.1030, MSE: 0.0635
2025-07-07 10:27:49 - INFO - Epoch 226/1000, Loss: 0.1241, Dice: 0.1114, MSE: 0.0635
2025-07-07 10:28:02 - INFO - Epoch 227/1000, Loss: 0.1060, Dice: 0.0945, MSE: 0.0575
2025-07-07 10:28:15 - INFO - Epoch 228/1000, Loss: 0.1176, Dice: 0.1044, MSE: 0.0662
2025-07-07 10:28:28 - INFO - Epoch 229/1000, Loss: 0.1279, Dice: 0.1146, MSE: 0.0666
2025-07-07 10:28:41 - INFO - Epoch 230/1000, Loss: 0.1117, Dice: 0.0981, MSE: 0.0681
2025-07-07 10:28:54 - INFO - Epoch 231/1000, Loss: 0.1725, Dice: 0.1601, MSE: 0.0620
2025-07-07 10:29:07 - INFO - Epoch 232/1000, Loss: 0.1104, Dice: 0.0978, MSE: 0.0628
2025-07-07 10:29:20 - INFO - Epoch 233/1000, Loss: 0.1070, Dice: 0.0933, MSE: 0.0683
2025-07-07 10:29:33 - INFO - Epoch 234/1000, Loss: 0.1229, Dice: 0.1089, MSE: 0.0699
2025-07-07 10:29:46 - INFO - Epoch 235/1000, Loss: 0.1353, Dice: 0.1219, MSE: 0.0671
2025-07-07 10:29:59 - INFO - Epoch 236/1000, Loss: 0.1163, Dice: 0.1039, MSE: 0.0621
2025-07-07 10:30:12 - INFO - Epoch 237/1000, Loss: 0.1085, Dice: 0.0942, MSE: 0.0717
2025-07-07 10:30:25 - INFO - Epoch 238/1000, Loss: 0.1048, Dice: 0.0915, MSE: 0.0668
2025-07-07 10:30:38 - INFO - Epoch 239/1000, Loss: 0.1262, Dice: 0.1133, MSE: 0.0642
2025-07-07 10:30:51 - INFO - Epoch 240/1000, Loss: 0.1209, Dice: 0.1082, MSE: 0.0632
2025-07-07 10:30:52 - INFO - 模型已保存至: epoch_240.pth
2025-07-07 10:31:05 - INFO - Epoch 241/1000, Loss: 0.0962, Dice: 0.0828, MSE: 0.0672
2025-07-07 10:31:18 - INFO - Epoch 242/1000, Loss: 0.1157, Dice: 0.1017, MSE: 0.0700
2025-07-07 10:31:31 - INFO - Epoch 243/1000, Loss: 0.1264, Dice: 0.1137, MSE: 0.0634
2025-07-07 10:31:44 - INFO - Epoch 244/1000, Loss: 0.1218, Dice: 0.1088, MSE: 0.0648
2025-07-07 10:31:57 - INFO - Epoch 245/1000, Loss: 0.1097, Dice: 0.0963, MSE: 0.0667
2025-07-07 10:32:10 - INFO - Epoch 246/1000, Loss: 0.1034, Dice: 0.0912, MSE: 0.0612
2025-07-07 10:32:23 - INFO - Epoch 247/1000, Loss: 0.0968, Dice: 0.0846, MSE: 0.0607
2025-07-07 10:32:36 - INFO - Epoch 248/1000, Loss: 0.1127, Dice: 0.0981, MSE: 0.0732
2025-07-07 10:32:49 - INFO - Epoch 249/1000, Loss: 0.0994, Dice: 0.0868, MSE: 0.0630
2025-07-07 10:33:02 - INFO - Epoch 250/1000, Loss: 0.1241, Dice: 0.1121, MSE: 0.0598
2025-07-07 10:33:15 - INFO - Epoch 251/1000, Loss: 0.0905, Dice: 0.0768, MSE: 0.0680
2025-07-07 10:33:28 - INFO - Epoch 252/1000, Loss: 0.1100, Dice: 0.0966, MSE: 0.0667
2025-07-07 10:33:41 - INFO - Epoch 253/1000, Loss: 0.1268, Dice: 0.1150, MSE: 0.0588
2025-07-07 10:33:54 - INFO - Epoch 254/1000, Loss: 0.0853, Dice: 0.0721, MSE: 0.0659
2025-07-07 10:34:07 - INFO - Epoch 255/1000, Loss: 0.0976, Dice: 0.0842, MSE: 0.0668
2025-07-07 10:34:20 - INFO - Epoch 256/1000, Loss: 0.1011, Dice: 0.0880, MSE: 0.0655
2025-07-07 10:34:33 - INFO - Epoch 257/1000, Loss: 0.0944, Dice: 0.0816, MSE: 0.0640
2025-07-07 10:34:46 - INFO - Epoch 258/1000, Loss: 0.1073, Dice: 0.0946, MSE: 0.0634
2025-07-07 10:34:59 - INFO - Epoch 259/1000, Loss: 0.1156, Dice: 0.1024, MSE: 0.0660
2025-07-07 10:35:12 - INFO - Epoch 260/1000, Loss: 0.1090, Dice: 0.0948, MSE: 0.0707
2025-07-07 10:35:14 - INFO - 模型已保存至: epoch_260.pth
2025-07-07 10:35:27 - INFO - Epoch 261/1000, Loss: 0.1026, Dice: 0.0895, MSE: 0.0655
2025-07-07 10:35:40 - INFO - Epoch 262/1000, Loss: 0.0983, Dice: 0.0844, MSE: 0.0693
2025-07-07 10:35:53 - INFO - Epoch 263/1000, Loss: 0.1111, Dice: 0.0983, MSE: 0.0643
2025-07-07 10:36:06 - INFO - Epoch 264/1000, Loss: 0.1417, Dice: 0.1298, MSE: 0.0594
2025-07-07 10:36:19 - INFO - Epoch 265/1000, Loss: 0.1500, Dice: 0.1375, MSE: 0.0623
2025-07-07 10:36:32 - INFO - Epoch 266/1000, Loss: 0.1074, Dice: 0.0947, MSE: 0.0638
2025-07-07 10:36:45 - INFO - Epoch 267/1000, Loss: 0.0991, Dice: 0.0858, MSE: 0.0666
2025-07-07 10:36:58 - INFO - Epoch 268/1000, Loss: 0.0902, Dice: 0.0777, MSE: 0.0624
2025-07-07 10:37:11 - INFO - Epoch 269/1000, Loss: 0.0930, Dice: 0.0808, MSE: 0.0610
2025-07-07 10:37:24 - INFO - Epoch 270/1000, Loss: 0.1018, Dice: 0.0888, MSE: 0.0649
2025-07-07 10:37:37 - INFO - Epoch 271/1000, Loss: 0.0904, Dice: 0.0768, MSE: 0.0678
2025-07-07 10:37:50 - INFO - Epoch 272/1000, Loss: 0.1149, Dice: 0.1018, MSE: 0.0652
2025-07-07 10:38:03 - INFO - Epoch 273/1000, Loss: 0.0960, Dice: 0.0833, MSE: 0.0636
2025-07-07 10:38:16 - INFO - Epoch 274/1000, Loss: 0.0992, Dice: 0.0867, MSE: 0.0621
2025-07-07 10:38:29 - INFO - Epoch 275/1000, Loss: 0.0930, Dice: 0.0793, MSE: 0.0684
2025-07-07 10:38:41 - INFO - Epoch 276/1000, Loss: 0.0731, Dice: 0.0603, MSE: 0.0641
2025-07-07 10:38:54 - INFO - Epoch 277/1000, Loss: 0.0867, Dice: 0.0733, MSE: 0.0675
2025-07-07 10:39:07 - INFO - Epoch 278/1000, Loss: 0.0995, Dice: 0.0867, MSE: 0.0637
2025-07-07 10:39:20 - INFO - Epoch 279/1000, Loss: 0.0878, Dice: 0.0741, MSE: 0.0684
2025-07-07 10:39:33 - INFO - Epoch 280/1000, Loss: 0.0919, Dice: 0.0781, MSE: 0.0689
2025-07-07 10:39:35 - INFO - 模型已保存至: epoch_280.pth
2025-07-07 10:39:48 - INFO - Epoch 281/1000, Loss: 0.1079, Dice: 0.0961, MSE: 0.0590
2025-07-07 10:40:01 - INFO - Epoch 282/1000, Loss: 0.1111, Dice: 0.0987, MSE: 0.0620
2025-07-07 10:40:14 - INFO - Epoch 283/1000, Loss: 0.0943, Dice: 0.0801, MSE: 0.0711
2025-07-07 10:40:27 - INFO - Epoch 284/1000, Loss: 0.1192, Dice: 0.1064, MSE: 0.0638
2025-07-07 10:40:40 - INFO - Epoch 285/1000, Loss: 0.0980, Dice: 0.0853, MSE: 0.0635
2025-07-07 10:40:53 - INFO - Epoch 286/1000, Loss: 0.1145, Dice: 0.1014, MSE: 0.0655
2025-07-07 10:41:06 - INFO - Epoch 287/1000, Loss: 0.1364, Dice: 0.1230, MSE: 0.0672
2025-07-07 10:41:19 - INFO - Epoch 288/1000, Loss: 0.0944, Dice: 0.0815, MSE: 0.0644
2025-07-07 10:41:32 - INFO - Epoch 289/1000, Loss: 0.1120, Dice: 0.0990, MSE: 0.0648
2025-07-07 10:41:45 - INFO - Epoch 290/1000, Loss: 0.1136, Dice: 0.0998, MSE: 0.0692
2025-07-07 10:41:58 - INFO - Epoch 291/1000, Loss: 0.0933, Dice: 0.0799, MSE: 0.0672
2025-07-07 10:42:11 - INFO - Epoch 292/1000, Loss: 0.1001, Dice: 0.0852, MSE: 0.0746
2025-07-07 10:42:24 - INFO - Epoch 293/1000, Loss: 0.0941, Dice: 0.0810, MSE: 0.0658
2025-07-07 10:42:37 - INFO - Epoch 294/1000, Loss: 0.0945, Dice: 0.0817, MSE: 0.0643
2025-07-07 10:42:50 - INFO - Epoch 295/1000, Loss: 0.0852, Dice: 0.0724, MSE: 0.0639
2025-07-07 10:43:03 - INFO - Epoch 296/1000, Loss: 0.1012, Dice: 0.0888, MSE: 0.0619
2025-07-07 10:43:16 - INFO - Epoch 297/1000, Loss: 0.0949, Dice: 0.0822, MSE: 0.0639
2025-07-07 10:43:29 - INFO - Epoch 298/1000, Loss: 0.0937, Dice: 0.0813, MSE: 0.0621
2025-07-07 10:43:42 - INFO - Epoch 299/1000, Loss: 0.0923, Dice: 0.0795, MSE: 0.0639
2025-07-07 10:43:55 - INFO - Epoch 300/1000, Loss: 0.1030, Dice: 0.0904, MSE: 0.0632
2025-07-07 10:43:56 - INFO - 模型已保存至: epoch_300.pth
2025-07-07 10:44:09 - INFO - Epoch 301/1000, Loss: 0.0867, Dice: 0.0749, MSE: 0.0588
2025-07-07 10:44:22 - INFO - Epoch 302/1000, Loss: 0.1007, Dice: 0.0870, MSE: 0.0684
2025-07-07 10:44:35 - INFO - Epoch 303/1000, Loss: 0.1096, Dice: 0.0968, MSE: 0.0639
2025-07-07 10:44:48 - INFO - Epoch 304/1000, Loss: 0.0818, Dice: 0.0684, MSE: 0.0668
2025-07-07 10:45:02 - INFO - Epoch 305/1000, Loss: 0.1039, Dice: 0.0920, MSE: 0.0595
2025-07-07 10:45:15 - INFO - Epoch 306/1000, Loss: 0.0876, Dice: 0.0736, MSE: 0.0700
2025-07-07 10:45:28 - INFO - Epoch 307/1000, Loss: 0.1183, Dice: 0.1054, MSE: 0.0645
2025-07-07 10:45:41 - INFO - Epoch 308/1000, Loss: 0.0875, Dice: 0.0742, MSE: 0.0665
2025-07-07 10:45:54 - INFO - Epoch 309/1000, Loss: 0.0834, Dice: 0.0706, MSE: 0.0642
2025-07-07 10:46:07 - INFO - Epoch 310/1000, Loss: 0.1002, Dice: 0.0870, MSE: 0.0658
2025-07-07 10:46:20 - INFO - Epoch 311/1000, Loss: 0.0803, Dice: 0.0671, MSE: 0.0657
2025-07-07 10:46:33 - INFO - Epoch 312/1000, Loss: 0.0798, Dice: 0.0675, MSE: 0.0617
2025-07-07 10:46:46 - INFO - Epoch 313/1000, Loss: 0.0798, Dice: 0.0668, MSE: 0.0648
2025-07-07 10:46:59 - INFO - Epoch 314/1000, Loss: 0.0786, Dice: 0.0657, MSE: 0.0644
2025-07-07 10:47:12 - INFO - Epoch 315/1000, Loss: 0.0839, Dice: 0.0712, MSE: 0.0635
2025-07-07 10:47:25 - INFO - Epoch 316/1000, Loss: 0.0923, Dice: 0.0799, MSE: 0.0623
2025-07-07 10:47:38 - INFO - Epoch 317/1000, Loss: 0.0789, Dice: 0.0673, MSE: 0.0580
2025-07-07 10:47:51 - INFO - Epoch 318/1000, Loss: 0.0984, Dice: 0.0854, MSE: 0.0648
2025-07-07 10:48:04 - INFO - Epoch 319/1000, Loss: 0.0864, Dice: 0.0737, MSE: 0.0635
2025-07-07 10:48:17 - INFO - Epoch 320/1000, Loss: 0.0907, Dice: 0.0785, MSE: 0.0610
2025-07-07 10:48:18 - INFO - 模型已保存至: epoch_320.pth
2025-07-07 10:48:31 - INFO - Epoch 321/1000, Loss: 0.0824, Dice: 0.0694, MSE: 0.0647
2025-07-07 10:48:44 - INFO - Epoch 322/1000, Loss: 0.0862, Dice: 0.0736, MSE: 0.0629
2025-07-07 10:48:57 - INFO - Epoch 323/1000, Loss: 0.0806, Dice: 0.0680, MSE: 0.0631
2025-07-07 10:49:10 - INFO - Epoch 324/1000, Loss: 0.1131, Dice: 0.1005, MSE: 0.0627
2025-07-07 10:49:23 - INFO - Epoch 325/1000, Loss: 0.0954, Dice: 0.0823, MSE: 0.0658
2025-07-07 10:49:36 - INFO - Epoch 326/1000, Loss: 0.0807, Dice: 0.0671, MSE: 0.0682
2025-07-07 10:49:49 - INFO - Epoch 327/1000, Loss: 0.0846, Dice: 0.0712, MSE: 0.0666
2025-07-07 10:50:02 - INFO - Epoch 328/1000, Loss: 0.0806, Dice: 0.0673, MSE: 0.0662
2025-07-07 10:50:15 - INFO - Epoch 329/1000, Loss: 0.1037, Dice: 0.0909, MSE: 0.0643
2025-07-07 10:50:28 - INFO - Epoch 330/1000, Loss: 0.0853, Dice: 0.0725, MSE: 0.0641
2025-07-07 10:50:41 - INFO - Epoch 331/1000, Loss: 0.0740, Dice: 0.0616, MSE: 0.0621
2025-07-07 10:50:54 - INFO - Epoch 332/1000, Loss: 0.0821, Dice: 0.0697, MSE: 0.0618
2025-07-07 10:51:07 - INFO - Epoch 333/1000, Loss: 0.0803, Dice: 0.0673, MSE: 0.0649
2025-07-07 10:51:20 - INFO - Epoch 334/1000, Loss: 0.0869, Dice: 0.0746, MSE: 0.0612
2025-07-07 10:51:33 - INFO - Epoch 335/1000, Loss: 0.0937, Dice: 0.0801, MSE: 0.0678
2025-07-07 10:51:46 - INFO - Epoch 336/1000, Loss: 0.0923, Dice: 0.0803, MSE: 0.0601
2025-07-07 10:51:59 - INFO - Epoch 337/1000, Loss: 0.0852, Dice: 0.0733, MSE: 0.0595
2025-07-07 10:52:12 - INFO - Epoch 338/1000, Loss: 0.0788, Dice: 0.0665, MSE: 0.0617
2025-07-07 10:52:25 - INFO - Epoch 339/1000, Loss: 0.0871, Dice: 0.0744, MSE: 0.0633
2025-07-07 10:52:38 - INFO - Epoch 340/1000, Loss: 0.0766, Dice: 0.0641, MSE: 0.0622
2025-07-07 10:52:40 - INFO - 模型已保存至: epoch_340.pth
2025-07-07 10:52:52 - INFO - Epoch 341/1000, Loss: 0.0788, Dice: 0.0667, MSE: 0.0607
2025-07-07 10:53:05 - INFO - Epoch 342/1000, Loss: 0.0776, Dice: 0.0653, MSE: 0.0616
2025-07-07 10:53:18 - INFO - Epoch 343/1000, Loss: 0.0886, Dice: 0.0759, MSE: 0.0636
2025-07-07 10:53:31 - INFO - Epoch 344/1000, Loss: 0.0953, Dice: 0.0832, MSE: 0.0604
2025-07-07 10:53:44 - INFO - Epoch 345/1000, Loss: 0.0866, Dice: 0.0740, MSE: 0.0629
2025-07-07 10:53:57 - INFO - Epoch 346/1000, Loss: 0.0961, Dice: 0.0841, MSE: 0.0600
2025-07-07 10:54:10 - INFO - Epoch 347/1000, Loss: 0.0789, Dice: 0.0672, MSE: 0.0586
2025-07-07 10:54:23 - INFO - Epoch 348/1000, Loss: 0.0903, Dice: 0.0784, MSE: 0.0597
2025-07-07 10:54:36 - INFO - Epoch 349/1000, Loss: 0.0887, Dice: 0.0762, MSE: 0.0624
2025-07-07 10:54:49 - INFO - Epoch 350/1000, Loss: 0.1039, Dice: 0.0904, MSE: 0.0678
2025-07-07 10:55:02 - INFO - Epoch 351/1000, Loss: 0.0846, Dice: 0.0712, MSE: 0.0670
2025-07-07 10:55:15 - INFO - Epoch 352/1000, Loss: 0.0866, Dice: 0.0747, MSE: 0.0595
2025-07-07 10:55:28 - INFO - Epoch 353/1000, Loss: 0.0812, Dice: 0.0685, MSE: 0.0637
2025-07-07 10:55:41 - INFO - Epoch 354/1000, Loss: 0.1042, Dice: 0.0912, MSE: 0.0647
2025-07-07 10:55:54 - INFO - Epoch 355/1000, Loss: 0.0771, Dice: 0.0636, MSE: 0.0678
2025-07-07 10:56:07 - INFO - Epoch 356/1000, Loss: 0.0807, Dice: 0.0669, MSE: 0.0689
2025-07-07 10:56:20 - INFO - Epoch 357/1000, Loss: 0.0954, Dice: 0.0828, MSE: 0.0629
2025-07-07 10:56:33 - INFO - Epoch 358/1000, Loss: 0.0811, Dice: 0.0683, MSE: 0.0638
2025-07-07 10:56:46 - INFO - Epoch 359/1000, Loss: 0.1001, Dice: 0.0880, MSE: 0.0604
2025-07-07 10:56:59 - INFO - Epoch 360/1000, Loss: 0.0810, Dice: 0.0690, MSE: 0.0600
2025-07-07 10:57:01 - INFO - 模型已保存至: epoch_360.pth
2025-07-07 10:57:14 - INFO - Epoch 361/1000, Loss: 0.0833, Dice: 0.0717, MSE: 0.0583
2025-07-07 10:57:27 - INFO - Epoch 362/1000, Loss: 0.0707, Dice: 0.0588, MSE: 0.0595
2025-07-07 10:57:40 - INFO - Epoch 363/1000, Loss: 0.0787, Dice: 0.0657, MSE: 0.0648
2025-07-07 10:57:53 - INFO - Epoch 364/1000, Loss: 0.0802, Dice: 0.0682, MSE: 0.0600
2025-07-07 10:58:06 - INFO - Epoch 365/1000, Loss: 0.1007, Dice: 0.0875, MSE: 0.0663
2025-07-07 10:58:19 - INFO - Epoch 366/1000, Loss: 0.0730, Dice: 0.0598, MSE: 0.0657
2025-07-07 10:58:32 - INFO - Epoch 367/1000, Loss: 0.0711, Dice: 0.0587, MSE: 0.0624
2025-07-07 10:58:45 - INFO - Epoch 368/1000, Loss: 0.0679, Dice: 0.0552, MSE: 0.0633
2025-07-07 10:58:58 - INFO - Epoch 369/1000, Loss: 0.0729, Dice: 0.0605, MSE: 0.0622
2025-07-07 10:59:11 - INFO - Epoch 370/1000, Loss: 0.0795, Dice: 0.0663, MSE: 0.0662
2025-07-07 10:59:23 - INFO - Epoch 371/1000, Loss: 0.0698, Dice: 0.0575, MSE: 0.0612
2025-07-07 10:59:36 - INFO - Epoch 372/1000, Loss: 0.0816, Dice: 0.0698, MSE: 0.0593
2025-07-07 10:59:49 - INFO - Epoch 373/1000, Loss: 0.0710, Dice: 0.0586, MSE: 0.0618
2025-07-07 11:00:03 - INFO - Epoch 374/1000, Loss: 0.0802, Dice: 0.0687, MSE: 0.0574
2025-07-07 11:00:15 - INFO - Epoch 375/1000, Loss: 0.0756, Dice: 0.0633, MSE: 0.0615
2025-07-07 11:00:29 - INFO - Epoch 376/1000, Loss: 0.0891, Dice: 0.0768, MSE: 0.0614
2025-07-07 11:00:41 - INFO - Epoch 377/1000, Loss: 0.0808, Dice: 0.0691, MSE: 0.0586
2025-07-07 11:00:54 - INFO - Epoch 378/1000, Loss: 0.0761, Dice: 0.0646, MSE: 0.0579
2025-07-07 11:01:07 - INFO - Epoch 379/1000, Loss: 0.0927, Dice: 0.0799, MSE: 0.0643
2025-07-07 11:01:20 - INFO - Epoch 380/1000, Loss: 0.0710, Dice: 0.0588, MSE: 0.0607
2025-07-07 11:01:22 - INFO - 模型已保存至: epoch_380.pth
2025-07-07 11:01:35 - INFO - Epoch 381/1000, Loss: 0.1029, Dice: 0.0909, MSE: 0.0599
2025-07-07 11:01:48 - INFO - Epoch 382/1000, Loss: 0.0738, Dice: 0.0614, MSE: 0.0621
2025-07-07 11:02:01 - INFO - Epoch 383/1000, Loss: 0.0814, Dice: 0.0690, MSE: 0.0617
2025-07-07 11:02:14 - INFO - Epoch 384/1000, Loss: 0.0761, Dice: 0.0648, MSE: 0.0561
2025-07-07 11:02:27 - INFO - Epoch 385/1000, Loss: 0.0747, Dice: 0.0627, MSE: 0.0601
2025-07-07 11:02:40 - INFO - Epoch 386/1000, Loss: 0.0723, Dice: 0.0591, MSE: 0.0658
2025-07-07 11:02:53 - INFO - Epoch 387/1000, Loss: 0.0873, Dice: 0.0751, MSE: 0.0611
2025-07-07 11:03:06 - INFO - Epoch 388/1000, Loss: 0.0784, Dice: 0.0658, MSE: 0.0626
2025-07-07 11:03:19 - INFO - Epoch 389/1000, Loss: 0.0674, Dice: 0.0559, MSE: 0.0573
2025-07-07 11:03:32 - INFO - Epoch 390/1000, Loss: 0.0718, Dice: 0.0601, MSE: 0.0586
2025-07-07 11:03:45 - INFO - Epoch 391/1000, Loss: 0.0728, Dice: 0.0603, MSE: 0.0625
2025-07-07 11:03:58 - INFO - Epoch 392/1000, Loss: 0.0714, Dice: 0.0585, MSE: 0.0644
2025-07-07 11:04:11 - INFO - Epoch 393/1000, Loss: 0.0863, Dice: 0.0739, MSE: 0.0622
2025-07-07 11:04:24 - INFO - Epoch 394/1000, Loss: 0.0721, Dice: 0.0597, MSE: 0.0616
2025-07-07 11:04:37 - INFO - Epoch 395/1000, Loss: 0.0713, Dice: 0.0591, MSE: 0.0612
2025-07-07 11:04:50 - INFO - Epoch 396/1000, Loss: 0.0787, Dice: 0.0667, MSE: 0.0598
2025-07-07 11:05:03 - INFO - Epoch 397/1000, Loss: 0.0686, Dice: 0.0556, MSE: 0.0648
2025-07-07 11:05:16 - INFO - Epoch 398/1000, Loss: 0.0747, Dice: 0.0619, MSE: 0.0638
2025-07-07 11:05:29 - INFO - Epoch 399/1000, Loss: 0.0603, Dice: 0.0486, MSE: 0.0584
2025-07-07 11:05:42 - INFO - Epoch 400/1000, Loss: 0.0758, Dice: 0.0638, MSE: 0.0599
2025-07-07 11:05:44 - INFO - 模型已保存至: epoch_400.pth
2025-07-07 11:05:57 - INFO - Epoch 401/1000, Loss: 0.0732, Dice: 0.0616, MSE: 0.0581
2025-07-07 11:06:09 - INFO - Epoch 402/1000, Loss: 0.0703, Dice: 0.0592, MSE: 0.0555
2025-07-07 11:06:22 - INFO - Epoch 403/1000, Loss: 0.1105, Dice: 0.0984, MSE: 0.0602
2025-07-07 11:06:35 - INFO - Epoch 404/1000, Loss: 0.0748, Dice: 0.0611, MSE: 0.0685
2025-07-07 11:06:48 - INFO - Epoch 405/1000, Loss: 0.0844, Dice: 0.0716, MSE: 0.0641
2025-07-07 11:07:01 - INFO - Epoch 406/1000, Loss: 0.0720, Dice: 0.0588, MSE: 0.0662
2025-07-07 11:07:14 - INFO - Epoch 407/1000, Loss: 0.0882, Dice: 0.0767, MSE: 0.0577
2025-07-07 11:07:27 - INFO - Epoch 408/1000, Loss: 0.0857, Dice: 0.0733, MSE: 0.0622
2025-07-07 11:07:40 - INFO - Epoch 409/1000, Loss: 0.0786, Dice: 0.0664, MSE: 0.0609
2025-07-07 11:07:53 - INFO - Epoch 410/1000, Loss: 0.0733, Dice: 0.0607, MSE: 0.0625
2025-07-07 11:08:06 - INFO - Epoch 411/1000, Loss: 0.0810, Dice: 0.0678, MSE: 0.0662
2025-07-07 11:08:19 - INFO - Epoch 412/1000, Loss: 0.0877, Dice: 0.0754, MSE: 0.0618
2025-07-07 11:08:32 - INFO - Epoch 413/1000, Loss: 0.0724, Dice: 0.0595, MSE: 0.0646
2025-07-07 11:08:45 - INFO - Epoch 414/1000, Loss: 0.0790, Dice: 0.0675, MSE: 0.0578
2025-07-07 11:08:58 - INFO - Epoch 415/1000, Loss: 0.0794, Dice: 0.0673, MSE: 0.0607
2025-07-07 11:09:11 - INFO - Epoch 416/1000, Loss: 0.0794, Dice: 0.0668, MSE: 0.0631
2025-07-07 11:09:24 - INFO - Epoch 417/1000, Loss: 0.0651, Dice: 0.0534, MSE: 0.0586
2025-07-07 11:09:37 - INFO - Epoch 418/1000, Loss: 0.0787, Dice: 0.0668, MSE: 0.0600
2025-07-07 11:09:50 - INFO - Epoch 419/1000, Loss: 0.0957, Dice: 0.0815, MSE: 0.0709
2025-07-07 11:10:03 - INFO - Epoch 420/1000, Loss: 0.0802, Dice: 0.0671, MSE: 0.0655
2025-07-07 11:10:05 - INFO - 模型已保存至: epoch_420.pth
2025-07-07 11:10:18 - INFO - Epoch 421/1000, Loss: 0.0790, Dice: 0.0662, MSE: 0.0638
2025-07-07 11:10:31 - INFO - Epoch 422/1000, Loss: 0.1188, Dice: 0.1071, MSE: 0.0588
2025-07-07 11:10:44 - INFO - Epoch 423/1000, Loss: 0.0809, Dice: 0.0689, MSE: 0.0600
2025-07-07 11:10:57 - INFO - Epoch 424/1000, Loss: 0.0776, Dice: 0.0652, MSE: 0.0621
2025-07-07 11:11:10 - INFO - Epoch 425/1000, Loss: 0.0866, Dice: 0.0741, MSE: 0.0626
2025-07-07 11:11:23 - INFO - Epoch 426/1000, Loss: 0.0851, Dice: 0.0724, MSE: 0.0632
2025-07-07 11:11:36 - INFO - Epoch 427/1000, Loss: 0.0888, Dice: 0.0762, MSE: 0.0631
2025-07-07 11:11:49 - INFO - Epoch 428/1000, Loss: 0.0960, Dice: 0.0842, MSE: 0.0595
2025-07-07 11:12:02 - INFO - Epoch 429/1000, Loss: 0.1043, Dice: 0.0922, MSE: 0.0603
2025-07-07 11:12:15 - INFO - Epoch 430/1000, Loss: 0.0748, Dice: 0.0633, MSE: 0.0574
2025-07-07 11:12:28 - INFO - Epoch 431/1000, Loss: 0.0767, Dice: 0.0650, MSE: 0.0587
2025-07-07 11:12:41 - INFO - Epoch 432/1000, Loss: 0.0788, Dice: 0.0659, MSE: 0.0645
2025-07-07 11:12:54 - INFO - Epoch 433/1000, Loss: 0.1493, Dice: 0.1369, MSE: 0.0622
2025-07-07 11:13:07 - INFO - Epoch 434/1000, Loss: 0.1998, Dice: 0.1856, MSE: 0.0713
2025-07-07 11:13:20 - INFO - Epoch 435/1000, Loss: 0.1671, Dice: 0.1535, MSE: 0.0682
2025-07-07 11:13:33 - INFO - Epoch 436/1000, Loss: 0.1725, Dice: 0.1597, MSE: 0.0643
2025-07-07 11:13:46 - INFO - Epoch 437/1000, Loss: 0.1816, Dice: 0.1671, MSE: 0.0729
2025-07-07 11:13:59 - INFO - Epoch 438/1000, Loss: 0.1312, Dice: 0.1180, MSE: 0.0659
2025-07-07 11:14:12 - INFO - Epoch 439/1000, Loss: 0.1343, Dice: 0.1221, MSE: 0.0610
2025-07-07 11:14:25 - INFO - Epoch 440/1000, Loss: 0.1273, Dice: 0.1142, MSE: 0.0657
2025-07-07 11:14:27 - INFO - 模型已保存至: epoch_440.pth
2025-07-07 11:14:39 - INFO - Epoch 441/1000, Loss: 0.1391, Dice: 0.1269, MSE: 0.0609
2025-07-07 11:14:52 - INFO - Epoch 442/1000, Loss: 0.1312, Dice: 0.1186, MSE: 0.0631
2025-07-07 11:15:06 - INFO - Epoch 443/1000, Loss: 0.1445, Dice: 0.1328, MSE: 0.0589
2025-07-07 11:15:18 - INFO - Epoch 444/1000, Loss: 0.1404, Dice: 0.1275, MSE: 0.0648
2025-07-07 11:15:31 - INFO - Epoch 445/1000, Loss: 0.1223, Dice: 0.1093, MSE: 0.0647
2025-07-07 11:15:44 - INFO - Epoch 446/1000, Loss: 0.0997, Dice: 0.0877, MSE: 0.0599
2025-07-07 11:15:57 - INFO - Epoch 447/1000, Loss: 0.1107, Dice: 0.1000, MSE: 0.0537
2025-07-07 11:16:10 - INFO - Epoch 448/1000, Loss: 0.1548, Dice: 0.1424, MSE: 0.0620
2025-07-07 11:16:23 - INFO - Epoch 449/1000, Loss: 0.1489, Dice: 0.1375, MSE: 0.0572
2025-07-07 11:16:36 - INFO - Epoch 450/1000, Loss: 0.1006, Dice: 0.0872, MSE: 0.0671
2025-07-07 11:16:49 - INFO - Epoch 451/1000, Loss: 0.1092, Dice: 0.0978, MSE: 0.0574
2025-07-07 11:17:02 - INFO - Epoch 452/1000, Loss: 0.1045, Dice: 0.0923, MSE: 0.0606
2025-07-07 11:17:15 - INFO - Epoch 453/1000, Loss: 0.0928, Dice: 0.0815, MSE: 0.0567
2025-07-07 11:17:28 - INFO - Epoch 454/1000, Loss: 0.1042, Dice: 0.0921, MSE: 0.0602
2025-07-07 11:17:41 - INFO - Epoch 455/1000, Loss: 0.1192, Dice: 0.1072, MSE: 0.0601
2025-07-07 11:17:54 - INFO - Epoch 456/1000, Loss: 0.1139, Dice: 0.1016, MSE: 0.0613
2025-07-07 11:18:07 - INFO - Epoch 457/1000, Loss: 0.1006, Dice: 0.0876, MSE: 0.0650
2025-07-07 11:18:20 - INFO - Epoch 458/1000, Loss: 0.0891, Dice: 0.0766, MSE: 0.0625
2025-07-07 11:18:33 - INFO - Epoch 459/1000, Loss: 0.1005, Dice: 0.0885, MSE: 0.0599
2025-07-07 11:18:46 - INFO - Epoch 460/1000, Loss: 0.0849, Dice: 0.0725, MSE: 0.0622
2025-07-07 11:18:48 - INFO - 模型已保存至: epoch_460.pth
2025-07-07 11:19:01 - INFO - Epoch 461/1000, Loss: 0.0955, Dice: 0.0836, MSE: 0.0593
2025-07-07 11:19:14 - INFO - Epoch 462/1000, Loss: 0.0847, Dice: 0.0730, MSE: 0.0588
2025-07-07 11:19:27 - INFO - Epoch 463/1000, Loss: 0.0827, Dice: 0.0709, MSE: 0.0591
2025-07-07 11:19:40 - INFO - Epoch 464/1000, Loss: 0.0789, Dice: 0.0673, MSE: 0.0580
2025-07-07 11:19:53 - INFO - Epoch 465/1000, Loss: 0.1045, Dice: 0.0929, MSE: 0.0581
2025-07-07 11:20:06 - INFO - Epoch 466/1000, Loss: 0.0862, Dice: 0.0747, MSE: 0.0572
2025-07-07 11:20:19 - INFO - Epoch 467/1000, Loss: 0.0817, Dice: 0.0699, MSE: 0.0586
2025-07-07 11:20:32 - INFO - Epoch 468/1000, Loss: 0.0872, Dice: 0.0757, MSE: 0.0572
2025-07-07 11:20:45 - INFO - Epoch 469/1000, Loss: 0.0838, Dice: 0.0726, MSE: 0.0562
2025-07-07 11:20:58 - INFO - Epoch 470/1000, Loss: 0.0770, Dice: 0.0647, MSE: 0.0614
2025-07-07 11:21:11 - INFO - Epoch 471/1000, Loss: 0.0764, Dice: 0.0647, MSE: 0.0584
2025-07-07 11:21:24 - INFO - Epoch 472/1000, Loss: 0.0727, Dice: 0.0609, MSE: 0.0588
2025-07-07 11:21:37 - INFO - Epoch 473/1000, Loss: 0.0794, Dice: 0.0670, MSE: 0.0618
2025-07-07 11:21:51 - INFO - Epoch 474/1000, Loss: 0.0767, Dice: 0.0646, MSE: 0.0604
2025-07-07 11:22:04 - INFO - Epoch 475/1000, Loss: 0.0743, Dice: 0.0620, MSE: 0.0616
2025-07-07 11:22:17 - INFO - Epoch 476/1000, Loss: 0.0758, Dice: 0.0642, MSE: 0.0581
2025-07-07 11:22:30 - INFO - Epoch 477/1000, Loss: 0.0781, Dice: 0.0663, MSE: 0.0590
2025-07-07 11:22:43 - INFO - Epoch 478/1000, Loss: 0.0781, Dice: 0.0664, MSE: 0.0586
2025-07-07 11:22:56 - INFO - Epoch 479/1000, Loss: 0.0674, Dice: 0.0553, MSE: 0.0605
2025-07-07 11:23:09 - INFO - Epoch 480/1000, Loss: 0.0775, Dice: 0.0661, MSE: 0.0567
2025-07-07 11:23:11 - INFO - 模型已保存至: epoch_480.pth
2025-07-07 11:23:24 - INFO - Epoch 481/1000, Loss: 0.0676, Dice: 0.0564, MSE: 0.0557
2025-07-07 11:23:37 - INFO - Epoch 482/1000, Loss: 0.0772, Dice: 0.0661, MSE: 0.0558
2025-07-07 11:23:49 - INFO - Epoch 483/1000, Loss: 0.0698, Dice: 0.0576, MSE: 0.0610
2025-07-07 11:24:02 - INFO - Epoch 484/1000, Loss: 0.0692, Dice: 0.0576, MSE: 0.0580
2025-07-07 11:24:15 - INFO - Epoch 485/1000, Loss: 0.0742, Dice: 0.0627, MSE: 0.0577
2025-07-07 11:24:28 - INFO - Epoch 486/1000, Loss: 0.0771, Dice: 0.0653, MSE: 0.0588
2025-07-07 11:24:41 - INFO - Epoch 487/1000, Loss: 0.0755, Dice: 0.0645, MSE: 0.0554
2025-07-07 11:24:54 - INFO - Epoch 488/1000, Loss: 0.0880, Dice: 0.0762, MSE: 0.0589
2025-07-07 11:25:07 - INFO - Epoch 489/1000, Loss: 0.0783, Dice: 0.0667, MSE: 0.0580
2025-07-07 11:25:20 - INFO - Epoch 490/1000, Loss: 0.0645, Dice: 0.0526, MSE: 0.0596
2025-07-07 11:25:33 - INFO - Epoch 491/1000, Loss: 0.0665, Dice: 0.0538, MSE: 0.0635
2025-07-07 11:25:46 - INFO - Epoch 492/1000, Loss: 0.0648, Dice: 0.0530, MSE: 0.0591
2025-07-07 11:25:59 - INFO - Epoch 493/1000, Loss: 0.0866, Dice: 0.0752, MSE: 0.0568
2025-07-07 11:26:12 - INFO - Epoch 494/1000, Loss: 0.0680, Dice: 0.0566, MSE: 0.0568
2025-07-07 11:26:25 - INFO - Epoch 495/1000, Loss: 0.0689, Dice: 0.0575, MSE: 0.0567
2025-07-07 11:26:37 - INFO - Epoch 496/1000, Loss: 0.0700, Dice: 0.0587, MSE: 0.0567
2025-07-07 11:26:50 - INFO - Epoch 497/1000, Loss: 0.0698, Dice: 0.0586, MSE: 0.0560
2025-07-07 11:27:03 - INFO - Epoch 498/1000, Loss: 0.0660, Dice: 0.0548, MSE: 0.0561
2025-07-07 11:27:16 - INFO - Epoch 499/1000, Loss: 0.0656, Dice: 0.0535, MSE: 0.0605
2025-07-07 11:27:29 - INFO - Epoch 500/1000, Loss: 0.0638, Dice: 0.0523, MSE: 0.0574
2025-07-07 11:27:31 - INFO - 模型已保存至: epoch_500.pth
2025-07-07 11:27:44 - INFO - Epoch 501/1000, Loss: 0.0598, Dice: 0.0478, MSE: 0.0598
2025-07-07 11:27:57 - INFO - Epoch 502/1000, Loss: 0.0638, Dice: 0.0528, MSE: 0.0548
2025-07-07 11:28:09 - INFO - Epoch 503/1000, Loss: 0.0624, Dice: 0.0504, MSE: 0.0601
2025-07-07 11:28:22 - INFO - Epoch 504/1000, Loss: 0.0667, Dice: 0.0550, MSE: 0.0585
2025-07-07 11:28:35 - INFO - Epoch 505/1000, Loss: 0.0697, Dice: 0.0577, MSE: 0.0602
2025-07-07 11:28:48 - INFO - Epoch 506/1000, Loss: 0.0664, Dice: 0.0550, MSE: 0.0567
2025-07-07 11:29:01 - INFO - Epoch 507/1000, Loss: 0.0778, Dice: 0.0672, MSE: 0.0534
2025-07-07 11:29:14 - INFO - Epoch 508/1000, Loss: 0.0705, Dice: 0.0595, MSE: 0.0546
2025-07-07 11:29:27 - INFO - Epoch 509/1000, Loss: 0.0666, Dice: 0.0557, MSE: 0.0545
2025-07-07 11:29:40 - INFO - Epoch 510/1000, Loss: 0.0629, Dice: 0.0515, MSE: 0.0572
2025-07-07 11:29:53 - INFO - Epoch 511/1000, Loss: 0.0675, Dice: 0.0561, MSE: 0.0570
2025-07-07 11:30:06 - INFO - Epoch 512/1000, Loss: 0.0927, Dice: 0.0817, MSE: 0.0546
2025-07-07 11:30:19 - INFO - Epoch 513/1000, Loss: 0.0664, Dice: 0.0539, MSE: 0.0624
2025-07-07 11:30:32 - INFO - Epoch 514/1000, Loss: 0.0639, Dice: 0.0519, MSE: 0.0604
2025-07-07 11:30:45 - INFO - Epoch 515/1000, Loss: 0.0747, Dice: 0.0632, MSE: 0.0575
2025-07-07 11:30:57 - INFO - Epoch 516/1000, Loss: 0.0768, Dice: 0.0656, MSE: 0.0562
2025-07-07 11:31:10 - INFO - Epoch 517/1000, Loss: 0.0752, Dice: 0.0636, MSE: 0.0581
2025-07-07 11:31:23 - INFO - Epoch 518/1000, Loss: 0.0603, Dice: 0.0488, MSE: 0.0575
2025-07-07 11:31:36 - INFO - Epoch 519/1000, Loss: 0.0646, Dice: 0.0530, MSE: 0.0581
2025-07-07 11:31:49 - INFO - Epoch 520/1000, Loss: 0.0629, Dice: 0.0519, MSE: 0.0549
2025-07-07 11:31:51 - INFO - 模型已保存至: epoch_520.pth
2025-07-07 11:32:04 - INFO - Epoch 521/1000, Loss: 0.0603, Dice: 0.0490, MSE: 0.0565
2025-07-07 11:32:17 - INFO - Epoch 522/1000, Loss: 0.0861, Dice: 0.0750, MSE: 0.0556
2025-07-07 11:32:29 - INFO - Epoch 523/1000, Loss: 0.0678, Dice: 0.0563, MSE: 0.0574
2025-07-07 11:32:42 - INFO - Epoch 524/1000, Loss: 0.0687, Dice: 0.0568, MSE: 0.0592
2025-07-07 11:32:55 - INFO - Epoch 525/1000, Loss: 0.0648, Dice: 0.0528, MSE: 0.0600
2025-07-07 11:33:08 - INFO - Epoch 526/1000, Loss: 0.0641, Dice: 0.0525, MSE: 0.0584
2025-07-07 11:33:21 - INFO - Epoch 527/1000, Loss: 0.0549, Dice: 0.0443, MSE: 0.0532
2025-07-07 11:33:34 - INFO - Epoch 528/1000, Loss: 0.0607, Dice: 0.0486, MSE: 0.0605
2025-07-07 11:33:47 - INFO - Epoch 529/1000, Loss: 0.0608, Dice: 0.0498, MSE: 0.0552
2025-07-07 11:34:00 - INFO - Epoch 530/1000, Loss: 0.0589, Dice: 0.0471, MSE: 0.0588
2025-07-07 11:34:13 - INFO - Epoch 531/1000, Loss: 0.0621, Dice: 0.0498, MSE: 0.0618
2025-07-07 11:34:26 - INFO - Epoch 532/1000, Loss: 0.0647, Dice: 0.0528, MSE: 0.0592
2025-07-07 11:34:39 - INFO - Epoch 533/1000, Loss: 0.0688, Dice: 0.0568, MSE: 0.0601
2025-07-07 11:34:52 - INFO - Epoch 534/1000, Loss: 0.0586, Dice: 0.0469, MSE: 0.0585
2025-07-07 11:35:04 - INFO - Epoch 535/1000, Loss: 0.0754, Dice: 0.0638, MSE: 0.0583
2025-07-07 11:35:17 - INFO - Epoch 536/1000, Loss: 0.1311, Dice: 0.1200, MSE: 0.0553
2025-07-07 11:35:30 - INFO - Epoch 537/1000, Loss: 0.0622, Dice: 0.0512, MSE: 0.0553
2025-07-07 11:35:43 - INFO - Epoch 538/1000, Loss: 0.0589, Dice: 0.0480, MSE: 0.0545
2025-07-07 11:35:56 - INFO - Epoch 539/1000, Loss: 0.0614, Dice: 0.0500, MSE: 0.0569
2025-07-07 11:36:09 - INFO - Epoch 540/1000, Loss: 0.0609, Dice: 0.0492, MSE: 0.0586
2025-07-07 11:36:11 - INFO - 模型已保存至: epoch_540.pth
2025-07-07 11:36:23 - INFO - Epoch 541/1000, Loss: 0.0584, Dice: 0.0467, MSE: 0.0584
2025-07-07 11:36:36 - INFO - Epoch 542/1000, Loss: 0.0707, Dice: 0.0600, MSE: 0.0536
2025-07-07 11:36:49 - INFO - Epoch 543/1000, Loss: 0.0765, Dice: 0.0651, MSE: 0.0572
2025-07-07 11:37:02 - INFO - Epoch 544/1000, Loss: 0.0651, Dice: 0.0534, MSE: 0.0589
2025-07-07 11:37:15 - INFO - Epoch 545/1000, Loss: 0.0662, Dice: 0.0550, MSE: 0.0564
2025-07-07 11:37:28 - INFO - Epoch 546/1000, Loss: 0.0583, Dice: 0.0472, MSE: 0.0555
2025-07-07 11:37:41 - INFO - Epoch 547/1000, Loss: 0.0625, Dice: 0.0517, MSE: 0.0541
2025-07-07 11:37:54 - INFO - Epoch 548/1000, Loss: 0.0655, Dice: 0.0544, MSE: 0.0559
2025-07-07 11:38:07 - INFO - Epoch 549/1000, Loss: 0.0707, Dice: 0.0593, MSE: 0.0566
2025-07-07 11:38:20 - INFO - Epoch 550/1000, Loss: 0.0594, Dice: 0.0485, MSE: 0.0547
2025-07-07 11:38:33 - INFO - Epoch 551/1000, Loss: 0.0599, Dice: 0.0489, MSE: 0.0550
2025-07-07 11:38:45 - INFO - Epoch 552/1000, Loss: 0.0593, Dice: 0.0488, MSE: 0.0526
2025-07-07 11:38:58 - INFO - Epoch 553/1000, Loss: 0.0667, Dice: 0.0556, MSE: 0.0551
2025-07-07 11:39:11 - INFO - Epoch 554/1000, Loss: 0.0566, Dice: 0.0462, MSE: 0.0525
2025-07-07 11:39:24 - INFO - Epoch 555/1000, Loss: 0.0638, Dice: 0.0528, MSE: 0.0552
2025-07-07 11:39:37 - INFO - Epoch 556/1000, Loss: 0.0638, Dice: 0.0527, MSE: 0.0556
2025-07-07 11:39:50 - INFO - Epoch 557/1000, Loss: 0.0776, Dice: 0.0659, MSE: 0.0586
2025-07-07 11:40:03 - INFO - Epoch 558/1000, Loss: 0.0678, Dice: 0.0564, MSE: 0.0570
2025-07-07 11:40:16 - INFO - Epoch 559/1000, Loss: 0.0793, Dice: 0.0686, MSE: 0.0538
2025-07-07 11:40:28 - INFO - Epoch 560/1000, Loss: 0.0698, Dice: 0.0584, MSE: 0.0567
2025-07-07 11:40:30 - INFO - 模型已保存至: epoch_560.pth
2025-07-07 11:40:43 - INFO - Epoch 561/1000, Loss: 0.0671, Dice: 0.0556, MSE: 0.0575
2025-07-07 11:40:56 - INFO - Epoch 562/1000, Loss: 0.0764, Dice: 0.0651, MSE: 0.0567
2025-07-07 11:41:09 - INFO - Epoch 563/1000, Loss: 0.0586, Dice: 0.0477, MSE: 0.0547
2025-07-07 11:41:21 - INFO - Epoch 564/1000, Loss: 0.0647, Dice: 0.0532, MSE: 0.0574
2025-07-07 11:41:34 - INFO - Epoch 565/1000, Loss: 0.0577, Dice: 0.0467, MSE: 0.0552
2025-07-07 11:41:47 - INFO - Epoch 566/1000, Loss: 0.0639, Dice: 0.0526, MSE: 0.0567
2025-07-07 11:42:00 - INFO - Epoch 567/1000, Loss: 0.0617, Dice: 0.0507, MSE: 0.0550
2025-07-07 11:42:13 - INFO - Epoch 568/1000, Loss: 0.0729, Dice: 0.0622, MSE: 0.0536
2025-07-07 11:42:26 - INFO - Epoch 569/1000, Loss: 0.0661, Dice: 0.0550, MSE: 0.0557
2025-07-07 11:42:39 - INFO - Epoch 570/1000, Loss: 0.0546, Dice: 0.0429, MSE: 0.0584
2025-07-07 11:42:52 - INFO - Epoch 571/1000, Loss: 0.0580, Dice: 0.0469, MSE: 0.0558
2025-07-07 11:43:05 - INFO - Epoch 572/1000, Loss: 0.0585, Dice: 0.0473, MSE: 0.0562
2025-07-07 11:43:17 - INFO - Epoch 573/1000, Loss: 0.0594, Dice: 0.0490, MSE: 0.0521
2025-07-07 11:43:30 - INFO - Epoch 574/1000, Loss: 0.0544, Dice: 0.0436, MSE: 0.0539
2025-07-07 11:43:43 - INFO - Epoch 575/1000, Loss: 0.0586, Dice: 0.0473, MSE: 0.0564
2025-07-07 11:43:56 - INFO - Epoch 576/1000, Loss: 0.0605, Dice: 0.0497, MSE: 0.0539
2025-07-07 11:44:09 - INFO - Epoch 577/1000, Loss: 0.0572, Dice: 0.0458, MSE: 0.0572
2025-07-07 11:44:22 - INFO - Epoch 578/1000, Loss: 0.0603, Dice: 0.0501, MSE: 0.0511
2025-07-07 11:44:35 - INFO - Epoch 579/1000, Loss: 0.0596, Dice: 0.0488, MSE: 0.0542
2025-07-07 11:44:48 - INFO - Epoch 580/1000, Loss: 0.0625, Dice: 0.0512, MSE: 0.0563
2025-07-07 11:44:49 - INFO - 模型已保存至: epoch_580.pth
2025-07-07 11:45:02 - INFO - Epoch 581/1000, Loss: 0.0577, Dice: 0.0467, MSE: 0.0551
2025-07-07 11:45:15 - INFO - Epoch 582/1000, Loss: 0.0819, Dice: 0.0713, MSE: 0.0530
2025-07-07 11:45:28 - INFO - Epoch 583/1000, Loss: 0.0558, Dice: 0.0449, MSE: 0.0545
2025-07-07 11:45:41 - INFO - Epoch 584/1000, Loss: 0.0692, Dice: 0.0579, MSE: 0.0567
2025-07-07 11:45:53 - INFO - Epoch 585/1000, Loss: 0.0565, Dice: 0.0459, MSE: 0.0533
2025-07-07 11:46:06 - INFO - Epoch 586/1000, Loss: 0.0541, Dice: 0.0431, MSE: 0.0550
2025-07-07 11:46:19 - INFO - Epoch 587/1000, Loss: 0.0576, Dice: 0.0465, MSE: 0.0551
2025-07-07 11:46:32 - INFO - Epoch 588/1000, Loss: 0.0559, Dice: 0.0455, MSE: 0.0518
2025-07-07 11:46:45 - INFO - Epoch 589/1000, Loss: 0.0589, Dice: 0.0477, MSE: 0.0557
2025-07-07 11:46:58 - INFO - Epoch 590/1000, Loss: 0.0576, Dice: 0.0464, MSE: 0.0557
2025-07-07 11:47:11 - INFO - Epoch 591/1000, Loss: 0.0592, Dice: 0.0486, MSE: 0.0530
2025-07-07 11:47:24 - INFO - Epoch 592/1000, Loss: 0.0588, Dice: 0.0476, MSE: 0.0557
2025-07-07 11:47:36 - INFO - Epoch 593/1000, Loss: 0.0500, Dice: 0.0402, MSE: 0.0492
2025-07-07 11:47:50 - INFO - Epoch 594/1000, Loss: 0.0540, Dice: 0.0428, MSE: 0.0562
2025-07-07 11:48:02 - INFO - Epoch 595/1000, Loss: 0.0571, Dice: 0.0454, MSE: 0.0587
2025-07-07 11:48:15 - INFO - Epoch 596/1000, Loss: 0.0643, Dice: 0.0530, MSE: 0.0567
2025-07-07 11:48:28 - INFO - Epoch 597/1000, Loss: 0.0590, Dice: 0.0486, MSE: 0.0519
2025-07-07 11:48:41 - INFO - Epoch 598/1000, Loss: 0.0606, Dice: 0.0491, MSE: 0.0576
2025-07-07 11:48:54 - INFO - Epoch 599/1000, Loss: 0.0682, Dice: 0.0578, MSE: 0.0521
2025-07-07 11:49:07 - INFO - Epoch 600/1000, Loss: 0.0629, Dice: 0.0528, MSE: 0.0507
2025-07-07 11:49:08 - INFO - 模型已保存至: epoch_600.pth
2025-07-07 11:49:21 - INFO - Epoch 601/1000, Loss: 0.0787, Dice: 0.0680, MSE: 0.0531
2025-07-07 11:49:34 - INFO - Epoch 602/1000, Loss: 0.0556, Dice: 0.0444, MSE: 0.0557
2025-07-07 11:49:47 - INFO - Epoch 603/1000, Loss: 0.0579, Dice: 0.0470, MSE: 0.0546
2025-07-07 11:50:00 - INFO - Epoch 604/1000, Loss: 0.0564, Dice: 0.0458, MSE: 0.0530
2025-07-07 11:50:12 - INFO - Epoch 605/1000, Loss: 0.0565, Dice: 0.0463, MSE: 0.0510
2025-07-07 11:50:25 - INFO - Epoch 606/1000, Loss: 0.0509, Dice: 0.0402, MSE: 0.0536
2025-07-07 11:50:38 - INFO - Epoch 607/1000, Loss: 0.0737, Dice: 0.0637, MSE: 0.0500
2025-07-07 11:50:51 - INFO - Epoch 608/1000, Loss: 0.0555, Dice: 0.0451, MSE: 0.0520
2025-07-07 11:51:04 - INFO - Epoch 609/1000, Loss: 0.0525, Dice: 0.0422, MSE: 0.0517
2025-07-07 11:51:17 - INFO - Epoch 610/1000, Loss: 0.0541, Dice: 0.0429, MSE: 0.0560
2025-07-07 11:51:30 - INFO - Epoch 611/1000, Loss: 0.0659, Dice: 0.0551, MSE: 0.0538
2025-07-07 11:51:43 - INFO - Epoch 612/1000, Loss: 0.0527, Dice: 0.0425, MSE: 0.0514
2025-07-07 11:51:55 - INFO - Epoch 613/1000, Loss: 0.0606, Dice: 0.0506, MSE: 0.0502
2025-07-07 11:52:08 - INFO - Epoch 614/1000, Loss: 0.0534, Dice: 0.0429, MSE: 0.0525
2025-07-07 11:52:21 - INFO - Epoch 615/1000, Loss: 0.0636, Dice: 0.0532, MSE: 0.0518
2025-07-07 11:52:34 - INFO - Epoch 616/1000, Loss: 0.0551, Dice: 0.0454, MSE: 0.0485
2025-07-07 11:52:47 - INFO - Epoch 617/1000, Loss: 0.0520, Dice: 0.0417, MSE: 0.0513
2025-07-07 11:53:00 - INFO - Epoch 618/1000, Loss: 0.0555, Dice: 0.0452, MSE: 0.0518
2025-07-07 11:53:13 - INFO - Epoch 619/1000, Loss: 0.0636, Dice: 0.0526, MSE: 0.0547
2025-07-07 11:53:25 - INFO - Epoch 620/1000, Loss: 0.0536, Dice: 0.0423, MSE: 0.0564
2025-07-07 11:53:27 - INFO - 模型已保存至: epoch_620.pth
2025-07-07 11:53:40 - INFO - Epoch 621/1000, Loss: 0.0563, Dice: 0.0459, MSE: 0.0519
2025-07-07 11:53:53 - INFO - Epoch 622/1000, Loss: 0.0575, Dice: 0.0474, MSE: 0.0507
2025-07-07 11:54:06 - INFO - Epoch 623/1000, Loss: 0.0545, Dice: 0.0442, MSE: 0.0513
2025-07-07 11:54:18 - INFO - Epoch 624/1000, Loss: 0.0601, Dice: 0.0493, MSE: 0.0537
2025-07-07 11:54:31 - INFO - Epoch 625/1000, Loss: 0.0604, Dice: 0.0502, MSE: 0.0512
2025-07-07 11:54:44 - INFO - Epoch 626/1000, Loss: 0.0587, Dice: 0.0485, MSE: 0.0508
2025-07-07 11:54:57 - INFO - Epoch 627/1000, Loss: 0.0569, Dice: 0.0464, MSE: 0.0525
2025-07-07 11:55:10 - INFO - Epoch 628/1000, Loss: 0.0616, Dice: 0.0516, MSE: 0.0499
2025-07-07 11:55:23 - INFO - Epoch 629/1000, Loss: 0.0519, Dice: 0.0413, MSE: 0.0532
2025-07-07 11:55:35 - INFO - Epoch 630/1000, Loss: 0.0578, Dice: 0.0478, MSE: 0.0503
2025-07-07 11:55:48 - INFO - Epoch 631/1000, Loss: 0.0503, Dice: 0.0402, MSE: 0.0505
2025-07-07 11:56:01 - INFO - Epoch 632/1000, Loss: 0.0747, Dice: 0.0640, MSE: 0.0534
2025-07-07 11:56:14 - INFO - Epoch 633/1000, Loss: 0.0538, Dice: 0.0432, MSE: 0.0529
2025-07-07 11:56:27 - INFO - Epoch 634/1000, Loss: 0.0541, Dice: 0.0435, MSE: 0.0530
2025-07-07 11:56:40 - INFO - Epoch 635/1000, Loss: 0.0600, Dice: 0.0495, MSE: 0.0525
2025-07-07 11:56:53 - INFO - Epoch 636/1000, Loss: 0.0599, Dice: 0.0484, MSE: 0.0573
2025-07-07 11:57:05 - INFO - Epoch 637/1000, Loss: 0.0540, Dice: 0.0436, MSE: 0.0519
2025-07-07 11:57:18 - INFO - Epoch 638/1000, Loss: 0.0578, Dice: 0.0464, MSE: 0.0572
2025-07-07 11:57:31 - INFO - Epoch 639/1000, Loss: 0.0534, Dice: 0.0428, MSE: 0.0529
2025-07-07 11:57:44 - INFO - Epoch 640/1000, Loss: 0.0557, Dice: 0.0445, MSE: 0.0562
2025-07-07 11:57:46 - INFO - 模型已保存至: epoch_640.pth
2025-07-07 11:57:59 - INFO - Epoch 641/1000, Loss: 0.0578, Dice: 0.0472, MSE: 0.0532
2025-07-07 11:58:11 - INFO - Epoch 642/1000, Loss: 0.0463, Dice: 0.0363, MSE: 0.0498
2025-07-07 11:58:24 - INFO - Epoch 643/1000, Loss: 0.0604, Dice: 0.0492, MSE: 0.0561
2025-07-07 11:58:37 - INFO - Epoch 644/1000, Loss: 0.0539, Dice: 0.0432, MSE: 0.0537
2025-07-07 11:58:50 - INFO - Epoch 645/1000, Loss: 0.0544, Dice: 0.0439, MSE: 0.0521
2025-07-07 11:59:03 - INFO - Epoch 646/1000, Loss: 0.0519, Dice: 0.0423, MSE: 0.0478
2025-07-07 11:59:16 - INFO - Epoch 647/1000, Loss: 0.0529, Dice: 0.0423, MSE: 0.0530
2025-07-07 11:59:29 - INFO - Epoch 648/1000, Loss: 0.0518, Dice: 0.0410, MSE: 0.0540
2025-07-07 11:59:41 - INFO - Epoch 649/1000, Loss: 0.0592, Dice: 0.0490, MSE: 0.0508
2025-07-07 11:59:54 - INFO - Epoch 650/1000, Loss: 0.0506, Dice: 0.0404, MSE: 0.0511
2025-07-07 12:00:07 - INFO - Epoch 651/1000, Loss: 0.0466, Dice: 0.0366, MSE: 0.0500
2025-07-07 12:00:20 - INFO - Epoch 652/1000, Loss: 0.0483, Dice: 0.0377, MSE: 0.0529
2025-07-07 12:00:33 - INFO - Epoch 653/1000, Loss: 0.0556, Dice: 0.0454, MSE: 0.0506
2025-07-07 12:00:46 - INFO - Epoch 654/1000, Loss: 0.0542, Dice: 0.0436, MSE: 0.0533
2025-07-07 12:00:59 - INFO - Epoch 655/1000, Loss: 0.0520, Dice: 0.0416, MSE: 0.0523
2025-07-07 12:01:11 - INFO - Epoch 656/1000, Loss: 0.0558, Dice: 0.0451, MSE: 0.0538
2025-07-07 12:01:24 - INFO - Epoch 657/1000, Loss: 0.0565, Dice: 0.0458, MSE: 0.0535
2025-07-07 12:01:37 - INFO - Epoch 658/1000, Loss: 0.0592, Dice: 0.0485, MSE: 0.0537
2025-07-07 12:01:50 - INFO - Epoch 659/1000, Loss: 0.0531, Dice: 0.0424, MSE: 0.0534
2025-07-07 12:02:03 - INFO - Epoch 660/1000, Loss: 0.0629, Dice: 0.0522, MSE: 0.0534
2025-07-07 12:02:04 - INFO - 模型已保存至: epoch_660.pth
2025-07-07 12:02:17 - INFO - Epoch 661/1000, Loss: 0.0556, Dice: 0.0458, MSE: 0.0489
2025-07-07 12:02:30 - INFO - Epoch 662/1000, Loss: 0.0541, Dice: 0.0443, MSE: 0.0492
2025-07-07 12:02:43 - INFO - Epoch 663/1000, Loss: 0.0546, Dice: 0.0441, MSE: 0.0523
2025-07-07 12:02:56 - INFO - Epoch 664/1000, Loss: 0.0534, Dice: 0.0431, MSE: 0.0519
2025-07-07 12:03:09 - INFO - Epoch 665/1000, Loss: 0.0530, Dice: 0.0424, MSE: 0.0526
2025-07-07 12:03:22 - INFO - Epoch 666/1000, Loss: 0.0575, Dice: 0.0478, MSE: 0.0486
2025-07-07 12:03:34 - INFO - Epoch 667/1000, Loss: 0.0620, Dice: 0.0520, MSE: 0.0498
2025-07-07 12:03:47 - INFO - Epoch 668/1000, Loss: 0.0549, Dice: 0.0450, MSE: 0.0496
2025-07-07 12:04:00 - INFO - Epoch 669/1000, Loss: 0.0625, Dice: 0.0513, MSE: 0.0560
2025-07-07 12:04:13 - INFO - Epoch 670/1000, Loss: 0.0574, Dice: 0.0469, MSE: 0.0528
2025-07-07 12:04:26 - INFO - Epoch 671/1000, Loss: 0.0728, Dice: 0.0618, MSE: 0.0547
2025-07-07 12:04:39 - INFO - Epoch 672/1000, Loss: 0.0628, Dice: 0.0517, MSE: 0.0555
2025-07-07 12:04:52 - INFO - Epoch 673/1000, Loss: 0.0565, Dice: 0.0467, MSE: 0.0488
2025-07-07 12:05:04 - INFO - Epoch 674/1000, Loss: 0.0506, Dice: 0.0400, MSE: 0.0532
2025-07-07 12:05:17 - INFO - Epoch 675/1000, Loss: 0.0505, Dice: 0.0399, MSE: 0.0526
2025-07-07 12:05:30 - INFO - Epoch 676/1000, Loss: 0.0479, Dice: 0.0380, MSE: 0.0497
2025-07-07 12:05:43 - INFO - Epoch 677/1000, Loss: 0.0557, Dice: 0.0451, MSE: 0.0529
2025-07-07 12:05:56 - INFO - Epoch 678/1000, Loss: 0.0484, Dice: 0.0378, MSE: 0.0528
2025-07-07 12:06:09 - INFO - Epoch 679/1000, Loss: 0.0548, Dice: 0.0450, MSE: 0.0492
2025-07-07 12:06:21 - INFO - Epoch 680/1000, Loss: 0.0528, Dice: 0.0425, MSE: 0.0511
2025-07-07 12:06:23 - INFO - 模型已保存至: epoch_680.pth
2025-07-07 12:06:36 - INFO - Epoch 681/1000, Loss: 0.0627, Dice: 0.0523, MSE: 0.0519
2025-07-07 12:06:49 - INFO - Epoch 682/1000, Loss: 0.0454, Dice: 0.0347, MSE: 0.0531
2025-07-07 12:07:01 - INFO - Epoch 683/1000, Loss: 0.0490, Dice: 0.0381, MSE: 0.0542
2025-07-07 12:07:14 - INFO - Epoch 684/1000, Loss: 0.0522, Dice: 0.0419, MSE: 0.0520
2025-07-07 12:07:27 - INFO - Epoch 685/1000, Loss: 0.0513, Dice: 0.0415, MSE: 0.0487
2025-07-07 12:07:40 - INFO - Epoch 686/1000, Loss: 0.0495, Dice: 0.0395, MSE: 0.0497
2025-07-07 12:07:53 - INFO - Epoch 687/1000, Loss: 0.0498, Dice: 0.0397, MSE: 0.0507
2025-07-07 12:08:06 - INFO - Epoch 688/1000, Loss: 0.0496, Dice: 0.0381, MSE: 0.0576
2025-07-07 12:08:19 - INFO - Epoch 689/1000, Loss: 0.0447, Dice: 0.0348, MSE: 0.0498
2025-07-07 12:08:31 - INFO - Epoch 690/1000, Loss: 0.0514, Dice: 0.0410, MSE: 0.0518
2025-07-07 12:08:44 - INFO - Epoch 691/1000, Loss: 0.0485, Dice: 0.0383, MSE: 0.0514
2025-07-07 12:08:57 - INFO - Epoch 692/1000, Loss: 0.0460, Dice: 0.0357, MSE: 0.0515
2025-07-07 12:09:10 - INFO - Epoch 693/1000, Loss: 0.0549, Dice: 0.0449, MSE: 0.0498
2025-07-07 12:09:23 - INFO - Epoch 694/1000, Loss: 0.0546, Dice: 0.0447, MSE: 0.0491
2025-07-07 12:09:36 - INFO - Epoch 695/1000, Loss: 0.0480, Dice: 0.0381, MSE: 0.0495
2025-07-07 12:09:49 - INFO - Epoch 696/1000, Loss: 0.0640, Dice: 0.0533, MSE: 0.0534
2025-07-07 12:10:02 - INFO - Epoch 697/1000, Loss: 0.0570, Dice: 0.0472, MSE: 0.0491
2025-07-07 12:10:14 - INFO - Epoch 698/1000, Loss: 0.0485, Dice: 0.0379, MSE: 0.0527
2025-07-07 12:10:27 - INFO - Epoch 699/1000, Loss: 0.0513, Dice: 0.0410, MSE: 0.0513
2025-07-07 12:10:40 - INFO - Epoch 700/1000, Loss: 0.0532, Dice: 0.0429, MSE: 0.0517
2025-07-07 12:10:42 - INFO - 模型已保存至: epoch_700.pth
2025-07-07 12:10:55 - INFO - Epoch 701/1000, Loss: 0.0519, Dice: 0.0415, MSE: 0.0524
2025-07-07 12:11:07 - INFO - Epoch 702/1000, Loss: 0.0572, Dice: 0.0464, MSE: 0.0541
2025-07-07 12:11:20 - INFO - Epoch 703/1000, Loss: 0.0611, Dice: 0.0505, MSE: 0.0531
2025-07-07 12:11:33 - INFO - Epoch 704/1000, Loss: 0.0594, Dice: 0.0488, MSE: 0.0533
2025-07-07 12:11:46 - INFO - Epoch 705/1000, Loss: 0.0720, Dice: 0.0623, MSE: 0.0483
2025-07-07 12:11:59 - INFO - Epoch 706/1000, Loss: 0.0643, Dice: 0.0542, MSE: 0.0508
2025-07-07 12:12:11 - INFO - Epoch 707/1000, Loss: 0.0558, Dice: 0.0465, MSE: 0.0462
2025-07-07 12:12:24 - INFO - Epoch 708/1000, Loss: 0.0588, Dice: 0.0493, MSE: 0.0475
2025-07-07 12:12:37 - INFO - Epoch 709/1000, Loss: 0.0537, Dice: 0.0436, MSE: 0.0504
2025-07-07 12:12:50 - INFO - Epoch 710/1000, Loss: 0.0517, Dice: 0.0411, MSE: 0.0533
2025-07-07 12:13:03 - INFO - Epoch 711/1000, Loss: 0.0504, Dice: 0.0396, MSE: 0.0538
2025-07-07 12:13:16 - INFO - Epoch 712/1000, Loss: 0.0544, Dice: 0.0441, MSE: 0.0518
2025-07-07 12:13:28 - INFO - Epoch 713/1000, Loss: 0.0569, Dice: 0.0474, MSE: 0.0473
2025-07-07 12:13:41 - INFO - Epoch 714/1000, Loss: 0.0532, Dice: 0.0423, MSE: 0.0546
2025-07-07 12:13:54 - INFO - Epoch 715/1000, Loss: 0.0486, Dice: 0.0386, MSE: 0.0496
2025-07-07 12:14:07 - INFO - Epoch 716/1000, Loss: 0.0443, Dice: 0.0348, MSE: 0.0476
2025-07-07 12:14:20 - INFO - Epoch 717/1000, Loss: 0.0519, Dice: 0.0423, MSE: 0.0484
2025-07-07 12:14:33 - INFO - Epoch 718/1000, Loss: 0.0534, Dice: 0.0438, MSE: 0.0481
2025-07-07 12:14:46 - INFO - Epoch 719/1000, Loss: 0.0491, Dice: 0.0398, MSE: 0.0466
2025-07-07 12:14:58 - INFO - Epoch 720/1000, Loss: 0.0507, Dice: 0.0409, MSE: 0.0490
2025-07-07 12:15:00 - INFO - 模型已保存至: epoch_720.pth
2025-07-07 12:15:13 - INFO - Epoch 721/1000, Loss: 0.0473, Dice: 0.0372, MSE: 0.0506
2025-07-07 12:15:26 - INFO - Epoch 722/1000, Loss: 0.0452, Dice: 0.0355, MSE: 0.0489
2025-07-07 12:15:39 - INFO - Epoch 723/1000, Loss: 0.0507, Dice: 0.0408, MSE: 0.0497
2025-07-07 12:15:52 - INFO - Epoch 724/1000, Loss: 0.0448, Dice: 0.0348, MSE: 0.0500
2025-07-07 12:16:04 - INFO - Epoch 725/1000, Loss: 0.0474, Dice: 0.0375, MSE: 0.0495
2025-07-07 12:16:17 - INFO - Epoch 726/1000, Loss: 0.0466, Dice: 0.0375, MSE: 0.0455
2025-07-07 12:16:30 - INFO - Epoch 727/1000, Loss: 0.0432, Dice: 0.0336, MSE: 0.0478
2025-07-07 12:16:43 - INFO - Epoch 728/1000, Loss: 0.0442, Dice: 0.0342, MSE: 0.0502
2025-07-07 12:16:56 - INFO - Epoch 729/1000, Loss: 0.0647, Dice: 0.0545, MSE: 0.0509
2025-07-07 12:17:09 - INFO - Epoch 730/1000, Loss: 0.0478, Dice: 0.0378, MSE: 0.0499
2025-07-07 12:17:21 - INFO - Epoch 731/1000, Loss: 0.0468, Dice: 0.0365, MSE: 0.0515
2025-07-07 12:17:34 - INFO - Epoch 732/1000, Loss: 0.0502, Dice: 0.0402, MSE: 0.0500
2025-07-07 12:17:47 - INFO - Epoch 733/1000, Loss: 0.0550, Dice: 0.0455, MSE: 0.0476
2025-07-07 12:18:00 - INFO - Epoch 734/1000, Loss: 0.0567, Dice: 0.0469, MSE: 0.0486
2025-07-07 12:18:13 - INFO - Epoch 735/1000, Loss: 0.0564, Dice: 0.0459, MSE: 0.0524
2025-07-07 12:18:26 - INFO - Epoch 736/1000, Loss: 0.0603, Dice: 0.0499, MSE: 0.0518
2025-07-07 12:18:39 - INFO - Epoch 737/1000, Loss: 0.0512, Dice: 0.0416, MSE: 0.0482
2025-07-07 12:18:51 - INFO - Epoch 738/1000, Loss: 0.0486, Dice: 0.0388, MSE: 0.0489
2025-07-07 12:19:04 - INFO - Epoch 739/1000, Loss: 0.0547, Dice: 0.0451, MSE: 0.0481
2025-07-07 12:19:17 - INFO - Epoch 740/1000, Loss: 0.0509, Dice: 0.0409, MSE: 0.0500
2025-07-07 12:19:19 - INFO - 模型已保存至: epoch_740.pth
2025-07-07 12:19:31 - INFO - Epoch 741/1000, Loss: 0.0473, Dice: 0.0371, MSE: 0.0507
2025-07-07 12:19:44 - INFO - Epoch 742/1000, Loss: 0.0556, Dice: 0.0460, MSE: 0.0479
2025-07-07 12:19:57 - INFO - Epoch 743/1000, Loss: 0.0478, Dice: 0.0379, MSE: 0.0492
2025-07-07 12:20:10 - INFO - Epoch 744/1000, Loss: 0.0536, Dice: 0.0439, MSE: 0.0483
2025-07-07 12:20:23 - INFO - Epoch 745/1000, Loss: 0.0510, Dice: 0.0400, MSE: 0.0548
2025-07-07 12:20:36 - INFO - Epoch 746/1000, Loss: 0.0507, Dice: 0.0407, MSE: 0.0500
2025-07-07 12:20:49 - INFO - Epoch 747/1000, Loss: 0.0511, Dice: 0.0411, MSE: 0.0497
2025-07-07 12:21:02 - INFO - Epoch 748/1000, Loss: 0.0616, Dice: 0.0518, MSE: 0.0490
2025-07-07 12:21:14 - INFO - Epoch 749/1000, Loss: 0.0530, Dice: 0.0433, MSE: 0.0486
2025-07-07 12:21:27 - INFO - Epoch 750/1000, Loss: 0.0607, Dice: 0.0507, MSE: 0.0504
2025-07-07 12:21:40 - INFO - Epoch 751/1000, Loss: 0.0496, Dice: 0.0398, MSE: 0.0491
2025-07-07 12:21:53 - INFO - Epoch 752/1000, Loss: 0.0582, Dice: 0.0486, MSE: 0.0478
2025-07-07 12:22:06 - INFO - Epoch 753/1000, Loss: 0.0449, Dice: 0.0348, MSE: 0.0505
2025-07-07 12:22:19 - INFO - Epoch 754/1000, Loss: 0.0530, Dice: 0.0427, MSE: 0.0514
2025-07-07 12:22:31 - INFO - Epoch 755/1000, Loss: 0.0451, Dice: 0.0350, MSE: 0.0504
2025-07-07 12:22:44 - INFO - Epoch 756/1000, Loss: 0.0455, Dice: 0.0347, MSE: 0.0540
2025-07-07 12:22:57 - INFO - Epoch 757/1000, Loss: 0.0493, Dice: 0.0396, MSE: 0.0484
2025-07-07 12:23:10 - INFO - Epoch 758/1000, Loss: 0.0524, Dice: 0.0427, MSE: 0.0488
2025-07-07 12:23:23 - INFO - Epoch 759/1000, Loss: 0.0566, Dice: 0.0473, MSE: 0.0467
2025-07-07 12:23:36 - INFO - Epoch 760/1000, Loss: 0.0468, Dice: 0.0367, MSE: 0.0502
2025-07-07 12:23:37 - INFO - 模型已保存至: epoch_760.pth
2025-07-07 12:23:50 - INFO - Epoch 761/1000, Loss: 0.0532, Dice: 0.0431, MSE: 0.0506
2025-07-07 12:24:03 - INFO - Epoch 762/1000, Loss: 0.0442, Dice: 0.0341, MSE: 0.0506
2025-07-07 12:24:16 - INFO - Epoch 763/1000, Loss: 0.0496, Dice: 0.0393, MSE: 0.0516
2025-07-07 12:24:29 - INFO - Epoch 764/1000, Loss: 0.0485, Dice: 0.0384, MSE: 0.0504
2025-07-07 12:24:42 - INFO - Epoch 765/1000, Loss: 0.0463, Dice: 0.0362, MSE: 0.0503
2025-07-07 12:24:54 - INFO - Epoch 766/1000, Loss: 0.0544, Dice: 0.0446, MSE: 0.0491
2025-07-07 12:25:07 - INFO - Epoch 767/1000, Loss: 0.0524, Dice: 0.0427, MSE: 0.0488
2025-07-07 12:25:20 - INFO - Epoch 768/1000, Loss: 0.0517, Dice: 0.0424, MSE: 0.0465
2025-07-07 12:25:33 - INFO - Epoch 769/1000, Loss: 0.0613, Dice: 0.0518, MSE: 0.0472
2025-07-07 12:25:46 - INFO - Epoch 770/1000, Loss: 0.0522, Dice: 0.0425, MSE: 0.0484
2025-07-07 12:25:59 - INFO - Epoch 771/1000, Loss: 0.0461, Dice: 0.0366, MSE: 0.0472
2025-07-07 12:26:12 - INFO - Epoch 772/1000, Loss: 0.0499, Dice: 0.0404, MSE: 0.0477
2025-07-07 12:26:25 - INFO - Epoch 773/1000, Loss: 0.0451, Dice: 0.0355, MSE: 0.0481
2025-07-07 12:26:37 - INFO - Epoch 774/1000, Loss: 0.0498, Dice: 0.0397, MSE: 0.0501
2025-07-07 12:26:50 - INFO - Epoch 775/1000, Loss: 0.0446, Dice: 0.0351, MSE: 0.0476
2025-07-07 12:27:03 - INFO - Epoch 776/1000, Loss: 0.0427, Dice: 0.0327, MSE: 0.0502
2025-07-07 12:27:16 - INFO - Epoch 777/1000, Loss: 0.0447, Dice: 0.0351, MSE: 0.0483
2025-07-07 12:27:29 - INFO - Epoch 778/1000, Loss: 0.0424, Dice: 0.0328, MSE: 0.0481
2025-07-07 12:27:42 - INFO - Epoch 779/1000, Loss: 0.0478, Dice: 0.0375, MSE: 0.0513
2025-07-07 12:27:54 - INFO - Epoch 780/1000, Loss: 0.0422, Dice: 0.0325, MSE: 0.0484
2025-07-07 12:27:56 - INFO - 模型已保存至: epoch_780.pth
2025-07-07 12:28:09 - INFO - Epoch 781/1000, Loss: 0.0477, Dice: 0.0381, MSE: 0.0483
2025-07-07 12:28:22 - INFO - Epoch 782/1000, Loss: 0.0542, Dice: 0.0438, MSE: 0.0517
2025-07-07 12:28:35 - INFO - Epoch 783/1000, Loss: 0.0493, Dice: 0.0392, MSE: 0.0505
2025-07-07 12:28:47 - INFO - Epoch 784/1000, Loss: 0.0480, Dice: 0.0382, MSE: 0.0495
2025-07-07 12:29:00 - INFO - Epoch 785/1000, Loss: 0.0502, Dice: 0.0403, MSE: 0.0491
2025-07-07 12:29:13 - INFO - Epoch 786/1000, Loss: 0.0520, Dice: 0.0420, MSE: 0.0502
2025-07-07 12:29:26 - INFO - Epoch 787/1000, Loss: 0.0440, Dice: 0.0338, MSE: 0.0511
2025-07-07 12:29:39 - INFO - Epoch 788/1000, Loss: 0.0483, Dice: 0.0385, MSE: 0.0489
2025-07-07 12:29:51 - INFO - Epoch 789/1000, Loss: 0.0550, Dice: 0.0457, MSE: 0.0463
2025-07-07 12:30:04 - INFO - Epoch 790/1000, Loss: 0.0508, Dice: 0.0410, MSE: 0.0491
2025-07-07 12:30:17 - INFO - Epoch 791/1000, Loss: 0.0629, Dice: 0.0535, MSE: 0.0471
2025-07-07 12:30:30 - INFO - Epoch 792/1000, Loss: 0.0489, Dice: 0.0392, MSE: 0.0485
2025-07-07 12:30:43 - INFO - Epoch 793/1000, Loss: 0.0525, Dice: 0.0430, MSE: 0.0474
2025-07-07 12:30:56 - INFO - Epoch 794/1000, Loss: 0.0437, Dice: 0.0342, MSE: 0.0479
2025-07-07 12:31:09 - INFO - Epoch 795/1000, Loss: 0.0408, Dice: 0.0314, MSE: 0.0468
2025-07-07 12:31:21 - INFO - Epoch 796/1000, Loss: 0.0540, Dice: 0.0446, MSE: 0.0470
2025-07-07 12:31:34 - INFO - Epoch 797/1000, Loss: 0.0449, Dice: 0.0353, MSE: 0.0478
2025-07-07 12:31:47 - INFO - Epoch 798/1000, Loss: 0.0524, Dice: 0.0435, MSE: 0.0448
2025-07-07 12:32:00 - INFO - Epoch 799/1000, Loss: 0.0488, Dice: 0.0391, MSE: 0.0489
2025-07-07 12:32:13 - INFO - Epoch 800/1000, Loss: 0.0474, Dice: 0.0375, MSE: 0.0500
2025-07-07 12:32:14 - INFO - 模型已保存至: epoch_800.pth
2025-07-07 12:32:27 - INFO - Epoch 801/1000, Loss: 0.0444, Dice: 0.0348, MSE: 0.0481
2025-07-07 12:32:40 - INFO - Epoch 802/1000, Loss: 0.0452, Dice: 0.0346, MSE: 0.0529
2025-07-07 12:32:53 - INFO - Epoch 803/1000, Loss: 0.0432, Dice: 0.0334, MSE: 0.0486
2025-07-07 12:33:06 - INFO - Epoch 804/1000, Loss: 0.0459, Dice: 0.0356, MSE: 0.0513
2025-07-07 12:33:18 - INFO - Epoch 805/1000, Loss: 0.0477, Dice: 0.0382, MSE: 0.0478
2025-07-07 12:33:31 - INFO - Epoch 806/1000, Loss: 0.0462, Dice: 0.0367, MSE: 0.0478
2025-07-07 12:33:44 - INFO - Epoch 807/1000, Loss: 0.0509, Dice: 0.0417, MSE: 0.0461
2025-07-07 12:33:57 - INFO - Epoch 808/1000, Loss: 0.0503, Dice: 0.0407, MSE: 0.0479
2025-07-07 12:34:10 - INFO - Epoch 809/1000, Loss: 0.0454, Dice: 0.0364, MSE: 0.0451
2025-07-07 12:34:23 - INFO - Epoch 810/1000, Loss: 0.0507, Dice: 0.0414, MSE: 0.0465
2025-07-07 12:34:35 - INFO - Epoch 811/1000, Loss: 0.0463, Dice: 0.0370, MSE: 0.0461
2025-07-07 12:34:48 - INFO - Epoch 812/1000, Loss: 0.0409, Dice: 0.0317, MSE: 0.0460
2025-07-07 12:35:01 - INFO - Epoch 813/1000, Loss: 0.0466, Dice: 0.0372, MSE: 0.0468
2025-07-07 12:35:14 - INFO - Epoch 814/1000, Loss: 0.0493, Dice: 0.0404, MSE: 0.0449
2025-07-07 12:35:27 - INFO - Epoch 815/1000, Loss: 0.0454, Dice: 0.0359, MSE: 0.0472
2025-07-07 12:35:40 - INFO - Epoch 816/1000, Loss: 0.0469, Dice: 0.0383, MSE: 0.0432
2025-07-07 12:35:52 - INFO - Epoch 817/1000, Loss: 0.0460, Dice: 0.0360, MSE: 0.0499
2025-07-07 12:36:05 - INFO - Epoch 818/1000, Loss: 0.0518, Dice: 0.0425, MSE: 0.0466
2025-07-07 12:36:18 - INFO - Epoch 819/1000, Loss: 0.0487, Dice: 0.0391, MSE: 0.0483
2025-07-07 12:36:31 - INFO - Epoch 820/1000, Loss: 0.0597, Dice: 0.0506, MSE: 0.0455
2025-07-07 12:36:33 - INFO - 模型已保存至: epoch_820.pth
2025-07-07 12:36:45 - INFO - Epoch 821/1000, Loss: 0.0399, Dice: 0.0304, MSE: 0.0474
2025-07-07 12:36:58 - INFO - Epoch 822/1000, Loss: 0.0488, Dice: 0.0395, MSE: 0.0468
2025-07-07 12:37:11 - INFO - Epoch 823/1000, Loss: 0.0440, Dice: 0.0351, MSE: 0.0444
2025-07-07 12:37:24 - INFO - Epoch 824/1000, Loss: 0.0497, Dice: 0.0407, MSE: 0.0449
2025-07-07 12:37:37 - INFO - Epoch 825/1000, Loss: 0.0432, Dice: 0.0339, MSE: 0.0465
2025-07-07 12:37:50 - INFO - Epoch 826/1000, Loss: 0.0441, Dice: 0.0349, MSE: 0.0458
2025-07-07 12:38:03 - INFO - Epoch 827/1000, Loss: 0.0389, Dice: 0.0301, MSE: 0.0442
2025-07-07 12:38:15 - INFO - Epoch 828/1000, Loss: 0.0427, Dice: 0.0339, MSE: 0.0442
2025-07-07 12:38:28 - INFO - Epoch 829/1000, Loss: 0.0450, Dice: 0.0358, MSE: 0.0458
2025-07-07 12:38:41 - INFO - Epoch 830/1000, Loss: 0.0406, Dice: 0.0309, MSE: 0.0486
2025-07-07 12:38:54 - INFO - Epoch 831/1000, Loss: 0.0449, Dice: 0.0358, MSE: 0.0452
2025-07-07 12:39:07 - INFO - Epoch 832/1000, Loss: 0.0389, Dice: 0.0298, MSE: 0.0454
2025-07-07 12:39:20 - INFO - Epoch 833/1000, Loss: 0.0423, Dice: 0.0332, MSE: 0.0455
2025-07-07 12:39:32 - INFO - Epoch 834/1000, Loss: 0.0394, Dice: 0.0304, MSE: 0.0451
2025-07-07 12:39:45 - INFO - Epoch 835/1000, Loss: 0.0435, Dice: 0.0345, MSE: 0.0453
2025-07-07 12:39:58 - INFO - Epoch 836/1000, Loss: 0.0419, Dice: 0.0328, MSE: 0.0455
2025-07-07 12:40:11 - INFO - Epoch 837/1000, Loss: 0.0444, Dice: 0.0355, MSE: 0.0447
2025-07-07 12:40:24 - INFO - Epoch 838/1000, Loss: 0.0453, Dice: 0.0366, MSE: 0.0434
2025-07-07 12:40:37 - INFO - Epoch 839/1000, Loss: 0.0441, Dice: 0.0353, MSE: 0.0438
2025-07-07 12:40:50 - INFO - Epoch 840/1000, Loss: 0.0561, Dice: 0.0476, MSE: 0.0421
2025-07-07 12:40:51 - INFO - 模型已保存至: epoch_840.pth
2025-07-07 12:41:04 - INFO - Epoch 841/1000, Loss: 0.0433, Dice: 0.0333, MSE: 0.0499
2025-07-07 12:41:17 - INFO - Epoch 842/1000, Loss: 0.0505, Dice: 0.0408, MSE: 0.0488
2025-07-07 12:41:30 - INFO - Epoch 843/1000, Loss: 0.0424, Dice: 0.0323, MSE: 0.0506
2025-07-07 12:41:42 - INFO - Epoch 844/1000, Loss: 0.0478, Dice: 0.0377, MSE: 0.0508
2025-07-07 12:41:55 - INFO - Epoch 845/1000, Loss: 0.0458, Dice: 0.0362, MSE: 0.0480
2025-07-07 12:42:08 - INFO - Epoch 846/1000, Loss: 0.0460, Dice: 0.0358, MSE: 0.0508
2025-07-07 12:42:21 - INFO - Epoch 847/1000, Loss: 0.0473, Dice: 0.0378, MSE: 0.0477
2025-07-07 12:42:34 - INFO - Epoch 848/1000, Loss: 0.0458, Dice: 0.0362, MSE: 0.0478
2025-07-07 12:42:47 - INFO - Epoch 849/1000, Loss: 0.0454, Dice: 0.0361, MSE: 0.0467
2025-07-07 12:42:59 - INFO - Epoch 850/1000, Loss: 0.0535, Dice: 0.0444, MSE: 0.0459
2025-07-07 12:43:12 - INFO - Epoch 851/1000, Loss: 0.0449, Dice: 0.0352, MSE: 0.0482
2025-07-07 12:43:25 - INFO - Epoch 852/1000, Loss: 0.0474, Dice: 0.0382, MSE: 0.0463
2025-07-07 12:43:38 - INFO - Epoch 853/1000, Loss: 0.0492, Dice: 0.0402, MSE: 0.0452
2025-07-07 12:43:51 - INFO - Epoch 854/1000, Loss: 0.0421, Dice: 0.0330, MSE: 0.0455
2025-07-07 12:44:04 - INFO - Epoch 855/1000, Loss: 0.0460, Dice: 0.0369, MSE: 0.0453
2025-07-07 12:44:16 - INFO - Epoch 856/1000, Loss: 0.0453, Dice: 0.0366, MSE: 0.0436
2025-07-07 12:44:29 - INFO - Epoch 857/1000, Loss: 0.0493, Dice: 0.0403, MSE: 0.0449
2025-07-07 12:44:42 - INFO - Epoch 858/1000, Loss: 0.0430, Dice: 0.0335, MSE: 0.0479
2025-07-07 12:44:55 - INFO - Epoch 859/1000, Loss: 0.0479, Dice: 0.0387, MSE: 0.0457
2025-07-07 12:45:08 - INFO - Epoch 860/1000, Loss: 0.0464, Dice: 0.0369, MSE: 0.0475
2025-07-07 12:45:09 - INFO - 模型已保存至: epoch_860.pth
2025-07-07 12:45:22 - INFO - Epoch 861/1000, Loss: 0.0551, Dice: 0.0455, MSE: 0.0482
2025-07-07 12:45:35 - INFO - Epoch 862/1000, Loss: 0.0554, Dice: 0.0463, MSE: 0.0454
2025-07-07 12:45:48 - INFO - Epoch 863/1000, Loss: 0.0608, Dice: 0.0516, MSE: 0.0464
2025-07-07 12:46:01 - INFO - Epoch 864/1000, Loss: 0.0494, Dice: 0.0407, MSE: 0.0436
2025-07-07 12:46:14 - INFO - Epoch 865/1000, Loss: 0.0459, Dice: 0.0370, MSE: 0.0442
2025-07-07 12:46:26 - INFO - Epoch 866/1000, Loss: 0.0476, Dice: 0.0385, MSE: 0.0456
2025-07-07 12:46:39 - INFO - Epoch 867/1000, Loss: 0.0498, Dice: 0.0407, MSE: 0.0453
2025-07-07 12:46:52 - INFO - Epoch 868/1000, Loss: 0.0424, Dice: 0.0335, MSE: 0.0444
2025-07-07 12:47:05 - INFO - Epoch 869/1000, Loss: 0.0507, Dice: 0.0416, MSE: 0.0452
2025-07-07 12:47:18 - INFO - Epoch 870/1000, Loss: 0.0453, Dice: 0.0362, MSE: 0.0459
2025-07-07 12:47:31 - INFO - Epoch 871/1000, Loss: 0.0482, Dice: 0.0391, MSE: 0.0456
2025-07-07 12:47:43 - INFO - Epoch 872/1000, Loss: 0.0416, Dice: 0.0321, MSE: 0.0473
2025-07-07 12:47:56 - INFO - Epoch 873/1000, Loss: 0.0443, Dice: 0.0354, MSE: 0.0444
2025-07-07 12:48:09 - INFO - Epoch 874/1000, Loss: 0.0427, Dice: 0.0339, MSE: 0.0441
2025-07-07 12:48:22 - INFO - Epoch 875/1000, Loss: 0.0455, Dice: 0.0363, MSE: 0.0462
2025-07-07 12:48:35 - INFO - Epoch 876/1000, Loss: 0.0400, Dice: 0.0310, MSE: 0.0448
2025-07-07 12:48:48 - INFO - Epoch 877/1000, Loss: 0.0384, Dice: 0.0299, MSE: 0.0425
2025-07-07 12:49:00 - INFO - Epoch 878/1000, Loss: 0.0439, Dice: 0.0337, MSE: 0.0509
2025-07-07 12:49:13 - INFO - Epoch 879/1000, Loss: 0.0449, Dice: 0.0356, MSE: 0.0466
2025-07-07 12:49:26 - INFO - Epoch 880/1000, Loss: 0.0445, Dice: 0.0355, MSE: 0.0452
2025-07-07 12:49:28 - INFO - 模型已保存至: epoch_880.pth
2025-07-07 12:49:40 - INFO - Epoch 881/1000, Loss: 0.0564, Dice: 0.0471, MSE: 0.0462
2025-07-07 12:49:53 - INFO - Epoch 882/1000, Loss: 0.0441, Dice: 0.0351, MSE: 0.0450
2025-07-07 12:50:06 - INFO - Epoch 883/1000, Loss: 0.0434, Dice: 0.0344, MSE: 0.0448
2025-07-07 12:50:19 - INFO - Epoch 884/1000, Loss: 0.0474, Dice: 0.0383, MSE: 0.0452
2025-07-07 12:50:32 - INFO - Epoch 885/1000, Loss: 0.0488, Dice: 0.0398, MSE: 0.0447
2025-07-07 12:50:45 - INFO - Epoch 886/1000, Loss: 0.0445, Dice: 0.0360, MSE: 0.0423
2025-07-07 12:50:57 - INFO - Epoch 887/1000, Loss: 0.0444, Dice: 0.0356, MSE: 0.0438
2025-07-07 12:51:10 - INFO - Epoch 888/1000, Loss: 0.0432, Dice: 0.0344, MSE: 0.0443
2025-07-07 12:51:23 - INFO - Epoch 889/1000, Loss: 0.0428, Dice: 0.0338, MSE: 0.0449
2025-07-07 12:51:36 - INFO - Epoch 890/1000, Loss: 0.0421, Dice: 0.0337, MSE: 0.0418
2025-07-07 12:51:49 - INFO - Epoch 891/1000, Loss: 0.0421, Dice: 0.0330, MSE: 0.0455
2025-07-07 12:52:01 - INFO - Epoch 892/1000, Loss: 0.0412, Dice: 0.0318, MSE: 0.0467
2025-07-07 12:52:14 - INFO - Epoch 893/1000, Loss: 0.0387, Dice: 0.0291, MSE: 0.0482
2025-07-07 12:52:27 - INFO - Epoch 894/1000, Loss: 0.0415, Dice: 0.0323, MSE: 0.0458
2025-07-07 12:52:40 - INFO - Epoch 895/1000, Loss: 0.0384, Dice: 0.0298, MSE: 0.0426
2025-07-07 12:52:53 - INFO - Epoch 896/1000, Loss: 0.0393, Dice: 0.0307, MSE: 0.0434
2025-07-07 12:53:06 - INFO - Epoch 897/1000, Loss: 0.0402, Dice: 0.0311, MSE: 0.0454
2025-07-07 12:53:18 - INFO - Epoch 898/1000, Loss: 0.0420, Dice: 0.0327, MSE: 0.0464
2025-07-07 12:53:31 - INFO - Epoch 899/1000, Loss: 0.0393, Dice: 0.0296, MSE: 0.0485
2025-07-07 12:53:44 - INFO - Epoch 900/1000, Loss: 0.0401, Dice: 0.0307, MSE: 0.0469
2025-07-07 12:53:46 - INFO - 模型已保存至: epoch_900.pth
2025-07-07 12:53:58 - INFO - Epoch 901/1000, Loss: 0.0460, Dice: 0.0370, MSE: 0.0450
2025-07-07 12:54:11 - INFO - Epoch 902/1000, Loss: 0.0391, Dice: 0.0299, MSE: 0.0458
2025-07-07 12:54:24 - INFO - Epoch 903/1000, Loss: 0.1023, Dice: 0.0938, MSE: 0.0425
2025-07-07 12:54:37 - INFO - Epoch 904/1000, Loss: 0.0383, Dice: 0.0297, MSE: 0.0432
2025-07-07 12:54:50 - INFO - Epoch 905/1000, Loss: 0.0453, Dice: 0.0365, MSE: 0.0438
2025-07-07 12:55:03 - INFO - Epoch 906/1000, Loss: 0.0389, Dice: 0.0305, MSE: 0.0422
2025-07-07 12:55:16 - INFO - Epoch 907/1000, Loss: 0.0391, Dice: 0.0301, MSE: 0.0451
2025-07-07 12:55:28 - INFO - Epoch 908/1000, Loss: 0.0503, Dice: 0.0405, MSE: 0.0490
2025-07-07 12:55:41 - INFO - Epoch 909/1000, Loss: 0.0492, Dice: 0.0395, MSE: 0.0481
2025-07-07 12:55:54 - INFO - Epoch 910/1000, Loss: 0.0450, Dice: 0.0361, MSE: 0.0445
2025-07-07 12:56:07 - INFO - Epoch 911/1000, Loss: 0.0409, Dice: 0.0318, MSE: 0.0456
2025-07-07 12:56:20 - INFO - Epoch 912/1000, Loss: 0.0434, Dice: 0.0344, MSE: 0.0451
2025-07-07 12:56:33 - INFO - Epoch 913/1000, Loss: 0.0416, Dice: 0.0325, MSE: 0.0452
2025-07-07 12:56:45 - INFO - Epoch 914/1000, Loss: 0.0425, Dice: 0.0338, MSE: 0.0434
2025-07-07 12:56:58 - INFO - Epoch 915/1000, Loss: 0.0389, Dice: 0.0296, MSE: 0.0468
2025-07-07 12:57:11 - INFO - Epoch 916/1000, Loss: 0.0422, Dice: 0.0334, MSE: 0.0438
2025-07-07 12:57:24 - INFO - Epoch 917/1000, Loss: 0.0419, Dice: 0.0327, MSE: 0.0464
2025-07-07 12:57:37 - INFO - Epoch 918/1000, Loss: 0.0401, Dice: 0.0312, MSE: 0.0445
2025-07-07 12:57:50 - INFO - Epoch 919/1000, Loss: 0.0397, Dice: 0.0306, MSE: 0.0456
2025-07-07 12:58:03 - INFO - Epoch 920/1000, Loss: 0.0348, Dice: 0.0262, MSE: 0.0432
2025-07-07 12:58:04 - INFO - 模型已保存至: epoch_920.pth
2025-07-07 12:58:17 - INFO - Epoch 921/1000, Loss: 0.0414, Dice: 0.0325, MSE: 0.0449
2025-07-07 12:58:30 - INFO - Epoch 922/1000, Loss: 0.0384, Dice: 0.0296, MSE: 0.0442
2025-07-07 12:58:43 - INFO - Epoch 923/1000, Loss: 0.0390, Dice: 0.0301, MSE: 0.0445
2025-07-07 12:58:55 - INFO - Epoch 924/1000, Loss: 0.0401, Dice: 0.0314, MSE: 0.0433
2025-07-07 12:59:08 - INFO - Epoch 925/1000, Loss: 0.0451, Dice: 0.0369, MSE: 0.0411
2025-07-07 12:59:21 - INFO - Epoch 926/1000, Loss: 0.0406, Dice: 0.0319, MSE: 0.0436
2025-07-07 12:59:34 - INFO - Epoch 927/1000, Loss: 0.0397, Dice: 0.0314, MSE: 0.0415
2025-07-07 12:59:47 - INFO - Epoch 928/1000, Loss: 0.0407, Dice: 0.0320, MSE: 0.0434
2025-07-07 13:00:00 - INFO - Epoch 929/1000, Loss: 0.0425, Dice: 0.0339, MSE: 0.0431
2025-07-07 13:00:13 - INFO - Epoch 930/1000, Loss: 0.0459, Dice: 0.0375, MSE: 0.0421
2025-07-07 13:00:25 - INFO - Epoch 931/1000, Loss: 0.0405, Dice: 0.0320, MSE: 0.0423
2025-07-07 13:00:38 - INFO - Epoch 932/1000, Loss: 0.0381, Dice: 0.0293, MSE: 0.0438
2025-07-07 13:00:51 - INFO - Epoch 933/1000, Loss: 0.0402, Dice: 0.0315, MSE: 0.0432
2025-07-07 13:01:04 - INFO - Epoch 934/1000, Loss: 0.0412, Dice: 0.0328, MSE: 0.0416
2025-07-07 13:01:17 - INFO - Epoch 935/1000, Loss: 0.0381, Dice: 0.0294, MSE: 0.0436
2025-07-07 13:01:30 - INFO - Epoch 936/1000, Loss: 0.0401, Dice: 0.0316, MSE: 0.0429
2025-07-07 13:01:42 - INFO - Epoch 937/1000, Loss: 0.0394, Dice: 0.0306, MSE: 0.0439
2025-07-07 13:01:55 - INFO - Epoch 938/1000, Loss: 0.0405, Dice: 0.0321, MSE: 0.0421
2025-07-07 13:02:08 - INFO - Epoch 939/1000, Loss: 0.0396, Dice: 0.0311, MSE: 0.0426
2025-07-07 13:02:21 - INFO - Epoch 940/1000, Loss: 0.0418, Dice: 0.0333, MSE: 0.0426
2025-07-07 13:02:22 - INFO - 模型已保存至: epoch_940.pth
2025-07-07 13:02:35 - INFO - Epoch 941/1000, Loss: 0.0476, Dice: 0.0376, MSE: 0.0502
2025-07-07 13:02:48 - INFO - Epoch 942/1000, Loss: 0.0713, Dice: 0.0604, MSE: 0.0547
2025-07-07 13:03:01 - INFO - Epoch 943/1000, Loss: 0.0846, Dice: 0.0740, MSE: 0.0529
2025-07-07 13:03:14 - INFO - Epoch 944/1000, Loss: 0.1382, Dice: 0.1250, MSE: 0.0659
2025-07-07 13:03:26 - INFO - Epoch 945/1000, Loss: 0.1350, Dice: 0.1242, MSE: 0.0542
2025-07-07 13:03:39 - INFO - Epoch 946/1000, Loss: 0.1064, Dice: 0.0963, MSE: 0.0503
2025-07-07 13:03:52 - INFO - Epoch 947/1000, Loss: 0.1560, Dice: 0.1457, MSE: 0.0515
2025-07-07 13:04:05 - INFO - Epoch 948/1000, Loss: 0.1198, Dice: 0.1103, MSE: 0.0478
2025-07-07 13:04:18 - INFO - Epoch 949/1000, Loss: 0.1297, Dice: 0.1194, MSE: 0.0511
2025-07-07 13:04:30 - INFO - Epoch 950/1000, Loss: 0.0945, Dice: 0.0852, MSE: 0.0466
2025-07-07 13:04:43 - INFO - Epoch 951/1000, Loss: 0.0796, Dice: 0.0696, MSE: 0.0498
2025-07-07 13:04:56 - INFO - Epoch 952/1000, Loss: 0.0797, Dice: 0.0702, MSE: 0.0477
2025-07-07 13:05:09 - INFO - Epoch 953/1000, Loss: 0.0693, Dice: 0.0596, MSE: 0.0482
2025-07-07 13:05:22 - INFO - Epoch 954/1000, Loss: 0.0729, Dice: 0.0634, MSE: 0.0480
2025-07-07 13:05:35 - INFO - Epoch 955/1000, Loss: 0.0795, Dice: 0.0702, MSE: 0.0464
2025-07-07 13:05:47 - INFO - Epoch 956/1000, Loss: 0.0804, Dice: 0.0718, MSE: 0.0431
2025-07-07 13:06:00 - INFO - Epoch 957/1000, Loss: 0.0713, Dice: 0.0626, MSE: 0.0436
2025-07-07 13:06:13 - INFO - Epoch 958/1000, Loss: 0.0958, Dice: 0.0867, MSE: 0.0454
2025-07-07 13:06:26 - INFO - Epoch 959/1000, Loss: 0.0717, Dice: 0.0620, MSE: 0.0483
2025-07-07 13:06:39 - INFO - Epoch 960/1000, Loss: 0.0766, Dice: 0.0671, MSE: 0.0473
2025-07-07 13:06:40 - INFO - 模型已保存至: epoch_960.pth
2025-07-07 13:06:53 - INFO - Epoch 961/1000, Loss: 0.0639, Dice: 0.0555, MSE: 0.0421
2025-07-07 13:07:06 - INFO - Epoch 962/1000, Loss: 0.0792, Dice: 0.0701, MSE: 0.0453
2025-07-07 13:07:19 - INFO - Epoch 963/1000, Loss: 0.0569, Dice: 0.0477, MSE: 0.0458
2025-07-07 13:07:32 - INFO - Epoch 964/1000, Loss: 0.0543, Dice: 0.0450, MSE: 0.0464
2025-07-07 13:07:44 - INFO - Epoch 965/1000, Loss: 0.0546, Dice: 0.0457, MSE: 0.0447
2025-07-07 13:07:57 - INFO - Epoch 966/1000, Loss: 0.0545, Dice: 0.0457, MSE: 0.0439
2025-07-07 13:08:10 - INFO - Epoch 967/1000, Loss: 0.0509, Dice: 0.0420, MSE: 0.0443
2025-07-07 13:08:23 - INFO - Epoch 968/1000, Loss: 0.0488, Dice: 0.0396, MSE: 0.0462
2025-07-07 13:08:36 - INFO - Epoch 969/1000, Loss: 0.0466, Dice: 0.0375, MSE: 0.0458
2025-07-07 13:08:49 - INFO - Epoch 970/1000, Loss: 0.0507, Dice: 0.0420, MSE: 0.0433
2025-07-07 13:09:02 - INFO - Epoch 971/1000, Loss: 0.0433, Dice: 0.0346, MSE: 0.0436
2025-07-07 13:09:14 - INFO - Epoch 972/1000, Loss: 0.0440, Dice: 0.0349, MSE: 0.0454
2025-07-07 13:09:27 - INFO - Epoch 973/1000, Loss: 0.0448, Dice: 0.0359, MSE: 0.0442
2025-07-07 13:09:40 - INFO - Epoch 974/1000, Loss: 0.0436, Dice: 0.0351, MSE: 0.0423
2025-07-07 13:09:53 - INFO - Epoch 975/1000, Loss: 0.0453, Dice: 0.0367, MSE: 0.0431
2025-07-07 13:10:06 - INFO - Epoch 976/1000, Loss: 0.0527, Dice: 0.0444, MSE: 0.0411
2025-07-07 13:10:19 - INFO - Epoch 977/1000, Loss: 0.0481, Dice: 0.0398, MSE: 0.0417
2025-07-07 13:10:31 - INFO - Epoch 978/1000, Loss: 0.0476, Dice: 0.0382, MSE: 0.0467
2025-07-07 13:10:44 - INFO - Epoch 979/1000, Loss: 0.0428, Dice: 0.0344, MSE: 0.0421
2025-07-07 13:10:57 - INFO - Epoch 980/1000, Loss: 0.0552, Dice: 0.0470, MSE: 0.0406
2025-07-07 13:10:59 - INFO - 模型已保存至: epoch_980.pth
2025-07-07 13:11:11 - INFO - Epoch 981/1000, Loss: 0.0466, Dice: 0.0379, MSE: 0.0438
2025-07-07 13:11:24 - INFO - Epoch 982/1000, Loss: 0.0522, Dice: 0.0434, MSE: 0.0441
2025-07-07 13:11:37 - INFO - Epoch 983/1000, Loss: 0.0440, Dice: 0.0353, MSE: 0.0432
2025-07-07 13:11:50 - INFO - Epoch 984/1000, Loss: 0.0442, Dice: 0.0360, MSE: 0.0414
2025-07-07 13:12:03 - INFO - Epoch 985/1000, Loss: 0.0445, Dice: 0.0360, MSE: 0.0421
2025-07-07 13:12:15 - INFO - Epoch 986/1000, Loss: 0.0472, Dice: 0.0387, MSE: 0.0426
2025-07-07 13:12:28 - INFO - Epoch 987/1000, Loss: 0.0481, Dice: 0.0399, MSE: 0.0412
2025-07-07 13:12:41 - INFO - Epoch 988/1000, Loss: 0.0714, Dice: 0.0627, MSE: 0.0435
2025-07-07 13:12:54 - INFO - Epoch 989/1000, Loss: 0.0481, Dice: 0.0395, MSE: 0.0428
2025-07-07 13:13:07 - INFO - Epoch 990/1000, Loss: 0.0417, Dice: 0.0335, MSE: 0.0410
2025-07-07 13:13:20 - INFO - Epoch 991/1000, Loss: 0.0453, Dice: 0.0371, MSE: 0.0408
2025-07-07 13:13:32 - INFO - Epoch 992/1000, Loss: 0.0484, Dice: 0.0401, MSE: 0.0411
2025-07-07 13:13:45 - INFO - Epoch 993/1000, Loss: 0.0399, Dice: 0.0318, MSE: 0.0408
2025-07-07 13:13:58 - INFO - Epoch 994/1000, Loss: 0.0411, Dice: 0.0330, MSE: 0.0405
2025-07-07 13:14:11 - INFO - Epoch 995/1000, Loss: 0.0452, Dice: 0.0373, MSE: 0.0398
2025-07-07 13:14:24 - INFO - Epoch 996/1000, Loss: 0.0424, Dice: 0.0345, MSE: 0.0396
2025-07-07 13:14:37 - INFO - Epoch 997/1000, Loss: 0.0432, Dice: 0.0347, MSE: 0.0422
2025-07-07 13:14:49 - INFO - Epoch 998/1000, Loss: 0.0429, Dice: 0.0346, MSE: 0.0419
2025-07-07 13:15:02 - INFO - Epoch 999/1000, Loss: 0.0407, Dice: 0.0323, MSE: 0.0423
2025-07-07 13:15:15 - INFO - Epoch 1000/1000, Loss: 0.0446, Dice: 0.0358, MSE: 0.0442
2025-07-07 13:15:17 - INFO - 模型已保存至: epoch_1000.pth
2025-07-07 13:15:17 - INFO - 训练完成！
