2025-07-04 01:10:58 - INFO - Logging is set up.
2025-07-04 01:10:58 - INFO - 
======================================== New Training Session Started ========================================
2025-07-04 01:10:58 - INFO - Logging is set up.
2025-07-04 01:10:58 - INFO - 
======================================== New Training Session Started ========================================
2025-07-04 01:10:58 - INFO - Initialized distributed training on GPU 0. World size: 2
2025-07-04 01:10:58 - INFO - Training configuration:
{
  "seed": 42,
  "epochs": 600,
  "batch_size": 3,
  "learning_rate": 0.0001,
  "log_path": "./result/VNet_Multi_V3/Amos_102/Training.log",
  "pth_path": "./result/VNet_Multi_V3/Amos_102/Pth",
  "tensorboard_path": "./result/VNet_Multi_V3/Amos_102/Train",
  "continue_train": false,
  "multi_gpu": true,
  "training_num": 102,
  "dataset_path": "./datasets/AMOS",
  "num_classes": 16,
  "patch_size": [
    160,
    160,
    80
  ]
}
2025-07-04 01:10:58 - INFO - Creating new TensorBoard log directory: ./result/VNet_Multi_V3/Amos_102/Train/20250704-011058
2025-07-04 01:10:58 - INFO - Initializing AMOS dataset...
2025-07-04 01:10:58 - INFO - Initialized distributed training on GPU 1. World size: 2
2025-07-04 01:10:58 - INFO - Training configuration:
{
  "seed": 42,
  "epochs": 600,
  "batch_size": 3,
  "learning_rate": 0.0001,
  "log_path": "./result/VNet_Multi_V3/Amos_102/Training.log",
  "pth_path": "./result/VNet_Multi_V3/Amos_102/Pth",
  "tensorboard_path": "./result/VNet_Multi_V3/Amos_102/Train",
  "continue_train": false,
  "multi_gpu": true,
  "training_num": 102,
  "dataset_path": "./datasets/AMOS",
  "num_classes": 16,
  "patch_size": [
    160,
    160,
    80
  ]
}
2025-07-04 01:10:58 - INFO - Initializing AMOS dataset...
2025-07-04 01:10:59 - INFO - Successfully loaded 102 training samples.
2025-07-04 01:10:59 - INFO - DataLoader created with batch size: 3, num_workers: 24, shuffle: False.
2025-07-04 01:10:59 - INFO - Initializing VNet model...
2025-07-04 01:10:59 - INFO - Model VNet created with 16 classes and batch normalization.
2025-07-04 01:10:59 - INFO - Successfully loaded 102 training samples.
2025-07-04 01:10:59 - INFO - DataLoader created with batch size: 3, num_workers: 24, shuffle: False.
2025-07-04 01:10:59 - INFO - Initializing VNet model...
2025-07-04 01:10:59 - INFO - Model VNet created with 16 classes and batch normalization.
2025-07-04 01:10:59 - INFO - Starting training from scratch.
2025-07-04 01:10:59 - INFO - Starting training from scratch.
2025-07-04 01:10:59 - INFO - Wrapped model with DistributedDataParallel (DDP).
2025-07-04 01:10:59 - INFO - Using loss function: UnifiedLoss with parameters: num_classes=16, lambda_reg=0.3, loss_weight=[1,1]
2025-07-04 01:10:59 - INFO - Optimizer: AdamW with learning rate: 0.0001, weight_decay: 0.01
2025-07-04 01:10:59 - INFO - Starting model training from epoch 1 to 600...
2025-07-04 01:10:59 - INFO - Wrapped model with DistributedDataParallel (DDP).
2025-07-04 01:10:59 - INFO - Using loss function: UnifiedLoss with parameters: num_classes=16, lambda_reg=0.3, loss_weight=[1,1]
2025-07-04 01:10:59 - INFO - Optimizer: AdamW with learning rate: 0.0001, weight_decay: 0.01
2025-07-04 01:10:59 - INFO - Starting model training from epoch 1 to 600...
2025-07-04 01:11:15 - INFO - Epoch 1/600 finished. Average Training Loss: 4.0933
2025-07-04 01:11:28 - INFO - Epoch 2/600 finished. Average Training Loss: 3.9307
2025-07-04 01:11:42 - INFO - Epoch 3/600 finished. Average Training Loss: 3.8777
2025-07-04 01:11:56 - INFO - Epoch 4/600 finished. Average Training Loss: 3.7707
2025-07-04 01:12:10 - INFO - Epoch 5/600 finished. Average Training Loss: 3.7416
2025-07-04 01:12:37 - INFO - Epoch 6/600 finished. Average Training Loss: 3.7015
2025-07-04 01:13:04 - INFO - Epoch 7/600 finished. Average Training Loss: 3.6848
2025-07-04 01:13:31 - INFO - Epoch 8/600 finished. Average Training Loss: 3.5683
2025-07-04 01:13:57 - INFO - Epoch 9/600 finished. Average Training Loss: 3.5373
2025-07-04 01:14:24 - INFO - Epoch 10/600 finished. Average Training Loss: 3.5330
2025-07-04 01:14:50 - INFO - Epoch 11/600 finished. Average Training Loss: 3.4888
2025-07-04 01:15:16 - INFO - Epoch 12/600 finished. Average Training Loss: 3.4707
2025-07-04 01:15:42 - INFO - Epoch 13/600 finished. Average Training Loss: 3.4852
2025-07-04 01:16:10 - INFO - Epoch 14/600 finished. Average Training Loss: 3.3631
2025-07-04 01:16:37 - INFO - Epoch 15/600 finished. Average Training Loss: 3.3905
2025-07-04 01:17:03 - INFO - Epoch 16/600 finished. Average Training Loss: 3.3169
2025-07-04 01:17:30 - INFO - Epoch 17/600 finished. Average Training Loss: 3.2655
2025-07-04 01:17:56 - INFO - Epoch 18/600 finished. Average Training Loss: 3.2857
2025-07-04 01:18:22 - INFO - Epoch 19/600 finished. Average Training Loss: 3.2580
2025-07-04 01:18:49 - INFO - Epoch 20/600 finished. Average Training Loss: 3.2274
2025-07-04 01:18:49 - INFO - Saved checkpoint for epoch 20 to ./result/VNet_Multi_V3/Amos_102/Pth/model_epoch_20_checkpoint.pth
2025-07-04 01:19:16 - INFO - Epoch 21/600 finished. Average Training Loss: 3.1769
2025-07-04 01:19:43 - INFO - Epoch 22/600 finished. Average Training Loss: 3.1671
2025-07-04 01:20:09 - INFO - Epoch 23/600 finished. Average Training Loss: 3.1605
2025-07-04 01:20:36 - INFO - Epoch 24/600 finished. Average Training Loss: 3.1590
2025-07-04 01:21:02 - INFO - Epoch 25/600 finished. Average Training Loss: 3.1348
2025-07-04 01:21:29 - INFO - Epoch 26/600 finished. Average Training Loss: 3.1227
2025-07-04 01:21:55 - INFO - Epoch 27/600 finished. Average Training Loss: 2.9213
2025-07-04 01:22:22 - INFO - Epoch 28/600 finished. Average Training Loss: 3.0473
2025-07-04 01:22:50 - INFO - Epoch 29/600 finished. Average Training Loss: 3.0412
2025-07-04 01:23:16 - INFO - Epoch 30/600 finished. Average Training Loss: 3.0363
2025-07-04 01:23:42 - INFO - Epoch 31/600 finished. Average Training Loss: 3.0211
2025-07-04 01:24:09 - INFO - Epoch 32/600 finished. Average Training Loss: 2.8686
2025-07-04 01:24:35 - INFO - Epoch 33/600 finished. Average Training Loss: 2.9224
2025-07-04 01:25:01 - INFO - Epoch 34/600 finished. Average Training Loss: 2.8512
2025-07-04 01:25:28 - INFO - Epoch 35/600 finished. Average Training Loss: 2.8660
2025-07-04 01:25:55 - INFO - Epoch 36/600 finished. Average Training Loss: 2.8466
2025-07-04 01:26:22 - INFO - Epoch 37/600 finished. Average Training Loss: 2.7970
2025-07-04 01:26:48 - INFO - Epoch 38/600 finished. Average Training Loss: 2.8080
2025-07-04 01:27:14 - INFO - Epoch 39/600 finished. Average Training Loss: 2.7148
2025-07-04 01:27:41 - INFO - Epoch 40/600 finished. Average Training Loss: 2.6903
2025-07-04 01:27:41 - INFO - Saved checkpoint for epoch 40 to ./result/VNet_Multi_V3/Amos_102/Pth/model_epoch_40_checkpoint.pth
2025-07-04 01:28:07 - INFO - Epoch 41/600 finished. Average Training Loss: 2.6697
2025-07-04 01:28:33 - INFO - Epoch 42/600 finished. Average Training Loss: 2.6243
2025-07-04 01:29:00 - INFO - Epoch 43/600 finished. Average Training Loss: 2.7064
2025-07-04 01:29:28 - INFO - Epoch 44/600 finished. Average Training Loss: 2.5803
2025-07-04 01:29:54 - INFO - Epoch 45/600 finished. Average Training Loss: 2.5041
2025-07-04 01:30:20 - INFO - Epoch 46/600 finished. Average Training Loss: 2.5286
2025-07-04 01:30:46 - INFO - Epoch 47/600 finished. Average Training Loss: 2.5438
2025-07-04 01:31:13 - INFO - Epoch 48/600 finished. Average Training Loss: 2.5614
2025-07-04 01:31:39 - INFO - Epoch 49/600 finished. Average Training Loss: 2.4586
2025-07-04 01:32:05 - INFO - Epoch 50/600 finished. Average Training Loss: 2.3619
2025-07-04 01:32:34 - INFO - Epoch 51/600 finished. Average Training Loss: 2.4384
2025-07-04 01:33:00 - INFO - Epoch 52/600 finished. Average Training Loss: 2.4255
2025-07-04 01:33:26 - INFO - Epoch 53/600 finished. Average Training Loss: 2.3011
2025-07-04 01:33:52 - INFO - Epoch 54/600 finished. Average Training Loss: 2.4118
2025-07-04 01:34:18 - INFO - Epoch 55/600 finished. Average Training Loss: 2.3488
2025-07-04 01:34:44 - INFO - Epoch 56/600 finished. Average Training Loss: 2.3113
2025-07-04 01:35:11 - INFO - Epoch 57/600 finished. Average Training Loss: 2.2032
2025-07-04 01:35:38 - INFO - Epoch 58/600 finished. Average Training Loss: 2.3423
2025-07-04 01:36:05 - INFO - Epoch 59/600 finished. Average Training Loss: 2.2993
2025-07-04 01:36:31 - INFO - Epoch 60/600 finished. Average Training Loss: 2.1288
2025-07-04 01:36:31 - INFO - Saved checkpoint for epoch 60 to ./result/VNet_Multi_V3/Amos_102/Pth/model_epoch_60_checkpoint.pth
2025-07-04 01:36:57 - INFO - Epoch 61/600 finished. Average Training Loss: 2.1689
2025-07-04 01:37:24 - INFO - Epoch 62/600 finished. Average Training Loss: 2.1965
2025-07-04 01:37:50 - INFO - Epoch 63/600 finished. Average Training Loss: 2.1290
2025-07-04 01:38:17 - INFO - Epoch 64/600 finished. Average Training Loss: 2.0628
2025-07-04 01:38:44 - INFO - Epoch 65/600 finished. Average Training Loss: 2.1120
2025-07-04 01:39:11 - INFO - Epoch 66/600 finished. Average Training Loss: 2.0898
2025-07-04 01:39:38 - INFO - Epoch 67/600 finished. Average Training Loss: 2.0932
2025-07-04 01:40:04 - INFO - Epoch 68/600 finished. Average Training Loss: 2.0346
2025-07-04 01:40:30 - INFO - Epoch 69/600 finished. Average Training Loss: 2.1042
2025-07-04 01:40:56 - INFO - Epoch 70/600 finished. Average Training Loss: 2.0103
2025-07-04 01:41:23 - INFO - Epoch 71/600 finished. Average Training Loss: 2.0328
2025-07-04 01:41:48 - INFO - Epoch 72/600 finished. Average Training Loss: 2.0564
2025-07-04 01:42:17 - INFO - Epoch 73/600 finished. Average Training Loss: 1.9240
2025-07-04 01:42:42 - INFO - Epoch 74/600 finished. Average Training Loss: 1.8622
2025-07-04 01:43:09 - INFO - Epoch 75/600 finished. Average Training Loss: 1.9044
2025-07-04 01:43:35 - INFO - Epoch 76/600 finished. Average Training Loss: 1.8580
2025-07-04 01:44:01 - INFO - Epoch 77/600 finished. Average Training Loss: 1.9826
2025-07-04 01:44:27 - INFO - Epoch 78/600 finished. Average Training Loss: 1.8879
2025-07-04 01:44:53 - INFO - Epoch 79/600 finished. Average Training Loss: 1.8036
2025-07-04 01:45:22 - INFO - Epoch 80/600 finished. Average Training Loss: 1.9380
2025-07-04 01:45:22 - INFO - Saved checkpoint for epoch 80 to ./result/VNet_Multi_V3/Amos_102/Pth/model_epoch_80_checkpoint.pth
2025-07-04 01:45:49 - INFO - Epoch 81/600 finished. Average Training Loss: 1.8435
2025-07-04 01:46:15 - INFO - Epoch 82/600 finished. Average Training Loss: 1.8668
2025-07-04 01:46:40 - INFO - Epoch 83/600 finished. Average Training Loss: 1.8188
2025-07-04 01:47:07 - INFO - Epoch 84/600 finished. Average Training Loss: 1.8426
2025-07-04 01:47:33 - INFO - Epoch 85/600 finished. Average Training Loss: 1.8384
2025-07-04 01:47:59 - INFO - Epoch 86/600 finished. Average Training Loss: 1.7317
2025-07-04 01:48:25 - INFO - Epoch 87/600 finished. Average Training Loss: 1.6505
2025-07-04 01:48:53 - INFO - Epoch 88/600 finished. Average Training Loss: 1.6424
2025-07-04 01:49:20 - INFO - Epoch 89/600 finished. Average Training Loss: 1.7529
2025-07-04 01:49:46 - INFO - Epoch 90/600 finished. Average Training Loss: 1.6075
2025-07-04 01:50:13 - INFO - Epoch 91/600 finished. Average Training Loss: 1.5557
2025-07-04 01:50:39 - INFO - Epoch 92/600 finished. Average Training Loss: 1.5940
2025-07-04 01:51:05 - INFO - Epoch 93/600 finished. Average Training Loss: 1.6549
2025-07-04 01:51:32 - INFO - Epoch 94/600 finished. Average Training Loss: 1.5792
2025-07-04 01:51:59 - INFO - Epoch 95/600 finished. Average Training Loss: 1.6235
2025-07-04 01:52:27 - INFO - Epoch 96/600 finished. Average Training Loss: 1.5642
2025-07-04 01:52:53 - INFO - Epoch 97/600 finished. Average Training Loss: 1.5183
2025-07-04 01:53:19 - INFO - Epoch 98/600 finished. Average Training Loss: 1.4697
2025-07-04 01:53:45 - INFO - Epoch 99/600 finished. Average Training Loss: 1.5152
2025-07-04 01:54:12 - INFO - Epoch 100/600 finished. Average Training Loss: 1.4813
2025-07-04 01:54:12 - INFO - Saved checkpoint for epoch 100 to ./result/VNet_Multi_V3/Amos_102/Pth/model_epoch_100_checkpoint.pth
2025-07-04 01:54:38 - INFO - Epoch 101/600 finished. Average Training Loss: 1.4229
2025-07-04 01:55:04 - INFO - Epoch 102/600 finished. Average Training Loss: 1.4714
2025-07-04 01:55:32 - INFO - Epoch 103/600 finished. Average Training Loss: 1.4394
2025-07-04 01:55:58 - INFO - Epoch 104/600 finished. Average Training Loss: 1.5648
2025-07-04 01:56:24 - INFO - Epoch 105/600 finished. Average Training Loss: 1.3641
2025-07-04 01:56:50 - INFO - Epoch 106/600 finished. Average Training Loss: 1.3921
2025-07-04 01:57:16 - INFO - Epoch 107/600 finished. Average Training Loss: 1.3749
2025-07-04 01:57:43 - INFO - Epoch 108/600 finished. Average Training Loss: 1.4064
2025-07-04 01:58:09 - INFO - Epoch 109/600 finished. Average Training Loss: 1.4197
2025-07-04 01:58:38 - INFO - Epoch 110/600 finished. Average Training Loss: 1.2778
2025-07-04 01:59:04 - INFO - Epoch 111/600 finished. Average Training Loss: 1.3719
2025-07-04 01:59:30 - INFO - Epoch 112/600 finished. Average Training Loss: 1.3306
2025-07-04 01:59:57 - INFO - Epoch 113/600 finished. Average Training Loss: 1.3690
2025-07-04 02:00:23 - INFO - Epoch 114/600 finished. Average Training Loss: 1.3358
2025-07-04 02:00:50 - INFO - Epoch 115/600 finished. Average Training Loss: 1.3290
2025-07-04 02:01:16 - INFO - Epoch 116/600 finished. Average Training Loss: 1.3202
2025-07-04 02:01:43 - INFO - Epoch 117/600 finished. Average Training Loss: 1.1536
2025-07-04 02:02:10 - INFO - Epoch 118/600 finished. Average Training Loss: 1.3295
2025-07-04 02:02:36 - INFO - Epoch 119/600 finished. Average Training Loss: 1.1709
2025-07-04 02:03:02 - INFO - Epoch 120/600 finished. Average Training Loss: 1.2286
2025-07-04 02:03:03 - INFO - Saved checkpoint for epoch 120 to ./result/VNet_Multi_V3/Amos_102/Pth/model_epoch_120_checkpoint.pth
2025-07-04 02:03:28 - INFO - Epoch 121/600 finished. Average Training Loss: 1.1688
2025-07-04 02:03:55 - INFO - Epoch 122/600 finished. Average Training Loss: 1.3195
2025-07-04 02:04:21 - INFO - Epoch 123/600 finished. Average Training Loss: 1.1745
2025-07-04 02:04:48 - INFO - Epoch 124/600 finished. Average Training Loss: 1.1185
2025-07-04 02:05:16 - INFO - Epoch 125/600 finished. Average Training Loss: 1.2163
2025-07-04 02:05:42 - INFO - Epoch 126/600 finished. Average Training Loss: 1.1974
2025-07-04 02:06:08 - INFO - Epoch 127/600 finished. Average Training Loss: 1.2145
2025-07-04 02:06:35 - INFO - Epoch 128/600 finished. Average Training Loss: 1.2261
2025-07-04 02:07:01 - INFO - Epoch 129/600 finished. Average Training Loss: 1.2158
2025-07-04 02:07:27 - INFO - Epoch 130/600 finished. Average Training Loss: 1.1335
2025-07-04 02:07:54 - INFO - Epoch 131/600 finished. Average Training Loss: 1.2057
2025-07-04 02:08:21 - INFO - Epoch 132/600 finished. Average Training Loss: 1.1812
2025-07-04 02:08:48 - INFO - Epoch 133/600 finished. Average Training Loss: 1.0878
2025-07-04 02:09:14 - INFO - Epoch 134/600 finished. Average Training Loss: 1.0522
2025-07-04 02:09:41 - INFO - Epoch 135/600 finished. Average Training Loss: 1.1151
2025-07-04 02:10:08 - INFO - Epoch 136/600 finished. Average Training Loss: 1.0528
2025-07-04 02:10:34 - INFO - Epoch 137/600 finished. Average Training Loss: 1.1759
2025-07-04 02:11:00 - INFO - Epoch 138/600 finished. Average Training Loss: 1.0816
2025-07-04 02:11:28 - INFO - Epoch 139/600 finished. Average Training Loss: 1.1185
2025-07-04 02:11:55 - INFO - Epoch 140/600 finished. Average Training Loss: 1.0568
2025-07-04 02:11:55 - INFO - Saved checkpoint for epoch 140 to ./result/VNet_Multi_V3/Amos_102/Pth/model_epoch_140_checkpoint.pth
2025-07-04 02:12:21 - INFO - Epoch 141/600 finished. Average Training Loss: 1.0403
2025-07-04 02:12:47 - INFO - Epoch 142/600 finished. Average Training Loss: 1.0127
2025-07-04 02:13:13 - INFO - Epoch 143/600 finished. Average Training Loss: 1.1450
2025-07-04 02:13:39 - INFO - Epoch 144/600 finished. Average Training Loss: 0.9776
2025-07-04 02:14:06 - INFO - Epoch 145/600 finished. Average Training Loss: 1.0402
2025-07-04 02:14:34 - INFO - Epoch 146/600 finished. Average Training Loss: 1.0526
2025-07-04 02:15:00 - INFO - Epoch 147/600 finished. Average Training Loss: 1.0667
2025-07-04 02:15:26 - INFO - Epoch 148/600 finished. Average Training Loss: 1.0543
2025-07-04 02:15:52 - INFO - Epoch 149/600 finished. Average Training Loss: 0.9458
2025-07-04 02:16:18 - INFO - Epoch 150/600 finished. Average Training Loss: 1.1014
2025-07-04 02:16:45 - INFO - Epoch 151/600 finished. Average Training Loss: 0.9702
2025-07-04 02:17:11 - INFO - Epoch 152/600 finished. Average Training Loss: 0.9287
2025-07-04 02:17:39 - INFO - Epoch 153/600 finished. Average Training Loss: 0.9991
2025-07-04 02:18:05 - INFO - Epoch 154/600 finished. Average Training Loss: 0.8922
2025-07-04 02:18:31 - INFO - Epoch 155/600 finished. Average Training Loss: 0.9493
2025-07-04 02:18:58 - INFO - Epoch 156/600 finished. Average Training Loss: 0.9651
2025-07-04 02:19:24 - INFO - Epoch 157/600 finished. Average Training Loss: 0.9091
2025-07-04 02:19:50 - INFO - Epoch 158/600 finished. Average Training Loss: 0.9255
2025-07-04 02:20:17 - INFO - Epoch 159/600 finished. Average Training Loss: 0.9284
2025-07-04 02:20:45 - INFO - Epoch 160/600 finished. Average Training Loss: 0.8844
2025-07-04 02:20:46 - INFO - Saved checkpoint for epoch 160 to ./result/VNet_Multi_V3/Amos_102/Pth/model_epoch_160_checkpoint.pth
2025-07-04 02:21:12 - INFO - Epoch 161/600 finished. Average Training Loss: 0.9185
2025-07-04 02:21:38 - INFO - Epoch 162/600 finished. Average Training Loss: 0.8715
2025-07-04 02:22:05 - INFO - Epoch 163/600 finished. Average Training Loss: 0.7871
2025-07-04 02:22:31 - INFO - Epoch 164/600 finished. Average Training Loss: 0.9457
2025-07-04 02:22:57 - INFO - Epoch 165/600 finished. Average Training Loss: 0.9005
2025-07-04 02:23:23 - INFO - Epoch 166/600 finished. Average Training Loss: 0.9346
2025-07-04 02:23:51 - INFO - Epoch 167/600 finished. Average Training Loss: 0.8923
2025-07-04 02:24:18 - INFO - Epoch 168/600 finished. Average Training Loss: 0.9273
2025-07-04 02:24:44 - INFO - Epoch 169/600 finished. Average Training Loss: 0.9332
2025-07-04 02:25:10 - INFO - Epoch 170/600 finished. Average Training Loss: 0.8374
2025-07-04 02:25:37 - INFO - Epoch 171/600 finished. Average Training Loss: 0.9087
2025-07-04 02:26:03 - INFO - Epoch 172/600 finished. Average Training Loss: 0.9134
2025-07-04 02:26:29 - INFO - Epoch 173/600 finished. Average Training Loss: 0.8131
2025-07-04 02:26:57 - INFO - Epoch 174/600 finished. Average Training Loss: 0.9019
2025-07-04 02:27:24 - INFO - Epoch 175/600 finished. Average Training Loss: 0.8130
2025-07-04 02:27:50 - INFO - Epoch 176/600 finished. Average Training Loss: 0.8013
2025-07-04 02:28:17 - INFO - Epoch 177/600 finished. Average Training Loss: 0.7997
2025-07-04 02:28:43 - INFO - Epoch 178/600 finished. Average Training Loss: 0.7949
2025-07-04 02:29:09 - INFO - Epoch 179/600 finished. Average Training Loss: 0.7897
2025-07-04 02:29:36 - INFO - Epoch 180/600 finished. Average Training Loss: 0.7870
2025-07-04 02:29:36 - INFO - Saved checkpoint for epoch 180 to ./result/VNet_Multi_V3/Amos_102/Pth/model_epoch_180_checkpoint.pth
2025-07-04 02:30:02 - INFO - Epoch 181/600 finished. Average Training Loss: 0.7738
2025-07-04 02:30:30 - INFO - Epoch 182/600 finished. Average Training Loss: 0.7278
2025-07-04 02:30:56 - INFO - Epoch 183/600 finished. Average Training Loss: 0.8339
2025-07-04 02:31:23 - INFO - Epoch 184/600 finished. Average Training Loss: 0.7554
2025-07-04 02:31:49 - INFO - Epoch 185/600 finished. Average Training Loss: 0.8009
2025-07-04 02:32:16 - INFO - Epoch 186/600 finished. Average Training Loss: 0.8051
2025-07-04 02:32:42 - INFO - Epoch 187/600 finished. Average Training Loss: 0.8734
2025-07-04 02:33:09 - INFO - Epoch 188/600 finished. Average Training Loss: 0.8683
2025-07-04 02:33:37 - INFO - Epoch 189/600 finished. Average Training Loss: 0.7803
2025-07-04 02:34:04 - INFO - Epoch 190/600 finished. Average Training Loss: 0.7026
2025-07-04 02:34:30 - INFO - Epoch 191/600 finished. Average Training Loss: 0.7862
2025-07-04 02:34:57 - INFO - Epoch 192/600 finished. Average Training Loss: 0.6962
2025-07-04 02:35:23 - INFO - Epoch 193/600 finished. Average Training Loss: 0.7206
2025-07-04 02:35:49 - INFO - Epoch 194/600 finished. Average Training Loss: 0.7843
2025-07-04 02:36:16 - INFO - Epoch 195/600 finished. Average Training Loss: 0.7435
2025-07-04 02:36:43 - INFO - Epoch 196/600 finished. Average Training Loss: 0.6917
2025-07-04 02:37:11 - INFO - Epoch 197/600 finished. Average Training Loss: 0.7382
2025-07-04 02:37:37 - INFO - Epoch 198/600 finished. Average Training Loss: 0.7628
2025-07-04 02:38:03 - INFO - Epoch 199/600 finished. Average Training Loss: 0.7658
2025-07-04 02:38:30 - INFO - Epoch 200/600 finished. Average Training Loss: 0.7777
2025-07-04 02:38:30 - INFO - Saved checkpoint for epoch 200 to ./result/VNet_Multi_V3/Amos_102/Pth/model_epoch_200_checkpoint.pth
2025-07-04 02:38:56 - INFO - Epoch 201/600 finished. Average Training Loss: 0.6794
2025-07-04 02:39:22 - INFO - Epoch 202/600 finished. Average Training Loss: 0.6772
2025-07-04 02:39:48 - INFO - Epoch 203/600 finished. Average Training Loss: 0.7953
2025-07-04 02:40:16 - INFO - Epoch 204/600 finished. Average Training Loss: 0.6966
2025-07-04 02:40:43 - INFO - Epoch 205/600 finished. Average Training Loss: 0.6667
2025-07-04 02:41:09 - INFO - Epoch 206/600 finished. Average Training Loss: 0.7131
2025-07-04 02:41:36 - INFO - Epoch 207/600 finished. Average Training Loss: 0.6602
2025-07-04 02:42:02 - INFO - Epoch 208/600 finished. Average Training Loss: 0.7353
2025-07-04 02:42:29 - INFO - Epoch 209/600 finished. Average Training Loss: 0.7036
2025-07-04 02:42:55 - INFO - Epoch 210/600 finished. Average Training Loss: 0.7200
2025-07-04 02:43:24 - INFO - Epoch 211/600 finished. Average Training Loss: 0.6560
2025-07-04 02:43:50 - INFO - Epoch 212/600 finished. Average Training Loss: 0.6487
2025-07-04 02:44:17 - INFO - Epoch 213/600 finished. Average Training Loss: 0.6931
2025-07-04 02:44:43 - INFO - Epoch 214/600 finished. Average Training Loss: 0.5968
2025-07-04 02:45:10 - INFO - Epoch 215/600 finished. Average Training Loss: 0.5929
2025-07-04 02:45:37 - INFO - Epoch 216/600 finished. Average Training Loss: 0.6360
2025-07-04 02:46:03 - INFO - Epoch 217/600 finished. Average Training Loss: 0.5406
2025-07-04 02:46:31 - INFO - Epoch 218/600 finished. Average Training Loss: 0.5726
2025-07-04 02:46:58 - INFO - Epoch 219/600 finished. Average Training Loss: 0.6339
2025-07-04 02:47:24 - INFO - Epoch 220/600 finished. Average Training Loss: 0.6334
2025-07-04 02:47:24 - INFO - Saved checkpoint for epoch 220 to ./result/VNet_Multi_V3/Amos_102/Pth/model_epoch_220_checkpoint.pth
2025-07-04 02:47:51 - INFO - Epoch 221/600 finished. Average Training Loss: 0.5808
2025-07-04 02:48:17 - INFO - Epoch 222/600 finished. Average Training Loss: 0.6322
2025-07-04 02:48:44 - INFO - Epoch 223/600 finished. Average Training Loss: 0.5233
2025-07-04 02:49:10 - INFO - Epoch 224/600 finished. Average Training Loss: 0.5508
2025-07-04 02:49:37 - INFO - Epoch 225/600 finished. Average Training Loss: 0.6863
2025-07-04 02:50:05 - INFO - Epoch 226/600 finished. Average Training Loss: 0.5455
2025-07-04 02:50:32 - INFO - Epoch 227/600 finished. Average Training Loss: 0.5456
2025-07-04 02:50:59 - INFO - Epoch 228/600 finished. Average Training Loss: 0.5625
2025-07-04 02:51:25 - INFO - Epoch 229/600 finished. Average Training Loss: 0.5025
2025-07-04 02:51:52 - INFO - Epoch 230/600 finished. Average Training Loss: 0.5750
2025-07-04 02:52:19 - INFO - Epoch 231/600 finished. Average Training Loss: 0.6045
2025-07-04 02:52:46 - INFO - Epoch 232/600 finished. Average Training Loss: 0.5698
2025-07-04 02:53:13 - INFO - Epoch 233/600 finished. Average Training Loss: 0.5562
2025-07-04 02:53:39 - INFO - Epoch 234/600 finished. Average Training Loss: 0.5091
2025-07-04 02:54:06 - INFO - Epoch 235/600 finished. Average Training Loss: 0.4975
2025-07-04 02:54:32 - INFO - Epoch 236/600 finished. Average Training Loss: 0.5350
2025-07-04 02:54:58 - INFO - Epoch 237/600 finished. Average Training Loss: 0.5163
2025-07-04 02:55:25 - INFO - Epoch 238/600 finished. Average Training Loss: 0.4994
2025-07-04 02:55:51 - INFO - Epoch 239/600 finished. Average Training Loss: 0.4443
2025-07-04 02:56:17 - INFO - Epoch 240/600 finished. Average Training Loss: 0.5528
2025-07-04 02:56:18 - INFO - Saved checkpoint for epoch 240 to ./result/VNet_Multi_V3/Amos_102/Pth/model_epoch_240_checkpoint.pth
2025-07-04 02:56:46 - INFO - Epoch 241/600 finished. Average Training Loss: 0.5111
2025-07-04 02:57:12 - INFO - Epoch 242/600 finished. Average Training Loss: 0.4309
2025-07-04 02:57:38 - INFO - Epoch 243/600 finished. Average Training Loss: 0.4464
2025-07-04 02:58:04 - INFO - Epoch 244/600 finished. Average Training Loss: 0.5008
2025-07-04 02:58:31 - INFO - Epoch 245/600 finished. Average Training Loss: 0.5310
2025-07-04 02:58:57 - INFO - Epoch 246/600 finished. Average Training Loss: 0.4942
2025-07-04 02:59:24 - INFO - Epoch 247/600 finished. Average Training Loss: 0.5069
2025-07-04 02:59:51 - INFO - Epoch 248/600 finished. Average Training Loss: 0.4648
2025-07-04 03:00:18 - INFO - Epoch 249/600 finished. Average Training Loss: 0.4831
2025-07-04 03:00:44 - INFO - Epoch 250/600 finished. Average Training Loss: 0.4834
2025-07-04 03:01:11 - INFO - Epoch 251/600 finished. Average Training Loss: 0.4477
2025-07-04 03:01:37 - INFO - Epoch 252/600 finished. Average Training Loss: 0.4647
2025-07-04 03:02:04 - INFO - Epoch 253/600 finished. Average Training Loss: 0.4500
2025-07-04 03:02:30 - INFO - Epoch 254/600 finished. Average Training Loss: 0.5271
2025-07-04 03:02:57 - INFO - Epoch 255/600 finished. Average Training Loss: 0.4636
2025-07-04 03:03:25 - INFO - Epoch 256/600 finished. Average Training Loss: 0.4221
2025-07-04 03:03:52 - INFO - Epoch 257/600 finished. Average Training Loss: 0.4834
2025-07-04 03:04:19 - INFO - Epoch 258/600 finished. Average Training Loss: 0.5013
2025-07-04 03:04:45 - INFO - Epoch 259/600 finished. Average Training Loss: 0.4594
2025-07-04 03:05:11 - INFO - Epoch 260/600 finished. Average Training Loss: 0.5198
2025-07-04 03:05:12 - INFO - Saved checkpoint for epoch 260 to ./result/VNet_Multi_V3/Amos_102/Pth/model_epoch_260_checkpoint.pth
2025-07-04 03:05:38 - INFO - Epoch 261/600 finished. Average Training Loss: 0.4611
2025-07-04 03:06:04 - INFO - Epoch 262/600 finished. Average Training Loss: 0.3741
2025-07-04 03:06:31 - INFO - Epoch 263/600 finished. Average Training Loss: 0.4663
2025-07-04 03:06:59 - INFO - Epoch 264/600 finished. Average Training Loss: 0.4597
2025-07-04 03:07:25 - INFO - Epoch 265/600 finished. Average Training Loss: 0.4547
2025-07-04 03:07:52 - INFO - Epoch 266/600 finished. Average Training Loss: 0.4299
2025-07-04 03:08:18 - INFO - Epoch 267/600 finished. Average Training Loss: 0.4087
2025-07-04 03:08:45 - INFO - Epoch 268/600 finished. Average Training Loss: 0.3589
2025-07-04 03:09:11 - INFO - Epoch 269/600 finished. Average Training Loss: 0.3697
2025-07-04 03:09:38 - INFO - Epoch 270/600 finished. Average Training Loss: 0.3808
2025-07-04 03:10:06 - INFO - Epoch 271/600 finished. Average Training Loss: 0.4658
2025-07-04 03:10:33 - INFO - Epoch 272/600 finished. Average Training Loss: 0.4219
2025-07-04 03:10:59 - INFO - Epoch 273/600 finished. Average Training Loss: 0.3446
2025-07-04 03:11:26 - INFO - Epoch 274/600 finished. Average Training Loss: 0.4238
2025-07-04 03:11:52 - INFO - Epoch 275/600 finished. Average Training Loss: 0.4190
2025-07-04 03:12:18 - INFO - Epoch 276/600 finished. Average Training Loss: 0.3983
2025-07-04 03:12:44 - INFO - Epoch 277/600 finished. Average Training Loss: 0.3800
2025-07-04 03:13:12 - INFO - Epoch 278/600 finished. Average Training Loss: 0.4362
2025-07-04 03:13:40 - INFO - Epoch 279/600 finished. Average Training Loss: 0.3687
2025-07-04 03:14:06 - INFO - Epoch 280/600 finished. Average Training Loss: 0.3677
2025-07-04 03:14:06 - INFO - Saved checkpoint for epoch 280 to ./result/VNet_Multi_V3/Amos_102/Pth/model_epoch_280_checkpoint.pth
2025-07-04 03:14:32 - INFO - Epoch 281/600 finished. Average Training Loss: 0.3255
2025-07-04 03:14:59 - INFO - Epoch 282/600 finished. Average Training Loss: 0.4257
2025-07-04 03:15:25 - INFO - Epoch 283/600 finished. Average Training Loss: 0.2968
2025-07-04 03:15:52 - INFO - Epoch 284/600 finished. Average Training Loss: 0.4301
2025-07-04 03:16:18 - INFO - Epoch 285/600 finished. Average Training Loss: 0.3619
2025-07-04 03:16:46 - INFO - Epoch 286/600 finished. Average Training Loss: 0.4411
2025-07-04 03:17:13 - INFO - Epoch 287/600 finished. Average Training Loss: 0.2983
2025-07-04 03:17:39 - INFO - Epoch 288/600 finished. Average Training Loss: 0.2685
2025-07-04 03:18:05 - INFO - Epoch 289/600 finished. Average Training Loss: 0.4215
2025-07-04 03:18:31 - INFO - Epoch 290/600 finished. Average Training Loss: 0.3331
2025-07-04 03:18:58 - INFO - Epoch 291/600 finished. Average Training Loss: 0.2515
2025-07-04 03:19:24 - INFO - Epoch 292/600 finished. Average Training Loss: 0.3259
2025-07-04 03:19:51 - INFO - Epoch 293/600 finished. Average Training Loss: 0.2635
2025-07-04 03:20:19 - INFO - Epoch 294/600 finished. Average Training Loss: 0.3294
2025-07-04 03:20:46 - INFO - Epoch 295/600 finished. Average Training Loss: 0.2943
2025-07-04 03:21:12 - INFO - Epoch 296/600 finished. Average Training Loss: 0.2772
2025-07-04 03:21:39 - INFO - Epoch 297/600 finished. Average Training Loss: 0.2366
2025-07-04 03:22:05 - INFO - Epoch 298/600 finished. Average Training Loss: 0.2249
2025-07-04 03:22:32 - INFO - Epoch 299/600 finished. Average Training Loss: 0.3138
2025-07-04 03:22:59 - INFO - Epoch 300/600 finished. Average Training Loss: 0.1991
2025-07-04 03:22:59 - INFO - Saved checkpoint for epoch 300 to ./result/VNet_Multi_V3/Amos_102/Pth/model_epoch_300_checkpoint.pth
2025-07-04 03:23:26 - INFO - Epoch 301/600 finished. Average Training Loss: 0.3570
2025-07-04 03:23:53 - INFO - Epoch 302/600 finished. Average Training Loss: 0.1859
2025-07-04 03:24:20 - INFO - Epoch 303/600 finished. Average Training Loss: 0.2339
2025-07-04 03:24:46 - INFO - Epoch 304/600 finished. Average Training Loss: 0.2641
2025-07-04 03:25:12 - INFO - Epoch 305/600 finished. Average Training Loss: 0.2847
2025-07-04 03:25:39 - INFO - Epoch 306/600 finished. Average Training Loss: 0.1738
2025-07-04 03:26:05 - INFO - Epoch 307/600 finished. Average Training Loss: 0.3190
2025-07-04 03:26:32 - INFO - Epoch 308/600 finished. Average Training Loss: 0.2193
2025-07-04 03:27:00 - INFO - Epoch 309/600 finished. Average Training Loss: 0.1399
2025-07-04 03:27:27 - INFO - Epoch 310/600 finished. Average Training Loss: 0.2408
2025-07-04 03:27:53 - INFO - Epoch 311/600 finished. Average Training Loss: 0.2496
2025-07-04 03:28:20 - INFO - Epoch 312/600 finished. Average Training Loss: 0.2748
2025-07-04 03:28:47 - INFO - Epoch 313/600 finished. Average Training Loss: 0.2284
2025-07-04 03:29:13 - INFO - Epoch 314/600 finished. Average Training Loss: 0.3061
2025-07-04 03:29:39 - INFO - Epoch 315/600 finished. Average Training Loss: 0.1721
2025-07-04 03:30:06 - INFO - Epoch 316/600 finished. Average Training Loss: 0.1099
2025-07-04 03:30:34 - INFO - Epoch 317/600 finished. Average Training Loss: 0.2867
2025-07-04 03:31:01 - INFO - Epoch 318/600 finished. Average Training Loss: 0.2340
2025-07-04 03:31:27 - INFO - Epoch 319/600 finished. Average Training Loss: 0.1891
2025-07-04 03:31:54 - INFO - Epoch 320/600 finished. Average Training Loss: 0.1585
2025-07-04 03:31:54 - INFO - Saved checkpoint for epoch 320 to ./result/VNet_Multi_V3/Amos_102/Pth/model_epoch_320_checkpoint.pth
2025-07-04 03:32:20 - INFO - Epoch 321/600 finished. Average Training Loss: 0.2010
2025-07-04 03:32:47 - INFO - Epoch 322/600 finished. Average Training Loss: 0.1504
2025-07-04 03:33:13 - INFO - Epoch 323/600 finished. Average Training Loss: 0.1470
2025-07-04 03:33:41 - INFO - Epoch 324/600 finished. Average Training Loss: 0.0664
2025-07-04 03:34:07 - INFO - Epoch 325/600 finished. Average Training Loss: 0.1460
2025-07-04 03:34:34 - INFO - Epoch 326/600 finished. Average Training Loss: 0.1800
2025-07-04 03:35:00 - INFO - Epoch 327/600 finished. Average Training Loss: 0.1676
2025-07-04 03:35:26 - INFO - Epoch 328/600 finished. Average Training Loss: 0.1561
2025-07-04 03:35:53 - INFO - Epoch 329/600 finished. Average Training Loss: 0.1261
2025-07-04 03:36:20 - INFO - Epoch 330/600 finished. Average Training Loss: 0.2726
2025-07-04 03:36:47 - INFO - Epoch 331/600 finished. Average Training Loss: 0.1262
2025-07-04 03:37:14 - INFO - Epoch 332/600 finished. Average Training Loss: 0.2555
2025-07-04 03:37:40 - INFO - Epoch 333/600 finished. Average Training Loss: 0.1741
2025-07-04 03:38:07 - INFO - Epoch 334/600 finished. Average Training Loss: 0.0793
2025-07-04 03:38:33 - INFO - Epoch 335/600 finished. Average Training Loss: 0.2009
2025-07-04 03:38:59 - INFO - Epoch 336/600 finished. Average Training Loss: 0.1810
2025-07-04 03:39:25 - INFO - Epoch 337/600 finished. Average Training Loss: 0.1170
2025-07-04 03:39:53 - INFO - Epoch 338/600 finished. Average Training Loss: 0.2532
2025-07-04 03:40:19 - INFO - Epoch 339/600 finished. Average Training Loss: 0.0799
2025-07-04 03:40:45 - INFO - Epoch 340/600 finished. Average Training Loss: 0.2724
2025-07-04 03:40:45 - INFO - Saved checkpoint for epoch 340 to ./result/VNet_Multi_V3/Amos_102/Pth/model_epoch_340_checkpoint.pth
2025-07-04 03:41:11 - INFO - Epoch 341/600 finished. Average Training Loss: 0.2413
2025-07-04 03:41:38 - INFO - Epoch 342/600 finished. Average Training Loss: 0.0928
2025-07-04 03:42:04 - INFO - Epoch 343/600 finished. Average Training Loss: 0.0316
2025-07-04 03:42:30 - INFO - Epoch 344/600 finished. Average Training Loss: 0.0646
2025-07-04 03:42:56 - INFO - Epoch 345/600 finished. Average Training Loss: 0.2246
2025-07-04 03:43:24 - INFO - Epoch 346/600 finished. Average Training Loss: 0.1313
2025-07-04 03:43:50 - INFO - Epoch 347/600 finished. Average Training Loss: 0.1057
2025-07-04 03:44:17 - INFO - Epoch 348/600 finished. Average Training Loss: 0.1145
2025-07-04 03:44:43 - INFO - Epoch 349/600 finished. Average Training Loss: 0.1736
2025-07-04 03:45:09 - INFO - Epoch 350/600 finished. Average Training Loss: 0.1435
2025-07-04 03:45:35 - INFO - Epoch 351/600 finished. Average Training Loss: 0.0664
2025-07-04 03:46:02 - INFO - Epoch 352/600 finished. Average Training Loss: 0.1030
2025-07-04 03:46:30 - INFO - Epoch 353/600 finished. Average Training Loss: -0.0013
2025-07-04 03:46:56 - INFO - Epoch 354/600 finished. Average Training Loss: 0.1449
2025-07-04 03:47:23 - INFO - Epoch 355/600 finished. Average Training Loss: 0.0350
2025-07-04 03:47:49 - INFO - Epoch 356/600 finished. Average Training Loss: 0.0502
2025-07-04 03:48:16 - INFO - Epoch 357/600 finished. Average Training Loss: -0.0206
2025-07-04 03:48:42 - INFO - Epoch 358/600 finished. Average Training Loss: 0.1818
2025-07-04 03:49:08 - INFO - Epoch 359/600 finished. Average Training Loss: 0.1570
2025-07-04 03:49:35 - INFO - Epoch 360/600 finished. Average Training Loss: 0.0410
2025-07-04 03:49:35 - INFO - Saved checkpoint for epoch 360 to ./result/VNet_Multi_V3/Amos_102/Pth/model_epoch_360_checkpoint.pth
2025-07-04 03:50:01 - INFO - Epoch 361/600 finished. Average Training Loss: 0.0465
2025-07-04 03:50:29 - INFO - Epoch 362/600 finished. Average Training Loss: 0.0738
2025-07-04 03:50:55 - INFO - Epoch 363/600 finished. Average Training Loss: 0.0909
2025-07-04 03:51:21 - INFO - Epoch 364/600 finished. Average Training Loss: 0.0214
2025-07-04 03:51:47 - INFO - Epoch 365/600 finished. Average Training Loss: 0.1412
2025-07-04 03:52:14 - INFO - Epoch 366/600 finished. Average Training Loss: 0.0369
2025-07-04 03:52:40 - INFO - Epoch 367/600 finished. Average Training Loss: 0.0689
2025-07-04 03:53:06 - INFO - Epoch 368/600 finished. Average Training Loss: 0.0848
2025-07-04 03:53:32 - INFO - Epoch 369/600 finished. Average Training Loss: -0.0111
2025-07-04 03:53:59 - INFO - Epoch 370/600 finished. Average Training Loss: -0.0110
2025-07-04 03:54:26 - INFO - Epoch 371/600 finished. Average Training Loss: 0.0462
2025-07-04 03:54:52 - INFO - Epoch 372/600 finished. Average Training Loss: 0.1180
2025-07-04 03:55:19 - INFO - Epoch 373/600 finished. Average Training Loss: 0.0318
2025-07-04 03:55:45 - INFO - Epoch 374/600 finished. Average Training Loss: 0.0173
2025-07-04 03:56:11 - INFO - Epoch 375/600 finished. Average Training Loss: 0.0020
2025-07-04 03:56:38 - INFO - Epoch 376/600 finished. Average Training Loss: 0.0056
2025-07-04 03:57:04 - INFO - Epoch 377/600 finished. Average Training Loss: 0.1183
2025-07-04 03:57:31 - INFO - Epoch 378/600 finished. Average Training Loss: 0.0147
2025-07-04 03:57:58 - INFO - Epoch 379/600 finished. Average Training Loss: -0.0408
2025-07-04 03:58:24 - INFO - Epoch 380/600 finished. Average Training Loss: -0.0379
2025-07-04 03:58:25 - INFO - Saved checkpoint for epoch 380 to ./result/VNet_Multi_V3/Amos_102/Pth/model_epoch_380_checkpoint.pth
2025-07-04 03:58:51 - INFO - Epoch 381/600 finished. Average Training Loss: -0.0197
2025-07-04 03:59:17 - INFO - Epoch 382/600 finished. Average Training Loss: -0.0023
2025-07-04 03:59:43 - INFO - Epoch 383/600 finished. Average Training Loss: -0.0417
2025-07-04 04:00:09 - INFO - Epoch 384/600 finished. Average Training Loss: 0.0664
2025-07-04 04:00:35 - INFO - Epoch 385/600 finished. Average Training Loss: -0.0335
2025-07-04 04:01:03 - INFO - Epoch 386/600 finished. Average Training Loss: -0.0682
2025-07-04 04:01:30 - INFO - Epoch 387/600 finished. Average Training Loss: -0.0475
2025-07-04 04:01:56 - INFO - Epoch 388/600 finished. Average Training Loss: -0.1229
2025-07-04 04:02:22 - INFO - Epoch 389/600 finished. Average Training Loss: -0.0054
2025-07-04 04:02:48 - INFO - Epoch 390/600 finished. Average Training Loss: 0.1014
2025-07-04 04:03:14 - INFO - Epoch 391/600 finished. Average Training Loss: -0.0853
2025-07-04 04:03:40 - INFO - Epoch 392/600 finished. Average Training Loss: -0.0758
2025-07-04 04:04:09 - INFO - Epoch 393/600 finished. Average Training Loss: -0.1502
2025-07-04 04:04:35 - INFO - Epoch 394/600 finished. Average Training Loss: -0.1231
2025-07-04 04:05:01 - INFO - Epoch 395/600 finished. Average Training Loss: -0.1137
2025-07-04 04:05:27 - INFO - Epoch 396/600 finished. Average Training Loss: -0.0570
2025-07-04 04:05:53 - INFO - Epoch 397/600 finished. Average Training Loss: -0.1059
2025-07-04 04:06:20 - INFO - Epoch 398/600 finished. Average Training Loss: -0.1786
2025-07-04 04:06:46 - INFO - Epoch 399/600 finished. Average Training Loss: 0.0527
2025-07-04 04:07:13 - INFO - Epoch 400/600 finished. Average Training Loss: -0.1225
2025-07-04 04:07:13 - INFO - Saved checkpoint for epoch 400 to ./result/VNet_Multi_V3/Amos_102/Pth/model_epoch_400_checkpoint.pth
2025-07-04 04:07:41 - INFO - Epoch 401/600 finished. Average Training Loss: -0.1685
2025-07-04 04:08:07 - INFO - Epoch 402/600 finished. Average Training Loss: -0.1514
2025-07-04 04:08:33 - INFO - Epoch 403/600 finished. Average Training Loss: -0.1864
2025-07-04 04:08:59 - INFO - Epoch 404/600 finished. Average Training Loss: -0.1196
2025-07-04 04:09:26 - INFO - Epoch 405/600 finished. Average Training Loss: -0.0339
2025-07-04 04:09:52 - INFO - Epoch 406/600 finished. Average Training Loss: -0.1737
2025-07-04 04:10:18 - INFO - Epoch 407/600 finished. Average Training Loss: -0.0870
2025-07-04 04:10:46 - INFO - Epoch 408/600 finished. Average Training Loss: -0.1827
2025-07-04 04:11:12 - INFO - Epoch 409/600 finished. Average Training Loss: -0.2314
2025-07-04 04:11:39 - INFO - Epoch 410/600 finished. Average Training Loss: -0.2567
2025-07-04 04:12:05 - INFO - Epoch 411/600 finished. Average Training Loss: -0.2495
2025-07-04 04:12:31 - INFO - Epoch 412/600 finished. Average Training Loss: -0.2589
2025-07-04 04:12:57 - INFO - Epoch 413/600 finished. Average Training Loss: -0.2134
2025-07-04 04:13:23 - INFO - Epoch 414/600 finished. Average Training Loss: -0.2166
2025-07-04 04:13:52 - INFO - Epoch 415/600 finished. Average Training Loss: -0.2329
2025-07-04 04:14:18 - INFO - Epoch 416/600 finished. Average Training Loss: -0.2527
2025-07-04 04:14:44 - INFO - Epoch 417/600 finished. Average Training Loss: -0.2076
2025-07-04 04:15:10 - INFO - Epoch 418/600 finished. Average Training Loss: -0.2413
2025-07-04 04:15:36 - INFO - Epoch 419/600 finished. Average Training Loss: -0.0834
2025-07-04 04:16:02 - INFO - Epoch 420/600 finished. Average Training Loss: -0.1465
2025-07-04 04:16:02 - INFO - Saved checkpoint for epoch 420 to ./result/VNet_Multi_V3/Amos_102/Pth/model_epoch_420_checkpoint.pth
2025-07-04 04:16:28 - INFO - Epoch 421/600 finished. Average Training Loss: -0.1568
2025-07-04 04:16:56 - INFO - Epoch 422/600 finished. Average Training Loss: -0.2305
2025-07-04 04:17:23 - INFO - Epoch 423/600 finished. Average Training Loss: -0.1940
2025-07-04 04:17:49 - INFO - Epoch 424/600 finished. Average Training Loss: -0.2242
2025-07-04 04:18:15 - INFO - Epoch 425/600 finished. Average Training Loss: -0.2464
2025-07-04 04:18:41 - INFO - Epoch 426/600 finished. Average Training Loss: -0.2860
2025-07-04 04:19:08 - INFO - Epoch 427/600 finished. Average Training Loss: -0.2307
2025-07-04 04:19:34 - INFO - Epoch 428/600 finished. Average Training Loss: -0.1171
2025-07-04 04:20:01 - INFO - Epoch 429/600 finished. Average Training Loss: -0.2351
2025-07-04 04:20:28 - INFO - Epoch 430/600 finished. Average Training Loss: -0.2607
2025-07-04 04:20:55 - INFO - Epoch 431/600 finished. Average Training Loss: -0.1663
2025-07-04 04:21:22 - INFO - Epoch 432/600 finished. Average Training Loss: -0.2655
2025-07-04 04:21:48 - INFO - Epoch 433/600 finished. Average Training Loss: -0.3614
2025-07-04 04:22:14 - INFO - Epoch 434/600 finished. Average Training Loss: -0.2671
2025-07-04 04:22:40 - INFO - Epoch 435/600 finished. Average Training Loss: -0.2513
2025-07-04 04:23:06 - INFO - Epoch 436/600 finished. Average Training Loss: -0.1958
2025-07-04 04:23:34 - INFO - Epoch 437/600 finished. Average Training Loss: -0.3982
2025-07-04 04:24:00 - INFO - Epoch 438/600 finished. Average Training Loss: -0.2069
2025-07-04 04:24:26 - INFO - Epoch 439/600 finished. Average Training Loss: -0.0287
2025-07-04 04:24:52 - INFO - Epoch 440/600 finished. Average Training Loss: -0.3483
2025-07-04 04:24:53 - INFO - Saved checkpoint for epoch 440 to ./result/VNet_Multi_V3/Amos_102/Pth/model_epoch_440_checkpoint.pth
2025-07-04 04:25:19 - INFO - Epoch 441/600 finished. Average Training Loss: -0.2720
2025-07-04 04:25:45 - INFO - Epoch 442/600 finished. Average Training Loss: -0.2759
2025-07-04 04:26:11 - INFO - Epoch 443/600 finished. Average Training Loss: -0.2865
2025-07-04 04:26:38 - INFO - Epoch 444/600 finished. Average Training Loss: -0.2239
2025-07-04 04:27:06 - INFO - Epoch 445/600 finished. Average Training Loss: -0.2536
2025-07-04 04:27:32 - INFO - Epoch 446/600 finished. Average Training Loss: -0.2735
2025-07-04 04:27:58 - INFO - Epoch 447/600 finished. Average Training Loss: -0.2641
2025-07-04 04:28:24 - INFO - Epoch 448/600 finished. Average Training Loss: -0.2361
2025-07-04 04:28:50 - INFO - Epoch 449/600 finished. Average Training Loss: -0.2630
2025-07-04 04:29:17 - INFO - Epoch 450/600 finished. Average Training Loss: -0.3515
2025-07-04 04:29:43 - INFO - Epoch 451/600 finished. Average Training Loss: -0.3418
2025-07-04 04:30:11 - INFO - Epoch 452/600 finished. Average Training Loss: -0.3301
2025-07-04 04:30:37 - INFO - Epoch 453/600 finished. Average Training Loss: -0.2098
2025-07-04 04:31:03 - INFO - Epoch 454/600 finished. Average Training Loss: -0.3645
2025-07-04 04:31:30 - INFO - Epoch 455/600 finished. Average Training Loss: -0.2099
2025-07-04 04:31:56 - INFO - Epoch 456/600 finished. Average Training Loss: -0.3223
2025-07-04 04:32:22 - INFO - Epoch 457/600 finished. Average Training Loss: -0.2505
2025-07-04 04:32:49 - INFO - Epoch 458/600 finished. Average Training Loss: -0.3088
2025-07-04 04:33:16 - INFO - Epoch 459/600 finished. Average Training Loss: -0.3404
2025-07-04 04:33:43 - INFO - Epoch 460/600 finished. Average Training Loss: -0.3279
2025-07-04 04:33:43 - INFO - Saved checkpoint for epoch 460 to ./result/VNet_Multi_V3/Amos_102/Pth/model_epoch_460_checkpoint.pth
2025-07-04 04:34:09 - INFO - Epoch 461/600 finished. Average Training Loss: -0.3009
2025-07-04 04:34:35 - INFO - Epoch 462/600 finished. Average Training Loss: -0.3748
2025-07-04 04:35:01 - INFO - Epoch 463/600 finished. Average Training Loss: -0.3676
2025-07-04 04:35:27 - INFO - Epoch 464/600 finished. Average Training Loss: -0.4325
2025-07-04 04:35:54 - INFO - Epoch 465/600 finished. Average Training Loss: -0.2970
2025-07-04 04:36:21 - INFO - Epoch 466/600 finished. Average Training Loss: -0.3286
2025-07-04 04:36:48 - INFO - Epoch 467/600 finished. Average Training Loss: -0.3888
2025-07-04 04:37:14 - INFO - Epoch 468/600 finished. Average Training Loss: -0.4013
2025-07-04 04:37:40 - INFO - Epoch 469/600 finished. Average Training Loss: -0.3393
2025-07-04 04:38:07 - INFO - Epoch 470/600 finished. Average Training Loss: -0.3017
2025-07-04 04:38:33 - INFO - Epoch 471/600 finished. Average Training Loss: -0.1935
2025-07-04 04:38:59 - INFO - Epoch 472/600 finished. Average Training Loss: -0.3367
2025-07-04 04:39:25 - INFO - Epoch 473/600 finished. Average Training Loss: -0.4674
2025-07-04 04:39:52 - INFO - Epoch 474/600 finished. Average Training Loss: -0.3661
2025-07-04 04:40:19 - INFO - Epoch 475/600 finished. Average Training Loss: -0.4257
2025-07-04 04:40:46 - INFO - Epoch 476/600 finished. Average Training Loss: -0.4025
2025-07-04 04:41:12 - INFO - Epoch 477/600 finished. Average Training Loss: -0.2756
2025-07-04 04:41:38 - INFO - Epoch 478/600 finished. Average Training Loss: -0.3279
2025-07-04 04:42:05 - INFO - Epoch 479/600 finished. Average Training Loss: -0.3339
2025-07-04 04:42:31 - INFO - Epoch 480/600 finished. Average Training Loss: -0.3788
2025-07-04 04:42:31 - INFO - Saved checkpoint for epoch 480 to ./result/VNet_Multi_V3/Amos_102/Pth/model_epoch_480_checkpoint.pth
2025-07-04 04:42:57 - INFO - Epoch 481/600 finished. Average Training Loss: -0.4339
2025-07-04 04:43:25 - INFO - Epoch 482/600 finished. Average Training Loss: -0.4957
2025-07-04 04:43:51 - INFO - Epoch 483/600 finished. Average Training Loss: -0.3158
2025-07-04 04:44:17 - INFO - Epoch 484/600 finished. Average Training Loss: -0.3039
2025-07-04 04:44:44 - INFO - Epoch 485/600 finished. Average Training Loss: -0.3939
2025-07-04 04:45:10 - INFO - Epoch 486/600 finished. Average Training Loss: -0.3783
2025-07-04 04:45:36 - INFO - Epoch 487/600 finished. Average Training Loss: -0.3549
2025-07-04 04:46:02 - INFO - Epoch 488/600 finished. Average Training Loss: -0.3407
2025-07-04 04:46:30 - INFO - Epoch 489/600 finished. Average Training Loss: -0.2476
2025-07-04 04:46:57 - INFO - Epoch 490/600 finished. Average Training Loss: -0.4383
2025-07-04 04:47:23 - INFO - Epoch 491/600 finished. Average Training Loss: -0.3257
2025-07-04 04:47:49 - INFO - Epoch 492/600 finished. Average Training Loss: -0.3417
2025-07-04 04:48:15 - INFO - Epoch 493/600 finished. Average Training Loss: -0.4601
2025-07-04 04:48:41 - INFO - Epoch 494/600 finished. Average Training Loss: -0.3858
2025-07-04 04:49:07 - INFO - Epoch 495/600 finished. Average Training Loss: -0.4163
2025-07-04 04:49:33 - INFO - Epoch 496/600 finished. Average Training Loss: -0.3654
2025-07-04 04:50:01 - INFO - Epoch 497/600 finished. Average Training Loss: -0.5211
2025-07-04 04:50:28 - INFO - Epoch 498/600 finished. Average Training Loss: -0.4734
2025-07-04 04:50:54 - INFO - Epoch 499/600 finished. Average Training Loss: -0.5785
2025-07-04 04:51:20 - INFO - Epoch 500/600 finished. Average Training Loss: -0.5640
2025-07-04 04:51:20 - INFO - Saved checkpoint for epoch 500 to ./result/VNet_Multi_V3/Amos_102/Pth/model_epoch_500_checkpoint.pth
2025-07-04 04:51:47 - INFO - Epoch 501/600 finished. Average Training Loss: -0.4608
2025-07-04 04:52:13 - INFO - Epoch 502/600 finished. Average Training Loss: -0.4154
2025-07-04 04:52:40 - INFO - Epoch 503/600 finished. Average Training Loss: -0.4985
2025-07-04 04:53:07 - INFO - Epoch 504/600 finished. Average Training Loss: -0.3999
2025-07-04 04:53:34 - INFO - Epoch 505/600 finished. Average Training Loss: -0.3928
2025-07-04 04:54:00 - INFO - Epoch 506/600 finished. Average Training Loss: -0.4321
2025-07-04 04:54:26 - INFO - Epoch 507/600 finished. Average Training Loss: -0.6130
2025-07-04 04:54:53 - INFO - Epoch 508/600 finished. Average Training Loss: -0.5652
2025-07-04 04:55:19 - INFO - Epoch 509/600 finished. Average Training Loss: -0.4379
2025-07-04 04:55:46 - INFO - Epoch 510/600 finished. Average Training Loss: -0.4355
2025-07-04 04:56:13 - INFO - Epoch 511/600 finished. Average Training Loss: -0.5524
2025-07-04 04:56:40 - INFO - Epoch 512/600 finished. Average Training Loss: -0.4482
2025-07-04 04:57:06 - INFO - Epoch 513/600 finished. Average Training Loss: -0.4036
2025-07-04 04:57:32 - INFO - Epoch 514/600 finished. Average Training Loss: -0.4071
2025-07-04 04:57:58 - INFO - Epoch 515/600 finished. Average Training Loss: -0.4525
2025-07-04 04:58:24 - INFO - Epoch 516/600 finished. Average Training Loss: -0.4582
2025-07-04 04:58:50 - INFO - Epoch 517/600 finished. Average Training Loss: -0.5198
2025-07-04 04:59:16 - INFO - Epoch 518/600 finished. Average Training Loss: -0.5249
2025-07-04 04:59:43 - INFO - Epoch 519/600 finished. Average Training Loss: -0.4758
2025-07-04 05:00:10 - INFO - Epoch 520/600 finished. Average Training Loss: -0.4464
2025-07-04 05:00:10 - INFO - Saved checkpoint for epoch 520 to ./result/VNet_Multi_V3/Amos_102/Pth/model_epoch_520_checkpoint.pth
2025-07-04 05:00:36 - INFO - Epoch 521/600 finished. Average Training Loss: -0.4459
2025-07-04 05:01:03 - INFO - Epoch 522/600 finished. Average Training Loss: -0.4755
2025-07-04 05:01:29 - INFO - Epoch 523/600 finished. Average Training Loss: -0.3819
2025-07-04 05:01:55 - INFO - Epoch 524/600 finished. Average Training Loss: -0.5550
2025-07-04 05:02:21 - INFO - Epoch 525/600 finished. Average Training Loss: -0.5334
2025-07-04 05:02:47 - INFO - Epoch 526/600 finished. Average Training Loss: -0.5023
2025-07-04 05:03:14 - INFO - Epoch 527/600 finished. Average Training Loss: -0.4725
2025-07-04 05:03:41 - INFO - Epoch 528/600 finished. Average Training Loss: -0.4504
2025-07-04 05:04:08 - INFO - Epoch 529/600 finished. Average Training Loss: -0.4426
2025-07-04 05:04:34 - INFO - Epoch 530/600 finished. Average Training Loss: -0.5367
2025-07-04 05:05:00 - INFO - Epoch 531/600 finished. Average Training Loss: -0.4244
2025-07-04 05:05:27 - INFO - Epoch 532/600 finished. Average Training Loss: -0.5703
2025-07-04 05:05:53 - INFO - Epoch 533/600 finished. Average Training Loss: -0.4510
2025-07-04 05:06:20 - INFO - Epoch 534/600 finished. Average Training Loss: -0.4604
2025-07-04 05:06:34 - INFO - Epoch 535/600 finished. Average Training Loss: -0.4433
2025-07-04 05:06:48 - INFO - Epoch 536/600 finished. Average Training Loss: -0.3970
2025-07-04 05:07:02 - INFO - Epoch 537/600 finished. Average Training Loss: -0.5175
2025-07-04 05:07:16 - INFO - Epoch 538/600 finished. Average Training Loss: -0.4786
2025-07-04 05:07:30 - INFO - Epoch 539/600 finished. Average Training Loss: -0.5023
2025-07-04 05:07:43 - INFO - Epoch 540/600 finished. Average Training Loss: -0.5070
2025-07-04 05:07:44 - INFO - Saved checkpoint for epoch 540 to ./result/VNet_Multi_V3/Amos_102/Pth/model_epoch_540_checkpoint.pth
2025-07-04 05:07:57 - INFO - Epoch 541/600 finished. Average Training Loss: -0.6671
2025-07-04 05:08:11 - INFO - Epoch 542/600 finished. Average Training Loss: -0.4202
2025-07-04 05:08:25 - INFO - Epoch 543/600 finished. Average Training Loss: -0.5432
2025-07-04 05:08:39 - INFO - Epoch 544/600 finished. Average Training Loss: -0.3217
2025-07-04 05:08:52 - INFO - Epoch 545/600 finished. Average Training Loss: -0.5733
2025-07-04 05:09:06 - INFO - Epoch 546/600 finished. Average Training Loss: -0.5679
2025-07-04 05:09:20 - INFO - Epoch 547/600 finished. Average Training Loss: -0.6474
2025-07-04 05:09:34 - INFO - Epoch 548/600 finished. Average Training Loss: -0.4866
2025-07-04 05:09:48 - INFO - Epoch 549/600 finished. Average Training Loss: -0.6051
2025-07-04 05:10:02 - INFO - Epoch 550/600 finished. Average Training Loss: -0.4686
2025-07-04 05:10:15 - INFO - Epoch 551/600 finished. Average Training Loss: -0.4124
2025-07-04 05:10:29 - INFO - Epoch 552/600 finished. Average Training Loss: -0.5613
2025-07-04 05:10:43 - INFO - Epoch 553/600 finished. Average Training Loss: -0.6190
2025-07-04 05:10:57 - INFO - Epoch 554/600 finished. Average Training Loss: -0.5838
2025-07-04 05:11:11 - INFO - Epoch 555/600 finished. Average Training Loss: -0.5772
2025-07-04 05:11:25 - INFO - Epoch 556/600 finished. Average Training Loss: -0.3889
2025-07-04 05:11:39 - INFO - Epoch 557/600 finished. Average Training Loss: -0.5906
2025-07-04 05:11:52 - INFO - Epoch 558/600 finished. Average Training Loss: -0.5618
2025-07-04 05:12:06 - INFO - Epoch 559/600 finished. Average Training Loss: -0.4310
2025-07-04 05:12:20 - INFO - Epoch 560/600 finished. Average Training Loss: -0.6050
2025-07-04 05:12:20 - INFO - Saved checkpoint for epoch 560 to ./result/VNet_Multi_V3/Amos_102/Pth/model_epoch_560_checkpoint.pth
2025-07-04 05:12:34 - INFO - Epoch 561/600 finished. Average Training Loss: -0.4399
2025-07-04 05:12:48 - INFO - Epoch 562/600 finished. Average Training Loss: -0.5657
2025-07-04 05:13:01 - INFO - Epoch 563/600 finished. Average Training Loss: -0.6365
2025-07-04 05:13:15 - INFO - Epoch 564/600 finished. Average Training Loss: -0.4943
2025-07-04 05:13:29 - INFO - Epoch 565/600 finished. Average Training Loss: -0.6289
2025-07-04 05:13:43 - INFO - Epoch 566/600 finished. Average Training Loss: -0.5227
2025-07-04 05:13:56 - INFO - Epoch 567/600 finished. Average Training Loss: -0.4582
2025-07-04 05:14:10 - INFO - Epoch 568/600 finished. Average Training Loss: -0.5274
2025-07-04 05:14:24 - INFO - Epoch 569/600 finished. Average Training Loss: -0.5293
2025-07-04 05:14:38 - INFO - Epoch 570/600 finished. Average Training Loss: -0.5078
2025-07-04 05:14:51 - INFO - Epoch 571/600 finished. Average Training Loss: -0.4096
2025-07-04 05:15:05 - INFO - Epoch 572/600 finished. Average Training Loss: -0.5929
2025-07-04 05:15:19 - INFO - Epoch 573/600 finished. Average Training Loss: -0.6244
2025-07-04 05:15:33 - INFO - Epoch 574/600 finished. Average Training Loss: -0.5461
2025-07-04 05:15:46 - INFO - Epoch 575/600 finished. Average Training Loss: -0.5722
2025-07-04 05:16:00 - INFO - Epoch 576/600 finished. Average Training Loss: -0.6549
2025-07-04 05:16:14 - INFO - Epoch 577/600 finished. Average Training Loss: -0.6455
2025-07-04 05:16:28 - INFO - Epoch 578/600 finished. Average Training Loss: -0.5089
2025-07-04 05:16:42 - INFO - Epoch 579/600 finished. Average Training Loss: -0.3894
2025-07-04 05:16:56 - INFO - Epoch 580/600 finished. Average Training Loss: -0.6070
2025-07-04 05:16:56 - INFO - Saved checkpoint for epoch 580 to ./result/VNet_Multi_V3/Amos_102/Pth/model_epoch_580_checkpoint.pth
2025-07-04 05:17:09 - INFO - Epoch 581/600 finished. Average Training Loss: -0.5604
2025-07-04 05:17:23 - INFO - Epoch 582/600 finished. Average Training Loss: -0.5279
2025-07-04 05:17:37 - INFO - Epoch 583/600 finished. Average Training Loss: -0.5706
2025-07-04 05:17:50 - INFO - Epoch 584/600 finished. Average Training Loss: -0.5834
2025-07-04 05:18:04 - INFO - Epoch 585/600 finished. Average Training Loss: -0.4912
2025-07-04 05:18:18 - INFO - Epoch 586/600 finished. Average Training Loss: -0.5521
2025-07-04 05:18:32 - INFO - Epoch 587/600 finished. Average Training Loss: -0.4422
2025-07-04 05:18:45 - INFO - Epoch 588/600 finished. Average Training Loss: -0.5609
2025-07-04 05:18:59 - INFO - Epoch 589/600 finished. Average Training Loss: -0.6731
2025-07-04 05:19:13 - INFO - Epoch 590/600 finished. Average Training Loss: -0.7193
2025-07-04 05:19:27 - INFO - Epoch 591/600 finished. Average Training Loss: -0.5501
2025-07-04 05:19:41 - INFO - Epoch 592/600 finished. Average Training Loss: -0.5681
2025-07-04 05:19:54 - INFO - Epoch 593/600 finished. Average Training Loss: -0.5231
2025-07-04 05:20:08 - INFO - Epoch 594/600 finished. Average Training Loss: -0.5434
2025-07-04 05:20:22 - INFO - Epoch 595/600 finished. Average Training Loss: -0.6004
2025-07-04 05:20:36 - INFO - Epoch 596/600 finished. Average Training Loss: -0.6226
2025-07-04 05:20:50 - INFO - Epoch 597/600 finished. Average Training Loss: -0.5921
2025-07-04 05:21:04 - INFO - Epoch 598/600 finished. Average Training Loss: -0.5179
2025-07-04 05:21:18 - INFO - Epoch 599/600 finished. Average Training Loss: -0.4721
2025-07-04 05:21:32 - INFO - Epoch 600/600 finished. Average Training Loss: -0.6586
2025-07-04 05:21:32 - INFO - Saved checkpoint for epoch 600 to ./result/VNet_Multi_V3/Amos_102/Pth/model_epoch_600_checkpoint.pth
2025-07-04 05:21:32 - INFO - Training complete! Total duration: 4h 10m 33s
2025-07-04 05:21:32 - INFO - ======================================== Training Session Ended ========================================

