2025-07-10 20:34:21 - INFO - Logging is set up.
2025-07-10 20:34:21 - INFO - 训练配置参数:
{'seed': 42, 'epochs': 1000, 'batch_size': 2, 'num_classes': 16, 'learning_rate': 0.001, 'dataset_path': './datasets/Amos', 'log_path': './result/SAM3D_VNet_SSL/Amos_90_SemiSupervised_V15_1/Training.log', 'pth_path': './result/SAM3D_VNet_SSL/Amos_90_SemiSupervised_V15_1/Pth', 'tensorboard_path': './result/SAM3D_VNet_SSL/Amos_90_SemiSupervised_V15_1/Train', 'continue_train': False, 'multi_gpu': True, 'training_label_num': 90, 'training_unlabel_num': 90, 'label_bs': 1, 'unlabel_bs': 1, 'consistency_weight': 0.3, 'pretrained_weights': './result/VNet_Multi_V3/Amos_90/Pth/Best.pth'}
2025-07-10 20:34:22 - INFO - 数据集加载完成，样本总数: 180
2025-07-10 20:34:23 - INFO - 使用 2 个GPU
2025-07-10 20:34:23 - INFO - 模型总参数: 167,640,398
2025-07-10 20:34:23 - INFO - 可训练参数: 167,640,398
2025-07-10 20:37:36 - INFO - Epoch 1/1000, Loss: 5.2063, Dice: 5.2052, MSE: 0.0034
2025-07-10 20:40:49 - INFO - Epoch 2/1000, Loss: 4.2818, Dice: 4.2762, MSE: 0.0187
2025-07-10 20:44:03 - INFO - Epoch 3/1000, Loss: 3.9876, Dice: 3.9779, MSE: 0.0323
2025-07-10 20:47:16 - INFO - Epoch 4/1000, Loss: 3.8443, Dice: 3.8333, MSE: 0.0366
2025-07-10 20:50:30 - INFO - Epoch 5/1000, Loss: 3.7807, Dice: 3.7697, MSE: 0.0367
2025-07-10 20:53:44 - INFO - Epoch 6/1000, Loss: 3.7058, Dice: 3.6946, MSE: 0.0373
2025-07-10 20:56:57 - INFO - Epoch 7/1000, Loss: 3.6286, Dice: 3.6173, MSE: 0.0377
2025-07-10 21:00:11 - INFO - Epoch 8/1000, Loss: 3.5820, Dice: 3.5711, MSE: 0.0360
2025-07-10 21:03:24 - INFO - Epoch 9/1000, Loss: 3.5052, Dice: 3.4944, MSE: 0.0359
2025-07-10 21:06:38 - INFO - Epoch 10/1000, Loss: 3.4444, Dice: 3.4341, MSE: 0.0343
2025-07-10 21:09:52 - INFO - Epoch 11/1000, Loss: 3.3897, Dice: 3.3795, MSE: 0.0340
2025-07-10 21:13:05 - INFO - Epoch 12/1000, Loss: 3.2400, Dice: 3.2302, MSE: 0.0325
2025-07-10 21:16:19 - INFO - Epoch 13/1000, Loss: 3.1192, Dice: 3.1097, MSE: 0.0315
2025-07-10 21:19:33 - INFO - Epoch 14/1000, Loss: 3.0215, Dice: 3.0128, MSE: 0.0291
2025-07-10 21:22:46 - INFO - Epoch 15/1000, Loss: 2.9130, Dice: 2.9048, MSE: 0.0271
2025-07-10 21:26:00 - INFO - Epoch 16/1000, Loss: 2.8204, Dice: 2.8128, MSE: 0.0252
2025-07-10 21:29:14 - INFO - Epoch 17/1000, Loss: 2.7321, Dice: 2.7251, MSE: 0.0233
2025-07-10 21:32:28 - INFO - Epoch 18/1000, Loss: 2.6601, Dice: 2.6536, MSE: 0.0218
2025-07-10 21:35:41 - INFO - Epoch 19/1000, Loss: 2.5845, Dice: 2.5783, MSE: 0.0205
2025-07-10 21:38:55 - INFO - Epoch 20/1000, Loss: 2.5054, Dice: 2.4995, MSE: 0.0196
2025-07-10 21:38:57 - INFO - 模型已保存至: epoch_20.pth
2025-07-10 21:42:11 - INFO - Epoch 21/1000, Loss: 2.4681, Dice: 2.4626, MSE: 0.0182
2025-07-10 21:45:25 - INFO - Epoch 22/1000, Loss: 2.3781, Dice: 2.3729, MSE: 0.0174
2025-07-10 21:48:39 - INFO - Epoch 23/1000, Loss: 2.3610, Dice: 2.3561, MSE: 0.0164
2025-07-10 21:51:53 - INFO - Epoch 24/1000, Loss: 2.3092, Dice: 2.3045, MSE: 0.0156
2025-07-10 21:55:06 - INFO - Epoch 25/1000, Loss: 2.2262, Dice: 2.2217, MSE: 0.0149
2025-07-10 21:58:20 - INFO - Epoch 26/1000, Loss: 2.1937, Dice: 2.1895, MSE: 0.0138
2025-07-10 22:01:34 - INFO - Epoch 27/1000, Loss: 2.1586, Dice: 2.1546, MSE: 0.0133
2025-07-10 22:04:48 - INFO - Epoch 28/1000, Loss: 2.1195, Dice: 2.1157, MSE: 0.0129
2025-07-10 22:08:01 - INFO - Epoch 29/1000, Loss: 2.0848, Dice: 2.0811, MSE: 0.0124
2025-07-10 22:11:15 - INFO - Epoch 30/1000, Loss: 2.0394, Dice: 2.0358, MSE: 0.0121
2025-07-10 22:14:29 - INFO - Epoch 31/1000, Loss: 2.0024, Dice: 1.9988, MSE: 0.0119
2025-07-10 22:17:43 - INFO - Epoch 32/1000, Loss: 1.9663, Dice: 1.9628, MSE: 0.0118
2025-07-10 22:20:57 - INFO - Epoch 33/1000, Loss: 1.9419, Dice: 1.9385, MSE: 0.0115
2025-07-10 22:24:11 - INFO - Epoch 34/1000, Loss: 1.9221, Dice: 1.9187, MSE: 0.0114
2025-07-10 22:27:24 - INFO - Epoch 35/1000, Loss: 1.8745, Dice: 1.8711, MSE: 0.0113
2025-07-10 22:30:38 - INFO - Epoch 36/1000, Loss: 1.8627, Dice: 1.8593, MSE: 0.0112
2025-07-10 22:33:52 - INFO - Epoch 37/1000, Loss: 1.8438, Dice: 1.8405, MSE: 0.0111
2025-07-10 22:37:06 - INFO - Epoch 38/1000, Loss: 1.8109, Dice: 1.8075, MSE: 0.0111
2025-07-10 22:40:20 - INFO - Epoch 39/1000, Loss: 1.8397, Dice: 1.8364, MSE: 0.0109
2025-07-10 22:43:34 - INFO - Epoch 40/1000, Loss: 1.7698, Dice: 1.7665, MSE: 0.0110
2025-07-10 22:43:36 - INFO - 模型已保存至: epoch_40.pth
2025-07-10 22:46:50 - INFO - Epoch 41/1000, Loss: 1.7321, Dice: 1.7288, MSE: 0.0112
2025-07-10 22:50:04 - INFO - Epoch 42/1000, Loss: 1.7299, Dice: 1.7265, MSE: 0.0112
2025-07-10 22:53:18 - INFO - Epoch 43/1000, Loss: 1.6954, Dice: 1.6921, MSE: 0.0112
2025-07-10 22:56:32 - INFO - Epoch 44/1000, Loss: 1.6972, Dice: 1.6938, MSE: 0.0113
2025-07-10 22:59:46 - INFO - Epoch 45/1000, Loss: 1.6615, Dice: 1.6581, MSE: 0.0113
2025-07-10 23:02:59 - INFO - Epoch 46/1000, Loss: 1.6657, Dice: 1.6623, MSE: 0.0112
2025-07-10 23:06:13 - INFO - Epoch 47/1000, Loss: 1.6324, Dice: 1.6290, MSE: 0.0113
2025-07-10 23:09:27 - INFO - Epoch 48/1000, Loss: 1.6306, Dice: 1.6273, MSE: 0.0113
2025-07-10 23:12:41 - INFO - Epoch 49/1000, Loss: 1.6103, Dice: 1.6069, MSE: 0.0113
2025-07-10 23:15:55 - INFO - Epoch 50/1000, Loss: 1.6034, Dice: 1.6000, MSE: 0.0113
2025-07-10 23:19:09 - INFO - Epoch 51/1000, Loss: 1.5776, Dice: 1.5742, MSE: 0.0114
2025-07-10 23:22:23 - INFO - Epoch 52/1000, Loss: 1.5877, Dice: 1.5843, MSE: 0.0113
2025-07-10 23:25:37 - INFO - Epoch 53/1000, Loss: 1.5499, Dice: 1.5465, MSE: 0.0112
2025-07-10 23:28:51 - INFO - Epoch 54/1000, Loss: 1.5510, Dice: 1.5476, MSE: 0.0113
2025-07-10 23:32:05 - INFO - Epoch 55/1000, Loss: 1.5397, Dice: 1.5363, MSE: 0.0113
2025-07-10 23:35:18 - INFO - Epoch 56/1000, Loss: 1.5439, Dice: 1.5405, MSE: 0.0113
2025-07-10 23:38:32 - INFO - Epoch 57/1000, Loss: 1.5193, Dice: 1.5159, MSE: 0.0114
2025-07-10 23:41:46 - INFO - Epoch 58/1000, Loss: 1.4937, Dice: 1.4903, MSE: 0.0113
2025-07-10 23:45:00 - INFO - Epoch 59/1000, Loss: 1.5237, Dice: 1.5203, MSE: 0.0114
2025-07-10 23:48:14 - INFO - Epoch 60/1000, Loss: 1.4783, Dice: 1.4749, MSE: 0.0113
2025-07-10 23:48:16 - INFO - 模型已保存至: epoch_60.pth
2025-07-10 23:51:30 - INFO - Epoch 61/1000, Loss: 1.4707, Dice: 1.4673, MSE: 0.0114
2025-07-10 23:54:44 - INFO - Epoch 62/1000, Loss: 1.4616, Dice: 1.4582, MSE: 0.0114
2025-07-10 23:57:58 - INFO - Epoch 63/1000, Loss: 1.4475, Dice: 1.4441, MSE: 0.0113
2025-07-11 00:01:12 - INFO - Epoch 64/1000, Loss: 1.4349, Dice: 1.4315, MSE: 0.0113
2025-07-11 00:04:25 - INFO - Epoch 65/1000, Loss: 1.4383, Dice: 1.4349, MSE: 0.0113
2025-07-11 00:07:39 - INFO - Epoch 66/1000, Loss: 1.4780, Dice: 1.4746, MSE: 0.0113
2025-07-11 00:10:53 - INFO - Epoch 67/1000, Loss: 1.4415, Dice: 1.4382, MSE: 0.0112
2025-07-11 00:14:07 - INFO - Epoch 68/1000, Loss: 1.4181, Dice: 1.4147, MSE: 0.0112
2025-07-11 00:17:21 - INFO - Epoch 69/1000, Loss: 1.4168, Dice: 1.4134, MSE: 0.0114
2025-07-11 00:20:35 - INFO - Epoch 70/1000, Loss: 1.4106, Dice: 1.4072, MSE: 0.0112
2025-07-11 00:23:48 - INFO - Epoch 71/1000, Loss: 1.4326, Dice: 1.4292, MSE: 0.0113
2025-07-11 00:27:02 - INFO - Epoch 72/1000, Loss: 1.3964, Dice: 1.3930, MSE: 0.0112
2025-07-11 00:30:16 - INFO - Epoch 73/1000, Loss: 1.3876, Dice: 1.3842, MSE: 0.0113
2025-07-11 00:33:30 - INFO - Epoch 74/1000, Loss: 1.3775, Dice: 1.3741, MSE: 0.0113
2025-07-11 00:36:44 - INFO - Epoch 75/1000, Loss: 1.3922, Dice: 1.3889, MSE: 0.0112
2025-07-11 00:39:57 - INFO - Epoch 76/1000, Loss: 1.3747, Dice: 1.3713, MSE: 0.0112
2025-07-11 00:43:11 - INFO - Epoch 77/1000, Loss: 1.3645, Dice: 1.3611, MSE: 0.0112
2025-07-11 00:46:25 - INFO - Epoch 78/1000, Loss: 1.3704, Dice: 1.3671, MSE: 0.0112
2025-07-11 00:49:39 - INFO - Epoch 79/1000, Loss: 1.3586, Dice: 1.3552, MSE: 0.0112
2025-07-11 00:52:52 - INFO - Epoch 80/1000, Loss: 1.3618, Dice: 1.3584, MSE: 0.0112
2025-07-11 00:52:55 - INFO - 模型已保存至: epoch_80.pth
2025-07-11 00:56:08 - INFO - Epoch 81/1000, Loss: 1.3421, Dice: 1.3388, MSE: 0.0112
2025-07-11 00:59:22 - INFO - Epoch 82/1000, Loss: 1.3371, Dice: 1.3337, MSE: 0.0113
2025-07-11 01:02:36 - INFO - Epoch 83/1000, Loss: 1.3457, Dice: 1.3423, MSE: 0.0111
2025-07-11 01:05:50 - INFO - Epoch 84/1000, Loss: 1.3376, Dice: 1.3342, MSE: 0.0112
2025-07-11 01:09:04 - INFO - Epoch 85/1000, Loss: 1.3169, Dice: 1.3135, MSE: 0.0112
2025-07-11 01:12:17 - INFO - Epoch 86/1000, Loss: 1.3290, Dice: 1.3256, MSE: 0.0112
2025-07-11 01:15:31 - INFO - Epoch 87/1000, Loss: 1.3264, Dice: 1.3230, MSE: 0.0111
2025-07-11 01:18:45 - INFO - Epoch 88/1000, Loss: 1.2920, Dice: 1.2888, MSE: 0.0110
2025-07-11 01:21:59 - INFO - Epoch 89/1000, Loss: 1.2890, Dice: 1.2858, MSE: 0.0108
2025-07-11 01:25:13 - INFO - Epoch 90/1000, Loss: 1.2901, Dice: 1.2869, MSE: 0.0106
2025-07-11 01:28:26 - INFO - Epoch 91/1000, Loss: 1.2780, Dice: 1.2748, MSE: 0.0107
2025-07-11 01:31:40 - INFO - Epoch 92/1000, Loss: 1.2942, Dice: 1.2909, MSE: 0.0108
2025-07-11 01:34:54 - INFO - Epoch 93/1000, Loss: 1.2963, Dice: 1.2931, MSE: 0.0106
2025-07-11 01:38:08 - INFO - Epoch 94/1000, Loss: 1.2797, Dice: 1.2765, MSE: 0.0107
2025-07-11 01:41:22 - INFO - Epoch 95/1000, Loss: 1.2798, Dice: 1.2766, MSE: 0.0107
2025-07-11 01:44:35 - INFO - Epoch 96/1000, Loss: 1.2715, Dice: 1.2683, MSE: 0.0107
2025-07-11 01:47:49 - INFO - Epoch 97/1000, Loss: 1.2589, Dice: 1.2557, MSE: 0.0108
2025-07-11 01:51:03 - INFO - Epoch 98/1000, Loss: 1.2736, Dice: 1.2703, MSE: 0.0108
2025-07-11 01:54:17 - INFO - Epoch 99/1000, Loss: 1.2648, Dice: 1.2616, MSE: 0.0107
2025-07-11 01:57:31 - INFO - Epoch 100/1000, Loss: 1.2291, Dice: 1.2260, MSE: 0.0102
2025-07-11 01:57:33 - INFO - 模型已保存至: epoch_100.pth
2025-07-11 02:00:46 - INFO - Epoch 101/1000, Loss: 1.1984, Dice: 1.1956, MSE: 0.0093
2025-07-11 02:04:00 - INFO - Epoch 102/1000, Loss: 1.1946, Dice: 1.1920, MSE: 0.0086
2025-07-11 02:07:14 - INFO - Epoch 103/1000, Loss: 1.1561, Dice: 1.1537, MSE: 0.0082
2025-07-11 02:10:27 - INFO - Epoch 104/1000, Loss: 1.1826, Dice: 1.1802, MSE: 0.0082
2025-07-11 02:13:41 - INFO - Epoch 105/1000, Loss: 1.1574, Dice: 1.1549, MSE: 0.0082
2025-07-11 02:16:55 - INFO - Epoch 106/1000, Loss: 1.1580, Dice: 1.1555, MSE: 0.0082
2025-07-11 02:20:08 - INFO - Epoch 107/1000, Loss: 1.1483, Dice: 1.1458, MSE: 0.0081
2025-07-11 02:23:22 - INFO - Epoch 108/1000, Loss: 1.1456, Dice: 1.1431, MSE: 0.0082
2025-07-11 02:26:36 - INFO - Epoch 109/1000, Loss: 1.1422, Dice: 1.1398, MSE: 0.0081
2025-07-11 02:29:49 - INFO - Epoch 110/1000, Loss: 1.1438, Dice: 1.1414, MSE: 0.0081
2025-07-11 02:33:03 - INFO - Epoch 111/1000, Loss: 1.1329, Dice: 1.1304, MSE: 0.0082
2025-07-11 02:36:17 - INFO - Epoch 112/1000, Loss: 1.1348, Dice: 1.1324, MSE: 0.0082
2025-07-11 02:39:30 - INFO - Epoch 113/1000, Loss: 1.1375, Dice: 1.1350, MSE: 0.0082
2025-07-11 02:42:44 - INFO - Epoch 114/1000, Loss: 1.1323, Dice: 1.1299, MSE: 0.0082
2025-07-11 02:45:58 - INFO - Epoch 115/1000, Loss: 1.1426, Dice: 1.1401, MSE: 0.0081
2025-07-11 02:49:12 - INFO - Epoch 116/1000, Loss: 1.1224, Dice: 1.1199, MSE: 0.0082
2025-07-11 02:52:25 - INFO - Epoch 117/1000, Loss: 1.1274, Dice: 1.1250, MSE: 0.0081
2025-07-11 02:55:39 - INFO - Epoch 118/1000, Loss: 1.1388, Dice: 1.1364, MSE: 0.0081
2025-07-11 02:58:52 - INFO - Epoch 119/1000, Loss: 1.1030, Dice: 1.1005, MSE: 0.0082
2025-07-11 03:02:06 - INFO - Epoch 120/1000, Loss: 1.1138, Dice: 1.1114, MSE: 0.0082
2025-07-11 03:02:08 - INFO - 模型已保存至: epoch_120.pth
2025-07-11 03:05:22 - INFO - Epoch 121/1000, Loss: 1.1206, Dice: 1.1182, MSE: 0.0082
2025-07-11 03:08:36 - INFO - Epoch 122/1000, Loss: 1.1028, Dice: 1.1004, MSE: 0.0081
2025-07-11 03:11:49 - INFO - Epoch 123/1000, Loss: 1.1113, Dice: 1.1088, MSE: 0.0081
2025-07-11 03:15:03 - INFO - Epoch 124/1000, Loss: 1.1101, Dice: 1.1076, MSE: 0.0082
2025-07-11 03:18:16 - INFO - Epoch 125/1000, Loss: 1.0871, Dice: 1.0846, MSE: 0.0082
2025-07-11 03:21:30 - INFO - Epoch 126/1000, Loss: 1.0942, Dice: 1.0917, MSE: 0.0081
2025-07-11 03:24:44 - INFO - Epoch 127/1000, Loss: 1.0925, Dice: 1.0901, MSE: 0.0082
2025-07-11 03:27:58 - INFO - Epoch 128/1000, Loss: 1.1068, Dice: 1.1044, MSE: 0.0082
2025-07-11 03:31:11 - INFO - Epoch 129/1000, Loss: 1.0962, Dice: 1.0937, MSE: 0.0082
2025-07-11 03:34:25 - INFO - Epoch 130/1000, Loss: 1.0761, Dice: 1.0737, MSE: 0.0082
2025-07-11 03:37:38 - INFO - Epoch 131/1000, Loss: 1.0948, Dice: 1.0923, MSE: 0.0081
2025-07-11 03:40:52 - INFO - Epoch 132/1000, Loss: 1.0892, Dice: 1.0867, MSE: 0.0081
2025-07-11 03:44:06 - INFO - Epoch 133/1000, Loss: 1.0998, Dice: 1.0974, MSE: 0.0082
2025-07-11 03:47:19 - INFO - Epoch 134/1000, Loss: 1.0730, Dice: 1.0705, MSE: 0.0081
2025-07-11 03:50:33 - INFO - Epoch 135/1000, Loss: 1.0779, Dice: 1.0754, MSE: 0.0080
2025-07-11 03:53:47 - INFO - Epoch 136/1000, Loss: 1.0574, Dice: 1.0550, MSE: 0.0081
2025-07-11 03:57:00 - INFO - Epoch 137/1000, Loss: 1.0540, Dice: 1.0516, MSE: 0.0080
2025-07-11 04:00:14 - INFO - Epoch 138/1000, Loss: 1.0705, Dice: 1.0681, MSE: 0.0080
2025-07-11 04:03:27 - INFO - Epoch 139/1000, Loss: 1.0527, Dice: 1.0503, MSE: 0.0080
2025-07-11 04:06:41 - INFO - Epoch 140/1000, Loss: 1.0765, Dice: 1.0741, MSE: 0.0081
2025-07-11 04:06:43 - INFO - 模型已保存至: epoch_140.pth
2025-07-11 04:09:57 - INFO - Epoch 141/1000, Loss: 1.0634, Dice: 1.0610, MSE: 0.0080
2025-07-11 04:13:10 - INFO - Epoch 142/1000, Loss: 1.0693, Dice: 1.0668, MSE: 0.0081
2025-07-11 04:16:24 - INFO - Epoch 143/1000, Loss: 1.0732, Dice: 1.0707, MSE: 0.0081
2025-07-11 04:19:38 - INFO - Epoch 144/1000, Loss: 1.0527, Dice: 1.0503, MSE: 0.0082
2025-07-11 04:22:51 - INFO - Epoch 145/1000, Loss: 1.0532, Dice: 1.0508, MSE: 0.0080
2025-07-11 04:26:05 - INFO - Epoch 146/1000, Loss: 1.0740, Dice: 1.0716, MSE: 0.0081
2025-07-11 04:29:19 - INFO - Epoch 147/1000, Loss: 1.0520, Dice: 1.0495, MSE: 0.0084
2025-07-11 04:32:32 - INFO - Epoch 148/1000, Loss: 1.0575, Dice: 1.0551, MSE: 0.0081
2025-07-11 04:35:46 - INFO - Epoch 149/1000, Loss: 1.0465, Dice: 1.0441, MSE: 0.0081
2025-07-11 04:39:00 - INFO - Epoch 150/1000, Loss: 1.0474, Dice: 1.0449, MSE: 0.0082
2025-07-11 04:42:14 - INFO - Epoch 151/1000, Loss: 1.0464, Dice: 1.0440, MSE: 0.0080
2025-07-11 04:45:28 - INFO - Epoch 152/1000, Loss: 1.0600, Dice: 1.0575, MSE: 0.0081
2025-07-11 04:48:42 - INFO - Epoch 153/1000, Loss: 1.0421, Dice: 1.0397, MSE: 0.0081
2025-07-11 04:51:56 - INFO - Epoch 154/1000, Loss: 1.0427, Dice: 1.0402, MSE: 0.0082
2025-07-11 04:55:10 - INFO - Epoch 155/1000, Loss: 1.0429, Dice: 1.0405, MSE: 0.0081
2025-07-11 04:58:24 - INFO - Epoch 156/1000, Loss: 1.0522, Dice: 1.0498, MSE: 0.0082
2025-07-11 05:01:38 - INFO - Epoch 157/1000, Loss: 1.0369, Dice: 1.0345, MSE: 0.0081
2025-07-11 05:04:52 - INFO - Epoch 158/1000, Loss: 1.0239, Dice: 1.0215, MSE: 0.0080
2025-07-11 05:08:06 - INFO - Epoch 159/1000, Loss: 1.0222, Dice: 1.0198, MSE: 0.0081
2025-07-11 05:11:20 - INFO - Epoch 160/1000, Loss: 1.0292, Dice: 1.0267, MSE: 0.0081
2025-07-11 05:11:22 - INFO - 模型已保存至: epoch_160.pth
2025-07-11 05:14:36 - INFO - Epoch 161/1000, Loss: 1.0357, Dice: 1.0333, MSE: 0.0081
2025-07-11 05:17:49 - INFO - Epoch 162/1000, Loss: 1.0451, Dice: 1.0427, MSE: 0.0081
2025-07-11 05:21:03 - INFO - Epoch 163/1000, Loss: 1.0417, Dice: 1.0392, MSE: 0.0081
2025-07-11 05:24:17 - INFO - Epoch 164/1000, Loss: 1.0350, Dice: 1.0326, MSE: 0.0080
2025-07-11 05:27:31 - INFO - Epoch 165/1000, Loss: 0.9944, Dice: 0.9921, MSE: 0.0079
2025-07-11 05:30:45 - INFO - Epoch 166/1000, Loss: 1.0182, Dice: 1.0158, MSE: 0.0080
2025-07-11 05:33:59 - INFO - Epoch 167/1000, Loss: 1.0170, Dice: 1.0147, MSE: 0.0079
2025-07-11 05:37:13 - INFO - Epoch 168/1000, Loss: 1.0144, Dice: 1.0120, MSE: 0.0079
2025-07-11 05:40:27 - INFO - Epoch 169/1000, Loss: 1.0089, Dice: 1.0066, MSE: 0.0079
2025-07-11 05:43:41 - INFO - Epoch 170/1000, Loss: 1.0146, Dice: 1.0122, MSE: 0.0079
2025-07-11 05:46:55 - INFO - Epoch 171/1000, Loss: 1.0119, Dice: 1.0095, MSE: 0.0079
2025-07-11 05:50:09 - INFO - Epoch 172/1000, Loss: 0.9992, Dice: 0.9969, MSE: 0.0079
2025-07-11 05:53:23 - INFO - Epoch 173/1000, Loss: 0.9955, Dice: 0.9931, MSE: 0.0079
2025-07-11 05:56:37 - INFO - Epoch 174/1000, Loss: 0.9970, Dice: 0.9946, MSE: 0.0079
2025-07-11 05:59:50 - INFO - Epoch 175/1000, Loss: 1.0177, Dice: 1.0153, MSE: 0.0080
2025-07-11 06:03:04 - INFO - Epoch 176/1000, Loss: 1.0020, Dice: 0.9996, MSE: 0.0079
2025-07-11 06:06:18 - INFO - Epoch 177/1000, Loss: 1.0053, Dice: 1.0029, MSE: 0.0079
2025-07-11 06:09:32 - INFO - Epoch 178/1000, Loss: 0.9907, Dice: 0.9883, MSE: 0.0079
2025-07-11 06:12:46 - INFO - Epoch 179/1000, Loss: 1.0064, Dice: 1.0040, MSE: 0.0079
2025-07-11 06:16:00 - INFO - Epoch 180/1000, Loss: 0.9968, Dice: 0.9945, MSE: 0.0079
2025-07-11 06:16:02 - INFO - 模型已保存至: epoch_180.pth
2025-07-11 06:19:15 - INFO - Epoch 181/1000, Loss: 0.9897, Dice: 0.9873, MSE: 0.0079
2025-07-11 06:22:29 - INFO - Epoch 182/1000, Loss: 1.0087, Dice: 1.0064, MSE: 0.0079
2025-07-11 06:25:43 - INFO - Epoch 183/1000, Loss: 0.9941, Dice: 0.9917, MSE: 0.0079
2025-07-11 06:28:57 - INFO - Epoch 184/1000, Loss: 0.9822, Dice: 0.9799, MSE: 0.0079
2025-07-11 06:32:11 - INFO - Epoch 185/1000, Loss: 0.9858, Dice: 0.9834, MSE: 0.0080
2025-07-11 06:35:25 - INFO - Epoch 186/1000, Loss: 0.9918, Dice: 0.9894, MSE: 0.0079
2025-07-11 06:38:39 - INFO - Epoch 187/1000, Loss: 0.9920, Dice: 0.9896, MSE: 0.0080
2025-07-11 06:41:53 - INFO - Epoch 188/1000, Loss: 0.9806, Dice: 0.9782, MSE: 0.0079
2025-07-11 06:45:06 - INFO - Epoch 189/1000, Loss: 0.9897, Dice: 0.9873, MSE: 0.0079
2025-07-11 06:48:20 - INFO - Epoch 190/1000, Loss: 0.9765, Dice: 0.9741, MSE: 0.0079
2025-07-11 06:51:34 - INFO - Epoch 191/1000, Loss: 0.9934, Dice: 0.9910, MSE: 0.0079
2025-07-11 06:54:48 - INFO - Epoch 192/1000, Loss: 0.9590, Dice: 0.9567, MSE: 0.0079
2025-07-11 06:58:02 - INFO - Epoch 193/1000, Loss: 0.9757, Dice: 0.9733, MSE: 0.0079
2025-07-11 07:01:16 - INFO - Epoch 194/1000, Loss: 0.9695, Dice: 0.9672, MSE: 0.0079
2025-07-11 07:04:30 - INFO - Epoch 195/1000, Loss: 0.9765, Dice: 0.9741, MSE: 0.0079
2025-07-11 07:07:44 - INFO - Epoch 196/1000, Loss: 0.9847, Dice: 0.9823, MSE: 0.0079
2025-07-11 07:10:58 - INFO - Epoch 197/1000, Loss: 0.9709, Dice: 0.9685, MSE: 0.0078
2025-07-11 07:14:11 - INFO - Epoch 198/1000, Loss: 0.9733, Dice: 0.9709, MSE: 0.0079
2025-07-11 07:17:25 - INFO - Epoch 199/1000, Loss: 0.9600, Dice: 0.9577, MSE: 0.0079
2025-07-11 07:20:39 - INFO - Epoch 200/1000, Loss: 0.9587, Dice: 0.9564, MSE: 0.0079
2025-07-11 07:20:42 - INFO - 模型已保存至: epoch_200.pth
2025-07-11 07:23:55 - INFO - Epoch 201/1000, Loss: 0.9585, Dice: 0.9561, MSE: 0.0080
2025-07-11 07:27:09 - INFO - Epoch 202/1000, Loss: 0.9782, Dice: 0.9758, MSE: 0.0079
2025-07-11 07:30:23 - INFO - Epoch 203/1000, Loss: 0.9757, Dice: 0.9733, MSE: 0.0080
2025-07-11 07:33:37 - INFO - Epoch 204/1000, Loss: 0.9665, Dice: 0.9641, MSE: 0.0079
2025-07-11 07:36:50 - INFO - Epoch 205/1000, Loss: 0.9459, Dice: 0.9436, MSE: 0.0079
2025-07-11 07:40:04 - INFO - Epoch 206/1000, Loss: 0.9673, Dice: 0.9649, MSE: 0.0080
2025-07-11 07:43:18 - INFO - Epoch 207/1000, Loss: 0.9605, Dice: 0.9581, MSE: 0.0080
2025-07-11 07:46:32 - INFO - Epoch 208/1000, Loss: 0.9546, Dice: 0.9522, MSE: 0.0079
2025-07-11 07:49:45 - INFO - Epoch 209/1000, Loss: 0.9596, Dice: 0.9572, MSE: 0.0080
2025-07-11 07:52:59 - INFO - Epoch 210/1000, Loss: 0.9583, Dice: 0.9559, MSE: 0.0079
2025-07-11 07:56:13 - INFO - Epoch 211/1000, Loss: 0.9685, Dice: 0.9661, MSE: 0.0080
2025-07-11 07:59:27 - INFO - Epoch 212/1000, Loss: 0.9534, Dice: 0.9510, MSE: 0.0079
2025-07-11 08:02:40 - INFO - Epoch 213/1000, Loss: 0.9519, Dice: 0.9495, MSE: 0.0079
2025-07-11 08:05:54 - INFO - Epoch 214/1000, Loss: 0.9601, Dice: 0.9578, MSE: 0.0079
2025-07-11 08:09:07 - INFO - Epoch 215/1000, Loss: 0.9506, Dice: 0.9483, MSE: 0.0079
2025-07-11 08:12:19 - INFO - Epoch 216/1000, Loss: 0.9696, Dice: 0.9672, MSE: 0.0079
2025-07-11 08:15:32 - INFO - Epoch 217/1000, Loss: 0.9366, Dice: 0.9343, MSE: 0.0079
2025-07-11 08:18:44 - INFO - Epoch 218/1000, Loss: 0.9488, Dice: 0.9464, MSE: 0.0079
2025-07-11 08:21:56 - INFO - Epoch 219/1000, Loss: 0.9495, Dice: 0.9471, MSE: 0.0079
2025-07-11 08:25:08 - INFO - Epoch 220/1000, Loss: 0.9430, Dice: 0.9407, MSE: 0.0079
2025-07-11 08:25:10 - INFO - 模型已保存至: epoch_220.pth
2025-07-11 08:28:22 - INFO - Epoch 221/1000, Loss: 0.9392, Dice: 0.9368, MSE: 0.0079
2025-07-11 08:31:34 - INFO - Epoch 222/1000, Loss: 0.9603, Dice: 0.9579, MSE: 0.0079
2025-07-11 08:34:46 - INFO - Epoch 223/1000, Loss: 0.9477, Dice: 0.9454, MSE: 0.0079
2025-07-11 08:37:58 - INFO - Epoch 224/1000, Loss: 0.9424, Dice: 0.9400, MSE: 0.0079
2025-07-11 08:41:09 - INFO - Epoch 225/1000, Loss: 0.9265, Dice: 0.9241, MSE: 0.0079
2025-07-11 08:44:21 - INFO - Epoch 226/1000, Loss: 0.9392, Dice: 0.9368, MSE: 0.0080
2025-07-11 08:47:32 - INFO - Epoch 227/1000, Loss: 0.9392, Dice: 0.9369, MSE: 0.0079
2025-07-11 08:50:44 - INFO - Epoch 228/1000, Loss: 0.9338, Dice: 0.9314, MSE: 0.0079
2025-07-11 08:53:55 - INFO - Epoch 229/1000, Loss: 0.9292, Dice: 0.9268, MSE: 0.0080
2025-07-11 08:57:06 - INFO - Epoch 230/1000, Loss: 0.9300, Dice: 0.9277, MSE: 0.0079
2025-07-11 09:00:18 - INFO - Epoch 231/1000, Loss: 0.9356, Dice: 0.9333, MSE: 0.0079
2025-07-11 09:03:29 - INFO - Epoch 232/1000, Loss: 0.9296, Dice: 0.9272, MSE: 0.0079
2025-07-11 09:06:40 - INFO - Epoch 233/1000, Loss: 0.9195, Dice: 0.9172, MSE: 0.0079
2025-07-11 09:09:51 - INFO - Epoch 234/1000, Loss: 0.9384, Dice: 0.9360, MSE: 0.0079
2025-07-11 09:13:02 - INFO - Epoch 235/1000, Loss: 0.9360, Dice: 0.9336, MSE: 0.0079
2025-07-11 09:16:13 - INFO - Epoch 236/1000, Loss: 0.9307, Dice: 0.9284, MSE: 0.0079
2025-07-11 09:19:24 - INFO - Epoch 237/1000, Loss: 0.9255, Dice: 0.9231, MSE: 0.0079
2025-07-11 09:22:35 - INFO - Epoch 238/1000, Loss: 0.9253, Dice: 0.9229, MSE: 0.0079
2025-07-11 09:25:46 - INFO - Epoch 239/1000, Loss: 0.9299, Dice: 0.9276, MSE: 0.0079
2025-07-11 09:28:57 - INFO - Epoch 240/1000, Loss: 0.9349, Dice: 0.9326, MSE: 0.0079
2025-07-11 09:28:59 - INFO - 模型已保存至: epoch_240.pth
2025-07-11 09:32:10 - INFO - Epoch 241/1000, Loss: 0.9089, Dice: 0.9065, MSE: 0.0078
2025-07-11 09:35:21 - INFO - Epoch 242/1000, Loss: 0.9414, Dice: 0.9390, MSE: 0.0078
2025-07-11 09:38:32 - INFO - Epoch 243/1000, Loss: 0.9081, Dice: 0.9057, MSE: 0.0078
2025-07-11 09:41:43 - INFO - Epoch 244/1000, Loss: 0.9269, Dice: 0.9245, MSE: 0.0078
2025-07-11 09:44:54 - INFO - Epoch 245/1000, Loss: 0.9303, Dice: 0.9279, MSE: 0.0078
2025-07-11 09:48:05 - INFO - Epoch 246/1000, Loss: 0.9274, Dice: 0.9251, MSE: 0.0078
2025-07-11 09:51:16 - INFO - Epoch 247/1000, Loss: 0.9273, Dice: 0.9250, MSE: 0.0078
2025-07-11 09:54:27 - INFO - Epoch 248/1000, Loss: 0.9232, Dice: 0.9208, MSE: 0.0079
2025-07-11 09:57:38 - INFO - Epoch 249/1000, Loss: 0.9160, Dice: 0.9137, MSE: 0.0078
2025-07-11 10:00:49 - INFO - Epoch 250/1000, Loss: 0.9059, Dice: 0.9035, MSE: 0.0077
2025-07-11 10:04:00 - INFO - Epoch 251/1000, Loss: 0.8936, Dice: 0.8912, MSE: 0.0078
2025-07-11 10:07:11 - INFO - Epoch 252/1000, Loss: 0.8964, Dice: 0.8940, MSE: 0.0078
2025-07-11 10:10:21 - INFO - Epoch 253/1000, Loss: 0.9155, Dice: 0.9132, MSE: 0.0078
2025-07-11 10:13:32 - INFO - Epoch 254/1000, Loss: 0.9073, Dice: 0.9050, MSE: 0.0078
2025-07-11 10:16:43 - INFO - Epoch 255/1000, Loss: 0.8938, Dice: 0.8915, MSE: 0.0078
2025-07-11 10:19:54 - INFO - Epoch 256/1000, Loss: 0.9015, Dice: 0.8992, MSE: 0.0078
2025-07-11 10:23:05 - INFO - Epoch 257/1000, Loss: 0.9226, Dice: 0.9202, MSE: 0.0078
2025-07-11 10:26:16 - INFO - Epoch 258/1000, Loss: 0.9046, Dice: 0.9023, MSE: 0.0078
2025-07-11 10:29:27 - INFO - Epoch 259/1000, Loss: 0.9055, Dice: 0.9031, MSE: 0.0078
2025-07-11 10:32:38 - INFO - Epoch 260/1000, Loss: 0.9091, Dice: 0.9068, MSE: 0.0077
2025-07-11 10:32:40 - INFO - 模型已保存至: epoch_260.pth
2025-07-11 10:35:51 - INFO - Epoch 261/1000, Loss: 0.8843, Dice: 0.8820, MSE: 0.0078
2025-07-11 10:39:02 - INFO - Epoch 262/1000, Loss: 0.8962, Dice: 0.8939, MSE: 0.0078
2025-07-11 10:42:12 - INFO - Epoch 263/1000, Loss: 0.8851, Dice: 0.8828, MSE: 0.0077
2025-07-11 10:45:23 - INFO - Epoch 264/1000, Loss: 0.9007, Dice: 0.8984, MSE: 0.0077
2025-07-11 10:48:34 - INFO - Epoch 265/1000, Loss: 0.9075, Dice: 0.9052, MSE: 0.0077
2025-07-11 10:51:45 - INFO - Epoch 266/1000, Loss: 0.9132, Dice: 0.9109, MSE: 0.0078
2025-07-11 10:54:56 - INFO - Epoch 267/1000, Loss: 0.8912, Dice: 0.8889, MSE: 0.0077
2025-07-11 10:58:07 - INFO - Epoch 268/1000, Loss: 0.8795, Dice: 0.8772, MSE: 0.0077
2025-07-11 11:01:18 - INFO - Epoch 269/1000, Loss: 0.9000, Dice: 0.8976, MSE: 0.0078
2025-07-11 11:04:29 - INFO - Epoch 270/1000, Loss: 0.9006, Dice: 0.8983, MSE: 0.0076
2025-07-11 11:07:40 - INFO - Epoch 271/1000, Loss: 0.8255, Dice: 0.8237, MSE: 0.0060
2025-07-11 11:10:50 - INFO - Epoch 272/1000, Loss: 0.8122, Dice: 0.8106, MSE: 0.0055
2025-07-11 11:14:01 - INFO - Epoch 273/1000, Loss: 0.8197, Dice: 0.8180, MSE: 0.0056
2025-07-11 11:17:12 - INFO - Epoch 274/1000, Loss: 0.8297, Dice: 0.8280, MSE: 0.0056
2025-07-11 11:20:23 - INFO - Epoch 275/1000, Loss: 0.8207, Dice: 0.8190, MSE: 0.0055
2025-07-11 11:23:34 - INFO - Epoch 276/1000, Loss: 0.8161, Dice: 0.8145, MSE: 0.0055
2025-07-11 11:26:45 - INFO - Epoch 277/1000, Loss: 0.8204, Dice: 0.8187, MSE: 0.0055
2025-07-11 11:29:56 - INFO - Epoch 278/1000, Loss: 0.8072, Dice: 0.8056, MSE: 0.0055
2025-07-11 11:33:07 - INFO - Epoch 279/1000, Loss: 0.8177, Dice: 0.8160, MSE: 0.0056
2025-07-11 11:36:18 - INFO - Epoch 280/1000, Loss: 0.8234, Dice: 0.8218, MSE: 0.0055
2025-07-11 11:36:20 - INFO - 模型已保存至: epoch_280.pth
2025-07-11 11:39:32 - INFO - Epoch 281/1000, Loss: 0.8264, Dice: 0.8247, MSE: 0.0056
2025-07-11 11:42:44 - INFO - Epoch 282/1000, Loss: 0.8114, Dice: 0.8097, MSE: 0.0055
2025-07-11 11:45:56 - INFO - Epoch 283/1000, Loss: 0.8090, Dice: 0.8073, MSE: 0.0055
2025-07-11 11:49:08 - INFO - Epoch 284/1000, Loss: 0.8197, Dice: 0.8180, MSE: 0.0056
2025-07-11 11:52:20 - INFO - Epoch 285/1000, Loss: 0.8168, Dice: 0.8151, MSE: 0.0056
2025-07-11 11:55:32 - INFO - Epoch 286/1000, Loss: 0.8116, Dice: 0.8099, MSE: 0.0056
2025-07-11 11:58:44 - INFO - Epoch 287/1000, Loss: 0.8203, Dice: 0.8186, MSE: 0.0056
2025-07-11 12:01:56 - INFO - Epoch 288/1000, Loss: 0.7996, Dice: 0.7980, MSE: 0.0055
2025-07-11 12:05:08 - INFO - Epoch 289/1000, Loss: 0.8043, Dice: 0.8026, MSE: 0.0055
2025-07-11 12:08:21 - INFO - Epoch 290/1000, Loss: 0.8032, Dice: 0.8016, MSE: 0.0055
2025-07-11 12:11:33 - INFO - Epoch 291/1000, Loss: 0.8136, Dice: 0.8120, MSE: 0.0055
2025-07-11 12:14:45 - INFO - Epoch 292/1000, Loss: 0.8088, Dice: 0.8071, MSE: 0.0055
2025-07-11 12:17:57 - INFO - Epoch 293/1000, Loss: 0.8214, Dice: 0.8198, MSE: 0.0056
2025-07-11 12:21:09 - INFO - Epoch 294/1000, Loss: 0.8053, Dice: 0.8037, MSE: 0.0055
2025-07-11 12:24:21 - INFO - Epoch 295/1000, Loss: 0.8089, Dice: 0.8072, MSE: 0.0056
2025-07-11 12:27:32 - INFO - Epoch 296/1000, Loss: 0.8073, Dice: 0.8056, MSE: 0.0056
2025-07-11 12:30:43 - INFO - Epoch 297/1000, Loss: 0.8202, Dice: 0.8186, MSE: 0.0055
2025-07-11 12:33:55 - INFO - Epoch 298/1000, Loss: 0.8001, Dice: 0.7984, MSE: 0.0056
2025-07-11 12:37:06 - INFO - Epoch 299/1000, Loss: 0.8015, Dice: 0.7999, MSE: 0.0055
2025-07-11 12:40:17 - INFO - Epoch 300/1000, Loss: 0.7938, Dice: 0.7921, MSE: 0.0055
2025-07-11 12:40:19 - INFO - 模型已保存至: epoch_300.pth
2025-07-11 12:43:30 - INFO - Epoch 301/1000, Loss: 0.8133, Dice: 0.8117, MSE: 0.0055
