2025-06-30 18:03:48 - INFO - Logging is set up.
2025-06-30 18:03:48 - INFO - 
======================================== New Training Session Started ========================================
2025-06-30 18:03:48 - INFO - Initialized distributed training on GPU 0. World size: 2
2025-06-30 18:03:48 - INFO - Training configuration:
{
  "seed": 42,
  "epochs": 600,
  "batch_size": 2,
  "learning_rate": 0.001,
  "log_path": "./result/VNet_Multi_V2/Amos_20/Training.log",
  "pth_path": "./result/VNet_Multi_V2/Amos_20/Pth",
  "tensorboard_path": "./result/VNet_Multi_V2/Amos_20/Train",
  "continue_train": false,
  "multi_gpu": true,
  "training_num": 20,
  "dataset_path": "./datasets/AMOS",
  "num_classes": 16,
  "patch_size": [
    80,
    160,
    160
  ]
}
2025-06-30 18:03:48 - INFO - Creating new TensorBoard log directory: ./result/VNet_Multi_V2/Amos_20/Train/20250630-180348
2025-06-30 18:03:48 - INFO - Initializing AMOS dataset...
2025-06-30 18:03:48 - INFO - Logging is set up.
2025-06-30 18:03:48 - INFO - 
======================================== New Training Session Started ========================================
2025-06-30 18:03:48 - INFO - Successfully loaded 20 training samples.
2025-06-30 18:03:48 - INFO - DataLoader created with batch size: 2, num_workers: 24, shuffle: False.
2025-06-30 18:03:48 - INFO - Initializing VNet model...
2025-06-30 18:03:48 - INFO - Initialized distributed training on GPU 1. World size: 2
2025-06-30 18:03:48 - INFO - Training configuration:
{
  "seed": 42,
  "epochs": 600,
  "batch_size": 2,
  "learning_rate": 0.001,
  "log_path": "./result/VNet_Multi_V2/Amos_20/Training.log",
  "pth_path": "./result/VNet_Multi_V2/Amos_20/Pth",
  "tensorboard_path": "./result/VNet_Multi_V2/Amos_20/Train",
  "continue_train": false,
  "multi_gpu": true,
  "training_num": 20,
  "dataset_path": "./datasets/AMOS",
  "num_classes": 16,
  "patch_size": [
    80,
    160,
    160
  ]
}
2025-06-30 18:03:48 - INFO - Initializing AMOS dataset...
2025-06-30 18:03:48 - INFO - Model VNet created with 16 classes and batch normalization.
2025-06-30 18:03:48 - INFO - Successfully loaded 20 training samples.
2025-06-30 18:03:48 - INFO - DataLoader created with batch size: 2, num_workers: 24, shuffle: False.
2025-06-30 18:03:48 - INFO - Initializing VNet model...
2025-06-30 18:03:48 - INFO - Model VNet created with 16 classes and batch normalization.
2025-06-30 18:03:48 - INFO - Starting training from scratch.
2025-06-30 18:03:48 - INFO - Starting training from scratch.
2025-06-30 18:03:49 - INFO - Wrapped model with DistributedDataParallel (DDP).
2025-06-30 18:03:49 - INFO - Using loss function: UnifiedLoss with parameters: num_classes=16, lambda_reg=0.3, loss_weight=[1,1]
2025-06-30 18:03:49 - INFO - Wrapped model with DistributedDataParallel (DDP).
2025-06-30 18:03:49 - INFO - Using loss function: UnifiedLoss with parameters: num_classes=16, lambda_reg=0.3, loss_weight=[1,1]
2025-06-30 18:03:49 - INFO - Optimizer: AdamW with learning rate: 0.001, weight_decay: 0.01
2025-06-30 18:03:49 - INFO - Starting model training from epoch 1 to 600...
2025-06-30 18:03:49 - INFO - Optimizer: AdamW with learning rate: 0.001, weight_decay: 0.01
2025-06-30 18:03:49 - INFO - Starting model training from epoch 1 to 600...
2025-06-30 18:03:55 - INFO - Epoch 1/600 finished. Average Training Loss: 4.7374
2025-06-30 18:04:00 - INFO - Epoch 2/600 finished. Average Training Loss: 4.4629
2025-06-30 18:04:05 - INFO - Epoch 3/600 finished. Average Training Loss: 4.3861
2025-06-30 18:04:09 - INFO - Epoch 4/600 finished. Average Training Loss: 4.2997
2025-06-30 18:04:14 - INFO - Epoch 5/600 finished. Average Training Loss: 4.2613
2025-06-30 18:04:19 - INFO - Epoch 6/600 finished. Average Training Loss: 4.1256
2025-06-30 18:04:24 - INFO - Epoch 7/600 finished. Average Training Loss: 4.0504
2025-06-30 18:04:29 - INFO - Epoch 8/600 finished. Average Training Loss: 4.0267
2025-06-30 18:04:34 - INFO - Epoch 9/600 finished. Average Training Loss: 3.8462
2025-06-30 18:04:38 - INFO - Epoch 10/600 finished. Average Training Loss: 3.8791
2025-06-30 18:04:43 - INFO - Epoch 11/600 finished. Average Training Loss: 3.8396
2025-06-30 18:04:48 - INFO - Epoch 12/600 finished. Average Training Loss: 3.6939
2025-06-30 18:04:53 - INFO - Epoch 13/600 finished. Average Training Loss: 3.5991
2025-06-30 18:04:58 - INFO - Epoch 14/600 finished. Average Training Loss: 3.5064
2025-06-30 18:05:02 - INFO - Epoch 15/600 finished. Average Training Loss: 3.2870
2025-06-30 18:05:08 - INFO - Epoch 16/600 finished. Average Training Loss: 3.2896
2025-06-30 18:05:12 - INFO - Epoch 17/600 finished. Average Training Loss: 3.3112
2025-06-30 18:05:17 - INFO - Epoch 18/600 finished. Average Training Loss: 2.9814
2025-06-30 18:05:22 - INFO - Epoch 19/600 finished. Average Training Loss: 2.8910
2025-06-30 18:05:27 - INFO - Epoch 20/600 finished. Average Training Loss: 3.0133
2025-06-30 18:05:27 - INFO - Saved checkpoint for epoch 20 to ./result/VNet_Multi_V2/Amos_20/Pth/model_epoch_20_checkpoint.pth
2025-06-30 18:05:32 - INFO - Epoch 21/600 finished. Average Training Loss: 3.1212
2025-06-30 18:05:36 - INFO - Epoch 22/600 finished. Average Training Loss: 2.8435
2025-06-30 18:05:41 - INFO - Epoch 23/600 finished. Average Training Loss: 3.0467
2025-06-30 18:05:46 - INFO - Epoch 24/600 finished. Average Training Loss: 2.5938
2025-06-30 18:05:51 - INFO - Epoch 25/600 finished. Average Training Loss: 2.5606
2025-06-30 18:05:56 - INFO - Epoch 26/600 finished. Average Training Loss: 2.6776
2025-06-30 18:06:00 - INFO - Epoch 27/600 finished. Average Training Loss: 2.5122
2025-06-30 18:06:05 - INFO - Epoch 28/600 finished. Average Training Loss: 2.4036
2025-06-30 18:06:10 - INFO - Epoch 29/600 finished. Average Training Loss: 2.4064
2025-06-30 18:06:15 - INFO - Epoch 30/600 finished. Average Training Loss: 2.2582
2025-06-30 18:06:20 - INFO - Epoch 31/600 finished. Average Training Loss: 1.9790
2025-06-30 18:06:25 - INFO - Epoch 32/600 finished. Average Training Loss: 1.9603
2025-06-30 18:06:29 - INFO - Epoch 33/600 finished. Average Training Loss: 1.9328
2025-06-30 18:06:34 - INFO - Epoch 34/600 finished. Average Training Loss: 1.6989
2025-06-30 18:06:39 - INFO - Epoch 35/600 finished. Average Training Loss: 1.7370
2025-06-30 18:06:44 - INFO - Epoch 36/600 finished. Average Training Loss: 1.7186
2025-06-30 18:06:48 - INFO - Epoch 37/600 finished. Average Training Loss: 1.6846
2025-06-30 18:06:53 - INFO - Epoch 38/600 finished. Average Training Loss: 1.4874
2025-06-30 18:06:58 - INFO - Epoch 39/600 finished. Average Training Loss: 1.4545
2025-06-30 18:07:03 - INFO - Epoch 40/600 finished. Average Training Loss: 1.4964
2025-06-30 18:07:03 - INFO - Saved checkpoint for epoch 40 to ./result/VNet_Multi_V2/Amos_20/Pth/model_epoch_40_checkpoint.pth
2025-06-30 18:07:08 - INFO - Epoch 41/600 finished. Average Training Loss: 1.6955
2025-06-30 18:07:13 - INFO - Epoch 42/600 finished. Average Training Loss: 1.5134
2025-06-30 18:07:18 - INFO - Epoch 43/600 finished. Average Training Loss: 1.6850
2025-06-30 18:07:22 - INFO - Epoch 44/600 finished. Average Training Loss: 1.2551
2025-06-30 18:07:27 - INFO - Epoch 45/600 finished. Average Training Loss: 1.4561
2025-06-30 18:07:32 - INFO - Epoch 46/600 finished. Average Training Loss: 1.5389
2025-06-30 18:07:37 - INFO - Epoch 47/600 finished. Average Training Loss: 1.2820
2025-06-30 18:07:42 - INFO - Epoch 48/600 finished. Average Training Loss: 1.4847
2025-06-30 18:07:47 - INFO - Epoch 49/600 finished. Average Training Loss: 1.2511
2025-06-30 18:07:51 - INFO - Epoch 50/600 finished. Average Training Loss: 1.2449
2025-06-30 18:07:56 - INFO - Epoch 51/600 finished. Average Training Loss: 1.2330
2025-06-30 18:08:01 - INFO - Epoch 52/600 finished. Average Training Loss: 1.1814
2025-06-30 18:08:06 - INFO - Epoch 53/600 finished. Average Training Loss: 1.3761
2025-06-30 18:08:10 - INFO - Epoch 54/600 finished. Average Training Loss: 1.1997
2025-06-30 18:08:15 - INFO - Epoch 55/600 finished. Average Training Loss: 1.2057
2025-06-30 18:08:20 - INFO - Epoch 56/600 finished. Average Training Loss: 1.4735
2025-06-30 18:08:25 - INFO - Epoch 57/600 finished. Average Training Loss: 1.0585
2025-06-30 18:08:30 - INFO - Epoch 58/600 finished. Average Training Loss: 1.0733
2025-06-30 18:08:35 - INFO - Epoch 59/600 finished. Average Training Loss: 1.0829
2025-06-30 18:08:40 - INFO - Epoch 60/600 finished. Average Training Loss: 1.0770
2025-06-30 18:08:40 - INFO - Saved checkpoint for epoch 60 to ./result/VNet_Multi_V2/Amos_20/Pth/model_epoch_60_checkpoint.pth
2025-06-30 18:08:45 - INFO - Epoch 61/600 finished. Average Training Loss: 1.0579
2025-06-30 18:08:49 - INFO - Epoch 62/600 finished. Average Training Loss: 0.9542
2025-06-30 18:08:54 - INFO - Epoch 63/600 finished. Average Training Loss: 1.1682
2025-06-30 18:08:59 - INFO - Epoch 64/600 finished. Average Training Loss: 1.0496
2025-06-30 18:09:04 - INFO - Epoch 65/600 finished. Average Training Loss: 0.9791
2025-06-30 18:09:09 - INFO - Epoch 66/600 finished. Average Training Loss: 1.3942
2025-06-30 18:09:13 - INFO - Epoch 67/600 finished. Average Training Loss: 0.8971
2025-06-30 18:09:18 - INFO - Epoch 68/600 finished. Average Training Loss: 1.1859
2025-06-30 18:09:23 - INFO - Epoch 69/600 finished. Average Training Loss: 0.9305
2025-06-30 18:09:28 - INFO - Epoch 70/600 finished. Average Training Loss: 1.0503
2025-06-30 18:09:33 - INFO - Epoch 71/600 finished. Average Training Loss: 0.8993
2025-06-30 18:09:38 - INFO - Epoch 72/600 finished. Average Training Loss: 0.8250
2025-06-30 18:09:43 - INFO - Epoch 73/600 finished. Average Training Loss: 0.8311
2025-06-30 18:09:47 - INFO - Epoch 74/600 finished. Average Training Loss: 1.0500
2025-06-30 18:09:52 - INFO - Epoch 75/600 finished. Average Training Loss: 0.9382
2025-06-30 18:09:57 - INFO - Epoch 76/600 finished. Average Training Loss: 0.8000
2025-06-30 18:10:02 - INFO - Epoch 77/600 finished. Average Training Loss: 0.8232
2025-06-30 18:10:07 - INFO - Epoch 78/600 finished. Average Training Loss: 0.8119
2025-06-30 18:10:12 - INFO - Epoch 79/600 finished. Average Training Loss: 0.9082
2025-06-30 18:10:16 - INFO - Epoch 80/600 finished. Average Training Loss: 0.8606
2025-06-30 18:10:17 - INFO - Saved checkpoint for epoch 80 to ./result/VNet_Multi_V2/Amos_20/Pth/model_epoch_80_checkpoint.pth
2025-06-30 18:10:21 - INFO - Epoch 81/600 finished. Average Training Loss: 1.0851
2025-06-30 18:10:26 - INFO - Epoch 82/600 finished. Average Training Loss: 0.7764
2025-06-30 18:10:31 - INFO - Epoch 83/600 finished. Average Training Loss: 0.7795
2025-06-30 18:10:36 - INFO - Epoch 84/600 finished. Average Training Loss: 0.8150
2025-06-30 18:10:40 - INFO - Epoch 85/600 finished. Average Training Loss: 0.8558
2025-06-30 18:10:45 - INFO - Epoch 86/600 finished. Average Training Loss: 0.8556
2025-06-30 18:10:50 - INFO - Epoch 87/600 finished. Average Training Loss: 0.8404
2025-06-30 18:10:55 - INFO - Epoch 88/600 finished. Average Training Loss: 0.6106
2025-06-30 18:11:00 - INFO - Epoch 89/600 finished. Average Training Loss: 0.8032
2025-06-30 18:11:05 - INFO - Epoch 90/600 finished. Average Training Loss: 0.6906
2025-06-30 18:11:10 - INFO - Epoch 91/600 finished. Average Training Loss: 0.8381
2025-06-30 18:11:14 - INFO - Epoch 92/600 finished. Average Training Loss: 0.8740
2025-06-30 18:11:19 - INFO - Epoch 93/600 finished. Average Training Loss: 0.5932
2025-06-30 18:11:24 - INFO - Epoch 94/600 finished. Average Training Loss: 0.7298
2025-06-30 18:11:29 - INFO - Epoch 95/600 finished. Average Training Loss: 0.7038
2025-06-30 18:11:34 - INFO - Epoch 96/600 finished. Average Training Loss: 0.6795
2025-06-30 18:11:38 - INFO - Epoch 97/600 finished. Average Training Loss: 1.3932
2025-06-30 18:11:43 - INFO - Epoch 98/600 finished. Average Training Loss: 0.5524
2025-06-30 18:11:48 - INFO - Epoch 99/600 finished. Average Training Loss: 0.7565
2025-06-30 18:11:53 - INFO - Epoch 100/600 finished. Average Training Loss: 0.6302
2025-06-30 18:11:53 - INFO - Saved checkpoint for epoch 100 to ./result/VNet_Multi_V2/Amos_20/Pth/model_epoch_100_checkpoint.pth
2025-06-30 18:11:57 - INFO - Epoch 101/600 finished. Average Training Loss: 0.9604
2025-06-30 18:12:02 - INFO - Epoch 102/600 finished. Average Training Loss: 0.5425
2025-06-30 18:12:07 - INFO - Epoch 103/600 finished. Average Training Loss: 0.7323
2025-06-30 18:12:12 - INFO - Epoch 104/600 finished. Average Training Loss: 0.5092
2025-06-30 18:12:17 - INFO - Epoch 105/600 finished. Average Training Loss: 0.5919
2025-06-30 18:12:22 - INFO - Epoch 106/600 finished. Average Training Loss: 0.5972
2025-06-30 18:12:27 - INFO - Epoch 107/600 finished. Average Training Loss: 0.6865
2025-06-30 18:12:31 - INFO - Epoch 108/600 finished. Average Training Loss: 0.8531
2025-06-30 18:12:36 - INFO - Epoch 109/600 finished. Average Training Loss: 0.4691
2025-06-30 18:12:41 - INFO - Epoch 110/600 finished. Average Training Loss: 0.6522
2025-06-30 18:12:46 - INFO - Epoch 111/600 finished. Average Training Loss: 0.3350
2025-06-30 18:12:51 - INFO - Epoch 112/600 finished. Average Training Loss: 0.3920
2025-06-30 18:12:56 - INFO - Epoch 113/600 finished. Average Training Loss: 0.6077
2025-06-30 18:13:00 - INFO - Epoch 114/600 finished. Average Training Loss: 0.5662
2025-06-30 18:13:05 - INFO - Epoch 115/600 finished. Average Training Loss: 0.3699
2025-06-30 18:13:10 - INFO - Epoch 116/600 finished. Average Training Loss: 0.9083
2025-06-30 18:13:15 - INFO - Epoch 117/600 finished. Average Training Loss: 0.4422
2025-06-30 18:13:19 - INFO - Epoch 118/600 finished. Average Training Loss: 0.5264
2025-06-30 18:13:24 - INFO - Epoch 119/600 finished. Average Training Loss: 0.4102
2025-06-30 18:13:29 - INFO - Epoch 120/600 finished. Average Training Loss: 0.5609
2025-06-30 18:13:29 - INFO - Saved checkpoint for epoch 120 to ./result/VNet_Multi_V2/Amos_20/Pth/model_epoch_120_checkpoint.pth
2025-06-30 18:13:34 - INFO - Epoch 121/600 finished. Average Training Loss: 0.3084
2025-06-30 18:13:39 - INFO - Epoch 122/600 finished. Average Training Loss: 0.5114
2025-06-30 18:13:44 - INFO - Epoch 123/600 finished. Average Training Loss: 0.6212
2025-06-30 18:13:49 - INFO - Epoch 124/600 finished. Average Training Loss: 0.5563
2025-06-30 18:13:54 - INFO - Epoch 125/600 finished. Average Training Loss: 0.2885
2025-06-30 18:13:58 - INFO - Epoch 126/600 finished. Average Training Loss: 0.2231
2025-06-30 18:14:03 - INFO - Epoch 127/600 finished. Average Training Loss: 0.4891
2025-06-30 18:14:08 - INFO - Epoch 128/600 finished. Average Training Loss: 0.3551
2025-06-30 18:14:13 - INFO - Epoch 129/600 finished. Average Training Loss: 0.5050
2025-06-30 18:14:18 - INFO - Epoch 130/600 finished. Average Training Loss: 0.4430
2025-06-30 18:14:22 - INFO - Epoch 131/600 finished. Average Training Loss: 0.2502
2025-06-30 18:14:27 - INFO - Epoch 132/600 finished. Average Training Loss: 0.0128
2025-06-30 18:14:32 - INFO - Epoch 133/600 finished. Average Training Loss: 0.1632
2025-06-30 18:14:37 - INFO - Epoch 134/600 finished. Average Training Loss: 0.2746
2025-06-30 18:14:42 - INFO - Epoch 135/600 finished. Average Training Loss: 0.4040
2025-06-30 18:14:46 - INFO - Epoch 136/600 finished. Average Training Loss: 0.2780
2025-06-30 18:14:51 - INFO - Epoch 137/600 finished. Average Training Loss: 0.3569
2025-06-30 18:14:56 - INFO - Epoch 138/600 finished. Average Training Loss: 5.7397
2025-06-30 18:15:01 - INFO - Epoch 139/600 finished. Average Training Loss: 0.3349
2025-06-30 18:15:06 - INFO - Epoch 140/600 finished. Average Training Loss: 0.3310
2025-06-30 18:15:06 - INFO - Saved checkpoint for epoch 140 to ./result/VNet_Multi_V2/Amos_20/Pth/model_epoch_140_checkpoint.pth
2025-06-30 18:15:11 - INFO - Epoch 141/600 finished. Average Training Loss: 0.0967
2025-06-30 18:15:15 - INFO - Epoch 142/600 finished. Average Training Loss: 0.2209
2025-06-30 18:15:20 - INFO - Epoch 143/600 finished. Average Training Loss: 0.1752
2025-06-30 18:15:25 - INFO - Epoch 144/600 finished. Average Training Loss: 0.0159
2025-06-30 18:15:30 - INFO - Epoch 145/600 finished. Average Training Loss: 0.1986
2025-06-30 18:15:35 - INFO - Epoch 146/600 finished. Average Training Loss: 0.2934
2025-06-30 18:15:40 - INFO - Epoch 147/600 finished. Average Training Loss: 0.2610
2025-06-30 18:15:44 - INFO - Epoch 148/600 finished. Average Training Loss: 0.2260
2025-06-30 18:15:49 - INFO - Epoch 149/600 finished. Average Training Loss: 0.2880
2025-06-30 18:15:54 - INFO - Epoch 150/600 finished. Average Training Loss: 0.2082
2025-06-30 18:15:59 - INFO - Epoch 151/600 finished. Average Training Loss: 0.2965
2025-06-30 18:16:04 - INFO - Epoch 152/600 finished. Average Training Loss: 0.2967
2025-06-30 18:16:08 - INFO - Epoch 153/600 finished. Average Training Loss: 0.2706
2025-06-30 18:16:13 - INFO - Epoch 154/600 finished. Average Training Loss: 0.0495
2025-06-30 18:16:18 - INFO - Epoch 155/600 finished. Average Training Loss: 0.1190
2025-06-30 18:16:23 - INFO - Epoch 156/600 finished. Average Training Loss: 0.2060
2025-06-30 18:16:28 - INFO - Epoch 157/600 finished. Average Training Loss: 0.3694
2025-06-30 18:16:33 - INFO - Epoch 158/600 finished. Average Training Loss: 0.0987
2025-06-30 18:16:38 - INFO - Epoch 159/600 finished. Average Training Loss: 0.3592
2025-06-30 18:16:43 - INFO - Epoch 160/600 finished. Average Training Loss: 0.3274
2025-06-30 18:16:43 - INFO - Saved checkpoint for epoch 160 to ./result/VNet_Multi_V2/Amos_20/Pth/model_epoch_160_checkpoint.pth
2025-06-30 18:16:48 - INFO - Epoch 161/600 finished. Average Training Loss: 0.2158
2025-06-30 18:16:53 - INFO - Epoch 162/600 finished. Average Training Loss: 0.0353
2025-06-30 18:16:58 - INFO - Epoch 163/600 finished. Average Training Loss: 0.1716
2025-06-30 18:17:03 - INFO - Epoch 164/600 finished. Average Training Loss: 0.2958
2025-06-30 18:17:08 - INFO - Epoch 165/600 finished. Average Training Loss: 0.2570
2025-06-30 18:17:12 - INFO - Epoch 166/600 finished. Average Training Loss: 0.0344
2025-06-30 18:17:17 - INFO - Epoch 167/600 finished. Average Training Loss: 0.1959
2025-06-30 18:17:23 - INFO - Epoch 168/600 finished. Average Training Loss: 0.1982
2025-06-30 18:17:31 - INFO - Epoch 169/600 finished. Average Training Loss: 0.3016
2025-06-30 18:17:38 - INFO - Epoch 170/600 finished. Average Training Loss: 0.1339
2025-06-30 18:17:45 - INFO - Epoch 171/600 finished. Average Training Loss: 0.1279
2025-06-30 18:17:52 - INFO - Epoch 172/600 finished. Average Training Loss: 0.0999
2025-06-30 18:17:59 - INFO - Epoch 173/600 finished. Average Training Loss: 0.0719
2025-06-30 18:18:07 - INFO - Epoch 174/600 finished. Average Training Loss: 0.0327
2025-06-30 18:18:14 - INFO - Epoch 175/600 finished. Average Training Loss: -0.1992
2025-06-30 18:18:21 - INFO - Epoch 176/600 finished. Average Training Loss: 0.0170
2025-06-30 18:18:28 - INFO - Epoch 177/600 finished. Average Training Loss: 0.0852
2025-06-30 18:18:35 - INFO - Epoch 178/600 finished. Average Training Loss: 0.0804
2025-06-30 18:18:42 - INFO - Epoch 179/600 finished. Average Training Loss: 0.1486
2025-06-30 18:18:50 - INFO - Epoch 180/600 finished. Average Training Loss: 0.4194
2025-06-30 18:18:50 - INFO - Saved checkpoint for epoch 180 to ./result/VNet_Multi_V2/Amos_20/Pth/model_epoch_180_checkpoint.pth
2025-06-30 18:18:57 - INFO - Epoch 181/600 finished. Average Training Loss: 0.0110
2025-06-30 18:19:03 - INFO - Epoch 182/600 finished. Average Training Loss: 0.0459
2025-06-30 18:19:11 - INFO - Epoch 183/600 finished. Average Training Loss: 0.0875
2025-06-30 18:19:18 - INFO - Epoch 184/600 finished. Average Training Loss: 0.1410
2025-06-30 18:19:25 - INFO - Epoch 185/600 finished. Average Training Loss: -0.0294
2025-06-30 18:19:31 - INFO - Epoch 186/600 finished. Average Training Loss: 0.1027
2025-06-30 18:19:39 - INFO - Epoch 187/600 finished. Average Training Loss: -0.1590
2025-06-30 18:19:46 - INFO - Epoch 188/600 finished. Average Training Loss: 0.2268
2025-06-30 18:19:53 - INFO - Epoch 189/600 finished. Average Training Loss: 0.2918
2025-06-30 18:20:00 - INFO - Epoch 190/600 finished. Average Training Loss: -0.2591
2025-06-30 18:20:06 - INFO - Epoch 191/600 finished. Average Training Loss: 0.1405
2025-06-30 18:20:14 - INFO - Epoch 192/600 finished. Average Training Loss: 0.2375
2025-06-30 18:20:21 - INFO - Epoch 193/600 finished. Average Training Loss: 2.9340
2025-06-30 18:20:28 - INFO - Epoch 194/600 finished. Average Training Loss: 0.0560
2025-06-30 18:20:35 - INFO - Epoch 195/600 finished. Average Training Loss: 0.0908
2025-06-30 18:20:42 - INFO - Epoch 196/600 finished. Average Training Loss: 0.1283
2025-06-30 18:20:49 - INFO - Epoch 197/600 finished. Average Training Loss: 0.4559
2025-06-30 18:20:56 - INFO - Epoch 198/600 finished. Average Training Loss: 0.2672
2025-06-30 18:21:03 - INFO - Epoch 199/600 finished. Average Training Loss: 0.2630
2025-06-30 18:21:10 - INFO - Epoch 200/600 finished. Average Training Loss: 0.7567
2025-06-30 18:21:10 - INFO - Saved checkpoint for epoch 200 to ./result/VNet_Multi_V2/Amos_20/Pth/model_epoch_200_checkpoint.pth
2025-06-30 18:21:18 - INFO - Epoch 201/600 finished. Average Training Loss: -0.1442
2025-06-30 18:21:25 - INFO - Epoch 202/600 finished. Average Training Loss: 0.1113
2025-06-30 18:21:32 - INFO - Epoch 203/600 finished. Average Training Loss: -0.0733
2025-06-30 18:21:39 - INFO - Epoch 204/600 finished. Average Training Loss: -0.0165
2025-06-30 18:21:46 - INFO - Epoch 205/600 finished. Average Training Loss: -0.1208
2025-06-30 18:21:53 - INFO - Epoch 206/600 finished. Average Training Loss: -0.0977
2025-06-30 18:22:00 - INFO - Epoch 207/600 finished. Average Training Loss: -0.1302
2025-06-30 18:22:07 - INFO - Epoch 208/600 finished. Average Training Loss: 0.0254
2025-06-30 18:22:15 - INFO - Epoch 209/600 finished. Average Training Loss: -0.1321
2025-06-30 18:22:22 - INFO - Epoch 210/600 finished. Average Training Loss: 0.0394
2025-06-30 18:22:30 - INFO - Epoch 211/600 finished. Average Training Loss: -0.2610
2025-06-30 18:22:37 - INFO - Epoch 212/600 finished. Average Training Loss: -0.0230
2025-06-30 18:22:44 - INFO - Epoch 213/600 finished. Average Training Loss: -0.0709
2025-06-30 18:22:50 - INFO - Epoch 214/600 finished. Average Training Loss: -0.0428
2025-06-30 18:22:58 - INFO - Epoch 215/600 finished. Average Training Loss: -0.1978
2025-06-30 18:23:05 - INFO - Epoch 216/600 finished. Average Training Loss: -0.1470
2025-06-30 18:23:13 - INFO - Epoch 217/600 finished. Average Training Loss: -0.1879
2025-06-30 18:23:20 - INFO - Epoch 218/600 finished. Average Training Loss: -0.0209
2025-06-30 18:23:27 - INFO - Epoch 219/600 finished. Average Training Loss: -0.2121
2025-06-30 18:23:34 - INFO - Epoch 220/600 finished. Average Training Loss: -0.2272
2025-06-30 18:23:34 - INFO - Saved checkpoint for epoch 220 to ./result/VNet_Multi_V2/Amos_20/Pth/model_epoch_220_checkpoint.pth
2025-06-30 18:23:41 - INFO - Epoch 221/600 finished. Average Training Loss: -0.1887
2025-06-30 18:23:48 - INFO - Epoch 222/600 finished. Average Training Loss: -0.2349
2025-06-30 18:23:54 - INFO - Epoch 223/600 finished. Average Training Loss: -0.1737
2025-06-30 18:24:02 - INFO - Epoch 224/600 finished. Average Training Loss: -0.2637
2025-06-30 18:24:09 - INFO - Epoch 225/600 finished. Average Training Loss: -0.1311
2025-06-30 18:24:16 - INFO - Epoch 226/600 finished. Average Training Loss: 0.0843
2025-06-30 18:24:24 - INFO - Epoch 227/600 finished. Average Training Loss: -0.0614
2025-06-30 18:24:31 - INFO - Epoch 228/600 finished. Average Training Loss: -0.2367
2025-06-30 18:24:38 - INFO - Epoch 229/600 finished. Average Training Loss: -0.1919
2025-06-30 18:24:45 - INFO - Epoch 230/600 finished. Average Training Loss: -0.0302
2025-06-30 18:24:52 - INFO - Epoch 231/600 finished. Average Training Loss: 0.1697
2025-06-30 18:25:00 - INFO - Epoch 232/600 finished. Average Training Loss: 0.1021
2025-06-30 18:25:07 - INFO - Epoch 233/600 finished. Average Training Loss: -0.1958
2025-06-30 18:25:14 - INFO - Epoch 234/600 finished. Average Training Loss: -0.0074
2025-06-30 18:25:22 - INFO - Epoch 235/600 finished. Average Training Loss: -0.1104
2025-06-30 18:25:29 - INFO - Epoch 236/600 finished. Average Training Loss: 0.0791
2025-06-30 18:25:35 - INFO - Epoch 237/600 finished. Average Training Loss: -0.0450
2025-06-30 18:25:43 - INFO - Epoch 238/600 finished. Average Training Loss: -0.0413
2025-06-30 18:25:50 - INFO - Epoch 239/600 finished. Average Training Loss: 0.1792
2025-06-30 18:25:57 - INFO - Epoch 240/600 finished. Average Training Loss: -0.1590
2025-06-30 18:25:57 - INFO - Saved checkpoint for epoch 240 to ./result/VNet_Multi_V2/Amos_20/Pth/model_epoch_240_checkpoint.pth
2025-06-30 18:26:04 - INFO - Epoch 241/600 finished. Average Training Loss: -0.0606
2025-06-30 18:26:12 - INFO - Epoch 242/600 finished. Average Training Loss: -0.1254
2025-06-30 18:26:19 - INFO - Epoch 243/600 finished. Average Training Loss: -0.2243
2025-06-30 18:26:26 - INFO - Epoch 244/600 finished. Average Training Loss: -0.1516
2025-06-30 18:26:34 - INFO - Epoch 245/600 finished. Average Training Loss: -0.1757
2025-06-30 18:26:40 - INFO - Epoch 246/600 finished. Average Training Loss: -0.2322
2025-06-30 18:26:48 - INFO - Epoch 247/600 finished. Average Training Loss: 0.0405
2025-06-30 18:26:55 - INFO - Epoch 248/600 finished. Average Training Loss: -0.0634
2025-06-30 18:27:02 - INFO - Epoch 249/600 finished. Average Training Loss: -0.1915
2025-06-30 18:27:10 - INFO - Epoch 250/600 finished. Average Training Loss: 0.1104
2025-06-30 18:27:18 - INFO - Epoch 251/600 finished. Average Training Loss: -0.2882
2025-06-30 18:27:25 - INFO - Epoch 252/600 finished. Average Training Loss: 0.2040
2025-06-30 18:27:32 - INFO - Epoch 253/600 finished. Average Training Loss: -0.1175
2025-06-30 18:27:39 - INFO - Epoch 254/600 finished. Average Training Loss: -0.1528
2025-06-30 18:27:46 - INFO - Epoch 255/600 finished. Average Training Loss: -0.3572
2025-06-30 18:27:53 - INFO - Epoch 256/600 finished. Average Training Loss: -0.3717
2025-06-30 18:28:01 - INFO - Epoch 257/600 finished. Average Training Loss: 0.1859
2025-06-30 18:28:08 - INFO - Epoch 258/600 finished. Average Training Loss: 0.4242
2025-06-30 18:28:15 - INFO - Epoch 259/600 finished. Average Training Loss: -0.3104
2025-06-30 18:28:23 - INFO - Epoch 260/600 finished. Average Training Loss: -0.2421
2025-06-30 18:28:23 - INFO - Saved checkpoint for epoch 260 to ./result/VNet_Multi_V2/Amos_20/Pth/model_epoch_260_checkpoint.pth
2025-06-30 18:28:30 - INFO - Epoch 261/600 finished. Average Training Loss: -0.3748
2025-06-30 18:28:37 - INFO - Epoch 262/600 finished. Average Training Loss: -0.3076
2025-06-30 18:28:44 - INFO - Epoch 263/600 finished. Average Training Loss: -0.2433
2025-06-30 18:28:49 - INFO - Epoch 264/600 finished. Average Training Loss: -0.4174
2025-06-30 18:28:57 - INFO - Epoch 265/600 finished. Average Training Loss: -0.0910
2025-06-30 18:29:04 - INFO - Epoch 266/600 finished. Average Training Loss: -0.0679
2025-06-30 18:29:11 - INFO - Epoch 267/600 finished. Average Training Loss: -0.2500
2025-06-30 18:29:19 - INFO - Epoch 268/600 finished. Average Training Loss: -0.1761
2025-06-30 18:29:25 - INFO - Epoch 269/600 finished. Average Training Loss: -0.1996
2025-06-30 18:29:33 - INFO - Epoch 270/600 finished. Average Training Loss: -0.3960
2025-06-30 18:29:40 - INFO - Epoch 271/600 finished. Average Training Loss: -0.2939
2025-06-30 18:29:47 - INFO - Epoch 272/600 finished. Average Training Loss: -0.3335
2025-06-30 18:29:54 - INFO - Epoch 273/600 finished. Average Training Loss: -0.3553
2025-06-30 18:30:02 - INFO - Epoch 274/600 finished. Average Training Loss: -0.3824
2025-06-30 18:30:09 - INFO - Epoch 275/600 finished. Average Training Loss: -0.3256
2025-06-30 18:30:16 - INFO - Epoch 276/600 finished. Average Training Loss: -0.1052
2025-06-30 18:30:23 - INFO - Epoch 277/600 finished. Average Training Loss: -0.4122
2025-06-30 18:30:30 - INFO - Epoch 278/600 finished. Average Training Loss: -0.4182
2025-06-30 18:30:37 - INFO - Epoch 279/600 finished. Average Training Loss: -0.1529
2025-06-30 18:30:44 - INFO - Epoch 280/600 finished. Average Training Loss: 0.1725
2025-06-30 18:30:44 - INFO - Saved checkpoint for epoch 280 to ./result/VNet_Multi_V2/Amos_20/Pth/model_epoch_280_checkpoint.pth
2025-06-30 18:30:52 - INFO - Epoch 281/600 finished. Average Training Loss: -0.3153
2025-06-30 18:30:58 - INFO - Epoch 282/600 finished. Average Training Loss: -0.5295
2025-06-30 18:31:06 - INFO - Epoch 283/600 finished. Average Training Loss: -0.1864
2025-06-30 18:31:13 - INFO - Epoch 284/600 finished. Average Training Loss: -0.1762
2025-06-30 18:31:20 - INFO - Epoch 285/600 finished. Average Training Loss: -0.4553
2025-06-30 18:31:27 - INFO - Epoch 286/600 finished. Average Training Loss: -0.0520
2025-06-30 18:31:34 - INFO - Epoch 287/600 finished. Average Training Loss: -0.3010
2025-06-30 18:31:42 - INFO - Epoch 288/600 finished. Average Training Loss: -0.3778
2025-06-30 18:31:49 - INFO - Epoch 289/600 finished. Average Training Loss: -0.3105
2025-06-30 18:31:56 - INFO - Epoch 290/600 finished. Average Training Loss: -0.3860
2025-06-30 18:32:03 - INFO - Epoch 291/600 finished. Average Training Loss: -0.2464
2025-06-30 18:32:11 - INFO - Epoch 292/600 finished. Average Training Loss: -0.1888
2025-06-30 18:32:19 - INFO - Epoch 293/600 finished. Average Training Loss: -0.5118
2025-06-30 18:32:26 - INFO - Epoch 294/600 finished. Average Training Loss: -0.3852
2025-06-30 18:32:33 - INFO - Epoch 295/600 finished. Average Training Loss: -0.3740
2025-06-30 18:32:40 - INFO - Epoch 296/600 finished. Average Training Loss: -0.0924
2025-06-30 18:32:47 - INFO - Epoch 297/600 finished. Average Training Loss: -0.2844
2025-06-30 18:32:54 - INFO - Epoch 298/600 finished. Average Training Loss: -0.3659
2025-06-30 18:33:02 - INFO - Epoch 299/600 finished. Average Training Loss: -0.3232
2025-06-30 18:33:09 - INFO - Epoch 300/600 finished. Average Training Loss: -0.4235
2025-06-30 18:33:10 - INFO - Saved checkpoint for epoch 300 to ./result/VNet_Multi_V2/Amos_20/Pth/model_epoch_300_checkpoint.pth
2025-06-30 18:33:16 - INFO - Epoch 301/600 finished. Average Training Loss: -0.5235
2025-06-30 18:33:23 - INFO - Epoch 302/600 finished. Average Training Loss: -0.5569
2025-06-30 18:33:31 - INFO - Epoch 303/600 finished. Average Training Loss: -0.0475
2025-06-30 18:33:38 - INFO - Epoch 304/600 finished. Average Training Loss: -0.3997
2025-06-30 18:33:45 - INFO - Epoch 305/600 finished. Average Training Loss: -0.2921
2025-06-30 18:33:52 - INFO - Epoch 306/600 finished. Average Training Loss: -0.5498
2025-06-30 18:33:59 - INFO - Epoch 307/600 finished. Average Training Loss: -0.5252
2025-06-30 18:34:07 - INFO - Epoch 308/600 finished. Average Training Loss: -0.3788
2025-06-30 18:34:14 - INFO - Epoch 309/600 finished. Average Training Loss: 0.0623
2025-06-30 18:34:21 - INFO - Epoch 310/600 finished. Average Training Loss: -0.1993
2025-06-30 18:34:29 - INFO - Epoch 311/600 finished. Average Training Loss: -0.2342
2025-06-30 18:34:36 - INFO - Epoch 312/600 finished. Average Training Loss: -0.2461
2025-06-30 18:34:43 - INFO - Epoch 313/600 finished. Average Training Loss: -0.3244
2025-06-30 18:34:50 - INFO - Epoch 314/600 finished. Average Training Loss: -0.1656
2025-06-30 18:34:57 - INFO - Epoch 315/600 finished. Average Training Loss: -0.3429
2025-06-30 18:35:04 - INFO - Epoch 316/600 finished. Average Training Loss: -0.2490
2025-06-30 18:35:12 - INFO - Epoch 317/600 finished. Average Training Loss: -0.4458
2025-06-30 18:35:19 - INFO - Epoch 318/600 finished. Average Training Loss: -0.4171
2025-06-30 18:35:27 - INFO - Epoch 319/600 finished. Average Training Loss: -0.3575
2025-06-30 18:35:35 - INFO - Epoch 320/600 finished. Average Training Loss: -0.3620
2025-06-30 18:35:35 - INFO - Saved checkpoint for epoch 320 to ./result/VNet_Multi_V2/Amos_20/Pth/model_epoch_320_checkpoint.pth
2025-06-30 18:35:42 - INFO - Epoch 321/600 finished. Average Training Loss: -0.4913
2025-06-30 18:35:49 - INFO - Epoch 322/600 finished. Average Training Loss: -0.6077
2025-06-30 18:35:56 - INFO - Epoch 323/600 finished. Average Training Loss: 25.5628
2025-06-30 18:36:03 - INFO - Epoch 324/600 finished. Average Training Loss: -0.3704
2025-06-30 18:36:10 - INFO - Epoch 325/600 finished. Average Training Loss: -0.1271
2025-06-30 18:36:17 - INFO - Epoch 326/600 finished. Average Training Loss: -0.2868
2025-06-30 18:36:25 - INFO - Epoch 327/600 finished. Average Training Loss: 0.6577
2025-06-30 18:36:32 - INFO - Epoch 328/600 finished. Average Training Loss: -0.4473
2025-06-30 18:36:39 - INFO - Epoch 329/600 finished. Average Training Loss: -0.4633
2025-06-30 18:36:47 - INFO - Epoch 330/600 finished. Average Training Loss: -0.4921
2025-06-30 18:36:54 - INFO - Epoch 331/600 finished. Average Training Loss: -0.2761
2025-06-30 18:37:01 - INFO - Epoch 332/600 finished. Average Training Loss: -0.4171
2025-06-30 18:37:08 - INFO - Epoch 333/600 finished. Average Training Loss: -0.2764
2025-06-30 18:37:15 - INFO - Epoch 334/600 finished. Average Training Loss: -0.4861
2025-06-30 18:37:22 - INFO - Epoch 335/600 finished. Average Training Loss: -0.4464
2025-06-30 18:37:30 - INFO - Epoch 336/600 finished. Average Training Loss: -0.4398
2025-06-30 18:37:35 - INFO - Epoch 337/600 finished. Average Training Loss: -0.6574
2025-06-30 18:37:42 - INFO - Epoch 338/600 finished. Average Training Loss: -0.3934
2025-06-30 18:37:49 - INFO - Epoch 339/600 finished. Average Training Loss: -0.6548
2025-06-30 18:37:57 - INFO - Epoch 340/600 finished. Average Training Loss: -0.4672
2025-06-30 18:37:57 - INFO - Saved checkpoint for epoch 340 to ./result/VNet_Multi_V2/Amos_20/Pth/model_epoch_340_checkpoint.pth
2025-06-30 18:38:04 - INFO - Epoch 341/600 finished. Average Training Loss: -0.2741
2025-06-30 18:38:11 - INFO - Epoch 342/600 finished. Average Training Loss: 0.3509
2025-06-30 18:38:18 - INFO - Epoch 343/600 finished. Average Training Loss: -0.5037
2025-06-30 18:38:26 - INFO - Epoch 344/600 finished. Average Training Loss: -0.4141
2025-06-30 18:38:33 - INFO - Epoch 345/600 finished. Average Training Loss: -0.2249
2025-06-30 18:38:39 - INFO - Epoch 346/600 finished. Average Training Loss: -0.4891
2025-06-30 18:38:47 - INFO - Epoch 347/600 finished. Average Training Loss: -0.4392
2025-06-30 18:38:54 - INFO - Epoch 348/600 finished. Average Training Loss: -0.1645
2025-06-30 18:39:01 - INFO - Epoch 349/600 finished. Average Training Loss: 1.2738
2025-06-30 18:39:09 - INFO - Epoch 350/600 finished. Average Training Loss: -0.4962
2025-06-30 18:39:15 - INFO - Epoch 351/600 finished. Average Training Loss: -0.5249
2025-06-30 18:39:23 - INFO - Epoch 352/600 finished. Average Training Loss: -0.5187
2025-06-30 18:39:30 - INFO - Epoch 353/600 finished. Average Training Loss: -0.5423
2025-06-30 18:39:37 - INFO - Epoch 354/600 finished. Average Training Loss: -0.2988
2025-06-30 18:39:43 - INFO - Epoch 355/600 finished. Average Training Loss: -0.4122
2025-06-30 18:39:50 - INFO - Epoch 356/600 finished. Average Training Loss: -0.5203
2025-06-30 18:39:58 - INFO - Epoch 357/600 finished. Average Training Loss: -0.6024
2025-06-30 18:40:05 - INFO - Epoch 358/600 finished. Average Training Loss: -0.2482
2025-06-30 18:40:12 - INFO - Epoch 359/600 finished. Average Training Loss: -0.4671
2025-06-30 18:40:19 - INFO - Epoch 360/600 finished. Average Training Loss: -0.4670
2025-06-30 18:40:19 - INFO - Saved checkpoint for epoch 360 to ./result/VNet_Multi_V2/Amos_20/Pth/model_epoch_360_checkpoint.pth
2025-06-30 18:40:26 - INFO - Epoch 361/600 finished. Average Training Loss: 1.0641
2025-06-30 18:40:34 - INFO - Epoch 362/600 finished. Average Training Loss: -0.5068
2025-06-30 18:40:41 - INFO - Epoch 363/600 finished. Average Training Loss: -0.5900
2025-06-30 18:40:48 - INFO - Epoch 364/600 finished. Average Training Loss: 3.4534
2025-06-30 18:40:56 - INFO - Epoch 365/600 finished. Average Training Loss: -0.5387
2025-06-30 18:41:03 - INFO - Epoch 366/600 finished. Average Training Loss: -0.2167
2025-06-30 18:41:10 - INFO - Epoch 367/600 finished. Average Training Loss: -0.3206
2025-06-30 18:41:18 - INFO - Epoch 368/600 finished. Average Training Loss: -0.5492
2025-06-30 18:41:24 - INFO - Epoch 369/600 finished. Average Training Loss: -0.3570
2025-06-30 18:41:31 - INFO - Epoch 370/600 finished. Average Training Loss: -0.4659
2025-06-30 18:41:39 - INFO - Epoch 371/600 finished. Average Training Loss: -0.5212
2025-06-30 18:41:46 - INFO - Epoch 372/600 finished. Average Training Loss: -0.5727
2025-06-30 18:41:53 - INFO - Epoch 373/600 finished. Average Training Loss: -0.3517
2025-06-30 18:41:58 - INFO - Epoch 374/600 finished. Average Training Loss: -0.2943
2025-06-30 18:42:06 - INFO - Epoch 375/600 finished. Average Training Loss: 7.2591
2025-06-30 18:42:13 - INFO - Epoch 376/600 finished. Average Training Loss: -0.5429
2025-06-30 18:42:20 - INFO - Epoch 377/600 finished. Average Training Loss: -0.4816
2025-06-30 18:42:27 - INFO - Epoch 378/600 finished. Average Training Loss: -0.5098
2025-06-30 18:42:35 - INFO - Epoch 379/600 finished. Average Training Loss: 0.0181
2025-06-30 18:42:42 - INFO - Epoch 380/600 finished. Average Training Loss: -0.3406
2025-06-30 18:42:42 - INFO - Saved checkpoint for epoch 380 to ./result/VNet_Multi_V2/Amos_20/Pth/model_epoch_380_checkpoint.pth
2025-06-30 18:42:49 - INFO - Epoch 381/600 finished. Average Training Loss: -0.4985
2025-06-30 18:42:57 - INFO - Epoch 382/600 finished. Average Training Loss: -0.4288
2025-06-30 18:43:03 - INFO - Epoch 383/600 finished. Average Training Loss: 8.4507
2025-06-30 18:43:11 - INFO - Epoch 384/600 finished. Average Training Loss: 0.9652
2025-06-30 18:43:18 - INFO - Epoch 385/600 finished. Average Training Loss: -0.4234
2025-06-30 18:43:25 - INFO - Epoch 386/600 finished. Average Training Loss: -0.2917
2025-06-30 18:43:32 - INFO - Epoch 387/600 finished. Average Training Loss: -0.2838
2025-06-30 18:43:41 - INFO - Epoch 388/600 finished. Average Training Loss: -0.0366
2025-06-30 18:43:48 - INFO - Epoch 389/600 finished. Average Training Loss: -0.3884
2025-06-30 18:43:55 - INFO - Epoch 390/600 finished. Average Training Loss: -0.2526
2025-06-30 18:44:03 - INFO - Epoch 391/600 finished. Average Training Loss: -0.3697
2025-06-30 18:44:09 - INFO - Epoch 392/600 finished. Average Training Loss: -0.1597
2025-06-30 18:44:16 - INFO - Epoch 393/600 finished. Average Training Loss: -0.4017
2025-06-30 18:44:24 - INFO - Epoch 394/600 finished. Average Training Loss: -0.4797
2025-06-30 18:44:31 - INFO - Epoch 395/600 finished. Average Training Loss: -0.5469
2025-06-30 18:44:38 - INFO - Epoch 396/600 finished. Average Training Loss: -0.5383
2025-06-30 18:44:45 - INFO - Epoch 397/600 finished. Average Training Loss: -0.5213
2025-06-30 18:44:52 - INFO - Epoch 398/600 finished. Average Training Loss: -0.2953
2025-06-30 18:44:59 - INFO - Epoch 399/600 finished. Average Training Loss: -0.4693
2025-06-30 18:45:07 - INFO - Epoch 400/600 finished. Average Training Loss: -0.4471
2025-06-30 18:45:07 - INFO - Saved checkpoint for epoch 400 to ./result/VNet_Multi_V2/Amos_20/Pth/model_epoch_400_checkpoint.pth
2025-06-30 18:45:13 - INFO - Epoch 401/600 finished. Average Training Loss: -0.4320
2025-06-30 18:45:20 - INFO - Epoch 402/600 finished. Average Training Loss: -0.6671
2025-06-30 18:45:27 - INFO - Epoch 403/600 finished. Average Training Loss: -0.3210
2025-06-30 18:45:35 - INFO - Epoch 404/600 finished. Average Training Loss: -0.6594
2025-06-30 18:45:42 - INFO - Epoch 405/600 finished. Average Training Loss: -0.5793
2025-06-30 18:45:49 - INFO - Epoch 406/600 finished. Average Training Loss: 0.5930
2025-06-30 18:45:56 - INFO - Epoch 407/600 finished. Average Training Loss: -0.5581
2025-06-30 18:46:03 - INFO - Epoch 408/600 finished. Average Training Loss: -0.5349
2025-06-30 18:46:10 - INFO - Epoch 409/600 finished. Average Training Loss: -0.6983
2025-06-30 18:46:16 - INFO - Epoch 410/600 finished. Average Training Loss: -0.5905
2025-06-30 18:46:24 - INFO - Epoch 411/600 finished. Average Training Loss: -0.5941
2025-06-30 18:46:31 - INFO - Epoch 412/600 finished. Average Training Loss: -0.6425
2025-06-30 18:46:38 - INFO - Epoch 413/600 finished. Average Training Loss: -0.4759
2025-06-30 18:46:46 - INFO - Epoch 414/600 finished. Average Training Loss: -0.6603
2025-06-30 18:46:52 - INFO - Epoch 415/600 finished. Average Training Loss: -0.5471
2025-06-30 18:46:59 - INFO - Epoch 416/600 finished. Average Training Loss: -0.3415
2025-06-30 18:47:06 - INFO - Epoch 417/600 finished. Average Training Loss: -0.7019
2025-06-30 18:47:13 - INFO - Epoch 418/600 finished. Average Training Loss: -0.4421
2025-06-30 18:47:20 - INFO - Epoch 419/600 finished. Average Training Loss: -0.5342
2025-06-30 18:47:28 - INFO - Epoch 420/600 finished. Average Training Loss: -0.6064
2025-06-30 18:47:28 - INFO - Saved checkpoint for epoch 420 to ./result/VNet_Multi_V2/Amos_20/Pth/model_epoch_420_checkpoint.pth
2025-06-30 18:47:35 - INFO - Epoch 421/600 finished. Average Training Loss: -0.3490
2025-06-30 18:47:40 - INFO - Epoch 422/600 finished. Average Training Loss: -0.0837
2025-06-30 18:47:45 - INFO - Epoch 423/600 finished. Average Training Loss: -0.4003
2025-06-30 18:47:49 - INFO - Epoch 424/600 finished. Average Training Loss: -0.4575
2025-06-30 18:47:54 - INFO - Epoch 425/600 finished. Average Training Loss: -0.3809
2025-06-30 18:47:59 - INFO - Epoch 426/600 finished. Average Training Loss: -0.5376
2025-06-30 18:48:04 - INFO - Epoch 427/600 finished. Average Training Loss: -0.5208
2025-06-30 18:48:09 - INFO - Epoch 428/600 finished. Average Training Loss: -0.4791
2025-06-30 18:48:14 - INFO - Epoch 429/600 finished. Average Training Loss: -0.6878
2025-06-30 18:48:19 - INFO - Epoch 430/600 finished. Average Training Loss: -0.5919
2025-06-30 18:48:24 - INFO - Epoch 431/600 finished. Average Training Loss: -0.5359
2025-06-30 18:48:29 - INFO - Epoch 432/600 finished. Average Training Loss: -0.4726
2025-06-30 18:48:33 - INFO - Epoch 433/600 finished. Average Training Loss: -0.5523
2025-06-30 18:48:38 - INFO - Epoch 434/600 finished. Average Training Loss: -0.6464
2025-06-30 18:48:43 - INFO - Epoch 435/600 finished. Average Training Loss: -0.4353
2025-06-30 18:48:48 - INFO - Epoch 436/600 finished. Average Training Loss: -0.3735
2025-06-30 18:48:52 - INFO - Epoch 437/600 finished. Average Training Loss: 2.1157
2025-06-30 18:48:58 - INFO - Epoch 438/600 finished. Average Training Loss: -0.6462
2025-06-30 18:49:03 - INFO - Epoch 439/600 finished. Average Training Loss: -0.5899
2025-06-30 18:49:08 - INFO - Epoch 440/600 finished. Average Training Loss: 0.2950
2025-06-30 18:49:08 - INFO - Saved checkpoint for epoch 440 to ./result/VNet_Multi_V2/Amos_20/Pth/model_epoch_440_checkpoint.pth
2025-06-30 18:49:13 - INFO - Epoch 441/600 finished. Average Training Loss: -0.7215
2025-06-30 18:49:17 - INFO - Epoch 442/600 finished. Average Training Loss: -0.6380
2025-06-30 18:49:22 - INFO - Epoch 443/600 finished. Average Training Loss: -0.6951
2025-06-30 18:49:27 - INFO - Epoch 444/600 finished. Average Training Loss: -0.6249
2025-06-30 18:49:32 - INFO - Epoch 445/600 finished. Average Training Loss: -0.7155
2025-06-30 18:49:37 - INFO - Epoch 446/600 finished. Average Training Loss: -0.4738
2025-06-30 18:49:42 - INFO - Epoch 447/600 finished. Average Training Loss: -0.5409
2025-06-30 18:49:47 - INFO - Epoch 448/600 finished. Average Training Loss: -0.6635
2025-06-30 18:49:52 - INFO - Epoch 449/600 finished. Average Training Loss: 4.6670
2025-06-30 18:49:57 - INFO - Epoch 450/600 finished. Average Training Loss: -0.6750
2025-06-30 18:50:01 - INFO - Epoch 451/600 finished. Average Training Loss: -0.7245
2025-06-30 18:50:06 - INFO - Epoch 452/600 finished. Average Training Loss: -0.7404
2025-06-30 18:50:11 - INFO - Epoch 453/600 finished. Average Training Loss: -0.6623
2025-06-30 18:50:16 - INFO - Epoch 454/600 finished. Average Training Loss: 0.1245
2025-06-30 18:50:21 - INFO - Epoch 455/600 finished. Average Training Loss: -0.5624
2025-06-30 18:50:27 - INFO - Epoch 456/600 finished. Average Training Loss: -0.5868
2025-06-30 18:50:32 - INFO - Epoch 457/600 finished. Average Training Loss: -0.6621
2025-06-30 18:50:37 - INFO - Epoch 458/600 finished. Average Training Loss: -0.4877
2025-06-30 18:50:42 - INFO - Epoch 459/600 finished. Average Training Loss: -0.4933
2025-06-30 18:50:46 - INFO - Epoch 460/600 finished. Average Training Loss: -0.6694
2025-06-30 18:50:46 - INFO - Saved checkpoint for epoch 460 to ./result/VNet_Multi_V2/Amos_20/Pth/model_epoch_460_checkpoint.pth
2025-06-30 18:50:51 - INFO - Epoch 461/600 finished. Average Training Loss: -0.2524
2025-06-30 18:50:56 - INFO - Epoch 462/600 finished. Average Training Loss: -0.5239
2025-06-30 18:51:01 - INFO - Epoch 463/600 finished. Average Training Loss: -0.4445
2025-06-30 18:51:05 - INFO - Epoch 464/600 finished. Average Training Loss: -0.6055
2025-06-30 18:51:11 - INFO - Epoch 465/600 finished. Average Training Loss: -0.5441
2025-06-30 18:51:16 - INFO - Epoch 466/600 finished. Average Training Loss: -0.4893
2025-06-30 18:51:21 - INFO - Epoch 467/600 finished. Average Training Loss: 0.3022
2025-06-30 18:51:26 - INFO - Epoch 468/600 finished. Average Training Loss: -0.0527
2025-06-30 18:51:30 - INFO - Epoch 469/600 finished. Average Training Loss: -0.7092
2025-06-30 18:51:35 - INFO - Epoch 470/600 finished. Average Training Loss: 100.5083
2025-06-30 18:51:40 - INFO - Epoch 471/600 finished. Average Training Loss: 1.4918
2025-06-30 18:51:45 - INFO - Epoch 472/600 finished. Average Training Loss: -0.7220
2025-06-30 18:51:50 - INFO - Epoch 473/600 finished. Average Training Loss: -0.5824
2025-06-30 18:51:56 - INFO - Epoch 474/600 finished. Average Training Loss: 1.3512
2025-06-30 18:52:01 - INFO - Epoch 475/600 finished. Average Training Loss: -0.7161
2025-06-30 18:52:06 - INFO - Epoch 476/600 finished. Average Training Loss: -0.5300
2025-06-30 18:52:11 - INFO - Epoch 477/600 finished. Average Training Loss: -0.5179
2025-06-30 18:52:14 - INFO - Epoch 478/600 finished. Average Training Loss: -0.5325
2025-06-30 18:52:19 - INFO - Epoch 479/600 finished. Average Training Loss: -0.6245
2025-06-30 18:52:25 - INFO - Epoch 480/600 finished. Average Training Loss: -0.6112
2025-06-30 18:52:25 - INFO - Saved checkpoint for epoch 480 to ./result/VNet_Multi_V2/Amos_20/Pth/model_epoch_480_checkpoint.pth
2025-06-30 18:52:30 - INFO - Epoch 481/600 finished. Average Training Loss: -0.6442
2025-06-30 18:52:34 - INFO - Epoch 482/600 finished. Average Training Loss: -0.6442
2025-06-30 18:52:39 - INFO - Epoch 483/600 finished. Average Training Loss: -0.5079
2025-06-30 18:52:45 - INFO - Epoch 484/600 finished. Average Training Loss: -0.7184
2025-06-30 18:52:50 - INFO - Epoch 485/600 finished. Average Training Loss: -0.5129
2025-06-30 18:52:55 - INFO - Epoch 486/600 finished. Average Training Loss: -0.6114
2025-06-30 18:52:59 - INFO - Epoch 487/600 finished. Average Training Loss: -0.6078
2025-06-30 18:53:04 - INFO - Epoch 488/600 finished. Average Training Loss: -0.5782
2025-06-30 18:53:09 - INFO - Epoch 489/600 finished. Average Training Loss: -0.6684
2025-06-30 18:53:14 - INFO - Epoch 490/600 finished. Average Training Loss: -0.7881
2025-06-30 18:53:19 - INFO - Epoch 491/600 finished. Average Training Loss: -0.5318
2025-06-30 18:53:25 - INFO - Epoch 492/600 finished. Average Training Loss: -0.3566
2025-06-30 18:53:30 - INFO - Epoch 493/600 finished. Average Training Loss: -0.5132
2025-06-30 18:53:35 - INFO - Epoch 494/600 finished. Average Training Loss: -0.7410
2025-06-30 18:53:40 - INFO - Epoch 495/600 finished. Average Training Loss: -0.7859
2025-06-30 18:53:44 - INFO - Epoch 496/600 finished. Average Training Loss: -0.7186
2025-06-30 18:53:49 - INFO - Epoch 497/600 finished. Average Training Loss: -0.7228
2025-06-30 18:53:54 - INFO - Epoch 498/600 finished. Average Training Loss: 0.5058
2025-06-30 18:53:59 - INFO - Epoch 499/600 finished. Average Training Loss: -0.5036
2025-06-30 18:54:03 - INFO - Epoch 500/600 finished. Average Training Loss: -0.5199
2025-06-30 18:54:04 - INFO - Saved checkpoint for epoch 500 to ./result/VNet_Multi_V2/Amos_20/Pth/model_epoch_500_checkpoint.pth
2025-06-30 18:54:09 - INFO - Epoch 501/600 finished. Average Training Loss: -0.7719
2025-06-30 18:54:14 - INFO - Epoch 502/600 finished. Average Training Loss: -0.6356
2025-06-30 18:54:19 - INFO - Epoch 503/600 finished. Average Training Loss: -0.6372
2025-06-30 18:54:24 - INFO - Epoch 504/600 finished. Average Training Loss: -0.7309
2025-06-30 18:54:28 - INFO - Epoch 505/600 finished. Average Training Loss: -0.7298
2025-06-30 18:54:33 - INFO - Epoch 506/600 finished. Average Training Loss: -0.6150
2025-06-30 18:54:38 - INFO - Epoch 507/600 finished. Average Training Loss: -0.7046
2025-06-30 18:54:43 - INFO - Epoch 508/600 finished. Average Training Loss: -0.6965
2025-06-30 18:54:48 - INFO - Epoch 509/600 finished. Average Training Loss: -0.3997
2025-06-30 18:54:54 - INFO - Epoch 510/600 finished. Average Training Loss: -0.3514
2025-06-30 18:54:59 - INFO - Epoch 511/600 finished. Average Training Loss: -0.4755
2025-06-30 18:55:04 - INFO - Epoch 512/600 finished. Average Training Loss: -0.6846
2025-06-30 18:55:09 - INFO - Epoch 513/600 finished. Average Training Loss: -0.7658
2025-06-30 18:55:13 - INFO - Epoch 514/600 finished. Average Training Loss: -0.4882
2025-06-30 18:55:18 - INFO - Epoch 515/600 finished. Average Training Loss: -0.7145
2025-06-30 18:55:23 - INFO - Epoch 516/600 finished. Average Training Loss: 95.9266
2025-06-30 18:55:28 - INFO - Epoch 517/600 finished. Average Training Loss: -0.7306
2025-06-30 18:55:32 - INFO - Epoch 518/600 finished. Average Training Loss: -0.7484
2025-06-30 18:55:38 - INFO - Epoch 519/600 finished. Average Training Loss: -0.6472
2025-06-30 18:55:43 - INFO - Epoch 520/600 finished. Average Training Loss: -0.6725
2025-06-30 18:55:43 - INFO - Saved checkpoint for epoch 520 to ./result/VNet_Multi_V2/Amos_20/Pth/model_epoch_520_checkpoint.pth
2025-06-30 18:55:48 - INFO - Epoch 521/600 finished. Average Training Loss: -0.7150
2025-06-30 18:55:53 - INFO - Epoch 522/600 finished. Average Training Loss: 6.1225
2025-06-30 18:55:57 - INFO - Epoch 523/600 finished. Average Training Loss: -0.6195
2025-06-30 18:56:02 - INFO - Epoch 524/600 finished. Average Training Loss: -0.6449
2025-06-30 18:56:07 - INFO - Epoch 525/600 finished. Average Training Loss: -0.6037
2025-06-30 18:56:12 - INFO - Epoch 526/600 finished. Average Training Loss: -0.7411
2025-06-30 18:56:17 - INFO - Epoch 527/600 finished. Average Training Loss: -0.7874
2025-06-30 18:56:22 - INFO - Epoch 528/600 finished. Average Training Loss: -0.6340
2025-06-30 18:56:27 - INFO - Epoch 529/600 finished. Average Training Loss: -0.6388
2025-06-30 18:56:32 - INFO - Epoch 530/600 finished. Average Training Loss: -0.6080
2025-06-30 18:56:37 - INFO - Epoch 531/600 finished. Average Training Loss: 0.0352
2025-06-30 18:56:41 - INFO - Epoch 532/600 finished. Average Training Loss: -0.6071
2025-06-30 18:56:46 - INFO - Epoch 533/600 finished. Average Training Loss: -0.4726
2025-06-30 18:56:51 - INFO - Epoch 534/600 finished. Average Training Loss: -0.5809
2025-06-30 18:56:56 - INFO - Epoch 535/600 finished. Average Training Loss: -0.5966
2025-06-30 18:57:01 - INFO - Epoch 536/600 finished. Average Training Loss: -0.6955
2025-06-30 18:57:07 - INFO - Epoch 537/600 finished. Average Training Loss: -0.7801
2025-06-30 18:57:12 - INFO - Epoch 538/600 finished. Average Training Loss: -0.4547
2025-06-30 18:57:17 - INFO - Epoch 539/600 finished. Average Training Loss: -0.6781
2025-06-30 18:57:22 - INFO - Epoch 540/600 finished. Average Training Loss: -0.5980
2025-06-30 18:57:22 - INFO - Saved checkpoint for epoch 540 to ./result/VNet_Multi_V2/Amos_20/Pth/model_epoch_540_checkpoint.pth
2025-06-30 18:57:26 - INFO - Epoch 541/600 finished. Average Training Loss: -0.7102
2025-06-30 18:57:31 - INFO - Epoch 542/600 finished. Average Training Loss: -0.8148
2025-06-30 18:57:36 - INFO - Epoch 543/600 finished. Average Training Loss: -0.7204
2025-06-30 18:57:41 - INFO - Epoch 544/600 finished. Average Training Loss: 0.2282
2025-06-30 18:57:45 - INFO - Epoch 545/600 finished. Average Training Loss: -0.8007
2025-06-30 18:57:50 - INFO - Epoch 546/600 finished. Average Training Loss: -0.7439
2025-06-30 18:57:55 - INFO - Epoch 547/600 finished. Average Training Loss: -0.7443
2025-06-30 18:58:00 - INFO - Epoch 548/600 finished. Average Training Loss: -0.5476
2025-06-30 18:58:06 - INFO - Epoch 549/600 finished. Average Training Loss: -0.3887
2025-06-30 18:58:09 - INFO - Epoch 550/600 finished. Average Training Loss: -0.4395
2025-06-30 18:58:14 - INFO - Epoch 551/600 finished. Average Training Loss: -0.7609
2025-06-30 18:58:19 - INFO - Epoch 552/600 finished. Average Training Loss: -0.6349
2025-06-30 18:58:24 - INFO - Epoch 553/600 finished. Average Training Loss: 20.9410
2025-06-30 18:58:29 - INFO - Epoch 554/600 finished. Average Training Loss: -0.7093
2025-06-30 18:58:35 - INFO - Epoch 555/600 finished. Average Training Loss: -0.5827
2025-06-30 18:58:40 - INFO - Epoch 556/600 finished. Average Training Loss: -0.7501
2025-06-30 18:58:45 - INFO - Epoch 557/600 finished. Average Training Loss: 5.0780
2025-06-30 18:58:50 - INFO - Epoch 558/600 finished. Average Training Loss: -0.6714
2025-06-30 18:58:54 - INFO - Epoch 559/600 finished. Average Training Loss: -0.8040
2025-06-30 18:58:59 - INFO - Epoch 560/600 finished. Average Training Loss: -0.8292
2025-06-30 18:58:59 - INFO - Saved checkpoint for epoch 560 to ./result/VNet_Multi_V2/Amos_20/Pth/model_epoch_560_checkpoint.pth
2025-06-30 18:59:04 - INFO - Epoch 561/600 finished. Average Training Loss: -0.7267
2025-06-30 18:59:09 - INFO - Epoch 562/600 finished. Average Training Loss: -0.6996
2025-06-30 18:59:13 - INFO - Epoch 563/600 finished. Average Training Loss: -0.7821
2025-06-30 18:59:19 - INFO - Epoch 564/600 finished. Average Training Loss: -0.7625
2025-06-30 18:59:24 - INFO - Epoch 565/600 finished. Average Training Loss: -0.8484
2025-06-30 18:59:29 - INFO - Epoch 566/600 finished. Average Training Loss: -0.7633
2025-06-30 18:59:34 - INFO - Epoch 567/600 finished. Average Training Loss: -0.7594
2025-06-30 18:59:38 - INFO - Epoch 568/600 finished. Average Training Loss: -0.8266
2025-06-30 18:59:43 - INFO - Epoch 569/600 finished. Average Training Loss: -0.7844
2025-06-30 18:59:48 - INFO - Epoch 570/600 finished. Average Training Loss: -0.8758
2025-06-30 18:59:53 - INFO - Epoch 571/600 finished. Average Training Loss: -0.8635
2025-06-30 18:59:58 - INFO - Epoch 572/600 finished. Average Training Loss: -0.5791
2025-06-30 19:00:03 - INFO - Epoch 573/600 finished. Average Training Loss: -0.8018
2025-06-30 19:00:08 - INFO - Epoch 574/600 finished. Average Training Loss: -0.7532
2025-06-30 19:00:13 - INFO - Epoch 575/600 finished. Average Training Loss: -0.7887
2025-06-30 19:00:18 - INFO - Epoch 576/600 finished. Average Training Loss: -0.6498
2025-06-30 19:00:22 - INFO - Epoch 577/600 finished. Average Training Loss: 61.2809
2025-06-30 19:00:27 - INFO - Epoch 578/600 finished. Average Training Loss: -0.7880
2025-06-30 19:00:32 - INFO - Epoch 579/600 finished. Average Training Loss: -0.7802
2025-06-30 19:00:37 - INFO - Epoch 580/600 finished. Average Training Loss: 1.7457
2025-06-30 19:00:37 - INFO - Saved checkpoint for epoch 580 to ./result/VNet_Multi_V2/Amos_20/Pth/model_epoch_580_checkpoint.pth
2025-06-30 19:00:42 - INFO - Epoch 581/600 finished. Average Training Loss: -0.7165
2025-06-30 19:00:47 - INFO - Epoch 582/600 finished. Average Training Loss: -0.7439
2025-06-30 19:00:52 - INFO - Epoch 583/600 finished. Average Training Loss: -0.7815
2025-06-30 19:00:57 - INFO - Epoch 584/600 finished. Average Training Loss: -0.6730
2025-06-30 19:01:02 - INFO - Epoch 585/600 finished. Average Training Loss: -0.8292
2025-06-30 19:01:06 - INFO - Epoch 586/600 finished. Average Training Loss: -0.8326
2025-06-30 19:01:11 - INFO - Epoch 587/600 finished. Average Training Loss: -0.5367
2025-06-30 19:01:16 - INFO - Epoch 588/600 finished. Average Training Loss: -0.8241
2025-06-30 19:01:21 - INFO - Epoch 589/600 finished. Average Training Loss: -0.6479
2025-06-30 19:01:26 - INFO - Epoch 590/600 finished. Average Training Loss: -0.7310
2025-06-30 19:01:32 - INFO - Epoch 591/600 finished. Average Training Loss: 40.5385
2025-06-30 19:01:37 - INFO - Epoch 592/600 finished. Average Training Loss: -0.6208
2025-06-30 19:01:42 - INFO - Epoch 593/600 finished. Average Training Loss: -0.5331
2025-06-30 19:01:47 - INFO - Epoch 594/600 finished. Average Training Loss: -0.6766
2025-06-30 19:01:51 - INFO - Epoch 595/600 finished. Average Training Loss: -0.8868
2025-06-30 19:01:56 - INFO - Epoch 596/600 finished. Average Training Loss: -0.8533
2025-06-30 19:02:01 - INFO - Epoch 597/600 finished. Average Training Loss: -0.8087
2025-06-30 19:02:06 - INFO - Epoch 598/600 finished. Average Training Loss: -0.7270
2025-06-30 19:02:10 - INFO - Epoch 599/600 finished. Average Training Loss: -0.6607
2025-06-30 19:02:16 - INFO - Epoch 600/600 finished. Average Training Loss: 2.5189
2025-06-30 19:02:16 - INFO - Saved checkpoint for epoch 600 to ./result/VNet_Multi_V2/Amos_20/Pth/model_epoch_600_checkpoint.pth
2025-06-30 19:02:16 - INFO - Training complete! Total duration: 0h 58m 28s
2025-06-30 19:02:16 - INFO - ======================================== Training Session Ended ========================================

