2025-07-14 20:33:33 - INFO - Logging is set up.
2025-07-14 20:33:33 - INFO - Logging is set up.
2025-07-14 20:33:33 - INFO - 
======================================== New Training Session Started ========================================
2025-07-14 20:33:33 - INFO - 
======================================== New Training Session Started ========================================
2025-07-14 20:33:33 - INFO - Initialized distributed training on GPU 0. World size: 2
2025-07-14 20:33:33 - INFO - Training configuration:
{
  "seed": 42,
  "epochs": 600,
  "batch_size": 5,
  "learning_rate": 0.0001,
  "log_path": "./result/VNet_Multi_V5/Amos_90/Training.log",
  "pth_path": "./result/VNet_Multi_V5/Amos_90/Pth",
  "tensorboard_path": "./result/VNet_Multi_V5/Amos_90/Train",
  "continue_train": false,
  "multi_gpu": true,
  "training_num": 90,
  "dataset_path": "./datasets/AMOS",
  "num_classes": 16,
  "patch_size": [
    160,
    160,
    80
  ]
}
2025-07-14 20:33:33 - INFO - Creating new TensorBoard log directory: ./result/VNet_Multi_V5/Amos_90/Train/20250714-203333
2025-07-14 20:33:33 - INFO - Initializing AMOS dataset...
2025-07-14 20:33:33 - INFO - Initialized distributed training on GPU 1. World size: 2
2025-07-14 20:33:33 - INFO - Training configuration:
{
  "seed": 42,
  "epochs": 600,
  "batch_size": 5,
  "learning_rate": 0.0001,
  "log_path": "./result/VNet_Multi_V5/Amos_90/Training.log",
  "pth_path": "./result/VNet_Multi_V5/Amos_90/Pth",
  "tensorboard_path": "./result/VNet_Multi_V5/Amos_90/Train",
  "continue_train": false,
  "multi_gpu": true,
  "training_num": 90,
  "dataset_path": "./datasets/AMOS",
  "num_classes": 16,
  "patch_size": [
    160,
    160,
    80
  ]
}
2025-07-14 20:33:34 - INFO - Initializing AMOS dataset...
2025-07-14 20:33:41 - INFO - Successfully loaded 90 training samples.
2025-07-14 20:33:41 - INFO - DataLoader created with batch size: 5, num_workers: 24, shuffle: False.
2025-07-14 20:33:41 - INFO - Initializing VNet model...
2025-07-14 20:33:41 - INFO - Successfully loaded 90 training samples.
2025-07-14 20:33:41 - INFO - DataLoader created with batch size: 5, num_workers: 24, shuffle: False.
2025-07-14 20:33:41 - INFO - Initializing VNet model...
2025-07-14 20:33:41 - INFO - Model VNet created with 16 classes and batch normalization.
2025-07-14 20:33:41 - INFO - Starting training from scratch.
2025-07-14 20:33:41 - INFO - Model VNet created with 16 classes and batch normalization.
2025-07-14 20:33:41 - INFO - Starting training from scratch.
2025-07-14 20:33:41 - INFO - Wrapped model with DistributedDataParallel (DDP).
2025-07-14 20:33:41 - INFO - Using loss function: UnifiedLoss with parameters: num_classes=16, lambda_reg=0.3, loss_weight=[1,1]
2025-07-14 20:33:41 - INFO - Wrapped model with DistributedDataParallel (DDP).
2025-07-14 20:33:41 - INFO - Using loss function: UnifiedLoss with parameters: num_classes=16, lambda_reg=0.3, loss_weight=[1,1]
2025-07-14 20:33:41 - INFO - Optimizer: AdamW with learning rate: 0.0001, weight_decay: 0.01
2025-07-14 20:33:41 - INFO - Starting model training from epoch 1 to 600...
2025-07-14 20:33:41 - INFO - Optimizer: AdamW with learning rate: 0.0001, weight_decay: 0.01
2025-07-14 20:33:41 - INFO - Starting model training from epoch 1 to 600...
2025-07-14 20:33:54 - INFO - Epoch 1/600 finished. Average Training Loss: 4.3806
2025-07-14 20:34:06 - INFO - Epoch 2/600 finished. Average Training Loss: 4.2057
2025-07-14 20:34:17 - INFO - Epoch 3/600 finished. Average Training Loss: 4.0780
2025-07-14 20:34:29 - INFO - Epoch 4/600 finished. Average Training Loss: 4.0477
2025-07-14 20:34:40 - INFO - Epoch 5/600 finished. Average Training Loss: 3.9604
2025-07-14 20:34:52 - INFO - Epoch 6/600 finished. Average Training Loss: 3.8980
2025-07-14 20:35:03 - INFO - Epoch 7/600 finished. Average Training Loss: 3.8835
2025-07-14 20:35:15 - INFO - Epoch 8/600 finished. Average Training Loss: 3.8098
2025-07-14 20:35:26 - INFO - Epoch 9/600 finished. Average Training Loss: 3.8046
2025-07-14 20:35:38 - INFO - Epoch 10/600 finished. Average Training Loss: 3.8094
2025-07-14 20:35:49 - INFO - Epoch 11/600 finished. Average Training Loss: 3.7639
2025-07-14 20:36:01 - INFO - Epoch 12/600 finished. Average Training Loss: 3.7156
2025-07-14 20:36:12 - INFO - Epoch 13/600 finished. Average Training Loss: 3.7502
2025-07-14 20:36:24 - INFO - Epoch 14/600 finished. Average Training Loss: 3.6804
2025-07-14 20:36:36 - INFO - Epoch 15/600 finished. Average Training Loss: 3.6994
2025-07-14 20:36:47 - INFO - Epoch 16/600 finished. Average Training Loss: 3.6427
2025-07-14 20:36:59 - INFO - Epoch 17/600 finished. Average Training Loss: 3.6539
2025-07-14 20:37:10 - INFO - Epoch 18/600 finished. Average Training Loss: 3.6276
2025-07-14 20:37:22 - INFO - Epoch 19/600 finished. Average Training Loss: 3.6319
2025-07-14 20:37:34 - INFO - Epoch 20/600 finished. Average Training Loss: 3.5837
2025-07-14 20:37:34 - INFO - Saved checkpoint for epoch 20 to ./result/VNet_Multi_V5/Amos_90/Pth/model_epoch_20_checkpoint.pth
2025-07-14 20:37:45 - INFO - Epoch 21/600 finished. Average Training Loss: 3.5987
2025-07-14 20:37:57 - INFO - Epoch 22/600 finished. Average Training Loss: 3.5082
2025-07-14 20:38:08 - INFO - Epoch 23/600 finished. Average Training Loss: 3.4760
2025-07-14 20:38:20 - INFO - Epoch 24/600 finished. Average Training Loss: 3.5610
2025-07-14 20:38:32 - INFO - Epoch 25/600 finished. Average Training Loss: 3.4847
2025-07-14 20:38:43 - INFO - Epoch 26/600 finished. Average Training Loss: 3.4624
2025-07-14 20:38:55 - INFO - Epoch 27/600 finished. Average Training Loss: 3.4578
2025-07-14 20:39:06 - INFO - Epoch 28/600 finished. Average Training Loss: 3.4615
2025-07-14 20:39:18 - INFO - Epoch 29/600 finished. Average Training Loss: 3.4481
2025-07-14 20:39:30 - INFO - Epoch 30/600 finished. Average Training Loss: 3.4231
2025-07-14 20:39:41 - INFO - Epoch 31/600 finished. Average Training Loss: 3.4669
2025-07-14 20:39:53 - INFO - Epoch 32/600 finished. Average Training Loss: 3.4065
2025-07-14 20:40:05 - INFO - Epoch 33/600 finished. Average Training Loss: 3.4721
2025-07-14 20:40:16 - INFO - Epoch 34/600 finished. Average Training Loss: 3.4456
2025-07-14 20:40:28 - INFO - Epoch 35/600 finished. Average Training Loss: 3.3994
2025-07-14 20:40:39 - INFO - Epoch 36/600 finished. Average Training Loss: 3.4146
2025-07-14 20:40:51 - INFO - Epoch 37/600 finished. Average Training Loss: 3.3562
2025-07-14 20:41:02 - INFO - Epoch 38/600 finished. Average Training Loss: 3.3743
2025-07-14 20:41:14 - INFO - Epoch 39/600 finished. Average Training Loss: 3.3083
2025-07-14 20:41:25 - INFO - Epoch 40/600 finished. Average Training Loss: 3.3367
2025-07-14 20:41:25 - INFO - Saved checkpoint for epoch 40 to ./result/VNet_Multi_V5/Amos_90/Pth/model_epoch_40_checkpoint.pth
2025-07-14 20:41:37 - INFO - Epoch 41/600 finished. Average Training Loss: 3.2553
2025-07-14 20:41:48 - INFO - Epoch 42/600 finished. Average Training Loss: 3.3470
2025-07-14 20:42:00 - INFO - Epoch 43/600 finished. Average Training Loss: 3.2788
2025-07-14 20:42:12 - INFO - Epoch 44/600 finished. Average Training Loss: 3.2853
2025-07-14 20:42:23 - INFO - Epoch 45/600 finished. Average Training Loss: 3.2089
2025-07-14 20:42:35 - INFO - Epoch 46/600 finished. Average Training Loss: 3.2429
2025-07-14 20:42:47 - INFO - Epoch 47/600 finished. Average Training Loss: 3.1803
2025-07-14 20:42:59 - INFO - Epoch 48/600 finished. Average Training Loss: 3.2396
2025-07-14 20:43:12 - INFO - Epoch 49/600 finished. Average Training Loss: 3.3025
2025-07-14 20:43:24 - INFO - Epoch 50/600 finished. Average Training Loss: 3.2181
2025-07-14 20:43:37 - INFO - Epoch 51/600 finished. Average Training Loss: 3.2473
2025-07-14 20:43:49 - INFO - Epoch 52/600 finished. Average Training Loss: 3.2080
2025-07-14 20:44:02 - INFO - Epoch 53/600 finished. Average Training Loss: 3.1469
2025-07-14 20:44:14 - INFO - Epoch 54/600 finished. Average Training Loss: 3.1420
2025-07-14 20:44:27 - INFO - Epoch 55/600 finished. Average Training Loss: 3.1371
2025-07-14 20:44:39 - INFO - Epoch 56/600 finished. Average Training Loss: 3.0926
2025-07-14 20:44:51 - INFO - Epoch 57/600 finished. Average Training Loss: 3.1241
2025-07-14 20:45:04 - INFO - Epoch 58/600 finished. Average Training Loss: 3.1513
2025-07-14 20:45:15 - INFO - Epoch 59/600 finished. Average Training Loss: 3.1202
2025-07-14 20:45:27 - INFO - Epoch 60/600 finished. Average Training Loss: 3.1175
2025-07-14 20:45:27 - INFO - Saved checkpoint for epoch 60 to ./result/VNet_Multi_V5/Amos_90/Pth/model_epoch_60_checkpoint.pth
2025-07-14 20:45:38 - INFO - Epoch 61/600 finished. Average Training Loss: 3.0862
2025-07-14 20:45:50 - INFO - Epoch 62/600 finished. Average Training Loss: 3.0927
2025-07-14 20:46:01 - INFO - Epoch 63/600 finished. Average Training Loss: 3.1007
2025-07-14 20:46:13 - INFO - Epoch 64/600 finished. Average Training Loss: 3.0404
2025-07-14 20:46:25 - INFO - Epoch 65/600 finished. Average Training Loss: 3.0345
2025-07-14 20:46:37 - INFO - Epoch 66/600 finished. Average Training Loss: 3.0901
2025-07-14 20:46:48 - INFO - Epoch 67/600 finished. Average Training Loss: 3.0857
2025-07-14 20:47:00 - INFO - Epoch 68/600 finished. Average Training Loss: 3.0709
2025-07-14 20:47:12 - INFO - Epoch 69/600 finished. Average Training Loss: 3.0133
2025-07-14 20:47:23 - INFO - Epoch 70/600 finished. Average Training Loss: 3.0558
2025-07-14 20:47:35 - INFO - Epoch 71/600 finished. Average Training Loss: 3.0371
2025-07-14 20:47:47 - INFO - Epoch 72/600 finished. Average Training Loss: 3.0355
2025-07-14 20:47:58 - INFO - Epoch 73/600 finished. Average Training Loss: 2.9538
2025-07-14 20:48:10 - INFO - Epoch 74/600 finished. Average Training Loss: 3.0127
2025-07-14 20:48:21 - INFO - Epoch 75/600 finished. Average Training Loss: 2.9391
2025-07-14 20:48:33 - INFO - Epoch 76/600 finished. Average Training Loss: 2.9016
2025-07-14 20:48:45 - INFO - Epoch 77/600 finished. Average Training Loss: 2.9380
2025-07-14 20:48:56 - INFO - Epoch 78/600 finished. Average Training Loss: 2.9289
2025-07-14 20:49:08 - INFO - Epoch 79/600 finished. Average Training Loss: 2.9229
2025-07-14 20:49:20 - INFO - Epoch 80/600 finished. Average Training Loss: 2.9320
2025-07-14 20:49:20 - INFO - Saved checkpoint for epoch 80 to ./result/VNet_Multi_V5/Amos_90/Pth/model_epoch_80_checkpoint.pth
2025-07-14 20:49:31 - INFO - Epoch 81/600 finished. Average Training Loss: 2.9460
2025-07-14 20:49:43 - INFO - Epoch 82/600 finished. Average Training Loss: 2.9430
2025-07-14 20:49:55 - INFO - Epoch 83/600 finished. Average Training Loss: 2.8561
2025-07-14 20:50:06 - INFO - Epoch 84/600 finished. Average Training Loss: 2.9588
2025-07-14 20:50:18 - INFO - Epoch 85/600 finished. Average Training Loss: 2.8692
2025-07-14 20:50:31 - INFO - Epoch 86/600 finished. Average Training Loss: 2.9528
2025-07-14 20:50:44 - INFO - Epoch 87/600 finished. Average Training Loss: 2.7983
2025-07-14 20:50:56 - INFO - Epoch 88/600 finished. Average Training Loss: 2.8173
2025-07-14 20:51:08 - INFO - Epoch 89/600 finished. Average Training Loss: 2.9088
2025-07-14 20:51:21 - INFO - Epoch 90/600 finished. Average Training Loss: 2.9540
2025-07-14 20:51:33 - INFO - Epoch 91/600 finished. Average Training Loss: 2.7759
2025-07-14 20:51:45 - INFO - Epoch 92/600 finished. Average Training Loss: 2.8263
2025-07-14 20:51:57 - INFO - Epoch 93/600 finished. Average Training Loss: 2.7492
2025-07-14 20:52:08 - INFO - Epoch 94/600 finished. Average Training Loss: 2.7959
2025-07-14 20:52:20 - INFO - Epoch 95/600 finished. Average Training Loss: 2.7114
2025-07-14 20:52:31 - INFO - Epoch 96/600 finished. Average Training Loss: 2.7959
2025-07-14 20:52:43 - INFO - Epoch 97/600 finished. Average Training Loss: 2.6932
2025-07-14 20:52:54 - INFO - Epoch 98/600 finished. Average Training Loss: 2.6973
2025-07-14 20:53:06 - INFO - Epoch 99/600 finished. Average Training Loss: 2.7035
2025-07-14 20:53:18 - INFO - Epoch 100/600 finished. Average Training Loss: 2.7218
2025-07-14 20:53:18 - INFO - Saved checkpoint for epoch 100 to ./result/VNet_Multi_V5/Amos_90/Pth/model_epoch_100_checkpoint.pth
2025-07-14 20:53:29 - INFO - Epoch 101/600 finished. Average Training Loss: 2.7115
2025-07-14 20:53:41 - INFO - Epoch 102/600 finished. Average Training Loss: 2.6389
2025-07-14 20:53:53 - INFO - Epoch 103/600 finished. Average Training Loss: 2.7482
2025-07-14 20:54:05 - INFO - Epoch 104/600 finished. Average Training Loss: 2.6575
2025-07-14 20:54:16 - INFO - Epoch 105/600 finished. Average Training Loss: 2.6089
2025-07-14 20:54:28 - INFO - Epoch 106/600 finished. Average Training Loss: 2.5519
2025-07-14 20:54:40 - INFO - Epoch 107/600 finished. Average Training Loss: 2.6813
2025-07-14 20:54:51 - INFO - Epoch 108/600 finished. Average Training Loss: 2.6744
2025-07-14 20:55:03 - INFO - Epoch 109/600 finished. Average Training Loss: 2.5602
2025-07-14 20:55:15 - INFO - Epoch 110/600 finished. Average Training Loss: 2.6500
2025-07-14 20:55:26 - INFO - Epoch 111/600 finished. Average Training Loss: 2.6347
2025-07-14 20:55:38 - INFO - Epoch 112/600 finished. Average Training Loss: 2.6265
2025-07-14 20:55:51 - INFO - Epoch 113/600 finished. Average Training Loss: 2.4946
2025-07-14 20:56:03 - INFO - Epoch 114/600 finished. Average Training Loss: 2.5600
2025-07-14 20:56:16 - INFO - Epoch 115/600 finished. Average Training Loss: 2.5378
2025-07-14 20:56:28 - INFO - Epoch 116/600 finished. Average Training Loss: 2.5825
2025-07-14 20:56:40 - INFO - Epoch 117/600 finished. Average Training Loss: 2.5289
2025-07-14 20:56:52 - INFO - Epoch 118/600 finished. Average Training Loss: 2.5555
2025-07-14 20:57:04 - INFO - Epoch 119/600 finished. Average Training Loss: 2.4293
2025-07-14 20:57:15 - INFO - Epoch 120/600 finished. Average Training Loss: 2.4386
2025-07-14 20:57:15 - INFO - Saved checkpoint for epoch 120 to ./result/VNet_Multi_V5/Amos_90/Pth/model_epoch_120_checkpoint.pth
2025-07-14 20:57:27 - INFO - Epoch 121/600 finished. Average Training Loss: 2.5216
2025-07-14 20:57:38 - INFO - Epoch 122/600 finished. Average Training Loss: 2.4651
2025-07-14 20:57:50 - INFO - Epoch 123/600 finished. Average Training Loss: 2.4482
2025-07-14 20:58:01 - INFO - Epoch 124/600 finished. Average Training Loss: 2.4154
2025-07-14 20:58:13 - INFO - Epoch 125/600 finished. Average Training Loss: 2.4398
2025-07-14 20:58:24 - INFO - Epoch 126/600 finished. Average Training Loss: 2.4237
2025-07-14 20:58:36 - INFO - Epoch 127/600 finished. Average Training Loss: 2.4689
2025-07-14 20:58:47 - INFO - Epoch 128/600 finished. Average Training Loss: 2.3824
2025-07-14 20:58:59 - INFO - Epoch 129/600 finished. Average Training Loss: 2.3712
2025-07-14 20:59:11 - INFO - Epoch 130/600 finished. Average Training Loss: 2.4111
2025-07-14 20:59:22 - INFO - Epoch 131/600 finished. Average Training Loss: 2.4563
2025-07-14 20:59:34 - INFO - Epoch 132/600 finished. Average Training Loss: 2.2820
2025-07-14 20:59:46 - INFO - Epoch 133/600 finished. Average Training Loss: 2.3515
2025-07-14 20:59:57 - INFO - Epoch 134/600 finished. Average Training Loss: 2.1635
2025-07-14 21:00:08 - INFO - Epoch 135/600 finished. Average Training Loss: 2.2427
2025-07-14 21:00:20 - INFO - Epoch 136/600 finished. Average Training Loss: 2.4149
2025-07-14 21:00:32 - INFO - Epoch 137/600 finished. Average Training Loss: 2.3032
2025-07-14 21:00:43 - INFO - Epoch 138/600 finished. Average Training Loss: 2.3000
2025-07-14 21:00:55 - INFO - Epoch 139/600 finished. Average Training Loss: 2.2588
2025-07-14 21:01:07 - INFO - Epoch 140/600 finished. Average Training Loss: 2.4113
2025-07-14 21:01:07 - INFO - Saved checkpoint for epoch 140 to ./result/VNet_Multi_V5/Amos_90/Pth/model_epoch_140_checkpoint.pth
2025-07-14 21:01:18 - INFO - Epoch 141/600 finished. Average Training Loss: 2.3700
2025-07-14 21:01:30 - INFO - Epoch 142/600 finished. Average Training Loss: 2.2295
2025-07-14 21:01:41 - INFO - Epoch 143/600 finished. Average Training Loss: 2.2198
2025-07-14 21:01:53 - INFO - Epoch 144/600 finished. Average Training Loss: 2.2550
2025-07-14 21:02:04 - INFO - Epoch 145/600 finished. Average Training Loss: 2.2703
2025-07-14 21:02:16 - INFO - Epoch 146/600 finished. Average Training Loss: 2.2551
2025-07-14 21:02:28 - INFO - Epoch 147/600 finished. Average Training Loss: 2.1144
2025-07-14 21:02:39 - INFO - Epoch 148/600 finished. Average Training Loss: 2.1586
2025-07-14 21:02:50 - INFO - Epoch 149/600 finished. Average Training Loss: 2.1474
2025-07-14 21:03:02 - INFO - Epoch 150/600 finished. Average Training Loss: 2.2048
2025-07-14 21:03:14 - INFO - Epoch 151/600 finished. Average Training Loss: 2.2355
2025-07-14 21:03:26 - INFO - Epoch 152/600 finished. Average Training Loss: 2.1628
2025-07-14 21:03:37 - INFO - Epoch 153/600 finished. Average Training Loss: 2.2881
2025-07-14 21:03:49 - INFO - Epoch 154/600 finished. Average Training Loss: 2.1512
2025-07-14 21:04:00 - INFO - Epoch 155/600 finished. Average Training Loss: 2.1400
2025-07-14 21:04:11 - INFO - Epoch 156/600 finished. Average Training Loss: 2.0666
2025-07-14 21:04:23 - INFO - Epoch 157/600 finished. Average Training Loss: 2.0012
2025-07-14 21:04:35 - INFO - Epoch 158/600 finished. Average Training Loss: 2.0997
2025-07-14 21:04:46 - INFO - Epoch 159/600 finished. Average Training Loss: 2.1222
2025-07-14 21:04:58 - INFO - Epoch 160/600 finished. Average Training Loss: 1.9837
2025-07-14 21:04:58 - INFO - Saved checkpoint for epoch 160 to ./result/VNet_Multi_V5/Amos_90/Pth/model_epoch_160_checkpoint.pth
2025-07-14 21:05:10 - INFO - Epoch 161/600 finished. Average Training Loss: 2.0530
2025-07-14 21:05:21 - INFO - Epoch 162/600 finished. Average Training Loss: 2.0991
2025-07-14 21:05:32 - INFO - Epoch 163/600 finished. Average Training Loss: 2.0732
2025-07-14 21:05:44 - INFO - Epoch 164/600 finished. Average Training Loss: 2.0623
2025-07-14 21:05:56 - INFO - Epoch 165/600 finished. Average Training Loss: 1.9141
2025-07-14 21:06:07 - INFO - Epoch 166/600 finished. Average Training Loss: 1.9812
2025-07-14 21:06:19 - INFO - Epoch 167/600 finished. Average Training Loss: 1.9117
2025-07-14 21:06:31 - INFO - Epoch 168/600 finished. Average Training Loss: 1.9912
2025-07-14 21:06:42 - INFO - Epoch 169/600 finished. Average Training Loss: 2.1739
2025-07-14 21:06:54 - INFO - Epoch 170/600 finished. Average Training Loss: 2.1128
2025-07-14 21:07:06 - INFO - Epoch 171/600 finished. Average Training Loss: 1.8895
2025-07-14 21:07:17 - INFO - Epoch 172/600 finished. Average Training Loss: 1.9896
2025-07-14 21:07:29 - INFO - Epoch 173/600 finished. Average Training Loss: 1.8294
2025-07-14 21:07:40 - INFO - Epoch 174/600 finished. Average Training Loss: 2.0232
2025-07-14 21:07:52 - INFO - Epoch 175/600 finished. Average Training Loss: 1.9859
2025-07-14 21:08:03 - INFO - Epoch 176/600 finished. Average Training Loss: 1.9220
2025-07-14 21:08:15 - INFO - Epoch 177/600 finished. Average Training Loss: 1.9004
2025-07-14 21:08:27 - INFO - Epoch 178/600 finished. Average Training Loss: 1.8883
2025-07-14 21:08:38 - INFO - Epoch 179/600 finished. Average Training Loss: 2.0135
2025-07-14 21:08:50 - INFO - Epoch 180/600 finished. Average Training Loss: 1.9450
2025-07-14 21:08:50 - INFO - Saved checkpoint for epoch 180 to ./result/VNet_Multi_V5/Amos_90/Pth/model_epoch_180_checkpoint.pth
2025-07-14 21:09:02 - INFO - Epoch 181/600 finished. Average Training Loss: 1.8588
2025-07-14 21:09:13 - INFO - Epoch 182/600 finished. Average Training Loss: 1.7615
2025-07-14 21:09:25 - INFO - Epoch 183/600 finished. Average Training Loss: 1.8575
2025-07-14 21:09:36 - INFO - Epoch 184/600 finished. Average Training Loss: 1.8127
2025-07-14 21:09:46 - INFO - Epoch 185/600 finished. Average Training Loss: 1.8078
2025-07-14 21:09:57 - INFO - Epoch 186/600 finished. Average Training Loss: 1.8449
2025-07-14 21:10:08 - INFO - Epoch 187/600 finished. Average Training Loss: 1.8224
2025-07-14 21:10:19 - INFO - Epoch 188/600 finished. Average Training Loss: 1.7852
2025-07-14 21:10:29 - INFO - Epoch 189/600 finished. Average Training Loss: 1.7303
2025-07-14 21:10:40 - INFO - Epoch 190/600 finished. Average Training Loss: 1.7026
2025-07-14 21:10:51 - INFO - Epoch 191/600 finished. Average Training Loss: 1.7598
2025-07-14 21:11:01 - INFO - Epoch 192/600 finished. Average Training Loss: 1.8133
2025-07-14 21:11:12 - INFO - Epoch 193/600 finished. Average Training Loss: 1.7854
2025-07-14 21:11:23 - INFO - Epoch 194/600 finished. Average Training Loss: 1.7891
2025-07-14 21:11:34 - INFO - Epoch 195/600 finished. Average Training Loss: 1.8608
2025-07-14 21:11:44 - INFO - Epoch 196/600 finished. Average Training Loss: 1.7326
2025-07-14 21:11:55 - INFO - Epoch 197/600 finished. Average Training Loss: 1.6798
2025-07-14 21:12:06 - INFO - Epoch 198/600 finished. Average Training Loss: 1.7132
2025-07-14 21:12:16 - INFO - Epoch 199/600 finished. Average Training Loss: 1.8215
2025-07-14 21:12:27 - INFO - Epoch 200/600 finished. Average Training Loss: 1.7271
2025-07-14 21:12:27 - INFO - Saved checkpoint for epoch 200 to ./result/VNet_Multi_V5/Amos_90/Pth/model_epoch_200_checkpoint.pth
2025-07-14 21:12:38 - INFO - Epoch 201/600 finished. Average Training Loss: 1.6512
2025-07-14 21:12:49 - INFO - Epoch 202/600 finished. Average Training Loss: 1.6346
2025-07-14 21:13:00 - INFO - Epoch 203/600 finished. Average Training Loss: 1.6558
2025-07-14 21:13:11 - INFO - Epoch 204/600 finished. Average Training Loss: 1.6459
2025-07-14 21:13:21 - INFO - Epoch 205/600 finished. Average Training Loss: 1.6060
2025-07-14 21:13:32 - INFO - Epoch 206/600 finished. Average Training Loss: 1.5429
2025-07-14 21:13:43 - INFO - Epoch 207/600 finished. Average Training Loss: 1.6006
2025-07-14 21:13:54 - INFO - Epoch 208/600 finished. Average Training Loss: 1.5637
2025-07-14 21:14:05 - INFO - Epoch 209/600 finished. Average Training Loss: 1.6223
2025-07-14 21:14:16 - INFO - Epoch 210/600 finished. Average Training Loss: 1.5911
2025-07-14 21:14:26 - INFO - Epoch 211/600 finished. Average Training Loss: 1.4826
2025-07-14 21:14:37 - INFO - Epoch 212/600 finished. Average Training Loss: 1.5982
2025-07-14 21:14:48 - INFO - Epoch 213/600 finished. Average Training Loss: 1.5691
2025-07-14 21:14:59 - INFO - Epoch 214/600 finished. Average Training Loss: 1.5613
2025-07-14 21:15:09 - INFO - Epoch 215/600 finished. Average Training Loss: 1.6139
2025-07-14 21:15:20 - INFO - Epoch 216/600 finished. Average Training Loss: 1.5225
2025-07-14 21:15:31 - INFO - Epoch 217/600 finished. Average Training Loss: 1.4360
2025-07-14 21:15:42 - INFO - Epoch 218/600 finished. Average Training Loss: 1.4937
2025-07-14 21:15:52 - INFO - Epoch 219/600 finished. Average Training Loss: 1.5581
2025-07-14 21:16:03 - INFO - Epoch 220/600 finished. Average Training Loss: 1.5540
2025-07-14 21:16:03 - INFO - Saved checkpoint for epoch 220 to ./result/VNet_Multi_V5/Amos_90/Pth/model_epoch_220_checkpoint.pth
2025-07-14 21:16:14 - INFO - Epoch 221/600 finished. Average Training Loss: 1.5545
2025-07-14 21:16:25 - INFO - Epoch 222/600 finished. Average Training Loss: 1.5178
2025-07-14 21:16:36 - INFO - Epoch 223/600 finished. Average Training Loss: 1.4515
2025-07-14 21:16:46 - INFO - Epoch 224/600 finished. Average Training Loss: 1.3984
2025-07-14 21:16:57 - INFO - Epoch 225/600 finished. Average Training Loss: 1.4930
2025-07-14 21:17:08 - INFO - Epoch 226/600 finished. Average Training Loss: 1.5197
2025-07-14 21:17:19 - INFO - Epoch 227/600 finished. Average Training Loss: 1.4191
2025-07-14 21:17:29 - INFO - Epoch 228/600 finished. Average Training Loss: 1.3780
2025-07-14 21:17:40 - INFO - Epoch 229/600 finished. Average Training Loss: 1.4255
2025-07-14 21:17:51 - INFO - Epoch 230/600 finished. Average Training Loss: 1.3961
2025-07-14 21:18:02 - INFO - Epoch 231/600 finished. Average Training Loss: 1.5255
2025-07-14 21:18:12 - INFO - Epoch 232/600 finished. Average Training Loss: 1.4100
2025-07-14 21:18:23 - INFO - Epoch 233/600 finished. Average Training Loss: 1.3490
2025-07-14 21:18:34 - INFO - Epoch 234/600 finished. Average Training Loss: 1.4150
2025-07-14 21:18:45 - INFO - Epoch 235/600 finished. Average Training Loss: 1.5420
2025-07-14 21:18:55 - INFO - Epoch 236/600 finished. Average Training Loss: 1.3735
2025-07-14 21:19:06 - INFO - Epoch 237/600 finished. Average Training Loss: 1.3860
2025-07-14 21:19:17 - INFO - Epoch 238/600 finished. Average Training Loss: 1.4154
2025-07-14 21:19:27 - INFO - Epoch 239/600 finished. Average Training Loss: 1.3878
2025-07-14 21:19:38 - INFO - Epoch 240/600 finished. Average Training Loss: 1.3211
2025-07-14 21:19:38 - INFO - Saved checkpoint for epoch 240 to ./result/VNet_Multi_V5/Amos_90/Pth/model_epoch_240_checkpoint.pth
2025-07-14 21:19:49 - INFO - Epoch 241/600 finished. Average Training Loss: 1.2529
2025-07-14 21:19:59 - INFO - Epoch 242/600 finished. Average Training Loss: 1.4133
2025-07-14 21:20:10 - INFO - Epoch 243/600 finished. Average Training Loss: 1.3759
2025-07-14 21:20:21 - INFO - Epoch 244/600 finished. Average Training Loss: 1.2205
2025-07-14 21:20:32 - INFO - Epoch 245/600 finished. Average Training Loss: 1.3221
2025-07-14 21:20:42 - INFO - Epoch 246/600 finished. Average Training Loss: 1.3948
2025-07-14 21:20:53 - INFO - Epoch 247/600 finished. Average Training Loss: 1.3662
2025-07-14 21:21:04 - INFO - Epoch 248/600 finished. Average Training Loss: 1.2092
2025-07-14 21:21:14 - INFO - Epoch 249/600 finished. Average Training Loss: 1.3752
2025-07-14 21:21:25 - INFO - Epoch 250/600 finished. Average Training Loss: 1.3106
2025-07-14 21:21:36 - INFO - Epoch 251/600 finished. Average Training Loss: 1.3138
2025-07-14 21:21:47 - INFO - Epoch 252/600 finished. Average Training Loss: 1.3002
2025-07-14 21:21:58 - INFO - Epoch 253/600 finished. Average Training Loss: 1.2802
2025-07-14 21:22:08 - INFO - Epoch 254/600 finished. Average Training Loss: 1.3208
2025-07-14 21:22:19 - INFO - Epoch 255/600 finished. Average Training Loss: 1.2804
2025-07-14 21:22:30 - INFO - Epoch 256/600 finished. Average Training Loss: 1.2587
2025-07-14 21:22:41 - INFO - Epoch 257/600 finished. Average Training Loss: 1.2774
2025-07-14 21:22:51 - INFO - Epoch 258/600 finished. Average Training Loss: 1.2663
2025-07-14 21:23:02 - INFO - Epoch 259/600 finished. Average Training Loss: 1.2335
2025-07-14 21:23:13 - INFO - Epoch 260/600 finished. Average Training Loss: 1.2058
2025-07-14 21:23:13 - INFO - Saved checkpoint for epoch 260 to ./result/VNet_Multi_V5/Amos_90/Pth/model_epoch_260_checkpoint.pth
2025-07-14 21:23:24 - INFO - Epoch 261/600 finished. Average Training Loss: 1.3645
2025-07-14 21:23:34 - INFO - Epoch 262/600 finished. Average Training Loss: 1.2570
2025-07-14 21:23:45 - INFO - Epoch 263/600 finished. Average Training Loss: 1.1923
2025-07-14 21:23:56 - INFO - Epoch 264/600 finished. Average Training Loss: 1.1822
2025-07-14 21:24:07 - INFO - Epoch 265/600 finished. Average Training Loss: 1.1779
2025-07-14 21:24:17 - INFO - Epoch 266/600 finished. Average Training Loss: 1.1208
2025-07-14 21:24:28 - INFO - Epoch 267/600 finished. Average Training Loss: 1.0863
2025-07-14 21:24:39 - INFO - Epoch 268/600 finished. Average Training Loss: 1.2272
2025-07-14 21:24:49 - INFO - Epoch 269/600 finished. Average Training Loss: 1.2139
2025-07-14 21:25:00 - INFO - Epoch 270/600 finished. Average Training Loss: 1.2145
2025-07-14 21:25:11 - INFO - Epoch 271/600 finished. Average Training Loss: 1.2274
2025-07-14 21:25:21 - INFO - Epoch 272/600 finished. Average Training Loss: 1.2907
2025-07-14 21:25:32 - INFO - Epoch 273/600 finished. Average Training Loss: 1.1063
2025-07-14 21:25:43 - INFO - Epoch 274/600 finished. Average Training Loss: 1.1722
2025-07-14 21:25:54 - INFO - Epoch 275/600 finished. Average Training Loss: 1.1854
2025-07-14 21:26:05 - INFO - Epoch 276/600 finished. Average Training Loss: 1.1768
2025-07-14 21:26:15 - INFO - Epoch 277/600 finished. Average Training Loss: 1.2010
2025-07-14 21:26:26 - INFO - Epoch 278/600 finished. Average Training Loss: 1.1645
2025-07-14 21:26:37 - INFO - Epoch 279/600 finished. Average Training Loss: 1.0524
2025-07-14 21:26:47 - INFO - Epoch 280/600 finished. Average Training Loss: 1.1416
2025-07-14 21:26:48 - INFO - Saved checkpoint for epoch 280 to ./result/VNet_Multi_V5/Amos_90/Pth/model_epoch_280_checkpoint.pth
2025-07-14 21:26:58 - INFO - Epoch 281/600 finished. Average Training Loss: 1.1528
2025-07-14 21:27:09 - INFO - Epoch 282/600 finished. Average Training Loss: 1.1114
2025-07-14 21:27:20 - INFO - Epoch 283/600 finished. Average Training Loss: 1.2116
2025-07-14 21:27:30 - INFO - Epoch 284/600 finished. Average Training Loss: 1.0826
2025-07-14 21:27:41 - INFO - Epoch 285/600 finished. Average Training Loss: 1.2335
2025-07-14 21:27:52 - INFO - Epoch 286/600 finished. Average Training Loss: 1.1995
2025-07-14 21:28:03 - INFO - Epoch 287/600 finished. Average Training Loss: 1.0936
2025-07-14 21:28:13 - INFO - Epoch 288/600 finished. Average Training Loss: 1.0737
2025-07-14 21:28:24 - INFO - Epoch 289/600 finished. Average Training Loss: 1.1749
2025-07-14 21:28:35 - INFO - Epoch 290/600 finished. Average Training Loss: 1.1294
2025-07-14 21:28:46 - INFO - Epoch 291/600 finished. Average Training Loss: 1.0686
2025-07-14 21:28:56 - INFO - Epoch 292/600 finished. Average Training Loss: 1.0585
2025-07-14 21:29:07 - INFO - Epoch 293/600 finished. Average Training Loss: 1.0727
2025-07-14 21:29:18 - INFO - Epoch 294/600 finished. Average Training Loss: 0.9538
2025-07-14 21:29:28 - INFO - Epoch 295/600 finished. Average Training Loss: 1.0501
2025-07-14 21:29:39 - INFO - Epoch 296/600 finished. Average Training Loss: 1.0849
2025-07-14 21:29:50 - INFO - Epoch 297/600 finished. Average Training Loss: 1.1731
2025-07-14 21:30:00 - INFO - Epoch 298/600 finished. Average Training Loss: 1.1120
2025-07-14 21:30:11 - INFO - Epoch 299/600 finished. Average Training Loss: 1.1204
2025-07-14 21:30:22 - INFO - Epoch 300/600 finished. Average Training Loss: 1.1395
2025-07-14 21:30:22 - INFO - Saved checkpoint for epoch 300 to ./result/VNet_Multi_V5/Amos_90/Pth/model_epoch_300_checkpoint.pth
2025-07-14 21:30:33 - INFO - Epoch 301/600 finished. Average Training Loss: 1.0884
2025-07-14 21:30:43 - INFO - Epoch 302/600 finished. Average Training Loss: 1.1245
2025-07-14 21:30:54 - INFO - Epoch 303/600 finished. Average Training Loss: 1.1176
2025-07-14 21:31:04 - INFO - Epoch 304/600 finished. Average Training Loss: 1.0536
2025-07-14 21:31:15 - INFO - Epoch 305/600 finished. Average Training Loss: 1.0408
2025-07-14 21:31:26 - INFO - Epoch 306/600 finished. Average Training Loss: 1.1028
2025-07-14 21:31:36 - INFO - Epoch 307/600 finished. Average Training Loss: 0.9894
2025-07-14 21:31:47 - INFO - Epoch 308/600 finished. Average Training Loss: 1.0041
2025-07-14 21:31:58 - INFO - Epoch 309/600 finished. Average Training Loss: 1.0097
2025-07-14 21:32:08 - INFO - Epoch 310/600 finished. Average Training Loss: 1.0965
2025-07-14 21:32:19 - INFO - Epoch 311/600 finished. Average Training Loss: 1.0269
2025-07-14 21:32:30 - INFO - Epoch 312/600 finished. Average Training Loss: 1.0548
2025-07-14 21:32:40 - INFO - Epoch 313/600 finished. Average Training Loss: 0.9970
2025-07-14 21:32:51 - INFO - Epoch 314/600 finished. Average Training Loss: 1.0151
2025-07-14 21:33:02 - INFO - Epoch 315/600 finished. Average Training Loss: 1.0439
2025-07-14 21:33:13 - INFO - Epoch 316/600 finished. Average Training Loss: 0.9932
2025-07-14 21:33:23 - INFO - Epoch 317/600 finished. Average Training Loss: 0.9863
2025-07-14 21:33:34 - INFO - Epoch 318/600 finished. Average Training Loss: 1.0661
2025-07-14 21:33:45 - INFO - Epoch 319/600 finished. Average Training Loss: 0.9727
2025-07-14 21:33:56 - INFO - Epoch 320/600 finished. Average Training Loss: 1.1636
2025-07-14 21:33:56 - INFO - Saved checkpoint for epoch 320 to ./result/VNet_Multi_V5/Amos_90/Pth/model_epoch_320_checkpoint.pth
2025-07-14 21:34:06 - INFO - Epoch 321/600 finished. Average Training Loss: 0.9824
2025-07-14 21:34:17 - INFO - Epoch 322/600 finished. Average Training Loss: 0.9999
2025-07-14 21:34:28 - INFO - Epoch 323/600 finished. Average Training Loss: 0.9820
2025-07-14 21:34:38 - INFO - Epoch 324/600 finished. Average Training Loss: 0.9293
2025-07-14 21:34:49 - INFO - Epoch 325/600 finished. Average Training Loss: 0.9784
2025-07-14 21:35:00 - INFO - Epoch 326/600 finished. Average Training Loss: 1.0172
2025-07-14 21:35:10 - INFO - Epoch 327/600 finished. Average Training Loss: 1.0552
2025-07-14 21:35:21 - INFO - Epoch 328/600 finished. Average Training Loss: 1.0034
2025-07-14 21:35:31 - INFO - Epoch 329/600 finished. Average Training Loss: 1.0048
2025-07-14 21:35:42 - INFO - Epoch 330/600 finished. Average Training Loss: 1.0056
2025-07-14 21:35:53 - INFO - Epoch 331/600 finished. Average Training Loss: 0.8898
2025-07-14 21:36:04 - INFO - Epoch 332/600 finished. Average Training Loss: 1.0125
2025-07-14 21:36:14 - INFO - Epoch 333/600 finished. Average Training Loss: 0.9184
2025-07-14 21:36:25 - INFO - Epoch 334/600 finished. Average Training Loss: 0.8878
2025-07-14 21:36:36 - INFO - Epoch 335/600 finished. Average Training Loss: 0.9618
2025-07-14 21:36:47 - INFO - Epoch 336/600 finished. Average Training Loss: 0.8897
2025-07-14 21:36:57 - INFO - Epoch 337/600 finished. Average Training Loss: 1.0353
2025-07-14 21:37:08 - INFO - Epoch 338/600 finished. Average Training Loss: 0.8660
2025-07-14 21:37:19 - INFO - Epoch 339/600 finished. Average Training Loss: 0.8928
2025-07-14 21:37:29 - INFO - Epoch 340/600 finished. Average Training Loss: 0.9186
2025-07-14 21:37:29 - INFO - Saved checkpoint for epoch 340 to ./result/VNet_Multi_V5/Amos_90/Pth/model_epoch_340_checkpoint.pth
2025-07-14 21:37:40 - INFO - Epoch 341/600 finished. Average Training Loss: 0.8963
2025-07-14 21:37:50 - INFO - Epoch 342/600 finished. Average Training Loss: 0.9085
2025-07-14 21:38:01 - INFO - Epoch 343/600 finished. Average Training Loss: 0.9186
2025-07-14 21:38:12 - INFO - Epoch 344/600 finished. Average Training Loss: 0.9323
2025-07-14 21:38:23 - INFO - Epoch 345/600 finished. Average Training Loss: 0.9226
2025-07-14 21:38:33 - INFO - Epoch 346/600 finished. Average Training Loss: 0.8789
2025-07-14 21:38:44 - INFO - Epoch 347/600 finished. Average Training Loss: 0.9166
2025-07-14 21:38:55 - INFO - Epoch 348/600 finished. Average Training Loss: 0.8559
2025-07-14 21:39:06 - INFO - Epoch 349/600 finished. Average Training Loss: 0.8790
2025-07-14 21:39:17 - INFO - Epoch 350/600 finished. Average Training Loss: 0.8439
2025-07-14 21:39:27 - INFO - Epoch 351/600 finished. Average Training Loss: 0.8192
2025-07-14 21:39:38 - INFO - Epoch 352/600 finished. Average Training Loss: 0.8302
2025-07-14 21:39:49 - INFO - Epoch 353/600 finished. Average Training Loss: 0.8401
2025-07-14 21:40:00 - INFO - Epoch 354/600 finished. Average Training Loss: 0.8214
2025-07-14 21:40:11 - INFO - Epoch 355/600 finished. Average Training Loss: 0.9070
2025-07-14 21:40:21 - INFO - Epoch 356/600 finished. Average Training Loss: 0.8959
2025-07-14 21:40:32 - INFO - Epoch 357/600 finished. Average Training Loss: 0.7992
2025-07-14 21:40:43 - INFO - Epoch 358/600 finished. Average Training Loss: 0.8996
2025-07-14 21:40:54 - INFO - Epoch 359/600 finished. Average Training Loss: 0.8826
2025-07-14 21:41:04 - INFO - Epoch 360/600 finished. Average Training Loss: 0.7775
2025-07-14 21:41:04 - INFO - Saved checkpoint for epoch 360 to ./result/VNet_Multi_V5/Amos_90/Pth/model_epoch_360_checkpoint.pth
2025-07-14 21:41:15 - INFO - Epoch 361/600 finished. Average Training Loss: 0.8318
2025-07-14 21:41:26 - INFO - Epoch 362/600 finished. Average Training Loss: 0.8380
2025-07-14 21:41:37 - INFO - Epoch 363/600 finished. Average Training Loss: 0.9237
2025-07-14 21:41:47 - INFO - Epoch 364/600 finished. Average Training Loss: 0.8763
2025-07-14 21:41:58 - INFO - Epoch 365/600 finished. Average Training Loss: 0.8611
2025-07-14 21:42:08 - INFO - Epoch 366/600 finished. Average Training Loss: 0.8553
2025-07-14 21:42:19 - INFO - Epoch 367/600 finished. Average Training Loss: 0.8579
2025-07-14 21:42:30 - INFO - Epoch 368/600 finished. Average Training Loss: 0.7314
2025-07-14 21:42:41 - INFO - Epoch 369/600 finished. Average Training Loss: 0.8713
2025-07-14 21:42:52 - INFO - Epoch 370/600 finished. Average Training Loss: 0.7847
2025-07-14 21:43:02 - INFO - Epoch 371/600 finished. Average Training Loss: 0.6934
2025-07-14 21:43:13 - INFO - Epoch 372/600 finished. Average Training Loss: 0.9326
2025-07-14 21:43:24 - INFO - Epoch 373/600 finished. Average Training Loss: 0.7839
2025-07-14 21:43:35 - INFO - Epoch 374/600 finished. Average Training Loss: 0.7388
2025-07-14 21:43:46 - INFO - Epoch 375/600 finished. Average Training Loss: 0.8046
2025-07-14 21:43:56 - INFO - Epoch 376/600 finished. Average Training Loss: 0.7607
2025-07-14 21:44:07 - INFO - Epoch 377/600 finished. Average Training Loss: 0.7950
2025-07-14 21:44:17 - INFO - Epoch 378/600 finished. Average Training Loss: 0.7842
2025-07-14 21:44:28 - INFO - Epoch 379/600 finished. Average Training Loss: 0.7438
2025-07-14 21:44:39 - INFO - Epoch 380/600 finished. Average Training Loss: 0.8029
2025-07-14 21:44:39 - INFO - Saved checkpoint for epoch 380 to ./result/VNet_Multi_V5/Amos_90/Pth/model_epoch_380_checkpoint.pth
2025-07-14 21:44:50 - INFO - Epoch 381/600 finished. Average Training Loss: 0.8248
2025-07-14 21:45:01 - INFO - Epoch 382/600 finished. Average Training Loss: 0.7901
2025-07-14 21:45:12 - INFO - Epoch 383/600 finished. Average Training Loss: 0.8043
2025-07-14 21:45:23 - INFO - Epoch 384/600 finished. Average Training Loss: 0.7673
2025-07-14 21:45:34 - INFO - Epoch 385/600 finished. Average Training Loss: 0.8621
2025-07-14 21:45:44 - INFO - Epoch 386/600 finished. Average Training Loss: 0.7709
2025-07-14 21:45:55 - INFO - Epoch 387/600 finished. Average Training Loss: 0.8158
2025-07-14 21:46:06 - INFO - Epoch 388/600 finished. Average Training Loss: 0.6691
2025-07-14 21:46:17 - INFO - Epoch 389/600 finished. Average Training Loss: 0.7589
2025-07-14 21:46:27 - INFO - Epoch 390/600 finished. Average Training Loss: 0.8257
2025-07-14 21:46:38 - INFO - Epoch 391/600 finished. Average Training Loss: 0.6789
2025-07-14 21:46:49 - INFO - Epoch 392/600 finished. Average Training Loss: 0.6904
2025-07-14 21:46:59 - INFO - Epoch 393/600 finished. Average Training Loss: 0.6895
2025-07-14 21:47:10 - INFO - Epoch 394/600 finished. Average Training Loss: 0.7534
2025-07-14 21:47:21 - INFO - Epoch 395/600 finished. Average Training Loss: 0.7212
2025-07-14 21:47:31 - INFO - Epoch 396/600 finished. Average Training Loss: 0.7098
2025-07-14 21:47:42 - INFO - Epoch 397/600 finished. Average Training Loss: 0.7938
2025-07-14 21:47:53 - INFO - Epoch 398/600 finished. Average Training Loss: 0.8048
2025-07-14 21:48:04 - INFO - Epoch 399/600 finished. Average Training Loss: 0.7664
2025-07-14 21:48:15 - INFO - Epoch 400/600 finished. Average Training Loss: 0.6503
2025-07-14 21:48:15 - INFO - Saved checkpoint for epoch 400 to ./result/VNet_Multi_V5/Amos_90/Pth/model_epoch_400_checkpoint.pth
2025-07-14 21:48:25 - INFO - Epoch 401/600 finished. Average Training Loss: 0.6591
2025-07-14 21:48:36 - INFO - Epoch 402/600 finished. Average Training Loss: 0.6755
2025-07-14 21:48:47 - INFO - Epoch 403/600 finished. Average Training Loss: 0.6063
2025-07-14 21:48:57 - INFO - Epoch 404/600 finished. Average Training Loss: 0.6722
2025-07-14 21:49:08 - INFO - Epoch 405/600 finished. Average Training Loss: 0.7591
2025-07-14 21:49:19 - INFO - Epoch 406/600 finished. Average Training Loss: 0.7153
2025-07-14 21:49:30 - INFO - Epoch 407/600 finished. Average Training Loss: 0.6421
2025-07-14 21:49:41 - INFO - Epoch 408/600 finished. Average Training Loss: 0.7184
2025-07-14 21:49:52 - INFO - Epoch 409/600 finished. Average Training Loss: 0.6972
2025-07-14 21:50:03 - INFO - Epoch 410/600 finished. Average Training Loss: 0.7576
2025-07-14 21:50:14 - INFO - Epoch 411/600 finished. Average Training Loss: 0.7275
2025-07-14 21:50:24 - INFO - Epoch 412/600 finished. Average Training Loss: 0.9305
2025-07-14 21:50:35 - INFO - Epoch 413/600 finished. Average Training Loss: 0.6623
2025-07-14 21:50:46 - INFO - Epoch 414/600 finished. Average Training Loss: 0.6439
2025-07-14 21:50:57 - INFO - Epoch 415/600 finished. Average Training Loss: 0.5851
2025-07-14 21:51:08 - INFO - Epoch 416/600 finished. Average Training Loss: 0.6496
2025-07-14 21:51:19 - INFO - Epoch 417/600 finished. Average Training Loss: 0.6323
2025-07-14 21:51:29 - INFO - Epoch 418/600 finished. Average Training Loss: 0.6726
2025-07-14 21:51:40 - INFO - Epoch 419/600 finished. Average Training Loss: 0.6807
2025-07-14 21:51:51 - INFO - Epoch 420/600 finished. Average Training Loss: 0.6934
2025-07-14 21:51:51 - INFO - Saved checkpoint for epoch 420 to ./result/VNet_Multi_V5/Amos_90/Pth/model_epoch_420_checkpoint.pth
2025-07-14 21:52:02 - INFO - Epoch 421/600 finished. Average Training Loss: 0.5937
2025-07-14 21:52:13 - INFO - Epoch 422/600 finished. Average Training Loss: 0.6010
2025-07-14 21:52:23 - INFO - Epoch 423/600 finished. Average Training Loss: 0.5902
2025-07-14 21:52:34 - INFO - Epoch 424/600 finished. Average Training Loss: 0.6458
2025-07-14 21:52:45 - INFO - Epoch 425/600 finished. Average Training Loss: 0.6579
2025-07-14 21:52:56 - INFO - Epoch 426/600 finished. Average Training Loss: 0.5390
2025-07-14 21:53:07 - INFO - Epoch 427/600 finished. Average Training Loss: 0.6302
2025-07-14 21:53:17 - INFO - Epoch 428/600 finished. Average Training Loss: 0.5526
2025-07-14 21:53:28 - INFO - Epoch 429/600 finished. Average Training Loss: 0.6106
2025-07-14 21:53:39 - INFO - Epoch 430/600 finished. Average Training Loss: 0.5273
2025-07-14 21:53:50 - INFO - Epoch 431/600 finished. Average Training Loss: 0.5966
2025-07-14 21:54:00 - INFO - Epoch 432/600 finished. Average Training Loss: 0.6059
2025-07-14 21:54:11 - INFO - Epoch 433/600 finished. Average Training Loss: 0.6090
2025-07-14 21:54:22 - INFO - Epoch 434/600 finished. Average Training Loss: 0.6101
2025-07-14 21:54:32 - INFO - Epoch 435/600 finished. Average Training Loss: 0.6315
2025-07-14 21:54:43 - INFO - Epoch 436/600 finished. Average Training Loss: 0.5402
2025-07-14 21:54:54 - INFO - Epoch 437/600 finished. Average Training Loss: 0.6600
2025-07-14 21:55:04 - INFO - Epoch 438/600 finished. Average Training Loss: 0.5754
2025-07-14 21:55:15 - INFO - Epoch 439/600 finished. Average Training Loss: 0.6512
2025-07-14 21:55:26 - INFO - Epoch 440/600 finished. Average Training Loss: 0.5860
2025-07-14 21:55:26 - INFO - Saved checkpoint for epoch 440 to ./result/VNet_Multi_V5/Amos_90/Pth/model_epoch_440_checkpoint.pth
2025-07-14 21:55:37 - INFO - Epoch 441/600 finished. Average Training Loss: 0.6061
2025-07-14 21:55:48 - INFO - Epoch 442/600 finished. Average Training Loss: 0.5595
2025-07-14 21:55:59 - INFO - Epoch 443/600 finished. Average Training Loss: 0.6108
2025-07-14 21:56:09 - INFO - Epoch 444/600 finished. Average Training Loss: 0.6541
2025-07-14 21:56:20 - INFO - Epoch 445/600 finished. Average Training Loss: 0.4678
2025-07-14 21:56:31 - INFO - Epoch 446/600 finished. Average Training Loss: 0.6503
2025-07-14 21:56:42 - INFO - Epoch 447/600 finished. Average Training Loss: 0.5094
2025-07-14 21:56:53 - INFO - Epoch 448/600 finished. Average Training Loss: 0.5545
2025-07-14 21:57:04 - INFO - Epoch 449/600 finished. Average Training Loss: 0.5257
2025-07-14 21:57:15 - INFO - Epoch 450/600 finished. Average Training Loss: 0.5968
2025-07-14 21:57:25 - INFO - Epoch 451/600 finished. Average Training Loss: 0.5320
2025-07-14 21:57:36 - INFO - Epoch 452/600 finished. Average Training Loss: 0.6647
2025-07-14 21:57:47 - INFO - Epoch 453/600 finished. Average Training Loss: 0.6712
2025-07-14 21:57:58 - INFO - Epoch 454/600 finished. Average Training Loss: 0.6697
2025-07-14 21:58:09 - INFO - Epoch 455/600 finished. Average Training Loss: 0.6077
2025-07-14 21:58:19 - INFO - Epoch 456/600 finished. Average Training Loss: 0.5694
2025-07-14 21:58:30 - INFO - Epoch 457/600 finished. Average Training Loss: 0.5585
2025-07-14 21:58:41 - INFO - Epoch 458/600 finished. Average Training Loss: 0.5437
2025-07-14 21:58:52 - INFO - Epoch 459/600 finished. Average Training Loss: 0.6279
2025-07-14 21:59:03 - INFO - Epoch 460/600 finished. Average Training Loss: 0.4381
2025-07-14 21:59:03 - INFO - Saved checkpoint for epoch 460 to ./result/VNet_Multi_V5/Amos_90/Pth/model_epoch_460_checkpoint.pth
2025-07-14 21:59:13 - INFO - Epoch 461/600 finished. Average Training Loss: 0.5844
2025-07-14 21:59:24 - INFO - Epoch 462/600 finished. Average Training Loss: 0.6308
2025-07-14 21:59:35 - INFO - Epoch 463/600 finished. Average Training Loss: 0.5811
2025-07-14 21:59:46 - INFO - Epoch 464/600 finished. Average Training Loss: 0.5618
2025-07-14 21:59:57 - INFO - Epoch 465/600 finished. Average Training Loss: 0.5749
2025-07-14 22:00:07 - INFO - Epoch 466/600 finished. Average Training Loss: 0.4763
2025-07-14 22:00:18 - INFO - Epoch 467/600 finished. Average Training Loss: 0.5209
2025-07-14 22:00:29 - INFO - Epoch 468/600 finished. Average Training Loss: 0.5160
2025-07-14 22:00:40 - INFO - Epoch 469/600 finished. Average Training Loss: 0.5567
2025-07-14 22:00:51 - INFO - Epoch 470/600 finished. Average Training Loss: 0.4941
2025-07-14 22:01:02 - INFO - Epoch 471/600 finished. Average Training Loss: 0.5832
2025-07-14 22:01:13 - INFO - Epoch 472/600 finished. Average Training Loss: 0.5791
2025-07-14 22:01:23 - INFO - Epoch 473/600 finished. Average Training Loss: 0.5487
2025-07-14 22:01:34 - INFO - Epoch 474/600 finished. Average Training Loss: 0.5402
2025-07-14 22:01:45 - INFO - Epoch 475/600 finished. Average Training Loss: 0.4703
2025-07-14 22:01:56 - INFO - Epoch 476/600 finished. Average Training Loss: 0.4892
2025-07-14 22:02:07 - INFO - Epoch 477/600 finished. Average Training Loss: 0.5232
2025-07-14 22:02:18 - INFO - Epoch 478/600 finished. Average Training Loss: 0.4956
2025-07-14 22:02:28 - INFO - Epoch 479/600 finished. Average Training Loss: 0.5006
2025-07-14 22:02:39 - INFO - Epoch 480/600 finished. Average Training Loss: 0.5145
2025-07-14 22:02:39 - INFO - Saved checkpoint for epoch 480 to ./result/VNet_Multi_V5/Amos_90/Pth/model_epoch_480_checkpoint.pth
2025-07-14 22:02:50 - INFO - Epoch 481/600 finished. Average Training Loss: 0.4576
2025-07-14 22:03:01 - INFO - Epoch 482/600 finished. Average Training Loss: 0.5429
2025-07-14 22:03:12 - INFO - Epoch 483/600 finished. Average Training Loss: 0.5017
2025-07-14 22:03:23 - INFO - Epoch 484/600 finished. Average Training Loss: 0.4843
2025-07-14 22:03:33 - INFO - Epoch 485/600 finished. Average Training Loss: 0.4510
2025-07-14 22:03:44 - INFO - Epoch 486/600 finished. Average Training Loss: 0.5079
2025-07-14 22:03:55 - INFO - Epoch 487/600 finished. Average Training Loss: 0.4209
2025-07-14 22:04:06 - INFO - Epoch 488/600 finished. Average Training Loss: 0.4243
2025-07-14 22:04:16 - INFO - Epoch 489/600 finished. Average Training Loss: 0.4037
2025-07-14 22:04:27 - INFO - Epoch 490/600 finished. Average Training Loss: 0.5547
2025-07-14 22:04:38 - INFO - Epoch 491/600 finished. Average Training Loss: 0.5050
2025-07-14 22:04:48 - INFO - Epoch 492/600 finished. Average Training Loss: 0.4569
2025-07-14 22:04:59 - INFO - Epoch 493/600 finished. Average Training Loss: 0.3987
2025-07-14 22:05:10 - INFO - Epoch 494/600 finished. Average Training Loss: 0.4772
2025-07-14 22:05:21 - INFO - Epoch 495/600 finished. Average Training Loss: 0.4055
2025-07-14 22:05:31 - INFO - Epoch 496/600 finished. Average Training Loss: 0.5605
2025-07-14 22:05:42 - INFO - Epoch 497/600 finished. Average Training Loss: 0.3993
2025-07-14 22:05:53 - INFO - Epoch 498/600 finished. Average Training Loss: 0.4691
2025-07-14 22:06:04 - INFO - Epoch 499/600 finished. Average Training Loss: 0.4866
2025-07-14 22:06:15 - INFO - Epoch 500/600 finished. Average Training Loss: 0.3947
2025-07-14 22:06:15 - INFO - Saved checkpoint for epoch 500 to ./result/VNet_Multi_V5/Amos_90/Pth/model_epoch_500_checkpoint.pth
2025-07-14 22:06:25 - INFO - Epoch 501/600 finished. Average Training Loss: 0.4299
2025-07-14 22:06:36 - INFO - Epoch 502/600 finished. Average Training Loss: 0.4304
2025-07-14 22:06:47 - INFO - Epoch 503/600 finished. Average Training Loss: 0.4466
2025-07-14 22:06:57 - INFO - Epoch 504/600 finished. Average Training Loss: 0.4777
2025-07-14 22:07:08 - INFO - Epoch 505/600 finished. Average Training Loss: 0.5231
2025-07-14 22:07:19 - INFO - Epoch 506/600 finished. Average Training Loss: 0.4452
2025-07-14 22:07:30 - INFO - Epoch 507/600 finished. Average Training Loss: 0.4581
2025-07-14 22:07:41 - INFO - Epoch 508/600 finished. Average Training Loss: 0.5076
2025-07-14 22:07:51 - INFO - Epoch 509/600 finished. Average Training Loss: 0.5353
2025-07-14 22:08:02 - INFO - Epoch 510/600 finished. Average Training Loss: 0.3976
2025-07-14 22:08:13 - INFO - Epoch 511/600 finished. Average Training Loss: 0.4868
2025-07-14 22:08:24 - INFO - Epoch 512/600 finished. Average Training Loss: 0.4628
2025-07-14 22:08:34 - INFO - Epoch 513/600 finished. Average Training Loss: 0.3247
2025-07-14 22:08:45 - INFO - Epoch 514/600 finished. Average Training Loss: 0.4447
2025-07-14 22:08:56 - INFO - Epoch 515/600 finished. Average Training Loss: 0.3991
2025-07-14 22:09:07 - INFO - Epoch 516/600 finished. Average Training Loss: 0.4361
2025-07-14 22:09:18 - INFO - Epoch 517/600 finished. Average Training Loss: 0.3707
2025-07-14 22:09:28 - INFO - Epoch 518/600 finished. Average Training Loss: 0.4390
2025-07-14 22:09:39 - INFO - Epoch 519/600 finished. Average Training Loss: 0.4354
2025-07-14 22:09:50 - INFO - Epoch 520/600 finished. Average Training Loss: 0.4684
2025-07-14 22:09:50 - INFO - Saved checkpoint for epoch 520 to ./result/VNet_Multi_V5/Amos_90/Pth/model_epoch_520_checkpoint.pth
2025-07-14 22:10:00 - INFO - Epoch 521/600 finished. Average Training Loss: 0.4337
2025-07-14 22:10:11 - INFO - Epoch 522/600 finished. Average Training Loss: 0.4641
2025-07-14 22:10:22 - INFO - Epoch 523/600 finished. Average Training Loss: 0.3786
2025-07-14 22:10:33 - INFO - Epoch 524/600 finished. Average Training Loss: 0.3723
2025-07-14 22:10:43 - INFO - Epoch 525/600 finished. Average Training Loss: 0.3991
2025-07-14 22:10:54 - INFO - Epoch 526/600 finished. Average Training Loss: 0.4077
2025-07-14 22:11:05 - INFO - Epoch 527/600 finished. Average Training Loss: 0.3548
2025-07-14 22:11:15 - INFO - Epoch 528/600 finished. Average Training Loss: 0.3777
2025-07-14 22:11:26 - INFO - Epoch 529/600 finished. Average Training Loss: 0.3898
2025-07-14 22:11:37 - INFO - Epoch 530/600 finished. Average Training Loss: 0.3366
2025-07-14 22:11:47 - INFO - Epoch 531/600 finished. Average Training Loss: 0.4575
2025-07-14 22:11:58 - INFO - Epoch 532/600 finished. Average Training Loss: 0.3341
2025-07-14 22:12:09 - INFO - Epoch 533/600 finished. Average Training Loss: 0.3771
2025-07-14 22:12:20 - INFO - Epoch 534/600 finished. Average Training Loss: 0.4349
2025-07-14 22:12:31 - INFO - Epoch 535/600 finished. Average Training Loss: 0.3352
2025-07-14 22:12:42 - INFO - Epoch 536/600 finished. Average Training Loss: 0.3638
2025-07-14 22:12:53 - INFO - Epoch 537/600 finished. Average Training Loss: 0.3845
2025-07-14 22:13:03 - INFO - Epoch 538/600 finished. Average Training Loss: 0.3405
2025-07-14 22:13:14 - INFO - Epoch 539/600 finished. Average Training Loss: 0.3614
2025-07-14 22:13:25 - INFO - Epoch 540/600 finished. Average Training Loss: 0.3787
2025-07-14 22:13:25 - INFO - Saved checkpoint for epoch 540 to ./result/VNet_Multi_V5/Amos_90/Pth/model_epoch_540_checkpoint.pth
2025-07-14 22:13:36 - INFO - Epoch 541/600 finished. Average Training Loss: 0.4564
2025-07-14 22:13:47 - INFO - Epoch 542/600 finished. Average Training Loss: 0.4128
2025-07-14 22:13:58 - INFO - Epoch 543/600 finished. Average Training Loss: 0.2541
2025-07-14 22:14:08 - INFO - Epoch 544/600 finished. Average Training Loss: 0.4069
2025-07-14 22:14:19 - INFO - Epoch 545/600 finished. Average Training Loss: 0.3906
2025-07-14 22:14:30 - INFO - Epoch 546/600 finished. Average Training Loss: 0.4637
2025-07-14 22:14:41 - INFO - Epoch 547/600 finished. Average Training Loss: 0.2784
2025-07-14 22:14:52 - INFO - Epoch 548/600 finished. Average Training Loss: 0.3469
2025-07-14 22:15:02 - INFO - Epoch 549/600 finished. Average Training Loss: 0.2489
2025-07-14 22:15:13 - INFO - Epoch 550/600 finished. Average Training Loss: 0.3386
2025-07-14 22:15:24 - INFO - Epoch 551/600 finished. Average Training Loss: 0.3677
2025-07-14 22:15:34 - INFO - Epoch 552/600 finished. Average Training Loss: 0.4145
2025-07-14 22:15:45 - INFO - Epoch 553/600 finished. Average Training Loss: 0.3927
2025-07-14 22:15:56 - INFO - Epoch 554/600 finished. Average Training Loss: 0.2875
2025-07-14 22:16:06 - INFO - Epoch 555/600 finished. Average Training Loss: 0.3634
2025-07-14 22:16:17 - INFO - Epoch 556/600 finished. Average Training Loss: 0.4519
2025-07-14 22:16:28 - INFO - Epoch 557/600 finished. Average Training Loss: 0.3699
2025-07-14 22:16:38 - INFO - Epoch 558/600 finished. Average Training Loss: 0.3408
2025-07-14 22:16:49 - INFO - Epoch 559/600 finished. Average Training Loss: 0.3670
2025-07-14 22:17:00 - INFO - Epoch 560/600 finished. Average Training Loss: 0.3879
2025-07-14 22:17:00 - INFO - Saved checkpoint for epoch 560 to ./result/VNet_Multi_V5/Amos_90/Pth/model_epoch_560_checkpoint.pth
2025-07-14 22:17:11 - INFO - Epoch 561/600 finished. Average Training Loss: 0.3736
2025-07-14 22:17:21 - INFO - Epoch 562/600 finished. Average Training Loss: 0.3378
2025-07-14 22:17:32 - INFO - Epoch 563/600 finished. Average Training Loss: 0.3787
2025-07-14 22:17:43 - INFO - Epoch 564/600 finished. Average Training Loss: 0.3128
2025-07-14 22:17:54 - INFO - Epoch 565/600 finished. Average Training Loss: 0.4100
2025-07-14 22:18:05 - INFO - Epoch 566/600 finished. Average Training Loss: 0.2840
2025-07-14 22:18:16 - INFO - Epoch 567/600 finished. Average Training Loss: 0.4415
2025-07-14 22:18:27 - INFO - Epoch 568/600 finished. Average Training Loss: 0.2826
2025-07-14 22:18:38 - INFO - Epoch 569/600 finished. Average Training Loss: 0.3466
2025-07-14 22:18:48 - INFO - Epoch 570/600 finished. Average Training Loss: 0.3131
2025-07-14 22:18:59 - INFO - Epoch 571/600 finished. Average Training Loss: 0.4000
2025-07-14 22:19:10 - INFO - Epoch 572/600 finished. Average Training Loss: 0.3327
2025-07-14 22:19:20 - INFO - Epoch 573/600 finished. Average Training Loss: 0.2557
2025-07-14 22:19:31 - INFO - Epoch 574/600 finished. Average Training Loss: 0.3814
2025-07-14 22:19:42 - INFO - Epoch 575/600 finished. Average Training Loss: 0.3939
2025-07-14 22:19:52 - INFO - Epoch 576/600 finished. Average Training Loss: 0.2648
2025-07-14 22:20:03 - INFO - Epoch 577/600 finished. Average Training Loss: 0.3574
2025-07-14 22:20:14 - INFO - Epoch 578/600 finished. Average Training Loss: 0.3904
2025-07-14 22:20:25 - INFO - Epoch 579/600 finished. Average Training Loss: 0.3604
2025-07-14 22:20:36 - INFO - Epoch 580/600 finished. Average Training Loss: 0.2716
2025-07-14 22:20:36 - INFO - Saved checkpoint for epoch 580 to ./result/VNet_Multi_V5/Amos_90/Pth/model_epoch_580_checkpoint.pth
2025-07-14 22:20:46 - INFO - Epoch 581/600 finished. Average Training Loss: 0.3260
2025-07-14 22:20:57 - INFO - Epoch 582/600 finished. Average Training Loss: 0.3447
2025-07-14 22:21:08 - INFO - Epoch 583/600 finished. Average Training Loss: 0.2969
2025-07-14 22:21:19 - INFO - Epoch 584/600 finished. Average Training Loss: 0.3444
2025-07-14 22:21:30 - INFO - Epoch 585/600 finished. Average Training Loss: 0.3166
2025-07-14 22:21:41 - INFO - Epoch 586/600 finished. Average Training Loss: 0.2965
2025-07-14 22:21:51 - INFO - Epoch 587/600 finished. Average Training Loss: 0.3218
2025-07-14 22:22:02 - INFO - Epoch 588/600 finished. Average Training Loss: 0.3186
2025-07-14 22:22:13 - INFO - Epoch 589/600 finished. Average Training Loss: 0.2663
2025-07-14 22:22:24 - INFO - Epoch 590/600 finished. Average Training Loss: 0.1822
2025-07-14 22:22:35 - INFO - Epoch 591/600 finished. Average Training Loss: 0.2509
2025-07-14 22:22:45 - INFO - Epoch 592/600 finished. Average Training Loss: 0.2996
2025-07-14 22:22:56 - INFO - Epoch 593/600 finished. Average Training Loss: 0.2667
2025-07-14 22:23:07 - INFO - Epoch 594/600 finished. Average Training Loss: 0.2700
2025-07-14 22:23:17 - INFO - Epoch 595/600 finished. Average Training Loss: 0.3754
2025-07-14 22:23:28 - INFO - Epoch 596/600 finished. Average Training Loss: 0.3784
2025-07-14 22:23:39 - INFO - Epoch 597/600 finished. Average Training Loss: 0.3458
2025-07-14 22:23:50 - INFO - Epoch 598/600 finished. Average Training Loss: 0.2548
2025-07-14 22:24:00 - INFO - Epoch 599/600 finished. Average Training Loss: 0.2179
2025-07-14 22:24:11 - INFO - Epoch 600/600 finished. Average Training Loss: 0.1941
2025-07-14 22:24:11 - INFO - Saved checkpoint for epoch 600 to ./result/VNet_Multi_V5/Amos_90/Pth/model_epoch_600_checkpoint.pth
2025-07-14 22:24:11 - INFO - Training complete! Total duration: 1h 50m 37s
2025-07-14 22:24:11 - INFO - ======================================== Training Session Ended ========================================

