2025-06-18 16:56:32 - INFO - Logging is set up.
2025-06-18 16:56:32 - INFO - 训练配置参数:
{'seed': 42, 'epochs': 1000, 'batch_size': 5, 'num_classes': 2, 'learning_rate': 0.001, 'dataset_path': './datasets/LA', 'log_path': './result/SAM3D_VNet_SSL/LA_16_SemiSupervised_V14_2/Training.log', 'pth_path': './result/SAM3D_VNet_SSL/LA_16_SemiSupervised_V14_2/Pth', 'tensorboard_path': './result/SAM3D_VNet_SSL/LA_16_SemiSupervised_V14_2/Train', 'continue_train': False, 'multi_gpu': True, 'training_label_num': 16, 'training_unlabel_num': 64, 'label_bs': 1, 'unlabel_bs': 4, 'consistency_weight': 0.3, 'pretrained_weights': None}
2025-06-18 16:56:33 - INFO - 使用 2 个GPU
2025-06-18 16:56:33 - INFO - 模型总参数: 88,863,607
2025-06-18 16:56:33 - INFO - 可训练参数: 88,863,607
2025-06-18 16:56:59 - INFO - Epoch 1/1000, Loss: 0.9141, Dice: 0.9032, MSE: 0.0364
2025-06-18 16:57:22 - INFO - Epoch 2/1000, Loss: 0.8774, Dice: 0.8644, MSE: 0.0433
2025-06-18 16:57:45 - INFO - Epoch 3/1000, Loss: 0.7085, Dice: 0.6969, MSE: 0.0385
2025-06-18 16:58:08 - INFO - Epoch 4/1000, Loss: 0.7215, Dice: 0.7085, MSE: 0.0435
2025-06-18 16:58:32 - INFO - Epoch 5/1000, Loss: 0.6482, Dice: 0.6353, MSE: 0.0432
2025-06-18 16:58:55 - INFO - Epoch 6/1000, Loss: 0.5749, Dice: 0.5615, MSE: 0.0444
2025-06-18 16:59:18 - INFO - Epoch 7/1000, Loss: 0.5742, Dice: 0.5581, MSE: 0.0536
2025-06-18 16:59:42 - INFO - Epoch 8/1000, Loss: 0.5607, Dice: 0.5458, MSE: 0.0496
2025-06-18 17:00:05 - INFO - Epoch 9/1000, Loss: 0.5495, Dice: 0.5330, MSE: 0.0551
2025-06-18 17:00:28 - INFO - Epoch 10/1000, Loss: 0.5665, Dice: 0.5506, MSE: 0.0527
2025-06-18 17:00:52 - INFO - Epoch 11/1000, Loss: 0.5499, Dice: 0.5350, MSE: 0.0498
2025-06-18 17:01:15 - INFO - Epoch 12/1000, Loss: 0.5115, Dice: 0.4948, MSE: 0.0557
2025-06-18 17:01:38 - INFO - Epoch 13/1000, Loss: 0.5526, Dice: 0.5376, MSE: 0.0499
2025-06-18 17:02:02 - INFO - Epoch 14/1000, Loss: 0.5559, Dice: 0.5409, MSE: 0.0501
2025-06-18 17:02:25 - INFO - Epoch 15/1000, Loss: 0.5169, Dice: 0.5009, MSE: 0.0536
2025-06-18 17:02:48 - INFO - Epoch 16/1000, Loss: 0.5424, Dice: 0.5266, MSE: 0.0528
2025-06-18 17:03:12 - INFO - Epoch 17/1000, Loss: 0.4423, Dice: 0.4242, MSE: 0.0602
2025-06-18 17:03:35 - INFO - Epoch 18/1000, Loss: 0.4631, Dice: 0.4464, MSE: 0.0557
2025-06-18 17:03:59 - INFO - Epoch 19/1000, Loss: 0.4526, Dice: 0.4352, MSE: 0.0581
2025-06-18 17:04:22 - INFO - Epoch 20/1000, Loss: 0.4313, Dice: 0.4143, MSE: 0.0569
2025-06-18 17:04:23 - INFO - 模型已保存至: epoch_20.pth
2025-06-18 17:04:47 - INFO - Epoch 21/1000, Loss: 0.5054, Dice: 0.4878, MSE: 0.0585
2025-06-18 17:05:10 - INFO - Epoch 22/1000, Loss: 0.4588, Dice: 0.4403, MSE: 0.0616
2025-06-18 17:05:34 - INFO - Epoch 23/1000, Loss: 0.4278, Dice: 0.4098, MSE: 0.0600
2025-06-18 17:05:57 - INFO - Epoch 24/1000, Loss: 0.4056, Dice: 0.3875, MSE: 0.0605
2025-06-18 17:06:21 - INFO - Epoch 25/1000, Loss: 0.3806, Dice: 0.3610, MSE: 0.0652
2025-06-18 17:06:44 - INFO - Epoch 26/1000, Loss: 0.4162, Dice: 0.3981, MSE: 0.0603
2025-06-18 17:07:07 - INFO - Epoch 27/1000, Loss: 0.4089, Dice: 0.3857, MSE: 0.0773
2025-06-18 17:07:31 - INFO - Epoch 28/1000, Loss: 0.4317, Dice: 0.4104, MSE: 0.0709
2025-06-18 17:07:54 - INFO - Epoch 29/1000, Loss: 0.4388, Dice: 0.4184, MSE: 0.0679
2025-06-18 17:08:17 - INFO - Epoch 30/1000, Loss: 0.4362, Dice: 0.4193, MSE: 0.0562
2025-06-18 17:08:41 - INFO - Epoch 31/1000, Loss: 0.3465, Dice: 0.3264, MSE: 0.0670
2025-06-18 17:09:04 - INFO - Epoch 32/1000, Loss: 0.4103, Dice: 0.3897, MSE: 0.0686
2025-06-18 17:09:28 - INFO - Epoch 33/1000, Loss: 0.4079, Dice: 0.3882, MSE: 0.0656
2025-06-18 17:09:51 - INFO - Epoch 34/1000, Loss: 0.4009, Dice: 0.3828, MSE: 0.0603
2025-06-18 17:10:14 - INFO - Epoch 35/1000, Loss: 0.3482, Dice: 0.3269, MSE: 0.0707
2025-06-18 17:10:38 - INFO - Epoch 36/1000, Loss: 0.3808, Dice: 0.3608, MSE: 0.0664
2025-06-18 17:11:01 - INFO - Epoch 37/1000, Loss: 0.3443, Dice: 0.3237, MSE: 0.0685
2025-06-18 17:11:25 - INFO - Epoch 38/1000, Loss: 0.3389, Dice: 0.3179, MSE: 0.0698
2025-06-18 17:11:48 - INFO - Epoch 39/1000, Loss: 0.3735, Dice: 0.3528, MSE: 0.0692
2025-06-18 17:12:11 - INFO - Epoch 40/1000, Loss: 0.3516, Dice: 0.3320, MSE: 0.0654
2025-06-18 17:12:13 - INFO - 模型已保存至: epoch_40.pth
2025-06-18 17:12:36 - INFO - Epoch 41/1000, Loss: 0.4000, Dice: 0.3808, MSE: 0.0640
2025-06-18 17:12:59 - INFO - Epoch 42/1000, Loss: 0.3326, Dice: 0.3132, MSE: 0.0648
2025-06-18 17:13:23 - INFO - Epoch 43/1000, Loss: 0.3380, Dice: 0.3181, MSE: 0.0663
2025-06-18 17:13:46 - INFO - Epoch 44/1000, Loss: 0.3894, Dice: 0.3683, MSE: 0.0702
2025-06-18 17:14:09 - INFO - Epoch 45/1000, Loss: 0.3653, Dice: 0.3442, MSE: 0.0704
2025-06-18 17:14:33 - INFO - Epoch 46/1000, Loss: 0.3354, Dice: 0.3152, MSE: 0.0671
2025-06-18 17:14:56 - INFO - Epoch 47/1000, Loss: 0.3585, Dice: 0.3398, MSE: 0.0625
2025-06-18 17:15:19 - INFO - Epoch 48/1000, Loss: 0.3395, Dice: 0.3198, MSE: 0.0657
2025-06-18 17:15:43 - INFO - Epoch 49/1000, Loss: 0.3228, Dice: 0.3036, MSE: 0.0639
2025-06-18 17:16:06 - INFO - Epoch 50/1000, Loss: 0.2999, Dice: 0.2792, MSE: 0.0690
2025-06-18 17:16:30 - INFO - Epoch 51/1000, Loss: 0.2942, Dice: 0.2751, MSE: 0.0636
2025-06-18 17:16:53 - INFO - Epoch 52/1000, Loss: 0.3181, Dice: 0.2964, MSE: 0.0721
2025-06-18 17:17:16 - INFO - Epoch 53/1000, Loss: 0.3628, Dice: 0.3313, MSE: 0.1052
2025-06-18 17:17:40 - INFO - Epoch 54/1000, Loss: 0.4635, Dice: 0.4366, MSE: 0.0896
2025-06-18 17:18:03 - INFO - Epoch 55/1000, Loss: 0.3716, Dice: 0.3441, MSE: 0.0918
2025-06-18 17:18:26 - INFO - Epoch 56/1000, Loss: 0.3415, Dice: 0.3115, MSE: 0.1000
2025-06-18 17:18:50 - INFO - Epoch 57/1000, Loss: 0.3406, Dice: 0.3127, MSE: 0.0932
2025-06-18 17:19:13 - INFO - Epoch 58/1000, Loss: 0.3112, Dice: 0.2837, MSE: 0.0915
2025-06-18 17:19:37 - INFO - Epoch 59/1000, Loss: 0.2588, Dice: 0.2311, MSE: 0.0925
2025-06-18 17:20:00 - INFO - Epoch 60/1000, Loss: 0.2743, Dice: 0.2440, MSE: 0.1010
2025-06-18 17:20:01 - INFO - 模型已保存至: epoch_60.pth
2025-06-18 17:20:24 - INFO - Epoch 61/1000, Loss: 0.3578, Dice: 0.3279, MSE: 0.0994
2025-06-18 17:20:48 - INFO - Epoch 62/1000, Loss: 0.3151, Dice: 0.2852, MSE: 0.0997
2025-06-18 17:21:11 - INFO - Epoch 63/1000, Loss: 0.2941, Dice: 0.2640, MSE: 0.1005
2025-06-18 17:21:34 - INFO - Epoch 64/1000, Loss: 0.2963, Dice: 0.2636, MSE: 0.1087
2025-06-18 17:21:57 - INFO - Epoch 65/1000, Loss: 0.3220, Dice: 0.2928, MSE: 0.0975
2025-06-18 17:22:21 - INFO - Epoch 66/1000, Loss: 0.2478, Dice: 0.2166, MSE: 0.1041
2025-06-18 17:22:44 - INFO - Epoch 67/1000, Loss: 0.3207, Dice: 0.2905, MSE: 0.1007
2025-06-18 17:23:07 - INFO - Epoch 68/1000, Loss: 0.2961, Dice: 0.2672, MSE: 0.0965
2025-06-18 17:23:31 - INFO - Epoch 69/1000, Loss: 0.2919, Dice: 0.2616, MSE: 0.1011
2025-06-18 17:23:54 - INFO - Epoch 70/1000, Loss: 0.3389, Dice: 0.3094, MSE: 0.0986
2025-06-18 17:24:17 - INFO - Epoch 71/1000, Loss: 0.3181, Dice: 0.2882, MSE: 0.0997
2025-06-18 17:24:41 - INFO - Epoch 72/1000, Loss: 0.2270, Dice: 0.2009, MSE: 0.0869
2025-06-18 17:25:04 - INFO - Epoch 73/1000, Loss: 0.2069, Dice: 0.1860, MSE: 0.0697
2025-06-18 17:25:27 - INFO - Epoch 74/1000, Loss: 0.2474, Dice: 0.2272, MSE: 0.0674
2025-06-18 17:25:50 - INFO - Epoch 75/1000, Loss: 0.2873, Dice: 0.2662, MSE: 0.0704
2025-06-18 17:26:14 - INFO - Epoch 76/1000, Loss: 0.2585, Dice: 0.2410, MSE: 0.0584
2025-06-18 17:26:37 - INFO - Epoch 77/1000, Loss: 0.2293, Dice: 0.2094, MSE: 0.0663
2025-06-18 17:27:00 - INFO - Epoch 78/1000, Loss: 0.2652, Dice: 0.2459, MSE: 0.0646
2025-06-18 17:27:24 - INFO - Epoch 79/1000, Loss: 0.2539, Dice: 0.2373, MSE: 0.0553
2025-06-18 17:27:47 - INFO - Epoch 80/1000, Loss: 0.2530, Dice: 0.2359, MSE: 0.0571
2025-06-18 17:27:48 - INFO - 模型已保存至: epoch_80.pth
2025-06-18 17:28:11 - INFO - Epoch 81/1000, Loss: 0.2619, Dice: 0.2443, MSE: 0.0586
2025-06-18 17:28:35 - INFO - Epoch 82/1000, Loss: 0.2865, Dice: 0.2679, MSE: 0.0620
2025-06-18 17:28:58 - INFO - Epoch 83/1000, Loss: 0.2248, Dice: 0.2071, MSE: 0.0591
2025-06-18 17:29:21 - INFO - Epoch 84/1000, Loss: 0.2392, Dice: 0.2218, MSE: 0.0582
2025-06-18 17:29:45 - INFO - Epoch 85/1000, Loss: 0.3055, Dice: 0.2876, MSE: 0.0595
2025-06-18 17:30:08 - INFO - Epoch 86/1000, Loss: 0.3009, Dice: 0.2854, MSE: 0.0516
2025-06-18 17:30:31 - INFO - Epoch 87/1000, Loss: 0.2968, Dice: 0.2804, MSE: 0.0545
2025-06-18 17:30:55 - INFO - Epoch 88/1000, Loss: 0.2623, Dice: 0.2455, MSE: 0.0561
2025-06-18 17:31:18 - INFO - Epoch 89/1000, Loss: 0.2080, Dice: 0.1915, MSE: 0.0549
2025-06-18 17:31:41 - INFO - Epoch 90/1000, Loss: 0.2242, Dice: 0.2071, MSE: 0.0572
2025-06-18 17:32:04 - INFO - Epoch 91/1000, Loss: 0.2099, Dice: 0.1929, MSE: 0.0566
2025-06-18 17:32:28 - INFO - Epoch 92/1000, Loss: 0.2837, Dice: 0.2663, MSE: 0.0581
2025-06-18 17:32:51 - INFO - Epoch 93/1000, Loss: 0.2546, Dice: 0.2365, MSE: 0.0605
2025-06-18 17:33:14 - INFO - Epoch 94/1000, Loss: 0.2074, Dice: 0.1904, MSE: 0.0569
2025-06-18 17:33:38 - INFO - Epoch 95/1000, Loss: 0.2377, Dice: 0.2202, MSE: 0.0585
2025-06-18 17:34:01 - INFO - Epoch 96/1000, Loss: 0.2686, Dice: 0.2498, MSE: 0.0628
2025-06-18 17:34:24 - INFO - Epoch 97/1000, Loss: 0.2463, Dice: 0.2305, MSE: 0.0527
2025-06-18 17:34:47 - INFO - Epoch 98/1000, Loss: 0.2757, Dice: 0.2597, MSE: 0.0532
2025-06-18 17:35:10 - INFO - Epoch 99/1000, Loss: 0.2678, Dice: 0.2506, MSE: 0.0574
2025-06-18 17:35:34 - INFO - Epoch 100/1000, Loss: 0.2556, Dice: 0.2387, MSE: 0.0564
2025-06-18 17:35:35 - INFO - 模型已保存至: epoch_100.pth
2025-06-18 17:35:58 - INFO - Epoch 101/1000, Loss: 0.2296, Dice: 0.2125, MSE: 0.0570
2025-06-18 17:36:22 - INFO - Epoch 102/1000, Loss: 0.2179, Dice: 0.2022, MSE: 0.0524
2025-06-18 17:36:45 - INFO - Epoch 103/1000, Loss: 0.2195, Dice: 0.2026, MSE: 0.0563
2025-06-18 17:37:08 - INFO - Epoch 104/1000, Loss: 0.2019, Dice: 0.1851, MSE: 0.0562
2025-06-18 17:37:31 - INFO - Epoch 105/1000, Loss: 0.2187, Dice: 0.2019, MSE: 0.0561
2025-06-18 17:37:55 - INFO - Epoch 106/1000, Loss: 0.1927, Dice: 0.1760, MSE: 0.0555
2025-06-18 17:38:18 - INFO - Epoch 107/1000, Loss: 0.2186, Dice: 0.2012, MSE: 0.0580
2025-06-18 17:38:41 - INFO - Epoch 108/1000, Loss: 0.1969, Dice: 0.1806, MSE: 0.0545
2025-06-18 17:39:04 - INFO - Epoch 109/1000, Loss: 0.2324, Dice: 0.2150, MSE: 0.0580
2025-06-18 17:39:27 - INFO - Epoch 110/1000, Loss: 0.2171, Dice: 0.2009, MSE: 0.0539
2025-06-18 17:39:51 - INFO - Epoch 111/1000, Loss: 0.1983, Dice: 0.1799, MSE: 0.0615
2025-06-18 17:40:14 - INFO - Epoch 112/1000, Loss: 0.2003, Dice: 0.1824, MSE: 0.0596
2025-06-18 17:40:37 - INFO - Epoch 113/1000, Loss: 0.2614, Dice: 0.2442, MSE: 0.0577
2025-06-18 17:41:00 - INFO - Epoch 114/1000, Loss: 0.3068, Dice: 0.2914, MSE: 0.0516
2025-06-18 17:41:24 - INFO - Epoch 115/1000, Loss: 0.2952, Dice: 0.2817, MSE: 0.0448
2025-06-18 17:41:47 - INFO - Epoch 116/1000, Loss: 0.2485, Dice: 0.2339, MSE: 0.0489
2025-06-18 17:42:10 - INFO - Epoch 117/1000, Loss: 0.2356, Dice: 0.2187, MSE: 0.0564
2025-06-18 17:42:33 - INFO - Epoch 118/1000, Loss: 0.2589, Dice: 0.2412, MSE: 0.0591
2025-06-18 17:42:56 - INFO - Epoch 119/1000, Loss: 0.1963, Dice: 0.1798, MSE: 0.0552
2025-06-18 17:43:20 - INFO - Epoch 120/1000, Loss: 0.2401, Dice: 0.2226, MSE: 0.0584
2025-06-18 17:43:21 - INFO - 模型已保存至: epoch_120.pth
2025-06-18 17:43:44 - INFO - Epoch 121/1000, Loss: 0.2150, Dice: 0.1999, MSE: 0.0505
2025-06-18 17:44:07 - INFO - Epoch 122/1000, Loss: 0.2392, Dice: 0.2223, MSE: 0.0563
2025-06-18 17:44:30 - INFO - Epoch 123/1000, Loss: 0.2762, Dice: 0.2562, MSE: 0.0669
2025-06-18 17:44:54 - INFO - Epoch 124/1000, Loss: 0.2745, Dice: 0.2580, MSE: 0.0552
2025-06-18 17:45:17 - INFO - Epoch 125/1000, Loss: 0.2719, Dice: 0.2564, MSE: 0.0518
2025-06-18 17:45:40 - INFO - Epoch 126/1000, Loss: 0.2015, Dice: 0.1846, MSE: 0.0563
2025-06-18 17:46:03 - INFO - Epoch 127/1000, Loss: 0.2113, Dice: 0.1960, MSE: 0.0510
2025-06-18 17:46:26 - INFO - Epoch 128/1000, Loss: 0.1890, Dice: 0.1721, MSE: 0.0566
2025-06-18 17:46:50 - INFO - Epoch 129/1000, Loss: 0.2165, Dice: 0.2008, MSE: 0.0523
2025-06-18 17:47:13 - INFO - Epoch 130/1000, Loss: 0.2143, Dice: 0.1993, MSE: 0.0500
2025-06-18 17:47:36 - INFO - Epoch 131/1000, Loss: 0.2710, Dice: 0.2489, MSE: 0.0737
2025-06-18 17:47:59 - INFO - Epoch 132/1000, Loss: 0.3000, Dice: 0.2833, MSE: 0.0557
2025-06-18 17:48:23 - INFO - Epoch 133/1000, Loss: 0.2831, Dice: 0.2693, MSE: 0.0460
2025-06-18 17:48:46 - INFO - Epoch 134/1000, Loss: 0.2291, Dice: 0.2127, MSE: 0.0547
2025-06-18 17:49:09 - INFO - Epoch 135/1000, Loss: 0.2171, Dice: 0.2011, MSE: 0.0533
2025-06-18 17:49:32 - INFO - Epoch 136/1000, Loss: 0.2190, Dice: 0.2001, MSE: 0.0629
2025-06-18 17:49:56 - INFO - Epoch 137/1000, Loss: 0.1999, Dice: 0.1822, MSE: 0.0591
2025-06-18 17:50:19 - INFO - Epoch 138/1000, Loss: 0.1936, Dice: 0.1760, MSE: 0.0587
2025-06-18 17:50:42 - INFO - Epoch 139/1000, Loss: 0.1961, Dice: 0.1782, MSE: 0.0599
2025-06-18 17:51:05 - INFO - Epoch 140/1000, Loss: 0.1859, Dice: 0.1681, MSE: 0.0595
2025-06-18 17:51:07 - INFO - 模型已保存至: epoch_140.pth
2025-06-18 17:51:30 - INFO - Epoch 141/1000, Loss: 0.2266, Dice: 0.2003, MSE: 0.0878
2025-06-18 17:51:53 - INFO - Epoch 142/1000, Loss: 0.2693, Dice: 0.2478, MSE: 0.0716
2025-06-18 17:52:16 - INFO - Epoch 143/1000, Loss: 0.2009, Dice: 0.1856, MSE: 0.0508
2025-06-18 17:52:39 - INFO - Epoch 144/1000, Loss: 0.2149, Dice: 0.1988, MSE: 0.0535
2025-06-18 17:53:02 - INFO - Epoch 145/1000, Loss: 0.1779, Dice: 0.1636, MSE: 0.0478
2025-06-18 17:53:26 - INFO - Epoch 146/1000, Loss: 0.1986, Dice: 0.1825, MSE: 0.0540
2025-06-18 17:53:49 - INFO - Epoch 147/1000, Loss: 0.2001, Dice: 0.1826, MSE: 0.0584
2025-06-18 17:54:12 - INFO - Epoch 148/1000, Loss: 0.1828, Dice: 0.1664, MSE: 0.0545
2025-06-18 17:54:36 - INFO - Epoch 149/1000, Loss: 0.1898, Dice: 0.1727, MSE: 0.0570
2025-06-18 17:54:59 - INFO - Epoch 150/1000, Loss: 0.1841, Dice: 0.1692, MSE: 0.0497
2025-06-18 17:55:22 - INFO - Epoch 151/1000, Loss: 0.1903, Dice: 0.1734, MSE: 0.0562
2025-06-18 17:55:45 - INFO - Epoch 152/1000, Loss: 0.1889, Dice: 0.1721, MSE: 0.0561
2025-06-18 17:56:09 - INFO - Epoch 153/1000, Loss: 0.2233, Dice: 0.2069, MSE: 0.0548
2025-06-18 17:56:32 - INFO - Epoch 154/1000, Loss: 0.1559, Dice: 0.1398, MSE: 0.0537
2025-06-18 17:56:55 - INFO - Epoch 155/1000, Loss: 0.1761, Dice: 0.1580, MSE: 0.0602
2025-06-18 17:57:18 - INFO - Epoch 156/1000, Loss: 0.1709, Dice: 0.1524, MSE: 0.0615
2025-06-18 17:57:42 - INFO - Epoch 157/1000, Loss: 0.1771, Dice: 0.1579, MSE: 0.0638
2025-06-18 17:58:05 - INFO - Epoch 158/1000, Loss: 0.1996, Dice: 0.1829, MSE: 0.0556
2025-06-18 17:58:28 - INFO - Epoch 159/1000, Loss: 0.2042, Dice: 0.1872, MSE: 0.0567
2025-06-18 17:58:51 - INFO - Epoch 160/1000, Loss: 0.2509, Dice: 0.2366, MSE: 0.0475
2025-06-18 17:58:53 - INFO - 模型已保存至: epoch_160.pth
2025-06-18 17:59:16 - INFO - Epoch 161/1000, Loss: 0.1729, Dice: 0.1576, MSE: 0.0509
2025-06-18 17:59:39 - INFO - Epoch 162/1000, Loss: 0.1856, Dice: 0.1638, MSE: 0.0725
2025-06-18 18:00:02 - INFO - Epoch 163/1000, Loss: 0.1807, Dice: 0.1604, MSE: 0.0678
2025-06-18 18:00:25 - INFO - Epoch 164/1000, Loss: 0.1655, Dice: 0.1486, MSE: 0.0564
2025-06-18 18:00:49 - INFO - Epoch 165/1000, Loss: 0.1863, Dice: 0.1663, MSE: 0.0665
2025-06-18 18:01:12 - INFO - Epoch 166/1000, Loss: 0.1638, Dice: 0.1456, MSE: 0.0607
2025-06-18 18:01:35 - INFO - Epoch 167/1000, Loss: 0.1676, Dice: 0.1487, MSE: 0.0632
2025-06-18 18:01:58 - INFO - Epoch 168/1000, Loss: 0.1716, Dice: 0.1547, MSE: 0.0564
2025-06-18 18:02:22 - INFO - Epoch 169/1000, Loss: 0.1588, Dice: 0.1411, MSE: 0.0589
2025-06-18 18:02:45 - INFO - Epoch 170/1000, Loss: 0.1740, Dice: 0.1551, MSE: 0.0629
2025-06-18 18:03:08 - INFO - Epoch 171/1000, Loss: 0.1926, Dice: 0.1755, MSE: 0.0569
2025-06-18 18:03:31 - INFO - Epoch 172/1000, Loss: 0.1584, Dice: 0.1420, MSE: 0.0546
2025-06-18 18:03:55 - INFO - Epoch 173/1000, Loss: 0.1569, Dice: 0.1409, MSE: 0.0532
2025-06-18 18:04:18 - INFO - Epoch 174/1000, Loss: 0.1503, Dice: 0.1331, MSE: 0.0574
2025-06-18 18:04:41 - INFO - Epoch 175/1000, Loss: 0.1887, Dice: 0.1721, MSE: 0.0553
2025-06-18 18:05:04 - INFO - Epoch 176/1000, Loss: 0.2280, Dice: 0.2125, MSE: 0.0518
2025-06-18 18:05:27 - INFO - Epoch 177/1000, Loss: 0.2085, Dice: 0.1912, MSE: 0.0577
2025-06-18 18:05:51 - INFO - Epoch 178/1000, Loss: 0.1717, Dice: 0.1560, MSE: 0.0524
2025-06-18 18:06:14 - INFO - Epoch 179/1000, Loss: 0.1912, Dice: 0.1763, MSE: 0.0495
2025-06-18 18:06:37 - INFO - Epoch 180/1000, Loss: 0.1953, Dice: 0.1784, MSE: 0.0563
2025-06-18 18:06:38 - INFO - 模型已保存至: epoch_180.pth
2025-06-18 18:07:02 - INFO - Epoch 181/1000, Loss: 0.1857, Dice: 0.1699, MSE: 0.0525
2025-06-18 18:07:25 - INFO - Epoch 182/1000, Loss: 0.1710, Dice: 0.1526, MSE: 0.0615
2025-06-18 18:07:48 - INFO - Epoch 183/1000, Loss: 0.1878, Dice: 0.1701, MSE: 0.0589
2025-06-18 18:08:11 - INFO - Epoch 184/1000, Loss: 0.1799, Dice: 0.1630, MSE: 0.0563
2025-06-18 18:08:35 - INFO - Epoch 185/1000, Loss: 0.1508, Dice: 0.1327, MSE: 0.0602
2025-06-18 18:08:58 - INFO - Epoch 186/1000, Loss: 0.1730, Dice: 0.1559, MSE: 0.0570
2025-06-18 18:09:21 - INFO - Epoch 187/1000, Loss: 0.2289, Dice: 0.2131, MSE: 0.0529
2025-06-18 18:09:44 - INFO - Epoch 188/1000, Loss: 0.1921, Dice: 0.1776, MSE: 0.0483
2025-06-18 18:10:07 - INFO - Epoch 189/1000, Loss: 0.1874, Dice: 0.1721, MSE: 0.0511
2025-06-18 18:10:30 - INFO - Epoch 190/1000, Loss: 0.1731, Dice: 0.1576, MSE: 0.0517
2025-06-18 18:10:54 - INFO - Epoch 191/1000, Loss: 0.1893, Dice: 0.1735, MSE: 0.0528
2025-06-18 18:11:17 - INFO - Epoch 192/1000, Loss: 0.1825, Dice: 0.1654, MSE: 0.0569
2025-06-18 18:11:40 - INFO - Epoch 193/1000, Loss: 0.2066, Dice: 0.1902, MSE: 0.0548
2025-06-18 18:12:03 - INFO - Epoch 194/1000, Loss: 0.2187, Dice: 0.2040, MSE: 0.0491
2025-06-18 18:12:27 - INFO - Epoch 195/1000, Loss: 0.2508, Dice: 0.2325, MSE: 0.0612
2025-06-18 18:12:50 - INFO - Epoch 196/1000, Loss: 0.2238, Dice: 0.2084, MSE: 0.0513
2025-06-18 18:13:13 - INFO - Epoch 197/1000, Loss: 0.2226, Dice: 0.2069, MSE: 0.0522
2025-06-18 18:13:37 - INFO - Epoch 198/1000, Loss: 0.1957, Dice: 0.1768, MSE: 0.0633
2025-06-18 18:14:00 - INFO - Epoch 199/1000, Loss: 0.1703, Dice: 0.1541, MSE: 0.0540
2025-06-18 18:14:23 - INFO - Epoch 200/1000, Loss: 0.1806, Dice: 0.1647, MSE: 0.0532
2025-06-18 18:14:24 - INFO - 模型已保存至: epoch_200.pth
2025-06-18 18:14:48 - INFO - Epoch 201/1000, Loss: 0.1993, Dice: 0.1852, MSE: 0.0471
2025-06-18 18:15:11 - INFO - Epoch 202/1000, Loss: 0.2233, Dice: 0.2090, MSE: 0.0479
2025-06-18 18:15:34 - INFO - Epoch 203/1000, Loss: 0.2077, Dice: 0.1915, MSE: 0.0541
2025-06-18 18:15:57 - INFO - Epoch 204/1000, Loss: 0.1960, Dice: 0.1800, MSE: 0.0534
2025-06-18 18:16:20 - INFO - Epoch 205/1000, Loss: 0.2049, Dice: 0.1874, MSE: 0.0583
2025-06-18 18:16:44 - INFO - Epoch 206/1000, Loss: 0.1931, Dice: 0.1780, MSE: 0.0503
2025-06-18 18:17:07 - INFO - Epoch 207/1000, Loss: 0.1553, Dice: 0.1403, MSE: 0.0501
2025-06-18 18:17:30 - INFO - Epoch 208/1000, Loss: 0.1796, Dice: 0.1623, MSE: 0.0576
2025-06-18 18:17:54 - INFO - Epoch 209/1000, Loss: 0.1572, Dice: 0.1400, MSE: 0.0572
2025-06-18 18:18:17 - INFO - Epoch 210/1000, Loss: 0.1768, Dice: 0.1569, MSE: 0.0660
2025-06-18 18:18:40 - INFO - Epoch 211/1000, Loss: 0.1631, Dice: 0.1453, MSE: 0.0594
2025-06-18 18:19:03 - INFO - Epoch 212/1000, Loss: 0.1557, Dice: 0.1379, MSE: 0.0593
2025-06-18 18:19:27 - INFO - Epoch 213/1000, Loss: 0.1749, Dice: 0.1572, MSE: 0.0589
2025-06-18 18:19:50 - INFO - Epoch 214/1000, Loss: 0.1883, Dice: 0.1707, MSE: 0.0586
2025-06-18 18:20:13 - INFO - Epoch 215/1000, Loss: 0.1837, Dice: 0.1676, MSE: 0.0534
2025-06-18 18:20:36 - INFO - Epoch 216/1000, Loss: 0.1617, Dice: 0.1461, MSE: 0.0520
2025-06-18 18:21:00 - INFO - Epoch 217/1000, Loss: 0.1754, Dice: 0.1583, MSE: 0.0568
2025-06-18 18:21:23 - INFO - Epoch 218/1000, Loss: 0.2191, Dice: 0.2039, MSE: 0.0505
2025-06-18 18:21:46 - INFO - Epoch 219/1000, Loss: 0.1667, Dice: 0.1509, MSE: 0.0529
2025-06-18 18:22:10 - INFO - Epoch 220/1000, Loss: 0.2084, Dice: 0.1920, MSE: 0.0546
2025-06-18 18:22:11 - INFO - 模型已保存至: epoch_220.pth
2025-06-18 18:22:34 - INFO - Epoch 221/1000, Loss: 0.1650, Dice: 0.1485, MSE: 0.0551
2025-06-18 18:22:57 - INFO - Epoch 222/1000, Loss: 0.1686, Dice: 0.1524, MSE: 0.0540
2025-06-18 18:23:20 - INFO - Epoch 223/1000, Loss: 0.1837, Dice: 0.1682, MSE: 0.0518
2025-06-18 18:23:44 - INFO - Epoch 224/1000, Loss: 0.2414, Dice: 0.2269, MSE: 0.0484
2025-06-18 18:24:07 - INFO - Epoch 225/1000, Loss: 0.2254, Dice: 0.2099, MSE: 0.0518
2025-06-18 18:24:30 - INFO - Epoch 226/1000, Loss: 0.2351, Dice: 0.2202, MSE: 0.0499
2025-06-18 18:24:53 - INFO - Epoch 227/1000, Loss: 0.1581, Dice: 0.1424, MSE: 0.0526
2025-06-18 18:25:17 - INFO - Epoch 228/1000, Loss: 0.1595, Dice: 0.1430, MSE: 0.0550
2025-06-18 18:25:40 - INFO - Epoch 229/1000, Loss: 0.1663, Dice: 0.1509, MSE: 0.0515
2025-06-18 18:26:03 - INFO - Epoch 230/1000, Loss: 0.1682, Dice: 0.1517, MSE: 0.0548
2025-06-18 18:26:26 - INFO - Epoch 231/1000, Loss: 0.1596, Dice: 0.1432, MSE: 0.0546
2025-06-18 18:26:49 - INFO - Epoch 232/1000, Loss: 0.1469, Dice: 0.1311, MSE: 0.0526
2025-06-18 18:27:13 - INFO - Epoch 233/1000, Loss: 0.1638, Dice: 0.1489, MSE: 0.0497
2025-06-18 18:27:36 - INFO - Epoch 234/1000, Loss: 0.1348, Dice: 0.1190, MSE: 0.0526
2025-06-18 18:27:59 - INFO - Epoch 235/1000, Loss: 0.1543, Dice: 0.1384, MSE: 0.0531
2025-06-18 18:28:22 - INFO - Epoch 236/1000, Loss: 0.1468, Dice: 0.1308, MSE: 0.0534
2025-06-18 18:28:46 - INFO - Epoch 237/1000, Loss: 0.1430, Dice: 0.1267, MSE: 0.0541
2025-06-18 18:29:09 - INFO - Epoch 238/1000, Loss: 0.1444, Dice: 0.1286, MSE: 0.0525
2025-06-18 18:29:32 - INFO - Epoch 239/1000, Loss: 0.1450, Dice: 0.1309, MSE: 0.0470
2025-06-18 18:29:55 - INFO - Epoch 240/1000, Loss: 0.2009, Dice: 0.1864, MSE: 0.0484
2025-06-18 18:29:56 - INFO - 模型已保存至: epoch_240.pth
2025-06-18 18:30:19 - INFO - Epoch 241/1000, Loss: 0.2046, Dice: 0.1900, MSE: 0.0488
2025-06-18 18:30:43 - INFO - Epoch 242/1000, Loss: 0.1906, Dice: 0.1767, MSE: 0.0463
2025-06-18 18:31:06 - INFO - Epoch 243/1000, Loss: 0.1615, Dice: 0.1459, MSE: 0.0521
2025-06-18 18:31:29 - INFO - Epoch 244/1000, Loss: 0.1780, Dice: 0.1622, MSE: 0.0527
2025-06-18 18:31:53 - INFO - Epoch 245/1000, Loss: 0.1564, Dice: 0.1402, MSE: 0.0538
2025-06-18 18:32:16 - INFO - Epoch 246/1000, Loss: 0.1372, Dice: 0.1207, MSE: 0.0548
2025-06-18 18:32:39 - INFO - Epoch 247/1000, Loss: 0.1602, Dice: 0.1438, MSE: 0.0547
2025-06-18 18:33:02 - INFO - Epoch 248/1000, Loss: 0.1853, Dice: 0.1695, MSE: 0.0526
2025-06-18 18:33:26 - INFO - Epoch 249/1000, Loss: 0.1445, Dice: 0.1294, MSE: 0.0503
2025-06-18 18:33:49 - INFO - Epoch 250/1000, Loss: 0.1395, Dice: 0.1265, MSE: 0.0433
2025-06-18 18:34:12 - INFO - Epoch 251/1000, Loss: 0.1504, Dice: 0.1351, MSE: 0.0508
2025-06-18 18:34:35 - INFO - Epoch 252/1000, Loss: 0.1347, Dice: 0.1194, MSE: 0.0511
2025-06-18 18:34:59 - INFO - Epoch 253/1000, Loss: 0.1714, Dice: 0.1552, MSE: 0.0538
2025-06-18 18:35:22 - INFO - Epoch 254/1000, Loss: 0.2333, Dice: 0.2194, MSE: 0.0464
2025-06-18 18:35:45 - INFO - Epoch 255/1000, Loss: 0.1608, Dice: 0.1464, MSE: 0.0479
2025-06-18 18:36:09 - INFO - Epoch 256/1000, Loss: 0.1663, Dice: 0.1511, MSE: 0.0508
2025-06-18 18:36:32 - INFO - Epoch 257/1000, Loss: 0.1552, Dice: 0.1395, MSE: 0.0524
2025-06-18 18:36:55 - INFO - Epoch 258/1000, Loss: 0.1324, Dice: 0.1176, MSE: 0.0493
2025-06-18 18:37:19 - INFO - Epoch 259/1000, Loss: 0.1376, Dice: 0.1210, MSE: 0.0555
2025-06-18 18:37:42 - INFO - Epoch 260/1000, Loss: 0.1365, Dice: 0.1210, MSE: 0.0518
2025-06-18 18:37:43 - INFO - 模型已保存至: epoch_260.pth
2025-06-18 18:38:06 - INFO - Epoch 261/1000, Loss: 0.1642, Dice: 0.1496, MSE: 0.0487
2025-06-18 18:38:30 - INFO - Epoch 262/1000, Loss: 0.1466, Dice: 0.1315, MSE: 0.0502
2025-06-18 18:38:53 - INFO - Epoch 263/1000, Loss: 0.1469, Dice: 0.1320, MSE: 0.0495
2025-06-18 18:39:16 - INFO - Epoch 264/1000, Loss: 0.1321, Dice: 0.1173, MSE: 0.0495
2025-06-18 18:39:39 - INFO - Epoch 265/1000, Loss: 0.1237, Dice: 0.1083, MSE: 0.0513
2025-06-18 18:40:02 - INFO - Epoch 266/1000, Loss: 0.1201, Dice: 0.1048, MSE: 0.0512
2025-06-18 18:40:25 - INFO - Epoch 267/1000, Loss: 0.1156, Dice: 0.1001, MSE: 0.0516
2025-06-18 18:40:48 - INFO - Epoch 268/1000, Loss: 0.1346, Dice: 0.1179, MSE: 0.0554
2025-06-18 18:41:12 - INFO - Epoch 269/1000, Loss: 0.1463, Dice: 0.1312, MSE: 0.0506
2025-06-18 18:41:35 - INFO - Epoch 270/1000, Loss: 0.1275, Dice: 0.1122, MSE: 0.0510
2025-06-18 18:41:58 - INFO - Epoch 271/1000, Loss: 0.2039, Dice: 0.1886, MSE: 0.0510
2025-06-18 18:42:21 - INFO - Epoch 272/1000, Loss: 0.2342, Dice: 0.2196, MSE: 0.0484
2025-06-18 18:42:44 - INFO - Epoch 273/1000, Loss: 0.1920, Dice: 0.1788, MSE: 0.0439
2025-06-18 18:43:08 - INFO - Epoch 274/1000, Loss: 0.2022, Dice: 0.1884, MSE: 0.0460
2025-06-18 18:43:31 - INFO - Epoch 275/1000, Loss: 0.2180, Dice: 0.2034, MSE: 0.0484
2025-06-18 18:43:54 - INFO - Epoch 276/1000, Loss: 0.1547, Dice: 0.1398, MSE: 0.0494
2025-06-18 18:44:17 - INFO - Epoch 277/1000, Loss: 0.1439, Dice: 0.1291, MSE: 0.0491
2025-06-18 18:44:40 - INFO - Epoch 278/1000, Loss: 0.1644, Dice: 0.1501, MSE: 0.0478
2025-06-18 18:45:03 - INFO - Epoch 279/1000, Loss: 0.1906, Dice: 0.1738, MSE: 0.0563
2025-06-18 18:45:26 - INFO - Epoch 280/1000, Loss: 0.1571, Dice: 0.1424, MSE: 0.0487
2025-06-18 18:45:28 - INFO - 模型已保存至: epoch_280.pth
2025-06-18 18:45:51 - INFO - Epoch 281/1000, Loss: 0.1500, Dice: 0.1339, MSE: 0.0535
2025-06-18 18:46:14 - INFO - Epoch 282/1000, Loss: 0.1512, Dice: 0.1352, MSE: 0.0533
2025-06-18 18:46:37 - INFO - Epoch 283/1000, Loss: 0.1342, Dice: 0.1177, MSE: 0.0548
2025-06-18 18:47:00 - INFO - Epoch 284/1000, Loss: 0.1367, Dice: 0.1210, MSE: 0.0526
2025-06-18 18:47:23 - INFO - Epoch 285/1000, Loss: 0.1423, Dice: 0.1259, MSE: 0.0546
2025-06-18 18:47:47 - INFO - Epoch 286/1000, Loss: 0.1277, Dice: 0.1132, MSE: 0.0485
2025-06-18 18:48:10 - INFO - Epoch 287/1000, Loss: 0.1362, Dice: 0.1208, MSE: 0.0514
2025-06-18 18:48:33 - INFO - Epoch 288/1000, Loss: 0.1520, Dice: 0.1357, MSE: 0.0543
2025-06-18 18:48:57 - INFO - Epoch 289/1000, Loss: 0.1545, Dice: 0.1380, MSE: 0.0547
2025-06-18 18:49:20 - INFO - Epoch 290/1000, Loss: 0.1380, Dice: 0.1230, MSE: 0.0502
2025-06-18 18:49:43 - INFO - Epoch 291/1000, Loss: 0.1646, Dice: 0.1462, MSE: 0.0614
2025-06-18 18:50:06 - INFO - Epoch 292/1000, Loss: 0.1484, Dice: 0.1342, MSE: 0.0472
2025-06-18 18:50:30 - INFO - Epoch 293/1000, Loss: 0.1234, Dice: 0.1094, MSE: 0.0467
2025-06-18 18:50:53 - INFO - Epoch 294/1000, Loss: 0.1346, Dice: 0.1189, MSE: 0.0523
2025-06-18 18:51:16 - INFO - Epoch 295/1000, Loss: 0.1260, Dice: 0.1123, MSE: 0.0457
2025-06-18 18:51:39 - INFO - Epoch 296/1000, Loss: 0.1395, Dice: 0.1244, MSE: 0.0503
2025-06-18 18:52:02 - INFO - Epoch 297/1000, Loss: 0.1309, Dice: 0.1161, MSE: 0.0493
2025-06-18 18:52:26 - INFO - Epoch 298/1000, Loss: 0.1097, Dice: 0.0948, MSE: 0.0497
2025-06-18 18:52:49 - INFO - Epoch 299/1000, Loss: 0.1369, Dice: 0.1212, MSE: 0.0522
2025-06-18 18:53:12 - INFO - Epoch 300/1000, Loss: 0.1883, Dice: 0.1728, MSE: 0.0515
2025-06-18 18:53:13 - INFO - 模型已保存至: epoch_300.pth
2025-06-18 18:53:36 - INFO - Epoch 301/1000, Loss: 0.1443, Dice: 0.1288, MSE: 0.0517
2025-06-18 18:53:59 - INFO - Epoch 302/1000, Loss: 0.1571, Dice: 0.1412, MSE: 0.0532
2025-06-18 18:54:23 - INFO - Epoch 303/1000, Loss: 0.2372, Dice: 0.2232, MSE: 0.0465
2025-06-18 18:54:46 - INFO - Epoch 304/1000, Loss: 0.1966, Dice: 0.1821, MSE: 0.0482
2025-06-18 18:55:09 - INFO - Epoch 305/1000, Loss: 0.1833, Dice: 0.1686, MSE: 0.0491
2025-06-18 18:55:32 - INFO - Epoch 306/1000, Loss: 0.1587, Dice: 0.1431, MSE: 0.0519
2025-06-18 18:55:55 - INFO - Epoch 307/1000, Loss: 0.1885, Dice: 0.1735, MSE: 0.0502
2025-06-18 18:56:18 - INFO - Epoch 308/1000, Loss: 0.1973, Dice: 0.1828, MSE: 0.0485
2025-06-18 18:56:42 - INFO - Epoch 309/1000, Loss: 0.1557, Dice: 0.1422, MSE: 0.0452
2025-06-18 18:57:05 - INFO - Epoch 310/1000, Loss: 0.1833, Dice: 0.1679, MSE: 0.0515
2025-06-18 18:57:28 - INFO - Epoch 311/1000, Loss: 0.2231, Dice: 0.2086, MSE: 0.0483
2025-06-18 18:57:51 - INFO - Epoch 312/1000, Loss: 0.1523, Dice: 0.1372, MSE: 0.0503
2025-06-18 18:58:14 - INFO - Epoch 313/1000, Loss: 0.1541, Dice: 0.1398, MSE: 0.0476
2025-06-18 18:58:38 - INFO - Epoch 314/1000, Loss: 0.1303, Dice: 0.1151, MSE: 0.0506
2025-06-18 18:59:01 - INFO - Epoch 315/1000, Loss: 0.1438, Dice: 0.1281, MSE: 0.0522
2025-06-18 18:59:24 - INFO - Epoch 316/1000, Loss: 0.1411, Dice: 0.1252, MSE: 0.0530
2025-06-18 18:59:48 - INFO - Epoch 317/1000, Loss: 0.1547, Dice: 0.1393, MSE: 0.0514
2025-06-18 19:00:11 - INFO - Epoch 318/1000, Loss: 0.1372, Dice: 0.1220, MSE: 0.0507
2025-06-18 19:00:34 - INFO - Epoch 319/1000, Loss: 0.1465, Dice: 0.1313, MSE: 0.0507
2025-06-18 19:00:57 - INFO - Epoch 320/1000, Loss: 0.1403, Dice: 0.1252, MSE: 0.0503
2025-06-18 19:00:58 - INFO - 模型已保存至: epoch_320.pth
2025-06-18 19:01:21 - INFO - Epoch 321/1000, Loss: 0.1489, Dice: 0.1332, MSE: 0.0523
2025-06-18 19:01:45 - INFO - Epoch 322/1000, Loss: 0.1123, Dice: 0.0961, MSE: 0.0538
2025-06-18 19:02:09 - INFO - Epoch 323/1000, Loss: 0.1518, Dice: 0.1365, MSE: 0.0511
2025-06-18 19:02:33 - INFO - Epoch 324/1000, Loss: 0.1464, Dice: 0.1308, MSE: 0.0521
2025-06-18 19:02:57 - INFO - Epoch 325/1000, Loss: 0.1292, Dice: 0.1148, MSE: 0.0479
2025-06-18 19:03:20 - INFO - Epoch 326/1000, Loss: 0.1267, Dice: 0.1106, MSE: 0.0538
2025-06-18 19:03:44 - INFO - Epoch 327/1000, Loss: 0.1279, Dice: 0.1134, MSE: 0.0484
2025-06-18 19:04:08 - INFO - Epoch 328/1000, Loss: 0.1870, Dice: 0.1722, MSE: 0.0493
2025-06-18 19:04:31 - INFO - Epoch 329/1000, Loss: 0.1289, Dice: 0.1131, MSE: 0.0526
2025-06-18 19:04:55 - INFO - Epoch 330/1000, Loss: 0.1411, Dice: 0.1253, MSE: 0.0527
2025-06-18 19:05:18 - INFO - Epoch 331/1000, Loss: 0.1263, Dice: 0.1111, MSE: 0.0506
2025-06-18 19:05:41 - INFO - Epoch 332/1000, Loss: 0.1318, Dice: 0.1163, MSE: 0.0518
2025-06-18 19:06:05 - INFO - Epoch 333/1000, Loss: 0.1336, Dice: 0.1170, MSE: 0.0554
2025-06-18 19:06:28 - INFO - Epoch 334/1000, Loss: 0.1402, Dice: 0.1256, MSE: 0.0486
2025-06-18 19:06:51 - INFO - Epoch 335/1000, Loss: 0.1334, Dice: 0.1173, MSE: 0.0535
2025-06-18 19:07:14 - INFO - Epoch 336/1000, Loss: 0.1477, Dice: 0.1319, MSE: 0.0525
2025-06-18 19:07:38 - INFO - Epoch 337/1000, Loss: 0.1311, Dice: 0.1149, MSE: 0.0541
2025-06-18 19:08:01 - INFO - Epoch 338/1000, Loss: 0.1219, Dice: 0.1065, MSE: 0.0513
2025-06-18 19:08:24 - INFO - Epoch 339/1000, Loss: 0.1244, Dice: 0.1082, MSE: 0.0539
2025-06-18 19:08:47 - INFO - Epoch 340/1000, Loss: 0.1357, Dice: 0.1199, MSE: 0.0525
2025-06-18 19:08:48 - INFO - 模型已保存至: epoch_340.pth
2025-06-18 19:09:11 - INFO - Epoch 341/1000, Loss: 0.1490, Dice: 0.1341, MSE: 0.0498
2025-06-18 19:09:35 - INFO - Epoch 342/1000, Loss: 0.1355, Dice: 0.1194, MSE: 0.0537
2025-06-18 19:09:58 - INFO - Epoch 343/1000, Loss: 0.1260, Dice: 0.1098, MSE: 0.0541
2025-06-18 19:10:21 - INFO - Epoch 344/1000, Loss: 0.1303, Dice: 0.1150, MSE: 0.0510
2025-06-18 19:10:44 - INFO - Epoch 345/1000, Loss: 0.1091, Dice: 0.0933, MSE: 0.0526
2025-06-18 19:11:07 - INFO - Epoch 346/1000, Loss: 0.1366, Dice: 0.1197, MSE: 0.0563
2025-06-18 19:11:31 - INFO - Epoch 347/1000, Loss: 0.1161, Dice: 0.1005, MSE: 0.0520
2025-06-18 19:11:54 - INFO - Epoch 348/1000, Loss: 0.1213, Dice: 0.1065, MSE: 0.0492
2025-06-18 19:12:17 - INFO - Epoch 349/1000, Loss: 0.1519, Dice: 0.1363, MSE: 0.0520
2025-06-18 19:12:41 - INFO - Epoch 350/1000, Loss: 0.1119, Dice: 0.0966, MSE: 0.0509
2025-06-18 19:13:04 - INFO - Epoch 351/1000, Loss: 0.1150, Dice: 0.1001, MSE: 0.0497
2025-06-18 19:13:27 - INFO - Epoch 352/1000, Loss: 0.1078, Dice: 0.0924, MSE: 0.0512
2025-06-18 19:13:50 - INFO - Epoch 353/1000, Loss: 0.1891, Dice: 0.1740, MSE: 0.0505
2025-06-18 19:14:14 - INFO - Epoch 354/1000, Loss: 0.1073, Dice: 0.0922, MSE: 0.0503
2025-06-18 19:14:37 - INFO - Epoch 355/1000, Loss: 0.1173, Dice: 0.1021, MSE: 0.0508
2025-06-18 19:15:00 - INFO - Epoch 356/1000, Loss: 0.1101, Dice: 0.0953, MSE: 0.0494
2025-06-18 19:15:23 - INFO - Epoch 357/1000, Loss: 0.1297, Dice: 0.1119, MSE: 0.0595
2025-06-18 19:15:47 - INFO - Epoch 358/1000, Loss: 0.1262, Dice: 0.1112, MSE: 0.0502
2025-06-18 19:16:10 - INFO - Epoch 359/1000, Loss: 0.1645, Dice: 0.1482, MSE: 0.0546
2025-06-18 19:16:33 - INFO - Epoch 360/1000, Loss: 0.1673, Dice: 0.1523, MSE: 0.0498
2025-06-18 19:16:34 - INFO - 模型已保存至: epoch_360.pth
2025-06-18 19:16:58 - INFO - Epoch 361/1000, Loss: 0.1721, Dice: 0.1582, MSE: 0.0465
2025-06-18 19:17:21 - INFO - Epoch 362/1000, Loss: 0.1577, Dice: 0.1435, MSE: 0.0475
2025-06-18 19:17:44 - INFO - Epoch 363/1000, Loss: 0.1531, Dice: 0.1388, MSE: 0.0480
2025-06-18 19:18:07 - INFO - Epoch 364/1000, Loss: 0.1660, Dice: 0.1509, MSE: 0.0502
2025-06-18 19:18:30 - INFO - Epoch 365/1000, Loss: 0.1409, Dice: 0.1273, MSE: 0.0451
2025-06-18 19:18:54 - INFO - Epoch 366/1000, Loss: 0.1267, Dice: 0.1116, MSE: 0.0505
2025-06-18 19:19:17 - INFO - Epoch 367/1000, Loss: 0.1392, Dice: 0.1258, MSE: 0.0448
2025-06-18 19:19:40 - INFO - Epoch 368/1000, Loss: 0.1578, Dice: 0.1422, MSE: 0.0519
2025-06-18 19:20:03 - INFO - Epoch 369/1000, Loss: 0.1331, Dice: 0.1188, MSE: 0.0475
2025-06-18 19:20:27 - INFO - Epoch 370/1000, Loss: 0.1483, Dice: 0.1343, MSE: 0.0466
2025-06-18 19:20:50 - INFO - Epoch 371/1000, Loss: 0.1593, Dice: 0.1451, MSE: 0.0472
2025-06-18 19:21:13 - INFO - Epoch 372/1000, Loss: 0.1633, Dice: 0.1493, MSE: 0.0467
2025-06-18 19:21:36 - INFO - Epoch 373/1000, Loss: 0.1955, Dice: 0.1824, MSE: 0.0435
2025-06-18 19:21:59 - INFO - Epoch 374/1000, Loss: 0.1998, Dice: 0.1857, MSE: 0.0471
2025-06-18 19:22:23 - INFO - Epoch 375/1000, Loss: 0.1588, Dice: 0.1454, MSE: 0.0447
2025-06-18 19:22:46 - INFO - Epoch 376/1000, Loss: 0.1460, Dice: 0.1320, MSE: 0.0466
2025-06-18 19:23:10 - INFO - Epoch 377/1000, Loss: 0.1319, Dice: 0.1185, MSE: 0.0447
2025-06-18 19:23:35 - INFO - Epoch 378/1000, Loss: 0.1353, Dice: 0.1208, MSE: 0.0482
2025-06-18 19:23:59 - INFO - Epoch 379/1000, Loss: 0.1382, Dice: 0.1235, MSE: 0.0491
2025-06-18 19:24:23 - INFO - Epoch 380/1000, Loss: 0.1275, Dice: 0.1131, MSE: 0.0479
2025-06-18 19:24:25 - INFO - 模型已保存至: epoch_380.pth
2025-06-18 19:24:50 - INFO - Epoch 381/1000, Loss: 0.1309, Dice: 0.1165, MSE: 0.0478
2025-06-18 19:25:14 - INFO - Epoch 382/1000, Loss: 0.1394, Dice: 0.1258, MSE: 0.0455
2025-06-18 19:25:38 - INFO - Epoch 383/1000, Loss: 0.1238, Dice: 0.1080, MSE: 0.0525
2025-06-18 19:26:02 - INFO - Epoch 384/1000, Loss: 0.1185, Dice: 0.1043, MSE: 0.0471
2025-06-18 19:26:26 - INFO - Epoch 385/1000, Loss: 0.1199, Dice: 0.1046, MSE: 0.0508
2025-06-18 19:26:50 - INFO - Epoch 386/1000, Loss: 0.1256, Dice: 0.1105, MSE: 0.0503
2025-06-18 19:27:15 - INFO - Epoch 387/1000, Loss: 0.1288, Dice: 0.1129, MSE: 0.0530
2025-06-18 19:27:39 - INFO - Epoch 388/1000, Loss: 0.1327, Dice: 0.1175, MSE: 0.0509
2025-06-18 19:28:04 - INFO - Epoch 389/1000, Loss: 0.1222, Dice: 0.1075, MSE: 0.0490
2025-06-18 19:28:28 - INFO - Epoch 390/1000, Loss: 0.1176, Dice: 0.1024, MSE: 0.0507
2025-06-18 19:28:52 - INFO - Epoch 391/1000, Loss: 0.1220, Dice: 0.1080, MSE: 0.0467
2025-06-18 19:29:16 - INFO - Epoch 392/1000, Loss: 0.1113, Dice: 0.0969, MSE: 0.0480
2025-06-18 19:29:40 - INFO - Epoch 393/1000, Loss: 0.1069, Dice: 0.0926, MSE: 0.0475
2025-06-18 19:30:04 - INFO - Epoch 394/1000, Loss: 0.1249, Dice: 0.1100, MSE: 0.0498
2025-06-18 19:30:29 - INFO - Epoch 395/1000, Loss: 0.1227, Dice: 0.1073, MSE: 0.0512
2025-06-18 19:30:53 - INFO - Epoch 396/1000, Loss: 0.1330, Dice: 0.1189, MSE: 0.0473
2025-06-18 19:31:18 - INFO - Epoch 397/1000, Loss: 0.1166, Dice: 0.1025, MSE: 0.0469
2025-06-18 19:31:42 - INFO - Epoch 398/1000, Loss: 0.1244, Dice: 0.1084, MSE: 0.0534
2025-06-18 19:32:06 - INFO - Epoch 399/1000, Loss: 0.1293, Dice: 0.1141, MSE: 0.0507
2025-06-18 19:32:31 - INFO - Epoch 400/1000, Loss: 0.1389, Dice: 0.1247, MSE: 0.0476
2025-06-18 19:32:33 - INFO - 模型已保存至: epoch_400.pth
2025-06-18 19:32:57 - INFO - Epoch 401/1000, Loss: 0.1291, Dice: 0.1137, MSE: 0.0516
2025-06-18 19:33:21 - INFO - Epoch 402/1000, Loss: 0.1360, Dice: 0.1221, MSE: 0.0464
2025-06-18 19:33:46 - INFO - Epoch 403/1000, Loss: 0.1056, Dice: 0.0917, MSE: 0.0463
2025-06-18 19:34:09 - INFO - Epoch 404/1000, Loss: 0.1156, Dice: 0.1019, MSE: 0.0455
2025-06-18 19:34:34 - INFO - Epoch 405/1000, Loss: 0.1123, Dice: 0.0970, MSE: 0.0512
2025-06-18 19:34:58 - INFO - Epoch 406/1000, Loss: 0.1037, Dice: 0.0890, MSE: 0.0490
2025-06-18 19:35:22 - INFO - Epoch 407/1000, Loss: 0.1169, Dice: 0.1022, MSE: 0.0491
2025-06-18 19:35:46 - INFO - Epoch 408/1000, Loss: 0.1078, Dice: 0.0935, MSE: 0.0477
2025-06-18 19:36:10 - INFO - Epoch 409/1000, Loss: 0.1001, Dice: 0.0857, MSE: 0.0479
2025-06-18 19:36:34 - INFO - Epoch 410/1000, Loss: 0.1215, Dice: 0.1082, MSE: 0.0444
2025-06-18 19:36:58 - INFO - Epoch 411/1000, Loss: 0.1187, Dice: 0.1035, MSE: 0.0505
2025-06-18 19:37:22 - INFO - Epoch 412/1000, Loss: 0.1234, Dice: 0.1094, MSE: 0.0467
2025-06-18 19:37:46 - INFO - Epoch 413/1000, Loss: 0.1042, Dice: 0.0893, MSE: 0.0496
2025-06-18 19:38:10 - INFO - Epoch 414/1000, Loss: 0.1129, Dice: 0.0989, MSE: 0.0468
2025-06-18 19:38:35 - INFO - Epoch 415/1000, Loss: 0.1243, Dice: 0.1108, MSE: 0.0449
2025-06-18 19:38:59 - INFO - Epoch 416/1000, Loss: 0.1050, Dice: 0.0907, MSE: 0.0478
2025-06-18 19:39:22 - INFO - Epoch 417/1000, Loss: 0.1151, Dice: 0.1008, MSE: 0.0477
2025-06-18 19:39:45 - INFO - Epoch 418/1000, Loss: 0.1089, Dice: 0.0950, MSE: 0.0464
2025-06-18 19:40:08 - INFO - Epoch 419/1000, Loss: 0.1254, Dice: 0.1115, MSE: 0.0461
2025-06-18 19:40:32 - INFO - Epoch 420/1000, Loss: 0.1294, Dice: 0.1147, MSE: 0.0492
2025-06-18 19:40:33 - INFO - 模型已保存至: epoch_420.pth
2025-06-18 19:40:56 - INFO - Epoch 421/1000, Loss: 0.1280, Dice: 0.1129, MSE: 0.0506
2025-06-18 19:41:19 - INFO - Epoch 422/1000, Loss: 0.1160, Dice: 0.1023, MSE: 0.0458
2025-06-18 19:41:42 - INFO - Epoch 423/1000, Loss: 0.1335, Dice: 0.1195, MSE: 0.0464
2025-06-18 19:42:06 - INFO - Epoch 424/1000, Loss: 0.1710, Dice: 0.1556, MSE: 0.0513
2025-06-18 19:42:29 - INFO - Epoch 425/1000, Loss: 0.1630, Dice: 0.1488, MSE: 0.0475
2025-06-18 19:42:52 - INFO - Epoch 426/1000, Loss: 0.1264, Dice: 0.1133, MSE: 0.0437
2025-06-18 19:43:16 - INFO - Epoch 427/1000, Loss: 0.1414, Dice: 0.1281, MSE: 0.0444
2025-06-18 19:43:39 - INFO - Epoch 428/1000, Loss: 0.1737, Dice: 0.1605, MSE: 0.0442
2025-06-18 19:44:02 - INFO - Epoch 429/1000, Loss: 0.1338, Dice: 0.1224, MSE: 0.0381
2025-06-18 19:44:25 - INFO - Epoch 430/1000, Loss: 0.1255, Dice: 0.1120, MSE: 0.0450
2025-06-18 19:44:48 - INFO - Epoch 431/1000, Loss: 0.1275, Dice: 0.1154, MSE: 0.0405
2025-06-18 19:45:11 - INFO - Epoch 432/1000, Loss: 0.1158, Dice: 0.1022, MSE: 0.0452
2025-06-18 19:45:34 - INFO - Epoch 433/1000, Loss: 0.1152, Dice: 0.1015, MSE: 0.0456
2025-06-18 19:45:57 - INFO - Epoch 434/1000, Loss: 0.1214, Dice: 0.1073, MSE: 0.0470
2025-06-18 19:46:21 - INFO - Epoch 435/1000, Loss: 0.2058, Dice: 0.1917, MSE: 0.0473
2025-06-18 19:46:44 - INFO - Epoch 436/1000, Loss: 0.1662, Dice: 0.1547, MSE: 0.0385
2025-06-18 19:47:07 - INFO - Epoch 437/1000, Loss: 0.1710, Dice: 0.1591, MSE: 0.0397
2025-06-18 19:47:31 - INFO - Epoch 438/1000, Loss: 0.1326, Dice: 0.1191, MSE: 0.0450
2025-06-18 19:47:54 - INFO - Epoch 439/1000, Loss: 0.1202, Dice: 0.1077, MSE: 0.0415
2025-06-18 19:48:17 - INFO - Epoch 440/1000, Loss: 0.1322, Dice: 0.1184, MSE: 0.0459
2025-06-18 19:48:18 - INFO - 模型已保存至: epoch_440.pth
2025-06-18 19:48:41 - INFO - Epoch 441/1000, Loss: 0.1726, Dice: 0.1574, MSE: 0.0505
2025-06-18 19:49:05 - INFO - Epoch 442/1000, Loss: 0.1474, Dice: 0.1345, MSE: 0.0430
2025-06-18 19:49:28 - INFO - Epoch 443/1000, Loss: 0.1221, Dice: 0.1081, MSE: 0.0468
2025-06-18 19:49:51 - INFO - Epoch 444/1000, Loss: 0.1052, Dice: 0.0913, MSE: 0.0463
2025-06-18 19:50:14 - INFO - Epoch 445/1000, Loss: 0.1227, Dice: 0.1077, MSE: 0.0499
2025-06-18 19:50:37 - INFO - Epoch 446/1000, Loss: 0.1068, Dice: 0.0918, MSE: 0.0501
2025-06-18 19:51:01 - INFO - Epoch 447/1000, Loss: 0.1277, Dice: 0.1140, MSE: 0.0459
2025-06-18 19:51:24 - INFO - Epoch 448/1000, Loss: 0.1335, Dice: 0.1201, MSE: 0.0447
2025-06-18 19:51:47 - INFO - Epoch 449/1000, Loss: 0.1290, Dice: 0.1147, MSE: 0.0475
2025-06-18 19:52:10 - INFO - Epoch 450/1000, Loss: 0.1121, Dice: 0.0979, MSE: 0.0474
2025-06-18 19:52:33 - INFO - Epoch 451/1000, Loss: 0.1276, Dice: 0.1143, MSE: 0.0442
2025-06-18 19:52:57 - INFO - Epoch 452/1000, Loss: 0.1056, Dice: 0.0919, MSE: 0.0456
2025-06-18 19:53:20 - INFO - Epoch 453/1000, Loss: 0.1099, Dice: 0.0965, MSE: 0.0447
2025-06-18 19:53:43 - INFO - Epoch 454/1000, Loss: 0.1146, Dice: 0.1015, MSE: 0.0439
2025-06-18 19:54:06 - INFO - Epoch 455/1000, Loss: 0.1385, Dice: 0.1237, MSE: 0.0493
2025-06-18 19:54:29 - INFO - Epoch 456/1000, Loss: 0.1215, Dice: 0.1083, MSE: 0.0439
2025-06-18 19:54:53 - INFO - Epoch 457/1000, Loss: 0.1019, Dice: 0.0887, MSE: 0.0439
2025-06-18 19:55:16 - INFO - Epoch 458/1000, Loss: 0.1049, Dice: 0.0901, MSE: 0.0496
2025-06-18 19:55:39 - INFO - Epoch 459/1000, Loss: 0.1075, Dice: 0.0938, MSE: 0.0457
2025-06-18 19:56:02 - INFO - Epoch 460/1000, Loss: 0.1198, Dice: 0.1062, MSE: 0.0453
2025-06-18 19:56:04 - INFO - 模型已保存至: epoch_460.pth
2025-06-18 19:56:27 - INFO - Epoch 461/1000, Loss: 0.1121, Dice: 0.0985, MSE: 0.0453
2025-06-18 19:56:50 - INFO - Epoch 462/1000, Loss: 0.1097, Dice: 0.0955, MSE: 0.0471
2025-06-18 19:57:13 - INFO - Epoch 463/1000, Loss: 0.0995, Dice: 0.0863, MSE: 0.0440
2025-06-18 19:57:36 - INFO - Epoch 464/1000, Loss: 0.0962, Dice: 0.0818, MSE: 0.0480
2025-06-18 19:58:00 - INFO - Epoch 465/1000, Loss: 0.1069, Dice: 0.0936, MSE: 0.0443
2025-06-18 19:58:23 - INFO - Epoch 466/1000, Loss: 0.1045, Dice: 0.0915, MSE: 0.0434
2025-06-18 19:58:46 - INFO - Epoch 467/1000, Loss: 0.1064, Dice: 0.0925, MSE: 0.0463
2025-06-18 19:59:09 - INFO - Epoch 468/1000, Loss: 0.1122, Dice: 0.0987, MSE: 0.0449
2025-06-18 19:59:32 - INFO - Epoch 469/1000, Loss: 0.1169, Dice: 0.1040, MSE: 0.0432
2025-06-18 19:59:55 - INFO - Epoch 470/1000, Loss: 0.1257, Dice: 0.1130, MSE: 0.0423
2025-06-18 20:00:19 - INFO - Epoch 471/1000, Loss: 0.1220, Dice: 0.1067, MSE: 0.0508
2025-06-18 20:00:43 - INFO - Epoch 472/1000, Loss: 0.1176, Dice: 0.1032, MSE: 0.0481
2025-06-18 20:01:07 - INFO - Epoch 473/1000, Loss: 0.1158, Dice: 0.1024, MSE: 0.0447
2025-06-18 20:01:31 - INFO - Epoch 474/1000, Loss: 0.1067, Dice: 0.0930, MSE: 0.0456
2025-06-18 20:01:56 - INFO - Epoch 475/1000, Loss: 0.0966, Dice: 0.0836, MSE: 0.0433
2025-06-18 20:02:20 - INFO - Epoch 476/1000, Loss: 0.0926, Dice: 0.0787, MSE: 0.0464
2025-06-18 20:02:45 - INFO - Epoch 477/1000, Loss: 0.0941, Dice: 0.0792, MSE: 0.0494
2025-06-18 20:03:09 - INFO - Epoch 478/1000, Loss: 0.1045, Dice: 0.0916, MSE: 0.0431
2025-06-18 20:03:33 - INFO - Epoch 479/1000, Loss: 0.1238, Dice: 0.1095, MSE: 0.0477
2025-06-18 20:03:57 - INFO - Epoch 480/1000, Loss: 0.1296, Dice: 0.1144, MSE: 0.0510
2025-06-18 20:04:00 - INFO - 模型已保存至: epoch_480.pth
2025-06-18 20:04:24 - INFO - Epoch 481/1000, Loss: 0.1632, Dice: 0.1490, MSE: 0.0472
2025-06-18 20:04:48 - INFO - Epoch 482/1000, Loss: 0.1363, Dice: 0.1213, MSE: 0.0502
2025-06-18 20:05:13 - INFO - Epoch 483/1000, Loss: 0.1118, Dice: 0.0980, MSE: 0.0462
2025-06-18 20:05:37 - INFO - Epoch 484/1000, Loss: 0.1008, Dice: 0.0868, MSE: 0.0467
2025-06-18 20:06:01 - INFO - Epoch 485/1000, Loss: 0.1071, Dice: 0.0930, MSE: 0.0470
2025-06-18 20:06:26 - INFO - Epoch 486/1000, Loss: 0.0946, Dice: 0.0814, MSE: 0.0441
2025-06-18 20:06:50 - INFO - Epoch 487/1000, Loss: 0.1036, Dice: 0.0905, MSE: 0.0436
2025-06-18 20:07:14 - INFO - Epoch 488/1000, Loss: 0.1051, Dice: 0.0919, MSE: 0.0442
2025-06-18 20:07:39 - INFO - Epoch 489/1000, Loss: 0.1112, Dice: 0.0983, MSE: 0.0431
2025-06-18 20:08:03 - INFO - Epoch 490/1000, Loss: 0.1059, Dice: 0.0919, MSE: 0.0468
2025-06-18 20:08:27 - INFO - Epoch 491/1000, Loss: 0.0981, Dice: 0.0847, MSE: 0.0447
2025-06-18 20:08:51 - INFO - Epoch 492/1000, Loss: 0.0982, Dice: 0.0836, MSE: 0.0487
2025-06-18 20:09:16 - INFO - Epoch 493/1000, Loss: 0.0920, Dice: 0.0771, MSE: 0.0495
2025-06-18 20:09:40 - INFO - Epoch 494/1000, Loss: 0.0966, Dice: 0.0832, MSE: 0.0447
2025-06-18 20:10:04 - INFO - Epoch 495/1000, Loss: 0.1061, Dice: 0.0933, MSE: 0.0426
2025-06-18 20:10:29 - INFO - Epoch 496/1000, Loss: 0.1009, Dice: 0.0872, MSE: 0.0456
2025-06-18 20:10:53 - INFO - Epoch 497/1000, Loss: 0.0959, Dice: 0.0837, MSE: 0.0407
2025-06-18 20:11:17 - INFO - Epoch 498/1000, Loss: 0.0950, Dice: 0.0814, MSE: 0.0451
2025-06-18 20:11:41 - INFO - Epoch 499/1000, Loss: 0.0956, Dice: 0.0795, MSE: 0.0537
2025-06-18 20:12:06 - INFO - Epoch 500/1000, Loss: 0.1061, Dice: 0.0906, MSE: 0.0516
2025-06-18 20:12:08 - INFO - 模型已保存至: epoch_500.pth
2025-06-18 20:12:32 - INFO - Epoch 501/1000, Loss: 0.1024, Dice: 0.0886, MSE: 0.0460
2025-06-18 20:12:56 - INFO - Epoch 502/1000, Loss: 0.1063, Dice: 0.0913, MSE: 0.0499
2025-06-18 20:13:21 - INFO - Epoch 503/1000, Loss: 0.0955, Dice: 0.0804, MSE: 0.0504
2025-06-18 20:13:45 - INFO - Epoch 504/1000, Loss: 0.1033, Dice: 0.0890, MSE: 0.0476
2025-06-18 20:14:09 - INFO - Epoch 505/1000, Loss: 0.0872, Dice: 0.0727, MSE: 0.0481
2025-06-18 20:14:33 - INFO - Epoch 506/1000, Loss: 0.1081, Dice: 0.0947, MSE: 0.0447
2025-06-18 20:14:57 - INFO - Epoch 507/1000, Loss: 0.1033, Dice: 0.0905, MSE: 0.0426
2025-06-18 20:15:21 - INFO - Epoch 508/1000, Loss: 0.0919, Dice: 0.0788, MSE: 0.0437
2025-06-18 20:15:46 - INFO - Epoch 509/1000, Loss: 0.1028, Dice: 0.0905, MSE: 0.0409
2025-06-18 20:16:09 - INFO - Epoch 510/1000, Loss: 0.1027, Dice: 0.0896, MSE: 0.0437
2025-06-18 20:16:32 - INFO - Epoch 511/1000, Loss: 0.0958, Dice: 0.0830, MSE: 0.0428
2025-06-18 20:16:56 - INFO - Epoch 512/1000, Loss: 0.0911, Dice: 0.0785, MSE: 0.0418
2025-06-18 20:17:19 - INFO - Epoch 513/1000, Loss: 0.0994, Dice: 0.0862, MSE: 0.0440
2025-06-18 20:17:42 - INFO - Epoch 514/1000, Loss: 0.1132, Dice: 0.0997, MSE: 0.0449
2025-06-18 20:18:06 - INFO - Epoch 515/1000, Loss: 0.1495, Dice: 0.1360, MSE: 0.0449
2025-06-18 20:18:29 - INFO - Epoch 516/1000, Loss: 0.3258, Dice: 0.3100, MSE: 0.0524
2025-06-18 20:18:52 - INFO - Epoch 517/1000, Loss: 0.2947, Dice: 0.2811, MSE: 0.0453
2025-06-18 20:19:15 - INFO - Epoch 518/1000, Loss: 0.2684, Dice: 0.2573, MSE: 0.0372
2025-06-18 20:19:38 - INFO - Epoch 519/1000, Loss: 0.2678, Dice: 0.2574, MSE: 0.0346
2025-06-18 20:20:02 - INFO - Epoch 520/1000, Loss: 0.1899, Dice: 0.1776, MSE: 0.0412
2025-06-18 20:20:03 - INFO - 模型已保存至: epoch_520.pth
2025-06-18 20:20:26 - INFO - Epoch 521/1000, Loss: 0.1690, Dice: 0.1561, MSE: 0.0429
2025-06-18 20:20:49 - INFO - Epoch 522/1000, Loss: 0.1277, Dice: 0.1140, MSE: 0.0455
2025-06-18 20:21:13 - INFO - Epoch 523/1000, Loss: 0.1404, Dice: 0.1286, MSE: 0.0393
2025-06-18 20:21:36 - INFO - Epoch 524/1000, Loss: 0.1466, Dice: 0.1339, MSE: 0.0424
2025-06-18 20:21:59 - INFO - Epoch 525/1000, Loss: 0.1549, Dice: 0.1439, MSE: 0.0367
2025-06-18 20:22:22 - INFO - Epoch 526/1000, Loss: 0.1386, Dice: 0.1266, MSE: 0.0398
2025-06-18 20:22:45 - INFO - Epoch 527/1000, Loss: 0.1314, Dice: 0.1203, MSE: 0.0368
2025-06-18 20:23:08 - INFO - Epoch 528/1000, Loss: 0.0960, Dice: 0.0843, MSE: 0.0390
2025-06-18 20:23:32 - INFO - Epoch 529/1000, Loss: 0.1174, Dice: 0.1052, MSE: 0.0407
2025-06-18 20:23:55 - INFO - Epoch 530/1000, Loss: 0.1044, Dice: 0.0928, MSE: 0.0389
2025-06-18 20:24:18 - INFO - Epoch 531/1000, Loss: 0.1176, Dice: 0.1059, MSE: 0.0387
2025-06-18 20:24:41 - INFO - Epoch 532/1000, Loss: 0.1179, Dice: 0.1039, MSE: 0.0466
2025-06-18 20:25:05 - INFO - Epoch 533/1000, Loss: 0.0965, Dice: 0.0850, MSE: 0.0384
2025-06-18 20:25:28 - INFO - Epoch 534/1000, Loss: 0.1155, Dice: 0.1027, MSE: 0.0426
2025-06-18 20:25:51 - INFO - Epoch 535/1000, Loss: 0.1206, Dice: 0.1075, MSE: 0.0437
2025-06-18 20:26:14 - INFO - Epoch 536/1000, Loss: 0.0949, Dice: 0.0810, MSE: 0.0461
2025-06-18 20:26:37 - INFO - Epoch 537/1000, Loss: 0.0915, Dice: 0.0797, MSE: 0.0396
2025-06-18 20:27:01 - INFO - Epoch 538/1000, Loss: 0.0999, Dice: 0.0871, MSE: 0.0427
2025-06-18 20:27:24 - INFO - Epoch 539/1000, Loss: 0.1272, Dice: 0.1148, MSE: 0.0413
2025-06-18 20:27:47 - INFO - Epoch 540/1000, Loss: 0.1149, Dice: 0.1019, MSE: 0.0435
2025-06-18 20:27:49 - INFO - 模型已保存至: epoch_540.pth
2025-06-18 20:28:12 - INFO - Epoch 541/1000, Loss: 0.1373, Dice: 0.1248, MSE: 0.0418
2025-06-18 20:28:35 - INFO - Epoch 542/1000, Loss: 0.1117, Dice: 0.1005, MSE: 0.0375
2025-06-18 20:28:58 - INFO - Epoch 543/1000, Loss: 0.1020, Dice: 0.0896, MSE: 0.0414
2025-06-18 20:29:21 - INFO - Epoch 544/1000, Loss: 0.1173, Dice: 0.1051, MSE: 0.0409
2025-06-18 20:29:44 - INFO - Epoch 545/1000, Loss: 0.1029, Dice: 0.0915, MSE: 0.0378
2025-06-18 20:30:08 - INFO - Epoch 546/1000, Loss: 0.1247, Dice: 0.1112, MSE: 0.0451
2025-06-18 20:30:31 - INFO - Epoch 547/1000, Loss: 0.1294, Dice: 0.1174, MSE: 0.0398
2025-06-18 20:30:54 - INFO - Epoch 548/1000, Loss: 0.1150, Dice: 0.1039, MSE: 0.0371
2025-06-18 20:31:17 - INFO - Epoch 549/1000, Loss: 0.1114, Dice: 0.0998, MSE: 0.0387
2025-06-18 20:31:40 - INFO - Epoch 550/1000, Loss: 0.0981, Dice: 0.0861, MSE: 0.0400
2025-06-18 20:32:03 - INFO - Epoch 551/1000, Loss: 0.1013, Dice: 0.0901, MSE: 0.0375
2025-06-18 20:32:27 - INFO - Epoch 552/1000, Loss: 0.1029, Dice: 0.0903, MSE: 0.0422
2025-06-18 20:32:50 - INFO - Epoch 553/1000, Loss: 0.1063, Dice: 0.0941, MSE: 0.0406
2025-06-18 20:33:13 - INFO - Epoch 554/1000, Loss: 0.0967, Dice: 0.0843, MSE: 0.0414
2025-06-18 20:33:36 - INFO - Epoch 555/1000, Loss: 0.1050, Dice: 0.0951, MSE: 0.0328
2025-06-18 20:33:59 - INFO - Epoch 556/1000, Loss: 0.0926, Dice: 0.0808, MSE: 0.0394
2025-06-18 20:34:23 - INFO - Epoch 557/1000, Loss: 0.1006, Dice: 0.0889, MSE: 0.0390
2025-06-18 20:34:46 - INFO - Epoch 558/1000, Loss: 0.0938, Dice: 0.0821, MSE: 0.0390
2025-06-18 20:35:09 - INFO - Epoch 559/1000, Loss: 0.1084, Dice: 0.0962, MSE: 0.0407
2025-06-18 20:35:32 - INFO - Epoch 560/1000, Loss: 0.1103, Dice: 0.0971, MSE: 0.0443
2025-06-18 20:35:33 - INFO - 模型已保存至: epoch_560.pth
2025-06-18 20:35:56 - INFO - Epoch 561/1000, Loss: 0.0950, Dice: 0.0826, MSE: 0.0411
2025-06-18 20:36:19 - INFO - Epoch 562/1000, Loss: 0.1002, Dice: 0.0883, MSE: 0.0396
2025-06-18 20:36:43 - INFO - Epoch 563/1000, Loss: 0.0889, Dice: 0.0760, MSE: 0.0429
2025-06-18 20:37:06 - INFO - Epoch 564/1000, Loss: 0.1214, Dice: 0.1073, MSE: 0.0470
2025-06-18 20:37:29 - INFO - Epoch 565/1000, Loss: 0.0944, Dice: 0.0812, MSE: 0.0439
2025-06-18 20:37:52 - INFO - Epoch 566/1000, Loss: 0.1217, Dice: 0.1081, MSE: 0.0454
2025-06-18 20:38:16 - INFO - Epoch 567/1000, Loss: 0.1009, Dice: 0.0894, MSE: 0.0385
2025-06-18 20:38:39 - INFO - Epoch 568/1000, Loss: 0.1022, Dice: 0.0902, MSE: 0.0399
2025-06-18 20:39:02 - INFO - Epoch 569/1000, Loss: 0.1482, Dice: 0.1364, MSE: 0.0396
2025-06-18 20:39:26 - INFO - Epoch 570/1000, Loss: 0.1341, Dice: 0.1219, MSE: 0.0405
2025-06-18 20:39:49 - INFO - Epoch 571/1000, Loss: 0.1040, Dice: 0.0916, MSE: 0.0413
2025-06-18 20:40:12 - INFO - Epoch 572/1000, Loss: 0.1069, Dice: 0.0951, MSE: 0.0391
2025-06-18 20:40:35 - INFO - Epoch 573/1000, Loss: 0.1067, Dice: 0.0949, MSE: 0.0391
2025-06-18 20:40:58 - INFO - Epoch 574/1000, Loss: 0.1018, Dice: 0.0900, MSE: 0.0393
2025-06-18 20:41:21 - INFO - Epoch 575/1000, Loss: 0.0964, Dice: 0.0841, MSE: 0.0409
2025-06-18 20:41:45 - INFO - Epoch 576/1000, Loss: 0.0883, Dice: 0.0767, MSE: 0.0387
2025-06-18 20:42:08 - INFO - Epoch 577/1000, Loss: 0.0927, Dice: 0.0801, MSE: 0.0419
2025-06-18 20:42:31 - INFO - Epoch 578/1000, Loss: 0.1244, Dice: 0.1112, MSE: 0.0443
2025-06-18 20:42:54 - INFO - Epoch 579/1000, Loss: 0.1483, Dice: 0.1361, MSE: 0.0407
2025-06-18 20:43:17 - INFO - Epoch 580/1000, Loss: 0.2893, Dice: 0.2759, MSE: 0.0446
2025-06-18 20:43:18 - INFO - 模型已保存至: epoch_580.pth
2025-06-18 20:43:42 - INFO - Epoch 581/1000, Loss: 0.2226, Dice: 0.2103, MSE: 0.0410
2025-06-18 20:44:05 - INFO - Epoch 582/1000, Loss: 0.1425, Dice: 0.1297, MSE: 0.0425
2025-06-18 20:44:28 - INFO - Epoch 583/1000, Loss: 0.1520, Dice: 0.1398, MSE: 0.0404
2025-06-18 20:44:51 - INFO - Epoch 584/1000, Loss: 0.1069, Dice: 0.0957, MSE: 0.0374
2025-06-18 20:45:14 - INFO - Epoch 585/1000, Loss: 0.1113, Dice: 0.1007, MSE: 0.0355
2025-06-18 20:45:38 - INFO - Epoch 586/1000, Loss: 0.1015, Dice: 0.0904, MSE: 0.0369
2025-06-18 20:46:01 - INFO - Epoch 587/1000, Loss: 0.1091, Dice: 0.0982, MSE: 0.0363
2025-06-18 20:46:24 - INFO - Epoch 588/1000, Loss: 0.1197, Dice: 0.1084, MSE: 0.0378
2025-06-18 20:46:47 - INFO - Epoch 589/1000, Loss: 0.1028, Dice: 0.0913, MSE: 0.0383
2025-06-18 20:47:10 - INFO - Epoch 590/1000, Loss: 0.1071, Dice: 0.0954, MSE: 0.0388
2025-06-18 20:47:33 - INFO - Epoch 591/1000, Loss: 0.1150, Dice: 0.1040, MSE: 0.0366
2025-06-18 20:47:57 - INFO - Epoch 592/1000, Loss: 0.0933, Dice: 0.0825, MSE: 0.0362
2025-06-18 20:48:20 - INFO - Epoch 593/1000, Loss: 0.0966, Dice: 0.0848, MSE: 0.0393
2025-06-18 20:48:43 - INFO - Epoch 594/1000, Loss: 0.0971, Dice: 0.0855, MSE: 0.0386
2025-06-18 20:49:06 - INFO - Epoch 595/1000, Loss: 0.1011, Dice: 0.0886, MSE: 0.0416
2025-06-18 20:49:30 - INFO - Epoch 596/1000, Loss: 0.1118, Dice: 0.0985, MSE: 0.0442
2025-06-18 20:49:53 - INFO - Epoch 597/1000, Loss: 0.0956, Dice: 0.0832, MSE: 0.0411
2025-06-18 20:50:16 - INFO - Epoch 598/1000, Loss: 0.1128, Dice: 0.0997, MSE: 0.0437
2025-06-18 20:50:39 - INFO - Epoch 599/1000, Loss: 0.1027, Dice: 0.0887, MSE: 0.0465
2025-06-18 20:51:03 - INFO - Epoch 600/1000, Loss: 0.0940, Dice: 0.0801, MSE: 0.0463
2025-06-18 20:51:04 - INFO - 模型已保存至: epoch_600.pth
2025-06-18 20:51:27 - INFO - Epoch 601/1000, Loss: 0.0924, Dice: 0.0796, MSE: 0.0425
2025-06-18 20:51:50 - INFO - Epoch 602/1000, Loss: 0.0950, Dice: 0.0819, MSE: 0.0435
2025-06-18 20:52:13 - INFO - Epoch 603/1000, Loss: 0.0910, Dice: 0.0791, MSE: 0.0395
2025-06-18 20:52:37 - INFO - Epoch 604/1000, Loss: 0.0959, Dice: 0.0846, MSE: 0.0375
2025-06-18 20:53:00 - INFO - Epoch 605/1000, Loss: 0.1008, Dice: 0.0902, MSE: 0.0354
2025-06-18 20:53:23 - INFO - Epoch 606/1000, Loss: 0.1234, Dice: 0.1114, MSE: 0.0402
2025-06-18 20:53:46 - INFO - Epoch 607/1000, Loss: 0.0909, Dice: 0.0796, MSE: 0.0379
2025-06-18 20:54:09 - INFO - Epoch 608/1000, Loss: 0.0981, Dice: 0.0872, MSE: 0.0364
2025-06-18 20:54:33 - INFO - Epoch 609/1000, Loss: 0.0880, Dice: 0.0760, MSE: 0.0400
2025-06-18 20:54:56 - INFO - Epoch 610/1000, Loss: 0.0968, Dice: 0.0851, MSE: 0.0390
2025-06-18 20:55:19 - INFO - Epoch 611/1000, Loss: 0.1000, Dice: 0.0888, MSE: 0.0373
2025-06-18 20:55:42 - INFO - Epoch 612/1000, Loss: 0.0966, Dice: 0.0851, MSE: 0.0382
2025-06-18 20:56:05 - INFO - Epoch 613/1000, Loss: 0.0935, Dice: 0.0815, MSE: 0.0401
2025-06-18 20:56:28 - INFO - Epoch 614/1000, Loss: 0.1270, Dice: 0.1146, MSE: 0.0413
2025-06-18 20:56:52 - INFO - Epoch 615/1000, Loss: 0.0824, Dice: 0.0704, MSE: 0.0398
2025-06-18 20:57:15 - INFO - Epoch 616/1000, Loss: 0.1005, Dice: 0.0891, MSE: 0.0377
2025-06-18 20:57:38 - INFO - Epoch 617/1000, Loss: 0.0818, Dice: 0.0710, MSE: 0.0360
2025-06-18 20:58:01 - INFO - Epoch 618/1000, Loss: 0.0869, Dice: 0.0752, MSE: 0.0389
2025-06-18 20:58:24 - INFO - Epoch 619/1000, Loss: 0.0860, Dice: 0.0736, MSE: 0.0411
2025-06-18 20:58:48 - INFO - Epoch 620/1000, Loss: 0.0909, Dice: 0.0786, MSE: 0.0407
2025-06-18 20:58:49 - INFO - 模型已保存至: epoch_620.pth
2025-06-18 20:59:12 - INFO - Epoch 621/1000, Loss: 0.1287, Dice: 0.1179, MSE: 0.0359
2025-06-18 20:59:35 - INFO - Epoch 622/1000, Loss: 0.0971, Dice: 0.0847, MSE: 0.0413
2025-06-18 20:59:59 - INFO - Epoch 623/1000, Loss: 0.0797, Dice: 0.0680, MSE: 0.0391
2025-06-18 21:00:22 - INFO - Epoch 624/1000, Loss: 0.0881, Dice: 0.0770, MSE: 0.0372
2025-06-18 21:00:45 - INFO - Epoch 625/1000, Loss: 0.1039, Dice: 0.0924, MSE: 0.0385
2025-06-18 21:01:08 - INFO - Epoch 626/1000, Loss: 0.0841, Dice: 0.0733, MSE: 0.0361
2025-06-18 21:01:31 - INFO - Epoch 627/1000, Loss: 0.0862, Dice: 0.0757, MSE: 0.0350
2025-06-18 21:01:54 - INFO - Epoch 628/1000, Loss: 0.0832, Dice: 0.0707, MSE: 0.0417
2025-06-18 21:02:18 - INFO - Epoch 629/1000, Loss: 0.0809, Dice: 0.0689, MSE: 0.0397
2025-06-18 21:02:41 - INFO - Epoch 630/1000, Loss: 0.0830, Dice: 0.0717, MSE: 0.0376
2025-06-18 21:03:04 - INFO - Epoch 631/1000, Loss: 0.1046, Dice: 0.0926, MSE: 0.0398
2025-06-18 21:03:28 - INFO - Epoch 632/1000, Loss: 0.1274, Dice: 0.1151, MSE: 0.0409
2025-06-18 21:03:51 - INFO - Epoch 633/1000, Loss: 0.1024, Dice: 0.0912, MSE: 0.0372
2025-06-18 21:04:14 - INFO - Epoch 634/1000, Loss: 0.1094, Dice: 0.0947, MSE: 0.0492
2025-06-18 21:04:37 - INFO - Epoch 635/1000, Loss: 0.1057, Dice: 0.0919, MSE: 0.0460
2025-06-18 21:05:00 - INFO - Epoch 636/1000, Loss: 0.0977, Dice: 0.0850, MSE: 0.0425
2025-06-18 21:05:24 - INFO - Epoch 637/1000, Loss: 0.1068, Dice: 0.0940, MSE: 0.0426
2025-06-18 21:05:47 - INFO - Epoch 638/1000, Loss: 0.1114, Dice: 0.1000, MSE: 0.0381
2025-06-18 21:06:10 - INFO - Epoch 639/1000, Loss: 0.0937, Dice: 0.0816, MSE: 0.0404
2025-06-18 21:06:33 - INFO - Epoch 640/1000, Loss: 0.1024, Dice: 0.0918, MSE: 0.0353
2025-06-18 21:06:34 - INFO - 模型已保存至: epoch_640.pth
2025-06-18 21:06:57 - INFO - Epoch 641/1000, Loss: 0.0865, Dice: 0.0752, MSE: 0.0374
2025-06-18 21:07:21 - INFO - Epoch 642/1000, Loss: 0.0944, Dice: 0.0828, MSE: 0.0387
2025-06-18 21:07:44 - INFO - Epoch 643/1000, Loss: 0.0861, Dice: 0.0749, MSE: 0.0374
2025-06-18 21:08:07 - INFO - Epoch 644/1000, Loss: 0.0915, Dice: 0.0790, MSE: 0.0414
2025-06-18 21:08:31 - INFO - Epoch 645/1000, Loss: 0.0934, Dice: 0.0825, MSE: 0.0360
2025-06-18 21:08:54 - INFO - Epoch 646/1000, Loss: 0.0947, Dice: 0.0834, MSE: 0.0379
2025-06-18 21:09:17 - INFO - Epoch 647/1000, Loss: 0.0742, Dice: 0.0629, MSE: 0.0375
2025-06-18 21:09:40 - INFO - Epoch 648/1000, Loss: 0.1136, Dice: 0.1016, MSE: 0.0402
2025-06-18 21:10:04 - INFO - Epoch 649/1000, Loss: 0.1371, Dice: 0.1269, MSE: 0.0339
2025-06-18 21:10:27 - INFO - Epoch 650/1000, Loss: 0.0965, Dice: 0.0850, MSE: 0.0384
2025-06-18 21:10:50 - INFO - Epoch 651/1000, Loss: 0.1081, Dice: 0.0964, MSE: 0.0390
2025-06-18 21:11:13 - INFO - Epoch 652/1000, Loss: 0.0859, Dice: 0.0741, MSE: 0.0392
2025-06-18 21:11:37 - INFO - Epoch 653/1000, Loss: 0.0964, Dice: 0.0855, MSE: 0.0363
2025-06-18 21:12:00 - INFO - Epoch 654/1000, Loss: 0.0820, Dice: 0.0707, MSE: 0.0378
2025-06-18 21:12:23 - INFO - Epoch 655/1000, Loss: 0.0992, Dice: 0.0876, MSE: 0.0388
2025-06-18 21:12:46 - INFO - Epoch 656/1000, Loss: 0.1036, Dice: 0.0929, MSE: 0.0356
2025-06-18 21:13:10 - INFO - Epoch 657/1000, Loss: 0.0969, Dice: 0.0861, MSE: 0.0360
2025-06-18 21:13:33 - INFO - Epoch 658/1000, Loss: 0.0805, Dice: 0.0691, MSE: 0.0381
2025-06-18 21:13:56 - INFO - Epoch 659/1000, Loss: 0.0882, Dice: 0.0782, MSE: 0.0332
2025-06-18 21:14:19 - INFO - Epoch 660/1000, Loss: 0.0863, Dice: 0.0739, MSE: 0.0412
2025-06-18 21:14:20 - INFO - 模型已保存至: epoch_660.pth
2025-06-18 21:14:44 - INFO - Epoch 661/1000, Loss: 0.0818, Dice: 0.0710, MSE: 0.0360
2025-06-18 21:15:07 - INFO - Epoch 662/1000, Loss: 0.0882, Dice: 0.0764, MSE: 0.0394
2025-06-18 21:15:32 - INFO - Epoch 663/1000, Loss: 0.0961, Dice: 0.0858, MSE: 0.0344
2025-06-18 21:15:55 - INFO - Epoch 664/1000, Loss: 0.0853, Dice: 0.0739, MSE: 0.0381
2025-06-18 21:16:18 - INFO - Epoch 665/1000, Loss: 0.0859, Dice: 0.0738, MSE: 0.0401
2025-06-18 21:16:41 - INFO - Epoch 666/1000, Loss: 0.0909, Dice: 0.0801, MSE: 0.0358
2025-06-18 21:17:04 - INFO - Epoch 667/1000, Loss: 0.0784, Dice: 0.0669, MSE: 0.0385
2025-06-18 21:17:28 - INFO - Epoch 668/1000, Loss: 0.0899, Dice: 0.0782, MSE: 0.0389
2025-06-18 21:17:51 - INFO - Epoch 669/1000, Loss: 0.0830, Dice: 0.0716, MSE: 0.0381
2025-06-18 21:18:15 - INFO - Epoch 670/1000, Loss: 0.0893, Dice: 0.0772, MSE: 0.0402
2025-06-18 21:18:38 - INFO - Epoch 671/1000, Loss: 0.3670, Dice: 0.3547, MSE: 0.0409
2025-06-18 21:19:01 - INFO - Epoch 672/1000, Loss: 0.2916, Dice: 0.2807, MSE: 0.0363
2025-06-18 21:19:24 - INFO - Epoch 673/1000, Loss: 0.2110, Dice: 0.1984, MSE: 0.0418
2025-06-18 21:19:48 - INFO - Epoch 674/1000, Loss: 0.2144, Dice: 0.2044, MSE: 0.0334
2025-06-18 21:20:11 - INFO - Epoch 675/1000, Loss: 0.1837, Dice: 0.1735, MSE: 0.0340
2025-06-18 21:20:34 - INFO - Epoch 676/1000, Loss: 0.1520, Dice: 0.1404, MSE: 0.0387
2025-06-18 21:20:58 - INFO - Epoch 677/1000, Loss: 0.2247, Dice: 0.2140, MSE: 0.0356
2025-06-18 21:21:21 - INFO - Epoch 678/1000, Loss: 0.2263, Dice: 0.2172, MSE: 0.0301
2025-06-18 21:21:44 - INFO - Epoch 679/1000, Loss: 0.1732, Dice: 0.1649, MSE: 0.0277
2025-06-18 21:22:08 - INFO - Epoch 680/1000, Loss: 0.1532, Dice: 0.1446, MSE: 0.0287
2025-06-18 21:22:09 - INFO - 模型已保存至: epoch_680.pth
2025-06-18 21:22:32 - INFO - Epoch 681/1000, Loss: 0.1411, Dice: 0.1313, MSE: 0.0327
2025-06-18 21:22:56 - INFO - Epoch 682/1000, Loss: 0.1504, Dice: 0.1412, MSE: 0.0307
2025-06-18 21:23:19 - INFO - Epoch 683/1000, Loss: 0.1192, Dice: 0.1091, MSE: 0.0335
2025-06-18 21:23:42 - INFO - Epoch 684/1000, Loss: 0.1069, Dice: 0.0971, MSE: 0.0327
2025-06-18 21:24:06 - INFO - Epoch 685/1000, Loss: 0.1123, Dice: 0.1020, MSE: 0.0344
2025-06-18 21:24:29 - INFO - Epoch 686/1000, Loss: 0.1207, Dice: 0.1104, MSE: 0.0344
2025-06-18 21:24:52 - INFO - Epoch 687/1000, Loss: 0.1243, Dice: 0.1145, MSE: 0.0328
2025-06-18 21:25:15 - INFO - Epoch 688/1000, Loss: 0.1207, Dice: 0.1115, MSE: 0.0308
2025-06-18 21:25:39 - INFO - Epoch 689/1000, Loss: 0.1217, Dice: 0.1115, MSE: 0.0342
2025-06-18 21:26:02 - INFO - Epoch 690/1000, Loss: 0.1423, Dice: 0.1327, MSE: 0.0318
2025-06-18 21:26:25 - INFO - Epoch 691/1000, Loss: 0.1162, Dice: 0.1055, MSE: 0.0357
2025-06-18 21:26:48 - INFO - Epoch 692/1000, Loss: 0.1415, Dice: 0.1306, MSE: 0.0361
2025-06-18 21:27:12 - INFO - Epoch 693/1000, Loss: 0.1619, Dice: 0.1509, MSE: 0.0364
2025-06-18 21:27:35 - INFO - Epoch 694/1000, Loss: 0.1251, Dice: 0.1141, MSE: 0.0364
2025-06-18 21:27:59 - INFO - Epoch 695/1000, Loss: 0.1256, Dice: 0.1144, MSE: 0.0373
2025-06-18 21:28:22 - INFO - Epoch 696/1000, Loss: 0.1222, Dice: 0.1104, MSE: 0.0393
2025-06-18 21:28:46 - INFO - Epoch 697/1000, Loss: 0.1125, Dice: 0.1019, MSE: 0.0355
2025-06-18 21:29:09 - INFO - Epoch 698/1000, Loss: 0.0937, Dice: 0.0829, MSE: 0.0362
2025-06-18 21:29:32 - INFO - Epoch 699/1000, Loss: 0.1024, Dice: 0.0897, MSE: 0.0421
2025-06-18 21:29:56 - INFO - Epoch 700/1000, Loss: 0.1021, Dice: 0.0908, MSE: 0.0376
2025-06-18 21:29:57 - INFO - 模型已保存至: epoch_700.pth
2025-06-18 21:30:20 - INFO - Epoch 701/1000, Loss: 0.1401, Dice: 0.1301, MSE: 0.0332
2025-06-18 21:30:43 - INFO - Epoch 702/1000, Loss: 0.0930, Dice: 0.0812, MSE: 0.0393
2025-06-18 21:31:07 - INFO - Epoch 703/1000, Loss: 0.0952, Dice: 0.0851, MSE: 0.0337
2025-06-18 21:31:30 - INFO - Epoch 704/1000, Loss: 0.0823, Dice: 0.0729, MSE: 0.0313
2025-06-18 21:31:53 - INFO - Epoch 705/1000, Loss: 0.1074, Dice: 0.0978, MSE: 0.0319
2025-06-18 21:32:17 - INFO - Epoch 706/1000, Loss: 0.0814, Dice: 0.0704, MSE: 0.0366
2025-06-18 21:32:40 - INFO - Epoch 707/1000, Loss: 0.0803, Dice: 0.0700, MSE: 0.0345
2025-06-18 21:33:03 - INFO - Epoch 708/1000, Loss: 0.1089, Dice: 0.0981, MSE: 0.0357
2025-06-18 21:33:27 - INFO - Epoch 709/1000, Loss: 0.0943, Dice: 0.0834, MSE: 0.0361
2025-06-18 21:33:50 - INFO - Epoch 710/1000, Loss: 0.0889, Dice: 0.0786, MSE: 0.0342
2025-06-18 21:34:13 - INFO - Epoch 711/1000, Loss: 0.1060, Dice: 0.0954, MSE: 0.0355
2025-06-18 21:34:37 - INFO - Epoch 712/1000, Loss: 0.0929, Dice: 0.0823, MSE: 0.0354
2025-06-18 21:35:00 - INFO - Epoch 713/1000, Loss: 0.1094, Dice: 0.0984, MSE: 0.0365
2025-06-18 21:35:23 - INFO - Epoch 714/1000, Loss: 0.0798, Dice: 0.0690, MSE: 0.0359
2025-06-18 21:35:47 - INFO - Epoch 715/1000, Loss: 0.0965, Dice: 0.0856, MSE: 0.0363
2025-06-18 21:36:10 - INFO - Epoch 716/1000, Loss: 0.1101, Dice: 0.0983, MSE: 0.0393
2025-06-18 21:36:33 - INFO - Epoch 717/1000, Loss: 0.0954, Dice: 0.0841, MSE: 0.0376
2025-06-18 21:36:56 - INFO - Epoch 718/1000, Loss: 0.0935, Dice: 0.0840, MSE: 0.0316
2025-06-18 21:37:20 - INFO - Epoch 719/1000, Loss: 0.0982, Dice: 0.0880, MSE: 0.0338
2025-06-18 21:37:43 - INFO - Epoch 720/1000, Loss: 0.1100, Dice: 0.0993, MSE: 0.0358
2025-06-18 21:37:44 - INFO - 模型已保存至: epoch_720.pth
2025-06-18 21:38:08 - INFO - Epoch 721/1000, Loss: 0.0918, Dice: 0.0822, MSE: 0.0322
2025-06-18 21:38:31 - INFO - Epoch 722/1000, Loss: 0.1037, Dice: 0.0930, MSE: 0.0355
2025-06-18 21:38:54 - INFO - Epoch 723/1000, Loss: 0.0869, Dice: 0.0765, MSE: 0.0348
2025-06-18 21:39:18 - INFO - Epoch 724/1000, Loss: 0.1116, Dice: 0.1001, MSE: 0.0385
2025-06-18 21:39:41 - INFO - Epoch 725/1000, Loss: 0.1136, Dice: 0.1034, MSE: 0.0339
2025-06-18 21:40:04 - INFO - Epoch 726/1000, Loss: 0.1073, Dice: 0.0962, MSE: 0.0370
2025-06-18 21:40:28 - INFO - Epoch 727/1000, Loss: 0.0852, Dice: 0.0736, MSE: 0.0389
2025-06-18 21:40:51 - INFO - Epoch 728/1000, Loss: 0.1014, Dice: 0.0899, MSE: 0.0384
2025-06-18 21:41:15 - INFO - Epoch 729/1000, Loss: 0.1062, Dice: 0.0945, MSE: 0.0390
2025-06-18 21:41:38 - INFO - Epoch 730/1000, Loss: 0.0991, Dice: 0.0880, MSE: 0.0372
2025-06-18 21:42:01 - INFO - Epoch 731/1000, Loss: 0.0840, Dice: 0.0732, MSE: 0.0359
2025-06-18 21:42:24 - INFO - Epoch 732/1000, Loss: 0.0941, Dice: 0.0828, MSE: 0.0377
2025-06-18 21:42:48 - INFO - Epoch 733/1000, Loss: 0.1077, Dice: 0.0972, MSE: 0.0349
2025-06-18 21:43:11 - INFO - Epoch 734/1000, Loss: 0.0895, Dice: 0.0788, MSE: 0.0357
2025-06-18 21:43:34 - INFO - Epoch 735/1000, Loss: 0.0877, Dice: 0.0775, MSE: 0.0340
2025-06-18 21:43:57 - INFO - Epoch 736/1000, Loss: 0.1110, Dice: 0.0999, MSE: 0.0369
2025-06-18 21:44:21 - INFO - Epoch 737/1000, Loss: 0.0961, Dice: 0.0849, MSE: 0.0373
2025-06-18 21:44:44 - INFO - Epoch 738/1000, Loss: 0.0885, Dice: 0.0772, MSE: 0.0379
2025-06-18 21:45:07 - INFO - Epoch 739/1000, Loss: 0.0935, Dice: 0.0819, MSE: 0.0386
2025-06-18 21:45:31 - INFO - Epoch 740/1000, Loss: 0.0810, Dice: 0.0698, MSE: 0.0371
2025-06-18 21:45:32 - INFO - 模型已保存至: epoch_740.pth
2025-06-18 21:45:55 - INFO - Epoch 741/1000, Loss: 0.0846, Dice: 0.0738, MSE: 0.0362
2025-06-18 21:46:19 - INFO - Epoch 742/1000, Loss: 0.0843, Dice: 0.0743, MSE: 0.0333
2025-06-18 21:46:42 - INFO - Epoch 743/1000, Loss: 0.0961, Dice: 0.0847, MSE: 0.0378
2025-06-18 21:47:05 - INFO - Epoch 744/1000, Loss: 0.0750, Dice: 0.0638, MSE: 0.0372
2025-06-18 21:47:28 - INFO - Epoch 745/1000, Loss: 0.0960, Dice: 0.0852, MSE: 0.0361
2025-06-18 21:47:52 - INFO - Epoch 746/1000, Loss: 0.0972, Dice: 0.0877, MSE: 0.0316
2025-06-18 21:48:15 - INFO - Epoch 747/1000, Loss: 0.0828, Dice: 0.0714, MSE: 0.0378
2025-06-18 21:48:38 - INFO - Epoch 748/1000, Loss: 0.0905, Dice: 0.0798, MSE: 0.0356
2025-06-18 21:49:02 - INFO - Epoch 749/1000, Loss: 0.0885, Dice: 0.0772, MSE: 0.0374
2025-06-18 21:49:25 - INFO - Epoch 750/1000, Loss: 0.0994, Dice: 0.0891, MSE: 0.0344
2025-06-18 21:49:49 - INFO - Epoch 751/1000, Loss: 0.1028, Dice: 0.0909, MSE: 0.0397
2025-06-18 21:50:12 - INFO - Epoch 752/1000, Loss: 0.0989, Dice: 0.0884, MSE: 0.0349
2025-06-18 21:50:35 - INFO - Epoch 753/1000, Loss: 0.0930, Dice: 0.0823, MSE: 0.0356
2025-06-18 21:50:58 - INFO - Epoch 754/1000, Loss: 0.0893, Dice: 0.0788, MSE: 0.0350
2025-06-18 21:51:22 - INFO - Epoch 755/1000, Loss: 0.0846, Dice: 0.0742, MSE: 0.0347
2025-06-18 21:51:45 - INFO - Epoch 756/1000, Loss: 0.0959, Dice: 0.0860, MSE: 0.0330
2025-06-18 21:52:09 - INFO - Epoch 757/1000, Loss: 0.0873, Dice: 0.0770, MSE: 0.0341
2025-06-18 21:52:32 - INFO - Epoch 758/1000, Loss: 0.1024, Dice: 0.0914, MSE: 0.0365
2025-06-18 21:52:55 - INFO - Epoch 759/1000, Loss: 0.0796, Dice: 0.0686, MSE: 0.0366
2025-06-18 21:53:18 - INFO - Epoch 760/1000, Loss: 0.0834, Dice: 0.0724, MSE: 0.0365
2025-06-18 21:53:19 - INFO - 模型已保存至: epoch_760.pth
2025-06-18 21:53:43 - INFO - Epoch 761/1000, Loss: 0.0974, Dice: 0.0863, MSE: 0.0371
2025-06-18 21:54:06 - INFO - Epoch 762/1000, Loss: 0.0938, Dice: 0.0820, MSE: 0.0393
2025-06-18 21:54:29 - INFO - Epoch 763/1000, Loss: 0.1076, Dice: 0.0967, MSE: 0.0363
2025-06-18 21:54:53 - INFO - Epoch 764/1000, Loss: 0.1039, Dice: 0.0923, MSE: 0.0386
2025-06-18 21:55:16 - INFO - Epoch 765/1000, Loss: 0.0957, Dice: 0.0852, MSE: 0.0351
2025-06-18 21:55:39 - INFO - Epoch 766/1000, Loss: 0.0999, Dice: 0.0887, MSE: 0.0375
2025-06-18 21:56:03 - INFO - Epoch 767/1000, Loss: 0.0767, Dice: 0.0652, MSE: 0.0381
2025-06-18 21:56:26 - INFO - Epoch 768/1000, Loss: 0.1025, Dice: 0.0911, MSE: 0.0379
2025-06-18 21:56:49 - INFO - Epoch 769/1000, Loss: 0.1352, Dice: 0.1234, MSE: 0.0396
2025-06-18 21:57:13 - INFO - Epoch 770/1000, Loss: 0.1019, Dice: 0.0911, MSE: 0.0358
2025-06-18 21:57:36 - INFO - Epoch 771/1000, Loss: 0.1398, Dice: 0.1288, MSE: 0.0368
2025-06-18 21:57:59 - INFO - Epoch 772/1000, Loss: 0.1399, Dice: 0.1278, MSE: 0.0404
2025-06-18 21:58:22 - INFO - Epoch 773/1000, Loss: 0.1502, Dice: 0.1393, MSE: 0.0362
2025-06-18 21:58:46 - INFO - Epoch 774/1000, Loss: 0.1118, Dice: 0.1018, MSE: 0.0335
2025-06-18 21:59:09 - INFO - Epoch 775/1000, Loss: 0.1036, Dice: 0.0926, MSE: 0.0367
2025-06-18 21:59:32 - INFO - Epoch 776/1000, Loss: 0.0939, Dice: 0.0824, MSE: 0.0383
2025-06-18 21:59:56 - INFO - Epoch 777/1000, Loss: 0.0973, Dice: 0.0876, MSE: 0.0321
2025-06-18 22:00:19 - INFO - Epoch 778/1000, Loss: 0.0950, Dice: 0.0854, MSE: 0.0321
2025-06-18 22:00:42 - INFO - Epoch 779/1000, Loss: 0.0980, Dice: 0.0881, MSE: 0.0330
2025-06-18 22:01:06 - INFO - Epoch 780/1000, Loss: 0.0880, Dice: 0.0787, MSE: 0.0310
2025-06-18 22:01:07 - INFO - 模型已保存至: epoch_780.pth
2025-06-18 22:01:30 - INFO - Epoch 781/1000, Loss: 0.0924, Dice: 0.0816, MSE: 0.0362
2025-06-18 22:01:54 - INFO - Epoch 782/1000, Loss: 0.0858, Dice: 0.0757, MSE: 0.0336
2025-06-18 22:02:17 - INFO - Epoch 783/1000, Loss: 0.1149, Dice: 0.1039, MSE: 0.0367
2025-06-18 22:02:40 - INFO - Epoch 784/1000, Loss: 0.1080, Dice: 0.0961, MSE: 0.0396
2025-06-18 22:03:03 - INFO - Epoch 785/1000, Loss: 0.0796, Dice: 0.0692, MSE: 0.0344
2025-06-18 22:03:27 - INFO - Epoch 786/1000, Loss: 0.0879, Dice: 0.0773, MSE: 0.0353
2025-06-18 22:03:50 - INFO - Epoch 787/1000, Loss: 0.0835, Dice: 0.0726, MSE: 0.0364
2025-06-18 22:04:13 - INFO - Epoch 788/1000, Loss: 0.0961, Dice: 0.0849, MSE: 0.0375
2025-06-18 22:04:37 - INFO - Epoch 789/1000, Loss: 0.0876, Dice: 0.0772, MSE: 0.0349
2025-06-18 22:05:00 - INFO - Epoch 790/1000, Loss: 0.0906, Dice: 0.0803, MSE: 0.0346
2025-06-18 22:05:23 - INFO - Epoch 791/1000, Loss: 0.0831, Dice: 0.0727, MSE: 0.0348
2025-06-18 22:05:46 - INFO - Epoch 792/1000, Loss: 0.0772, Dice: 0.0662, MSE: 0.0365
2025-06-18 22:06:09 - INFO - Epoch 793/1000, Loss: 0.0962, Dice: 0.0849, MSE: 0.0376
2025-06-18 22:06:33 - INFO - Epoch 794/1000, Loss: 0.0982, Dice: 0.0867, MSE: 0.0384
2025-06-18 22:06:56 - INFO - Epoch 795/1000, Loss: 0.1023, Dice: 0.0916, MSE: 0.0358
2025-06-18 22:07:20 - INFO - Epoch 796/1000, Loss: 0.1223, Dice: 0.1106, MSE: 0.0390
2025-06-18 22:07:43 - INFO - Epoch 797/1000, Loss: 0.0898, Dice: 0.0775, MSE: 0.0413
2025-06-18 22:08:06 - INFO - Epoch 798/1000, Loss: 0.1085, Dice: 0.0981, MSE: 0.0348
2025-06-18 22:08:29 - INFO - Epoch 799/1000, Loss: 0.0891, Dice: 0.0786, MSE: 0.0350
2025-06-18 22:08:53 - INFO - Epoch 800/1000, Loss: 0.0826, Dice: 0.0714, MSE: 0.0371
2025-06-18 22:08:54 - INFO - 模型已保存至: epoch_800.pth
2025-06-18 22:09:17 - INFO - Epoch 801/1000, Loss: 0.0822, Dice: 0.0715, MSE: 0.0359
2025-06-18 22:09:41 - INFO - Epoch 802/1000, Loss: 0.1083, Dice: 0.0968, MSE: 0.0383
2025-06-18 22:10:04 - INFO - Epoch 803/1000, Loss: 0.0888, Dice: 0.0745, MSE: 0.0477
2025-06-18 22:10:27 - INFO - Epoch 804/1000, Loss: 0.0881, Dice: 0.0765, MSE: 0.0387
2025-06-18 22:10:50 - INFO - Epoch 805/1000, Loss: 0.1492, Dice: 0.1375, MSE: 0.0389
2025-06-18 22:11:14 - INFO - Epoch 806/1000, Loss: 0.1081, Dice: 0.0962, MSE: 0.0396
2025-06-18 22:11:37 - INFO - Epoch 807/1000, Loss: 0.1283, Dice: 0.1153, MSE: 0.0436
2025-06-18 22:12:01 - INFO - Epoch 808/1000, Loss: 0.1285, Dice: 0.1165, MSE: 0.0400
2025-06-18 22:12:24 - INFO - Epoch 809/1000, Loss: 0.1033, Dice: 0.0933, MSE: 0.0335
2025-06-18 22:12:47 - INFO - Epoch 810/1000, Loss: 0.0996, Dice: 0.0884, MSE: 0.0372
2025-06-18 22:13:11 - INFO - Epoch 811/1000, Loss: 0.1001, Dice: 0.0883, MSE: 0.0393
2025-06-18 22:13:34 - INFO - Epoch 812/1000, Loss: 0.1048, Dice: 0.0936, MSE: 0.0375
2025-06-18 22:13:57 - INFO - Epoch 813/1000, Loss: 0.1027, Dice: 0.0908, MSE: 0.0398
2025-06-18 22:14:21 - INFO - Epoch 814/1000, Loss: 0.0974, Dice: 0.0873, MSE: 0.0337
2025-06-18 22:14:44 - INFO - Epoch 815/1000, Loss: 0.0887, Dice: 0.0778, MSE: 0.0363
2025-06-18 22:15:07 - INFO - Epoch 816/1000, Loss: 0.0806, Dice: 0.0703, MSE: 0.0343
2025-06-18 22:15:31 - INFO - Epoch 817/1000, Loss: 0.0857, Dice: 0.0759, MSE: 0.0325
2025-06-18 22:15:54 - INFO - Epoch 818/1000, Loss: 0.1733, Dice: 0.1595, MSE: 0.0459
2025-06-18 22:16:18 - INFO - Epoch 819/1000, Loss: 0.0984, Dice: 0.0870, MSE: 0.0380
2025-06-18 22:16:41 - INFO - Epoch 820/1000, Loss: 0.1163, Dice: 0.1060, MSE: 0.0343
2025-06-18 22:16:42 - INFO - 模型已保存至: epoch_820.pth
2025-06-18 22:17:05 - INFO - Epoch 821/1000, Loss: 0.0886, Dice: 0.0790, MSE: 0.0321
2025-06-18 22:17:29 - INFO - Epoch 822/1000, Loss: 0.0874, Dice: 0.0779, MSE: 0.0316
2025-06-18 22:17:52 - INFO - Epoch 823/1000, Loss: 0.1284, Dice: 0.1185, MSE: 0.0329
2025-06-18 22:18:15 - INFO - Epoch 824/1000, Loss: 0.0913, Dice: 0.0814, MSE: 0.0329
2025-06-18 22:18:38 - INFO - Epoch 825/1000, Loss: 0.0795, Dice: 0.0703, MSE: 0.0306
2025-06-18 22:19:02 - INFO - Epoch 826/1000, Loss: 0.0731, Dice: 0.0630, MSE: 0.0335
2025-06-18 22:19:25 - INFO - Epoch 827/1000, Loss: 0.0863, Dice: 0.0760, MSE: 0.0344
2025-06-18 22:19:48 - INFO - Epoch 828/1000, Loss: 0.0790, Dice: 0.0673, MSE: 0.0388
2025-06-18 22:20:12 - INFO - Epoch 829/1000, Loss: 0.0833, Dice: 0.0736, MSE: 0.0324
2025-06-18 22:20:35 - INFO - Epoch 830/1000, Loss: 0.0791, Dice: 0.0690, MSE: 0.0337
2025-06-18 22:20:58 - INFO - Epoch 831/1000, Loss: 0.0979, Dice: 0.0881, MSE: 0.0329
2025-06-18 22:21:22 - INFO - Epoch 832/1000, Loss: 0.1014, Dice: 0.0916, MSE: 0.0327
2025-06-18 22:21:45 - INFO - Epoch 833/1000, Loss: 0.0797, Dice: 0.0694, MSE: 0.0342
2025-06-18 22:22:08 - INFO - Epoch 834/1000, Loss: 0.1121, Dice: 0.1019, MSE: 0.0342
2025-06-18 22:22:31 - INFO - Epoch 835/1000, Loss: 0.0835, Dice: 0.0731, MSE: 0.0345
2025-06-18 22:22:55 - INFO - Epoch 836/1000, Loss: 0.0994, Dice: 0.0899, MSE: 0.0316
2025-06-18 22:23:18 - INFO - Epoch 837/1000, Loss: 0.0769, Dice: 0.0671, MSE: 0.0325
2025-06-18 22:23:41 - INFO - Epoch 838/1000, Loss: 0.0792, Dice: 0.0688, MSE: 0.0345
2025-06-18 22:24:05 - INFO - Epoch 839/1000, Loss: 0.0847, Dice: 0.0743, MSE: 0.0347
2025-06-18 22:24:28 - INFO - Epoch 840/1000, Loss: 0.0757, Dice: 0.0659, MSE: 0.0327
2025-06-18 22:24:29 - INFO - 模型已保存至: epoch_840.pth
2025-06-18 22:24:53 - INFO - Epoch 841/1000, Loss: 0.0741, Dice: 0.0637, MSE: 0.0347
2025-06-18 22:25:16 - INFO - Epoch 842/1000, Loss: 0.0726, Dice: 0.0631, MSE: 0.0315
2025-06-18 22:25:39 - INFO - Epoch 843/1000, Loss: 0.0905, Dice: 0.0802, MSE: 0.0342
2025-06-18 22:26:02 - INFO - Epoch 844/1000, Loss: 0.0828, Dice: 0.0737, MSE: 0.0305
2025-06-18 22:26:26 - INFO - Epoch 845/1000, Loss: 0.0817, Dice: 0.0713, MSE: 0.0346
2025-06-18 22:26:49 - INFO - Epoch 846/1000, Loss: 0.0842, Dice: 0.0744, MSE: 0.0325
2025-06-18 22:27:13 - INFO - Epoch 847/1000, Loss: 0.0778, Dice: 0.0668, MSE: 0.0365
2025-06-18 22:27:36 - INFO - Epoch 848/1000, Loss: 0.0878, Dice: 0.0747, MSE: 0.0437
2025-06-18 22:27:59 - INFO - Epoch 849/1000, Loss: 0.0939, Dice: 0.0836, MSE: 0.0344
2025-06-18 22:28:22 - INFO - Epoch 850/1000, Loss: 0.1020, Dice: 0.0917, MSE: 0.0343
2025-06-18 22:28:45 - INFO - Epoch 851/1000, Loss: 0.0773, Dice: 0.0669, MSE: 0.0349
2025-06-18 22:29:09 - INFO - Epoch 852/1000, Loss: 0.0897, Dice: 0.0791, MSE: 0.0352
2025-06-18 22:29:32 - INFO - Epoch 853/1000, Loss: 0.0760, Dice: 0.0656, MSE: 0.0349
2025-06-18 22:29:56 - INFO - Epoch 854/1000, Loss: 0.0859, Dice: 0.0759, MSE: 0.0334
2025-06-18 22:30:19 - INFO - Epoch 855/1000, Loss: 0.0864, Dice: 0.0754, MSE: 0.0368
2025-06-18 22:30:42 - INFO - Epoch 856/1000, Loss: 0.0713, Dice: 0.0599, MSE: 0.0383
2025-06-18 22:31:05 - INFO - Epoch 857/1000, Loss: 0.0865, Dice: 0.0754, MSE: 0.0369
2025-06-18 22:31:29 - INFO - Epoch 858/1000, Loss: 0.0769, Dice: 0.0655, MSE: 0.0382
2025-06-18 22:31:52 - INFO - Epoch 859/1000, Loss: 0.0818, Dice: 0.0714, MSE: 0.0344
2025-06-18 22:32:15 - INFO - Epoch 860/1000, Loss: 0.0789, Dice: 0.0680, MSE: 0.0363
2025-06-18 22:32:17 - INFO - 模型已保存至: epoch_860.pth
2025-06-18 22:32:40 - INFO - Epoch 861/1000, Loss: 0.0764, Dice: 0.0660, MSE: 0.0346
2025-06-18 22:33:03 - INFO - Epoch 862/1000, Loss: 0.0764, Dice: 0.0663, MSE: 0.0334
2025-06-18 22:33:27 - INFO - Epoch 863/1000, Loss: 0.0760, Dice: 0.0655, MSE: 0.0350
2025-06-18 22:33:50 - INFO - Epoch 864/1000, Loss: 0.0775, Dice: 0.0673, MSE: 0.0342
2025-06-18 22:34:13 - INFO - Epoch 865/1000, Loss: 0.0906, Dice: 0.0800, MSE: 0.0353
2025-06-18 22:34:37 - INFO - Epoch 866/1000, Loss: 0.0880, Dice: 0.0778, MSE: 0.0341
2025-06-18 22:35:00 - INFO - Epoch 867/1000, Loss: 0.0750, Dice: 0.0637, MSE: 0.0376
2025-06-18 22:35:23 - INFO - Epoch 868/1000, Loss: 0.0835, Dice: 0.0724, MSE: 0.0368
2025-06-18 22:35:47 - INFO - Epoch 869/1000, Loss: 0.0781, Dice: 0.0674, MSE: 0.0358
2025-06-18 22:36:10 - INFO - Epoch 870/1000, Loss: 0.0720, Dice: 0.0614, MSE: 0.0353
2025-06-18 22:36:33 - INFO - Epoch 871/1000, Loss: 0.0726, Dice: 0.0625, MSE: 0.0337
2025-06-18 22:36:57 - INFO - Epoch 872/1000, Loss: 0.0773, Dice: 0.0664, MSE: 0.0362
2025-06-18 22:37:20 - INFO - Epoch 873/1000, Loss: 0.0936, Dice: 0.0844, MSE: 0.0305
2025-06-18 22:37:43 - INFO - Epoch 874/1000, Loss: 0.0851, Dice: 0.0753, MSE: 0.0326
2025-06-18 22:38:07 - INFO - Epoch 875/1000, Loss: 0.0808, Dice: 0.0709, MSE: 0.0329
2025-06-18 22:38:30 - INFO - Epoch 876/1000, Loss: 0.0709, Dice: 0.0604, MSE: 0.0350
2025-06-18 22:38:53 - INFO - Epoch 877/1000, Loss: 0.0737, Dice: 0.0633, MSE: 0.0345
2025-06-18 22:39:17 - INFO - Epoch 878/1000, Loss: 0.0678, Dice: 0.0574, MSE: 0.0346
2025-06-18 22:39:40 - INFO - Epoch 879/1000, Loss: 0.0764, Dice: 0.0664, MSE: 0.0334
2025-06-18 22:40:03 - INFO - Epoch 880/1000, Loss: 0.0772, Dice: 0.0671, MSE: 0.0337
2025-06-18 22:40:04 - INFO - 模型已保存至: epoch_880.pth
2025-06-18 22:40:28 - INFO - Epoch 881/1000, Loss: 0.0839, Dice: 0.0735, MSE: 0.0348
2025-06-18 22:40:51 - INFO - Epoch 882/1000, Loss: 0.0870, Dice: 0.0759, MSE: 0.0368
2025-06-18 22:41:14 - INFO - Epoch 883/1000, Loss: 0.1051, Dice: 0.0945, MSE: 0.0353
2025-06-18 22:41:38 - INFO - Epoch 884/1000, Loss: 0.0985, Dice: 0.0885, MSE: 0.0336
2025-06-18 22:42:01 - INFO - Epoch 885/1000, Loss: 0.0835, Dice: 0.0739, MSE: 0.0321
2025-06-18 22:42:25 - INFO - Epoch 886/1000, Loss: 0.0804, Dice: 0.0699, MSE: 0.0351
2025-06-18 22:42:48 - INFO - Epoch 887/1000, Loss: 0.0871, Dice: 0.0767, MSE: 0.0347
2025-06-18 22:43:11 - INFO - Epoch 888/1000, Loss: 0.0933, Dice: 0.0816, MSE: 0.0390
2025-06-18 22:43:35 - INFO - Epoch 889/1000, Loss: 0.0807, Dice: 0.0699, MSE: 0.0360
2025-06-18 22:43:58 - INFO - Epoch 890/1000, Loss: 0.0961, Dice: 0.0862, MSE: 0.0331
2025-06-18 22:44:21 - INFO - Epoch 891/1000, Loss: 0.0887, Dice: 0.0776, MSE: 0.0369
2025-06-18 22:44:45 - INFO - Epoch 892/1000, Loss: 0.0751, Dice: 0.0644, MSE: 0.0355
2025-06-18 22:45:08 - INFO - Epoch 893/1000, Loss: 0.0755, Dice: 0.0641, MSE: 0.0379
2025-06-18 22:45:31 - INFO - Epoch 894/1000, Loss: 0.0841, Dice: 0.0731, MSE: 0.0365
2025-06-18 22:45:55 - INFO - Epoch 895/1000, Loss: 0.0772, Dice: 0.0658, MSE: 0.0379
2025-06-18 22:46:18 - INFO - Epoch 896/1000, Loss: 0.0794, Dice: 0.0631, MSE: 0.0545
2025-06-18 22:46:41 - INFO - Epoch 897/1000, Loss: 0.0799, Dice: 0.0640, MSE: 0.0531
2025-06-18 22:47:05 - INFO - Epoch 898/1000, Loss: 0.0828, Dice: 0.0663, MSE: 0.0551
2025-06-18 22:47:28 - INFO - Epoch 899/1000, Loss: 0.0942, Dice: 0.0785, MSE: 0.0524
2025-06-18 22:47:51 - INFO - Epoch 900/1000, Loss: 0.0770, Dice: 0.0618, MSE: 0.0505
2025-06-18 22:47:53 - INFO - 模型已保存至: epoch_900.pth
2025-06-18 22:48:16 - INFO - Epoch 901/1000, Loss: 0.0811, Dice: 0.0669, MSE: 0.0475
2025-06-18 22:48:39 - INFO - Epoch 902/1000, Loss: 0.0851, Dice: 0.0720, MSE: 0.0436
2025-06-18 22:49:02 - INFO - Epoch 903/1000, Loss: 0.0824, Dice: 0.0689, MSE: 0.0450
2025-06-18 22:49:26 - INFO - Epoch 904/1000, Loss: 0.0790, Dice: 0.0666, MSE: 0.0414
2025-06-18 22:49:49 - INFO - Epoch 905/1000, Loss: 0.0894, Dice: 0.0777, MSE: 0.0388
2025-06-18 22:50:12 - INFO - Epoch 906/1000, Loss: 0.0742, Dice: 0.0626, MSE: 0.0385
2025-06-18 22:50:36 - INFO - Epoch 907/1000, Loss: 0.0731, Dice: 0.0600, MSE: 0.0438
2025-06-18 22:50:59 - INFO - Epoch 908/1000, Loss: 0.0725, Dice: 0.0606, MSE: 0.0397
2025-06-18 22:51:22 - INFO - Epoch 909/1000, Loss: 0.1018, Dice: 0.0897, MSE: 0.0406
2025-06-18 22:51:46 - INFO - Epoch 910/1000, Loss: 0.1293, Dice: 0.1180, MSE: 0.0377
2025-06-18 22:52:09 - INFO - Epoch 911/1000, Loss: 0.1176, Dice: 0.1077, MSE: 0.0330
2025-06-18 22:52:32 - INFO - Epoch 912/1000, Loss: 0.2676, Dice: 0.2560, MSE: 0.0386
2025-06-18 22:52:56 - INFO - Epoch 913/1000, Loss: 0.1883, Dice: 0.1757, MSE: 0.0421
2025-06-18 22:53:19 - INFO - Epoch 914/1000, Loss: 0.2392, Dice: 0.2272, MSE: 0.0398
2025-06-18 22:53:43 - INFO - Epoch 915/1000, Loss: 0.2143, Dice: 0.2031, MSE: 0.0375
2025-06-18 22:54:06 - INFO - Epoch 916/1000, Loss: 0.1720, Dice: 0.1606, MSE: 0.0380
2025-06-18 22:54:30 - INFO - Epoch 917/1000, Loss: 0.1519, Dice: 0.1409, MSE: 0.0368
2025-06-18 22:54:53 - INFO - Epoch 918/1000, Loss: 0.1303, Dice: 0.1202, MSE: 0.0338
2025-06-18 22:55:16 - INFO - Epoch 919/1000, Loss: 0.1300, Dice: 0.1185, MSE: 0.0382
2025-06-18 22:55:40 - INFO - Epoch 920/1000, Loss: 0.1448, Dice: 0.1339, MSE: 0.0364
2025-06-18 22:55:41 - INFO - 模型已保存至: epoch_920.pth
2025-06-18 22:56:04 - INFO - Epoch 921/1000, Loss: 0.1202, Dice: 0.1111, MSE: 0.0305
2025-06-18 22:56:27 - INFO - Epoch 922/1000, Loss: 0.1142, Dice: 0.1038, MSE: 0.0348
2025-06-18 22:56:51 - INFO - Epoch 923/1000, Loss: 0.0972, Dice: 0.0876, MSE: 0.0323
2025-06-18 22:57:14 - INFO - Epoch 924/1000, Loss: 0.0916, Dice: 0.0821, MSE: 0.0319
2025-06-18 22:57:38 - INFO - Epoch 925/1000, Loss: 0.1051, Dice: 0.0952, MSE: 0.0332
2025-06-18 22:58:01 - INFO - Epoch 926/1000, Loss: 0.1087, Dice: 0.0984, MSE: 0.0344
2025-06-18 22:58:24 - INFO - Epoch 927/1000, Loss: 0.1021, Dice: 0.0931, MSE: 0.0301
2025-06-18 22:58:48 - INFO - Epoch 928/1000, Loss: 0.0937, Dice: 0.0840, MSE: 0.0323
2025-06-18 22:59:11 - INFO - Epoch 929/1000, Loss: 0.0954, Dice: 0.0862, MSE: 0.0306
2025-06-18 22:59:34 - INFO - Epoch 930/1000, Loss: 0.1215, Dice: 0.1114, MSE: 0.0334
2025-06-18 22:59:57 - INFO - Epoch 931/1000, Loss: 0.0978, Dice: 0.0867, MSE: 0.0370
2025-06-18 23:00:21 - INFO - Epoch 932/1000, Loss: 0.0946, Dice: 0.0843, MSE: 0.0346
2025-06-18 23:00:44 - INFO - Epoch 933/1000, Loss: 0.0989, Dice: 0.0889, MSE: 0.0332
2025-06-18 23:01:08 - INFO - Epoch 934/1000, Loss: 0.1445, Dice: 0.1330, MSE: 0.0384
2025-06-18 23:01:31 - INFO - Epoch 935/1000, Loss: 0.1259, Dice: 0.1175, MSE: 0.0280
2025-06-18 23:01:54 - INFO - Epoch 936/1000, Loss: 0.1021, Dice: 0.0922, MSE: 0.0330
2025-06-18 23:02:17 - INFO - Epoch 937/1000, Loss: 0.0835, Dice: 0.0733, MSE: 0.0340
2025-06-18 23:02:41 - INFO - Epoch 938/1000, Loss: 0.1124, Dice: 0.1026, MSE: 0.0327
2025-06-18 23:03:04 - INFO - Epoch 939/1000, Loss: 0.1128, Dice: 0.1027, MSE: 0.0336
2025-06-18 23:03:27 - INFO - Epoch 940/1000, Loss: 0.1157, Dice: 0.1061, MSE: 0.0320
2025-06-18 23:03:29 - INFO - 模型已保存至: epoch_940.pth
2025-06-18 23:03:52 - INFO - Epoch 941/1000, Loss: 0.1125, Dice: 0.1026, MSE: 0.0328
2025-06-18 23:04:15 - INFO - Epoch 942/1000, Loss: 0.0914, Dice: 0.0818, MSE: 0.0320
2025-06-18 23:04:39 - INFO - Epoch 943/1000, Loss: 0.1420, Dice: 0.1309, MSE: 0.0370
2025-06-18 23:05:02 - INFO - Epoch 944/1000, Loss: 0.1686, Dice: 0.1585, MSE: 0.0336
2025-06-18 23:05:26 - INFO - Epoch 945/1000, Loss: 0.2238, Dice: 0.2140, MSE: 0.0326
2025-06-18 23:05:49 - INFO - Epoch 946/1000, Loss: 0.1534, Dice: 0.1447, MSE: 0.0291
2025-06-18 23:06:12 - INFO - Epoch 947/1000, Loss: 0.1350, Dice: 0.1257, MSE: 0.0308
2025-06-18 23:06:35 - INFO - Epoch 948/1000, Loss: 0.1110, Dice: 0.1021, MSE: 0.0295
2025-06-18 23:06:59 - INFO - Epoch 949/1000, Loss: 0.0978, Dice: 0.0883, MSE: 0.0316
2025-06-18 23:07:22 - INFO - Epoch 950/1000, Loss: 0.0811, Dice: 0.0699, MSE: 0.0372
2025-06-18 23:07:45 - INFO - Epoch 951/1000, Loss: 0.0948, Dice: 0.0830, MSE: 0.0392
2025-06-18 23:08:09 - INFO - Epoch 952/1000, Loss: 0.0877, Dice: 0.0780, MSE: 0.0325
2025-06-18 23:08:32 - INFO - Epoch 953/1000, Loss: 0.1022, Dice: 0.0924, MSE: 0.0327
2025-06-18 23:08:55 - INFO - Epoch 954/1000, Loss: 0.1083, Dice: 0.0979, MSE: 0.0347
2025-06-18 23:09:19 - INFO - Epoch 955/1000, Loss: 0.0904, Dice: 0.0808, MSE: 0.0318
2025-06-18 23:09:42 - INFO - Epoch 956/1000, Loss: 0.0862, Dice: 0.0767, MSE: 0.0318
2025-06-18 23:10:06 - INFO - Epoch 957/1000, Loss: 0.0862, Dice: 0.0761, MSE: 0.0336
2025-06-18 23:10:29 - INFO - Epoch 958/1000, Loss: 0.0861, Dice: 0.0762, MSE: 0.0330
2025-06-18 23:10:52 - INFO - Epoch 959/1000, Loss: 0.0942, Dice: 0.0851, MSE: 0.0305
2025-06-18 23:11:15 - INFO - Epoch 960/1000, Loss: 0.0839, Dice: 0.0745, MSE: 0.0311
2025-06-18 23:11:17 - INFO - 模型已保存至: epoch_960.pth
2025-06-18 23:11:40 - INFO - Epoch 961/1000, Loss: 0.0764, Dice: 0.0667, MSE: 0.0323
2025-06-18 23:12:03 - INFO - Epoch 962/1000, Loss: 0.0911, Dice: 0.0823, MSE: 0.0295
2025-06-18 23:12:26 - INFO - Epoch 963/1000, Loss: 0.0858, Dice: 0.0760, MSE: 0.0327
2025-06-18 23:12:50 - INFO - Epoch 964/1000, Loss: 0.0903, Dice: 0.0806, MSE: 0.0322
2025-06-18 23:13:13 - INFO - Epoch 965/1000, Loss: 0.0841, Dice: 0.0744, MSE: 0.0322
2025-06-18 23:13:37 - INFO - Epoch 966/1000, Loss: 0.0878, Dice: 0.0778, MSE: 0.0332
2025-06-18 23:14:00 - INFO - Epoch 967/1000, Loss: 0.0977, Dice: 0.0874, MSE: 0.0345
2025-06-18 23:14:23 - INFO - Epoch 968/1000, Loss: 0.0873, Dice: 0.0778, MSE: 0.0316
2025-06-18 23:14:47 - INFO - Epoch 969/1000, Loss: 0.0859, Dice: 0.0765, MSE: 0.0313
2025-06-18 23:15:10 - INFO - Epoch 970/1000, Loss: 0.0808, Dice: 0.0715, MSE: 0.0310
2025-06-18 23:15:33 - INFO - Epoch 971/1000, Loss: 0.0800, Dice: 0.0706, MSE: 0.0317
2025-06-18 23:15:57 - INFO - Epoch 972/1000, Loss: 0.0857, Dice: 0.0756, MSE: 0.0335
2025-06-18 23:16:20 - INFO - Epoch 973/1000, Loss: 0.0817, Dice: 0.0722, MSE: 0.0319
2025-06-18 23:16:43 - INFO - Epoch 974/1000, Loss: 0.0734, Dice: 0.0644, MSE: 0.0301
2025-06-18 23:17:07 - INFO - Epoch 975/1000, Loss: 0.0848, Dice: 0.0738, MSE: 0.0367
2025-06-18 23:17:30 - INFO - Epoch 976/1000, Loss: 0.0752, Dice: 0.0655, MSE: 0.0322
2025-06-18 23:17:53 - INFO - Epoch 977/1000, Loss: 0.0778, Dice: 0.0685, MSE: 0.0310
2025-06-18 23:18:17 - INFO - Epoch 978/1000, Loss: 0.0706, Dice: 0.0616, MSE: 0.0302
2025-06-18 23:18:40 - INFO - Epoch 979/1000, Loss: 0.0767, Dice: 0.0670, MSE: 0.0322
2025-06-18 23:19:04 - INFO - Epoch 980/1000, Loss: 0.0692, Dice: 0.0591, MSE: 0.0337
2025-06-18 23:19:05 - INFO - 模型已保存至: epoch_980.pth
2025-06-18 23:19:28 - INFO - Epoch 981/1000, Loss: 0.0796, Dice: 0.0669, MSE: 0.0422
2025-06-18 23:19:52 - INFO - Epoch 982/1000, Loss: 0.0849, Dice: 0.0731, MSE: 0.0393
2025-06-18 23:20:15 - INFO - Epoch 983/1000, Loss: 0.0718, Dice: 0.0614, MSE: 0.0344
2025-06-18 23:20:38 - INFO - Epoch 984/1000, Loss: 0.0691, Dice: 0.0594, MSE: 0.0322
2025-06-18 23:21:02 - INFO - Epoch 985/1000, Loss: 0.0735, Dice: 0.0638, MSE: 0.0323
2025-06-18 23:21:25 - INFO - Epoch 986/1000, Loss: 0.0765, Dice: 0.0665, MSE: 0.0332
2025-06-18 23:21:48 - INFO - Epoch 987/1000, Loss: 0.0756, Dice: 0.0662, MSE: 0.0312
2025-06-18 23:22:12 - INFO - Epoch 988/1000, Loss: 0.0760, Dice: 0.0664, MSE: 0.0323
2025-06-18 23:22:35 - INFO - Epoch 989/1000, Loss: 0.0708, Dice: 0.0611, MSE: 0.0321
2025-06-18 23:22:58 - INFO - Epoch 990/1000, Loss: 0.0750, Dice: 0.0657, MSE: 0.0312
2025-06-18 23:23:22 - INFO - Epoch 991/1000, Loss: 0.0784, Dice: 0.0688, MSE: 0.0321
2025-06-18 23:23:45 - INFO - Epoch 992/1000, Loss: 0.1559, Dice: 0.1450, MSE: 0.0364
2025-06-18 23:24:08 - INFO - Epoch 993/1000, Loss: 0.0713, Dice: 0.0610, MSE: 0.0344
2025-06-18 23:24:32 - INFO - Epoch 994/1000, Loss: 0.0709, Dice: 0.0608, MSE: 0.0336
2025-06-18 23:24:55 - INFO - Epoch 995/1000, Loss: 0.0711, Dice: 0.0608, MSE: 0.0343
2025-06-18 23:25:18 - INFO - Epoch 996/1000, Loss: 0.0803, Dice: 0.0705, MSE: 0.0326
2025-06-18 23:25:42 - INFO - Epoch 997/1000, Loss: 0.0708, Dice: 0.0609, MSE: 0.0329
2025-06-18 23:26:05 - INFO - Epoch 998/1000, Loss: 0.0670, Dice: 0.0572, MSE: 0.0325
2025-06-18 23:26:29 - INFO - Epoch 999/1000, Loss: 0.0735, Dice: 0.0637, MSE: 0.0325
2025-06-18 23:26:52 - INFO - Epoch 1000/1000, Loss: 0.0852, Dice: 0.0752, MSE: 0.0335
2025-06-18 23:26:53 - INFO - 模型已保存至: epoch_1000.pth
2025-06-18 23:26:53 - INFO - 训练完成！
