2025-07-14 00:50:10 - INFO - Logging is set up.
2025-07-14 00:50:10 - INFO - 
======================================== New DDP Training Session Started ========================================
2025-07-14 00:50:10 - INFO - Using 2 GPUs for training.
2025-07-14 00:50:10 - INFO - Training configuration:
{
  "seed": 42,
  "epochs": 600,
  "batch_size": 2,
  "learning_rate": 0.0001,
  "log_path": "./result/VNet_Multi_V4/LA_8/Training.log",
  "pth_path": "./result/VNet_Multi_V4/LA_8/Pth",
  "tensorboard_path": "./result/VNet_Multi_V4/LA_8/Train",
  "continue_train": false,
  "dataset_path": "./datasets/LA",
  "num_classes": 2,
  "training_num": 8,
  "patch_size": [
    112,
    112,
    80
  ]
}
2025-07-14 00:50:10 - INFO - Ensured model and TensorBoard directories exist.
2025-07-14 00:50:10 - INFO - Process started on device: cuda:0 with seed 42.
2025-07-14 00:50:10 - INFO - TensorBoard writer initialized at: ./result/VNet_Multi_V4/LA_8/Train/20250714-005010
2025-07-14 00:50:10 - INFO - Initializing dataset...
2025-07-14 00:50:10 - INFO - Dataset contains 8 samples.
2025-07-14 00:50:10 - INFO - DataLoader created with DistributedSampler. Batch size per GPU: 2.
2025-07-14 00:50:10 - INFO - Initializing VNet model...
2025-07-14 00:50:10 - INFO - Logging is set up.
2025-07-14 00:50:10 - INFO - Process started on device: cuda:1 with seed 42.
2025-07-14 00:50:10 - INFO - Initializing dataset...
2025-07-14 00:50:10 - INFO - Dataset contains 8 samples.
2025-07-14 00:50:10 - INFO - DataLoader created with DistributedSampler. Batch size per GPU: 2.
2025-07-14 00:50:10 - INFO - Initializing VNet model...
2025-07-14 00:50:11 - INFO - Model wrapped with DDP. `find_unused_parameters` is set to True for multi-output model.
2025-07-14 00:50:11 - INFO - Model wrapped with DDP. `find_unused_parameters` is set to True for multi-output model.
2025-07-14 00:50:11 - INFO - Loss function: UnifiedLoss with λ_reg=0.3, weights=[1,1]
2025-07-14 00:50:11 - INFO - Optimizer: AdamW with LR=0.0001
2025-07-14 00:50:11 - INFO - Starting training from epoch 0 to 600...
2025-07-14 00:50:22 - INFO - Epoch 1 finished. Average Training Loss: 1.9467
2025-07-14 00:50:23 - INFO - Epoch 2 finished. Average Training Loss: 1.9933
2025-07-14 00:50:24 - INFO - Epoch 3 finished. Average Training Loss: 1.7857
2025-07-14 00:50:24 - INFO - Epoch 4 finished. Average Training Loss: 1.4897
2025-07-14 00:50:25 - INFO - Epoch 5 finished. Average Training Loss: 1.6676
2025-07-14 00:50:26 - INFO - Epoch 6 finished. Average Training Loss: 1.5252
2025-07-14 00:50:27 - INFO - Epoch 7 finished. Average Training Loss: 1.3904
2025-07-14 00:50:27 - INFO - Epoch 8 finished. Average Training Loss: 1.1879
2025-07-14 00:50:28 - INFO - Epoch 9 finished. Average Training Loss: 1.3606
2025-07-14 00:50:29 - INFO - Epoch 10 finished. Average Training Loss: 1.6084
2025-07-14 00:50:29 - INFO - Epoch 11 finished. Average Training Loss: 1.3297
2025-07-14 00:50:30 - INFO - Epoch 12 finished. Average Training Loss: 1.3311
2025-07-14 00:50:31 - INFO - Epoch 13 finished. Average Training Loss: 1.3534
2025-07-14 00:50:31 - INFO - Epoch 14 finished. Average Training Loss: 1.2624
2025-07-14 00:50:32 - INFO - Epoch 15 finished. Average Training Loss: 1.3890
2025-07-14 00:50:33 - INFO - Epoch 16 finished. Average Training Loss: 1.3515
2025-07-14 00:50:33 - INFO - Epoch 17 finished. Average Training Loss: 1.2067
2025-07-14 00:50:34 - INFO - Epoch 18 finished. Average Training Loss: 1.1914
2025-07-14 00:50:35 - INFO - Epoch 19 finished. Average Training Loss: 1.3699
2025-07-14 00:50:35 - INFO - Epoch 20 finished. Average Training Loss: 1.3413
2025-07-14 00:50:36 - INFO - Saved checkpoint for epoch 20 to ./result/VNet_Multi_V4/LA_8/Pth/model_epoch_20.pth
2025-07-14 00:50:36 - INFO - Epoch 21 finished. Average Training Loss: 1.2564
2025-07-14 00:50:37 - INFO - Epoch 22 finished. Average Training Loss: 1.1994
2025-07-14 00:50:38 - INFO - Epoch 23 finished. Average Training Loss: 1.3213
2025-07-14 00:50:38 - INFO - Epoch 24 finished. Average Training Loss: 1.2356
2025-07-14 00:50:39 - INFO - Epoch 25 finished. Average Training Loss: 1.1865
2025-07-14 00:50:40 - INFO - Epoch 26 finished. Average Training Loss: 1.2861
2025-07-14 00:50:40 - INFO - Epoch 27 finished. Average Training Loss: 1.1362
2025-07-14 00:50:41 - INFO - Epoch 28 finished. Average Training Loss: 1.0585
2025-07-14 00:50:42 - INFO - Epoch 29 finished. Average Training Loss: 1.1574
2025-07-14 00:50:43 - INFO - Epoch 30 finished. Average Training Loss: 1.2855
2025-07-14 00:50:43 - INFO - Epoch 31 finished. Average Training Loss: 1.2420
2025-07-14 00:50:44 - INFO - Epoch 32 finished. Average Training Loss: 0.9733
2025-07-14 00:50:45 - INFO - Epoch 33 finished. Average Training Loss: 1.1270
2025-07-14 00:50:45 - INFO - Epoch 34 finished. Average Training Loss: 0.9772
2025-07-14 00:50:46 - INFO - Epoch 35 finished. Average Training Loss: 1.0632
2025-07-14 00:50:47 - INFO - Epoch 36 finished. Average Training Loss: 1.0813
2025-07-14 00:50:47 - INFO - Epoch 37 finished. Average Training Loss: 1.0071
2025-07-14 00:50:48 - INFO - Epoch 38 finished. Average Training Loss: 0.9688
2025-07-14 00:50:49 - INFO - Epoch 39 finished. Average Training Loss: 1.1381
2025-07-14 00:50:50 - INFO - Epoch 40 finished. Average Training Loss: 1.1185
2025-07-14 00:50:50 - INFO - Saved checkpoint for epoch 40 to ./result/VNet_Multi_V4/LA_8/Pth/model_epoch_40.pth
2025-07-14 00:50:50 - INFO - Epoch 41 finished. Average Training Loss: 0.9857
2025-07-14 00:50:51 - INFO - Epoch 42 finished. Average Training Loss: 1.1101
2025-07-14 00:50:52 - INFO - Epoch 43 finished. Average Training Loss: 1.0424
2025-07-14 00:50:52 - INFO - Epoch 44 finished. Average Training Loss: 1.0724
2025-07-14 00:50:53 - INFO - Epoch 45 finished. Average Training Loss: 0.9327
2025-07-14 00:50:54 - INFO - Epoch 46 finished. Average Training Loss: 1.0318
2025-07-14 00:50:54 - INFO - Epoch 47 finished. Average Training Loss: 1.0040
2025-07-14 00:50:55 - INFO - Epoch 48 finished. Average Training Loss: 1.0684
2025-07-14 00:50:56 - INFO - Epoch 49 finished. Average Training Loss: 0.8811
2025-07-14 00:50:57 - INFO - Epoch 50 finished. Average Training Loss: 0.9518
2025-07-14 00:50:57 - INFO - Epoch 51 finished. Average Training Loss: 1.0011
2025-07-14 00:50:58 - INFO - Epoch 52 finished. Average Training Loss: 0.8629
2025-07-14 00:50:59 - INFO - Epoch 53 finished. Average Training Loss: 0.9330
2025-07-14 00:50:59 - INFO - Epoch 54 finished. Average Training Loss: 0.9523
2025-07-14 00:51:00 - INFO - Epoch 55 finished. Average Training Loss: 0.9121
2025-07-14 00:51:01 - INFO - Epoch 56 finished. Average Training Loss: 0.8621
2025-07-14 00:51:01 - INFO - Epoch 57 finished. Average Training Loss: 0.9499
2025-07-14 00:51:02 - INFO - Epoch 58 finished. Average Training Loss: 1.0977
2025-07-14 00:51:03 - INFO - Epoch 59 finished. Average Training Loss: 0.7737
2025-07-14 00:51:04 - INFO - Epoch 60 finished. Average Training Loss: 0.8465
2025-07-14 00:51:04 - INFO - Saved checkpoint for epoch 60 to ./result/VNet_Multi_V4/LA_8/Pth/model_epoch_60.pth
2025-07-14 00:51:04 - INFO - Epoch 61 finished. Average Training Loss: 0.8636
2025-07-14 00:51:05 - INFO - Epoch 62 finished. Average Training Loss: 1.0101
2025-07-14 00:51:06 - INFO - Epoch 63 finished. Average Training Loss: 1.0412
2025-07-14 00:51:06 - INFO - Epoch 64 finished. Average Training Loss: 0.7950
2025-07-14 00:51:07 - INFO - Epoch 65 finished. Average Training Loss: 0.9282
2025-07-14 00:51:08 - INFO - Epoch 66 finished. Average Training Loss: 0.8444
2025-07-14 00:51:09 - INFO - Epoch 67 finished. Average Training Loss: 1.0127
2025-07-14 00:51:09 - INFO - Epoch 68 finished. Average Training Loss: 0.8402
2025-07-14 00:51:10 - INFO - Epoch 69 finished. Average Training Loss: 0.9830
2025-07-14 00:51:11 - INFO - Epoch 70 finished. Average Training Loss: 0.8686
2025-07-14 00:51:11 - INFO - Epoch 71 finished. Average Training Loss: 0.9336
2025-07-14 00:51:12 - INFO - Epoch 72 finished. Average Training Loss: 0.9914
2025-07-14 00:51:13 - INFO - Epoch 73 finished. Average Training Loss: 0.9680
2025-07-14 00:51:14 - INFO - Epoch 74 finished. Average Training Loss: 0.7619
2025-07-14 00:51:15 - INFO - Epoch 75 finished. Average Training Loss: 0.9121
2025-07-14 00:51:16 - INFO - Epoch 76 finished. Average Training Loss: 0.8325
2025-07-14 00:51:17 - INFO - Epoch 77 finished. Average Training Loss: 0.8344
2025-07-14 00:51:19 - INFO - Epoch 78 finished. Average Training Loss: 0.8315
2025-07-14 00:51:20 - INFO - Epoch 79 finished. Average Training Loss: 0.8594
2025-07-14 00:51:21 - INFO - Epoch 80 finished. Average Training Loss: 0.8200
2025-07-14 00:51:21 - INFO - Saved checkpoint for epoch 80 to ./result/VNet_Multi_V4/LA_8/Pth/model_epoch_80.pth
2025-07-14 00:51:22 - INFO - Epoch 81 finished. Average Training Loss: 0.7997
2025-07-14 00:51:23 - INFO - Epoch 82 finished. Average Training Loss: 0.8570
2025-07-14 00:51:24 - INFO - Epoch 83 finished. Average Training Loss: 0.7665
2025-07-14 00:51:26 - INFO - Epoch 84 finished. Average Training Loss: 0.8057
2025-07-14 00:51:27 - INFO - Epoch 85 finished. Average Training Loss: 0.7217
2025-07-14 00:51:28 - INFO - Epoch 86 finished. Average Training Loss: 0.7460
2025-07-14 00:51:29 - INFO - Epoch 87 finished. Average Training Loss: 0.8755
2025-07-14 00:51:30 - INFO - Epoch 88 finished. Average Training Loss: 0.8295
2025-07-14 00:51:31 - INFO - Epoch 89 finished. Average Training Loss: 0.9562
2025-07-14 00:51:32 - INFO - Epoch 90 finished. Average Training Loss: 0.9470
2025-07-14 00:51:33 - INFO - Epoch 91 finished. Average Training Loss: 0.7519
2025-07-14 00:51:34 - INFO - Epoch 92 finished. Average Training Loss: 0.8159
2025-07-14 00:51:35 - INFO - Epoch 93 finished. Average Training Loss: 0.8873
2025-07-14 00:51:36 - INFO - Epoch 94 finished. Average Training Loss: 0.9406
2025-07-14 00:51:37 - INFO - Epoch 95 finished. Average Training Loss: 0.9219
2025-07-14 00:51:38 - INFO - Epoch 96 finished. Average Training Loss: 0.8747
2025-07-14 00:51:40 - INFO - Epoch 97 finished. Average Training Loss: 0.9638
2025-07-14 00:51:40 - INFO - Epoch 98 finished. Average Training Loss: 0.7673
2025-07-14 00:51:41 - INFO - Epoch 99 finished. Average Training Loss: 0.8606
2025-07-14 00:51:43 - INFO - Epoch 100 finished. Average Training Loss: 0.8298
2025-07-14 00:51:43 - INFO - Saved checkpoint for epoch 100 to ./result/VNet_Multi_V4/LA_8/Pth/model_epoch_100.pth
2025-07-14 00:51:44 - INFO - Epoch 101 finished. Average Training Loss: 0.8076
2025-07-14 00:51:45 - INFO - Epoch 102 finished. Average Training Loss: 0.9300
2025-07-14 00:51:46 - INFO - Epoch 103 finished. Average Training Loss: 0.8624
2025-07-14 00:51:47 - INFO - Epoch 104 finished. Average Training Loss: 0.8994
2025-07-14 00:51:48 - INFO - Epoch 105 finished. Average Training Loss: 0.8697
2025-07-14 00:51:49 - INFO - Epoch 106 finished. Average Training Loss: 0.9181
2025-07-14 00:51:50 - INFO - Epoch 107 finished. Average Training Loss: 0.7864
2025-07-14 00:51:51 - INFO - Epoch 108 finished. Average Training Loss: 0.9351
2025-07-14 00:51:52 - INFO - Epoch 109 finished. Average Training Loss: 0.8082
2025-07-14 00:51:53 - INFO - Epoch 110 finished. Average Training Loss: 0.8525
2025-07-14 00:51:54 - INFO - Epoch 111 finished. Average Training Loss: 0.7998
2025-07-14 00:51:55 - INFO - Epoch 112 finished. Average Training Loss: 0.6970
2025-07-14 00:51:56 - INFO - Epoch 113 finished. Average Training Loss: 0.8564
2025-07-14 00:51:57 - INFO - Epoch 114 finished. Average Training Loss: 0.7700
2025-07-14 00:51:59 - INFO - Epoch 115 finished. Average Training Loss: 0.9646
2025-07-14 00:52:00 - INFO - Epoch 116 finished. Average Training Loss: 0.6159
2025-07-14 00:52:01 - INFO - Epoch 117 finished. Average Training Loss: 0.8049
2025-07-14 00:52:02 - INFO - Epoch 118 finished. Average Training Loss: 0.6036
2025-07-14 00:52:03 - INFO - Epoch 119 finished. Average Training Loss: 0.8911
2025-07-14 00:52:04 - INFO - Epoch 120 finished. Average Training Loss: 0.8419
2025-07-14 00:52:04 - INFO - Saved checkpoint for epoch 120 to ./result/VNet_Multi_V4/LA_8/Pth/model_epoch_120.pth
2025-07-14 00:52:05 - INFO - Epoch 121 finished. Average Training Loss: 0.8023
2025-07-14 00:52:06 - INFO - Epoch 122 finished. Average Training Loss: 0.6755
2025-07-14 00:52:07 - INFO - Epoch 123 finished. Average Training Loss: 0.8912
2025-07-14 00:52:08 - INFO - Epoch 124 finished. Average Training Loss: 0.6188
2025-07-14 00:52:09 - INFO - Epoch 125 finished. Average Training Loss: 0.7462
2025-07-14 00:52:10 - INFO - Epoch 126 finished. Average Training Loss: 0.6290
2025-07-14 00:52:11 - INFO - Epoch 127 finished. Average Training Loss: 0.7250
2025-07-14 00:52:12 - INFO - Epoch 128 finished. Average Training Loss: 0.7463
2025-07-14 00:52:14 - INFO - Epoch 129 finished. Average Training Loss: 0.7389
2025-07-14 00:52:15 - INFO - Epoch 130 finished. Average Training Loss: 0.8849
2025-07-14 00:52:16 - INFO - Epoch 131 finished. Average Training Loss: 0.7189
2025-07-14 00:52:17 - INFO - Epoch 132 finished. Average Training Loss: 0.8035
2025-07-14 00:52:18 - INFO - Epoch 133 finished. Average Training Loss: 0.6444
2025-07-14 00:52:19 - INFO - Epoch 134 finished. Average Training Loss: 0.6711
2025-07-14 00:52:20 - INFO - Epoch 135 finished. Average Training Loss: 0.6085
2025-07-14 00:52:21 - INFO - Epoch 136 finished. Average Training Loss: 0.5646
2025-07-14 00:52:22 - INFO - Epoch 137 finished. Average Training Loss: 0.7241
2025-07-14 00:52:23 - INFO - Epoch 138 finished. Average Training Loss: 0.7433
2025-07-14 00:52:24 - INFO - Epoch 139 finished. Average Training Loss: 0.7813
2025-07-14 00:52:25 - INFO - Epoch 140 finished. Average Training Loss: 0.7384
2025-07-14 00:52:26 - INFO - Saved checkpoint for epoch 140 to ./result/VNet_Multi_V4/LA_8/Pth/model_epoch_140.pth
2025-07-14 00:52:26 - INFO - Epoch 141 finished. Average Training Loss: 0.9042
2025-07-14 00:52:28 - INFO - Epoch 142 finished. Average Training Loss: 0.7111
2025-07-14 00:52:29 - INFO - Epoch 143 finished. Average Training Loss: 0.6811
2025-07-14 00:52:30 - INFO - Epoch 144 finished. Average Training Loss: 0.8226
2025-07-14 00:52:31 - INFO - Epoch 145 finished. Average Training Loss: 0.7027
2025-07-14 00:52:32 - INFO - Epoch 146 finished. Average Training Loss: 0.6779
2025-07-14 00:52:33 - INFO - Epoch 147 finished. Average Training Loss: 0.7104
2025-07-14 00:52:34 - INFO - Epoch 148 finished. Average Training Loss: 0.7993
2025-07-14 00:52:35 - INFO - Epoch 149 finished. Average Training Loss: 0.7101
2025-07-14 00:52:36 - INFO - Epoch 150 finished. Average Training Loss: 0.6416
2025-07-14 00:52:37 - INFO - Epoch 151 finished. Average Training Loss: 0.7504
2025-07-14 00:52:38 - INFO - Epoch 152 finished. Average Training Loss: 0.7497
2025-07-14 00:52:40 - INFO - Epoch 153 finished. Average Training Loss: 0.7313
2025-07-14 00:52:40 - INFO - Epoch 154 finished. Average Training Loss: 0.5670
2025-07-14 00:52:42 - INFO - Epoch 155 finished. Average Training Loss: 0.7789
2025-07-14 00:52:43 - INFO - Epoch 156 finished. Average Training Loss: 0.7869
2025-07-14 00:52:44 - INFO - Epoch 157 finished. Average Training Loss: 0.9256
2025-07-14 00:52:45 - INFO - Epoch 158 finished. Average Training Loss: 0.6550
2025-07-14 00:52:46 - INFO - Epoch 159 finished. Average Training Loss: 0.8180
2025-07-14 00:52:47 - INFO - Epoch 160 finished. Average Training Loss: 0.7039
2025-07-14 00:52:47 - INFO - Saved checkpoint for epoch 160 to ./result/VNet_Multi_V4/LA_8/Pth/model_epoch_160.pth
2025-07-14 00:52:48 - INFO - Epoch 161 finished. Average Training Loss: 0.7366
2025-07-14 00:52:49 - INFO - Epoch 162 finished. Average Training Loss: 0.5531
2025-07-14 00:52:50 - INFO - Epoch 163 finished. Average Training Loss: 0.7040
2025-07-14 00:52:51 - INFO - Epoch 164 finished. Average Training Loss: 0.6383
2025-07-14 00:52:52 - INFO - Epoch 165 finished. Average Training Loss: 0.6159
2025-07-14 00:52:53 - INFO - Epoch 166 finished. Average Training Loss: 0.7704
2025-07-14 00:52:55 - INFO - Epoch 167 finished. Average Training Loss: 0.7449
2025-07-14 00:52:56 - INFO - Epoch 168 finished. Average Training Loss: 0.8867
2025-07-14 00:52:57 - INFO - Epoch 169 finished. Average Training Loss: 0.7810
2025-07-14 00:52:58 - INFO - Epoch 170 finished. Average Training Loss: 0.6912
2025-07-14 00:52:59 - INFO - Epoch 171 finished. Average Training Loss: 0.7215
2025-07-14 00:53:00 - INFO - Epoch 172 finished. Average Training Loss: 0.9136
2025-07-14 00:53:01 - INFO - Epoch 173 finished. Average Training Loss: 0.6771
2025-07-14 00:53:02 - INFO - Epoch 174 finished. Average Training Loss: 0.7146
2025-07-14 00:53:03 - INFO - Epoch 175 finished. Average Training Loss: 0.7104
2025-07-14 00:53:04 - INFO - Epoch 176 finished. Average Training Loss: 0.6564
2025-07-14 00:53:05 - INFO - Epoch 177 finished. Average Training Loss: 0.5811
2025-07-14 00:53:06 - INFO - Epoch 178 finished. Average Training Loss: 0.5021
2025-07-14 00:53:07 - INFO - Epoch 179 finished. Average Training Loss: 0.7253
2025-07-14 00:53:09 - INFO - Epoch 180 finished. Average Training Loss: 0.8453
2025-07-14 00:53:09 - INFO - Saved checkpoint for epoch 180 to ./result/VNet_Multi_V4/LA_8/Pth/model_epoch_180.pth
2025-07-14 00:53:10 - INFO - Epoch 181 finished. Average Training Loss: 0.7654
2025-07-14 00:53:11 - INFO - Epoch 182 finished. Average Training Loss: 0.6787
2025-07-14 00:53:12 - INFO - Epoch 183 finished. Average Training Loss: 0.5963
2025-07-14 00:53:13 - INFO - Epoch 184 finished. Average Training Loss: 0.7090
2025-07-14 00:53:14 - INFO - Epoch 185 finished. Average Training Loss: 0.6809
2025-07-14 00:53:15 - INFO - Epoch 186 finished. Average Training Loss: 0.6259
2025-07-14 00:53:16 - INFO - Epoch 187 finished. Average Training Loss: 0.6402
2025-07-14 00:53:17 - INFO - Epoch 188 finished. Average Training Loss: 0.7280
2025-07-14 00:53:18 - INFO - Epoch 189 finished. Average Training Loss: 0.5348
2025-07-14 00:53:19 - INFO - Epoch 190 finished. Average Training Loss: 0.7482
2025-07-14 00:53:21 - INFO - Epoch 191 finished. Average Training Loss: 0.7462
2025-07-14 00:53:22 - INFO - Epoch 192 finished. Average Training Loss: 0.7428
2025-07-14 00:53:23 - INFO - Epoch 193 finished. Average Training Loss: 0.6609
2025-07-14 00:53:24 - INFO - Epoch 194 finished. Average Training Loss: 0.6175
2025-07-14 00:53:25 - INFO - Epoch 195 finished. Average Training Loss: 0.8308
2025-07-14 00:53:26 - INFO - Epoch 196 finished. Average Training Loss: 0.8456
2025-07-14 00:53:27 - INFO - Epoch 197 finished. Average Training Loss: 0.7243
2025-07-14 00:53:28 - INFO - Epoch 198 finished. Average Training Loss: 0.5107
2025-07-14 00:53:29 - INFO - Epoch 199 finished. Average Training Loss: 0.7950
2025-07-14 00:53:30 - INFO - Epoch 200 finished. Average Training Loss: 0.6598
2025-07-14 00:53:30 - INFO - Saved checkpoint for epoch 200 to ./result/VNet_Multi_V4/LA_8/Pth/model_epoch_200.pth
2025-07-14 00:53:32 - INFO - Epoch 201 finished. Average Training Loss: 0.8077
2025-07-14 00:53:33 - INFO - Epoch 202 finished. Average Training Loss: 0.7963
2025-07-14 00:53:34 - INFO - Epoch 203 finished. Average Training Loss: 0.9517
2025-07-14 00:53:35 - INFO - Epoch 204 finished. Average Training Loss: 0.6665
2025-07-14 00:53:36 - INFO - Epoch 205 finished. Average Training Loss: 0.5865
2025-07-14 00:53:37 - INFO - Epoch 206 finished. Average Training Loss: 0.5970
2025-07-14 00:53:38 - INFO - Epoch 207 finished. Average Training Loss: 0.7922
2025-07-14 00:53:39 - INFO - Epoch 208 finished. Average Training Loss: 0.6482
2025-07-14 00:53:40 - INFO - Epoch 209 finished. Average Training Loss: 0.4990
2025-07-14 00:53:42 - INFO - Epoch 210 finished. Average Training Loss: 0.6309
2025-07-14 00:53:42 - INFO - Epoch 211 finished. Average Training Loss: 0.7652
2025-07-14 00:53:44 - INFO - Epoch 212 finished. Average Training Loss: 0.6068
2025-07-14 00:53:45 - INFO - Epoch 213 finished. Average Training Loss: 0.7818
2025-07-14 00:53:46 - INFO - Epoch 214 finished. Average Training Loss: 0.6194
2025-07-14 00:53:47 - INFO - Epoch 215 finished. Average Training Loss: 0.6465
2025-07-14 00:53:48 - INFO - Epoch 216 finished. Average Training Loss: 0.7202
2025-07-14 00:53:49 - INFO - Epoch 217 finished. Average Training Loss: 0.7010
2025-07-14 00:53:50 - INFO - Epoch 218 finished. Average Training Loss: 0.6989
2025-07-14 00:53:51 - INFO - Epoch 219 finished. Average Training Loss: 0.7050
2025-07-14 00:53:52 - INFO - Epoch 220 finished. Average Training Loss: 0.7829
2025-07-14 00:53:52 - INFO - Saved checkpoint for epoch 220 to ./result/VNet_Multi_V4/LA_8/Pth/model_epoch_220.pth
2025-07-14 00:53:54 - INFO - Epoch 221 finished. Average Training Loss: 0.6835
2025-07-14 00:53:54 - INFO - Epoch 222 finished. Average Training Loss: 0.8312
2025-07-14 00:53:56 - INFO - Epoch 223 finished. Average Training Loss: 0.6344
2025-07-14 00:53:57 - INFO - Epoch 224 finished. Average Training Loss: 0.5690
2025-07-14 00:53:58 - INFO - Epoch 225 finished. Average Training Loss: 0.8794
2025-07-14 00:53:59 - INFO - Epoch 226 finished. Average Training Loss: 0.6722
2025-07-14 00:54:00 - INFO - Epoch 227 finished. Average Training Loss: 0.5715
2025-07-14 00:54:01 - INFO - Epoch 228 finished. Average Training Loss: 0.8451
2025-07-14 00:54:02 - INFO - Epoch 229 finished. Average Training Loss: 0.6194
2025-07-14 00:54:03 - INFO - Epoch 230 finished. Average Training Loss: 0.6799
2025-07-14 00:54:04 - INFO - Epoch 231 finished. Average Training Loss: 0.5805
2025-07-14 00:54:05 - INFO - Epoch 232 finished. Average Training Loss: 0.6740
2025-07-14 00:54:06 - INFO - Epoch 233 finished. Average Training Loss: 0.7513
2025-07-14 00:54:08 - INFO - Epoch 234 finished. Average Training Loss: 0.5881
2025-07-14 00:54:08 - INFO - Epoch 235 finished. Average Training Loss: 0.7256
2025-07-14 00:54:10 - INFO - Epoch 236 finished. Average Training Loss: 0.5394
2025-07-14 00:54:11 - INFO - Epoch 237 finished. Average Training Loss: 0.6040
2025-07-14 00:54:12 - INFO - Epoch 238 finished. Average Training Loss: 0.7556
2025-07-14 00:54:13 - INFO - Epoch 239 finished. Average Training Loss: 0.6101
2025-07-14 00:54:14 - INFO - Epoch 240 finished. Average Training Loss: 0.6523
2025-07-14 00:54:14 - INFO - Saved checkpoint for epoch 240 to ./result/VNet_Multi_V4/LA_8/Pth/model_epoch_240.pth
2025-07-14 00:54:15 - INFO - Epoch 241 finished. Average Training Loss: 0.5953
2025-07-14 00:54:16 - INFO - Epoch 242 finished. Average Training Loss: 0.6619
2025-07-14 00:54:17 - INFO - Epoch 243 finished. Average Training Loss: 0.6040
2025-07-14 00:54:18 - INFO - Epoch 244 finished. Average Training Loss: 0.6077
2025-07-14 00:54:20 - INFO - Epoch 245 finished. Average Training Loss: 0.5994
2025-07-14 00:54:20 - INFO - Epoch 246 finished. Average Training Loss: 0.8531
2025-07-14 00:54:22 - INFO - Epoch 247 finished. Average Training Loss: 0.4930
2025-07-14 00:54:23 - INFO - Epoch 248 finished. Average Training Loss: 0.4951
2025-07-14 00:54:24 - INFO - Epoch 249 finished. Average Training Loss: 0.5863
2025-07-14 00:54:25 - INFO - Epoch 250 finished. Average Training Loss: 0.7203
2025-07-14 00:54:26 - INFO - Epoch 251 finished. Average Training Loss: 0.7611
2025-07-14 00:54:27 - INFO - Epoch 252 finished. Average Training Loss: 0.6221
2025-07-14 00:54:28 - INFO - Epoch 253 finished. Average Training Loss: 0.6486
2025-07-14 00:54:29 - INFO - Epoch 254 finished. Average Training Loss: 0.6784
2025-07-14 00:54:30 - INFO - Epoch 255 finished. Average Training Loss: 0.6775
2025-07-14 00:54:31 - INFO - Epoch 256 finished. Average Training Loss: 0.7600
2025-07-14 00:54:32 - INFO - Epoch 257 finished. Average Training Loss: 0.8347
2025-07-14 00:54:33 - INFO - Epoch 258 finished. Average Training Loss: 0.4793
2025-07-14 00:54:34 - INFO - Epoch 259 finished. Average Training Loss: 0.5677
2025-07-14 00:54:35 - INFO - Epoch 260 finished. Average Training Loss: 0.4457
2025-07-14 00:54:36 - INFO - Saved checkpoint for epoch 260 to ./result/VNet_Multi_V4/LA_8/Pth/model_epoch_260.pth
2025-07-14 00:54:37 - INFO - Epoch 261 finished. Average Training Loss: 0.6686
2025-07-14 00:54:38 - INFO - Epoch 262 finished. Average Training Loss: 0.5509
2025-07-14 00:54:39 - INFO - Epoch 263 finished. Average Training Loss: 0.6409
2025-07-14 00:54:40 - INFO - Epoch 264 finished. Average Training Loss: 0.5560
2025-07-14 00:54:41 - INFO - Epoch 265 finished. Average Training Loss: 0.8016
2025-07-14 00:54:42 - INFO - Epoch 266 finished. Average Training Loss: 0.6365
2025-07-14 00:54:43 - INFO - Epoch 267 finished. Average Training Loss: 0.4862
2025-07-14 00:54:44 - INFO - Epoch 268 finished. Average Training Loss: 0.6549
2025-07-14 00:54:45 - INFO - Epoch 269 finished. Average Training Loss: 0.5173
2025-07-14 00:54:46 - INFO - Epoch 270 finished. Average Training Loss: 0.5647
2025-07-14 00:54:47 - INFO - Epoch 271 finished. Average Training Loss: 0.7618
2025-07-14 00:54:49 - INFO - Epoch 272 finished. Average Training Loss: 0.4476
2025-07-14 00:54:50 - INFO - Epoch 273 finished. Average Training Loss: 0.7412
2025-07-14 00:54:51 - INFO - Epoch 274 finished. Average Training Loss: 0.6649
2025-07-14 00:54:52 - INFO - Epoch 275 finished. Average Training Loss: 0.7259
2025-07-14 00:54:53 - INFO - Epoch 276 finished. Average Training Loss: 0.5243
2025-07-14 00:54:54 - INFO - Epoch 277 finished. Average Training Loss: 0.6969
2025-07-14 00:54:55 - INFO - Epoch 278 finished. Average Training Loss: 0.7232
2025-07-14 00:54:56 - INFO - Epoch 279 finished. Average Training Loss: 0.6078
2025-07-14 00:54:57 - INFO - Epoch 280 finished. Average Training Loss: 0.7017
2025-07-14 00:54:57 - INFO - Saved checkpoint for epoch 280 to ./result/VNet_Multi_V4/LA_8/Pth/model_epoch_280.pth
2025-07-14 00:54:58 - INFO - Epoch 281 finished. Average Training Loss: 0.6881
2025-07-14 00:54:59 - INFO - Epoch 282 finished. Average Training Loss: 0.5569
2025-07-14 00:55:00 - INFO - Epoch 283 finished. Average Training Loss: 0.5907
2025-07-14 00:55:02 - INFO - Epoch 284 finished. Average Training Loss: 0.5604
2025-07-14 00:55:03 - INFO - Epoch 285 finished. Average Training Loss: 0.6865
2025-07-14 00:55:04 - INFO - Epoch 286 finished. Average Training Loss: 0.7406
2025-07-14 00:55:05 - INFO - Epoch 287 finished. Average Training Loss: 0.6908
2025-07-14 00:55:06 - INFO - Epoch 288 finished. Average Training Loss: 0.4466
2025-07-14 00:55:07 - INFO - Epoch 289 finished. Average Training Loss: 0.5631
2025-07-14 00:55:08 - INFO - Epoch 290 finished. Average Training Loss: 0.6412
2025-07-14 00:55:09 - INFO - Epoch 291 finished. Average Training Loss: 0.6069
2025-07-14 00:55:10 - INFO - Epoch 292 finished. Average Training Loss: 0.5061
2025-07-14 00:55:11 - INFO - Epoch 293 finished. Average Training Loss: 0.6641
2025-07-14 00:55:12 - INFO - Epoch 294 finished. Average Training Loss: 0.7804
2025-07-14 00:55:13 - INFO - Epoch 295 finished. Average Training Loss: 0.6175
2025-07-14 00:55:14 - INFO - Epoch 296 finished. Average Training Loss: 0.4460
2025-07-14 00:55:15 - INFO - Epoch 297 finished. Average Training Loss: 0.5422
2025-07-14 00:55:17 - INFO - Epoch 298 finished. Average Training Loss: 0.5538
2025-07-14 00:55:18 - INFO - Epoch 299 finished. Average Training Loss: 0.4948
2025-07-14 00:55:19 - INFO - Epoch 300 finished. Average Training Loss: 0.6026
2025-07-14 00:55:19 - INFO - Saved checkpoint for epoch 300 to ./result/VNet_Multi_V4/LA_8/Pth/model_epoch_300.pth
2025-07-14 00:55:20 - INFO - Epoch 301 finished. Average Training Loss: 0.5494
2025-07-14 00:55:21 - INFO - Epoch 302 finished. Average Training Loss: 0.5572
2025-07-14 00:55:22 - INFO - Epoch 303 finished. Average Training Loss: 0.5089
2025-07-14 00:55:24 - INFO - Epoch 304 finished. Average Training Loss: 0.5126
2025-07-14 00:55:24 - INFO - Epoch 305 finished. Average Training Loss: 0.5495
2025-07-14 00:55:26 - INFO - Epoch 306 finished. Average Training Loss: 0.7624
2025-07-14 00:55:27 - INFO - Epoch 307 finished. Average Training Loss: 0.3419
2025-07-14 00:55:29 - INFO - Epoch 308 finished. Average Training Loss: 0.6395
2025-07-14 00:55:31 - INFO - Epoch 309 finished. Average Training Loss: 0.5905
2025-07-14 00:55:32 - INFO - Epoch 310 finished. Average Training Loss: 0.6923
2025-07-14 00:55:34 - INFO - Epoch 311 finished. Average Training Loss: 0.7252
2025-07-14 00:55:35 - INFO - Epoch 312 finished. Average Training Loss: 0.6404
2025-07-14 00:55:37 - INFO - Epoch 313 finished. Average Training Loss: 0.4206
2025-07-14 00:55:38 - INFO - Epoch 314 finished. Average Training Loss: 0.5432
2025-07-14 00:55:40 - INFO - Epoch 315 finished. Average Training Loss: 0.5901
2025-07-14 00:55:41 - INFO - Epoch 316 finished. Average Training Loss: 0.4814
2025-07-14 00:55:43 - INFO - Epoch 317 finished. Average Training Loss: 0.6527
2025-07-14 00:55:44 - INFO - Epoch 318 finished. Average Training Loss: 0.6335
2025-07-14 00:55:46 - INFO - Epoch 319 finished. Average Training Loss: 0.5021
2025-07-14 00:55:47 - INFO - Epoch 320 finished. Average Training Loss: 0.4578
2025-07-14 00:55:47 - INFO - Saved checkpoint for epoch 320 to ./result/VNet_Multi_V4/LA_8/Pth/model_epoch_320.pth
2025-07-14 00:55:49 - INFO - Epoch 321 finished. Average Training Loss: 0.6308
2025-07-14 00:55:50 - INFO - Epoch 322 finished. Average Training Loss: 0.4283
2025-07-14 00:55:52 - INFO - Epoch 323 finished. Average Training Loss: 0.6287
2025-07-14 00:55:53 - INFO - Epoch 324 finished. Average Training Loss: 0.5362
2025-07-14 00:55:55 - INFO - Epoch 325 finished. Average Training Loss: 0.5851
2025-07-14 00:55:56 - INFO - Epoch 326 finished. Average Training Loss: 0.6036
2025-07-14 00:55:58 - INFO - Epoch 327 finished. Average Training Loss: 0.3975
2025-07-14 00:56:00 - INFO - Epoch 328 finished. Average Training Loss: 0.5161
2025-07-14 00:56:01 - INFO - Epoch 329 finished. Average Training Loss: 0.4275
2025-07-14 00:56:03 - INFO - Epoch 330 finished. Average Training Loss: 0.7427
2025-07-14 00:56:04 - INFO - Epoch 331 finished. Average Training Loss: 0.2770
2025-07-14 00:56:06 - INFO - Epoch 332 finished. Average Training Loss: 0.5413
2025-07-14 00:56:07 - INFO - Epoch 333 finished. Average Training Loss: 0.5342
2025-07-14 00:56:09 - INFO - Epoch 334 finished. Average Training Loss: 0.7036
2025-07-14 00:56:10 - INFO - Epoch 335 finished. Average Training Loss: 0.5844
2025-07-14 00:56:12 - INFO - Epoch 336 finished. Average Training Loss: 0.7699
2025-07-14 00:56:13 - INFO - Epoch 337 finished. Average Training Loss: 0.4143
2025-07-14 00:56:14 - INFO - Epoch 338 finished. Average Training Loss: 0.3509
2025-07-14 00:56:16 - INFO - Epoch 339 finished. Average Training Loss: 0.5368
2025-07-14 00:56:17 - INFO - Epoch 340 finished. Average Training Loss: 0.3651
2025-07-14 00:56:17 - INFO - Saved checkpoint for epoch 340 to ./result/VNet_Multi_V4/LA_8/Pth/model_epoch_340.pth
2025-07-14 00:56:19 - INFO - Epoch 341 finished. Average Training Loss: 0.6295
2025-07-14 00:56:21 - INFO - Epoch 342 finished. Average Training Loss: 0.4807
2025-07-14 00:56:22 - INFO - Epoch 343 finished. Average Training Loss: 0.4382
2025-07-14 00:56:24 - INFO - Epoch 344 finished. Average Training Loss: 0.4683
2025-07-14 00:56:25 - INFO - Epoch 345 finished. Average Training Loss: 0.7120
2025-07-14 00:56:27 - INFO - Epoch 346 finished. Average Training Loss: 0.5768
2025-07-14 00:56:28 - INFO - Epoch 347 finished. Average Training Loss: 0.4869
2025-07-14 00:56:29 - INFO - Epoch 348 finished. Average Training Loss: 0.7284
2025-07-14 00:56:31 - INFO - Epoch 349 finished. Average Training Loss: 0.7302
2025-07-14 00:56:32 - INFO - Epoch 350 finished. Average Training Loss: 0.5636
2025-07-14 00:56:34 - INFO - Epoch 351 finished. Average Training Loss: 0.6021
2025-07-14 00:56:36 - INFO - Epoch 352 finished. Average Training Loss: 0.8083
2025-07-14 00:56:37 - INFO - Epoch 353 finished. Average Training Loss: 0.6616
2025-07-14 00:56:39 - INFO - Epoch 354 finished. Average Training Loss: 0.4698
2025-07-14 00:56:41 - INFO - Epoch 355 finished. Average Training Loss: 0.6877
2025-07-14 00:56:42 - INFO - Epoch 356 finished. Average Training Loss: 0.4151
2025-07-14 00:56:44 - INFO - Epoch 357 finished. Average Training Loss: 0.4934
2025-07-14 00:56:45 - INFO - Epoch 358 finished. Average Training Loss: 0.4399
2025-07-14 00:56:46 - INFO - Epoch 359 finished. Average Training Loss: 0.5527
2025-07-14 00:56:48 - INFO - Epoch 360 finished. Average Training Loss: 0.5801
2025-07-14 00:56:48 - INFO - Saved checkpoint for epoch 360 to ./result/VNet_Multi_V4/LA_8/Pth/model_epoch_360.pth
2025-07-14 00:56:49 - INFO - Epoch 361 finished. Average Training Loss: 0.5345
2025-07-14 00:56:51 - INFO - Epoch 362 finished. Average Training Loss: 0.4526
2025-07-14 00:56:52 - INFO - Epoch 363 finished. Average Training Loss: 0.5329
2025-07-14 00:56:54 - INFO - Epoch 364 finished. Average Training Loss: 0.5876
2025-07-14 00:56:56 - INFO - Epoch 365 finished. Average Training Loss: 0.5463
2025-07-14 00:56:57 - INFO - Epoch 366 finished. Average Training Loss: 0.3982
2025-07-14 00:56:59 - INFO - Epoch 367 finished. Average Training Loss: 0.3964
2025-07-14 00:57:00 - INFO - Epoch 368 finished. Average Training Loss: 0.5939
2025-07-14 00:57:02 - INFO - Epoch 369 finished. Average Training Loss: 0.3731
2025-07-14 00:57:03 - INFO - Epoch 370 finished. Average Training Loss: 0.5888
2025-07-14 00:57:05 - INFO - Epoch 371 finished. Average Training Loss: 0.4877
2025-07-14 00:57:07 - INFO - Epoch 372 finished. Average Training Loss: 0.2729
2025-07-14 00:57:08 - INFO - Epoch 373 finished. Average Training Loss: 0.4959
2025-07-14 00:57:10 - INFO - Epoch 374 finished. Average Training Loss: 0.7438
2025-07-14 00:57:11 - INFO - Epoch 375 finished. Average Training Loss: 0.4413
2025-07-14 00:57:13 - INFO - Epoch 376 finished. Average Training Loss: 0.6083
2025-07-14 00:57:14 - INFO - Epoch 377 finished. Average Training Loss: 0.4951
2025-07-14 00:57:16 - INFO - Epoch 378 finished. Average Training Loss: 0.3930
2025-07-14 00:57:17 - INFO - Epoch 379 finished. Average Training Loss: 0.3724
2025-07-14 00:57:19 - INFO - Epoch 380 finished. Average Training Loss: 0.6438
2025-07-14 00:57:19 - INFO - Saved checkpoint for epoch 380 to ./result/VNet_Multi_V4/LA_8/Pth/model_epoch_380.pth
2025-07-14 00:57:21 - INFO - Epoch 381 finished. Average Training Loss: 0.5907
2025-07-14 00:57:22 - INFO - Epoch 382 finished. Average Training Loss: 0.7078
2025-07-14 00:57:24 - INFO - Epoch 383 finished. Average Training Loss: 0.5028
2025-07-14 00:57:25 - INFO - Epoch 384 finished. Average Training Loss: 0.4941
2025-07-14 00:57:28 - INFO - Epoch 385 finished. Average Training Loss: 0.7563
2025-07-14 00:57:30 - INFO - Epoch 386 finished. Average Training Loss: 0.5790
2025-07-14 00:57:32 - INFO - Epoch 387 finished. Average Training Loss: 0.4354
2025-07-14 00:57:33 - INFO - Epoch 388 finished. Average Training Loss: 0.2863
2025-07-14 00:57:35 - INFO - Epoch 389 finished. Average Training Loss: 0.6324
2025-07-14 00:57:37 - INFO - Epoch 390 finished. Average Training Loss: 0.5274
2025-07-14 00:57:39 - INFO - Epoch 391 finished. Average Training Loss: 0.2953
2025-07-14 00:57:41 - INFO - Epoch 392 finished. Average Training Loss: 0.6127
2025-07-14 00:57:43 - INFO - Epoch 393 finished. Average Training Loss: 0.4463
2025-07-14 00:57:45 - INFO - Epoch 394 finished. Average Training Loss: 0.5056
2025-07-14 00:57:47 - INFO - Epoch 395 finished. Average Training Loss: 0.6943
2025-07-14 00:57:49 - INFO - Epoch 396 finished. Average Training Loss: 0.6389
2025-07-14 00:57:51 - INFO - Epoch 397 finished. Average Training Loss: 0.6432
2025-07-14 00:57:53 - INFO - Epoch 398 finished. Average Training Loss: 0.7858
2025-07-14 00:57:55 - INFO - Epoch 399 finished. Average Training Loss: 0.5789
2025-07-14 00:57:57 - INFO - Epoch 400 finished. Average Training Loss: 0.6295
2025-07-14 00:57:57 - INFO - Saved checkpoint for epoch 400 to ./result/VNet_Multi_V4/LA_8/Pth/model_epoch_400.pth
2025-07-14 00:57:59 - INFO - Epoch 401 finished. Average Training Loss: 0.5565
2025-07-14 00:58:01 - INFO - Epoch 402 finished. Average Training Loss: 0.4504
2025-07-14 00:58:02 - INFO - Epoch 403 finished. Average Training Loss: 0.4489
2025-07-14 00:58:04 - INFO - Epoch 404 finished. Average Training Loss: 0.6605
2025-07-14 00:58:05 - INFO - Epoch 405 finished. Average Training Loss: 0.5327
2025-07-14 00:58:07 - INFO - Epoch 406 finished. Average Training Loss: 0.4540
2025-07-14 00:58:08 - INFO - Epoch 407 finished. Average Training Loss: 0.7221
2025-07-14 00:58:10 - INFO - Epoch 408 finished. Average Training Loss: 0.5650
2025-07-14 00:58:11 - INFO - Epoch 409 finished. Average Training Loss: 0.7959
2025-07-14 00:58:13 - INFO - Epoch 410 finished. Average Training Loss: 0.5030
2025-07-14 00:58:14 - INFO - Epoch 411 finished. Average Training Loss: 0.5750
2025-07-14 00:58:15 - INFO - Epoch 412 finished. Average Training Loss: 0.6164
2025-07-14 00:58:17 - INFO - Epoch 413 finished. Average Training Loss: 0.4308
2025-07-14 00:58:19 - INFO - Epoch 414 finished. Average Training Loss: 0.6011
2025-07-14 00:58:20 - INFO - Epoch 415 finished. Average Training Loss: 0.4639
2025-07-14 00:58:22 - INFO - Epoch 416 finished. Average Training Loss: 0.5641
2025-07-14 00:58:23 - INFO - Epoch 417 finished. Average Training Loss: 0.5586
2025-07-14 00:58:24 - INFO - Epoch 418 finished. Average Training Loss: 0.6484
2025-07-14 00:58:26 - INFO - Epoch 419 finished. Average Training Loss: 0.4874
2025-07-14 00:58:27 - INFO - Epoch 420 finished. Average Training Loss: 0.4184
2025-07-14 00:58:27 - INFO - Saved checkpoint for epoch 420 to ./result/VNet_Multi_V4/LA_8/Pth/model_epoch_420.pth
2025-07-14 00:58:29 - INFO - Epoch 421 finished. Average Training Loss: 0.3624
2025-07-14 00:58:31 - INFO - Epoch 422 finished. Average Training Loss: 0.3564
2025-07-14 00:58:32 - INFO - Epoch 423 finished. Average Training Loss: 0.6879
2025-07-14 00:58:34 - INFO - Epoch 424 finished. Average Training Loss: 0.3690
2025-07-14 00:58:35 - INFO - Epoch 425 finished. Average Training Loss: 0.4118
2025-07-14 00:58:37 - INFO - Epoch 426 finished. Average Training Loss: 0.6672
2025-07-14 00:58:38 - INFO - Epoch 427 finished. Average Training Loss: 0.4251
2025-07-14 00:58:40 - INFO - Epoch 428 finished. Average Training Loss: 0.6123
2025-07-14 00:58:41 - INFO - Epoch 429 finished. Average Training Loss: 0.5112
2025-07-14 00:58:43 - INFO - Epoch 430 finished. Average Training Loss: 0.2762
2025-07-14 00:58:45 - INFO - Epoch 431 finished. Average Training Loss: 0.4347
2025-07-14 00:58:46 - INFO - Epoch 432 finished. Average Training Loss: 0.3359
2025-07-14 00:58:48 - INFO - Epoch 433 finished. Average Training Loss: 0.3854
2025-07-14 00:58:49 - INFO - Epoch 434 finished. Average Training Loss: 0.4716
2025-07-14 00:58:51 - INFO - Epoch 435 finished. Average Training Loss: 0.4521
2025-07-14 00:58:52 - INFO - Epoch 436 finished. Average Training Loss: 0.5640
2025-07-14 00:58:54 - INFO - Epoch 437 finished. Average Training Loss: 0.3612
2025-07-14 00:58:55 - INFO - Epoch 438 finished. Average Training Loss: 0.5476
2025-07-14 00:58:57 - INFO - Epoch 439 finished. Average Training Loss: 0.4161
2025-07-14 00:58:58 - INFO - Epoch 440 finished. Average Training Loss: 0.5319
2025-07-14 00:58:59 - INFO - Saved checkpoint for epoch 440 to ./result/VNet_Multi_V4/LA_8/Pth/model_epoch_440.pth
2025-07-14 00:59:00 - INFO - Epoch 441 finished. Average Training Loss: 0.3980
2025-07-14 00:59:01 - INFO - Epoch 442 finished. Average Training Loss: 0.4014
2025-07-14 00:59:03 - INFO - Epoch 443 finished. Average Training Loss: 0.4086
2025-07-14 00:59:04 - INFO - Epoch 444 finished. Average Training Loss: 0.6386
2025-07-14 00:59:06 - INFO - Epoch 445 finished. Average Training Loss: 0.4798
2025-07-14 00:59:07 - INFO - Epoch 446 finished. Average Training Loss: 0.6465
2025-07-14 00:59:09 - INFO - Epoch 447 finished. Average Training Loss: 0.3734
2025-07-14 00:59:10 - INFO - Epoch 448 finished. Average Training Loss: 0.4802
2025-07-14 00:59:12 - INFO - Epoch 449 finished. Average Training Loss: 0.4682
2025-07-14 00:59:13 - INFO - Epoch 450 finished. Average Training Loss: 0.4088
2025-07-14 00:59:15 - INFO - Epoch 451 finished. Average Training Loss: 0.4615
2025-07-14 00:59:16 - INFO - Epoch 452 finished. Average Training Loss: 0.3678
2025-07-14 00:59:18 - INFO - Epoch 453 finished. Average Training Loss: 0.5612
2025-07-14 00:59:20 - INFO - Epoch 454 finished. Average Training Loss: 0.2926
2025-07-14 00:59:21 - INFO - Epoch 455 finished. Average Training Loss: 0.4075
2025-07-14 00:59:23 - INFO - Epoch 456 finished. Average Training Loss: 0.5895
2025-07-14 00:59:24 - INFO - Epoch 457 finished. Average Training Loss: 0.5288
2025-07-14 00:59:26 - INFO - Epoch 458 finished. Average Training Loss: 0.5664
2025-07-14 00:59:27 - INFO - Epoch 459 finished. Average Training Loss: 0.5434
2025-07-14 00:59:29 - INFO - Epoch 460 finished. Average Training Loss: 0.2238
2025-07-14 00:59:29 - INFO - Saved checkpoint for epoch 460 to ./result/VNet_Multi_V4/LA_8/Pth/model_epoch_460.pth
2025-07-14 00:59:31 - INFO - Epoch 461 finished. Average Training Loss: 0.3313
2025-07-14 00:59:32 - INFO - Epoch 462 finished. Average Training Loss: 0.5183
2025-07-14 00:59:34 - INFO - Epoch 463 finished. Average Training Loss: 0.3252
2025-07-14 00:59:35 - INFO - Epoch 464 finished. Average Training Loss: 0.3552
2025-07-14 00:59:37 - INFO - Epoch 465 finished. Average Training Loss: 0.3924
2025-07-14 00:59:38 - INFO - Epoch 466 finished. Average Training Loss: 0.3589
2025-07-14 00:59:40 - INFO - Epoch 467 finished. Average Training Loss: 0.5811
2025-07-14 00:59:41 - INFO - Epoch 468 finished. Average Training Loss: 0.3356
2025-07-14 00:59:43 - INFO - Epoch 469 finished. Average Training Loss: 0.3923
2025-07-14 00:59:44 - INFO - Epoch 470 finished. Average Training Loss: 0.3167
2025-07-14 00:59:46 - INFO - Epoch 471 finished. Average Training Loss: 0.5246
2025-07-14 00:59:47 - INFO - Epoch 472 finished. Average Training Loss: 0.3132
2025-07-14 00:59:48 - INFO - Epoch 473 finished. Average Training Loss: 0.4234
2025-07-14 00:59:50 - INFO - Epoch 474 finished. Average Training Loss: 0.5012
2025-07-14 00:59:51 - INFO - Epoch 475 finished. Average Training Loss: 0.7687
2025-07-14 00:59:53 - INFO - Epoch 476 finished. Average Training Loss: 0.4058
2025-07-14 00:59:54 - INFO - Epoch 477 finished. Average Training Loss: 0.6466
2025-07-14 00:59:56 - INFO - Epoch 478 finished. Average Training Loss: 0.4940
2025-07-14 00:59:58 - INFO - Epoch 479 finished. Average Training Loss: 0.4216
2025-07-14 00:59:59 - INFO - Epoch 480 finished. Average Training Loss: 0.3362
2025-07-14 00:59:59 - INFO - Saved checkpoint for epoch 480 to ./result/VNet_Multi_V4/LA_8/Pth/model_epoch_480.pth
2025-07-14 01:00:01 - INFO - Epoch 481 finished. Average Training Loss: 0.6791
2025-07-14 01:00:03 - INFO - Epoch 482 finished. Average Training Loss: 0.5973
2025-07-14 01:00:04 - INFO - Epoch 483 finished. Average Training Loss: 0.4916
2025-07-14 01:00:06 - INFO - Epoch 484 finished. Average Training Loss: 0.4163
2025-07-14 01:00:07 - INFO - Epoch 485 finished. Average Training Loss: 0.3473
2025-07-14 01:00:09 - INFO - Epoch 486 finished. Average Training Loss: 0.1863
2025-07-14 01:00:10 - INFO - Epoch 487 finished. Average Training Loss: 0.2738
2025-07-14 01:00:12 - INFO - Epoch 488 finished. Average Training Loss: 0.4431
2025-07-14 01:00:13 - INFO - Epoch 489 finished. Average Training Loss: 0.5090
2025-07-14 01:00:15 - INFO - Epoch 490 finished. Average Training Loss: 0.4678
2025-07-14 01:00:16 - INFO - Epoch 491 finished. Average Training Loss: 0.2216
2025-07-14 01:00:18 - INFO - Epoch 492 finished. Average Training Loss: 0.3985
2025-07-14 01:00:19 - INFO - Epoch 493 finished. Average Training Loss: 0.4850
2025-07-14 01:00:21 - INFO - Epoch 494 finished. Average Training Loss: 0.4626
2025-07-14 01:00:23 - INFO - Epoch 495 finished. Average Training Loss: 0.6480
2025-07-14 01:00:24 - INFO - Epoch 496 finished. Average Training Loss: 0.4323
2025-07-14 01:00:26 - INFO - Epoch 497 finished. Average Training Loss: 0.3654
2025-07-14 01:00:27 - INFO - Epoch 498 finished. Average Training Loss: 0.4212
2025-07-14 01:00:28 - INFO - Epoch 499 finished. Average Training Loss: 0.5010
2025-07-14 01:00:30 - INFO - Epoch 500 finished. Average Training Loss: 0.4527
2025-07-14 01:00:30 - INFO - Saved checkpoint for epoch 500 to ./result/VNet_Multi_V4/LA_8/Pth/model_epoch_500.pth
2025-07-14 01:00:32 - INFO - Epoch 501 finished. Average Training Loss: 0.3875
2025-07-14 01:00:33 - INFO - Epoch 502 finished. Average Training Loss: 0.4680
2025-07-14 01:00:35 - INFO - Epoch 503 finished. Average Training Loss: 0.3453
2025-07-14 01:00:38 - INFO - Epoch 504 finished. Average Training Loss: 0.4423
2025-07-14 01:00:40 - INFO - Epoch 505 finished. Average Training Loss: 0.4615
2025-07-14 01:00:42 - INFO - Epoch 506 finished. Average Training Loss: 0.4303
2025-07-14 01:00:44 - INFO - Epoch 507 finished. Average Training Loss: 0.4429
2025-07-14 01:00:46 - INFO - Epoch 508 finished. Average Training Loss: 0.4459
2025-07-14 01:00:47 - INFO - Epoch 509 finished. Average Training Loss: 0.5190
2025-07-14 01:00:49 - INFO - Epoch 510 finished. Average Training Loss: 0.3623
2025-07-14 01:00:51 - INFO - Epoch 511 finished. Average Training Loss: 0.5592
2025-07-14 01:00:53 - INFO - Epoch 512 finished. Average Training Loss: 0.3853
2025-07-14 01:00:56 - INFO - Epoch 513 finished. Average Training Loss: 0.3349
2025-07-14 01:00:57 - INFO - Epoch 514 finished. Average Training Loss: 0.2756
2025-07-14 01:00:59 - INFO - Epoch 515 finished. Average Training Loss: 0.5274
2025-07-14 01:01:01 - INFO - Epoch 516 finished. Average Training Loss: 0.2562
2025-07-14 01:01:03 - INFO - Epoch 517 finished. Average Training Loss: 0.4580
2025-07-14 01:01:05 - INFO - Epoch 518 finished. Average Training Loss: 0.3234
2025-07-14 01:01:07 - INFO - Epoch 519 finished. Average Training Loss: 0.4894
2025-07-14 01:01:09 - INFO - Epoch 520 finished. Average Training Loss: 0.4161
2025-07-14 01:01:09 - INFO - Saved checkpoint for epoch 520 to ./result/VNet_Multi_V4/LA_8/Pth/model_epoch_520.pth
2025-07-14 01:01:11 - INFO - Epoch 521 finished. Average Training Loss: 0.4450
2025-07-14 01:01:13 - INFO - Epoch 522 finished. Average Training Loss: 0.4547
2025-07-14 01:01:15 - INFO - Epoch 523 finished. Average Training Loss: 0.3528
2025-07-14 01:01:17 - INFO - Epoch 524 finished. Average Training Loss: 0.3278
2025-07-14 01:01:19 - INFO - Epoch 525 finished. Average Training Loss: 0.2572
2025-07-14 01:01:22 - INFO - Epoch 526 finished. Average Training Loss: 0.4732
2025-07-14 01:01:24 - INFO - Epoch 527 finished. Average Training Loss: 0.4086
2025-07-14 01:01:26 - INFO - Epoch 528 finished. Average Training Loss: 0.3588
2025-07-14 01:01:28 - INFO - Epoch 529 finished. Average Training Loss: 0.3343
2025-07-14 01:01:30 - INFO - Epoch 530 finished. Average Training Loss: 0.3901
2025-07-14 01:01:31 - INFO - Epoch 531 finished. Average Training Loss: 0.4115
2025-07-14 01:01:34 - INFO - Epoch 532 finished. Average Training Loss: 0.4135
2025-07-14 01:01:35 - INFO - Epoch 533 finished. Average Training Loss: 0.3821
2025-07-14 01:01:37 - INFO - Epoch 534 finished. Average Training Loss: 0.4205
2025-07-14 01:01:39 - INFO - Epoch 535 finished. Average Training Loss: 0.5061
2025-07-14 01:01:41 - INFO - Epoch 536 finished. Average Training Loss: 0.2643
2025-07-14 01:01:43 - INFO - Epoch 537 finished. Average Training Loss: 0.5068
2025-07-14 01:01:45 - INFO - Epoch 538 finished. Average Training Loss: 0.2968
2025-07-14 01:01:47 - INFO - Epoch 539 finished. Average Training Loss: 0.5294
2025-07-14 01:01:49 - INFO - Epoch 540 finished. Average Training Loss: 0.4891
2025-07-14 01:01:49 - INFO - Saved checkpoint for epoch 540 to ./result/VNet_Multi_V4/LA_8/Pth/model_epoch_540.pth
2025-07-14 01:01:51 - INFO - Epoch 541 finished. Average Training Loss: 0.5060
2025-07-14 01:01:53 - INFO - Epoch 542 finished. Average Training Loss: 0.3281
2025-07-14 01:01:55 - INFO - Epoch 543 finished. Average Training Loss: 0.5136
2025-07-14 01:01:57 - INFO - Epoch 544 finished. Average Training Loss: 0.3879
2025-07-14 01:01:59 - INFO - Epoch 545 finished. Average Training Loss: 0.6178
2025-07-14 01:02:01 - INFO - Epoch 546 finished. Average Training Loss: 0.2611
2025-07-14 01:02:03 - INFO - Epoch 547 finished. Average Training Loss: 0.2964
2025-07-14 01:02:05 - INFO - Epoch 548 finished. Average Training Loss: 0.2369
2025-07-14 01:02:07 - INFO - Epoch 549 finished. Average Training Loss: 0.3023
2025-07-14 01:02:09 - INFO - Epoch 550 finished. Average Training Loss: 0.3425
2025-07-14 01:02:11 - INFO - Epoch 551 finished. Average Training Loss: 0.4098
2025-07-14 01:02:13 - INFO - Epoch 552 finished. Average Training Loss: 0.4265
2025-07-14 01:02:15 - INFO - Epoch 553 finished. Average Training Loss: 0.3709
2025-07-14 01:02:17 - INFO - Epoch 554 finished. Average Training Loss: 0.2577
2025-07-14 01:02:19 - INFO - Epoch 555 finished. Average Training Loss: 0.3989
2025-07-14 01:02:21 - INFO - Epoch 556 finished. Average Training Loss: 0.4916
2025-07-14 01:02:23 - INFO - Epoch 557 finished. Average Training Loss: 0.4061
2025-07-14 01:02:25 - INFO - Epoch 558 finished. Average Training Loss: 0.2882
2025-07-14 01:02:27 - INFO - Epoch 559 finished. Average Training Loss: 0.6076
2025-07-14 01:02:29 - INFO - Epoch 560 finished. Average Training Loss: 0.4796
2025-07-14 01:02:29 - INFO - Saved checkpoint for epoch 560 to ./result/VNet_Multi_V4/LA_8/Pth/model_epoch_560.pth
2025-07-14 01:02:31 - INFO - Epoch 561 finished. Average Training Loss: 0.3167
2025-07-14 01:02:33 - INFO - Epoch 562 finished. Average Training Loss: 0.4011
2025-07-14 01:02:35 - INFO - Epoch 563 finished. Average Training Loss: 0.3353
2025-07-14 01:02:37 - INFO - Epoch 564 finished. Average Training Loss: 0.4682
2025-07-14 01:02:39 - INFO - Epoch 565 finished. Average Training Loss: 0.5673
2025-07-14 01:02:41 - INFO - Epoch 566 finished. Average Training Loss: 0.3727
2025-07-14 01:02:43 - INFO - Epoch 567 finished. Average Training Loss: 0.4055
2025-07-14 01:02:45 - INFO - Epoch 568 finished. Average Training Loss: 0.3142
2025-07-14 01:02:47 - INFO - Epoch 569 finished. Average Training Loss: 0.2305
2025-07-14 01:02:49 - INFO - Epoch 570 finished. Average Training Loss: 0.3287
2025-07-14 01:02:51 - INFO - Epoch 571 finished. Average Training Loss: 0.2212
2025-07-14 01:02:53 - INFO - Epoch 572 finished. Average Training Loss: 0.4937
2025-07-14 01:02:55 - INFO - Epoch 573 finished. Average Training Loss: 0.4820
2025-07-14 01:02:57 - INFO - Epoch 574 finished. Average Training Loss: 0.3247
2025-07-14 01:02:59 - INFO - Epoch 575 finished. Average Training Loss: 0.3530
2025-07-14 01:03:01 - INFO - Epoch 576 finished. Average Training Loss: 0.2930
2025-07-14 01:03:03 - INFO - Epoch 577 finished. Average Training Loss: 0.4690
2025-07-14 01:03:05 - INFO - Epoch 578 finished. Average Training Loss: 0.4191
2025-07-14 01:03:07 - INFO - Epoch 579 finished. Average Training Loss: 0.4696
2025-07-14 01:03:09 - INFO - Epoch 580 finished. Average Training Loss: 0.4459
2025-07-14 01:03:09 - INFO - Saved checkpoint for epoch 580 to ./result/VNet_Multi_V4/LA_8/Pth/model_epoch_580.pth
2025-07-14 01:03:11 - INFO - Epoch 581 finished. Average Training Loss: 0.4615
2025-07-14 01:03:12 - INFO - Epoch 582 finished. Average Training Loss: 0.4865
2025-07-14 01:03:14 - INFO - Epoch 583 finished. Average Training Loss: 0.3918
2025-07-14 01:03:16 - INFO - Epoch 584 finished. Average Training Loss: 0.2898
2025-07-14 01:03:18 - INFO - Epoch 585 finished. Average Training Loss: 0.3612
2025-07-14 01:03:20 - INFO - Epoch 586 finished. Average Training Loss: 0.4585
2025-07-14 01:03:22 - INFO - Epoch 587 finished. Average Training Loss: 0.5418
2025-07-14 01:03:24 - INFO - Epoch 588 finished. Average Training Loss: 0.4378
2025-07-14 01:03:26 - INFO - Epoch 589 finished. Average Training Loss: 0.2233
2025-07-14 01:03:28 - INFO - Epoch 590 finished. Average Training Loss: 0.4641
2025-07-14 01:03:30 - INFO - Epoch 591 finished. Average Training Loss: 0.3285
2025-07-14 01:03:32 - INFO - Epoch 592 finished. Average Training Loss: 0.2353
2025-07-14 01:03:34 - INFO - Epoch 593 finished. Average Training Loss: 0.3818
2025-07-14 01:03:36 - INFO - Epoch 594 finished. Average Training Loss: 0.3879
2025-07-14 01:03:38 - INFO - Epoch 595 finished. Average Training Loss: 0.4933
2025-07-14 01:03:40 - INFO - Epoch 596 finished. Average Training Loss: 0.4702
2025-07-14 01:03:42 - INFO - Epoch 597 finished. Average Training Loss: 0.3876
2025-07-14 01:03:44 - INFO - Epoch 598 finished. Average Training Loss: 0.5322
2025-07-14 01:03:46 - INFO - Epoch 599 finished. Average Training Loss: 0.4352
2025-07-14 01:03:48 - INFO - Epoch 600 finished. Average Training Loss: 0.5352
2025-07-14 01:03:48 - INFO - Saved checkpoint for epoch 600 to ./result/VNet_Multi_V4/LA_8/Pth/model_epoch_600.pth
2025-07-14 01:03:48 - INFO - Training complete!
