2025-07-15 00:33:43 - INFO - Logging is set up.
2025-07-15 00:33:43 - INFO - 
======================================== New Training Session Started ========================================
2025-07-15 00:33:43 - INFO - Logging is set up.
2025-07-15 00:33:43 - INFO - 
======================================== New Training Session Started ========================================
2025-07-15 00:33:43 - INFO - Initialized distributed training on GPU 0. World size: 2
2025-07-15 00:33:43 - INFO - Training configuration:
{
  "seed": 42,
  "epochs": 600,
  "batch_size": 3,
  "learning_rate": 0.0001,
  "log_path": "./result/VNet_Multi_V5/Amos_18/Training.log",
  "pth_path": "./result/VNet_Multi_V5/Amos_18/Pth",
  "tensorboard_path": "./result/VNet_Multi_V5/Amos_18/Train",
  "continue_train": false,
  "multi_gpu": true,
  "training_num": 18,
  "dataset_path": "./datasets/AMOS",
  "num_classes": 16,
  "patch_size": [
    160,
    160,
    80
  ]
}
2025-07-15 00:33:43 - INFO - Creating new TensorBoard log directory: ./result/VNet_Multi_V5/Amos_18/Train/20250715-003343
2025-07-15 00:33:43 - INFO - Initializing AMOS dataset...
2025-07-15 00:33:43 - INFO - Initialized distributed training on GPU 1. World size: 2
2025-07-15 00:33:43 - INFO - Training configuration:
{
  "seed": 42,
  "epochs": 600,
  "batch_size": 3,
  "learning_rate": 0.0001,
  "log_path": "./result/VNet_Multi_V5/Amos_18/Training.log",
  "pth_path": "./result/VNet_Multi_V5/Amos_18/Pth",
  "tensorboard_path": "./result/VNet_Multi_V5/Amos_18/Train",
  "continue_train": false,
  "multi_gpu": true,
  "training_num": 18,
  "dataset_path": "./datasets/AMOS",
  "num_classes": 16,
  "patch_size": [
    160,
    160,
    80
  ]
}
2025-07-15 00:33:43 - INFO - Initializing AMOS dataset...
2025-07-15 00:33:43 - INFO - Successfully loaded 18 training samples.
2025-07-15 00:33:43 - INFO - DataLoader created with batch size: 3, num_workers: 24, shuffle: False.
2025-07-15 00:33:43 - INFO - Initializing VNet model...
2025-07-15 00:33:43 - INFO - Successfully loaded 18 training samples.
2025-07-15 00:33:43 - INFO - DataLoader created with batch size: 3, num_workers: 24, shuffle: False.
2025-07-15 00:33:43 - INFO - Initializing VNet model...
2025-07-15 00:33:44 - INFO - Model VNet created with 16 classes and batch normalization.
2025-07-15 00:33:44 - INFO - Starting training from scratch.
2025-07-15 00:33:44 - INFO - Model VNet created with 16 classes and batch normalization.
2025-07-15 00:33:44 - INFO - Starting training from scratch.
2025-07-15 00:33:45 - INFO - Wrapped model with DistributedDataParallel (DDP).
2025-07-15 00:33:45 - INFO - Using loss function: UnifiedLoss with parameters: num_classes=16, lambda_reg=0.3, loss_weight=[1,1]
2025-07-15 00:33:45 - INFO - Optimizer: AdamW with learning rate: 0.0001, weight_decay: 0.01
2025-07-15 00:33:45 - INFO - Starting model training from epoch 1 to 600...
2025-07-15 00:33:45 - INFO - Wrapped model with DistributedDataParallel (DDP).
2025-07-15 00:33:45 - INFO - Using loss function: UnifiedLoss with parameters: num_classes=16, lambda_reg=0.3, loss_weight=[1,1]
2025-07-15 00:33:45 - INFO - Optimizer: AdamW with learning rate: 0.0001, weight_decay: 0.01
2025-07-15 00:33:45 - INFO - Starting model training from epoch 1 to 600...
2025-07-15 00:33:51 - INFO - Epoch 1/600 finished. Average Training Loss: 4.4070
2025-07-15 00:33:56 - INFO - Epoch 2/600 finished. Average Training Loss: 4.2373
2025-07-15 00:34:01 - INFO - Epoch 3/600 finished. Average Training Loss: 4.3267
2025-07-15 00:34:06 - INFO - Epoch 4/600 finished. Average Training Loss: 4.1101
2025-07-15 00:34:10 - INFO - Epoch 5/600 finished. Average Training Loss: 4.2027
2025-07-15 00:34:16 - INFO - Epoch 6/600 finished. Average Training Loss: 4.0101
2025-07-15 00:34:20 - INFO - Epoch 7/600 finished. Average Training Loss: 4.1418
2025-07-15 00:34:25 - INFO - Epoch 8/600 finished. Average Training Loss: 4.1009
2025-07-15 00:34:30 - INFO - Epoch 9/600 finished. Average Training Loss: 4.1263
2025-07-15 00:34:35 - INFO - Epoch 10/600 finished. Average Training Loss: 4.1837
2025-07-15 00:34:40 - INFO - Epoch 11/600 finished. Average Training Loss: 4.1558
2025-07-15 00:34:45 - INFO - Epoch 12/600 finished. Average Training Loss: 3.9272
2025-07-15 00:34:50 - INFO - Epoch 13/600 finished. Average Training Loss: 4.0072
2025-07-15 00:34:54 - INFO - Epoch 14/600 finished. Average Training Loss: 4.0392
2025-07-15 00:35:00 - INFO - Epoch 15/600 finished. Average Training Loss: 4.0978
2025-07-15 00:35:04 - INFO - Epoch 16/600 finished. Average Training Loss: 3.9879
2025-07-15 00:35:09 - INFO - Epoch 17/600 finished. Average Training Loss: 3.8177
2025-07-15 00:35:14 - INFO - Epoch 18/600 finished. Average Training Loss: 4.0282
2025-07-15 00:35:19 - INFO - Epoch 19/600 finished. Average Training Loss: 3.9420
2025-07-15 00:35:24 - INFO - Epoch 20/600 finished. Average Training Loss: 3.9052
2025-07-15 00:35:24 - INFO - Saved checkpoint for epoch 20 to ./result/VNet_Multi_V5/Amos_18/Pth/model_epoch_20_checkpoint.pth
2025-07-15 00:35:29 - INFO - Epoch 21/600 finished. Average Training Loss: 3.8751
2025-07-15 00:35:33 - INFO - Epoch 22/600 finished. Average Training Loss: 3.9121
2025-07-15 00:35:38 - INFO - Epoch 23/600 finished. Average Training Loss: 3.9834
2025-07-15 00:35:43 - INFO - Epoch 24/600 finished. Average Training Loss: 3.7895
2025-07-15 00:35:48 - INFO - Epoch 25/600 finished. Average Training Loss: 3.8412
2025-07-15 00:35:53 - INFO - Epoch 26/600 finished. Average Training Loss: 3.7274
2025-07-15 00:35:58 - INFO - Epoch 27/600 finished. Average Training Loss: 3.8528
2025-07-15 00:36:03 - INFO - Epoch 28/600 finished. Average Training Loss: 3.9061
2025-07-15 00:36:07 - INFO - Epoch 29/600 finished. Average Training Loss: 3.6996
2025-07-15 00:36:12 - INFO - Epoch 30/600 finished. Average Training Loss: 3.9310
2025-07-15 00:36:17 - INFO - Epoch 31/600 finished. Average Training Loss: 3.7956
2025-07-15 00:36:23 - INFO - Epoch 32/600 finished. Average Training Loss: 3.7397
2025-07-15 00:36:27 - INFO - Epoch 33/600 finished. Average Training Loss: 3.7551
2025-07-15 00:36:32 - INFO - Epoch 34/600 finished. Average Training Loss: 3.9687
2025-07-15 00:36:37 - INFO - Epoch 35/600 finished. Average Training Loss: 3.6453
2025-07-15 00:36:42 - INFO - Epoch 36/600 finished. Average Training Loss: 3.6225
2025-07-15 00:36:47 - INFO - Epoch 37/600 finished. Average Training Loss: 3.6931
2025-07-15 00:36:52 - INFO - Epoch 38/600 finished. Average Training Loss: 3.7546
2025-07-15 00:36:56 - INFO - Epoch 39/600 finished. Average Training Loss: 3.7475
2025-07-15 00:37:02 - INFO - Epoch 40/600 finished. Average Training Loss: 3.6590
2025-07-15 00:37:02 - INFO - Saved checkpoint for epoch 40 to ./result/VNet_Multi_V5/Amos_18/Pth/model_epoch_40_checkpoint.pth
2025-07-15 00:37:07 - INFO - Epoch 41/600 finished. Average Training Loss: 3.6882
2025-07-15 00:37:12 - INFO - Epoch 42/600 finished. Average Training Loss: 3.7470
2025-07-15 00:37:16 - INFO - Epoch 43/600 finished. Average Training Loss: 3.6069
2025-07-15 00:37:21 - INFO - Epoch 44/600 finished. Average Training Loss: 3.6642
2025-07-15 00:37:26 - INFO - Epoch 45/600 finished. Average Training Loss: 3.5468
2025-07-15 00:37:31 - INFO - Epoch 46/600 finished. Average Training Loss: 3.6650
2025-07-15 00:37:36 - INFO - Epoch 47/600 finished. Average Training Loss: 3.6489
2025-07-15 00:37:41 - INFO - Epoch 48/600 finished. Average Training Loss: 3.6735
2025-07-15 00:37:46 - INFO - Epoch 49/600 finished. Average Training Loss: 3.6529
2025-07-15 00:37:51 - INFO - Epoch 50/600 finished. Average Training Loss: 3.6697
2025-07-15 00:37:56 - INFO - Epoch 51/600 finished. Average Training Loss: 3.6376
2025-07-15 00:38:01 - INFO - Epoch 52/600 finished. Average Training Loss: 3.6818
2025-07-15 00:38:06 - INFO - Epoch 53/600 finished. Average Training Loss: 3.4591
2025-07-15 00:38:11 - INFO - Epoch 54/600 finished. Average Training Loss: 3.6172
2025-07-15 00:38:16 - INFO - Epoch 55/600 finished. Average Training Loss: 3.5956
2025-07-15 00:38:20 - INFO - Epoch 56/600 finished. Average Training Loss: 3.5173
2025-07-15 00:38:25 - INFO - Epoch 57/600 finished. Average Training Loss: 3.6091
2025-07-15 00:38:30 - INFO - Epoch 58/600 finished. Average Training Loss: 3.5061
2025-07-15 00:38:35 - INFO - Epoch 59/600 finished. Average Training Loss: 3.5819
2025-07-15 00:38:39 - INFO - Epoch 60/600 finished. Average Training Loss: 3.4651
2025-07-15 00:38:39 - INFO - Saved checkpoint for epoch 60 to ./result/VNet_Multi_V5/Amos_18/Pth/model_epoch_60_checkpoint.pth
2025-07-15 00:38:44 - INFO - Epoch 61/600 finished. Average Training Loss: 3.4803
2025-07-15 00:38:49 - INFO - Epoch 62/600 finished. Average Training Loss: 3.3940
2025-07-15 00:38:54 - INFO - Epoch 63/600 finished. Average Training Loss: 3.5150
2025-07-15 00:38:59 - INFO - Epoch 64/600 finished. Average Training Loss: 3.4880
2025-07-15 00:39:04 - INFO - Epoch 65/600 finished. Average Training Loss: 3.5862
2025-07-15 00:39:09 - INFO - Epoch 66/600 finished. Average Training Loss: 3.5312
2025-07-15 00:39:14 - INFO - Epoch 67/600 finished. Average Training Loss: 3.5581
2025-07-15 00:39:19 - INFO - Epoch 68/600 finished. Average Training Loss: 3.5246
2025-07-15 00:39:23 - INFO - Epoch 69/600 finished. Average Training Loss: 3.4868
2025-07-15 00:39:28 - INFO - Epoch 70/600 finished. Average Training Loss: 3.2924
2025-07-15 00:39:33 - INFO - Epoch 71/600 finished. Average Training Loss: 3.5388
2025-07-15 00:39:38 - INFO - Epoch 72/600 finished. Average Training Loss: 3.5112
2025-07-15 00:39:43 - INFO - Epoch 73/600 finished. Average Training Loss: 3.4128
2025-07-15 00:39:48 - INFO - Epoch 74/600 finished. Average Training Loss: 3.4464
2025-07-15 00:39:53 - INFO - Epoch 75/600 finished. Average Training Loss: 3.5127
2025-07-15 00:39:58 - INFO - Epoch 76/600 finished. Average Training Loss: 3.5597
2025-07-15 00:40:03 - INFO - Epoch 77/600 finished. Average Training Loss: 3.4199
2025-07-15 00:40:08 - INFO - Epoch 78/600 finished. Average Training Loss: 3.4712
2025-07-15 00:40:12 - INFO - Epoch 79/600 finished. Average Training Loss: 3.5010
2025-07-15 00:40:18 - INFO - Epoch 80/600 finished. Average Training Loss: 3.3039
2025-07-15 00:40:18 - INFO - Saved checkpoint for epoch 80 to ./result/VNet_Multi_V5/Amos_18/Pth/model_epoch_80_checkpoint.pth
2025-07-15 00:40:22 - INFO - Epoch 81/600 finished. Average Training Loss: 3.4265
2025-07-15 00:40:27 - INFO - Epoch 82/600 finished. Average Training Loss: 3.4473
2025-07-15 00:40:32 - INFO - Epoch 83/600 finished. Average Training Loss: 3.4058
2025-07-15 00:40:37 - INFO - Epoch 84/600 finished. Average Training Loss: 3.2935
2025-07-15 00:40:42 - INFO - Epoch 85/600 finished. Average Training Loss: 3.4358
2025-07-15 00:40:46 - INFO - Epoch 86/600 finished. Average Training Loss: 3.3341
2025-07-15 00:40:51 - INFO - Epoch 87/600 finished. Average Training Loss: 3.2858
2025-07-15 00:40:56 - INFO - Epoch 88/600 finished. Average Training Loss: 3.3940
2025-07-15 00:41:02 - INFO - Epoch 89/600 finished. Average Training Loss: 3.2346
2025-07-15 00:41:06 - INFO - Epoch 90/600 finished. Average Training Loss: 3.4485
2025-07-15 00:41:11 - INFO - Epoch 91/600 finished. Average Training Loss: 3.3806
2025-07-15 00:41:16 - INFO - Epoch 92/600 finished. Average Training Loss: 3.3394
2025-07-15 00:41:21 - INFO - Epoch 93/600 finished. Average Training Loss: 3.1241
2025-07-15 00:41:26 - INFO - Epoch 94/600 finished. Average Training Loss: 3.4642
2025-07-15 00:41:31 - INFO - Epoch 95/600 finished. Average Training Loss: 3.2510
2025-07-15 00:41:36 - INFO - Epoch 96/600 finished. Average Training Loss: 3.2937
2025-07-15 00:41:41 - INFO - Epoch 97/600 finished. Average Training Loss: 3.3222
2025-07-15 00:41:46 - INFO - Epoch 98/600 finished. Average Training Loss: 3.3401
2025-07-15 00:41:51 - INFO - Epoch 99/600 finished. Average Training Loss: 3.2838
2025-07-15 00:41:56 - INFO - Epoch 100/600 finished. Average Training Loss: 3.3919
2025-07-15 00:41:56 - INFO - Saved checkpoint for epoch 100 to ./result/VNet_Multi_V5/Amos_18/Pth/model_epoch_100_checkpoint.pth
2025-07-15 00:42:01 - INFO - Epoch 101/600 finished. Average Training Loss: 3.3711
2025-07-15 00:42:06 - INFO - Epoch 102/600 finished. Average Training Loss: 3.3363
2025-07-15 00:42:11 - INFO - Epoch 103/600 finished. Average Training Loss: 3.3243
2025-07-15 00:42:15 - INFO - Epoch 104/600 finished. Average Training Loss: 3.3671
2025-07-15 00:42:20 - INFO - Epoch 105/600 finished. Average Training Loss: 3.3394
2025-07-15 00:42:25 - INFO - Epoch 106/600 finished. Average Training Loss: 3.2582
2025-07-15 00:42:30 - INFO - Epoch 107/600 finished. Average Training Loss: 3.1836
2025-07-15 00:42:35 - INFO - Epoch 108/600 finished. Average Training Loss: 3.1873
2025-07-15 00:42:39 - INFO - Epoch 109/600 finished. Average Training Loss: 3.2630
2025-07-15 00:42:44 - INFO - Epoch 110/600 finished. Average Training Loss: 3.3327
2025-07-15 00:42:49 - INFO - Epoch 111/600 finished. Average Training Loss: 3.0971
2025-07-15 00:42:54 - INFO - Epoch 112/600 finished. Average Training Loss: 3.1335
2025-07-15 00:42:59 - INFO - Epoch 113/600 finished. Average Training Loss: 3.3473
2025-07-15 00:43:04 - INFO - Epoch 114/600 finished. Average Training Loss: 3.2447
2025-07-15 00:43:09 - INFO - Epoch 115/600 finished. Average Training Loss: 3.3187
2025-07-15 00:43:14 - INFO - Epoch 116/600 finished. Average Training Loss: 3.1578
2025-07-15 00:43:19 - INFO - Epoch 117/600 finished. Average Training Loss: 3.0334
2025-07-15 00:43:24 - INFO - Epoch 118/600 finished. Average Training Loss: 3.3023
2025-07-15 00:43:29 - INFO - Epoch 119/600 finished. Average Training Loss: 3.1677
2025-07-15 00:43:34 - INFO - Epoch 120/600 finished. Average Training Loss: 3.1715
2025-07-15 00:43:34 - INFO - Saved checkpoint for epoch 120 to ./result/VNet_Multi_V5/Amos_18/Pth/model_epoch_120_checkpoint.pth
2025-07-15 00:43:38 - INFO - Epoch 121/600 finished. Average Training Loss: 3.0960
2025-07-15 00:43:43 - INFO - Epoch 122/600 finished. Average Training Loss: 3.2186
2025-07-15 00:43:48 - INFO - Epoch 123/600 finished. Average Training Loss: 3.1512
2025-07-15 00:43:53 - INFO - Epoch 124/600 finished. Average Training Loss: 3.1622
2025-07-15 00:43:58 - INFO - Epoch 125/600 finished. Average Training Loss: 3.1209
2025-07-15 00:44:03 - INFO - Epoch 126/600 finished. Average Training Loss: 3.2985
2025-07-15 00:44:08 - INFO - Epoch 127/600 finished. Average Training Loss: 3.0367
2025-07-15 00:44:13 - INFO - Epoch 128/600 finished. Average Training Loss: 3.0235
2025-07-15 00:44:17 - INFO - Epoch 129/600 finished. Average Training Loss: 3.1416
2025-07-15 00:44:22 - INFO - Epoch 130/600 finished. Average Training Loss: 3.0661
2025-07-15 00:44:27 - INFO - Epoch 131/600 finished. Average Training Loss: 3.1253
2025-07-15 00:44:32 - INFO - Epoch 132/600 finished. Average Training Loss: 2.9628
2025-07-15 00:44:37 - INFO - Epoch 133/600 finished. Average Training Loss: 3.3229
2025-07-15 00:44:42 - INFO - Epoch 134/600 finished. Average Training Loss: 2.9979
2025-07-15 00:44:47 - INFO - Epoch 135/600 finished. Average Training Loss: 2.9995
2025-07-15 00:44:52 - INFO - Epoch 136/600 finished. Average Training Loss: 3.1110
2025-07-15 00:44:56 - INFO - Epoch 137/600 finished. Average Training Loss: 3.0096
2025-07-15 00:45:01 - INFO - Epoch 138/600 finished. Average Training Loss: 3.1340
2025-07-15 00:45:06 - INFO - Epoch 139/600 finished. Average Training Loss: 3.0355
2025-07-15 00:45:11 - INFO - Epoch 140/600 finished. Average Training Loss: 3.0742
2025-07-15 00:45:11 - INFO - Saved checkpoint for epoch 140 to ./result/VNet_Multi_V5/Amos_18/Pth/model_epoch_140_checkpoint.pth
2025-07-15 00:45:16 - INFO - Epoch 141/600 finished. Average Training Loss: 3.0332
2025-07-15 00:45:21 - INFO - Epoch 142/600 finished. Average Training Loss: 3.2017
2025-07-15 00:45:25 - INFO - Epoch 143/600 finished. Average Training Loss: 2.9978
2025-07-15 00:45:31 - INFO - Epoch 144/600 finished. Average Training Loss: 2.9221
2025-07-15 00:45:36 - INFO - Epoch 145/600 finished. Average Training Loss: 2.8839
2025-07-15 00:45:41 - INFO - Epoch 146/600 finished. Average Training Loss: 3.0547
2025-07-15 00:45:46 - INFO - Epoch 147/600 finished. Average Training Loss: 2.9792
2025-07-15 00:45:50 - INFO - Epoch 148/600 finished. Average Training Loss: 2.9077
2025-07-15 00:45:56 - INFO - Epoch 149/600 finished. Average Training Loss: 3.0981
2025-07-15 00:46:00 - INFO - Epoch 150/600 finished. Average Training Loss: 2.9532
2025-07-15 00:46:05 - INFO - Epoch 151/600 finished. Average Training Loss: 2.9725
2025-07-15 00:46:10 - INFO - Epoch 152/600 finished. Average Training Loss: 2.8727
2025-07-15 00:46:15 - INFO - Epoch 153/600 finished. Average Training Loss: 2.8825
2025-07-15 00:46:20 - INFO - Epoch 154/600 finished. Average Training Loss: 2.9156
2025-07-15 00:46:25 - INFO - Epoch 155/600 finished. Average Training Loss: 2.9579
2025-07-15 00:46:29 - INFO - Epoch 156/600 finished. Average Training Loss: 3.1533
2025-07-15 00:46:34 - INFO - Epoch 157/600 finished. Average Training Loss: 3.1217
2025-07-15 00:46:40 - INFO - Epoch 158/600 finished. Average Training Loss: 3.0928
2025-07-15 00:46:44 - INFO - Epoch 159/600 finished. Average Training Loss: 3.0194
2025-07-15 00:46:49 - INFO - Epoch 160/600 finished. Average Training Loss: 2.9693
2025-07-15 00:46:49 - INFO - Saved checkpoint for epoch 160 to ./result/VNet_Multi_V5/Amos_18/Pth/model_epoch_160_checkpoint.pth
2025-07-15 00:46:54 - INFO - Epoch 161/600 finished. Average Training Loss: 2.7724
2025-07-15 00:46:59 - INFO - Epoch 162/600 finished. Average Training Loss: 2.8984
2025-07-15 00:47:04 - INFO - Epoch 163/600 finished. Average Training Loss: 2.8996
2025-07-15 00:47:09 - INFO - Epoch 164/600 finished. Average Training Loss: 2.8450
2025-07-15 00:47:14 - INFO - Epoch 165/600 finished. Average Training Loss: 3.1328
2025-07-15 00:47:19 - INFO - Epoch 166/600 finished. Average Training Loss: 2.8242
2025-07-15 00:47:24 - INFO - Epoch 167/600 finished. Average Training Loss: 2.8596
2025-07-15 00:47:29 - INFO - Epoch 168/600 finished. Average Training Loss: 3.1559
2025-07-15 00:47:34 - INFO - Epoch 169/600 finished. Average Training Loss: 2.8554
2025-07-15 00:47:38 - INFO - Epoch 170/600 finished. Average Training Loss: 2.9438
2025-07-15 00:47:44 - INFO - Epoch 171/600 finished. Average Training Loss: 2.9206
2025-07-15 00:47:49 - INFO - Epoch 172/600 finished. Average Training Loss: 2.8485
2025-07-15 00:47:53 - INFO - Epoch 173/600 finished. Average Training Loss: 2.9441
2025-07-15 00:47:58 - INFO - Epoch 174/600 finished. Average Training Loss: 3.0400
2025-07-15 00:48:03 - INFO - Epoch 175/600 finished. Average Training Loss: 2.9134
2025-07-15 00:48:08 - INFO - Epoch 176/600 finished. Average Training Loss: 2.9443
2025-07-15 00:48:13 - INFO - Epoch 177/600 finished. Average Training Loss: 2.8644
2025-07-15 00:48:18 - INFO - Epoch 178/600 finished. Average Training Loss: 2.6974
2025-07-15 00:48:23 - INFO - Epoch 179/600 finished. Average Training Loss: 2.8717
2025-07-15 00:48:28 - INFO - Epoch 180/600 finished. Average Training Loss: 3.0128
2025-07-15 00:48:28 - INFO - Saved checkpoint for epoch 180 to ./result/VNet_Multi_V5/Amos_18/Pth/model_epoch_180_checkpoint.pth
2025-07-15 00:48:33 - INFO - Epoch 181/600 finished. Average Training Loss: 2.7116
2025-07-15 00:48:38 - INFO - Epoch 182/600 finished. Average Training Loss: 2.9931
2025-07-15 00:48:42 - INFO - Epoch 183/600 finished. Average Training Loss: 2.6859
2025-07-15 00:48:48 - INFO - Epoch 184/600 finished. Average Training Loss: 2.7209
2025-07-15 00:48:53 - INFO - Epoch 185/600 finished. Average Training Loss: 2.9665
2025-07-15 00:48:57 - INFO - Epoch 186/600 finished. Average Training Loss: 2.9329
2025-07-15 00:49:02 - INFO - Epoch 187/600 finished. Average Training Loss: 2.9608
2025-07-15 00:49:07 - INFO - Epoch 188/600 finished. Average Training Loss: 2.7467
2025-07-15 00:49:13 - INFO - Epoch 189/600 finished. Average Training Loss: 2.8517
2025-07-15 00:49:17 - INFO - Epoch 190/600 finished. Average Training Loss: 2.8882
2025-07-15 00:49:22 - INFO - Epoch 191/600 finished. Average Training Loss: 3.0050
2025-07-15 00:49:27 - INFO - Epoch 192/600 finished. Average Training Loss: 2.7215
2025-07-15 00:49:32 - INFO - Epoch 193/600 finished. Average Training Loss: 2.9957
2025-07-15 00:49:37 - INFO - Epoch 194/600 finished. Average Training Loss: 2.8740
2025-07-15 00:49:42 - INFO - Epoch 195/600 finished. Average Training Loss: 2.7432
2025-07-15 00:49:46 - INFO - Epoch 196/600 finished. Average Training Loss: 2.8512
2025-07-15 00:49:51 - INFO - Epoch 197/600 finished. Average Training Loss: 2.8235
2025-07-15 00:49:56 - INFO - Epoch 198/600 finished. Average Training Loss: 2.8047
2025-07-15 00:50:01 - INFO - Epoch 199/600 finished. Average Training Loss: 2.5397
2025-07-15 00:50:06 - INFO - Epoch 200/600 finished. Average Training Loss: 2.9055
2025-07-15 00:50:06 - INFO - Saved checkpoint for epoch 200 to ./result/VNet_Multi_V5/Amos_18/Pth/model_epoch_200_checkpoint.pth
2025-07-15 00:50:11 - INFO - Epoch 201/600 finished. Average Training Loss: 2.7687
2025-07-15 00:50:16 - INFO - Epoch 202/600 finished. Average Training Loss: 2.7859
2025-07-15 00:50:21 - INFO - Epoch 203/600 finished. Average Training Loss: 2.6844
2025-07-15 00:50:26 - INFO - Epoch 204/600 finished. Average Training Loss: 2.8773
2025-07-15 00:50:31 - INFO - Epoch 205/600 finished. Average Training Loss: 2.7616
2025-07-15 00:50:36 - INFO - Epoch 206/600 finished. Average Training Loss: 2.7226
2025-07-15 00:50:41 - INFO - Epoch 207/600 finished. Average Training Loss: 3.0899
2025-07-15 00:50:45 - INFO - Epoch 208/600 finished. Average Training Loss: 2.8445
2025-07-15 00:50:50 - INFO - Epoch 209/600 finished. Average Training Loss: 2.7075
2025-07-15 00:50:55 - INFO - Epoch 210/600 finished. Average Training Loss: 2.6849
2025-07-15 00:51:00 - INFO - Epoch 211/600 finished. Average Training Loss: 2.8091
2025-07-15 00:51:05 - INFO - Epoch 212/600 finished. Average Training Loss: 2.8627
2025-07-15 00:51:09 - INFO - Epoch 213/600 finished. Average Training Loss: 2.7090
2025-07-15 00:51:14 - INFO - Epoch 214/600 finished. Average Training Loss: 2.5012
2025-07-15 00:51:19 - INFO - Epoch 215/600 finished. Average Training Loss: 2.7603
2025-07-15 00:51:24 - INFO - Epoch 216/600 finished. Average Training Loss: 2.6679
2025-07-15 00:51:29 - INFO - Epoch 217/600 finished. Average Training Loss: 2.8594
2025-07-15 00:51:34 - INFO - Epoch 218/600 finished. Average Training Loss: 2.5207
2025-07-15 00:51:39 - INFO - Epoch 219/600 finished. Average Training Loss: 2.7459
2025-07-15 00:51:44 - INFO - Epoch 220/600 finished. Average Training Loss: 2.8934
2025-07-15 00:51:44 - INFO - Saved checkpoint for epoch 220 to ./result/VNet_Multi_V5/Amos_18/Pth/model_epoch_220_checkpoint.pth
2025-07-15 00:51:49 - INFO - Epoch 221/600 finished. Average Training Loss: 2.6871
2025-07-15 00:51:54 - INFO - Epoch 222/600 finished. Average Training Loss: 2.6746
2025-07-15 00:51:59 - INFO - Epoch 223/600 finished. Average Training Loss: 2.6289
2025-07-15 00:52:04 - INFO - Epoch 224/600 finished. Average Training Loss: 2.7656
2025-07-15 00:52:08 - INFO - Epoch 225/600 finished. Average Training Loss: 2.5188
2025-07-15 00:52:13 - INFO - Epoch 226/600 finished. Average Training Loss: 2.8641
2025-07-15 00:52:18 - INFO - Epoch 227/600 finished. Average Training Loss: 2.6638
2025-07-15 00:52:23 - INFO - Epoch 228/600 finished. Average Training Loss: 2.8396
2025-07-15 00:52:28 - INFO - Epoch 229/600 finished. Average Training Loss: 2.6434
2025-07-15 00:52:32 - INFO - Epoch 230/600 finished. Average Training Loss: 2.6429
2025-07-15 00:52:37 - INFO - Epoch 231/600 finished. Average Training Loss: 2.7442
2025-07-15 00:52:42 - INFO - Epoch 232/600 finished. Average Training Loss: 2.7688
2025-07-15 00:52:47 - INFO - Epoch 233/600 finished. Average Training Loss: 2.5307
2025-07-15 00:52:52 - INFO - Epoch 234/600 finished. Average Training Loss: 2.5633
2025-07-15 00:52:57 - INFO - Epoch 235/600 finished. Average Training Loss: 2.8668
2025-07-15 00:53:02 - INFO - Epoch 236/600 finished. Average Training Loss: 2.7315
2025-07-15 00:53:07 - INFO - Epoch 237/600 finished. Average Training Loss: 2.6538
2025-07-15 00:53:12 - INFO - Epoch 238/600 finished. Average Training Loss: 2.6243
2025-07-15 00:53:17 - INFO - Epoch 239/600 finished. Average Training Loss: 2.4033
2025-07-15 00:53:22 - INFO - Epoch 240/600 finished. Average Training Loss: 2.6601
2025-07-15 00:53:22 - INFO - Saved checkpoint for epoch 240 to ./result/VNet_Multi_V5/Amos_18/Pth/model_epoch_240_checkpoint.pth
2025-07-15 00:53:27 - INFO - Epoch 241/600 finished. Average Training Loss: 2.6317
2025-07-15 00:53:32 - INFO - Epoch 242/600 finished. Average Training Loss: 2.5864
2025-07-15 00:53:36 - INFO - Epoch 243/600 finished. Average Training Loss: 2.3540
2025-07-15 00:53:42 - INFO - Epoch 244/600 finished. Average Training Loss: 2.5588
2025-07-15 00:53:46 - INFO - Epoch 245/600 finished. Average Training Loss: 2.2939
2025-07-15 00:53:51 - INFO - Epoch 246/600 finished. Average Training Loss: 2.6017
2025-07-15 00:53:56 - INFO - Epoch 247/600 finished. Average Training Loss: 2.6844
2025-07-15 00:54:01 - INFO - Epoch 248/600 finished. Average Training Loss: 2.5994
2025-07-15 00:54:05 - INFO - Epoch 249/600 finished. Average Training Loss: 2.4918
2025-07-15 00:54:10 - INFO - Epoch 250/600 finished. Average Training Loss: 2.5829
2025-07-15 00:54:15 - INFO - Epoch 251/600 finished. Average Training Loss: 2.5162
2025-07-15 00:54:20 - INFO - Epoch 252/600 finished. Average Training Loss: 2.4603
2025-07-15 00:54:25 - INFO - Epoch 253/600 finished. Average Training Loss: 2.7934
2025-07-15 00:54:30 - INFO - Epoch 254/600 finished. Average Training Loss: 2.4846
2025-07-15 00:54:34 - INFO - Epoch 255/600 finished. Average Training Loss: 2.4081
2025-07-15 00:54:39 - INFO - Epoch 256/600 finished. Average Training Loss: 2.5319
2025-07-15 00:54:45 - INFO - Epoch 257/600 finished. Average Training Loss: 2.4977
2025-07-15 00:54:50 - INFO - Epoch 258/600 finished. Average Training Loss: 2.4174
2025-07-15 00:54:54 - INFO - Epoch 259/600 finished. Average Training Loss: 2.5788
2025-07-15 00:54:59 - INFO - Epoch 260/600 finished. Average Training Loss: 2.3168
2025-07-15 00:54:59 - INFO - Saved checkpoint for epoch 260 to ./result/VNet_Multi_V5/Amos_18/Pth/model_epoch_260_checkpoint.pth
2025-07-15 00:55:04 - INFO - Epoch 261/600 finished. Average Training Loss: 2.5423
2025-07-15 00:55:09 - INFO - Epoch 262/600 finished. Average Training Loss: 2.3332
2025-07-15 00:55:14 - INFO - Epoch 263/600 finished. Average Training Loss: 2.8075
2025-07-15 00:55:19 - INFO - Epoch 264/600 finished. Average Training Loss: 2.5077
2025-07-15 00:55:24 - INFO - Epoch 265/600 finished. Average Training Loss: 2.5599
2025-07-15 00:55:29 - INFO - Epoch 266/600 finished. Average Training Loss: 2.6141
2025-07-15 00:55:33 - INFO - Epoch 267/600 finished. Average Training Loss: 2.4538
2025-07-15 00:55:38 - INFO - Epoch 268/600 finished. Average Training Loss: 2.5730
2025-07-15 00:55:43 - INFO - Epoch 269/600 finished. Average Training Loss: 2.5542
2025-07-15 00:55:49 - INFO - Epoch 270/600 finished. Average Training Loss: 2.2870
2025-07-15 00:55:53 - INFO - Epoch 271/600 finished. Average Training Loss: 2.4653
2025-07-15 00:55:58 - INFO - Epoch 272/600 finished. Average Training Loss: 2.4613
2025-07-15 00:56:03 - INFO - Epoch 273/600 finished. Average Training Loss: 2.6735
2025-07-15 00:56:08 - INFO - Epoch 274/600 finished. Average Training Loss: 2.4842
2025-07-15 00:56:13 - INFO - Epoch 275/600 finished. Average Training Loss: 2.4329
2025-07-15 00:56:18 - INFO - Epoch 276/600 finished. Average Training Loss: 2.2109
2025-07-15 00:56:23 - INFO - Epoch 277/600 finished. Average Training Loss: 2.6771
2025-07-15 00:56:28 - INFO - Epoch 278/600 finished. Average Training Loss: 2.4456
2025-07-15 00:56:32 - INFO - Epoch 279/600 finished. Average Training Loss: 2.2200
2025-07-15 00:56:37 - INFO - Epoch 280/600 finished. Average Training Loss: 2.3598
2025-07-15 00:56:37 - INFO - Saved checkpoint for epoch 280 to ./result/VNet_Multi_V5/Amos_18/Pth/model_epoch_280_checkpoint.pth
2025-07-15 00:56:42 - INFO - Epoch 281/600 finished. Average Training Loss: 2.4731
2025-07-15 00:56:47 - INFO - Epoch 282/600 finished. Average Training Loss: 2.5334
2025-07-15 00:56:52 - INFO - Epoch 283/600 finished. Average Training Loss: 2.2873
2025-07-15 00:56:57 - INFO - Epoch 284/600 finished. Average Training Loss: 2.3778
2025-07-15 00:57:01 - INFO - Epoch 285/600 finished. Average Training Loss: 2.5853
2025-07-15 00:57:06 - INFO - Epoch 286/600 finished. Average Training Loss: 2.5195
2025-07-15 00:57:11 - INFO - Epoch 287/600 finished. Average Training Loss: 2.5213
2025-07-15 00:57:15 - INFO - Epoch 288/600 finished. Average Training Loss: 2.4699
2025-07-15 00:57:20 - INFO - Epoch 289/600 finished. Average Training Loss: 2.3676
2025-07-15 00:57:24 - INFO - Epoch 290/600 finished. Average Training Loss: 2.3740
2025-07-15 00:57:29 - INFO - Epoch 291/600 finished. Average Training Loss: 2.4001
2025-07-15 00:57:33 - INFO - Epoch 292/600 finished. Average Training Loss: 2.3845
2025-07-15 00:57:38 - INFO - Epoch 293/600 finished. Average Training Loss: 2.3569
2025-07-15 00:57:43 - INFO - Epoch 294/600 finished. Average Training Loss: 2.3135
2025-07-15 00:57:47 - INFO - Epoch 295/600 finished. Average Training Loss: 2.4966
2025-07-15 00:57:52 - INFO - Epoch 296/600 finished. Average Training Loss: 2.3496
2025-07-15 00:57:57 - INFO - Epoch 297/600 finished. Average Training Loss: 2.4640
2025-07-15 00:58:02 - INFO - Epoch 298/600 finished. Average Training Loss: 2.4397
2025-07-15 00:58:06 - INFO - Epoch 299/600 finished. Average Training Loss: 2.3777
2025-07-15 00:58:11 - INFO - Epoch 300/600 finished. Average Training Loss: 2.5931
2025-07-15 00:58:11 - INFO - Saved checkpoint for epoch 300 to ./result/VNet_Multi_V5/Amos_18/Pth/model_epoch_300_checkpoint.pth
2025-07-15 00:58:16 - INFO - Epoch 301/600 finished. Average Training Loss: 2.3382
2025-07-15 00:58:20 - INFO - Epoch 302/600 finished. Average Training Loss: 2.7032
2025-07-15 00:58:25 - INFO - Epoch 303/600 finished. Average Training Loss: 2.5580
2025-07-15 00:58:30 - INFO - Epoch 304/600 finished. Average Training Loss: 2.2664
2025-07-15 00:58:35 - INFO - Epoch 305/600 finished. Average Training Loss: 2.4024
2025-07-15 00:58:39 - INFO - Epoch 306/600 finished. Average Training Loss: 2.3438
2025-07-15 00:58:44 - INFO - Epoch 307/600 finished. Average Training Loss: 2.2354
2025-07-15 00:58:48 - INFO - Epoch 308/600 finished. Average Training Loss: 2.1304
2025-07-15 00:58:53 - INFO - Epoch 309/600 finished. Average Training Loss: 2.2714
2025-07-15 00:58:58 - INFO - Epoch 310/600 finished. Average Training Loss: 2.5378
2025-07-15 00:59:02 - INFO - Epoch 311/600 finished. Average Training Loss: 2.2169
2025-07-15 00:59:07 - INFO - Epoch 312/600 finished. Average Training Loss: 2.0815
2025-07-15 00:59:11 - INFO - Epoch 313/600 finished. Average Training Loss: 2.2149
2025-07-15 00:59:16 - INFO - Epoch 314/600 finished. Average Training Loss: 2.4240
2025-07-15 00:59:21 - INFO - Epoch 315/600 finished. Average Training Loss: 2.3607
2025-07-15 00:59:25 - INFO - Epoch 316/600 finished. Average Training Loss: 2.2736
2025-07-15 00:59:30 - INFO - Epoch 317/600 finished. Average Training Loss: 2.1936
2025-07-15 00:59:35 - INFO - Epoch 318/600 finished. Average Training Loss: 2.0946
2025-07-15 00:59:40 - INFO - Epoch 319/600 finished. Average Training Loss: 2.2160
2025-07-15 00:59:44 - INFO - Epoch 320/600 finished. Average Training Loss: 2.1409
2025-07-15 00:59:44 - INFO - Saved checkpoint for epoch 320 to ./result/VNet_Multi_V5/Amos_18/Pth/model_epoch_320_checkpoint.pth
2025-07-15 00:59:49 - INFO - Epoch 321/600 finished. Average Training Loss: 2.2697
2025-07-15 00:59:54 - INFO - Epoch 322/600 finished. Average Training Loss: 2.1758
2025-07-15 00:59:58 - INFO - Epoch 323/600 finished. Average Training Loss: 2.3572
2025-07-15 01:00:03 - INFO - Epoch 324/600 finished. Average Training Loss: 2.0525
2025-07-15 01:00:07 - INFO - Epoch 325/600 finished. Average Training Loss: 2.1496
2025-07-15 01:00:12 - INFO - Epoch 326/600 finished. Average Training Loss: 2.1234
2025-07-15 01:00:16 - INFO - Epoch 327/600 finished. Average Training Loss: 2.3236
2025-07-15 01:00:21 - INFO - Epoch 328/600 finished. Average Training Loss: 2.4195
2025-07-15 01:00:26 - INFO - Epoch 329/600 finished. Average Training Loss: 2.0990
2025-07-15 01:00:30 - INFO - Epoch 330/600 finished. Average Training Loss: 2.3815
2025-07-15 01:00:35 - INFO - Epoch 331/600 finished. Average Training Loss: 2.4035
2025-07-15 01:00:40 - INFO - Epoch 332/600 finished. Average Training Loss: 2.4789
2025-07-15 01:00:44 - INFO - Epoch 333/600 finished. Average Training Loss: 2.0664
2025-07-15 01:00:49 - INFO - Epoch 334/600 finished. Average Training Loss: 2.0360
2025-07-15 01:00:54 - INFO - Epoch 335/600 finished. Average Training Loss: 2.0762
2025-07-15 01:00:58 - INFO - Epoch 336/600 finished. Average Training Loss: 2.2021
2025-07-15 01:01:03 - INFO - Epoch 337/600 finished. Average Training Loss: 2.0540
2025-07-15 01:01:07 - INFO - Epoch 338/600 finished. Average Training Loss: 2.2638
2025-07-15 01:01:12 - INFO - Epoch 339/600 finished. Average Training Loss: 2.1387
2025-07-15 01:01:17 - INFO - Epoch 340/600 finished. Average Training Loss: 2.2447
2025-07-15 01:01:17 - INFO - Saved checkpoint for epoch 340 to ./result/VNet_Multi_V5/Amos_18/Pth/model_epoch_340_checkpoint.pth
2025-07-15 01:01:22 - INFO - Epoch 341/600 finished. Average Training Loss: 2.0696
2025-07-15 01:01:26 - INFO - Epoch 342/600 finished. Average Training Loss: 2.1832
2025-07-15 01:01:31 - INFO - Epoch 343/600 finished. Average Training Loss: 2.2187
2025-07-15 01:01:36 - INFO - Epoch 344/600 finished. Average Training Loss: 1.8736
2025-07-15 01:01:40 - INFO - Epoch 345/600 finished. Average Training Loss: 2.1194
2025-07-15 01:01:45 - INFO - Epoch 346/600 finished. Average Training Loss: 2.2075
2025-07-15 01:01:49 - INFO - Epoch 347/600 finished. Average Training Loss: 2.2635
2025-07-15 01:01:54 - INFO - Epoch 348/600 finished. Average Training Loss: 2.1319
2025-07-15 01:01:59 - INFO - Epoch 349/600 finished. Average Training Loss: 2.3463
2025-07-15 01:02:04 - INFO - Epoch 350/600 finished. Average Training Loss: 2.3771
2025-07-15 01:02:08 - INFO - Epoch 351/600 finished. Average Training Loss: 2.1247
2025-07-15 01:02:13 - INFO - Epoch 352/600 finished. Average Training Loss: 2.0540
2025-07-15 01:02:18 - INFO - Epoch 353/600 finished. Average Training Loss: 2.0485
2025-07-15 01:02:22 - INFO - Epoch 354/600 finished. Average Training Loss: 2.2477
2025-07-15 01:02:27 - INFO - Epoch 355/600 finished. Average Training Loss: 1.8937
2025-07-15 01:02:31 - INFO - Epoch 356/600 finished. Average Training Loss: 2.1336
2025-07-15 01:02:36 - INFO - Epoch 357/600 finished. Average Training Loss: 1.9868
2025-07-15 01:02:41 - INFO - Epoch 358/600 finished. Average Training Loss: 2.1710
2025-07-15 01:02:45 - INFO - Epoch 359/600 finished. Average Training Loss: 2.2433
2025-07-15 01:02:50 - INFO - Epoch 360/600 finished. Average Training Loss: 2.1953
2025-07-15 01:02:50 - INFO - Saved checkpoint for epoch 360 to ./result/VNet_Multi_V5/Amos_18/Pth/model_epoch_360_checkpoint.pth
2025-07-15 01:02:55 - INFO - Epoch 361/600 finished. Average Training Loss: 2.1075
2025-07-15 01:03:00 - INFO - Epoch 362/600 finished. Average Training Loss: 2.1320
2025-07-15 01:03:04 - INFO - Epoch 363/600 finished. Average Training Loss: 2.0257
2025-07-15 01:03:09 - INFO - Epoch 364/600 finished. Average Training Loss: 1.8676
2025-07-15 01:03:13 - INFO - Epoch 365/600 finished. Average Training Loss: 1.7472
2025-07-15 01:03:18 - INFO - Epoch 366/600 finished. Average Training Loss: 2.1451
2025-07-15 01:03:23 - INFO - Epoch 367/600 finished. Average Training Loss: 2.0272
2025-07-15 01:03:27 - INFO - Epoch 368/600 finished. Average Training Loss: 1.8351
2025-07-15 01:03:32 - INFO - Epoch 369/600 finished. Average Training Loss: 2.0204
2025-07-15 01:03:37 - INFO - Epoch 370/600 finished. Average Training Loss: 2.3735
2025-07-15 01:03:41 - INFO - Epoch 371/600 finished. Average Training Loss: 2.2213
2025-07-15 01:03:46 - INFO - Epoch 372/600 finished. Average Training Loss: 2.1242
2025-07-15 01:03:50 - INFO - Epoch 373/600 finished. Average Training Loss: 2.1822
2025-07-15 01:03:55 - INFO - Epoch 374/600 finished. Average Training Loss: 2.2192
2025-07-15 01:04:00 - INFO - Epoch 375/600 finished. Average Training Loss: 1.8047
2025-07-15 01:04:05 - INFO - Epoch 376/600 finished. Average Training Loss: 2.0117
2025-07-15 01:04:09 - INFO - Epoch 377/600 finished. Average Training Loss: 2.0166
2025-07-15 01:04:14 - INFO - Epoch 378/600 finished. Average Training Loss: 2.2366
2025-07-15 01:04:19 - INFO - Epoch 379/600 finished. Average Training Loss: 2.0357
2025-07-15 01:04:23 - INFO - Epoch 380/600 finished. Average Training Loss: 1.9364
2025-07-15 01:04:23 - INFO - Saved checkpoint for epoch 380 to ./result/VNet_Multi_V5/Amos_18/Pth/model_epoch_380_checkpoint.pth
2025-07-15 01:04:28 - INFO - Epoch 381/600 finished. Average Training Loss: 2.0233
2025-07-15 01:04:32 - INFO - Epoch 382/600 finished. Average Training Loss: 2.0904
2025-07-15 01:04:37 - INFO - Epoch 383/600 finished. Average Training Loss: 1.9699
2025-07-15 01:04:42 - INFO - Epoch 384/600 finished. Average Training Loss: 2.2622
2025-07-15 01:04:46 - INFO - Epoch 385/600 finished. Average Training Loss: 2.2345
2025-07-15 01:04:51 - INFO - Epoch 386/600 finished. Average Training Loss: 2.0181
2025-07-15 01:04:56 - INFO - Epoch 387/600 finished. Average Training Loss: 1.9067
2025-07-15 01:05:01 - INFO - Epoch 388/600 finished. Average Training Loss: 2.2037
2025-07-15 01:05:05 - INFO - Epoch 389/600 finished. Average Training Loss: 1.8837
2025-07-15 01:05:10 - INFO - Epoch 390/600 finished. Average Training Loss: 1.9549
2025-07-15 01:05:14 - INFO - Epoch 391/600 finished. Average Training Loss: 1.9927
2025-07-15 01:05:19 - INFO - Epoch 392/600 finished. Average Training Loss: 2.1988
2025-07-15 01:05:24 - INFO - Epoch 393/600 finished. Average Training Loss: 2.1165
2025-07-15 01:05:28 - INFO - Epoch 394/600 finished. Average Training Loss: 1.7994
2025-07-15 01:05:33 - INFO - Epoch 395/600 finished. Average Training Loss: 1.9853
2025-07-15 01:05:37 - INFO - Epoch 396/600 finished. Average Training Loss: 2.2530
2025-07-15 01:05:42 - INFO - Epoch 397/600 finished. Average Training Loss: 2.0523
2025-07-15 01:05:47 - INFO - Epoch 398/600 finished. Average Training Loss: 2.1116
2025-07-15 01:05:51 - INFO - Epoch 399/600 finished. Average Training Loss: 2.0657
2025-07-15 01:05:56 - INFO - Epoch 400/600 finished. Average Training Loss: 1.8230
2025-07-15 01:05:56 - INFO - Saved checkpoint for epoch 400 to ./result/VNet_Multi_V5/Amos_18/Pth/model_epoch_400_checkpoint.pth
2025-07-15 01:06:01 - INFO - Epoch 401/600 finished. Average Training Loss: 1.8330
2025-07-15 01:06:06 - INFO - Epoch 402/600 finished. Average Training Loss: 2.1752
2025-07-15 01:06:10 - INFO - Epoch 403/600 finished. Average Training Loss: 1.9523
2025-07-15 01:06:15 - INFO - Epoch 404/600 finished. Average Training Loss: 1.9567
2025-07-15 01:06:20 - INFO - Epoch 405/600 finished. Average Training Loss: 1.7986
2025-07-15 01:06:24 - INFO - Epoch 406/600 finished. Average Training Loss: 1.8486
2025-07-15 01:06:28 - INFO - Epoch 407/600 finished. Average Training Loss: 2.0566
2025-07-15 01:06:33 - INFO - Epoch 408/600 finished. Average Training Loss: 2.2395
2025-07-15 01:06:38 - INFO - Epoch 409/600 finished. Average Training Loss: 2.1371
2025-07-15 01:06:43 - INFO - Epoch 410/600 finished. Average Training Loss: 2.0257
2025-07-15 01:06:47 - INFO - Epoch 411/600 finished. Average Training Loss: 2.1533
2025-07-15 01:06:52 - INFO - Epoch 412/600 finished. Average Training Loss: 1.9508
2025-07-15 01:06:57 - INFO - Epoch 413/600 finished. Average Training Loss: 2.1733
2025-07-15 01:07:02 - INFO - Epoch 414/600 finished. Average Training Loss: 1.9491
2025-07-15 01:07:06 - INFO - Epoch 415/600 finished. Average Training Loss: 1.7278
2025-07-15 01:07:10 - INFO - Epoch 416/600 finished. Average Training Loss: 1.8810
2025-07-15 01:07:15 - INFO - Epoch 417/600 finished. Average Training Loss: 2.2220
2025-07-15 01:07:20 - INFO - Epoch 418/600 finished. Average Training Loss: 1.9240
2025-07-15 01:07:24 - INFO - Epoch 419/600 finished. Average Training Loss: 1.8554
2025-07-15 01:07:29 - INFO - Epoch 420/600 finished. Average Training Loss: 1.7581
2025-07-15 01:07:29 - INFO - Saved checkpoint for epoch 420 to ./result/VNet_Multi_V5/Amos_18/Pth/model_epoch_420_checkpoint.pth
2025-07-15 01:07:33 - INFO - Epoch 421/600 finished. Average Training Loss: 2.0625
2025-07-15 01:07:38 - INFO - Epoch 422/600 finished. Average Training Loss: 1.8540
2025-07-15 01:07:43 - INFO - Epoch 423/600 finished. Average Training Loss: 1.8848
2025-07-15 01:07:48 - INFO - Epoch 424/600 finished. Average Training Loss: 1.9085
2025-07-15 01:07:52 - INFO - Epoch 425/600 finished. Average Training Loss: 2.0261
2025-07-15 01:07:57 - INFO - Epoch 426/600 finished. Average Training Loss: 1.8288
2025-07-15 01:08:02 - INFO - Epoch 427/600 finished. Average Training Loss: 1.6946
2025-07-15 01:08:06 - INFO - Epoch 428/600 finished. Average Training Loss: 1.9782
2025-07-15 01:08:11 - INFO - Epoch 429/600 finished. Average Training Loss: 1.7953
2025-07-15 01:08:15 - INFO - Epoch 430/600 finished. Average Training Loss: 1.9930
2025-07-15 01:08:20 - INFO - Epoch 431/600 finished. Average Training Loss: 1.9501
2025-07-15 01:08:25 - INFO - Epoch 432/600 finished. Average Training Loss: 1.8365
2025-07-15 01:08:29 - INFO - Epoch 433/600 finished. Average Training Loss: 1.8364
2025-07-15 01:08:34 - INFO - Epoch 434/600 finished. Average Training Loss: 1.6352
2025-07-15 01:08:38 - INFO - Epoch 435/600 finished. Average Training Loss: 1.8081
2025-07-15 01:08:43 - INFO - Epoch 436/600 finished. Average Training Loss: 1.9207
2025-07-15 01:08:48 - INFO - Epoch 437/600 finished. Average Training Loss: 1.6698
2025-07-15 01:08:52 - INFO - Epoch 438/600 finished. Average Training Loss: 1.6983
2025-07-15 01:08:57 - INFO - Epoch 439/600 finished. Average Training Loss: 1.9871
2025-07-15 01:09:02 - INFO - Epoch 440/600 finished. Average Training Loss: 1.9420
2025-07-15 01:09:02 - INFO - Saved checkpoint for epoch 440 to ./result/VNet_Multi_V5/Amos_18/Pth/model_epoch_440_checkpoint.pth
2025-07-15 01:09:07 - INFO - Epoch 441/600 finished. Average Training Loss: 1.6994
2025-07-15 01:09:11 - INFO - Epoch 442/600 finished. Average Training Loss: 1.7468
2025-07-15 01:09:16 - INFO - Epoch 443/600 finished. Average Training Loss: 1.5655
2025-07-15 01:09:21 - INFO - Epoch 444/600 finished. Average Training Loss: 1.8829
2025-07-15 01:09:26 - INFO - Epoch 445/600 finished. Average Training Loss: 1.7499
2025-07-15 01:09:30 - INFO - Epoch 446/600 finished. Average Training Loss: 1.7106
2025-07-15 01:09:34 - INFO - Epoch 447/600 finished. Average Training Loss: 1.5868
2025-07-15 01:09:39 - INFO - Epoch 448/600 finished. Average Training Loss: 1.9489
2025-07-15 01:09:44 - INFO - Epoch 449/600 finished. Average Training Loss: 1.6735
2025-07-15 01:09:49 - INFO - Epoch 450/600 finished. Average Training Loss: 1.6576
2025-07-15 01:09:53 - INFO - Epoch 451/600 finished. Average Training Loss: 1.5304
2025-07-15 01:09:58 - INFO - Epoch 452/600 finished. Average Training Loss: 1.6354
2025-07-15 01:10:03 - INFO - Epoch 453/600 finished. Average Training Loss: 2.0429
2025-07-15 01:10:07 - INFO - Epoch 454/600 finished. Average Training Loss: 2.0072
2025-07-15 01:10:12 - INFO - Epoch 455/600 finished. Average Training Loss: 1.5704
2025-07-15 01:10:16 - INFO - Epoch 456/600 finished. Average Training Loss: 1.8869
2025-07-15 01:10:21 - INFO - Epoch 457/600 finished. Average Training Loss: 1.5807
2025-07-15 01:10:26 - INFO - Epoch 458/600 finished. Average Training Loss: 1.7115
2025-07-15 01:10:31 - INFO - Epoch 459/600 finished. Average Training Loss: 1.7595
2025-07-15 01:10:35 - INFO - Epoch 460/600 finished. Average Training Loss: 2.1111
2025-07-15 01:10:35 - INFO - Saved checkpoint for epoch 460 to ./result/VNet_Multi_V5/Amos_18/Pth/model_epoch_460_checkpoint.pth
2025-07-15 01:10:40 - INFO - Epoch 461/600 finished. Average Training Loss: 1.9058
2025-07-15 01:10:45 - INFO - Epoch 462/600 finished. Average Training Loss: 1.6760
2025-07-15 01:10:49 - INFO - Epoch 463/600 finished. Average Training Loss: 1.5121
2025-07-15 01:10:54 - INFO - Epoch 464/600 finished. Average Training Loss: 1.9185
2025-07-15 01:10:58 - INFO - Epoch 465/600 finished. Average Training Loss: 1.7661
2025-07-15 01:11:03 - INFO - Epoch 466/600 finished. Average Training Loss: 1.6144
2025-07-15 01:11:08 - INFO - Epoch 467/600 finished. Average Training Loss: 1.6741
2025-07-15 01:11:12 - INFO - Epoch 468/600 finished. Average Training Loss: 1.5928
2025-07-15 01:11:17 - INFO - Epoch 469/600 finished. Average Training Loss: 1.7387
2025-07-15 01:11:22 - INFO - Epoch 470/600 finished. Average Training Loss: 1.7041
2025-07-15 01:11:27 - INFO - Epoch 471/600 finished. Average Training Loss: 1.6786
2025-07-15 01:11:31 - INFO - Epoch 472/600 finished. Average Training Loss: 1.6432
2025-07-15 01:11:36 - INFO - Epoch 473/600 finished. Average Training Loss: 1.5709
2025-07-15 01:11:40 - INFO - Epoch 474/600 finished. Average Training Loss: 1.7770
2025-07-15 01:11:45 - INFO - Epoch 475/600 finished. Average Training Loss: 1.7922
2025-07-15 01:11:50 - INFO - Epoch 476/600 finished. Average Training Loss: 1.6870
2025-07-15 01:11:55 - INFO - Epoch 477/600 finished. Average Training Loss: 1.8665
2025-07-15 01:11:59 - INFO - Epoch 478/600 finished. Average Training Loss: 1.5817
2025-07-15 01:12:04 - INFO - Epoch 479/600 finished. Average Training Loss: 1.9328
2025-07-15 01:12:09 - INFO - Epoch 480/600 finished. Average Training Loss: 1.6472
2025-07-15 01:12:09 - INFO - Saved checkpoint for epoch 480 to ./result/VNet_Multi_V5/Amos_18/Pth/model_epoch_480_checkpoint.pth
2025-07-15 01:12:13 - INFO - Epoch 481/600 finished. Average Training Loss: 1.7329
2025-07-15 01:12:18 - INFO - Epoch 482/600 finished. Average Training Loss: 1.4646
2025-07-15 01:12:22 - INFO - Epoch 483/600 finished. Average Training Loss: 1.7901
2025-07-15 01:12:27 - INFO - Epoch 484/600 finished. Average Training Loss: 1.8197
2025-07-15 01:12:31 - INFO - Epoch 485/600 finished. Average Training Loss: 1.4071
2025-07-15 01:12:36 - INFO - Epoch 486/600 finished. Average Training Loss: 1.6040
2025-07-15 01:12:40 - INFO - Epoch 487/600 finished. Average Training Loss: 1.5042
2025-07-15 01:12:45 - INFO - Epoch 488/600 finished. Average Training Loss: 1.7878
2025-07-15 01:12:50 - INFO - Epoch 489/600 finished. Average Training Loss: 1.9261
2025-07-15 01:12:55 - INFO - Epoch 490/600 finished. Average Training Loss: 1.7962
2025-07-15 01:12:59 - INFO - Epoch 491/600 finished. Average Training Loss: 1.7496
2025-07-15 01:13:04 - INFO - Epoch 492/600 finished. Average Training Loss: 1.8602
2025-07-15 01:13:09 - INFO - Epoch 493/600 finished. Average Training Loss: 1.6080
2025-07-15 01:13:13 - INFO - Epoch 494/600 finished. Average Training Loss: 1.4602
2025-07-15 01:13:18 - INFO - Epoch 495/600 finished. Average Training Loss: 2.0468
2025-07-15 01:13:22 - INFO - Epoch 496/600 finished. Average Training Loss: 1.6236
2025-07-15 01:13:27 - INFO - Epoch 497/600 finished. Average Training Loss: 1.6678
2025-07-15 01:13:31 - INFO - Epoch 498/600 finished. Average Training Loss: 1.9120
2025-07-15 01:13:36 - INFO - Epoch 499/600 finished. Average Training Loss: 1.6917
2025-07-15 01:13:40 - INFO - Epoch 500/600 finished. Average Training Loss: 1.7053
2025-07-15 01:13:40 - INFO - Saved checkpoint for epoch 500 to ./result/VNet_Multi_V5/Amos_18/Pth/model_epoch_500_checkpoint.pth
2025-07-15 01:13:45 - INFO - Epoch 501/600 finished. Average Training Loss: 1.6744
2025-07-15 01:13:50 - INFO - Epoch 502/600 finished. Average Training Loss: 1.8964
2025-07-15 01:13:54 - INFO - Epoch 503/600 finished. Average Training Loss: 1.8047
2025-07-15 01:13:59 - INFO - Epoch 504/600 finished. Average Training Loss: 1.7745
2025-07-15 01:14:04 - INFO - Epoch 505/600 finished. Average Training Loss: 1.5788
2025-07-15 01:14:09 - INFO - Epoch 506/600 finished. Average Training Loss: 1.4984
2025-07-15 01:14:13 - INFO - Epoch 507/600 finished. Average Training Loss: 1.9371
2025-07-15 01:14:18 - INFO - Epoch 508/600 finished. Average Training Loss: 1.4368
2025-07-15 01:14:22 - INFO - Epoch 509/600 finished. Average Training Loss: 1.7427
2025-07-15 01:14:27 - INFO - Epoch 510/600 finished. Average Training Loss: 1.8074
2025-07-15 01:14:32 - INFO - Epoch 511/600 finished. Average Training Loss: 1.5047
2025-07-15 01:14:36 - INFO - Epoch 512/600 finished. Average Training Loss: 1.4640
2025-07-15 01:14:41 - INFO - Epoch 513/600 finished. Average Training Loss: 1.8158
2025-07-15 01:14:46 - INFO - Epoch 514/600 finished. Average Training Loss: 1.6044
2025-07-15 01:14:50 - INFO - Epoch 515/600 finished. Average Training Loss: 1.4948
2025-07-15 01:14:55 - INFO - Epoch 516/600 finished. Average Training Loss: 1.5267
2025-07-15 01:14:59 - INFO - Epoch 517/600 finished. Average Training Loss: 1.3219
2025-07-15 01:15:04 - INFO - Epoch 518/600 finished. Average Training Loss: 1.5068
2025-07-15 01:15:09 - INFO - Epoch 519/600 finished. Average Training Loss: 1.3578
2025-07-15 01:15:13 - INFO - Epoch 520/600 finished. Average Training Loss: 1.4069
2025-07-15 01:15:13 - INFO - Saved checkpoint for epoch 520 to ./result/VNet_Multi_V5/Amos_18/Pth/model_epoch_520_checkpoint.pth
2025-07-15 01:15:18 - INFO - Epoch 521/600 finished. Average Training Loss: 1.8002
2025-07-15 01:15:22 - INFO - Epoch 522/600 finished. Average Training Loss: 1.8587
2025-07-15 01:15:28 - INFO - Epoch 523/600 finished. Average Training Loss: 1.7682
2025-07-15 01:15:32 - INFO - Epoch 524/600 finished. Average Training Loss: 1.6324
2025-07-15 01:15:36 - INFO - Epoch 525/600 finished. Average Training Loss: 1.6103
2025-07-15 01:15:41 - INFO - Epoch 526/600 finished. Average Training Loss: 1.4937
2025-07-15 01:15:46 - INFO - Epoch 527/600 finished. Average Training Loss: 1.4817
2025-07-15 01:15:50 - INFO - Epoch 528/600 finished. Average Training Loss: 1.4720
2025-07-15 01:15:55 - INFO - Epoch 529/600 finished. Average Training Loss: 1.6944
2025-07-15 01:15:59 - INFO - Epoch 530/600 finished. Average Training Loss: 1.5764
2025-07-15 01:16:04 - INFO - Epoch 531/600 finished. Average Training Loss: 1.3735
2025-07-15 01:16:09 - INFO - Epoch 532/600 finished. Average Training Loss: 1.7532
2025-07-15 01:16:14 - INFO - Epoch 533/600 finished. Average Training Loss: 1.6987
2025-07-15 01:16:18 - INFO - Epoch 534/600 finished. Average Training Loss: 1.5627
2025-07-15 01:16:23 - INFO - Epoch 535/600 finished. Average Training Loss: 1.5521
2025-07-15 01:16:28 - INFO - Epoch 536/600 finished. Average Training Loss: 1.4848
2025-07-15 01:16:32 - INFO - Epoch 537/600 finished. Average Training Loss: 1.5189
2025-07-15 01:16:37 - INFO - Epoch 538/600 finished. Average Training Loss: 1.7694
2025-07-15 01:16:41 - INFO - Epoch 539/600 finished. Average Training Loss: 1.5959
2025-07-15 01:16:46 - INFO - Epoch 540/600 finished. Average Training Loss: 1.2817
2025-07-15 01:16:46 - INFO - Saved checkpoint for epoch 540 to ./result/VNet_Multi_V5/Amos_18/Pth/model_epoch_540_checkpoint.pth
2025-07-15 01:16:51 - INFO - Epoch 541/600 finished. Average Training Loss: 1.7549
2025-07-15 01:16:56 - INFO - Epoch 542/600 finished. Average Training Loss: 1.4444
2025-07-15 01:17:00 - INFO - Epoch 543/600 finished. Average Training Loss: 1.5291
2025-07-15 01:17:05 - INFO - Epoch 544/600 finished. Average Training Loss: 1.3865
2025-07-15 01:17:10 - INFO - Epoch 545/600 finished. Average Training Loss: 1.7942
2025-07-15 01:17:14 - INFO - Epoch 546/600 finished. Average Training Loss: 1.5934
2025-07-15 01:17:19 - INFO - Epoch 547/600 finished. Average Training Loss: 1.3555
2025-07-15 01:17:23 - INFO - Epoch 548/600 finished. Average Training Loss: 1.5032
2025-07-15 01:17:28 - INFO - Epoch 549/600 finished. Average Training Loss: 1.6149
2025-07-15 01:17:33 - INFO - Epoch 550/600 finished. Average Training Loss: 1.3861
2025-07-15 01:17:37 - INFO - Epoch 551/600 finished. Average Training Loss: 1.4049
2025-07-15 01:17:42 - INFO - Epoch 552/600 finished. Average Training Loss: 1.7422
2025-07-15 01:17:47 - INFO - Epoch 553/600 finished. Average Training Loss: 1.9702
2025-07-15 01:17:51 - INFO - Epoch 554/600 finished. Average Training Loss: 1.6200
2025-07-15 01:17:56 - INFO - Epoch 555/600 finished. Average Training Loss: 1.4697
2025-07-15 01:18:00 - INFO - Epoch 556/600 finished. Average Training Loss: 1.3521
2025-07-15 01:18:05 - INFO - Epoch 557/600 finished. Average Training Loss: 1.5318
2025-07-15 01:18:10 - INFO - Epoch 558/600 finished. Average Training Loss: 1.4857
2025-07-15 01:18:14 - INFO - Epoch 559/600 finished. Average Training Loss: 1.4071
2025-07-15 01:18:19 - INFO - Epoch 560/600 finished. Average Training Loss: 1.5498
2025-07-15 01:18:19 - INFO - Saved checkpoint for epoch 560 to ./result/VNet_Multi_V5/Amos_18/Pth/model_epoch_560_checkpoint.pth
2025-07-15 01:18:24 - INFO - Epoch 561/600 finished. Average Training Loss: 1.3448
2025-07-15 01:18:29 - INFO - Epoch 562/600 finished. Average Training Loss: 1.6182
2025-07-15 01:18:33 - INFO - Epoch 563/600 finished. Average Training Loss: 1.6887
2025-07-15 01:18:37 - INFO - Epoch 564/600 finished. Average Training Loss: 1.4893
2025-07-15 01:18:42 - INFO - Epoch 565/600 finished. Average Training Loss: 1.2825
2025-07-15 01:18:47 - INFO - Epoch 566/600 finished. Average Training Loss: 1.5726
2025-07-15 01:18:51 - INFO - Epoch 567/600 finished. Average Training Loss: 1.4784
2025-07-15 01:18:56 - INFO - Epoch 568/600 finished. Average Training Loss: 1.6003
2025-07-15 01:19:00 - INFO - Epoch 569/600 finished. Average Training Loss: 1.5979
2025-07-15 01:19:05 - INFO - Epoch 570/600 finished. Average Training Loss: 1.3674
2025-07-15 01:19:10 - INFO - Epoch 571/600 finished. Average Training Loss: 1.5427
2025-07-15 01:19:15 - INFO - Epoch 572/600 finished. Average Training Loss: 1.3567
2025-07-15 01:19:19 - INFO - Epoch 573/600 finished. Average Training Loss: 1.3256
2025-07-15 01:19:24 - INFO - Epoch 574/600 finished. Average Training Loss: 1.6240
2025-07-15 01:19:29 - INFO - Epoch 575/600 finished. Average Training Loss: 1.4756
2025-07-15 01:19:33 - INFO - Epoch 576/600 finished. Average Training Loss: 1.2948
2025-07-15 01:19:38 - INFO - Epoch 577/600 finished. Average Training Loss: 1.5208
2025-07-15 01:19:42 - INFO - Epoch 578/600 finished. Average Training Loss: 1.7677
2025-07-15 01:19:47 - INFO - Epoch 579/600 finished. Average Training Loss: 1.4513
2025-07-15 01:19:52 - INFO - Epoch 580/600 finished. Average Training Loss: 1.3334
2025-07-15 01:19:52 - INFO - Saved checkpoint for epoch 580 to ./result/VNet_Multi_V5/Amos_18/Pth/model_epoch_580_checkpoint.pth
2025-07-15 01:19:56 - INFO - Epoch 581/600 finished. Average Training Loss: 1.3444
2025-07-15 01:20:01 - INFO - Epoch 582/600 finished. Average Training Loss: 1.3911
2025-07-15 01:20:05 - INFO - Epoch 583/600 finished. Average Training Loss: 1.6942
2025-07-15 01:20:10 - INFO - Epoch 584/600 finished. Average Training Loss: 1.8280
2025-07-15 01:20:15 - INFO - Epoch 585/600 finished. Average Training Loss: 1.5242
2025-07-15 01:20:20 - INFO - Epoch 586/600 finished. Average Training Loss: 1.4136
2025-07-15 01:20:24 - INFO - Epoch 587/600 finished. Average Training Loss: 1.4351
2025-07-15 01:20:29 - INFO - Epoch 588/600 finished. Average Training Loss: 1.5002
2025-07-15 01:20:34 - INFO - Epoch 589/600 finished. Average Training Loss: 1.4422
2025-07-15 01:20:38 - INFO - Epoch 590/600 finished. Average Training Loss: 1.2345
2025-07-15 01:20:43 - INFO - Epoch 591/600 finished. Average Training Loss: 1.3951
2025-07-15 01:20:47 - INFO - Epoch 592/600 finished. Average Training Loss: 1.3639
2025-07-15 01:20:52 - INFO - Epoch 593/600 finished. Average Training Loss: 1.2725
2025-07-15 01:20:56 - INFO - Epoch 594/600 finished. Average Training Loss: 1.3937
2025-07-15 01:21:01 - INFO - Epoch 595/600 finished. Average Training Loss: 1.5612
2025-07-15 01:21:06 - INFO - Epoch 596/600 finished. Average Training Loss: 1.3484
2025-07-15 01:21:11 - INFO - Epoch 597/600 finished. Average Training Loss: 1.4592
2025-07-15 01:21:15 - INFO - Epoch 598/600 finished. Average Training Loss: 1.2454
2025-07-15 01:21:20 - INFO - Epoch 599/600 finished. Average Training Loss: 1.4340
2025-07-15 01:21:24 - INFO - Epoch 600/600 finished. Average Training Loss: 1.2566
2025-07-15 01:21:24 - INFO - Saved checkpoint for epoch 600 to ./result/VNet_Multi_V5/Amos_18/Pth/model_epoch_600_checkpoint.pth
2025-07-15 01:21:24 - INFO - Training complete! Total duration: 0h 47m 41s
2025-07-15 01:21:24 - INFO - ======================================== Training Session Ended ========================================

