2025-05-25 19:28:06 - INFO - Logging is set up.
2025-05-25 19:28:06 - INFO - 
======================================== New Training Session ========================================
2025-05-25 19:28:06 - INFO - Configuration:
{
    "seed": 42,
    "epochs": 400,
    "batch_size": 4,
    "learning_rate": 0.001,
    "log_path": "./result/VNet_Multi/LA/Training.log",
    "pth_path": "./result/VNet_Multi/LA/Pth",
    "tensorboard_path": "./result/VNet_Multi/LA/Train",
    "continue_train": false,
    "multi_gpu": true,
    "training_num": 16,
    "dataset_name": "LA",
    "dataset_path": "./datasets/LA",
    "num_classes": 2,
    "patch_size": [
        112,
        112,
        80
    ]
}
2025-05-25 19:28:06 - INFO - TensorBoard logging directory: ./result/VNet_Multi/LA/Train/20250525-192806
2025-05-25 19:28:06 - INFO - Training dataset: 16
2025-05-25 19:28:06 - INFO - Optimizer: AdamW with parameters: {'lr': 0.0001, 'betas': (0.9, 0.999), 'eps': 1e-08, 'weight_decay': 0.01, 'amsgrad': False, 'maximize': False, 'foreach': None, 'capturable': False, 'differentiable': False, 'fused': None, 'decoupled_weight_decay': True}
2025-05-25 19:28:06 - INFO - Using Unified Uncertainty-aware Loss with λ=0.5
2025-05-25 19:28:08 - INFO - Epoch 1/400, Batch 4/4, Loss: 0.7152
2025-05-25 19:28:09 - INFO - Epoch 2/400, Batch 4/4, Loss: 0.7986
2025-05-25 19:28:11 - INFO - Epoch 3/400, Batch 4/4, Loss: 0.8172
2025-05-25 19:28:12 - INFO - Epoch 4/400, Batch 4/4, Loss: 0.6670
2025-05-25 19:28:13 - INFO - Epoch 5/400, Batch 4/4, Loss: 0.7370
2025-05-25 19:28:15 - INFO - Epoch 6/400, Batch 4/4, Loss: 0.6905
2025-05-25 19:28:16 - INFO - Epoch 7/400, Batch 4/4, Loss: 0.6956
2025-05-25 19:28:17 - INFO - Epoch 8/400, Batch 4/4, Loss: 0.7954
2025-05-25 19:28:18 - INFO - Epoch 9/400, Batch 4/4, Loss: 0.6692
2025-05-25 19:28:19 - INFO - Epoch 10/400, Batch 4/4, Loss: 0.8051
2025-05-25 19:28:21 - INFO - Epoch 11/400, Batch 4/4, Loss: 0.7300
2025-05-25 19:28:22 - INFO - Epoch 12/400, Batch 4/4, Loss: 0.6677
2025-05-25 19:28:23 - INFO - Epoch 13/400, Batch 4/4, Loss: 0.7345
2025-05-25 19:28:25 - INFO - Epoch 14/400, Batch 4/4, Loss: 0.6044
2025-05-25 19:28:26 - INFO - Epoch 15/400, Batch 4/4, Loss: 0.5790
2025-05-25 19:28:27 - INFO - Epoch 16/400, Batch 4/4, Loss: 0.7231
2025-05-25 19:28:28 - INFO - Epoch 17/400, Batch 4/4, Loss: 0.6042
2025-05-25 19:28:30 - INFO - Epoch 18/400, Batch 4/4, Loss: 0.6637
2025-05-25 19:28:31 - INFO - Epoch 19/400, Batch 4/4, Loss: 0.5517
2025-05-25 19:28:32 - INFO - Epoch 20/400, Batch 4/4, Loss: 0.5575
2025-05-25 19:28:32 - INFO - Created directory: ./result/VNet_Multi/LA/Pth
2025-05-25 19:28:32 - INFO - Saved checkpoint at epoch 20 at ./result/VNet_Multi/LA/Pth/model_epoch_20_checkpoint.pth
2025-05-25 19:28:33 - INFO - Epoch 21/400, Batch 4/4, Loss: 0.4996
2025-05-25 19:28:35 - INFO - Epoch 22/400, Batch 4/4, Loss: 0.6000
2025-05-25 19:28:36 - INFO - Epoch 23/400, Batch 4/4, Loss: 0.5278
2025-05-25 19:28:37 - INFO - Epoch 24/400, Batch 4/4, Loss: 0.5451
2025-05-25 19:28:39 - INFO - Epoch 25/400, Batch 4/4, Loss: 0.5501
2025-05-25 19:28:40 - INFO - Epoch 26/400, Batch 4/4, Loss: 0.5238
2025-05-25 19:28:41 - INFO - Epoch 27/400, Batch 4/4, Loss: 0.5407
2025-05-25 19:28:42 - INFO - Epoch 28/400, Batch 4/4, Loss: 0.5248
2025-05-25 19:28:44 - INFO - Epoch 29/400, Batch 4/4, Loss: 0.5656
2025-05-25 19:28:45 - INFO - Epoch 30/400, Batch 4/4, Loss: 0.5615
2025-05-25 19:28:46 - INFO - Epoch 31/400, Batch 4/4, Loss: 0.6496
2025-05-25 19:28:48 - INFO - Epoch 32/400, Batch 4/4, Loss: 0.3867
2025-05-25 19:28:49 - INFO - Epoch 33/400, Batch 4/4, Loss: 0.5575
2025-05-25 19:28:50 - INFO - Epoch 34/400, Batch 4/4, Loss: 0.5466
2025-05-25 19:28:51 - INFO - Epoch 35/400, Batch 4/4, Loss: 0.4705
2025-05-25 19:28:53 - INFO - Epoch 36/400, Batch 4/4, Loss: 0.4289
2025-05-25 19:28:54 - INFO - Epoch 37/400, Batch 4/4, Loss: 0.4543
2025-05-25 19:28:55 - INFO - Epoch 38/400, Batch 4/4, Loss: 0.3792
2025-05-25 19:28:56 - INFO - Epoch 39/400, Batch 4/4, Loss: 0.3576
2025-05-25 19:28:58 - INFO - Epoch 40/400, Batch 4/4, Loss: 0.4342
2025-05-25 19:28:58 - INFO - Saved checkpoint at epoch 40 at ./result/VNet_Multi/LA/Pth/model_epoch_40_checkpoint.pth
2025-05-25 19:28:59 - INFO - Epoch 41/400, Batch 4/4, Loss: 0.4733
2025-05-25 19:29:00 - INFO - Epoch 42/400, Batch 4/4, Loss: 0.4898
2025-05-25 19:29:02 - INFO - Epoch 43/400, Batch 4/4, Loss: 0.4153
2025-05-25 19:29:03 - INFO - Epoch 44/400, Batch 4/4, Loss: 0.5475
2025-05-25 19:29:04 - INFO - Epoch 45/400, Batch 4/4, Loss: 0.3892
2025-05-25 19:29:06 - INFO - Epoch 46/400, Batch 4/4, Loss: 0.4462
2025-05-25 19:29:07 - INFO - Epoch 47/400, Batch 4/4, Loss: 0.3541
2025-05-25 19:29:08 - INFO - Epoch 48/400, Batch 4/4, Loss: 0.4029
2025-05-25 19:29:09 - INFO - Epoch 49/400, Batch 4/4, Loss: 0.3811
2025-05-25 19:29:11 - INFO - Epoch 50/400, Batch 4/4, Loss: 0.3728
2025-05-25 19:29:12 - INFO - Epoch 51/400, Batch 4/4, Loss: 0.5298
2025-05-25 19:29:13 - INFO - Epoch 52/400, Batch 4/4, Loss: 0.3632
2025-05-25 19:29:14 - INFO - Epoch 53/400, Batch 4/4, Loss: 0.3883
2025-05-25 19:29:16 - INFO - Epoch 54/400, Batch 4/4, Loss: 0.5048
2025-05-25 19:29:17 - INFO - Epoch 55/400, Batch 4/4, Loss: 0.4496
2025-05-25 19:29:18 - INFO - Epoch 56/400, Batch 4/4, Loss: 0.3889
2025-05-25 19:29:20 - INFO - Epoch 57/400, Batch 4/4, Loss: 0.4862
2025-05-25 19:29:21 - INFO - Epoch 58/400, Batch 4/4, Loss: 0.4366
2025-05-25 19:29:22 - INFO - Epoch 59/400, Batch 4/4, Loss: 0.4694
2025-05-25 19:29:23 - INFO - Epoch 60/400, Batch 4/4, Loss: 0.4270
2025-05-25 19:29:23 - INFO - Saved checkpoint at epoch 60 at ./result/VNet_Multi/LA/Pth/model_epoch_60_checkpoint.pth
2025-05-25 19:29:25 - INFO - Epoch 61/400, Batch 4/4, Loss: 0.3196
2025-05-25 19:29:26 - INFO - Epoch 62/400, Batch 4/4, Loss: 0.3471
2025-05-25 19:29:27 - INFO - Epoch 63/400, Batch 4/4, Loss: 0.4736
2025-05-25 19:29:29 - INFO - Epoch 64/400, Batch 4/4, Loss: 0.3188
2025-05-25 19:29:30 - INFO - Epoch 65/400, Batch 4/4, Loss: 0.4159
2025-05-25 19:29:31 - INFO - Epoch 66/400, Batch 4/4, Loss: 0.4331
2025-05-25 19:29:32 - INFO - Epoch 67/400, Batch 4/4, Loss: 0.4191
2025-05-25 19:29:34 - INFO - Epoch 68/400, Batch 4/4, Loss: 0.3155
2025-05-25 19:29:35 - INFO - Epoch 69/400, Batch 4/4, Loss: 0.3375
2025-05-25 19:29:36 - INFO - Epoch 70/400, Batch 4/4, Loss: 0.4689
2025-05-25 19:29:38 - INFO - Epoch 71/400, Batch 4/4, Loss: 0.3805
2025-05-25 19:29:39 - INFO - Epoch 72/400, Batch 4/4, Loss: 0.2590
2025-05-25 19:29:40 - INFO - Epoch 73/400, Batch 4/4, Loss: 0.4489
2025-05-25 19:29:41 - INFO - Epoch 74/400, Batch 4/4, Loss: 0.2854
2025-05-25 19:29:43 - INFO - Epoch 75/400, Batch 4/4, Loss: 0.4608
2025-05-25 19:29:44 - INFO - Epoch 76/400, Batch 4/4, Loss: 0.4166
2025-05-25 19:29:45 - INFO - Epoch 77/400, Batch 4/4, Loss: 0.5588
2025-05-25 19:29:47 - INFO - Epoch 78/400, Batch 4/4, Loss: 0.3824
2025-05-25 19:29:48 - INFO - Epoch 79/400, Batch 4/4, Loss: 0.3599
2025-05-25 19:29:49 - INFO - Epoch 80/400, Batch 4/4, Loss: 0.3553
2025-05-25 19:29:49 - INFO - Saved checkpoint at epoch 80 at ./result/VNet_Multi/LA/Pth/model_epoch_80_checkpoint.pth
2025-05-25 19:29:50 - INFO - Epoch 81/400, Batch 4/4, Loss: 0.4039
2025-05-25 19:29:52 - INFO - Epoch 82/400, Batch 4/4, Loss: 0.3444
2025-05-25 19:29:53 - INFO - Epoch 83/400, Batch 4/4, Loss: 0.2657
2025-05-25 19:29:54 - INFO - Epoch 84/400, Batch 4/4, Loss: 0.4501
2025-05-25 19:29:56 - INFO - Epoch 85/400, Batch 4/4, Loss: 0.3748
2025-05-25 19:29:57 - INFO - Epoch 86/400, Batch 4/4, Loss: 0.3571
2025-05-25 19:29:58 - INFO - Epoch 87/400, Batch 4/4, Loss: 0.3517
2025-05-25 19:29:59 - INFO - Epoch 88/400, Batch 4/4, Loss: 0.2887
2025-05-25 19:30:01 - INFO - Epoch 89/400, Batch 4/4, Loss: 0.2515
2025-05-25 19:30:02 - INFO - Epoch 90/400, Batch 4/4, Loss: 0.2790
2025-05-25 19:30:03 - INFO - Epoch 91/400, Batch 4/4, Loss: 0.2188
2025-05-25 19:30:05 - INFO - Epoch 92/400, Batch 4/4, Loss: 0.2914
2025-05-25 19:30:06 - INFO - Epoch 93/400, Batch 4/4, Loss: 0.2883
2025-05-25 19:30:07 - INFO - Epoch 94/400, Batch 4/4, Loss: 0.2461
2025-05-25 19:30:08 - INFO - Epoch 95/400, Batch 4/4, Loss: 0.2608
2025-05-25 19:30:10 - INFO - Epoch 96/400, Batch 4/4, Loss: 0.2960
2025-05-25 19:30:11 - INFO - Epoch 97/400, Batch 4/4, Loss: 0.3764
2025-05-25 19:30:12 - INFO - Epoch 98/400, Batch 4/4, Loss: 0.4069
2025-05-25 19:30:13 - INFO - Epoch 99/400, Batch 4/4, Loss: 0.2534
2025-05-25 19:30:15 - INFO - Epoch 100/400, Batch 4/4, Loss: 0.1749
2025-05-25 19:30:15 - INFO - Saved checkpoint at epoch 100 at ./result/VNet_Multi/LA/Pth/model_epoch_100_checkpoint.pth
2025-05-25 19:30:16 - INFO - Epoch 101/400, Batch 4/4, Loss: 0.3200
2025-05-25 19:30:17 - INFO - Epoch 102/400, Batch 4/4, Loss: 0.1926
2025-05-25 19:30:19 - INFO - Epoch 103/400, Batch 4/4, Loss: 0.2610
2025-05-25 19:30:20 - INFO - Epoch 104/400, Batch 4/4, Loss: 0.4249
2025-05-25 19:30:21 - INFO - Epoch 105/400, Batch 4/4, Loss: 0.2801
2025-05-25 19:30:22 - INFO - Epoch 106/400, Batch 4/4, Loss: 0.2831
2025-05-25 19:30:24 - INFO - Epoch 107/400, Batch 4/4, Loss: 0.2782
2025-05-25 19:30:25 - INFO - Epoch 108/400, Batch 4/4, Loss: 0.1982
2025-05-25 19:30:26 - INFO - Epoch 109/400, Batch 4/4, Loss: 0.2673
2025-05-25 19:30:28 - INFO - Epoch 110/400, Batch 4/4, Loss: 0.3128
2025-05-25 19:30:29 - INFO - Epoch 111/400, Batch 4/4, Loss: 0.2126
2025-05-25 19:30:30 - INFO - Epoch 112/400, Batch 4/4, Loss: 0.3487
2025-05-25 19:30:31 - INFO - Epoch 113/400, Batch 4/4, Loss: 0.2493
2025-05-25 19:30:33 - INFO - Epoch 114/400, Batch 4/4, Loss: 0.2781
2025-05-25 19:30:34 - INFO - Epoch 115/400, Batch 4/4, Loss: 0.2188
2025-05-25 19:30:35 - INFO - Epoch 116/400, Batch 4/4, Loss: 0.2384
2025-05-25 19:30:37 - INFO - Epoch 117/400, Batch 4/4, Loss: 0.1577
2025-05-25 19:30:38 - INFO - Epoch 118/400, Batch 4/4, Loss: 0.2833
2025-05-25 19:30:39 - INFO - Epoch 119/400, Batch 4/4, Loss: 0.2808
2025-05-25 19:30:40 - INFO - Epoch 120/400, Batch 4/4, Loss: 0.2138
2025-05-25 19:30:40 - INFO - Saved checkpoint at epoch 120 at ./result/VNet_Multi/LA/Pth/model_epoch_120_checkpoint.pth
2025-05-25 19:30:42 - INFO - Epoch 121/400, Batch 4/4, Loss: 0.2131
2025-05-25 19:30:43 - INFO - Epoch 122/400, Batch 4/4, Loss: 0.2969
2025-05-25 19:30:44 - INFO - Epoch 123/400, Batch 4/4, Loss: 0.2197
2025-05-25 19:30:46 - INFO - Epoch 124/400, Batch 4/4, Loss: 0.1474
2025-05-25 19:30:47 - INFO - Epoch 125/400, Batch 4/4, Loss: 0.2168
2025-05-25 19:30:48 - INFO - Epoch 126/400, Batch 4/4, Loss: 0.3030
2025-05-25 19:30:49 - INFO - Epoch 127/400, Batch 4/4, Loss: 0.3601
2025-05-25 19:30:51 - INFO - Epoch 128/400, Batch 4/4, Loss: 0.2032
2025-05-25 19:30:52 - INFO - Epoch 129/400, Batch 4/4, Loss: 0.2036
2025-05-25 19:30:53 - INFO - Epoch 130/400, Batch 4/4, Loss: 0.3012
2025-05-25 19:30:54 - INFO - Epoch 131/400, Batch 4/4, Loss: 0.2195
2025-05-25 19:30:56 - INFO - Epoch 132/400, Batch 4/4, Loss: 0.1753
2025-05-25 19:30:57 - INFO - Epoch 133/400, Batch 4/4, Loss: 0.2041
2025-05-25 19:30:58 - INFO - Epoch 134/400, Batch 4/4, Loss: 0.2723
2025-05-25 19:31:00 - INFO - Epoch 135/400, Batch 4/4, Loss: 0.4157
2025-05-25 19:31:01 - INFO - Epoch 136/400, Batch 4/4, Loss: 0.1626
2025-05-25 19:31:02 - INFO - Epoch 137/400, Batch 4/4, Loss: 0.2058
2025-05-25 19:31:03 - INFO - Epoch 138/400, Batch 4/4, Loss: 0.1684
2025-05-25 19:31:05 - INFO - Epoch 139/400, Batch 4/4, Loss: 0.3276
2025-05-25 19:31:06 - INFO - Epoch 140/400, Batch 4/4, Loss: 0.2137
2025-05-25 19:31:06 - INFO - Saved checkpoint at epoch 140 at ./result/VNet_Multi/LA/Pth/model_epoch_140_checkpoint.pth
2025-05-25 19:31:07 - INFO - Epoch 141/400, Batch 4/4, Loss: 0.2089
2025-05-25 19:31:09 - INFO - Epoch 142/400, Batch 4/4, Loss: 0.2050
2025-05-25 19:31:10 - INFO - Epoch 143/400, Batch 4/4, Loss: 0.2717
2025-05-25 19:31:11 - INFO - Epoch 144/400, Batch 4/4, Loss: 0.2320
2025-05-25 19:31:13 - INFO - Epoch 145/400, Batch 4/4, Loss: 0.2676
2025-05-25 19:31:14 - INFO - Epoch 146/400, Batch 4/4, Loss: 0.2510
2025-05-25 19:31:15 - INFO - Epoch 147/400, Batch 4/4, Loss: 0.1351
2025-05-25 19:31:16 - INFO - Epoch 148/400, Batch 4/4, Loss: 0.2091
2025-05-25 19:31:18 - INFO - Epoch 149/400, Batch 4/4, Loss: 0.2800
2025-05-25 19:31:19 - INFO - Epoch 150/400, Batch 4/4, Loss: 0.2151
2025-05-25 19:31:20 - INFO - Epoch 151/400, Batch 4/4, Loss: 0.1880
2025-05-25 19:31:22 - INFO - Epoch 152/400, Batch 4/4, Loss: 0.0924
2025-05-25 19:31:23 - INFO - Epoch 153/400, Batch 4/4, Loss: 0.0453
2025-05-25 19:31:24 - INFO - Epoch 154/400, Batch 4/4, Loss: 0.2048
2025-05-25 19:31:25 - INFO - Epoch 155/400, Batch 4/4, Loss: 0.1540
2025-05-25 19:31:27 - INFO - Epoch 156/400, Batch 4/4, Loss: 0.1787
2025-05-25 19:31:28 - INFO - Epoch 157/400, Batch 4/4, Loss: 0.0522
2025-05-25 19:31:29 - INFO - Epoch 158/400, Batch 4/4, Loss: 0.2347
2025-05-25 19:31:31 - INFO - Epoch 159/400, Batch 4/4, Loss: 0.1689
2025-05-25 19:31:32 - INFO - Epoch 160/400, Batch 4/4, Loss: 0.1245
2025-05-25 19:31:32 - INFO - Saved checkpoint at epoch 160 at ./result/VNet_Multi/LA/Pth/model_epoch_160_checkpoint.pth
2025-05-25 19:31:33 - INFO - Epoch 161/400, Batch 4/4, Loss: 0.1195
2025-05-25 19:31:35 - INFO - Epoch 162/400, Batch 4/4, Loss: 0.0965
2025-05-25 19:31:36 - INFO - Epoch 163/400, Batch 4/4, Loss: 0.1169
2025-05-25 19:31:37 - INFO - Epoch 164/400, Batch 4/4, Loss: 0.2827
2025-05-25 19:31:38 - INFO - Epoch 165/400, Batch 4/4, Loss: 0.2016
2025-05-25 19:31:40 - INFO - Epoch 166/400, Batch 4/4, Loss: 0.1346
2025-05-25 19:31:41 - INFO - Epoch 167/400, Batch 4/4, Loss: 0.1027
2025-05-25 19:31:42 - INFO - Epoch 168/400, Batch 4/4, Loss: 0.0917
2025-05-25 19:31:44 - INFO - Epoch 169/400, Batch 4/4, Loss: 0.2973
2025-05-25 19:31:45 - INFO - Epoch 170/400, Batch 4/4, Loss: 0.1848
2025-05-25 19:31:46 - INFO - Epoch 171/400, Batch 4/4, Loss: 0.0896
2025-05-25 19:31:47 - INFO - Epoch 172/400, Batch 4/4, Loss: 0.2320
2025-05-25 19:31:49 - INFO - Epoch 173/400, Batch 4/4, Loss: 0.0770
2025-05-25 19:31:50 - INFO - Epoch 174/400, Batch 4/4, Loss: 0.2021
2025-05-25 19:31:51 - INFO - Epoch 175/400, Batch 4/4, Loss: 0.0785
2025-05-25 19:31:53 - INFO - Epoch 176/400, Batch 4/4, Loss: 0.1137
2025-05-25 19:31:54 - INFO - Epoch 177/400, Batch 4/4, Loss: 0.1153
2025-05-25 19:31:55 - INFO - Epoch 178/400, Batch 4/4, Loss: 0.0758
2025-05-25 19:31:56 - INFO - Epoch 179/400, Batch 4/4, Loss: 0.0593
2025-05-25 19:31:58 - INFO - Epoch 180/400, Batch 4/4, Loss: 0.1053
2025-05-25 19:31:58 - INFO - Saved checkpoint at epoch 180 at ./result/VNet_Multi/LA/Pth/model_epoch_180_checkpoint.pth
2025-05-25 19:31:59 - INFO - Epoch 181/400, Batch 4/4, Loss: 0.2663
2025-05-25 19:32:00 - INFO - Epoch 182/400, Batch 4/4, Loss: 0.0556
2025-05-25 19:32:02 - INFO - Epoch 183/400, Batch 4/4, Loss: 0.2508
2025-05-25 19:32:03 - INFO - Epoch 184/400, Batch 4/4, Loss: 0.1065
2025-05-25 19:32:04 - INFO - Epoch 185/400, Batch 4/4, Loss: 0.0775
2025-05-25 19:32:06 - INFO - Epoch 186/400, Batch 4/4, Loss: 0.2126
2025-05-25 19:32:07 - INFO - Epoch 187/400, Batch 4/4, Loss: 0.0436
2025-05-25 19:32:08 - INFO - Epoch 188/400, Batch 4/4, Loss: 0.0578
2025-05-25 19:32:09 - INFO - Epoch 189/400, Batch 4/4, Loss: 0.1974
2025-05-25 19:32:11 - INFO - Epoch 190/400, Batch 4/4, Loss: 0.2365
2025-05-25 19:32:12 - INFO - Epoch 191/400, Batch 4/4, Loss: 0.1035
2025-05-25 19:32:13 - INFO - Epoch 192/400, Batch 4/4, Loss: 0.1284
2025-05-25 19:32:15 - INFO - Epoch 193/400, Batch 4/4, Loss: 0.1077
2025-05-25 19:32:16 - INFO - Epoch 194/400, Batch 4/4, Loss: 0.1913
2025-05-25 19:32:17 - INFO - Epoch 195/400, Batch 4/4, Loss: 0.1665
2025-05-25 19:32:18 - INFO - Epoch 196/400, Batch 4/4, Loss: 0.1945
2025-05-25 19:32:20 - INFO - Epoch 197/400, Batch 4/4, Loss: 0.0448
2025-05-25 19:32:21 - INFO - Epoch 198/400, Batch 4/4, Loss: 0.1166
2025-05-25 19:32:22 - INFO - Epoch 199/400, Batch 4/4, Loss: 0.0110
2025-05-25 19:32:24 - INFO - Epoch 200/400, Batch 4/4, Loss: 0.1136
2025-05-25 19:32:24 - INFO - Saved checkpoint at epoch 200 at ./result/VNet_Multi/LA/Pth/model_epoch_200_checkpoint.pth
2025-05-25 19:32:25 - INFO - Epoch 201/400, Batch 4/4, Loss: 0.1156
2025-05-25 19:32:26 - INFO - Epoch 202/400, Batch 4/4, Loss: 0.0794
2025-05-25 19:32:27 - INFO - Epoch 203/400, Batch 4/4, Loss: 0.0919
2025-05-25 19:32:29 - INFO - Epoch 204/400, Batch 4/4, Loss: 0.0720
2025-05-25 19:32:30 - INFO - Epoch 205/400, Batch 4/4, Loss: 0.1272
2025-05-25 19:32:31 - INFO - Epoch 206/400, Batch 4/4, Loss: 0.0286
2025-05-25 19:32:33 - INFO - Epoch 207/400, Batch 4/4, Loss: 0.1793
2025-05-25 19:32:34 - INFO - Epoch 208/400, Batch 4/4, Loss: 0.2454
2025-05-25 19:32:35 - INFO - Epoch 209/400, Batch 4/4, Loss: 0.0770
2025-05-25 19:32:36 - INFO - Epoch 210/400, Batch 4/4, Loss: 0.0489
2025-05-25 19:32:38 - INFO - Epoch 211/400, Batch 4/4, Loss: 0.1591
2025-05-25 19:32:39 - INFO - Epoch 212/400, Batch 4/4, Loss: 0.1150
2025-05-25 19:32:40 - INFO - Epoch 213/400, Batch 4/4, Loss: -0.0621
2025-05-25 19:32:42 - INFO - Epoch 214/400, Batch 4/4, Loss: 0.0503
2025-05-25 19:32:43 - INFO - Epoch 215/400, Batch 4/4, Loss: -0.0151
2025-05-25 19:32:44 - INFO - Epoch 216/400, Batch 4/4, Loss: -0.0013
2025-05-25 19:32:45 - INFO - Epoch 217/400, Batch 4/4, Loss: 0.1516
2025-05-25 19:32:47 - INFO - Epoch 218/400, Batch 4/4, Loss: 0.0509
2025-05-25 19:32:48 - INFO - Epoch 219/400, Batch 4/4, Loss: 0.0978
2025-05-25 19:32:49 - INFO - Epoch 220/400, Batch 4/4, Loss: 0.0851
2025-05-25 19:32:49 - INFO - Saved checkpoint at epoch 220 at ./result/VNet_Multi/LA/Pth/model_epoch_220_checkpoint.pth
2025-05-25 19:32:51 - INFO - Epoch 221/400, Batch 4/4, Loss: 0.0820
2025-05-25 19:32:52 - INFO - Epoch 222/400, Batch 4/4, Loss: 0.0759
2025-05-25 19:32:53 - INFO - Epoch 223/400, Batch 4/4, Loss: 0.1626
2025-05-25 19:32:54 - INFO - Epoch 224/400, Batch 4/4, Loss: 0.1547
2025-05-25 19:32:56 - INFO - Epoch 225/400, Batch 4/4, Loss: -0.0031
2025-05-25 19:32:57 - INFO - Epoch 226/400, Batch 4/4, Loss: 0.0603
2025-05-25 19:32:58 - INFO - Epoch 227/400, Batch 4/4, Loss: 0.1304
2025-05-25 19:33:00 - INFO - Epoch 228/400, Batch 4/4, Loss: 0.0421
2025-05-25 19:33:01 - INFO - Epoch 229/400, Batch 4/4, Loss: -0.0331
2025-05-25 19:33:02 - INFO - Epoch 230/400, Batch 4/4, Loss: 0.0720
2025-05-25 19:33:03 - INFO - Epoch 231/400, Batch 4/4, Loss: 0.0921
2025-05-25 19:33:05 - INFO - Epoch 232/400, Batch 4/4, Loss: -0.0199
2025-05-25 19:33:06 - INFO - Epoch 233/400, Batch 4/4, Loss: -0.0324
2025-05-25 19:33:07 - INFO - Epoch 234/400, Batch 4/4, Loss: 0.1383
2025-05-25 19:33:09 - INFO - Epoch 235/400, Batch 4/4, Loss: 0.0662
2025-05-25 19:33:10 - INFO - Epoch 236/400, Batch 4/4, Loss: 0.0231
2025-05-25 19:33:11 - INFO - Epoch 237/400, Batch 4/4, Loss: -0.0728
2025-05-25 19:33:13 - INFO - Epoch 238/400, Batch 4/4, Loss: 0.0541
2025-05-25 19:33:14 - INFO - Epoch 239/400, Batch 4/4, Loss: -0.0360
2025-05-25 19:33:15 - INFO - Epoch 240/400, Batch 4/4, Loss: 0.1606
2025-05-25 19:33:15 - INFO - Saved checkpoint at epoch 240 at ./result/VNet_Multi/LA/Pth/model_epoch_240_checkpoint.pth
2025-05-25 19:33:16 - INFO - Epoch 241/400, Batch 4/4, Loss: -0.0816
2025-05-25 19:33:18 - INFO - Epoch 242/400, Batch 4/4, Loss: 0.0857
2025-05-25 19:33:19 - INFO - Epoch 243/400, Batch 4/4, Loss: 0.1012
2025-05-25 19:33:20 - INFO - Epoch 244/400, Batch 4/4, Loss: 0.1787
2025-05-25 19:33:22 - INFO - Epoch 245/400, Batch 4/4, Loss: 0.1023
2025-05-25 19:33:23 - INFO - Epoch 246/400, Batch 4/4, Loss: -0.0418
2025-05-25 19:33:24 - INFO - Epoch 247/400, Batch 4/4, Loss: 0.1120
2025-05-25 19:33:25 - INFO - Epoch 248/400, Batch 4/4, Loss: -0.0132
2025-05-25 19:33:27 - INFO - Epoch 249/400, Batch 4/4, Loss: 0.0634
2025-05-25 19:33:28 - INFO - Epoch 250/400, Batch 4/4, Loss: 0.0044
2025-05-25 19:33:29 - INFO - Epoch 251/400, Batch 4/4, Loss: 0.0475
2025-05-25 19:33:31 - INFO - Epoch 252/400, Batch 4/4, Loss: -0.0458
2025-05-25 19:33:32 - INFO - Epoch 253/400, Batch 4/4, Loss: -0.1160
2025-05-25 19:33:33 - INFO - Epoch 254/400, Batch 4/4, Loss: -0.1477
2025-05-25 19:33:34 - INFO - Epoch 255/400, Batch 4/4, Loss: 0.0384
2025-05-25 19:33:36 - INFO - Epoch 256/400, Batch 4/4, Loss: 0.0637
2025-05-25 19:33:37 - INFO - Epoch 257/400, Batch 4/4, Loss: -0.0778
2025-05-25 19:33:38 - INFO - Epoch 258/400, Batch 4/4, Loss: -0.0424
2025-05-25 19:33:40 - INFO - Epoch 259/400, Batch 4/4, Loss: 0.0046
2025-05-25 19:33:41 - INFO - Epoch 260/400, Batch 4/4, Loss: -0.0201
2025-05-25 19:33:41 - INFO - Saved checkpoint at epoch 260 at ./result/VNet_Multi/LA/Pth/model_epoch_260_checkpoint.pth
2025-05-25 19:33:42 - INFO - Epoch 261/400, Batch 4/4, Loss: 0.1514
2025-05-25 19:33:43 - INFO - Epoch 262/400, Batch 4/4, Loss: 0.0680
2025-05-25 19:33:45 - INFO - Epoch 263/400, Batch 4/4, Loss: -0.0853
2025-05-25 19:33:46 - INFO - Epoch 264/400, Batch 4/4, Loss: 0.0123
2025-05-25 19:33:47 - INFO - Epoch 265/400, Batch 4/4, Loss: 0.1469
2025-05-25 19:33:49 - INFO - Epoch 266/400, Batch 4/4, Loss: -0.0701
2025-05-25 19:33:50 - INFO - Epoch 267/400, Batch 4/4, Loss: 0.0845
2025-05-25 19:33:51 - INFO - Epoch 268/400, Batch 4/4, Loss: 0.0890
2025-05-25 19:33:52 - INFO - Epoch 269/400, Batch 4/4, Loss: -0.0210
2025-05-25 19:33:54 - INFO - Epoch 270/400, Batch 4/4, Loss: -0.0637
2025-05-25 19:33:55 - INFO - Epoch 271/400, Batch 4/4, Loss: -0.1052
2025-05-25 19:33:56 - INFO - Epoch 272/400, Batch 4/4, Loss: -0.0811
2025-05-25 19:33:58 - INFO - Epoch 273/400, Batch 4/4, Loss: -0.0817
2025-05-25 19:33:59 - INFO - Epoch 274/400, Batch 4/4, Loss: 0.0591
2025-05-25 19:34:00 - INFO - Epoch 275/400, Batch 4/4, Loss: -0.0693
2025-05-25 19:34:02 - INFO - Epoch 276/400, Batch 4/4, Loss: -0.0218
2025-05-25 19:34:03 - INFO - Epoch 277/400, Batch 4/4, Loss: 0.0133
2025-05-25 19:34:04 - INFO - Epoch 278/400, Batch 4/4, Loss: -0.1496
2025-05-25 19:34:05 - INFO - Epoch 279/400, Batch 4/4, Loss: -0.0795
2025-05-25 19:34:07 - INFO - Epoch 280/400, Batch 4/4, Loss: 0.1252
2025-05-25 19:34:07 - INFO - Saved checkpoint at epoch 280 at ./result/VNet_Multi/LA/Pth/model_epoch_280_checkpoint.pth
2025-05-25 19:34:08 - INFO - Epoch 281/400, Batch 4/4, Loss: 0.1231
2025-05-25 19:34:09 - INFO - Epoch 282/400, Batch 4/4, Loss: -0.0176
2025-05-25 19:34:11 - INFO - Epoch 283/400, Batch 4/4, Loss: 0.0020
2025-05-25 19:34:12 - INFO - Epoch 284/400, Batch 4/4, Loss: -0.1120
2025-05-25 19:34:13 - INFO - Epoch 285/400, Batch 4/4, Loss: -0.1568
2025-05-25 19:34:14 - INFO - Epoch 286/400, Batch 4/4, Loss: -0.0125
2025-05-25 19:34:16 - INFO - Epoch 287/400, Batch 4/4, Loss: 0.1266
2025-05-25 19:34:17 - INFO - Epoch 288/400, Batch 4/4, Loss: -0.2173
2025-05-25 19:34:18 - INFO - Epoch 289/400, Batch 4/4, Loss: -0.1017
2025-05-25 19:34:20 - INFO - Epoch 290/400, Batch 4/4, Loss: 0.0562
2025-05-25 19:34:21 - INFO - Epoch 291/400, Batch 4/4, Loss: -0.0812
2025-05-25 19:34:22 - INFO - Epoch 292/400, Batch 4/4, Loss: -0.0642
2025-05-25 19:34:23 - INFO - Epoch 293/400, Batch 4/4, Loss: -0.0269
2025-05-25 19:34:25 - INFO - Epoch 294/400, Batch 4/4, Loss: 0.1020
2025-05-25 19:34:26 - INFO - Epoch 295/400, Batch 4/4, Loss: -0.1104
2025-05-25 19:34:27 - INFO - Epoch 296/400, Batch 4/4, Loss: -0.1179
2025-05-25 19:34:29 - INFO - Epoch 297/400, Batch 4/4, Loss: -0.1336
2025-05-25 19:34:30 - INFO - Epoch 298/400, Batch 4/4, Loss: 0.0335
2025-05-25 19:34:31 - INFO - Epoch 299/400, Batch 4/4, Loss: -0.0556
2025-05-25 19:34:32 - INFO - Epoch 300/400, Batch 4/4, Loss: -0.0695
2025-05-25 19:34:32 - INFO - Saved checkpoint at epoch 300 at ./result/VNet_Multi/LA/Pth/model_epoch_300_checkpoint.pth
2025-05-25 19:34:34 - INFO - Epoch 301/400, Batch 4/4, Loss: -0.1207
2025-05-25 19:34:35 - INFO - Epoch 302/400, Batch 4/4, Loss: 0.0519
2025-05-25 19:34:36 - INFO - Epoch 303/400, Batch 4/4, Loss: -0.0847
2025-05-25 19:34:38 - INFO - Epoch 304/400, Batch 4/4, Loss: -0.1565
2025-05-25 19:34:39 - INFO - Epoch 305/400, Batch 4/4, Loss: 0.0273
2025-05-25 19:34:40 - INFO - Epoch 306/400, Batch 4/4, Loss: -0.0485
2025-05-25 19:34:42 - INFO - Epoch 307/400, Batch 4/4, Loss: -0.0269
2025-05-25 19:34:43 - INFO - Epoch 308/400, Batch 4/4, Loss: -0.0500
2025-05-25 19:34:44 - INFO - Epoch 309/400, Batch 4/4, Loss: -0.1484
2025-05-25 19:34:45 - INFO - Epoch 310/400, Batch 4/4, Loss: -0.1002
2025-05-25 19:34:47 - INFO - Epoch 311/400, Batch 4/4, Loss: -0.1045
2025-05-25 19:34:48 - INFO - Epoch 312/400, Batch 4/4, Loss: -0.1384
2025-05-25 19:34:49 - INFO - Epoch 313/400, Batch 4/4, Loss: -0.2169
2025-05-25 19:34:51 - INFO - Epoch 314/400, Batch 4/4, Loss: -0.1707
2025-05-25 19:34:52 - INFO - Epoch 315/400, Batch 4/4, Loss: -0.0371
2025-05-25 19:34:53 - INFO - Epoch 316/400, Batch 4/4, Loss: 0.0537
2025-05-25 19:34:55 - INFO - Epoch 317/400, Batch 4/4, Loss: 0.0529
2025-05-25 19:34:56 - INFO - Epoch 318/400, Batch 4/4, Loss: -0.1488
2025-05-25 19:34:57 - INFO - Epoch 319/400, Batch 4/4, Loss: -0.2414
2025-05-25 19:34:58 - INFO - Epoch 320/400, Batch 4/4, Loss: -0.1457
2025-05-25 19:34:58 - INFO - Saved checkpoint at epoch 320 at ./result/VNet_Multi/LA/Pth/model_epoch_320_checkpoint.pth
2025-05-25 19:35:00 - INFO - Epoch 321/400, Batch 4/4, Loss: 0.0037
2025-05-25 19:35:01 - INFO - Epoch 322/400, Batch 4/4, Loss: -0.2102
2025-05-25 19:35:02 - INFO - Epoch 323/400, Batch 4/4, Loss: -0.0410
2025-05-25 19:35:04 - INFO - Epoch 324/400, Batch 4/4, Loss: -0.0798
2025-05-25 19:35:05 - INFO - Epoch 325/400, Batch 4/4, Loss: -0.0710
2025-05-25 19:35:06 - INFO - Epoch 326/400, Batch 4/4, Loss: -0.0246
2025-05-25 19:35:07 - INFO - Epoch 327/400, Batch 4/4, Loss: -0.0999
2025-05-25 19:35:09 - INFO - Epoch 328/400, Batch 4/4, Loss: -0.2666
2025-05-25 19:35:10 - INFO - Epoch 329/400, Batch 4/4, Loss: -0.0065
2025-05-25 19:35:11 - INFO - Epoch 330/400, Batch 4/4, Loss: -0.0999
2025-05-25 19:35:13 - INFO - Epoch 331/400, Batch 4/4, Loss: -0.0169
2025-05-25 19:35:14 - INFO - Epoch 332/400, Batch 4/4, Loss: -0.2118
2025-05-25 19:35:15 - INFO - Epoch 333/400, Batch 4/4, Loss: -0.2481
2025-05-25 19:35:17 - INFO - Epoch 334/400, Batch 4/4, Loss: -0.1768
2025-05-25 19:35:18 - INFO - Epoch 335/400, Batch 4/4, Loss: -0.2883
2025-05-25 19:35:19 - INFO - Epoch 336/400, Batch 4/4, Loss: -0.1727
2025-05-25 19:35:20 - INFO - Epoch 337/400, Batch 4/4, Loss: -0.0168
2025-05-25 19:35:22 - INFO - Epoch 338/400, Batch 4/4, Loss: -0.0041
2025-05-25 19:35:23 - INFO - Epoch 339/400, Batch 4/4, Loss: -0.0681
2025-05-25 19:35:24 - INFO - Epoch 340/400, Batch 4/4, Loss: -0.0646
2025-05-25 19:35:24 - INFO - Saved checkpoint at epoch 340 at ./result/VNet_Multi/LA/Pth/model_epoch_340_checkpoint.pth
2025-05-25 19:35:26 - INFO - Epoch 341/400, Batch 4/4, Loss: -0.2723
2025-05-25 19:35:27 - INFO - Epoch 342/400, Batch 4/4, Loss: -0.0292
2025-05-25 19:35:28 - INFO - Epoch 343/400, Batch 4/4, Loss: -0.2133
2025-05-25 19:35:30 - INFO - Epoch 344/400, Batch 4/4, Loss: 0.0440
2025-05-25 19:35:31 - INFO - Epoch 345/400, Batch 4/4, Loss: -0.0681
2025-05-25 19:35:32 - INFO - Epoch 346/400, Batch 4/4, Loss: -0.1576
2025-05-25 19:35:33 - INFO - Epoch 347/400, Batch 4/4, Loss: -0.0401
2025-05-25 19:35:35 - INFO - Epoch 348/400, Batch 4/4, Loss: -0.1403
2025-05-25 19:35:36 - INFO - Epoch 349/400, Batch 4/4, Loss: -0.2547
2025-05-25 19:35:37 - INFO - Epoch 350/400, Batch 4/4, Loss: -0.1972
2025-05-25 19:35:39 - INFO - Epoch 351/400, Batch 4/4, Loss: -0.3441
2025-05-25 19:35:40 - INFO - Epoch 352/400, Batch 4/4, Loss: -0.1420
2025-05-25 19:35:41 - INFO - Epoch 353/400, Batch 4/4, Loss: -0.2692
2025-05-25 19:35:42 - INFO - Epoch 354/400, Batch 4/4, Loss: -0.0072
2025-05-25 19:35:44 - INFO - Epoch 355/400, Batch 4/4, Loss: -0.0718
2025-05-25 19:35:45 - INFO - Epoch 356/400, Batch 4/4, Loss: -0.0379
2025-05-25 19:35:46 - INFO - Epoch 357/400, Batch 4/4, Loss: -0.0860
2025-05-25 19:35:48 - INFO - Epoch 358/400, Batch 4/4, Loss: -0.1419
2025-05-25 19:35:49 - INFO - Epoch 359/400, Batch 4/4, Loss: -0.1445
2025-05-25 19:35:50 - INFO - Epoch 360/400, Batch 4/4, Loss: -0.2025
2025-05-25 19:35:50 - INFO - Saved checkpoint at epoch 360 at ./result/VNet_Multi/LA/Pth/model_epoch_360_checkpoint.pth
2025-05-25 19:35:51 - INFO - Epoch 361/400, Batch 4/4, Loss: -0.1608
2025-05-25 19:35:53 - INFO - Epoch 362/400, Batch 4/4, Loss: -0.1646
2025-05-25 19:35:54 - INFO - Epoch 363/400, Batch 4/4, Loss: -0.3592
2025-05-25 19:35:55 - INFO - Epoch 364/400, Batch 4/4, Loss: -0.2590
2025-05-25 19:35:57 - INFO - Epoch 365/400, Batch 4/4, Loss: -0.0634
2025-05-25 19:35:58 - INFO - Epoch 366/400, Batch 4/4, Loss: -0.0320
2025-05-25 19:35:59 - INFO - Epoch 367/400, Batch 4/4, Loss: -0.0285
2025-05-25 19:36:01 - INFO - Epoch 368/400, Batch 4/4, Loss: -0.2183
2025-05-25 19:36:02 - INFO - Epoch 369/400, Batch 4/4, Loss: -0.1646
2025-05-25 19:36:03 - INFO - Epoch 370/400, Batch 4/4, Loss: -0.1991
2025-05-25 19:36:04 - INFO - Epoch 371/400, Batch 4/4, Loss: -0.1935
2025-05-25 19:36:06 - INFO - Epoch 372/400, Batch 4/4, Loss: -0.1774
2025-05-25 19:36:07 - INFO - Epoch 373/400, Batch 4/4, Loss: -0.0687
2025-05-25 19:36:08 - INFO - Epoch 374/400, Batch 4/4, Loss: -0.2461
2025-05-25 19:36:10 - INFO - Epoch 375/400, Batch 4/4, Loss: -0.2936
2025-05-25 19:36:11 - INFO - Epoch 376/400, Batch 4/4, Loss: -0.1266
2025-05-25 19:36:12 - INFO - Epoch 377/400, Batch 4/4, Loss: -0.0770
2025-05-25 19:36:13 - INFO - Epoch 378/400, Batch 4/4, Loss: -0.1779
2025-05-25 19:36:15 - INFO - Epoch 379/400, Batch 4/4, Loss: -0.3116
2025-05-25 19:36:16 - INFO - Epoch 380/400, Batch 4/4, Loss: -0.1454
2025-05-25 19:36:16 - INFO - Saved checkpoint at epoch 380 at ./result/VNet_Multi/LA/Pth/model_epoch_380_checkpoint.pth
2025-05-25 19:36:17 - INFO - Epoch 381/400, Batch 4/4, Loss: -0.2462
2025-05-25 19:36:19 - INFO - Epoch 382/400, Batch 4/4, Loss: -0.2846
2025-05-25 19:36:20 - INFO - Epoch 383/400, Batch 4/4, Loss: -0.2360
2025-05-25 19:36:21 - INFO - Epoch 384/400, Batch 4/4, Loss: -0.2901
2025-05-25 19:36:22 - INFO - Epoch 385/400, Batch 4/4, Loss: -0.1796
2025-05-25 19:36:24 - INFO - Epoch 386/400, Batch 4/4, Loss: -0.2476
2025-05-25 19:36:25 - INFO - Epoch 387/400, Batch 4/4, Loss: -0.1370
2025-05-25 19:36:26 - INFO - Epoch 388/400, Batch 4/4, Loss: -0.2283
2025-05-25 19:36:28 - INFO - Epoch 389/400, Batch 4/4, Loss: 0.0189
2025-05-25 19:36:29 - INFO - Epoch 390/400, Batch 4/4, Loss: -0.1044
2025-05-25 19:36:30 - INFO - Epoch 391/400, Batch 4/4, Loss: -0.0484
2025-05-25 19:36:31 - INFO - Epoch 392/400, Batch 4/4, Loss: -0.2059
2025-05-25 19:36:33 - INFO - Epoch 393/400, Batch 4/4, Loss: -0.2478
2025-05-25 19:36:34 - INFO - Epoch 394/400, Batch 4/4, Loss: -0.2833
2025-05-25 19:36:35 - INFO - Epoch 395/400, Batch 4/4, Loss: -0.2287
2025-05-25 19:36:36 - INFO - Epoch 396/400, Batch 4/4, Loss: -0.1956
2025-05-25 19:36:38 - INFO - Epoch 397/400, Batch 4/4, Loss: -0.2622
2025-05-25 19:36:39 - INFO - Epoch 398/400, Batch 4/4, Loss: -0.2975
2025-05-25 19:36:40 - INFO - Epoch 399/400, Batch 4/4, Loss: -0.2506
2025-05-25 19:36:42 - INFO - Epoch 400/400, Batch 4/4, Loss: -0.1319
2025-05-25 19:36:42 - INFO - Saved checkpoint at epoch 400 at ./result/VNet_Multi/LA/Pth/model_epoch_400_checkpoint.pth
2025-05-25 19:36:42 - INFO - Training complete!
