2025-07-04 01:12:07 - INFO - Logging is set up.
2025-07-04 01:12:07 - INFO - 
======================================== New Training Session Started ========================================
2025-07-04 01:12:07 - INFO - Logging is set up.
2025-07-04 01:12:07 - INFO - 
======================================== New Training Session Started ========================================
2025-07-04 01:12:07 - INFO - Initialized distributed training on GPU 0. World size: 2
2025-07-04 01:12:07 - INFO - Training configuration:
{
  "seed": 42,
  "epochs": 600,
  "batch_size": 3,
  "learning_rate": 0.0001,
  "log_path": "./result/VNet_Multi_V3/Amos_90/Training.log",
  "pth_path": "./result/VNet_Multi_V3/Amos_90/Pth",
  "tensorboard_path": "./result/VNet_Multi_V3/Amos_90/Train",
  "continue_train": false,
  "multi_gpu": true,
  "training_num": 90,
  "dataset_path": "./datasets/AMOS",
  "num_classes": 16,
  "patch_size": [
    160,
    160,
    80
  ]
}
2025-07-04 01:12:07 - INFO - Creating new TensorBoard log directory: ./result/VNet_Multi_V3/Amos_90/Train/20250704-011207
2025-07-04 01:12:07 - INFO - Initializing AMOS dataset...
2025-07-04 01:12:07 - INFO - Initialized distributed training on GPU 1. World size: 2
2025-07-04 01:12:07 - INFO - Training configuration:
{
  "seed": 42,
  "epochs": 600,
  "batch_size": 3,
  "learning_rate": 0.0001,
  "log_path": "./result/VNet_Multi_V3/Amos_90/Training.log",
  "pth_path": "./result/VNet_Multi_V3/Amos_90/Pth",
  "tensorboard_path": "./result/VNet_Multi_V3/Amos_90/Train",
  "continue_train": false,
  "multi_gpu": true,
  "training_num": 90,
  "dataset_path": "./datasets/AMOS",
  "num_classes": 16,
  "patch_size": [
    160,
    160,
    80
  ]
}
2025-07-04 01:12:07 - INFO - Initializing AMOS dataset...
2025-07-04 01:12:08 - INFO - Successfully loaded 90 training samples.
2025-07-04 01:12:08 - INFO - DataLoader created with batch size: 3, num_workers: 24, shuffle: False.
2025-07-04 01:12:08 - INFO - Initializing VNet model...
2025-07-04 01:12:08 - INFO - Model VNet created with 16 classes and batch normalization.
2025-07-04 01:12:08 - INFO - Successfully loaded 90 training samples.
2025-07-04 01:12:08 - INFO - DataLoader created with batch size: 3, num_workers: 24, shuffle: False.
2025-07-04 01:12:08 - INFO - Initializing VNet model...
2025-07-04 01:12:08 - INFO - Model VNet created with 16 classes and batch normalization.
2025-07-04 01:12:08 - INFO - Starting training from scratch.
2025-07-04 01:12:08 - INFO - Starting training from scratch.
2025-07-04 01:12:09 - INFO - Wrapped model with DistributedDataParallel (DDP).
2025-07-04 01:12:09 - INFO - Using loss function: UnifiedLoss with parameters: num_classes=16, lambda_reg=0.3, loss_weight=[1,1]
2025-07-04 01:12:09 - INFO - Optimizer: AdamW with learning rate: 0.0001, weight_decay: 0.01
2025-07-04 01:12:09 - INFO - Starting model training from epoch 1 to 600...
2025-07-04 01:12:09 - INFO - Wrapped model with DistributedDataParallel (DDP).
2025-07-04 01:12:09 - INFO - Using loss function: UnifiedLoss with parameters: num_classes=16, lambda_reg=0.3, loss_weight=[1,1]
2025-07-04 01:12:09 - INFO - Optimizer: AdamW with learning rate: 0.0001, weight_decay: 0.01
2025-07-04 01:12:09 - INFO - Starting model training from epoch 1 to 600...
2025-07-04 01:12:36 - INFO - Epoch 1/600 finished. Average Training Loss: 4.3494
2025-07-04 01:13:02 - INFO - Epoch 2/600 finished. Average Training Loss: 4.2142
2025-07-04 01:13:25 - INFO - Epoch 3/600 finished. Average Training Loss: 4.0850
2025-07-04 01:13:47 - INFO - Epoch 4/600 finished. Average Training Loss: 3.9329
2025-07-04 01:14:10 - INFO - Epoch 5/600 finished. Average Training Loss: 3.7960
2025-07-04 01:14:33 - INFO - Epoch 6/600 finished. Average Training Loss: 3.7116
2025-07-04 01:14:55 - INFO - Epoch 7/600 finished. Average Training Loss: 3.6491
2025-07-04 01:15:18 - INFO - Epoch 8/600 finished. Average Training Loss: 3.7109
2025-07-04 01:15:43 - INFO - Epoch 9/600 finished. Average Training Loss: 3.6170
2025-07-04 01:16:08 - INFO - Epoch 10/600 finished. Average Training Loss: 3.5764
2025-07-04 01:16:31 - INFO - Epoch 11/600 finished. Average Training Loss: 3.5220
2025-07-04 01:16:54 - INFO - Epoch 12/600 finished. Average Training Loss: 3.4596
2025-07-04 01:17:17 - INFO - Epoch 13/600 finished. Average Training Loss: 3.4512
2025-07-04 01:17:40 - INFO - Epoch 14/600 finished. Average Training Loss: 3.3471
2025-07-04 01:18:03 - INFO - Epoch 15/600 finished. Average Training Loss: 3.3274
2025-07-04 01:18:26 - INFO - Epoch 16/600 finished. Average Training Loss: 3.3924
2025-07-04 01:18:49 - INFO - Epoch 17/600 finished. Average Training Loss: 3.3265
2025-07-04 01:19:15 - INFO - Epoch 18/600 finished. Average Training Loss: 3.2641
2025-07-04 01:19:40 - INFO - Epoch 19/600 finished. Average Training Loss: 3.2542
2025-07-04 01:20:03 - INFO - Epoch 20/600 finished. Average Training Loss: 3.2095
2025-07-04 01:20:03 - INFO - Saved checkpoint for epoch 20 to ./result/VNet_Multi_V3/Amos_90/Pth/model_epoch_20_checkpoint.pth
2025-07-04 01:20:25 - INFO - Epoch 21/600 finished. Average Training Loss: 3.1766
2025-07-04 01:20:48 - INFO - Epoch 22/600 finished. Average Training Loss: 3.2736
2025-07-04 01:21:11 - INFO - Epoch 23/600 finished. Average Training Loss: 3.2894
2025-07-04 01:21:35 - INFO - Epoch 24/600 finished. Average Training Loss: 3.1806
2025-07-04 01:21:57 - INFO - Epoch 25/600 finished. Average Training Loss: 3.2074
2025-07-04 01:22:22 - INFO - Epoch 26/600 finished. Average Training Loss: 3.1159
2025-07-04 01:22:48 - INFO - Epoch 27/600 finished. Average Training Loss: 3.1399
2025-07-04 01:23:11 - INFO - Epoch 28/600 finished. Average Training Loss: 3.0805
2025-07-04 01:23:33 - INFO - Epoch 29/600 finished. Average Training Loss: 3.0438
2025-07-04 01:23:56 - INFO - Epoch 30/600 finished. Average Training Loss: 2.9551
2025-07-04 01:24:19 - INFO - Epoch 31/600 finished. Average Training Loss: 3.1149
2025-07-04 01:24:42 - INFO - Epoch 32/600 finished. Average Training Loss: 3.0224
2025-07-04 01:25:05 - INFO - Epoch 33/600 finished. Average Training Loss: 2.9770
2025-07-04 01:25:28 - INFO - Epoch 34/600 finished. Average Training Loss: 2.9750
2025-07-04 01:25:54 - INFO - Epoch 35/600 finished. Average Training Loss: 2.9562
2025-07-04 01:26:18 - INFO - Epoch 36/600 finished. Average Training Loss: 2.9985
2025-07-04 01:26:41 - INFO - Epoch 37/600 finished. Average Training Loss: 2.8108
2025-07-04 01:27:04 - INFO - Epoch 38/600 finished. Average Training Loss: 2.8314
2025-07-04 01:27:26 - INFO - Epoch 39/600 finished. Average Training Loss: 2.9255
2025-07-04 01:27:49 - INFO - Epoch 40/600 finished. Average Training Loss: 2.8800
2025-07-04 01:27:49 - INFO - Saved checkpoint for epoch 40 to ./result/VNet_Multi_V3/Amos_90/Pth/model_epoch_40_checkpoint.pth
2025-07-04 01:28:13 - INFO - Epoch 41/600 finished. Average Training Loss: 2.7889
2025-07-04 01:28:35 - INFO - Epoch 42/600 finished. Average Training Loss: 2.6920
2025-07-04 01:29:00 - INFO - Epoch 43/600 finished. Average Training Loss: 2.7885
2025-07-04 01:29:25 - INFO - Epoch 44/600 finished. Average Training Loss: 2.9154
2025-07-04 01:29:48 - INFO - Epoch 45/600 finished. Average Training Loss: 2.7873
2025-07-04 01:30:11 - INFO - Epoch 46/600 finished. Average Training Loss: 2.7162
2025-07-04 01:30:34 - INFO - Epoch 47/600 finished. Average Training Loss: 2.7206
2025-07-04 01:30:57 - INFO - Epoch 48/600 finished. Average Training Loss: 2.7333
2025-07-04 01:31:20 - INFO - Epoch 49/600 finished. Average Training Loss: 2.6466
2025-07-04 01:31:43 - INFO - Epoch 50/600 finished. Average Training Loss: 2.6891
2025-07-04 01:32:06 - INFO - Epoch 51/600 finished. Average Training Loss: 2.6495
2025-07-04 01:32:31 - INFO - Epoch 52/600 finished. Average Training Loss: 2.6620
2025-07-04 01:32:54 - INFO - Epoch 53/600 finished. Average Training Loss: 2.6460
2025-07-04 01:33:17 - INFO - Epoch 54/600 finished. Average Training Loss: 2.5321
2025-07-04 01:33:39 - INFO - Epoch 55/600 finished. Average Training Loss: 2.5414
2025-07-04 01:34:02 - INFO - Epoch 56/600 finished. Average Training Loss: 2.5335
2025-07-04 01:34:24 - INFO - Epoch 57/600 finished. Average Training Loss: 2.4137
2025-07-04 01:34:47 - INFO - Epoch 58/600 finished. Average Training Loss: 2.5490
2025-07-04 01:35:11 - INFO - Epoch 59/600 finished. Average Training Loss: 2.4904
2025-07-04 01:35:37 - INFO - Epoch 60/600 finished. Average Training Loss: 2.4605
2025-07-04 01:35:37 - INFO - Saved checkpoint for epoch 60 to ./result/VNet_Multi_V3/Amos_90/Pth/model_epoch_60_checkpoint.pth
2025-07-04 01:36:01 - INFO - Epoch 61/600 finished. Average Training Loss: 2.4235
2025-07-04 01:36:24 - INFO - Epoch 62/600 finished. Average Training Loss: 2.4302
2025-07-04 01:36:47 - INFO - Epoch 63/600 finished. Average Training Loss: 2.3892
2025-07-04 01:37:10 - INFO - Epoch 64/600 finished. Average Training Loss: 2.2935
2025-07-04 01:37:32 - INFO - Epoch 65/600 finished. Average Training Loss: 2.3049
2025-07-04 01:37:55 - INFO - Epoch 66/600 finished. Average Training Loss: 2.4076
2025-07-04 01:38:18 - INFO - Epoch 67/600 finished. Average Training Loss: 2.3475
2025-07-04 01:38:43 - INFO - Epoch 68/600 finished. Average Training Loss: 2.2625
2025-07-04 01:39:09 - INFO - Epoch 69/600 finished. Average Training Loss: 2.3215
2025-07-04 01:39:32 - INFO - Epoch 70/600 finished. Average Training Loss: 2.1674
2025-07-04 01:39:55 - INFO - Epoch 71/600 finished. Average Training Loss: 2.3125
2025-07-04 01:40:18 - INFO - Epoch 72/600 finished. Average Training Loss: 2.2164
2025-07-04 01:40:40 - INFO - Epoch 73/600 finished. Average Training Loss: 2.1770
2025-07-04 01:41:03 - INFO - Epoch 74/600 finished. Average Training Loss: 2.1338
2025-07-04 01:41:25 - INFO - Epoch 75/600 finished. Average Training Loss: 2.1177
2025-07-04 01:41:49 - INFO - Epoch 76/600 finished. Average Training Loss: 2.0308
2025-07-04 01:42:14 - INFO - Epoch 77/600 finished. Average Training Loss: 2.0731
2025-07-04 01:42:37 - INFO - Epoch 78/600 finished. Average Training Loss: 2.2199
2025-07-04 01:43:00 - INFO - Epoch 79/600 finished. Average Training Loss: 2.1560
2025-07-04 01:43:23 - INFO - Epoch 80/600 finished. Average Training Loss: 2.0359
2025-07-04 01:43:23 - INFO - Saved checkpoint for epoch 80 to ./result/VNet_Multi_V3/Amos_90/Pth/model_epoch_80_checkpoint.pth
2025-07-04 01:43:46 - INFO - Epoch 81/600 finished. Average Training Loss: 2.0474
2025-07-04 01:44:09 - INFO - Epoch 82/600 finished. Average Training Loss: 2.0732
2025-07-04 01:44:32 - INFO - Epoch 83/600 finished. Average Training Loss: 2.0528
2025-07-04 01:44:55 - INFO - Epoch 84/600 finished. Average Training Loss: 2.0973
2025-07-04 01:45:20 - INFO - Epoch 85/600 finished. Average Training Loss: 1.9635
2025-07-04 01:45:45 - INFO - Epoch 86/600 finished. Average Training Loss: 1.8649
2025-07-04 01:46:07 - INFO - Epoch 87/600 finished. Average Training Loss: 1.9898
2025-07-04 01:46:30 - INFO - Epoch 88/600 finished. Average Training Loss: 2.1020
2025-07-04 01:46:53 - INFO - Epoch 89/600 finished. Average Training Loss: 2.0111
2025-07-04 01:47:16 - INFO - Epoch 90/600 finished. Average Training Loss: 1.8715
2025-07-04 01:47:39 - INFO - Epoch 91/600 finished. Average Training Loss: 1.9387
2025-07-04 01:48:01 - INFO - Epoch 92/600 finished. Average Training Loss: 1.8725
2025-07-04 01:48:25 - INFO - Epoch 93/600 finished. Average Training Loss: 1.8806
2025-07-04 01:48:52 - INFO - Epoch 94/600 finished. Average Training Loss: 1.9451
2025-07-04 01:49:16 - INFO - Epoch 95/600 finished. Average Training Loss: 1.9374
2025-07-04 01:49:39 - INFO - Epoch 96/600 finished. Average Training Loss: 1.7413
2025-07-04 01:50:02 - INFO - Epoch 97/600 finished. Average Training Loss: 1.8360
2025-07-04 01:50:24 - INFO - Epoch 98/600 finished. Average Training Loss: 1.8147
2025-07-04 01:50:47 - INFO - Epoch 99/600 finished. Average Training Loss: 1.7111
2025-07-04 01:51:10 - INFO - Epoch 100/600 finished. Average Training Loss: 1.7736
2025-07-04 01:51:10 - INFO - Saved checkpoint for epoch 100 to ./result/VNet_Multi_V3/Amos_90/Pth/model_epoch_100_checkpoint.pth
2025-07-04 01:51:33 - INFO - Epoch 101/600 finished. Average Training Loss: 1.6695
2025-07-04 01:51:58 - INFO - Epoch 102/600 finished. Average Training Loss: 1.8060
2025-07-04 01:52:23 - INFO - Epoch 103/600 finished. Average Training Loss: 1.7940
2025-07-04 01:52:46 - INFO - Epoch 104/600 finished. Average Training Loss: 1.6658
2025-07-04 01:53:09 - INFO - Epoch 105/600 finished. Average Training Loss: 1.7287
2025-07-04 01:53:31 - INFO - Epoch 106/600 finished. Average Training Loss: 1.7571
2025-07-04 01:53:54 - INFO - Epoch 107/600 finished. Average Training Loss: 1.7248
2025-07-04 01:54:17 - INFO - Epoch 108/600 finished. Average Training Loss: 1.7223
2025-07-04 01:54:39 - INFO - Epoch 109/600 finished. Average Training Loss: 1.6705
2025-07-04 01:55:04 - INFO - Epoch 110/600 finished. Average Training Loss: 1.6369
2025-07-04 01:55:29 - INFO - Epoch 111/600 finished. Average Training Loss: 1.6741
2025-07-04 01:55:52 - INFO - Epoch 112/600 finished. Average Training Loss: 1.6218
2025-07-04 01:56:15 - INFO - Epoch 113/600 finished. Average Training Loss: 1.6519
2025-07-04 01:56:38 - INFO - Epoch 114/600 finished. Average Training Loss: 1.6566
2025-07-04 01:57:00 - INFO - Epoch 115/600 finished. Average Training Loss: 1.6683
2025-07-04 01:57:23 - INFO - Epoch 116/600 finished. Average Training Loss: 1.6710
2025-07-04 01:57:46 - INFO - Epoch 117/600 finished. Average Training Loss: 1.7436
2025-07-04 01:58:10 - INFO - Epoch 118/600 finished. Average Training Loss: 1.6993
2025-07-04 01:58:35 - INFO - Epoch 119/600 finished. Average Training Loss: 1.5741
2025-07-04 01:58:58 - INFO - Epoch 120/600 finished. Average Training Loss: 1.5725
2025-07-04 01:58:58 - INFO - Saved checkpoint for epoch 120 to ./result/VNet_Multi_V3/Amos_90/Pth/model_epoch_120_checkpoint.pth
2025-07-04 01:59:21 - INFO - Epoch 121/600 finished. Average Training Loss: 1.5589
2025-07-04 01:59:44 - INFO - Epoch 122/600 finished. Average Training Loss: 1.5362
2025-07-04 02:00:08 - INFO - Epoch 123/600 finished. Average Training Loss: 1.4883
2025-07-04 02:00:31 - INFO - Epoch 124/600 finished. Average Training Loss: 1.4848
2025-07-04 02:00:54 - INFO - Epoch 125/600 finished. Average Training Loss: 1.5284
2025-07-04 02:01:17 - INFO - Epoch 126/600 finished. Average Training Loss: 1.4785
2025-07-04 02:01:42 - INFO - Epoch 127/600 finished. Average Training Loss: 1.5195
2025-07-04 02:02:06 - INFO - Epoch 128/600 finished. Average Training Loss: 1.4013
2025-07-04 02:02:28 - INFO - Epoch 129/600 finished. Average Training Loss: 1.4415
2025-07-04 02:02:52 - INFO - Epoch 130/600 finished. Average Training Loss: 1.4735
2025-07-04 02:03:15 - INFO - Epoch 131/600 finished. Average Training Loss: 1.4230
2025-07-04 02:03:37 - INFO - Epoch 132/600 finished. Average Training Loss: 1.4370
2025-07-04 02:04:00 - INFO - Epoch 133/600 finished. Average Training Loss: 1.3629
2025-07-04 02:04:23 - INFO - Epoch 134/600 finished. Average Training Loss: 1.3858
2025-07-04 02:04:48 - INFO - Epoch 135/600 finished. Average Training Loss: 1.4550
2025-07-04 02:05:12 - INFO - Epoch 136/600 finished. Average Training Loss: 1.3129
2025-07-04 02:05:35 - INFO - Epoch 137/600 finished. Average Training Loss: 1.2914
2025-07-04 02:05:58 - INFO - Epoch 138/600 finished. Average Training Loss: 1.5896
2025-07-04 02:06:21 - INFO - Epoch 139/600 finished. Average Training Loss: 1.2792
2025-07-04 02:06:44 - INFO - Epoch 140/600 finished. Average Training Loss: 1.3795
2025-07-04 02:06:44 - INFO - Saved checkpoint for epoch 140 to ./result/VNet_Multi_V3/Amos_90/Pth/model_epoch_140_checkpoint.pth
2025-07-04 02:07:06 - INFO - Epoch 141/600 finished. Average Training Loss: 1.2787
2025-07-04 02:07:29 - INFO - Epoch 142/600 finished. Average Training Loss: 1.3151
2025-07-04 02:07:53 - INFO - Epoch 143/600 finished. Average Training Loss: 1.3166
2025-07-04 02:08:19 - INFO - Epoch 144/600 finished. Average Training Loss: 1.3282
2025-07-04 02:08:41 - INFO - Epoch 145/600 finished. Average Training Loss: 1.2624
2025-07-04 02:09:05 - INFO - Epoch 146/600 finished. Average Training Loss: 1.3448
2025-07-04 02:09:27 - INFO - Epoch 147/600 finished. Average Training Loss: 1.2804
2025-07-04 02:09:50 - INFO - Epoch 148/600 finished. Average Training Loss: 1.2045
2025-07-04 02:10:13 - INFO - Epoch 149/600 finished. Average Training Loss: 1.2017
2025-07-04 02:10:36 - INFO - Epoch 150/600 finished. Average Training Loss: 1.2608
2025-07-04 02:11:00 - INFO - Epoch 151/600 finished. Average Training Loss: 1.1405
2025-07-04 02:11:25 - INFO - Epoch 152/600 finished. Average Training Loss: 1.1739
2025-07-04 02:11:48 - INFO - Epoch 153/600 finished. Average Training Loss: 1.2794
2025-07-04 02:12:10 - INFO - Epoch 154/600 finished. Average Training Loss: 1.2224
2025-07-04 02:12:33 - INFO - Epoch 155/600 finished. Average Training Loss: 1.1885
2025-07-04 02:12:56 - INFO - Epoch 156/600 finished. Average Training Loss: 1.1677
2025-07-04 02:13:19 - INFO - Epoch 157/600 finished. Average Training Loss: 1.1209
2025-07-04 02:13:42 - INFO - Epoch 158/600 finished. Average Training Loss: 1.0910
2025-07-04 02:14:06 - INFO - Epoch 159/600 finished. Average Training Loss: 1.1251
2025-07-04 02:14:32 - INFO - Epoch 160/600 finished. Average Training Loss: 1.1339
2025-07-04 02:14:32 - INFO - Saved checkpoint for epoch 160 to ./result/VNet_Multi_V3/Amos_90/Pth/model_epoch_160_checkpoint.pth
2025-07-04 02:14:55 - INFO - Epoch 161/600 finished. Average Training Loss: 1.1219
2025-07-04 02:15:18 - INFO - Epoch 162/600 finished. Average Training Loss: 1.1571
2025-07-04 02:15:41 - INFO - Epoch 163/600 finished. Average Training Loss: 1.0828
2025-07-04 02:16:03 - INFO - Epoch 164/600 finished. Average Training Loss: 1.0998
2025-07-04 02:16:26 - INFO - Epoch 165/600 finished. Average Training Loss: 1.1308
2025-07-04 02:16:48 - INFO - Epoch 166/600 finished. Average Training Loss: 0.9937
2025-07-04 02:17:12 - INFO - Epoch 167/600 finished. Average Training Loss: 1.1342
2025-07-04 02:17:36 - INFO - Epoch 168/600 finished. Average Training Loss: 1.0235
2025-07-04 02:17:59 - INFO - Epoch 169/600 finished. Average Training Loss: 1.0743
2025-07-04 02:18:22 - INFO - Epoch 170/600 finished. Average Training Loss: 1.0227
2025-07-04 02:18:45 - INFO - Epoch 171/600 finished. Average Training Loss: 1.1366
2025-07-04 02:19:08 - INFO - Epoch 172/600 finished. Average Training Loss: 1.0277
2025-07-04 02:19:31 - INFO - Epoch 173/600 finished. Average Training Loss: 0.9704
2025-07-04 02:19:54 - INFO - Epoch 174/600 finished. Average Training Loss: 1.1086
2025-07-04 02:20:18 - INFO - Epoch 175/600 finished. Average Training Loss: 0.9851
2025-07-04 02:20:44 - INFO - Epoch 176/600 finished. Average Training Loss: 0.9624
2025-07-04 02:21:08 - INFO - Epoch 177/600 finished. Average Training Loss: 1.0623
2025-07-04 02:21:31 - INFO - Epoch 178/600 finished. Average Training Loss: 0.9930
2025-07-04 02:21:54 - INFO - Epoch 179/600 finished. Average Training Loss: 0.9237
2025-07-04 02:22:17 - INFO - Epoch 180/600 finished. Average Training Loss: 1.0403
2025-07-04 02:22:17 - INFO - Saved checkpoint for epoch 180 to ./result/VNet_Multi_V3/Amos_90/Pth/model_epoch_180_checkpoint.pth
2025-07-04 02:22:39 - INFO - Epoch 181/600 finished. Average Training Loss: 1.0298
2025-07-04 02:23:02 - INFO - Epoch 182/600 finished. Average Training Loss: 1.0127
2025-07-04 02:23:25 - INFO - Epoch 183/600 finished. Average Training Loss: 0.8427
2025-07-04 02:23:50 - INFO - Epoch 184/600 finished. Average Training Loss: 0.9301
2025-07-04 02:24:15 - INFO - Epoch 185/600 finished. Average Training Loss: 0.9346
2025-07-04 02:24:37 - INFO - Epoch 186/600 finished. Average Training Loss: 0.9349
2025-07-04 02:25:00 - INFO - Epoch 187/600 finished. Average Training Loss: 0.9806
2025-07-04 02:25:23 - INFO - Epoch 188/600 finished. Average Training Loss: 0.9387
2025-07-04 02:25:45 - INFO - Epoch 189/600 finished. Average Training Loss: 0.9054
2025-07-04 02:26:08 - INFO - Epoch 190/600 finished. Average Training Loss: 0.9525
2025-07-04 02:26:31 - INFO - Epoch 191/600 finished. Average Training Loss: 0.9851
2025-07-04 02:26:56 - INFO - Epoch 192/600 finished. Average Training Loss: 0.8602
2025-07-04 02:27:22 - INFO - Epoch 193/600 finished. Average Training Loss: 0.8580
2025-07-04 02:27:44 - INFO - Epoch 194/600 finished. Average Training Loss: 0.8078
2025-07-04 02:28:07 - INFO - Epoch 195/600 finished. Average Training Loss: 0.8707
2025-07-04 02:28:30 - INFO - Epoch 196/600 finished. Average Training Loss: 0.8458
2025-07-04 02:28:53 - INFO - Epoch 197/600 finished. Average Training Loss: 0.9298
2025-07-04 02:29:16 - INFO - Epoch 198/600 finished. Average Training Loss: 0.8773
2025-07-04 02:29:39 - INFO - Epoch 199/600 finished. Average Training Loss: 0.8333
2025-07-04 02:30:03 - INFO - Epoch 200/600 finished. Average Training Loss: 0.9621
2025-07-04 02:30:03 - INFO - Saved checkpoint for epoch 200 to ./result/VNet_Multi_V3/Amos_90/Pth/model_epoch_200_checkpoint.pth
2025-07-04 02:30:28 - INFO - Epoch 201/600 finished. Average Training Loss: 0.8354
2025-07-04 02:30:51 - INFO - Epoch 202/600 finished. Average Training Loss: 0.8446
2025-07-04 02:31:14 - INFO - Epoch 203/600 finished. Average Training Loss: 0.9305
2025-07-04 02:31:37 - INFO - Epoch 204/600 finished. Average Training Loss: 0.8577
2025-07-04 02:32:00 - INFO - Epoch 205/600 finished. Average Training Loss: 0.9789
2025-07-04 02:32:23 - INFO - Epoch 206/600 finished. Average Training Loss: 0.8024
2025-07-04 02:32:46 - INFO - Epoch 207/600 finished. Average Training Loss: 0.8550
2025-07-04 02:33:10 - INFO - Epoch 208/600 finished. Average Training Loss: 0.9074
2025-07-04 02:33:36 - INFO - Epoch 209/600 finished. Average Training Loss: 0.7727
2025-07-04 02:34:00 - INFO - Epoch 210/600 finished. Average Training Loss: 0.9180
2025-07-04 02:34:23 - INFO - Epoch 211/600 finished. Average Training Loss: 0.8003
2025-07-04 02:34:46 - INFO - Epoch 212/600 finished. Average Training Loss: 0.8361
2025-07-04 02:35:09 - INFO - Epoch 213/600 finished. Average Training Loss: 0.7831
2025-07-04 02:35:32 - INFO - Epoch 214/600 finished. Average Training Loss: 0.8399
2025-07-04 02:35:55 - INFO - Epoch 215/600 finished. Average Training Loss: 0.7320
2025-07-04 02:36:18 - INFO - Epoch 216/600 finished. Average Training Loss: 0.7813
2025-07-04 02:36:42 - INFO - Epoch 217/600 finished. Average Training Loss: 0.6462
2025-07-04 02:37:09 - INFO - Epoch 218/600 finished. Average Training Loss: 0.8236
2025-07-04 02:37:32 - INFO - Epoch 219/600 finished. Average Training Loss: 0.7196
2025-07-04 02:37:54 - INFO - Epoch 220/600 finished. Average Training Loss: 0.7651
2025-07-04 02:37:54 - INFO - Saved checkpoint for epoch 220 to ./result/VNet_Multi_V3/Amos_90/Pth/model_epoch_220_checkpoint.pth
2025-07-04 02:38:17 - INFO - Epoch 221/600 finished. Average Training Loss: 0.7685
2025-07-04 02:38:40 - INFO - Epoch 222/600 finished. Average Training Loss: 0.6887
2025-07-04 02:39:03 - INFO - Epoch 223/600 finished. Average Training Loss: 0.7536
2025-07-04 02:39:26 - INFO - Epoch 224/600 finished. Average Training Loss: 0.8352
2025-07-04 02:39:49 - INFO - Epoch 225/600 finished. Average Training Loss: 0.7437
2025-07-04 02:40:14 - INFO - Epoch 226/600 finished. Average Training Loss: 0.7145
2025-07-04 02:40:37 - INFO - Epoch 227/600 finished. Average Training Loss: 0.7018
2025-07-04 02:41:00 - INFO - Epoch 228/600 finished. Average Training Loss: 0.6827
2025-07-04 02:41:23 - INFO - Epoch 229/600 finished. Average Training Loss: 0.8052
2025-07-04 02:41:46 - INFO - Epoch 230/600 finished. Average Training Loss: 0.6998
2025-07-04 02:42:10 - INFO - Epoch 231/600 finished. Average Training Loss: 0.7526
2025-07-04 02:42:33 - INFO - Epoch 232/600 finished. Average Training Loss: 0.6939
2025-07-04 02:42:56 - INFO - Epoch 233/600 finished. Average Training Loss: 0.6968
2025-07-04 02:43:21 - INFO - Epoch 234/600 finished. Average Training Loss: 0.6985
2025-07-04 02:43:44 - INFO - Epoch 235/600 finished. Average Training Loss: 0.6770
2025-07-04 02:44:08 - INFO - Epoch 236/600 finished. Average Training Loss: 0.7182
2025-07-04 02:44:31 - INFO - Epoch 237/600 finished. Average Training Loss: 0.6058
2025-07-04 02:44:54 - INFO - Epoch 238/600 finished. Average Training Loss: 0.8053
2025-07-04 02:45:17 - INFO - Epoch 239/600 finished. Average Training Loss: 0.7220
2025-07-04 02:45:40 - INFO - Epoch 240/600 finished. Average Training Loss: 0.6795
2025-07-04 02:45:40 - INFO - Saved checkpoint for epoch 240 to ./result/VNet_Multi_V3/Amos_90/Pth/model_epoch_240_checkpoint.pth
2025-07-04 02:46:04 - INFO - Epoch 241/600 finished. Average Training Loss: 0.6325
2025-07-04 02:46:29 - INFO - Epoch 242/600 finished. Average Training Loss: 0.6036
2025-07-04 02:46:54 - INFO - Epoch 243/600 finished. Average Training Loss: 0.6178
2025-07-04 02:47:17 - INFO - Epoch 244/600 finished. Average Training Loss: 0.6438
2025-07-04 02:47:40 - INFO - Epoch 245/600 finished. Average Training Loss: 0.6832
2025-07-04 02:48:03 - INFO - Epoch 246/600 finished. Average Training Loss: 0.6248
2025-07-04 02:48:26 - INFO - Epoch 247/600 finished. Average Training Loss: 0.6017
2025-07-04 02:48:49 - INFO - Epoch 248/600 finished. Average Training Loss: 0.6318
2025-07-04 02:49:13 - INFO - Epoch 249/600 finished. Average Training Loss: 0.5426
2025-07-04 02:49:37 - INFO - Epoch 250/600 finished. Average Training Loss: 0.6967
2025-07-04 02:50:02 - INFO - Epoch 251/600 finished. Average Training Loss: 0.6219
2025-07-04 02:50:26 - INFO - Epoch 252/600 finished. Average Training Loss: 0.6581
2025-07-04 02:50:49 - INFO - Epoch 253/600 finished. Average Training Loss: 0.5784
2025-07-04 02:51:12 - INFO - Epoch 254/600 finished. Average Training Loss: 0.5873
2025-07-04 02:51:35 - INFO - Epoch 255/600 finished. Average Training Loss: 0.5102
2025-07-04 02:51:58 - INFO - Epoch 256/600 finished. Average Training Loss: 0.6171
2025-07-04 02:52:21 - INFO - Epoch 257/600 finished. Average Training Loss: 0.5682
2025-07-04 02:52:45 - INFO - Epoch 258/600 finished. Average Training Loss: 0.5295
2025-07-04 02:53:10 - INFO - Epoch 259/600 finished. Average Training Loss: 0.5750
2025-07-04 02:53:33 - INFO - Epoch 260/600 finished. Average Training Loss: 0.5549
2025-07-04 02:53:34 - INFO - Saved checkpoint for epoch 260 to ./result/VNet_Multi_V3/Amos_90/Pth/model_epoch_260_checkpoint.pth
2025-07-04 02:53:57 - INFO - Epoch 261/600 finished. Average Training Loss: 0.5625
2025-07-04 02:54:20 - INFO - Epoch 262/600 finished. Average Training Loss: 0.5041
2025-07-04 02:54:43 - INFO - Epoch 263/600 finished. Average Training Loss: 0.6273
2025-07-04 02:55:07 - INFO - Epoch 264/600 finished. Average Training Loss: 0.5151
2025-07-04 02:55:30 - INFO - Epoch 265/600 finished. Average Training Loss: 0.5009
2025-07-04 02:55:53 - INFO - Epoch 266/600 finished. Average Training Loss: 0.5491
2025-07-04 02:56:18 - INFO - Epoch 267/600 finished. Average Training Loss: 0.5333
2025-07-04 02:56:44 - INFO - Epoch 268/600 finished. Average Training Loss: 0.6343
2025-07-04 02:57:08 - INFO - Epoch 269/600 finished. Average Training Loss: 0.4877
2025-07-04 02:57:31 - INFO - Epoch 270/600 finished. Average Training Loss: 0.5460
2025-07-04 02:57:54 - INFO - Epoch 271/600 finished. Average Training Loss: 0.6211
2025-07-04 02:58:17 - INFO - Epoch 272/600 finished. Average Training Loss: 0.5184
2025-07-04 02:58:40 - INFO - Epoch 273/600 finished. Average Training Loss: 0.6260
2025-07-04 02:59:02 - INFO - Epoch 274/600 finished. Average Training Loss: 0.4886
2025-07-04 02:59:25 - INFO - Epoch 275/600 finished. Average Training Loss: 0.4784
2025-07-04 02:59:50 - INFO - Epoch 276/600 finished. Average Training Loss: 0.4710
2025-07-04 03:00:15 - INFO - Epoch 277/600 finished. Average Training Loss: 0.6311
2025-07-04 03:00:38 - INFO - Epoch 278/600 finished. Average Training Loss: 0.6120
2025-07-04 03:01:01 - INFO - Epoch 279/600 finished. Average Training Loss: 0.4845
2025-07-04 03:01:24 - INFO - Epoch 280/600 finished. Average Training Loss: 0.5664
2025-07-04 03:01:25 - INFO - Saved checkpoint for epoch 280 to ./result/VNet_Multi_V3/Amos_90/Pth/model_epoch_280_checkpoint.pth
2025-07-04 03:01:47 - INFO - Epoch 281/600 finished. Average Training Loss: 0.4282
2025-07-04 03:02:10 - INFO - Epoch 282/600 finished. Average Training Loss: 0.6085
2025-07-04 03:02:33 - INFO - Epoch 283/600 finished. Average Training Loss: 0.6117
2025-07-04 03:02:58 - INFO - Epoch 284/600 finished. Average Training Loss: 0.5359
2025-07-04 03:03:23 - INFO - Epoch 285/600 finished. Average Training Loss: 0.5550
2025-07-04 03:03:48 - INFO - Epoch 286/600 finished. Average Training Loss: 0.5202
2025-07-04 03:04:11 - INFO - Epoch 287/600 finished. Average Training Loss: 0.4593
2025-07-04 03:04:34 - INFO - Epoch 288/600 finished. Average Training Loss: 0.5164
2025-07-04 03:04:57 - INFO - Epoch 289/600 finished. Average Training Loss: 0.5368
2025-07-04 03:05:20 - INFO - Epoch 290/600 finished. Average Training Loss: 0.3668
2025-07-04 03:05:43 - INFO - Epoch 291/600 finished. Average Training Loss: 0.4416
2025-07-04 03:06:07 - INFO - Epoch 292/600 finished. Average Training Loss: 0.3786
2025-07-04 03:06:31 - INFO - Epoch 293/600 finished. Average Training Loss: 0.4039
2025-07-04 03:06:57 - INFO - Epoch 294/600 finished. Average Training Loss: 0.4364
2025-07-04 03:07:20 - INFO - Epoch 295/600 finished. Average Training Loss: 0.3289
2025-07-04 03:07:43 - INFO - Epoch 296/600 finished. Average Training Loss: 0.3630
2025-07-04 03:08:06 - INFO - Epoch 297/600 finished. Average Training Loss: 0.5605
2025-07-04 03:08:29 - INFO - Epoch 298/600 finished. Average Training Loss: 0.4368
2025-07-04 03:08:52 - INFO - Epoch 299/600 finished. Average Training Loss: 0.4938
2025-07-04 03:09:15 - INFO - Epoch 300/600 finished. Average Training Loss: 0.5330
2025-07-04 03:09:15 - INFO - Saved checkpoint for epoch 300 to ./result/VNet_Multi_V3/Amos_90/Pth/model_epoch_300_checkpoint.pth
2025-07-04 03:09:38 - INFO - Epoch 301/600 finished. Average Training Loss: 0.2634
2025-07-04 03:10:04 - INFO - Epoch 302/600 finished. Average Training Loss: 0.4428
2025-07-04 03:10:28 - INFO - Epoch 303/600 finished. Average Training Loss: 0.3125
2025-07-04 03:10:51 - INFO - Epoch 304/600 finished. Average Training Loss: 0.3602
2025-07-04 03:11:15 - INFO - Epoch 305/600 finished. Average Training Loss: 0.3971
2025-07-04 03:11:38 - INFO - Epoch 306/600 finished. Average Training Loss: 0.3474
2025-07-04 03:12:01 - INFO - Epoch 307/600 finished. Average Training Loss: 0.3594
2025-07-04 03:12:24 - INFO - Epoch 308/600 finished. Average Training Loss: 0.4524
2025-07-04 03:12:47 - INFO - Epoch 309/600 finished. Average Training Loss: 0.4309
2025-07-04 03:13:11 - INFO - Epoch 310/600 finished. Average Training Loss: 0.3685
2025-07-04 03:13:37 - INFO - Epoch 311/600 finished. Average Training Loss: 0.3254
2025-07-04 03:14:00 - INFO - Epoch 312/600 finished. Average Training Loss: 0.3116
2025-07-04 03:14:23 - INFO - Epoch 313/600 finished. Average Training Loss: 0.3460
2025-07-04 03:14:46 - INFO - Epoch 314/600 finished. Average Training Loss: 0.3884
2025-07-04 03:15:09 - INFO - Epoch 315/600 finished. Average Training Loss: 0.3107
2025-07-04 03:15:32 - INFO - Epoch 316/600 finished. Average Training Loss: 0.5351
2025-07-04 03:15:54 - INFO - Epoch 317/600 finished. Average Training Loss: 0.3458
2025-07-04 03:16:18 - INFO - Epoch 318/600 finished. Average Training Loss: 0.2690
2025-07-04 03:16:44 - INFO - Epoch 319/600 finished. Average Training Loss: 0.3159
2025-07-04 03:17:09 - INFO - Epoch 320/600 finished. Average Training Loss: 0.3439
2025-07-04 03:17:09 - INFO - Saved checkpoint for epoch 320 to ./result/VNet_Multi_V3/Amos_90/Pth/model_epoch_320_checkpoint.pth
2025-07-04 03:17:32 - INFO - Epoch 321/600 finished. Average Training Loss: 0.3415
2025-07-04 03:17:55 - INFO - Epoch 322/600 finished. Average Training Loss: 0.3233
2025-07-04 03:18:18 - INFO - Epoch 323/600 finished. Average Training Loss: 0.3158
2025-07-04 03:18:42 - INFO - Epoch 324/600 finished. Average Training Loss: 0.2878
2025-07-04 03:19:05 - INFO - Epoch 325/600 finished. Average Training Loss: 0.2243
2025-07-04 03:19:28 - INFO - Epoch 326/600 finished. Average Training Loss: 0.3450
2025-07-04 03:19:51 - INFO - Epoch 327/600 finished. Average Training Loss: 0.2698
2025-07-04 03:20:16 - INFO - Epoch 328/600 finished. Average Training Loss: 0.2875
2025-07-04 03:20:39 - INFO - Epoch 329/600 finished. Average Training Loss: 0.2692
2025-07-04 03:21:02 - INFO - Epoch 330/600 finished. Average Training Loss: 0.3287
2025-07-04 03:21:25 - INFO - Epoch 331/600 finished. Average Training Loss: 0.3540
2025-07-04 03:21:49 - INFO - Epoch 332/600 finished. Average Training Loss: 0.2777
2025-07-04 03:22:12 - INFO - Epoch 333/600 finished. Average Training Loss: 0.2409
2025-07-04 03:22:35 - INFO - Epoch 334/600 finished. Average Training Loss: 0.2892
2025-07-04 03:22:59 - INFO - Epoch 335/600 finished. Average Training Loss: 0.2678
2025-07-04 03:23:25 - INFO - Epoch 336/600 finished. Average Training Loss: 0.1663
2025-07-04 03:23:51 - INFO - Epoch 337/600 finished. Average Training Loss: 0.2039
2025-07-04 03:24:14 - INFO - Epoch 338/600 finished. Average Training Loss: 0.3843
2025-07-04 03:24:37 - INFO - Epoch 339/600 finished. Average Training Loss: 0.2911
2025-07-04 03:25:00 - INFO - Epoch 340/600 finished. Average Training Loss: 0.2878
2025-07-04 03:25:00 - INFO - Saved checkpoint for epoch 340 to ./result/VNet_Multi_V3/Amos_90/Pth/model_epoch_340_checkpoint.pth
2025-07-04 03:25:23 - INFO - Epoch 341/600 finished. Average Training Loss: 0.2834
2025-07-04 03:25:46 - INFO - Epoch 342/600 finished. Average Training Loss: 0.2589
2025-07-04 03:26:09 - INFO - Epoch 343/600 finished. Average Training Loss: 0.2037
2025-07-04 03:26:33 - INFO - Epoch 344/600 finished. Average Training Loss: 0.4110
2025-07-04 03:26:58 - INFO - Epoch 345/600 finished. Average Training Loss: 0.2151
2025-07-04 03:27:22 - INFO - Epoch 346/600 finished. Average Training Loss: 0.2134
2025-07-04 03:27:46 - INFO - Epoch 347/600 finished. Average Training Loss: 0.3225
2025-07-04 03:28:08 - INFO - Epoch 348/600 finished. Average Training Loss: 0.2446
2025-07-04 03:28:31 - INFO - Epoch 349/600 finished. Average Training Loss: 0.2706
2025-07-04 03:28:54 - INFO - Epoch 350/600 finished. Average Training Loss: 0.2386
2025-07-04 03:29:18 - INFO - Epoch 351/600 finished. Average Training Loss: 0.3299
2025-07-04 03:29:41 - INFO - Epoch 352/600 finished. Average Training Loss: 0.3816
2025-07-04 03:30:05 - INFO - Epoch 353/600 finished. Average Training Loss: 0.2199
2025-07-04 03:30:32 - INFO - Epoch 354/600 finished. Average Training Loss: 0.2004
2025-07-04 03:30:55 - INFO - Epoch 355/600 finished. Average Training Loss: 0.3326
2025-07-04 03:31:18 - INFO - Epoch 356/600 finished. Average Training Loss: 0.2209
2025-07-04 03:31:42 - INFO - Epoch 357/600 finished. Average Training Loss: 0.2268
2025-07-04 03:32:04 - INFO - Epoch 358/600 finished. Average Training Loss: 0.0937
2025-07-04 03:32:27 - INFO - Epoch 359/600 finished. Average Training Loss: 0.2432
2025-07-04 03:32:50 - INFO - Epoch 360/600 finished. Average Training Loss: 0.1965
2025-07-04 03:32:50 - INFO - Saved checkpoint for epoch 360 to ./result/VNet_Multi_V3/Amos_90/Pth/model_epoch_360_checkpoint.pth
2025-07-04 03:33:14 - INFO - Epoch 361/600 finished. Average Training Loss: 0.3741
2025-07-04 03:33:39 - INFO - Epoch 362/600 finished. Average Training Loss: 0.1517
2025-07-04 03:34:02 - INFO - Epoch 363/600 finished. Average Training Loss: 0.2805
2025-07-04 03:34:24 - INFO - Epoch 364/600 finished. Average Training Loss: 0.2459
2025-07-04 03:34:47 - INFO - Epoch 365/600 finished. Average Training Loss: 0.1867
2025-07-04 03:35:10 - INFO - Epoch 366/600 finished. Average Training Loss: 0.2192
2025-07-04 03:35:33 - INFO - Epoch 367/600 finished. Average Training Loss: 0.3091
2025-07-04 03:35:56 - INFO - Epoch 368/600 finished. Average Training Loss: 0.1695
2025-07-04 03:36:20 - INFO - Epoch 369/600 finished. Average Training Loss: 0.2403
2025-07-04 03:36:46 - INFO - Epoch 370/600 finished. Average Training Loss: 0.1258
2025-07-04 03:37:08 - INFO - Epoch 371/600 finished. Average Training Loss: 0.1616
2025-07-04 03:37:30 - INFO - Epoch 372/600 finished. Average Training Loss: 0.1900
2025-07-04 03:37:53 - INFO - Epoch 373/600 finished. Average Training Loss: 0.0900
2025-07-04 03:38:16 - INFO - Epoch 374/600 finished. Average Training Loss: 0.2843
2025-07-04 03:38:39 - INFO - Epoch 375/600 finished. Average Training Loss: 0.2434
2025-07-04 03:39:02 - INFO - Epoch 376/600 finished. Average Training Loss: 0.0305
2025-07-04 03:39:26 - INFO - Epoch 377/600 finished. Average Training Loss: 0.1934
2025-07-04 03:39:51 - INFO - Epoch 378/600 finished. Average Training Loss: 0.1862
2025-07-04 03:40:14 - INFO - Epoch 379/600 finished. Average Training Loss: 0.1943
2025-07-04 03:40:37 - INFO - Epoch 380/600 finished. Average Training Loss: 0.1625
2025-07-04 03:40:37 - INFO - Saved checkpoint for epoch 380 to ./result/VNet_Multi_V3/Amos_90/Pth/model_epoch_380_checkpoint.pth
2025-07-04 03:41:00 - INFO - Epoch 381/600 finished. Average Training Loss: 0.1196
2025-07-04 03:41:23 - INFO - Epoch 382/600 finished. Average Training Loss: 0.2043
2025-07-04 03:41:46 - INFO - Epoch 383/600 finished. Average Training Loss: 0.2477
2025-07-04 03:42:09 - INFO - Epoch 384/600 finished. Average Training Loss: 0.1986
2025-07-04 03:42:32 - INFO - Epoch 385/600 finished. Average Training Loss: 0.3023
2025-07-04 03:42:56 - INFO - Epoch 386/600 finished. Average Training Loss: 0.1968
2025-07-04 03:43:22 - INFO - Epoch 387/600 finished. Average Training Loss: 0.1425
2025-07-04 03:43:44 - INFO - Epoch 388/600 finished. Average Training Loss: 0.2010
2025-07-04 03:44:08 - INFO - Epoch 389/600 finished. Average Training Loss: 0.2451
2025-07-04 03:44:31 - INFO - Epoch 390/600 finished. Average Training Loss: 0.0834
2025-07-04 03:44:53 - INFO - Epoch 391/600 finished. Average Training Loss: 0.0699
2025-07-04 03:45:16 - INFO - Epoch 392/600 finished. Average Training Loss: 0.0743
2025-07-04 03:45:39 - INFO - Epoch 393/600 finished. Average Training Loss: 0.0867
2025-07-04 03:46:03 - INFO - Epoch 394/600 finished. Average Training Loss: 0.0955
2025-07-04 03:46:29 - INFO - Epoch 395/600 finished. Average Training Loss: 0.1171
2025-07-04 03:46:55 - INFO - Epoch 396/600 finished. Average Training Loss: 0.0309
2025-07-04 03:47:20 - INFO - Epoch 397/600 finished. Average Training Loss: 0.1097
2025-07-04 03:47:43 - INFO - Epoch 398/600 finished. Average Training Loss: 0.0552
2025-07-04 03:48:05 - INFO - Epoch 399/600 finished. Average Training Loss: 0.0800
2025-07-04 03:48:28 - INFO - Epoch 400/600 finished. Average Training Loss: 0.1941
2025-07-04 03:48:28 - INFO - Saved checkpoint for epoch 400 to ./result/VNet_Multi_V3/Amos_90/Pth/model_epoch_400_checkpoint.pth
2025-07-04 03:48:51 - INFO - Epoch 401/600 finished. Average Training Loss: 0.0560
2025-07-04 03:49:14 - INFO - Epoch 402/600 finished. Average Training Loss: 0.0992
2025-07-04 03:49:37 - INFO - Epoch 403/600 finished. Average Training Loss: 0.1829
2025-07-04 03:50:01 - INFO - Epoch 404/600 finished. Average Training Loss: 0.1587
2025-07-04 03:50:27 - INFO - Epoch 405/600 finished. Average Training Loss: 0.1520
2025-07-04 03:50:51 - INFO - Epoch 406/600 finished. Average Training Loss: 0.0241
2025-07-04 03:51:15 - INFO - Epoch 407/600 finished. Average Training Loss: 0.0882
2025-07-04 03:51:38 - INFO - Epoch 408/600 finished. Average Training Loss: 0.0275
2025-07-04 03:52:01 - INFO - Epoch 409/600 finished. Average Training Loss: 0.1786
2025-07-04 03:52:23 - INFO - Epoch 410/600 finished. Average Training Loss: 0.0546
2025-07-04 03:52:47 - INFO - Epoch 411/600 finished. Average Training Loss: 0.2092
2025-07-04 03:53:10 - INFO - Epoch 412/600 finished. Average Training Loss: 0.0850
2025-07-04 03:53:33 - INFO - Epoch 413/600 finished. Average Training Loss: 0.1235
2025-07-04 03:53:58 - INFO - Epoch 414/600 finished. Average Training Loss: 0.1520
2025-07-04 03:54:23 - INFO - Epoch 415/600 finished. Average Training Loss: -0.0056
2025-07-04 03:54:46 - INFO - Epoch 416/600 finished. Average Training Loss: 0.0900
2025-07-04 03:55:09 - INFO - Epoch 417/600 finished. Average Training Loss: 0.0703
2025-07-04 03:55:31 - INFO - Epoch 418/600 finished. Average Training Loss: 0.0398
2025-07-04 03:55:54 - INFO - Epoch 419/600 finished. Average Training Loss: -0.0584
2025-07-04 03:56:17 - INFO - Epoch 420/600 finished. Average Training Loss: -0.0532
2025-07-04 03:56:17 - INFO - Saved checkpoint for epoch 420 to ./result/VNet_Multi_V3/Amos_90/Pth/model_epoch_420_checkpoint.pth
2025-07-04 03:56:40 - INFO - Epoch 421/600 finished. Average Training Loss: -0.0423
2025-07-04 03:57:04 - INFO - Epoch 422/600 finished. Average Training Loss: -0.0516
2025-07-04 03:57:30 - INFO - Epoch 423/600 finished. Average Training Loss: 0.0447
2025-07-04 03:57:55 - INFO - Epoch 424/600 finished. Average Training Loss: 0.0507
2025-07-04 03:58:18 - INFO - Epoch 425/600 finished. Average Training Loss: -0.0022
2025-07-04 03:58:41 - INFO - Epoch 426/600 finished. Average Training Loss: 0.1268
2025-07-04 03:59:04 - INFO - Epoch 427/600 finished. Average Training Loss: -0.0283
2025-07-04 03:59:27 - INFO - Epoch 428/600 finished. Average Training Loss: 0.0009
2025-07-04 03:59:49 - INFO - Epoch 429/600 finished. Average Training Loss: 0.0204
2025-07-04 04:00:12 - INFO - Epoch 430/600 finished. Average Training Loss: 0.0196
2025-07-04 04:00:36 - INFO - Epoch 431/600 finished. Average Training Loss: -0.1081
2025-07-04 04:01:00 - INFO - Epoch 432/600 finished. Average Training Loss: -0.0300
2025-07-04 04:01:24 - INFO - Epoch 433/600 finished. Average Training Loss: 0.0558
2025-07-04 04:01:47 - INFO - Epoch 434/600 finished. Average Training Loss: 0.0507
2025-07-04 04:02:09 - INFO - Epoch 435/600 finished. Average Training Loss: -0.0515
2025-07-04 04:02:32 - INFO - Epoch 436/600 finished. Average Training Loss: -0.1062
2025-07-04 04:02:55 - INFO - Epoch 437/600 finished. Average Training Loss: 0.0823
2025-07-04 04:03:18 - INFO - Epoch 438/600 finished. Average Training Loss: 0.0035
2025-07-04 04:03:41 - INFO - Epoch 439/600 finished. Average Training Loss: -0.0199
2025-07-04 04:04:07 - INFO - Epoch 440/600 finished. Average Training Loss: -0.1215
2025-07-04 04:04:07 - INFO - Saved checkpoint for epoch 440 to ./result/VNet_Multi_V3/Amos_90/Pth/model_epoch_440_checkpoint.pth
2025-07-04 04:04:30 - INFO - Epoch 441/600 finished. Average Training Loss: 0.0144
2025-07-04 04:04:53 - INFO - Epoch 442/600 finished. Average Training Loss: -0.0633
2025-07-04 04:05:16 - INFO - Epoch 443/600 finished. Average Training Loss: -0.0948
2025-07-04 04:05:38 - INFO - Epoch 444/600 finished. Average Training Loss: -0.1505
2025-07-04 04:06:01 - INFO - Epoch 445/600 finished. Average Training Loss: -0.1881
2025-07-04 04:06:24 - INFO - Epoch 446/600 finished. Average Training Loss: -0.0424
2025-07-04 04:06:47 - INFO - Epoch 447/600 finished. Average Training Loss: -0.0535
2025-07-04 04:07:12 - INFO - Epoch 448/600 finished. Average Training Loss: -0.0907
2025-07-04 04:07:37 - INFO - Epoch 449/600 finished. Average Training Loss: -0.0873
2025-07-04 04:08:00 - INFO - Epoch 450/600 finished. Average Training Loss: -0.1100
2025-07-04 04:08:23 - INFO - Epoch 451/600 finished. Average Training Loss: -0.0526
2025-07-04 04:08:46 - INFO - Epoch 452/600 finished. Average Training Loss: -0.0575
2025-07-04 04:09:09 - INFO - Epoch 453/600 finished. Average Training Loss: -0.0611
2025-07-04 04:09:32 - INFO - Epoch 454/600 finished. Average Training Loss: -0.0428
2025-07-04 04:09:55 - INFO - Epoch 455/600 finished. Average Training Loss: -0.0305
2025-07-04 04:10:19 - INFO - Epoch 456/600 finished. Average Training Loss: -0.0858
2025-07-04 04:10:44 - INFO - Epoch 457/600 finished. Average Training Loss: -0.0379
2025-07-04 04:11:07 - INFO - Epoch 458/600 finished. Average Training Loss: -0.1901
2025-07-04 04:11:30 - INFO - Epoch 459/600 finished. Average Training Loss: -0.0785
2025-07-04 04:11:53 - INFO - Epoch 460/600 finished. Average Training Loss: -0.0925
2025-07-04 04:11:53 - INFO - Saved checkpoint for epoch 460 to ./result/VNet_Multi_V3/Amos_90/Pth/model_epoch_460_checkpoint.pth
2025-07-04 04:12:16 - INFO - Epoch 461/600 finished. Average Training Loss: -0.1267
2025-07-04 04:12:38 - INFO - Epoch 462/600 finished. Average Training Loss: -0.1612
2025-07-04 04:13:01 - INFO - Epoch 463/600 finished. Average Training Loss: -0.1708
2025-07-04 04:13:24 - INFO - Epoch 464/600 finished. Average Training Loss: -0.0835
2025-07-04 04:13:50 - INFO - Epoch 465/600 finished. Average Training Loss: -0.1020
2025-07-04 04:14:12 - INFO - Epoch 466/600 finished. Average Training Loss: -0.1169
2025-07-04 04:14:35 - INFO - Epoch 467/600 finished. Average Training Loss: -0.1144
2025-07-04 04:14:57 - INFO - Epoch 468/600 finished. Average Training Loss: -0.1403
2025-07-04 04:15:20 - INFO - Epoch 469/600 finished. Average Training Loss: -0.1439
2025-07-04 04:15:43 - INFO - Epoch 470/600 finished. Average Training Loss: -0.2319
2025-07-04 04:16:06 - INFO - Epoch 471/600 finished. Average Training Loss: -0.1013
2025-07-04 04:16:29 - INFO - Epoch 472/600 finished. Average Training Loss: -0.1166
2025-07-04 04:16:55 - INFO - Epoch 473/600 finished. Average Training Loss: -0.0454
2025-07-04 04:17:19 - INFO - Epoch 474/600 finished. Average Training Loss: -0.1504
2025-07-04 04:17:42 - INFO - Epoch 475/600 finished. Average Training Loss: -0.2557
2025-07-04 04:18:05 - INFO - Epoch 476/600 finished. Average Training Loss: -0.2067
2025-07-04 04:18:27 - INFO - Epoch 477/600 finished. Average Training Loss: -0.1926
2025-07-04 04:18:50 - INFO - Epoch 478/600 finished. Average Training Loss: -0.1613
2025-07-04 04:19:13 - INFO - Epoch 479/600 finished. Average Training Loss: -0.1888
2025-07-04 04:19:36 - INFO - Epoch 480/600 finished. Average Training Loss: -0.0976
2025-07-04 04:19:36 - INFO - Saved checkpoint for epoch 480 to ./result/VNet_Multi_V3/Amos_90/Pth/model_epoch_480_checkpoint.pth
2025-07-04 04:20:00 - INFO - Epoch 481/600 finished. Average Training Loss: -0.0821
2025-07-04 04:20:25 - INFO - Epoch 482/600 finished. Average Training Loss: -0.2149
2025-07-04 04:20:48 - INFO - Epoch 483/600 finished. Average Training Loss: -0.1322
2025-07-04 04:21:10 - INFO - Epoch 484/600 finished. Average Training Loss: -0.0787
2025-07-04 04:21:33 - INFO - Epoch 485/600 finished. Average Training Loss: -0.1785
2025-07-04 04:21:56 - INFO - Epoch 486/600 finished. Average Training Loss: -0.0968
2025-07-04 04:22:19 - INFO - Epoch 487/600 finished. Average Training Loss: -0.0677
2025-07-04 04:22:42 - INFO - Epoch 488/600 finished. Average Training Loss: -0.1882
2025-07-04 04:23:06 - INFO - Epoch 489/600 finished. Average Training Loss: -0.1637
2025-07-04 04:23:32 - INFO - Epoch 490/600 finished. Average Training Loss: -0.2338
2025-07-04 04:23:57 - INFO - Epoch 491/600 finished. Average Training Loss: -0.1600
2025-07-04 04:24:19 - INFO - Epoch 492/600 finished. Average Training Loss: -0.2633
2025-07-04 04:24:42 - INFO - Epoch 493/600 finished. Average Training Loss: -0.1048
2025-07-04 04:25:05 - INFO - Epoch 494/600 finished. Average Training Loss: -0.1621
2025-07-04 04:25:27 - INFO - Epoch 495/600 finished. Average Training Loss: -0.1931
2025-07-04 04:25:50 - INFO - Epoch 496/600 finished. Average Training Loss: -0.0812
2025-07-04 04:26:13 - INFO - Epoch 497/600 finished. Average Training Loss: -0.2242
2025-07-04 04:26:38 - INFO - Epoch 498/600 finished. Average Training Loss: -0.3112
2025-07-04 04:27:03 - INFO - Epoch 499/600 finished. Average Training Loss: -0.1973
2025-07-04 04:27:25 - INFO - Epoch 500/600 finished. Average Training Loss: -0.2990
2025-07-04 04:27:25 - INFO - Saved checkpoint for epoch 500 to ./result/VNet_Multi_V3/Amos_90/Pth/model_epoch_500_checkpoint.pth
2025-07-04 04:27:48 - INFO - Epoch 501/600 finished. Average Training Loss: -0.1341
2025-07-04 04:28:11 - INFO - Epoch 502/600 finished. Average Training Loss: -0.0300
2025-07-04 04:28:34 - INFO - Epoch 503/600 finished. Average Training Loss: -0.2422
2025-07-04 04:28:57 - INFO - Epoch 504/600 finished. Average Training Loss: -0.2874
2025-07-04 04:29:19 - INFO - Epoch 505/600 finished. Average Training Loss: -0.2514
2025-07-04 04:29:43 - INFO - Epoch 506/600 finished. Average Training Loss: -0.3396
2025-07-04 04:30:08 - INFO - Epoch 507/600 finished. Average Training Loss: -0.2832
2025-07-04 04:30:32 - INFO - Epoch 508/600 finished. Average Training Loss: -0.2494
2025-07-04 04:30:54 - INFO - Epoch 509/600 finished. Average Training Loss: -0.3506
2025-07-04 04:31:17 - INFO - Epoch 510/600 finished. Average Training Loss: -0.3250
2025-07-04 04:31:40 - INFO - Epoch 511/600 finished. Average Training Loss: -0.0900
2025-07-04 04:32:02 - INFO - Epoch 512/600 finished. Average Training Loss: -0.2024
2025-07-04 04:32:25 - INFO - Epoch 513/600 finished. Average Training Loss: -0.2830
2025-07-04 04:32:49 - INFO - Epoch 514/600 finished. Average Training Loss: -0.2895
2025-07-04 04:33:15 - INFO - Epoch 515/600 finished. Average Training Loss: -0.3881
2025-07-04 04:33:39 - INFO - Epoch 516/600 finished. Average Training Loss: -0.3330
2025-07-04 04:34:02 - INFO - Epoch 517/600 finished. Average Training Loss: -0.2656
2025-07-04 04:34:25 - INFO - Epoch 518/600 finished. Average Training Loss: -0.2191
2025-07-04 04:34:48 - INFO - Epoch 519/600 finished. Average Training Loss: -0.3794
2025-07-04 04:35:11 - INFO - Epoch 520/600 finished. Average Training Loss: -0.3058
2025-07-04 04:35:11 - INFO - Saved checkpoint for epoch 520 to ./result/VNet_Multi_V3/Amos_90/Pth/model_epoch_520_checkpoint.pth
2025-07-04 04:35:33 - INFO - Epoch 521/600 finished. Average Training Loss: -0.4273
2025-07-04 04:35:56 - INFO - Epoch 522/600 finished. Average Training Loss: -0.2199
2025-07-04 04:36:20 - INFO - Epoch 523/600 finished. Average Training Loss: -0.2943
2025-07-04 04:36:45 - INFO - Epoch 524/600 finished. Average Training Loss: -0.3937
2025-07-04 04:37:08 - INFO - Epoch 525/600 finished. Average Training Loss: -0.3716
2025-07-04 04:37:31 - INFO - Epoch 526/600 finished. Average Training Loss: -0.3160
2025-07-04 04:37:53 - INFO - Epoch 527/600 finished. Average Training Loss: -0.3968
2025-07-04 04:38:17 - INFO - Epoch 528/600 finished. Average Training Loss: -0.5043
2025-07-04 04:38:40 - INFO - Epoch 529/600 finished. Average Training Loss: -0.3161
2025-07-04 04:39:03 - INFO - Epoch 530/600 finished. Average Training Loss: -0.2747
2025-07-04 04:39:26 - INFO - Epoch 531/600 finished. Average Training Loss: -0.2995
2025-07-04 04:39:51 - INFO - Epoch 532/600 finished. Average Training Loss: -0.2151
2025-07-04 04:40:16 - INFO - Epoch 533/600 finished. Average Training Loss: -0.4406
2025-07-04 04:40:39 - INFO - Epoch 534/600 finished. Average Training Loss: -0.3675
2025-07-04 04:41:02 - INFO - Epoch 535/600 finished. Average Training Loss: -0.3616
2025-07-04 04:41:24 - INFO - Epoch 536/600 finished. Average Training Loss: -0.3261
2025-07-04 04:41:47 - INFO - Epoch 537/600 finished. Average Training Loss: -0.2838
2025-07-04 04:42:10 - INFO - Epoch 538/600 finished. Average Training Loss: -0.4474
2025-07-04 04:42:33 - INFO - Epoch 539/600 finished. Average Training Loss: -0.5210
2025-07-04 04:42:57 - INFO - Epoch 540/600 finished. Average Training Loss: -0.4556
2025-07-04 04:42:57 - INFO - Saved checkpoint for epoch 540 to ./result/VNet_Multi_V3/Amos_90/Pth/model_epoch_540_checkpoint.pth
2025-07-04 04:43:22 - INFO - Epoch 541/600 finished. Average Training Loss: -0.3846
2025-07-04 04:43:45 - INFO - Epoch 542/600 finished. Average Training Loss: -0.3569
2025-07-04 04:44:08 - INFO - Epoch 543/600 finished. Average Training Loss: -0.3017
2025-07-04 04:44:31 - INFO - Epoch 544/600 finished. Average Training Loss: -0.3631
2025-07-04 04:44:54 - INFO - Epoch 545/600 finished. Average Training Loss: -0.2879
2025-07-04 04:45:16 - INFO - Epoch 546/600 finished. Average Training Loss: -0.3608
2025-07-04 04:45:39 - INFO - Epoch 547/600 finished. Average Training Loss: -0.4669
2025-07-04 04:46:03 - INFO - Epoch 548/600 finished. Average Training Loss: -0.3580
2025-07-04 04:46:29 - INFO - Epoch 549/600 finished. Average Training Loss: -0.3446
2025-07-04 04:46:53 - INFO - Epoch 550/600 finished. Average Training Loss: -0.2430
2025-07-04 04:47:15 - INFO - Epoch 551/600 finished. Average Training Loss: -0.2553
2025-07-04 04:47:39 - INFO - Epoch 552/600 finished. Average Training Loss: -0.4715
2025-07-04 04:48:01 - INFO - Epoch 553/600 finished. Average Training Loss: -0.4939
2025-07-04 04:48:24 - INFO - Epoch 554/600 finished. Average Training Loss: -0.4817
2025-07-04 04:48:47 - INFO - Epoch 555/600 finished. Average Training Loss: -0.3519
2025-07-04 04:49:10 - INFO - Epoch 556/600 finished. Average Training Loss: -0.4349
2025-07-04 04:49:34 - INFO - Epoch 557/600 finished. Average Training Loss: -0.5468
2025-07-04 04:49:59 - INFO - Epoch 558/600 finished. Average Training Loss: -0.4344
2025-07-04 04:50:21 - INFO - Epoch 559/600 finished. Average Training Loss: -0.5367
2025-07-04 04:50:44 - INFO - Epoch 560/600 finished. Average Training Loss: -0.4459
2025-07-04 04:50:45 - INFO - Saved checkpoint for epoch 560 to ./result/VNet_Multi_V3/Amos_90/Pth/model_epoch_560_checkpoint.pth
2025-07-04 04:51:07 - INFO - Epoch 561/600 finished. Average Training Loss: -0.4421
2025-07-04 04:51:30 - INFO - Epoch 562/600 finished. Average Training Loss: -0.5129
2025-07-04 04:51:53 - INFO - Epoch 563/600 finished. Average Training Loss: -0.4125
2025-07-04 04:52:17 - INFO - Epoch 564/600 finished. Average Training Loss: -0.4783
2025-07-04 04:52:40 - INFO - Epoch 565/600 finished. Average Training Loss: -0.4130
2025-07-04 04:53:06 - INFO - Epoch 566/600 finished. Average Training Loss: -0.2536
2025-07-04 04:53:30 - INFO - Epoch 567/600 finished. Average Training Loss: -0.3712
2025-07-04 04:53:53 - INFO - Epoch 568/600 finished. Average Training Loss: -0.4684
2025-07-04 04:54:16 - INFO - Epoch 569/600 finished. Average Training Loss: -0.5138
2025-07-04 04:54:39 - INFO - Epoch 570/600 finished. Average Training Loss: -0.3512
2025-07-04 04:55:02 - INFO - Epoch 571/600 finished. Average Training Loss: -0.4306
2025-07-04 04:55:25 - INFO - Epoch 572/600 finished. Average Training Loss: -0.3971
2025-07-04 04:55:47 - INFO - Epoch 573/600 finished. Average Training Loss: -0.4400
2025-07-04 04:56:12 - INFO - Epoch 574/600 finished. Average Training Loss: -0.2721
2025-07-04 04:56:38 - INFO - Epoch 575/600 finished. Average Training Loss: -0.5238
2025-07-04 04:57:00 - INFO - Epoch 576/600 finished. Average Training Loss: -0.3508
2025-07-04 04:57:23 - INFO - Epoch 577/600 finished. Average Training Loss: -0.5181
2025-07-04 04:57:46 - INFO - Epoch 578/600 finished. Average Training Loss: -0.5028
2025-07-04 04:58:09 - INFO - Epoch 579/600 finished. Average Training Loss: -0.3696
2025-07-04 04:58:32 - INFO - Epoch 580/600 finished. Average Training Loss: -0.3822
2025-07-04 04:58:32 - INFO - Saved checkpoint for epoch 580 to ./result/VNet_Multi_V3/Amos_90/Pth/model_epoch_580_checkpoint.pth
2025-07-04 04:58:55 - INFO - Epoch 581/600 finished. Average Training Loss: -0.3032
2025-07-04 04:59:18 - INFO - Epoch 582/600 finished. Average Training Loss: -0.3869
2025-07-04 04:59:42 - INFO - Epoch 583/600 finished. Average Training Loss: -0.4631
2025-07-04 05:00:08 - INFO - Epoch 584/600 finished. Average Training Loss: -0.3401
2025-07-04 05:00:30 - INFO - Epoch 585/600 finished. Average Training Loss: -0.4511
2025-07-04 05:00:54 - INFO - Epoch 586/600 finished. Average Training Loss: -0.4367
2025-07-04 05:01:17 - INFO - Epoch 587/600 finished. Average Training Loss: -0.4225
2025-07-04 05:01:39 - INFO - Epoch 588/600 finished. Average Training Loss: -0.4540
2025-07-04 05:02:02 - INFO - Epoch 589/600 finished. Average Training Loss: -0.3940
2025-07-04 05:02:25 - INFO - Epoch 590/600 finished. Average Training Loss: -0.3600
2025-07-04 05:02:48 - INFO - Epoch 591/600 finished. Average Training Loss: -0.3037
2025-07-04 05:03:13 - INFO - Epoch 592/600 finished. Average Training Loss: -0.5782
2025-07-04 05:03:38 - INFO - Epoch 593/600 finished. Average Training Loss: -0.4514
2025-07-04 05:04:01 - INFO - Epoch 594/600 finished. Average Training Loss: -0.3998
2025-07-04 05:04:24 - INFO - Epoch 595/600 finished. Average Training Loss: -0.4240
2025-07-04 05:04:47 - INFO - Epoch 596/600 finished. Average Training Loss: -0.3610
2025-07-04 05:05:09 - INFO - Epoch 597/600 finished. Average Training Loss: -0.5700
2025-07-04 05:05:32 - INFO - Epoch 598/600 finished. Average Training Loss: -0.2653
2025-07-04 05:05:55 - INFO - Epoch 599/600 finished. Average Training Loss: -0.3718
2025-07-04 05:06:19 - INFO - Epoch 600/600 finished. Average Training Loss: -0.4940
2025-07-04 05:06:19 - INFO - Saved checkpoint for epoch 600 to ./result/VNet_Multi_V3/Amos_90/Pth/model_epoch_600_checkpoint.pth
2025-07-04 05:06:19 - INFO - Training complete! Total duration: 3h 54m 12s
2025-07-04 05:06:19 - INFO - ======================================== Training Session Ended ========================================

