2025-07-01 18:55:22 - INFO - Logging is set up.
2025-07-01 18:55:22 - INFO - 
======================================== New Training Session Started ========================================
2025-07-01 18:55:22 - INFO - Logging is set up.
2025-07-01 18:55:22 - INFO - 
======================================== New Training Session Started ========================================
2025-07-01 18:55:22 - INFO - Initialized distributed training on GPU 0. World size: 2
2025-07-01 18:55:22 - INFO - Training configuration:
{
  "seed": 42,
  "epochs": 600,
  "batch_size": 6,
  "learning_rate": 0.001,
  "log_path": "./result/VNet_Multi_V2/Amos_180/Training.log",
  "pth_path": "./result/VNet_Multi_V2/Amos_180/Pth",
  "tensorboard_path": "./result/VNet_Multi_V2/Amos_180/Train",
  "continue_train": false,
  "multi_gpu": true,
  "training_num": 180,
  "dataset_path": "./datasets/AMOS",
  "num_classes": 16,
  "patch_size": [
    160,
    160,
    80
  ]
}
2025-07-01 18:55:22 - INFO - Creating new TensorBoard log directory: ./result/VNet_Multi_V2/Amos_180/Train/20250701-185522
2025-07-01 18:55:22 - INFO - Initializing AMOS dataset...
2025-07-01 18:55:22 - INFO - Initialized distributed training on GPU 1. World size: 2
2025-07-01 18:55:22 - INFO - Training configuration:
{
  "seed": 42,
  "epochs": 600,
  "batch_size": 6,
  "learning_rate": 0.001,
  "log_path": "./result/VNet_Multi_V2/Amos_180/Training.log",
  "pth_path": "./result/VNet_Multi_V2/Amos_180/Pth",
  "tensorboard_path": "./result/VNet_Multi_V2/Amos_180/Train",
  "continue_train": false,
  "multi_gpu": true,
  "training_num": 180,
  "dataset_path": "./datasets/AMOS",
  "num_classes": 16,
  "patch_size": [
    160,
    160,
    80
  ]
}
2025-07-01 18:55:22 - INFO - Initializing AMOS dataset...
2025-07-01 18:55:31 - INFO - Successfully loaded 180 training samples.
2025-07-01 18:55:31 - INFO - DataLoader created with batch size: 6, num_workers: 24, shuffle: False.
2025-07-01 18:55:31 - INFO - Initializing VNet model...
2025-07-01 18:55:31 - INFO - Successfully loaded 180 training samples.
2025-07-01 18:55:31 - INFO - DataLoader created with batch size: 6, num_workers: 24, shuffle: False.
2025-07-01 18:55:31 - INFO - Initializing VNet model...
2025-07-01 18:55:31 - INFO - Model VNet created with 16 classes and batch normalization.
2025-07-01 18:55:31 - INFO - Model VNet created with 16 classes and batch normalization.
2025-07-01 18:55:31 - INFO - Starting training from scratch.
2025-07-01 18:55:31 - INFO - Starting training from scratch.
2025-07-01 18:55:31 - INFO - Wrapped model with DistributedDataParallel (DDP).
2025-07-01 18:55:31 - INFO - Using loss function: UnifiedLoss with parameters: num_classes=16, lambda_reg=0.3, loss_weight=[1,1]
2025-07-01 18:55:31 - INFO - Wrapped model with DistributedDataParallel (DDP).
2025-07-01 18:55:31 - INFO - Using loss function: UnifiedLoss with parameters: num_classes=16, lambda_reg=0.3, loss_weight=[1,1]
2025-07-01 18:55:31 - INFO - Optimizer: AdamW with learning rate: 0.001, weight_decay: 0.01
2025-07-01 18:55:31 - INFO - Starting model training from epoch 1 to 600...
2025-07-01 18:55:31 - INFO - Optimizer: AdamW with learning rate: 0.001, weight_decay: 0.01
2025-07-01 18:55:31 - INFO - Starting model training from epoch 1 to 600...
2025-07-01 18:55:54 - INFO - Epoch 1/600 finished. Average Training Loss: 3.7751
2025-07-01 18:56:14 - INFO - Epoch 2/600 finished. Average Training Loss: 3.2775
2025-07-01 18:56:35 - INFO - Epoch 3/600 finished. Average Training Loss: 2.9642
2025-07-01 18:56:56 - INFO - Epoch 4/600 finished. Average Training Loss: 2.6565
2025-07-01 18:57:17 - INFO - Epoch 5/600 finished. Average Training Loss: 2.4275
2025-07-01 18:57:38 - INFO - Epoch 6/600 finished. Average Training Loss: 2.3107
2025-07-01 18:57:59 - INFO - Epoch 7/600 finished. Average Training Loss: 2.0262
2025-07-01 18:58:20 - INFO - Epoch 8/600 finished. Average Training Loss: 1.8423
2025-07-01 18:58:43 - INFO - Epoch 9/600 finished. Average Training Loss: 1.7059
2025-07-01 18:59:06 - INFO - Epoch 10/600 finished. Average Training Loss: 1.5269
2025-07-01 18:59:29 - INFO - Epoch 11/600 finished. Average Training Loss: 1.5453
2025-07-01 18:59:51 - INFO - Epoch 12/600 finished. Average Training Loss: 1.4287
2025-07-01 19:00:14 - INFO - Epoch 13/600 finished. Average Training Loss: 1.2898
2025-07-01 19:00:37 - INFO - Epoch 14/600 finished. Average Training Loss: 1.2243
2025-07-01 19:01:00 - INFO - Epoch 15/600 finished. Average Training Loss: 1.2793
2025-07-01 19:01:23 - INFO - Epoch 16/600 finished. Average Training Loss: 1.2312
2025-07-01 19:01:46 - INFO - Epoch 17/600 finished. Average Training Loss: 1.0772
2025-07-01 19:02:09 - INFO - Epoch 18/600 finished. Average Training Loss: 1.0544
2025-07-01 19:02:32 - INFO - Epoch 19/600 finished. Average Training Loss: 1.0438
2025-07-01 19:02:55 - INFO - Epoch 20/600 finished. Average Training Loss: 0.9587
2025-07-01 19:02:55 - INFO - Saved checkpoint for epoch 20 to ./result/VNet_Multi_V2/Amos_180/Pth/model_epoch_20_checkpoint.pth
2025-07-01 19:03:18 - INFO - Epoch 21/600 finished. Average Training Loss: 0.8854
2025-07-01 19:03:41 - INFO - Epoch 22/600 finished. Average Training Loss: 0.8521
2025-07-01 19:04:04 - INFO - Epoch 23/600 finished. Average Training Loss: 0.8727
2025-07-01 19:04:27 - INFO - Epoch 24/600 finished. Average Training Loss: 0.8413
2025-07-01 19:04:50 - INFO - Epoch 25/600 finished. Average Training Loss: 0.8440
2025-07-01 19:05:13 - INFO - Epoch 26/600 finished. Average Training Loss: 0.7636
2025-07-01 19:05:36 - INFO - Epoch 27/600 finished. Average Training Loss: 0.7352
2025-07-01 19:05:59 - INFO - Epoch 28/600 finished. Average Training Loss: 0.6804
2025-07-01 19:06:21 - INFO - Epoch 29/600 finished. Average Training Loss: 0.6481
2025-07-01 19:06:44 - INFO - Epoch 30/600 finished. Average Training Loss: 0.6607
2025-07-01 19:07:07 - INFO - Epoch 31/600 finished. Average Training Loss: 0.6898
2025-07-01 19:07:30 - INFO - Epoch 32/600 finished. Average Training Loss: 0.6287
2025-07-01 19:07:52 - INFO - Epoch 33/600 finished. Average Training Loss: 0.6127
2025-07-01 19:08:15 - INFO - Epoch 34/600 finished. Average Training Loss: 0.6596
2025-07-01 19:08:38 - INFO - Epoch 35/600 finished. Average Training Loss: 0.6403
2025-07-01 19:09:01 - INFO - Epoch 36/600 finished. Average Training Loss: 0.5206
2025-07-01 19:09:24 - INFO - Epoch 37/600 finished. Average Training Loss: 0.4837
2025-07-01 19:09:47 - INFO - Epoch 38/600 finished. Average Training Loss: 0.4958
2025-07-01 19:10:09 - INFO - Epoch 39/600 finished. Average Training Loss: 0.5335
2025-07-01 19:10:32 - INFO - Epoch 40/600 finished. Average Training Loss: 0.5485
2025-07-01 19:10:32 - INFO - Saved checkpoint for epoch 40 to ./result/VNet_Multi_V2/Amos_180/Pth/model_epoch_40_checkpoint.pth
2025-07-01 19:10:54 - INFO - Epoch 41/600 finished. Average Training Loss: 0.4674
2025-07-01 19:11:17 - INFO - Epoch 42/600 finished. Average Training Loss: 0.3494
2025-07-01 19:11:40 - INFO - Epoch 43/600 finished. Average Training Loss: 0.4803
2025-07-01 19:12:03 - INFO - Epoch 44/600 finished. Average Training Loss: 0.3648
2025-07-01 19:12:26 - INFO - Epoch 45/600 finished. Average Training Loss: 0.3445
2025-07-01 19:12:49 - INFO - Epoch 46/600 finished. Average Training Loss: 0.3870
2025-07-01 19:13:12 - INFO - Epoch 47/600 finished. Average Training Loss: 0.3540
2025-07-01 19:13:35 - INFO - Epoch 48/600 finished. Average Training Loss: 0.3588
2025-07-01 19:13:57 - INFO - Epoch 49/600 finished. Average Training Loss: 0.2389
2025-07-01 19:14:21 - INFO - Epoch 50/600 finished. Average Training Loss: 0.3587
2025-07-01 19:14:44 - INFO - Epoch 51/600 finished. Average Training Loss: 0.2553
2025-07-01 19:15:06 - INFO - Epoch 52/600 finished. Average Training Loss: 0.2092
2025-07-01 19:15:29 - INFO - Epoch 53/600 finished. Average Training Loss: 0.1562
2025-07-01 19:15:52 - INFO - Epoch 54/600 finished. Average Training Loss: 0.1765
2025-07-01 19:16:15 - INFO - Epoch 55/600 finished. Average Training Loss: 0.1709
2025-07-01 19:16:38 - INFO - Epoch 56/600 finished. Average Training Loss: 0.1882
2025-07-01 19:17:00 - INFO - Epoch 57/600 finished. Average Training Loss: 0.0847
2025-07-01 19:17:23 - INFO - Epoch 58/600 finished. Average Training Loss: 0.1349
2025-07-01 19:17:46 - INFO - Epoch 59/600 finished. Average Training Loss: 0.0982
2025-07-01 19:18:09 - INFO - Epoch 60/600 finished. Average Training Loss: 0.2395
2025-07-01 19:18:09 - INFO - Saved checkpoint for epoch 60 to ./result/VNet_Multi_V2/Amos_180/Pth/model_epoch_60_checkpoint.pth
2025-07-01 19:18:31 - INFO - Epoch 61/600 finished. Average Training Loss: 0.1234
2025-07-01 19:18:54 - INFO - Epoch 62/600 finished. Average Training Loss: 0.0513
2025-07-01 19:19:17 - INFO - Epoch 63/600 finished. Average Training Loss: 0.0930
2025-07-01 19:19:40 - INFO - Epoch 64/600 finished. Average Training Loss: 0.2804
2025-07-01 19:20:03 - INFO - Epoch 65/600 finished. Average Training Loss: -0.0091
2025-07-01 19:20:26 - INFO - Epoch 66/600 finished. Average Training Loss: 0.0017
2025-07-01 19:20:49 - INFO - Epoch 67/600 finished. Average Training Loss: 0.8705
2025-07-01 19:21:11 - INFO - Epoch 68/600 finished. Average Training Loss: 0.2055
2025-07-01 19:21:34 - INFO - Epoch 69/600 finished. Average Training Loss: -0.0337
2025-07-01 19:21:57 - INFO - Epoch 70/600 finished. Average Training Loss: 0.0839
2025-07-01 19:22:19 - INFO - Epoch 71/600 finished. Average Training Loss: -0.0938
2025-07-01 19:22:43 - INFO - Epoch 72/600 finished. Average Training Loss: -0.0743
2025-07-01 19:23:06 - INFO - Epoch 73/600 finished. Average Training Loss: -0.0964
2025-07-01 19:23:28 - INFO - Epoch 74/600 finished. Average Training Loss: -0.0353
2025-07-01 19:23:51 - INFO - Epoch 75/600 finished. Average Training Loss: -0.1430
2025-07-01 19:24:14 - INFO - Epoch 76/600 finished. Average Training Loss: -0.2278
2025-07-01 19:24:37 - INFO - Epoch 77/600 finished. Average Training Loss: 0.1439
2025-07-01 19:25:00 - INFO - Epoch 78/600 finished. Average Training Loss: -0.2340
2025-07-01 19:25:23 - INFO - Epoch 79/600 finished. Average Training Loss: -0.2510
2025-07-01 19:25:46 - INFO - Epoch 80/600 finished. Average Training Loss: 0.7915
2025-07-01 19:25:46 - INFO - Saved checkpoint for epoch 80 to ./result/VNet_Multi_V2/Amos_180/Pth/model_epoch_80_checkpoint.pth
2025-07-01 19:26:09 - INFO - Epoch 81/600 finished. Average Training Loss: 0.1141
2025-07-01 19:26:32 - INFO - Epoch 82/600 finished. Average Training Loss: -0.0243
2025-07-01 19:26:55 - INFO - Epoch 83/600 finished. Average Training Loss: -0.0914
2025-07-01 19:27:18 - INFO - Epoch 84/600 finished. Average Training Loss: -0.0984
2025-07-01 19:27:41 - INFO - Epoch 85/600 finished. Average Training Loss: -0.1783
2025-07-01 19:28:04 - INFO - Epoch 86/600 finished. Average Training Loss: -0.2149
2025-07-01 19:28:27 - INFO - Epoch 87/600 finished. Average Training Loss: -0.1838
2025-07-01 19:28:50 - INFO - Epoch 88/600 finished. Average Training Loss: -0.1358
2025-07-01 19:29:13 - INFO - Epoch 89/600 finished. Average Training Loss: 0.3143
2025-07-01 19:29:36 - INFO - Epoch 90/600 finished. Average Training Loss: -0.2770
2025-07-01 19:29:59 - INFO - Epoch 91/600 finished. Average Training Loss: -0.2673
2025-07-01 19:30:21 - INFO - Epoch 92/600 finished. Average Training Loss: -0.1972
2025-07-01 19:30:44 - INFO - Epoch 93/600 finished. Average Training Loss: -0.2736
2025-07-01 19:31:07 - INFO - Epoch 94/600 finished. Average Training Loss: -0.2979
2025-07-01 19:31:30 - INFO - Epoch 95/600 finished. Average Training Loss: -0.3391
2025-07-01 19:31:53 - INFO - Epoch 96/600 finished. Average Training Loss: 0.3206
2025-07-01 19:32:16 - INFO - Epoch 97/600 finished. Average Training Loss: -0.2638
2025-07-01 19:32:39 - INFO - Epoch 98/600 finished. Average Training Loss: -0.4021
2025-07-01 19:33:02 - INFO - Epoch 99/600 finished. Average Training Loss: -0.3080
2025-07-01 19:33:24 - INFO - Epoch 100/600 finished. Average Training Loss: -0.3574
2025-07-01 19:33:24 - INFO - Saved checkpoint for epoch 100 to ./result/VNet_Multi_V2/Amos_180/Pth/model_epoch_100_checkpoint.pth
2025-07-01 19:33:47 - INFO - Epoch 101/600 finished. Average Training Loss: -0.1932
2025-07-01 19:34:10 - INFO - Epoch 102/600 finished. Average Training Loss: -0.3287
2025-07-01 19:34:33 - INFO - Epoch 103/600 finished. Average Training Loss: -0.2874
2025-07-01 19:34:56 - INFO - Epoch 104/600 finished. Average Training Loss: -0.3279
2025-07-01 19:35:19 - INFO - Epoch 105/600 finished. Average Training Loss: -0.1575
2025-07-01 19:35:42 - INFO - Epoch 106/600 finished. Average Training Loss: -0.3137
2025-07-01 19:36:05 - INFO - Epoch 107/600 finished. Average Training Loss: -0.2028
2025-07-01 19:36:28 - INFO - Epoch 108/600 finished. Average Training Loss: -0.1435
2025-07-01 19:36:51 - INFO - Epoch 109/600 finished. Average Training Loss: -0.3467
2025-07-01 19:37:13 - INFO - Epoch 110/600 finished. Average Training Loss: -0.3149
2025-07-01 19:37:36 - INFO - Epoch 111/600 finished. Average Training Loss: 0.5191
2025-07-01 19:37:59 - INFO - Epoch 112/600 finished. Average Training Loss: -0.3752
2025-07-01 19:38:22 - INFO - Epoch 113/600 finished. Average Training Loss: -0.0003
2025-07-01 19:38:44 - INFO - Epoch 114/600 finished. Average Training Loss: -0.3008
2025-07-01 19:39:07 - INFO - Epoch 115/600 finished. Average Training Loss: -0.3723
2025-07-01 19:39:30 - INFO - Epoch 116/600 finished. Average Training Loss: -0.3021
2025-07-01 19:39:53 - INFO - Epoch 117/600 finished. Average Training Loss: -0.1117
2025-07-01 19:40:15 - INFO - Epoch 118/600 finished. Average Training Loss: 0.8402
2025-07-01 19:40:37 - INFO - Epoch 119/600 finished. Average Training Loss: 0.3621
2025-07-01 19:40:58 - INFO - Epoch 120/600 finished. Average Training Loss: -0.4498
2025-07-01 19:40:58 - INFO - Saved checkpoint for epoch 120 to ./result/VNet_Multi_V2/Amos_180/Pth/model_epoch_120_checkpoint.pth
2025-07-01 19:41:19 - INFO - Epoch 121/600 finished. Average Training Loss: -0.3231
2025-07-01 19:41:40 - INFO - Epoch 122/600 finished. Average Training Loss: -0.4441
2025-07-01 19:42:01 - INFO - Epoch 123/600 finished. Average Training Loss: -0.5115
2025-07-01 19:42:22 - INFO - Epoch 124/600 finished. Average Training Loss: 1.8581
2025-07-01 19:42:44 - INFO - Epoch 125/600 finished. Average Training Loss: -0.0750
2025-07-01 19:43:05 - INFO - Epoch 126/600 finished. Average Training Loss: -0.1638
2025-07-01 19:43:26 - INFO - Epoch 127/600 finished. Average Training Loss: -0.2843
2025-07-01 19:43:47 - INFO - Epoch 128/600 finished. Average Training Loss: -0.3381
2025-07-01 19:44:08 - INFO - Epoch 129/600 finished. Average Training Loss: -0.5211
2025-07-01 19:44:30 - INFO - Epoch 130/600 finished. Average Training Loss: 1.1889
2025-07-01 19:44:51 - INFO - Epoch 131/600 finished. Average Training Loss: -0.4914
2025-07-01 19:45:12 - INFO - Epoch 132/600 finished. Average Training Loss: 67.0652
2025-07-01 19:45:33 - INFO - Epoch 133/600 finished. Average Training Loss: 0.8261
2025-07-01 19:45:54 - INFO - Epoch 134/600 finished. Average Training Loss: -0.5342
2025-07-01 19:46:16 - INFO - Epoch 135/600 finished. Average Training Loss: -0.4886
2025-07-01 19:46:37 - INFO - Epoch 136/600 finished. Average Training Loss: -0.5427
2025-07-01 19:46:58 - INFO - Epoch 137/600 finished. Average Training Loss: -0.5008
2025-07-01 19:47:20 - INFO - Epoch 138/600 finished. Average Training Loss: -0.5208
2025-07-01 19:47:41 - INFO - Epoch 139/600 finished. Average Training Loss: -0.2172
2025-07-01 19:48:02 - INFO - Epoch 140/600 finished. Average Training Loss: -0.2680
2025-07-01 19:48:02 - INFO - Saved checkpoint for epoch 140 to ./result/VNet_Multi_V2/Amos_180/Pth/model_epoch_140_checkpoint.pth
2025-07-01 19:48:24 - INFO - Epoch 141/600 finished. Average Training Loss: -0.4496
2025-07-01 19:48:45 - INFO - Epoch 142/600 finished. Average Training Loss: -0.5318
2025-07-01 19:49:06 - INFO - Epoch 143/600 finished. Average Training Loss: -0.5070
2025-07-01 19:49:27 - INFO - Epoch 144/600 finished. Average Training Loss: -0.3512
2025-07-01 19:49:48 - INFO - Epoch 145/600 finished. Average Training Loss: -0.3352
2025-07-01 19:50:10 - INFO - Epoch 146/600 finished. Average Training Loss: -0.5650
2025-07-01 19:50:31 - INFO - Epoch 147/600 finished. Average Training Loss: 2.2865
2025-07-01 19:50:54 - INFO - Epoch 148/600 finished. Average Training Loss: -0.4060
2025-07-01 19:51:16 - INFO - Epoch 149/600 finished. Average Training Loss: -0.3330
2025-07-01 19:51:39 - INFO - Epoch 150/600 finished. Average Training Loss: 4.5290
2025-07-01 19:52:02 - INFO - Epoch 151/600 finished. Average Training Loss: -0.1874
2025-07-01 19:52:25 - INFO - Epoch 152/600 finished. Average Training Loss: -0.5071
2025-07-01 19:52:48 - INFO - Epoch 153/600 finished. Average Training Loss: -0.4631
2025-07-01 19:53:11 - INFO - Epoch 154/600 finished. Average Training Loss: 1.2994
2025-07-01 19:53:34 - INFO - Epoch 155/600 finished. Average Training Loss: -0.5740
2025-07-01 19:53:57 - INFO - Epoch 156/600 finished. Average Training Loss: -0.3791
2025-07-01 19:54:20 - INFO - Epoch 157/600 finished. Average Training Loss: 0.9545
2025-07-01 19:54:43 - INFO - Epoch 158/600 finished. Average Training Loss: -0.6173
2025-07-01 19:55:06 - INFO - Epoch 159/600 finished. Average Training Loss: 0.5875
2025-07-01 19:55:29 - INFO - Epoch 160/600 finished. Average Training Loss: -0.5107
2025-07-01 19:55:29 - INFO - Saved checkpoint for epoch 160 to ./result/VNet_Multi_V2/Amos_180/Pth/model_epoch_160_checkpoint.pth
2025-07-01 19:55:52 - INFO - Epoch 161/600 finished. Average Training Loss: 0.0922
2025-07-01 19:56:15 - INFO - Epoch 162/600 finished. Average Training Loss: -0.4928
2025-07-01 19:56:38 - INFO - Epoch 163/600 finished. Average Training Loss: -0.5863
2025-07-01 19:57:01 - INFO - Epoch 164/600 finished. Average Training Loss: -0.5981
2025-07-01 19:57:24 - INFO - Epoch 165/600 finished. Average Training Loss: -0.0317
2025-07-01 19:57:47 - INFO - Epoch 166/600 finished. Average Training Loss: -0.5672
2025-07-01 19:58:10 - INFO - Epoch 167/600 finished. Average Training Loss: 0.7990
2025-07-01 19:58:33 - INFO - Epoch 168/600 finished. Average Training Loss: -0.3180
2025-07-01 19:58:56 - INFO - Epoch 169/600 finished. Average Training Loss: -0.4606
2025-07-01 19:59:19 - INFO - Epoch 170/600 finished. Average Training Loss: -0.4571
2025-07-01 19:59:42 - INFO - Epoch 171/600 finished. Average Training Loss: -0.2263
2025-07-01 20:00:05 - INFO - Epoch 172/600 finished. Average Training Loss: -0.1557
2025-07-01 20:00:28 - INFO - Epoch 173/600 finished. Average Training Loss: -0.5860
2025-07-01 20:00:51 - INFO - Epoch 174/600 finished. Average Training Loss: -0.4935
2025-07-01 20:01:14 - INFO - Epoch 175/600 finished. Average Training Loss: 0.8030
2025-07-01 20:01:37 - INFO - Epoch 176/600 finished. Average Training Loss: 0.6090
2025-07-01 20:02:00 - INFO - Epoch 177/600 finished. Average Training Loss: -0.4313
2025-07-01 20:02:23 - INFO - Epoch 178/600 finished. Average Training Loss: -0.3195
2025-07-01 20:02:46 - INFO - Epoch 179/600 finished. Average Training Loss: 0.2273
2025-07-01 20:03:09 - INFO - Epoch 180/600 finished. Average Training Loss: -0.2939
2025-07-01 20:03:09 - INFO - Saved checkpoint for epoch 180 to ./result/VNet_Multi_V2/Amos_180/Pth/model_epoch_180_checkpoint.pth
2025-07-01 20:03:32 - INFO - Epoch 181/600 finished. Average Training Loss: -0.5412
2025-07-01 20:03:55 - INFO - Epoch 182/600 finished. Average Training Loss: -0.3721
2025-07-01 20:04:17 - INFO - Epoch 183/600 finished. Average Training Loss: -0.4507
2025-07-01 20:04:40 - INFO - Epoch 184/600 finished. Average Training Loss: 1.1312
2025-07-01 20:05:03 - INFO - Epoch 185/600 finished. Average Training Loss: -0.5100
2025-07-01 20:05:25 - INFO - Epoch 186/600 finished. Average Training Loss: -0.4772
2025-07-01 20:05:48 - INFO - Epoch 187/600 finished. Average Training Loss: 12.5690
2025-07-01 20:06:11 - INFO - Epoch 188/600 finished. Average Training Loss: -0.5301
2025-07-01 20:06:34 - INFO - Epoch 189/600 finished. Average Training Loss: -0.6087
2025-07-01 20:06:57 - INFO - Epoch 190/600 finished. Average Training Loss: -0.2902
2025-07-01 20:07:20 - INFO - Epoch 191/600 finished. Average Training Loss: -0.4944
2025-07-01 20:07:43 - INFO - Epoch 192/600 finished. Average Training Loss: -0.4520
2025-07-01 20:08:05 - INFO - Epoch 193/600 finished. Average Training Loss: 0.4166
2025-07-01 20:08:28 - INFO - Epoch 194/600 finished. Average Training Loss: -0.2477
2025-07-01 20:08:51 - INFO - Epoch 195/600 finished. Average Training Loss: -0.6091
2025-07-01 20:09:14 - INFO - Epoch 196/600 finished. Average Training Loss: -0.3859
2025-07-01 20:09:37 - INFO - Epoch 197/600 finished. Average Training Loss: -0.5987
2025-07-01 20:09:59 - INFO - Epoch 198/600 finished. Average Training Loss: -0.3433
2025-07-01 20:10:23 - INFO - Epoch 199/600 finished. Average Training Loss: -0.5297
2025-07-01 20:10:46 - INFO - Epoch 200/600 finished. Average Training Loss: -0.5204
2025-07-01 20:10:46 - INFO - Saved checkpoint for epoch 200 to ./result/VNet_Multi_V2/Amos_180/Pth/model_epoch_200_checkpoint.pth
2025-07-01 20:11:08 - INFO - Epoch 201/600 finished. Average Training Loss: 0.1896
2025-07-01 20:11:31 - INFO - Epoch 202/600 finished. Average Training Loss: -0.0744
2025-07-01 20:11:54 - INFO - Epoch 203/600 finished. Average Training Loss: -0.6365
2025-07-01 20:12:17 - INFO - Epoch 204/600 finished. Average Training Loss: -0.6690
2025-07-01 20:12:40 - INFO - Epoch 205/600 finished. Average Training Loss: -0.6248
2025-07-01 20:13:03 - INFO - Epoch 206/600 finished. Average Training Loss: -0.6017
2025-07-01 20:13:26 - INFO - Epoch 207/600 finished. Average Training Loss: -0.4897
2025-07-01 20:13:49 - INFO - Epoch 208/600 finished. Average Training Loss: 1.2578
2025-07-01 20:14:12 - INFO - Epoch 209/600 finished. Average Training Loss: -0.3972
2025-07-01 20:14:36 - INFO - Epoch 210/600 finished. Average Training Loss: -0.6150
2025-07-01 20:14:58 - INFO - Epoch 211/600 finished. Average Training Loss: -0.6160
2025-07-01 20:15:21 - INFO - Epoch 212/600 finished. Average Training Loss: -0.5384
2025-07-01 20:15:44 - INFO - Epoch 213/600 finished. Average Training Loss: 0.3289
2025-07-01 20:16:07 - INFO - Epoch 214/600 finished. Average Training Loss: -0.3622
2025-07-01 20:16:30 - INFO - Epoch 215/600 finished. Average Training Loss: -0.5958
2025-07-01 20:16:53 - INFO - Epoch 216/600 finished. Average Training Loss: -0.2185
2025-07-01 20:17:16 - INFO - Epoch 217/600 finished. Average Training Loss: -0.4355
2025-07-01 20:17:39 - INFO - Epoch 218/600 finished. Average Training Loss: 0.1602
2025-07-01 20:18:02 - INFO - Epoch 219/600 finished. Average Training Loss: -0.5933
2025-07-01 20:18:25 - INFO - Epoch 220/600 finished. Average Training Loss: -0.2533
2025-07-01 20:18:25 - INFO - Saved checkpoint for epoch 220 to ./result/VNet_Multi_V2/Amos_180/Pth/model_epoch_220_checkpoint.pth
2025-07-01 20:18:48 - INFO - Epoch 221/600 finished. Average Training Loss: -0.3530
2025-07-01 20:19:11 - INFO - Epoch 222/600 finished. Average Training Loss: -0.0588
2025-07-01 20:19:33 - INFO - Epoch 223/600 finished. Average Training Loss: -0.6756
2025-07-01 20:19:56 - INFO - Epoch 224/600 finished. Average Training Loss: -0.5124
2025-07-01 20:20:19 - INFO - Epoch 225/600 finished. Average Training Loss: -0.6265
2025-07-01 20:20:42 - INFO - Epoch 226/600 finished. Average Training Loss: 0.2919
2025-07-01 20:21:05 - INFO - Epoch 227/600 finished. Average Training Loss: 1.2634
2025-07-01 20:21:28 - INFO - Epoch 228/600 finished. Average Training Loss: 0.0051
2025-07-01 20:21:50 - INFO - Epoch 229/600 finished. Average Training Loss: -0.3216
2025-07-01 20:22:13 - INFO - Epoch 230/600 finished. Average Training Loss: -0.5672
2025-07-01 20:22:36 - INFO - Epoch 231/600 finished. Average Training Loss: 0.1500
2025-07-01 20:22:59 - INFO - Epoch 232/600 finished. Average Training Loss: -0.6750
2025-07-01 20:23:22 - INFO - Epoch 233/600 finished. Average Training Loss: -0.7251
2025-07-01 20:23:44 - INFO - Epoch 234/600 finished. Average Training Loss: 0.6955
2025-07-01 20:24:07 - INFO - Epoch 235/600 finished. Average Training Loss: -0.4891
2025-07-01 20:24:30 - INFO - Epoch 236/600 finished. Average Training Loss: 0.0765
2025-07-01 20:24:53 - INFO - Epoch 237/600 finished. Average Training Loss: -0.4202
2025-07-01 20:25:16 - INFO - Epoch 238/600 finished. Average Training Loss: -0.4296
2025-07-01 20:25:39 - INFO - Epoch 239/600 finished. Average Training Loss: -0.3602
2025-07-01 20:26:02 - INFO - Epoch 240/600 finished. Average Training Loss: -0.5728
2025-07-01 20:26:02 - INFO - Saved checkpoint for epoch 240 to ./result/VNet_Multi_V2/Amos_180/Pth/model_epoch_240_checkpoint.pth
2025-07-01 20:26:24 - INFO - Epoch 241/600 finished. Average Training Loss: 0.4075
2025-07-01 20:26:47 - INFO - Epoch 242/600 finished. Average Training Loss: -0.3194
2025-07-01 20:27:10 - INFO - Epoch 243/600 finished. Average Training Loss: 0.7165
2025-07-01 20:27:33 - INFO - Epoch 244/600 finished. Average Training Loss: -0.4814
2025-07-01 20:27:56 - INFO - Epoch 245/600 finished. Average Training Loss: -0.2618
2025-07-01 20:28:19 - INFO - Epoch 246/600 finished. Average Training Loss: -0.6152
2025-07-01 20:28:42 - INFO - Epoch 247/600 finished. Average Training Loss: -0.5497
2025-07-01 20:29:05 - INFO - Epoch 248/600 finished. Average Training Loss: -0.0096
2025-07-01 20:29:28 - INFO - Epoch 249/600 finished. Average Training Loss: -0.6123
2025-07-01 20:29:51 - INFO - Epoch 250/600 finished. Average Training Loss: -0.6437
2025-07-01 20:30:14 - INFO - Epoch 251/600 finished. Average Training Loss: 0.3885
2025-07-01 20:30:37 - INFO - Epoch 252/600 finished. Average Training Loss: -0.6744
2025-07-01 20:31:00 - INFO - Epoch 253/600 finished. Average Training Loss: -0.7253
2025-07-01 20:31:23 - INFO - Epoch 254/600 finished. Average Training Loss: -0.5509
2025-07-01 20:31:46 - INFO - Epoch 255/600 finished. Average Training Loss: -0.7143
2025-07-01 20:32:09 - INFO - Epoch 256/600 finished. Average Training Loss: -0.5079
2025-07-01 20:32:31 - INFO - Epoch 257/600 finished. Average Training Loss: -0.6105
2025-07-01 20:32:53 - INFO - Epoch 258/600 finished. Average Training Loss: -0.7139
2025-07-01 20:33:14 - INFO - Epoch 259/600 finished. Average Training Loss: -0.6857
2025-07-01 20:33:35 - INFO - Epoch 260/600 finished. Average Training Loss: -0.2746
2025-07-01 20:33:35 - INFO - Saved checkpoint for epoch 260 to ./result/VNet_Multi_V2/Amos_180/Pth/model_epoch_260_checkpoint.pth
2025-07-01 20:33:56 - INFO - Epoch 261/600 finished. Average Training Loss: -0.4492
2025-07-01 20:34:17 - INFO - Epoch 262/600 finished. Average Training Loss: 3.2897
2025-07-01 20:34:39 - INFO - Epoch 263/600 finished. Average Training Loss: -0.2040
2025-07-01 20:35:00 - INFO - Epoch 264/600 finished. Average Training Loss: -0.6577
2025-07-01 20:35:21 - INFO - Epoch 265/600 finished. Average Training Loss: -0.1469
2025-07-01 20:35:43 - INFO - Epoch 266/600 finished. Average Training Loss: 0.0151
2025-07-01 20:36:04 - INFO - Epoch 267/600 finished. Average Training Loss: -0.6467
2025-07-01 20:36:25 - INFO - Epoch 268/600 finished. Average Training Loss: -0.6786
2025-07-01 20:36:47 - INFO - Epoch 269/600 finished. Average Training Loss: -0.6313
2025-07-01 20:37:08 - INFO - Epoch 270/600 finished. Average Training Loss: 0.0119
2025-07-01 20:37:29 - INFO - Epoch 271/600 finished. Average Training Loss: 5.5356
2025-07-01 20:37:50 - INFO - Epoch 272/600 finished. Average Training Loss: 0.2523
2025-07-01 20:38:12 - INFO - Epoch 273/600 finished. Average Training Loss: -0.0240
2025-07-01 20:38:33 - INFO - Epoch 274/600 finished. Average Training Loss: 0.1525
2025-07-01 20:38:54 - INFO - Epoch 275/600 finished. Average Training Loss: -0.5320
2025-07-01 20:39:15 - INFO - Epoch 276/600 finished. Average Training Loss: -0.6918
2025-07-01 20:39:36 - INFO - Epoch 277/600 finished. Average Training Loss: -0.6594
2025-07-01 20:39:57 - INFO - Epoch 278/600 finished. Average Training Loss: 0.8823
2025-07-01 20:40:18 - INFO - Epoch 279/600 finished. Average Training Loss: -0.6637
2025-07-01 20:40:39 - INFO - Epoch 280/600 finished. Average Training Loss: -0.7072
2025-07-01 20:40:40 - INFO - Saved checkpoint for epoch 280 to ./result/VNet_Multi_V2/Amos_180/Pth/model_epoch_280_checkpoint.pth
2025-07-01 20:41:00 - INFO - Epoch 281/600 finished. Average Training Loss: 0.4174
2025-07-01 20:41:22 - INFO - Epoch 282/600 finished. Average Training Loss: -0.5225
2025-07-01 20:41:43 - INFO - Epoch 283/600 finished. Average Training Loss: -0.6190
2025-07-01 20:42:04 - INFO - Epoch 284/600 finished. Average Training Loss: -0.8085
2025-07-01 20:42:24 - INFO - Epoch 285/600 finished. Average Training Loss: -0.7934
2025-07-01 20:42:46 - INFO - Epoch 286/600 finished. Average Training Loss: -0.6881
2025-07-01 20:43:07 - INFO - Epoch 287/600 finished. Average Training Loss: -0.5317
2025-07-01 20:43:28 - INFO - Epoch 288/600 finished. Average Training Loss: 0.8128
2025-07-01 20:43:49 - INFO - Epoch 289/600 finished. Average Training Loss: -0.6631
2025-07-01 20:44:10 - INFO - Epoch 290/600 finished. Average Training Loss: -0.1712
2025-07-01 20:44:32 - INFO - Epoch 291/600 finished. Average Training Loss: 0.1800
2025-07-01 20:44:53 - INFO - Epoch 292/600 finished. Average Training Loss: -0.6057
2025-07-01 20:45:14 - INFO - Epoch 293/600 finished. Average Training Loss: -0.5530
2025-07-01 20:45:35 - INFO - Epoch 294/600 finished. Average Training Loss: -0.5445
2025-07-01 20:45:56 - INFO - Epoch 295/600 finished. Average Training Loss: 0.4429
2025-07-01 20:46:17 - INFO - Epoch 296/600 finished. Average Training Loss: -0.6996
2025-07-01 20:46:38 - INFO - Epoch 297/600 finished. Average Training Loss: -0.7529
2025-07-01 20:46:59 - INFO - Epoch 298/600 finished. Average Training Loss: -0.7766
2025-07-01 20:47:21 - INFO - Epoch 299/600 finished. Average Training Loss: -0.4269
2025-07-01 20:47:42 - INFO - Epoch 300/600 finished. Average Training Loss: 0.8184
2025-07-01 20:47:42 - INFO - Saved checkpoint for epoch 300 to ./result/VNet_Multi_V2/Amos_180/Pth/model_epoch_300_checkpoint.pth
2025-07-01 20:48:03 - INFO - Epoch 301/600 finished. Average Training Loss: -0.2653
2025-07-01 20:48:25 - INFO - Epoch 302/600 finished. Average Training Loss: 0.6850
2025-07-01 20:48:46 - INFO - Epoch 303/600 finished. Average Training Loss: -0.7456
2025-07-01 20:49:07 - INFO - Epoch 304/600 finished. Average Training Loss: -0.8228
2025-07-01 20:49:28 - INFO - Epoch 305/600 finished. Average Training Loss: 1.2753
2025-07-01 20:49:49 - INFO - Epoch 306/600 finished. Average Training Loss: -0.6798
2025-07-01 20:50:10 - INFO - Epoch 307/600 finished. Average Training Loss: -0.7935
2025-07-01 20:50:31 - INFO - Epoch 308/600 finished. Average Training Loss: 0.4236
2025-07-01 20:50:53 - INFO - Epoch 309/600 finished. Average Training Loss: -0.4876
2025-07-01 20:51:14 - INFO - Epoch 310/600 finished. Average Training Loss: -0.1101
2025-07-01 20:51:35 - INFO - Epoch 311/600 finished. Average Training Loss: 0.7779
2025-07-01 20:51:56 - INFO - Epoch 312/600 finished. Average Training Loss: -0.7620
2025-07-01 20:52:17 - INFO - Epoch 313/600 finished. Average Training Loss: -0.7127
2025-07-01 20:52:38 - INFO - Epoch 314/600 finished. Average Training Loss: 3.3599
2025-07-01 20:52:59 - INFO - Epoch 315/600 finished. Average Training Loss: 0.1501
2025-07-01 20:53:20 - INFO - Epoch 316/600 finished. Average Training Loss: -0.6166
2025-07-01 20:53:41 - INFO - Epoch 317/600 finished. Average Training Loss: -0.8421
2025-07-01 20:54:02 - INFO - Epoch 318/600 finished. Average Training Loss: 1.0470
2025-07-01 20:54:24 - INFO - Epoch 319/600 finished. Average Training Loss: -0.5440
2025-07-01 20:54:45 - INFO - Epoch 320/600 finished. Average Training Loss: -0.6685
2025-07-01 20:54:45 - INFO - Saved checkpoint for epoch 320 to ./result/VNet_Multi_V2/Amos_180/Pth/model_epoch_320_checkpoint.pth
2025-07-01 20:55:06 - INFO - Epoch 321/600 finished. Average Training Loss: 17.3317
2025-07-01 20:55:28 - INFO - Epoch 322/600 finished. Average Training Loss: -0.8118
2025-07-01 20:55:49 - INFO - Epoch 323/600 finished. Average Training Loss: -0.8307
2025-07-01 20:56:10 - INFO - Epoch 324/600 finished. Average Training Loss: -0.7487
2025-07-01 20:56:31 - INFO - Epoch 325/600 finished. Average Training Loss: -0.5650
2025-07-01 20:56:52 - INFO - Epoch 326/600 finished. Average Training Loss: 0.3542
2025-07-01 20:57:13 - INFO - Epoch 327/600 finished. Average Training Loss: -0.8098
2025-07-01 20:57:34 - INFO - Epoch 328/600 finished. Average Training Loss: -0.6000
2025-07-01 20:57:56 - INFO - Epoch 329/600 finished. Average Training Loss: -0.0524
2025-07-01 20:58:17 - INFO - Epoch 330/600 finished. Average Training Loss: 0.7398
2025-07-01 20:58:39 - INFO - Epoch 331/600 finished. Average Training Loss: -0.6872
2025-07-01 20:59:00 - INFO - Epoch 332/600 finished. Average Training Loss: -0.5054
2025-07-01 20:59:21 - INFO - Epoch 333/600 finished. Average Training Loss: 0.3252
2025-07-01 20:59:42 - INFO - Epoch 334/600 finished. Average Training Loss: -0.4896
2025-07-01 21:00:03 - INFO - Epoch 335/600 finished. Average Training Loss: -0.8564
2025-07-01 21:00:24 - INFO - Epoch 336/600 finished. Average Training Loss: -0.6567
2025-07-01 21:00:45 - INFO - Epoch 337/600 finished. Average Training Loss: -0.1313
2025-07-01 21:01:07 - INFO - Epoch 338/600 finished. Average Training Loss: 0.2706
2025-07-01 21:01:28 - INFO - Epoch 339/600 finished. Average Training Loss: -0.2842
2025-07-01 21:01:49 - INFO - Epoch 340/600 finished. Average Training Loss: -0.5662
2025-07-01 21:01:49 - INFO - Saved checkpoint for epoch 340 to ./result/VNet_Multi_V2/Amos_180/Pth/model_epoch_340_checkpoint.pth
2025-07-01 21:02:09 - INFO - Epoch 341/600 finished. Average Training Loss: -0.6541
2025-07-01 21:02:31 - INFO - Epoch 342/600 finished. Average Training Loss: 1.4197
2025-07-01 21:02:52 - INFO - Epoch 343/600 finished. Average Training Loss: -0.7974
2025-07-01 21:03:13 - INFO - Epoch 344/600 finished. Average Training Loss: -0.4783
2025-07-01 21:03:34 - INFO - Epoch 345/600 finished. Average Training Loss: 0.4397
2025-07-01 21:03:55 - INFO - Epoch 346/600 finished. Average Training Loss: -0.8024
2025-07-01 21:04:16 - INFO - Epoch 347/600 finished. Average Training Loss: -0.4410
2025-07-01 21:04:37 - INFO - Epoch 348/600 finished. Average Training Loss: -0.7286
2025-07-01 21:04:59 - INFO - Epoch 349/600 finished. Average Training Loss: -0.5861
2025-07-01 21:05:20 - INFO - Epoch 350/600 finished. Average Training Loss: 0.0331
2025-07-01 21:05:41 - INFO - Epoch 351/600 finished. Average Training Loss: 1.5388
2025-07-01 21:06:02 - INFO - Epoch 352/600 finished. Average Training Loss: 0.4348
2025-07-01 21:06:23 - INFO - Epoch 353/600 finished. Average Training Loss: -0.8163
2025-07-01 21:06:44 - INFO - Epoch 354/600 finished. Average Training Loss: 1.1800
2025-07-01 21:07:06 - INFO - Epoch 355/600 finished. Average Training Loss: -0.7709
2025-07-01 21:07:27 - INFO - Epoch 356/600 finished. Average Training Loss: -0.7950
2025-07-01 21:07:48 - INFO - Epoch 357/600 finished. Average Training Loss: -0.8721
2025-07-01 21:08:10 - INFO - Epoch 358/600 finished. Average Training Loss: -0.6639
2025-07-01 21:08:31 - INFO - Epoch 359/600 finished. Average Training Loss: -0.8150
2025-07-01 21:08:52 - INFO - Epoch 360/600 finished. Average Training Loss: -0.4273
2025-07-01 21:08:52 - INFO - Saved checkpoint for epoch 360 to ./result/VNet_Multi_V2/Amos_180/Pth/model_epoch_360_checkpoint.pth
2025-07-01 21:09:13 - INFO - Epoch 361/600 finished. Average Training Loss: 0.7113
2025-07-01 21:09:34 - INFO - Epoch 362/600 finished. Average Training Loss: -0.7952
2025-07-01 21:09:55 - INFO - Epoch 363/600 finished. Average Training Loss: -0.9071
2025-07-01 21:10:16 - INFO - Epoch 364/600 finished. Average Training Loss: -0.8245
2025-07-01 21:10:37 - INFO - Epoch 365/600 finished. Average Training Loss: -0.4774
2025-07-01 21:10:58 - INFO - Epoch 366/600 finished. Average Training Loss: 64.6850
2025-07-01 21:11:19 - INFO - Epoch 367/600 finished. Average Training Loss: -0.8024
2025-07-01 21:11:40 - INFO - Epoch 368/600 finished. Average Training Loss: -0.4454
2025-07-01 21:12:02 - INFO - Epoch 369/600 finished. Average Training Loss: 0.7630
2025-07-01 21:12:23 - INFO - Epoch 370/600 finished. Average Training Loss: -0.8552
2025-07-01 21:12:44 - INFO - Epoch 371/600 finished. Average Training Loss: -0.8097
2025-07-01 21:13:05 - INFO - Epoch 372/600 finished. Average Training Loss: -0.5828
2025-07-01 21:13:26 - INFO - Epoch 373/600 finished. Average Training Loss: -0.0782
2025-07-01 21:13:47 - INFO - Epoch 374/600 finished. Average Training Loss: -0.7831
2025-07-01 21:14:08 - INFO - Epoch 375/600 finished. Average Training Loss: 0.7682
