2025-05-23 17:56:01 - INFO - Logging is set up.
2025-05-23 17:56:01 - INFO - 训练配置参数:
{'seed': 42, 'epochs': 1000, 'batch_size': 5, 'num_classes': 2, 'learning_rate': 0.001, 'dataset_path': './datasets/LA', 'log_path': './result/SAM3D_VNet_SSL/LA_16_SemiSupervised_V13/Training.log', 'pth_path': './result/SAM3D_VNet_SSL/LA_16_SemiSupervised_V13/Pth', 'tensorboard_path': './result/SAM3D_VNet_SSL/LA_16_SemiSupervised_V13/Train', 'continue_train': False, 'multi_gpu': True, 'training_label_num': 16, 'training_unlabel_num': 64, 'label_bs': 1, 'unlabel_bs': 4, 'consistency_weight': 0.3, 'pretrained_weights': None}
2025-05-23 17:56:02 - INFO - 使用 2 个GPU
2025-05-23 17:56:02 - INFO - 模型总参数: 81,775,587
2025-05-23 17:56:02 - INFO - 可训练参数: 81,775,587
2025-05-23 17:56:24 - INFO - Epoch 1/1000, Loss: 0.9887, Dice: 0.9796, MSE: 0.0304
2025-05-23 17:56:44 - INFO - Epoch 2/1000, Loss: 0.9010, Dice: 0.8955, MSE: 0.0184
2025-05-23 17:57:03 - INFO - Epoch 3/1000, Loss: 0.7879, Dice: 0.7789, MSE: 0.0300
2025-05-23 17:57:22 - INFO - Epoch 4/1000, Loss: 0.8314, Dice: 0.8214, MSE: 0.0334
2025-05-23 17:57:42 - INFO - Epoch 5/1000, Loss: 0.7155, Dice: 0.7047, MSE: 0.0359
2025-05-23 17:58:01 - INFO - Epoch 6/1000, Loss: 0.6781, Dice: 0.6686, MSE: 0.0317
2025-05-23 17:58:20 - INFO - Epoch 7/1000, Loss: 0.6110, Dice: 0.5983, MSE: 0.0424
2025-05-23 17:58:40 - INFO - Epoch 8/1000, Loss: 0.5406, Dice: 0.5284, MSE: 0.0405
2025-05-23 17:58:59 - INFO - Epoch 9/1000, Loss: 0.6083, Dice: 0.5944, MSE: 0.0465
2025-05-23 17:59:18 - INFO - Epoch 10/1000, Loss: 0.5837, Dice: 0.5695, MSE: 0.0475
2025-05-23 17:59:37 - INFO - Epoch 11/1000, Loss: 0.5969, Dice: 0.5841, MSE: 0.0427
2025-05-23 17:59:56 - INFO - Epoch 12/1000, Loss: 0.5568, Dice: 0.5444, MSE: 0.0414
2025-05-23 18:00:15 - INFO - Epoch 13/1000, Loss: 0.5123, Dice: 0.4955, MSE: 0.0561
2025-05-23 18:00:34 - INFO - Epoch 14/1000, Loss: 0.5082, Dice: 0.4910, MSE: 0.0574
2025-05-23 18:00:54 - INFO - Epoch 15/1000, Loss: 0.5639, Dice: 0.5518, MSE: 0.0403
2025-05-23 18:01:12 - INFO - Epoch 16/1000, Loss: 0.5544, Dice: 0.5411, MSE: 0.0444
2025-05-23 18:01:32 - INFO - Epoch 17/1000, Loss: 0.4970, Dice: 0.4815, MSE: 0.0515
2025-05-23 18:01:51 - INFO - Epoch 18/1000, Loss: 0.5205, Dice: 0.5046, MSE: 0.0532
2025-05-23 18:02:10 - INFO - Epoch 19/1000, Loss: 0.5380, Dice: 0.5239, MSE: 0.0472
2025-05-23 18:02:29 - INFO - Epoch 20/1000, Loss: 0.5304, Dice: 0.5158, MSE: 0.0484
2025-05-23 18:02:30 - INFO - 模型已保存至: epoch_20.pth
2025-05-23 18:02:49 - INFO - Epoch 21/1000, Loss: 0.5017, Dice: 0.4844, MSE: 0.0576
2025-05-23 18:03:08 - INFO - Epoch 22/1000, Loss: 0.5225, Dice: 0.5056, MSE: 0.0562
2025-05-23 18:03:27 - INFO - Epoch 23/1000, Loss: 0.4945, Dice: 0.4810, MSE: 0.0450
2025-05-23 18:03:46 - INFO - Epoch 24/1000, Loss: 0.5077, Dice: 0.4966, MSE: 0.0371
2025-05-23 18:04:05 - INFO - Epoch 25/1000, Loss: 0.4272, Dice: 0.4145, MSE: 0.0425
2025-05-23 18:04:24 - INFO - Epoch 26/1000, Loss: 0.4922, Dice: 0.4793, MSE: 0.0428
2025-05-23 18:04:43 - INFO - Epoch 27/1000, Loss: 0.4425, Dice: 0.4284, MSE: 0.0469
2025-05-23 18:05:02 - INFO - Epoch 28/1000, Loss: 0.4815, Dice: 0.4680, MSE: 0.0449
2025-05-23 18:05:21 - INFO - Epoch 29/1000, Loss: 0.4534, Dice: 0.4408, MSE: 0.0423
2025-05-23 18:05:41 - INFO - Epoch 30/1000, Loss: 0.4327, Dice: 0.4202, MSE: 0.0417
2025-05-23 18:06:00 - INFO - Epoch 31/1000, Loss: 0.4228, Dice: 0.4087, MSE: 0.0472
2025-05-23 18:06:19 - INFO - Epoch 32/1000, Loss: 0.4140, Dice: 0.3980, MSE: 0.0534
2025-05-23 18:06:38 - INFO - Epoch 33/1000, Loss: 0.3895, Dice: 0.3739, MSE: 0.0520
2025-05-23 18:06:57 - INFO - Epoch 34/1000, Loss: 0.4651, Dice: 0.4502, MSE: 0.0496
2025-05-23 18:07:16 - INFO - Epoch 35/1000, Loss: 0.4330, Dice: 0.4159, MSE: 0.0572
2025-05-23 18:07:35 - INFO - Epoch 36/1000, Loss: 0.4526, Dice: 0.4359, MSE: 0.0557
2025-05-23 18:07:54 - INFO - Epoch 37/1000, Loss: 0.4674, Dice: 0.4501, MSE: 0.0576
2025-05-23 18:08:13 - INFO - Epoch 38/1000, Loss: 0.4314, Dice: 0.4130, MSE: 0.0616
2025-05-23 18:08:32 - INFO - Epoch 39/1000, Loss: 0.4625, Dice: 0.4441, MSE: 0.0614
2025-05-23 18:08:51 - INFO - Epoch 40/1000, Loss: 0.3662, Dice: 0.3490, MSE: 0.0573
2025-05-23 18:08:52 - INFO - 模型已保存至: epoch_40.pth
2025-05-23 18:09:11 - INFO - Epoch 41/1000, Loss: 0.3927, Dice: 0.3750, MSE: 0.0591
2025-05-23 18:09:30 - INFO - Epoch 42/1000, Loss: 0.4181, Dice: 0.4000, MSE: 0.0603
2025-05-23 18:09:49 - INFO - Epoch 43/1000, Loss: 0.3651, Dice: 0.3489, MSE: 0.0542
2025-05-23 18:10:08 - INFO - Epoch 44/1000, Loss: 0.4608, Dice: 0.4429, MSE: 0.0597
2025-05-23 18:10:27 - INFO - Epoch 45/1000, Loss: 0.4092, Dice: 0.3949, MSE: 0.0478
2025-05-23 18:10:46 - INFO - Epoch 46/1000, Loss: 0.3610, Dice: 0.3451, MSE: 0.0529
2025-05-23 18:11:04 - INFO - Epoch 47/1000, Loss: 0.3713, Dice: 0.3551, MSE: 0.0541
2025-05-23 18:11:23 - INFO - Epoch 48/1000, Loss: 0.3733, Dice: 0.3558, MSE: 0.0585
2025-05-23 18:11:41 - INFO - Epoch 49/1000, Loss: 0.3502, Dice: 0.3337, MSE: 0.0550
2025-05-23 18:12:00 - INFO - Epoch 50/1000, Loss: 0.3736, Dice: 0.3571, MSE: 0.0550
2025-05-23 18:12:19 - INFO - Epoch 51/1000, Loss: 0.3578, Dice: 0.3414, MSE: 0.0549
2025-05-23 18:12:37 - INFO - Epoch 52/1000, Loss: 0.3824, Dice: 0.3640, MSE: 0.0614
2025-05-23 18:12:56 - INFO - Epoch 53/1000, Loss: 0.3648, Dice: 0.3482, MSE: 0.0553
2025-05-23 18:13:14 - INFO - Epoch 54/1000, Loss: 0.3618, Dice: 0.3418, MSE: 0.0666
2025-05-23 18:13:33 - INFO - Epoch 55/1000, Loss: 0.3641, Dice: 0.3435, MSE: 0.0687
2025-05-23 18:13:51 - INFO - Epoch 56/1000, Loss: 0.3951, Dice: 0.3743, MSE: 0.0694
2025-05-23 18:14:10 - INFO - Epoch 57/1000, Loss: 0.5029, Dice: 0.4783, MSE: 0.0821
2025-05-23 18:14:28 - INFO - Epoch 58/1000, Loss: 0.4580, Dice: 0.4363, MSE: 0.0725
2025-05-23 18:14:47 - INFO - Epoch 59/1000, Loss: 0.3620, Dice: 0.3403, MSE: 0.0723
2025-05-23 18:15:05 - INFO - Epoch 60/1000, Loss: 0.4099, Dice: 0.3871, MSE: 0.0759
2025-05-23 18:15:06 - INFO - 模型已保存至: epoch_60.pth
2025-05-23 18:15:25 - INFO - Epoch 61/1000, Loss: 0.4449, Dice: 0.4207, MSE: 0.0805
2025-05-23 18:15:43 - INFO - Epoch 62/1000, Loss: 0.4006, Dice: 0.3792, MSE: 0.0712
2025-05-23 18:16:02 - INFO - Epoch 63/1000, Loss: 0.5155, Dice: 0.4950, MSE: 0.0685
2025-05-23 18:16:20 - INFO - Epoch 64/1000, Loss: 0.4484, Dice: 0.4277, MSE: 0.0689
2025-05-23 18:16:39 - INFO - Epoch 65/1000, Loss: 0.4151, Dice: 0.3944, MSE: 0.0691
2025-05-23 18:16:58 - INFO - Epoch 66/1000, Loss: 0.3745, Dice: 0.3539, MSE: 0.0685
2025-05-23 18:17:16 - INFO - Epoch 67/1000, Loss: 0.3644, Dice: 0.3429, MSE: 0.0715
2025-05-23 18:17:35 - INFO - Epoch 68/1000, Loss: 0.3554, Dice: 0.3336, MSE: 0.0727
2025-05-23 18:17:53 - INFO - Epoch 69/1000, Loss: 0.3746, Dice: 0.3549, MSE: 0.0655
2025-05-23 18:18:12 - INFO - Epoch 70/1000, Loss: 0.3456, Dice: 0.3264, MSE: 0.0641
2025-05-23 18:18:30 - INFO - Epoch 71/1000, Loss: 0.3378, Dice: 0.3183, MSE: 0.0649
2025-05-23 18:18:49 - INFO - Epoch 72/1000, Loss: 0.3274, Dice: 0.3086, MSE: 0.0627
2025-05-23 18:19:08 - INFO - Epoch 73/1000, Loss: 0.3339, Dice: 0.3137, MSE: 0.0673
2025-05-23 18:19:26 - INFO - Epoch 74/1000, Loss: 0.3188, Dice: 0.2986, MSE: 0.0672
2025-05-23 18:19:45 - INFO - Epoch 75/1000, Loss: 0.3569, Dice: 0.3362, MSE: 0.0690
2025-05-23 18:20:03 - INFO - Epoch 76/1000, Loss: 0.3589, Dice: 0.3385, MSE: 0.0682
2025-05-23 18:20:22 - INFO - Epoch 77/1000, Loss: 0.3513, Dice: 0.3303, MSE: 0.0701
2025-05-23 18:20:40 - INFO - Epoch 78/1000, Loss: 0.3099, Dice: 0.2881, MSE: 0.0728
2025-05-23 18:20:59 - INFO - Epoch 79/1000, Loss: 0.3100, Dice: 0.2884, MSE: 0.0719
2025-05-23 18:21:18 - INFO - Epoch 80/1000, Loss: 0.3203, Dice: 0.2974, MSE: 0.0764
2025-05-23 18:21:19 - INFO - 模型已保存至: epoch_80.pth
2025-05-23 18:21:37 - INFO - Epoch 81/1000, Loss: 0.3418, Dice: 0.3192, MSE: 0.0755
2025-05-23 18:21:56 - INFO - Epoch 82/1000, Loss: 0.3652, Dice: 0.3415, MSE: 0.0790
2025-05-23 18:22:14 - INFO - Epoch 83/1000, Loss: 0.3389, Dice: 0.3163, MSE: 0.0751
2025-05-23 18:22:33 - INFO - Epoch 84/1000, Loss: 0.3343, Dice: 0.3131, MSE: 0.0708
2025-05-23 18:22:52 - INFO - Epoch 85/1000, Loss: 0.3270, Dice: 0.3070, MSE: 0.0664
2025-05-23 18:23:10 - INFO - Epoch 86/1000, Loss: 0.3275, Dice: 0.3067, MSE: 0.0692
2025-05-23 18:23:28 - INFO - Epoch 87/1000, Loss: 0.3522, Dice: 0.3283, MSE: 0.0794
2025-05-23 18:23:47 - INFO - Epoch 88/1000, Loss: 0.3216, Dice: 0.2973, MSE: 0.0809
2025-05-23 18:24:05 - INFO - Epoch 89/1000, Loss: 0.3216, Dice: 0.2983, MSE: 0.0775
2025-05-23 18:24:24 - INFO - Epoch 90/1000, Loss: 0.3140, Dice: 0.2909, MSE: 0.0772
2025-05-23 18:24:43 - INFO - Epoch 91/1000, Loss: 0.2946, Dice: 0.2718, MSE: 0.0763
2025-05-23 18:25:01 - INFO - Epoch 92/1000, Loss: 0.2940, Dice: 0.2694, MSE: 0.0821
2025-05-23 18:25:19 - INFO - Epoch 93/1000, Loss: 0.2834, Dice: 0.2584, MSE: 0.0835
2025-05-23 18:25:38 - INFO - Epoch 94/1000, Loss: 0.2640, Dice: 0.2377, MSE: 0.0876
2025-05-23 18:25:57 - INFO - Epoch 95/1000, Loss: 0.2996, Dice: 0.2772, MSE: 0.0745
2025-05-23 18:26:15 - INFO - Epoch 96/1000, Loss: 0.3101, Dice: 0.2853, MSE: 0.0827
2025-05-23 18:26:34 - INFO - Epoch 97/1000, Loss: 0.2877, Dice: 0.2617, MSE: 0.0868
2025-05-23 18:26:52 - INFO - Epoch 98/1000, Loss: 0.2651, Dice: 0.2394, MSE: 0.0855
2025-05-23 18:27:11 - INFO - Epoch 99/1000, Loss: 0.2876, Dice: 0.2690, MSE: 0.0621
2025-05-23 18:27:29 - INFO - Epoch 100/1000, Loss: 0.2839, Dice: 0.2653, MSE: 0.0621
2025-05-23 18:27:30 - INFO - 模型已保存至: epoch_100.pth
2025-05-23 18:27:49 - INFO - Epoch 101/1000, Loss: 0.2856, Dice: 0.2671, MSE: 0.0616
2025-05-23 18:28:07 - INFO - Epoch 102/1000, Loss: 0.2492, Dice: 0.2296, MSE: 0.0654
2025-05-23 18:28:26 - INFO - Epoch 103/1000, Loss: 0.2562, Dice: 0.2392, MSE: 0.0569
2025-05-23 18:28:44 - INFO - Epoch 104/1000, Loss: 0.2697, Dice: 0.2531, MSE: 0.0551
2025-05-23 18:29:03 - INFO - Epoch 105/1000, Loss: 0.2694, Dice: 0.2520, MSE: 0.0581
2025-05-23 18:29:21 - INFO - Epoch 106/1000, Loss: 0.3003, Dice: 0.2840, MSE: 0.0543
2025-05-23 18:29:40 - INFO - Epoch 107/1000, Loss: 0.2673, Dice: 0.2475, MSE: 0.0662
2025-05-23 18:29:58 - INFO - Epoch 108/1000, Loss: 0.2802, Dice: 0.2637, MSE: 0.0549
2025-05-23 18:30:17 - INFO - Epoch 109/1000, Loss: 0.2856, Dice: 0.2675, MSE: 0.0604
2025-05-23 18:30:35 - INFO - Epoch 110/1000, Loss: 0.2777, Dice: 0.2598, MSE: 0.0598
2025-05-23 18:30:54 - INFO - Epoch 111/1000, Loss: 0.2509, Dice: 0.2336, MSE: 0.0578
2025-05-23 18:31:13 - INFO - Epoch 112/1000, Loss: 0.2898, Dice: 0.2648, MSE: 0.0834
2025-05-23 18:31:31 - INFO - Epoch 113/1000, Loss: 0.2386, Dice: 0.2190, MSE: 0.0653
2025-05-23 18:31:50 - INFO - Epoch 114/1000, Loss: 0.2574, Dice: 0.2388, MSE: 0.0619
2025-05-23 18:32:08 - INFO - Epoch 115/1000, Loss: 0.2803, Dice: 0.2621, MSE: 0.0605
2025-05-23 18:32:27 - INFO - Epoch 116/1000, Loss: 0.2099, Dice: 0.1911, MSE: 0.0628
2025-05-23 18:32:45 - INFO - Epoch 117/1000, Loss: 0.2254, Dice: 0.2070, MSE: 0.0613
2025-05-23 18:33:03 - INFO - Epoch 118/1000, Loss: 0.2442, Dice: 0.2252, MSE: 0.0631
2025-05-23 18:33:22 - INFO - Epoch 119/1000, Loss: 0.2914, Dice: 0.2733, MSE: 0.0603
2025-05-23 18:33:41 - INFO - Epoch 120/1000, Loss: 0.2674, Dice: 0.2505, MSE: 0.0561
2025-05-23 18:33:42 - INFO - 模型已保存至: epoch_120.pth
2025-05-23 18:34:00 - INFO - Epoch 121/1000, Loss: 0.2403, Dice: 0.2221, MSE: 0.0608
2025-05-23 18:34:19 - INFO - Epoch 122/1000, Loss: 0.2304, Dice: 0.2110, MSE: 0.0649
2025-05-23 18:34:37 - INFO - Epoch 123/1000, Loss: 0.2796, Dice: 0.2612, MSE: 0.0615
2025-05-23 18:34:56 - INFO - Epoch 124/1000, Loss: 0.2353, Dice: 0.2177, MSE: 0.0584
2025-05-23 18:35:14 - INFO - Epoch 125/1000, Loss: 0.2252, Dice: 0.2091, MSE: 0.0537
2025-05-23 18:35:33 - INFO - Epoch 126/1000, Loss: 0.2209, Dice: 0.2037, MSE: 0.0571
2025-05-23 18:35:51 - INFO - Epoch 127/1000, Loss: 0.2210, Dice: 0.2033, MSE: 0.0589
2025-05-23 18:36:10 - INFO - Epoch 128/1000, Loss: 0.2387, Dice: 0.2183, MSE: 0.0678
2025-05-23 18:36:29 - INFO - Epoch 129/1000, Loss: 0.2216, Dice: 0.2032, MSE: 0.0613
2025-05-23 18:36:47 - INFO - Epoch 130/1000, Loss: 0.2702, Dice: 0.2530, MSE: 0.0576
2025-05-23 18:37:06 - INFO - Epoch 131/1000, Loss: 0.2392, Dice: 0.2203, MSE: 0.0628
2025-05-23 18:37:24 - INFO - Epoch 132/1000, Loss: 0.2056, Dice: 0.1871, MSE: 0.0616
2025-05-23 18:37:43 - INFO - Epoch 133/1000, Loss: 0.2172, Dice: 0.1985, MSE: 0.0623
2025-05-23 18:38:01 - INFO - Epoch 134/1000, Loss: 0.2156, Dice: 0.1959, MSE: 0.0654
2025-05-23 18:38:20 - INFO - Epoch 135/1000, Loss: 0.2243, Dice: 0.2038, MSE: 0.0685
2025-05-23 18:38:38 - INFO - Epoch 136/1000, Loss: 0.1856, Dice: 0.1672, MSE: 0.0614
2025-05-23 18:38:57 - INFO - Epoch 137/1000, Loss: 0.1719, Dice: 0.1530, MSE: 0.0631
2025-05-23 18:39:15 - INFO - Epoch 138/1000, Loss: 0.1901, Dice: 0.1717, MSE: 0.0612
2025-05-23 18:39:34 - INFO - Epoch 139/1000, Loss: 0.1921, Dice: 0.1724, MSE: 0.0655
2025-05-23 18:39:52 - INFO - Epoch 140/1000, Loss: 0.2238, Dice: 0.2026, MSE: 0.0708
2025-05-23 18:39:53 - INFO - 模型已保存至: epoch_140.pth
2025-05-23 18:40:12 - INFO - Epoch 141/1000, Loss: 0.2588, Dice: 0.2403, MSE: 0.0616
2025-05-23 18:40:30 - INFO - Epoch 142/1000, Loss: 0.2354, Dice: 0.2164, MSE: 0.0631
2025-05-23 18:40:49 - INFO - Epoch 143/1000, Loss: 0.1991, Dice: 0.1810, MSE: 0.0604
2025-05-23 18:41:07 - INFO - Epoch 144/1000, Loss: 0.2044, Dice: 0.1848, MSE: 0.0652
2025-05-23 18:41:26 - INFO - Epoch 145/1000, Loss: 0.1741, Dice: 0.1547, MSE: 0.0648
2025-05-23 18:41:44 - INFO - Epoch 146/1000, Loss: 0.1889, Dice: 0.1701, MSE: 0.0628
2025-05-23 18:42:03 - INFO - Epoch 147/1000, Loss: 0.1949, Dice: 0.1754, MSE: 0.0651
2025-05-23 18:42:21 - INFO - Epoch 148/1000, Loss: 0.2083, Dice: 0.1895, MSE: 0.0629
2025-05-23 18:42:40 - INFO - Epoch 149/1000, Loss: 0.1835, Dice: 0.1651, MSE: 0.0615
2025-05-23 18:42:58 - INFO - Epoch 150/1000, Loss: 0.2041, Dice: 0.1851, MSE: 0.0631
2025-05-23 18:43:17 - INFO - Epoch 151/1000, Loss: 0.2026, Dice: 0.1835, MSE: 0.0639
2025-05-23 18:43:35 - INFO - Epoch 152/1000, Loss: 0.2053, Dice: 0.1866, MSE: 0.0621
2025-05-23 18:43:54 - INFO - Epoch 153/1000, Loss: 0.1940, Dice: 0.1741, MSE: 0.0661
2025-05-23 18:44:12 - INFO - Epoch 154/1000, Loss: 0.1701, Dice: 0.1522, MSE: 0.0599
2025-05-23 18:44:31 - INFO - Epoch 155/1000, Loss: 0.1830, Dice: 0.1643, MSE: 0.0624
2025-05-23 18:44:50 - INFO - Epoch 156/1000, Loss: 0.1686, Dice: 0.1493, MSE: 0.0643
2025-05-23 18:45:08 - INFO - Epoch 157/1000, Loss: 0.1645, Dice: 0.1458, MSE: 0.0625
2025-05-23 18:45:26 - INFO - Epoch 158/1000, Loss: 0.2160, Dice: 0.1960, MSE: 0.0666
2025-05-23 18:45:45 - INFO - Epoch 159/1000, Loss: 0.1973, Dice: 0.1776, MSE: 0.0658
2025-05-23 18:46:04 - INFO - Epoch 160/1000, Loss: 0.2019, Dice: 0.1835, MSE: 0.0615
2025-05-23 18:46:05 - INFO - 模型已保存至: epoch_160.pth
2025-05-23 18:46:23 - INFO - Epoch 161/1000, Loss: 0.1714, Dice: 0.1543, MSE: 0.0569
2025-05-23 18:46:42 - INFO - Epoch 162/1000, Loss: 0.1887, Dice: 0.1692, MSE: 0.0651
2025-05-23 18:47:00 - INFO - Epoch 163/1000, Loss: 0.1915, Dice: 0.1711, MSE: 0.0678
2025-05-23 18:47:19 - INFO - Epoch 164/1000, Loss: 0.2413, Dice: 0.2219, MSE: 0.0645
2025-05-23 18:47:38 - INFO - Epoch 165/1000, Loss: 0.2013, Dice: 0.1824, MSE: 0.0629
2025-05-23 18:47:56 - INFO - Epoch 166/1000, Loss: 0.1756, Dice: 0.1556, MSE: 0.0667
2025-05-23 18:48:15 - INFO - Epoch 167/1000, Loss: 0.1986, Dice: 0.1796, MSE: 0.0635
2025-05-23 18:48:33 - INFO - Epoch 168/1000, Loss: 0.1679, Dice: 0.1483, MSE: 0.0654
2025-05-23 18:48:52 - INFO - Epoch 169/1000, Loss: 0.1775, Dice: 0.1597, MSE: 0.0594
2025-05-23 18:49:10 - INFO - Epoch 170/1000, Loss: 0.1627, Dice: 0.1435, MSE: 0.0639
2025-05-23 18:49:29 - INFO - Epoch 171/1000, Loss: 0.1825, Dice: 0.1637, MSE: 0.0625
2025-05-23 18:49:47 - INFO - Epoch 172/1000, Loss: 0.2833, Dice: 0.2635, MSE: 0.0660
2025-05-23 18:50:06 - INFO - Epoch 173/1000, Loss: 0.2737, Dice: 0.2538, MSE: 0.0662
2025-05-23 18:50:24 - INFO - Epoch 174/1000, Loss: 0.2482, Dice: 0.2308, MSE: 0.0581
2025-05-23 18:50:43 - INFO - Epoch 175/1000, Loss: 0.2434, Dice: 0.2239, MSE: 0.0647
2025-05-23 18:51:01 - INFO - Epoch 176/1000, Loss: 0.2434, Dice: 0.2266, MSE: 0.0561
2025-05-23 18:51:20 - INFO - Epoch 177/1000, Loss: 0.2209, Dice: 0.2021, MSE: 0.0628
2025-05-23 18:51:38 - INFO - Epoch 178/1000, Loss: 0.2525, Dice: 0.2354, MSE: 0.0571
2025-05-23 18:51:57 - INFO - Epoch 179/1000, Loss: 0.2070, Dice: 0.1911, MSE: 0.0530
2025-05-23 18:52:15 - INFO - Epoch 180/1000, Loss: 0.1830, Dice: 0.1638, MSE: 0.0643
2025-05-23 18:52:17 - INFO - 模型已保存至: epoch_180.pth
2025-05-23 18:52:35 - INFO - Epoch 181/1000, Loss: 0.1799, Dice: 0.1622, MSE: 0.0591
2025-05-23 18:52:54 - INFO - Epoch 182/1000, Loss: 0.1699, Dice: 0.1528, MSE: 0.0569
2025-05-23 18:53:12 - INFO - Epoch 183/1000, Loss: 0.1787, Dice: 0.1599, MSE: 0.0627
2025-05-23 18:53:31 - INFO - Epoch 184/1000, Loss: 0.1768, Dice: 0.1566, MSE: 0.0671
2025-05-23 18:53:49 - INFO - Epoch 185/1000, Loss: 0.1482, Dice: 0.1282, MSE: 0.0667
2025-05-23 18:54:08 - INFO - Epoch 186/1000, Loss: 0.1504, Dice: 0.1334, MSE: 0.0568
2025-05-23 18:54:26 - INFO - Epoch 187/1000, Loss: 0.3350, Dice: 0.3189, MSE: 0.0537
2025-05-23 18:54:45 - INFO - Epoch 188/1000, Loss: 0.2251, Dice: 0.2126, MSE: 0.0416
2025-05-23 18:55:04 - INFO - Epoch 189/1000, Loss: 0.1871, Dice: 0.1735, MSE: 0.0454
2025-05-23 18:55:22 - INFO - Epoch 190/1000, Loss: 0.1774, Dice: 0.1612, MSE: 0.0539
2025-05-23 18:55:41 - INFO - Epoch 191/1000, Loss: 0.1935, Dice: 0.1780, MSE: 0.0515
2025-05-23 18:55:59 - INFO - Epoch 192/1000, Loss: 0.1817, Dice: 0.1661, MSE: 0.0520
2025-05-23 18:56:18 - INFO - Epoch 193/1000, Loss: 0.2183, Dice: 0.1986, MSE: 0.0655
2025-05-23 18:56:36 - INFO - Epoch 194/1000, Loss: 0.1788, Dice: 0.1570, MSE: 0.0727
2025-05-23 18:56:54 - INFO - Epoch 195/1000, Loss: 0.1836, Dice: 0.1630, MSE: 0.0687
2025-05-23 18:57:13 - INFO - Epoch 196/1000, Loss: 0.1610, Dice: 0.1408, MSE: 0.0675
2025-05-23 18:57:32 - INFO - Epoch 197/1000, Loss: 0.1662, Dice: 0.1465, MSE: 0.0657
2025-05-23 18:57:50 - INFO - Epoch 198/1000, Loss: 0.2208, Dice: 0.1994, MSE: 0.0713
2025-05-23 18:58:09 - INFO - Epoch 199/1000, Loss: 0.1564, Dice: 0.1356, MSE: 0.0692
2025-05-23 18:58:27 - INFO - Epoch 200/1000, Loss: 0.1671, Dice: 0.1465, MSE: 0.0687
2025-05-23 18:58:28 - INFO - 模型已保存至: epoch_200.pth
2025-05-23 18:58:47 - INFO - Epoch 201/1000, Loss: 0.1736, Dice: 0.1534, MSE: 0.0671
2025-05-23 18:59:05 - INFO - Epoch 202/1000, Loss: 0.1592, Dice: 0.1408, MSE: 0.0612
2025-05-23 18:59:24 - INFO - Epoch 203/1000, Loss: 0.1755, Dice: 0.1561, MSE: 0.0648
2025-05-23 18:59:42 - INFO - Epoch 204/1000, Loss: 0.1571, Dice: 0.1376, MSE: 0.0652
2025-05-23 19:00:01 - INFO - Epoch 205/1000, Loss: 0.1510, Dice: 0.1283, MSE: 0.0757
2025-05-23 19:00:19 - INFO - Epoch 206/1000, Loss: 0.1957, Dice: 0.1743, MSE: 0.0716
2025-05-23 19:00:38 - INFO - Epoch 207/1000, Loss: 0.1539, Dice: 0.1296, MSE: 0.0807
2025-05-23 19:00:57 - INFO - Epoch 208/1000, Loss: 0.1944, Dice: 0.1750, MSE: 0.0647
2025-05-23 19:01:15 - INFO - Epoch 209/1000, Loss: 0.2499, Dice: 0.2330, MSE: 0.0562
2025-05-23 19:01:34 - INFO - Epoch 210/1000, Loss: 0.2641, Dice: 0.2453, MSE: 0.0628
2025-05-23 19:01:52 - INFO - Epoch 211/1000, Loss: 0.2179, Dice: 0.2008, MSE: 0.0569
2025-05-23 19:02:11 - INFO - Epoch 212/1000, Loss: 0.1646, Dice: 0.1485, MSE: 0.0539
2025-05-23 19:02:29 - INFO - Epoch 213/1000, Loss: 0.1708, Dice: 0.1534, MSE: 0.0578
2025-05-23 19:02:48 - INFO - Epoch 214/1000, Loss: 0.1533, Dice: 0.1376, MSE: 0.0525
2025-05-23 19:03:06 - INFO - Epoch 215/1000, Loss: 0.1733, Dice: 0.1573, MSE: 0.0534
2025-05-23 19:03:25 - INFO - Epoch 216/1000, Loss: 0.1434, Dice: 0.1265, MSE: 0.0562
2025-05-23 19:03:44 - INFO - Epoch 217/1000, Loss: 0.1365, Dice: 0.1215, MSE: 0.0498
2025-05-23 19:04:02 - INFO - Epoch 218/1000, Loss: 0.1351, Dice: 0.1194, MSE: 0.0524
2025-05-23 19:04:20 - INFO - Epoch 219/1000, Loss: 0.1363, Dice: 0.1214, MSE: 0.0499
2025-05-23 19:04:39 - INFO - Epoch 220/1000, Loss: 0.1437, Dice: 0.1273, MSE: 0.0545
2025-05-23 19:04:40 - INFO - 模型已保存至: epoch_220.pth
2025-05-23 19:04:59 - INFO - Epoch 221/1000, Loss: 0.1622, Dice: 0.1462, MSE: 0.0534
2025-05-23 19:05:17 - INFO - Epoch 222/1000, Loss: 0.2091, Dice: 0.1942, MSE: 0.0496
2025-05-23 19:05:36 - INFO - Epoch 223/1000, Loss: 0.1831, Dice: 0.1668, MSE: 0.0544
2025-05-23 19:05:54 - INFO - Epoch 224/1000, Loss: 0.1593, Dice: 0.1442, MSE: 0.0503
2025-05-23 19:06:13 - INFO - Epoch 225/1000, Loss: 0.1495, Dice: 0.1355, MSE: 0.0465
2025-05-23 19:06:31 - INFO - Epoch 226/1000, Loss: 0.1405, Dice: 0.1244, MSE: 0.0537
2025-05-23 19:06:50 - INFO - Epoch 227/1000, Loss: 0.1324, Dice: 0.1167, MSE: 0.0523
2025-05-23 19:07:09 - INFO - Epoch 228/1000, Loss: 0.1337, Dice: 0.1181, MSE: 0.0522
2025-05-23 19:07:27 - INFO - Epoch 229/1000, Loss: 0.1357, Dice: 0.1194, MSE: 0.0542
2025-05-23 19:07:46 - INFO - Epoch 230/1000, Loss: 0.1309, Dice: 0.1133, MSE: 0.0585
2025-05-23 19:08:04 - INFO - Epoch 231/1000, Loss: 0.1379, Dice: 0.1208, MSE: 0.0568
2025-05-23 19:08:23 - INFO - Epoch 232/1000, Loss: 0.1274, Dice: 0.1119, MSE: 0.0517
2025-05-23 19:08:41 - INFO - Epoch 233/1000, Loss: 0.1381, Dice: 0.1223, MSE: 0.0528
2025-05-23 19:09:00 - INFO - Epoch 234/1000, Loss: 0.1650, Dice: 0.1490, MSE: 0.0533
2025-05-23 19:09:18 - INFO - Epoch 235/1000, Loss: 0.1403, Dice: 0.1234, MSE: 0.0565
2025-05-23 19:09:37 - INFO - Epoch 236/1000, Loss: 0.1501, Dice: 0.1334, MSE: 0.0558
2025-05-23 19:09:55 - INFO - Epoch 237/1000, Loss: 0.1798, Dice: 0.1641, MSE: 0.0524
2025-05-23 19:10:14 - INFO - Epoch 238/1000, Loss: 0.1473, Dice: 0.1317, MSE: 0.0518
2025-05-23 19:10:32 - INFO - Epoch 239/1000, Loss: 0.1459, Dice: 0.1305, MSE: 0.0513
2025-05-23 19:10:51 - INFO - Epoch 240/1000, Loss: 0.1257, Dice: 0.1104, MSE: 0.0509
2025-05-23 19:10:52 - INFO - 模型已保存至: epoch_240.pth
2025-05-23 19:11:10 - INFO - Epoch 241/1000, Loss: 0.1688, Dice: 0.1530, MSE: 0.0526
2025-05-23 19:11:29 - INFO - Epoch 242/1000, Loss: 0.1225, Dice: 0.1072, MSE: 0.0512
2025-05-23 19:11:47 - INFO - Epoch 243/1000, Loss: 0.1247, Dice: 0.1104, MSE: 0.0478
2025-05-23 19:12:06 - INFO - Epoch 244/1000, Loss: 0.1424, Dice: 0.1255, MSE: 0.0564
2025-05-23 19:12:24 - INFO - Epoch 245/1000, Loss: 0.1389, Dice: 0.1215, MSE: 0.0581
2025-05-23 19:12:43 - INFO - Epoch 246/1000, Loss: 0.1268, Dice: 0.1093, MSE: 0.0582
2025-05-23 19:13:01 - INFO - Epoch 247/1000, Loss: 0.1282, Dice: 0.1118, MSE: 0.0546
2025-05-23 19:13:20 - INFO - Epoch 248/1000, Loss: 0.1238, Dice: 0.1080, MSE: 0.0527
2025-05-23 19:13:38 - INFO - Epoch 249/1000, Loss: 0.1251, Dice: 0.1089, MSE: 0.0539
2025-05-23 19:13:57 - INFO - Epoch 250/1000, Loss: 0.1558, Dice: 0.1389, MSE: 0.0563
2025-05-23 19:14:15 - INFO - Epoch 251/1000, Loss: 0.1514, Dice: 0.1351, MSE: 0.0544
2025-05-23 19:14:34 - INFO - Epoch 252/1000, Loss: 0.1517, Dice: 0.1353, MSE: 0.0546
2025-05-23 19:14:53 - INFO - Epoch 253/1000, Loss: 0.1620, Dice: 0.1451, MSE: 0.0564
2025-05-23 19:15:11 - INFO - Epoch 254/1000, Loss: 0.1385, Dice: 0.1229, MSE: 0.0520
2025-05-23 19:15:30 - INFO - Epoch 255/1000, Loss: 0.1547, Dice: 0.1392, MSE: 0.0515
2025-05-23 19:15:48 - INFO - Epoch 256/1000, Loss: 0.1498, Dice: 0.1346, MSE: 0.0507
2025-05-23 19:16:07 - INFO - Epoch 257/1000, Loss: 0.1554, Dice: 0.1375, MSE: 0.0597
2025-05-23 19:16:25 - INFO - Epoch 258/1000, Loss: 0.1285, Dice: 0.1123, MSE: 0.0542
2025-05-23 19:16:44 - INFO - Epoch 259/1000, Loss: 0.1504, Dice: 0.1335, MSE: 0.0561
2025-05-23 19:17:03 - INFO - Epoch 260/1000, Loss: 0.1651, Dice: 0.1485, MSE: 0.0553
2025-05-23 19:17:04 - INFO - 模型已保存至: epoch_260.pth
2025-05-23 19:17:22 - INFO - Epoch 261/1000, Loss: 0.1474, Dice: 0.1328, MSE: 0.0486
2025-05-23 19:17:41 - INFO - Epoch 262/1000, Loss: 0.1721, Dice: 0.1573, MSE: 0.0493
2025-05-23 19:17:59 - INFO - Epoch 263/1000, Loss: 0.1619, Dice: 0.1465, MSE: 0.0513
2025-05-23 19:18:18 - INFO - Epoch 264/1000, Loss: 0.1352, Dice: 0.1211, MSE: 0.0469
2025-05-23 19:18:36 - INFO - Epoch 265/1000, Loss: 0.1316, Dice: 0.1154, MSE: 0.0539
2025-05-23 19:18:55 - INFO - Epoch 266/1000, Loss: 0.1216, Dice: 0.1065, MSE: 0.0502
2025-05-23 19:19:14 - INFO - Epoch 267/1000, Loss: 0.1238, Dice: 0.1077, MSE: 0.0536
2025-05-23 19:19:32 - INFO - Epoch 268/1000, Loss: 0.1292, Dice: 0.1139, MSE: 0.0509
2025-05-23 19:19:50 - INFO - Epoch 269/1000, Loss: 0.1288, Dice: 0.1139, MSE: 0.0497
2025-05-23 19:20:09 - INFO - Epoch 270/1000, Loss: 0.1405, Dice: 0.1243, MSE: 0.0540
2025-05-23 19:20:28 - INFO - Epoch 271/1000, Loss: 0.1267, Dice: 0.1085, MSE: 0.0605
2025-05-23 19:20:46 - INFO - Epoch 272/1000, Loss: 0.1113, Dice: 0.0940, MSE: 0.0575
2025-05-23 19:21:05 - INFO - Epoch 273/1000, Loss: 0.1085, Dice: 0.0927, MSE: 0.0527
2025-05-23 19:21:23 - INFO - Epoch 274/1000, Loss: 0.1501, Dice: 0.1353, MSE: 0.0492
2025-05-23 19:21:42 - INFO - Epoch 275/1000, Loss: 0.1577, Dice: 0.1423, MSE: 0.0515
2025-05-23 19:22:01 - INFO - Epoch 276/1000, Loss: 0.1406, Dice: 0.1217, MSE: 0.0627
2025-05-23 19:22:19 - INFO - Epoch 277/1000, Loss: 0.1275, Dice: 0.1106, MSE: 0.0563
2025-05-23 19:22:38 - INFO - Epoch 278/1000, Loss: 0.1162, Dice: 0.1003, MSE: 0.0529
2025-05-23 19:22:56 - INFO - Epoch 279/1000, Loss: 0.1355, Dice: 0.1185, MSE: 0.0568
2025-05-23 19:23:15 - INFO - Epoch 280/1000, Loss: 0.1055, Dice: 0.0888, MSE: 0.0558
2025-05-23 19:23:16 - INFO - 模型已保存至: epoch_280.pth
2025-05-23 19:23:34 - INFO - Epoch 281/1000, Loss: 0.1391, Dice: 0.1231, MSE: 0.0535
2025-05-23 19:23:53 - INFO - Epoch 282/1000, Loss: 0.1271, Dice: 0.1115, MSE: 0.0522
2025-05-23 19:24:11 - INFO - Epoch 283/1000, Loss: 0.1570, Dice: 0.1422, MSE: 0.0492
2025-05-23 19:24:30 - INFO - Epoch 284/1000, Loss: 0.1653, Dice: 0.1491, MSE: 0.0542
2025-05-23 19:24:48 - INFO - Epoch 285/1000, Loss: 0.1279, Dice: 0.1147, MSE: 0.0440
2025-05-23 19:25:07 - INFO - Epoch 286/1000, Loss: 0.1157, Dice: 0.1004, MSE: 0.0509
2025-05-23 19:25:25 - INFO - Epoch 287/1000, Loss: 0.1340, Dice: 0.1173, MSE: 0.0557
2025-05-23 19:25:44 - INFO - Epoch 288/1000, Loss: 0.1528, Dice: 0.1370, MSE: 0.0528
2025-05-23 19:26:02 - INFO - Epoch 289/1000, Loss: 0.1453, Dice: 0.1305, MSE: 0.0493
2025-05-23 19:26:21 - INFO - Epoch 290/1000, Loss: 0.1212, Dice: 0.1060, MSE: 0.0508
2025-05-23 19:26:39 - INFO - Epoch 291/1000, Loss: 0.1189, Dice: 0.1024, MSE: 0.0550
2025-05-23 19:26:58 - INFO - Epoch 292/1000, Loss: 0.1430, Dice: 0.1277, MSE: 0.0512
2025-05-23 19:27:16 - INFO - Epoch 293/1000, Loss: 0.1287, Dice: 0.1126, MSE: 0.0538
2025-05-23 19:27:35 - INFO - Epoch 294/1000, Loss: 0.1194, Dice: 0.1034, MSE: 0.0534
2025-05-23 19:27:53 - INFO - Epoch 295/1000, Loss: 0.1231, Dice: 0.1072, MSE: 0.0532
2025-05-23 19:28:12 - INFO - Epoch 296/1000, Loss: 0.1276, Dice: 0.1118, MSE: 0.0525
2025-05-23 19:28:31 - INFO - Epoch 297/1000, Loss: 0.1093, Dice: 0.0938, MSE: 0.0517
2025-05-23 19:28:49 - INFO - Epoch 298/1000, Loss: 0.1326, Dice: 0.1161, MSE: 0.0551
2025-05-23 19:29:07 - INFO - Epoch 299/1000, Loss: 0.1609, Dice: 0.1442, MSE: 0.0556
2025-05-23 19:29:26 - INFO - Epoch 300/1000, Loss: 0.3013, Dice: 0.2857, MSE: 0.0519
2025-05-23 19:29:27 - INFO - 模型已保存至: epoch_300.pth
2025-05-23 19:29:46 - INFO - Epoch 301/1000, Loss: 0.2469, Dice: 0.2336, MSE: 0.0442
2025-05-23 19:30:04 - INFO - Epoch 302/1000, Loss: 0.1937, Dice: 0.1780, MSE: 0.0521
2025-05-23 19:30:23 - INFO - Epoch 303/1000, Loss: 0.1675, Dice: 0.1532, MSE: 0.0477
2025-05-23 19:30:41 - INFO - Epoch 304/1000, Loss: 0.1976, Dice: 0.1813, MSE: 0.0546
2025-05-23 19:31:00 - INFO - Epoch 305/1000, Loss: 0.1315, Dice: 0.1166, MSE: 0.0497
2025-05-23 19:31:18 - INFO - Epoch 306/1000, Loss: 0.1597, Dice: 0.1433, MSE: 0.0545
2025-05-23 19:31:37 - INFO - Epoch 307/1000, Loss: 0.1865, Dice: 0.1709, MSE: 0.0518
2025-05-23 19:31:56 - INFO - Epoch 308/1000, Loss: 0.1633, Dice: 0.1482, MSE: 0.0504
2025-05-23 19:32:14 - INFO - Epoch 309/1000, Loss: 0.1853, Dice: 0.1711, MSE: 0.0474
2025-05-23 19:32:33 - INFO - Epoch 310/1000, Loss: 0.1771, Dice: 0.1604, MSE: 0.0554
2025-05-23 19:32:51 - INFO - Epoch 311/1000, Loss: 0.1499, Dice: 0.1346, MSE: 0.0509
2025-05-23 19:33:10 - INFO - Epoch 312/1000, Loss: 0.1353, Dice: 0.1212, MSE: 0.0470
2025-05-23 19:33:28 - INFO - Epoch 313/1000, Loss: 0.1386, Dice: 0.1245, MSE: 0.0471
2025-05-23 19:33:47 - INFO - Epoch 314/1000, Loss: 0.1235, Dice: 0.1093, MSE: 0.0474
2025-05-23 19:34:05 - INFO - Epoch 315/1000, Loss: 0.1419, Dice: 0.1267, MSE: 0.0505
2025-05-23 19:34:24 - INFO - Epoch 316/1000, Loss: 0.1433, Dice: 0.1275, MSE: 0.0527
2025-05-23 19:34:42 - INFO - Epoch 317/1000, Loss: 0.1451, Dice: 0.1310, MSE: 0.0471
2025-05-23 19:35:01 - INFO - Epoch 318/1000, Loss: 0.1454, Dice: 0.1300, MSE: 0.0511
2025-05-23 19:35:19 - INFO - Epoch 319/1000, Loss: 0.1102, Dice: 0.0928, MSE: 0.0580
2025-05-23 19:35:38 - INFO - Epoch 320/1000, Loss: 0.1222, Dice: 0.1057, MSE: 0.0550
2025-05-23 19:35:39 - INFO - 模型已保存至: epoch_320.pth
2025-05-23 19:35:57 - INFO - Epoch 321/1000, Loss: 0.1593, Dice: 0.1428, MSE: 0.0551
2025-05-23 19:36:16 - INFO - Epoch 322/1000, Loss: 0.1965, Dice: 0.1809, MSE: 0.0518
2025-05-23 19:36:34 - INFO - Epoch 323/1000, Loss: 0.1296, Dice: 0.1147, MSE: 0.0499
2025-05-23 19:36:53 - INFO - Epoch 324/1000, Loss: 0.1210, Dice: 0.1055, MSE: 0.0519
2025-05-23 19:37:11 - INFO - Epoch 325/1000, Loss: 0.1231, Dice: 0.1079, MSE: 0.0508
2025-05-23 19:37:30 - INFO - Epoch 326/1000, Loss: 0.1197, Dice: 0.1040, MSE: 0.0523
2025-05-23 19:37:48 - INFO - Epoch 327/1000, Loss: 0.1222, Dice: 0.1063, MSE: 0.0532
2025-05-23 19:38:07 - INFO - Epoch 328/1000, Loss: 0.1236, Dice: 0.1096, MSE: 0.0467
2025-05-23 19:38:25 - INFO - Epoch 329/1000, Loss: 0.1346, Dice: 0.1201, MSE: 0.0483
2025-05-23 19:38:44 - INFO - Epoch 330/1000, Loss: 0.1221, Dice: 0.1062, MSE: 0.0529
2025-05-23 19:39:02 - INFO - Epoch 331/1000, Loss: 0.1255, Dice: 0.1102, MSE: 0.0511
2025-05-23 19:39:21 - INFO - Epoch 332/1000, Loss: 0.1170, Dice: 0.1007, MSE: 0.0543
2025-05-23 19:39:40 - INFO - Epoch 333/1000, Loss: 0.1527, Dice: 0.1367, MSE: 0.0534
2025-05-23 19:39:58 - INFO - Epoch 334/1000, Loss: 0.1671, Dice: 0.1528, MSE: 0.0478
2025-05-23 19:40:16 - INFO - Epoch 335/1000, Loss: 0.1522, Dice: 0.1392, MSE: 0.0433
2025-05-23 19:40:35 - INFO - Epoch 336/1000, Loss: 0.1482, Dice: 0.1346, MSE: 0.0452
2025-05-23 19:40:54 - INFO - Epoch 337/1000, Loss: 0.1207, Dice: 0.1062, MSE: 0.0482
2025-05-23 19:41:12 - INFO - Epoch 338/1000, Loss: 0.1248, Dice: 0.1111, MSE: 0.0456
2025-05-23 19:41:31 - INFO - Epoch 339/1000, Loss: 0.1309, Dice: 0.1166, MSE: 0.0478
2025-05-23 19:41:49 - INFO - Epoch 340/1000, Loss: 0.1184, Dice: 0.1030, MSE: 0.0513
2025-05-23 19:41:50 - INFO - 模型已保存至: epoch_340.pth
2025-05-23 19:42:09 - INFO - Epoch 341/1000, Loss: 0.1112, Dice: 0.0970, MSE: 0.0476
2025-05-23 19:42:27 - INFO - Epoch 342/1000, Loss: 0.1197, Dice: 0.1051, MSE: 0.0487
2025-05-23 19:42:46 - INFO - Epoch 343/1000, Loss: 0.1314, Dice: 0.1154, MSE: 0.0535
2025-05-23 19:43:04 - INFO - Epoch 344/1000, Loss: 0.1551, Dice: 0.1403, MSE: 0.0495
2025-05-23 19:43:23 - INFO - Epoch 345/1000, Loss: 0.1241, Dice: 0.1098, MSE: 0.0477
2025-05-23 19:43:42 - INFO - Epoch 346/1000, Loss: 0.1116, Dice: 0.0957, MSE: 0.0530
2025-05-23 19:44:00 - INFO - Epoch 347/1000, Loss: 0.1370, Dice: 0.1217, MSE: 0.0511
2025-05-23 19:44:19 - INFO - Epoch 348/1000, Loss: 0.1549, Dice: 0.1394, MSE: 0.0518
2025-05-23 19:44:37 - INFO - Epoch 349/1000, Loss: 0.1228, Dice: 0.1087, MSE: 0.0469
2025-05-23 19:44:56 - INFO - Epoch 350/1000, Loss: 0.1242, Dice: 0.1087, MSE: 0.0515
2025-05-23 19:45:14 - INFO - Epoch 351/1000, Loss: 0.1256, Dice: 0.1103, MSE: 0.0512
2025-05-23 19:45:33 - INFO - Epoch 352/1000, Loss: 0.1029, Dice: 0.0881, MSE: 0.0492
2025-05-23 19:45:51 - INFO - Epoch 353/1000, Loss: 0.1069, Dice: 0.0920, MSE: 0.0495
2025-05-23 19:46:10 - INFO - Epoch 354/1000, Loss: 0.1152, Dice: 0.1007, MSE: 0.0483
2025-05-23 19:46:29 - INFO - Epoch 355/1000, Loss: 0.1200, Dice: 0.1049, MSE: 0.0502
2025-05-23 19:46:47 - INFO - Epoch 356/1000, Loss: 0.1145, Dice: 0.0990, MSE: 0.0515
2025-05-23 19:47:06 - INFO - Epoch 357/1000, Loss: 0.1287, Dice: 0.1143, MSE: 0.0478
2025-05-23 19:47:24 - INFO - Epoch 358/1000, Loss: 0.1293, Dice: 0.1143, MSE: 0.0502
2025-05-23 19:47:43 - INFO - Epoch 359/1000, Loss: 0.1141, Dice: 0.0980, MSE: 0.0537
2025-05-23 19:48:01 - INFO - Epoch 360/1000, Loss: 0.1236, Dice: 0.1074, MSE: 0.0541
2025-05-23 19:48:02 - INFO - 模型已保存至: epoch_360.pth
2025-05-23 19:48:21 - INFO - Epoch 361/1000, Loss: 0.1086, Dice: 0.0920, MSE: 0.0555
2025-05-23 19:48:39 - INFO - Epoch 362/1000, Loss: 0.1267, Dice: 0.1105, MSE: 0.0540
2025-05-23 19:48:58 - INFO - Epoch 363/1000, Loss: 0.1150, Dice: 0.0996, MSE: 0.0514
2025-05-23 19:49:16 - INFO - Epoch 364/1000, Loss: 0.1160, Dice: 0.1010, MSE: 0.0499
2025-05-23 19:49:35 - INFO - Epoch 365/1000, Loss: 0.1105, Dice: 0.0949, MSE: 0.0518
2025-05-23 19:49:53 - INFO - Epoch 366/1000, Loss: 0.1087, Dice: 0.0931, MSE: 0.0520
2025-05-23 19:50:12 - INFO - Epoch 367/1000, Loss: 0.1212, Dice: 0.1057, MSE: 0.0518
2025-05-23 19:50:30 - INFO - Epoch 368/1000, Loss: 0.1003, Dice: 0.0852, MSE: 0.0504
2025-05-23 19:50:49 - INFO - Epoch 369/1000, Loss: 0.1087, Dice: 0.0935, MSE: 0.0506
2025-05-23 19:51:08 - INFO - Epoch 370/1000, Loss: 0.1081, Dice: 0.0913, MSE: 0.0560
2025-05-23 19:51:26 - INFO - Epoch 371/1000, Loss: 0.1397, Dice: 0.1231, MSE: 0.0553
2025-05-23 19:51:45 - INFO - Epoch 372/1000, Loss: 0.1149, Dice: 0.0994, MSE: 0.0518
2025-05-23 19:52:03 - INFO - Epoch 373/1000, Loss: 0.1120, Dice: 0.0965, MSE: 0.0515
2025-05-23 19:52:22 - INFO - Epoch 374/1000, Loss: 0.1039, Dice: 0.0889, MSE: 0.0500
2025-05-23 19:52:40 - INFO - Epoch 375/1000, Loss: 0.1063, Dice: 0.0910, MSE: 0.0511
2025-05-23 19:52:59 - INFO - Epoch 376/1000, Loss: 0.1056, Dice: 0.0896, MSE: 0.0533
2025-05-23 19:53:18 - INFO - Epoch 377/1000, Loss: 0.1368, Dice: 0.1209, MSE: 0.0532
2025-05-23 19:53:36 - INFO - Epoch 378/1000, Loss: 0.1091, Dice: 0.0935, MSE: 0.0522
2025-05-23 19:53:55 - INFO - Epoch 379/1000, Loss: 0.1201, Dice: 0.1061, MSE: 0.0468
2025-05-23 19:54:13 - INFO - Epoch 380/1000, Loss: 0.0944, Dice: 0.0785, MSE: 0.0531
2025-05-23 19:54:14 - INFO - 模型已保存至: epoch_380.pth
2025-05-23 19:54:33 - INFO - Epoch 381/1000, Loss: 0.1298, Dice: 0.1133, MSE: 0.0552
2025-05-23 19:54:51 - INFO - Epoch 382/1000, Loss: 0.1248, Dice: 0.1102, MSE: 0.0487
2025-05-23 19:55:10 - INFO - Epoch 383/1000, Loss: 0.1282, Dice: 0.1141, MSE: 0.0469
2025-05-23 19:55:29 - INFO - Epoch 384/1000, Loss: 0.1120, Dice: 0.0973, MSE: 0.0489
2025-05-23 19:55:47 - INFO - Epoch 385/1000, Loss: 0.1367, Dice: 0.1207, MSE: 0.0533
2025-05-23 19:56:06 - INFO - Epoch 386/1000, Loss: 0.1183, Dice: 0.1029, MSE: 0.0513
2025-05-23 19:56:24 - INFO - Epoch 387/1000, Loss: 0.1198, Dice: 0.1040, MSE: 0.0527
2025-05-23 19:56:43 - INFO - Epoch 388/1000, Loss: 0.1172, Dice: 0.1016, MSE: 0.0522
2025-05-23 19:57:01 - INFO - Epoch 389/1000, Loss: 0.1275, Dice: 0.1126, MSE: 0.0498
2025-05-23 19:57:20 - INFO - Epoch 390/1000, Loss: 0.1220, Dice: 0.1064, MSE: 0.0518
2025-05-23 19:57:38 - INFO - Epoch 391/1000, Loss: 0.1624, Dice: 0.1485, MSE: 0.0466
2025-05-23 19:57:57 - INFO - Epoch 392/1000, Loss: 0.1647, Dice: 0.1506, MSE: 0.0470
2025-05-23 19:58:15 - INFO - Epoch 393/1000, Loss: 0.1270, Dice: 0.1133, MSE: 0.0455
2025-05-23 19:58:34 - INFO - Epoch 394/1000, Loss: 0.1238, Dice: 0.1083, MSE: 0.0514
2025-05-23 19:58:52 - INFO - Epoch 395/1000, Loss: 0.1838, Dice: 0.1678, MSE: 0.0531
2025-05-23 19:59:11 - INFO - Epoch 396/1000, Loss: 0.1422, Dice: 0.1279, MSE: 0.0479
2025-05-23 19:59:29 - INFO - Epoch 397/1000, Loss: 0.1269, Dice: 0.1122, MSE: 0.0490
2025-05-23 19:59:48 - INFO - Epoch 398/1000, Loss: 0.1264, Dice: 0.1083, MSE: 0.0603
2025-05-23 20:00:07 - INFO - Epoch 399/1000, Loss: 0.1112, Dice: 0.0952, MSE: 0.0534
2025-05-23 20:00:25 - INFO - Epoch 400/1000, Loss: 0.1572, Dice: 0.1419, MSE: 0.0512
2025-05-23 20:00:26 - INFO - 模型已保存至: epoch_400.pth
2025-05-23 20:00:45 - INFO - Epoch 401/1000, Loss: 0.1287, Dice: 0.1136, MSE: 0.0505
2025-05-23 20:01:03 - INFO - Epoch 402/1000, Loss: 0.1240, Dice: 0.1088, MSE: 0.0506
2025-05-23 20:01:22 - INFO - Epoch 403/1000, Loss: 0.1218, Dice: 0.1076, MSE: 0.0475
2025-05-23 20:01:40 - INFO - Epoch 404/1000, Loss: 0.1039, Dice: 0.0885, MSE: 0.0514
2025-05-23 20:01:59 - INFO - Epoch 405/1000, Loss: 0.1112, Dice: 0.0960, MSE: 0.0509
2025-05-23 20:02:17 - INFO - Epoch 406/1000, Loss: 0.0992, Dice: 0.0825, MSE: 0.0556
2025-05-23 20:02:36 - INFO - Epoch 407/1000, Loss: 0.1424, Dice: 0.1251, MSE: 0.0577
2025-05-23 20:02:55 - INFO - Epoch 408/1000, Loss: 0.0981, Dice: 0.0810, MSE: 0.0572
2025-05-23 20:03:13 - INFO - Epoch 409/1000, Loss: 0.1066, Dice: 0.0909, MSE: 0.0521
2025-05-23 20:03:32 - INFO - Epoch 410/1000, Loss: 0.1232, Dice: 0.1083, MSE: 0.0496
2025-05-23 20:03:50 - INFO - Epoch 411/1000, Loss: 0.1136, Dice: 0.0985, MSE: 0.0505
2025-05-23 20:04:09 - INFO - Epoch 412/1000, Loss: 0.0959, Dice: 0.0809, MSE: 0.0501
2025-05-23 20:04:27 - INFO - Epoch 413/1000, Loss: 0.1107, Dice: 0.0944, MSE: 0.0542
2025-05-23 20:04:46 - INFO - Epoch 414/1000, Loss: 0.1239, Dice: 0.1078, MSE: 0.0537
2025-05-23 20:05:05 - INFO - Epoch 415/1000, Loss: 0.1092, Dice: 0.0951, MSE: 0.0469
2025-05-23 20:05:23 - INFO - Epoch 416/1000, Loss: 0.1213, Dice: 0.1056, MSE: 0.0523
2025-05-23 20:05:42 - INFO - Epoch 417/1000, Loss: 0.1116, Dice: 0.0965, MSE: 0.0505
2025-05-23 20:06:00 - INFO - Epoch 418/1000, Loss: 0.1054, Dice: 0.0912, MSE: 0.0471
2025-05-23 20:06:19 - INFO - Epoch 419/1000, Loss: 0.1187, Dice: 0.1046, MSE: 0.0468
2025-05-23 20:06:37 - INFO - Epoch 420/1000, Loss: 0.1388, Dice: 0.1243, MSE: 0.0485
2025-05-23 20:06:38 - INFO - 模型已保存至: epoch_420.pth
2025-05-23 20:06:57 - INFO - Epoch 421/1000, Loss: 0.1034, Dice: 0.0902, MSE: 0.0441
2025-05-23 20:07:15 - INFO - Epoch 422/1000, Loss: 0.1027, Dice: 0.0876, MSE: 0.0502
2025-05-23 20:07:34 - INFO - Epoch 423/1000, Loss: 0.1032, Dice: 0.0883, MSE: 0.0495
2025-05-23 20:07:52 - INFO - Epoch 424/1000, Loss: 0.1093, Dice: 0.0945, MSE: 0.0495
2025-05-23 20:08:11 - INFO - Epoch 425/1000, Loss: 0.1124, Dice: 0.0974, MSE: 0.0502
2025-05-23 20:08:29 - INFO - Epoch 426/1000, Loss: 0.0990, Dice: 0.0846, MSE: 0.0480
2025-05-23 20:08:48 - INFO - Epoch 427/1000, Loss: 0.1029, Dice: 0.0886, MSE: 0.0477
2025-05-23 20:09:06 - INFO - Epoch 428/1000, Loss: 0.1002, Dice: 0.0859, MSE: 0.0478
2025-05-23 20:09:25 - INFO - Epoch 429/1000, Loss: 0.1112, Dice: 0.0963, MSE: 0.0497
2025-05-23 20:09:43 - INFO - Epoch 430/1000, Loss: 0.1031, Dice: 0.0882, MSE: 0.0498
2025-05-23 20:10:02 - INFO - Epoch 431/1000, Loss: 0.1092, Dice: 0.0939, MSE: 0.0512
2025-05-23 20:10:20 - INFO - Epoch 432/1000, Loss: 0.0960, Dice: 0.0808, MSE: 0.0508
2025-05-23 20:10:39 - INFO - Epoch 433/1000, Loss: 0.1053, Dice: 0.0893, MSE: 0.0532
2025-05-23 20:10:57 - INFO - Epoch 434/1000, Loss: 0.0961, Dice: 0.0810, MSE: 0.0503
2025-05-23 20:11:16 - INFO - Epoch 435/1000, Loss: 0.1047, Dice: 0.0902, MSE: 0.0482
2025-05-23 20:11:34 - INFO - Epoch 436/1000, Loss: 0.1447, Dice: 0.1301, MSE: 0.0486
2025-05-23 20:11:53 - INFO - Epoch 437/1000, Loss: 0.1037, Dice: 0.0884, MSE: 0.0510
2025-05-23 20:12:12 - INFO - Epoch 438/1000, Loss: 0.1057, Dice: 0.0905, MSE: 0.0507
2025-05-23 20:12:30 - INFO - Epoch 439/1000, Loss: 0.1060, Dice: 0.0926, MSE: 0.0444
2025-05-23 20:12:49 - INFO - Epoch 440/1000, Loss: 0.1103, Dice: 0.0961, MSE: 0.0473
2025-05-23 20:12:50 - INFO - 模型已保存至: epoch_440.pth
2025-05-23 20:13:08 - INFO - Epoch 441/1000, Loss: 0.1155, Dice: 0.0993, MSE: 0.0540
2025-05-23 20:13:27 - INFO - Epoch 442/1000, Loss: 0.1051, Dice: 0.0915, MSE: 0.0451
2025-05-23 20:13:45 - INFO - Epoch 443/1000, Loss: 0.0967, Dice: 0.0829, MSE: 0.0460
2025-05-23 20:14:04 - INFO - Epoch 444/1000, Loss: 0.0985, Dice: 0.0839, MSE: 0.0484
2025-05-23 20:14:23 - INFO - Epoch 445/1000, Loss: 0.0933, Dice: 0.0784, MSE: 0.0494
2025-05-23 20:14:41 - INFO - Epoch 446/1000, Loss: 0.1123, Dice: 0.0985, MSE: 0.0459
2025-05-23 20:15:00 - INFO - Epoch 447/1000, Loss: 0.1006, Dice: 0.0853, MSE: 0.0510
2025-05-23 20:15:18 - INFO - Epoch 448/1000, Loss: 0.1048, Dice: 0.0898, MSE: 0.0500
2025-05-23 20:15:36 - INFO - Epoch 449/1000, Loss: 0.1516, Dice: 0.1365, MSE: 0.0506
2025-05-23 20:15:55 - INFO - Epoch 450/1000, Loss: 0.1376, Dice: 0.1237, MSE: 0.0464
2025-05-23 20:16:13 - INFO - Epoch 451/1000, Loss: 0.1083, Dice: 0.0932, MSE: 0.0503
2025-05-23 20:16:32 - INFO - Epoch 452/1000, Loss: 0.1016, Dice: 0.0870, MSE: 0.0488
2025-05-23 20:16:51 - INFO - Epoch 453/1000, Loss: 0.1361, Dice: 0.1229, MSE: 0.0442
2025-05-23 20:17:09 - INFO - Epoch 454/1000, Loss: 0.1023, Dice: 0.0881, MSE: 0.0475
2025-05-23 20:17:28 - INFO - Epoch 455/1000, Loss: 0.1162, Dice: 0.1017, MSE: 0.0482
2025-05-23 20:17:46 - INFO - Epoch 456/1000, Loss: 0.1436, Dice: 0.1291, MSE: 0.0483
2025-05-23 20:18:05 - INFO - Epoch 457/1000, Loss: 0.1574, Dice: 0.1432, MSE: 0.0472
2025-05-23 20:18:23 - INFO - Epoch 458/1000, Loss: 0.1578, Dice: 0.1449, MSE: 0.0430
2025-05-23 20:18:42 - INFO - Epoch 459/1000, Loss: 0.1176, Dice: 0.1016, MSE: 0.0535
2025-05-23 20:19:00 - INFO - Epoch 460/1000, Loss: 0.1170, Dice: 0.1024, MSE: 0.0489
2025-05-23 20:19:01 - INFO - 模型已保存至: epoch_460.pth
2025-05-23 20:19:20 - INFO - Epoch 461/1000, Loss: 0.1093, Dice: 0.0955, MSE: 0.0459
2025-05-23 20:19:38 - INFO - Epoch 462/1000, Loss: 0.1267, Dice: 0.1111, MSE: 0.0518
2025-05-23 20:19:57 - INFO - Epoch 463/1000, Loss: 0.1054, Dice: 0.0899, MSE: 0.0515
2025-05-23 20:20:16 - INFO - Epoch 464/1000, Loss: 0.1091, Dice: 0.0947, MSE: 0.0480
2025-05-23 20:20:34 - INFO - Epoch 465/1000, Loss: 0.1071, Dice: 0.0918, MSE: 0.0511
2025-05-23 20:20:52 - INFO - Epoch 466/1000, Loss: 0.1238, Dice: 0.1095, MSE: 0.0475
2025-05-23 20:21:11 - INFO - Epoch 467/1000, Loss: 0.1028, Dice: 0.0882, MSE: 0.0486
2025-05-23 20:21:29 - INFO - Epoch 468/1000, Loss: 0.1028, Dice: 0.0883, MSE: 0.0482
2025-05-23 20:21:48 - INFO - Epoch 469/1000, Loss: 0.0928, Dice: 0.0774, MSE: 0.0514
2025-05-23 20:22:06 - INFO - Epoch 470/1000, Loss: 0.0982, Dice: 0.0836, MSE: 0.0486
2025-05-23 20:22:25 - INFO - Epoch 471/1000, Loss: 0.1186, Dice: 0.1040, MSE: 0.0487
2025-05-23 20:22:43 - INFO - Epoch 472/1000, Loss: 0.0925, Dice: 0.0766, MSE: 0.0531
2025-05-23 20:23:02 - INFO - Epoch 473/1000, Loss: 0.0980, Dice: 0.0837, MSE: 0.0480
2025-05-23 20:23:20 - INFO - Epoch 474/1000, Loss: 0.1016, Dice: 0.0868, MSE: 0.0493
2025-05-23 20:23:39 - INFO - Epoch 475/1000, Loss: 0.1029, Dice: 0.0875, MSE: 0.0514
2025-05-23 20:23:57 - INFO - Epoch 476/1000, Loss: 0.1183, Dice: 0.1034, MSE: 0.0496
2025-05-23 20:24:16 - INFO - Epoch 477/1000, Loss: 0.1020, Dice: 0.0874, MSE: 0.0487
2025-05-23 20:24:34 - INFO - Epoch 478/1000, Loss: 0.0969, Dice: 0.0820, MSE: 0.0495
2025-05-23 20:24:53 - INFO - Epoch 479/1000, Loss: 0.0966, Dice: 0.0821, MSE: 0.0485
2025-05-23 20:25:12 - INFO - Epoch 480/1000, Loss: 0.0854, Dice: 0.0719, MSE: 0.0449
2025-05-23 20:25:13 - INFO - 模型已保存至: epoch_480.pth
2025-05-23 20:25:31 - INFO - Epoch 481/1000, Loss: 0.0906, Dice: 0.0759, MSE: 0.0488
2025-05-23 20:25:50 - INFO - Epoch 482/1000, Loss: 0.0945, Dice: 0.0808, MSE: 0.0457
2025-05-23 20:26:08 - INFO - Epoch 483/1000, Loss: 0.1333, Dice: 0.1194, MSE: 0.0465
2025-05-23 20:26:27 - INFO - Epoch 484/1000, Loss: 0.1023, Dice: 0.0871, MSE: 0.0505
2025-05-23 20:26:45 - INFO - Epoch 485/1000, Loss: 0.1101, Dice: 0.0958, MSE: 0.0477
2025-05-23 20:27:04 - INFO - Epoch 486/1000, Loss: 0.1401, Dice: 0.1254, MSE: 0.0489
2025-05-23 20:27:22 - INFO - Epoch 487/1000, Loss: 0.1069, Dice: 0.0917, MSE: 0.0506
2025-05-23 20:27:41 - INFO - Epoch 488/1000, Loss: 0.0990, Dice: 0.0841, MSE: 0.0496
2025-05-23 20:28:00 - INFO - Epoch 489/1000, Loss: 0.1149, Dice: 0.0992, MSE: 0.0526
2025-05-23 20:28:18 - INFO - Epoch 490/1000, Loss: 0.0981, Dice: 0.0835, MSE: 0.0487
2025-05-23 20:28:37 - INFO - Epoch 491/1000, Loss: 0.1057, Dice: 0.0912, MSE: 0.0483
2025-05-23 20:28:55 - INFO - Epoch 492/1000, Loss: 0.2216, Dice: 0.2065, MSE: 0.0501
2025-05-23 20:29:14 - INFO - Epoch 493/1000, Loss: 0.2642, Dice: 0.2493, MSE: 0.0498
2025-05-23 20:29:32 - INFO - Epoch 494/1000, Loss: 0.1850, Dice: 0.1720, MSE: 0.0434
2025-05-23 20:29:51 - INFO - Epoch 495/1000, Loss: 0.1826, Dice: 0.1704, MSE: 0.0405
2025-05-23 20:30:09 - INFO - Epoch 496/1000, Loss: 0.3040, Dice: 0.2896, MSE: 0.0481
2025-05-23 20:30:28 - INFO - Epoch 497/1000, Loss: 0.1839, Dice: 0.1719, MSE: 0.0402
2025-05-23 20:30:46 - INFO - Epoch 498/1000, Loss: 0.1571, Dice: 0.1438, MSE: 0.0444
2025-05-23 20:31:05 - INFO - Epoch 499/1000, Loss: 0.1629, Dice: 0.1503, MSE: 0.0419
2025-05-23 20:31:23 - INFO - Epoch 500/1000, Loss: 0.2129, Dice: 0.1996, MSE: 0.0444
2025-05-23 20:31:24 - INFO - 模型已保存至: epoch_500.pth
2025-05-23 20:31:43 - INFO - Epoch 501/1000, Loss: 0.1357, Dice: 0.1237, MSE: 0.0398
2025-05-23 20:32:01 - INFO - Epoch 502/1000, Loss: 0.1319, Dice: 0.1182, MSE: 0.0457
2025-05-23 20:32:20 - INFO - Epoch 503/1000, Loss: 0.1633, Dice: 0.1486, MSE: 0.0491
2025-05-23 20:32:38 - INFO - Epoch 504/1000, Loss: 0.1145, Dice: 0.1021, MSE: 0.0411
2025-05-23 20:32:57 - INFO - Epoch 505/1000, Loss: 0.1064, Dice: 0.0922, MSE: 0.0472
2025-05-23 20:33:15 - INFO - Epoch 506/1000, Loss: 0.0986, Dice: 0.0856, MSE: 0.0435
2025-05-23 20:33:34 - INFO - Epoch 507/1000, Loss: 0.0999, Dice: 0.0862, MSE: 0.0455
2025-05-23 20:33:52 - INFO - Epoch 508/1000, Loss: 0.1223, Dice: 0.1079, MSE: 0.0478
2025-05-23 20:34:11 - INFO - Epoch 509/1000, Loss: 0.1517, Dice: 0.1385, MSE: 0.0441
2025-05-23 20:34:29 - INFO - Epoch 510/1000, Loss: 0.1232, Dice: 0.1104, MSE: 0.0429
2025-05-23 20:34:48 - INFO - Epoch 511/1000, Loss: 0.1431, Dice: 0.1293, MSE: 0.0462
2025-05-23 20:35:06 - INFO - Epoch 512/1000, Loss: 0.1145, Dice: 0.1004, MSE: 0.0468
2025-05-23 20:35:25 - INFO - Epoch 513/1000, Loss: 0.1203, Dice: 0.1073, MSE: 0.0434
2025-05-23 20:35:43 - INFO - Epoch 514/1000, Loss: 0.1013, Dice: 0.0878, MSE: 0.0449
2025-05-23 20:36:02 - INFO - Epoch 515/1000, Loss: 0.1025, Dice: 0.0890, MSE: 0.0449
2025-05-23 20:36:20 - INFO - Epoch 516/1000, Loss: 0.1100, Dice: 0.0979, MSE: 0.0403
2025-05-23 20:36:39 - INFO - Epoch 517/1000, Loss: 0.1051, Dice: 0.0919, MSE: 0.0440
2025-05-23 20:36:57 - INFO - Epoch 518/1000, Loss: 0.1176, Dice: 0.1040, MSE: 0.0455
2025-05-23 20:37:16 - INFO - Epoch 519/1000, Loss: 0.0989, Dice: 0.0846, MSE: 0.0476
2025-05-23 20:37:34 - INFO - Epoch 520/1000, Loss: 0.1034, Dice: 0.0894, MSE: 0.0466
2025-05-23 20:37:35 - INFO - 模型已保存至: epoch_520.pth
2025-05-23 20:37:54 - INFO - Epoch 521/1000, Loss: 0.1100, Dice: 0.0955, MSE: 0.0483
2025-05-23 20:38:12 - INFO - Epoch 522/1000, Loss: 0.1047, Dice: 0.0909, MSE: 0.0460
2025-05-23 20:38:31 - INFO - Epoch 523/1000, Loss: 0.1192, Dice: 0.1047, MSE: 0.0482
2025-05-23 20:38:49 - INFO - Epoch 524/1000, Loss: 0.1125, Dice: 0.0995, MSE: 0.0434
2025-05-23 20:39:08 - INFO - Epoch 525/1000, Loss: 0.0961, Dice: 0.0815, MSE: 0.0489
2025-05-23 20:39:26 - INFO - Epoch 526/1000, Loss: 0.0985, Dice: 0.0842, MSE: 0.0479
2025-05-23 20:39:45 - INFO - Epoch 527/1000, Loss: 0.0878, Dice: 0.0729, MSE: 0.0495
2025-05-23 20:40:03 - INFO - Epoch 528/1000, Loss: 0.1028, Dice: 0.0883, MSE: 0.0483
2025-05-23 20:40:22 - INFO - Epoch 529/1000, Loss: 0.0920, Dice: 0.0781, MSE: 0.0466
2025-05-23 20:40:40 - INFO - Epoch 530/1000, Loss: 0.0954, Dice: 0.0809, MSE: 0.0485
2025-05-23 20:40:59 - INFO - Epoch 531/1000, Loss: 0.0877, Dice: 0.0745, MSE: 0.0440
2025-05-23 20:41:17 - INFO - Epoch 532/1000, Loss: 0.0960, Dice: 0.0825, MSE: 0.0449
2025-05-23 20:41:36 - INFO - Epoch 533/1000, Loss: 0.0978, Dice: 0.0837, MSE: 0.0469
2025-05-23 20:41:54 - INFO - Epoch 534/1000, Loss: 0.1045, Dice: 0.0912, MSE: 0.0445
2025-05-23 20:42:13 - INFO - Epoch 535/1000, Loss: 0.0934, Dice: 0.0800, MSE: 0.0448
2025-05-23 20:42:31 - INFO - Epoch 536/1000, Loss: 0.0888, Dice: 0.0740, MSE: 0.0493
2025-05-23 20:42:50 - INFO - Epoch 537/1000, Loss: 0.0823, Dice: 0.0683, MSE: 0.0468
2025-05-23 20:43:08 - INFO - Epoch 538/1000, Loss: 0.1058, Dice: 0.0909, MSE: 0.0495
2025-05-23 20:43:27 - INFO - Epoch 539/1000, Loss: 0.0882, Dice: 0.0746, MSE: 0.0455
2025-05-23 20:43:45 - INFO - Epoch 540/1000, Loss: 0.1012, Dice: 0.0864, MSE: 0.0494
2025-05-23 20:43:46 - INFO - 模型已保存至: epoch_540.pth
2025-05-23 20:44:05 - INFO - Epoch 541/1000, Loss: 0.1207, Dice: 0.1080, MSE: 0.0426
2025-05-23 20:44:24 - INFO - Epoch 542/1000, Loss: 0.1004, Dice: 0.0868, MSE: 0.0453
2025-05-23 20:44:42 - INFO - Epoch 543/1000, Loss: 0.1423, Dice: 0.1293, MSE: 0.0435
2025-05-23 20:45:01 - INFO - Epoch 544/1000, Loss: 0.0901, Dice: 0.0773, MSE: 0.0426
2025-05-23 20:45:19 - INFO - Epoch 545/1000, Loss: 0.0882, Dice: 0.0738, MSE: 0.0480
2025-05-23 20:45:38 - INFO - Epoch 546/1000, Loss: 0.0871, Dice: 0.0746, MSE: 0.0415
2025-05-23 20:45:56 - INFO - Epoch 547/1000, Loss: 0.1456, Dice: 0.1323, MSE: 0.0443
2025-05-23 20:46:15 - INFO - Epoch 548/1000, Loss: 0.0928, Dice: 0.0795, MSE: 0.0442
2025-05-23 20:46:33 - INFO - Epoch 549/1000, Loss: 0.0891, Dice: 0.0768, MSE: 0.0410
2025-05-23 20:46:52 - INFO - Epoch 550/1000, Loss: 0.1043, Dice: 0.0905, MSE: 0.0459
2025-05-23 20:47:10 - INFO - Epoch 551/1000, Loss: 0.1054, Dice: 0.0921, MSE: 0.0443
2025-05-23 20:47:29 - INFO - Epoch 552/1000, Loss: 0.1024, Dice: 0.0895, MSE: 0.0428
2025-05-23 20:47:47 - INFO - Epoch 553/1000, Loss: 0.0953, Dice: 0.0813, MSE: 0.0465
2025-05-23 20:48:06 - INFO - Epoch 554/1000, Loss: 0.0973, Dice: 0.0843, MSE: 0.0431
2025-05-23 20:48:24 - INFO - Epoch 555/1000, Loss: 0.1123, Dice: 0.0997, MSE: 0.0421
2025-05-23 20:48:43 - INFO - Epoch 556/1000, Loss: 0.0942, Dice: 0.0810, MSE: 0.0440
2025-05-23 20:49:01 - INFO - Epoch 557/1000, Loss: 0.0893, Dice: 0.0756, MSE: 0.0457
2025-05-23 20:49:20 - INFO - Epoch 558/1000, Loss: 0.0917, Dice: 0.0788, MSE: 0.0431
2025-05-23 20:49:38 - INFO - Epoch 559/1000, Loss: 0.0951, Dice: 0.0810, MSE: 0.0472
2025-05-23 20:49:57 - INFO - Epoch 560/1000, Loss: 0.0901, Dice: 0.0765, MSE: 0.0452
2025-05-23 20:49:58 - INFO - 模型已保存至: epoch_560.pth
2025-05-23 20:50:16 - INFO - Epoch 561/1000, Loss: 0.0973, Dice: 0.0840, MSE: 0.0443
2025-05-23 20:50:35 - INFO - Epoch 562/1000, Loss: 0.0844, Dice: 0.0719, MSE: 0.0416
2025-05-23 20:50:53 - INFO - Epoch 563/1000, Loss: 0.1249, Dice: 0.1123, MSE: 0.0421
2025-05-23 20:51:12 - INFO - Epoch 564/1000, Loss: 0.0959, Dice: 0.0832, MSE: 0.0422
2025-05-23 20:51:30 - INFO - Epoch 565/1000, Loss: 0.1008, Dice: 0.0878, MSE: 0.0434
2025-05-23 20:51:49 - INFO - Epoch 566/1000, Loss: 0.1141, Dice: 0.1011, MSE: 0.0432
2025-05-23 20:52:08 - INFO - Epoch 567/1000, Loss: 0.1523, Dice: 0.1390, MSE: 0.0443
2025-05-23 20:52:26 - INFO - Epoch 568/1000, Loss: 0.1359, Dice: 0.1204, MSE: 0.0517
2025-05-23 20:52:45 - INFO - Epoch 569/1000, Loss: 0.1104, Dice: 0.0955, MSE: 0.0496
2025-05-23 20:53:03 - INFO - Epoch 570/1000, Loss: 0.1218, Dice: 0.1053, MSE: 0.0551
2025-05-23 20:53:22 - INFO - Epoch 571/1000, Loss: 0.1222, Dice: 0.1071, MSE: 0.0502
2025-05-23 20:53:40 - INFO - Epoch 572/1000, Loss: 0.1133, Dice: 0.1001, MSE: 0.0440
2025-05-23 20:53:59 - INFO - Epoch 573/1000, Loss: 0.1108, Dice: 0.0957, MSE: 0.0505
2025-05-23 20:54:17 - INFO - Epoch 574/1000, Loss: 0.1023, Dice: 0.0857, MSE: 0.0553
2025-05-23 20:54:36 - INFO - Epoch 575/1000, Loss: 0.1019, Dice: 0.0862, MSE: 0.0526
2025-05-23 20:54:54 - INFO - Epoch 576/1000, Loss: 0.1118, Dice: 0.0974, MSE: 0.0479
2025-05-23 20:55:13 - INFO - Epoch 577/1000, Loss: 0.1030, Dice: 0.0872, MSE: 0.0527
2025-05-23 20:55:31 - INFO - Epoch 578/1000, Loss: 0.1035, Dice: 0.0880, MSE: 0.0516
2025-05-23 20:55:50 - INFO - Epoch 579/1000, Loss: 0.1128, Dice: 0.0991, MSE: 0.0458
2025-05-23 20:56:09 - INFO - Epoch 580/1000, Loss: 0.0907, Dice: 0.0765, MSE: 0.0475
2025-05-23 20:56:10 - INFO - 模型已保存至: epoch_580.pth
2025-05-23 20:56:28 - INFO - Epoch 581/1000, Loss: 0.0894, Dice: 0.0752, MSE: 0.0473
2025-05-23 20:56:47 - INFO - Epoch 582/1000, Loss: 0.0920, Dice: 0.0775, MSE: 0.0484
2025-05-23 20:57:05 - INFO - Epoch 583/1000, Loss: 0.0939, Dice: 0.0804, MSE: 0.0450
2025-05-23 20:57:24 - INFO - Epoch 584/1000, Loss: 0.0908, Dice: 0.0762, MSE: 0.0486
2025-05-23 20:57:42 - INFO - Epoch 585/1000, Loss: 0.0988, Dice: 0.0857, MSE: 0.0437
2025-05-23 20:58:01 - INFO - Epoch 586/1000, Loss: 0.0970, Dice: 0.0828, MSE: 0.0474
2025-05-23 20:58:19 - INFO - Epoch 587/1000, Loss: 0.1017, Dice: 0.0882, MSE: 0.0450
2025-05-23 20:58:38 - INFO - Epoch 588/1000, Loss: 0.0926, Dice: 0.0793, MSE: 0.0444
2025-05-23 20:58:57 - INFO - Epoch 589/1000, Loss: 0.1105, Dice: 0.0974, MSE: 0.0437
2025-05-23 20:59:15 - INFO - Epoch 590/1000, Loss: 0.0946, Dice: 0.0816, MSE: 0.0435
2025-05-23 20:59:33 - INFO - Epoch 591/1000, Loss: 0.1195, Dice: 0.1070, MSE: 0.0414
2025-05-23 20:59:52 - INFO - Epoch 592/1000, Loss: 0.1600, Dice: 0.1459, MSE: 0.0471
2025-05-23 21:00:11 - INFO - Epoch 593/1000, Loss: 0.1640, Dice: 0.1510, MSE: 0.0432
2025-05-23 21:00:29 - INFO - Epoch 594/1000, Loss: 0.1247, Dice: 0.1126, MSE: 0.0404
2025-05-23 21:00:47 - INFO - Epoch 595/1000, Loss: 0.1418, Dice: 0.1299, MSE: 0.0396
2025-05-23 21:01:06 - INFO - Epoch 596/1000, Loss: 0.1177, Dice: 0.1067, MSE: 0.0368
2025-05-23 21:01:24 - INFO - Epoch 597/1000, Loss: 0.1128, Dice: 0.0996, MSE: 0.0439
2025-05-23 21:01:43 - INFO - Epoch 598/1000, Loss: 0.1185, Dice: 0.1055, MSE: 0.0433
2025-05-23 21:02:01 - INFO - Epoch 599/1000, Loss: 0.1055, Dice: 0.0934, MSE: 0.0403
2025-05-23 21:02:20 - INFO - Epoch 600/1000, Loss: 0.1044, Dice: 0.0926, MSE: 0.0391
2025-05-23 21:02:21 - INFO - 模型已保存至: epoch_600.pth
2025-05-23 21:02:39 - INFO - Epoch 601/1000, Loss: 0.0987, Dice: 0.0870, MSE: 0.0388
2025-05-23 21:02:58 - INFO - Epoch 602/1000, Loss: 0.1789, Dice: 0.1674, MSE: 0.0385
2025-05-23 21:03:16 - INFO - Epoch 603/1000, Loss: 0.1149, Dice: 0.1024, MSE: 0.0416
2025-05-23 21:03:35 - INFO - Epoch 604/1000, Loss: 0.0919, Dice: 0.0796, MSE: 0.0411
2025-05-23 21:03:53 - INFO - Epoch 605/1000, Loss: 0.0998, Dice: 0.0865, MSE: 0.0443
2025-05-23 21:04:12 - INFO - Epoch 606/1000, Loss: 0.0962, Dice: 0.0820, MSE: 0.0475
2025-05-23 21:04:30 - INFO - Epoch 607/1000, Loss: 0.0879, Dice: 0.0758, MSE: 0.0403
2025-05-23 21:04:49 - INFO - Epoch 608/1000, Loss: 0.0864, Dice: 0.0748, MSE: 0.0389
2025-05-23 21:05:08 - INFO - Epoch 609/1000, Loss: 0.0903, Dice: 0.0766, MSE: 0.0457
2025-05-23 21:05:26 - INFO - Epoch 610/1000, Loss: 0.0883, Dice: 0.0748, MSE: 0.0450
2025-05-23 21:05:45 - INFO - Epoch 611/1000, Loss: 0.1125, Dice: 0.0980, MSE: 0.0482
2025-05-23 21:06:03 - INFO - Epoch 612/1000, Loss: 0.1005, Dice: 0.0865, MSE: 0.0470
2025-05-23 21:06:22 - INFO - Epoch 613/1000, Loss: 0.1256, Dice: 0.1125, MSE: 0.0438
2025-05-23 21:06:40 - INFO - Epoch 614/1000, Loss: 0.1229, Dice: 0.1092, MSE: 0.0455
2025-05-23 21:06:59 - INFO - Epoch 615/1000, Loss: 0.1152, Dice: 0.1018, MSE: 0.0447
2025-05-23 21:07:17 - INFO - Epoch 616/1000, Loss: 0.1396, Dice: 0.1263, MSE: 0.0442
2025-05-23 21:07:36 - INFO - Epoch 617/1000, Loss: 0.0956, Dice: 0.0834, MSE: 0.0405
2025-05-23 21:07:55 - INFO - Epoch 618/1000, Loss: 0.0887, Dice: 0.0752, MSE: 0.0448
2025-05-23 21:08:13 - INFO - Epoch 619/1000, Loss: 0.0842, Dice: 0.0698, MSE: 0.0482
2025-05-23 21:08:32 - INFO - Epoch 620/1000, Loss: 0.0881, Dice: 0.0757, MSE: 0.0412
2025-05-23 21:08:33 - INFO - 模型已保存至: epoch_620.pth
2025-05-23 21:08:51 - INFO - Epoch 621/1000, Loss: 0.0877, Dice: 0.0759, MSE: 0.0395
2025-05-23 21:09:10 - INFO - Epoch 622/1000, Loss: 0.0920, Dice: 0.0787, MSE: 0.0444
2025-05-23 21:09:28 - INFO - Epoch 623/1000, Loss: 0.0881, Dice: 0.0761, MSE: 0.0399
2025-05-23 21:09:47 - INFO - Epoch 624/1000, Loss: 0.1074, Dice: 0.0946, MSE: 0.0426
2025-05-23 21:10:05 - INFO - Epoch 625/1000, Loss: 0.1305, Dice: 0.1189, MSE: 0.0387
2025-05-23 21:10:24 - INFO - Epoch 626/1000, Loss: 0.1002, Dice: 0.0874, MSE: 0.0427
2025-05-23 21:10:42 - INFO - Epoch 627/1000, Loss: 0.0899, Dice: 0.0775, MSE: 0.0411
2025-05-23 21:11:01 - INFO - Epoch 628/1000, Loss: 0.0887, Dice: 0.0764, MSE: 0.0409
2025-05-23 21:11:19 - INFO - Epoch 629/1000, Loss: 0.0890, Dice: 0.0768, MSE: 0.0408
2025-05-23 21:11:38 - INFO - Epoch 630/1000, Loss: 0.1091, Dice: 0.0961, MSE: 0.0434
2025-05-23 21:11:56 - INFO - Epoch 631/1000, Loss: 0.1073, Dice: 0.0951, MSE: 0.0407
2025-05-23 21:12:15 - INFO - Epoch 632/1000, Loss: 0.1249, Dice: 0.1130, MSE: 0.0398
2025-05-23 21:12:33 - INFO - Epoch 633/1000, Loss: 0.0934, Dice: 0.0803, MSE: 0.0437
2025-05-23 21:12:51 - INFO - Epoch 634/1000, Loss: 0.0865, Dice: 0.0733, MSE: 0.0442
2025-05-23 21:13:10 - INFO - Epoch 635/1000, Loss: 0.1108, Dice: 0.0987, MSE: 0.0403
2025-05-23 21:13:29 - INFO - Epoch 636/1000, Loss: 0.1111, Dice: 0.0989, MSE: 0.0408
2025-05-23 21:13:47 - INFO - Epoch 637/1000, Loss: 0.0921, Dice: 0.0790, MSE: 0.0438
2025-05-23 21:14:06 - INFO - Epoch 638/1000, Loss: 0.0833, Dice: 0.0705, MSE: 0.0429
2025-05-23 21:14:24 - INFO - Epoch 639/1000, Loss: 0.0925, Dice: 0.0801, MSE: 0.0413
2025-05-23 21:14:43 - INFO - Epoch 640/1000, Loss: 0.0897, Dice: 0.0770, MSE: 0.0423
2025-05-23 21:14:44 - INFO - 模型已保存至: epoch_640.pth
2025-05-23 21:15:02 - INFO - Epoch 641/1000, Loss: 0.0861, Dice: 0.0737, MSE: 0.0411
2025-05-23 21:15:21 - INFO - Epoch 642/1000, Loss: 0.0851, Dice: 0.0735, MSE: 0.0385
2025-05-23 21:15:40 - INFO - Epoch 643/1000, Loss: 0.0966, Dice: 0.0841, MSE: 0.0415
2025-05-23 21:15:58 - INFO - Epoch 644/1000, Loss: 0.0829, Dice: 0.0699, MSE: 0.0432
2025-05-23 21:16:17 - INFO - Epoch 645/1000, Loss: 0.0862, Dice: 0.0732, MSE: 0.0433
2025-05-23 21:16:35 - INFO - Epoch 646/1000, Loss: 0.0892, Dice: 0.0774, MSE: 0.0392
2025-05-23 21:16:54 - INFO - Epoch 647/1000, Loss: 0.0805, Dice: 0.0688, MSE: 0.0391
2025-05-23 21:17:12 - INFO - Epoch 648/1000, Loss: 0.0893, Dice: 0.0766, MSE: 0.0424
2025-05-23 21:17:31 - INFO - Epoch 649/1000, Loss: 0.1196, Dice: 0.1073, MSE: 0.0407
2025-05-23 21:17:49 - INFO - Epoch 650/1000, Loss: 0.0990, Dice: 0.0874, MSE: 0.0387
2025-05-23 21:18:08 - INFO - Epoch 651/1000, Loss: 0.0846, Dice: 0.0715, MSE: 0.0438
2025-05-23 21:18:26 - INFO - Epoch 652/1000, Loss: 0.0856, Dice: 0.0727, MSE: 0.0431
2025-05-23 21:18:45 - INFO - Epoch 653/1000, Loss: 0.0939, Dice: 0.0818, MSE: 0.0404
2025-05-23 21:19:03 - INFO - Epoch 654/1000, Loss: 0.0853, Dice: 0.0722, MSE: 0.0439
2025-05-23 21:19:22 - INFO - Epoch 655/1000, Loss: 0.0859, Dice: 0.0730, MSE: 0.0427
2025-05-23 21:19:40 - INFO - Epoch 656/1000, Loss: 0.0845, Dice: 0.0727, MSE: 0.0395
2025-05-23 21:19:59 - INFO - Epoch 657/1000, Loss: 0.0822, Dice: 0.0708, MSE: 0.0379
2025-05-23 21:20:17 - INFO - Epoch 658/1000, Loss: 0.0823, Dice: 0.0709, MSE: 0.0377
2025-05-23 21:20:36 - INFO - Epoch 659/1000, Loss: 0.0759, Dice: 0.0630, MSE: 0.0431
2025-05-23 21:20:55 - INFO - Epoch 660/1000, Loss: 0.0890, Dice: 0.0740, MSE: 0.0501
2025-05-23 21:20:56 - INFO - 模型已保存至: epoch_660.pth
2025-05-23 21:21:14 - INFO - Epoch 661/1000, Loss: 0.0811, Dice: 0.0675, MSE: 0.0453
2025-05-23 21:21:33 - INFO - Epoch 662/1000, Loss: 0.0857, Dice: 0.0722, MSE: 0.0449
2025-05-23 21:21:51 - INFO - Epoch 663/1000, Loss: 0.1167, Dice: 0.1045, MSE: 0.0408
2025-05-23 21:22:10 - INFO - Epoch 664/1000, Loss: 0.0865, Dice: 0.0730, MSE: 0.0452
2025-05-23 21:22:28 - INFO - Epoch 665/1000, Loss: 0.0778, Dice: 0.0633, MSE: 0.0485
2025-05-23 21:22:47 - INFO - Epoch 666/1000, Loss: 0.0964, Dice: 0.0838, MSE: 0.0421
2025-05-23 21:23:06 - INFO - Epoch 667/1000, Loss: 0.0824, Dice: 0.0711, MSE: 0.0377
2025-05-23 21:23:24 - INFO - Epoch 668/1000, Loss: 0.0733, Dice: 0.0603, MSE: 0.0434
2025-05-23 21:23:42 - INFO - Epoch 669/1000, Loss: 0.0843, Dice: 0.0706, MSE: 0.0459
2025-05-23 21:24:01 - INFO - Epoch 670/1000, Loss: 0.0795, Dice: 0.0667, MSE: 0.0426
2025-05-23 21:24:19 - INFO - Epoch 671/1000, Loss: 0.0874, Dice: 0.0741, MSE: 0.0443
2025-05-23 21:24:38 - INFO - Epoch 672/1000, Loss: 0.0944, Dice: 0.0808, MSE: 0.0453
2025-05-23 21:24:56 - INFO - Epoch 673/1000, Loss: 0.0878, Dice: 0.0750, MSE: 0.0428
2025-05-23 21:25:15 - INFO - Epoch 674/1000, Loss: 0.0789, Dice: 0.0674, MSE: 0.0381
2025-05-23 21:25:33 - INFO - Epoch 675/1000, Loss: 0.0775, Dice: 0.0643, MSE: 0.0439
2025-05-23 21:25:52 - INFO - Epoch 676/1000, Loss: 0.0978, Dice: 0.0844, MSE: 0.0448
2025-05-23 21:26:10 - INFO - Epoch 677/1000, Loss: 0.0708, Dice: 0.0573, MSE: 0.0451
2025-05-23 21:26:29 - INFO - Epoch 678/1000, Loss: 0.0768, Dice: 0.0641, MSE: 0.0424
2025-05-23 21:26:47 - INFO - Epoch 679/1000, Loss: 0.0782, Dice: 0.0659, MSE: 0.0412
2025-05-23 21:27:06 - INFO - Epoch 680/1000, Loss: 0.0813, Dice: 0.0685, MSE: 0.0424
2025-05-23 21:27:07 - INFO - 模型已保存至: epoch_680.pth
2025-05-23 21:27:26 - INFO - Epoch 681/1000, Loss: 0.0937, Dice: 0.0815, MSE: 0.0406
2025-05-23 21:27:44 - INFO - Epoch 682/1000, Loss: 0.0833, Dice: 0.0705, MSE: 0.0427
2025-05-23 21:28:03 - INFO - Epoch 683/1000, Loss: 0.0902, Dice: 0.0783, MSE: 0.0394
2025-05-23 21:28:21 - INFO - Epoch 684/1000, Loss: 0.0931, Dice: 0.0810, MSE: 0.0403
2025-05-23 21:28:40 - INFO - Epoch 685/1000, Loss: 0.0905, Dice: 0.0791, MSE: 0.0378
2025-05-23 21:28:58 - INFO - Epoch 686/1000, Loss: 0.0871, Dice: 0.0761, MSE: 0.0365
2025-05-23 21:29:17 - INFO - Epoch 687/1000, Loss: 0.0827, Dice: 0.0700, MSE: 0.0424
2025-05-23 21:29:35 - INFO - Epoch 688/1000, Loss: 0.0883, Dice: 0.0757, MSE: 0.0420
2025-05-23 21:29:53 - INFO - Epoch 689/1000, Loss: 0.0885, Dice: 0.0764, MSE: 0.0402
2025-05-23 21:30:12 - INFO - Epoch 690/1000, Loss: 0.0828, Dice: 0.0700, MSE: 0.0424
2025-05-23 21:30:30 - INFO - Epoch 691/1000, Loss: 0.0942, Dice: 0.0818, MSE: 0.0413
2025-05-23 21:30:49 - INFO - Epoch 692/1000, Loss: 0.0888, Dice: 0.0765, MSE: 0.0407
2025-05-23 21:31:08 - INFO - Epoch 693/1000, Loss: 0.0837, Dice: 0.0724, MSE: 0.0377
2025-05-23 21:31:26 - INFO - Epoch 694/1000, Loss: 0.0908, Dice: 0.0788, MSE: 0.0399
2025-05-23 21:31:45 - INFO - Epoch 695/1000, Loss: 0.0852, Dice: 0.0730, MSE: 0.0407
2025-05-23 21:32:03 - INFO - Epoch 696/1000, Loss: 0.0820, Dice: 0.0703, MSE: 0.0392
2025-05-23 21:32:22 - INFO - Epoch 697/1000, Loss: 0.1330, Dice: 0.1205, MSE: 0.0419
2025-05-23 21:32:40 - INFO - Epoch 698/1000, Loss: 0.1246, Dice: 0.1135, MSE: 0.0370
2025-05-23 21:32:59 - INFO - Epoch 699/1000, Loss: 0.1215, Dice: 0.1097, MSE: 0.0392
2025-05-23 21:33:17 - INFO - Epoch 700/1000, Loss: 0.1266, Dice: 0.1156, MSE: 0.0368
2025-05-23 21:33:18 - INFO - 模型已保存至: epoch_700.pth
2025-05-23 21:33:37 - INFO - Epoch 701/1000, Loss: 0.1077, Dice: 0.0966, MSE: 0.0372
2025-05-23 21:33:55 - INFO - Epoch 702/1000, Loss: 0.0914, Dice: 0.0807, MSE: 0.0355
2025-05-23 21:34:14 - INFO - Epoch 703/1000, Loss: 0.0872, Dice: 0.0758, MSE: 0.0379
2025-05-23 21:34:32 - INFO - Epoch 704/1000, Loss: 0.0874, Dice: 0.0750, MSE: 0.0413
2025-05-23 21:34:51 - INFO - Epoch 705/1000, Loss: 0.0916, Dice: 0.0797, MSE: 0.0396
2025-05-23 21:35:09 - INFO - Epoch 706/1000, Loss: 0.0769, Dice: 0.0653, MSE: 0.0389
2025-05-23 21:35:28 - INFO - Epoch 707/1000, Loss: 0.1055, Dice: 0.0944, MSE: 0.0370
2025-05-23 21:35:46 - INFO - Epoch 708/1000, Loss: 0.2240, Dice: 0.2096, MSE: 0.0480
2025-05-23 21:36:05 - INFO - Epoch 709/1000, Loss: 0.2152, Dice: 0.2034, MSE: 0.0392
2025-05-23 21:36:23 - INFO - Epoch 710/1000, Loss: 0.1592, Dice: 0.1490, MSE: 0.0340
2025-05-23 21:36:42 - INFO - Epoch 711/1000, Loss: 0.1418, Dice: 0.1297, MSE: 0.0402
2025-05-23 21:37:00 - INFO - Epoch 712/1000, Loss: 0.1096, Dice: 0.0979, MSE: 0.0390
2025-05-23 21:37:19 - INFO - Epoch 713/1000, Loss: 0.1165, Dice: 0.1049, MSE: 0.0386
2025-05-23 21:37:37 - INFO - Epoch 714/1000, Loss: 0.1104, Dice: 0.0991, MSE: 0.0378
2025-05-23 21:37:56 - INFO - Epoch 715/1000, Loss: 0.1086, Dice: 0.0980, MSE: 0.0353
2025-05-23 21:38:14 - INFO - Epoch 716/1000, Loss: 0.1092, Dice: 0.0976, MSE: 0.0386
2025-05-23 21:38:32 - INFO - Epoch 717/1000, Loss: 0.1120, Dice: 0.1000, MSE: 0.0403
2025-05-23 21:38:51 - INFO - Epoch 718/1000, Loss: 0.0875, Dice: 0.0746, MSE: 0.0431
2025-05-23 21:39:09 - INFO - Epoch 719/1000, Loss: 0.1154, Dice: 0.1053, MSE: 0.0335
2025-05-23 21:39:28 - INFO - Epoch 720/1000, Loss: 0.0879, Dice: 0.0774, MSE: 0.0348
2025-05-23 21:39:29 - INFO - 模型已保存至: epoch_720.pth
2025-05-23 21:39:47 - INFO - Epoch 721/1000, Loss: 0.0931, Dice: 0.0819, MSE: 0.0374
2025-05-23 21:40:05 - INFO - Epoch 722/1000, Loss: 0.0865, Dice: 0.0754, MSE: 0.0369
2025-05-23 21:40:24 - INFO - Epoch 723/1000, Loss: 0.0908, Dice: 0.0787, MSE: 0.0401
2025-05-23 21:40:43 - INFO - Epoch 724/1000, Loss: 0.0909, Dice: 0.0791, MSE: 0.0394
2025-05-23 21:41:01 - INFO - Epoch 725/1000, Loss: 0.0857, Dice: 0.0738, MSE: 0.0396
2025-05-23 21:41:19 - INFO - Epoch 726/1000, Loss: 0.0759, Dice: 0.0644, MSE: 0.0383
2025-05-23 21:41:38 - INFO - Epoch 727/1000, Loss: 0.0795, Dice: 0.0683, MSE: 0.0376
2025-05-23 21:41:56 - INFO - Epoch 728/1000, Loss: 0.0780, Dice: 0.0663, MSE: 0.0392
2025-05-23 21:42:15 - INFO - Epoch 729/1000, Loss: 0.0844, Dice: 0.0732, MSE: 0.0372
2025-05-23 21:42:33 - INFO - Epoch 730/1000, Loss: 0.0824, Dice: 0.0706, MSE: 0.0394
2025-05-23 21:42:52 - INFO - Epoch 731/1000, Loss: 0.0833, Dice: 0.0713, MSE: 0.0401
2025-05-23 21:43:10 - INFO - Epoch 732/1000, Loss: 0.0840, Dice: 0.0732, MSE: 0.0359
2025-05-23 21:43:29 - INFO - Epoch 733/1000, Loss: 0.0835, Dice: 0.0711, MSE: 0.0414
2025-05-23 21:43:47 - INFO - Epoch 734/1000, Loss: 0.0867, Dice: 0.0758, MSE: 0.0365
2025-05-23 21:44:06 - INFO - Epoch 735/1000, Loss: 0.0847, Dice: 0.0733, MSE: 0.0378
2025-05-23 21:44:24 - INFO - Epoch 736/1000, Loss: 0.0938, Dice: 0.0818, MSE: 0.0400
2025-05-23 21:44:43 - INFO - Epoch 737/1000, Loss: 0.0778, Dice: 0.0662, MSE: 0.0390
2025-05-23 21:45:02 - INFO - Epoch 738/1000, Loss: 0.0843, Dice: 0.0726, MSE: 0.0391
2025-05-23 21:45:20 - INFO - Epoch 739/1000, Loss: 0.0806, Dice: 0.0688, MSE: 0.0393
2025-05-23 21:45:38 - INFO - Epoch 740/1000, Loss: 0.1100, Dice: 0.0971, MSE: 0.0429
2025-05-23 21:45:39 - INFO - 模型已保存至: epoch_740.pth
2025-05-23 21:45:58 - INFO - Epoch 741/1000, Loss: 0.0894, Dice: 0.0782, MSE: 0.0372
2025-05-23 21:46:16 - INFO - Epoch 742/1000, Loss: 0.1024, Dice: 0.0897, MSE: 0.0422
2025-05-23 21:46:35 - INFO - Epoch 743/1000, Loss: 0.1094, Dice: 0.0948, MSE: 0.0486
2025-05-23 21:46:54 - INFO - Epoch 744/1000, Loss: 0.1266, Dice: 0.1132, MSE: 0.0445
2025-05-23 21:47:12 - INFO - Epoch 745/1000, Loss: 0.0979, Dice: 0.0857, MSE: 0.0405
2025-05-23 21:47:31 - INFO - Epoch 746/1000, Loss: 0.0897, Dice: 0.0782, MSE: 0.0383
2025-05-23 21:47:49 - INFO - Epoch 747/1000, Loss: 0.0872, Dice: 0.0761, MSE: 0.0367
2025-05-23 21:48:08 - INFO - Epoch 748/1000, Loss: 0.0974, Dice: 0.0856, MSE: 0.0392
2025-05-23 21:48:26 - INFO - Epoch 749/1000, Loss: 0.1028, Dice: 0.0907, MSE: 0.0403
2025-05-23 21:48:45 - INFO - Epoch 750/1000, Loss: 0.1514, Dice: 0.1403, MSE: 0.0369
2025-05-23 21:49:03 - INFO - Epoch 751/1000, Loss: 0.1181, Dice: 0.1067, MSE: 0.0381
2025-05-23 21:49:21 - INFO - Epoch 752/1000, Loss: 0.0968, Dice: 0.0850, MSE: 0.0393
2025-05-23 21:49:40 - INFO - Epoch 753/1000, Loss: 0.0973, Dice: 0.0868, MSE: 0.0348
2025-05-23 21:49:58 - INFO - Epoch 754/1000, Loss: 0.0870, Dice: 0.0765, MSE: 0.0350
2025-05-23 21:50:17 - INFO - Epoch 755/1000, Loss: 0.0811, Dice: 0.0708, MSE: 0.0344
2025-05-23 21:50:35 - INFO - Epoch 756/1000, Loss: 0.0797, Dice: 0.0686, MSE: 0.0372
2025-05-23 21:50:54 - INFO - Epoch 757/1000, Loss: 0.1245, Dice: 0.1132, MSE: 0.0377
2025-05-23 21:51:12 - INFO - Epoch 758/1000, Loss: 0.0905, Dice: 0.0792, MSE: 0.0376
2025-05-23 21:51:30 - INFO - Epoch 759/1000, Loss: 0.0993, Dice: 0.0873, MSE: 0.0401
2025-05-23 21:51:49 - INFO - Epoch 760/1000, Loss: 0.0944, Dice: 0.0843, MSE: 0.0336
2025-05-23 21:51:50 - INFO - 模型已保存至: epoch_760.pth
2025-05-23 21:52:09 - INFO - Epoch 761/1000, Loss: 0.0766, Dice: 0.0668, MSE: 0.0328
2025-05-23 21:52:27 - INFO - Epoch 762/1000, Loss: 0.0891, Dice: 0.0779, MSE: 0.0374
2025-05-23 21:52:46 - INFO - Epoch 763/1000, Loss: 0.0871, Dice: 0.0766, MSE: 0.0349
2025-05-23 21:53:04 - INFO - Epoch 764/1000, Loss: 0.0795, Dice: 0.0684, MSE: 0.0369
2025-05-23 21:53:23 - INFO - Epoch 765/1000, Loss: 0.0825, Dice: 0.0709, MSE: 0.0385
2025-05-23 21:53:41 - INFO - Epoch 766/1000, Loss: 0.0828, Dice: 0.0711, MSE: 0.0388
2025-05-23 21:54:00 - INFO - Epoch 767/1000, Loss: 0.0829, Dice: 0.0729, MSE: 0.0333
2025-05-23 21:54:18 - INFO - Epoch 768/1000, Loss: 0.0761, Dice: 0.0654, MSE: 0.0358
2025-05-23 21:54:37 - INFO - Epoch 769/1000, Loss: 0.0820, Dice: 0.0709, MSE: 0.0371
2025-05-23 21:54:55 - INFO - Epoch 770/1000, Loss: 0.0807, Dice: 0.0681, MSE: 0.0419
2025-05-23 21:55:14 - INFO - Epoch 771/1000, Loss: 0.0716, Dice: 0.0611, MSE: 0.0350
2025-05-23 21:55:32 - INFO - Epoch 772/1000, Loss: 0.0767, Dice: 0.0659, MSE: 0.0362
2025-05-23 21:55:50 - INFO - Epoch 773/1000, Loss: 0.0789, Dice: 0.0681, MSE: 0.0359
2025-05-23 21:56:09 - INFO - Epoch 774/1000, Loss: 0.0916, Dice: 0.0801, MSE: 0.0381
2025-05-23 21:56:27 - INFO - Epoch 775/1000, Loss: 0.0795, Dice: 0.0689, MSE: 0.0353
2025-05-23 21:56:46 - INFO - Epoch 776/1000, Loss: 0.0865, Dice: 0.0742, MSE: 0.0409
2025-05-23 21:57:04 - INFO - Epoch 777/1000, Loss: 0.0855, Dice: 0.0748, MSE: 0.0355
2025-05-23 21:57:23 - INFO - Epoch 778/1000, Loss: 0.0740, Dice: 0.0612, MSE: 0.0427
2025-05-23 21:57:41 - INFO - Epoch 779/1000, Loss: 0.0849, Dice: 0.0736, MSE: 0.0375
2025-05-23 21:58:00 - INFO - Epoch 780/1000, Loss: 0.0858, Dice: 0.0750, MSE: 0.0359
2025-05-23 21:58:01 - INFO - 模型已保存至: epoch_780.pth
2025-05-23 21:58:19 - INFO - Epoch 781/1000, Loss: 0.0836, Dice: 0.0736, MSE: 0.0332
2025-05-23 21:58:38 - INFO - Epoch 782/1000, Loss: 0.0756, Dice: 0.0649, MSE: 0.0354
2025-05-23 21:58:56 - INFO - Epoch 783/1000, Loss: 0.0933, Dice: 0.0822, MSE: 0.0372
2025-05-23 21:59:15 - INFO - Epoch 784/1000, Loss: 0.0733, Dice: 0.0636, MSE: 0.0326
2025-05-23 21:59:33 - INFO - Epoch 785/1000, Loss: 0.0850, Dice: 0.0737, MSE: 0.0375
2025-05-23 21:59:52 - INFO - Epoch 786/1000, Loss: 0.1112, Dice: 0.1010, MSE: 0.0341
2025-05-23 22:00:10 - INFO - Epoch 787/1000, Loss: 0.0784, Dice: 0.0680, MSE: 0.0348
2025-05-23 22:00:29 - INFO - Epoch 788/1000, Loss: 0.0769, Dice: 0.0653, MSE: 0.0389
2025-05-23 22:00:47 - INFO - Epoch 789/1000, Loss: 0.0747, Dice: 0.0644, MSE: 0.0343
2025-05-23 22:01:06 - INFO - Epoch 790/1000, Loss: 0.0925, Dice: 0.0809, MSE: 0.0386
2025-05-23 22:01:24 - INFO - Epoch 791/1000, Loss: 0.0845, Dice: 0.0708, MSE: 0.0455
2025-05-23 22:01:43 - INFO - Epoch 792/1000, Loss: 0.0783, Dice: 0.0677, MSE: 0.0353
2025-05-23 22:02:01 - INFO - Epoch 793/1000, Loss: 0.0727, Dice: 0.0616, MSE: 0.0370
2025-05-23 22:02:20 - INFO - Epoch 794/1000, Loss: 0.0727, Dice: 0.0622, MSE: 0.0348
2025-05-23 22:02:38 - INFO - Epoch 795/1000, Loss: 0.0734, Dice: 0.0625, MSE: 0.0362
2025-05-23 22:02:57 - INFO - Epoch 796/1000, Loss: 0.0749, Dice: 0.0632, MSE: 0.0389
2025-05-23 22:03:15 - INFO - Epoch 797/1000, Loss: 0.0709, Dice: 0.0595, MSE: 0.0377
2025-05-23 22:03:34 - INFO - Epoch 798/1000, Loss: 0.0759, Dice: 0.0623, MSE: 0.0451
2025-05-23 22:03:52 - INFO - Epoch 799/1000, Loss: 0.0769, Dice: 0.0660, MSE: 0.0363
2025-05-23 22:04:11 - INFO - Epoch 800/1000, Loss: 0.0746, Dice: 0.0630, MSE: 0.0388
2025-05-23 22:04:12 - INFO - 模型已保存至: epoch_800.pth
2025-05-23 22:04:30 - INFO - Epoch 801/1000, Loss: 0.0829, Dice: 0.0710, MSE: 0.0397
2025-05-23 22:04:49 - INFO - Epoch 802/1000, Loss: 0.0826, Dice: 0.0724, MSE: 0.0340
2025-05-23 22:05:07 - INFO - Epoch 803/1000, Loss: 0.0709, Dice: 0.0596, MSE: 0.0376
2025-05-23 22:05:26 - INFO - Epoch 804/1000, Loss: 0.0799, Dice: 0.0696, MSE: 0.0343
2025-05-23 22:05:44 - INFO - Epoch 805/1000, Loss: 0.0745, Dice: 0.0632, MSE: 0.0377
2025-05-23 22:06:03 - INFO - Epoch 806/1000, Loss: 0.0841, Dice: 0.0734, MSE: 0.0357
2025-05-23 22:06:21 - INFO - Epoch 807/1000, Loss: 0.0687, Dice: 0.0586, MSE: 0.0336
2025-05-23 22:06:40 - INFO - Epoch 808/1000, Loss: 0.0771, Dice: 0.0661, MSE: 0.0366
2025-05-23 22:06:58 - INFO - Epoch 809/1000, Loss: 0.0762, Dice: 0.0646, MSE: 0.0386
2025-05-23 22:07:17 - INFO - Epoch 810/1000, Loss: 0.0968, Dice: 0.0844, MSE: 0.0411
2025-05-23 22:07:35 - INFO - Epoch 811/1000, Loss: 0.0794, Dice: 0.0681, MSE: 0.0379
2025-05-23 22:07:54 - INFO - Epoch 812/1000, Loss: 0.0747, Dice: 0.0637, MSE: 0.0368
2025-05-23 22:08:12 - INFO - Epoch 813/1000, Loss: 0.0744, Dice: 0.0634, MSE: 0.0366
2025-05-23 22:08:31 - INFO - Epoch 814/1000, Loss: 0.0756, Dice: 0.0657, MSE: 0.0330
2025-05-23 22:08:49 - INFO - Epoch 815/1000, Loss: 0.0760, Dice: 0.0664, MSE: 0.0318
2025-05-23 22:09:08 - INFO - Epoch 816/1000, Loss: 0.1403, Dice: 0.1298, MSE: 0.0350
2025-05-23 22:09:26 - INFO - Epoch 817/1000, Loss: 0.0781, Dice: 0.0685, MSE: 0.0320
2025-05-23 22:09:45 - INFO - Epoch 818/1000, Loss: 0.0752, Dice: 0.0644, MSE: 0.0358
2025-05-23 22:10:03 - INFO - Epoch 819/1000, Loss: 0.0738, Dice: 0.0636, MSE: 0.0339
2025-05-23 22:10:22 - INFO - Epoch 820/1000, Loss: 0.0922, Dice: 0.0815, MSE: 0.0358
2025-05-23 22:10:23 - INFO - 模型已保存至: epoch_820.pth
2025-05-23 22:10:41 - INFO - Epoch 821/1000, Loss: 0.0744, Dice: 0.0635, MSE: 0.0362
2025-05-23 22:11:00 - INFO - Epoch 822/1000, Loss: 0.0767, Dice: 0.0666, MSE: 0.0336
2025-05-23 22:11:18 - INFO - Epoch 823/1000, Loss: 0.0712, Dice: 0.0609, MSE: 0.0344
2025-05-23 22:11:37 - INFO - Epoch 824/1000, Loss: 0.0785, Dice: 0.0675, MSE: 0.0367
2025-05-23 22:11:55 - INFO - Epoch 825/1000, Loss: 0.0827, Dice: 0.0717, MSE: 0.0364
2025-05-23 22:12:14 - INFO - Epoch 826/1000, Loss: 0.1788, Dice: 0.1658, MSE: 0.0433
2025-05-23 22:12:32 - INFO - Epoch 827/1000, Loss: 0.1935, Dice: 0.1833, MSE: 0.0340
2025-05-23 22:12:51 - INFO - Epoch 828/1000, Loss: 0.3530, Dice: 0.3420, MSE: 0.0366
2025-05-23 22:13:09 - INFO - Epoch 829/1000, Loss: 0.1537, Dice: 0.1428, MSE: 0.0363
2025-05-23 22:13:28 - INFO - Epoch 830/1000, Loss: 0.1758, Dice: 0.1654, MSE: 0.0347
2025-05-23 22:13:46 - INFO - Epoch 831/1000, Loss: 0.1536, Dice: 0.1442, MSE: 0.0313
2025-05-23 22:14:05 - INFO - Epoch 832/1000, Loss: 0.1207, Dice: 0.1126, MSE: 0.0272
2025-05-23 22:14:23 - INFO - Epoch 833/1000, Loss: 0.1033, Dice: 0.0942, MSE: 0.0300
2025-05-23 22:14:42 - INFO - Epoch 834/1000, Loss: 0.1444, Dice: 0.1351, MSE: 0.0310
2025-05-23 22:15:00 - INFO - Epoch 835/1000, Loss: 0.1051, Dice: 0.0950, MSE: 0.0337
2025-05-23 22:15:19 - INFO - Epoch 836/1000, Loss: 0.0942, Dice: 0.0850, MSE: 0.0306
2025-05-23 22:15:37 - INFO - Epoch 837/1000, Loss: 0.1025, Dice: 0.0920, MSE: 0.0350
2025-05-23 22:15:56 - INFO - Epoch 838/1000, Loss: 0.1057, Dice: 0.0957, MSE: 0.0333
2025-05-23 22:16:14 - INFO - Epoch 839/1000, Loss: 0.0918, Dice: 0.0818, MSE: 0.0333
2025-05-23 22:16:33 - INFO - Epoch 840/1000, Loss: 0.0894, Dice: 0.0781, MSE: 0.0376
2025-05-23 22:16:34 - INFO - 模型已保存至: epoch_840.pth
2025-05-23 22:16:52 - INFO - Epoch 841/1000, Loss: 0.0913, Dice: 0.0815, MSE: 0.0325
2025-05-23 22:17:11 - INFO - Epoch 842/1000, Loss: 0.1226, Dice: 0.1137, MSE: 0.0298
2025-05-23 22:17:29 - INFO - Epoch 843/1000, Loss: 0.0817, Dice: 0.0720, MSE: 0.0321
2025-05-23 22:17:47 - INFO - Epoch 844/1000, Loss: 0.0876, Dice: 0.0784, MSE: 0.0306
2025-05-23 22:18:06 - INFO - Epoch 845/1000, Loss: 0.0863, Dice: 0.0769, MSE: 0.0312
2025-05-23 22:18:25 - INFO - Epoch 846/1000, Loss: 0.0958, Dice: 0.0850, MSE: 0.0359
2025-05-23 22:18:43 - INFO - Epoch 847/1000, Loss: 0.0916, Dice: 0.0801, MSE: 0.0386
2025-05-23 22:19:02 - INFO - Epoch 848/1000, Loss: 0.0970, Dice: 0.0842, MSE: 0.0426
2025-05-23 22:19:20 - INFO - Epoch 849/1000, Loss: 0.0835, Dice: 0.0730, MSE: 0.0351
2025-05-23 22:19:39 - INFO - Epoch 850/1000, Loss: 0.1102, Dice: 0.1001, MSE: 0.0337
2025-05-23 22:19:57 - INFO - Epoch 851/1000, Loss: 0.0841, Dice: 0.0739, MSE: 0.0339
2025-05-23 22:20:16 - INFO - Epoch 852/1000, Loss: 0.0862, Dice: 0.0763, MSE: 0.0332
2025-05-23 22:20:34 - INFO - Epoch 853/1000, Loss: 0.0844, Dice: 0.0724, MSE: 0.0400
2025-05-23 22:20:52 - INFO - Epoch 854/1000, Loss: 0.0829, Dice: 0.0725, MSE: 0.0349
2025-05-23 22:21:11 - INFO - Epoch 855/1000, Loss: 0.0781, Dice: 0.0678, MSE: 0.0345
2025-05-23 22:21:29 - INFO - Epoch 856/1000, Loss: 0.0828, Dice: 0.0725, MSE: 0.0343
2025-05-23 22:21:48 - INFO - Epoch 857/1000, Loss: 0.0916, Dice: 0.0812, MSE: 0.0347
2025-05-23 22:22:07 - INFO - Epoch 858/1000, Loss: 0.0926, Dice: 0.0813, MSE: 0.0375
2025-05-23 22:22:25 - INFO - Epoch 859/1000, Loss: 0.1213, Dice: 0.1093, MSE: 0.0399
2025-05-23 22:22:44 - INFO - Epoch 860/1000, Loss: 0.0840, Dice: 0.0725, MSE: 0.0382
2025-05-23 22:22:45 - INFO - 模型已保存至: epoch_860.pth
2025-05-23 22:23:03 - INFO - Epoch 861/1000, Loss: 0.0956, Dice: 0.0866, MSE: 0.0300
2025-05-23 22:23:22 - INFO - Epoch 862/1000, Loss: 0.0976, Dice: 0.0880, MSE: 0.0318
2025-05-23 22:23:40 - INFO - Epoch 863/1000, Loss: 0.0729, Dice: 0.0631, MSE: 0.0325
2025-05-23 22:23:59 - INFO - Epoch 864/1000, Loss: 0.0798, Dice: 0.0698, MSE: 0.0335
2025-05-23 22:24:17 - INFO - Epoch 865/1000, Loss: 0.0828, Dice: 0.0731, MSE: 0.0322
2025-05-23 22:24:36 - INFO - Epoch 866/1000, Loss: 0.1082, Dice: 0.0982, MSE: 0.0334
2025-05-23 22:24:54 - INFO - Epoch 867/1000, Loss: 0.1888, Dice: 0.1793, MSE: 0.0317
2025-05-23 22:25:13 - INFO - Epoch 868/1000, Loss: 0.0872, Dice: 0.0779, MSE: 0.0309
2025-05-23 22:25:31 - INFO - Epoch 869/1000, Loss: 0.1027, Dice: 0.0939, MSE: 0.0296
2025-05-23 22:25:49 - INFO - Epoch 870/1000, Loss: 0.0955, Dice: 0.0868, MSE: 0.0288
2025-05-23 22:26:08 - INFO - Epoch 871/1000, Loss: 0.1210, Dice: 0.1098, MSE: 0.0371
2025-05-23 22:26:27 - INFO - Epoch 872/1000, Loss: 0.0970, Dice: 0.0869, MSE: 0.0336
2025-05-23 22:26:45 - INFO - Epoch 873/1000, Loss: 0.1079, Dice: 0.0973, MSE: 0.0351
2025-05-23 22:27:03 - INFO - Epoch 874/1000, Loss: 0.0865, Dice: 0.0774, MSE: 0.0304
2025-05-23 22:27:22 - INFO - Epoch 875/1000, Loss: 0.0875, Dice: 0.0774, MSE: 0.0338
2025-05-23 22:27:40 - INFO - Epoch 876/1000, Loss: 0.1041, Dice: 0.0930, MSE: 0.0371
2025-05-23 22:27:59 - INFO - Epoch 877/1000, Loss: 0.0827, Dice: 0.0735, MSE: 0.0307
2025-05-23 22:28:18 - INFO - Epoch 878/1000, Loss: 0.0957, Dice: 0.0871, MSE: 0.0285
2025-05-23 22:28:36 - INFO - Epoch 879/1000, Loss: 0.0766, Dice: 0.0668, MSE: 0.0327
2025-05-23 22:28:55 - INFO - Epoch 880/1000, Loss: 0.0819, Dice: 0.0713, MSE: 0.0352
2025-05-23 22:28:56 - INFO - 模型已保存至: epoch_880.pth
2025-05-23 22:29:14 - INFO - Epoch 881/1000, Loss: 0.0770, Dice: 0.0673, MSE: 0.0325
2025-05-23 22:29:33 - INFO - Epoch 882/1000, Loss: 0.0807, Dice: 0.0704, MSE: 0.0345
2025-05-23 22:29:51 - INFO - Epoch 883/1000, Loss: 0.0934, Dice: 0.0834, MSE: 0.0331
2025-05-23 22:30:10 - INFO - Epoch 884/1000, Loss: 0.1851, Dice: 0.1738, MSE: 0.0378
2025-05-23 22:30:28 - INFO - Epoch 885/1000, Loss: 0.1381, Dice: 0.1278, MSE: 0.0345
2025-05-23 22:30:47 - INFO - Epoch 886/1000, Loss: 0.1293, Dice: 0.1186, MSE: 0.0357
2025-05-23 22:31:05 - INFO - Epoch 887/1000, Loss: 0.1015, Dice: 0.0915, MSE: 0.0335
2025-05-23 22:31:23 - INFO - Epoch 888/1000, Loss: 0.1126, Dice: 0.1027, MSE: 0.0332
2025-05-23 22:31:42 - INFO - Epoch 889/1000, Loss: 0.0899, Dice: 0.0799, MSE: 0.0333
2025-05-23 22:32:00 - INFO - Epoch 890/1000, Loss: 0.0907, Dice: 0.0803, MSE: 0.0347
2025-05-23 22:32:19 - INFO - Epoch 891/1000, Loss: 0.0854, Dice: 0.0739, MSE: 0.0382
2025-05-23 22:32:37 - INFO - Epoch 892/1000, Loss: 0.0818, Dice: 0.0716, MSE: 0.0340
2025-05-23 22:32:56 - INFO - Epoch 893/1000, Loss: 0.0813, Dice: 0.0716, MSE: 0.0322
2025-05-23 22:33:14 - INFO - Epoch 894/1000, Loss: 0.0771, Dice: 0.0672, MSE: 0.0329
2025-05-23 22:33:33 - INFO - Epoch 895/1000, Loss: 0.0879, Dice: 0.0776, MSE: 0.0343
2025-05-23 22:33:51 - INFO - Epoch 896/1000, Loss: 0.0997, Dice: 0.0897, MSE: 0.0331
2025-05-23 22:34:10 - INFO - Epoch 897/1000, Loss: 0.0886, Dice: 0.0769, MSE: 0.0390
2025-05-23 22:34:28 - INFO - Epoch 898/1000, Loss: 0.0775, Dice: 0.0674, MSE: 0.0337
2025-05-23 22:34:47 - INFO - Epoch 899/1000, Loss: 0.0843, Dice: 0.0735, MSE: 0.0362
2025-05-23 22:35:05 - INFO - Epoch 900/1000, Loss: 0.0870, Dice: 0.0778, MSE: 0.0309
2025-05-23 22:35:06 - INFO - 模型已保存至: epoch_900.pth
2025-05-23 22:35:25 - INFO - Epoch 901/1000, Loss: 0.0815, Dice: 0.0726, MSE: 0.0298
2025-05-23 22:35:43 - INFO - Epoch 902/1000, Loss: 0.0751, Dice: 0.0641, MSE: 0.0366
2025-05-23 22:36:02 - INFO - Epoch 903/1000, Loss: 0.0751, Dice: 0.0642, MSE: 0.0363
2025-05-23 22:36:20 - INFO - Epoch 904/1000, Loss: 0.0736, Dice: 0.0614, MSE: 0.0409
2025-05-23 22:36:39 - INFO - Epoch 905/1000, Loss: 0.0784, Dice: 0.0660, MSE: 0.0412
2025-05-23 22:36:58 - INFO - Epoch 906/1000, Loss: 0.0766, Dice: 0.0656, MSE: 0.0368
2025-05-23 22:37:16 - INFO - Epoch 907/1000, Loss: 0.0787, Dice: 0.0674, MSE: 0.0379
2025-05-23 22:37:35 - INFO - Epoch 908/1000, Loss: 0.1251, Dice: 0.1129, MSE: 0.0405
2025-05-23 22:37:53 - INFO - Epoch 909/1000, Loss: 0.0719, Dice: 0.0612, MSE: 0.0357
2025-05-23 22:38:12 - INFO - Epoch 910/1000, Loss: 0.0777, Dice: 0.0673, MSE: 0.0348
2025-05-23 22:38:30 - INFO - Epoch 911/1000, Loss: 0.0709, Dice: 0.0605, MSE: 0.0346
2025-05-23 22:38:49 - INFO - Epoch 912/1000, Loss: 0.0744, Dice: 0.0640, MSE: 0.0349
2025-05-23 22:39:07 - INFO - Epoch 913/1000, Loss: 0.0753, Dice: 0.0648, MSE: 0.0351
2025-05-23 22:39:26 - INFO - Epoch 914/1000, Loss: 0.0681, Dice: 0.0584, MSE: 0.0323
2025-05-23 22:39:44 - INFO - Epoch 915/1000, Loss: 0.0781, Dice: 0.0688, MSE: 0.0309
2025-05-23 22:40:02 - INFO - Epoch 916/1000, Loss: 0.0709, Dice: 0.0616, MSE: 0.0313
2025-05-23 22:40:21 - INFO - Epoch 917/1000, Loss: 0.0932, Dice: 0.0831, MSE: 0.0337
2025-05-23 22:40:39 - INFO - Epoch 918/1000, Loss: 0.0765, Dice: 0.0663, MSE: 0.0340
2025-05-23 22:40:58 - INFO - Epoch 919/1000, Loss: 0.0949, Dice: 0.0835, MSE: 0.0378
2025-05-23 22:41:17 - INFO - Epoch 920/1000, Loss: 0.0778, Dice: 0.0666, MSE: 0.0373
2025-05-23 22:41:18 - INFO - 模型已保存至: epoch_920.pth
2025-05-23 22:41:36 - INFO - Epoch 921/1000, Loss: 0.0724, Dice: 0.0629, MSE: 0.0317
2025-05-23 22:41:54 - INFO - Epoch 922/1000, Loss: 0.0729, Dice: 0.0632, MSE: 0.0324
2025-05-23 22:42:13 - INFO - Epoch 923/1000, Loss: 0.0680, Dice: 0.0579, MSE: 0.0336
2025-05-23 22:42:32 - INFO - Epoch 924/1000, Loss: 0.0667, Dice: 0.0572, MSE: 0.0317
2025-05-23 22:42:50 - INFO - Epoch 925/1000, Loss: 0.0696, Dice: 0.0596, MSE: 0.0336
2025-05-23 22:43:09 - INFO - Epoch 926/1000, Loss: 0.0696, Dice: 0.0596, MSE: 0.0333
2025-05-23 22:43:27 - INFO - Epoch 927/1000, Loss: 0.0825, Dice: 0.0720, MSE: 0.0350
2025-05-23 22:43:46 - INFO - Epoch 928/1000, Loss: 0.0791, Dice: 0.0697, MSE: 0.0313
2025-05-23 22:44:04 - INFO - Epoch 929/1000, Loss: 0.1023, Dice: 0.0916, MSE: 0.0357
2025-05-23 22:44:23 - INFO - Epoch 930/1000, Loss: 0.0856, Dice: 0.0749, MSE: 0.0355
2025-05-23 22:44:42 - INFO - Epoch 931/1000, Loss: 0.0748, Dice: 0.0645, MSE: 0.0343
2025-05-23 22:45:00 - INFO - Epoch 932/1000, Loss: 0.0886, Dice: 0.0799, MSE: 0.0292
2025-05-23 22:45:19 - INFO - Epoch 933/1000, Loss: 0.0779, Dice: 0.0671, MSE: 0.0360
2025-05-23 22:45:37 - INFO - Epoch 934/1000, Loss: 0.0816, Dice: 0.0728, MSE: 0.0295
2025-05-23 22:45:56 - INFO - Epoch 935/1000, Loss: 0.0753, Dice: 0.0662, MSE: 0.0303
2025-05-23 22:46:14 - INFO - Epoch 936/1000, Loss: 0.0807, Dice: 0.0712, MSE: 0.0316
2025-05-23 22:46:33 - INFO - Epoch 937/1000, Loss: 0.0664, Dice: 0.0570, MSE: 0.0311
2025-05-23 22:46:51 - INFO - Epoch 938/1000, Loss: 0.0682, Dice: 0.0582, MSE: 0.0335
2025-05-23 22:47:10 - INFO - Epoch 939/1000, Loss: 0.0882, Dice: 0.0783, MSE: 0.0330
2025-05-23 22:47:28 - INFO - Epoch 940/1000, Loss: 0.0750, Dice: 0.0638, MSE: 0.0376
2025-05-23 22:47:29 - INFO - 模型已保存至: epoch_940.pth
2025-05-23 22:47:48 - INFO - Epoch 941/1000, Loss: 0.0727, Dice: 0.0632, MSE: 0.0314
2025-05-23 22:48:07 - INFO - Epoch 942/1000, Loss: 0.0710, Dice: 0.0612, MSE: 0.0326
2025-05-23 22:48:25 - INFO - Epoch 943/1000, Loss: 0.0701, Dice: 0.0592, MSE: 0.0361
2025-05-23 22:48:44 - INFO - Epoch 944/1000, Loss: 0.0726, Dice: 0.0619, MSE: 0.0358
2025-05-23 22:49:02 - INFO - Epoch 945/1000, Loss: 0.0724, Dice: 0.0619, MSE: 0.0350
2025-05-23 22:49:20 - INFO - Epoch 946/1000, Loss: 0.0688, Dice: 0.0594, MSE: 0.0312
2025-05-23 22:49:39 - INFO - Epoch 947/1000, Loss: 0.0718, Dice: 0.0610, MSE: 0.0362
2025-05-23 22:49:57 - INFO - Epoch 948/1000, Loss: 0.0879, Dice: 0.0776, MSE: 0.0346
2025-05-23 22:50:16 - INFO - Epoch 949/1000, Loss: 0.0782, Dice: 0.0687, MSE: 0.0318
2025-05-23 22:50:35 - INFO - Epoch 950/1000, Loss: 0.0707, Dice: 0.0611, MSE: 0.0320
2025-05-23 22:50:53 - INFO - Epoch 951/1000, Loss: 0.0678, Dice: 0.0581, MSE: 0.0321
2025-05-23 22:51:11 - INFO - Epoch 952/1000, Loss: 0.0867, Dice: 0.0775, MSE: 0.0307
2025-05-23 22:51:30 - INFO - Epoch 953/1000, Loss: 0.0763, Dice: 0.0667, MSE: 0.0321
2025-05-23 22:51:48 - INFO - Epoch 954/1000, Loss: 0.0714, Dice: 0.0608, MSE: 0.0352
2025-05-23 22:52:07 - INFO - Epoch 955/1000, Loss: 0.0785, Dice: 0.0677, MSE: 0.0362
2025-05-23 22:52:25 - INFO - Epoch 956/1000, Loss: 0.0687, Dice: 0.0571, MSE: 0.0387
2025-05-23 22:52:44 - INFO - Epoch 957/1000, Loss: 0.0684, Dice: 0.0585, MSE: 0.0328
2025-05-23 22:53:02 - INFO - Epoch 958/1000, Loss: 0.0750, Dice: 0.0651, MSE: 0.0331
2025-05-23 22:53:21 - INFO - Epoch 959/1000, Loss: 0.0643, Dice: 0.0543, MSE: 0.0333
2025-05-23 22:53:39 - INFO - Epoch 960/1000, Loss: 0.0663, Dice: 0.0556, MSE: 0.0357
2025-05-23 22:53:40 - INFO - 模型已保存至: epoch_960.pth
2025-05-23 22:53:59 - INFO - Epoch 961/1000, Loss: 0.0739, Dice: 0.0647, MSE: 0.0306
2025-05-23 22:54:17 - INFO - Epoch 962/1000, Loss: 0.0705, Dice: 0.0605, MSE: 0.0335
2025-05-23 22:54:36 - INFO - Epoch 963/1000, Loss: 0.0664, Dice: 0.0562, MSE: 0.0338
2025-05-23 22:54:55 - INFO - Epoch 964/1000, Loss: 0.0633, Dice: 0.0541, MSE: 0.0307
2025-05-23 22:55:13 - INFO - Epoch 965/1000, Loss: 0.0707, Dice: 0.0608, MSE: 0.0333
2025-05-23 22:55:31 - INFO - Epoch 966/1000, Loss: 0.0654, Dice: 0.0552, MSE: 0.0341
2025-05-23 22:55:50 - INFO - Epoch 967/1000, Loss: 0.0639, Dice: 0.0533, MSE: 0.0355
2025-05-23 22:56:08 - INFO - Epoch 968/1000, Loss: 0.0693, Dice: 0.0592, MSE: 0.0334
2025-05-23 22:56:27 - INFO - Epoch 969/1000, Loss: 0.0682, Dice: 0.0587, MSE: 0.0317
2025-05-23 22:56:45 - INFO - Epoch 970/1000, Loss: 0.0670, Dice: 0.0580, MSE: 0.0301
2025-05-23 22:57:04 - INFO - Epoch 971/1000, Loss: 0.0653, Dice: 0.0553, MSE: 0.0334
2025-05-23 22:57:22 - INFO - Epoch 972/1000, Loss: 0.0666, Dice: 0.0570, MSE: 0.0319
2025-05-23 22:57:41 - INFO - Epoch 973/1000, Loss: 0.0723, Dice: 0.0627, MSE: 0.0319
2025-05-23 22:57:59 - INFO - Epoch 974/1000, Loss: 0.0658, Dice: 0.0558, MSE: 0.0333
2025-05-23 22:58:18 - INFO - Epoch 975/1000, Loss: 0.0677, Dice: 0.0579, MSE: 0.0324
2025-05-23 22:58:36 - INFO - Epoch 976/1000, Loss: 0.0703, Dice: 0.0607, MSE: 0.0320
2025-05-23 22:58:55 - INFO - Epoch 977/1000, Loss: 0.0786, Dice: 0.0695, MSE: 0.0304
2025-05-23 22:59:13 - INFO - Epoch 978/1000, Loss: 0.0617, Dice: 0.0522, MSE: 0.0317
2025-05-23 22:59:32 - INFO - Epoch 979/1000, Loss: 0.0693, Dice: 0.0603, MSE: 0.0302
2025-05-23 22:59:50 - INFO - Epoch 980/1000, Loss: 0.0668, Dice: 0.0575, MSE: 0.0310
2025-05-23 22:59:51 - INFO - 模型已保存至: epoch_980.pth
2025-05-23 23:00:10 - INFO - Epoch 981/1000, Loss: 0.0717, Dice: 0.0624, MSE: 0.0310
2025-05-23 23:00:28 - INFO - Epoch 982/1000, Loss: 0.0872, Dice: 0.0776, MSE: 0.0321
2025-05-23 23:00:47 - INFO - Epoch 983/1000, Loss: 0.0662, Dice: 0.0571, MSE: 0.0303
2025-05-23 23:01:06 - INFO - Epoch 984/1000, Loss: 0.0737, Dice: 0.0636, MSE: 0.0336
2025-05-23 23:01:24 - INFO - Epoch 985/1000, Loss: 0.0669, Dice: 0.0567, MSE: 0.0342
2025-05-23 23:01:43 - INFO - Epoch 986/1000, Loss: 0.0604, Dice: 0.0506, MSE: 0.0326
2025-05-23 23:02:01 - INFO - Epoch 987/1000, Loss: 0.0686, Dice: 0.0597, MSE: 0.0298
2025-05-23 23:02:19 - INFO - Epoch 988/1000, Loss: 0.0639, Dice: 0.0544, MSE: 0.0316
2025-05-23 23:02:38 - INFO - Epoch 989/1000, Loss: 0.0721, Dice: 0.0631, MSE: 0.0299
2025-05-23 23:02:56 - INFO - Epoch 990/1000, Loss: 0.0705, Dice: 0.0612, MSE: 0.0311
2025-05-23 23:03:15 - INFO - Epoch 991/1000, Loss: 0.0731, Dice: 0.0627, MSE: 0.0349
2025-05-23 23:03:33 - INFO - Epoch 992/1000, Loss: 0.0742, Dice: 0.0648, MSE: 0.0311
2025-05-23 23:03:52 - INFO - Epoch 993/1000, Loss: 0.0707, Dice: 0.0602, MSE: 0.0348
2025-05-23 23:04:10 - INFO - Epoch 994/1000, Loss: 0.0670, Dice: 0.0572, MSE: 0.0324
2025-05-23 23:04:29 - INFO - Epoch 995/1000, Loss: 0.0798, Dice: 0.0698, MSE: 0.0331
2025-05-23 23:04:47 - INFO - Epoch 996/1000, Loss: 0.0729, Dice: 0.0636, MSE: 0.0310
2025-05-23 23:05:06 - INFO - Epoch 997/1000, Loss: 0.0745, Dice: 0.0649, MSE: 0.0322
2025-05-23 23:05:24 - INFO - Epoch 998/1000, Loss: 0.0727, Dice: 0.0633, MSE: 0.0315
2025-05-23 23:05:43 - INFO - Epoch 999/1000, Loss: 0.0748, Dice: 0.0645, MSE: 0.0344
2025-05-23 23:06:01 - INFO - Epoch 1000/1000, Loss: 0.0726, Dice: 0.0633, MSE: 0.0308
2025-05-23 23:06:02 - INFO - 模型已保存至: epoch_1000.pth
2025-05-23 23:06:02 - INFO - 训练完成！
