2025-05-25 20:49:51 - INFO - Logging is set up.
2025-05-25 20:49:51 - INFO - 
======================================== New Training Session ========================================
2025-05-25 20:49:51 - INFO - Configuration:
{
    "seed": 42,
    "epochs": 400,
    "batch_size": 4,
    "learning_rate": 0.001,
    "log_path": "./result/VNet_Multi/LA_8/Training.log",
    "pth_path": "./result/VNet_Multi/LA_8/Pth",
    "tensorboard_path": "./result/VNet_Multi/LA_8/Train",
    "continue_train": false,
    "multi_gpu": true,
    "training_num": 8,
    "dataset_name": "LA",
    "dataset_path": "./datasets/LA",
    "num_classes": 2,
    "patch_size": [
        112,
        112,
        80
    ]
}
2025-05-25 20:49:51 - INFO - TensorBoard logging directory: ./result/VNet_Multi/LA_8/Train/20250525-204951
2025-05-25 20:49:51 - INFO - Training dataset: 8
2025-05-25 20:49:52 - INFO - Optimizer: AdamW with parameters: {'lr': 0.0001, 'betas': (0.9, 0.999), 'eps': 1e-08, 'weight_decay': 0.01, 'amsgrad': False, 'maximize': False, 'foreach': None, 'capturable': False, 'differentiable': False, 'fused': None, 'decoupled_weight_decay': True}
2025-05-25 20:49:52 - INFO - Using Unified Uncertainty-aware Loss with λ=0.5
2025-05-25 20:49:53 - INFO - Epoch 1/400, Batch 2/2, Loss: 1.1656
2025-05-25 20:49:54 - INFO - Epoch 2/400, Batch 2/2, Loss: 1.0753
2025-05-25 20:49:55 - INFO - Epoch 3/400, Batch 2/2, Loss: 1.0903
2025-05-25 20:49:55 - INFO - Epoch 4/400, Batch 2/2, Loss: 1.0990
2025-05-25 20:49:56 - INFO - Epoch 5/400, Batch 2/2, Loss: 0.8864
2025-05-25 20:49:57 - INFO - Epoch 6/400, Batch 2/2, Loss: 0.9928
2025-05-25 20:49:57 - INFO - Epoch 7/400, Batch 2/2, Loss: 0.9681
2025-05-25 20:49:58 - INFO - Epoch 8/400, Batch 2/2, Loss: 1.0515
2025-05-25 20:49:59 - INFO - Epoch 9/400, Batch 2/2, Loss: 0.9277
2025-05-25 20:50:00 - INFO - Epoch 10/400, Batch 2/2, Loss: 0.9140
2025-05-25 20:50:00 - INFO - Epoch 11/400, Batch 2/2, Loss: 0.9827
2025-05-25 20:50:01 - INFO - Epoch 12/400, Batch 2/2, Loss: 0.8750
2025-05-25 20:50:02 - INFO - Epoch 13/400, Batch 2/2, Loss: 0.8174
2025-05-25 20:50:02 - INFO - Epoch 14/400, Batch 2/2, Loss: 0.7729
2025-05-25 20:50:03 - INFO - Epoch 15/400, Batch 2/2, Loss: 0.8099
2025-05-25 20:50:04 - INFO - Epoch 16/400, Batch 2/2, Loss: 0.7998
2025-05-25 20:50:04 - INFO - Epoch 17/400, Batch 2/2, Loss: 0.8630
2025-05-25 20:50:05 - INFO - Epoch 18/400, Batch 2/2, Loss: 0.7145
2025-05-25 20:50:06 - INFO - Epoch 19/400, Batch 2/2, Loss: 0.8174
2025-05-25 20:50:07 - INFO - Epoch 20/400, Batch 2/2, Loss: 0.6866
2025-05-25 20:50:07 - INFO - Created directory: ./result/VNet_Multi/LA_8/Pth
2025-05-25 20:50:07 - INFO - Saved checkpoint at epoch 20 at ./result/VNet_Multi/LA_8/Pth/model_epoch_20_checkpoint.pth
2025-05-25 20:50:07 - INFO - Epoch 21/400, Batch 2/2, Loss: 0.7412
2025-05-25 20:50:08 - INFO - Epoch 22/400, Batch 2/2, Loss: 0.6966
2025-05-25 20:50:09 - INFO - Epoch 23/400, Batch 2/2, Loss: 0.7069
2025-05-25 20:50:09 - INFO - Epoch 24/400, Batch 2/2, Loss: 0.7675
2025-05-25 20:50:10 - INFO - Epoch 25/400, Batch 2/2, Loss: 0.7926
2025-05-25 20:50:11 - INFO - Epoch 26/400, Batch 2/2, Loss: 0.7203
2025-05-25 20:50:12 - INFO - Epoch 27/400, Batch 2/2, Loss: 0.6335
2025-05-25 20:50:12 - INFO - Epoch 28/400, Batch 2/2, Loss: 0.7002
2025-05-25 20:50:13 - INFO - Epoch 29/400, Batch 2/2, Loss: 0.6851
2025-05-25 20:50:14 - INFO - Epoch 30/400, Batch 2/2, Loss: 0.7264
2025-05-25 20:50:14 - INFO - Epoch 31/400, Batch 2/2, Loss: 0.6542
2025-05-25 20:50:15 - INFO - Epoch 32/400, Batch 2/2, Loss: 0.8149
2025-05-25 20:50:16 - INFO - Epoch 33/400, Batch 2/2, Loss: 0.6989
2025-05-25 20:50:17 - INFO - Epoch 34/400, Batch 2/2, Loss: 0.6978
2025-05-25 20:50:17 - INFO - Epoch 35/400, Batch 2/2, Loss: 0.7123
2025-05-25 20:50:18 - INFO - Epoch 36/400, Batch 2/2, Loss: 0.6862
2025-05-25 20:50:19 - INFO - Epoch 37/400, Batch 2/2, Loss: 0.6939
2025-05-25 20:50:19 - INFO - Epoch 38/400, Batch 2/2, Loss: 0.7305
2025-05-25 20:50:20 - INFO - Epoch 39/400, Batch 2/2, Loss: 0.6832
2025-05-25 20:50:21 - INFO - Epoch 40/400, Batch 2/2, Loss: 0.7353
2025-05-25 20:50:21 - INFO - Saved checkpoint at epoch 40 at ./result/VNet_Multi/LA_8/Pth/model_epoch_40_checkpoint.pth
2025-05-25 20:50:22 - INFO - Epoch 41/400, Batch 2/2, Loss: 0.6207
2025-05-25 20:50:22 - INFO - Epoch 42/400, Batch 2/2, Loss: 0.6637
2025-05-25 20:50:23 - INFO - Epoch 43/400, Batch 2/2, Loss: 0.6712
2025-05-25 20:50:24 - INFO - Epoch 44/400, Batch 2/2, Loss: 0.7012
2025-05-25 20:50:24 - INFO - Epoch 45/400, Batch 2/2, Loss: 0.7158
2025-05-25 20:50:25 - INFO - Epoch 46/400, Batch 2/2, Loss: 0.6741
2025-05-25 20:50:26 - INFO - Epoch 47/400, Batch 2/2, Loss: 0.6584
2025-05-25 20:50:27 - INFO - Epoch 48/400, Batch 2/2, Loss: 0.6872
2025-05-25 20:50:27 - INFO - Epoch 49/400, Batch 2/2, Loss: 0.8261
2025-05-25 20:50:28 - INFO - Epoch 50/400, Batch 2/2, Loss: 0.7637
2025-05-25 20:50:29 - INFO - Epoch 51/400, Batch 2/2, Loss: 0.5957
2025-05-25 20:50:29 - INFO - Epoch 52/400, Batch 2/2, Loss: 0.5774
2025-05-25 20:50:30 - INFO - Epoch 53/400, Batch 2/2, Loss: 0.6492
2025-05-25 20:50:31 - INFO - Epoch 54/400, Batch 2/2, Loss: 0.5744
2025-05-25 20:50:32 - INFO - Epoch 55/400, Batch 2/2, Loss: 0.6062
2025-05-25 20:50:32 - INFO - Epoch 56/400, Batch 2/2, Loss: 0.6021
2025-05-25 20:50:33 - INFO - Epoch 57/400, Batch 2/2, Loss: 0.6389
2025-05-25 20:50:34 - INFO - Epoch 58/400, Batch 2/2, Loss: 0.6266
2025-05-25 20:50:34 - INFO - Epoch 59/400, Batch 2/2, Loss: 0.6021
2025-05-25 20:50:35 - INFO - Epoch 60/400, Batch 2/2, Loss: 0.6750
2025-05-25 20:50:35 - INFO - Saved checkpoint at epoch 60 at ./result/VNet_Multi/LA_8/Pth/model_epoch_60_checkpoint.pth
2025-05-25 20:50:36 - INFO - Epoch 61/400, Batch 2/2, Loss: 0.6149
2025-05-25 20:50:37 - INFO - Epoch 62/400, Batch 2/2, Loss: 0.5997
2025-05-25 20:50:37 - INFO - Epoch 63/400, Batch 2/2, Loss: 0.6188
2025-05-25 20:50:38 - INFO - Epoch 64/400, Batch 2/2, Loss: 0.5837
2025-05-25 20:50:39 - INFO - Epoch 65/400, Batch 2/2, Loss: 0.6322
2025-05-25 20:50:39 - INFO - Epoch 66/400, Batch 2/2, Loss: 0.5322
2025-05-25 20:50:40 - INFO - Epoch 67/400, Batch 2/2, Loss: 0.5160
2025-05-25 20:50:41 - INFO - Epoch 68/400, Batch 2/2, Loss: 0.7159
2025-05-25 20:50:41 - INFO - Epoch 69/400, Batch 2/2, Loss: 0.6480
2025-05-25 20:50:42 - INFO - Epoch 70/400, Batch 2/2, Loss: 0.5739
2025-05-25 20:50:43 - INFO - Epoch 71/400, Batch 2/2, Loss: 0.5765
2025-05-25 20:50:44 - INFO - Epoch 72/400, Batch 2/2, Loss: 0.7073
2025-05-25 20:50:44 - INFO - Epoch 73/400, Batch 2/2, Loss: 0.6739
2025-05-25 20:50:45 - INFO - Epoch 74/400, Batch 2/2, Loss: 0.6031
2025-05-25 20:50:46 - INFO - Epoch 75/400, Batch 2/2, Loss: 0.5165
2025-05-25 20:50:46 - INFO - Epoch 76/400, Batch 2/2, Loss: 0.6018
2025-05-25 20:50:47 - INFO - Epoch 77/400, Batch 2/2, Loss: 0.5982
2025-05-25 20:50:48 - INFO - Epoch 78/400, Batch 2/2, Loss: 0.4961
2025-05-25 20:50:49 - INFO - Epoch 79/400, Batch 2/2, Loss: 0.6003
2025-05-25 20:50:49 - INFO - Epoch 80/400, Batch 2/2, Loss: 0.6088
2025-05-25 20:50:49 - INFO - Saved checkpoint at epoch 80 at ./result/VNet_Multi/LA_8/Pth/model_epoch_80_checkpoint.pth
2025-05-25 20:50:50 - INFO - Epoch 81/400, Batch 2/2, Loss: 0.5442
2025-05-25 20:50:51 - INFO - Epoch 82/400, Batch 2/2, Loss: 0.5741
2025-05-25 20:50:51 - INFO - Epoch 83/400, Batch 2/2, Loss: 0.5358
2025-05-25 20:50:52 - INFO - Epoch 84/400, Batch 2/2, Loss: 0.5490
2025-05-25 20:50:53 - INFO - Epoch 85/400, Batch 2/2, Loss: 0.5997
2025-05-25 20:50:53 - INFO - Epoch 86/400, Batch 2/2, Loss: 0.5619
2025-05-25 20:50:54 - INFO - Epoch 87/400, Batch 2/2, Loss: 0.5979
2025-05-25 20:50:55 - INFO - Epoch 88/400, Batch 2/2, Loss: 0.6015
2025-05-25 20:50:56 - INFO - Epoch 89/400, Batch 2/2, Loss: 0.5436
2025-05-25 20:50:56 - INFO - Epoch 90/400, Batch 2/2, Loss: 0.5858
2025-05-25 20:50:57 - INFO - Epoch 91/400, Batch 2/2, Loss: 0.5655
2025-05-25 20:50:58 - INFO - Epoch 92/400, Batch 2/2, Loss: 0.4790
2025-05-25 20:50:58 - INFO - Epoch 93/400, Batch 2/2, Loss: 0.6204
2025-05-25 20:50:59 - INFO - Epoch 94/400, Batch 2/2, Loss: 0.4759
2025-05-25 20:51:00 - INFO - Epoch 95/400, Batch 2/2, Loss: 0.5887
2025-05-25 20:51:01 - INFO - Epoch 96/400, Batch 2/2, Loss: 0.5733
2025-05-25 20:51:01 - INFO - Epoch 97/400, Batch 2/2, Loss: 0.5494
2025-05-25 20:51:02 - INFO - Epoch 98/400, Batch 2/2, Loss: 0.6232
2025-05-25 20:51:03 - INFO - Epoch 99/400, Batch 2/2, Loss: 0.5640
2025-05-25 20:51:03 - INFO - Epoch 100/400, Batch 2/2, Loss: 0.5241
2025-05-25 20:51:03 - INFO - Saved checkpoint at epoch 100 at ./result/VNet_Multi/LA_8/Pth/model_epoch_100_checkpoint.pth
2025-05-25 20:51:04 - INFO - Epoch 101/400, Batch 2/2, Loss: 0.6247
2025-05-25 20:51:05 - INFO - Epoch 102/400, Batch 2/2, Loss: 0.5072
2025-05-25 20:51:06 - INFO - Epoch 103/400, Batch 2/2, Loss: 0.6607
2025-05-25 20:51:06 - INFO - Epoch 104/400, Batch 2/2, Loss: 0.4859
2025-05-25 20:51:07 - INFO - Epoch 105/400, Batch 2/2, Loss: 0.5236
2025-05-25 20:51:08 - INFO - Epoch 106/400, Batch 2/2, Loss: 0.6886
2025-05-25 20:51:08 - INFO - Epoch 107/400, Batch 2/2, Loss: 0.5212
2025-05-25 20:51:09 - INFO - Epoch 108/400, Batch 2/2, Loss: 0.6054
2025-05-25 20:51:10 - INFO - Epoch 109/400, Batch 2/2, Loss: 0.5543
2025-05-25 20:51:11 - INFO - Epoch 110/400, Batch 2/2, Loss: 0.7054
2025-05-25 20:51:11 - INFO - Epoch 111/400, Batch 2/2, Loss: 0.6065
2025-05-25 20:51:12 - INFO - Epoch 112/400, Batch 2/2, Loss: 0.4579
2025-05-25 20:51:13 - INFO - Epoch 113/400, Batch 2/2, Loss: 0.6170
2025-05-25 20:51:13 - INFO - Epoch 114/400, Batch 2/2, Loss: 0.5635
2025-05-25 20:51:14 - INFO - Epoch 115/400, Batch 2/2, Loss: 0.4967
2025-05-25 20:51:15 - INFO - Epoch 116/400, Batch 2/2, Loss: 0.5802
2025-05-25 20:51:16 - INFO - Epoch 117/400, Batch 2/2, Loss: 0.5925
2025-05-25 20:51:16 - INFO - Epoch 118/400, Batch 2/2, Loss: 0.4721
2025-05-25 20:51:17 - INFO - Epoch 119/400, Batch 2/2, Loss: 0.5000
2025-05-25 20:51:18 - INFO - Epoch 120/400, Batch 2/2, Loss: 0.4692
2025-05-25 20:51:18 - INFO - Saved checkpoint at epoch 120 at ./result/VNet_Multi/LA_8/Pth/model_epoch_120_checkpoint.pth
2025-05-25 20:51:18 - INFO - Epoch 121/400, Batch 2/2, Loss: 0.5862
2025-05-25 20:51:19 - INFO - Epoch 122/400, Batch 2/2, Loss: 0.5825
2025-05-25 20:51:20 - INFO - Epoch 123/400, Batch 2/2, Loss: 0.4595
2025-05-25 20:51:21 - INFO - Epoch 124/400, Batch 2/2, Loss: 0.5986
2025-05-25 20:51:21 - INFO - Epoch 125/400, Batch 2/2, Loss: 0.5832
2025-05-25 20:51:22 - INFO - Epoch 126/400, Batch 2/2, Loss: 0.4923
2025-05-25 20:51:23 - INFO - Epoch 127/400, Batch 2/2, Loss: 0.5440
2025-05-25 20:51:23 - INFO - Epoch 128/400, Batch 2/2, Loss: 0.5688
2025-05-25 20:51:24 - INFO - Epoch 129/400, Batch 2/2, Loss: 0.4677
2025-05-25 20:51:25 - INFO - Epoch 130/400, Batch 2/2, Loss: 0.4867
2025-05-25 20:51:26 - INFO - Epoch 131/400, Batch 2/2, Loss: 0.5266
2025-05-25 20:51:26 - INFO - Epoch 132/400, Batch 2/2, Loss: 0.4290
2025-05-25 20:51:27 - INFO - Epoch 133/400, Batch 2/2, Loss: 0.5956
2025-05-25 20:51:28 - INFO - Epoch 134/400, Batch 2/2, Loss: 0.5243
2025-05-25 20:51:28 - INFO - Epoch 135/400, Batch 2/2, Loss: 0.4692
2025-05-25 20:51:29 - INFO - Epoch 136/400, Batch 2/2, Loss: 0.5057
2025-05-25 20:51:30 - INFO - Epoch 137/400, Batch 2/2, Loss: 0.4897
2025-05-25 20:51:30 - INFO - Epoch 138/400, Batch 2/2, Loss: 0.4569
2025-05-25 20:51:31 - INFO - Epoch 139/400, Batch 2/2, Loss: 0.5348
2025-05-25 20:51:32 - INFO - Epoch 140/400, Batch 2/2, Loss: 0.5732
2025-05-25 20:51:32 - INFO - Saved checkpoint at epoch 140 at ./result/VNet_Multi/LA_8/Pth/model_epoch_140_checkpoint.pth
2025-05-25 20:51:33 - INFO - Epoch 141/400, Batch 2/2, Loss: 0.3554
2025-05-25 20:51:33 - INFO - Epoch 142/400, Batch 2/2, Loss: 0.4626
2025-05-25 20:51:34 - INFO - Epoch 143/400, Batch 2/2, Loss: 0.6193
2025-05-25 20:51:35 - INFO - Epoch 144/400, Batch 2/2, Loss: 0.5276
2025-05-25 20:51:36 - INFO - Epoch 145/400, Batch 2/2, Loss: 0.5439
2025-05-25 20:51:36 - INFO - Epoch 146/400, Batch 2/2, Loss: 0.4039
2025-05-25 20:51:37 - INFO - Epoch 147/400, Batch 2/2, Loss: 0.4083
2025-05-25 20:51:38 - INFO - Epoch 148/400, Batch 2/2, Loss: 0.4453
2025-05-25 20:51:38 - INFO - Epoch 149/400, Batch 2/2, Loss: 0.4786
2025-05-25 20:51:39 - INFO - Epoch 150/400, Batch 2/2, Loss: 0.4240
2025-05-25 20:51:40 - INFO - Epoch 151/400, Batch 2/2, Loss: 0.4853
2025-05-25 20:51:41 - INFO - Epoch 152/400, Batch 2/2, Loss: 0.3932
2025-05-25 20:51:41 - INFO - Epoch 153/400, Batch 2/2, Loss: 0.4592
2025-05-25 20:51:42 - INFO - Epoch 154/400, Batch 2/2, Loss: 0.4102
2025-05-25 20:51:43 - INFO - Epoch 155/400, Batch 2/2, Loss: 0.4279
2025-05-25 20:51:43 - INFO - Epoch 156/400, Batch 2/2, Loss: 0.5249
2025-05-25 20:51:44 - INFO - Epoch 157/400, Batch 2/2, Loss: 0.4331
2025-05-25 20:51:45 - INFO - Epoch 158/400, Batch 2/2, Loss: 0.5085
2025-05-25 20:51:46 - INFO - Epoch 159/400, Batch 2/2, Loss: 0.3767
2025-05-25 20:51:46 - INFO - Epoch 160/400, Batch 2/2, Loss: 0.3232
2025-05-25 20:51:46 - INFO - Saved checkpoint at epoch 160 at ./result/VNet_Multi/LA_8/Pth/model_epoch_160_checkpoint.pth
2025-05-25 20:51:47 - INFO - Epoch 161/400, Batch 2/2, Loss: 0.4653
2025-05-25 20:51:48 - INFO - Epoch 162/400, Batch 2/2, Loss: 0.4122
2025-05-25 20:51:48 - INFO - Epoch 163/400, Batch 2/2, Loss: 0.5976
2025-05-25 20:51:49 - INFO - Epoch 164/400, Batch 2/2, Loss: 0.5351
2025-05-25 20:51:50 - INFO - Epoch 165/400, Batch 2/2, Loss: 0.3890
2025-05-25 20:51:51 - INFO - Epoch 166/400, Batch 2/2, Loss: 0.4735
2025-05-25 20:51:51 - INFO - Epoch 167/400, Batch 2/2, Loss: 0.4988
2025-05-25 20:51:52 - INFO - Epoch 168/400, Batch 2/2, Loss: 0.3525
2025-05-25 20:51:53 - INFO - Epoch 169/400, Batch 2/2, Loss: 0.3884
2025-05-25 20:51:53 - INFO - Epoch 170/400, Batch 2/2, Loss: 0.3982
2025-05-25 20:51:54 - INFO - Epoch 171/400, Batch 2/2, Loss: 0.5199
2025-05-25 20:51:55 - INFO - Epoch 172/400, Batch 2/2, Loss: 0.3094
2025-05-25 20:51:56 - INFO - Epoch 173/400, Batch 2/2, Loss: 0.6217
2025-05-25 20:51:56 - INFO - Epoch 174/400, Batch 2/2, Loss: 0.3621
2025-05-25 20:51:57 - INFO - Epoch 175/400, Batch 2/2, Loss: 0.5280
2025-05-25 20:51:58 - INFO - Epoch 176/400, Batch 2/2, Loss: 0.4169
2025-05-25 20:51:58 - INFO - Epoch 177/400, Batch 2/2, Loss: 0.4985
2025-05-25 20:51:59 - INFO - Epoch 178/400, Batch 2/2, Loss: 0.3665
2025-05-25 20:52:00 - INFO - Epoch 179/400, Batch 2/2, Loss: 0.4667
2025-05-25 20:52:01 - INFO - Epoch 180/400, Batch 2/2, Loss: 0.4866
2025-05-25 20:52:01 - INFO - Saved checkpoint at epoch 180 at ./result/VNet_Multi/LA_8/Pth/model_epoch_180_checkpoint.pth
2025-05-25 20:52:01 - INFO - Epoch 181/400, Batch 2/2, Loss: 0.4346
2025-05-25 20:52:02 - INFO - Epoch 182/400, Batch 2/2, Loss: 0.5098
2025-05-25 20:52:03 - INFO - Epoch 183/400, Batch 2/2, Loss: 0.4073
2025-05-25 20:52:03 - INFO - Epoch 184/400, Batch 2/2, Loss: 0.4480
2025-05-25 20:52:04 - INFO - Epoch 185/400, Batch 2/2, Loss: 0.5873
2025-05-25 20:52:05 - INFO - Epoch 186/400, Batch 2/2, Loss: 0.5110
2025-05-25 20:52:06 - INFO - Epoch 187/400, Batch 2/2, Loss: 0.3905
2025-05-25 20:52:06 - INFO - Epoch 188/400, Batch 2/2, Loss: 0.4368
2025-05-25 20:52:07 - INFO - Epoch 189/400, Batch 2/2, Loss: 0.5150
2025-05-25 20:52:08 - INFO - Epoch 190/400, Batch 2/2, Loss: 0.4138
2025-05-25 20:52:08 - INFO - Epoch 191/400, Batch 2/2, Loss: 0.4251
2025-05-25 20:52:09 - INFO - Epoch 192/400, Batch 2/2, Loss: 0.4216
2025-05-25 20:52:10 - INFO - Epoch 193/400, Batch 2/2, Loss: 0.3970
2025-05-25 20:52:11 - INFO - Epoch 194/400, Batch 2/2, Loss: 0.4436
2025-05-25 20:52:11 - INFO - Epoch 195/400, Batch 2/2, Loss: 0.3866
2025-05-25 20:52:12 - INFO - Epoch 196/400, Batch 2/2, Loss: 0.5326
2025-05-25 20:52:13 - INFO - Epoch 197/400, Batch 2/2, Loss: 0.4889
2025-05-25 20:52:13 - INFO - Epoch 198/400, Batch 2/2, Loss: 0.4643
2025-05-25 20:52:14 - INFO - Epoch 199/400, Batch 2/2, Loss: 0.3365
2025-05-25 20:52:15 - INFO - Epoch 200/400, Batch 2/2, Loss: 0.3912
2025-05-25 20:52:15 - INFO - Saved checkpoint at epoch 200 at ./result/VNet_Multi/LA_8/Pth/model_epoch_200_checkpoint.pth
2025-05-25 20:52:16 - INFO - Epoch 201/400, Batch 2/2, Loss: 0.4087
2025-05-25 20:52:16 - INFO - Epoch 202/400, Batch 2/2, Loss: 0.4042
2025-05-25 20:52:17 - INFO - Epoch 203/400, Batch 2/2, Loss: 0.5055
2025-05-25 20:52:18 - INFO - Epoch 204/400, Batch 2/2, Loss: 0.3864
2025-05-25 20:52:19 - INFO - Epoch 205/400, Batch 2/2, Loss: 0.3413
2025-05-25 20:52:19 - INFO - Epoch 206/400, Batch 2/2, Loss: 0.4304
2025-05-25 20:52:20 - INFO - Epoch 207/400, Batch 2/2, Loss: 0.3913
2025-05-25 20:52:21 - INFO - Epoch 208/400, Batch 2/2, Loss: 0.4865
2025-05-25 20:52:21 - INFO - Epoch 209/400, Batch 2/2, Loss: 0.4135
2025-05-25 20:52:22 - INFO - Epoch 210/400, Batch 2/2, Loss: 0.3747
2025-05-25 20:52:23 - INFO - Epoch 211/400, Batch 2/2, Loss: 0.4125
2025-05-25 20:52:24 - INFO - Epoch 212/400, Batch 2/2, Loss: 0.4349
2025-05-25 20:52:24 - INFO - Epoch 213/400, Batch 2/2, Loss: 0.5197
2025-05-25 20:52:25 - INFO - Epoch 214/400, Batch 2/2, Loss: 0.4528
2025-05-25 20:52:26 - INFO - Epoch 215/400, Batch 2/2, Loss: 0.4100
2025-05-25 20:52:26 - INFO - Epoch 216/400, Batch 2/2, Loss: 0.4276
2025-05-25 20:52:27 - INFO - Epoch 217/400, Batch 2/2, Loss: 0.3974
2025-05-25 20:52:28 - INFO - Epoch 218/400, Batch 2/2, Loss: 0.4518
2025-05-25 20:52:29 - INFO - Epoch 219/400, Batch 2/2, Loss: 0.3434
2025-05-25 20:52:29 - INFO - Epoch 220/400, Batch 2/2, Loss: 0.4524
2025-05-25 20:52:29 - INFO - Saved checkpoint at epoch 220 at ./result/VNet_Multi/LA_8/Pth/model_epoch_220_checkpoint.pth
2025-05-25 20:52:30 - INFO - Epoch 221/400, Batch 2/2, Loss: 0.2798
2025-05-25 20:52:31 - INFO - Epoch 222/400, Batch 2/2, Loss: 0.5102
2025-05-25 20:52:31 - INFO - Epoch 223/400, Batch 2/2, Loss: 0.4121
2025-05-25 20:52:32 - INFO - Epoch 224/400, Batch 2/2, Loss: 0.4185
2025-05-25 20:52:33 - INFO - Epoch 225/400, Batch 2/2, Loss: 0.3711
2025-05-25 20:52:34 - INFO - Epoch 226/400, Batch 2/2, Loss: 0.3685
2025-05-25 20:52:34 - INFO - Epoch 227/400, Batch 2/2, Loss: 0.3145
2025-05-25 20:52:35 - INFO - Epoch 228/400, Batch 2/2, Loss: 0.2707
2025-05-25 20:52:36 - INFO - Epoch 229/400, Batch 2/2, Loss: 0.3599
2025-05-25 20:52:36 - INFO - Epoch 230/400, Batch 2/2, Loss: 0.4660
2025-05-25 20:52:37 - INFO - Epoch 231/400, Batch 2/2, Loss: 0.3019
2025-05-25 20:52:38 - INFO - Epoch 232/400, Batch 2/2, Loss: 0.2816
2025-05-25 20:52:39 - INFO - Epoch 233/400, Batch 2/2, Loss: 0.3593
2025-05-25 20:52:39 - INFO - Epoch 234/400, Batch 2/2, Loss: 0.4044
2025-05-25 20:52:40 - INFO - Epoch 235/400, Batch 2/2, Loss: 0.3388
2025-05-25 20:52:41 - INFO - Epoch 236/400, Batch 2/2, Loss: 0.3522
2025-05-25 20:52:41 - INFO - Epoch 237/400, Batch 2/2, Loss: 0.3221
2025-05-25 20:52:42 - INFO - Epoch 238/400, Batch 2/2, Loss: 0.4017
2025-05-25 20:52:43 - INFO - Epoch 239/400, Batch 2/2, Loss: 0.4384
2025-05-25 20:52:44 - INFO - Epoch 240/400, Batch 2/2, Loss: 0.4181
2025-05-25 20:52:44 - INFO - Saved checkpoint at epoch 240 at ./result/VNet_Multi/LA_8/Pth/model_epoch_240_checkpoint.pth
2025-05-25 20:52:44 - INFO - Epoch 241/400, Batch 2/2, Loss: 0.4063
2025-05-25 20:52:45 - INFO - Epoch 242/400, Batch 2/2, Loss: 0.3491
2025-05-25 20:52:46 - INFO - Epoch 243/400, Batch 2/2, Loss: 0.3894
2025-05-25 20:52:47 - INFO - Epoch 244/400, Batch 2/2, Loss: 0.5008
2025-05-25 20:52:47 - INFO - Epoch 245/400, Batch 2/2, Loss: 0.3189
2025-05-25 20:52:48 - INFO - Epoch 246/400, Batch 2/2, Loss: 0.2514
2025-05-25 20:52:49 - INFO - Epoch 247/400, Batch 2/2, Loss: 0.3691
2025-05-25 20:52:49 - INFO - Epoch 248/400, Batch 2/2, Loss: 0.4185
2025-05-25 20:52:50 - INFO - Epoch 249/400, Batch 2/2, Loss: 0.2835
2025-05-25 20:52:51 - INFO - Epoch 250/400, Batch 2/2, Loss: 0.3586
2025-05-25 20:52:52 - INFO - Epoch 251/400, Batch 2/2, Loss: 0.3866
2025-05-25 20:52:52 - INFO - Epoch 252/400, Batch 2/2, Loss: 0.3677
2025-05-25 20:52:53 - INFO - Epoch 253/400, Batch 2/2, Loss: 0.2420
2025-05-25 20:52:54 - INFO - Epoch 254/400, Batch 2/2, Loss: 0.3292
2025-05-25 20:52:54 - INFO - Epoch 255/400, Batch 2/2, Loss: 0.3984
2025-05-25 20:52:55 - INFO - Epoch 256/400, Batch 2/2, Loss: 0.2882
2025-05-25 20:52:56 - INFO - Epoch 257/400, Batch 2/2, Loss: 0.3006
2025-05-25 20:52:57 - INFO - Epoch 258/400, Batch 2/2, Loss: 0.3142
2025-05-25 20:52:57 - INFO - Epoch 259/400, Batch 2/2, Loss: 0.3610
2025-05-25 20:52:58 - INFO - Epoch 260/400, Batch 2/2, Loss: 0.4463
2025-05-25 20:52:58 - INFO - Saved checkpoint at epoch 260 at ./result/VNet_Multi/LA_8/Pth/model_epoch_260_checkpoint.pth
2025-05-25 20:52:59 - INFO - Epoch 261/400, Batch 2/2, Loss: 0.1852
2025-05-25 20:52:59 - INFO - Epoch 262/400, Batch 2/2, Loss: 0.3581
2025-05-25 20:53:00 - INFO - Epoch 263/400, Batch 2/2, Loss: 0.4022
2025-05-25 20:53:01 - INFO - Epoch 264/400, Batch 2/2, Loss: 0.3701
2025-05-25 20:53:02 - INFO - Epoch 265/400, Batch 2/2, Loss: 0.2383
2025-05-25 20:53:02 - INFO - Epoch 266/400, Batch 2/2, Loss: 0.4810
2025-05-25 20:53:03 - INFO - Epoch 267/400, Batch 2/2, Loss: 0.3100
2025-05-25 20:53:04 - INFO - Epoch 268/400, Batch 2/2, Loss: 0.3946
2025-05-25 20:53:04 - INFO - Epoch 269/400, Batch 2/2, Loss: 0.4669
2025-05-25 20:53:05 - INFO - Epoch 270/400, Batch 2/2, Loss: 0.3035
2025-05-25 20:53:06 - INFO - Epoch 271/400, Batch 2/2, Loss: 0.2307
2025-05-25 20:53:07 - INFO - Epoch 272/400, Batch 2/2, Loss: 0.3067
2025-05-25 20:53:07 - INFO - Epoch 273/400, Batch 2/2, Loss: 0.4485
2025-05-25 20:53:08 - INFO - Epoch 274/400, Batch 2/2, Loss: 0.2275
2025-05-25 20:53:09 - INFO - Epoch 275/400, Batch 2/2, Loss: 0.3989
2025-05-25 20:53:09 - INFO - Epoch 276/400, Batch 2/2, Loss: 0.3976
2025-05-25 20:53:10 - INFO - Epoch 277/400, Batch 2/2, Loss: 0.3442
2025-05-25 20:53:11 - INFO - Epoch 278/400, Batch 2/2, Loss: 0.2160
2025-05-25 20:53:11 - INFO - Epoch 279/400, Batch 2/2, Loss: 0.3948
2025-05-25 20:53:12 - INFO - Epoch 280/400, Batch 2/2, Loss: 0.3559
2025-05-25 20:53:12 - INFO - Saved checkpoint at epoch 280 at ./result/VNet_Multi/LA_8/Pth/model_epoch_280_checkpoint.pth
2025-05-25 20:53:13 - INFO - Epoch 281/400, Batch 2/2, Loss: 0.3954
2025-05-25 20:53:14 - INFO - Epoch 282/400, Batch 2/2, Loss: 0.2896
2025-05-25 20:53:14 - INFO - Epoch 283/400, Batch 2/2, Loss: 0.4956
2025-05-25 20:53:15 - INFO - Epoch 284/400, Batch 2/2, Loss: 0.2536
2025-05-25 20:53:16 - INFO - Epoch 285/400, Batch 2/2, Loss: 0.1758
2025-05-25 20:53:17 - INFO - Epoch 286/400, Batch 2/2, Loss: 0.3925
2025-05-25 20:53:17 - INFO - Epoch 287/400, Batch 2/2, Loss: 0.3363
2025-05-25 20:53:18 - INFO - Epoch 288/400, Batch 2/2, Loss: 0.4098
2025-05-25 20:53:19 - INFO - Epoch 289/400, Batch 2/2, Loss: 0.2290
2025-05-25 20:53:19 - INFO - Epoch 290/400, Batch 2/2, Loss: 0.4149
2025-05-25 20:53:20 - INFO - Epoch 291/400, Batch 2/2, Loss: 0.2591
2025-05-25 20:53:21 - INFO - Epoch 292/400, Batch 2/2, Loss: 0.2908
2025-05-25 20:53:22 - INFO - Epoch 293/400, Batch 2/2, Loss: 0.3149
2025-05-25 20:53:22 - INFO - Epoch 294/400, Batch 2/2, Loss: 0.2737
2025-05-25 20:53:23 - INFO - Epoch 295/400, Batch 2/2, Loss: 0.3770
2025-05-25 20:53:24 - INFO - Epoch 296/400, Batch 2/2, Loss: 0.2721
2025-05-25 20:53:24 - INFO - Epoch 297/400, Batch 2/2, Loss: 0.3640
2025-05-25 20:53:25 - INFO - Epoch 298/400, Batch 2/2, Loss: 0.1842
2025-05-25 20:53:26 - INFO - Epoch 299/400, Batch 2/2, Loss: 0.2579
2025-05-25 20:53:27 - INFO - Epoch 300/400, Batch 2/2, Loss: 0.2765
2025-05-25 20:53:27 - INFO - Saved checkpoint at epoch 300 at ./result/VNet_Multi/LA_8/Pth/model_epoch_300_checkpoint.pth
2025-05-25 20:53:27 - INFO - Epoch 301/400, Batch 2/2, Loss: 0.2504
2025-05-25 20:53:28 - INFO - Epoch 302/400, Batch 2/2, Loss: 0.3460
2025-05-25 20:53:29 - INFO - Epoch 303/400, Batch 2/2, Loss: 0.3912
2025-05-25 20:53:29 - INFO - Epoch 304/400, Batch 2/2, Loss: 0.2406
2025-05-25 20:53:30 - INFO - Epoch 305/400, Batch 2/2, Loss: 0.3345
2025-05-25 20:53:31 - INFO - Epoch 306/400, Batch 2/2, Loss: 0.3783
2025-05-25 20:53:32 - INFO - Epoch 307/400, Batch 2/2, Loss: 0.5164
2025-05-25 20:53:32 - INFO - Epoch 308/400, Batch 2/2, Loss: 0.3247
2025-05-25 20:53:33 - INFO - Epoch 309/400, Batch 2/2, Loss: 0.3736
2025-05-25 20:53:34 - INFO - Epoch 310/400, Batch 2/2, Loss: 0.3180
2025-05-25 20:53:34 - INFO - Epoch 311/400, Batch 2/2, Loss: 0.3518
2025-05-25 20:53:35 - INFO - Epoch 312/400, Batch 2/2, Loss: 0.4054
2025-05-25 20:53:36 - INFO - Epoch 313/400, Batch 2/2, Loss: 0.2158
2025-05-25 20:53:37 - INFO - Epoch 314/400, Batch 2/2, Loss: 0.3143
2025-05-25 20:53:37 - INFO - Epoch 315/400, Batch 2/2, Loss: 0.2630
2025-05-25 20:53:38 - INFO - Epoch 316/400, Batch 2/2, Loss: 0.2861
2025-05-25 20:53:39 - INFO - Epoch 317/400, Batch 2/2, Loss: 0.2476
2025-05-25 20:53:39 - INFO - Epoch 318/400, Batch 2/2, Loss: 0.2677
2025-05-25 20:53:40 - INFO - Epoch 319/400, Batch 2/2, Loss: 0.4330
2025-05-25 20:53:41 - INFO - Epoch 320/400, Batch 2/2, Loss: 0.3822
2025-05-25 20:53:41 - INFO - Saved checkpoint at epoch 320 at ./result/VNet_Multi/LA_8/Pth/model_epoch_320_checkpoint.pth
2025-05-25 20:53:42 - INFO - Epoch 321/400, Batch 2/2, Loss: 0.2806
2025-05-25 20:53:42 - INFO - Epoch 322/400, Batch 2/2, Loss: 0.2779
2025-05-25 20:53:43 - INFO - Epoch 323/400, Batch 2/2, Loss: 0.2433
2025-05-25 20:53:44 - INFO - Epoch 324/400, Batch 2/2, Loss: 0.3069
2025-05-25 20:53:44 - INFO - Epoch 325/400, Batch 2/2, Loss: 0.2826
2025-05-25 20:53:45 - INFO - Epoch 326/400, Batch 2/2, Loss: 0.2177
2025-05-25 20:53:46 - INFO - Epoch 327/400, Batch 2/2, Loss: 0.3689
2025-05-25 20:53:47 - INFO - Epoch 328/400, Batch 2/2, Loss: 0.1367
2025-05-25 20:53:47 - INFO - Epoch 329/400, Batch 2/2, Loss: 0.2508
2025-05-25 20:53:48 - INFO - Epoch 330/400, Batch 2/2, Loss: 0.2981
2025-05-25 20:53:49 - INFO - Epoch 331/400, Batch 2/2, Loss: 0.5207
2025-05-25 20:53:49 - INFO - Epoch 332/400, Batch 2/2, Loss: 0.1951
2025-05-25 20:53:50 - INFO - Epoch 333/400, Batch 2/2, Loss: 0.3015
2025-05-25 20:53:51 - INFO - Epoch 334/400, Batch 2/2, Loss: 0.2102
2025-05-25 20:53:52 - INFO - Epoch 335/400, Batch 2/2, Loss: 0.2778
2025-05-25 20:53:52 - INFO - Epoch 336/400, Batch 2/2, Loss: 0.3623
2025-05-25 20:53:53 - INFO - Epoch 337/400, Batch 2/2, Loss: 0.4089
2025-05-25 20:53:54 - INFO - Epoch 338/400, Batch 2/2, Loss: 0.3250
2025-05-25 20:53:55 - INFO - Epoch 339/400, Batch 2/2, Loss: 0.3974
2025-05-25 20:53:55 - INFO - Epoch 340/400, Batch 2/2, Loss: 0.3482
2025-05-25 20:53:55 - INFO - Saved checkpoint at epoch 340 at ./result/VNet_Multi/LA_8/Pth/model_epoch_340_checkpoint.pth
2025-05-25 20:53:56 - INFO - Epoch 341/400, Batch 2/2, Loss: 0.2277
2025-05-25 20:53:57 - INFO - Epoch 342/400, Batch 2/2, Loss: 0.2598
2025-05-25 20:53:57 - INFO - Epoch 343/400, Batch 2/2, Loss: 0.3441
2025-05-25 20:53:58 - INFO - Epoch 344/400, Batch 2/2, Loss: 0.3515
2025-05-25 20:53:59 - INFO - Epoch 345/400, Batch 2/2, Loss: 0.2652
2025-05-25 20:53:59 - INFO - Epoch 346/400, Batch 2/2, Loss: 0.2923
2025-05-25 20:54:00 - INFO - Epoch 347/400, Batch 2/2, Loss: 0.2764
2025-05-25 20:54:01 - INFO - Epoch 348/400, Batch 2/2, Loss: 0.2977
2025-05-25 20:54:02 - INFO - Epoch 349/400, Batch 2/2, Loss: 0.4049
2025-05-25 20:54:02 - INFO - Epoch 350/400, Batch 2/2, Loss: 0.4021
2025-05-25 20:54:03 - INFO - Epoch 351/400, Batch 2/2, Loss: 0.2337
2025-05-25 20:54:04 - INFO - Epoch 352/400, Batch 2/2, Loss: 0.2895
2025-05-25 20:54:04 - INFO - Epoch 353/400, Batch 2/2, Loss: 0.3088
2025-05-25 20:54:05 - INFO - Epoch 354/400, Batch 2/2, Loss: 0.2294
2025-05-25 20:54:06 - INFO - Epoch 355/400, Batch 2/2, Loss: 0.2768
2025-05-25 20:54:07 - INFO - Epoch 356/400, Batch 2/2, Loss: 0.4018
2025-05-25 20:54:07 - INFO - Epoch 357/400, Batch 2/2, Loss: 0.2364
2025-05-25 20:54:08 - INFO - Epoch 358/400, Batch 2/2, Loss: 0.3190
2025-05-25 20:54:09 - INFO - Epoch 359/400, Batch 2/2, Loss: 0.1864
2025-05-25 20:54:10 - INFO - Epoch 360/400, Batch 2/2, Loss: 0.2493
2025-05-25 20:54:10 - INFO - Saved checkpoint at epoch 360 at ./result/VNet_Multi/LA_8/Pth/model_epoch_360_checkpoint.pth
2025-05-25 20:54:10 - INFO - Epoch 361/400, Batch 2/2, Loss: 0.2540
2025-05-25 20:54:11 - INFO - Epoch 362/400, Batch 2/2, Loss: 0.2907
2025-05-25 20:54:12 - INFO - Epoch 363/400, Batch 2/2, Loss: 0.3538
2025-05-25 20:54:12 - INFO - Epoch 364/400, Batch 2/2, Loss: 0.2141
2025-05-25 20:54:13 - INFO - Epoch 365/400, Batch 2/2, Loss: 0.3706
2025-05-25 20:54:14 - INFO - Epoch 366/400, Batch 2/2, Loss: 0.4753
2025-05-25 20:54:15 - INFO - Epoch 367/400, Batch 2/2, Loss: 0.2286
2025-05-25 20:54:15 - INFO - Epoch 368/400, Batch 2/2, Loss: 0.3156
2025-05-25 20:54:16 - INFO - Epoch 369/400, Batch 2/2, Loss: 0.3888
2025-05-25 20:54:17 - INFO - Epoch 370/400, Batch 2/2, Loss: 0.2778
2025-05-25 20:54:17 - INFO - Epoch 371/400, Batch 2/2, Loss: 0.2791
2025-05-25 20:54:18 - INFO - Epoch 372/400, Batch 2/2, Loss: 0.3030
2025-05-25 20:54:19 - INFO - Epoch 373/400, Batch 2/2, Loss: 0.3240
2025-05-25 20:54:20 - INFO - Epoch 374/400, Batch 2/2, Loss: 0.2932
2025-05-25 20:54:20 - INFO - Epoch 375/400, Batch 2/2, Loss: 0.1656
2025-05-25 20:54:21 - INFO - Epoch 376/400, Batch 2/2, Loss: 0.2592
2025-05-25 20:54:22 - INFO - Epoch 377/400, Batch 2/2, Loss: 0.2138
2025-05-25 20:54:22 - INFO - Epoch 378/400, Batch 2/2, Loss: 0.2678
2025-05-25 20:54:23 - INFO - Epoch 379/400, Batch 2/2, Loss: 0.4606
2025-05-25 20:54:24 - INFO - Epoch 380/400, Batch 2/2, Loss: 0.2022
2025-05-25 20:54:24 - INFO - Saved checkpoint at epoch 380 at ./result/VNet_Multi/LA_8/Pth/model_epoch_380_checkpoint.pth
2025-05-25 20:54:25 - INFO - Epoch 381/400, Batch 2/2, Loss: 0.0785
2025-05-25 20:54:25 - INFO - Epoch 382/400, Batch 2/2, Loss: 0.3480
2025-05-25 20:54:26 - INFO - Epoch 383/400, Batch 2/2, Loss: 0.2136
2025-05-25 20:54:27 - INFO - Epoch 384/400, Batch 2/2, Loss: 0.1742
2025-05-25 20:54:28 - INFO - Epoch 385/400, Batch 2/2, Loss: 0.1703
2025-05-25 20:54:28 - INFO - Epoch 386/400, Batch 2/2, Loss: 0.2607
2025-05-25 20:54:29 - INFO - Epoch 387/400, Batch 2/2, Loss: 0.3297
2025-05-25 20:54:30 - INFO - Epoch 388/400, Batch 2/2, Loss: 0.2456
2025-05-25 20:54:30 - INFO - Epoch 389/400, Batch 2/2, Loss: 0.1821
2025-05-25 20:54:31 - INFO - Epoch 390/400, Batch 2/2, Loss: 0.2130
2025-05-25 20:54:32 - INFO - Epoch 391/400, Batch 2/2, Loss: 0.3177
2025-05-25 20:54:32 - INFO - Epoch 392/400, Batch 2/2, Loss: 0.1711
2025-05-25 20:54:33 - INFO - Epoch 393/400, Batch 2/2, Loss: 0.2516
2025-05-25 20:54:34 - INFO - Epoch 394/400, Batch 2/2, Loss: 0.1944
2025-05-25 20:54:35 - INFO - Epoch 395/400, Batch 2/2, Loss: 0.2104
2025-05-25 20:54:35 - INFO - Epoch 396/400, Batch 2/2, Loss: 0.2194
2025-05-25 20:54:36 - INFO - Epoch 397/400, Batch 2/2, Loss: 0.4331
2025-05-25 20:54:37 - INFO - Epoch 398/400, Batch 2/2, Loss: 0.2590
2025-05-25 20:54:37 - INFO - Epoch 399/400, Batch 2/2, Loss: 0.2799
2025-05-25 20:54:38 - INFO - Epoch 400/400, Batch 2/2, Loss: 0.2642
2025-05-25 20:54:38 - INFO - Saved checkpoint at epoch 400 at ./result/VNet_Multi/LA_8/Pth/model_epoch_400_checkpoint.pth
2025-05-25 20:54:38 - INFO - Training complete!
