2025-06-29 10:43:27 - INFO - Logging is set up.
2025-06-29 10:43:27 - INFO - 
======================================== New Training Session ========================================
2025-06-29 10:43:27 - INFO - Configuration:
{
    "seed": 21,
    "epochs": 400,
    "batch_size": 4,
    "learning_rate": 0.001,
    "log_path": "./result/VNet_Multi_V2/LA_8/Training.log",
    "pth_path": "./result/VNet_Multi_V2/LA_8/Pth",
    "tensorboard_path": "./result/VNet_Multi_V2/LA_8/Train",
    "continue_train": false,
    "multi_gpu": true,
    "training_num": 8,
    "dataset_name": "LA",
    "dataset_path": "./datasets/LA",
    "num_classes": 2,
    "patch_size": [
        112,
        112,
        80
    ]
}
2025-06-29 10:43:27 - INFO - TensorBoard logging directory: ./result/VNet_Multi_V2/LA_8/Train/20250629-104327
2025-06-29 10:43:27 - INFO - Training dataset: 8
2025-06-29 10:43:27 - INFO - Optimizer: AdamW with parameters: {'lr': 0.0001, 'betas': (0.9, 0.999), 'eps': 1e-08, 'weight_decay': 0.01, 'amsgrad': False, 'maximize': False, 'foreach': None, 'capturable': False, 'differentiable': False, 'fused': None, 'decoupled_weight_decay': True}
2025-06-29 10:43:27 - INFO - Using Unified Uncertainty-aware Loss with λ=0.3, α=1, β=1
2025-06-29 10:43:30 - INFO - Epoch 1/400, Batch 2/2, Loss: 1.2377
2025-06-29 10:43:31 - INFO - Epoch 2/400, Batch 2/2, Loss: 1.1386
2025-06-29 10:43:32 - INFO - Epoch 3/400, Batch 2/2, Loss: 1.0977
2025-06-29 10:43:33 - INFO - Epoch 4/400, Batch 2/2, Loss: 1.2366
2025-06-29 10:43:35 - INFO - Epoch 5/400, Batch 2/2, Loss: 1.1026
2025-06-29 10:43:36 - INFO - Epoch 6/400, Batch 2/2, Loss: 0.9919
2025-06-29 10:43:37 - INFO - Epoch 7/400, Batch 2/2, Loss: 1.1131
2025-06-29 10:43:38 - INFO - Epoch 8/400, Batch 2/2, Loss: 1.0678
2025-06-29 10:43:40 - INFO - Epoch 9/400, Batch 2/2, Loss: 1.0698
2025-06-29 10:43:41 - INFO - Epoch 10/400, Batch 2/2, Loss: 0.9673
2025-06-29 10:43:42 - INFO - Epoch 11/400, Batch 2/2, Loss: 1.0041
2025-06-29 10:43:43 - INFO - Epoch 12/400, Batch 2/2, Loss: 1.0038
2025-06-29 10:43:44 - INFO - Epoch 13/400, Batch 2/2, Loss: 1.0298
2025-06-29 10:43:46 - INFO - Epoch 14/400, Batch 2/2, Loss: 1.0908
2025-06-29 10:43:47 - INFO - Epoch 15/400, Batch 2/2, Loss: 1.0016
2025-06-29 10:43:48 - INFO - Epoch 16/400, Batch 2/2, Loss: 1.0043
2025-06-29 10:43:49 - INFO - Epoch 17/400, Batch 2/2, Loss: 1.0039
2025-06-29 10:43:51 - INFO - Epoch 18/400, Batch 2/2, Loss: 1.0128
2025-06-29 10:43:52 - INFO - Epoch 19/400, Batch 2/2, Loss: 0.9750
2025-06-29 10:43:53 - INFO - Epoch 20/400, Batch 2/2, Loss: 0.9605
2025-06-29 10:43:53 - INFO - Created directory: ./result/VNet_Multi_V2/LA_8/Pth
2025-06-29 10:43:53 - INFO - Saved checkpoint at epoch 20 at ./result/VNet_Multi_V2/LA_8/Pth/model_epoch_20_checkpoint.pth
2025-06-29 10:43:54 - INFO - Epoch 21/400, Batch 2/2, Loss: 0.9560
2025-06-29 10:43:56 - INFO - Epoch 22/400, Batch 2/2, Loss: 0.9268
2025-06-29 10:43:57 - INFO - Epoch 23/400, Batch 2/2, Loss: 0.9705
2025-06-29 10:43:58 - INFO - Epoch 24/400, Batch 2/2, Loss: 0.8833
2025-06-29 10:43:59 - INFO - Epoch 25/400, Batch 2/2, Loss: 0.9529
2025-06-29 10:44:01 - INFO - Epoch 26/400, Batch 2/2, Loss: 0.9445
2025-06-29 10:44:02 - INFO - Epoch 27/400, Batch 2/2, Loss: 1.0663
2025-06-29 10:44:03 - INFO - Epoch 28/400, Batch 2/2, Loss: 0.9037
2025-06-29 10:44:04 - INFO - Epoch 29/400, Batch 2/2, Loss: 0.9735
2025-06-29 10:44:05 - INFO - Epoch 30/400, Batch 2/2, Loss: 0.9844
2025-06-29 10:44:07 - INFO - Epoch 31/400, Batch 2/2, Loss: 0.9318
2025-06-29 10:44:08 - INFO - Epoch 32/400, Batch 2/2, Loss: 0.8457
2025-06-29 10:44:09 - INFO - Epoch 33/400, Batch 2/2, Loss: 0.9306
2025-06-29 10:44:10 - INFO - Epoch 34/400, Batch 2/2, Loss: 0.8374
2025-06-29 10:44:12 - INFO - Epoch 35/400, Batch 2/2, Loss: 0.9371
2025-06-29 10:44:13 - INFO - Epoch 36/400, Batch 2/2, Loss: 0.8453
2025-06-29 10:44:14 - INFO - Epoch 37/400, Batch 2/2, Loss: 0.8514
2025-06-29 10:44:15 - INFO - Epoch 38/400, Batch 2/2, Loss: 0.7918
2025-06-29 10:44:17 - INFO - Epoch 39/400, Batch 2/2, Loss: 0.8393
2025-06-29 10:44:18 - INFO - Epoch 40/400, Batch 2/2, Loss: 0.8205
2025-06-29 10:44:18 - INFO - Saved checkpoint at epoch 40 at ./result/VNet_Multi_V2/LA_8/Pth/model_epoch_40_checkpoint.pth
2025-06-29 10:44:19 - INFO - Epoch 41/400, Batch 2/2, Loss: 0.8613
2025-06-29 10:44:20 - INFO - Epoch 42/400, Batch 2/2, Loss: 0.8916
2025-06-29 10:44:22 - INFO - Epoch 43/400, Batch 2/2, Loss: 0.8156
2025-06-29 10:44:23 - INFO - Epoch 44/400, Batch 2/2, Loss: 0.8157
2025-06-29 10:44:24 - INFO - Epoch 45/400, Batch 2/2, Loss: 0.8343
2025-06-29 10:44:25 - INFO - Epoch 46/400, Batch 2/2, Loss: 0.7583
2025-06-29 10:44:27 - INFO - Epoch 47/400, Batch 2/2, Loss: 0.7802
2025-06-29 10:44:28 - INFO - Epoch 48/400, Batch 2/2, Loss: 0.7961
2025-06-29 10:44:29 - INFO - Epoch 49/400, Batch 2/2, Loss: 0.7887
2025-06-29 10:44:30 - INFO - Epoch 50/400, Batch 2/2, Loss: 0.8069
2025-06-29 10:44:32 - INFO - Epoch 51/400, Batch 2/2, Loss: 0.7591
2025-06-29 10:44:33 - INFO - Epoch 52/400, Batch 2/2, Loss: 0.7942
2025-06-29 10:44:34 - INFO - Epoch 53/400, Batch 2/2, Loss: 0.8019
2025-06-29 10:44:35 - INFO - Epoch 54/400, Batch 2/2, Loss: 0.8069
2025-06-29 10:44:36 - INFO - Epoch 55/400, Batch 2/2, Loss: 0.7867
2025-06-29 10:44:38 - INFO - Epoch 56/400, Batch 2/2, Loss: 0.8716
2025-06-29 10:44:39 - INFO - Epoch 57/400, Batch 2/2, Loss: 0.7712
2025-06-29 10:44:40 - INFO - Epoch 58/400, Batch 2/2, Loss: 0.7772
2025-06-29 10:44:41 - INFO - Epoch 59/400, Batch 2/2, Loss: 0.7554
2025-06-29 10:44:43 - INFO - Epoch 60/400, Batch 2/2, Loss: 0.7494
2025-06-29 10:44:43 - INFO - Saved checkpoint at epoch 60 at ./result/VNet_Multi_V2/LA_8/Pth/model_epoch_60_checkpoint.pth
2025-06-29 10:44:44 - INFO - Epoch 61/400, Batch 2/2, Loss: 0.6791
2025-06-29 10:44:45 - INFO - Epoch 62/400, Batch 2/2, Loss: 0.6797
2025-06-29 10:44:46 - INFO - Epoch 63/400, Batch 2/2, Loss: 0.6165
2025-06-29 10:44:48 - INFO - Epoch 64/400, Batch 2/2, Loss: 0.6923
2025-06-29 10:44:49 - INFO - Epoch 65/400, Batch 2/2, Loss: 0.7163
2025-06-29 10:44:50 - INFO - Epoch 66/400, Batch 2/2, Loss: 0.7354
2025-06-29 10:44:51 - INFO - Epoch 67/400, Batch 2/2, Loss: 0.7556
2025-06-29 10:44:53 - INFO - Epoch 68/400, Batch 2/2, Loss: 0.7692
2025-06-29 10:44:54 - INFO - Epoch 69/400, Batch 2/2, Loss: 0.6995
2025-06-29 10:44:55 - INFO - Epoch 70/400, Batch 2/2, Loss: 0.6979
2025-06-29 10:44:56 - INFO - Epoch 71/400, Batch 2/2, Loss: 0.7088
2025-06-29 10:44:57 - INFO - Epoch 72/400, Batch 2/2, Loss: 0.7259
2025-06-29 10:44:59 - INFO - Epoch 73/400, Batch 2/2, Loss: 0.7512
2025-06-29 10:45:00 - INFO - Epoch 74/400, Batch 2/2, Loss: 0.6826
2025-06-29 10:45:01 - INFO - Epoch 75/400, Batch 2/2, Loss: 0.6875
2025-06-29 10:45:02 - INFO - Epoch 76/400, Batch 2/2, Loss: 0.7118
2025-06-29 10:45:04 - INFO - Epoch 77/400, Batch 2/2, Loss: 0.6938
2025-06-29 10:45:05 - INFO - Epoch 78/400, Batch 2/2, Loss: 0.6710
2025-06-29 10:45:06 - INFO - Epoch 79/400, Batch 2/2, Loss: 0.6207
2025-06-29 10:45:07 - INFO - Epoch 80/400, Batch 2/2, Loss: 0.7067
2025-06-29 10:45:07 - INFO - Saved checkpoint at epoch 80 at ./result/VNet_Multi_V2/LA_8/Pth/model_epoch_80_checkpoint.pth
2025-06-29 10:45:09 - INFO - Epoch 81/400, Batch 2/2, Loss: 0.6914
2025-06-29 10:45:10 - INFO - Epoch 82/400, Batch 2/2, Loss: 0.6830
2025-06-29 10:45:11 - INFO - Epoch 83/400, Batch 2/2, Loss: 0.6991
2025-06-29 10:45:12 - INFO - Epoch 84/400, Batch 2/2, Loss: 0.6986
2025-06-29 10:45:14 - INFO - Epoch 85/400, Batch 2/2, Loss: 0.7826
2025-06-29 10:45:15 - INFO - Epoch 86/400, Batch 2/2, Loss: 0.7018
2025-06-29 10:45:16 - INFO - Epoch 87/400, Batch 2/2, Loss: 0.6785
2025-06-29 10:45:17 - INFO - Epoch 88/400, Batch 2/2, Loss: 0.6489
2025-06-29 10:45:18 - INFO - Epoch 89/400, Batch 2/2, Loss: 0.7271
2025-06-29 10:45:20 - INFO - Epoch 90/400, Batch 2/2, Loss: 0.6891
2025-06-29 10:45:21 - INFO - Epoch 91/400, Batch 2/2, Loss: 0.7595
2025-06-29 10:45:22 - INFO - Epoch 92/400, Batch 2/2, Loss: 0.6765
2025-06-29 10:45:23 - INFO - Epoch 93/400, Batch 2/2, Loss: 0.6429
2025-06-29 10:45:25 - INFO - Epoch 94/400, Batch 2/2, Loss: 0.6044
2025-06-29 10:45:26 - INFO - Epoch 95/400, Batch 2/2, Loss: 0.6369
2025-06-29 10:45:27 - INFO - Epoch 96/400, Batch 2/2, Loss: 0.6996
2025-06-29 10:45:28 - INFO - Epoch 97/400, Batch 2/2, Loss: 0.6717
2025-06-29 10:45:30 - INFO - Epoch 98/400, Batch 2/2, Loss: 0.5937
2025-06-29 10:45:31 - INFO - Epoch 99/400, Batch 2/2, Loss: 0.5752
2025-06-29 10:45:32 - INFO - Epoch 100/400, Batch 2/2, Loss: 0.6289
2025-06-29 10:45:32 - INFO - Saved checkpoint at epoch 100 at ./result/VNet_Multi_V2/LA_8/Pth/model_epoch_100_checkpoint.pth
2025-06-29 10:45:33 - INFO - Epoch 101/400, Batch 2/2, Loss: 0.5953
2025-06-29 10:45:35 - INFO - Epoch 102/400, Batch 2/2, Loss: 0.6075
2025-06-29 10:45:36 - INFO - Epoch 103/400, Batch 2/2, Loss: 0.7449
2025-06-29 10:45:37 - INFO - Epoch 104/400, Batch 2/2, Loss: 0.6114
2025-06-29 10:45:38 - INFO - Epoch 105/400, Batch 2/2, Loss: 0.5656
2025-06-29 10:45:40 - INFO - Epoch 106/400, Batch 2/2, Loss: 0.6176
2025-06-29 10:45:41 - INFO - Epoch 107/400, Batch 2/2, Loss: 0.7276
2025-06-29 10:45:42 - INFO - Epoch 108/400, Batch 2/2, Loss: 0.6488
2025-06-29 10:45:43 - INFO - Epoch 109/400, Batch 2/2, Loss: 0.6452
2025-06-29 10:45:44 - INFO - Epoch 110/400, Batch 2/2, Loss: 0.5385
2025-06-29 10:45:46 - INFO - Epoch 111/400, Batch 2/2, Loss: 0.7264
2025-06-29 10:45:47 - INFO - Epoch 112/400, Batch 2/2, Loss: 0.7554
2025-06-29 10:45:48 - INFO - Epoch 113/400, Batch 2/2, Loss: 0.6586
2025-06-29 10:45:49 - INFO - Epoch 114/400, Batch 2/2, Loss: 0.6205
2025-06-29 10:45:51 - INFO - Epoch 115/400, Batch 2/2, Loss: 0.5465
2025-06-29 10:45:52 - INFO - Epoch 116/400, Batch 2/2, Loss: 0.6216
2025-06-29 10:45:53 - INFO - Epoch 117/400, Batch 2/2, Loss: 0.6412
2025-06-29 10:45:54 - INFO - Epoch 118/400, Batch 2/2, Loss: 0.6834
2025-06-29 10:45:56 - INFO - Epoch 119/400, Batch 2/2, Loss: 0.5428
2025-06-29 10:45:57 - INFO - Epoch 120/400, Batch 2/2, Loss: 0.6342
2025-06-29 10:45:57 - INFO - Saved checkpoint at epoch 120 at ./result/VNet_Multi_V2/LA_8/Pth/model_epoch_120_checkpoint.pth
2025-06-29 10:45:58 - INFO - Epoch 121/400, Batch 2/2, Loss: 0.6153
2025-06-29 10:45:59 - INFO - Epoch 122/400, Batch 2/2, Loss: 0.5967
2025-06-29 10:46:01 - INFO - Epoch 123/400, Batch 2/2, Loss: 0.6875
2025-06-29 10:46:02 - INFO - Epoch 124/400, Batch 2/2, Loss: 0.6210
2025-06-29 10:46:03 - INFO - Epoch 125/400, Batch 2/2, Loss: 0.5453
2025-06-29 10:46:04 - INFO - Epoch 126/400, Batch 2/2, Loss: 0.6155
2025-06-29 10:46:06 - INFO - Epoch 127/400, Batch 2/2, Loss: 0.5477
2025-06-29 10:46:07 - INFO - Epoch 128/400, Batch 2/2, Loss: 0.5217
2025-06-29 10:46:08 - INFO - Epoch 129/400, Batch 2/2, Loss: 0.5482
2025-06-29 10:46:09 - INFO - Epoch 130/400, Batch 2/2, Loss: 0.5737
2025-06-29 10:46:10 - INFO - Epoch 131/400, Batch 2/2, Loss: 0.5824
2025-06-29 10:46:12 - INFO - Epoch 132/400, Batch 2/2, Loss: 0.5247
2025-06-29 10:46:13 - INFO - Epoch 133/400, Batch 2/2, Loss: 0.5541
2025-06-29 10:46:14 - INFO - Epoch 134/400, Batch 2/2, Loss: 0.5430
2025-06-29 10:46:15 - INFO - Epoch 135/400, Batch 2/2, Loss: 0.4817
2025-06-29 10:46:16 - INFO - Epoch 136/400, Batch 2/2, Loss: 0.6755
2025-06-29 10:46:18 - INFO - Epoch 137/400, Batch 2/2, Loss: 0.5451
2025-06-29 10:46:19 - INFO - Epoch 138/400, Batch 2/2, Loss: 0.5272
2025-06-29 10:46:20 - INFO - Epoch 139/400, Batch 2/2, Loss: 0.5213
2025-06-29 10:46:21 - INFO - Epoch 140/400, Batch 2/2, Loss: 0.5792
2025-06-29 10:46:21 - INFO - Saved checkpoint at epoch 140 at ./result/VNet_Multi_V2/LA_8/Pth/model_epoch_140_checkpoint.pth
2025-06-29 10:46:23 - INFO - Epoch 141/400, Batch 2/2, Loss: 0.6338
2025-06-29 10:46:24 - INFO - Epoch 142/400, Batch 2/2, Loss: 0.5073
2025-06-29 10:46:25 - INFO - Epoch 143/400, Batch 2/2, Loss: 0.6466
2025-06-29 10:46:26 - INFO - Epoch 144/400, Batch 2/2, Loss: 0.6018
2025-06-29 10:46:27 - INFO - Epoch 145/400, Batch 2/2, Loss: 0.5666
2025-06-29 10:46:29 - INFO - Epoch 146/400, Batch 2/2, Loss: 0.4908
2025-06-29 10:46:30 - INFO - Epoch 147/400, Batch 2/2, Loss: 0.5260
2025-06-29 10:46:31 - INFO - Epoch 148/400, Batch 2/2, Loss: 0.5964
2025-06-29 10:46:33 - INFO - Epoch 149/400, Batch 2/2, Loss: 0.5363
2025-06-29 10:46:34 - INFO - Epoch 150/400, Batch 2/2, Loss: 0.5047
2025-06-29 10:46:35 - INFO - Epoch 151/400, Batch 2/2, Loss: 0.5467
2025-06-29 10:46:36 - INFO - Epoch 152/400, Batch 2/2, Loss: 0.6133
2025-06-29 10:46:38 - INFO - Epoch 153/400, Batch 2/2, Loss: 0.5324
2025-06-29 10:46:39 - INFO - Epoch 154/400, Batch 2/2, Loss: 0.5040
2025-06-29 10:46:40 - INFO - Epoch 155/400, Batch 2/2, Loss: 0.5117
2025-06-29 10:46:41 - INFO - Epoch 156/400, Batch 2/2, Loss: 0.5383
2025-06-29 10:46:42 - INFO - Epoch 157/400, Batch 2/2, Loss: 0.4927
2025-06-29 10:46:44 - INFO - Epoch 158/400, Batch 2/2, Loss: 0.5307
2025-06-29 10:46:45 - INFO - Epoch 159/400, Batch 2/2, Loss: 0.5225
2025-06-29 10:46:46 - INFO - Epoch 160/400, Batch 2/2, Loss: 0.5358
2025-06-29 10:46:46 - INFO - Saved checkpoint at epoch 160 at ./result/VNet_Multi_V2/LA_8/Pth/model_epoch_160_checkpoint.pth
2025-06-29 10:46:47 - INFO - Epoch 161/400, Batch 2/2, Loss: 0.4973
2025-06-29 10:46:49 - INFO - Epoch 162/400, Batch 2/2, Loss: 0.4602
2025-06-29 10:46:50 - INFO - Epoch 163/400, Batch 2/2, Loss: 0.4939
2025-06-29 10:46:51 - INFO - Epoch 164/400, Batch 2/2, Loss: 0.4970
2025-06-29 10:46:52 - INFO - Epoch 165/400, Batch 2/2, Loss: 0.6282
2025-06-29 10:46:54 - INFO - Epoch 166/400, Batch 2/2, Loss: 0.4818
2025-06-29 10:46:55 - INFO - Epoch 167/400, Batch 2/2, Loss: 0.4969
2025-06-29 10:46:56 - INFO - Epoch 168/400, Batch 2/2, Loss: 0.4823
2025-06-29 10:46:57 - INFO - Epoch 169/400, Batch 2/2, Loss: 0.5811
2025-06-29 10:46:58 - INFO - Epoch 170/400, Batch 2/2, Loss: 0.5358
2025-06-29 10:47:00 - INFO - Epoch 171/400, Batch 2/2, Loss: 0.4621
2025-06-29 10:47:01 - INFO - Epoch 172/400, Batch 2/2, Loss: 0.4363
2025-06-29 10:47:02 - INFO - Epoch 173/400, Batch 2/2, Loss: 0.5420
2025-06-29 10:47:03 - INFO - Epoch 174/400, Batch 2/2, Loss: 0.4349
2025-06-29 10:47:05 - INFO - Epoch 175/400, Batch 2/2, Loss: 0.5588
2025-06-29 10:47:06 - INFO - Epoch 176/400, Batch 2/2, Loss: 0.5071
2025-06-29 10:47:07 - INFO - Epoch 177/400, Batch 2/2, Loss: 0.4741
2025-06-29 10:47:08 - INFO - Epoch 178/400, Batch 2/2, Loss: 0.5122
2025-06-29 10:47:10 - INFO - Epoch 179/400, Batch 2/2, Loss: 0.4557
2025-06-29 10:47:11 - INFO - Epoch 180/400, Batch 2/2, Loss: 0.5543
2025-06-29 10:47:11 - INFO - Saved checkpoint at epoch 180 at ./result/VNet_Multi_V2/LA_8/Pth/model_epoch_180_checkpoint.pth
2025-06-29 10:47:12 - INFO - Epoch 181/400, Batch 2/2, Loss: 0.4556
2025-06-29 10:47:14 - INFO - Epoch 182/400, Batch 2/2, Loss: 0.6189
2025-06-29 10:47:15 - INFO - Epoch 183/400, Batch 2/2, Loss: 0.4889
2025-06-29 10:47:16 - INFO - Epoch 184/400, Batch 2/2, Loss: 0.4890
2025-06-29 10:47:17 - INFO - Epoch 185/400, Batch 2/2, Loss: 0.4933
2025-06-29 10:47:18 - INFO - Epoch 186/400, Batch 2/2, Loss: 0.5311
2025-06-29 10:47:20 - INFO - Epoch 187/400, Batch 2/2, Loss: 0.4361
2025-06-29 10:47:21 - INFO - Epoch 188/400, Batch 2/2, Loss: 0.4948
2025-06-29 10:47:22 - INFO - Epoch 189/400, Batch 2/2, Loss: 0.5510
2025-06-29 10:47:23 - INFO - Epoch 190/400, Batch 2/2, Loss: 0.5138
2025-06-29 10:47:24 - INFO - Epoch 191/400, Batch 2/2, Loss: 0.5122
2025-06-29 10:47:26 - INFO - Epoch 192/400, Batch 2/2, Loss: 0.5171
2025-06-29 10:47:27 - INFO - Epoch 193/400, Batch 2/2, Loss: 0.4932
2025-06-29 10:47:28 - INFO - Epoch 194/400, Batch 2/2, Loss: 0.4759
2025-06-29 10:47:30 - INFO - Epoch 195/400, Batch 2/2, Loss: 0.4577
2025-06-29 10:47:31 - INFO - Epoch 196/400, Batch 2/2, Loss: 0.5175
2025-06-29 10:47:32 - INFO - Epoch 197/400, Batch 2/2, Loss: 0.5008
2025-06-29 10:47:33 - INFO - Epoch 198/400, Batch 2/2, Loss: 0.4394
2025-06-29 10:47:34 - INFO - Epoch 199/400, Batch 2/2, Loss: 0.4977
2025-06-29 10:47:36 - INFO - Epoch 200/400, Batch 2/2, Loss: 0.5234
2025-06-29 10:47:36 - INFO - Saved checkpoint at epoch 200 at ./result/VNet_Multi_V2/LA_8/Pth/model_epoch_200_checkpoint.pth
2025-06-29 10:47:37 - INFO - Epoch 201/400, Batch 2/2, Loss: 0.4877
2025-06-29 10:47:38 - INFO - Epoch 202/400, Batch 2/2, Loss: 0.4282
2025-06-29 10:47:39 - INFO - Epoch 203/400, Batch 2/2, Loss: 0.5260
2025-06-29 10:47:41 - INFO - Epoch 204/400, Batch 2/2, Loss: 0.3906
2025-06-29 10:47:42 - INFO - Epoch 205/400, Batch 2/2, Loss: 0.5141
2025-06-29 10:47:43 - INFO - Epoch 206/400, Batch 2/2, Loss: 0.5679
2025-06-29 10:47:44 - INFO - Epoch 207/400, Batch 2/2, Loss: 0.5077
2025-06-29 10:47:46 - INFO - Epoch 208/400, Batch 2/2, Loss: 0.4653
2025-06-29 10:47:47 - INFO - Epoch 209/400, Batch 2/2, Loss: 0.5046
2025-06-29 10:47:48 - INFO - Epoch 210/400, Batch 2/2, Loss: 0.5024
2025-06-29 10:47:49 - INFO - Epoch 211/400, Batch 2/2, Loss: 0.4443
2025-06-29 10:47:50 - INFO - Epoch 212/400, Batch 2/2, Loss: 0.4289
2025-06-29 10:47:52 - INFO - Epoch 213/400, Batch 2/2, Loss: 0.4648
2025-06-29 10:47:53 - INFO - Epoch 214/400, Batch 2/2, Loss: 0.4563
2025-06-29 10:47:54 - INFO - Epoch 215/400, Batch 2/2, Loss: 0.3553
2025-06-29 10:47:55 - INFO - Epoch 216/400, Batch 2/2, Loss: 0.4809
2025-06-29 10:47:57 - INFO - Epoch 217/400, Batch 2/2, Loss: 0.4944
2025-06-29 10:47:58 - INFO - Epoch 218/400, Batch 2/2, Loss: 0.4422
2025-06-29 10:47:59 - INFO - Epoch 219/400, Batch 2/2, Loss: 0.4975
2025-06-29 10:48:00 - INFO - Epoch 220/400, Batch 2/2, Loss: 0.4079
2025-06-29 10:48:01 - INFO - Saved checkpoint at epoch 220 at ./result/VNet_Multi_V2/LA_8/Pth/model_epoch_220_checkpoint.pth
2025-06-29 10:48:02 - INFO - Epoch 221/400, Batch 2/2, Loss: 0.4881
2025-06-29 10:48:03 - INFO - Epoch 222/400, Batch 2/2, Loss: 0.4301
2025-06-29 10:48:04 - INFO - Epoch 223/400, Batch 2/2, Loss: 0.4876
2025-06-29 10:48:06 - INFO - Epoch 224/400, Batch 2/2, Loss: 0.4264
2025-06-29 10:48:07 - INFO - Epoch 225/400, Batch 2/2, Loss: 0.4333
2025-06-29 10:48:08 - INFO - Epoch 226/400, Batch 2/2, Loss: 0.4081
2025-06-29 10:48:09 - INFO - Epoch 227/400, Batch 2/2, Loss: 0.4515
2025-06-29 10:48:11 - INFO - Epoch 228/400, Batch 2/2, Loss: 0.3961
2025-06-29 10:48:12 - INFO - Epoch 229/400, Batch 2/2, Loss: 0.4659
2025-06-29 10:48:13 - INFO - Epoch 230/400, Batch 2/2, Loss: 0.3859
2025-06-29 10:48:14 - INFO - Epoch 231/400, Batch 2/2, Loss: 0.4121
2025-06-29 10:48:16 - INFO - Epoch 232/400, Batch 2/2, Loss: 0.3993
2025-06-29 10:48:17 - INFO - Epoch 233/400, Batch 2/2, Loss: 0.3401
2025-06-29 10:48:18 - INFO - Epoch 234/400, Batch 2/2, Loss: 0.4861
2025-06-29 10:48:19 - INFO - Epoch 235/400, Batch 2/2, Loss: 0.3975
2025-06-29 10:48:20 - INFO - Epoch 236/400, Batch 2/2, Loss: 0.3253
2025-06-29 10:48:22 - INFO - Epoch 237/400, Batch 2/2, Loss: 0.3711
2025-06-29 10:48:23 - INFO - Epoch 238/400, Batch 2/2, Loss: 0.3716
2025-06-29 10:48:24 - INFO - Epoch 239/400, Batch 2/2, Loss: 0.3979
2025-06-29 10:48:25 - INFO - Epoch 240/400, Batch 2/2, Loss: 0.3652
2025-06-29 10:48:25 - INFO - Saved checkpoint at epoch 240 at ./result/VNet_Multi_V2/LA_8/Pth/model_epoch_240_checkpoint.pth
2025-06-29 10:48:27 - INFO - Epoch 241/400, Batch 2/2, Loss: 0.3352
2025-06-29 10:48:28 - INFO - Epoch 242/400, Batch 2/2, Loss: 0.3984
2025-06-29 10:48:29 - INFO - Epoch 243/400, Batch 2/2, Loss: 0.4543
2025-06-29 10:48:30 - INFO - Epoch 244/400, Batch 2/2, Loss: 0.3762
2025-06-29 10:48:32 - INFO - Epoch 245/400, Batch 2/2, Loss: 0.4442
2025-06-29 10:48:33 - INFO - Epoch 246/400, Batch 2/2, Loss: 0.4380
2025-06-29 10:48:34 - INFO - Epoch 247/400, Batch 2/2, Loss: 0.3876
2025-06-29 10:48:36 - INFO - Epoch 248/400, Batch 2/2, Loss: 0.3807
2025-06-29 10:48:37 - INFO - Epoch 249/400, Batch 2/2, Loss: 0.3741
2025-06-29 10:48:38 - INFO - Epoch 250/400, Batch 2/2, Loss: 0.2981
2025-06-29 10:48:39 - INFO - Epoch 251/400, Batch 2/2, Loss: 0.4650
2025-06-29 10:48:41 - INFO - Epoch 252/400, Batch 2/2, Loss: 0.3720
2025-06-29 10:48:42 - INFO - Epoch 253/400, Batch 2/2, Loss: 0.3767
2025-06-29 10:48:43 - INFO - Epoch 254/400, Batch 2/2, Loss: 0.3688
2025-06-29 10:48:44 - INFO - Epoch 255/400, Batch 2/2, Loss: 0.3953
2025-06-29 10:48:46 - INFO - Epoch 256/400, Batch 2/2, Loss: 0.5161
2025-06-29 10:48:47 - INFO - Epoch 257/400, Batch 2/2, Loss: 0.3325
2025-06-29 10:48:48 - INFO - Epoch 258/400, Batch 2/2, Loss: 0.4153
2025-06-29 10:48:49 - INFO - Epoch 259/400, Batch 2/2, Loss: 0.4001
2025-06-29 10:48:50 - INFO - Epoch 260/400, Batch 2/2, Loss: 0.4348
2025-06-29 10:48:50 - INFO - Saved checkpoint at epoch 260 at ./result/VNet_Multi_V2/LA_8/Pth/model_epoch_260_checkpoint.pth
2025-06-29 10:48:52 - INFO - Epoch 261/400, Batch 2/2, Loss: 0.3543
2025-06-29 10:48:53 - INFO - Epoch 262/400, Batch 2/2, Loss: 0.3925
2025-06-29 10:48:54 - INFO - Epoch 263/400, Batch 2/2, Loss: 0.3486
2025-06-29 10:48:55 - INFO - Epoch 264/400, Batch 2/2, Loss: 0.3934
2025-06-29 10:48:57 - INFO - Epoch 265/400, Batch 2/2, Loss: 0.4032
2025-06-29 10:48:58 - INFO - Epoch 266/400, Batch 2/2, Loss: 0.3325
2025-06-29 10:48:59 - INFO - Epoch 267/400, Batch 2/2, Loss: 0.3263
2025-06-29 10:49:00 - INFO - Epoch 268/400, Batch 2/2, Loss: 0.3406
2025-06-29 10:49:02 - INFO - Epoch 269/400, Batch 2/2, Loss: 0.3563
2025-06-29 10:49:03 - INFO - Epoch 270/400, Batch 2/2, Loss: 0.3201
2025-06-29 10:49:04 - INFO - Epoch 271/400, Batch 2/2, Loss: 0.3979
2025-06-29 10:49:05 - INFO - Epoch 272/400, Batch 2/2, Loss: 0.3685
2025-06-29 10:49:06 - INFO - Epoch 273/400, Batch 2/2, Loss: 0.4962
2025-06-29 10:49:08 - INFO - Epoch 274/400, Batch 2/2, Loss: 0.3988
2025-06-29 10:49:09 - INFO - Epoch 275/400, Batch 2/2, Loss: 0.3868
2025-06-29 10:49:10 - INFO - Epoch 276/400, Batch 2/2, Loss: 0.3528
2025-06-29 10:49:12 - INFO - Epoch 277/400, Batch 2/2, Loss: 0.3557
2025-06-29 10:49:13 - INFO - Epoch 278/400, Batch 2/2, Loss: 0.2832
2025-06-29 10:49:14 - INFO - Epoch 279/400, Batch 2/2, Loss: 0.4374
2025-06-29 10:49:15 - INFO - Epoch 280/400, Batch 2/2, Loss: 0.4507
2025-06-29 10:49:15 - INFO - Saved checkpoint at epoch 280 at ./result/VNet_Multi_V2/LA_8/Pth/model_epoch_280_checkpoint.pth
2025-06-29 10:49:17 - INFO - Epoch 281/400, Batch 2/2, Loss: 0.3065
2025-06-29 10:49:18 - INFO - Epoch 282/400, Batch 2/2, Loss: 0.3645
2025-06-29 10:49:19 - INFO - Epoch 283/400, Batch 2/2, Loss: 0.2947
2025-06-29 10:49:20 - INFO - Epoch 284/400, Batch 2/2, Loss: 0.4061
2025-06-29 10:49:22 - INFO - Epoch 285/400, Batch 2/2, Loss: 0.3054
2025-06-29 10:49:23 - INFO - Epoch 286/400, Batch 2/2, Loss: 0.3453
2025-06-29 10:49:24 - INFO - Epoch 287/400, Batch 2/2, Loss: 0.3243
2025-06-29 10:49:25 - INFO - Epoch 288/400, Batch 2/2, Loss: 0.3289
2025-06-29 10:49:26 - INFO - Epoch 289/400, Batch 2/2, Loss: 0.4172
2025-06-29 10:49:28 - INFO - Epoch 290/400, Batch 2/2, Loss: 0.3547
2025-06-29 10:49:29 - INFO - Epoch 291/400, Batch 2/2, Loss: 0.3370
2025-06-29 10:49:30 - INFO - Epoch 292/400, Batch 2/2, Loss: 0.3011
2025-06-29 10:49:32 - INFO - Epoch 293/400, Batch 2/2, Loss: 0.4599
2025-06-29 10:49:33 - INFO - Epoch 294/400, Batch 2/2, Loss: 0.3697
2025-06-29 10:49:34 - INFO - Epoch 295/400, Batch 2/2, Loss: 0.3701
2025-06-29 10:49:35 - INFO - Epoch 296/400, Batch 2/2, Loss: 0.2940
2025-06-29 10:49:37 - INFO - Epoch 297/400, Batch 2/2, Loss: 0.5507
2025-06-29 10:49:38 - INFO - Epoch 298/400, Batch 2/2, Loss: 0.4106
2025-06-29 10:49:39 - INFO - Epoch 299/400, Batch 2/2, Loss: 0.3143
2025-06-29 10:49:40 - INFO - Epoch 300/400, Batch 2/2, Loss: 0.3687
2025-06-29 10:49:40 - INFO - Saved checkpoint at epoch 300 at ./result/VNet_Multi_V2/LA_8/Pth/model_epoch_300_checkpoint.pth
2025-06-29 10:49:41 - INFO - Epoch 301/400, Batch 2/2, Loss: 0.3775
2025-06-29 10:49:43 - INFO - Epoch 302/400, Batch 2/2, Loss: 0.3799
2025-06-29 10:49:44 - INFO - Epoch 303/400, Batch 2/2, Loss: 0.3626
2025-06-29 10:49:45 - INFO - Epoch 304/400, Batch 2/2, Loss: 0.3323
2025-06-29 10:49:46 - INFO - Epoch 305/400, Batch 2/2, Loss: 0.3303
2025-06-29 10:49:48 - INFO - Epoch 306/400, Batch 2/2, Loss: 0.3831
2025-06-29 10:49:49 - INFO - Epoch 307/400, Batch 2/2, Loss: 0.3394
2025-06-29 10:49:50 - INFO - Epoch 308/400, Batch 2/2, Loss: 0.2919
2025-06-29 10:49:51 - INFO - Epoch 309/400, Batch 2/2, Loss: 0.3444
2025-06-29 10:49:53 - INFO - Epoch 310/400, Batch 2/2, Loss: 0.3271
2025-06-29 10:49:54 - INFO - Epoch 311/400, Batch 2/2, Loss: 0.4146
2025-06-29 10:49:55 - INFO - Epoch 312/400, Batch 2/2, Loss: 0.3320
2025-06-29 10:49:56 - INFO - Epoch 313/400, Batch 2/2, Loss: 0.3346
2025-06-29 10:49:57 - INFO - Epoch 314/400, Batch 2/2, Loss: 0.3228
2025-06-29 10:49:59 - INFO - Epoch 315/400, Batch 2/2, Loss: 0.3160
2025-06-29 10:50:00 - INFO - Epoch 316/400, Batch 2/2, Loss: 0.2853
2025-06-29 10:50:01 - INFO - Epoch 317/400, Batch 2/2, Loss: 0.2734
2025-06-29 10:50:02 - INFO - Epoch 318/400, Batch 2/2, Loss: 0.5183
2025-06-29 10:50:04 - INFO - Epoch 319/400, Batch 2/2, Loss: 0.3471
2025-06-29 10:50:05 - INFO - Epoch 320/400, Batch 2/2, Loss: 0.3851
2025-06-29 10:50:05 - INFO - Saved checkpoint at epoch 320 at ./result/VNet_Multi_V2/LA_8/Pth/model_epoch_320_checkpoint.pth
2025-06-29 10:50:06 - INFO - Epoch 321/400, Batch 2/2, Loss: 0.2934
2025-06-29 10:50:08 - INFO - Epoch 322/400, Batch 2/2, Loss: 0.4156
2025-06-29 10:50:09 - INFO - Epoch 323/400, Batch 2/2, Loss: 0.2757
2025-06-29 10:50:10 - INFO - Epoch 324/400, Batch 2/2, Loss: 0.2350
2025-06-29 10:50:11 - INFO - Epoch 325/400, Batch 2/2, Loss: 0.3280
2025-06-29 10:50:13 - INFO - Epoch 326/400, Batch 2/2, Loss: 0.3166
2025-06-29 10:50:14 - INFO - Epoch 327/400, Batch 2/2, Loss: 0.3408
2025-06-29 10:50:15 - INFO - Epoch 328/400, Batch 2/2, Loss: 0.3067
2025-06-29 10:50:16 - INFO - Epoch 329/400, Batch 2/2, Loss: 0.3509
2025-06-29 10:50:18 - INFO - Epoch 330/400, Batch 2/2, Loss: 0.2751
2025-06-29 10:50:19 - INFO - Epoch 331/400, Batch 2/2, Loss: 0.3626
2025-06-29 10:50:20 - INFO - Epoch 332/400, Batch 2/2, Loss: 0.3401
2025-06-29 10:50:21 - INFO - Epoch 333/400, Batch 2/2, Loss: 0.3162
2025-06-29 10:50:22 - INFO - Epoch 334/400, Batch 2/2, Loss: 0.2893
2025-06-29 10:50:24 - INFO - Epoch 335/400, Batch 2/2, Loss: 0.3497
2025-06-29 10:50:25 - INFO - Epoch 336/400, Batch 2/2, Loss: 0.2790
2025-06-29 10:50:26 - INFO - Epoch 337/400, Batch 2/2, Loss: 0.2724
2025-06-29 10:50:27 - INFO - Epoch 338/400, Batch 2/2, Loss: 0.3449
2025-06-29 10:50:29 - INFO - Epoch 339/400, Batch 2/2, Loss: 0.3312
2025-06-29 10:50:30 - INFO - Epoch 340/400, Batch 2/2, Loss: 0.3666
2025-06-29 10:50:30 - INFO - Saved checkpoint at epoch 340 at ./result/VNet_Multi_V2/LA_8/Pth/model_epoch_340_checkpoint.pth
2025-06-29 10:50:31 - INFO - Epoch 341/400, Batch 2/2, Loss: 0.2941
2025-06-29 10:50:32 - INFO - Epoch 342/400, Batch 2/2, Loss: 0.3195
2025-06-29 10:50:34 - INFO - Epoch 343/400, Batch 2/2, Loss: 0.3375
2025-06-29 10:50:35 - INFO - Epoch 344/400, Batch 2/2, Loss: 0.3459
2025-06-29 10:50:36 - INFO - Epoch 345/400, Batch 2/2, Loss: 0.3454
2025-06-29 10:50:37 - INFO - Epoch 346/400, Batch 2/2, Loss: 0.2586
2025-06-29 10:50:39 - INFO - Epoch 347/400, Batch 2/2, Loss: 0.2648
2025-06-29 10:50:40 - INFO - Epoch 348/400, Batch 2/2, Loss: 0.2823
2025-06-29 10:50:41 - INFO - Epoch 349/400, Batch 2/2, Loss: 0.2587
2025-06-29 10:50:42 - INFO - Epoch 350/400, Batch 2/2, Loss: 0.2432
2025-06-29 10:50:44 - INFO - Epoch 351/400, Batch 2/2, Loss: 0.3437
2025-06-29 10:50:45 - INFO - Epoch 352/400, Batch 2/2, Loss: 0.3145
2025-06-29 10:50:46 - INFO - Epoch 353/400, Batch 2/2, Loss: 0.2919
2025-06-29 10:50:47 - INFO - Epoch 354/400, Batch 2/2, Loss: 0.2208
2025-06-29 10:50:48 - INFO - Epoch 355/400, Batch 2/2, Loss: 0.3828
2025-06-29 10:50:50 - INFO - Epoch 356/400, Batch 2/2, Loss: 0.2823
2025-06-29 10:50:51 - INFO - Epoch 357/400, Batch 2/2, Loss: 0.2027
2025-06-29 10:50:52 - INFO - Epoch 358/400, Batch 2/2, Loss: 0.3239
2025-06-29 10:50:53 - INFO - Epoch 359/400, Batch 2/2, Loss: 0.3650
2025-06-29 10:50:55 - INFO - Epoch 360/400, Batch 2/2, Loss: 0.3417
2025-06-29 10:50:55 - INFO - Saved checkpoint at epoch 360 at ./result/VNet_Multi_V2/LA_8/Pth/model_epoch_360_checkpoint.pth
2025-06-29 10:50:56 - INFO - Epoch 361/400, Batch 2/2, Loss: 0.2390
2025-06-29 10:50:57 - INFO - Epoch 362/400, Batch 2/2, Loss: 0.2736
2025-06-29 10:50:58 - INFO - Epoch 363/400, Batch 2/2, Loss: 0.2568
2025-06-29 10:51:00 - INFO - Epoch 364/400, Batch 2/2, Loss: 0.2254
2025-06-29 10:51:01 - INFO - Epoch 365/400, Batch 2/2, Loss: 0.2357
2025-06-29 10:51:02 - INFO - Epoch 366/400, Batch 2/2, Loss: 0.3292
2025-06-29 10:51:03 - INFO - Epoch 367/400, Batch 2/2, Loss: 0.2937
2025-06-29 10:51:05 - INFO - Epoch 368/400, Batch 2/2, Loss: 0.3448
2025-06-29 10:51:06 - INFO - Epoch 369/400, Batch 2/2, Loss: 0.3150
2025-06-29 10:51:07 - INFO - Epoch 370/400, Batch 2/2, Loss: 0.2578
2025-06-29 10:51:08 - INFO - Epoch 371/400, Batch 2/2, Loss: 0.3642
2025-06-29 10:51:10 - INFO - Epoch 372/400, Batch 2/2, Loss: 0.3221
2025-06-29 10:51:11 - INFO - Epoch 373/400, Batch 2/2, Loss: 0.1660
2025-06-29 10:51:12 - INFO - Epoch 374/400, Batch 2/2, Loss: 0.3080
2025-06-29 10:51:13 - INFO - Epoch 375/400, Batch 2/2, Loss: 0.4026
2025-06-29 10:51:14 - INFO - Epoch 376/400, Batch 2/2, Loss: 0.2762
2025-06-29 10:51:16 - INFO - Epoch 377/400, Batch 2/2, Loss: 0.2316
2025-06-29 10:51:17 - INFO - Epoch 378/400, Batch 2/2, Loss: 0.3264
2025-06-29 10:51:18 - INFO - Epoch 379/400, Batch 2/2, Loss: 0.2388
2025-06-29 10:51:19 - INFO - Epoch 380/400, Batch 2/2, Loss: 0.2767
2025-06-29 10:51:19 - INFO - Saved checkpoint at epoch 380 at ./result/VNet_Multi_V2/LA_8/Pth/model_epoch_380_checkpoint.pth
2025-06-29 10:51:20 - INFO - Epoch 381/400, Batch 2/2, Loss: 0.2462
2025-06-29 10:51:22 - INFO - Epoch 382/400, Batch 2/2, Loss: 0.2748
2025-06-29 10:51:23 - INFO - Epoch 383/400, Batch 2/2, Loss: 0.2563
2025-06-29 10:51:24 - INFO - Epoch 384/400, Batch 2/2, Loss: 0.2885
2025-06-29 10:51:25 - INFO - Epoch 385/400, Batch 2/2, Loss: 0.3015
2025-06-29 10:51:27 - INFO - Epoch 386/400, Batch 2/2, Loss: 0.2227
2025-06-29 10:51:28 - INFO - Epoch 387/400, Batch 2/2, Loss: 0.2843
2025-06-29 10:51:29 - INFO - Epoch 388/400, Batch 2/2, Loss: 0.2166
2025-06-29 10:51:30 - INFO - Epoch 389/400, Batch 2/2, Loss: 0.2749
2025-06-29 10:51:32 - INFO - Epoch 390/400, Batch 2/2, Loss: 0.1863
2025-06-29 10:51:33 - INFO - Epoch 391/400, Batch 2/2, Loss: 0.2894
2025-06-29 10:51:34 - INFO - Epoch 392/400, Batch 2/2, Loss: 0.2869
2025-06-29 10:51:35 - INFO - Epoch 393/400, Batch 2/2, Loss: 0.2867
2025-06-29 10:51:36 - INFO - Epoch 394/400, Batch 2/2, Loss: 0.3075
2025-06-29 10:51:38 - INFO - Epoch 395/400, Batch 2/2, Loss: 0.2108
2025-06-29 10:51:39 - INFO - Epoch 396/400, Batch 2/2, Loss: 0.3842
2025-06-29 10:51:40 - INFO - Epoch 397/400, Batch 2/2, Loss: 0.3143
2025-06-29 10:51:41 - INFO - Epoch 398/400, Batch 2/2, Loss: 0.3470
2025-06-29 10:51:43 - INFO - Epoch 399/400, Batch 2/2, Loss: 0.1979
2025-06-29 10:51:44 - INFO - Epoch 400/400, Batch 2/2, Loss: 0.3000
2025-06-29 10:51:44 - INFO - Saved checkpoint at epoch 400 at ./result/VNet_Multi_V2/LA_8/Pth/model_epoch_400_checkpoint.pth
2025-06-29 10:51:44 - INFO - Training complete!
2025-06-29 19:37:12 - INFO - Logging is set up.
2025-06-29 19:37:12 - INFO - 
======================================== New Training Session ========================================
2025-06-29 19:37:12 - INFO - Configuration:
{
    "seed": 21,
    "epochs": 400,
    "batch_size": 4,
    "learning_rate": 1e-05,
    "log_path": "./result/VNet_Multi_V2/LA_8/Training.log",
    "pth_path": "./result/VNet_Multi_V2/LA_8/Pth",
    "tensorboard_path": "./result/VNet_Multi_V2/LA_8/Train",
    "continue_train": true,
    "multi_gpu": true,
    "training_num": 8,
    "dataset_name": "LA",
    "dataset_path": "./datasets/LA",
    "num_classes": 2,
    "patch_size": [
        112,
        112,
        80
    ]
}
2025-06-29 19:37:12 - INFO - TensorBoard logging directory: ./result/VNet_Multi_V2/LA_8/Train
2025-06-29 19:37:12 - INFO - Training dataset: 8
2025-06-29 19:37:13 - INFO - Optimizer: AdamW with parameters: {'lr': 0.0001, 'betas': (0.9, 0.999), 'eps': 1e-08, 'weight_decay': 0.01, 'amsgrad': False, 'maximize': False, 'foreach': None, 'capturable': False, 'differentiable': False, 'fused': None, 'decoupled_weight_decay': True}
2025-06-29 19:37:13 - INFO - Using Unified Uncertainty-aware Loss with λ=0.3, α=1, β=1
2025-06-29 19:37:14 - INFO - Epoch 1/400, Batch 2/2, Loss: 0.1745
2025-06-29 19:37:15 - INFO - Epoch 2/400, Batch 2/2, Loss: 0.1613
2025-06-29 19:37:16 - INFO - Epoch 3/400, Batch 2/2, Loss: 0.2545
2025-06-29 19:37:17 - INFO - Epoch 4/400, Batch 2/2, Loss: 0.2810
2025-06-29 19:37:18 - INFO - Epoch 5/400, Batch 2/2, Loss: 0.3177
2025-06-29 19:37:18 - INFO - Epoch 6/400, Batch 2/2, Loss: 0.2004
2025-06-29 19:37:19 - INFO - Epoch 7/400, Batch 2/2, Loss: 0.2753
2025-06-29 19:37:20 - INFO - Epoch 8/400, Batch 2/2, Loss: 0.3495
2025-06-29 19:37:21 - INFO - Epoch 9/400, Batch 2/2, Loss: 0.2181
2025-06-29 19:37:22 - INFO - Epoch 10/400, Batch 2/2, Loss: 0.2428
2025-06-29 19:37:23 - INFO - Epoch 11/400, Batch 2/2, Loss: 0.2046
2025-06-29 19:37:23 - INFO - Epoch 12/400, Batch 2/2, Loss: 0.3585
2025-06-29 19:37:24 - INFO - Epoch 13/400, Batch 2/2, Loss: 0.2027
2025-06-29 19:37:25 - INFO - Epoch 14/400, Batch 2/2, Loss: 0.1607
2025-06-29 19:37:26 - INFO - Epoch 15/400, Batch 2/2, Loss: 0.1811
2025-06-29 19:37:27 - INFO - Epoch 16/400, Batch 2/2, Loss: 0.2488
2025-06-29 19:37:28 - INFO - Epoch 17/400, Batch 2/2, Loss: 0.1535
2025-06-29 19:37:28 - INFO - Epoch 18/400, Batch 2/2, Loss: 0.2983
2025-06-29 19:37:29 - INFO - Epoch 19/400, Batch 2/2, Loss: 0.3293
2025-06-29 19:37:30 - INFO - Epoch 20/400, Batch 2/2, Loss: 0.2523
2025-06-29 19:37:30 - INFO - Saved checkpoint at epoch 20 at ./result/VNet_Multi_V2/LA_8/Pth/model_epoch_20_checkpoint.pth
2025-06-29 19:37:31 - INFO - Epoch 21/400, Batch 2/2, Loss: 0.2254
2025-06-29 19:37:32 - INFO - Epoch 22/400, Batch 2/2, Loss: 0.3507
2025-06-29 19:37:32 - INFO - Epoch 23/400, Batch 2/2, Loss: 0.1589
2025-06-29 19:37:33 - INFO - Epoch 24/400, Batch 2/2, Loss: 0.1784
2025-06-29 19:37:34 - INFO - Epoch 25/400, Batch 2/2, Loss: 0.3127
2025-06-29 19:37:35 - INFO - Epoch 26/400, Batch 2/2, Loss: 0.2385
2025-06-29 19:37:36 - INFO - Epoch 27/400, Batch 2/2, Loss: 0.2446
2025-06-29 19:37:37 - INFO - Epoch 28/400, Batch 2/2, Loss: 0.2945
2025-06-29 19:37:37 - INFO - Epoch 29/400, Batch 2/2, Loss: 0.1950
2025-06-29 19:37:38 - INFO - Epoch 30/400, Batch 2/2, Loss: 0.1667
2025-06-29 19:37:39 - INFO - Epoch 31/400, Batch 2/2, Loss: 0.1696
2025-06-29 19:37:40 - INFO - Epoch 32/400, Batch 2/2, Loss: 0.1904
2025-06-29 19:37:41 - INFO - Epoch 33/400, Batch 2/2, Loss: 0.2931
2025-06-29 19:37:42 - INFO - Epoch 34/400, Batch 2/2, Loss: 0.3042
2025-06-29 19:37:42 - INFO - Epoch 35/400, Batch 2/2, Loss: 0.2838
2025-06-29 19:37:43 - INFO - Epoch 36/400, Batch 2/2, Loss: 0.3140
2025-06-29 19:37:44 - INFO - Epoch 37/400, Batch 2/2, Loss: 0.2874
2025-06-29 19:37:45 - INFO - Epoch 38/400, Batch 2/2, Loss: 0.2328
2025-06-29 19:37:46 - INFO - Epoch 39/400, Batch 2/2, Loss: 0.2470
2025-06-29 19:37:47 - INFO - Epoch 40/400, Batch 2/2, Loss: 0.1429
2025-06-29 19:37:47 - INFO - Saved checkpoint at epoch 40 at ./result/VNet_Multi_V2/LA_8/Pth/model_epoch_40_checkpoint.pth
2025-06-29 19:37:47 - INFO - Epoch 41/400, Batch 2/2, Loss: 0.2607
2025-06-29 19:37:48 - INFO - Epoch 42/400, Batch 2/2, Loss: 0.2305
2025-06-29 19:37:49 - INFO - Epoch 43/400, Batch 2/2, Loss: 0.2207
2025-06-29 19:37:50 - INFO - Epoch 44/400, Batch 2/2, Loss: 0.1960
2025-06-29 19:37:51 - INFO - Epoch 45/400, Batch 2/2, Loss: 0.2277
2025-06-29 19:37:52 - INFO - Epoch 46/400, Batch 2/2, Loss: 0.2226
2025-06-29 19:37:52 - INFO - Epoch 47/400, Batch 2/2, Loss: 0.2583
2025-06-29 19:37:53 - INFO - Epoch 48/400, Batch 2/2, Loss: 0.1687
2025-06-29 19:37:54 - INFO - Epoch 49/400, Batch 2/2, Loss: 0.2266
2025-06-29 19:37:55 - INFO - Epoch 50/400, Batch 2/2, Loss: 0.2317
2025-06-29 19:37:56 - INFO - Epoch 51/400, Batch 2/2, Loss: 0.2150
2025-06-29 19:37:57 - INFO - Epoch 52/400, Batch 2/2, Loss: 0.2470
2025-06-29 19:37:57 - INFO - Epoch 53/400, Batch 2/2, Loss: 0.2599
2025-06-29 19:37:58 - INFO - Epoch 54/400, Batch 2/2, Loss: 0.2672
2025-06-29 19:37:59 - INFO - Epoch 55/400, Batch 2/2, Loss: 0.2306
2025-06-29 19:38:00 - INFO - Epoch 56/400, Batch 2/2, Loss: 0.2020
2025-06-29 19:38:01 - INFO - Epoch 57/400, Batch 2/2, Loss: 0.2383
2025-06-29 19:38:02 - INFO - Epoch 58/400, Batch 2/2, Loss: 0.1936
2025-06-29 19:38:02 - INFO - Epoch 59/400, Batch 2/2, Loss: 0.1761
2025-06-29 19:38:03 - INFO - Epoch 60/400, Batch 2/2, Loss: 0.0963
2025-06-29 19:38:03 - INFO - Saved checkpoint at epoch 60 at ./result/VNet_Multi_V2/LA_8/Pth/model_epoch_60_checkpoint.pth
2025-06-29 19:38:04 - INFO - Epoch 61/400, Batch 2/2, Loss: 0.3059
2025-06-29 19:38:05 - INFO - Epoch 62/400, Batch 2/2, Loss: 0.1939
2025-06-29 19:38:06 - INFO - Epoch 63/400, Batch 2/2, Loss: 0.3004
2025-06-29 19:38:07 - INFO - Epoch 64/400, Batch 2/2, Loss: 0.2822
2025-06-29 19:38:07 - INFO - Epoch 65/400, Batch 2/2, Loss: 0.1440
2025-06-29 19:38:08 - INFO - Epoch 66/400, Batch 2/2, Loss: 0.3238
2025-06-29 19:38:09 - INFO - Epoch 67/400, Batch 2/2, Loss: 0.2523
2025-06-29 19:38:10 - INFO - Epoch 68/400, Batch 2/2, Loss: 0.1763
2025-06-29 19:38:11 - INFO - Epoch 69/400, Batch 2/2, Loss: 0.1788
2025-06-29 19:38:12 - INFO - Epoch 70/400, Batch 2/2, Loss: 0.1718
2025-06-29 19:38:12 - INFO - Epoch 71/400, Batch 2/2, Loss: 0.2902
2025-06-29 19:38:13 - INFO - Epoch 72/400, Batch 2/2, Loss: 0.2028
2025-06-29 19:38:14 - INFO - Epoch 73/400, Batch 2/2, Loss: 0.2453
2025-06-29 19:38:15 - INFO - Epoch 74/400, Batch 2/2, Loss: 0.1786
2025-06-29 19:38:16 - INFO - Epoch 75/400, Batch 2/2, Loss: 0.1663
2025-06-29 19:38:17 - INFO - Epoch 76/400, Batch 2/2, Loss: 0.1872
2025-06-29 19:38:17 - INFO - Epoch 77/400, Batch 2/2, Loss: 0.1432
2025-06-29 19:38:18 - INFO - Epoch 78/400, Batch 2/2, Loss: 0.1510
2025-06-29 19:38:19 - INFO - Epoch 79/400, Batch 2/2, Loss: 0.2507
2025-06-29 19:38:20 - INFO - Epoch 80/400, Batch 2/2, Loss: 0.2604
2025-06-29 19:38:20 - INFO - Saved checkpoint at epoch 80 at ./result/VNet_Multi_V2/LA_8/Pth/model_epoch_80_checkpoint.pth
2025-06-29 19:38:21 - INFO - Epoch 81/400, Batch 2/2, Loss: 0.1839
2025-06-29 19:38:22 - INFO - Epoch 82/400, Batch 2/2, Loss: 0.2080
2025-06-29 19:38:23 - INFO - Epoch 83/400, Batch 2/2, Loss: 0.1452
2025-06-29 19:38:23 - INFO - Epoch 84/400, Batch 2/2, Loss: 0.0977
2025-06-29 19:38:24 - INFO - Epoch 85/400, Batch 2/2, Loss: 0.1710
2025-06-29 19:38:25 - INFO - Epoch 86/400, Batch 2/2, Loss: 0.1868
2025-06-29 19:38:26 - INFO - Epoch 87/400, Batch 2/2, Loss: 0.1669
2025-06-29 19:38:27 - INFO - Epoch 88/400, Batch 2/2, Loss: 0.1412
2025-06-29 19:38:27 - INFO - Epoch 89/400, Batch 2/2, Loss: 0.1249
2025-06-29 19:38:28 - INFO - Epoch 90/400, Batch 2/2, Loss: 0.3987
2025-06-29 19:38:29 - INFO - Epoch 91/400, Batch 2/2, Loss: 0.1755
2025-06-29 19:38:30 - INFO - Epoch 92/400, Batch 2/2, Loss: 0.2007
2025-06-29 19:38:31 - INFO - Epoch 93/400, Batch 2/2, Loss: 0.1621
2025-06-29 19:38:32 - INFO - Epoch 94/400, Batch 2/2, Loss: 0.0572
2025-06-29 19:38:33 - INFO - Epoch 95/400, Batch 2/2, Loss: 0.1144
2025-06-29 19:38:33 - INFO - Epoch 96/400, Batch 2/2, Loss: 0.1279
2025-06-29 19:38:34 - INFO - Epoch 97/400, Batch 2/2, Loss: 0.1304
2025-06-29 19:38:35 - INFO - Epoch 98/400, Batch 2/2, Loss: 0.1536
2025-06-29 19:38:36 - INFO - Epoch 99/400, Batch 2/2, Loss: 0.1452
2025-06-29 19:38:37 - INFO - Epoch 100/400, Batch 2/2, Loss: 0.1704
2025-06-29 19:38:37 - INFO - Saved checkpoint at epoch 100 at ./result/VNet_Multi_V2/LA_8/Pth/model_epoch_100_checkpoint.pth
2025-06-29 19:38:38 - INFO - Epoch 101/400, Batch 2/2, Loss: 0.2234
2025-06-29 19:38:38 - INFO - Epoch 102/400, Batch 2/2, Loss: 0.2999
2025-06-29 19:38:39 - INFO - Epoch 103/400, Batch 2/2, Loss: 0.1090
2025-06-29 19:38:40 - INFO - Epoch 104/400, Batch 2/2, Loss: 0.1637
2025-06-29 19:38:41 - INFO - Epoch 105/400, Batch 2/2, Loss: 0.2081
2025-06-29 19:38:42 - INFO - Epoch 106/400, Batch 2/2, Loss: 0.2352
2025-06-29 19:38:43 - INFO - Epoch 107/400, Batch 2/2, Loss: 0.1286
2025-06-29 19:38:44 - INFO - Epoch 108/400, Batch 2/2, Loss: 0.2308
2025-06-29 19:38:44 - INFO - Epoch 109/400, Batch 2/2, Loss: 0.1478
2025-06-29 19:38:45 - INFO - Epoch 110/400, Batch 2/2, Loss: 0.1886
2025-06-29 19:38:46 - INFO - Epoch 111/400, Batch 2/2, Loss: 0.2237
2025-06-29 19:38:47 - INFO - Epoch 112/400, Batch 2/2, Loss: 0.1045
2025-06-29 19:38:48 - INFO - Epoch 113/400, Batch 2/2, Loss: 0.1431
2025-06-29 19:38:49 - INFO - Epoch 114/400, Batch 2/2, Loss: 0.2264
2025-06-29 19:38:49 - INFO - Epoch 115/400, Batch 2/2, Loss: 0.2572
2025-06-29 19:38:50 - INFO - Epoch 116/400, Batch 2/2, Loss: 0.1348
2025-06-29 19:38:51 - INFO - Epoch 117/400, Batch 2/2, Loss: 0.2069
2025-06-29 19:38:52 - INFO - Epoch 118/400, Batch 2/2, Loss: 0.0532
2025-06-29 19:38:53 - INFO - Epoch 119/400, Batch 2/2, Loss: 0.1975
2025-06-29 19:38:54 - INFO - Epoch 120/400, Batch 2/2, Loss: 0.1396
2025-06-29 19:38:54 - INFO - Saved checkpoint at epoch 120 at ./result/VNet_Multi_V2/LA_8/Pth/model_epoch_120_checkpoint.pth
2025-06-29 19:38:55 - INFO - Epoch 121/400, Batch 2/2, Loss: 0.1596
2025-06-29 19:38:55 - INFO - Epoch 122/400, Batch 2/2, Loss: 0.1815
2025-06-29 19:38:56 - INFO - Epoch 123/400, Batch 2/2, Loss: 0.1605
2025-06-29 19:38:57 - INFO - Epoch 124/400, Batch 2/2, Loss: 0.3100
2025-06-29 19:38:58 - INFO - Epoch 125/400, Batch 2/2, Loss: 0.1019
2025-06-29 19:38:59 - INFO - Epoch 126/400, Batch 2/2, Loss: 0.0559
2025-06-29 19:39:00 - INFO - Epoch 127/400, Batch 2/2, Loss: 0.1315
2025-06-29 19:39:00 - INFO - Epoch 128/400, Batch 2/2, Loss: 0.1091
2025-06-29 19:39:01 - INFO - Epoch 129/400, Batch 2/2, Loss: 0.1511
2025-06-29 19:39:02 - INFO - Epoch 130/400, Batch 2/2, Loss: 0.1730
2025-06-29 19:39:03 - INFO - Epoch 131/400, Batch 2/2, Loss: 0.0637
2025-06-29 19:39:04 - INFO - Epoch 132/400, Batch 2/2, Loss: 0.1680
2025-06-29 19:39:05 - INFO - Epoch 133/400, Batch 2/2, Loss: 0.2484
2025-06-29 19:39:05 - INFO - Epoch 134/400, Batch 2/2, Loss: 0.3042
2025-06-29 19:39:06 - INFO - Epoch 135/400, Batch 2/2, Loss: 0.1636
2025-06-29 19:39:07 - INFO - Epoch 136/400, Batch 2/2, Loss: 0.1981
2025-06-29 19:39:08 - INFO - Epoch 137/400, Batch 2/2, Loss: 0.1914
2025-06-29 19:39:09 - INFO - Epoch 138/400, Batch 2/2, Loss: 0.2549
2025-06-29 19:39:10 - INFO - Epoch 139/400, Batch 2/2, Loss: 0.2179
2025-06-29 19:39:10 - INFO - Epoch 140/400, Batch 2/2, Loss: 0.1991
2025-06-29 19:39:10 - INFO - Saved checkpoint at epoch 140 at ./result/VNet_Multi_V2/LA_8/Pth/model_epoch_140_checkpoint.pth
2025-06-29 19:39:11 - INFO - Epoch 141/400, Batch 2/2, Loss: 0.2230
2025-06-29 19:39:12 - INFO - Epoch 142/400, Batch 2/2, Loss: 0.1496
2025-06-29 19:39:13 - INFO - Epoch 143/400, Batch 2/2, Loss: 0.1423
2025-06-29 19:39:14 - INFO - Epoch 144/400, Batch 2/2, Loss: 0.2398
2025-06-29 19:39:15 - INFO - Epoch 145/400, Batch 2/2, Loss: 0.2844
2025-06-29 19:39:15 - INFO - Epoch 146/400, Batch 2/2, Loss: 0.1209
2025-06-29 19:39:16 - INFO - Epoch 147/400, Batch 2/2, Loss: 0.1005
2025-06-29 19:39:17 - INFO - Epoch 148/400, Batch 2/2, Loss: 0.1936
2025-06-29 19:39:18 - INFO - Epoch 149/400, Batch 2/2, Loss: 0.1244
2025-06-29 19:39:19 - INFO - Epoch 150/400, Batch 2/2, Loss: 0.2189
2025-06-29 19:39:20 - INFO - Epoch 151/400, Batch 2/2, Loss: 0.1745
2025-06-29 19:39:20 - INFO - Epoch 152/400, Batch 2/2, Loss: 0.1487
2025-06-29 19:39:21 - INFO - Epoch 153/400, Batch 2/2, Loss: 0.2135
2025-06-29 19:39:22 - INFO - Epoch 154/400, Batch 2/2, Loss: 0.0826
2025-06-29 19:39:23 - INFO - Epoch 155/400, Batch 2/2, Loss: 0.2117
2025-06-29 19:39:24 - INFO - Epoch 156/400, Batch 2/2, Loss: 0.1550
2025-06-29 19:39:25 - INFO - Epoch 157/400, Batch 2/2, Loss: 0.1043
2025-06-29 19:39:25 - INFO - Epoch 158/400, Batch 2/2, Loss: 0.1578
2025-06-29 19:39:26 - INFO - Epoch 159/400, Batch 2/2, Loss: 0.1586
2025-06-29 19:39:27 - INFO - Epoch 160/400, Batch 2/2, Loss: 0.1708
2025-06-29 19:39:27 - INFO - Saved checkpoint at epoch 160 at ./result/VNet_Multi_V2/LA_8/Pth/model_epoch_160_checkpoint.pth
2025-06-29 19:39:28 - INFO - Epoch 161/400, Batch 2/2, Loss: 0.2010
2025-06-29 19:39:29 - INFO - Epoch 162/400, Batch 2/2, Loss: 0.1312
2025-06-29 19:39:30 - INFO - Epoch 163/400, Batch 2/2, Loss: 0.1697
2025-06-29 19:39:31 - INFO - Epoch 164/400, Batch 2/2, Loss: 0.2071
2025-06-29 19:39:31 - INFO - Epoch 165/400, Batch 2/2, Loss: 0.2613
2025-06-29 19:39:32 - INFO - Epoch 166/400, Batch 2/2, Loss: 0.1400
2025-06-29 19:39:33 - INFO - Epoch 167/400, Batch 2/2, Loss: 0.1734
2025-06-29 19:39:34 - INFO - Epoch 168/400, Batch 2/2, Loss: 0.1353
2025-06-29 19:39:35 - INFO - Epoch 169/400, Batch 2/2, Loss: 0.1070
2025-06-29 19:39:36 - INFO - Epoch 170/400, Batch 2/2, Loss: 0.1920
2025-06-29 19:39:36 - INFO - Epoch 171/400, Batch 2/2, Loss: 0.2325
2025-06-29 19:39:37 - INFO - Epoch 172/400, Batch 2/2, Loss: 0.1581
2025-06-29 19:39:38 - INFO - Epoch 173/400, Batch 2/2, Loss: 0.2060
2025-06-29 19:39:39 - INFO - Epoch 174/400, Batch 2/2, Loss: 0.1813
2025-06-29 19:39:40 - INFO - Epoch 175/400, Batch 2/2, Loss: 0.1285
2025-06-29 19:39:41 - INFO - Epoch 176/400, Batch 2/2, Loss: 0.0418
2025-06-29 19:39:41 - INFO - Epoch 177/400, Batch 2/2, Loss: 0.1198
2025-06-29 19:39:42 - INFO - Epoch 178/400, Batch 2/2, Loss: 0.3134
2025-06-29 19:39:43 - INFO - Epoch 179/400, Batch 2/2, Loss: 0.2287
2025-06-29 19:39:44 - INFO - Epoch 180/400, Batch 2/2, Loss: 0.1723
2025-06-29 19:39:44 - INFO - Saved checkpoint at epoch 180 at ./result/VNet_Multi_V2/LA_8/Pth/model_epoch_180_checkpoint.pth
2025-06-29 19:39:45 - INFO - Epoch 181/400, Batch 2/2, Loss: 0.2186
2025-06-29 19:39:46 - INFO - Epoch 182/400, Batch 2/2, Loss: 0.1035
2025-06-29 19:39:47 - INFO - Epoch 183/400, Batch 2/2, Loss: 0.0319
2025-06-29 19:39:47 - INFO - Epoch 184/400, Batch 2/2, Loss: 0.1231
2025-06-29 19:39:48 - INFO - Epoch 185/400, Batch 2/2, Loss: 0.2030
2025-06-29 19:39:49 - INFO - Epoch 186/400, Batch 2/2, Loss: 0.1242
2025-06-29 19:39:50 - INFO - Epoch 187/400, Batch 2/2, Loss: 0.0997
2025-06-29 19:39:51 - INFO - Epoch 188/400, Batch 2/2, Loss: 0.0824
2025-06-29 19:39:52 - INFO - Epoch 189/400, Batch 2/2, Loss: 0.1374
2025-06-29 19:39:52 - INFO - Epoch 190/400, Batch 2/2, Loss: 0.1095
2025-06-29 19:39:53 - INFO - Epoch 191/400, Batch 2/2, Loss: 0.2309
2025-06-29 19:39:54 - INFO - Epoch 192/400, Batch 2/2, Loss: 0.0921
2025-06-29 19:39:55 - INFO - Epoch 193/400, Batch 2/2, Loss: 0.2151
2025-06-29 19:39:56 - INFO - Epoch 194/400, Batch 2/2, Loss: 0.1179
2025-06-29 19:39:57 - INFO - Epoch 195/400, Batch 2/2, Loss: -0.0011
2025-06-29 19:39:57 - INFO - Epoch 196/400, Batch 2/2, Loss: 0.1376
2025-06-29 19:39:58 - INFO - Epoch 197/400, Batch 2/2, Loss: 0.1032
2025-06-29 19:39:59 - INFO - Epoch 198/400, Batch 2/2, Loss: 0.1129
2025-06-29 19:40:00 - INFO - Epoch 199/400, Batch 2/2, Loss: 0.1044
2025-06-29 19:40:01 - INFO - Epoch 200/400, Batch 2/2, Loss: 0.1846
2025-06-29 19:40:01 - INFO - Saved checkpoint at epoch 200 at ./result/VNet_Multi_V2/LA_8/Pth/model_epoch_200_checkpoint.pth
2025-06-29 19:40:02 - INFO - Epoch 201/400, Batch 2/2, Loss: 0.1034
2025-06-29 19:40:02 - INFO - Epoch 202/400, Batch 2/2, Loss: 0.0328
2025-06-29 19:40:03 - INFO - Epoch 203/400, Batch 2/2, Loss: 0.1347
2025-06-29 19:40:04 - INFO - Epoch 204/400, Batch 2/2, Loss: 0.2170
2025-06-29 19:40:05 - INFO - Epoch 205/400, Batch 2/2, Loss: 0.1559
2025-06-29 19:40:06 - INFO - Epoch 206/400, Batch 2/2, Loss: 0.1719
2025-06-29 19:40:07 - INFO - Epoch 207/400, Batch 2/2, Loss: -0.0077
2025-06-29 19:40:07 - INFO - Epoch 208/400, Batch 2/2, Loss: 0.1455
2025-06-29 19:40:08 - INFO - Epoch 209/400, Batch 2/2, Loss: 0.1231
2025-06-29 19:40:09 - INFO - Epoch 210/400, Batch 2/2, Loss: 0.0863
2025-06-29 19:40:10 - INFO - Epoch 211/400, Batch 2/2, Loss: 0.1190
2025-06-29 19:40:11 - INFO - Epoch 212/400, Batch 2/2, Loss: 0.0826
2025-06-29 19:40:12 - INFO - Epoch 213/400, Batch 2/2, Loss: 0.1196
2025-06-29 19:40:12 - INFO - Epoch 214/400, Batch 2/2, Loss: 0.0900
2025-06-29 19:40:13 - INFO - Epoch 215/400, Batch 2/2, Loss: 0.2265
2025-06-29 19:40:14 - INFO - Epoch 216/400, Batch 2/2, Loss: 0.1443
2025-06-29 19:40:15 - INFO - Epoch 217/400, Batch 2/2, Loss: 0.1186
2025-06-29 19:40:16 - INFO - Epoch 218/400, Batch 2/2, Loss: 0.1635
2025-06-29 19:40:17 - INFO - Epoch 219/400, Batch 2/2, Loss: 0.1338
2025-06-29 19:40:17 - INFO - Epoch 220/400, Batch 2/2, Loss: 0.0580
2025-06-29 19:40:17 - INFO - Saved checkpoint at epoch 220 at ./result/VNet_Multi_V2/LA_8/Pth/model_epoch_220_checkpoint.pth
2025-06-29 19:40:18 - INFO - Epoch 221/400, Batch 2/2, Loss: 0.1316
2025-06-29 19:40:19 - INFO - Epoch 222/400, Batch 2/2, Loss: 0.2201
2025-06-29 19:40:20 - INFO - Epoch 223/400, Batch 2/2, Loss: 0.1556
2025-06-29 19:40:21 - INFO - Epoch 224/400, Batch 2/2, Loss: 0.1120
2025-06-29 19:40:22 - INFO - Epoch 225/400, Batch 2/2, Loss: 0.1103
2025-06-29 19:40:22 - INFO - Epoch 226/400, Batch 2/2, Loss: 0.1831
2025-06-29 19:40:23 - INFO - Epoch 227/400, Batch 2/2, Loss: 0.1549
2025-06-29 19:40:24 - INFO - Epoch 228/400, Batch 2/2, Loss: 0.0147
2025-06-29 19:40:25 - INFO - Epoch 229/400, Batch 2/2, Loss: 0.0362
2025-06-29 19:40:26 - INFO - Epoch 230/400, Batch 2/2, Loss: 0.1129
2025-06-29 19:40:27 - INFO - Epoch 231/400, Batch 2/2, Loss: 0.0372
2025-06-29 19:40:27 - INFO - Epoch 232/400, Batch 2/2, Loss: 0.0089
2025-06-29 19:40:28 - INFO - Epoch 233/400, Batch 2/2, Loss: 0.1461
2025-06-29 19:40:29 - INFO - Epoch 234/400, Batch 2/2, Loss: 0.0582
2025-06-29 19:40:30 - INFO - Epoch 235/400, Batch 2/2, Loss: 0.0978
2025-06-29 19:40:31 - INFO - Epoch 236/400, Batch 2/2, Loss: 0.0966
2025-06-29 19:40:32 - INFO - Epoch 237/400, Batch 2/2, Loss: 0.1874
2025-06-29 19:40:32 - INFO - Epoch 238/400, Batch 2/2, Loss: 0.1261
2025-06-29 19:40:33 - INFO - Epoch 239/400, Batch 2/2, Loss: 0.0982
2025-06-29 19:40:34 - INFO - Epoch 240/400, Batch 2/2, Loss: 0.0800
2025-06-29 19:40:34 - INFO - Saved checkpoint at epoch 240 at ./result/VNet_Multi_V2/LA_8/Pth/model_epoch_240_checkpoint.pth
2025-06-29 19:40:35 - INFO - Epoch 241/400, Batch 2/2, Loss: 0.1260
2025-06-29 19:40:36 - INFO - Epoch 242/400, Batch 2/2, Loss: 0.0010
2025-06-29 19:40:37 - INFO - Epoch 243/400, Batch 2/2, Loss: 0.1262
2025-06-29 19:40:37 - INFO - Epoch 244/400, Batch 2/2, Loss: 0.1607
2025-06-29 19:40:38 - INFO - Epoch 245/400, Batch 2/2, Loss: 0.1014
2025-06-29 19:40:39 - INFO - Epoch 246/400, Batch 2/2, Loss: 0.0880
2025-06-29 19:40:40 - INFO - Epoch 247/400, Batch 2/2, Loss: 0.1234
2025-06-29 19:40:41 - INFO - Epoch 248/400, Batch 2/2, Loss: 0.1448
2025-06-29 19:40:42 - INFO - Epoch 249/400, Batch 2/2, Loss: 0.0726
2025-06-29 19:40:43 - INFO - Epoch 250/400, Batch 2/2, Loss: 0.1792
2025-06-29 19:40:43 - INFO - Epoch 251/400, Batch 2/2, Loss: 0.1416
2025-06-29 19:40:44 - INFO - Epoch 252/400, Batch 2/2, Loss: 0.1330
2025-06-29 19:40:45 - INFO - Epoch 253/400, Batch 2/2, Loss: -0.0248
2025-06-29 19:40:46 - INFO - Epoch 254/400, Batch 2/2, Loss: 0.1104
2025-06-29 19:40:47 - INFO - Epoch 255/400, Batch 2/2, Loss: 0.0194
2025-06-29 19:40:47 - INFO - Epoch 256/400, Batch 2/2, Loss: 0.0949
2025-06-29 19:40:48 - INFO - Epoch 257/400, Batch 2/2, Loss: 0.0880
2025-06-29 19:40:49 - INFO - Epoch 258/400, Batch 2/2, Loss: 0.0021
2025-06-29 19:40:50 - INFO - Epoch 259/400, Batch 2/2, Loss: 0.0499
2025-06-29 19:40:51 - INFO - Epoch 260/400, Batch 2/2, Loss: 0.0938
2025-06-29 19:40:51 - INFO - Saved checkpoint at epoch 260 at ./result/VNet_Multi_V2/LA_8/Pth/model_epoch_260_checkpoint.pth
2025-06-29 19:40:52 - INFO - Epoch 261/400, Batch 2/2, Loss: 0.0558
2025-06-29 19:40:53 - INFO - Epoch 262/400, Batch 2/2, Loss: 0.1028
2025-06-29 19:40:53 - INFO - Epoch 263/400, Batch 2/2, Loss: 0.0894
2025-06-29 19:40:54 - INFO - Epoch 264/400, Batch 2/2, Loss: 0.0909
2025-06-29 19:40:55 - INFO - Epoch 265/400, Batch 2/2, Loss: 0.1154
2025-06-29 19:40:56 - INFO - Epoch 266/400, Batch 2/2, Loss: 0.0443
2025-06-29 19:40:57 - INFO - Epoch 267/400, Batch 2/2, Loss: 0.1885
2025-06-29 19:40:58 - INFO - Epoch 268/400, Batch 2/2, Loss: 0.0599
2025-06-29 19:40:58 - INFO - Epoch 269/400, Batch 2/2, Loss: 0.0246
2025-06-29 19:40:59 - INFO - Epoch 270/400, Batch 2/2, Loss: 0.0942
2025-06-29 19:41:00 - INFO - Epoch 271/400, Batch 2/2, Loss: 0.0761
2025-06-29 19:41:01 - INFO - Epoch 272/400, Batch 2/2, Loss: 0.1750
2025-06-29 19:41:02 - INFO - Epoch 273/400, Batch 2/2, Loss: 0.2008
2025-06-29 19:41:02 - INFO - Epoch 274/400, Batch 2/2, Loss: 0.1592
2025-06-29 19:41:03 - INFO - Epoch 275/400, Batch 2/2, Loss: 0.0126
2025-06-29 19:41:04 - INFO - Epoch 276/400, Batch 2/2, Loss: -0.0421
2025-06-29 19:41:05 - INFO - Epoch 277/400, Batch 2/2, Loss: 0.1073
2025-06-29 19:41:06 - INFO - Epoch 278/400, Batch 2/2, Loss: 0.0569
2025-06-29 19:41:07 - INFO - Epoch 279/400, Batch 2/2, Loss: 0.0101
2025-06-29 19:41:07 - INFO - Epoch 280/400, Batch 2/2, Loss: -0.0190
2025-06-29 19:41:08 - INFO - Saved checkpoint at epoch 280 at ./result/VNet_Multi_V2/LA_8/Pth/model_epoch_280_checkpoint.pth
2025-06-29 19:41:08 - INFO - Epoch 281/400, Batch 2/2, Loss: 0.0329
2025-06-29 19:41:09 - INFO - Epoch 282/400, Batch 2/2, Loss: 0.1805
2025-06-29 19:41:10 - INFO - Epoch 283/400, Batch 2/2, Loss: 0.0313
2025-06-29 19:41:11 - INFO - Epoch 284/400, Batch 2/2, Loss: 0.0383
2025-06-29 19:41:12 - INFO - Epoch 285/400, Batch 2/2, Loss: 0.0416
2025-06-29 19:41:13 - INFO - Epoch 286/400, Batch 2/2, Loss: 0.1107
2025-06-29 19:41:13 - INFO - Epoch 287/400, Batch 2/2, Loss: 0.0237
2025-06-29 19:41:14 - INFO - Epoch 288/400, Batch 2/2, Loss: 0.0740
2025-06-29 19:41:15 - INFO - Epoch 289/400, Batch 2/2, Loss: 0.0410
2025-06-29 19:41:16 - INFO - Epoch 290/400, Batch 2/2, Loss: 0.0967
2025-06-29 19:41:17 - INFO - Epoch 291/400, Batch 2/2, Loss: 0.0965
2025-06-29 19:41:18 - INFO - Epoch 292/400, Batch 2/2, Loss: 0.0626
2025-06-29 19:41:18 - INFO - Epoch 293/400, Batch 2/2, Loss: 0.1152
2025-06-29 19:41:19 - INFO - Epoch 294/400, Batch 2/2, Loss: 0.1413
2025-06-29 19:41:20 - INFO - Epoch 295/400, Batch 2/2, Loss: -0.0391
2025-06-29 19:41:21 - INFO - Epoch 296/400, Batch 2/2, Loss: 0.0489
2025-06-29 19:41:22 - INFO - Epoch 297/400, Batch 2/2, Loss: -0.0331
2025-06-29 19:41:23 - INFO - Epoch 298/400, Batch 2/2, Loss: 0.0536
2025-06-29 19:41:23 - INFO - Epoch 299/400, Batch 2/2, Loss: 0.0491
2025-06-29 19:41:24 - INFO - Epoch 300/400, Batch 2/2, Loss: -0.0280
2025-06-29 19:41:24 - INFO - Saved checkpoint at epoch 300 at ./result/VNet_Multi_V2/LA_8/Pth/model_epoch_300_checkpoint.pth
2025-06-29 19:41:25 - INFO - Epoch 301/400, Batch 2/2, Loss: 0.0426
2025-06-29 19:41:26 - INFO - Epoch 302/400, Batch 2/2, Loss: 0.1400
2025-06-29 19:41:27 - INFO - Epoch 303/400, Batch 2/2, Loss: 0.0798
2025-06-29 19:41:28 - INFO - Epoch 304/400, Batch 2/2, Loss: 0.0885
2025-06-29 19:41:28 - INFO - Epoch 305/400, Batch 2/2, Loss: 0.0928
2025-06-29 19:41:29 - INFO - Epoch 306/400, Batch 2/2, Loss: 0.0666
2025-06-29 19:41:30 - INFO - Epoch 307/400, Batch 2/2, Loss: 0.0881
2025-06-29 19:41:31 - INFO - Epoch 308/400, Batch 2/2, Loss: 0.1158
2025-06-29 19:41:32 - INFO - Epoch 309/400, Batch 2/2, Loss: 0.0240
2025-06-29 19:41:33 - INFO - Epoch 310/400, Batch 2/2, Loss: 0.0609
2025-06-29 19:41:33 - INFO - Epoch 311/400, Batch 2/2, Loss: 0.0894
2025-06-29 19:41:34 - INFO - Epoch 312/400, Batch 2/2, Loss: 0.0161
2025-06-29 19:41:35 - INFO - Epoch 313/400, Batch 2/2, Loss: 0.0519
2025-06-29 19:41:36 - INFO - Epoch 314/400, Batch 2/2, Loss: 0.1500
2025-06-29 19:41:37 - INFO - Epoch 315/400, Batch 2/2, Loss: -0.0251
2025-06-29 19:41:38 - INFO - Epoch 316/400, Batch 2/2, Loss: 0.1201
2025-06-29 19:41:38 - INFO - Epoch 317/400, Batch 2/2, Loss: 0.1064
2025-06-29 19:41:39 - INFO - Epoch 318/400, Batch 2/2, Loss: 0.1654
2025-06-29 19:41:40 - INFO - Epoch 319/400, Batch 2/2, Loss: 0.0340
2025-06-29 19:41:41 - INFO - Epoch 320/400, Batch 2/2, Loss: 0.1087
2025-06-29 19:41:41 - INFO - Saved checkpoint at epoch 320 at ./result/VNet_Multi_V2/LA_8/Pth/model_epoch_320_checkpoint.pth
2025-06-29 19:41:42 - INFO - Epoch 321/400, Batch 2/2, Loss: 0.1488
2025-06-29 19:41:43 - INFO - Epoch 322/400, Batch 2/2, Loss: 0.0847
2025-06-29 19:41:44 - INFO - Epoch 323/400, Batch 2/2, Loss: 0.1359
2025-06-29 19:41:44 - INFO - Epoch 324/400, Batch 2/2, Loss: -0.0160
2025-06-29 19:41:45 - INFO - Epoch 325/400, Batch 2/2, Loss: 0.0453
2025-06-29 19:41:46 - INFO - Epoch 326/400, Batch 2/2, Loss: 0.0446
2025-06-29 19:41:47 - INFO - Epoch 327/400, Batch 2/2, Loss: 0.0483
2025-06-29 19:41:48 - INFO - Epoch 328/400, Batch 2/2, Loss: 0.0592
2025-06-29 19:41:49 - INFO - Epoch 329/400, Batch 2/2, Loss: 0.0043
2025-06-29 19:41:49 - INFO - Epoch 330/400, Batch 2/2, Loss: 0.0611
2025-06-29 19:41:50 - INFO - Epoch 331/400, Batch 2/2, Loss: 0.1054
2025-06-29 19:41:51 - INFO - Epoch 332/400, Batch 2/2, Loss: 0.0891
2025-06-29 19:41:52 - INFO - Epoch 333/400, Batch 2/2, Loss: 0.1179
2025-06-29 19:41:53 - INFO - Epoch 334/400, Batch 2/2, Loss: 0.0130
2025-06-29 19:41:54 - INFO - Epoch 335/400, Batch 2/2, Loss: 0.0249
2025-06-29 19:41:54 - INFO - Epoch 336/400, Batch 2/2, Loss: 0.1652
2025-06-29 19:41:55 - INFO - Epoch 337/400, Batch 2/2, Loss: -0.0080
2025-06-29 19:41:56 - INFO - Epoch 338/400, Batch 2/2, Loss: 0.1005
2025-06-29 19:41:57 - INFO - Epoch 339/400, Batch 2/2, Loss: -0.0352
2025-06-29 19:41:58 - INFO - Epoch 340/400, Batch 2/2, Loss: 0.0550
2025-06-29 19:41:58 - INFO - Saved checkpoint at epoch 340 at ./result/VNet_Multi_V2/LA_8/Pth/model_epoch_340_checkpoint.pth
2025-06-29 19:41:59 - INFO - Epoch 341/400, Batch 2/2, Loss: -0.0223
2025-06-29 19:41:59 - INFO - Epoch 342/400, Batch 2/2, Loss: 0.0893
2025-06-29 19:42:00 - INFO - Epoch 343/400, Batch 2/2, Loss: 0.1659
2025-06-29 19:42:01 - INFO - Epoch 344/400, Batch 2/2, Loss: 0.1900
2025-06-29 19:42:02 - INFO - Epoch 345/400, Batch 2/2, Loss: 0.1186
2025-06-29 19:42:03 - INFO - Epoch 346/400, Batch 2/2, Loss: 0.0731
2025-06-29 19:42:04 - INFO - Epoch 347/400, Batch 2/2, Loss: 0.0464
2025-06-29 19:42:05 - INFO - Epoch 348/400, Batch 2/2, Loss: 0.1131
2025-06-29 19:42:05 - INFO - Epoch 349/400, Batch 2/2, Loss: 0.1260
2025-06-29 19:42:06 - INFO - Epoch 350/400, Batch 2/2, Loss: -0.0608
2025-06-29 19:42:07 - INFO - Epoch 351/400, Batch 2/2, Loss: -0.0499
2025-06-29 19:42:08 - INFO - Epoch 352/400, Batch 2/2, Loss: 0.1666
2025-06-29 19:42:09 - INFO - Epoch 353/400, Batch 2/2, Loss: 0.0181
2025-06-29 19:42:10 - INFO - Epoch 354/400, Batch 2/2, Loss: 0.0524
2025-06-29 19:42:10 - INFO - Epoch 355/400, Batch 2/2, Loss: 0.0977
2025-06-29 19:42:11 - INFO - Epoch 356/400, Batch 2/2, Loss: 0.0338
2025-06-29 19:42:12 - INFO - Epoch 357/400, Batch 2/2, Loss: 0.0014
2025-06-29 19:42:13 - INFO - Epoch 358/400, Batch 2/2, Loss: 0.0042
2025-06-29 19:42:14 - INFO - Epoch 359/400, Batch 2/2, Loss: -0.0305
2025-06-29 19:42:15 - INFO - Epoch 360/400, Batch 2/2, Loss: 0.0488
2025-06-29 19:42:15 - INFO - Saved checkpoint at epoch 360 at ./result/VNet_Multi_V2/LA_8/Pth/model_epoch_360_checkpoint.pth
2025-06-29 19:42:15 - INFO - Epoch 361/400, Batch 2/2, Loss: 0.0356
2025-06-29 19:42:16 - INFO - Epoch 362/400, Batch 2/2, Loss: -0.0197
2025-06-29 19:42:17 - INFO - Epoch 363/400, Batch 2/2, Loss: -0.0217
2025-06-29 19:42:18 - INFO - Epoch 364/400, Batch 2/2, Loss: 0.1596
2025-06-29 19:42:19 - INFO - Epoch 365/400, Batch 2/2, Loss: 0.0574
2025-06-29 19:42:20 - INFO - Epoch 366/400, Batch 2/2, Loss: 0.0513
2025-06-29 19:42:20 - INFO - Epoch 367/400, Batch 2/2, Loss: 0.0336
2025-06-29 19:42:21 - INFO - Epoch 368/400, Batch 2/2, Loss: 0.0051
2025-06-29 19:42:22 - INFO - Epoch 369/400, Batch 2/2, Loss: -0.0378
2025-06-29 19:42:23 - INFO - Epoch 370/400, Batch 2/2, Loss: -0.0097
2025-06-29 19:42:24 - INFO - Epoch 371/400, Batch 2/2, Loss: -0.0294
2025-06-29 19:42:25 - INFO - Epoch 372/400, Batch 2/2, Loss: -0.0337
2025-06-29 19:42:25 - INFO - Epoch 373/400, Batch 2/2, Loss: 0.0269
2025-06-29 19:42:26 - INFO - Epoch 374/400, Batch 2/2, Loss: 0.0366
2025-06-29 19:42:27 - INFO - Epoch 375/400, Batch 2/2, Loss: 0.0061
2025-06-29 19:42:28 - INFO - Epoch 376/400, Batch 2/2, Loss: 0.1491
2025-06-29 19:42:29 - INFO - Epoch 377/400, Batch 2/2, Loss: 0.1025
2025-06-29 19:42:30 - INFO - Epoch 378/400, Batch 2/2, Loss: 0.0362
2025-06-29 19:42:30 - INFO - Epoch 379/400, Batch 2/2, Loss: 0.0427
2025-06-29 19:42:31 - INFO - Epoch 380/400, Batch 2/2, Loss: 0.0561
2025-06-29 19:42:31 - INFO - Saved checkpoint at epoch 380 at ./result/VNet_Multi_V2/LA_8/Pth/model_epoch_380_checkpoint.pth
2025-06-29 19:42:32 - INFO - Epoch 381/400, Batch 2/2, Loss: -0.0205
2025-06-29 19:42:33 - INFO - Epoch 382/400, Batch 2/2, Loss: 0.0126
2025-06-29 19:42:34 - INFO - Epoch 383/400, Batch 2/2, Loss: 0.0610
2025-06-29 19:42:35 - INFO - Epoch 384/400, Batch 2/2, Loss: -0.0269
2025-06-29 19:42:36 - INFO - Epoch 385/400, Batch 2/2, Loss: 0.0543
2025-06-29 19:42:36 - INFO - Epoch 386/400, Batch 2/2, Loss: -0.0086
2025-06-29 19:42:37 - INFO - Epoch 387/400, Batch 2/2, Loss: 0.0142
2025-06-29 19:42:38 - INFO - Epoch 388/400, Batch 2/2, Loss: 0.0258
2025-06-29 19:42:39 - INFO - Epoch 389/400, Batch 2/2, Loss: -0.0073
2025-06-29 19:42:40 - INFO - Epoch 390/400, Batch 2/2, Loss: 0.0245
2025-06-29 19:42:41 - INFO - Epoch 391/400, Batch 2/2, Loss: 0.1229
2025-06-29 19:42:41 - INFO - Epoch 392/400, Batch 2/2, Loss: 0.0667
2025-06-29 19:42:42 - INFO - Epoch 393/400, Batch 2/2, Loss: -0.0361
2025-06-29 19:42:43 - INFO - Epoch 394/400, Batch 2/2, Loss: -0.0060
2025-06-29 19:42:44 - INFO - Epoch 395/400, Batch 2/2, Loss: 0.1479
2025-06-29 19:42:45 - INFO - Epoch 396/400, Batch 2/2, Loss: 0.0915
2025-06-29 19:42:46 - INFO - Epoch 397/400, Batch 2/2, Loss: 0.0034
2025-06-29 19:42:46 - INFO - Epoch 398/400, Batch 2/2, Loss: -0.0239
2025-06-29 19:42:47 - INFO - Epoch 399/400, Batch 2/2, Loss: 0.0515
2025-06-29 19:42:48 - INFO - Epoch 400/400, Batch 2/2, Loss: 0.1081
2025-06-29 19:42:48 - INFO - Saved checkpoint at epoch 400 at ./result/VNet_Multi_V2/LA_8/Pth/model_epoch_400_checkpoint.pth
2025-06-29 19:42:48 - INFO - Training complete!
2025-06-29 20:09:24 - INFO - Logging is set up.
2025-06-29 20:09:24 - INFO - 
======================================== New Training Session ========================================
2025-06-29 20:09:24 - INFO - Configuration:
{
    "seed": 21,
    "epochs": 400,
    "batch_size": 4,
    "learning_rate": 1e-05,
    "log_path": "./result/VNet_Multi_V2/LA_8/Training.log",
    "pth_path": "./result/VNet_Multi_V2/LA_8/Pth",
    "tensorboard_path": "./result/VNet_Multi_V2/LA_8/Train",
    "continue_train": true,
    "multi_gpu": true,
    "training_num": 8,
    "dataset_name": "LA",
    "dataset_path": "./datasets/LA",
    "num_classes": 2,
    "patch_size": [
        112,
        112,
        80
    ]
}
2025-06-29 20:09:24 - INFO - TensorBoard logging directory: ./result/VNet_Multi_V2/LA_8/Train
2025-06-29 20:09:24 - INFO - Training dataset: 8
2025-06-29 20:09:24 - INFO - Optimizer: AdamW with parameters: {'lr': 0.0001, 'betas': (0.9, 0.999), 'eps': 1e-08, 'weight_decay': 0.01, 'amsgrad': False, 'maximize': False, 'foreach': None, 'capturable': False, 'differentiable': False, 'fused': None, 'decoupled_weight_decay': True}
2025-06-29 20:09:24 - INFO - Using Unified Uncertainty-aware Loss with λ=0.3, α=1, β=1
2025-06-29 20:09:26 - INFO - Epoch 1/400, Batch 2/2, Loss: 0.2297
2025-06-29 20:09:27 - INFO - Epoch 2/400, Batch 2/2, Loss: 0.1917
2025-06-29 20:09:28 - INFO - Epoch 3/400, Batch 2/2, Loss: 0.1272
2025-06-29 20:09:29 - INFO - Epoch 4/400, Batch 2/2, Loss: 0.0923
2025-06-29 20:09:30 - INFO - Epoch 5/400, Batch 2/2, Loss: 0.1424
2025-06-29 20:09:30 - INFO - Epoch 6/400, Batch 2/2, Loss: 0.1878
2025-06-29 20:09:31 - INFO - Epoch 7/400, Batch 2/2, Loss: 0.0743
2025-06-29 20:09:32 - INFO - Epoch 8/400, Batch 2/2, Loss: 0.1557
2025-06-29 20:09:33 - INFO - Epoch 9/400, Batch 2/2, Loss: 0.1612
2025-06-29 20:09:34 - INFO - Epoch 10/400, Batch 2/2, Loss: 0.1367
2025-06-29 20:09:35 - INFO - Epoch 11/400, Batch 2/2, Loss: 0.0906
2025-06-29 20:09:35 - INFO - Epoch 12/400, Batch 2/2, Loss: 0.1056
2025-06-29 20:09:36 - INFO - Epoch 13/400, Batch 2/2, Loss: 0.0150
2025-06-29 20:09:37 - INFO - Epoch 14/400, Batch 2/2, Loss: 0.3458
2025-06-29 20:09:38 - INFO - Epoch 15/400, Batch 2/2, Loss: 0.1102
2025-06-29 20:09:39 - INFO - Epoch 16/400, Batch 2/2, Loss: 0.0636
2025-06-29 20:09:39 - INFO - Epoch 17/400, Batch 2/2, Loss: 0.0836
2025-06-29 20:09:40 - INFO - Epoch 18/400, Batch 2/2, Loss: 0.2051
2025-06-29 20:09:41 - INFO - Epoch 19/400, Batch 2/2, Loss: 0.0759
2025-06-29 20:09:42 - INFO - Epoch 20/400, Batch 2/2, Loss: 0.1710
2025-06-29 20:09:42 - INFO - Saved checkpoint at epoch 20 at ./result/VNet_Multi_V2/LA_8/Pth/model_epoch_20_checkpoint.pth
2025-06-29 20:09:43 - INFO - Epoch 21/400, Batch 2/2, Loss: 0.1522
2025-06-29 20:09:44 - INFO - Epoch 22/400, Batch 2/2, Loss: 0.1479
2025-06-29 20:09:44 - INFO - Epoch 23/400, Batch 2/2, Loss: 0.0719
2025-06-29 20:09:45 - INFO - Epoch 24/400, Batch 2/2, Loss: 0.1422
2025-06-29 20:09:46 - INFO - Epoch 25/400, Batch 2/2, Loss: 0.0436
2025-06-29 20:09:47 - INFO - Epoch 26/400, Batch 2/2, Loss: 0.1104
2025-06-29 20:09:48 - INFO - Epoch 27/400, Batch 2/2, Loss: 0.1186
2025-06-29 20:09:48 - INFO - Epoch 28/400, Batch 2/2, Loss: 0.1901
2025-06-29 20:09:49 - INFO - Epoch 29/400, Batch 2/2, Loss: 0.1818
2025-06-29 20:09:50 - INFO - Epoch 30/400, Batch 2/2, Loss: 0.0668
2025-06-29 20:09:51 - INFO - Epoch 31/400, Batch 2/2, Loss: 0.1240
2025-06-29 20:09:52 - INFO - Epoch 32/400, Batch 2/2, Loss: 0.1060
2025-06-29 20:09:53 - INFO - Epoch 33/400, Batch 2/2, Loss: 0.1347
2025-06-29 20:09:53 - INFO - Epoch 34/400, Batch 2/2, Loss: 0.0868
2025-06-29 20:09:54 - INFO - Epoch 35/400, Batch 2/2, Loss: 0.1310
2025-06-29 20:09:55 - INFO - Epoch 36/400, Batch 2/2, Loss: 0.0719
2025-06-29 20:09:56 - INFO - Epoch 37/400, Batch 2/2, Loss: 0.0630
2025-06-29 20:09:57 - INFO - Epoch 38/400, Batch 2/2, Loss: 0.1501
2025-06-29 20:09:58 - INFO - Epoch 39/400, Batch 2/2, Loss: 0.1198
2025-06-29 20:09:58 - INFO - Epoch 40/400, Batch 2/2, Loss: 0.0944
2025-06-29 20:09:58 - INFO - Saved checkpoint at epoch 40 at ./result/VNet_Multi_V2/LA_8/Pth/model_epoch_40_checkpoint.pth
2025-06-29 20:09:59 - INFO - Epoch 41/400, Batch 2/2, Loss: 0.1693
2025-06-29 20:10:00 - INFO - Epoch 42/400, Batch 2/2, Loss: 0.1589
2025-06-29 20:10:01 - INFO - Epoch 43/400, Batch 2/2, Loss: 0.1907
2025-06-29 20:10:02 - INFO - Epoch 44/400, Batch 2/2, Loss: 0.0915
2025-06-29 20:10:03 - INFO - Epoch 45/400, Batch 2/2, Loss: 0.1824
2025-06-29 20:10:03 - INFO - Epoch 46/400, Batch 2/2, Loss: 0.0587
2025-06-29 20:10:04 - INFO - Epoch 47/400, Batch 2/2, Loss: 0.1558
2025-06-29 20:10:05 - INFO - Epoch 48/400, Batch 2/2, Loss: 0.0593
2025-06-29 20:10:06 - INFO - Epoch 49/400, Batch 2/2, Loss: 0.1065
2025-06-29 20:10:07 - INFO - Epoch 50/400, Batch 2/2, Loss: 0.1108
2025-06-29 20:10:08 - INFO - Epoch 51/400, Batch 2/2, Loss: 0.0722
2025-06-29 20:10:08 - INFO - Epoch 52/400, Batch 2/2, Loss: 0.0154
2025-06-29 20:10:09 - INFO - Epoch 53/400, Batch 2/2, Loss: 0.0998
2025-06-29 20:10:10 - INFO - Epoch 54/400, Batch 2/2, Loss: 0.0783
2025-06-29 20:10:11 - INFO - Epoch 55/400, Batch 2/2, Loss: 0.0834
2025-06-29 20:10:12 - INFO - Epoch 56/400, Batch 2/2, Loss: 0.0718
2025-06-29 20:10:12 - INFO - Epoch 57/400, Batch 2/2, Loss: 0.0847
2025-06-29 20:10:13 - INFO - Epoch 58/400, Batch 2/2, Loss: 0.1078
2025-06-29 20:10:14 - INFO - Epoch 59/400, Batch 2/2, Loss: 0.2115
2025-06-29 20:10:15 - INFO - Epoch 60/400, Batch 2/2, Loss: 0.0342
2025-06-29 20:10:15 - INFO - Saved checkpoint at epoch 60 at ./result/VNet_Multi_V2/LA_8/Pth/model_epoch_60_checkpoint.pth
2025-06-29 20:10:16 - INFO - Epoch 61/400, Batch 2/2, Loss: 0.0108
2025-06-29 20:10:17 - INFO - Epoch 62/400, Batch 2/2, Loss: 0.0398
2025-06-29 20:10:18 - INFO - Epoch 63/400, Batch 2/2, Loss: 0.1918
2025-06-29 20:10:18 - INFO - Epoch 64/400, Batch 2/2, Loss: 0.0580
2025-06-29 20:10:19 - INFO - Epoch 65/400, Batch 2/2, Loss: 0.0838
2025-06-29 20:10:20 - INFO - Epoch 66/400, Batch 2/2, Loss: 0.0171
2025-06-29 20:10:21 - INFO - Epoch 67/400, Batch 2/2, Loss: 0.1275
2025-06-29 20:10:22 - INFO - Epoch 68/400, Batch 2/2, Loss: 0.0653
2025-06-29 20:10:22 - INFO - Epoch 69/400, Batch 2/2, Loss: 0.0527
2025-06-29 20:10:23 - INFO - Epoch 70/400, Batch 2/2, Loss: 0.0745
2025-06-29 20:10:24 - INFO - Epoch 71/400, Batch 2/2, Loss: 0.0287
2025-06-29 20:10:25 - INFO - Epoch 72/400, Batch 2/2, Loss: 0.0247
2025-06-29 20:10:26 - INFO - Epoch 73/400, Batch 2/2, Loss: 0.0380
2025-06-29 20:10:27 - INFO - Epoch 74/400, Batch 2/2, Loss: 0.0225
2025-06-29 20:10:27 - INFO - Epoch 75/400, Batch 2/2, Loss: 0.1086
2025-06-29 20:10:28 - INFO - Epoch 76/400, Batch 2/2, Loss: 0.0875
2025-06-29 20:10:29 - INFO - Epoch 77/400, Batch 2/2, Loss: 0.0426
2025-06-29 20:10:30 - INFO - Epoch 78/400, Batch 2/2, Loss: 0.0362
2025-06-29 20:10:31 - INFO - Epoch 79/400, Batch 2/2, Loss: 0.0240
2025-06-29 20:10:32 - INFO - Epoch 80/400, Batch 2/2, Loss: 0.0780
2025-06-29 20:10:32 - INFO - Saved checkpoint at epoch 80 at ./result/VNet_Multi_V2/LA_8/Pth/model_epoch_80_checkpoint.pth
2025-06-29 20:10:32 - INFO - Epoch 81/400, Batch 2/2, Loss: 0.0141
2025-06-29 20:10:33 - INFO - Epoch 82/400, Batch 2/2, Loss: 0.0453
2025-06-29 20:10:34 - INFO - Epoch 83/400, Batch 2/2, Loss: 0.1345
2025-06-29 20:10:35 - INFO - Epoch 84/400, Batch 2/2, Loss: 0.0332
2025-06-29 20:10:36 - INFO - Epoch 85/400, Batch 2/2, Loss: 0.1326
2025-06-29 20:10:37 - INFO - Epoch 86/400, Batch 2/2, Loss: 0.1020
2025-06-29 20:10:38 - INFO - Epoch 87/400, Batch 2/2, Loss: 0.0629
2025-06-29 20:10:38 - INFO - Epoch 88/400, Batch 2/2, Loss: 0.0609
2025-06-29 20:10:39 - INFO - Epoch 89/400, Batch 2/2, Loss: 0.0811
2025-06-29 20:10:40 - INFO - Epoch 90/400, Batch 2/2, Loss: 0.0587
2025-06-29 20:10:41 - INFO - Epoch 91/400, Batch 2/2, Loss: 0.0123
2025-06-29 20:10:42 - INFO - Epoch 92/400, Batch 2/2, Loss: 0.0337
2025-06-29 20:10:43 - INFO - Epoch 93/400, Batch 2/2, Loss: 0.0489
2025-06-29 20:10:43 - INFO - Epoch 94/400, Batch 2/2, Loss: 0.0601
2025-06-29 20:10:44 - INFO - Epoch 95/400, Batch 2/2, Loss: -0.0298
2025-06-29 20:10:45 - INFO - Epoch 96/400, Batch 2/2, Loss: 0.1055
2025-06-29 20:10:46 - INFO - Epoch 97/400, Batch 2/2, Loss: 0.0598
2025-06-29 20:10:47 - INFO - Epoch 98/400, Batch 2/2, Loss: 0.0496
2025-06-29 20:10:47 - INFO - Epoch 99/400, Batch 2/2, Loss: 0.2434
2025-06-29 20:10:48 - INFO - Epoch 100/400, Batch 2/2, Loss: 0.0864
2025-06-29 20:10:48 - INFO - Saved checkpoint at epoch 100 at ./result/VNet_Multi_V2/LA_8/Pth/model_epoch_100_checkpoint.pth
2025-06-29 20:10:49 - INFO - Epoch 101/400, Batch 2/2, Loss: 0.1358
2025-06-29 20:10:50 - INFO - Epoch 102/400, Batch 2/2, Loss: 0.1262
2025-06-29 20:10:51 - INFO - Epoch 103/400, Batch 2/2, Loss: 0.1217
2025-06-29 20:10:52 - INFO - Epoch 104/400, Batch 2/2, Loss: 0.0396
2025-06-29 20:10:53 - INFO - Epoch 105/400, Batch 2/2, Loss: 0.0831
2025-06-29 20:10:53 - INFO - Epoch 106/400, Batch 2/2, Loss: 0.1564
2025-06-29 20:10:54 - INFO - Epoch 107/400, Batch 2/2, Loss: 0.0150
2025-06-29 20:10:55 - INFO - Epoch 108/400, Batch 2/2, Loss: 0.2306
2025-06-29 20:10:56 - INFO - Epoch 109/400, Batch 2/2, Loss: 0.1278
2025-06-29 20:10:57 - INFO - Epoch 110/400, Batch 2/2, Loss: 0.0853
2025-06-29 20:10:58 - INFO - Epoch 111/400, Batch 2/2, Loss: 0.0626
2025-06-29 20:10:59 - INFO - Epoch 112/400, Batch 2/2, Loss: 0.1512
2025-06-29 20:10:59 - INFO - Epoch 113/400, Batch 2/2, Loss: 0.0879
2025-06-29 20:11:00 - INFO - Epoch 114/400, Batch 2/2, Loss: 0.1121
2025-06-29 20:11:01 - INFO - Epoch 115/400, Batch 2/2, Loss: 0.0967
2025-06-29 20:11:02 - INFO - Epoch 116/400, Batch 2/2, Loss: 0.0972
2025-06-29 20:11:03 - INFO - Epoch 117/400, Batch 2/2, Loss: 0.0528
2025-06-29 20:11:03 - INFO - Epoch 118/400, Batch 2/2, Loss: 0.0573
2025-06-29 20:11:04 - INFO - Epoch 119/400, Batch 2/2, Loss: 0.0773
2025-06-29 20:11:05 - INFO - Epoch 120/400, Batch 2/2, Loss: -0.0131
2025-06-29 20:11:05 - INFO - Saved checkpoint at epoch 120 at ./result/VNet_Multi_V2/LA_8/Pth/model_epoch_120_checkpoint.pth
2025-06-29 20:11:06 - INFO - Epoch 121/400, Batch 2/2, Loss: 0.0662
2025-06-29 20:11:07 - INFO - Epoch 122/400, Batch 2/2, Loss: 0.0249
2025-06-29 20:11:08 - INFO - Epoch 123/400, Batch 2/2, Loss: 0.0590
2025-06-29 20:11:09 - INFO - Epoch 124/400, Batch 2/2, Loss: 0.1439
2025-06-29 20:11:09 - INFO - Epoch 125/400, Batch 2/2, Loss: 0.0957
2025-06-29 20:11:10 - INFO - Epoch 126/400, Batch 2/2, Loss: -0.0185
2025-06-29 20:11:11 - INFO - Epoch 127/400, Batch 2/2, Loss: 0.0013
2025-06-29 20:11:12 - INFO - Epoch 128/400, Batch 2/2, Loss: 0.0380
2025-06-29 20:11:13 - INFO - Epoch 129/400, Batch 2/2, Loss: 0.0923
2025-06-29 20:11:14 - INFO - Epoch 130/400, Batch 2/2, Loss: -0.0162
2025-06-29 20:11:14 - INFO - Epoch 131/400, Batch 2/2, Loss: 0.0720
2025-06-29 20:11:15 - INFO - Epoch 132/400, Batch 2/2, Loss: 0.1301
2025-06-29 20:11:16 - INFO - Epoch 133/400, Batch 2/2, Loss: 0.0456
2025-06-29 20:11:17 - INFO - Epoch 134/400, Batch 2/2, Loss: 0.0395
2025-06-29 20:11:18 - INFO - Epoch 135/400, Batch 2/2, Loss: 0.0237
2025-06-29 20:11:19 - INFO - Epoch 136/400, Batch 2/2, Loss: 0.1332
2025-06-29 20:11:19 - INFO - Epoch 137/400, Batch 2/2, Loss: 0.0971
2025-06-29 20:11:20 - INFO - Epoch 138/400, Batch 2/2, Loss: 0.0556
2025-06-29 20:11:21 - INFO - Epoch 139/400, Batch 2/2, Loss: 0.1220
2025-06-29 20:11:22 - INFO - Epoch 140/400, Batch 2/2, Loss: 0.0669
2025-06-29 20:11:22 - INFO - Saved checkpoint at epoch 140 at ./result/VNet_Multi_V2/LA_8/Pth/model_epoch_140_checkpoint.pth
2025-06-29 20:11:23 - INFO - Epoch 141/400, Batch 2/2, Loss: 0.0982
2025-06-29 20:11:24 - INFO - Epoch 142/400, Batch 2/2, Loss: 0.0445
2025-06-29 20:11:24 - INFO - Epoch 143/400, Batch 2/2, Loss: 0.0638
2025-06-29 20:11:25 - INFO - Epoch 144/400, Batch 2/2, Loss: 0.0168
2025-06-29 20:11:26 - INFO - Epoch 145/400, Batch 2/2, Loss: 0.1926
2025-06-29 20:11:27 - INFO - Epoch 146/400, Batch 2/2, Loss: 0.2216
2025-06-29 20:11:28 - INFO - Epoch 147/400, Batch 2/2, Loss: 0.0429
2025-06-29 20:11:29 - INFO - Epoch 148/400, Batch 2/2, Loss: 0.1153
2025-06-29 20:11:30 - INFO - Epoch 149/400, Batch 2/2, Loss: 0.0521
2025-06-29 20:11:30 - INFO - Epoch 150/400, Batch 2/2, Loss: 0.0384
2025-06-29 20:11:31 - INFO - Epoch 151/400, Batch 2/2, Loss: 0.1499
2025-06-29 20:11:32 - INFO - Epoch 152/400, Batch 2/2, Loss: 0.0272
2025-06-29 20:11:33 - INFO - Epoch 153/400, Batch 2/2, Loss: -0.0687
2025-06-29 20:11:34 - INFO - Epoch 154/400, Batch 2/2, Loss: -0.0156
2025-06-29 20:11:35 - INFO - Epoch 155/400, Batch 2/2, Loss: 0.0321
2025-06-29 20:11:35 - INFO - Epoch 156/400, Batch 2/2, Loss: 0.0103
2025-06-29 20:11:36 - INFO - Epoch 157/400, Batch 2/2, Loss: 0.0067
2025-06-29 20:11:37 - INFO - Epoch 158/400, Batch 2/2, Loss: 0.0700
2025-06-29 20:11:38 - INFO - Epoch 159/400, Batch 2/2, Loss: 0.1112
2025-06-29 20:11:39 - INFO - Epoch 160/400, Batch 2/2, Loss: -0.0039
2025-06-29 20:11:39 - INFO - Saved checkpoint at epoch 160 at ./result/VNet_Multi_V2/LA_8/Pth/model_epoch_160_checkpoint.pth
2025-06-29 20:11:40 - INFO - Epoch 161/400, Batch 2/2, Loss: -0.0304
2025-06-29 20:11:41 - INFO - Epoch 162/400, Batch 2/2, Loss: -0.0045
2025-06-29 20:11:41 - INFO - Epoch 163/400, Batch 2/2, Loss: 0.0317
2025-06-29 20:11:42 - INFO - Epoch 164/400, Batch 2/2, Loss: 0.0076
2025-06-29 20:11:43 - INFO - Epoch 165/400, Batch 2/2, Loss: 0.1085
2025-06-29 20:11:44 - INFO - Epoch 166/400, Batch 2/2, Loss: 0.0561
2025-06-29 20:11:45 - INFO - Epoch 167/400, Batch 2/2, Loss: 0.0080
2025-06-29 20:11:45 - INFO - Epoch 168/400, Batch 2/2, Loss: 0.0389
2025-06-29 20:11:46 - INFO - Epoch 169/400, Batch 2/2, Loss: 0.1077
2025-06-29 20:11:47 - INFO - Epoch 170/400, Batch 2/2, Loss: 0.0738
2025-06-29 20:11:48 - INFO - Epoch 171/400, Batch 2/2, Loss: -0.0192
2025-06-29 20:11:49 - INFO - Epoch 172/400, Batch 2/2, Loss: 0.1010
2025-06-29 20:11:50 - INFO - Epoch 173/400, Batch 2/2, Loss: 0.1255
2025-06-29 20:11:50 - INFO - Epoch 174/400, Batch 2/2, Loss: -0.0086
2025-06-29 20:11:51 - INFO - Epoch 175/400, Batch 2/2, Loss: -0.0127
2025-06-29 20:11:52 - INFO - Epoch 176/400, Batch 2/2, Loss: 0.0680
2025-06-29 20:11:53 - INFO - Epoch 177/400, Batch 2/2, Loss: -0.0047
2025-06-29 20:11:54 - INFO - Epoch 178/400, Batch 2/2, Loss: 0.0862
2025-06-29 20:11:55 - INFO - Epoch 179/400, Batch 2/2, Loss: -0.0036
2025-06-29 20:11:55 - INFO - Epoch 180/400, Batch 2/2, Loss: 0.0668
2025-06-29 20:11:55 - INFO - Saved checkpoint at epoch 180 at ./result/VNet_Multi_V2/LA_8/Pth/model_epoch_180_checkpoint.pth
2025-06-29 20:11:56 - INFO - Epoch 181/400, Batch 2/2, Loss: 0.0884
2025-06-29 20:11:57 - INFO - Epoch 182/400, Batch 2/2, Loss: 0.0768
2025-06-29 20:11:58 - INFO - Epoch 183/400, Batch 2/2, Loss: 0.0841
2025-06-29 20:11:59 - INFO - Epoch 184/400, Batch 2/2, Loss: 0.0900
2025-06-29 20:11:59 - INFO - Epoch 185/400, Batch 2/2, Loss: 0.0142
2025-06-29 20:12:00 - INFO - Epoch 186/400, Batch 2/2, Loss: 0.1485
2025-06-29 20:12:01 - INFO - Epoch 187/400, Batch 2/2, Loss: 0.1758
2025-06-29 20:12:02 - INFO - Epoch 188/400, Batch 2/2, Loss: -0.0460
2025-06-29 20:12:03 - INFO - Epoch 189/400, Batch 2/2, Loss: -0.0415
2025-06-29 20:12:04 - INFO - Epoch 190/400, Batch 2/2, Loss: 0.0514
2025-06-29 20:12:04 - INFO - Epoch 191/400, Batch 2/2, Loss: 0.1538
2025-06-29 20:12:05 - INFO - Epoch 192/400, Batch 2/2, Loss: -0.0210
2025-06-29 20:12:06 - INFO - Epoch 193/400, Batch 2/2, Loss: -0.0360
2025-06-29 20:12:07 - INFO - Epoch 194/400, Batch 2/2, Loss: 0.0460
2025-06-29 20:12:08 - INFO - Epoch 195/400, Batch 2/2, Loss: -0.0352
2025-06-29 20:12:08 - INFO - Epoch 196/400, Batch 2/2, Loss: 0.0116
2025-06-29 20:12:09 - INFO - Epoch 197/400, Batch 2/2, Loss: -0.0143
2025-06-29 20:12:10 - INFO - Epoch 198/400, Batch 2/2, Loss: 0.0101
2025-06-29 20:12:11 - INFO - Epoch 199/400, Batch 2/2, Loss: -0.0268
2025-06-29 20:12:12 - INFO - Epoch 200/400, Batch 2/2, Loss: -0.0445
2025-06-29 20:12:12 - INFO - Saved checkpoint at epoch 200 at ./result/VNet_Multi_V2/LA_8/Pth/model_epoch_200_checkpoint.pth
2025-06-29 20:12:13 - INFO - Epoch 201/400, Batch 2/2, Loss: 0.0598
2025-06-29 20:12:13 - INFO - Epoch 202/400, Batch 2/2, Loss: 0.0194
2025-06-29 20:12:14 - INFO - Epoch 203/400, Batch 2/2, Loss: -0.0177
2025-06-29 20:12:15 - INFO - Epoch 204/400, Batch 2/2, Loss: 0.0487
2025-06-29 20:12:16 - INFO - Epoch 205/400, Batch 2/2, Loss: -0.0252
2025-06-29 20:12:17 - INFO - Epoch 206/400, Batch 2/2, Loss: -0.0391
2025-06-29 20:12:18 - INFO - Epoch 207/400, Batch 2/2, Loss: 0.0262
2025-06-29 20:12:18 - INFO - Epoch 208/400, Batch 2/2, Loss: -0.0330
2025-06-29 20:12:19 - INFO - Epoch 209/400, Batch 2/2, Loss: -0.0918
2025-06-29 20:12:20 - INFO - Epoch 210/400, Batch 2/2, Loss: 0.0230
2025-06-29 20:12:21 - INFO - Epoch 211/400, Batch 2/2, Loss: 0.0323
2025-06-29 20:12:22 - INFO - Epoch 212/400, Batch 2/2, Loss: -0.0436
2025-06-29 20:12:23 - INFO - Epoch 213/400, Batch 2/2, Loss: -0.0173
2025-06-29 20:12:23 - INFO - Epoch 214/400, Batch 2/2, Loss: 0.0030
2025-06-29 20:12:24 - INFO - Epoch 215/400, Batch 2/2, Loss: 0.0355
2025-06-29 20:12:25 - INFO - Epoch 216/400, Batch 2/2, Loss: 0.0857
2025-06-29 20:12:26 - INFO - Epoch 217/400, Batch 2/2, Loss: 0.0349
2025-06-29 20:12:27 - INFO - Epoch 218/400, Batch 2/2, Loss: 0.0909
2025-06-29 20:12:28 - INFO - Epoch 219/400, Batch 2/2, Loss: 0.0370
2025-06-29 20:12:28 - INFO - Epoch 220/400, Batch 2/2, Loss: 0.0384
2025-06-29 20:12:28 - INFO - Saved checkpoint at epoch 220 at ./result/VNet_Multi_V2/LA_8/Pth/model_epoch_220_checkpoint.pth
2025-06-29 20:12:29 - INFO - Epoch 221/400, Batch 2/2, Loss: 0.0735
2025-06-29 20:12:30 - INFO - Epoch 222/400, Batch 2/2, Loss: 0.1166
2025-06-29 20:12:31 - INFO - Epoch 223/400, Batch 2/2, Loss: 0.0458
2025-06-29 20:12:32 - INFO - Epoch 224/400, Batch 2/2, Loss: 0.0334
2025-06-29 20:12:33 - INFO - Epoch 225/400, Batch 2/2, Loss: 0.0236
2025-06-29 20:12:33 - INFO - Epoch 226/400, Batch 2/2, Loss: 0.1283
2025-06-29 20:12:34 - INFO - Epoch 227/400, Batch 2/2, Loss: 0.0846
2025-06-29 20:12:35 - INFO - Epoch 228/400, Batch 2/2, Loss: 0.0312
2025-06-29 20:12:36 - INFO - Epoch 229/400, Batch 2/2, Loss: 0.0663
2025-06-29 20:12:37 - INFO - Epoch 230/400, Batch 2/2, Loss: -0.0410
2025-06-29 20:12:38 - INFO - Epoch 231/400, Batch 2/2, Loss: -0.1065
2025-06-29 20:12:39 - INFO - Epoch 232/400, Batch 2/2, Loss: 0.0762
2025-06-29 20:12:39 - INFO - Epoch 233/400, Batch 2/2, Loss: 0.0270
2025-06-29 20:12:40 - INFO - Epoch 234/400, Batch 2/2, Loss: -0.0230
2025-06-29 20:12:41 - INFO - Epoch 235/400, Batch 2/2, Loss: 0.0223
2025-06-29 20:12:42 - INFO - Epoch 236/400, Batch 2/2, Loss: 0.0583
2025-06-29 20:12:43 - INFO - Epoch 237/400, Batch 2/2, Loss: 0.0036
2025-06-29 20:12:43 - INFO - Epoch 238/400, Batch 2/2, Loss: 0.0042
2025-06-29 20:12:44 - INFO - Epoch 239/400, Batch 2/2, Loss: 0.1622
2025-06-29 20:12:45 - INFO - Epoch 240/400, Batch 2/2, Loss: 0.0546
2025-06-29 20:12:45 - INFO - Saved checkpoint at epoch 240 at ./result/VNet_Multi_V2/LA_8/Pth/model_epoch_240_checkpoint.pth
2025-06-29 20:12:46 - INFO - Epoch 241/400, Batch 2/2, Loss: -0.0052
2025-06-29 20:12:47 - INFO - Epoch 242/400, Batch 2/2, Loss: 0.0131
2025-06-29 20:12:48 - INFO - Epoch 243/400, Batch 2/2, Loss: 0.1220
2025-06-29 20:12:48 - INFO - Epoch 244/400, Batch 2/2, Loss: -0.0932
2025-06-29 20:12:49 - INFO - Epoch 245/400, Batch 2/2, Loss: -0.0030
2025-06-29 20:12:50 - INFO - Epoch 246/400, Batch 2/2, Loss: 0.1074
2025-06-29 20:12:51 - INFO - Epoch 247/400, Batch 2/2, Loss: 0.0190
2025-06-29 20:12:52 - INFO - Epoch 248/400, Batch 2/2, Loss: -0.0310
2025-06-29 20:12:53 - INFO - Epoch 249/400, Batch 2/2, Loss: -0.0147
2025-06-29 20:12:53 - INFO - Epoch 250/400, Batch 2/2, Loss: 0.0126
2025-06-29 20:12:54 - INFO - Epoch 251/400, Batch 2/2, Loss: -0.0746
2025-06-29 20:12:55 - INFO - Epoch 252/400, Batch 2/2, Loss: 0.0233
2025-06-29 20:12:56 - INFO - Epoch 253/400, Batch 2/2, Loss: -0.0722
2025-06-29 20:12:57 - INFO - Epoch 254/400, Batch 2/2, Loss: -0.0566
2025-06-29 20:12:57 - INFO - Epoch 255/400, Batch 2/2, Loss: -0.0748
2025-06-29 20:12:58 - INFO - Epoch 256/400, Batch 2/2, Loss: 0.0444
2025-06-29 20:12:59 - INFO - Epoch 257/400, Batch 2/2, Loss: -0.0025
2025-06-29 20:13:00 - INFO - Epoch 258/400, Batch 2/2, Loss: -0.0326
2025-06-29 20:13:01 - INFO - Epoch 259/400, Batch 2/2, Loss: 0.0418
2025-06-29 20:13:02 - INFO - Epoch 260/400, Batch 2/2, Loss: 0.0327
2025-06-29 20:13:02 - INFO - Saved checkpoint at epoch 260 at ./result/VNet_Multi_V2/LA_8/Pth/model_epoch_260_checkpoint.pth
2025-06-29 20:13:02 - INFO - Epoch 261/400, Batch 2/2, Loss: -0.0022
2025-06-29 20:13:03 - INFO - Epoch 262/400, Batch 2/2, Loss: 0.0230
2025-06-29 20:13:04 - INFO - Epoch 263/400, Batch 2/2, Loss: -0.0536
2025-06-29 20:13:05 - INFO - Epoch 264/400, Batch 2/2, Loss: -0.0679
2025-06-29 20:13:06 - INFO - Epoch 265/400, Batch 2/2, Loss: -0.0046
2025-06-29 20:13:07 - INFO - Epoch 266/400, Batch 2/2, Loss: -0.0166
2025-06-29 20:13:07 - INFO - Epoch 267/400, Batch 2/2, Loss: -0.0775
2025-06-29 20:13:08 - INFO - Epoch 268/400, Batch 2/2, Loss: -0.0471
2025-06-29 20:13:09 - INFO - Epoch 269/400, Batch 2/2, Loss: 0.0888
2025-06-29 20:13:10 - INFO - Epoch 270/400, Batch 2/2, Loss: -0.0438
2025-06-29 20:13:11 - INFO - Epoch 271/400, Batch 2/2, Loss: -0.0124
2025-06-29 20:13:12 - INFO - Epoch 272/400, Batch 2/2, Loss: 0.0032
2025-06-29 20:13:12 - INFO - Epoch 273/400, Batch 2/2, Loss: 0.0550
2025-06-29 20:13:13 - INFO - Epoch 274/400, Batch 2/2, Loss: -0.0657
2025-06-29 20:13:14 - INFO - Epoch 275/400, Batch 2/2, Loss: 0.0001
2025-06-29 20:13:15 - INFO - Epoch 276/400, Batch 2/2, Loss: 0.0289
2025-06-29 20:13:16 - INFO - Epoch 277/400, Batch 2/2, Loss: 0.0334
2025-06-29 20:13:17 - INFO - Epoch 278/400, Batch 2/2, Loss: 0.0307
2025-06-29 20:13:17 - INFO - Epoch 279/400, Batch 2/2, Loss: 0.0385
2025-06-29 20:13:18 - INFO - Epoch 280/400, Batch 2/2, Loss: 0.0560
2025-06-29 20:13:18 - INFO - Saved checkpoint at epoch 280 at ./result/VNet_Multi_V2/LA_8/Pth/model_epoch_280_checkpoint.pth
2025-06-29 20:13:19 - INFO - Epoch 281/400, Batch 2/2, Loss: -0.0444
2025-06-29 20:13:20 - INFO - Epoch 282/400, Batch 2/2, Loss: 0.0425
2025-06-29 20:13:21 - INFO - Epoch 283/400, Batch 2/2, Loss: 0.0370
2025-06-29 20:13:22 - INFO - Epoch 284/400, Batch 2/2, Loss: 0.0537
2025-06-29 20:13:22 - INFO - Epoch 285/400, Batch 2/2, Loss: 0.0277
2025-06-29 20:13:23 - INFO - Epoch 286/400, Batch 2/2, Loss: 0.0418
2025-06-29 20:13:24 - INFO - Epoch 287/400, Batch 2/2, Loss: -0.0127
2025-06-29 20:13:25 - INFO - Epoch 288/400, Batch 2/2, Loss: -0.0061
2025-06-29 20:13:26 - INFO - Epoch 289/400, Batch 2/2, Loss: -0.0425
2025-06-29 20:13:27 - INFO - Epoch 290/400, Batch 2/2, Loss: 0.0443
2025-06-29 20:13:27 - INFO - Epoch 291/400, Batch 2/2, Loss: -0.0351
2025-06-29 20:13:28 - INFO - Epoch 292/400, Batch 2/2, Loss: -0.1176
2025-06-29 20:13:29 - INFO - Epoch 293/400, Batch 2/2, Loss: 0.0292
2025-06-29 20:13:30 - INFO - Epoch 294/400, Batch 2/2, Loss: 0.0405
2025-06-29 20:13:31 - INFO - Epoch 295/400, Batch 2/2, Loss: -0.0817
2025-06-29 20:13:32 - INFO - Epoch 296/400, Batch 2/2, Loss: -0.0495
2025-06-29 20:13:32 - INFO - Epoch 297/400, Batch 2/2, Loss: 0.0439
2025-06-29 20:13:33 - INFO - Epoch 298/400, Batch 2/2, Loss: 0.1317
2025-06-29 20:13:34 - INFO - Epoch 299/400, Batch 2/2, Loss: 0.0668
2025-06-29 20:13:35 - INFO - Epoch 300/400, Batch 2/2, Loss: 0.0203
2025-06-29 20:13:35 - INFO - Saved checkpoint at epoch 300 at ./result/VNet_Multi_V2/LA_8/Pth/model_epoch_300_checkpoint.pth
2025-06-29 20:13:36 - INFO - Epoch 301/400, Batch 2/2, Loss: -0.0007
2025-06-29 20:13:37 - INFO - Epoch 302/400, Batch 2/2, Loss: 0.0973
2025-06-29 20:13:37 - INFO - Epoch 303/400, Batch 2/2, Loss: -0.0168
2025-06-29 20:13:38 - INFO - Epoch 304/400, Batch 2/2, Loss: 0.0156
2025-06-29 20:13:39 - INFO - Epoch 305/400, Batch 2/2, Loss: -0.1078
2025-06-29 20:13:40 - INFO - Epoch 306/400, Batch 2/2, Loss: -0.0839
2025-06-29 20:13:41 - INFO - Epoch 307/400, Batch 2/2, Loss: -0.0223
2025-06-29 20:13:42 - INFO - Epoch 308/400, Batch 2/2, Loss: -0.0294
2025-06-29 20:13:42 - INFO - Epoch 309/400, Batch 2/2, Loss: -0.0441
2025-06-29 20:13:43 - INFO - Epoch 310/400, Batch 2/2, Loss: -0.0027
2025-06-29 20:13:44 - INFO - Epoch 311/400, Batch 2/2, Loss: 0.0604
2025-06-29 20:13:45 - INFO - Epoch 312/400, Batch 2/2, Loss: -0.0263
2025-06-29 20:13:46 - INFO - Epoch 313/400, Batch 2/2, Loss: -0.0073
2025-06-29 20:13:47 - INFO - Epoch 314/400, Batch 2/2, Loss: -0.0793
2025-06-29 20:13:47 - INFO - Epoch 315/400, Batch 2/2, Loss: -0.0154
2025-06-29 20:13:48 - INFO - Epoch 316/400, Batch 2/2, Loss: -0.0800
2025-06-29 20:13:49 - INFO - Epoch 317/400, Batch 2/2, Loss: 0.0519
2025-06-29 20:13:50 - INFO - Epoch 318/400, Batch 2/2, Loss: 0.0022
2025-06-29 20:13:51 - INFO - Epoch 319/400, Batch 2/2, Loss: -0.0798
2025-06-29 20:13:52 - INFO - Epoch 320/400, Batch 2/2, Loss: -0.1386
2025-06-29 20:13:52 - INFO - Saved checkpoint at epoch 320 at ./result/VNet_Multi_V2/LA_8/Pth/model_epoch_320_checkpoint.pth
2025-06-29 20:13:52 - INFO - Epoch 321/400, Batch 2/2, Loss: 0.0028
2025-06-29 20:13:53 - INFO - Epoch 322/400, Batch 2/2, Loss: -0.0593
2025-06-29 20:13:54 - INFO - Epoch 323/400, Batch 2/2, Loss: 0.0470
2025-06-29 20:13:55 - INFO - Epoch 324/400, Batch 2/2, Loss: 0.0368
2025-06-29 20:13:56 - INFO - Epoch 325/400, Batch 2/2, Loss: -0.0922
2025-06-29 20:13:57 - INFO - Epoch 326/400, Batch 2/2, Loss: -0.1174
2025-06-29 20:13:57 - INFO - Epoch 327/400, Batch 2/2, Loss: -0.0254
2025-06-29 20:13:58 - INFO - Epoch 328/400, Batch 2/2, Loss: 0.0909
2025-06-29 20:13:59 - INFO - Epoch 329/400, Batch 2/2, Loss: 0.0413
2025-06-29 20:14:00 - INFO - Epoch 330/400, Batch 2/2, Loss: -0.0045
2025-06-29 20:14:01 - INFO - Epoch 331/400, Batch 2/2, Loss: -0.0633
2025-06-29 20:14:02 - INFO - Epoch 332/400, Batch 2/2, Loss: 0.0876
2025-06-29 20:14:02 - INFO - Epoch 333/400, Batch 2/2, Loss: 0.0306
2025-06-29 20:14:03 - INFO - Epoch 334/400, Batch 2/2, Loss: -0.0832
2025-06-29 20:14:04 - INFO - Epoch 335/400, Batch 2/2, Loss: -0.0630
2025-06-29 20:14:05 - INFO - Epoch 336/400, Batch 2/2, Loss: -0.1046
2025-06-29 20:14:06 - INFO - Epoch 337/400, Batch 2/2, Loss: -0.0494
2025-06-29 20:14:07 - INFO - Epoch 338/400, Batch 2/2, Loss: -0.0611
2025-06-29 20:14:07 - INFO - Epoch 339/400, Batch 2/2, Loss: -0.0147
2025-06-29 20:14:08 - INFO - Epoch 340/400, Batch 2/2, Loss: -0.0906
2025-06-29 20:14:08 - INFO - Saved checkpoint at epoch 340 at ./result/VNet_Multi_V2/LA_8/Pth/model_epoch_340_checkpoint.pth
2025-06-29 20:14:09 - INFO - Epoch 341/400, Batch 2/2, Loss: -0.0544
2025-06-29 20:14:10 - INFO - Epoch 342/400, Batch 2/2, Loss: 0.0286
2025-06-29 20:14:11 - INFO - Epoch 343/400, Batch 2/2, Loss: -0.0605
2025-06-29 20:14:12 - INFO - Epoch 344/400, Batch 2/2, Loss: -0.0786
2025-06-29 20:14:12 - INFO - Epoch 345/400, Batch 2/2, Loss: -0.0518
2025-06-29 20:14:13 - INFO - Epoch 346/400, Batch 2/2, Loss: -0.0501
2025-06-29 20:14:14 - INFO - Epoch 347/400, Batch 2/2, Loss: 0.0208
2025-06-29 20:14:15 - INFO - Epoch 348/400, Batch 2/2, Loss: -0.0880
2025-06-29 20:14:16 - INFO - Epoch 349/400, Batch 2/2, Loss: -0.0954
2025-06-29 20:14:17 - INFO - Epoch 350/400, Batch 2/2, Loss: -0.1121
2025-06-29 20:14:17 - INFO - Epoch 351/400, Batch 2/2, Loss: -0.0479
2025-06-29 20:14:18 - INFO - Epoch 352/400, Batch 2/2, Loss: -0.1343
2025-06-29 20:14:19 - INFO - Epoch 353/400, Batch 2/2, Loss: -0.0899
2025-06-29 20:14:20 - INFO - Epoch 354/400, Batch 2/2, Loss: -0.1179
2025-06-29 20:14:21 - INFO - Epoch 355/400, Batch 2/2, Loss: 0.0007
2025-06-29 20:14:22 - INFO - Epoch 356/400, Batch 2/2, Loss: -0.0495
2025-06-29 20:14:22 - INFO - Epoch 357/400, Batch 2/2, Loss: -0.0932
2025-06-29 20:14:23 - INFO - Epoch 358/400, Batch 2/2, Loss: 0.0791
2025-06-29 20:14:24 - INFO - Epoch 359/400, Batch 2/2, Loss: -0.0764
2025-06-29 20:14:25 - INFO - Epoch 360/400, Batch 2/2, Loss: 0.0229
2025-06-29 20:14:25 - INFO - Saved checkpoint at epoch 360 at ./result/VNet_Multi_V2/LA_8/Pth/model_epoch_360_checkpoint.pth
2025-06-29 20:14:26 - INFO - Epoch 361/400, Batch 2/2, Loss: -0.0194
2025-06-29 20:14:27 - INFO - Epoch 362/400, Batch 2/2, Loss: 0.0878
2025-06-29 20:14:28 - INFO - Epoch 363/400, Batch 2/2, Loss: 0.0280
2025-06-29 20:14:28 - INFO - Epoch 364/400, Batch 2/2, Loss: 0.0205
2025-06-29 20:14:29 - INFO - Epoch 365/400, Batch 2/2, Loss: 0.0672
2025-06-29 20:14:30 - INFO - Epoch 366/400, Batch 2/2, Loss: -0.0410
2025-06-29 20:14:31 - INFO - Epoch 367/400, Batch 2/2, Loss: -0.0849
2025-06-29 20:14:32 - INFO - Epoch 368/400, Batch 2/2, Loss: -0.1164
2025-06-29 20:14:33 - INFO - Epoch 369/400, Batch 2/2, Loss: -0.0627
2025-06-29 20:14:33 - INFO - Epoch 370/400, Batch 2/2, Loss: -0.1074
2025-06-29 20:14:34 - INFO - Epoch 371/400, Batch 2/2, Loss: 0.0451
2025-06-29 20:14:35 - INFO - Epoch 372/400, Batch 2/2, Loss: 0.1018
2025-06-29 20:14:36 - INFO - Epoch 373/400, Batch 2/2, Loss: -0.0546
2025-06-29 20:14:37 - INFO - Epoch 374/400, Batch 2/2, Loss: -0.0378
2025-06-29 20:14:38 - INFO - Epoch 375/400, Batch 2/2, Loss: 0.0879
2025-06-29 20:14:38 - INFO - Epoch 376/400, Batch 2/2, Loss: -0.0092
2025-06-29 20:14:39 - INFO - Epoch 377/400, Batch 2/2, Loss: -0.0019
2025-06-29 20:14:40 - INFO - Epoch 378/400, Batch 2/2, Loss: -0.1462
2025-06-29 20:14:41 - INFO - Epoch 379/400, Batch 2/2, Loss: -0.1071
2025-06-29 20:14:42 - INFO - Epoch 380/400, Batch 2/2, Loss: -0.0768
2025-06-29 20:14:42 - INFO - Saved checkpoint at epoch 380 at ./result/VNet_Multi_V2/LA_8/Pth/model_epoch_380_checkpoint.pth
2025-06-29 20:14:43 - INFO - Epoch 381/400, Batch 2/2, Loss: 0.0935
2025-06-29 20:14:43 - INFO - Epoch 382/400, Batch 2/2, Loss: -0.1221
2025-06-29 20:14:44 - INFO - Epoch 383/400, Batch 2/2, Loss: -0.1370
2025-06-29 20:14:45 - INFO - Epoch 384/400, Batch 2/2, Loss: -0.0595
2025-06-29 20:14:46 - INFO - Epoch 385/400, Batch 2/2, Loss: -0.0499
2025-06-29 20:14:47 - INFO - Epoch 386/400, Batch 2/2, Loss: -0.0310
2025-06-29 20:14:47 - INFO - Epoch 387/400, Batch 2/2, Loss: -0.0868
2025-06-29 20:14:48 - INFO - Epoch 388/400, Batch 2/2, Loss: 0.0067
2025-06-29 20:14:49 - INFO - Epoch 389/400, Batch 2/2, Loss: -0.0491
2025-06-29 20:14:50 - INFO - Epoch 390/400, Batch 2/2, Loss: -0.1488
2025-06-29 20:14:51 - INFO - Epoch 391/400, Batch 2/2, Loss: -0.0417
2025-06-29 20:14:52 - INFO - Epoch 392/400, Batch 2/2, Loss: 0.0206
2025-06-29 20:14:52 - INFO - Epoch 393/400, Batch 2/2, Loss: -0.1281
2025-06-29 20:14:53 - INFO - Epoch 394/400, Batch 2/2, Loss: -0.1021
2025-06-29 20:14:54 - INFO - Epoch 395/400, Batch 2/2, Loss: -0.1528
2025-06-29 20:14:55 - INFO - Epoch 396/400, Batch 2/2, Loss: -0.1553
2025-06-29 20:14:56 - INFO - Epoch 397/400, Batch 2/2, Loss: -0.0889
2025-06-29 20:14:57 - INFO - Epoch 398/400, Batch 2/2, Loss: -0.0835
2025-06-29 20:14:57 - INFO - Epoch 399/400, Batch 2/2, Loss: -0.0563
2025-06-29 20:14:58 - INFO - Epoch 400/400, Batch 2/2, Loss: -0.0449
2025-06-29 20:14:58 - INFO - Saved checkpoint at epoch 400 at ./result/VNet_Multi_V2/LA_8/Pth/model_epoch_400_checkpoint.pth
2025-06-29 20:14:58 - INFO - Training complete!
