2025-07-05 02:15:51 - INFO - Logging is set up.
2025-07-05 02:15:51 - INFO - 训练配置参数:
{'seed': 42, 'epochs': 1000, 'batch_size': 5, 'num_classes': 2, 'learning_rate': 0.001, 'dataset_path': './datasets/LA', 'log_path': './result/SAM3D_VNet_SSL/LA_16_SemiSupervised_V15/Training.log', 'pth_path': './result/SAM3D_VNet_SSL/LA_16_SemiSupervised_V15/Pth', 'tensorboard_path': './result/SAM3D_VNet_SSL/LA_16_SemiSupervised_V15/Train', 'continue_train': False, 'multi_gpu': True, 'training_label_num': 16, 'training_unlabel_num': 64, 'label_bs': 1, 'unlabel_bs': 4, 'consistency_weight': 0.3, 'pretrained_weights': None}
2025-07-05 02:15:52 - INFO - 使用 2 个GPU
2025-07-05 02:15:52 - INFO - 模型总参数: 124,981,108
2025-07-05 02:15:52 - INFO - 可训练参数: 124,981,108
2025-07-05 02:17:04 - INFO - Epoch 1/1000, Loss: 0.8824, Dice: 0.8717, MSE: 0.0356
2025-07-05 02:18:11 - INFO - Epoch 2/1000, Loss: 0.7214, Dice: 0.7053, MSE: 0.0534
2025-07-05 02:19:20 - INFO - Epoch 3/1000, Loss: 0.6314, Dice: 0.6100, MSE: 0.0714
2025-07-05 02:20:26 - INFO - Epoch 4/1000, Loss: 0.6124, Dice: 0.5907, MSE: 0.0723
2025-07-05 02:21:36 - INFO - Epoch 5/1000, Loss: 0.5474, Dice: 0.5257, MSE: 0.0725
2025-07-05 02:22:43 - INFO - Epoch 6/1000, Loss: 0.5325, Dice: 0.5108, MSE: 0.0723
2025-07-05 02:23:53 - INFO - Epoch 7/1000, Loss: 0.4742, Dice: 0.4536, MSE: 0.0687
2025-07-05 02:24:59 - INFO - Epoch 8/1000, Loss: 0.4988, Dice: 0.4787, MSE: 0.0670
2025-07-05 02:26:08 - INFO - Epoch 9/1000, Loss: 0.4719, Dice: 0.4497, MSE: 0.0741
2025-07-05 02:27:14 - INFO - Epoch 10/1000, Loss: 0.4559, Dice: 0.4323, MSE: 0.0786
2025-07-05 02:28:23 - INFO - Epoch 11/1000, Loss: 0.5121, Dice: 0.4890, MSE: 0.0770
2025-07-05 02:29:29 - INFO - Epoch 12/1000, Loss: 0.4024, Dice: 0.3790, MSE: 0.0780
2025-07-05 02:30:39 - INFO - Epoch 13/1000, Loss: 0.4256, Dice: 0.4013, MSE: 0.0812
2025-07-05 02:31:45 - INFO - Epoch 14/1000, Loss: 0.3797, Dice: 0.3530, MSE: 0.0890
2025-07-05 02:32:54 - INFO - Epoch 15/1000, Loss: 0.4049, Dice: 0.3674, MSE: 0.1247
2025-07-05 02:34:01 - INFO - Epoch 16/1000, Loss: 0.4538, Dice: 0.4141, MSE: 0.1325
2025-07-05 02:35:09 - INFO - Epoch 17/1000, Loss: 0.4341, Dice: 0.3936, MSE: 0.1353
2025-07-05 02:36:16 - INFO - Epoch 18/1000, Loss: 0.4170, Dice: 0.3807, MSE: 0.1209
2025-07-05 02:37:25 - INFO - Epoch 19/1000, Loss: 0.3833, Dice: 0.3502, MSE: 0.1105
2025-07-05 02:38:17 - INFO - Epoch 20/1000, Loss: 0.3261, Dice: 0.2918, MSE: 0.1142
2025-07-05 02:38:19 - INFO - 模型已保存至: epoch_20.pth
2025-07-05 02:38:55 - INFO - Epoch 21/1000, Loss: 0.3833, Dice: 0.3495, MSE: 0.1127
2025-07-05 02:39:31 - INFO - Epoch 22/1000, Loss: 0.3938, Dice: 0.3565, MSE: 0.1243
2025-07-05 02:40:06 - INFO - Epoch 23/1000, Loss: 0.3552, Dice: 0.3182, MSE: 0.1233
2025-07-05 02:40:42 - INFO - Epoch 24/1000, Loss: 0.3434, Dice: 0.3099, MSE: 0.1117
2025-07-05 02:41:18 - INFO - Epoch 25/1000, Loss: 0.3618, Dice: 0.3267, MSE: 0.1169
2025-07-05 02:41:54 - INFO - Epoch 26/1000, Loss: 0.3875, Dice: 0.3550, MSE: 0.1083
2025-07-05 02:42:29 - INFO - Epoch 27/1000, Loss: 0.3587, Dice: 0.3250, MSE: 0.1122
2025-07-05 02:43:05 - INFO - Epoch 28/1000, Loss: 0.3412, Dice: 0.3105, MSE: 0.1023
2025-07-05 02:43:40 - INFO - Epoch 29/1000, Loss: 0.3675, Dice: 0.3356, MSE: 0.1063
2025-07-05 02:44:16 - INFO - Epoch 30/1000, Loss: 0.3532, Dice: 0.3209, MSE: 0.1078
2025-07-05 02:44:52 - INFO - Epoch 31/1000, Loss: 0.3786, Dice: 0.3470, MSE: 0.1055
2025-07-05 02:45:27 - INFO - Epoch 32/1000, Loss: 0.3523, Dice: 0.3196, MSE: 0.1088
2025-07-05 02:46:03 - INFO - Epoch 33/1000, Loss: 0.3705, Dice: 0.3373, MSE: 0.1105
2025-07-05 02:46:38 - INFO - Epoch 34/1000, Loss: 0.3375, Dice: 0.3037, MSE: 0.1128
2025-07-05 02:47:14 - INFO - Epoch 35/1000, Loss: 0.3592, Dice: 0.3256, MSE: 0.1119
2025-07-05 02:47:49 - INFO - Epoch 36/1000, Loss: 0.3386, Dice: 0.3084, MSE: 0.1005
2025-07-05 02:48:25 - INFO - Epoch 37/1000, Loss: 0.2714, Dice: 0.2395, MSE: 0.1062
2025-07-05 02:49:00 - INFO - Epoch 38/1000, Loss: 0.2694, Dice: 0.2368, MSE: 0.1087
2025-07-05 02:49:36 - INFO - Epoch 39/1000, Loss: 0.3092, Dice: 0.2765, MSE: 0.1092
2025-07-05 02:50:11 - INFO - Epoch 40/1000, Loss: 0.3038, Dice: 0.2734, MSE: 0.1015
2025-07-05 02:50:13 - INFO - 模型已保存至: epoch_40.pth
2025-07-05 02:50:48 - INFO - Epoch 41/1000, Loss: 0.2871, Dice: 0.2515, MSE: 0.1189
2025-07-05 02:51:24 - INFO - Epoch 42/1000, Loss: 0.2677, Dice: 0.2334, MSE: 0.1141
2025-07-05 02:51:59 - INFO - Epoch 43/1000, Loss: 0.2649, Dice: 0.2342, MSE: 0.1024
2025-07-05 02:52:35 - INFO - Epoch 44/1000, Loss: 0.2877, Dice: 0.2552, MSE: 0.1082
2025-07-05 02:53:10 - INFO - Epoch 45/1000, Loss: 0.2657, Dice: 0.2331, MSE: 0.1088
2025-07-05 02:53:45 - INFO - Epoch 46/1000, Loss: 0.2470, Dice: 0.2146, MSE: 0.1080
2025-07-05 02:54:21 - INFO - Epoch 47/1000, Loss: 0.2603, Dice: 0.2295, MSE: 0.1025
2025-07-05 02:54:56 - INFO - Epoch 48/1000, Loss: 0.2620, Dice: 0.2277, MSE: 0.1146
2025-07-05 02:55:31 - INFO - Epoch 49/1000, Loss: 0.2392, Dice: 0.2072, MSE: 0.1066
2025-07-05 02:56:07 - INFO - Epoch 50/1000, Loss: 0.2768, Dice: 0.2443, MSE: 0.1084
2025-07-05 02:56:42 - INFO - Epoch 51/1000, Loss: 0.3274, Dice: 0.2944, MSE: 0.1098
2025-07-05 02:57:18 - INFO - Epoch 52/1000, Loss: 0.2634, Dice: 0.2317, MSE: 0.1057
2025-07-05 02:57:53 - INFO - Epoch 53/1000, Loss: 0.2916, Dice: 0.2578, MSE: 0.1128
2025-07-05 02:58:29 - INFO - Epoch 54/1000, Loss: 0.3154, Dice: 0.2827, MSE: 0.1089
2025-07-05 02:59:04 - INFO - Epoch 55/1000, Loss: 0.2909, Dice: 0.2599, MSE: 0.1032
2025-07-05 02:59:39 - INFO - Epoch 56/1000, Loss: 0.2457, Dice: 0.2121, MSE: 0.1120
2025-07-05 03:00:15 - INFO - Epoch 57/1000, Loss: 0.2469, Dice: 0.2127, MSE: 0.1141
2025-07-05 03:00:50 - INFO - Epoch 58/1000, Loss: 0.2408, Dice: 0.2088, MSE: 0.1066
2025-07-05 03:01:26 - INFO - Epoch 59/1000, Loss: 0.2401, Dice: 0.2078, MSE: 0.1078
2025-07-05 03:02:01 - INFO - Epoch 60/1000, Loss: 0.2298, Dice: 0.1986, MSE: 0.1041
2025-07-05 03:02:03 - INFO - 模型已保存至: epoch_60.pth
2025-07-05 03:02:38 - INFO - Epoch 61/1000, Loss: 0.2208, Dice: 0.1879, MSE: 0.1095
2025-07-05 03:03:14 - INFO - Epoch 62/1000, Loss: 0.2377, Dice: 0.2033, MSE: 0.1147
2025-07-05 03:03:49 - INFO - Epoch 63/1000, Loss: 0.2786, Dice: 0.2473, MSE: 0.1046
2025-07-05 03:04:25 - INFO - Epoch 64/1000, Loss: 0.2711, Dice: 0.2399, MSE: 0.1037
2025-07-05 03:05:00 - INFO - Epoch 65/1000, Loss: 0.2309, Dice: 0.1938, MSE: 0.1240
2025-07-05 03:05:35 - INFO - Epoch 66/1000, Loss: 0.2517, Dice: 0.2203, MSE: 0.1049
2025-07-05 03:06:11 - INFO - Epoch 67/1000, Loss: 0.2502, Dice: 0.2291, MSE: 0.0705
2025-07-05 03:06:46 - INFO - Epoch 68/1000, Loss: 0.2438, Dice: 0.2242, MSE: 0.0652
2025-07-05 03:07:21 - INFO - Epoch 69/1000, Loss: 0.2352, Dice: 0.2158, MSE: 0.0645
2025-07-05 03:07:57 - INFO - Epoch 70/1000, Loss: 0.2697, Dice: 0.2508, MSE: 0.0627
2025-07-05 03:08:32 - INFO - Epoch 71/1000, Loss: 0.2745, Dice: 0.2573, MSE: 0.0571
2025-07-05 03:09:08 - INFO - Epoch 72/1000, Loss: 0.2008, Dice: 0.1843, MSE: 0.0550
2025-07-05 03:09:43 - INFO - Epoch 73/1000, Loss: 0.2772, Dice: 0.2614, MSE: 0.0527
2025-07-05 03:10:18 - INFO - Epoch 74/1000, Loss: 0.2743, Dice: 0.2603, MSE: 0.0467
2025-07-05 03:10:54 - INFO - Epoch 75/1000, Loss: 0.2364, Dice: 0.2215, MSE: 0.0495
2025-07-05 03:11:29 - INFO - Epoch 76/1000, Loss: 0.2181, Dice: 0.2028, MSE: 0.0509
2025-07-05 03:12:04 - INFO - Epoch 77/1000, Loss: 0.1926, Dice: 0.1785, MSE: 0.0469
2025-07-05 03:12:40 - INFO - Epoch 78/1000, Loss: 0.2180, Dice: 0.2025, MSE: 0.0517
2025-07-05 03:13:15 - INFO - Epoch 79/1000, Loss: 0.1875, Dice: 0.1712, MSE: 0.0545
2025-07-05 03:13:50 - INFO - Epoch 80/1000, Loss: 0.2175, Dice: 0.2028, MSE: 0.0490
2025-07-05 03:13:52 - INFO - 模型已保存至: epoch_80.pth
2025-07-05 03:14:27 - INFO - Epoch 81/1000, Loss: 0.2435, Dice: 0.2272, MSE: 0.0541
2025-07-05 03:15:03 - INFO - Epoch 82/1000, Loss: 0.2665, Dice: 0.2535, MSE: 0.0432
2025-07-05 03:15:38 - INFO - Epoch 83/1000, Loss: 0.2121, Dice: 0.1989, MSE: 0.0440
2025-07-05 03:16:14 - INFO - Epoch 84/1000, Loss: 0.2019, Dice: 0.1880, MSE: 0.0465
2025-07-05 03:16:49 - INFO - Epoch 85/1000, Loss: 0.2487, Dice: 0.2363, MSE: 0.0413
2025-07-05 03:17:24 - INFO - Epoch 86/1000, Loss: 0.2240, Dice: 0.2106, MSE: 0.0445
2025-07-05 03:18:00 - INFO - Epoch 87/1000, Loss: 0.2286, Dice: 0.2157, MSE: 0.0429
2025-07-05 03:18:35 - INFO - Epoch 88/1000, Loss: 0.2755, Dice: 0.2627, MSE: 0.0429
2025-07-05 03:19:10 - INFO - Epoch 89/1000, Loss: 0.2139, Dice: 0.1993, MSE: 0.0487
2025-07-05 03:19:45 - INFO - Epoch 90/1000, Loss: 0.2556, Dice: 0.2421, MSE: 0.0453
2025-07-05 03:20:21 - INFO - Epoch 91/1000, Loss: 0.2685, Dice: 0.2521, MSE: 0.0546
2025-07-05 03:20:56 - INFO - Epoch 92/1000, Loss: 0.2659, Dice: 0.2546, MSE: 0.0376
2025-07-05 03:21:32 - INFO - Epoch 93/1000, Loss: 0.2195, Dice: 0.2085, MSE: 0.0369
2025-07-05 03:22:07 - INFO - Epoch 94/1000, Loss: 0.2029, Dice: 0.1907, MSE: 0.0404
2025-07-05 03:22:42 - INFO - Epoch 95/1000, Loss: 0.1755, Dice: 0.1618, MSE: 0.0457
2025-07-05 03:23:18 - INFO - Epoch 96/1000, Loss: 0.2195, Dice: 0.2042, MSE: 0.0510
2025-07-05 03:23:53 - INFO - Epoch 97/1000, Loss: 0.1980, Dice: 0.1846, MSE: 0.0446
2025-07-05 03:24:28 - INFO - Epoch 98/1000, Loss: 0.2157, Dice: 0.2034, MSE: 0.0411
2025-07-05 03:25:04 - INFO - Epoch 99/1000, Loss: 0.1997, Dice: 0.1876, MSE: 0.0403
2025-07-05 03:25:39 - INFO - Epoch 100/1000, Loss: 0.2220, Dice: 0.2090, MSE: 0.0432
2025-07-05 03:25:40 - INFO - 模型已保存至: epoch_100.pth
2025-07-05 03:26:16 - INFO - Epoch 101/1000, Loss: 0.2127, Dice: 0.1993, MSE: 0.0450
2025-07-05 03:26:51 - INFO - Epoch 102/1000, Loss: 0.1895, Dice: 0.1770, MSE: 0.0415
2025-07-05 03:27:27 - INFO - Epoch 103/1000, Loss: 0.2826, Dice: 0.2702, MSE: 0.0413
2025-07-05 03:28:02 - INFO - Epoch 104/1000, Loss: 0.2552, Dice: 0.2440, MSE: 0.0371
2025-07-05 03:28:37 - INFO - Epoch 105/1000, Loss: 0.2192, Dice: 0.2084, MSE: 0.0359
2025-07-05 03:29:13 - INFO - Epoch 106/1000, Loss: 0.2183, Dice: 0.2064, MSE: 0.0396
2025-07-05 03:29:48 - INFO - Epoch 107/1000, Loss: 0.2007, Dice: 0.1884, MSE: 0.0411
2025-07-05 03:30:24 - INFO - Epoch 108/1000, Loss: 0.1791, Dice: 0.1668, MSE: 0.0411
2025-07-05 03:30:59 - INFO - Epoch 109/1000, Loss: 0.2173, Dice: 0.2052, MSE: 0.0405
2025-07-05 03:31:34 - INFO - Epoch 110/1000, Loss: 0.1757, Dice: 0.1628, MSE: 0.0431
2025-07-05 03:32:10 - INFO - Epoch 111/1000, Loss: 0.1744, Dice: 0.1608, MSE: 0.0452
2025-07-05 03:32:45 - INFO - Epoch 112/1000, Loss: 0.1953, Dice: 0.1826, MSE: 0.0424
2025-07-05 03:33:20 - INFO - Epoch 113/1000, Loss: 0.1942, Dice: 0.1823, MSE: 0.0399
2025-07-05 03:33:56 - INFO - Epoch 114/1000, Loss: 0.2000, Dice: 0.1881, MSE: 0.0398
2025-07-05 03:34:31 - INFO - Epoch 115/1000, Loss: 0.1753, Dice: 0.1639, MSE: 0.0379
2025-07-05 03:35:07 - INFO - Epoch 116/1000, Loss: 0.1584, Dice: 0.1474, MSE: 0.0367
2025-07-05 03:35:42 - INFO - Epoch 117/1000, Loss: 0.1543, Dice: 0.1424, MSE: 0.0399
2025-07-05 03:36:17 - INFO - Epoch 118/1000, Loss: 0.1672, Dice: 0.1536, MSE: 0.0453
2025-07-05 03:36:53 - INFO - Epoch 119/1000, Loss: 0.1543, Dice: 0.1421, MSE: 0.0407
2025-07-05 03:37:28 - INFO - Epoch 120/1000, Loss: 0.1464, Dice: 0.1330, MSE: 0.0450
2025-07-05 03:37:30 - INFO - 模型已保存至: epoch_120.pth
2025-07-05 03:38:05 - INFO - Epoch 121/1000, Loss: 0.1817, Dice: 0.1685, MSE: 0.0441
2025-07-05 03:38:40 - INFO - Epoch 122/1000, Loss: 0.1444, Dice: 0.1319, MSE: 0.0415
2025-07-05 03:39:16 - INFO - Epoch 123/1000, Loss: 0.1614, Dice: 0.1495, MSE: 0.0397
2025-07-05 03:39:51 - INFO - Epoch 124/1000, Loss: 0.1772, Dice: 0.1643, MSE: 0.0429
2025-07-05 03:40:26 - INFO - Epoch 125/1000, Loss: 0.2413, Dice: 0.2291, MSE: 0.0407
2025-07-05 03:41:02 - INFO - Epoch 126/1000, Loss: 0.2291, Dice: 0.2156, MSE: 0.0452
2025-07-05 03:41:37 - INFO - Epoch 127/1000, Loss: 0.2684, Dice: 0.2584, MSE: 0.0333
2025-07-05 03:42:12 - INFO - Epoch 128/1000, Loss: 0.2099, Dice: 0.1990, MSE: 0.0364
2025-07-05 03:42:48 - INFO - Epoch 129/1000, Loss: 0.1965, Dice: 0.1846, MSE: 0.0396
2025-07-05 03:43:23 - INFO - Epoch 130/1000, Loss: 0.2048, Dice: 0.1937, MSE: 0.0369
2025-07-05 03:43:58 - INFO - Epoch 131/1000, Loss: 0.1701, Dice: 0.1592, MSE: 0.0364
2025-07-05 03:44:34 - INFO - Epoch 132/1000, Loss: 0.1891, Dice: 0.1777, MSE: 0.0377
2025-07-05 03:45:09 - INFO - Epoch 133/1000, Loss: 0.1709, Dice: 0.1569, MSE: 0.0468
2025-07-05 03:45:45 - INFO - Epoch 134/1000, Loss: 0.1892, Dice: 0.1770, MSE: 0.0408
2025-07-05 03:46:20 - INFO - Epoch 135/1000, Loss: 0.1682, Dice: 0.1568, MSE: 0.0380
2025-07-05 03:46:56 - INFO - Epoch 136/1000, Loss: 0.1534, Dice: 0.1407, MSE: 0.0424
2025-07-05 03:47:31 - INFO - Epoch 137/1000, Loss: 0.1810, Dice: 0.1685, MSE: 0.0415
2025-07-05 03:48:06 - INFO - Epoch 138/1000, Loss: 0.1695, Dice: 0.1572, MSE: 0.0409
2025-07-05 03:48:41 - INFO - Epoch 139/1000, Loss: 0.1551, Dice: 0.1435, MSE: 0.0385
2025-07-05 03:49:17 - INFO - Epoch 140/1000, Loss: 0.1784, Dice: 0.1651, MSE: 0.0445
2025-07-05 03:49:18 - INFO - 模型已保存至: epoch_140.pth
2025-07-05 03:49:54 - INFO - Epoch 141/1000, Loss: 0.1781, Dice: 0.1651, MSE: 0.0431
2025-07-05 03:50:29 - INFO - Epoch 142/1000, Loss: 0.1787, Dice: 0.1672, MSE: 0.0387
2025-07-05 03:51:04 - INFO - Epoch 143/1000, Loss: 0.1703, Dice: 0.1578, MSE: 0.0418
2025-07-05 03:51:39 - INFO - Epoch 144/1000, Loss: 0.1503, Dice: 0.1372, MSE: 0.0439
2025-07-05 03:52:14 - INFO - Epoch 145/1000, Loss: 0.1519, Dice: 0.1406, MSE: 0.0376
2025-07-05 03:52:50 - INFO - Epoch 146/1000, Loss: 0.1613, Dice: 0.1497, MSE: 0.0387
2025-07-05 03:53:25 - INFO - Epoch 147/1000, Loss: 0.1642, Dice: 0.1523, MSE: 0.0396
2025-07-05 03:54:01 - INFO - Epoch 148/1000, Loss: 0.1736, Dice: 0.1623, MSE: 0.0378
2025-07-05 03:54:36 - INFO - Epoch 149/1000, Loss: 0.1516, Dice: 0.1391, MSE: 0.0415
2025-07-05 03:55:11 - INFO - Epoch 150/1000, Loss: 0.1516, Dice: 0.1407, MSE: 0.0365
2025-07-05 03:55:47 - INFO - Epoch 151/1000, Loss: 0.1250, Dice: 0.1131, MSE: 0.0397
2025-07-05 03:56:22 - INFO - Epoch 152/1000, Loss: 0.1473, Dice: 0.1360, MSE: 0.0376
2025-07-05 03:56:57 - INFO - Epoch 153/1000, Loss: 0.1379, Dice: 0.1262, MSE: 0.0389
2025-07-05 03:57:32 - INFO - Epoch 154/1000, Loss: 0.1560, Dice: 0.1423, MSE: 0.0456
2025-07-05 03:58:08 - INFO - Epoch 155/1000, Loss: 0.2191, Dice: 0.2071, MSE: 0.0399
2025-07-05 03:58:43 - INFO - Epoch 156/1000, Loss: 0.2595, Dice: 0.2480, MSE: 0.0386
2025-07-05 03:59:18 - INFO - Epoch 157/1000, Loss: 0.1927, Dice: 0.1814, MSE: 0.0377
2025-07-05 03:59:53 - INFO - Epoch 158/1000, Loss: 0.1905, Dice: 0.1774, MSE: 0.0436
2025-07-05 04:00:29 - INFO - Epoch 159/1000, Loss: 0.1827, Dice: 0.1714, MSE: 0.0378
2025-07-05 04:01:04 - INFO - Epoch 160/1000, Loss: 0.1417, Dice: 0.1299, MSE: 0.0396
2025-07-05 04:01:06 - INFO - 模型已保存至: epoch_160.pth
2025-07-05 04:01:41 - INFO - Epoch 161/1000, Loss: 0.1750, Dice: 0.1619, MSE: 0.0436
2025-07-05 04:02:16 - INFO - Epoch 162/1000, Loss: 0.1676, Dice: 0.1557, MSE: 0.0398
2025-07-05 04:02:51 - INFO - Epoch 163/1000, Loss: 0.1543, Dice: 0.1424, MSE: 0.0399
2025-07-05 04:03:27 - INFO - Epoch 164/1000, Loss: 0.1428, Dice: 0.1307, MSE: 0.0403
2025-07-05 04:04:02 - INFO - Epoch 165/1000, Loss: 0.1591, Dice: 0.1481, MSE: 0.0365
2025-07-05 04:04:38 - INFO - Epoch 166/1000, Loss: 0.1494, Dice: 0.1385, MSE: 0.0363
2025-07-05 04:05:13 - INFO - Epoch 167/1000, Loss: 0.1649, Dice: 0.1523, MSE: 0.0418
2025-07-05 04:05:48 - INFO - Epoch 168/1000, Loss: 0.1770, Dice: 0.1659, MSE: 0.0368
2025-07-05 04:06:23 - INFO - Epoch 169/1000, Loss: 0.1819, Dice: 0.1696, MSE: 0.0410
2025-07-05 04:06:59 - INFO - Epoch 170/1000, Loss: 0.2046, Dice: 0.1927, MSE: 0.0396
2025-07-05 04:07:34 - INFO - Epoch 171/1000, Loss: 0.1789, Dice: 0.1673, MSE: 0.0386
2025-07-05 04:08:09 - INFO - Epoch 172/1000, Loss: 0.1484, Dice: 0.1369, MSE: 0.0382
2025-07-05 04:08:44 - INFO - Epoch 173/1000, Loss: 0.1493, Dice: 0.1377, MSE: 0.0387
2025-07-05 04:09:19 - INFO - Epoch 174/1000, Loss: 0.1198, Dice: 0.1089, MSE: 0.0364
2025-07-05 04:09:55 - INFO - Epoch 175/1000, Loss: 0.1430, Dice: 0.1320, MSE: 0.0368
2025-07-05 04:10:30 - INFO - Epoch 176/1000, Loss: 0.1432, Dice: 0.1318, MSE: 0.0382
2025-07-05 04:11:05 - INFO - Epoch 177/1000, Loss: 0.1572, Dice: 0.1467, MSE: 0.0349
2025-07-05 04:11:41 - INFO - Epoch 178/1000, Loss: 0.1608, Dice: 0.1480, MSE: 0.0429
2025-07-05 04:12:16 - INFO - Epoch 179/1000, Loss: 0.1275, Dice: 0.1156, MSE: 0.0395
2025-07-05 04:12:51 - INFO - Epoch 180/1000, Loss: 0.1263, Dice: 0.1155, MSE: 0.0361
2025-07-05 04:12:53 - INFO - 模型已保存至: epoch_180.pth
2025-07-05 04:13:28 - INFO - Epoch 181/1000, Loss: 0.1234, Dice: 0.1131, MSE: 0.0345
2025-07-05 04:14:03 - INFO - Epoch 182/1000, Loss: 0.1231, Dice: 0.1114, MSE: 0.0389
2025-07-05 04:14:38 - INFO - Epoch 183/1000, Loss: 0.1714, Dice: 0.1592, MSE: 0.0408
2025-07-05 04:15:14 - INFO - Epoch 184/1000, Loss: 0.1890, Dice: 0.1761, MSE: 0.0428
2025-07-05 04:15:49 - INFO - Epoch 185/1000, Loss: 0.1742, Dice: 0.1624, MSE: 0.0392
2025-07-05 04:16:24 - INFO - Epoch 186/1000, Loss: 0.1541, Dice: 0.1427, MSE: 0.0381
2025-07-05 04:17:00 - INFO - Epoch 187/1000, Loss: 0.1794, Dice: 0.1691, MSE: 0.0343
2025-07-05 04:17:35 - INFO - Epoch 188/1000, Loss: 0.1482, Dice: 0.1374, MSE: 0.0362
2025-07-05 04:18:10 - INFO - Epoch 189/1000, Loss: 0.1419, Dice: 0.1300, MSE: 0.0399
2025-07-05 04:18:45 - INFO - Epoch 190/1000, Loss: 0.1556, Dice: 0.1437, MSE: 0.0395
2025-07-05 04:19:20 - INFO - Epoch 191/1000, Loss: 0.1363, Dice: 0.1250, MSE: 0.0378
2025-07-05 04:19:56 - INFO - Epoch 192/1000, Loss: 0.1310, Dice: 0.1193, MSE: 0.0389
2025-07-05 04:20:31 - INFO - Epoch 193/1000, Loss: 0.1532, Dice: 0.1412, MSE: 0.0402
2025-07-05 04:21:06 - INFO - Epoch 194/1000, Loss: 0.1438, Dice: 0.1329, MSE: 0.0361
2025-07-05 04:21:41 - INFO - Epoch 195/1000, Loss: 0.1524, Dice: 0.1402, MSE: 0.0407
2025-07-05 04:22:17 - INFO - Epoch 196/1000, Loss: 0.1402, Dice: 0.1278, MSE: 0.0413
2025-07-05 04:22:52 - INFO - Epoch 197/1000, Loss: 0.1609, Dice: 0.1491, MSE: 0.0392
2025-07-05 04:23:27 - INFO - Epoch 198/1000, Loss: 0.1500, Dice: 0.1370, MSE: 0.0432
2025-07-05 04:24:03 - INFO - Epoch 199/1000, Loss: 0.1291, Dice: 0.1171, MSE: 0.0400
2025-07-05 04:24:38 - INFO - Epoch 200/1000, Loss: 0.1293, Dice: 0.1177, MSE: 0.0386
2025-07-05 04:24:40 - INFO - 模型已保存至: epoch_200.pth
2025-07-05 04:25:15 - INFO - Epoch 201/1000, Loss: 0.1564, Dice: 0.1446, MSE: 0.0393
2025-07-05 04:25:50 - INFO - Epoch 202/1000, Loss: 0.1208, Dice: 0.1091, MSE: 0.0392
2025-07-05 04:26:25 - INFO - Epoch 203/1000, Loss: 0.1332, Dice: 0.1201, MSE: 0.0437
2025-07-05 04:27:01 - INFO - Epoch 204/1000, Loss: 0.1272, Dice: 0.1162, MSE: 0.0365
2025-07-05 04:27:36 - INFO - Epoch 205/1000, Loss: 0.1453, Dice: 0.1328, MSE: 0.0417
2025-07-05 04:28:11 - INFO - Epoch 206/1000, Loss: 0.1332, Dice: 0.1211, MSE: 0.0402
2025-07-05 04:28:46 - INFO - Epoch 207/1000, Loss: 0.1417, Dice: 0.1300, MSE: 0.0392
2025-07-05 04:29:21 - INFO - Epoch 208/1000, Loss: 0.1172, Dice: 0.1055, MSE: 0.0390
2025-07-05 04:29:57 - INFO - Epoch 209/1000, Loss: 0.1315, Dice: 0.1209, MSE: 0.0355
2025-07-05 04:30:32 - INFO - Epoch 210/1000, Loss: 0.1188, Dice: 0.1063, MSE: 0.0417
2025-07-05 04:31:07 - INFO - Epoch 211/1000, Loss: 0.1149, Dice: 0.1034, MSE: 0.0382
2025-07-05 04:31:42 - INFO - Epoch 212/1000, Loss: 0.1231, Dice: 0.1110, MSE: 0.0404
2025-07-05 04:32:17 - INFO - Epoch 213/1000, Loss: 0.1566, Dice: 0.1432, MSE: 0.0446
2025-07-05 04:32:53 - INFO - Epoch 214/1000, Loss: 0.2057, Dice: 0.1929, MSE: 0.0425
2025-07-05 04:33:28 - INFO - Epoch 215/1000, Loss: 0.1667, Dice: 0.1563, MSE: 0.0349
2025-07-05 04:34:03 - INFO - Epoch 216/1000, Loss: 0.1617, Dice: 0.1511, MSE: 0.0354
2025-07-05 04:34:38 - INFO - Epoch 217/1000, Loss: 0.1358, Dice: 0.1232, MSE: 0.0420
2025-07-05 04:35:14 - INFO - Epoch 218/1000, Loss: 0.1581, Dice: 0.1475, MSE: 0.0352
2025-07-05 04:35:49 - INFO - Epoch 219/1000, Loss: 0.3197, Dice: 0.3071, MSE: 0.0421
2025-07-05 04:36:24 - INFO - Epoch 220/1000, Loss: 0.1944, Dice: 0.1851, MSE: 0.0310
2025-07-05 04:36:26 - INFO - 模型已保存至: epoch_220.pth
2025-07-05 04:37:01 - INFO - Epoch 221/1000, Loss: 0.1981, Dice: 0.1879, MSE: 0.0341
2025-07-05 04:37:36 - INFO - Epoch 222/1000, Loss: 0.1845, Dice: 0.1733, MSE: 0.0371
2025-07-05 04:38:11 - INFO - Epoch 223/1000, Loss: 0.1402, Dice: 0.1289, MSE: 0.0377
2025-07-05 04:38:47 - INFO - Epoch 224/1000, Loss: 0.1793, Dice: 0.1691, MSE: 0.0342
2025-07-05 04:39:22 - INFO - Epoch 225/1000, Loss: 0.1495, Dice: 0.1388, MSE: 0.0358
2025-07-05 04:39:57 - INFO - Epoch 226/1000, Loss: 0.1434, Dice: 0.1330, MSE: 0.0347
2025-07-05 04:40:33 - INFO - Epoch 227/1000, Loss: 0.1301, Dice: 0.1189, MSE: 0.0371
2025-07-05 04:41:08 - INFO - Epoch 228/1000, Loss: 0.1403, Dice: 0.1289, MSE: 0.0383
2025-07-05 04:41:43 - INFO - Epoch 229/1000, Loss: 0.1397, Dice: 0.1260, MSE: 0.0454
2025-07-05 04:42:18 - INFO - Epoch 230/1000, Loss: 0.1196, Dice: 0.1079, MSE: 0.0392
2025-07-05 04:42:54 - INFO - Epoch 231/1000, Loss: 0.1436, Dice: 0.1334, MSE: 0.0342
2025-07-05 04:43:29 - INFO - Epoch 232/1000, Loss: 0.1501, Dice: 0.1381, MSE: 0.0397
2025-07-05 04:44:04 - INFO - Epoch 233/1000, Loss: 0.1393, Dice: 0.1265, MSE: 0.0427
2025-07-05 04:44:39 - INFO - Epoch 234/1000, Loss: 0.1392, Dice: 0.1280, MSE: 0.0374
2025-07-05 04:45:15 - INFO - Epoch 235/1000, Loss: 0.1353, Dice: 0.1241, MSE: 0.0373
2025-07-05 04:45:50 - INFO - Epoch 236/1000, Loss: 0.2980, Dice: 0.2876, MSE: 0.0348
2025-07-05 04:46:25 - INFO - Epoch 237/1000, Loss: 0.2029, Dice: 0.1919, MSE: 0.0367
2025-07-05 04:47:00 - INFO - Epoch 238/1000, Loss: 0.1771, Dice: 0.1666, MSE: 0.0352
2025-07-05 04:47:36 - INFO - Epoch 239/1000, Loss: 0.1567, Dice: 0.1461, MSE: 0.0352
2025-07-05 04:48:11 - INFO - Epoch 240/1000, Loss: 0.1244, Dice: 0.1140, MSE: 0.0347
2025-07-05 04:48:12 - INFO - 模型已保存至: epoch_240.pth
2025-07-05 04:48:48 - INFO - Epoch 241/1000, Loss: 0.1418, Dice: 0.1307, MSE: 0.0368
2025-07-05 04:49:23 - INFO - Epoch 242/1000, Loss: 0.1410, Dice: 0.1294, MSE: 0.0387
2025-07-05 04:49:58 - INFO - Epoch 243/1000, Loss: 0.1300, Dice: 0.1197, MSE: 0.0346
2025-07-05 04:50:34 - INFO - Epoch 244/1000, Loss: 0.1304, Dice: 0.1185, MSE: 0.0397
2025-07-05 04:51:09 - INFO - Epoch 245/1000, Loss: 0.1252, Dice: 0.1138, MSE: 0.0379
2025-07-05 04:51:44 - INFO - Epoch 246/1000, Loss: 0.1071, Dice: 0.0951, MSE: 0.0400
2025-07-05 04:52:20 - INFO - Epoch 247/1000, Loss: 0.1611, Dice: 0.1490, MSE: 0.0404
2025-07-05 04:52:55 - INFO - Epoch 248/1000, Loss: 0.1525, Dice: 0.1413, MSE: 0.0374
2025-07-05 04:53:30 - INFO - Epoch 249/1000, Loss: 0.1344, Dice: 0.1239, MSE: 0.0349
2025-07-05 04:54:05 - INFO - Epoch 250/1000, Loss: 0.1551, Dice: 0.1450, MSE: 0.0337
2025-07-05 04:54:41 - INFO - Epoch 251/1000, Loss: 0.1504, Dice: 0.1379, MSE: 0.0418
2025-07-05 04:55:16 - INFO - Epoch 252/1000, Loss: 0.1605, Dice: 0.1489, MSE: 0.0389
2025-07-05 04:55:52 - INFO - Epoch 253/1000, Loss: 0.1229, Dice: 0.1101, MSE: 0.0427
2025-07-05 04:56:27 - INFO - Epoch 254/1000, Loss: 0.1182, Dice: 0.1073, MSE: 0.0363
2025-07-05 04:57:02 - INFO - Epoch 255/1000, Loss: 0.1211, Dice: 0.1105, MSE: 0.0355
2025-07-05 04:57:37 - INFO - Epoch 256/1000, Loss: 0.1214, Dice: 0.1097, MSE: 0.0390
2025-07-05 04:58:13 - INFO - Epoch 257/1000, Loss: 0.1076, Dice: 0.0959, MSE: 0.0390
2025-07-05 04:58:48 - INFO - Epoch 258/1000, Loss: 0.1197, Dice: 0.1077, MSE: 0.0399
2025-07-05 04:59:23 - INFO - Epoch 259/1000, Loss: 0.1409, Dice: 0.1293, MSE: 0.0386
2025-07-05 04:59:59 - INFO - Epoch 260/1000, Loss: 0.1267, Dice: 0.1157, MSE: 0.0367
2025-07-05 05:00:00 - INFO - 模型已保存至: epoch_260.pth
2025-07-05 05:00:36 - INFO - Epoch 261/1000, Loss: 0.1597, Dice: 0.1483, MSE: 0.0380
2025-07-05 05:01:11 - INFO - Epoch 262/1000, Loss: 0.1310, Dice: 0.1203, MSE: 0.0358
2025-07-05 05:01:46 - INFO - Epoch 263/1000, Loss: 0.1287, Dice: 0.1177, MSE: 0.0368
2025-07-05 05:02:21 - INFO - Epoch 264/1000, Loss: 0.1129, Dice: 0.1010, MSE: 0.0397
2025-07-05 05:02:57 - INFO - Epoch 265/1000, Loss: 0.1064, Dice: 0.0950, MSE: 0.0380
2025-07-05 05:03:32 - INFO - Epoch 266/1000, Loss: 0.1282, Dice: 0.1163, MSE: 0.0395
2025-07-05 05:04:07 - INFO - Epoch 267/1000, Loss: 0.1155, Dice: 0.1045, MSE: 0.0365
2025-07-05 05:04:42 - INFO - Epoch 268/1000, Loss: 0.1136, Dice: 0.1019, MSE: 0.0392
2025-07-05 05:05:17 - INFO - Epoch 269/1000, Loss: 0.1036, Dice: 0.0923, MSE: 0.0377
2025-07-05 05:05:53 - INFO - Epoch 270/1000, Loss: 0.1194, Dice: 0.1075, MSE: 0.0397
2025-07-05 05:06:28 - INFO - Epoch 271/1000, Loss: 0.1162, Dice: 0.1041, MSE: 0.0402
2025-07-05 05:07:03 - INFO - Epoch 272/1000, Loss: 0.1576, Dice: 0.1458, MSE: 0.0391
2025-07-05 05:07:38 - INFO - Epoch 273/1000, Loss: 0.1318, Dice: 0.1211, MSE: 0.0358
2025-07-05 05:08:13 - INFO - Epoch 274/1000, Loss: 0.1151, Dice: 0.1038, MSE: 0.0376
2025-07-05 05:08:48 - INFO - Epoch 275/1000, Loss: 0.2444, Dice: 0.2328, MSE: 0.0386
2025-07-05 05:09:23 - INFO - Epoch 276/1000, Loss: 0.1659, Dice: 0.1548, MSE: 0.0370
2025-07-05 05:09:59 - INFO - Epoch 277/1000, Loss: 0.1434, Dice: 0.1299, MSE: 0.0448
2025-07-05 05:10:34 - INFO - Epoch 278/1000, Loss: 0.1442, Dice: 0.1320, MSE: 0.0406
2025-07-05 05:11:09 - INFO - Epoch 279/1000, Loss: 0.1553, Dice: 0.1442, MSE: 0.0371
2025-07-05 05:11:44 - INFO - Epoch 280/1000, Loss: 0.1222, Dice: 0.1123, MSE: 0.0329
2025-07-05 05:11:46 - INFO - 模型已保存至: epoch_280.pth
2025-07-05 05:12:21 - INFO - Epoch 281/1000, Loss: 0.1220, Dice: 0.1103, MSE: 0.0389
2025-07-05 05:12:56 - INFO - Epoch 282/1000, Loss: 0.1227, Dice: 0.1106, MSE: 0.0404
2025-07-05 05:13:32 - INFO - Epoch 283/1000, Loss: 0.1305, Dice: 0.1192, MSE: 0.0377
2025-07-05 05:14:07 - INFO - Epoch 284/1000, Loss: 0.1153, Dice: 0.1046, MSE: 0.0359
2025-07-05 05:14:42 - INFO - Epoch 285/1000, Loss: 0.1179, Dice: 0.1080, MSE: 0.0331
2025-07-05 05:15:17 - INFO - Epoch 286/1000, Loss: 0.1238, Dice: 0.1128, MSE: 0.0366
2025-07-05 05:15:53 - INFO - Epoch 287/1000, Loss: 0.1224, Dice: 0.1097, MSE: 0.0423
2025-07-05 05:16:28 - INFO - Epoch 288/1000, Loss: 0.1109, Dice: 0.0999, MSE: 0.0366
2025-07-05 05:17:03 - INFO - Epoch 289/1000, Loss: 0.1176, Dice: 0.1066, MSE: 0.0367
2025-07-05 05:17:38 - INFO - Epoch 290/1000, Loss: 0.1310, Dice: 0.1201, MSE: 0.0364
2025-07-05 05:18:13 - INFO - Epoch 291/1000, Loss: 0.1225, Dice: 0.1111, MSE: 0.0379
2025-07-05 05:18:49 - INFO - Epoch 292/1000, Loss: 0.1754, Dice: 0.1636, MSE: 0.0393
2025-07-05 05:19:24 - INFO - Epoch 293/1000, Loss: 0.1255, Dice: 0.1144, MSE: 0.0372
2025-07-05 05:19:59 - INFO - Epoch 294/1000, Loss: 0.1278, Dice: 0.1163, MSE: 0.0385
2025-07-05 05:20:34 - INFO - Epoch 295/1000, Loss: 0.1215, Dice: 0.1105, MSE: 0.0366
2025-07-05 05:21:10 - INFO - Epoch 296/1000, Loss: 0.1176, Dice: 0.1064, MSE: 0.0375
2025-07-05 05:21:45 - INFO - Epoch 297/1000, Loss: 0.1310, Dice: 0.1195, MSE: 0.0381
2025-07-05 05:22:20 - INFO - Epoch 298/1000, Loss: 0.1029, Dice: 0.0924, MSE: 0.0350
2025-07-05 05:22:55 - INFO - Epoch 299/1000, Loss: 0.1080, Dice: 0.0969, MSE: 0.0372
2025-07-05 05:23:30 - INFO - Epoch 300/1000, Loss: 0.1625, Dice: 0.1503, MSE: 0.0404
2025-07-05 05:23:32 - INFO - 模型已保存至: epoch_300.pth
2025-07-05 05:24:07 - INFO - Epoch 301/1000, Loss: 0.1680, Dice: 0.1579, MSE: 0.0337
2025-07-05 05:24:42 - INFO - Epoch 302/1000, Loss: 0.1487, Dice: 0.1376, MSE: 0.0372
2025-07-05 05:25:17 - INFO - Epoch 303/1000, Loss: 0.1445, Dice: 0.1340, MSE: 0.0350
2025-07-05 05:25:52 - INFO - Epoch 304/1000, Loss: 0.1404, Dice: 0.1285, MSE: 0.0397
2025-07-05 05:26:28 - INFO - Epoch 305/1000, Loss: 0.1294, Dice: 0.1188, MSE: 0.0353
2025-07-05 05:27:03 - INFO - Epoch 306/1000, Loss: 0.1699, Dice: 0.1591, MSE: 0.0361
2025-07-05 05:27:38 - INFO - Epoch 307/1000, Loss: 0.2140, Dice: 0.2000, MSE: 0.0467
2025-07-05 05:28:13 - INFO - Epoch 308/1000, Loss: 0.1867, Dice: 0.1748, MSE: 0.0395
2025-07-05 05:28:49 - INFO - Epoch 309/1000, Loss: 0.1368, Dice: 0.1248, MSE: 0.0399
2025-07-05 05:29:24 - INFO - Epoch 310/1000, Loss: 0.1512, Dice: 0.1388, MSE: 0.0415
2025-07-05 05:29:59 - INFO - Epoch 311/1000, Loss: 0.2284, Dice: 0.2154, MSE: 0.0435
2025-07-05 05:30:34 - INFO - Epoch 312/1000, Loss: 0.1583, Dice: 0.1473, MSE: 0.0368
2025-07-05 05:31:09 - INFO - Epoch 313/1000, Loss: 0.1333, Dice: 0.1222, MSE: 0.0370
2025-07-05 05:31:44 - INFO - Epoch 314/1000, Loss: 0.1262, Dice: 0.1151, MSE: 0.0370
2025-07-05 05:32:20 - INFO - Epoch 315/1000, Loss: 0.1184, Dice: 0.1076, MSE: 0.0359
2025-07-05 05:32:55 - INFO - Epoch 316/1000, Loss: 0.1264, Dice: 0.1154, MSE: 0.0365
2025-07-05 05:33:30 - INFO - Epoch 317/1000, Loss: 0.1245, Dice: 0.1123, MSE: 0.0405
2025-07-05 05:34:05 - INFO - Epoch 318/1000, Loss: 0.1462, Dice: 0.1337, MSE: 0.0417
2025-07-05 05:34:40 - INFO - Epoch 319/1000, Loss: 0.1852, Dice: 0.1738, MSE: 0.0378
2025-07-05 05:35:15 - INFO - Epoch 320/1000, Loss: 0.1956, Dice: 0.1855, MSE: 0.0337
2025-07-05 05:35:17 - INFO - 模型已保存至: epoch_320.pth
2025-07-05 05:35:52 - INFO - Epoch 321/1000, Loss: 0.1932, Dice: 0.1813, MSE: 0.0398
2025-07-05 05:36:27 - INFO - Epoch 322/1000, Loss: 0.1595, Dice: 0.1493, MSE: 0.0339
2025-07-05 05:37:03 - INFO - Epoch 323/1000, Loss: 0.1374, Dice: 0.1260, MSE: 0.0381
2025-07-05 05:37:38 - INFO - Epoch 324/1000, Loss: 0.1105, Dice: 0.0984, MSE: 0.0405
2025-07-05 05:38:13 - INFO - Epoch 325/1000, Loss: 0.1192, Dice: 0.1075, MSE: 0.0390
2025-07-05 05:38:48 - INFO - Epoch 326/1000, Loss: 0.1221, Dice: 0.1101, MSE: 0.0399
2025-07-05 05:39:23 - INFO - Epoch 327/1000, Loss: 0.1261, Dice: 0.1141, MSE: 0.0400
2025-07-05 05:39:58 - INFO - Epoch 328/1000, Loss: 0.1299, Dice: 0.1178, MSE: 0.0405
2025-07-05 05:40:33 - INFO - Epoch 329/1000, Loss: 0.1149, Dice: 0.1040, MSE: 0.0364
2025-07-05 05:41:09 - INFO - Epoch 330/1000, Loss: 0.1044, Dice: 0.0935, MSE: 0.0362
2025-07-05 05:41:44 - INFO - Epoch 331/1000, Loss: 0.1092, Dice: 0.0986, MSE: 0.0352
2025-07-05 05:42:19 - INFO - Epoch 332/1000, Loss: 0.1009, Dice: 0.0890, MSE: 0.0398
2025-07-05 05:42:55 - INFO - Epoch 333/1000, Loss: 0.1030, Dice: 0.0914, MSE: 0.0387
2025-07-05 05:43:30 - INFO - Epoch 334/1000, Loss: 0.0987, Dice: 0.0872, MSE: 0.0384
2025-07-05 05:44:05 - INFO - Epoch 335/1000, Loss: 0.1077, Dice: 0.0954, MSE: 0.0412
2025-07-05 05:44:40 - INFO - Epoch 336/1000, Loss: 0.1337, Dice: 0.1230, MSE: 0.0355
2025-07-05 05:45:16 - INFO - Epoch 337/1000, Loss: 0.1030, Dice: 0.0922, MSE: 0.0362
2025-07-05 05:45:51 - INFO - Epoch 338/1000, Loss: 0.0945, Dice: 0.0829, MSE: 0.0386
2025-07-05 05:46:26 - INFO - Epoch 339/1000, Loss: 0.1082, Dice: 0.0958, MSE: 0.0413
2025-07-05 05:47:01 - INFO - Epoch 340/1000, Loss: 0.1082, Dice: 0.0966, MSE: 0.0386
2025-07-05 05:47:03 - INFO - 模型已保存至: epoch_340.pth
2025-07-05 05:47:38 - INFO - Epoch 341/1000, Loss: 0.1197, Dice: 0.1099, MSE: 0.0327
2025-07-05 05:48:13 - INFO - Epoch 342/1000, Loss: 0.1055, Dice: 0.0939, MSE: 0.0386
2025-07-05 05:48:48 - INFO - Epoch 343/1000, Loss: 0.1237, Dice: 0.1121, MSE: 0.0387
2025-07-05 05:49:23 - INFO - Epoch 344/1000, Loss: 0.1202, Dice: 0.1082, MSE: 0.0403
2025-07-05 05:49:58 - INFO - Epoch 345/1000, Loss: 0.1219, Dice: 0.1098, MSE: 0.0404
2025-07-05 05:50:34 - INFO - Epoch 346/1000, Loss: 0.1410, Dice: 0.1303, MSE: 0.0356
2025-07-05 05:51:09 - INFO - Epoch 347/1000, Loss: 0.1252, Dice: 0.1140, MSE: 0.0370
2025-07-05 05:51:44 - INFO - Epoch 348/1000, Loss: 0.1337, Dice: 0.1216, MSE: 0.0402
2025-07-05 05:52:20 - INFO - Epoch 349/1000, Loss: 0.1345, Dice: 0.1228, MSE: 0.0389
2025-07-05 05:52:55 - INFO - Epoch 350/1000, Loss: 0.1113, Dice: 0.0997, MSE: 0.0385
2025-07-05 05:53:30 - INFO - Epoch 351/1000, Loss: 0.1138, Dice: 0.1029, MSE: 0.0366
2025-07-05 05:54:06 - INFO - Epoch 352/1000, Loss: 0.1175, Dice: 0.1047, MSE: 0.0425
2025-07-05 05:54:41 - INFO - Epoch 353/1000, Loss: 0.1364, Dice: 0.1248, MSE: 0.0387
2025-07-05 05:55:16 - INFO - Epoch 354/1000, Loss: 0.1294, Dice: 0.1181, MSE: 0.0377
2025-07-05 05:55:51 - INFO - Epoch 355/1000, Loss: 0.1212, Dice: 0.1093, MSE: 0.0395
2025-07-05 05:56:26 - INFO - Epoch 356/1000, Loss: 0.1084, Dice: 0.0971, MSE: 0.0376
2025-07-05 05:57:01 - INFO - Epoch 357/1000, Loss: 0.1399, Dice: 0.1273, MSE: 0.0421
2025-07-05 05:57:36 - INFO - Epoch 358/1000, Loss: 0.3006, Dice: 0.2892, MSE: 0.0379
2025-07-05 05:58:11 - INFO - Epoch 359/1000, Loss: 0.2907, Dice: 0.2802, MSE: 0.0348
2025-07-05 05:58:47 - INFO - Epoch 360/1000, Loss: 0.2695, Dice: 0.2588, MSE: 0.0357
2025-07-05 05:58:48 - INFO - 模型已保存至: epoch_360.pth
2025-07-05 05:59:23 - INFO - Epoch 361/1000, Loss: 0.2048, Dice: 0.1956, MSE: 0.0307
2025-07-05 05:59:59 - INFO - Epoch 362/1000, Loss: 0.1568, Dice: 0.1448, MSE: 0.0401
2025-07-05 06:00:34 - INFO - Epoch 363/1000, Loss: 0.1634, Dice: 0.1513, MSE: 0.0402
2025-07-05 06:01:09 - INFO - Epoch 364/1000, Loss: 0.1649, Dice: 0.1520, MSE: 0.0428
2025-07-05 06:01:44 - INFO - Epoch 365/1000, Loss: 0.1999, Dice: 0.1887, MSE: 0.0376
2025-07-05 06:02:19 - INFO - Epoch 366/1000, Loss: 0.1906, Dice: 0.1783, MSE: 0.0411
2025-07-05 06:02:55 - INFO - Epoch 367/1000, Loss: 0.1391, Dice: 0.1281, MSE: 0.0365
2025-07-05 06:03:30 - INFO - Epoch 368/1000, Loss: 0.1594, Dice: 0.1480, MSE: 0.0381
2025-07-05 06:04:05 - INFO - Epoch 369/1000, Loss: 0.1844, Dice: 0.1715, MSE: 0.0428
2025-07-05 06:04:40 - INFO - Epoch 370/1000, Loss: 0.1686, Dice: 0.1568, MSE: 0.0392
2025-07-05 06:05:15 - INFO - Epoch 371/1000, Loss: 0.1340, Dice: 0.1231, MSE: 0.0362
2025-07-05 06:05:50 - INFO - Epoch 372/1000, Loss: 0.2190, Dice: 0.2075, MSE: 0.0383
2025-07-05 06:06:25 - INFO - Epoch 373/1000, Loss: 0.1838, Dice: 0.1711, MSE: 0.0424
2025-07-05 06:07:01 - INFO - Epoch 374/1000, Loss: 0.1464, Dice: 0.1352, MSE: 0.0371
2025-07-05 06:07:36 - INFO - Epoch 375/1000, Loss: 0.1382, Dice: 0.1267, MSE: 0.0383
2025-07-05 06:08:11 - INFO - Epoch 376/1000, Loss: 0.1737, Dice: 0.1630, MSE: 0.0355
2025-07-05 06:08:46 - INFO - Epoch 377/1000, Loss: 0.1305, Dice: 0.1202, MSE: 0.0343
2025-07-05 06:09:21 - INFO - Epoch 378/1000, Loss: 0.1271, Dice: 0.1162, MSE: 0.0366
2025-07-05 06:09:56 - INFO - Epoch 379/1000, Loss: 0.1312, Dice: 0.1205, MSE: 0.0358
2025-07-05 06:10:32 - INFO - Epoch 380/1000, Loss: 0.1201, Dice: 0.1077, MSE: 0.0415
2025-07-05 06:10:33 - INFO - 模型已保存至: epoch_380.pth
2025-07-05 06:11:08 - INFO - Epoch 381/1000, Loss: 0.1275, Dice: 0.1155, MSE: 0.0400
2025-07-05 06:11:44 - INFO - Epoch 382/1000, Loss: 0.1118, Dice: 0.1010, MSE: 0.0361
2025-07-05 06:12:19 - INFO - Epoch 383/1000, Loss: 0.1203, Dice: 0.1090, MSE: 0.0377
2025-07-05 06:12:54 - INFO - Epoch 384/1000, Loss: 0.1117, Dice: 0.1008, MSE: 0.0365
2025-07-05 06:13:29 - INFO - Epoch 385/1000, Loss: 0.1189, Dice: 0.1077, MSE: 0.0372
2025-07-05 06:14:04 - INFO - Epoch 386/1000, Loss: 0.1148, Dice: 0.1038, MSE: 0.0365
2025-07-05 06:14:40 - INFO - Epoch 387/1000, Loss: 0.1343, Dice: 0.1224, MSE: 0.0396
2025-07-05 06:15:15 - INFO - Epoch 388/1000, Loss: 0.1101, Dice: 0.0980, MSE: 0.0402
2025-07-05 06:15:50 - INFO - Epoch 389/1000, Loss: 0.1103, Dice: 0.0990, MSE: 0.0377
2025-07-05 06:16:25 - INFO - Epoch 390/1000, Loss: 0.1339, Dice: 0.1232, MSE: 0.0355
2025-07-05 06:17:00 - INFO - Epoch 391/1000, Loss: 0.1556, Dice: 0.1441, MSE: 0.0383
2025-07-05 06:17:35 - INFO - Epoch 392/1000, Loss: 0.1771, Dice: 0.1654, MSE: 0.0391
2025-07-05 06:18:10 - INFO - Epoch 393/1000, Loss: 0.1588, Dice: 0.1479, MSE: 0.0361
2025-07-05 06:18:45 - INFO - Epoch 394/1000, Loss: 0.1273, Dice: 0.1153, MSE: 0.0399
2025-07-05 06:19:21 - INFO - Epoch 395/1000, Loss: 0.1140, Dice: 0.1025, MSE: 0.0384
2025-07-05 06:19:56 - INFO - Epoch 396/1000, Loss: 0.1028, Dice: 0.0917, MSE: 0.0368
2025-07-05 06:20:31 - INFO - Epoch 397/1000, Loss: 0.1236, Dice: 0.1120, MSE: 0.0387
2025-07-05 06:21:06 - INFO - Epoch 398/1000, Loss: 0.1043, Dice: 0.0928, MSE: 0.0383
2025-07-05 06:21:41 - INFO - Epoch 399/1000, Loss: 0.1127, Dice: 0.1011, MSE: 0.0387
2025-07-05 06:22:16 - INFO - Epoch 400/1000, Loss: 0.1011, Dice: 0.0903, MSE: 0.0357
2025-07-05 06:22:18 - INFO - 模型已保存至: epoch_400.pth
2025-07-05 06:22:53 - INFO - Epoch 401/1000, Loss: 0.1043, Dice: 0.0933, MSE: 0.0366
2025-07-05 06:23:29 - INFO - Epoch 402/1000, Loss: 0.1104, Dice: 0.0989, MSE: 0.0383
2025-07-05 06:24:04 - INFO - Epoch 403/1000, Loss: 0.1030, Dice: 0.0918, MSE: 0.0373
2025-07-05 06:24:39 - INFO - Epoch 404/1000, Loss: 0.1005, Dice: 0.0894, MSE: 0.0370
2025-07-05 06:25:14 - INFO - Epoch 405/1000, Loss: 0.0923, Dice: 0.0811, MSE: 0.0371
2025-07-05 06:25:50 - INFO - Epoch 406/1000, Loss: 0.0961, Dice: 0.0847, MSE: 0.0381
2025-07-05 06:26:25 - INFO - Epoch 407/1000, Loss: 0.1113, Dice: 0.0996, MSE: 0.0389
2025-07-05 06:27:00 - INFO - Epoch 408/1000, Loss: 0.1536, Dice: 0.1428, MSE: 0.0361
2025-07-05 06:27:35 - INFO - Epoch 409/1000, Loss: 0.1666, Dice: 0.1547, MSE: 0.0394
2025-07-05 06:28:10 - INFO - Epoch 410/1000, Loss: 0.1515, Dice: 0.1403, MSE: 0.0373
2025-07-05 06:28:46 - INFO - Epoch 411/1000, Loss: 0.1278, Dice: 0.1154, MSE: 0.0415
2025-07-05 06:29:21 - INFO - Epoch 412/1000, Loss: 0.1640, Dice: 0.1502, MSE: 0.0461
2025-07-05 06:29:56 - INFO - Epoch 413/1000, Loss: 0.1669, Dice: 0.1555, MSE: 0.0381
2025-07-05 06:30:32 - INFO - Epoch 414/1000, Loss: 0.1389, Dice: 0.1282, MSE: 0.0357
2025-07-05 06:31:07 - INFO - Epoch 415/1000, Loss: 0.1342, Dice: 0.1229, MSE: 0.0375
2025-07-05 06:31:42 - INFO - Epoch 416/1000, Loss: 0.1132, Dice: 0.1025, MSE: 0.0359
2025-07-05 06:32:17 - INFO - Epoch 417/1000, Loss: 0.1012, Dice: 0.0886, MSE: 0.0420
2025-07-05 06:32:52 - INFO - Epoch 418/1000, Loss: 0.1304, Dice: 0.1187, MSE: 0.0392
2025-07-05 06:33:27 - INFO - Epoch 419/1000, Loss: 0.1246, Dice: 0.1118, MSE: 0.0427
2025-07-05 06:34:03 - INFO - Epoch 420/1000, Loss: 0.1352, Dice: 0.1242, MSE: 0.0369
2025-07-05 06:34:04 - INFO - 模型已保存至: epoch_420.pth
2025-07-05 06:34:39 - INFO - Epoch 421/1000, Loss: 0.1306, Dice: 0.1178, MSE: 0.0428
2025-07-05 06:35:14 - INFO - Epoch 422/1000, Loss: 0.1113, Dice: 0.1003, MSE: 0.0367
2025-07-05 06:35:50 - INFO - Epoch 423/1000, Loss: 0.1166, Dice: 0.1050, MSE: 0.0385
2025-07-05 06:36:25 - INFO - Epoch 424/1000, Loss: 0.1180, Dice: 0.1063, MSE: 0.0389
2025-07-05 06:37:00 - INFO - Epoch 425/1000, Loss: 0.1055, Dice: 0.0942, MSE: 0.0375
2025-07-05 06:37:35 - INFO - Epoch 426/1000, Loss: 0.0959, Dice: 0.0845, MSE: 0.0381
2025-07-05 06:38:11 - INFO - Epoch 427/1000, Loss: 0.1066, Dice: 0.0940, MSE: 0.0418
2025-07-05 06:38:46 - INFO - Epoch 428/1000, Loss: 0.1080, Dice: 0.0965, MSE: 0.0385
2025-07-05 06:39:21 - INFO - Epoch 429/1000, Loss: 0.0942, Dice: 0.0828, MSE: 0.0377
2025-07-05 06:39:56 - INFO - Epoch 430/1000, Loss: 0.1028, Dice: 0.0903, MSE: 0.0416
2025-07-05 06:40:31 - INFO - Epoch 431/1000, Loss: 0.0944, Dice: 0.0825, MSE: 0.0396
2025-07-05 06:41:06 - INFO - Epoch 432/1000, Loss: 0.1077, Dice: 0.0972, MSE: 0.0350
2025-07-05 06:41:42 - INFO - Epoch 433/1000, Loss: 0.1044, Dice: 0.0930, MSE: 0.0380
2025-07-05 06:42:17 - INFO - Epoch 434/1000, Loss: 0.0945, Dice: 0.0826, MSE: 0.0395
2025-07-05 06:42:52 - INFO - Epoch 435/1000, Loss: 0.0874, Dice: 0.0757, MSE: 0.0391
2025-07-05 06:43:27 - INFO - Epoch 436/1000, Loss: 0.0990, Dice: 0.0880, MSE: 0.0368
2025-07-05 06:44:02 - INFO - Epoch 437/1000, Loss: 0.0968, Dice: 0.0853, MSE: 0.0385
2025-07-05 06:44:37 - INFO - Epoch 438/1000, Loss: 0.0996, Dice: 0.0889, MSE: 0.0358
2025-07-05 06:45:13 - INFO - Epoch 439/1000, Loss: 0.0909, Dice: 0.0798, MSE: 0.0369
2025-07-05 06:45:48 - INFO - Epoch 440/1000, Loss: 0.0936, Dice: 0.0829, MSE: 0.0359
2025-07-05 06:45:49 - INFO - 模型已保存至: epoch_440.pth
2025-07-05 06:46:24 - INFO - Epoch 441/1000, Loss: 0.1097, Dice: 0.0975, MSE: 0.0409
2025-07-05 06:47:00 - INFO - Epoch 442/1000, Loss: 0.1046, Dice: 0.0942, MSE: 0.0346
2025-07-05 06:47:35 - INFO - Epoch 443/1000, Loss: 0.1020, Dice: 0.0909, MSE: 0.0371
2025-07-05 06:48:10 - INFO - Epoch 444/1000, Loss: 0.1311, Dice: 0.1197, MSE: 0.0378
2025-07-05 06:48:45 - INFO - Epoch 445/1000, Loss: 0.1333, Dice: 0.1195, MSE: 0.0458
2025-07-05 06:49:20 - INFO - Epoch 446/1000, Loss: 0.1233, Dice: 0.1112, MSE: 0.0404
2025-07-05 06:49:56 - INFO - Epoch 447/1000, Loss: 0.1047, Dice: 0.0935, MSE: 0.0376
2025-07-05 06:50:31 - INFO - Epoch 448/1000, Loss: 0.0924, Dice: 0.0811, MSE: 0.0378
2025-07-05 06:51:06 - INFO - Epoch 449/1000, Loss: 0.0996, Dice: 0.0881, MSE: 0.0383
2025-07-05 06:51:41 - INFO - Epoch 450/1000, Loss: 0.1233, Dice: 0.1119, MSE: 0.0379
2025-07-05 06:52:16 - INFO - Epoch 451/1000, Loss: 0.1593, Dice: 0.1465, MSE: 0.0425
2025-07-05 06:52:51 - INFO - Epoch 452/1000, Loss: 0.1322, Dice: 0.1211, MSE: 0.0369
2025-07-05 06:53:27 - INFO - Epoch 453/1000, Loss: 0.1277, Dice: 0.1157, MSE: 0.0399
2025-07-05 06:54:02 - INFO - Epoch 454/1000, Loss: 0.1322, Dice: 0.1200, MSE: 0.0405
2025-07-05 06:54:37 - INFO - Epoch 455/1000, Loss: 0.1516, Dice: 0.1385, MSE: 0.0439
2025-07-05 06:55:12 - INFO - Epoch 456/1000, Loss: 0.1249, Dice: 0.1126, MSE: 0.0409
2025-07-05 06:55:47 - INFO - Epoch 457/1000, Loss: 0.1324, Dice: 0.1203, MSE: 0.0405
2025-07-05 06:56:23 - INFO - Epoch 458/1000, Loss: 0.1089, Dice: 0.0968, MSE: 0.0403
2025-07-05 06:56:58 - INFO - Epoch 459/1000, Loss: 0.1063, Dice: 0.0947, MSE: 0.0385
2025-07-05 06:57:33 - INFO - Epoch 460/1000, Loss: 0.1123, Dice: 0.1009, MSE: 0.0382
2025-07-05 06:57:35 - INFO - 模型已保存至: epoch_460.pth
2025-07-05 06:58:10 - INFO - Epoch 461/1000, Loss: 0.1122, Dice: 0.1009, MSE: 0.0379
2025-07-05 06:58:45 - INFO - Epoch 462/1000, Loss: 0.1365, Dice: 0.1246, MSE: 0.0396
2025-07-05 06:59:20 - INFO - Epoch 463/1000, Loss: 0.1046, Dice: 0.0927, MSE: 0.0397
2025-07-05 06:59:55 - INFO - Epoch 464/1000, Loss: 0.1258, Dice: 0.1149, MSE: 0.0362
2025-07-05 07:00:30 - INFO - Epoch 465/1000, Loss: 0.1033, Dice: 0.0922, MSE: 0.0371
2025-07-05 07:01:06 - INFO - Epoch 466/1000, Loss: 0.1173, Dice: 0.1061, MSE: 0.0373
2025-07-05 07:01:41 - INFO - Epoch 467/1000, Loss: 0.1022, Dice: 0.0907, MSE: 0.0382
2025-07-05 07:02:16 - INFO - Epoch 468/1000, Loss: 0.1048, Dice: 0.0931, MSE: 0.0389
2025-07-05 07:02:51 - INFO - Epoch 469/1000, Loss: 0.1017, Dice: 0.0913, MSE: 0.0345
2025-07-05 07:03:26 - INFO - Epoch 470/1000, Loss: 0.1119, Dice: 0.1018, MSE: 0.0335
2025-07-05 07:04:02 - INFO - Epoch 471/1000, Loss: 0.1450, Dice: 0.1338, MSE: 0.0373
2025-07-05 07:04:37 - INFO - Epoch 472/1000, Loss: 0.1233, Dice: 0.1131, MSE: 0.0340
2025-07-05 07:05:12 - INFO - Epoch 473/1000, Loss: 0.1006, Dice: 0.0908, MSE: 0.0328
2025-07-05 07:05:47 - INFO - Epoch 474/1000, Loss: 0.0973, Dice: 0.0885, MSE: 0.0292
2025-07-05 07:06:22 - INFO - Epoch 475/1000, Loss: 0.1016, Dice: 0.0925, MSE: 0.0303
2025-07-05 07:06:57 - INFO - Epoch 476/1000, Loss: 0.0899, Dice: 0.0798, MSE: 0.0338
2025-07-05 07:07:33 - INFO - Epoch 477/1000, Loss: 0.0967, Dice: 0.0869, MSE: 0.0328
2025-07-05 07:08:08 - INFO - Epoch 478/1000, Loss: 0.1019, Dice: 0.0923, MSE: 0.0320
2025-07-05 07:08:43 - INFO - Epoch 479/1000, Loss: 0.1087, Dice: 0.0997, MSE: 0.0299
2025-07-05 07:09:18 - INFO - Epoch 480/1000, Loss: 0.1187, Dice: 0.1075, MSE: 0.0373
2025-07-05 07:09:20 - INFO - 模型已保存至: epoch_480.pth
2025-07-05 07:09:55 - INFO - Epoch 481/1000, Loss: 0.1092, Dice: 0.0987, MSE: 0.0351
2025-07-05 07:10:30 - INFO - Epoch 482/1000, Loss: 0.1409, Dice: 0.1293, MSE: 0.0388
2025-07-05 07:11:05 - INFO - Epoch 483/1000, Loss: 0.1434, Dice: 0.1327, MSE: 0.0358
2025-07-05 07:11:41 - INFO - Epoch 484/1000, Loss: 0.1097, Dice: 0.1001, MSE: 0.0318
2025-07-05 07:12:16 - INFO - Epoch 485/1000, Loss: 0.1071, Dice: 0.0966, MSE: 0.0352
2025-07-05 07:12:51 - INFO - Epoch 486/1000, Loss: 0.0985, Dice: 0.0887, MSE: 0.0326
2025-07-05 07:13:26 - INFO - Epoch 487/1000, Loss: 0.1208, Dice: 0.1117, MSE: 0.0302
2025-07-05 07:14:01 - INFO - Epoch 488/1000, Loss: 0.0952, Dice: 0.0865, MSE: 0.0290
2025-07-05 07:14:36 - INFO - Epoch 489/1000, Loss: 0.0947, Dice: 0.0856, MSE: 0.0303
2025-07-05 07:15:12 - INFO - Epoch 490/1000, Loss: 0.1089, Dice: 0.1004, MSE: 0.0283
2025-07-05 07:15:47 - INFO - Epoch 491/1000, Loss: 0.0938, Dice: 0.0850, MSE: 0.0295
2025-07-05 07:16:22 - INFO - Epoch 492/1000, Loss: 0.0989, Dice: 0.0897, MSE: 0.0306
2025-07-05 07:16:57 - INFO - Epoch 493/1000, Loss: 0.1043, Dice: 0.0949, MSE: 0.0312
2025-07-05 07:17:32 - INFO - Epoch 494/1000, Loss: 0.1031, Dice: 0.0941, MSE: 0.0300
2025-07-05 07:18:08 - INFO - Epoch 495/1000, Loss: 0.0915, Dice: 0.0825, MSE: 0.0298
2025-07-05 07:18:43 - INFO - Epoch 496/1000, Loss: 0.0991, Dice: 0.0893, MSE: 0.0326
2025-07-05 07:19:18 - INFO - Epoch 497/1000, Loss: 0.0953, Dice: 0.0862, MSE: 0.0306
2025-07-05 07:19:53 - INFO - Epoch 498/1000, Loss: 0.0883, Dice: 0.0783, MSE: 0.0332
2025-07-05 07:20:28 - INFO - Epoch 499/1000, Loss: 0.0929, Dice: 0.0833, MSE: 0.0318
2025-07-05 07:21:04 - INFO - Epoch 500/1000, Loss: 0.0895, Dice: 0.0798, MSE: 0.0325
2025-07-05 07:21:05 - INFO - 模型已保存至: epoch_500.pth
2025-07-05 07:21:40 - INFO - Epoch 501/1000, Loss: 0.1034, Dice: 0.0948, MSE: 0.0286
2025-07-05 07:22:16 - INFO - Epoch 502/1000, Loss: 0.0977, Dice: 0.0887, MSE: 0.0298
2025-07-05 07:22:51 - INFO - Epoch 503/1000, Loss: 0.0898, Dice: 0.0806, MSE: 0.0308
2025-07-05 07:23:26 - INFO - Epoch 504/1000, Loss: 0.0892, Dice: 0.0802, MSE: 0.0299
2025-07-05 07:24:01 - INFO - Epoch 505/1000, Loss: 0.0933, Dice: 0.0827, MSE: 0.0354
2025-07-05 07:24:36 - INFO - Epoch 506/1000, Loss: 0.1099, Dice: 0.1000, MSE: 0.0332
2025-07-05 07:25:11 - INFO - Epoch 507/1000, Loss: 0.0964, Dice: 0.0878, MSE: 0.0289
2025-07-05 07:25:47 - INFO - Epoch 508/1000, Loss: 0.0919, Dice: 0.0825, MSE: 0.0313
2025-07-05 07:26:22 - INFO - Epoch 509/1000, Loss: 0.0891, Dice: 0.0800, MSE: 0.0304
2025-07-05 07:26:57 - INFO - Epoch 510/1000, Loss: 0.0934, Dice: 0.0836, MSE: 0.0328
2025-07-05 07:27:32 - INFO - Epoch 511/1000, Loss: 0.0974, Dice: 0.0877, MSE: 0.0322
2025-07-05 07:28:07 - INFO - Epoch 512/1000, Loss: 0.0847, Dice: 0.0758, MSE: 0.0299
2025-07-05 07:28:42 - INFO - Epoch 513/1000, Loss: 0.0837, Dice: 0.0741, MSE: 0.0322
2025-07-05 07:29:17 - INFO - Epoch 514/1000, Loss: 0.0946, Dice: 0.0840, MSE: 0.0355
2025-07-05 07:29:53 - INFO - Epoch 515/1000, Loss: 0.0803, Dice: 0.0712, MSE: 0.0306
2025-07-05 07:30:28 - INFO - Epoch 516/1000, Loss: 0.0992, Dice: 0.0903, MSE: 0.0298
2025-07-05 07:31:03 - INFO - Epoch 517/1000, Loss: 0.0923, Dice: 0.0831, MSE: 0.0308
2025-07-05 07:31:38 - INFO - Epoch 518/1000, Loss: 0.0880, Dice: 0.0787, MSE: 0.0311
2025-07-05 07:32:13 - INFO - Epoch 519/1000, Loss: 0.0898, Dice: 0.0802, MSE: 0.0322
2025-07-05 07:32:48 - INFO - Epoch 520/1000, Loss: 0.0954, Dice: 0.0865, MSE: 0.0297
2025-07-05 07:32:50 - INFO - 模型已保存至: epoch_520.pth
2025-07-05 07:33:25 - INFO - Epoch 521/1000, Loss: 0.0882, Dice: 0.0786, MSE: 0.0319
2025-07-05 07:34:00 - INFO - Epoch 522/1000, Loss: 0.0942, Dice: 0.0849, MSE: 0.0311
2025-07-05 07:34:35 - INFO - Epoch 523/1000, Loss: 0.1094, Dice: 0.0995, MSE: 0.0327
2025-07-05 07:35:10 - INFO - Epoch 524/1000, Loss: 0.1137, Dice: 0.1044, MSE: 0.0311
2025-07-05 07:35:45 - INFO - Epoch 525/1000, Loss: 0.0961, Dice: 0.0878, MSE: 0.0277
2025-07-05 07:36:20 - INFO - Epoch 526/1000, Loss: 0.0988, Dice: 0.0892, MSE: 0.0322
2025-07-05 07:36:55 - INFO - Epoch 527/1000, Loss: 0.0891, Dice: 0.0801, MSE: 0.0302
2025-07-05 07:37:31 - INFO - Epoch 528/1000, Loss: 0.0806, Dice: 0.0709, MSE: 0.0325
2025-07-05 07:38:06 - INFO - Epoch 529/1000, Loss: 0.0851, Dice: 0.0755, MSE: 0.0320
2025-07-05 07:38:41 - INFO - Epoch 530/1000, Loss: 0.0857, Dice: 0.0756, MSE: 0.0337
2025-07-05 07:39:16 - INFO - Epoch 531/1000, Loss: 0.0813, Dice: 0.0720, MSE: 0.0310
2025-07-05 07:39:52 - INFO - Epoch 532/1000, Loss: 0.0881, Dice: 0.0781, MSE: 0.0331
2025-07-05 07:40:27 - INFO - Epoch 533/1000, Loss: 0.0874, Dice: 0.0780, MSE: 0.0315
2025-07-05 07:41:02 - INFO - Epoch 534/1000, Loss: 0.0852, Dice: 0.0755, MSE: 0.0324
2025-07-05 07:41:37 - INFO - Epoch 535/1000, Loss: 0.1603, Dice: 0.1505, MSE: 0.0324
2025-07-05 07:42:12 - INFO - Epoch 536/1000, Loss: 0.1928, Dice: 0.1823, MSE: 0.0351
2025-07-05 07:42:47 - INFO - Epoch 537/1000, Loss: 0.2247, Dice: 0.2133, MSE: 0.0379
2025-07-05 07:43:22 - INFO - Epoch 538/1000, Loss: 0.1895, Dice: 0.1789, MSE: 0.0351
2025-07-05 07:43:58 - INFO - Epoch 539/1000, Loss: 0.1651, Dice: 0.1545, MSE: 0.0355
2025-07-05 07:44:33 - INFO - Epoch 540/1000, Loss: 0.1522, Dice: 0.1413, MSE: 0.0361
2025-07-05 07:44:34 - INFO - 模型已保存至: epoch_540.pth
2025-07-05 07:45:10 - INFO - Epoch 541/1000, Loss: 0.1674, Dice: 0.1575, MSE: 0.0330
2025-07-05 07:45:45 - INFO - Epoch 542/1000, Loss: 0.1813, Dice: 0.1721, MSE: 0.0308
2025-07-05 07:46:20 - INFO - Epoch 543/1000, Loss: 0.1458, Dice: 0.1367, MSE: 0.0304
2025-07-05 07:46:55 - INFO - Epoch 544/1000, Loss: 0.1637, Dice: 0.1569, MSE: 0.0228
2025-07-05 07:47:30 - INFO - Epoch 545/1000, Loss: 0.1294, Dice: 0.1243, MSE: 0.0172
2025-07-05 07:48:05 - INFO - Epoch 546/1000, Loss: 0.1033, Dice: 0.0985, MSE: 0.0158
2025-07-05 07:48:40 - INFO - Epoch 547/1000, Loss: 0.1028, Dice: 0.0988, MSE: 0.0135
2025-07-05 07:49:15 - INFO - Epoch 548/1000, Loss: 0.0999, Dice: 0.0953, MSE: 0.0155
2025-07-05 07:49:51 - INFO - Epoch 549/1000, Loss: 0.1053, Dice: 0.1017, MSE: 0.0119
2025-07-05 07:50:26 - INFO - Epoch 550/1000, Loss: 0.1156, Dice: 0.1111, MSE: 0.0149
2025-07-05 07:51:01 - INFO - Epoch 551/1000, Loss: 0.1140, Dice: 0.1097, MSE: 0.0145
2025-07-05 07:51:36 - INFO - Epoch 552/1000, Loss: 0.1070, Dice: 0.1029, MSE: 0.0136
2025-07-05 07:52:11 - INFO - Epoch 553/1000, Loss: 0.0919, Dice: 0.0872, MSE: 0.0157
2025-07-05 07:52:46 - INFO - Epoch 554/1000, Loss: 0.1037, Dice: 0.0999, MSE: 0.0127
2025-07-05 07:53:21 - INFO - Epoch 555/1000, Loss: 0.0868, Dice: 0.0827, MSE: 0.0137
2025-07-05 07:53:57 - INFO - Epoch 556/1000, Loss: 0.0862, Dice: 0.0823, MSE: 0.0129
2025-07-05 07:54:32 - INFO - Epoch 557/1000, Loss: 0.0974, Dice: 0.0935, MSE: 0.0133
2025-07-05 07:55:07 - INFO - Epoch 558/1000, Loss: 0.1260, Dice: 0.1221, MSE: 0.0130
2025-07-05 07:55:42 - INFO - Epoch 559/1000, Loss: 0.1121, Dice: 0.1085, MSE: 0.0121
2025-07-05 07:56:17 - INFO - Epoch 560/1000, Loss: 0.0981, Dice: 0.0944, MSE: 0.0123
2025-07-05 07:56:19 - INFO - 模型已保存至: epoch_560.pth
2025-07-05 07:56:54 - INFO - Epoch 561/1000, Loss: 0.0984, Dice: 0.0943, MSE: 0.0136
2025-07-05 07:57:29 - INFO - Epoch 562/1000, Loss: 0.0954, Dice: 0.0911, MSE: 0.0144
2025-07-05 07:58:04 - INFO - Epoch 563/1000, Loss: 0.1178, Dice: 0.1129, MSE: 0.0162
2025-07-05 07:58:39 - INFO - Epoch 564/1000, Loss: 0.1385, Dice: 0.1332, MSE: 0.0179
2025-07-05 07:59:14 - INFO - Epoch 565/1000, Loss: 0.1123, Dice: 0.1081, MSE: 0.0143
2025-07-05 07:59:49 - INFO - Epoch 566/1000, Loss: 0.1198, Dice: 0.1152, MSE: 0.0152
2025-07-05 08:00:25 - INFO - Epoch 567/1000, Loss: 0.0942, Dice: 0.0909, MSE: 0.0113
2025-07-05 08:01:00 - INFO - Epoch 568/1000, Loss: 0.0933, Dice: 0.0902, MSE: 0.0103
2025-07-05 08:01:35 - INFO - Epoch 569/1000, Loss: 0.0845, Dice: 0.0813, MSE: 0.0108
2025-07-05 08:02:10 - INFO - Epoch 570/1000, Loss: 0.0875, Dice: 0.0840, MSE: 0.0116
2025-07-05 08:02:45 - INFO - Epoch 571/1000, Loss: 0.0776, Dice: 0.0743, MSE: 0.0111
2025-07-05 08:03:21 - INFO - Epoch 572/1000, Loss: 0.1105, Dice: 0.1069, MSE: 0.0122
2025-07-05 08:03:56 - INFO - Epoch 573/1000, Loss: 0.0857, Dice: 0.0822, MSE: 0.0118
2025-07-05 08:04:31 - INFO - Epoch 574/1000, Loss: 0.0894, Dice: 0.0860, MSE: 0.0112
2025-07-05 08:05:06 - INFO - Epoch 575/1000, Loss: 0.0954, Dice: 0.0920, MSE: 0.0115
2025-07-05 08:05:41 - INFO - Epoch 576/1000, Loss: 0.0854, Dice: 0.0822, MSE: 0.0106
2025-07-05 08:06:17 - INFO - Epoch 577/1000, Loss: 0.0763, Dice: 0.0728, MSE: 0.0116
2025-07-05 08:06:52 - INFO - Epoch 578/1000, Loss: 0.0819, Dice: 0.0787, MSE: 0.0108
2025-07-05 08:07:27 - INFO - Epoch 579/1000, Loss: 0.0828, Dice: 0.0793, MSE: 0.0116
2025-07-05 08:08:02 - INFO - Epoch 580/1000, Loss: 0.0777, Dice: 0.0743, MSE: 0.0114
2025-07-05 08:08:04 - INFO - 模型已保存至: epoch_580.pth
2025-07-05 08:08:39 - INFO - Epoch 581/1000, Loss: 0.0796, Dice: 0.0759, MSE: 0.0123
2025-07-05 08:09:15 - INFO - Epoch 582/1000, Loss: 0.0905, Dice: 0.0867, MSE: 0.0127
2025-07-05 08:09:50 - INFO - Epoch 583/1000, Loss: 0.0787, Dice: 0.0748, MSE: 0.0128
2025-07-05 08:10:25 - INFO - Epoch 584/1000, Loss: 0.0864, Dice: 0.0829, MSE: 0.0118
2025-07-05 08:11:01 - INFO - Epoch 585/1000, Loss: 0.1079, Dice: 0.1039, MSE: 0.0131
2025-07-05 08:11:36 - INFO - Epoch 586/1000, Loss: 0.1038, Dice: 0.0996, MSE: 0.0141
2025-07-05 08:12:11 - INFO - Epoch 587/1000, Loss: 0.0962, Dice: 0.0929, MSE: 0.0111
2025-07-05 08:12:46 - INFO - Epoch 588/1000, Loss: 0.0812, Dice: 0.0778, MSE: 0.0112
2025-07-05 08:13:21 - INFO - Epoch 589/1000, Loss: 0.0841, Dice: 0.0807, MSE: 0.0113
2025-07-05 08:13:57 - INFO - Epoch 590/1000, Loss: 0.0783, Dice: 0.0751, MSE: 0.0107
2025-07-05 08:14:32 - INFO - Epoch 591/1000, Loss: 0.0808, Dice: 0.0774, MSE: 0.0112
2025-07-05 08:15:08 - INFO - Epoch 592/1000, Loss: 0.1196, Dice: 0.1162, MSE: 0.0113
2025-07-05 08:15:43 - INFO - Epoch 593/1000, Loss: 0.1071, Dice: 0.1023, MSE: 0.0158
2025-07-05 08:16:18 - INFO - Epoch 594/1000, Loss: 0.0886, Dice: 0.0848, MSE: 0.0126
2025-07-05 08:16:54 - INFO - Epoch 595/1000, Loss: 0.1010, Dice: 0.0974, MSE: 0.0122
2025-07-05 08:17:29 - INFO - Epoch 596/1000, Loss: 0.0932, Dice: 0.0889, MSE: 0.0143
2025-07-05 08:18:04 - INFO - Epoch 597/1000, Loss: 0.0879, Dice: 0.0842, MSE: 0.0123
2025-07-05 08:18:39 - INFO - Epoch 598/1000, Loss: 0.0739, Dice: 0.0703, MSE: 0.0120
2025-07-05 08:19:15 - INFO - Epoch 599/1000, Loss: 0.0860, Dice: 0.0825, MSE: 0.0118
2025-07-05 08:19:50 - INFO - Epoch 600/1000, Loss: 0.0876, Dice: 0.0846, MSE: 0.0100
2025-07-05 08:19:52 - INFO - 模型已保存至: epoch_600.pth
2025-07-05 08:20:27 - INFO - Epoch 601/1000, Loss: 0.0921, Dice: 0.0887, MSE: 0.0112
2025-07-05 08:21:02 - INFO - Epoch 602/1000, Loss: 0.0894, Dice: 0.0864, MSE: 0.0099
2025-07-05 08:21:38 - INFO - Epoch 603/1000, Loss: 0.0745, Dice: 0.0705, MSE: 0.0133
2025-07-05 08:22:13 - INFO - Epoch 604/1000, Loss: 0.0863, Dice: 0.0826, MSE: 0.0121
2025-07-05 08:22:48 - INFO - Epoch 605/1000, Loss: 0.0769, Dice: 0.0737, MSE: 0.0105
2025-07-05 08:23:24 - INFO - Epoch 606/1000, Loss: 0.0903, Dice: 0.0869, MSE: 0.0115
2025-07-05 08:23:59 - INFO - Epoch 607/1000, Loss: 0.1114, Dice: 0.1082, MSE: 0.0105
2025-07-05 08:24:35 - INFO - Epoch 608/1000, Loss: 0.1741, Dice: 0.1704, MSE: 0.0126
2025-07-05 08:25:10 - INFO - Epoch 609/1000, Loss: 0.1312, Dice: 0.1271, MSE: 0.0136
2025-07-05 08:25:45 - INFO - Epoch 610/1000, Loss: 0.1462, Dice: 0.1416, MSE: 0.0153
2025-07-05 08:26:20 - INFO - Epoch 611/1000, Loss: 0.1030, Dice: 0.0983, MSE: 0.0158
2025-07-05 08:26:56 - INFO - Epoch 612/1000, Loss: 0.1202, Dice: 0.1153, MSE: 0.0163
2025-07-05 08:27:31 - INFO - Epoch 613/1000, Loss: 0.1492, Dice: 0.1450, MSE: 0.0142
2025-07-05 08:28:07 - INFO - Epoch 614/1000, Loss: 0.1061, Dice: 0.1020, MSE: 0.0136
2025-07-05 08:28:42 - INFO - Epoch 615/1000, Loss: 0.0937, Dice: 0.0898, MSE: 0.0130
2025-07-05 08:29:17 - INFO - Epoch 616/1000, Loss: 0.0952, Dice: 0.0916, MSE: 0.0119
2025-07-05 08:29:53 - INFO - Epoch 617/1000, Loss: 0.0849, Dice: 0.0812, MSE: 0.0123
2025-07-05 08:30:28 - INFO - Epoch 618/1000, Loss: 0.1111, Dice: 0.1077, MSE: 0.0113
2025-07-05 08:31:03 - INFO - Epoch 619/1000, Loss: 0.1014, Dice: 0.0976, MSE: 0.0126
2025-07-05 08:31:39 - INFO - Epoch 620/1000, Loss: 0.0955, Dice: 0.0924, MSE: 0.0104
2025-07-05 08:31:40 - INFO - 模型已保存至: epoch_620.pth
2025-07-05 08:32:16 - INFO - Epoch 621/1000, Loss: 0.0927, Dice: 0.0893, MSE: 0.0112
2025-07-05 08:32:51 - INFO - Epoch 622/1000, Loss: 0.0834, Dice: 0.0798, MSE: 0.0120
2025-07-05 08:33:27 - INFO - Epoch 623/1000, Loss: 0.0834, Dice: 0.0797, MSE: 0.0123
2025-07-05 08:34:02 - INFO - Epoch 624/1000, Loss: 0.0803, Dice: 0.0772, MSE: 0.0103
2025-07-05 08:34:37 - INFO - Epoch 625/1000, Loss: 0.0817, Dice: 0.0782, MSE: 0.0115
2025-07-05 08:35:13 - INFO - Epoch 626/1000, Loss: 0.0937, Dice: 0.0901, MSE: 0.0121
2025-07-05 08:35:48 - INFO - Epoch 627/1000, Loss: 0.1009, Dice: 0.0972, MSE: 0.0122
2025-07-05 08:36:23 - INFO - Epoch 628/1000, Loss: 0.0800, Dice: 0.0766, MSE: 0.0114
2025-07-05 08:36:59 - INFO - Epoch 629/1000, Loss: 0.0846, Dice: 0.0812, MSE: 0.0111
2025-07-05 08:37:34 - INFO - Epoch 630/1000, Loss: 0.0838, Dice: 0.0807, MSE: 0.0104
2025-07-05 08:38:10 - INFO - Epoch 631/1000, Loss: 0.0807, Dice: 0.0776, MSE: 0.0103
2025-07-05 08:38:45 - INFO - Epoch 632/1000, Loss: 0.0817, Dice: 0.0785, MSE: 0.0106
2025-07-05 08:39:20 - INFO - Epoch 633/1000, Loss: 0.0720, Dice: 0.0691, MSE: 0.0098
2025-07-05 08:39:56 - INFO - Epoch 634/1000, Loss: 0.0725, Dice: 0.0692, MSE: 0.0109
2025-07-05 08:40:31 - INFO - Epoch 635/1000, Loss: 0.0885, Dice: 0.0857, MSE: 0.0092
2025-07-05 08:41:06 - INFO - Epoch 636/1000, Loss: 0.0737, Dice: 0.0704, MSE: 0.0110
2025-07-05 08:41:42 - INFO - Epoch 637/1000, Loss: 0.0827, Dice: 0.0793, MSE: 0.0114
2025-07-05 08:42:17 - INFO - Epoch 638/1000, Loss: 0.0846, Dice: 0.0813, MSE: 0.0111
2025-07-05 08:42:52 - INFO - Epoch 639/1000, Loss: 0.0825, Dice: 0.0792, MSE: 0.0108
2025-07-05 08:43:28 - INFO - Epoch 640/1000, Loss: 0.0768, Dice: 0.0736, MSE: 0.0106
2025-07-05 08:43:29 - INFO - 模型已保存至: epoch_640.pth
2025-07-05 08:44:05 - INFO - Epoch 641/1000, Loss: 0.0742, Dice: 0.0710, MSE: 0.0107
2025-07-05 08:44:40 - INFO - Epoch 642/1000, Loss: 0.0782, Dice: 0.0750, MSE: 0.0108
2025-07-05 08:45:15 - INFO - Epoch 643/1000, Loss: 0.0806, Dice: 0.0771, MSE: 0.0116
2025-07-05 08:45:51 - INFO - Epoch 644/1000, Loss: 0.0814, Dice: 0.0778, MSE: 0.0118
2025-07-05 08:46:26 - INFO - Epoch 645/1000, Loss: 0.0836, Dice: 0.0801, MSE: 0.0117
2025-07-05 08:47:02 - INFO - Epoch 646/1000, Loss: 0.0887, Dice: 0.0851, MSE: 0.0121
2025-07-05 08:47:37 - INFO - Epoch 647/1000, Loss: 0.0787, Dice: 0.0755, MSE: 0.0109
2025-07-05 08:48:13 - INFO - Epoch 648/1000, Loss: 0.0903, Dice: 0.0863, MSE: 0.0135
2025-07-05 08:48:48 - INFO - Epoch 649/1000, Loss: 0.1460, Dice: 0.1410, MSE: 0.0168
2025-07-05 08:49:24 - INFO - Epoch 650/1000, Loss: 0.1560, Dice: 0.1510, MSE: 0.0167
2025-07-05 08:49:59 - INFO - Epoch 651/1000, Loss: 0.1383, Dice: 0.1332, MSE: 0.0168
2025-07-05 08:50:34 - INFO - Epoch 652/1000, Loss: 0.1982, Dice: 0.1929, MSE: 0.0178
2025-07-05 08:51:10 - INFO - Epoch 653/1000, Loss: 0.1337, Dice: 0.1294, MSE: 0.0143
2025-07-05 08:51:45 - INFO - Epoch 654/1000, Loss: 0.0968, Dice: 0.0920, MSE: 0.0161
2025-07-05 08:52:20 - INFO - Epoch 655/1000, Loss: 0.1195, Dice: 0.1158, MSE: 0.0122
2025-07-05 08:52:56 - INFO - Epoch 656/1000, Loss: 0.0942, Dice: 0.0897, MSE: 0.0149
2025-07-05 08:53:31 - INFO - Epoch 657/1000, Loss: 0.1147, Dice: 0.1110, MSE: 0.0126
2025-07-05 08:54:07 - INFO - Epoch 658/1000, Loss: 0.0916, Dice: 0.0878, MSE: 0.0127
2025-07-05 08:54:42 - INFO - Epoch 659/1000, Loss: 0.0934, Dice: 0.0898, MSE: 0.0119
2025-07-05 08:55:17 - INFO - Epoch 660/1000, Loss: 0.0906, Dice: 0.0870, MSE: 0.0120
2025-07-05 08:55:19 - INFO - 模型已保存至: epoch_660.pth
2025-07-05 08:55:54 - INFO - Epoch 661/1000, Loss: 0.2470, Dice: 0.2425, MSE: 0.0149
2025-07-05 08:56:29 - INFO - Epoch 662/1000, Loss: 0.1691, Dice: 0.1646, MSE: 0.0150
2025-07-05 08:57:05 - INFO - Epoch 663/1000, Loss: 0.1272, Dice: 0.1208, MSE: 0.0213
2025-07-05 08:57:40 - INFO - Epoch 664/1000, Loss: 0.1070, Dice: 0.1016, MSE: 0.0178
2025-07-05 08:58:16 - INFO - Epoch 665/1000, Loss: 0.0961, Dice: 0.0919, MSE: 0.0139
2025-07-05 08:58:51 - INFO - Epoch 666/1000, Loss: 0.0947, Dice: 0.0912, MSE: 0.0116
2025-07-05 08:59:26 - INFO - Epoch 667/1000, Loss: 0.0881, Dice: 0.0846, MSE: 0.0116
2025-07-05 09:00:02 - INFO - Epoch 668/1000, Loss: 0.0941, Dice: 0.0903, MSE: 0.0126
2025-07-05 09:00:37 - INFO - Epoch 669/1000, Loss: 0.0846, Dice: 0.0810, MSE: 0.0122
2025-07-05 09:01:13 - INFO - Epoch 670/1000, Loss: 0.0928, Dice: 0.0892, MSE: 0.0119
2025-07-05 09:01:48 - INFO - Epoch 671/1000, Loss: 0.1024, Dice: 0.0990, MSE: 0.0113
2025-07-05 09:02:24 - INFO - Epoch 672/1000, Loss: 0.0848, Dice: 0.0809, MSE: 0.0128
2025-07-05 09:02:59 - INFO - Epoch 673/1000, Loss: 0.0959, Dice: 0.0921, MSE: 0.0127
2025-07-05 09:03:34 - INFO - Epoch 674/1000, Loss: 0.0926, Dice: 0.0893, MSE: 0.0111
2025-07-05 09:04:10 - INFO - Epoch 675/1000, Loss: 0.0846, Dice: 0.0816, MSE: 0.0100
2025-07-05 09:04:45 - INFO - Epoch 676/1000, Loss: 0.0744, Dice: 0.0714, MSE: 0.0099
2025-07-05 09:05:21 - INFO - Epoch 677/1000, Loss: 0.0854, Dice: 0.0823, MSE: 0.0101
2025-07-05 09:05:56 - INFO - Epoch 678/1000, Loss: 0.0759, Dice: 0.0727, MSE: 0.0107
2025-07-05 09:06:31 - INFO - Epoch 679/1000, Loss: 0.0839, Dice: 0.0807, MSE: 0.0107
2025-07-05 09:07:07 - INFO - Epoch 680/1000, Loss: 0.0805, Dice: 0.0772, MSE: 0.0110
2025-07-05 09:07:08 - INFO - 模型已保存至: epoch_680.pth
2025-07-05 09:07:44 - INFO - Epoch 681/1000, Loss: 0.0908, Dice: 0.0874, MSE: 0.0111
2025-07-05 09:08:19 - INFO - Epoch 682/1000, Loss: 0.0784, Dice: 0.0750, MSE: 0.0111
2025-07-05 09:08:55 - INFO - Epoch 683/1000, Loss: 0.0915, Dice: 0.0882, MSE: 0.0109
2025-07-05 09:09:30 - INFO - Epoch 684/1000, Loss: 0.0773, Dice: 0.0742, MSE: 0.0103
2025-07-05 09:10:06 - INFO - Epoch 685/1000, Loss: 0.0814, Dice: 0.0782, MSE: 0.0105
2025-07-05 09:10:41 - INFO - Epoch 686/1000, Loss: 0.0798, Dice: 0.0768, MSE: 0.0100
2025-07-05 09:11:17 - INFO - Epoch 687/1000, Loss: 0.0868, Dice: 0.0834, MSE: 0.0114
2025-07-05 09:11:52 - INFO - Epoch 688/1000, Loss: 0.1246, Dice: 0.1207, MSE: 0.0131
2025-07-05 09:12:28 - INFO - Epoch 689/1000, Loss: 0.1189, Dice: 0.1153, MSE: 0.0121
2025-07-05 09:13:03 - INFO - Epoch 690/1000, Loss: 0.1286, Dice: 0.1240, MSE: 0.0151
2025-07-05 09:13:38 - INFO - Epoch 691/1000, Loss: 0.1046, Dice: 0.0999, MSE: 0.0158
2025-07-05 09:14:14 - INFO - Epoch 692/1000, Loss: 0.1013, Dice: 0.0972, MSE: 0.0135
2025-07-05 09:14:49 - INFO - Epoch 693/1000, Loss: 0.0988, Dice: 0.0957, MSE: 0.0105
2025-07-05 09:15:25 - INFO - Epoch 694/1000, Loss: 0.0879, Dice: 0.0845, MSE: 0.0115
2025-07-05 09:16:00 - INFO - Epoch 695/1000, Loss: 0.0909, Dice: 0.0870, MSE: 0.0130
2025-07-05 09:16:36 - INFO - Epoch 696/1000, Loss: 0.0923, Dice: 0.0882, MSE: 0.0135
2025-07-05 09:17:11 - INFO - Epoch 697/1000, Loss: 0.0981, Dice: 0.0934, MSE: 0.0158
2025-07-05 09:17:46 - INFO - Epoch 698/1000, Loss: 0.1784, Dice: 0.1734, MSE: 0.0164
2025-07-05 09:18:22 - INFO - Epoch 699/1000, Loss: 0.1437, Dice: 0.1388, MSE: 0.0166
2025-07-05 09:18:57 - INFO - Epoch 700/1000, Loss: 0.1258, Dice: 0.1218, MSE: 0.0132
2025-07-05 09:18:59 - INFO - 模型已保存至: epoch_700.pth
2025-07-05 09:19:34 - INFO - Epoch 701/1000, Loss: 0.1149, Dice: 0.1105, MSE: 0.0147
2025-07-05 09:20:10 - INFO - Epoch 702/1000, Loss: 0.1046, Dice: 0.1006, MSE: 0.0132
2025-07-05 09:20:45 - INFO - Epoch 703/1000, Loss: 0.1001, Dice: 0.0965, MSE: 0.0119
2025-07-05 09:21:20 - INFO - Epoch 704/1000, Loss: 0.0958, Dice: 0.0922, MSE: 0.0123
2025-07-05 09:21:56 - INFO - Epoch 705/1000, Loss: 0.0848, Dice: 0.0814, MSE: 0.0112
2025-07-05 09:22:31 - INFO - Epoch 706/1000, Loss: 0.0887, Dice: 0.0854, MSE: 0.0108
2025-07-05 09:23:07 - INFO - Epoch 707/1000, Loss: 0.0911, Dice: 0.0874, MSE: 0.0124
2025-07-05 09:23:42 - INFO - Epoch 708/1000, Loss: 0.0978, Dice: 0.0938, MSE: 0.0131
2025-07-05 09:24:18 - INFO - Epoch 709/1000, Loss: 0.0830, Dice: 0.0796, MSE: 0.0115
2025-07-05 09:24:53 - INFO - Epoch 710/1000, Loss: 0.0768, Dice: 0.0739, MSE: 0.0096
2025-07-05 09:25:28 - INFO - Epoch 711/1000, Loss: 0.0865, Dice: 0.0833, MSE: 0.0105
2025-07-05 09:26:04 - INFO - Epoch 712/1000, Loss: 0.0871, Dice: 0.0838, MSE: 0.0111
2025-07-05 09:26:39 - INFO - Epoch 713/1000, Loss: 0.0746, Dice: 0.0712, MSE: 0.0113
2025-07-05 09:27:15 - INFO - Epoch 714/1000, Loss: 0.0757, Dice: 0.0725, MSE: 0.0106
2025-07-05 09:27:50 - INFO - Epoch 715/1000, Loss: 0.0717, Dice: 0.0690, MSE: 0.0090
2025-07-05 09:28:25 - INFO - Epoch 716/1000, Loss: 0.0769, Dice: 0.0739, MSE: 0.0100
2025-07-05 09:29:01 - INFO - Epoch 717/1000, Loss: 0.0797, Dice: 0.0767, MSE: 0.0100
2025-07-05 09:29:36 - INFO - Epoch 718/1000, Loss: 0.0795, Dice: 0.0768, MSE: 0.0090
2025-07-05 09:30:12 - INFO - Epoch 719/1000, Loss: 0.0758, Dice: 0.0730, MSE: 0.0091
2025-07-05 09:30:47 - INFO - Epoch 720/1000, Loss: 0.0709, Dice: 0.0681, MSE: 0.0094
2025-07-05 09:30:49 - INFO - 模型已保存至: epoch_720.pth
2025-07-05 09:31:24 - INFO - Epoch 721/1000, Loss: 0.0722, Dice: 0.0690, MSE: 0.0107
2025-07-05 09:32:00 - INFO - Epoch 722/1000, Loss: 0.0754, Dice: 0.0723, MSE: 0.0104
2025-07-05 09:32:35 - INFO - Epoch 723/1000, Loss: 0.0734, Dice: 0.0704, MSE: 0.0102
2025-07-05 09:33:11 - INFO - Epoch 724/1000, Loss: 0.0778, Dice: 0.0748, MSE: 0.0099
2025-07-05 09:33:47 - INFO - Epoch 725/1000, Loss: 0.0760, Dice: 0.0730, MSE: 0.0101
2025-07-05 09:34:22 - INFO - Epoch 726/1000, Loss: 0.0715, Dice: 0.0687, MSE: 0.0094
2025-07-05 09:34:57 - INFO - Epoch 727/1000, Loss: 0.0681, Dice: 0.0653, MSE: 0.0094
2025-07-05 09:35:33 - INFO - Epoch 728/1000, Loss: 0.0714, Dice: 0.0683, MSE: 0.0103
2025-07-05 09:36:08 - INFO - Epoch 729/1000, Loss: 0.0678, Dice: 0.0650, MSE: 0.0092
2025-07-05 09:36:44 - INFO - Epoch 730/1000, Loss: 0.0715, Dice: 0.0687, MSE: 0.0094
2025-07-05 09:37:19 - INFO - Epoch 731/1000, Loss: 0.0801, Dice: 0.0770, MSE: 0.0104
2025-07-05 09:37:55 - INFO - Epoch 732/1000, Loss: 0.0743, Dice: 0.0712, MSE: 0.0103
2025-07-05 09:38:30 - INFO - Epoch 733/1000, Loss: 0.0802, Dice: 0.0768, MSE: 0.0114
2025-07-05 09:39:06 - INFO - Epoch 734/1000, Loss: 0.0783, Dice: 0.0752, MSE: 0.0103
2025-07-05 09:39:41 - INFO - Epoch 735/1000, Loss: 0.0727, Dice: 0.0698, MSE: 0.0096
2025-07-05 09:40:17 - INFO - Epoch 736/1000, Loss: 0.0797, Dice: 0.0764, MSE: 0.0110
2025-07-05 09:40:52 - INFO - Epoch 737/1000, Loss: 0.0714, Dice: 0.0681, MSE: 0.0112
2025-07-05 09:41:27 - INFO - Epoch 738/1000, Loss: 0.0758, Dice: 0.0719, MSE: 0.0128
2025-07-05 09:42:03 - INFO - Epoch 739/1000, Loss: 0.0691, Dice: 0.0651, MSE: 0.0133
2025-07-05 09:42:38 - INFO - Epoch 740/1000, Loss: 0.0746, Dice: 0.0714, MSE: 0.0107
2025-07-05 09:42:40 - INFO - 模型已保存至: epoch_740.pth
2025-07-05 09:43:15 - INFO - Epoch 741/1000, Loss: 0.0682, Dice: 0.0650, MSE: 0.0105
2025-07-05 09:43:51 - INFO - Epoch 742/1000, Loss: 0.0711, Dice: 0.0681, MSE: 0.0100
2025-07-05 09:44:26 - INFO - Epoch 743/1000, Loss: 0.0725, Dice: 0.0695, MSE: 0.0100
2025-07-05 09:45:02 - INFO - Epoch 744/1000, Loss: 0.0885, Dice: 0.0853, MSE: 0.0106
2025-07-05 09:45:37 - INFO - Epoch 745/1000, Loss: 0.0673, Dice: 0.0643, MSE: 0.0099
2025-07-05 09:46:13 - INFO - Epoch 746/1000, Loss: 0.0772, Dice: 0.0745, MSE: 0.0090
2025-07-05 09:46:48 - INFO - Epoch 747/1000, Loss: 0.0670, Dice: 0.0635, MSE: 0.0117
2025-07-05 09:47:24 - INFO - Epoch 748/1000, Loss: 0.0725, Dice: 0.0693, MSE: 0.0108
2025-07-05 09:47:59 - INFO - Epoch 749/1000, Loss: 0.0680, Dice: 0.0649, MSE: 0.0103
2025-07-05 09:48:35 - INFO - Epoch 750/1000, Loss: 0.0770, Dice: 0.0739, MSE: 0.0105
2025-07-05 09:49:10 - INFO - Epoch 751/1000, Loss: 0.0665, Dice: 0.0634, MSE: 0.0102
2025-07-05 09:49:45 - INFO - Epoch 752/1000, Loss: 0.0725, Dice: 0.0696, MSE: 0.0095
2025-07-05 09:50:21 - INFO - Epoch 753/1000, Loss: 0.0732, Dice: 0.0702, MSE: 0.0101
2025-07-05 09:50:56 - INFO - Epoch 754/1000, Loss: 0.0756, Dice: 0.0726, MSE: 0.0100
2025-07-05 09:51:32 - INFO - Epoch 755/1000, Loss: 0.0667, Dice: 0.0639, MSE: 0.0093
2025-07-05 09:52:07 - INFO - Epoch 756/1000, Loss: 0.0752, Dice: 0.0719, MSE: 0.0112
2025-07-05 09:52:43 - INFO - Epoch 757/1000, Loss: 0.0751, Dice: 0.0716, MSE: 0.0116
2025-07-05 09:53:18 - INFO - Epoch 758/1000, Loss: 0.0779, Dice: 0.0748, MSE: 0.0104
2025-07-05 09:53:53 - INFO - Epoch 759/1000, Loss: 0.0744, Dice: 0.0714, MSE: 0.0097
2025-07-05 09:54:29 - INFO - Epoch 760/1000, Loss: 0.0717, Dice: 0.0688, MSE: 0.0099
2025-07-05 09:54:30 - INFO - 模型已保存至: epoch_760.pth
2025-07-05 09:55:06 - INFO - Epoch 761/1000, Loss: 0.0733, Dice: 0.0702, MSE: 0.0105
2025-07-05 09:55:41 - INFO - Epoch 762/1000, Loss: 0.0721, Dice: 0.0692, MSE: 0.0097
2025-07-05 09:56:17 - INFO - Epoch 763/1000, Loss: 0.0668, Dice: 0.0641, MSE: 0.0092
2025-07-05 09:56:52 - INFO - Epoch 764/1000, Loss: 0.0664, Dice: 0.0637, MSE: 0.0088
2025-07-05 09:57:28 - INFO - Epoch 765/1000, Loss: 0.0641, Dice: 0.0615, MSE: 0.0086
2025-07-05 09:58:03 - INFO - Epoch 766/1000, Loss: 0.0703, Dice: 0.0675, MSE: 0.0094
2025-07-05 09:58:39 - INFO - Epoch 767/1000, Loss: 0.0685, Dice: 0.0656, MSE: 0.0095
2025-07-05 09:59:14 - INFO - Epoch 768/1000, Loss: 0.0761, Dice: 0.0730, MSE: 0.0104
2025-07-05 09:59:49 - INFO - Epoch 769/1000, Loss: 0.0822, Dice: 0.0794, MSE: 0.0094
2025-07-05 10:00:25 - INFO - Epoch 770/1000, Loss: 0.0768, Dice: 0.0737, MSE: 0.0101
2025-07-05 10:01:00 - INFO - Epoch 771/1000, Loss: 0.0865, Dice: 0.0838, MSE: 0.0090
2025-07-05 10:01:36 - INFO - Epoch 772/1000, Loss: 0.0733, Dice: 0.0708, MSE: 0.0085
2025-07-05 10:02:11 - INFO - Epoch 773/1000, Loss: 0.0728, Dice: 0.0699, MSE: 0.0096
2025-07-05 10:02:47 - INFO - Epoch 774/1000, Loss: 0.0661, Dice: 0.0635, MSE: 0.0087
2025-07-05 10:03:22 - INFO - Epoch 775/1000, Loss: 0.0655, Dice: 0.0629, MSE: 0.0088
2025-07-05 10:03:57 - INFO - Epoch 776/1000, Loss: 0.0760, Dice: 0.0733, MSE: 0.0090
2025-07-05 10:04:33 - INFO - Epoch 777/1000, Loss: 0.0745, Dice: 0.0716, MSE: 0.0095
2025-07-05 10:05:08 - INFO - Epoch 778/1000, Loss: 0.0701, Dice: 0.0673, MSE: 0.0094
2025-07-05 10:05:44 - INFO - Epoch 779/1000, Loss: 0.0633, Dice: 0.0605, MSE: 0.0091
2025-07-05 10:06:19 - INFO - Epoch 780/1000, Loss: 0.0791, Dice: 0.0765, MSE: 0.0087
2025-07-05 10:06:21 - INFO - 模型已保存至: epoch_780.pth
2025-07-05 10:06:56 - INFO - Epoch 781/1000, Loss: 0.0681, Dice: 0.0657, MSE: 0.0081
2025-07-05 10:07:32 - INFO - Epoch 782/1000, Loss: 0.0681, Dice: 0.0656, MSE: 0.0085
2025-07-05 10:08:07 - INFO - Epoch 783/1000, Loss: 0.0734, Dice: 0.0707, MSE: 0.0089
2025-07-05 10:08:43 - INFO - Epoch 784/1000, Loss: 0.0608, Dice: 0.0582, MSE: 0.0087
2025-07-05 10:09:18 - INFO - Epoch 785/1000, Loss: 0.0734, Dice: 0.0706, MSE: 0.0092
2025-07-05 10:09:54 - INFO - Epoch 786/1000, Loss: 0.0657, Dice: 0.0630, MSE: 0.0089
2025-07-05 10:10:29 - INFO - Epoch 787/1000, Loss: 0.0673, Dice: 0.0647, MSE: 0.0088
2025-07-05 10:11:04 - INFO - Epoch 788/1000, Loss: 0.0662, Dice: 0.0636, MSE: 0.0089
2025-07-05 10:11:40 - INFO - Epoch 789/1000, Loss: 0.0760, Dice: 0.0733, MSE: 0.0089
2025-07-05 10:12:15 - INFO - Epoch 790/1000, Loss: 0.0717, Dice: 0.0683, MSE: 0.0111
2025-07-05 10:12:51 - INFO - Epoch 791/1000, Loss: 0.0651, Dice: 0.0623, MSE: 0.0095
2025-07-05 10:13:26 - INFO - Epoch 792/1000, Loss: 0.0631, Dice: 0.0605, MSE: 0.0087
2025-07-05 10:14:01 - INFO - Epoch 793/1000, Loss: 0.0749, Dice: 0.0721, MSE: 0.0094
2025-07-05 10:14:37 - INFO - Epoch 794/1000, Loss: 0.0657, Dice: 0.0631, MSE: 0.0087
2025-07-05 10:15:12 - INFO - Epoch 795/1000, Loss: 0.0599, Dice: 0.0573, MSE: 0.0087
2025-07-05 10:15:48 - INFO - Epoch 796/1000, Loss: 0.0619, Dice: 0.0592, MSE: 0.0090
2025-07-05 10:16:23 - INFO - Epoch 797/1000, Loss: 0.0658, Dice: 0.0629, MSE: 0.0097
2025-07-05 10:16:59 - INFO - Epoch 798/1000, Loss: 0.0657, Dice: 0.0631, MSE: 0.0089
2025-07-05 10:17:34 - INFO - Epoch 799/1000, Loss: 0.0641, Dice: 0.0615, MSE: 0.0086
2025-07-05 10:18:09 - INFO - Epoch 800/1000, Loss: 0.0680, Dice: 0.0654, MSE: 0.0088
2025-07-05 10:18:11 - INFO - 模型已保存至: epoch_800.pth
2025-07-05 10:18:46 - INFO - Epoch 801/1000, Loss: 0.0672, Dice: 0.0646, MSE: 0.0086
2025-07-05 10:19:22 - INFO - Epoch 802/1000, Loss: 0.0806, Dice: 0.0773, MSE: 0.0112
2025-07-05 10:19:57 - INFO - Epoch 803/1000, Loss: 0.0700, Dice: 0.0662, MSE: 0.0127
2025-07-05 10:20:33 - INFO - Epoch 804/1000, Loss: 0.0629, Dice: 0.0592, MSE: 0.0123
2025-07-05 10:21:08 - INFO - Epoch 805/1000, Loss: 0.0766, Dice: 0.0733, MSE: 0.0109
2025-07-05 10:21:43 - INFO - Epoch 806/1000, Loss: 0.0774, Dice: 0.0744, MSE: 0.0100
2025-07-05 10:22:19 - INFO - Epoch 807/1000, Loss: 0.0948, Dice: 0.0916, MSE: 0.0106
2025-07-05 10:22:55 - INFO - Epoch 808/1000, Loss: 0.0803, Dice: 0.0770, MSE: 0.0110
2025-07-05 10:23:30 - INFO - Epoch 809/1000, Loss: 0.1010, Dice: 0.0977, MSE: 0.0110
2025-07-05 10:24:05 - INFO - Epoch 810/1000, Loss: 0.1061, Dice: 0.1016, MSE: 0.0149
2025-07-05 10:24:41 - INFO - Epoch 811/1000, Loss: 0.0959, Dice: 0.0911, MSE: 0.0162
2025-07-05 10:25:16 - INFO - Epoch 812/1000, Loss: 0.1398, Dice: 0.1352, MSE: 0.0154
2025-07-05 10:25:52 - INFO - Epoch 813/1000, Loss: 0.1801, Dice: 0.1760, MSE: 0.0138
2025-07-05 10:26:27 - INFO - Epoch 814/1000, Loss: 0.1428, Dice: 0.1375, MSE: 0.0177
2025-07-05 10:27:02 - INFO - Epoch 815/1000, Loss: 0.1266, Dice: 0.1221, MSE: 0.0152
2025-07-05 10:27:38 - INFO - Epoch 816/1000, Loss: 0.1704, Dice: 0.1650, MSE: 0.0181
2025-07-05 10:28:14 - INFO - Epoch 817/1000, Loss: 0.1969, Dice: 0.1905, MSE: 0.0215
2025-07-05 10:28:49 - INFO - Epoch 818/1000, Loss: 0.1479, Dice: 0.1413, MSE: 0.0221
2025-07-05 10:29:24 - INFO - Epoch 819/1000, Loss: 0.1201, Dice: 0.1147, MSE: 0.0179
2025-07-05 10:30:00 - INFO - Epoch 820/1000, Loss: 0.1533, Dice: 0.1488, MSE: 0.0149
2025-07-05 10:30:01 - INFO - 模型已保存至: epoch_820.pth
2025-07-05 10:30:37 - INFO - Epoch 821/1000, Loss: 0.1710, Dice: 0.1657, MSE: 0.0178
2025-07-05 10:31:12 - INFO - Epoch 822/1000, Loss: 0.1181, Dice: 0.1144, MSE: 0.0124
2025-07-05 10:31:48 - INFO - Epoch 823/1000, Loss: 0.1521, Dice: 0.1482, MSE: 0.0129
2025-07-05 10:32:23 - INFO - Epoch 824/1000, Loss: 0.1234, Dice: 0.1184, MSE: 0.0167
2025-07-05 10:32:58 - INFO - Epoch 825/1000, Loss: 0.1199, Dice: 0.1160, MSE: 0.0130
2025-07-05 10:33:34 - INFO - Epoch 826/1000, Loss: 0.0959, Dice: 0.0915, MSE: 0.0146
2025-07-05 10:34:10 - INFO - Epoch 827/1000, Loss: 0.1136, Dice: 0.1098, MSE: 0.0128
2025-07-05 10:34:45 - INFO - Epoch 828/1000, Loss: 0.0929, Dice: 0.0890, MSE: 0.0131
2025-07-05 10:35:20 - INFO - Epoch 829/1000, Loss: 0.0876, Dice: 0.0841, MSE: 0.0115
2025-07-05 10:35:56 - INFO - Epoch 830/1000, Loss: 0.0807, Dice: 0.0772, MSE: 0.0115
2025-07-05 10:36:31 - INFO - Epoch 831/1000, Loss: 0.0870, Dice: 0.0832, MSE: 0.0126
2025-07-05 10:37:06 - INFO - Epoch 832/1000, Loss: 0.0799, Dice: 0.0762, MSE: 0.0124
2025-07-05 10:37:42 - INFO - Epoch 833/1000, Loss: 0.0918, Dice: 0.0886, MSE: 0.0106
2025-07-05 10:38:18 - INFO - Epoch 834/1000, Loss: 0.0798, Dice: 0.0765, MSE: 0.0109
2025-07-05 10:38:53 - INFO - Epoch 835/1000, Loss: 0.0691, Dice: 0.0660, MSE: 0.0104
2025-07-05 10:39:29 - INFO - Epoch 836/1000, Loss: 0.0756, Dice: 0.0727, MSE: 0.0099
2025-07-05 10:40:04 - INFO - Epoch 837/1000, Loss: 0.0813, Dice: 0.0784, MSE: 0.0097
2025-07-05 10:40:39 - INFO - Epoch 838/1000, Loss: 0.0686, Dice: 0.0654, MSE: 0.0108
2025-07-05 10:41:15 - INFO - Epoch 839/1000, Loss: 0.0762, Dice: 0.0731, MSE: 0.0104
2025-07-05 10:41:50 - INFO - Epoch 840/1000, Loss: 0.0730, Dice: 0.0699, MSE: 0.0104
2025-07-05 10:41:52 - INFO - 模型已保存至: epoch_840.pth
2025-07-05 10:42:27 - INFO - Epoch 841/1000, Loss: 0.0759, Dice: 0.0730, MSE: 0.0099
2025-07-05 10:43:03 - INFO - Epoch 842/1000, Loss: 0.0928, Dice: 0.0895, MSE: 0.0112
2025-07-05 10:43:38 - INFO - Epoch 843/1000, Loss: 0.1037, Dice: 0.1001, MSE: 0.0120
2025-07-05 10:44:14 - INFO - Epoch 844/1000, Loss: 0.0907, Dice: 0.0875, MSE: 0.0105
2025-07-05 10:44:49 - INFO - Epoch 845/1000, Loss: 0.0836, Dice: 0.0803, MSE: 0.0111
2025-07-05 10:45:25 - INFO - Epoch 846/1000, Loss: 0.0731, Dice: 0.0700, MSE: 0.0105
2025-07-05 10:46:00 - INFO - Epoch 847/1000, Loss: 0.0743, Dice: 0.0710, MSE: 0.0109
2025-07-05 10:46:36 - INFO - Epoch 848/1000, Loss: 0.0790, Dice: 0.0764, MSE: 0.0088
2025-07-05 10:47:11 - INFO - Epoch 849/1000, Loss: 0.0708, Dice: 0.0680, MSE: 0.0094
2025-07-05 10:47:46 - INFO - Epoch 850/1000, Loss: 0.0900, Dice: 0.0871, MSE: 0.0098
2025-07-05 10:48:22 - INFO - Epoch 851/1000, Loss: 0.0758, Dice: 0.0728, MSE: 0.0098
2025-07-05 10:48:58 - INFO - Epoch 852/1000, Loss: 0.0699, Dice: 0.0669, MSE: 0.0100
2025-07-05 10:49:33 - INFO - Epoch 853/1000, Loss: 0.0872, Dice: 0.0844, MSE: 0.0096
2025-07-05 10:50:09 - INFO - Epoch 854/1000, Loss: 0.0826, Dice: 0.0785, MSE: 0.0139
2025-07-05 10:50:44 - INFO - Epoch 855/1000, Loss: 0.0881, Dice: 0.0837, MSE: 0.0147
2025-07-05 10:51:19 - INFO - Epoch 856/1000, Loss: 0.0773, Dice: 0.0736, MSE: 0.0125
2025-07-05 10:51:55 - INFO - Epoch 857/1000, Loss: 0.0863, Dice: 0.0828, MSE: 0.0115
2025-07-05 10:52:30 - INFO - Epoch 858/1000, Loss: 0.0684, Dice: 0.0652, MSE: 0.0108
2025-07-05 10:53:06 - INFO - Epoch 859/1000, Loss: 0.0643, Dice: 0.0615, MSE: 0.0094
2025-07-05 10:53:41 - INFO - Epoch 860/1000, Loss: 0.0782, Dice: 0.0754, MSE: 0.0092
2025-07-05 10:53:43 - INFO - 模型已保存至: epoch_860.pth
2025-07-05 10:54:18 - INFO - Epoch 861/1000, Loss: 0.0780, Dice: 0.0746, MSE: 0.0111
2025-07-05 10:54:53 - INFO - Epoch 862/1000, Loss: 0.0868, Dice: 0.0828, MSE: 0.0131
2025-07-05 10:55:29 - INFO - Epoch 863/1000, Loss: 0.0848, Dice: 0.0811, MSE: 0.0126
2025-07-05 10:56:05 - INFO - Epoch 864/1000, Loss: 0.0898, Dice: 0.0864, MSE: 0.0113
2025-07-05 10:56:40 - INFO - Epoch 865/1000, Loss: 0.0821, Dice: 0.0787, MSE: 0.0116
2025-07-05 10:57:16 - INFO - Epoch 866/1000, Loss: 0.0875, Dice: 0.0842, MSE: 0.0108
2025-07-05 10:57:51 - INFO - Epoch 867/1000, Loss: 0.0731, Dice: 0.0704, MSE: 0.0091
2025-07-05 10:58:27 - INFO - Epoch 868/1000, Loss: 0.0672, Dice: 0.0641, MSE: 0.0104
2025-07-05 10:59:02 - INFO - Epoch 869/1000, Loss: 0.0693, Dice: 0.0664, MSE: 0.0098
2025-07-05 10:59:38 - INFO - Epoch 870/1000, Loss: 0.0687, Dice: 0.0656, MSE: 0.0102
2025-07-05 11:00:13 - INFO - Epoch 871/1000, Loss: 0.0619, Dice: 0.0591, MSE: 0.0093
2025-07-05 11:00:49 - INFO - Epoch 872/1000, Loss: 0.0714, Dice: 0.0689, MSE: 0.0082
2025-07-05 11:01:24 - INFO - Epoch 873/1000, Loss: 0.0648, Dice: 0.0622, MSE: 0.0086
2025-07-05 11:02:00 - INFO - Epoch 874/1000, Loss: 0.0640, Dice: 0.0616, MSE: 0.0080
2025-07-05 11:02:35 - INFO - Epoch 875/1000, Loss: 0.0685, Dice: 0.0658, MSE: 0.0090
2025-07-05 11:03:11 - INFO - Epoch 876/1000, Loss: 0.0690, Dice: 0.0664, MSE: 0.0089
2025-07-05 11:03:46 - INFO - Epoch 877/1000, Loss: 0.0716, Dice: 0.0689, MSE: 0.0092
2025-07-05 11:04:22 - INFO - Epoch 878/1000, Loss: 0.0650, Dice: 0.0623, MSE: 0.0091
2025-07-05 11:04:57 - INFO - Epoch 879/1000, Loss: 0.0843, Dice: 0.0812, MSE: 0.0104
2025-07-05 11:05:33 - INFO - Epoch 880/1000, Loss: 0.0973, Dice: 0.0938, MSE: 0.0117
2025-07-05 11:05:35 - INFO - 模型已保存至: epoch_880.pth
2025-07-05 11:06:10 - INFO - Epoch 881/1000, Loss: 0.1231, Dice: 0.1192, MSE: 0.0130
2025-07-05 11:06:45 - INFO - Epoch 882/1000, Loss: 0.2397, Dice: 0.2350, MSE: 0.0156
2025-07-05 11:07:21 - INFO - Epoch 883/1000, Loss: 0.1664, Dice: 0.1610, MSE: 0.0179
2025-07-05 11:07:56 - INFO - Epoch 884/1000, Loss: 0.1359, Dice: 0.1301, MSE: 0.0194
2025-07-05 11:08:32 - INFO - Epoch 885/1000, Loss: 0.1344, Dice: 0.1291, MSE: 0.0177
2025-07-05 11:09:07 - INFO - Epoch 886/1000, Loss: 0.1334, Dice: 0.1284, MSE: 0.0164
2025-07-05 11:09:43 - INFO - Epoch 887/1000, Loss: 0.1163, Dice: 0.1126, MSE: 0.0126
2025-07-05 11:10:20 - INFO - Epoch 888/1000, Loss: 0.0973, Dice: 0.0935, MSE: 0.0128
2025-07-05 11:10:55 - INFO - Epoch 889/1000, Loss: 0.0904, Dice: 0.0867, MSE: 0.0126
2025-07-05 11:11:31 - INFO - Epoch 890/1000, Loss: 0.0777, Dice: 0.0738, MSE: 0.0129
2025-07-05 11:12:06 - INFO - Epoch 891/1000, Loss: 0.0831, Dice: 0.0792, MSE: 0.0130
2025-07-05 11:12:42 - INFO - Epoch 892/1000, Loss: 0.0860, Dice: 0.0822, MSE: 0.0125
2025-07-05 11:13:17 - INFO - Epoch 893/1000, Loss: 0.0819, Dice: 0.0780, MSE: 0.0129
2025-07-05 11:13:52 - INFO - Epoch 894/1000, Loss: 0.0770, Dice: 0.0733, MSE: 0.0124
2025-07-05 11:14:28 - INFO - Epoch 895/1000, Loss: 0.0833, Dice: 0.0794, MSE: 0.0132
2025-07-05 11:15:03 - INFO - Epoch 896/1000, Loss: 0.1020, Dice: 0.0978, MSE: 0.0141
2025-07-05 11:15:38 - INFO - Epoch 897/1000, Loss: 0.1022, Dice: 0.0979, MSE: 0.0143
2025-07-05 11:16:14 - INFO - Epoch 898/1000, Loss: 0.0799, Dice: 0.0762, MSE: 0.0125
2025-07-05 11:16:49 - INFO - Epoch 899/1000, Loss: 0.0791, Dice: 0.0757, MSE: 0.0115
2025-07-05 11:17:25 - INFO - Epoch 900/1000, Loss: 0.0758, Dice: 0.0722, MSE: 0.0119
2025-07-05 11:17:27 - INFO - 模型已保存至: epoch_900.pth
2025-07-05 11:18:02 - INFO - Epoch 901/1000, Loss: 0.0839, Dice: 0.0805, MSE: 0.0111
2025-07-05 11:18:37 - INFO - Epoch 902/1000, Loss: 0.0784, Dice: 0.0753, MSE: 0.0103
2025-07-05 11:19:13 - INFO - Epoch 903/1000, Loss: 0.0721, Dice: 0.0684, MSE: 0.0122
2025-07-05 11:19:48 - INFO - Epoch 904/1000, Loss: 0.0690, Dice: 0.0655, MSE: 0.0117
2025-07-05 11:20:23 - INFO - Epoch 905/1000, Loss: 0.0729, Dice: 0.0696, MSE: 0.0108
2025-07-05 11:20:59 - INFO - Epoch 906/1000, Loss: 0.0673, Dice: 0.0639, MSE: 0.0114
2025-07-05 11:21:34 - INFO - Epoch 907/1000, Loss: 0.0720, Dice: 0.0688, MSE: 0.0107
2025-07-05 11:22:09 - INFO - Epoch 908/1000, Loss: 0.0750, Dice: 0.0720, MSE: 0.0102
2025-07-05 11:22:44 - INFO - Epoch 909/1000, Loss: 0.0674, Dice: 0.0638, MSE: 0.0120
2025-07-05 11:23:19 - INFO - Epoch 910/1000, Loss: 0.0984, Dice: 0.0950, MSE: 0.0113
2025-07-05 11:23:55 - INFO - Epoch 911/1000, Loss: 0.0805, Dice: 0.0771, MSE: 0.0113
2025-07-05 11:24:30 - INFO - Epoch 912/1000, Loss: 0.0784, Dice: 0.0749, MSE: 0.0118
2025-07-05 11:25:06 - INFO - Epoch 913/1000, Loss: 0.0765, Dice: 0.0732, MSE: 0.0109
2025-07-05 11:25:41 - INFO - Epoch 914/1000, Loss: 0.0808, Dice: 0.0776, MSE: 0.0105
2025-07-05 11:26:16 - INFO - Epoch 915/1000, Loss: 0.0785, Dice: 0.0753, MSE: 0.0108
2025-07-05 11:26:51 - INFO - Epoch 916/1000, Loss: 0.0693, Dice: 0.0659, MSE: 0.0113
2025-07-05 11:27:27 - INFO - Epoch 917/1000, Loss: 0.0742, Dice: 0.0708, MSE: 0.0111
2025-07-05 11:28:02 - INFO - Epoch 918/1000, Loss: 0.0740, Dice: 0.0711, MSE: 0.0097
2025-07-05 11:28:37 - INFO - Epoch 919/1000, Loss: 0.0714, Dice: 0.0682, MSE: 0.0107
2025-07-05 11:29:13 - INFO - Epoch 920/1000, Loss: 0.0693, Dice: 0.0660, MSE: 0.0110
2025-07-05 11:29:14 - INFO - 模型已保存至: epoch_920.pth
2025-07-05 11:29:49 - INFO - Epoch 921/1000, Loss: 0.0683, Dice: 0.0653, MSE: 0.0100
2025-07-05 11:30:25 - INFO - Epoch 922/1000, Loss: 0.0716, Dice: 0.0685, MSE: 0.0100
2025-07-05 11:31:00 - INFO - Epoch 923/1000, Loss: 0.0602, Dice: 0.0572, MSE: 0.0102
2025-07-05 11:31:35 - INFO - Epoch 924/1000, Loss: 0.0630, Dice: 0.0600, MSE: 0.0100
2025-07-05 11:32:11 - INFO - Epoch 925/1000, Loss: 0.0653, Dice: 0.0623, MSE: 0.0100
2025-07-05 11:32:46 - INFO - Epoch 926/1000, Loss: 0.0691, Dice: 0.0661, MSE: 0.0099
