2025-04-15 00:11:10 - INFO - Logging is set up.
2025-04-15 00:11:10 - INFO - 训练配置参数:
{'seed': 42, 'epochs': 400, 'batch_size': 10, 'num_classes': 4, 'learning_rate': 0.001, 'dataset_path': './datasets/LA', 'log_path': './result/UNet/ACDC_NoPretrain/Training.log', 'pth_path': './result/UNet/ACDC_NoPretrain/Pth', 'tensorboard_path': './result/UNet/ACDC_NoPretrain/Train', 'continue_train': False, 'multi_gpu': True, 'training_label_num': 260, 'training_unlabel_num': 1020, 'label_bs': 2, 'unlabel_bs': 8, 'consistency_weight': 0.3, 'pretrained_weights': None}
2025-04-15 00:11:10 - INFO - 使用 2 个GPU
2025-04-15 00:11:10 - INFO - 模型总参数: 62,085,128
2025-04-15 00:11:10 - INFO - 可训练参数: 62,085,128
2025-04-15 00:11:51 - INFO - Epoch 1/400, Loss: 0.5405, Dice: 0.5381, MSE: 0.0081
2025-04-15 00:12:32 - INFO - Epoch 2/400, Loss: 0.4626, Dice: 0.4617, MSE: 0.0030
2025-04-15 00:13:12 - INFO - Epoch 3/400, Loss: 0.4479, Dice: 0.4468, MSE: 0.0037
2025-04-15 00:13:53 - INFO - Epoch 4/400, Loss: 0.4320, Dice: 0.4304, MSE: 0.0051
2025-04-15 00:14:34 - INFO - Epoch 5/400, Loss: 0.3851, Dice: 0.3825, MSE: 0.0087
2025-04-15 00:15:14 - INFO - Epoch 6/400, Loss: 0.3301, Dice: 0.3280, MSE: 0.0071
2025-04-15 00:15:55 - INFO - Epoch 7/400, Loss: 0.3055, Dice: 0.3033, MSE: 0.0074
2025-04-15 00:16:36 - INFO - Epoch 8/400, Loss: 0.2622, Dice: 0.2599, MSE: 0.0075
2025-04-15 00:17:17 - INFO - Epoch 9/400, Loss: 0.2366, Dice: 0.2349, MSE: 0.0057
2025-04-15 00:17:58 - INFO - Epoch 10/400, Loss: 0.1886, Dice: 0.1867, MSE: 0.0064
2025-04-15 00:17:58 - INFO - 模型已保存至: epoch_10.pth
2025-04-15 00:18:39 - INFO - Epoch 11/400, Loss: 0.1982, Dice: 0.1964, MSE: 0.0061
2025-04-15 00:19:20 - INFO - Epoch 12/400, Loss: 0.1746, Dice: 0.1730, MSE: 0.0050
2025-04-15 00:20:01 - INFO - Epoch 13/400, Loss: 0.1599, Dice: 0.1585, MSE: 0.0044
2025-04-15 00:20:41 - INFO - Epoch 14/400, Loss: 0.1522, Dice: 0.1508, MSE: 0.0048
2025-04-15 00:21:22 - INFO - Epoch 15/400, Loss: 0.1628, Dice: 0.1614, MSE: 0.0045
2025-04-15 00:22:03 - INFO - Epoch 16/400, Loss: 0.1392, Dice: 0.1378, MSE: 0.0044
2025-04-15 00:22:43 - INFO - Epoch 17/400, Loss: 0.1307, Dice: 0.1294, MSE: 0.0043
2025-04-15 00:23:24 - INFO - Epoch 18/400, Loss: 0.1218, Dice: 0.1206, MSE: 0.0039
2025-04-15 00:24:05 - INFO - Epoch 19/400, Loss: 0.1144, Dice: 0.1131, MSE: 0.0042
2025-04-15 00:24:45 - INFO - Epoch 20/400, Loss: 0.1228, Dice: 0.1214, MSE: 0.0047
2025-04-15 00:24:46 - INFO - 模型已保存至: epoch_20.pth
2025-04-15 00:25:26 - INFO - Epoch 21/400, Loss: 0.1109, Dice: 0.1097, MSE: 0.0041
2025-04-15 00:26:07 - INFO - Epoch 22/400, Loss: 0.1149, Dice: 0.1137, MSE: 0.0040
2025-04-15 00:26:47 - INFO - Epoch 23/400, Loss: 0.1087, Dice: 0.1075, MSE: 0.0040
2025-04-15 00:27:28 - INFO - Epoch 24/400, Loss: 0.1020, Dice: 0.1009, MSE: 0.0039
2025-04-15 00:28:09 - INFO - Epoch 25/400, Loss: 0.0947, Dice: 0.0934, MSE: 0.0044
2025-04-15 00:28:49 - INFO - Epoch 26/400, Loss: 0.1001, Dice: 0.0989, MSE: 0.0039
2025-04-15 00:29:29 - INFO - Epoch 27/400, Loss: 0.0983, Dice: 0.0970, MSE: 0.0042
2025-04-15 00:30:10 - INFO - Epoch 28/400, Loss: 0.0923, Dice: 0.0912, MSE: 0.0038
2025-04-15 00:30:50 - INFO - Epoch 29/400, Loss: 0.0883, Dice: 0.0872, MSE: 0.0037
2025-04-15 00:31:31 - INFO - Epoch 30/400, Loss: 0.0902, Dice: 0.0890, MSE: 0.0042
2025-04-15 00:31:32 - INFO - 模型已保存至: epoch_30.pth
2025-04-15 00:32:12 - INFO - Epoch 31/400, Loss: 0.0818, Dice: 0.0807, MSE: 0.0038
2025-04-15 00:32:53 - INFO - Epoch 32/400, Loss: 0.0980, Dice: 0.0968, MSE: 0.0039
2025-04-15 00:33:33 - INFO - Epoch 33/400, Loss: 0.0798, Dice: 0.0788, MSE: 0.0034
2025-04-15 00:34:13 - INFO - Epoch 34/400, Loss: 0.0811, Dice: 0.0800, MSE: 0.0036
2025-04-15 00:34:54 - INFO - Epoch 35/400, Loss: 0.0927, Dice: 0.0915, MSE: 0.0040
2025-04-15 00:35:34 - INFO - Epoch 36/400, Loss: 0.0897, Dice: 0.0886, MSE: 0.0037
2025-04-15 00:36:15 - INFO - Epoch 37/400, Loss: 0.0752, Dice: 0.0742, MSE: 0.0036
2025-04-15 00:36:55 - INFO - Epoch 38/400, Loss: 0.0833, Dice: 0.0822, MSE: 0.0038
2025-04-15 00:37:35 - INFO - Epoch 39/400, Loss: 0.0759, Dice: 0.0749, MSE: 0.0033
2025-04-15 00:38:16 - INFO - Epoch 40/400, Loss: 0.0735, Dice: 0.0725, MSE: 0.0032
2025-04-15 00:38:16 - INFO - 模型已保存至: epoch_40.pth
2025-04-15 00:38:57 - INFO - Epoch 41/400, Loss: 0.0760, Dice: 0.0749, MSE: 0.0034
2025-04-15 00:39:37 - INFO - Epoch 42/400, Loss: 0.0665, Dice: 0.0654, MSE: 0.0036
2025-04-15 00:40:17 - INFO - Epoch 43/400, Loss: 0.0802, Dice: 0.0791, MSE: 0.0036
2025-04-15 00:40:58 - INFO - Epoch 44/400, Loss: 0.0802, Dice: 0.0791, MSE: 0.0036
2025-04-15 00:41:38 - INFO - Epoch 45/400, Loss: 0.0684, Dice: 0.0674, MSE: 0.0033
2025-04-15 00:42:18 - INFO - Epoch 46/400, Loss: 0.0665, Dice: 0.0655, MSE: 0.0032
2025-04-15 00:42:59 - INFO - Epoch 47/400, Loss: 0.0797, Dice: 0.0786, MSE: 0.0034
2025-04-15 00:43:39 - INFO - Epoch 48/400, Loss: 0.0674, Dice: 0.0665, MSE: 0.0029
2025-04-15 00:44:19 - INFO - Epoch 49/400, Loss: 0.0656, Dice: 0.0647, MSE: 0.0028
2025-04-15 00:45:00 - INFO - Epoch 50/400, Loss: 0.0623, Dice: 0.0614, MSE: 0.0030
2025-04-15 00:45:00 - INFO - 模型已保存至: epoch_50.pth
2025-04-15 00:45:41 - INFO - Epoch 51/400, Loss: 0.0637, Dice: 0.0629, MSE: 0.0028
2025-04-15 00:46:21 - INFO - Epoch 52/400, Loss: 0.0654, Dice: 0.0645, MSE: 0.0032
2025-04-15 00:47:01 - INFO - Epoch 53/400, Loss: 0.0758, Dice: 0.0748, MSE: 0.0034
2025-04-15 00:47:42 - INFO - Epoch 54/400, Loss: 0.0698, Dice: 0.0690, MSE: 0.0028
2025-04-15 00:48:22 - INFO - Epoch 55/400, Loss: 0.0751, Dice: 0.0741, MSE: 0.0034
2025-04-15 00:49:02 - INFO - Epoch 56/400, Loss: 0.0687, Dice: 0.0676, MSE: 0.0036
2025-04-15 00:49:42 - INFO - Epoch 57/400, Loss: 0.0575, Dice: 0.0566, MSE: 0.0030
2025-04-15 00:50:22 - INFO - Epoch 58/400, Loss: 0.0625, Dice: 0.0617, MSE: 0.0026
2025-04-15 00:51:03 - INFO - Epoch 59/400, Loss: 0.0661, Dice: 0.0652, MSE: 0.0032
2025-04-15 00:51:43 - INFO - Epoch 60/400, Loss: 0.0682, Dice: 0.0673, MSE: 0.0030
2025-04-15 00:51:44 - INFO - 模型已保存至: epoch_60.pth
2025-04-15 00:52:24 - INFO - Epoch 61/400, Loss: 0.0612, Dice: 0.0603, MSE: 0.0030
2025-04-15 00:53:04 - INFO - Epoch 62/400, Loss: 0.0636, Dice: 0.0627, MSE: 0.0029
2025-04-15 00:53:44 - INFO - Epoch 63/400, Loss: 0.0694, Dice: 0.0685, MSE: 0.0029
2025-04-15 00:54:25 - INFO - Epoch 64/400, Loss: 0.0588, Dice: 0.0580, MSE: 0.0027
2025-04-15 00:55:05 - INFO - Epoch 65/400, Loss: 0.0565, Dice: 0.0556, MSE: 0.0029
2025-04-15 00:55:45 - INFO - Epoch 66/400, Loss: 0.0526, Dice: 0.0517, MSE: 0.0029
2025-04-15 00:56:25 - INFO - Epoch 67/400, Loss: 0.0572, Dice: 0.0563, MSE: 0.0029
2025-04-15 00:57:05 - INFO - Epoch 68/400, Loss: 0.0723, Dice: 0.0712, MSE: 0.0034
2025-04-15 00:57:46 - INFO - Epoch 69/400, Loss: 0.0621, Dice: 0.0613, MSE: 0.0027
2025-04-15 00:58:26 - INFO - Epoch 70/400, Loss: 0.0765, Dice: 0.0755, MSE: 0.0034
2025-04-15 00:58:27 - INFO - 模型已保存至: epoch_70.pth
2025-04-15 00:59:07 - INFO - Epoch 71/400, Loss: 0.0657, Dice: 0.0648, MSE: 0.0028
2025-04-15 00:59:47 - INFO - Epoch 72/400, Loss: 0.0635, Dice: 0.0627, MSE: 0.0028
2025-04-15 01:00:27 - INFO - Epoch 73/400, Loss: 0.0582, Dice: 0.0574, MSE: 0.0027
2025-04-15 01:01:07 - INFO - Epoch 74/400, Loss: 0.0542, Dice: 0.0534, MSE: 0.0025
2025-04-15 01:01:48 - INFO - Epoch 75/400, Loss: 0.0597, Dice: 0.0589, MSE: 0.0027
2025-04-15 01:02:28 - INFO - Epoch 76/400, Loss: 0.0621, Dice: 0.0613, MSE: 0.0026
2025-04-15 01:03:08 - INFO - Epoch 77/400, Loss: 0.0536, Dice: 0.0529, MSE: 0.0025
2025-04-15 01:03:48 - INFO - Epoch 78/400, Loss: 0.0544, Dice: 0.0535, MSE: 0.0029
2025-04-15 01:04:28 - INFO - Epoch 79/400, Loss: 0.0683, Dice: 0.0674, MSE: 0.0032
2025-04-15 01:05:09 - INFO - Epoch 80/400, Loss: 0.0548, Dice: 0.0541, MSE: 0.0024
2025-04-15 01:05:09 - INFO - 模型已保存至: epoch_80.pth
2025-04-15 01:05:50 - INFO - Epoch 81/400, Loss: 0.0632, Dice: 0.0623, MSE: 0.0029
2025-04-15 01:06:30 - INFO - Epoch 82/400, Loss: 0.0670, Dice: 0.0662, MSE: 0.0029
2025-04-15 01:07:10 - INFO - Epoch 83/400, Loss: 0.0659, Dice: 0.0651, MSE: 0.0028
2025-04-15 01:07:50 - INFO - Epoch 84/400, Loss: 0.0581, Dice: 0.0573, MSE: 0.0026
2025-04-15 01:08:30 - INFO - Epoch 85/400, Loss: 0.0558, Dice: 0.0550, MSE: 0.0027
2025-04-15 01:09:10 - INFO - Epoch 86/400, Loss: 0.0590, Dice: 0.0584, MSE: 0.0023
2025-04-15 01:09:50 - INFO - Epoch 87/400, Loss: 0.0530, Dice: 0.0522, MSE: 0.0027
2025-04-15 01:10:31 - INFO - Epoch 88/400, Loss: 0.0515, Dice: 0.0508, MSE: 0.0024
2025-04-15 01:11:11 - INFO - Epoch 89/400, Loss: 0.0491, Dice: 0.0483, MSE: 0.0028
2025-04-15 01:11:51 - INFO - Epoch 90/400, Loss: 0.0550, Dice: 0.0541, MSE: 0.0030
2025-04-15 01:11:52 - INFO - 模型已保存至: epoch_90.pth
2025-04-15 01:12:32 - INFO - Epoch 91/400, Loss: 0.0542, Dice: 0.0535, MSE: 0.0025
2025-04-15 01:13:12 - INFO - Epoch 92/400, Loss: 0.0567, Dice: 0.0559, MSE: 0.0026
2025-04-15 01:13:52 - INFO - Epoch 93/400, Loss: 0.0585, Dice: 0.0577, MSE: 0.0028
2025-04-15 01:14:32 - INFO - Epoch 94/400, Loss: 0.0546, Dice: 0.0538, MSE: 0.0027
2025-04-15 01:15:12 - INFO - Epoch 95/400, Loss: 0.0499, Dice: 0.0491, MSE: 0.0026
2025-04-15 01:15:52 - INFO - Epoch 96/400, Loss: 0.0548, Dice: 0.0540, MSE: 0.0027
2025-04-15 01:16:33 - INFO - Epoch 97/400, Loss: 0.0554, Dice: 0.0546, MSE: 0.0026
2025-04-15 01:17:13 - INFO - Epoch 98/400, Loss: 0.0630, Dice: 0.0621, MSE: 0.0028
2025-04-15 01:17:53 - INFO - Epoch 99/400, Loss: 0.0572, Dice: 0.0564, MSE: 0.0028
2025-04-15 01:18:33 - INFO - Epoch 100/400, Loss: 0.0551, Dice: 0.0544, MSE: 0.0023
2025-04-15 01:18:34 - INFO - 模型已保存至: epoch_100.pth
2025-04-15 01:19:14 - INFO - Epoch 101/400, Loss: 0.0545, Dice: 0.0538, MSE: 0.0024
2025-04-15 01:19:54 - INFO - Epoch 102/400, Loss: 0.0578, Dice: 0.0571, MSE: 0.0023
2025-04-15 01:20:34 - INFO - Epoch 103/400, Loss: 0.0564, Dice: 0.0557, MSE: 0.0022
2025-04-15 01:21:15 - INFO - Epoch 104/400, Loss: 0.0539, Dice: 0.0532, MSE: 0.0022
2025-04-15 01:21:55 - INFO - Epoch 105/400, Loss: 0.0496, Dice: 0.0489, MSE: 0.0023
2025-04-15 01:22:35 - INFO - Epoch 106/400, Loss: 0.0575, Dice: 0.0568, MSE: 0.0024
2025-04-15 01:23:15 - INFO - Epoch 107/400, Loss: 0.0556, Dice: 0.0549, MSE: 0.0024
2025-04-15 01:23:55 - INFO - Epoch 108/400, Loss: 0.0624, Dice: 0.0614, MSE: 0.0032
2025-04-15 01:24:35 - INFO - Epoch 109/400, Loss: 0.0545, Dice: 0.0539, MSE: 0.0021
2025-04-15 01:25:15 - INFO - Epoch 110/400, Loss: 0.0588, Dice: 0.0579, MSE: 0.0030
2025-04-15 01:25:16 - INFO - 模型已保存至: epoch_110.pth
2025-04-15 01:25:56 - INFO - Epoch 111/400, Loss: 0.0509, Dice: 0.0502, MSE: 0.0023
2025-04-15 01:26:36 - INFO - Epoch 112/400, Loss: 0.0455, Dice: 0.0449, MSE: 0.0021
2025-04-15 01:27:16 - INFO - Epoch 113/400, Loss: 0.0494, Dice: 0.0488, MSE: 0.0020
2025-04-15 01:27:56 - INFO - Epoch 114/400, Loss: 0.0475, Dice: 0.0468, MSE: 0.0025
2025-04-15 01:28:36 - INFO - Epoch 115/400, Loss: 0.0531, Dice: 0.0525, MSE: 0.0023
2025-04-15 01:29:17 - INFO - Epoch 116/400, Loss: 0.0547, Dice: 0.0539, MSE: 0.0028
2025-04-15 01:29:57 - INFO - Epoch 117/400, Loss: 0.0447, Dice: 0.0441, MSE: 0.0021
2025-04-15 01:30:37 - INFO - Epoch 118/400, Loss: 0.0520, Dice: 0.0514, MSE: 0.0022
2025-04-15 01:31:17 - INFO - Epoch 119/400, Loss: 0.0526, Dice: 0.0519, MSE: 0.0025
2025-04-15 01:31:57 - INFO - Epoch 120/400, Loss: 0.0543, Dice: 0.0536, MSE: 0.0023
2025-04-15 01:31:58 - INFO - 模型已保存至: epoch_120.pth
2025-04-15 01:32:38 - INFO - Epoch 121/400, Loss: 0.0517, Dice: 0.0509, MSE: 0.0025
2025-04-15 01:33:18 - INFO - Epoch 122/400, Loss: 0.0490, Dice: 0.0482, MSE: 0.0027
2025-04-15 01:33:58 - INFO - Epoch 123/400, Loss: 0.0507, Dice: 0.0500, MSE: 0.0023
2025-04-15 01:34:38 - INFO - Epoch 124/400, Loss: 0.0518, Dice: 0.0510, MSE: 0.0027
2025-04-15 01:35:18 - INFO - Epoch 125/400, Loss: 0.0581, Dice: 0.0573, MSE: 0.0026
2025-04-15 01:35:59 - INFO - Epoch 126/400, Loss: 0.0485, Dice: 0.0479, MSE: 0.0021
2025-04-15 01:36:39 - INFO - Epoch 127/400, Loss: 0.0615, Dice: 0.0606, MSE: 0.0030
2025-04-15 01:37:19 - INFO - Epoch 128/400, Loss: 0.0487, Dice: 0.0481, MSE: 0.0023
2025-04-15 01:37:59 - INFO - Epoch 129/400, Loss: 0.0454, Dice: 0.0448, MSE: 0.0020
2025-04-15 01:38:39 - INFO - Epoch 130/400, Loss: 0.0451, Dice: 0.0444, MSE: 0.0022
2025-04-15 01:38:40 - INFO - 模型已保存至: epoch_130.pth
2025-04-15 01:39:20 - INFO - Epoch 131/400, Loss: 0.0467, Dice: 0.0461, MSE: 0.0020
2025-04-15 01:40:00 - INFO - Epoch 132/400, Loss: 0.0427, Dice: 0.0420, MSE: 0.0022
2025-04-15 01:40:40 - INFO - Epoch 133/400, Loss: 0.0476, Dice: 0.0469, MSE: 0.0024
2025-04-15 01:41:20 - INFO - Epoch 134/400, Loss: 0.0532, Dice: 0.0525, MSE: 0.0023
2025-04-15 01:42:00 - INFO - Epoch 135/400, Loss: 0.0468, Dice: 0.0461, MSE: 0.0022
2025-04-15 01:42:40 - INFO - Epoch 136/400, Loss: 0.0512, Dice: 0.0505, MSE: 0.0024
2025-04-15 01:43:20 - INFO - Epoch 137/400, Loss: 0.0486, Dice: 0.0479, MSE: 0.0024
2025-04-15 01:44:00 - INFO - Epoch 138/400, Loss: 0.0532, Dice: 0.0524, MSE: 0.0025
2025-04-15 01:44:40 - INFO - Epoch 139/400, Loss: 0.0588, Dice: 0.0580, MSE: 0.0026
2025-04-15 01:45:20 - INFO - Epoch 140/400, Loss: 0.0481, Dice: 0.0474, MSE: 0.0024
2025-04-15 01:45:21 - INFO - 模型已保存至: epoch_140.pth
2025-04-15 01:46:01 - INFO - Epoch 141/400, Loss: 0.0529, Dice: 0.0523, MSE: 0.0021
2025-04-15 01:46:41 - INFO - Epoch 142/400, Loss: 0.0474, Dice: 0.0467, MSE: 0.0023
2025-04-15 01:47:21 - INFO - Epoch 143/400, Loss: 0.0451, Dice: 0.0444, MSE: 0.0021
2025-04-15 01:48:02 - INFO - Epoch 144/400, Loss: 0.0386, Dice: 0.0379, MSE: 0.0022
2025-04-15 01:48:42 - INFO - Epoch 145/400, Loss: 0.0500, Dice: 0.0493, MSE: 0.0026
2025-04-15 01:49:22 - INFO - Epoch 146/400, Loss: 0.0500, Dice: 0.0492, MSE: 0.0024
2025-04-15 01:50:02 - INFO - Epoch 147/400, Loss: 0.0488, Dice: 0.0481, MSE: 0.0022
2025-04-15 01:50:42 - INFO - Epoch 148/400, Loss: 0.0619, Dice: 0.0611, MSE: 0.0026
2025-04-15 01:51:22 - INFO - Epoch 149/400, Loss: 0.0486, Dice: 0.0479, MSE: 0.0024
2025-04-15 01:52:02 - INFO - Epoch 150/400, Loss: 0.0477, Dice: 0.0470, MSE: 0.0022
2025-04-15 01:52:03 - INFO - 模型已保存至: epoch_150.pth
2025-04-15 01:52:43 - INFO - Epoch 151/400, Loss: 0.0492, Dice: 0.0485, MSE: 0.0022
2025-04-15 01:53:23 - INFO - Epoch 152/400, Loss: 0.0526, Dice: 0.0518, MSE: 0.0025
2025-04-15 01:54:03 - INFO - Epoch 153/400, Loss: 0.0466, Dice: 0.0460, MSE: 0.0023
2025-04-15 01:54:43 - INFO - Epoch 154/400, Loss: 0.0446, Dice: 0.0440, MSE: 0.0022
2025-04-15 01:55:23 - INFO - Epoch 155/400, Loss: 0.0542, Dice: 0.0534, MSE: 0.0025
2025-04-15 01:56:03 - INFO - Epoch 156/400, Loss: 0.0450, Dice: 0.0443, MSE: 0.0022
2025-04-15 01:56:43 - INFO - Epoch 157/400, Loss: 0.0462, Dice: 0.0456, MSE: 0.0022
2025-04-15 01:57:23 - INFO - Epoch 158/400, Loss: 0.0461, Dice: 0.0454, MSE: 0.0021
2025-04-15 01:58:03 - INFO - Epoch 159/400, Loss: 0.0440, Dice: 0.0434, MSE: 0.0020
2025-04-15 01:58:43 - INFO - Epoch 160/400, Loss: 0.0476, Dice: 0.0469, MSE: 0.0024
2025-04-15 01:58:44 - INFO - 模型已保存至: epoch_160.pth
2025-04-15 01:59:24 - INFO - Epoch 161/400, Loss: 0.0453, Dice: 0.0446, MSE: 0.0024
2025-04-15 02:00:04 - INFO - Epoch 162/400, Loss: 0.0479, Dice: 0.0472, MSE: 0.0024
2025-04-15 02:00:44 - INFO - Epoch 163/400, Loss: 0.0379, Dice: 0.0372, MSE: 0.0022
2025-04-15 02:01:24 - INFO - Epoch 164/400, Loss: 0.0411, Dice: 0.0404, MSE: 0.0022
2025-04-15 02:02:04 - INFO - Epoch 165/400, Loss: 0.0478, Dice: 0.0471, MSE: 0.0023
2025-04-15 02:02:44 - INFO - Epoch 166/400, Loss: 0.0483, Dice: 0.0474, MSE: 0.0028
2025-04-15 02:03:24 - INFO - Epoch 167/400, Loss: 0.0417, Dice: 0.0410, MSE: 0.0021
2025-04-15 02:04:04 - INFO - Epoch 168/400, Loss: 0.0466, Dice: 0.0459, MSE: 0.0023
2025-04-15 02:04:44 - INFO - Epoch 169/400, Loss: 0.0463, Dice: 0.0457, MSE: 0.0020
2025-04-15 02:05:24 - INFO - Epoch 170/400, Loss: 0.0445, Dice: 0.0438, MSE: 0.0022
2025-04-15 02:05:25 - INFO - 模型已保存至: epoch_170.pth
2025-04-15 02:06:05 - INFO - Epoch 171/400, Loss: 0.0439, Dice: 0.0432, MSE: 0.0025
2025-04-15 02:06:45 - INFO - Epoch 172/400, Loss: 0.0449, Dice: 0.0443, MSE: 0.0022
2025-04-15 02:07:25 - INFO - Epoch 173/400, Loss: 0.0457, Dice: 0.0450, MSE: 0.0022
2025-04-15 02:08:06 - INFO - Epoch 174/400, Loss: 0.0408, Dice: 0.0402, MSE: 0.0020
2025-04-15 02:08:46 - INFO - Epoch 175/400, Loss: 0.0435, Dice: 0.0428, MSE: 0.0025
2025-04-15 02:09:26 - INFO - Epoch 176/400, Loss: 0.0425, Dice: 0.0419, MSE: 0.0022
2025-04-15 02:10:06 - INFO - Epoch 177/400, Loss: 0.0419, Dice: 0.0412, MSE: 0.0023
2025-04-15 02:10:46 - INFO - Epoch 178/400, Loss: 0.0511, Dice: 0.0505, MSE: 0.0022
2025-04-15 02:11:26 - INFO - Epoch 179/400, Loss: 0.0490, Dice: 0.0483, MSE: 0.0021
2025-04-15 02:12:06 - INFO - Epoch 180/400, Loss: 0.0595, Dice: 0.0587, MSE: 0.0027
2025-04-15 02:12:07 - INFO - 模型已保存至: epoch_180.pth
2025-04-15 02:12:47 - INFO - Epoch 181/400, Loss: 0.0485, Dice: 0.0478, MSE: 0.0023
2025-04-15 02:13:27 - INFO - Epoch 182/400, Loss: 0.0445, Dice: 0.0439, MSE: 0.0021
2025-04-15 02:14:07 - INFO - Epoch 183/400, Loss: 0.0466, Dice: 0.0459, MSE: 0.0021
2025-04-15 02:14:47 - INFO - Epoch 184/400, Loss: 0.0459, Dice: 0.0453, MSE: 0.0021
2025-04-15 02:15:27 - INFO - Epoch 185/400, Loss: 0.0434, Dice: 0.0428, MSE: 0.0021
2025-04-15 02:16:07 - INFO - Epoch 186/400, Loss: 0.0405, Dice: 0.0399, MSE: 0.0021
2025-04-15 02:16:47 - INFO - Epoch 187/400, Loss: 0.0417, Dice: 0.0410, MSE: 0.0022
2025-04-15 02:17:27 - INFO - Epoch 188/400, Loss: 0.0426, Dice: 0.0420, MSE: 0.0020
2025-04-15 02:18:07 - INFO - Epoch 189/400, Loss: 0.0476, Dice: 0.0470, MSE: 0.0022
2025-04-15 02:18:47 - INFO - Epoch 190/400, Loss: 0.0422, Dice: 0.0415, MSE: 0.0021
2025-04-15 02:18:48 - INFO - 模型已保存至: epoch_190.pth
2025-04-15 02:19:28 - INFO - Epoch 191/400, Loss: 0.0422, Dice: 0.0415, MSE: 0.0022
2025-04-15 02:20:08 - INFO - Epoch 192/400, Loss: 0.0519, Dice: 0.0512, MSE: 0.0024
2025-04-15 02:20:48 - INFO - Epoch 193/400, Loss: 0.0440, Dice: 0.0434, MSE: 0.0019
2025-04-15 02:21:28 - INFO - Epoch 194/400, Loss: 0.0397, Dice: 0.0391, MSE: 0.0020
2025-04-15 02:22:08 - INFO - Epoch 195/400, Loss: 0.0399, Dice: 0.0392, MSE: 0.0022
2025-04-15 02:22:48 - INFO - Epoch 196/400, Loss: 0.0427, Dice: 0.0419, MSE: 0.0025
2025-04-15 02:23:28 - INFO - Epoch 197/400, Loss: 0.0437, Dice: 0.0430, MSE: 0.0025
2025-04-15 02:24:08 - INFO - Epoch 198/400, Loss: 0.0421, Dice: 0.0415, MSE: 0.0019
2025-04-15 02:24:48 - INFO - Epoch 199/400, Loss: 0.0425, Dice: 0.0419, MSE: 0.0021
2025-04-15 02:25:28 - INFO - Epoch 200/400, Loss: 0.0469, Dice: 0.0461, MSE: 0.0026
2025-04-15 02:25:29 - INFO - 模型已保存至: epoch_200.pth
2025-04-15 02:26:09 - INFO - Epoch 201/400, Loss: 0.0576, Dice: 0.0566, MSE: 0.0032
2025-04-15 02:26:49 - INFO - Epoch 202/400, Loss: 0.0481, Dice: 0.0474, MSE: 0.0023
2025-04-15 02:27:29 - INFO - Epoch 203/400, Loss: 0.0442, Dice: 0.0434, MSE: 0.0024
2025-04-15 02:28:09 - INFO - Epoch 204/400, Loss: 0.0433, Dice: 0.0428, MSE: 0.0018
2025-04-15 02:28:49 - INFO - Epoch 205/400, Loss: 0.0419, Dice: 0.0413, MSE: 0.0020
2025-04-15 02:29:29 - INFO - Epoch 206/400, Loss: 0.0436, Dice: 0.0430, MSE: 0.0022
2025-04-15 02:30:09 - INFO - Epoch 207/400, Loss: 0.0400, Dice: 0.0393, MSE: 0.0022
2025-04-15 02:30:49 - INFO - Epoch 208/400, Loss: 0.0427, Dice: 0.0421, MSE: 0.0020
2025-04-15 02:31:29 - INFO - Epoch 209/400, Loss: 0.0460, Dice: 0.0454, MSE: 0.0022
2025-04-15 02:32:09 - INFO - Epoch 210/400, Loss: 0.0423, Dice: 0.0417, MSE: 0.0021
2025-04-15 02:32:10 - INFO - 模型已保存至: epoch_210.pth
2025-04-15 02:32:50 - INFO - Epoch 211/400, Loss: 0.0429, Dice: 0.0422, MSE: 0.0023
2025-04-15 02:33:30 - INFO - Epoch 212/400, Loss: 0.0443, Dice: 0.0435, MSE: 0.0024
2025-04-15 02:34:09 - INFO - Epoch 213/400, Loss: 0.0475, Dice: 0.0467, MSE: 0.0026
2025-04-15 02:34:49 - INFO - Epoch 214/400, Loss: 0.0421, Dice: 0.0414, MSE: 0.0022
2025-04-15 02:35:30 - INFO - Epoch 215/400, Loss: 0.0386, Dice: 0.0379, MSE: 0.0021
2025-04-15 02:36:10 - INFO - Epoch 216/400, Loss: 0.0480, Dice: 0.0472, MSE: 0.0026
2025-04-15 02:36:50 - INFO - Epoch 217/400, Loss: 0.0408, Dice: 0.0402, MSE: 0.0020
2025-04-15 02:37:29 - INFO - Epoch 218/400, Loss: 0.0448, Dice: 0.0441, MSE: 0.0023
2025-04-15 02:38:09 - INFO - Epoch 219/400, Loss: 0.0437, Dice: 0.0430, MSE: 0.0024
2025-04-15 02:38:49 - INFO - Epoch 220/400, Loss: 0.0467, Dice: 0.0460, MSE: 0.0023
2025-04-15 02:38:50 - INFO - 模型已保存至: epoch_220.pth
2025-04-15 02:39:30 - INFO - Epoch 221/400, Loss: 0.0419, Dice: 0.0412, MSE: 0.0022
2025-04-15 02:40:10 - INFO - Epoch 222/400, Loss: 0.0359, Dice: 0.0352, MSE: 0.0023
2025-04-15 02:40:50 - INFO - Epoch 223/400, Loss: 0.0398, Dice: 0.0392, MSE: 0.0020
2025-04-15 02:41:30 - INFO - Epoch 224/400, Loss: 0.0380, Dice: 0.0374, MSE: 0.0021
2025-04-15 02:42:10 - INFO - Epoch 225/400, Loss: 0.0427, Dice: 0.0421, MSE: 0.0020
2025-04-15 02:42:50 - INFO - Epoch 226/400, Loss: 0.0474, Dice: 0.0467, MSE: 0.0024
2025-04-15 02:43:30 - INFO - Epoch 227/400, Loss: 0.0442, Dice: 0.0436, MSE: 0.0020
2025-04-15 02:44:10 - INFO - Epoch 228/400, Loss: 0.0397, Dice: 0.0392, MSE: 0.0020
2025-04-15 02:44:50 - INFO - Epoch 229/400, Loss: 0.0372, Dice: 0.0365, MSE: 0.0025
2025-04-15 02:45:30 - INFO - Epoch 230/400, Loss: 0.0442, Dice: 0.0434, MSE: 0.0029
2025-04-15 02:45:31 - INFO - 模型已保存至: epoch_230.pth
2025-04-15 02:46:11 - INFO - Epoch 231/400, Loss: 0.0429, Dice: 0.0423, MSE: 0.0022
2025-04-15 02:46:51 - INFO - Epoch 232/400, Loss: 0.0389, Dice: 0.0383, MSE: 0.0020
2025-04-15 02:47:31 - INFO - Epoch 233/400, Loss: 0.0425, Dice: 0.0418, MSE: 0.0022
2025-04-15 02:48:11 - INFO - Epoch 234/400, Loss: 0.0413, Dice: 0.0407, MSE: 0.0019
2025-04-15 02:48:51 - INFO - Epoch 235/400, Loss: 0.0402, Dice: 0.0396, MSE: 0.0020
2025-04-15 02:49:31 - INFO - Epoch 236/400, Loss: 0.0448, Dice: 0.0442, MSE: 0.0021
2025-04-15 02:50:11 - INFO - Epoch 237/400, Loss: 0.0479, Dice: 0.0472, MSE: 0.0023
2025-04-15 02:50:51 - INFO - Epoch 238/400, Loss: 0.0448, Dice: 0.0441, MSE: 0.0022
2025-04-15 02:51:31 - INFO - Epoch 239/400, Loss: 0.0418, Dice: 0.0412, MSE: 0.0021
2025-04-15 02:52:11 - INFO - Epoch 240/400, Loss: 0.0432, Dice: 0.0425, MSE: 0.0024
2025-04-15 02:52:12 - INFO - 模型已保存至: epoch_240.pth
2025-04-15 02:52:52 - INFO - Epoch 241/400, Loss: 0.0449, Dice: 0.0442, MSE: 0.0022
2025-04-15 02:53:32 - INFO - Epoch 242/400, Loss: 0.0404, Dice: 0.0396, MSE: 0.0025
2025-04-15 02:54:12 - INFO - Epoch 243/400, Loss: 0.0441, Dice: 0.0435, MSE: 0.0020
2025-04-15 02:54:52 - INFO - Epoch 244/400, Loss: 0.0387, Dice: 0.0381, MSE: 0.0021
2025-04-15 02:55:32 - INFO - Epoch 245/400, Loss: 0.0341, Dice: 0.0335, MSE: 0.0021
2025-04-15 02:56:12 - INFO - Epoch 246/400, Loss: 0.0388, Dice: 0.0381, MSE: 0.0024
2025-04-15 02:56:52 - INFO - Epoch 247/400, Loss: 0.0394, Dice: 0.0388, MSE: 0.0019
2025-04-15 02:57:32 - INFO - Epoch 248/400, Loss: 0.0409, Dice: 0.0402, MSE: 0.0023
2025-04-15 02:58:12 - INFO - Epoch 249/400, Loss: 0.0400, Dice: 0.0394, MSE: 0.0020
2025-04-15 02:58:52 - INFO - Epoch 250/400, Loss: 0.0412, Dice: 0.0405, MSE: 0.0023
2025-04-15 02:58:52 - INFO - 模型已保存至: epoch_250.pth
2025-04-15 02:59:32 - INFO - Epoch 251/400, Loss: 0.0428, Dice: 0.0421, MSE: 0.0024
2025-04-15 03:00:12 - INFO - Epoch 252/400, Loss: 0.0466, Dice: 0.0459, MSE: 0.0024
2025-04-15 03:00:52 - INFO - Epoch 253/400, Loss: 0.0491, Dice: 0.0484, MSE: 0.0024
2025-04-15 03:01:32 - INFO - Epoch 254/400, Loss: 0.0435, Dice: 0.0429, MSE: 0.0020
2025-04-15 03:02:12 - INFO - Epoch 255/400, Loss: 0.0373, Dice: 0.0367, MSE: 0.0022
2025-04-15 03:02:52 - INFO - Epoch 256/400, Loss: 0.0363, Dice: 0.0356, MSE: 0.0022
2025-04-15 03:03:32 - INFO - Epoch 257/400, Loss: 0.0369, Dice: 0.0361, MSE: 0.0024
2025-04-15 03:04:12 - INFO - Epoch 258/400, Loss: 0.0432, Dice: 0.0425, MSE: 0.0021
2025-04-15 03:04:52 - INFO - Epoch 259/400, Loss: 0.0377, Dice: 0.0371, MSE: 0.0021
2025-04-15 03:05:32 - INFO - Epoch 260/400, Loss: 0.0392, Dice: 0.0386, MSE: 0.0022
2025-04-15 03:05:33 - INFO - 模型已保存至: epoch_260.pth
2025-04-15 03:06:13 - INFO - Epoch 261/400, Loss: 0.0424, Dice: 0.0417, MSE: 0.0023
2025-04-15 03:06:53 - INFO - Epoch 262/400, Loss: 0.0470, Dice: 0.0462, MSE: 0.0027
2025-04-15 03:07:33 - INFO - Epoch 263/400, Loss: 0.0444, Dice: 0.0436, MSE: 0.0024
2025-04-15 03:08:13 - INFO - Epoch 264/400, Loss: 0.0446, Dice: 0.0439, MSE: 0.0025
2025-04-15 03:08:53 - INFO - Epoch 265/400, Loss: 0.0390, Dice: 0.0383, MSE: 0.0022
2025-04-15 03:09:33 - INFO - Epoch 266/400, Loss: 0.0428, Dice: 0.0421, MSE: 0.0025
2025-04-15 03:10:13 - INFO - Epoch 267/400, Loss: 0.0436, Dice: 0.0429, MSE: 0.0022
2025-04-15 03:10:53 - INFO - Epoch 268/400, Loss: 0.0364, Dice: 0.0358, MSE: 0.0019
2025-04-15 03:11:33 - INFO - Epoch 269/400, Loss: 0.0348, Dice: 0.0342, MSE: 0.0019
2025-04-15 03:12:13 - INFO - Epoch 270/400, Loss: 0.0347, Dice: 0.0341, MSE: 0.0019
2025-04-15 03:12:14 - INFO - 模型已保存至: epoch_270.pth
2025-04-15 03:12:54 - INFO - Epoch 271/400, Loss: 0.0352, Dice: 0.0345, MSE: 0.0022
2025-04-15 03:13:34 - INFO - Epoch 272/400, Loss: 0.0441, Dice: 0.0434, MSE: 0.0023
2025-04-15 03:14:13 - INFO - Epoch 273/400, Loss: 0.0349, Dice: 0.0343, MSE: 0.0021
2025-04-15 03:14:53 - INFO - Epoch 274/400, Loss: 0.0350, Dice: 0.0343, MSE: 0.0021
2025-04-15 03:15:33 - INFO - Epoch 275/400, Loss: 0.0393, Dice: 0.0385, MSE: 0.0025
2025-04-15 03:16:13 - INFO - Epoch 276/400, Loss: 0.0430, Dice: 0.0424, MSE: 0.0021
2025-04-15 03:16:53 - INFO - Epoch 277/400, Loss: 0.0398, Dice: 0.0392, MSE: 0.0019
2025-04-15 03:17:33 - INFO - Epoch 278/400, Loss: 0.0374, Dice: 0.0367, MSE: 0.0023
2025-04-15 03:18:13 - INFO - Epoch 279/400, Loss: 0.0431, Dice: 0.0424, MSE: 0.0024
2025-04-15 03:18:53 - INFO - Epoch 280/400, Loss: 0.0395, Dice: 0.0389, MSE: 0.0019
2025-04-15 03:18:54 - INFO - 模型已保存至: epoch_280.pth
2025-04-15 03:19:34 - INFO - Epoch 281/400, Loss: 0.0363, Dice: 0.0356, MSE: 0.0022
2025-04-15 03:20:14 - INFO - Epoch 282/400, Loss: 0.0397, Dice: 0.0390, MSE: 0.0023
2025-04-15 03:20:54 - INFO - Epoch 283/400, Loss: 0.0517, Dice: 0.0509, MSE: 0.0028
2025-04-15 03:21:34 - INFO - Epoch 284/400, Loss: 0.0446, Dice: 0.0438, MSE: 0.0026
2025-04-15 03:22:14 - INFO - Epoch 285/400, Loss: 0.0378, Dice: 0.0373, MSE: 0.0019
2025-04-15 03:22:54 - INFO - Epoch 286/400, Loss: 0.0351, Dice: 0.0346, MSE: 0.0019
2025-04-15 03:23:34 - INFO - Epoch 287/400, Loss: 0.0386, Dice: 0.0380, MSE: 0.0020
2025-04-15 03:24:14 - INFO - Epoch 288/400, Loss: 0.0398, Dice: 0.0391, MSE: 0.0022
2025-04-15 03:24:54 - INFO - Epoch 289/400, Loss: 0.0375, Dice: 0.0368, MSE: 0.0022
2025-04-15 03:25:34 - INFO - Epoch 290/400, Loss: 0.0464, Dice: 0.0458, MSE: 0.0021
2025-04-15 03:25:35 - INFO - 模型已保存至: epoch_290.pth
2025-04-15 03:26:15 - INFO - Epoch 291/400, Loss: 0.0415, Dice: 0.0408, MSE: 0.0023
2025-04-15 03:26:55 - INFO - Epoch 292/400, Loss: 0.0395, Dice: 0.0389, MSE: 0.0020
2025-04-15 03:27:35 - INFO - Epoch 293/400, Loss: 0.0391, Dice: 0.0385, MSE: 0.0021
2025-04-15 03:28:15 - INFO - Epoch 294/400, Loss: 0.0362, Dice: 0.0356, MSE: 0.0021
2025-04-15 03:28:55 - INFO - Epoch 295/400, Loss: 0.0427, Dice: 0.0421, MSE: 0.0022
2025-04-15 03:29:34 - INFO - Epoch 296/400, Loss: 0.0392, Dice: 0.0385, MSE: 0.0022
2025-04-15 03:30:14 - INFO - Epoch 297/400, Loss: 0.0437, Dice: 0.0429, MSE: 0.0024
2025-04-15 03:30:54 - INFO - Epoch 298/400, Loss: 0.0410, Dice: 0.0404, MSE: 0.0020
2025-04-15 03:31:34 - INFO - Epoch 299/400, Loss: 0.0366, Dice: 0.0360, MSE: 0.0019
2025-04-15 03:32:14 - INFO - Epoch 300/400, Loss: 0.0375, Dice: 0.0370, MSE: 0.0018
2025-04-15 03:32:15 - INFO - 模型已保存至: epoch_300.pth
2025-04-15 03:32:55 - INFO - Epoch 301/400, Loss: 0.0353, Dice: 0.0348, MSE: 0.0018
2025-04-15 03:33:35 - INFO - Epoch 302/400, Loss: 0.0369, Dice: 0.0364, MSE: 0.0017
2025-04-15 03:34:15 - INFO - Epoch 303/400, Loss: 0.0399, Dice: 0.0393, MSE: 0.0020
2025-04-15 03:34:55 - INFO - Epoch 304/400, Loss: 0.0383, Dice: 0.0377, MSE: 0.0020
2025-04-15 03:35:35 - INFO - Epoch 305/400, Loss: 0.0421, Dice: 0.0414, MSE: 0.0024
2025-04-15 03:36:15 - INFO - Epoch 306/400, Loss: 0.0368, Dice: 0.0361, MSE: 0.0023
2025-04-15 03:36:55 - INFO - Epoch 307/400, Loss: 0.0394, Dice: 0.0388, MSE: 0.0021
2025-04-15 03:37:35 - INFO - Epoch 308/400, Loss: 0.0410, Dice: 0.0404, MSE: 0.0021
2025-04-15 03:38:15 - INFO - Epoch 309/400, Loss: 0.0399, Dice: 0.0393, MSE: 0.0020
2025-04-15 03:38:55 - INFO - Epoch 310/400, Loss: 0.0413, Dice: 0.0407, MSE: 0.0019
2025-04-15 03:38:55 - INFO - 模型已保存至: epoch_310.pth
2025-04-15 03:39:35 - INFO - Epoch 311/400, Loss: 0.0400, Dice: 0.0394, MSE: 0.0020
2025-04-15 03:40:15 - INFO - Epoch 312/400, Loss: 0.0398, Dice: 0.0390, MSE: 0.0025
2025-04-15 03:40:55 - INFO - Epoch 313/400, Loss: 0.0414, Dice: 0.0408, MSE: 0.0022
2025-04-15 03:41:35 - INFO - Epoch 314/400, Loss: 0.0417, Dice: 0.0411, MSE: 0.0021
2025-04-15 03:42:15 - INFO - Epoch 315/400, Loss: 0.0402, Dice: 0.0395, MSE: 0.0025
2025-04-15 03:42:55 - INFO - Epoch 316/400, Loss: 0.0383, Dice: 0.0377, MSE: 0.0021
2025-04-15 03:43:35 - INFO - Epoch 317/400, Loss: 0.0326, Dice: 0.0320, MSE: 0.0020
2025-04-15 03:44:15 - INFO - Epoch 318/400, Loss: 0.0385, Dice: 0.0378, MSE: 0.0022
2025-04-15 03:44:55 - INFO - Epoch 319/400, Loss: 0.0383, Dice: 0.0376, MSE: 0.0021
2025-04-15 03:45:35 - INFO - Epoch 320/400, Loss: 0.0400, Dice: 0.0394, MSE: 0.0022
2025-04-15 03:45:36 - INFO - 模型已保存至: epoch_320.pth
2025-04-15 03:46:16 - INFO - Epoch 321/400, Loss: 0.0408, Dice: 0.0402, MSE: 0.0021
2025-04-15 03:46:56 - INFO - Epoch 322/400, Loss: 0.0406, Dice: 0.0398, MSE: 0.0026
2025-04-15 03:47:36 - INFO - Epoch 323/400, Loss: 0.0373, Dice: 0.0366, MSE: 0.0022
2025-04-15 03:48:16 - INFO - Epoch 324/400, Loss: 0.0327, Dice: 0.0321, MSE: 0.0019
2025-04-15 03:48:56 - INFO - Epoch 325/400, Loss: 0.0361, Dice: 0.0355, MSE: 0.0020
2025-04-15 03:49:36 - INFO - Epoch 326/400, Loss: 0.0343, Dice: 0.0337, MSE: 0.0021
2025-04-15 03:50:16 - INFO - Epoch 327/400, Loss: 0.0354, Dice: 0.0347, MSE: 0.0023
2025-04-15 03:50:56 - INFO - Epoch 328/400, Loss: 0.0409, Dice: 0.0402, MSE: 0.0021
2025-04-15 03:51:36 - INFO - Epoch 329/400, Loss: 0.0392, Dice: 0.0386, MSE: 0.0022
2025-04-15 03:52:16 - INFO - Epoch 330/400, Loss: 0.0377, Dice: 0.0371, MSE: 0.0022
2025-04-15 03:52:17 - INFO - 模型已保存至: epoch_330.pth
2025-04-15 03:52:57 - INFO - Epoch 331/400, Loss: 0.0387, Dice: 0.0380, MSE: 0.0023
2025-04-15 03:53:36 - INFO - Epoch 332/400, Loss: 0.0386, Dice: 0.0378, MSE: 0.0025
2025-04-15 03:54:16 - INFO - Epoch 333/400, Loss: 0.0411, Dice: 0.0405, MSE: 0.0022
2025-04-15 03:54:56 - INFO - Epoch 334/400, Loss: 0.0456, Dice: 0.0447, MSE: 0.0028
2025-04-15 03:55:36 - INFO - Epoch 335/400, Loss: 0.0403, Dice: 0.0396, MSE: 0.0022
2025-04-15 03:56:16 - INFO - Epoch 336/400, Loss: 0.0379, Dice: 0.0373, MSE: 0.0022
2025-04-15 03:56:56 - INFO - Epoch 337/400, Loss: 0.0375, Dice: 0.0368, MSE: 0.0022
2025-04-15 03:57:36 - INFO - Epoch 338/400, Loss: 0.0376, Dice: 0.0369, MSE: 0.0021
2025-04-15 03:58:16 - INFO - Epoch 339/400, Loss: 0.0391, Dice: 0.0385, MSE: 0.0021
2025-04-15 03:58:56 - INFO - Epoch 340/400, Loss: 0.0392, Dice: 0.0385, MSE: 0.0023
2025-04-15 03:58:57 - INFO - 模型已保存至: epoch_340.pth
2025-04-15 03:59:37 - INFO - Epoch 341/400, Loss: 0.0359, Dice: 0.0352, MSE: 0.0022
2025-04-15 04:00:17 - INFO - Epoch 342/400, Loss: 0.0443, Dice: 0.0436, MSE: 0.0026
2025-04-15 04:00:57 - INFO - Epoch 343/400, Loss: 0.0388, Dice: 0.0381, MSE: 0.0022
2025-04-15 04:01:37 - INFO - Epoch 344/400, Loss: 0.0331, Dice: 0.0325, MSE: 0.0020
2025-04-15 04:02:17 - INFO - Epoch 345/400, Loss: 0.0330, Dice: 0.0323, MSE: 0.0024
2025-04-15 04:02:57 - INFO - Epoch 346/400, Loss: 0.0432, Dice: 0.0424, MSE: 0.0026
2025-04-15 04:03:37 - INFO - Epoch 347/400, Loss: 0.0423, Dice: 0.0416, MSE: 0.0023
2025-04-15 04:04:16 - INFO - Epoch 348/400, Loss: 0.0388, Dice: 0.0382, MSE: 0.0020
2025-04-15 04:04:56 - INFO - Epoch 349/400, Loss: 0.0366, Dice: 0.0361, MSE: 0.0020
2025-04-15 04:05:36 - INFO - Epoch 350/400, Loss: 0.0382, Dice: 0.0376, MSE: 0.0021
2025-04-15 04:05:37 - INFO - 模型已保存至: epoch_350.pth
2025-04-15 04:06:17 - INFO - Epoch 351/400, Loss: 0.0355, Dice: 0.0349, MSE: 0.0020
2025-04-15 04:06:57 - INFO - Epoch 352/400, Loss: 0.0379, Dice: 0.0373, MSE: 0.0020
2025-04-15 04:07:37 - INFO - Epoch 353/400, Loss: 0.0394, Dice: 0.0388, MSE: 0.0022
2025-04-15 04:08:17 - INFO - Epoch 354/400, Loss: 0.0412, Dice: 0.0405, MSE: 0.0024
2025-04-15 04:08:57 - INFO - Epoch 355/400, Loss: 0.0437, Dice: 0.0429, MSE: 0.0026
2025-04-15 04:09:37 - INFO - Epoch 356/400, Loss: 0.0341, Dice: 0.0335, MSE: 0.0021
2025-04-15 04:10:17 - INFO - Epoch 357/400, Loss: 0.0381, Dice: 0.0373, MSE: 0.0024
2025-04-15 04:10:57 - INFO - Epoch 358/400, Loss: 0.0329, Dice: 0.0322, MSE: 0.0022
2025-04-15 04:11:37 - INFO - Epoch 359/400, Loss: 0.0388, Dice: 0.0382, MSE: 0.0020
2025-04-15 04:12:17 - INFO - Epoch 360/400, Loss: 0.0415, Dice: 0.0409, MSE: 0.0020
2025-04-15 04:12:18 - INFO - 模型已保存至: epoch_360.pth
2025-04-15 04:12:58 - INFO - Epoch 361/400, Loss: 0.0359, Dice: 0.0352, MSE: 0.0021
2025-04-15 04:13:37 - INFO - Epoch 362/400, Loss: 0.0371, Dice: 0.0364, MSE: 0.0021
2025-04-15 04:14:17 - INFO - Epoch 363/400, Loss: 0.0398, Dice: 0.0392, MSE: 0.0022
2025-04-15 04:14:57 - INFO - Epoch 364/400, Loss: 0.0376, Dice: 0.0369, MSE: 0.0023
2025-04-15 04:15:37 - INFO - Epoch 365/400, Loss: 0.0389, Dice: 0.0382, MSE: 0.0022
2025-04-15 04:16:17 - INFO - Epoch 366/400, Loss: 0.0339, Dice: 0.0333, MSE: 0.0021
2025-04-15 04:16:57 - INFO - Epoch 367/400, Loss: 0.0390, Dice: 0.0384, MSE: 0.0021
2025-04-15 04:17:37 - INFO - Epoch 368/400, Loss: 0.0348, Dice: 0.0341, MSE: 0.0021
2025-04-15 04:18:17 - INFO - Epoch 369/400, Loss: 0.0324, Dice: 0.0318, MSE: 0.0021
2025-04-15 04:18:57 - INFO - Epoch 370/400, Loss: 0.0368, Dice: 0.0362, MSE: 0.0021
2025-04-15 04:18:58 - INFO - 模型已保存至: epoch_370.pth
2025-04-15 04:19:38 - INFO - Epoch 371/400, Loss: 0.0328, Dice: 0.0321, MSE: 0.0022
2025-04-15 04:20:18 - INFO - Epoch 372/400, Loss: 0.0347, Dice: 0.0340, MSE: 0.0022
2025-04-15 04:20:58 - INFO - Epoch 373/400, Loss: 0.0388, Dice: 0.0381, MSE: 0.0023
2025-04-15 04:21:38 - INFO - Epoch 374/400, Loss: 0.0449, Dice: 0.0441, MSE: 0.0024
2025-04-15 04:22:18 - INFO - Epoch 375/400, Loss: 0.0402, Dice: 0.0395, MSE: 0.0022
2025-04-15 04:22:58 - INFO - Epoch 376/400, Loss: 0.0396, Dice: 0.0390, MSE: 0.0023
2025-04-15 04:23:38 - INFO - Epoch 377/400, Loss: 0.0380, Dice: 0.0373, MSE: 0.0023
2025-04-15 04:24:17 - INFO - Epoch 378/400, Loss: 0.0414, Dice: 0.0406, MSE: 0.0026
2025-04-15 04:24:57 - INFO - Epoch 379/400, Loss: 0.0417, Dice: 0.0410, MSE: 0.0025
2025-04-15 04:25:37 - INFO - Epoch 380/400, Loss: 0.0416, Dice: 0.0408, MSE: 0.0024
2025-04-15 04:25:38 - INFO - 模型已保存至: epoch_380.pth
2025-04-15 04:26:18 - INFO - Epoch 381/400, Loss: 0.0449, Dice: 0.0443, MSE: 0.0021
2025-04-15 04:26:58 - INFO - Epoch 382/400, Loss: 0.0440, Dice: 0.0433, MSE: 0.0023
2025-04-15 04:27:38 - INFO - Epoch 383/400, Loss: 0.0360, Dice: 0.0353, MSE: 0.0024
2025-04-15 04:28:18 - INFO - Epoch 384/400, Loss: 0.0343, Dice: 0.0337, MSE: 0.0021
2025-04-15 04:28:58 - INFO - Epoch 385/400, Loss: 0.0366, Dice: 0.0359, MSE: 0.0021
2025-04-15 04:29:38 - INFO - Epoch 386/400, Loss: 0.0309, Dice: 0.0302, MSE: 0.0022
2025-04-15 04:30:18 - INFO - Epoch 387/400, Loss: 0.0327, Dice: 0.0321, MSE: 0.0022
2025-04-15 04:30:58 - INFO - Epoch 388/400, Loss: 0.0376, Dice: 0.0370, MSE: 0.0020
2025-04-15 04:31:38 - INFO - Epoch 389/400, Loss: 0.0344, Dice: 0.0338, MSE: 0.0019
2025-04-15 04:32:18 - INFO - Epoch 390/400, Loss: 0.0319, Dice: 0.0313, MSE: 0.0020
2025-04-15 04:32:18 - INFO - 模型已保存至: epoch_390.pth
2025-04-15 04:32:58 - INFO - Epoch 391/400, Loss: 0.0327, Dice: 0.0321, MSE: 0.0021
2025-04-15 04:33:38 - INFO - Epoch 392/400, Loss: 0.0345, Dice: 0.0338, MSE: 0.0022
2025-04-15 04:34:18 - INFO - Epoch 393/400, Loss: 0.0330, Dice: 0.0323, MSE: 0.0021
2025-04-15 04:34:58 - INFO - Epoch 394/400, Loss: 0.0348, Dice: 0.0342, MSE: 0.0021
2025-04-15 04:35:38 - INFO - Epoch 395/400, Loss: 0.0357, Dice: 0.0351, MSE: 0.0021
2025-04-15 04:36:18 - INFO - Epoch 396/400, Loss: 0.0404, Dice: 0.0398, MSE: 0.0021
2025-04-15 04:36:58 - INFO - Epoch 397/400, Loss: 0.0434, Dice: 0.0427, MSE: 0.0021
2025-04-15 04:37:38 - INFO - Epoch 398/400, Loss: 0.0347, Dice: 0.0341, MSE: 0.0020
2025-04-15 04:38:18 - INFO - Epoch 399/400, Loss: 0.0349, Dice: 0.0343, MSE: 0.0020
2025-04-15 04:38:58 - INFO - Epoch 400/400, Loss: 0.0306, Dice: 0.0299, MSE: 0.0022
2025-04-15 04:38:59 - INFO - 模型已保存至: epoch_400.pth
2025-04-15 04:38:59 - INFO - 训练完成！
