2025-04-28 22:38:42 - INFO - Logging is set up.
2025-04-28 22:38:42 - INFO - 
======================================== New Training Session ========================================
2025-04-28 22:38:42 - INFO - Configuration:
{
    "seed": 42,
    "epochs": 1000,
    "batch_size": 4,
    "learning_rate": 0.0001,
    "log_path": "./result/VNet/LA_16/Training.log",
    "pth_path": "./result/VNet/LA_16/Pth",
    "tensorboard_path": "./result/VNet/LA_16/Train",
    "continue_train": false,
    "multi_gpu": true,
    "training_num": 16,
    "dataset_name": "LA",
    "dataset_path": "./datasets/LA",
    "num_classes": 2,
    "prompt_weight_path": "./result/Pretrained",
    "patch_size": [
        112,
        112,
        80
    ]
}
2025-04-28 22:38:42 - INFO - TensorBoard logging directory: ./result/VNet/LA_16/Train/20250428-223842
2025-04-28 22:38:42 - INFO - Training dataset: 16
2025-04-28 22:38:43 - INFO - Optimizer: AdamW with parameters: {'lr': 0.0001, 'betas': (0.9, 0.999), 'eps': 1e-08, 'weight_decay': 0.01, 'amsgrad': False, 'maximize': False, 'foreach': None, 'capturable': False, 'differentiable': False, 'fused': None, 'decoupled_weight_decay': True}
2025-04-28 22:38:43 - INFO - Using CeDiceLoss 1:1
2025-04-28 22:38:49 - INFO - Epoch 1/1000, Batch 4/4, Loss: 1.6114
2025-04-28 22:38:52 - INFO - Epoch 2/1000, Batch 4/4, Loss: 1.5667
2025-04-28 22:38:55 - INFO - Epoch 3/1000, Batch 4/4, Loss: 1.3051
2025-04-28 22:38:58 - INFO - Epoch 4/1000, Batch 4/4, Loss: 1.2982
2025-04-28 22:39:01 - INFO - Epoch 5/1000, Batch 4/4, Loss: 1.2295
2025-04-28 22:39:04 - INFO - Epoch 6/1000, Batch 4/4, Loss: 1.3172
2025-04-28 22:39:06 - INFO - Epoch 7/1000, Batch 4/4, Loss: 1.1784
2025-04-28 22:39:10 - INFO - Epoch 8/1000, Batch 4/4, Loss: 1.3460
2025-04-28 22:39:13 - INFO - Epoch 9/1000, Batch 4/4, Loss: 1.1227
2025-04-28 22:39:16 - INFO - Epoch 10/1000, Batch 4/4, Loss: 1.1923
2025-04-28 22:39:19 - INFO - Epoch 11/1000, Batch 4/4, Loss: 1.1008
2025-04-28 22:39:22 - INFO - Epoch 12/1000, Batch 4/4, Loss: 1.1176
2025-04-28 22:39:25 - INFO - Epoch 13/1000, Batch 4/4, Loss: 1.0887
2025-04-28 22:39:28 - INFO - Epoch 14/1000, Batch 4/4, Loss: 1.2483
2025-04-28 22:39:31 - INFO - Epoch 15/1000, Batch 4/4, Loss: 1.0483
2025-04-28 22:39:34 - INFO - Epoch 16/1000, Batch 4/4, Loss: 1.0820
2025-04-28 22:39:37 - INFO - Epoch 17/1000, Batch 4/4, Loss: 1.1178
2025-04-28 22:39:40 - INFO - Epoch 18/1000, Batch 4/4, Loss: 1.1099
2025-04-28 22:39:43 - INFO - Epoch 19/1000, Batch 4/4, Loss: 1.0720
2025-04-28 22:39:46 - INFO - Epoch 20/1000, Batch 4/4, Loss: 0.8766
2025-04-28 22:39:46 - INFO - Created directory: ./result/VNet/LA_16/Pth
2025-04-28 22:39:46 - INFO - Saved checkpoint at epoch 20 at ./result/VNet/LA_16/Pth/model_epoch_20_checkpoint.pth
2025-04-28 22:39:49 - INFO - Epoch 21/1000, Batch 4/4, Loss: 1.0120
2025-04-28 22:39:52 - INFO - Epoch 22/1000, Batch 4/4, Loss: 0.8419
2025-04-28 22:39:55 - INFO - Epoch 23/1000, Batch 4/4, Loss: 1.0938
2025-04-28 22:39:58 - INFO - Epoch 24/1000, Batch 4/4, Loss: 0.8435
2025-04-28 22:40:01 - INFO - Epoch 25/1000, Batch 4/4, Loss: 0.9479
2025-04-28 22:40:04 - INFO - Epoch 26/1000, Batch 4/4, Loss: 0.9202
2025-04-28 22:40:07 - INFO - Epoch 27/1000, Batch 4/4, Loss: 0.9231
2025-04-28 22:40:10 - INFO - Epoch 28/1000, Batch 4/4, Loss: 0.9382
2025-04-28 22:40:13 - INFO - Epoch 29/1000, Batch 4/4, Loss: 0.7511
2025-04-28 22:40:16 - INFO - Epoch 30/1000, Batch 4/4, Loss: 1.0284
2025-04-28 22:40:19 - INFO - Epoch 31/1000, Batch 4/4, Loss: 0.8228
2025-04-28 22:40:22 - INFO - Epoch 32/1000, Batch 4/4, Loss: 0.6997
2025-04-28 22:40:25 - INFO - Epoch 33/1000, Batch 4/4, Loss: 0.8067
2025-04-28 22:40:29 - INFO - Epoch 34/1000, Batch 4/4, Loss: 0.8962
2025-04-28 22:40:31 - INFO - Epoch 35/1000, Batch 4/4, Loss: 1.0797
2025-04-28 22:40:34 - INFO - Epoch 36/1000, Batch 4/4, Loss: 0.8742
2025-04-28 22:40:37 - INFO - Epoch 37/1000, Batch 4/4, Loss: 0.9999
2025-04-28 22:40:40 - INFO - Epoch 38/1000, Batch 4/4, Loss: 0.8863
2025-04-28 22:40:43 - INFO - Epoch 39/1000, Batch 4/4, Loss: 0.8179
2025-04-28 22:40:46 - INFO - Epoch 40/1000, Batch 4/4, Loss: 0.7385
2025-04-28 22:40:46 - INFO - Saved checkpoint at epoch 40 at ./result/VNet/LA_16/Pth/model_epoch_40_checkpoint.pth
2025-04-28 22:40:49 - INFO - Epoch 41/1000, Batch 4/4, Loss: 0.9003
2025-04-28 22:40:53 - INFO - Epoch 42/1000, Batch 4/4, Loss: 0.7804
2025-04-28 22:40:56 - INFO - Epoch 43/1000, Batch 4/4, Loss: 0.7468
2025-04-28 22:40:59 - INFO - Epoch 44/1000, Batch 4/4, Loss: 0.6936
2025-04-28 22:41:02 - INFO - Epoch 45/1000, Batch 4/4, Loss: 0.8088
2025-04-28 22:41:05 - INFO - Epoch 46/1000, Batch 4/4, Loss: 0.6563
2025-04-28 22:41:08 - INFO - Epoch 47/1000, Batch 4/4, Loss: 0.6765
2025-04-28 22:41:11 - INFO - Epoch 48/1000, Batch 4/4, Loss: 0.7623
2025-04-28 22:41:14 - INFO - Epoch 49/1000, Batch 4/4, Loss: 1.0531
2025-04-28 22:41:16 - INFO - Epoch 50/1000, Batch 4/4, Loss: 0.6722
2025-04-28 22:41:19 - INFO - Epoch 51/1000, Batch 4/4, Loss: 0.7639
2025-04-28 22:41:23 - INFO - Epoch 52/1000, Batch 4/4, Loss: 0.6723
2025-04-28 22:41:26 - INFO - Epoch 53/1000, Batch 4/4, Loss: 0.6713
2025-04-28 22:41:29 - INFO - Epoch 54/1000, Batch 4/4, Loss: 0.7683
2025-04-28 22:41:32 - INFO - Epoch 55/1000, Batch 4/4, Loss: 0.5182
2025-04-28 22:41:35 - INFO - Epoch 56/1000, Batch 4/4, Loss: 0.9228
2025-04-28 22:41:38 - INFO - Epoch 57/1000, Batch 4/4, Loss: 0.6725
2025-04-28 22:41:41 - INFO - Epoch 58/1000, Batch 4/4, Loss: 0.7051
2025-04-28 22:41:44 - INFO - Epoch 59/1000, Batch 4/4, Loss: 0.8190
2025-04-28 22:41:47 - INFO - Epoch 60/1000, Batch 4/4, Loss: 0.6519
2025-04-28 22:41:47 - INFO - Saved checkpoint at epoch 60 at ./result/VNet/LA_16/Pth/model_epoch_60_checkpoint.pth
2025-04-28 22:41:50 - INFO - Epoch 61/1000, Batch 4/4, Loss: 0.9039
2025-04-28 22:41:53 - INFO - Epoch 62/1000, Batch 4/4, Loss: 0.7077
2025-04-28 22:41:56 - INFO - Epoch 63/1000, Batch 4/4, Loss: 0.6245
2025-04-28 22:41:58 - INFO - Epoch 64/1000, Batch 4/4, Loss: 0.8262
2025-04-28 22:42:02 - INFO - Epoch 65/1000, Batch 4/4, Loss: 0.6425
2025-04-28 22:42:05 - INFO - Epoch 66/1000, Batch 4/4, Loss: 0.5393
2025-04-28 22:42:08 - INFO - Epoch 67/1000, Batch 4/4, Loss: 0.8095
2025-04-28 22:42:11 - INFO - Epoch 68/1000, Batch 4/4, Loss: 0.8085
2025-04-28 22:42:14 - INFO - Epoch 69/1000, Batch 4/4, Loss: 0.6498
2025-04-28 22:42:17 - INFO - Epoch 70/1000, Batch 4/4, Loss: 0.7358
2025-04-28 22:42:20 - INFO - Epoch 71/1000, Batch 4/4, Loss: 0.5699
2025-04-28 22:42:23 - INFO - Epoch 72/1000, Batch 4/4, Loss: 0.7158
2025-04-28 22:42:26 - INFO - Epoch 73/1000, Batch 4/4, Loss: 0.7567
2025-04-28 22:42:29 - INFO - Epoch 74/1000, Batch 4/4, Loss: 0.6252
2025-04-28 22:42:32 - INFO - Epoch 75/1000, Batch 4/4, Loss: 0.6733
2025-04-28 22:42:35 - INFO - Epoch 76/1000, Batch 4/4, Loss: 0.6156
2025-04-28 22:42:38 - INFO - Epoch 77/1000, Batch 4/4, Loss: 0.7588
2025-04-28 22:42:40 - INFO - Epoch 78/1000, Batch 4/4, Loss: 0.4907
2025-04-28 22:42:43 - INFO - Epoch 79/1000, Batch 4/4, Loss: 0.5109
2025-04-28 22:42:46 - INFO - Epoch 80/1000, Batch 4/4, Loss: 0.6174
2025-04-28 22:42:46 - INFO - Saved checkpoint at epoch 80 at ./result/VNet/LA_16/Pth/model_epoch_80_checkpoint.pth
2025-04-28 22:42:49 - INFO - Epoch 81/1000, Batch 4/4, Loss: 0.6113
2025-04-28 22:42:52 - INFO - Epoch 82/1000, Batch 4/4, Loss: 0.6967
2025-04-28 22:42:55 - INFO - Epoch 83/1000, Batch 4/4, Loss: 0.6475
2025-04-28 22:42:58 - INFO - Epoch 84/1000, Batch 4/4, Loss: 0.6646
2025-04-28 22:43:01 - INFO - Epoch 85/1000, Batch 4/4, Loss: 0.5397
2025-04-28 22:43:04 - INFO - Epoch 86/1000, Batch 4/4, Loss: 0.6572
2025-04-28 22:43:07 - INFO - Epoch 87/1000, Batch 4/4, Loss: 0.8645
2025-04-28 22:43:10 - INFO - Epoch 88/1000, Batch 4/4, Loss: 0.9423
2025-04-28 22:43:13 - INFO - Epoch 89/1000, Batch 4/4, Loss: 0.6726
2025-04-28 22:43:15 - INFO - Epoch 90/1000, Batch 4/4, Loss: 0.6738
2025-04-28 22:43:18 - INFO - Epoch 91/1000, Batch 4/4, Loss: 0.6715
2025-04-28 22:43:21 - INFO - Epoch 92/1000, Batch 4/4, Loss: 0.6268
2025-04-28 22:43:24 - INFO - Epoch 93/1000, Batch 4/4, Loss: 0.5222
2025-04-28 22:43:27 - INFO - Epoch 94/1000, Batch 4/4, Loss: 0.5251
2025-04-28 22:43:30 - INFO - Epoch 95/1000, Batch 4/4, Loss: 0.6243
2025-04-28 22:43:33 - INFO - Epoch 96/1000, Batch 4/4, Loss: 0.5807
2025-04-28 22:43:36 - INFO - Epoch 97/1000, Batch 4/4, Loss: 0.8947
2025-04-28 22:43:38 - INFO - Epoch 98/1000, Batch 4/4, Loss: 0.7096
2025-04-28 22:43:41 - INFO - Epoch 99/1000, Batch 4/4, Loss: 0.7842
2025-04-28 22:43:44 - INFO - Epoch 100/1000, Batch 4/4, Loss: 0.7836
2025-04-28 22:43:44 - INFO - Saved checkpoint at epoch 100 at ./result/VNet/LA_16/Pth/model_epoch_100_checkpoint.pth
2025-04-28 22:43:47 - INFO - Epoch 101/1000, Batch 4/4, Loss: 0.4954
2025-04-28 22:43:50 - INFO - Epoch 102/1000, Batch 4/4, Loss: 0.5925
2025-04-28 22:43:54 - INFO - Epoch 103/1000, Batch 4/4, Loss: 0.5381
2025-04-28 22:43:57 - INFO - Epoch 104/1000, Batch 4/4, Loss: 0.5571
2025-04-28 22:43:59 - INFO - Epoch 105/1000, Batch 4/4, Loss: 0.5867
2025-04-28 22:44:02 - INFO - Epoch 106/1000, Batch 4/4, Loss: 0.5995
2025-04-28 22:44:05 - INFO - Epoch 107/1000, Batch 4/4, Loss: 0.6058
2025-04-28 22:44:08 - INFO - Epoch 108/1000, Batch 4/4, Loss: 0.5668
2025-04-28 22:44:11 - INFO - Epoch 109/1000, Batch 4/4, Loss: 0.7040
2025-04-28 22:44:14 - INFO - Epoch 110/1000, Batch 4/4, Loss: 0.7764
2025-04-28 22:44:17 - INFO - Epoch 111/1000, Batch 4/4, Loss: 0.6382
2025-04-28 22:44:20 - INFO - Epoch 112/1000, Batch 4/4, Loss: 0.6975
2025-04-28 22:44:23 - INFO - Epoch 113/1000, Batch 4/4, Loss: 0.3902
2025-04-28 22:44:26 - INFO - Epoch 114/1000, Batch 4/4, Loss: 0.4413
2025-04-28 22:44:29 - INFO - Epoch 115/1000, Batch 4/4, Loss: 0.3983
2025-04-28 22:44:32 - INFO - Epoch 116/1000, Batch 4/4, Loss: 0.5405
2025-04-28 22:44:35 - INFO - Epoch 117/1000, Batch 4/4, Loss: 0.6287
2025-04-28 22:44:38 - INFO - Epoch 118/1000, Batch 4/4, Loss: 0.5254
2025-04-28 22:44:40 - INFO - Epoch 119/1000, Batch 4/4, Loss: 0.5640
2025-04-28 22:44:44 - INFO - Epoch 120/1000, Batch 4/4, Loss: 0.6381
2025-04-28 22:44:44 - INFO - Saved checkpoint at epoch 120 at ./result/VNet/LA_16/Pth/model_epoch_120_checkpoint.pth
2025-04-28 22:44:47 - INFO - Epoch 121/1000, Batch 4/4, Loss: 0.6468
2025-04-28 22:44:50 - INFO - Epoch 122/1000, Batch 4/4, Loss: 0.4889
2025-04-28 22:44:53 - INFO - Epoch 123/1000, Batch 4/4, Loss: 0.3737
2025-04-28 22:44:56 - INFO - Epoch 124/1000, Batch 4/4, Loss: 0.4120
2025-04-28 22:44:59 - INFO - Epoch 125/1000, Batch 4/4, Loss: 0.5964
2025-04-28 22:45:02 - INFO - Epoch 126/1000, Batch 4/4, Loss: 0.7333
2025-04-28 22:45:05 - INFO - Epoch 127/1000, Batch 4/4, Loss: 0.4545
2025-04-28 22:45:08 - INFO - Epoch 128/1000, Batch 4/4, Loss: 0.4170
2025-04-28 22:45:11 - INFO - Epoch 129/1000, Batch 4/4, Loss: 0.4036
2025-04-28 22:45:14 - INFO - Epoch 130/1000, Batch 4/4, Loss: 0.5764
2025-04-28 22:45:17 - INFO - Epoch 131/1000, Batch 4/4, Loss: 0.5654
2025-04-28 22:45:20 - INFO - Epoch 132/1000, Batch 4/4, Loss: 0.5446
2025-04-28 22:45:23 - INFO - Epoch 133/1000, Batch 4/4, Loss: 0.4299
2025-04-28 22:45:26 - INFO - Epoch 134/1000, Batch 4/4, Loss: 0.4220
2025-04-28 22:45:29 - INFO - Epoch 135/1000, Batch 4/4, Loss: 0.5366
2025-04-28 22:45:32 - INFO - Epoch 136/1000, Batch 4/4, Loss: 0.5028
2025-04-28 22:45:35 - INFO - Epoch 137/1000, Batch 4/4, Loss: 0.6457
2025-04-28 22:45:38 - INFO - Epoch 138/1000, Batch 4/4, Loss: 0.4723
2025-04-28 22:45:41 - INFO - Epoch 139/1000, Batch 4/4, Loss: 0.3260
2025-04-28 22:45:44 - INFO - Epoch 140/1000, Batch 4/4, Loss: 0.4591
2025-04-28 22:45:45 - INFO - Saved checkpoint at epoch 140 at ./result/VNet/LA_16/Pth/model_epoch_140_checkpoint.pth
2025-04-28 22:45:48 - INFO - Epoch 141/1000, Batch 4/4, Loss: 0.5981
2025-04-28 22:45:51 - INFO - Epoch 142/1000, Batch 4/4, Loss: 0.3584
2025-04-28 22:45:54 - INFO - Epoch 143/1000, Batch 4/4, Loss: 0.5178
2025-04-28 22:45:57 - INFO - Epoch 144/1000, Batch 4/4, Loss: 0.4179
2025-04-28 22:46:00 - INFO - Epoch 145/1000, Batch 4/4, Loss: 0.3912
2025-04-28 22:46:03 - INFO - Epoch 146/1000, Batch 4/4, Loss: 0.6110
2025-04-28 22:46:06 - INFO - Epoch 147/1000, Batch 4/4, Loss: 0.5526
2025-04-28 22:46:09 - INFO - Epoch 148/1000, Batch 4/4, Loss: 0.5121
2025-04-28 22:46:12 - INFO - Epoch 149/1000, Batch 4/4, Loss: 0.5126
2025-04-28 22:46:15 - INFO - Epoch 150/1000, Batch 4/4, Loss: 0.4235
2025-04-28 22:46:18 - INFO - Epoch 151/1000, Batch 4/4, Loss: 0.4271
2025-04-28 22:46:21 - INFO - Epoch 152/1000, Batch 4/4, Loss: 0.3471
2025-04-28 22:46:24 - INFO - Epoch 153/1000, Batch 4/4, Loss: 0.4391
2025-04-28 22:46:27 - INFO - Epoch 154/1000, Batch 4/4, Loss: 0.3887
2025-04-28 22:46:30 - INFO - Epoch 155/1000, Batch 4/4, Loss: 0.4357
2025-04-28 22:46:33 - INFO - Epoch 156/1000, Batch 4/4, Loss: 0.4876
2025-04-28 22:46:37 - INFO - Epoch 157/1000, Batch 4/4, Loss: 0.6463
2025-04-28 22:46:40 - INFO - Epoch 158/1000, Batch 4/4, Loss: 0.5539
2025-04-28 22:46:43 - INFO - Epoch 159/1000, Batch 4/4, Loss: 0.3975
2025-04-28 22:46:46 - INFO - Epoch 160/1000, Batch 4/4, Loss: 0.6416
2025-04-28 22:46:46 - INFO - Saved checkpoint at epoch 160 at ./result/VNet/LA_16/Pth/model_epoch_160_checkpoint.pth
2025-04-28 22:46:48 - INFO - Epoch 161/1000, Batch 4/4, Loss: 0.4609
2025-04-28 22:46:51 - INFO - Epoch 162/1000, Batch 4/4, Loss: 0.6141
2025-04-28 22:46:54 - INFO - Epoch 163/1000, Batch 4/4, Loss: 0.7494
2025-04-28 22:46:57 - INFO - Epoch 164/1000, Batch 4/4, Loss: 0.6657
2025-04-28 22:47:00 - INFO - Epoch 165/1000, Batch 4/4, Loss: 0.4596
2025-04-28 22:47:03 - INFO - Epoch 166/1000, Batch 4/4, Loss: 0.4674
2025-04-28 22:47:06 - INFO - Epoch 167/1000, Batch 4/4, Loss: 0.5804
2025-04-28 22:47:09 - INFO - Epoch 168/1000, Batch 4/4, Loss: 0.6342
2025-04-28 22:47:12 - INFO - Epoch 169/1000, Batch 4/4, Loss: 0.5123
2025-04-28 22:47:15 - INFO - Epoch 170/1000, Batch 4/4, Loss: 0.5529
2025-04-28 22:47:19 - INFO - Epoch 171/1000, Batch 4/4, Loss: 0.5250
2025-04-28 22:47:21 - INFO - Epoch 172/1000, Batch 4/4, Loss: 0.5512
2025-04-28 22:47:25 - INFO - Epoch 173/1000, Batch 4/4, Loss: 0.4931
2025-04-28 22:47:28 - INFO - Epoch 174/1000, Batch 4/4, Loss: 0.3230
2025-04-28 22:47:30 - INFO - Epoch 175/1000, Batch 4/4, Loss: 0.5063
2025-04-28 22:47:33 - INFO - Epoch 176/1000, Batch 4/4, Loss: 0.3056
2025-04-28 22:47:36 - INFO - Epoch 177/1000, Batch 4/4, Loss: 0.6325
2025-04-28 22:47:39 - INFO - Epoch 178/1000, Batch 4/4, Loss: 0.4143
2025-04-28 22:47:42 - INFO - Epoch 179/1000, Batch 4/4, Loss: 0.3082
2025-04-28 22:47:45 - INFO - Epoch 180/1000, Batch 4/4, Loss: 0.7717
2025-04-28 22:47:45 - INFO - Saved checkpoint at epoch 180 at ./result/VNet/LA_16/Pth/model_epoch_180_checkpoint.pth
2025-04-28 22:47:48 - INFO - Epoch 181/1000, Batch 4/4, Loss: 0.6034
2025-04-28 22:47:51 - INFO - Epoch 182/1000, Batch 4/4, Loss: 0.4842
2025-04-28 22:47:54 - INFO - Epoch 183/1000, Batch 4/4, Loss: 0.6370
2025-04-28 22:47:57 - INFO - Epoch 184/1000, Batch 4/4, Loss: 0.3270
2025-04-28 22:48:00 - INFO - Epoch 185/1000, Batch 4/4, Loss: 0.4402
2025-04-28 22:48:03 - INFO - Epoch 186/1000, Batch 4/4, Loss: 0.3773
2025-04-28 22:48:07 - INFO - Epoch 187/1000, Batch 4/4, Loss: 0.4951
2025-04-28 22:48:10 - INFO - Epoch 188/1000, Batch 4/4, Loss: 0.5127
2025-04-28 22:48:12 - INFO - Epoch 189/1000, Batch 4/4, Loss: 0.2975
2025-04-28 22:48:15 - INFO - Epoch 190/1000, Batch 4/4, Loss: 0.4280
2025-04-28 22:48:19 - INFO - Epoch 191/1000, Batch 4/4, Loss: 0.4557
2025-04-28 22:48:22 - INFO - Epoch 192/1000, Batch 4/4, Loss: 0.2797
2025-04-28 22:48:25 - INFO - Epoch 193/1000, Batch 4/4, Loss: 0.4495
2025-04-28 22:48:28 - INFO - Epoch 194/1000, Batch 4/4, Loss: 0.4440
2025-04-28 22:48:31 - INFO - Epoch 195/1000, Batch 4/4, Loss: 0.3271
2025-04-28 22:48:34 - INFO - Epoch 196/1000, Batch 4/4, Loss: 0.4466
2025-04-28 22:48:37 - INFO - Epoch 197/1000, Batch 4/4, Loss: 0.5929
2025-04-28 22:48:40 - INFO - Epoch 198/1000, Batch 4/4, Loss: 0.3967
2025-04-28 22:48:44 - INFO - Epoch 199/1000, Batch 4/4, Loss: 0.3257
2025-04-28 22:48:47 - INFO - Epoch 200/1000, Batch 4/4, Loss: 0.4504
2025-04-28 22:48:47 - INFO - Saved checkpoint at epoch 200 at ./result/VNet/LA_16/Pth/model_epoch_200_checkpoint.pth
2025-04-28 22:48:50 - INFO - Epoch 201/1000, Batch 4/4, Loss: 0.3940
2025-04-28 22:48:53 - INFO - Epoch 202/1000, Batch 4/4, Loss: 0.4343
2025-04-28 22:48:56 - INFO - Epoch 203/1000, Batch 4/4, Loss: 0.4148
2025-04-28 22:48:59 - INFO - Epoch 204/1000, Batch 4/4, Loss: 0.3787
2025-04-28 22:49:02 - INFO - Epoch 205/1000, Batch 4/4, Loss: 0.3241
2025-04-28 22:49:05 - INFO - Epoch 206/1000, Batch 4/4, Loss: 0.3441
2025-04-28 22:49:08 - INFO - Epoch 207/1000, Batch 4/4, Loss: 0.3725
2025-04-28 22:49:11 - INFO - Epoch 208/1000, Batch 4/4, Loss: 0.6026
2025-04-28 22:49:14 - INFO - Epoch 209/1000, Batch 4/4, Loss: 0.4275
2025-04-28 22:49:17 - INFO - Epoch 210/1000, Batch 4/4, Loss: 0.4742
2025-04-28 22:49:20 - INFO - Epoch 211/1000, Batch 4/4, Loss: 0.3065
2025-04-28 22:49:23 - INFO - Epoch 212/1000, Batch 4/4, Loss: 0.2980
2025-04-28 22:49:26 - INFO - Epoch 213/1000, Batch 4/4, Loss: 0.4897
2025-04-28 22:49:29 - INFO - Epoch 214/1000, Batch 4/4, Loss: 0.2260
2025-04-28 22:49:32 - INFO - Epoch 215/1000, Batch 4/4, Loss: 0.5554
2025-04-28 22:49:35 - INFO - Epoch 216/1000, Batch 4/4, Loss: 0.2791
2025-04-28 22:49:37 - INFO - Epoch 217/1000, Batch 4/4, Loss: 0.4189
2025-04-28 22:49:41 - INFO - Epoch 218/1000, Batch 4/4, Loss: 0.2995
2025-04-28 22:49:44 - INFO - Epoch 219/1000, Batch 4/4, Loss: 0.3367
2025-04-28 22:49:47 - INFO - Epoch 220/1000, Batch 4/4, Loss: 0.4491
2025-04-28 22:49:47 - INFO - Saved checkpoint at epoch 220 at ./result/VNet/LA_16/Pth/model_epoch_220_checkpoint.pth
2025-04-28 22:49:50 - INFO - Epoch 221/1000, Batch 4/4, Loss: 0.4918
2025-04-28 22:49:53 - INFO - Epoch 222/1000, Batch 4/4, Loss: 0.5398
2025-04-28 22:49:56 - INFO - Epoch 223/1000, Batch 4/4, Loss: 0.5069
2025-04-28 22:49:58 - INFO - Epoch 224/1000, Batch 4/4, Loss: 0.2881
2025-04-28 22:50:01 - INFO - Epoch 225/1000, Batch 4/4, Loss: 0.5299
2025-04-28 22:50:04 - INFO - Epoch 226/1000, Batch 4/4, Loss: 0.3059
2025-04-28 22:50:07 - INFO - Epoch 227/1000, Batch 4/4, Loss: 0.3441
2025-04-28 22:50:10 - INFO - Epoch 228/1000, Batch 4/4, Loss: 0.4164
2025-04-28 22:50:13 - INFO - Epoch 229/1000, Batch 4/4, Loss: 0.5522
2025-04-28 22:50:16 - INFO - Epoch 230/1000, Batch 4/4, Loss: 0.2895
2025-04-28 22:50:19 - INFO - Epoch 231/1000, Batch 4/4, Loss: 0.3673
2025-04-28 22:50:22 - INFO - Epoch 232/1000, Batch 4/4, Loss: 0.3064
2025-04-28 22:50:25 - INFO - Epoch 233/1000, Batch 4/4, Loss: 0.2601
2025-04-28 22:50:28 - INFO - Epoch 234/1000, Batch 4/4, Loss: 0.5495
2025-04-28 22:50:31 - INFO - Epoch 235/1000, Batch 4/4, Loss: 0.3410
2025-04-28 22:50:34 - INFO - Epoch 236/1000, Batch 4/4, Loss: 0.4062
2025-04-28 22:50:37 - INFO - Epoch 237/1000, Batch 4/4, Loss: 0.4427
2025-04-28 22:50:40 - INFO - Epoch 238/1000, Batch 4/4, Loss: 0.1959
2025-04-28 22:50:43 - INFO - Epoch 239/1000, Batch 4/4, Loss: 0.4328
2025-04-28 22:50:46 - INFO - Epoch 240/1000, Batch 4/4, Loss: 0.3409
2025-04-28 22:50:46 - INFO - Saved checkpoint at epoch 240 at ./result/VNet/LA_16/Pth/model_epoch_240_checkpoint.pth
2025-04-28 22:50:50 - INFO - Epoch 241/1000, Batch 4/4, Loss: 0.5022
2025-04-28 22:50:53 - INFO - Epoch 242/1000, Batch 4/4, Loss: 0.6040
2025-04-28 22:50:56 - INFO - Epoch 243/1000, Batch 4/4, Loss: 0.2793
2025-04-28 22:50:59 - INFO - Epoch 244/1000, Batch 4/4, Loss: 0.3323
2025-04-28 22:51:02 - INFO - Epoch 245/1000, Batch 4/4, Loss: 0.2842
2025-04-28 22:51:05 - INFO - Epoch 246/1000, Batch 4/4, Loss: 0.2960
2025-04-28 22:51:08 - INFO - Epoch 247/1000, Batch 4/4, Loss: 0.5023
2025-04-28 22:51:11 - INFO - Epoch 248/1000, Batch 4/4, Loss: 0.4731
2025-04-28 22:51:14 - INFO - Epoch 249/1000, Batch 4/4, Loss: 0.4164
2025-04-28 22:51:17 - INFO - Epoch 250/1000, Batch 4/4, Loss: 0.2270
2025-04-28 22:51:20 - INFO - Epoch 251/1000, Batch 4/4, Loss: 0.3596
2025-04-28 22:51:23 - INFO - Epoch 252/1000, Batch 4/4, Loss: 0.5474
2025-04-28 22:51:26 - INFO - Epoch 253/1000, Batch 4/4, Loss: 0.4207
2025-04-28 22:51:29 - INFO - Epoch 254/1000, Batch 4/4, Loss: 0.2880
2025-04-28 22:51:32 - INFO - Epoch 255/1000, Batch 4/4, Loss: 0.3377
2025-04-28 22:51:35 - INFO - Epoch 256/1000, Batch 4/4, Loss: 0.2505
2025-04-28 22:51:38 - INFO - Epoch 257/1000, Batch 4/4, Loss: 0.4097
2025-04-28 22:51:41 - INFO - Epoch 258/1000, Batch 4/4, Loss: 0.4042
2025-04-28 22:51:44 - INFO - Epoch 259/1000, Batch 4/4, Loss: 0.3118
2025-04-28 22:51:46 - INFO - Epoch 260/1000, Batch 4/4, Loss: 0.2119
2025-04-28 22:51:46 - INFO - Saved checkpoint at epoch 260 at ./result/VNet/LA_16/Pth/model_epoch_260_checkpoint.pth
2025-04-28 22:51:50 - INFO - Epoch 261/1000, Batch 4/4, Loss: 0.3131
2025-04-28 22:51:53 - INFO - Epoch 262/1000, Batch 4/4, Loss: 0.4723
2025-04-28 22:51:56 - INFO - Epoch 263/1000, Batch 4/4, Loss: 0.3396
2025-04-28 22:51:59 - INFO - Epoch 264/1000, Batch 4/4, Loss: 0.1852
2025-04-28 22:52:02 - INFO - Epoch 265/1000, Batch 4/4, Loss: 0.2572
2025-04-28 22:52:05 - INFO - Epoch 266/1000, Batch 4/4, Loss: 0.3667
2025-04-28 22:52:08 - INFO - Epoch 267/1000, Batch 4/4, Loss: 0.3257
2025-04-28 22:52:11 - INFO - Epoch 268/1000, Batch 4/4, Loss: 0.4029
2025-04-28 22:52:14 - INFO - Epoch 269/1000, Batch 4/4, Loss: 0.2961
2025-04-28 22:52:17 - INFO - Epoch 270/1000, Batch 4/4, Loss: 0.4500
2025-04-28 22:52:20 - INFO - Epoch 271/1000, Batch 4/4, Loss: 0.6916
2025-04-28 22:52:23 - INFO - Epoch 272/1000, Batch 4/4, Loss: 0.5907
2025-04-28 22:52:26 - INFO - Epoch 273/1000, Batch 4/4, Loss: 0.3915
2025-04-28 22:52:29 - INFO - Epoch 274/1000, Batch 4/4, Loss: 0.5383
2025-04-28 22:52:32 - INFO - Epoch 275/1000, Batch 4/4, Loss: 0.2513
2025-04-28 22:52:35 - INFO - Epoch 276/1000, Batch 4/4, Loss: 0.2401
2025-04-28 22:52:38 - INFO - Epoch 277/1000, Batch 4/4, Loss: 0.5012
2025-04-28 22:52:41 - INFO - Epoch 278/1000, Batch 4/4, Loss: 0.5169
2025-04-28 22:52:44 - INFO - Epoch 279/1000, Batch 4/4, Loss: 0.4421
2025-04-28 22:52:47 - INFO - Epoch 280/1000, Batch 4/4, Loss: 0.5643
2025-04-28 22:52:47 - INFO - Saved checkpoint at epoch 280 at ./result/VNet/LA_16/Pth/model_epoch_280_checkpoint.pth
2025-04-28 22:52:50 - INFO - Epoch 281/1000, Batch 4/4, Loss: 0.4116
2025-04-28 22:52:53 - INFO - Epoch 282/1000, Batch 4/4, Loss: 0.3269
2025-04-28 22:52:56 - INFO - Epoch 283/1000, Batch 4/4, Loss: 0.1756
2025-04-28 22:53:00 - INFO - Epoch 284/1000, Batch 4/4, Loss: 0.3580
2025-04-28 22:53:02 - INFO - Epoch 285/1000, Batch 4/4, Loss: 0.3158
2025-04-28 22:53:06 - INFO - Epoch 286/1000, Batch 4/4, Loss: 0.3024
2025-04-28 22:53:09 - INFO - Epoch 287/1000, Batch 4/4, Loss: 0.2769
2025-04-28 22:53:11 - INFO - Epoch 288/1000, Batch 4/4, Loss: 0.4328
2025-04-28 22:53:14 - INFO - Epoch 289/1000, Batch 4/4, Loss: 0.2216
2025-04-28 22:53:18 - INFO - Epoch 290/1000, Batch 4/4, Loss: 0.2305
2025-04-28 22:53:21 - INFO - Epoch 291/1000, Batch 4/4, Loss: 0.2661
2025-04-28 22:53:24 - INFO - Epoch 292/1000, Batch 4/4, Loss: 0.3093
2025-04-28 22:53:27 - INFO - Epoch 293/1000, Batch 4/4, Loss: 0.2170
2025-04-28 22:53:30 - INFO - Epoch 294/1000, Batch 4/4, Loss: 0.3660
2025-04-28 22:53:33 - INFO - Epoch 295/1000, Batch 4/4, Loss: 0.1764
2025-04-28 22:53:36 - INFO - Epoch 296/1000, Batch 4/4, Loss: 0.4532
2025-04-28 22:53:39 - INFO - Epoch 297/1000, Batch 4/4, Loss: 0.2664
2025-04-28 22:53:42 - INFO - Epoch 298/1000, Batch 4/4, Loss: 0.4235
2025-04-28 22:53:45 - INFO - Epoch 299/1000, Batch 4/4, Loss: 0.3498
2025-04-28 22:53:48 - INFO - Epoch 300/1000, Batch 4/4, Loss: 0.3589
2025-04-28 22:53:48 - INFO - Saved checkpoint at epoch 300 at ./result/VNet/LA_16/Pth/model_epoch_300_checkpoint.pth
2025-04-28 22:53:51 - INFO - Epoch 301/1000, Batch 4/4, Loss: 0.4627
2025-04-28 22:53:54 - INFO - Epoch 302/1000, Batch 4/4, Loss: 0.3858
2025-04-28 22:53:57 - INFO - Epoch 303/1000, Batch 4/4, Loss: 0.1970
2025-04-28 22:54:00 - INFO - Epoch 304/1000, Batch 4/4, Loss: 0.3951
2025-04-28 22:54:03 - INFO - Epoch 305/1000, Batch 4/4, Loss: 0.2774
2025-04-28 22:54:06 - INFO - Epoch 306/1000, Batch 4/4, Loss: 0.2882
2025-04-28 22:54:09 - INFO - Epoch 307/1000, Batch 4/4, Loss: 0.2636
2025-04-28 22:54:12 - INFO - Epoch 308/1000, Batch 4/4, Loss: 0.2335
2025-04-28 22:54:15 - INFO - Epoch 309/1000, Batch 4/4, Loss: 0.3459
2025-04-28 22:54:18 - INFO - Epoch 310/1000, Batch 4/4, Loss: 0.2482
2025-04-28 22:54:21 - INFO - Epoch 311/1000, Batch 4/4, Loss: 0.2214
2025-04-28 22:54:24 - INFO - Epoch 312/1000, Batch 4/4, Loss: 0.2549
2025-04-28 22:54:27 - INFO - Epoch 313/1000, Batch 4/4, Loss: 0.3807
2025-04-28 22:54:30 - INFO - Epoch 314/1000, Batch 4/4, Loss: 0.4021
2025-04-28 22:54:33 - INFO - Epoch 315/1000, Batch 4/4, Loss: 0.3268
2025-04-28 22:54:36 - INFO - Epoch 316/1000, Batch 4/4, Loss: 0.3619
2025-04-28 22:54:39 - INFO - Epoch 317/1000, Batch 4/4, Loss: 0.4190
2025-04-28 22:54:42 - INFO - Epoch 318/1000, Batch 4/4, Loss: 0.1871
2025-04-28 22:54:45 - INFO - Epoch 319/1000, Batch 4/4, Loss: 0.1968
2025-04-28 22:54:48 - INFO - Epoch 320/1000, Batch 4/4, Loss: 0.4612
2025-04-28 22:54:48 - INFO - Saved checkpoint at epoch 320 at ./result/VNet/LA_16/Pth/model_epoch_320_checkpoint.pth
2025-04-28 22:54:51 - INFO - Epoch 321/1000, Batch 4/4, Loss: 0.3565
2025-04-28 22:54:54 - INFO - Epoch 322/1000, Batch 4/4, Loss: 0.2664
2025-04-28 22:54:56 - INFO - Epoch 323/1000, Batch 4/4, Loss: 0.3651
2025-04-28 22:54:59 - INFO - Epoch 324/1000, Batch 4/4, Loss: 0.2852
2025-04-28 22:55:02 - INFO - Epoch 325/1000, Batch 4/4, Loss: 0.2751
2025-04-28 22:55:05 - INFO - Epoch 326/1000, Batch 4/4, Loss: 0.2670
2025-04-28 22:55:08 - INFO - Epoch 327/1000, Batch 4/4, Loss: 0.2176
2025-04-28 22:55:11 - INFO - Epoch 328/1000, Batch 4/4, Loss: 0.2801
2025-04-28 22:55:14 - INFO - Epoch 329/1000, Batch 4/4, Loss: 0.2183
2025-04-28 22:55:17 - INFO - Epoch 330/1000, Batch 4/4, Loss: 0.3156
2025-04-28 22:55:20 - INFO - Epoch 331/1000, Batch 4/4, Loss: 0.1843
2025-04-28 22:55:23 - INFO - Epoch 332/1000, Batch 4/4, Loss: 0.2018
2025-04-28 22:55:26 - INFO - Epoch 333/1000, Batch 4/4, Loss: 0.1607
2025-04-28 22:55:29 - INFO - Epoch 334/1000, Batch 4/4, Loss: 0.1933
2025-04-28 22:55:31 - INFO - Epoch 335/1000, Batch 4/4, Loss: 0.3025
2025-04-28 22:55:34 - INFO - Epoch 336/1000, Batch 4/4, Loss: 0.3759
2025-04-28 22:55:37 - INFO - Epoch 337/1000, Batch 4/4, Loss: 0.3775
2025-04-28 22:55:40 - INFO - Epoch 338/1000, Batch 4/4, Loss: 0.2900
2025-04-28 22:55:43 - INFO - Epoch 339/1000, Batch 4/4, Loss: 0.3267
2025-04-28 22:55:46 - INFO - Epoch 340/1000, Batch 4/4, Loss: 0.3547
2025-04-28 22:55:46 - INFO - Saved checkpoint at epoch 340 at ./result/VNet/LA_16/Pth/model_epoch_340_checkpoint.pth
2025-04-28 22:55:49 - INFO - Epoch 341/1000, Batch 4/4, Loss: 0.4534
2025-04-28 22:55:52 - INFO - Epoch 342/1000, Batch 4/4, Loss: 0.1918
2025-04-28 22:55:55 - INFO - Epoch 343/1000, Batch 4/4, Loss: 0.2772
2025-04-28 22:55:58 - INFO - Epoch 344/1000, Batch 4/4, Loss: 0.2708
2025-04-28 22:56:01 - INFO - Epoch 345/1000, Batch 4/4, Loss: 0.2975
2025-04-28 22:56:04 - INFO - Epoch 346/1000, Batch 4/4, Loss: 0.3291
2025-04-28 22:56:07 - INFO - Epoch 347/1000, Batch 4/4, Loss: 0.3073
2025-04-28 22:56:10 - INFO - Epoch 348/1000, Batch 4/4, Loss: 0.1437
2025-04-28 22:56:13 - INFO - Epoch 349/1000, Batch 4/4, Loss: 0.1840
2025-04-28 22:56:16 - INFO - Epoch 350/1000, Batch 4/4, Loss: 0.1575
2025-04-28 22:56:19 - INFO - Epoch 351/1000, Batch 4/4, Loss: 0.2218
2025-04-28 22:56:22 - INFO - Epoch 352/1000, Batch 4/4, Loss: 0.3218
2025-04-28 22:56:24 - INFO - Epoch 353/1000, Batch 4/4, Loss: 0.2551
2025-04-28 22:56:27 - INFO - Epoch 354/1000, Batch 4/4, Loss: 0.2281
2025-04-28 22:56:30 - INFO - Epoch 355/1000, Batch 4/4, Loss: 0.3272
2025-04-28 22:56:33 - INFO - Epoch 356/1000, Batch 4/4, Loss: 0.1713
2025-04-28 22:56:36 - INFO - Epoch 357/1000, Batch 4/4, Loss: 0.3105
2025-04-28 22:56:39 - INFO - Epoch 358/1000, Batch 4/4, Loss: 0.2005
2025-04-28 22:56:42 - INFO - Epoch 359/1000, Batch 4/4, Loss: 0.2864
2025-04-28 22:56:45 - INFO - Epoch 360/1000, Batch 4/4, Loss: 0.2479
2025-04-28 22:56:45 - INFO - Saved checkpoint at epoch 360 at ./result/VNet/LA_16/Pth/model_epoch_360_checkpoint.pth
2025-04-28 22:56:48 - INFO - Epoch 361/1000, Batch 4/4, Loss: 0.2245
2025-04-28 22:56:51 - INFO - Epoch 362/1000, Batch 4/4, Loss: 0.2878
2025-04-28 22:56:54 - INFO - Epoch 363/1000, Batch 4/4, Loss: 0.2994
2025-04-28 22:56:57 - INFO - Epoch 364/1000, Batch 4/4, Loss: 0.2725
2025-04-28 22:57:00 - INFO - Epoch 365/1000, Batch 4/4, Loss: 0.3773
2025-04-28 22:57:03 - INFO - Epoch 366/1000, Batch 4/4, Loss: 0.2245
2025-04-28 22:57:06 - INFO - Epoch 367/1000, Batch 4/4, Loss: 0.2065
2025-04-28 22:57:09 - INFO - Epoch 368/1000, Batch 4/4, Loss: 0.3707
2025-04-28 22:57:11 - INFO - Epoch 369/1000, Batch 4/4, Loss: 0.2602
2025-04-28 22:57:14 - INFO - Epoch 370/1000, Batch 4/4, Loss: 0.1781
2025-04-28 22:57:17 - INFO - Epoch 371/1000, Batch 4/4, Loss: 0.4204
2025-04-28 22:57:20 - INFO - Epoch 372/1000, Batch 4/4, Loss: 0.1652
2025-04-28 22:57:23 - INFO - Epoch 373/1000, Batch 4/4, Loss: 0.2082
2025-04-28 22:57:26 - INFO - Epoch 374/1000, Batch 4/4, Loss: 0.2691
2025-04-28 22:57:29 - INFO - Epoch 375/1000, Batch 4/4, Loss: 0.3014
2025-04-28 22:57:32 - INFO - Epoch 376/1000, Batch 4/4, Loss: 0.1521
2025-04-28 22:57:35 - INFO - Epoch 377/1000, Batch 4/4, Loss: 0.2852
2025-04-28 22:57:38 - INFO - Epoch 378/1000, Batch 4/4, Loss: 0.3701
2025-04-28 22:57:41 - INFO - Epoch 379/1000, Batch 4/4, Loss: 0.1999
2025-04-28 22:57:44 - INFO - Epoch 380/1000, Batch 4/4, Loss: 0.1936
2025-04-28 22:57:44 - INFO - Saved checkpoint at epoch 380 at ./result/VNet/LA_16/Pth/model_epoch_380_checkpoint.pth
2025-04-28 22:57:47 - INFO - Epoch 381/1000, Batch 4/4, Loss: 0.1700
2025-04-28 22:57:50 - INFO - Epoch 382/1000, Batch 4/4, Loss: 0.1885
2025-04-28 22:57:53 - INFO - Epoch 383/1000, Batch 4/4, Loss: 0.3198
2025-04-28 22:57:57 - INFO - Epoch 384/1000, Batch 4/4, Loss: 0.1587
2025-04-28 22:58:00 - INFO - Epoch 385/1000, Batch 4/4, Loss: 0.2164
2025-04-28 22:58:02 - INFO - Epoch 386/1000, Batch 4/4, Loss: 0.3677
2025-04-28 22:58:06 - INFO - Epoch 387/1000, Batch 4/4, Loss: 0.1364
2025-04-28 22:58:09 - INFO - Epoch 388/1000, Batch 4/4, Loss: 0.1506
2025-04-28 22:58:12 - INFO - Epoch 389/1000, Batch 4/4, Loss: 0.3141
2025-04-28 22:58:15 - INFO - Epoch 390/1000, Batch 4/4, Loss: 0.2173
2025-04-28 22:58:18 - INFO - Epoch 391/1000, Batch 4/4, Loss: 0.1238
2025-04-28 22:58:21 - INFO - Epoch 392/1000, Batch 4/4, Loss: 0.2516
2025-04-28 22:58:24 - INFO - Epoch 393/1000, Batch 4/4, Loss: 0.1970
2025-04-28 22:58:27 - INFO - Epoch 394/1000, Batch 4/4, Loss: 0.1916
2025-04-28 22:58:30 - INFO - Epoch 395/1000, Batch 4/4, Loss: 0.2395
2025-04-28 22:58:33 - INFO - Epoch 396/1000, Batch 4/4, Loss: 0.1428
2025-04-28 22:58:36 - INFO - Epoch 397/1000, Batch 4/4, Loss: 0.3610
2025-04-28 22:58:39 - INFO - Epoch 398/1000, Batch 4/4, Loss: 0.2418
2025-04-28 22:58:42 - INFO - Epoch 399/1000, Batch 4/4, Loss: 0.1348
2025-04-28 22:58:45 - INFO - Epoch 400/1000, Batch 4/4, Loss: 0.2798
2025-04-28 22:58:45 - INFO - Saved checkpoint at epoch 400 at ./result/VNet/LA_16/Pth/model_epoch_400_checkpoint.pth
2025-04-28 22:58:48 - INFO - Epoch 401/1000, Batch 4/4, Loss: 0.1393
2025-04-28 22:58:51 - INFO - Epoch 402/1000, Batch 4/4, Loss: 0.2767
2025-04-28 22:58:54 - INFO - Epoch 403/1000, Batch 4/4, Loss: 0.3061
2025-04-28 22:58:57 - INFO - Epoch 404/1000, Batch 4/4, Loss: 0.2259
2025-04-28 22:59:01 - INFO - Epoch 405/1000, Batch 4/4, Loss: 0.1069
2025-04-28 22:59:04 - INFO - Epoch 406/1000, Batch 4/4, Loss: 0.2627
2025-04-28 22:59:07 - INFO - Epoch 407/1000, Batch 4/4, Loss: 0.3053
2025-04-28 22:59:10 - INFO - Epoch 408/1000, Batch 4/4, Loss: 0.1908
2025-04-28 22:59:13 - INFO - Epoch 409/1000, Batch 4/4, Loss: 0.1737
2025-04-28 22:59:16 - INFO - Epoch 410/1000, Batch 4/4, Loss: 0.1625
2025-04-28 22:59:19 - INFO - Epoch 411/1000, Batch 4/4, Loss: 0.1765
2025-04-28 22:59:22 - INFO - Epoch 412/1000, Batch 4/4, Loss: 0.1209
2025-04-28 22:59:25 - INFO - Epoch 413/1000, Batch 4/4, Loss: 0.2341
2025-04-28 22:59:28 - INFO - Epoch 414/1000, Batch 4/4, Loss: 0.1951
2025-04-28 22:59:31 - INFO - Epoch 415/1000, Batch 4/4, Loss: 0.1290
2025-04-28 22:59:34 - INFO - Epoch 416/1000, Batch 4/4, Loss: 0.1261
2025-04-28 22:59:37 - INFO - Epoch 417/1000, Batch 4/4, Loss: 0.1962
2025-04-28 22:59:40 - INFO - Epoch 418/1000, Batch 4/4, Loss: 0.1419
2025-04-28 22:59:43 - INFO - Epoch 419/1000, Batch 4/4, Loss: 0.2691
2025-04-28 22:59:46 - INFO - Epoch 420/1000, Batch 4/4, Loss: 0.2218
2025-04-28 22:59:46 - INFO - Saved checkpoint at epoch 420 at ./result/VNet/LA_16/Pth/model_epoch_420_checkpoint.pth
2025-04-28 22:59:49 - INFO - Epoch 421/1000, Batch 4/4, Loss: 0.2003
2025-04-28 22:59:52 - INFO - Epoch 422/1000, Batch 4/4, Loss: 0.2140
2025-04-28 22:59:55 - INFO - Epoch 423/1000, Batch 4/4, Loss: 0.2079
2025-04-28 22:59:58 - INFO - Epoch 424/1000, Batch 4/4, Loss: 0.1546
2025-04-28 23:00:01 - INFO - Epoch 425/1000, Batch 4/4, Loss: 0.1704
2025-04-28 23:00:04 - INFO - Epoch 426/1000, Batch 4/4, Loss: 0.1818
2025-04-28 23:00:07 - INFO - Epoch 427/1000, Batch 4/4, Loss: 0.1975
2025-04-28 23:00:10 - INFO - Epoch 428/1000, Batch 4/4, Loss: 0.1737
2025-04-28 23:00:13 - INFO - Epoch 429/1000, Batch 4/4, Loss: 0.2752
2025-04-28 23:00:16 - INFO - Epoch 430/1000, Batch 4/4, Loss: 0.1167
2025-04-28 23:00:19 - INFO - Epoch 431/1000, Batch 4/4, Loss: 0.1588
2025-04-28 23:00:22 - INFO - Epoch 432/1000, Batch 4/4, Loss: 0.3248
2025-04-28 23:00:25 - INFO - Epoch 433/1000, Batch 4/4, Loss: 0.1442
2025-04-28 23:00:28 - INFO - Epoch 434/1000, Batch 4/4, Loss: 0.1538
2025-04-28 23:00:31 - INFO - Epoch 435/1000, Batch 4/4, Loss: 0.2191
2025-04-28 23:00:34 - INFO - Epoch 436/1000, Batch 4/4, Loss: 0.1970
2025-04-28 23:00:37 - INFO - Epoch 437/1000, Batch 4/4, Loss: 0.2706
2025-04-28 23:00:40 - INFO - Epoch 438/1000, Batch 4/4, Loss: 0.3413
2025-04-28 23:00:43 - INFO - Epoch 439/1000, Batch 4/4, Loss: 0.1661
2025-04-28 23:00:46 - INFO - Epoch 440/1000, Batch 4/4, Loss: 0.1210
2025-04-28 23:00:46 - INFO - Saved checkpoint at epoch 440 at ./result/VNet/LA_16/Pth/model_epoch_440_checkpoint.pth
2025-04-28 23:00:49 - INFO - Epoch 441/1000, Batch 4/4, Loss: 0.2516
2025-04-28 23:00:52 - INFO - Epoch 442/1000, Batch 4/4, Loss: 0.1588
2025-04-28 23:00:55 - INFO - Epoch 443/1000, Batch 4/4, Loss: 0.2908
2025-04-28 23:00:58 - INFO - Epoch 444/1000, Batch 4/4, Loss: 0.0932
2025-04-28 23:01:01 - INFO - Epoch 445/1000, Batch 4/4, Loss: 0.0983
2025-04-28 23:01:04 - INFO - Epoch 446/1000, Batch 4/4, Loss: 0.2745
2025-04-28 23:01:07 - INFO - Epoch 447/1000, Batch 4/4, Loss: 0.1934
2025-04-28 23:01:10 - INFO - Epoch 448/1000, Batch 4/4, Loss: 0.2110
2025-04-28 23:01:13 - INFO - Epoch 449/1000, Batch 4/4, Loss: 0.1522
2025-04-28 23:01:16 - INFO - Epoch 450/1000, Batch 4/4, Loss: 0.1688
2025-04-28 23:01:19 - INFO - Epoch 451/1000, Batch 4/4, Loss: 0.1963
2025-04-28 23:01:22 - INFO - Epoch 452/1000, Batch 4/4, Loss: 0.1259
2025-04-28 23:01:25 - INFO - Epoch 453/1000, Batch 4/4, Loss: 0.1231
2025-04-28 23:01:28 - INFO - Epoch 454/1000, Batch 4/4, Loss: 0.1356
2025-04-28 23:01:31 - INFO - Epoch 455/1000, Batch 4/4, Loss: 0.1745
2025-04-28 23:01:34 - INFO - Epoch 456/1000, Batch 4/4, Loss: 0.2263
2025-04-28 23:01:37 - INFO - Epoch 457/1000, Batch 4/4, Loss: 0.2016
2025-04-28 23:01:40 - INFO - Epoch 458/1000, Batch 4/4, Loss: 0.3260
2025-04-28 23:01:43 - INFO - Epoch 459/1000, Batch 4/4, Loss: 0.1877
2025-04-28 23:01:46 - INFO - Epoch 460/1000, Batch 4/4, Loss: 0.3584
2025-04-28 23:01:46 - INFO - Saved checkpoint at epoch 460 at ./result/VNet/LA_16/Pth/model_epoch_460_checkpoint.pth
2025-04-28 23:01:49 - INFO - Epoch 461/1000, Batch 4/4, Loss: 0.2126
2025-04-28 23:01:52 - INFO - Epoch 462/1000, Batch 4/4, Loss: 0.2353
2025-04-28 23:01:55 - INFO - Epoch 463/1000, Batch 4/4, Loss: 0.1666
2025-04-28 23:01:58 - INFO - Epoch 464/1000, Batch 4/4, Loss: 0.2017
2025-04-28 23:02:01 - INFO - Epoch 465/1000, Batch 4/4, Loss: 0.1671
2025-04-28 23:02:04 - INFO - Epoch 466/1000, Batch 4/4, Loss: 0.3993
2025-04-28 23:02:07 - INFO - Epoch 467/1000, Batch 4/4, Loss: 0.3009
2025-04-28 23:02:10 - INFO - Epoch 468/1000, Batch 4/4, Loss: 0.1467
2025-04-28 23:02:13 - INFO - Epoch 469/1000, Batch 4/4, Loss: 0.1849
2025-04-28 23:02:16 - INFO - Epoch 470/1000, Batch 4/4, Loss: 0.1792
2025-04-28 23:02:19 - INFO - Epoch 471/1000, Batch 4/4, Loss: 0.1684
2025-04-28 23:02:22 - INFO - Epoch 472/1000, Batch 4/4, Loss: 0.1288
2025-04-28 23:02:25 - INFO - Epoch 473/1000, Batch 4/4, Loss: 0.2255
2025-04-28 23:02:28 - INFO - Epoch 474/1000, Batch 4/4, Loss: 0.2401
2025-04-28 23:02:31 - INFO - Epoch 475/1000, Batch 4/4, Loss: 0.2224
2025-04-28 23:02:34 - INFO - Epoch 476/1000, Batch 4/4, Loss: 0.1473
2025-04-28 23:02:37 - INFO - Epoch 477/1000, Batch 4/4, Loss: 0.1176
2025-04-28 23:02:40 - INFO - Epoch 478/1000, Batch 4/4, Loss: 0.1893
2025-04-28 23:02:43 - INFO - Epoch 479/1000, Batch 4/4, Loss: 0.2145
2025-04-28 23:02:46 - INFO - Epoch 480/1000, Batch 4/4, Loss: 0.2462
2025-04-28 23:02:46 - INFO - Saved checkpoint at epoch 480 at ./result/VNet/LA_16/Pth/model_epoch_480_checkpoint.pth
2025-04-28 23:02:49 - INFO - Epoch 481/1000, Batch 4/4, Loss: 0.2191
2025-04-28 23:02:52 - INFO - Epoch 482/1000, Batch 4/4, Loss: 0.1791
2025-04-28 23:02:55 - INFO - Epoch 483/1000, Batch 4/4, Loss: 0.2528
2025-04-28 23:02:58 - INFO - Epoch 484/1000, Batch 4/4, Loss: 0.2578
2025-04-28 23:03:00 - INFO - Epoch 485/1000, Batch 4/4, Loss: 0.2739
2025-04-28 23:03:03 - INFO - Epoch 486/1000, Batch 4/4, Loss: 0.1026
2025-04-28 23:03:06 - INFO - Epoch 487/1000, Batch 4/4, Loss: 0.1157
2025-04-28 23:03:10 - INFO - Epoch 488/1000, Batch 4/4, Loss: 0.0889
2025-04-28 23:03:13 - INFO - Epoch 489/1000, Batch 4/4, Loss: 0.2698
2025-04-28 23:03:16 - INFO - Epoch 490/1000, Batch 4/4, Loss: 0.1041
2025-04-28 23:03:19 - INFO - Epoch 491/1000, Batch 4/4, Loss: 0.3244
2025-04-28 23:03:22 - INFO - Epoch 492/1000, Batch 4/4, Loss: 0.2616
2025-04-28 23:03:25 - INFO - Epoch 493/1000, Batch 4/4, Loss: 0.1054
2025-04-28 23:03:28 - INFO - Epoch 494/1000, Batch 4/4, Loss: 0.3200
2025-04-28 23:03:31 - INFO - Epoch 495/1000, Batch 4/4, Loss: 0.1808
2025-04-28 23:03:34 - INFO - Epoch 496/1000, Batch 4/4, Loss: 0.1004
2025-04-28 23:03:37 - INFO - Epoch 497/1000, Batch 4/4, Loss: 0.2066
2025-04-28 23:03:40 - INFO - Epoch 498/1000, Batch 4/4, Loss: 0.2640
2025-04-28 23:03:42 - INFO - Epoch 499/1000, Batch 4/4, Loss: 0.2060
2025-04-28 23:03:45 - INFO - Epoch 500/1000, Batch 4/4, Loss: 0.1940
2025-04-28 23:03:46 - INFO - Saved checkpoint at epoch 500 at ./result/VNet/LA_16/Pth/model_epoch_500_checkpoint.pth
2025-04-28 23:03:49 - INFO - Epoch 501/1000, Batch 4/4, Loss: 0.1559
2025-04-28 23:03:52 - INFO - Epoch 502/1000, Batch 4/4, Loss: 0.2643
2025-04-28 23:03:55 - INFO - Epoch 503/1000, Batch 4/4, Loss: 0.2662
2025-04-28 23:03:58 - INFO - Epoch 504/1000, Batch 4/4, Loss: 0.2997
2025-04-28 23:04:01 - INFO - Epoch 505/1000, Batch 4/4, Loss: 0.1308
2025-04-28 23:04:04 - INFO - Epoch 506/1000, Batch 4/4, Loss: 0.2134
2025-04-28 23:04:07 - INFO - Epoch 507/1000, Batch 4/4, Loss: 0.3459
2025-04-28 23:04:10 - INFO - Epoch 508/1000, Batch 4/4, Loss: 0.1809
2025-04-28 23:04:13 - INFO - Epoch 509/1000, Batch 4/4, Loss: 0.1968
2025-04-28 23:04:16 - INFO - Epoch 510/1000, Batch 4/4, Loss: 0.1769
2025-04-28 23:04:19 - INFO - Epoch 511/1000, Batch 4/4, Loss: 0.1796
2025-04-28 23:04:22 - INFO - Epoch 512/1000, Batch 4/4, Loss: 0.1269
2025-04-28 23:04:25 - INFO - Epoch 513/1000, Batch 4/4, Loss: 0.3276
2025-04-28 23:04:28 - INFO - Epoch 514/1000, Batch 4/4, Loss: 0.1851
2025-04-28 23:04:31 - INFO - Epoch 515/1000, Batch 4/4, Loss: 0.1258
2025-04-28 23:04:34 - INFO - Epoch 516/1000, Batch 4/4, Loss: 0.1222
2025-04-28 23:04:37 - INFO - Epoch 517/1000, Batch 4/4, Loss: 0.1627
2025-04-28 23:04:40 - INFO - Epoch 518/1000, Batch 4/4, Loss: 0.1959
2025-04-28 23:04:43 - INFO - Epoch 519/1000, Batch 4/4, Loss: 0.1732
2025-04-28 23:04:46 - INFO - Epoch 520/1000, Batch 4/4, Loss: 0.2611
2025-04-28 23:04:46 - INFO - Saved checkpoint at epoch 520 at ./result/VNet/LA_16/Pth/model_epoch_520_checkpoint.pth
2025-04-28 23:04:49 - INFO - Epoch 521/1000, Batch 4/4, Loss: 0.2128
2025-04-28 23:04:52 - INFO - Epoch 522/1000, Batch 4/4, Loss: 0.1717
2025-04-28 23:04:55 - INFO - Epoch 523/1000, Batch 4/4, Loss: 0.2879
2025-04-28 23:04:58 - INFO - Epoch 524/1000, Batch 4/4, Loss: 0.1306
2025-04-28 23:05:01 - INFO - Epoch 525/1000, Batch 4/4, Loss: 0.2795
2025-04-28 23:05:04 - INFO - Epoch 526/1000, Batch 4/4, Loss: 0.1722
2025-04-28 23:05:06 - INFO - Epoch 527/1000, Batch 4/4, Loss: 0.3096
2025-04-28 23:05:09 - INFO - Epoch 528/1000, Batch 4/4, Loss: 0.1702
2025-04-28 23:05:12 - INFO - Epoch 529/1000, Batch 4/4, Loss: 0.2119
2025-04-28 23:05:15 - INFO - Epoch 530/1000, Batch 4/4, Loss: 0.1216
2025-04-28 23:05:18 - INFO - Epoch 531/1000, Batch 4/4, Loss: 0.1179
2025-04-28 23:05:22 - INFO - Epoch 532/1000, Batch 4/4, Loss: 0.2406
2025-04-28 23:05:25 - INFO - Epoch 533/1000, Batch 4/4, Loss: 0.0949
2025-04-28 23:05:28 - INFO - Epoch 534/1000, Batch 4/4, Loss: 0.1676
2025-04-28 23:05:31 - INFO - Epoch 535/1000, Batch 4/4, Loss: 0.1886
2025-04-28 23:05:34 - INFO - Epoch 536/1000, Batch 4/4, Loss: 0.2921
2025-04-28 23:05:37 - INFO - Epoch 537/1000, Batch 4/4, Loss: 0.1550
2025-04-28 23:05:40 - INFO - Epoch 538/1000, Batch 4/4, Loss: 0.1898
2025-04-28 23:05:43 - INFO - Epoch 539/1000, Batch 4/4, Loss: 0.0851
2025-04-28 23:05:46 - INFO - Epoch 540/1000, Batch 4/4, Loss: 0.1013
2025-04-28 23:05:46 - INFO - Saved checkpoint at epoch 540 at ./result/VNet/LA_16/Pth/model_epoch_540_checkpoint.pth
2025-04-28 23:05:48 - INFO - Epoch 541/1000, Batch 4/4, Loss: 0.1337
2025-04-28 23:05:51 - INFO - Epoch 542/1000, Batch 4/4, Loss: 0.1057
2025-04-28 23:05:54 - INFO - Epoch 543/1000, Batch 4/4, Loss: 0.1708
2025-04-28 23:05:57 - INFO - Epoch 544/1000, Batch 4/4, Loss: 0.1058
2025-04-28 23:06:00 - INFO - Epoch 545/1000, Batch 4/4, Loss: 0.1368
2025-04-28 23:06:03 - INFO - Epoch 546/1000, Batch 4/4, Loss: 0.1206
2025-04-28 23:06:06 - INFO - Epoch 547/1000, Batch 4/4, Loss: 0.1189
2025-04-28 23:06:09 - INFO - Epoch 548/1000, Batch 4/4, Loss: 0.1453
2025-04-28 23:06:12 - INFO - Epoch 549/1000, Batch 4/4, Loss: 0.1511
2025-04-28 23:06:15 - INFO - Epoch 550/1000, Batch 4/4, Loss: 0.1468
2025-04-28 23:06:18 - INFO - Epoch 551/1000, Batch 4/4, Loss: 0.1858
2025-04-28 23:06:21 - INFO - Epoch 552/1000, Batch 4/4, Loss: 0.1724
2025-04-28 23:06:24 - INFO - Epoch 553/1000, Batch 4/4, Loss: 0.2547
2025-04-28 23:06:27 - INFO - Epoch 554/1000, Batch 4/4, Loss: 0.2516
2025-04-28 23:06:30 - INFO - Epoch 555/1000, Batch 4/4, Loss: 0.0644
2025-04-28 23:06:32 - INFO - Epoch 556/1000, Batch 4/4, Loss: 0.1019
2025-04-28 23:06:36 - INFO - Epoch 557/1000, Batch 4/4, Loss: 0.1042
2025-04-28 23:06:39 - INFO - Epoch 558/1000, Batch 4/4, Loss: 0.1861
2025-04-28 23:06:42 - INFO - Epoch 559/1000, Batch 4/4, Loss: 0.1175
2025-04-28 23:06:45 - INFO - Epoch 560/1000, Batch 4/4, Loss: 0.2061
2025-04-28 23:06:45 - INFO - Saved checkpoint at epoch 560 at ./result/VNet/LA_16/Pth/model_epoch_560_checkpoint.pth
2025-04-28 23:06:48 - INFO - Epoch 561/1000, Batch 4/4, Loss: 0.2636
2025-04-28 23:06:51 - INFO - Epoch 562/1000, Batch 4/4, Loss: 0.1912
2025-04-28 23:06:54 - INFO - Epoch 563/1000, Batch 4/4, Loss: 0.0947
2025-04-28 23:06:57 - INFO - Epoch 564/1000, Batch 4/4, Loss: 0.1439
2025-04-28 23:07:00 - INFO - Epoch 565/1000, Batch 4/4, Loss: 0.1021
2025-04-28 23:07:03 - INFO - Epoch 566/1000, Batch 4/4, Loss: 0.0843
2025-04-28 23:07:06 - INFO - Epoch 567/1000, Batch 4/4, Loss: 0.1667
2025-04-28 23:07:09 - INFO - Epoch 568/1000, Batch 4/4, Loss: 0.2915
2025-04-28 23:07:12 - INFO - Epoch 569/1000, Batch 4/4, Loss: 0.1114
2025-04-28 23:07:15 - INFO - Epoch 570/1000, Batch 4/4, Loss: 0.1471
2025-04-28 23:07:18 - INFO - Epoch 571/1000, Batch 4/4, Loss: 0.1288
2025-04-28 23:07:21 - INFO - Epoch 572/1000, Batch 4/4, Loss: 0.1015
2025-04-28 23:07:25 - INFO - Epoch 573/1000, Batch 4/4, Loss: 0.1137
2025-04-28 23:07:28 - INFO - Epoch 574/1000, Batch 4/4, Loss: 0.2153
2025-04-28 23:07:31 - INFO - Epoch 575/1000, Batch 4/4, Loss: 0.1084
2025-04-28 23:07:34 - INFO - Epoch 576/1000, Batch 4/4, Loss: 0.0696
2025-04-28 23:07:37 - INFO - Epoch 577/1000, Batch 4/4, Loss: 0.1310
2025-04-28 23:07:40 - INFO - Epoch 578/1000, Batch 4/4, Loss: 0.0896
2025-04-28 23:07:43 - INFO - Epoch 579/1000, Batch 4/4, Loss: 0.1741
2025-04-28 23:07:45 - INFO - Epoch 580/1000, Batch 4/4, Loss: 0.1268
2025-04-28 23:07:45 - INFO - Saved checkpoint at epoch 580 at ./result/VNet/LA_16/Pth/model_epoch_580_checkpoint.pth
2025-04-28 23:07:48 - INFO - Epoch 581/1000, Batch 4/4, Loss: 0.2468
2025-04-28 23:07:51 - INFO - Epoch 582/1000, Batch 4/4, Loss: 0.0916
2025-04-28 23:07:54 - INFO - Epoch 583/1000, Batch 4/4, Loss: 0.0944
2025-04-28 23:07:57 - INFO - Epoch 584/1000, Batch 4/4, Loss: 0.1484
2025-04-28 23:08:00 - INFO - Epoch 585/1000, Batch 4/4, Loss: 0.1555
2025-04-28 23:08:03 - INFO - Epoch 586/1000, Batch 4/4, Loss: 0.1894
2025-04-28 23:08:05 - INFO - Epoch 587/1000, Batch 4/4, Loss: 0.1873
2025-04-28 23:08:08 - INFO - Epoch 588/1000, Batch 4/4, Loss: 0.1927
2025-04-28 23:08:11 - INFO - Epoch 589/1000, Batch 4/4, Loss: 0.1739
2025-04-28 23:08:14 - INFO - Epoch 590/1000, Batch 4/4, Loss: 0.1012
2025-04-28 23:08:17 - INFO - Epoch 591/1000, Batch 4/4, Loss: 0.1193
2025-04-28 23:08:20 - INFO - Epoch 592/1000, Batch 4/4, Loss: 0.1762
2025-04-28 23:08:23 - INFO - Epoch 593/1000, Batch 4/4, Loss: 0.2004
2025-04-28 23:08:26 - INFO - Epoch 594/1000, Batch 4/4, Loss: 0.2585
2025-04-28 23:08:29 - INFO - Epoch 595/1000, Batch 4/4, Loss: 0.1035
2025-04-28 23:08:32 - INFO - Epoch 596/1000, Batch 4/4, Loss: 0.1227
2025-04-28 23:08:35 - INFO - Epoch 597/1000, Batch 4/4, Loss: 0.0806
2025-04-28 23:08:37 - INFO - Epoch 598/1000, Batch 4/4, Loss: 0.2423
2025-04-28 23:08:40 - INFO - Epoch 599/1000, Batch 4/4, Loss: 0.0783
2025-04-28 23:08:43 - INFO - Epoch 600/1000, Batch 4/4, Loss: 0.1689
2025-04-28 23:08:43 - INFO - Saved checkpoint at epoch 600 at ./result/VNet/LA_16/Pth/model_epoch_600_checkpoint.pth
2025-04-28 23:08:46 - INFO - Epoch 601/1000, Batch 4/4, Loss: 0.1228
2025-04-28 23:08:49 - INFO - Epoch 602/1000, Batch 4/4, Loss: 0.1641
2025-04-28 23:08:52 - INFO - Epoch 603/1000, Batch 4/4, Loss: 0.0761
2025-04-28 23:08:55 - INFO - Epoch 604/1000, Batch 4/4, Loss: 0.2758
2025-04-28 23:08:58 - INFO - Epoch 605/1000, Batch 4/4, Loss: 0.1718
2025-04-28 23:09:01 - INFO - Epoch 606/1000, Batch 4/4, Loss: 0.1823
2025-04-28 23:09:04 - INFO - Epoch 607/1000, Batch 4/4, Loss: 0.1269
2025-04-28 23:09:07 - INFO - Epoch 608/1000, Batch 4/4, Loss: 0.1029
2025-04-28 23:09:10 - INFO - Epoch 609/1000, Batch 4/4, Loss: 0.0727
2025-04-28 23:09:13 - INFO - Epoch 610/1000, Batch 4/4, Loss: 0.1132
2025-04-28 23:09:16 - INFO - Epoch 611/1000, Batch 4/4, Loss: 0.1288
2025-04-28 23:09:18 - INFO - Epoch 612/1000, Batch 4/4, Loss: 0.2639
2025-04-28 23:09:21 - INFO - Epoch 613/1000, Batch 4/4, Loss: 0.1333
2025-04-28 23:09:24 - INFO - Epoch 614/1000, Batch 4/4, Loss: 0.1745
2025-04-28 23:09:27 - INFO - Epoch 615/1000, Batch 4/4, Loss: 0.1072
2025-04-28 23:09:30 - INFO - Epoch 616/1000, Batch 4/4, Loss: 0.1374
2025-04-28 23:09:33 - INFO - Epoch 617/1000, Batch 4/4, Loss: 0.1004
2025-04-28 23:09:36 - INFO - Epoch 618/1000, Batch 4/4, Loss: 0.1128
2025-04-28 23:09:39 - INFO - Epoch 619/1000, Batch 4/4, Loss: 0.2930
2025-04-28 23:09:42 - INFO - Epoch 620/1000, Batch 4/4, Loss: 0.0943
2025-04-28 23:09:42 - INFO - Saved checkpoint at epoch 620 at ./result/VNet/LA_16/Pth/model_epoch_620_checkpoint.pth
2025-04-28 23:09:45 - INFO - Epoch 621/1000, Batch 4/4, Loss: 0.0968
2025-04-28 23:09:48 - INFO - Epoch 622/1000, Batch 4/4, Loss: 0.1442
2025-04-28 23:09:51 - INFO - Epoch 623/1000, Batch 4/4, Loss: 0.1619
2025-04-28 23:09:53 - INFO - Epoch 624/1000, Batch 4/4, Loss: 0.2279
2025-04-28 23:09:56 - INFO - Epoch 625/1000, Batch 4/4, Loss: 0.0816
2025-04-28 23:09:59 - INFO - Epoch 626/1000, Batch 4/4, Loss: 0.1549
2025-04-28 23:10:02 - INFO - Epoch 627/1000, Batch 4/4, Loss: 0.0918
2025-04-28 23:10:05 - INFO - Epoch 628/1000, Batch 4/4, Loss: 0.0928
2025-04-28 23:10:07 - INFO - Epoch 629/1000, Batch 4/4, Loss: 0.1965
2025-04-28 23:10:10 - INFO - Epoch 630/1000, Batch 4/4, Loss: 0.0821
2025-04-28 23:10:13 - INFO - Epoch 631/1000, Batch 4/4, Loss: 0.0906
2025-04-28 23:10:17 - INFO - Epoch 632/1000, Batch 4/4, Loss: 0.1134
2025-04-28 23:10:20 - INFO - Epoch 633/1000, Batch 4/4, Loss: 0.1520
2025-04-28 23:10:23 - INFO - Epoch 634/1000, Batch 4/4, Loss: 0.2010
2025-04-28 23:10:26 - INFO - Epoch 635/1000, Batch 4/4, Loss: 0.0826
2025-04-28 23:10:29 - INFO - Epoch 636/1000, Batch 4/4, Loss: 0.0943
2025-04-28 23:10:32 - INFO - Epoch 637/1000, Batch 4/4, Loss: 0.1058
2025-04-28 23:10:35 - INFO - Epoch 638/1000, Batch 4/4, Loss: 0.0962
2025-04-28 23:10:38 - INFO - Epoch 639/1000, Batch 4/4, Loss: 0.1733
2025-04-28 23:10:40 - INFO - Epoch 640/1000, Batch 4/4, Loss: 0.1354
2025-04-28 23:10:40 - INFO - Saved checkpoint at epoch 640 at ./result/VNet/LA_16/Pth/model_epoch_640_checkpoint.pth
2025-04-28 23:10:44 - INFO - Epoch 641/1000, Batch 4/4, Loss: 0.1745
2025-04-28 23:10:47 - INFO - Epoch 642/1000, Batch 4/4, Loss: 0.1161
2025-04-28 23:10:50 - INFO - Epoch 643/1000, Batch 4/4, Loss: 0.0993
2025-04-28 23:10:53 - INFO - Epoch 644/1000, Batch 4/4, Loss: 0.2014
2025-04-28 23:10:56 - INFO - Epoch 645/1000, Batch 4/4, Loss: 0.2177
2025-04-28 23:10:59 - INFO - Epoch 646/1000, Batch 4/4, Loss: 0.2502
2025-04-28 23:11:02 - INFO - Epoch 647/1000, Batch 4/4, Loss: 0.1561
2025-04-28 23:11:05 - INFO - Epoch 648/1000, Batch 4/4, Loss: 0.0973
2025-04-28 23:11:08 - INFO - Epoch 649/1000, Batch 4/4, Loss: 0.0948
2025-04-28 23:11:11 - INFO - Epoch 650/1000, Batch 4/4, Loss: 0.1246
2025-04-28 23:11:14 - INFO - Epoch 651/1000, Batch 4/4, Loss: 0.0670
2025-04-28 23:11:17 - INFO - Epoch 652/1000, Batch 4/4, Loss: 0.1288
2025-04-28 23:11:21 - INFO - Epoch 653/1000, Batch 4/4, Loss: 0.1839
2025-04-28 23:11:23 - INFO - Epoch 654/1000, Batch 4/4, Loss: 0.1112
2025-04-28 23:11:26 - INFO - Epoch 655/1000, Batch 4/4, Loss: 0.1040
2025-04-28 23:11:30 - INFO - Epoch 656/1000, Batch 4/4, Loss: 0.0877
2025-04-28 23:11:33 - INFO - Epoch 657/1000, Batch 4/4, Loss: 0.2028
2025-04-28 23:11:36 - INFO - Epoch 658/1000, Batch 4/4, Loss: 0.0902
2025-04-28 23:11:39 - INFO - Epoch 659/1000, Batch 4/4, Loss: 0.1990
2025-04-28 23:11:42 - INFO - Epoch 660/1000, Batch 4/4, Loss: 0.0794
2025-04-28 23:11:42 - INFO - Saved checkpoint at epoch 660 at ./result/VNet/LA_16/Pth/model_epoch_660_checkpoint.pth
2025-04-28 23:11:45 - INFO - Epoch 661/1000, Batch 4/4, Loss: 0.1266
2025-04-28 23:11:48 - INFO - Epoch 662/1000, Batch 4/4, Loss: 0.2279
2025-04-28 23:11:51 - INFO - Epoch 663/1000, Batch 4/4, Loss: 0.0829
2025-04-28 23:11:54 - INFO - Epoch 664/1000, Batch 4/4, Loss: 0.1061
2025-04-28 23:11:57 - INFO - Epoch 665/1000, Batch 4/4, Loss: 0.1107
2025-04-28 23:12:00 - INFO - Epoch 666/1000, Batch 4/4, Loss: 0.0697
2025-04-28 23:12:03 - INFO - Epoch 667/1000, Batch 4/4, Loss: 0.2054
2025-04-28 23:12:06 - INFO - Epoch 668/1000, Batch 4/4, Loss: 0.3312
2025-04-28 23:12:09 - INFO - Epoch 669/1000, Batch 4/4, Loss: 0.0572
2025-04-28 23:12:12 - INFO - Epoch 670/1000, Batch 4/4, Loss: 0.1852
2025-04-28 23:12:15 - INFO - Epoch 671/1000, Batch 4/4, Loss: 0.1488
2025-04-28 23:12:18 - INFO - Epoch 672/1000, Batch 4/4, Loss: 0.1030
2025-04-28 23:12:21 - INFO - Epoch 673/1000, Batch 4/4, Loss: 0.0607
2025-04-28 23:12:24 - INFO - Epoch 674/1000, Batch 4/4, Loss: 0.0831
2025-04-28 23:12:28 - INFO - Epoch 675/1000, Batch 4/4, Loss: 0.1035
2025-04-28 23:12:31 - INFO - Epoch 676/1000, Batch 4/4, Loss: 0.1488
2025-04-28 23:12:34 - INFO - Epoch 677/1000, Batch 4/4, Loss: 0.0783
2025-04-28 23:12:37 - INFO - Epoch 678/1000, Batch 4/4, Loss: 0.1032
2025-04-28 23:12:40 - INFO - Epoch 679/1000, Batch 4/4, Loss: 0.1887
2025-04-28 23:12:43 - INFO - Epoch 680/1000, Batch 4/4, Loss: 0.1563
2025-04-28 23:12:43 - INFO - Saved checkpoint at epoch 680 at ./result/VNet/LA_16/Pth/model_epoch_680_checkpoint.pth
2025-04-28 23:12:46 - INFO - Epoch 681/1000, Batch 4/4, Loss: 0.2295
2025-04-28 23:12:49 - INFO - Epoch 682/1000, Batch 4/4, Loss: 0.0767
2025-04-28 23:12:52 - INFO - Epoch 683/1000, Batch 4/4, Loss: 0.1605
2025-04-28 23:12:55 - INFO - Epoch 684/1000, Batch 4/4, Loss: 0.0922
2025-04-28 23:12:58 - INFO - Epoch 685/1000, Batch 4/4, Loss: 0.1500
2025-04-28 23:13:01 - INFO - Epoch 686/1000, Batch 4/4, Loss: 0.1534
2025-04-28 23:13:04 - INFO - Epoch 687/1000, Batch 4/4, Loss: 0.1243
2025-04-28 23:13:07 - INFO - Epoch 688/1000, Batch 4/4, Loss: 0.0641
2025-04-28 23:13:10 - INFO - Epoch 689/1000, Batch 4/4, Loss: 0.1012
2025-04-28 23:13:13 - INFO - Epoch 690/1000, Batch 4/4, Loss: 0.1170
2025-04-28 23:13:16 - INFO - Epoch 691/1000, Batch 4/4, Loss: 0.2100
2025-04-28 23:13:19 - INFO - Epoch 692/1000, Batch 4/4, Loss: 0.1326
2025-04-28 23:13:22 - INFO - Epoch 693/1000, Batch 4/4, Loss: 0.1200
2025-04-28 23:13:25 - INFO - Epoch 694/1000, Batch 4/4, Loss: 0.1122
2025-04-28 23:13:28 - INFO - Epoch 695/1000, Batch 4/4, Loss: 0.2038
2025-04-28 23:13:31 - INFO - Epoch 696/1000, Batch 4/4, Loss: 0.0553
2025-04-28 23:13:34 - INFO - Epoch 697/1000, Batch 4/4, Loss: 0.0804
2025-04-28 23:13:37 - INFO - Epoch 698/1000, Batch 4/4, Loss: 0.0778
2025-04-28 23:13:40 - INFO - Epoch 699/1000, Batch 4/4, Loss: 0.2691
2025-04-28 23:13:44 - INFO - Epoch 700/1000, Batch 4/4, Loss: 0.1990
2025-04-28 23:13:44 - INFO - Saved checkpoint at epoch 700 at ./result/VNet/LA_16/Pth/model_epoch_700_checkpoint.pth
2025-04-28 23:13:47 - INFO - Epoch 701/1000, Batch 4/4, Loss: 0.1001
2025-04-28 23:13:50 - INFO - Epoch 702/1000, Batch 4/4, Loss: 0.1183
2025-04-28 23:13:53 - INFO - Epoch 703/1000, Batch 4/4, Loss: 0.2174
2025-04-28 23:13:56 - INFO - Epoch 704/1000, Batch 4/4, Loss: 0.1101
2025-04-28 23:13:59 - INFO - Epoch 705/1000, Batch 4/4, Loss: 0.1432
2025-04-28 23:14:02 - INFO - Epoch 706/1000, Batch 4/4, Loss: 0.0811
2025-04-28 23:14:05 - INFO - Epoch 707/1000, Batch 4/4, Loss: 0.1914
2025-04-28 23:14:08 - INFO - Epoch 708/1000, Batch 4/4, Loss: 0.0938
2025-04-28 23:14:11 - INFO - Epoch 709/1000, Batch 4/4, Loss: 0.1184
2025-04-28 23:14:14 - INFO - Epoch 710/1000, Batch 4/4, Loss: 0.0832
2025-04-28 23:14:17 - INFO - Epoch 711/1000, Batch 4/4, Loss: 0.0644
2025-04-28 23:14:20 - INFO - Epoch 712/1000, Batch 4/4, Loss: 0.2098
2025-04-28 23:14:23 - INFO - Epoch 713/1000, Batch 4/4, Loss: 0.0713
2025-04-28 23:14:26 - INFO - Epoch 714/1000, Batch 4/4, Loss: 0.1290
2025-04-28 23:14:29 - INFO - Epoch 715/1000, Batch 4/4, Loss: 0.3108
2025-04-28 23:14:32 - INFO - Epoch 716/1000, Batch 4/4, Loss: 0.1653
2025-04-28 23:14:35 - INFO - Epoch 717/1000, Batch 4/4, Loss: 0.0751
2025-04-28 23:14:38 - INFO - Epoch 718/1000, Batch 4/4, Loss: 0.1436
2025-04-28 23:14:41 - INFO - Epoch 719/1000, Batch 4/4, Loss: 0.3015
2025-04-28 23:14:44 - INFO - Epoch 720/1000, Batch 4/4, Loss: 0.0974
2025-04-28 23:14:44 - INFO - Saved checkpoint at epoch 720 at ./result/VNet/LA_16/Pth/model_epoch_720_checkpoint.pth
2025-04-28 23:14:47 - INFO - Epoch 721/1000, Batch 4/4, Loss: 0.1149
2025-04-28 23:14:50 - INFO - Epoch 722/1000, Batch 4/4, Loss: 0.1064
2025-04-28 23:14:53 - INFO - Epoch 723/1000, Batch 4/4, Loss: 0.0975
2025-04-28 23:14:56 - INFO - Epoch 724/1000, Batch 4/4, Loss: 0.0815
2025-04-28 23:14:58 - INFO - Epoch 725/1000, Batch 4/4, Loss: 0.1873
2025-04-28 23:15:01 - INFO - Epoch 726/1000, Batch 4/4, Loss: 0.0748
2025-04-28 23:15:05 - INFO - Epoch 727/1000, Batch 4/4, Loss: 0.1372
2025-04-28 23:15:08 - INFO - Epoch 728/1000, Batch 4/4, Loss: 0.0616
2025-04-28 23:15:11 - INFO - Epoch 729/1000, Batch 4/4, Loss: 0.0963
2025-04-28 23:15:13 - INFO - Epoch 730/1000, Batch 4/4, Loss: 0.0741
2025-04-28 23:15:16 - INFO - Epoch 731/1000, Batch 4/4, Loss: 0.1139
2025-04-28 23:15:19 - INFO - Epoch 732/1000, Batch 4/4, Loss: 0.1299
2025-04-28 23:15:23 - INFO - Epoch 733/1000, Batch 4/4, Loss: 0.0469
2025-04-28 23:15:26 - INFO - Epoch 734/1000, Batch 4/4, Loss: 0.0788
2025-04-28 23:15:28 - INFO - Epoch 735/1000, Batch 4/4, Loss: 0.0770
2025-04-28 23:15:31 - INFO - Epoch 736/1000, Batch 4/4, Loss: 0.2841
2025-04-28 23:15:34 - INFO - Epoch 737/1000, Batch 4/4, Loss: 0.1931
2025-04-28 23:15:37 - INFO - Epoch 738/1000, Batch 4/4, Loss: 0.0743
2025-04-28 23:15:40 - INFO - Epoch 739/1000, Batch 4/4, Loss: 0.1070
2025-04-28 23:15:43 - INFO - Epoch 740/1000, Batch 4/4, Loss: 0.1361
2025-04-28 23:15:43 - INFO - Saved checkpoint at epoch 740 at ./result/VNet/LA_16/Pth/model_epoch_740_checkpoint.pth
2025-04-28 23:15:46 - INFO - Epoch 741/1000, Batch 4/4, Loss: 0.1169
2025-04-28 23:15:49 - INFO - Epoch 742/1000, Batch 4/4, Loss: 0.1405
2025-04-28 23:15:52 - INFO - Epoch 743/1000, Batch 4/4, Loss: 0.0623
2025-04-28 23:15:55 - INFO - Epoch 744/1000, Batch 4/4, Loss: 0.1691
2025-04-28 23:15:58 - INFO - Epoch 745/1000, Batch 4/4, Loss: 0.0904
2025-04-28 23:16:01 - INFO - Epoch 746/1000, Batch 4/4, Loss: 0.2621
2025-04-28 23:16:04 - INFO - Epoch 747/1000, Batch 4/4, Loss: 0.0808
2025-04-28 23:16:07 - INFO - Epoch 748/1000, Batch 4/4, Loss: 0.1150
2025-04-28 23:16:10 - INFO - Epoch 749/1000, Batch 4/4, Loss: 0.0696
2025-04-28 23:16:13 - INFO - Epoch 750/1000, Batch 4/4, Loss: 0.0816
2025-04-28 23:16:16 - INFO - Epoch 751/1000, Batch 4/4, Loss: 0.0899
2025-04-28 23:16:19 - INFO - Epoch 752/1000, Batch 4/4, Loss: 0.1582
2025-04-28 23:16:22 - INFO - Epoch 753/1000, Batch 4/4, Loss: 0.1941
2025-04-28 23:16:25 - INFO - Epoch 754/1000, Batch 4/4, Loss: 0.0468
2025-04-28 23:16:28 - INFO - Epoch 755/1000, Batch 4/4, Loss: 0.0578
2025-04-28 23:16:31 - INFO - Epoch 756/1000, Batch 4/4, Loss: 0.0542
2025-04-28 23:16:35 - INFO - Epoch 757/1000, Batch 4/4, Loss: 0.0852
2025-04-28 23:16:38 - INFO - Epoch 758/1000, Batch 4/4, Loss: 0.3568
2025-04-28 23:16:41 - INFO - Epoch 759/1000, Batch 4/4, Loss: 0.0494
2025-04-28 23:16:44 - INFO - Epoch 760/1000, Batch 4/4, Loss: 0.1024
2025-04-28 23:16:44 - INFO - Saved checkpoint at epoch 760 at ./result/VNet/LA_16/Pth/model_epoch_760_checkpoint.pth
2025-04-28 23:16:47 - INFO - Epoch 761/1000, Batch 4/4, Loss: 0.2088
2025-04-28 23:16:50 - INFO - Epoch 762/1000, Batch 4/4, Loss: 0.0927
2025-04-28 23:16:53 - INFO - Epoch 763/1000, Batch 4/4, Loss: 0.0664
2025-04-28 23:16:56 - INFO - Epoch 764/1000, Batch 4/4, Loss: 0.0674
2025-04-28 23:16:59 - INFO - Epoch 765/1000, Batch 4/4, Loss: 0.0840
2025-04-28 23:17:02 - INFO - Epoch 766/1000, Batch 4/4, Loss: 0.1391
2025-04-28 23:17:05 - INFO - Epoch 767/1000, Batch 4/4, Loss: 0.1575
2025-04-28 23:17:08 - INFO - Epoch 768/1000, Batch 4/4, Loss: 0.0912
2025-04-28 23:17:11 - INFO - Epoch 769/1000, Batch 4/4, Loss: 0.1404
2025-04-28 23:17:14 - INFO - Epoch 770/1000, Batch 4/4, Loss: 0.0611
2025-04-28 23:17:17 - INFO - Epoch 771/1000, Batch 4/4, Loss: 0.2936
2025-04-28 23:17:20 - INFO - Epoch 772/1000, Batch 4/4, Loss: 0.0973
2025-04-28 23:17:23 - INFO - Epoch 773/1000, Batch 4/4, Loss: 0.0719
2025-04-28 23:17:26 - INFO - Epoch 774/1000, Batch 4/4, Loss: 0.1034
2025-04-28 23:17:29 - INFO - Epoch 775/1000, Batch 4/4, Loss: 0.1564
2025-04-28 23:17:32 - INFO - Epoch 776/1000, Batch 4/4, Loss: 0.0753
2025-04-28 23:17:35 - INFO - Epoch 777/1000, Batch 4/4, Loss: 0.1494
2025-04-28 23:17:38 - INFO - Epoch 778/1000, Batch 4/4, Loss: 0.0589
2025-04-28 23:17:41 - INFO - Epoch 779/1000, Batch 4/4, Loss: 0.1234
2025-04-28 23:17:44 - INFO - Epoch 780/1000, Batch 4/4, Loss: 0.0845
2025-04-28 23:17:44 - INFO - Saved checkpoint at epoch 780 at ./result/VNet/LA_16/Pth/model_epoch_780_checkpoint.pth
2025-04-28 23:17:47 - INFO - Epoch 781/1000, Batch 4/4, Loss: 0.1341
2025-04-28 23:17:50 - INFO - Epoch 782/1000, Batch 4/4, Loss: 0.0963
2025-04-28 23:17:53 - INFO - Epoch 783/1000, Batch 4/4, Loss: 0.0747
2025-04-28 23:17:56 - INFO - Epoch 784/1000, Batch 4/4, Loss: 0.1875
2025-04-28 23:17:59 - INFO - Epoch 785/1000, Batch 4/4, Loss: 0.1147
2025-04-28 23:18:02 - INFO - Epoch 786/1000, Batch 4/4, Loss: 0.0853
2025-04-28 23:18:05 - INFO - Epoch 787/1000, Batch 4/4, Loss: 0.1139
2025-04-28 23:18:09 - INFO - Epoch 788/1000, Batch 4/4, Loss: 0.0886
2025-04-28 23:18:12 - INFO - Epoch 789/1000, Batch 4/4, Loss: 0.0642
2025-04-28 23:18:15 - INFO - Epoch 790/1000, Batch 4/4, Loss: 0.1511
2025-04-28 23:18:18 - INFO - Epoch 791/1000, Batch 4/4, Loss: 0.0684
2025-04-28 23:18:21 - INFO - Epoch 792/1000, Batch 4/4, Loss: 0.1077
2025-04-28 23:18:24 - INFO - Epoch 793/1000, Batch 4/4, Loss: 0.1070
2025-04-28 23:18:27 - INFO - Epoch 794/1000, Batch 4/4, Loss: 0.1726
2025-04-28 23:18:30 - INFO - Epoch 795/1000, Batch 4/4, Loss: 0.1400
2025-04-28 23:18:33 - INFO - Epoch 796/1000, Batch 4/4, Loss: 0.1208
2025-04-28 23:18:36 - INFO - Epoch 797/1000, Batch 4/4, Loss: 0.0689
2025-04-28 23:18:39 - INFO - Epoch 798/1000, Batch 4/4, Loss: 0.1524
2025-04-28 23:18:42 - INFO - Epoch 799/1000, Batch 4/4, Loss: 0.1323
2025-04-28 23:18:45 - INFO - Epoch 800/1000, Batch 4/4, Loss: 0.1163
2025-04-28 23:18:46 - INFO - Saved checkpoint at epoch 800 at ./result/VNet/LA_16/Pth/model_epoch_800_checkpoint.pth
2025-04-28 23:18:49 - INFO - Epoch 801/1000, Batch 4/4, Loss: 0.1592
2025-04-28 23:18:52 - INFO - Epoch 802/1000, Batch 4/4, Loss: 0.0603
2025-04-28 23:18:55 - INFO - Epoch 803/1000, Batch 4/4, Loss: 0.0666
2025-04-28 23:18:58 - INFO - Epoch 804/1000, Batch 4/4, Loss: 0.0625
2025-04-28 23:19:01 - INFO - Epoch 805/1000, Batch 4/4, Loss: 0.1870
2025-04-28 23:19:04 - INFO - Epoch 806/1000, Batch 4/4, Loss: 0.1842
2025-04-28 23:19:07 - INFO - Epoch 807/1000, Batch 4/4, Loss: 0.1611
2025-04-28 23:19:10 - INFO - Epoch 808/1000, Batch 4/4, Loss: 0.1445
2025-04-28 23:19:13 - INFO - Epoch 809/1000, Batch 4/4, Loss: 0.1044
2025-04-28 23:19:16 - INFO - Epoch 810/1000, Batch 4/4, Loss: 0.1426
2025-04-28 23:19:19 - INFO - Epoch 811/1000, Batch 4/4, Loss: 0.1800
2025-04-28 23:19:22 - INFO - Epoch 812/1000, Batch 4/4, Loss: 0.0832
2025-04-28 23:19:25 - INFO - Epoch 813/1000, Batch 4/4, Loss: 0.2592
2025-04-28 23:19:28 - INFO - Epoch 814/1000, Batch 4/4, Loss: 0.0657
2025-04-28 23:19:31 - INFO - Epoch 815/1000, Batch 4/4, Loss: 0.0969
2025-04-28 23:19:34 - INFO - Epoch 816/1000, Batch 4/4, Loss: 0.1762
2025-04-28 23:19:37 - INFO - Epoch 817/1000, Batch 4/4, Loss: 0.0592
2025-04-28 23:19:40 - INFO - Epoch 818/1000, Batch 4/4, Loss: 0.1299
2025-04-28 23:19:43 - INFO - Epoch 819/1000, Batch 4/4, Loss: 0.0689
2025-04-28 23:19:46 - INFO - Epoch 820/1000, Batch 4/4, Loss: 0.0538
2025-04-28 23:19:46 - INFO - Saved checkpoint at epoch 820 at ./result/VNet/LA_16/Pth/model_epoch_820_checkpoint.pth
2025-04-28 23:19:49 - INFO - Epoch 821/1000, Batch 4/4, Loss: 0.1138
2025-04-28 23:19:52 - INFO - Epoch 822/1000, Batch 4/4, Loss: 0.0727
2025-04-28 23:19:54 - INFO - Epoch 823/1000, Batch 4/4, Loss: 0.1718
2025-04-28 23:19:57 - INFO - Epoch 824/1000, Batch 4/4, Loss: 0.2872
2025-04-28 23:20:00 - INFO - Epoch 825/1000, Batch 4/4, Loss: 0.0833
2025-04-28 23:20:03 - INFO - Epoch 826/1000, Batch 4/4, Loss: 0.1288
2025-04-28 23:20:06 - INFO - Epoch 827/1000, Batch 4/4, Loss: 0.0903
2025-04-28 23:20:09 - INFO - Epoch 828/1000, Batch 4/4, Loss: 0.0928
2025-04-28 23:20:12 - INFO - Epoch 829/1000, Batch 4/4, Loss: 0.0844
2025-04-28 23:20:15 - INFO - Epoch 830/1000, Batch 4/4, Loss: 0.1091
2025-04-28 23:20:18 - INFO - Epoch 831/1000, Batch 4/4, Loss: 0.0700
2025-04-28 23:20:21 - INFO - Epoch 832/1000, Batch 4/4, Loss: 0.0948
2025-04-28 23:20:24 - INFO - Epoch 833/1000, Batch 4/4, Loss: 0.1794
2025-04-28 23:20:27 - INFO - Epoch 834/1000, Batch 4/4, Loss: 0.0986
2025-04-28 23:20:30 - INFO - Epoch 835/1000, Batch 4/4, Loss: 0.2295
2025-04-28 23:20:33 - INFO - Epoch 836/1000, Batch 4/4, Loss: 0.0754
2025-04-28 23:20:35 - INFO - Epoch 837/1000, Batch 4/4, Loss: 0.1157
2025-04-28 23:20:39 - INFO - Epoch 838/1000, Batch 4/4, Loss: 0.0790
2025-04-28 23:20:42 - INFO - Epoch 839/1000, Batch 4/4, Loss: 0.0887
2025-04-28 23:20:44 - INFO - Epoch 840/1000, Batch 4/4, Loss: 0.1066
2025-04-28 23:20:45 - INFO - Saved checkpoint at epoch 840 at ./result/VNet/LA_16/Pth/model_epoch_840_checkpoint.pth
2025-04-28 23:20:47 - INFO - Epoch 841/1000, Batch 4/4, Loss: 0.0795
2025-04-28 23:20:50 - INFO - Epoch 842/1000, Batch 4/4, Loss: 0.2188
2025-04-28 23:20:53 - INFO - Epoch 843/1000, Batch 4/4, Loss: 0.1011
2025-04-28 23:20:56 - INFO - Epoch 844/1000, Batch 4/4, Loss: 0.1171
2025-04-28 23:20:59 - INFO - Epoch 845/1000, Batch 4/4, Loss: 0.0506
2025-04-28 23:21:02 - INFO - Epoch 846/1000, Batch 4/4, Loss: 0.0699
2025-04-28 23:21:05 - INFO - Epoch 847/1000, Batch 4/4, Loss: 0.0854
2025-04-28 23:21:08 - INFO - Epoch 848/1000, Batch 4/4, Loss: 0.0638
2025-04-28 23:21:11 - INFO - Epoch 849/1000, Batch 4/4, Loss: 0.0811
2025-04-28 23:21:14 - INFO - Epoch 850/1000, Batch 4/4, Loss: 0.1090
2025-04-28 23:21:16 - INFO - Epoch 851/1000, Batch 4/4, Loss: 0.0590
2025-04-28 23:21:19 - INFO - Epoch 852/1000, Batch 4/4, Loss: 0.0521
2025-04-28 23:21:22 - INFO - Epoch 853/1000, Batch 4/4, Loss: 0.1081
2025-04-28 23:21:25 - INFO - Epoch 854/1000, Batch 4/4, Loss: 0.0972
2025-04-28 23:21:28 - INFO - Epoch 855/1000, Batch 4/4, Loss: 0.0748
2025-04-28 23:21:31 - INFO - Epoch 856/1000, Batch 4/4, Loss: 0.0533
2025-04-28 23:21:34 - INFO - Epoch 857/1000, Batch 4/4, Loss: 0.0554
2025-04-28 23:21:37 - INFO - Epoch 858/1000, Batch 4/4, Loss: 0.1125
2025-04-28 23:21:40 - INFO - Epoch 859/1000, Batch 4/4, Loss: 0.1010
2025-04-28 23:21:43 - INFO - Epoch 860/1000, Batch 4/4, Loss: 0.0664
2025-04-28 23:21:43 - INFO - Saved checkpoint at epoch 860 at ./result/VNet/LA_16/Pth/model_epoch_860_checkpoint.pth
2025-04-28 23:21:46 - INFO - Epoch 861/1000, Batch 4/4, Loss: 0.1373
2025-04-28 23:21:49 - INFO - Epoch 862/1000, Batch 4/4, Loss: 0.1221
2025-04-28 23:21:52 - INFO - Epoch 863/1000, Batch 4/4, Loss: 0.0872
2025-04-28 23:21:55 - INFO - Epoch 864/1000, Batch 4/4, Loss: 0.1561
2025-04-28 23:21:57 - INFO - Epoch 865/1000, Batch 4/4, Loss: 0.0716
2025-04-28 23:22:00 - INFO - Epoch 866/1000, Batch 4/4, Loss: 0.1430
2025-04-28 23:22:03 - INFO - Epoch 867/1000, Batch 4/4, Loss: 0.1139
2025-04-28 23:22:06 - INFO - Epoch 868/1000, Batch 4/4, Loss: 0.0556
2025-04-28 23:22:09 - INFO - Epoch 869/1000, Batch 4/4, Loss: 0.1183
2025-04-28 23:22:12 - INFO - Epoch 870/1000, Batch 4/4, Loss: 0.0585
2025-04-28 23:22:15 - INFO - Epoch 871/1000, Batch 4/4, Loss: 0.0682
2025-04-28 23:22:18 - INFO - Epoch 872/1000, Batch 4/4, Loss: 0.0531
2025-04-28 23:22:21 - INFO - Epoch 873/1000, Batch 4/4, Loss: 0.0911
2025-04-28 23:22:24 - INFO - Epoch 874/1000, Batch 4/4, Loss: 0.0670
2025-04-28 23:22:27 - INFO - Epoch 875/1000, Batch 4/4, Loss: 0.1151
2025-04-28 23:22:30 - INFO - Epoch 876/1000, Batch 4/4, Loss: 0.1347
2025-04-28 23:22:32 - INFO - Epoch 877/1000, Batch 4/4, Loss: 0.0885
2025-04-28 23:22:35 - INFO - Epoch 878/1000, Batch 4/4, Loss: 0.0598
2025-04-28 23:22:38 - INFO - Epoch 879/1000, Batch 4/4, Loss: 0.1392
2025-04-28 23:22:41 - INFO - Epoch 880/1000, Batch 4/4, Loss: 0.0537
2025-04-28 23:22:41 - INFO - Saved checkpoint at epoch 880 at ./result/VNet/LA_16/Pth/model_epoch_880_checkpoint.pth
2025-04-28 23:22:44 - INFO - Epoch 881/1000, Batch 4/4, Loss: 0.0737
2025-04-28 23:22:47 - INFO - Epoch 882/1000, Batch 4/4, Loss: 0.0732
2025-04-28 23:22:50 - INFO - Epoch 883/1000, Batch 4/4, Loss: 0.1277
2025-04-28 23:22:53 - INFO - Epoch 884/1000, Batch 4/4, Loss: 0.0861
2025-04-28 23:22:56 - INFO - Epoch 885/1000, Batch 4/4, Loss: 0.0506
2025-04-28 23:22:59 - INFO - Epoch 886/1000, Batch 4/4, Loss: 0.0953
2025-04-28 23:23:02 - INFO - Epoch 887/1000, Batch 4/4, Loss: 0.1146
2025-04-28 23:23:05 - INFO - Epoch 888/1000, Batch 4/4, Loss: 0.1358
2025-04-28 23:23:08 - INFO - Epoch 889/1000, Batch 4/4, Loss: 0.0678
2025-04-28 23:23:11 - INFO - Epoch 890/1000, Batch 4/4, Loss: 0.1543
2025-04-28 23:23:14 - INFO - Epoch 891/1000, Batch 4/4, Loss: 0.0760
2025-04-28 23:23:17 - INFO - Epoch 892/1000, Batch 4/4, Loss: 0.0793
2025-04-28 23:23:20 - INFO - Epoch 893/1000, Batch 4/4, Loss: 0.1372
2025-04-28 23:23:23 - INFO - Epoch 894/1000, Batch 4/4, Loss: 0.0818
2025-04-28 23:23:26 - INFO - Epoch 895/1000, Batch 4/4, Loss: 0.1547
2025-04-28 23:23:29 - INFO - Epoch 896/1000, Batch 4/4, Loss: 0.0612
2025-04-28 23:23:32 - INFO - Epoch 897/1000, Batch 4/4, Loss: 0.0629
2025-04-28 23:23:35 - INFO - Epoch 898/1000, Batch 4/4, Loss: 0.1182
2025-04-28 23:23:39 - INFO - Epoch 899/1000, Batch 4/4, Loss: 0.1376
2025-04-28 23:23:42 - INFO - Epoch 900/1000, Batch 4/4, Loss: 0.1127
2025-04-28 23:23:42 - INFO - Saved checkpoint at epoch 900 at ./result/VNet/LA_16/Pth/model_epoch_900_checkpoint.pth
2025-04-28 23:23:45 - INFO - Epoch 901/1000, Batch 4/4, Loss: 0.0597
2025-04-28 23:23:48 - INFO - Epoch 902/1000, Batch 4/4, Loss: 0.1157
2025-04-28 23:23:51 - INFO - Epoch 903/1000, Batch 4/4, Loss: 0.1193
2025-04-28 23:23:54 - INFO - Epoch 904/1000, Batch 4/4, Loss: 0.0423
2025-04-28 23:23:57 - INFO - Epoch 905/1000, Batch 4/4, Loss: 0.2692
2025-04-28 23:24:00 - INFO - Epoch 906/1000, Batch 4/4, Loss: 0.1259
2025-04-28 23:24:03 - INFO - Epoch 907/1000, Batch 4/4, Loss: 0.1860
2025-04-28 23:24:06 - INFO - Epoch 908/1000, Batch 4/4, Loss: 0.0599
2025-04-28 23:24:09 - INFO - Epoch 909/1000, Batch 4/4, Loss: 0.0611
2025-04-28 23:24:12 - INFO - Epoch 910/1000, Batch 4/4, Loss: 0.0780
2025-04-28 23:24:16 - INFO - Epoch 911/1000, Batch 4/4, Loss: 0.0933
2025-04-28 23:24:19 - INFO - Epoch 912/1000, Batch 4/4, Loss: 0.0700
2025-04-28 23:24:22 - INFO - Epoch 913/1000, Batch 4/4, Loss: 0.0573
2025-04-28 23:24:25 - INFO - Epoch 914/1000, Batch 4/4, Loss: 0.0753
2025-04-28 23:24:28 - INFO - Epoch 915/1000, Batch 4/4, Loss: 0.0456
2025-04-28 23:24:31 - INFO - Epoch 916/1000, Batch 4/4, Loss: 0.0928
2025-04-28 23:24:34 - INFO - Epoch 917/1000, Batch 4/4, Loss: 0.0677
2025-04-28 23:24:37 - INFO - Epoch 918/1000, Batch 4/4, Loss: 0.1809
2025-04-28 23:24:40 - INFO - Epoch 919/1000, Batch 4/4, Loss: 0.0636
2025-04-28 23:24:43 - INFO - Epoch 920/1000, Batch 4/4, Loss: 0.1198
2025-04-28 23:24:43 - INFO - Saved checkpoint at epoch 920 at ./result/VNet/LA_16/Pth/model_epoch_920_checkpoint.pth
2025-04-28 23:24:46 - INFO - Epoch 921/1000, Batch 4/4, Loss: 0.0479
2025-04-28 23:24:49 - INFO - Epoch 922/1000, Batch 4/4, Loss: 0.0760
2025-04-28 23:24:52 - INFO - Epoch 923/1000, Batch 4/4, Loss: 0.0927
2025-04-28 23:24:55 - INFO - Epoch 924/1000, Batch 4/4, Loss: 0.0549
2025-04-28 23:24:58 - INFO - Epoch 925/1000, Batch 4/4, Loss: 0.0732
2025-04-28 23:25:01 - INFO - Epoch 926/1000, Batch 4/4, Loss: 0.0862
2025-04-28 23:25:04 - INFO - Epoch 927/1000, Batch 4/4, Loss: 0.0567
2025-04-28 23:25:07 - INFO - Epoch 928/1000, Batch 4/4, Loss: 0.0749
2025-04-28 23:25:10 - INFO - Epoch 929/1000, Batch 4/4, Loss: 0.0568
2025-04-28 23:25:13 - INFO - Epoch 930/1000, Batch 4/4, Loss: 0.0678
2025-04-28 23:25:16 - INFO - Epoch 931/1000, Batch 4/4, Loss: 0.1117
2025-04-28 23:25:19 - INFO - Epoch 932/1000, Batch 4/4, Loss: 0.0624
2025-04-28 23:25:22 - INFO - Epoch 933/1000, Batch 4/4, Loss: 0.0874
2025-04-28 23:25:25 - INFO - Epoch 934/1000, Batch 4/4, Loss: 0.2905
2025-04-28 23:25:28 - INFO - Epoch 935/1000, Batch 4/4, Loss: 0.1019
2025-04-28 23:25:31 - INFO - Epoch 936/1000, Batch 4/4, Loss: 0.0599
2025-04-28 23:25:34 - INFO - Epoch 937/1000, Batch 4/4, Loss: 0.0963
2025-04-28 23:25:37 - INFO - Epoch 938/1000, Batch 4/4, Loss: 0.0686
2025-04-28 23:25:41 - INFO - Epoch 939/1000, Batch 4/4, Loss: 0.0581
2025-04-28 23:25:44 - INFO - Epoch 940/1000, Batch 4/4, Loss: 0.1046
2025-04-28 23:25:44 - INFO - Saved checkpoint at epoch 940 at ./result/VNet/LA_16/Pth/model_epoch_940_checkpoint.pth
2025-04-28 23:25:47 - INFO - Epoch 941/1000, Batch 4/4, Loss: 0.0802
2025-04-28 23:25:50 - INFO - Epoch 942/1000, Batch 4/4, Loss: 0.0671
2025-04-28 23:25:53 - INFO - Epoch 943/1000, Batch 4/4, Loss: 0.0552
2025-04-28 23:25:56 - INFO - Epoch 944/1000, Batch 4/4, Loss: 0.1110
2025-04-28 23:25:59 - INFO - Epoch 945/1000, Batch 4/4, Loss: 0.0593
2025-04-28 23:26:02 - INFO - Epoch 946/1000, Batch 4/4, Loss: 0.0740
2025-04-28 23:26:05 - INFO - Epoch 947/1000, Batch 4/4, Loss: 0.0787
2025-04-28 23:26:08 - INFO - Epoch 948/1000, Batch 4/4, Loss: 0.0580
2025-04-28 23:26:11 - INFO - Epoch 949/1000, Batch 4/4, Loss: 0.0879
2025-04-28 23:26:14 - INFO - Epoch 950/1000, Batch 4/4, Loss: 0.0799
2025-04-28 23:26:17 - INFO - Epoch 951/1000, Batch 4/4, Loss: 0.1023
2025-04-28 23:26:20 - INFO - Epoch 952/1000, Batch 4/4, Loss: 0.0491
2025-04-28 23:26:23 - INFO - Epoch 953/1000, Batch 4/4, Loss: 0.0444
2025-04-28 23:26:26 - INFO - Epoch 954/1000, Batch 4/4, Loss: 0.2711
2025-04-28 23:26:29 - INFO - Epoch 955/1000, Batch 4/4, Loss: 0.0673
2025-04-28 23:26:32 - INFO - Epoch 956/1000, Batch 4/4, Loss: 0.1086
2025-04-28 23:26:35 - INFO - Epoch 957/1000, Batch 4/4, Loss: 0.0640
2025-04-28 23:26:38 - INFO - Epoch 958/1000, Batch 4/4, Loss: 0.1258
2025-04-28 23:26:41 - INFO - Epoch 959/1000, Batch 4/4, Loss: 0.0581
2025-04-28 23:26:44 - INFO - Epoch 960/1000, Batch 4/4, Loss: 0.0685
2025-04-28 23:26:44 - INFO - Saved checkpoint at epoch 960 at ./result/VNet/LA_16/Pth/model_epoch_960_checkpoint.pth
2025-04-28 23:26:47 - INFO - Epoch 961/1000, Batch 4/4, Loss: 0.0645
2025-04-28 23:26:50 - INFO - Epoch 962/1000, Batch 4/4, Loss: 0.2126
2025-04-28 23:26:53 - INFO - Epoch 963/1000, Batch 4/4, Loss: 0.1453
2025-04-28 23:26:56 - INFO - Epoch 964/1000, Batch 4/4, Loss: 0.0618
2025-04-28 23:26:59 - INFO - Epoch 965/1000, Batch 4/4, Loss: 0.0551
2025-04-28 23:27:02 - INFO - Epoch 966/1000, Batch 4/4, Loss: 0.0536
2025-04-28 23:27:05 - INFO - Epoch 967/1000, Batch 4/4, Loss: 0.1418
2025-04-28 23:27:08 - INFO - Epoch 968/1000, Batch 4/4, Loss: 0.1964
2025-04-28 23:27:11 - INFO - Epoch 969/1000, Batch 4/4, Loss: 0.0967
2025-04-28 23:27:14 - INFO - Epoch 970/1000, Batch 4/4, Loss: 0.2316
2025-04-28 23:27:17 - INFO - Epoch 971/1000, Batch 4/4, Loss: 0.2247
2025-04-28 23:27:20 - INFO - Epoch 972/1000, Batch 4/4, Loss: 0.1048
2025-04-28 23:27:23 - INFO - Epoch 973/1000, Batch 4/4, Loss: 0.0756
2025-04-28 23:27:26 - INFO - Epoch 974/1000, Batch 4/4, Loss: 0.1898
2025-04-28 23:27:29 - INFO - Epoch 975/1000, Batch 4/4, Loss: 0.0743
2025-04-28 23:27:32 - INFO - Epoch 976/1000, Batch 4/4, Loss: 0.0660
2025-04-28 23:27:35 - INFO - Epoch 977/1000, Batch 4/4, Loss: 0.0906
2025-04-28 23:27:38 - INFO - Epoch 978/1000, Batch 4/4, Loss: 0.0518
2025-04-28 23:27:41 - INFO - Epoch 979/1000, Batch 4/4, Loss: 0.1336
2025-04-28 23:27:44 - INFO - Epoch 980/1000, Batch 4/4, Loss: 0.0415
2025-04-28 23:27:44 - INFO - Saved checkpoint at epoch 980 at ./result/VNet/LA_16/Pth/model_epoch_980_checkpoint.pth
2025-04-28 23:27:47 - INFO - Epoch 981/1000, Batch 4/4, Loss: 0.0645
2025-04-28 23:27:50 - INFO - Epoch 982/1000, Batch 4/4, Loss: 0.0536
2025-04-28 23:27:53 - INFO - Epoch 983/1000, Batch 4/4, Loss: 0.0946
2025-04-28 23:27:56 - INFO - Epoch 984/1000, Batch 4/4, Loss: 0.2483
2025-04-28 23:27:59 - INFO - Epoch 985/1000, Batch 4/4, Loss: 0.1337
2025-04-28 23:28:01 - INFO - Epoch 986/1000, Batch 4/4, Loss: 0.2467
2025-04-28 23:28:04 - INFO - Epoch 987/1000, Batch 4/4, Loss: 0.0725
2025-04-28 23:28:07 - INFO - Epoch 988/1000, Batch 4/4, Loss: 0.0573
2025-04-28 23:28:10 - INFO - Epoch 989/1000, Batch 4/4, Loss: 0.1677
2025-04-28 23:28:13 - INFO - Epoch 990/1000, Batch 4/4, Loss: 0.1015
2025-04-28 23:28:16 - INFO - Epoch 991/1000, Batch 4/4, Loss: 0.0807
2025-04-28 23:28:19 - INFO - Epoch 992/1000, Batch 4/4, Loss: 0.1058
2025-04-28 23:28:22 - INFO - Epoch 993/1000, Batch 4/4, Loss: 0.0600
2025-04-28 23:28:25 - INFO - Epoch 994/1000, Batch 4/4, Loss: 0.0689
2025-04-28 23:28:28 - INFO - Epoch 995/1000, Batch 4/4, Loss: 0.0707
2025-04-28 23:28:31 - INFO - Epoch 996/1000, Batch 4/4, Loss: 0.0882
2025-04-28 23:28:34 - INFO - Epoch 997/1000, Batch 4/4, Loss: 0.0666
2025-04-28 23:28:37 - INFO - Epoch 998/1000, Batch 4/4, Loss: 0.1469
2025-04-28 23:28:40 - INFO - Epoch 999/1000, Batch 4/4, Loss: 0.1037
2025-04-28 23:28:43 - INFO - Epoch 1000/1000, Batch 4/4, Loss: 0.0506
2025-04-28 23:28:43 - INFO - Saved checkpoint at epoch 1000 at ./result/VNet/LA_16/Pth/model_epoch_1000_checkpoint.pth
2025-04-28 23:28:43 - INFO - Training complete!
