2025-07-15 00:32:46 - INFO - Logging is set up.
2025-07-15 00:32:46 - INFO - 
======================================== New Training Session Started ========================================
2025-07-15 00:32:46 - INFO - Logging is set up.
2025-07-15 00:32:46 - INFO - 
======================================== New Training Session Started ========================================
2025-07-15 00:32:46 - INFO - Initialized distributed training on GPU 0. World size: 2
2025-07-15 00:32:46 - INFO - Training configuration:
{
  "seed": 42,
  "epochs": 600,
  "batch_size": 2,
  "learning_rate": 0.0001,
  "log_path": "./result/VNet_Multi_V5/Amos_20/Training.log",
  "pth_path": "./result/VNet_Multi_V5/Amos_20/Pth",
  "tensorboard_path": "./result/VNet_Multi_V5/Amos_20/Train",
  "continue_train": false,
  "multi_gpu": true,
  "training_num": 20,
  "dataset_path": "./datasets/AMOS",
  "num_classes": 16,
  "patch_size": [
    160,
    160,
    80
  ]
}
2025-07-15 00:32:46 - INFO - Creating new TensorBoard log directory: ./result/VNet_Multi_V5/Amos_20/Train/20250715-003246
2025-07-15 00:32:46 - INFO - Initializing AMOS dataset...
2025-07-15 00:32:46 - INFO - Initialized distributed training on GPU 1. World size: 2
2025-07-15 00:32:46 - INFO - Training configuration:
{
  "seed": 42,
  "epochs": 600,
  "batch_size": 2,
  "learning_rate": 0.0001,
  "log_path": "./result/VNet_Multi_V5/Amos_20/Training.log",
  "pth_path": "./result/VNet_Multi_V5/Amos_20/Pth",
  "tensorboard_path": "./result/VNet_Multi_V5/Amos_20/Train",
  "continue_train": false,
  "multi_gpu": true,
  "training_num": 20,
  "dataset_path": "./datasets/AMOS",
  "num_classes": 16,
  "patch_size": [
    160,
    160,
    80
  ]
}
2025-07-15 00:32:46 - INFO - Initializing AMOS dataset...
2025-07-15 00:32:46 - INFO - Successfully loaded 20 training samples.
2025-07-15 00:32:46 - INFO - DataLoader created with batch size: 2, num_workers: 24, shuffle: False.
2025-07-15 00:32:46 - INFO - Initializing VNet model...
2025-07-15 00:32:46 - INFO - Successfully loaded 20 training samples.
2025-07-15 00:32:46 - INFO - DataLoader created with batch size: 2, num_workers: 24, shuffle: False.
2025-07-15 00:32:46 - INFO - Initializing VNet model...
2025-07-15 00:32:46 - INFO - Model VNet created with 16 classes and batch normalization.
2025-07-15 00:32:46 - INFO - Starting training from scratch.
2025-07-15 00:32:46 - INFO - Model VNet created with 16 classes and batch normalization.
2025-07-15 00:32:46 - INFO - Starting training from scratch.
2025-07-15 00:32:47 - INFO - Wrapped model with DistributedDataParallel (DDP).
2025-07-15 00:32:47 - INFO - Wrapped model with DistributedDataParallel (DDP).
2025-07-15 00:32:47 - INFO - Using loss function: UnifiedLoss with parameters: num_classes=16, lambda_reg=0.3, loss_weight=[1,1]
2025-07-15 00:32:47 - INFO - Using loss function: UnifiedLoss with parameters: num_classes=16, lambda_reg=0.3, loss_weight=[1,1]
2025-07-15 00:32:47 - INFO - Optimizer: AdamW with learning rate: 0.0001, weight_decay: 0.01
2025-07-15 00:32:47 - INFO - Optimizer: AdamW with learning rate: 0.0001, weight_decay: 0.01
2025-07-15 00:32:47 - INFO - Starting model training from epoch 1 to 600...
2025-07-15 00:32:47 - INFO - Starting model training from epoch 1 to 600...
2025-07-15 00:32:51 - INFO - Epoch 1/600 finished. Average Training Loss: 4.1290
2025-07-15 00:32:54 - INFO - Epoch 2/600 finished. Average Training Loss: 3.9647
2025-07-15 00:32:58 - INFO - Epoch 3/600 finished. Average Training Loss: 4.0425
2025-07-15 00:33:01 - INFO - Epoch 4/600 finished. Average Training Loss: 4.0335
2025-07-15 00:33:04 - INFO - Epoch 5/600 finished. Average Training Loss: 3.9980
2025-07-15 00:33:08 - INFO - Epoch 6/600 finished. Average Training Loss: 3.7453
2025-07-15 00:33:11 - INFO - Epoch 7/600 finished. Average Training Loss: 3.7805
2025-07-15 00:33:14 - INFO - Epoch 8/600 finished. Average Training Loss: 3.7622
2025-07-15 00:33:18 - INFO - Epoch 9/600 finished. Average Training Loss: 3.8190
2025-07-15 00:33:21 - INFO - Epoch 10/600 finished. Average Training Loss: 3.7385
2025-07-15 00:33:25 - INFO - Epoch 11/600 finished. Average Training Loss: 3.8649
2025-07-15 00:33:28 - INFO - Epoch 12/600 finished. Average Training Loss: 3.6732
2025-07-15 00:33:31 - INFO - Epoch 13/600 finished. Average Training Loss: 3.6642
2025-07-15 00:33:35 - INFO - Epoch 14/600 finished. Average Training Loss: 3.8388
2025-07-15 00:33:38 - INFO - Epoch 15/600 finished. Average Training Loss: 3.7127
2025-07-15 00:33:41 - INFO - Epoch 16/600 finished. Average Training Loss: 3.6007
2025-07-15 00:33:45 - INFO - Epoch 17/600 finished. Average Training Loss: 3.7566
2025-07-15 00:33:51 - INFO - Epoch 18/600 finished. Average Training Loss: 3.6031
2025-07-15 00:33:57 - INFO - Epoch 19/600 finished. Average Training Loss: 3.5785
2025-07-15 00:34:04 - INFO - Epoch 20/600 finished. Average Training Loss: 3.5910
2025-07-15 00:34:04 - INFO - Saved checkpoint for epoch 20 to ./result/VNet_Multi_V5/Amos_20/Pth/model_epoch_20_checkpoint.pth
2025-07-15 00:34:10 - INFO - Epoch 21/600 finished. Average Training Loss: 3.5289
2025-07-15 00:34:17 - INFO - Epoch 22/600 finished. Average Training Loss: 3.6094
2025-07-15 00:34:23 - INFO - Epoch 23/600 finished. Average Training Loss: 3.5184
2025-07-15 00:34:29 - INFO - Epoch 24/600 finished. Average Training Loss: 3.4312
2025-07-15 00:34:35 - INFO - Epoch 25/600 finished. Average Training Loss: 3.5160
2025-07-15 00:34:42 - INFO - Epoch 26/600 finished. Average Training Loss: 3.5434
2025-07-15 00:34:48 - INFO - Epoch 27/600 finished. Average Training Loss: 3.5554
2025-07-15 00:34:54 - INFO - Epoch 28/600 finished. Average Training Loss: 3.5836
2025-07-15 00:35:01 - INFO - Epoch 29/600 finished. Average Training Loss: 3.4854
2025-07-15 00:35:07 - INFO - Epoch 30/600 finished. Average Training Loss: 3.3773
2025-07-15 00:35:14 - INFO - Epoch 31/600 finished. Average Training Loss: 3.4879
2025-07-15 00:35:20 - INFO - Epoch 32/600 finished. Average Training Loss: 3.4810
2025-07-15 00:35:26 - INFO - Epoch 33/600 finished. Average Training Loss: 3.5953
2025-07-15 00:35:33 - INFO - Epoch 34/600 finished. Average Training Loss: 3.4736
2025-07-15 00:35:39 - INFO - Epoch 35/600 finished. Average Training Loss: 3.3744
2025-07-15 00:35:46 - INFO - Epoch 36/600 finished. Average Training Loss: 3.3354
2025-07-15 00:35:52 - INFO - Epoch 37/600 finished. Average Training Loss: 3.3745
2025-07-15 00:35:58 - INFO - Epoch 38/600 finished. Average Training Loss: 3.4609
2025-07-15 00:36:04 - INFO - Epoch 39/600 finished. Average Training Loss: 3.2932
2025-07-15 00:36:11 - INFO - Epoch 40/600 finished. Average Training Loss: 3.4360
2025-07-15 00:36:11 - INFO - Saved checkpoint for epoch 40 to ./result/VNet_Multi_V5/Amos_20/Pth/model_epoch_40_checkpoint.pth
2025-07-15 00:36:17 - INFO - Epoch 41/600 finished. Average Training Loss: 3.3707
2025-07-15 00:36:24 - INFO - Epoch 42/600 finished. Average Training Loss: 3.3579
2025-07-15 00:36:30 - INFO - Epoch 43/600 finished. Average Training Loss: 3.2672
2025-07-15 00:36:37 - INFO - Epoch 44/600 finished. Average Training Loss: 3.3627
2025-07-15 00:36:43 - INFO - Epoch 45/600 finished. Average Training Loss: 3.2580
2025-07-15 00:36:49 - INFO - Epoch 46/600 finished. Average Training Loss: 3.3158
2025-07-15 00:36:56 - INFO - Epoch 47/600 finished. Average Training Loss: 3.1898
2025-07-15 00:37:02 - INFO - Epoch 48/600 finished. Average Training Loss: 3.4033
2025-07-15 00:37:08 - INFO - Epoch 49/600 finished. Average Training Loss: 3.2026
2025-07-15 00:37:15 - INFO - Epoch 50/600 finished. Average Training Loss: 3.1658
2025-07-15 00:37:21 - INFO - Epoch 51/600 finished. Average Training Loss: 3.1752
2025-07-15 00:37:27 - INFO - Epoch 52/600 finished. Average Training Loss: 3.1922
2025-07-15 00:37:33 - INFO - Epoch 53/600 finished. Average Training Loss: 3.2468
2025-07-15 00:37:40 - INFO - Epoch 54/600 finished. Average Training Loss: 3.2757
2025-07-15 00:37:46 - INFO - Epoch 55/600 finished. Average Training Loss: 3.2366
2025-07-15 00:37:53 - INFO - Epoch 56/600 finished. Average Training Loss: 3.1438
2025-07-15 00:37:59 - INFO - Epoch 57/600 finished. Average Training Loss: 3.2399
2025-07-15 00:38:05 - INFO - Epoch 58/600 finished. Average Training Loss: 3.2347
2025-07-15 00:38:12 - INFO - Epoch 59/600 finished. Average Training Loss: 3.1906
2025-07-15 00:38:18 - INFO - Epoch 60/600 finished. Average Training Loss: 3.1490
2025-07-15 00:38:18 - INFO - Saved checkpoint for epoch 60 to ./result/VNet_Multi_V5/Amos_20/Pth/model_epoch_60_checkpoint.pth
2025-07-15 00:38:25 - INFO - Epoch 61/600 finished. Average Training Loss: 3.3415
2025-07-15 00:38:31 - INFO - Epoch 62/600 finished. Average Training Loss: 3.2694
2025-07-15 00:38:37 - INFO - Epoch 63/600 finished. Average Training Loss: 3.2829
2025-07-15 00:38:43 - INFO - Epoch 64/600 finished. Average Training Loss: 3.0499
2025-07-15 00:38:49 - INFO - Epoch 65/600 finished. Average Training Loss: 3.2553
2025-07-15 00:38:56 - INFO - Epoch 66/600 finished. Average Training Loss: 3.1658
2025-07-15 00:39:02 - INFO - Epoch 67/600 finished. Average Training Loss: 3.0914
2025-07-15 00:39:08 - INFO - Epoch 68/600 finished. Average Training Loss: 3.3074
2025-07-15 00:39:15 - INFO - Epoch 69/600 finished. Average Training Loss: 3.0620
2025-07-15 00:39:21 - INFO - Epoch 70/600 finished. Average Training Loss: 3.1118
2025-07-15 00:39:27 - INFO - Epoch 71/600 finished. Average Training Loss: 3.1153
2025-07-15 00:39:33 - INFO - Epoch 72/600 finished. Average Training Loss: 2.9720
2025-07-15 00:39:40 - INFO - Epoch 73/600 finished. Average Training Loss: 3.0145
2025-07-15 00:39:46 - INFO - Epoch 74/600 finished. Average Training Loss: 2.9532
2025-07-15 00:39:53 - INFO - Epoch 75/600 finished. Average Training Loss: 3.0925
2025-07-15 00:39:59 - INFO - Epoch 76/600 finished. Average Training Loss: 2.8979
2025-07-15 00:40:06 - INFO - Epoch 77/600 finished. Average Training Loss: 3.0931
2025-07-15 00:40:12 - INFO - Epoch 78/600 finished. Average Training Loss: 2.8185
2025-07-15 00:40:18 - INFO - Epoch 79/600 finished. Average Training Loss: 2.9757
2025-07-15 00:40:25 - INFO - Epoch 80/600 finished. Average Training Loss: 3.0932
2025-07-15 00:40:25 - INFO - Saved checkpoint for epoch 80 to ./result/VNet_Multi_V5/Amos_20/Pth/model_epoch_80_checkpoint.pth
2025-07-15 00:40:31 - INFO - Epoch 81/600 finished. Average Training Loss: 2.8488
2025-07-15 00:40:37 - INFO - Epoch 82/600 finished. Average Training Loss: 2.8467
2025-07-15 00:40:44 - INFO - Epoch 83/600 finished. Average Training Loss: 2.7965
2025-07-15 00:40:50 - INFO - Epoch 84/600 finished. Average Training Loss: 2.8919
2025-07-15 00:40:56 - INFO - Epoch 85/600 finished. Average Training Loss: 2.8399
2025-07-15 00:41:03 - INFO - Epoch 86/600 finished. Average Training Loss: 2.9121
2025-07-15 00:41:09 - INFO - Epoch 87/600 finished. Average Training Loss: 2.8546
2025-07-15 00:41:16 - INFO - Epoch 88/600 finished. Average Training Loss: 2.9392
2025-07-15 00:41:22 - INFO - Epoch 89/600 finished. Average Training Loss: 2.9887
2025-07-15 00:41:29 - INFO - Epoch 90/600 finished. Average Training Loss: 3.0605
2025-07-15 00:41:35 - INFO - Epoch 91/600 finished. Average Training Loss: 3.0017
2025-07-15 00:41:41 - INFO - Epoch 92/600 finished. Average Training Loss: 2.9005
2025-07-15 00:41:48 - INFO - Epoch 93/600 finished. Average Training Loss: 3.0307
2025-07-15 00:41:54 - INFO - Epoch 94/600 finished. Average Training Loss: 2.8546
2025-07-15 00:42:01 - INFO - Epoch 95/600 finished. Average Training Loss: 2.8081
2025-07-15 00:42:07 - INFO - Epoch 96/600 finished. Average Training Loss: 2.9373
2025-07-15 00:42:13 - INFO - Epoch 97/600 finished. Average Training Loss: 2.7635
2025-07-15 00:42:20 - INFO - Epoch 98/600 finished. Average Training Loss: 2.9275
2025-07-15 00:42:26 - INFO - Epoch 99/600 finished. Average Training Loss: 2.8052
2025-07-15 00:42:33 - INFO - Epoch 100/600 finished. Average Training Loss: 2.8474
2025-07-15 00:42:33 - INFO - Saved checkpoint for epoch 100 to ./result/VNet_Multi_V5/Amos_20/Pth/model_epoch_100_checkpoint.pth
2025-07-15 00:42:39 - INFO - Epoch 101/600 finished. Average Training Loss: 2.8373
2025-07-15 00:42:45 - INFO - Epoch 102/600 finished. Average Training Loss: 2.7194
2025-07-15 00:42:52 - INFO - Epoch 103/600 finished. Average Training Loss: 2.8538
2025-07-15 00:42:58 - INFO - Epoch 104/600 finished. Average Training Loss: 2.6305
2025-07-15 00:43:04 - INFO - Epoch 105/600 finished. Average Training Loss: 2.8123
2025-07-15 00:43:11 - INFO - Epoch 106/600 finished. Average Training Loss: 2.8621
2025-07-15 00:43:17 - INFO - Epoch 107/600 finished. Average Training Loss: 2.8503
2025-07-15 00:43:24 - INFO - Epoch 108/600 finished. Average Training Loss: 2.6077
2025-07-15 00:43:30 - INFO - Epoch 109/600 finished. Average Training Loss: 2.8370
2025-07-15 00:43:37 - INFO - Epoch 110/600 finished. Average Training Loss: 2.6599
2025-07-15 00:43:43 - INFO - Epoch 111/600 finished. Average Training Loss: 2.7941
2025-07-15 00:43:49 - INFO - Epoch 112/600 finished. Average Training Loss: 2.6319
2025-07-15 00:43:56 - INFO - Epoch 113/600 finished. Average Training Loss: 2.7003
2025-07-15 00:44:02 - INFO - Epoch 114/600 finished. Average Training Loss: 2.6182
2025-07-15 00:44:08 - INFO - Epoch 115/600 finished. Average Training Loss: 2.4951
2025-07-15 00:44:15 - INFO - Epoch 116/600 finished. Average Training Loss: 2.6307
2025-07-15 00:44:21 - INFO - Epoch 117/600 finished. Average Training Loss: 2.6304
2025-07-15 00:44:27 - INFO - Epoch 118/600 finished. Average Training Loss: 2.7765
2025-07-15 00:44:34 - INFO - Epoch 119/600 finished. Average Training Loss: 2.7623
2025-07-15 00:44:40 - INFO - Epoch 120/600 finished. Average Training Loss: 2.8093
2025-07-15 00:44:40 - INFO - Saved checkpoint for epoch 120 to ./result/VNet_Multi_V5/Amos_20/Pth/model_epoch_120_checkpoint.pth
2025-07-15 00:44:46 - INFO - Epoch 121/600 finished. Average Training Loss: 2.5227
2025-07-15 00:44:52 - INFO - Epoch 122/600 finished. Average Training Loss: 2.7661
2025-07-15 00:44:59 - INFO - Epoch 123/600 finished. Average Training Loss: 2.6154
2025-07-15 00:45:05 - INFO - Epoch 124/600 finished. Average Training Loss: 2.3512
2025-07-15 00:45:11 - INFO - Epoch 125/600 finished. Average Training Loss: 2.4624
2025-07-15 00:45:18 - INFO - Epoch 126/600 finished. Average Training Loss: 2.6079
2025-07-15 00:45:24 - INFO - Epoch 127/600 finished. Average Training Loss: 2.6316
2025-07-15 00:45:31 - INFO - Epoch 128/600 finished. Average Training Loss: 2.4590
2025-07-15 00:45:37 - INFO - Epoch 129/600 finished. Average Training Loss: 2.5124
2025-07-15 00:45:44 - INFO - Epoch 130/600 finished. Average Training Loss: 2.7125
2025-07-15 00:45:50 - INFO - Epoch 131/600 finished. Average Training Loss: 2.3635
2025-07-15 00:45:56 - INFO - Epoch 132/600 finished. Average Training Loss: 2.5988
2025-07-15 00:46:03 - INFO - Epoch 133/600 finished. Average Training Loss: 2.6318
2025-07-15 00:46:09 - INFO - Epoch 134/600 finished. Average Training Loss: 2.6614
2025-07-15 00:46:15 - INFO - Epoch 135/600 finished. Average Training Loss: 2.6370
2025-07-15 00:46:22 - INFO - Epoch 136/600 finished. Average Training Loss: 2.5007
2025-07-15 00:46:28 - INFO - Epoch 137/600 finished. Average Training Loss: 2.7064
2025-07-15 00:46:34 - INFO - Epoch 138/600 finished. Average Training Loss: 2.6207
2025-07-15 00:46:41 - INFO - Epoch 139/600 finished. Average Training Loss: 2.4156
2025-07-15 00:46:47 - INFO - Epoch 140/600 finished. Average Training Loss: 2.5879
2025-07-15 00:46:47 - INFO - Saved checkpoint for epoch 140 to ./result/VNet_Multi_V5/Amos_20/Pth/model_epoch_140_checkpoint.pth
2025-07-15 00:46:54 - INFO - Epoch 141/600 finished. Average Training Loss: 2.7455
2025-07-15 00:47:00 - INFO - Epoch 142/600 finished. Average Training Loss: 2.5602
2025-07-15 00:47:07 - INFO - Epoch 143/600 finished. Average Training Loss: 2.5599
2025-07-15 00:47:13 - INFO - Epoch 144/600 finished. Average Training Loss: 2.5500
2025-07-15 00:47:19 - INFO - Epoch 145/600 finished. Average Training Loss: 2.4806
2025-07-15 00:47:26 - INFO - Epoch 146/600 finished. Average Training Loss: 2.4812
2025-07-15 00:47:32 - INFO - Epoch 147/600 finished. Average Training Loss: 2.4720
2025-07-15 00:47:38 - INFO - Epoch 148/600 finished. Average Training Loss: 2.6044
2025-07-15 00:47:45 - INFO - Epoch 149/600 finished. Average Training Loss: 2.5024
2025-07-15 00:47:51 - INFO - Epoch 150/600 finished. Average Training Loss: 2.4566
2025-07-15 00:47:58 - INFO - Epoch 151/600 finished. Average Training Loss: 2.5488
2025-07-15 00:48:04 - INFO - Epoch 152/600 finished. Average Training Loss: 2.5543
2025-07-15 00:48:10 - INFO - Epoch 153/600 finished. Average Training Loss: 2.4100
2025-07-15 00:48:17 - INFO - Epoch 154/600 finished. Average Training Loss: 2.5242
2025-07-15 00:48:23 - INFO - Epoch 155/600 finished. Average Training Loss: 2.5201
2025-07-15 00:48:29 - INFO - Epoch 156/600 finished. Average Training Loss: 2.4224
2025-07-15 00:48:36 - INFO - Epoch 157/600 finished. Average Training Loss: 2.5021
2025-07-15 00:48:42 - INFO - Epoch 158/600 finished. Average Training Loss: 2.3258
2025-07-15 00:48:48 - INFO - Epoch 159/600 finished. Average Training Loss: 2.2005
2025-07-15 00:48:54 - INFO - Epoch 160/600 finished. Average Training Loss: 2.4165
2025-07-15 00:48:55 - INFO - Saved checkpoint for epoch 160 to ./result/VNet_Multi_V5/Amos_20/Pth/model_epoch_160_checkpoint.pth
2025-07-15 00:49:01 - INFO - Epoch 161/600 finished. Average Training Loss: 2.4958
2025-07-15 00:49:07 - INFO - Epoch 162/600 finished. Average Training Loss: 2.3917
2025-07-15 00:49:14 - INFO - Epoch 163/600 finished. Average Training Loss: 2.2777
2025-07-15 00:49:20 - INFO - Epoch 164/600 finished. Average Training Loss: 2.3359
2025-07-15 00:49:27 - INFO - Epoch 165/600 finished. Average Training Loss: 2.3665
2025-07-15 00:49:33 - INFO - Epoch 166/600 finished. Average Training Loss: 2.2349
2025-07-15 00:49:39 - INFO - Epoch 167/600 finished. Average Training Loss: 2.0644
2025-07-15 00:49:46 - INFO - Epoch 168/600 finished. Average Training Loss: 2.3720
2025-07-15 00:49:52 - INFO - Epoch 169/600 finished. Average Training Loss: 2.1651
2025-07-15 00:49:58 - INFO - Epoch 170/600 finished. Average Training Loss: 2.3089
2025-07-15 00:50:05 - INFO - Epoch 171/600 finished. Average Training Loss: 2.3380
2025-07-15 00:50:11 - INFO - Epoch 172/600 finished. Average Training Loss: 2.5199
2025-07-15 00:50:18 - INFO - Epoch 173/600 finished. Average Training Loss: 2.3949
2025-07-15 00:50:24 - INFO - Epoch 174/600 finished. Average Training Loss: 2.2302
2025-07-15 00:50:31 - INFO - Epoch 175/600 finished. Average Training Loss: 2.3005
2025-07-15 00:50:37 - INFO - Epoch 176/600 finished. Average Training Loss: 2.1613
2025-07-15 00:50:43 - INFO - Epoch 177/600 finished. Average Training Loss: 2.3781
2025-07-15 00:50:50 - INFO - Epoch 178/600 finished. Average Training Loss: 2.4018
2025-07-15 00:50:56 - INFO - Epoch 179/600 finished. Average Training Loss: 2.4111
2025-07-15 00:51:02 - INFO - Epoch 180/600 finished. Average Training Loss: 2.2152
2025-07-15 00:51:03 - INFO - Saved checkpoint for epoch 180 to ./result/VNet_Multi_V5/Amos_20/Pth/model_epoch_180_checkpoint.pth
2025-07-15 00:51:09 - INFO - Epoch 181/600 finished. Average Training Loss: 2.1588
2025-07-15 00:51:15 - INFO - Epoch 182/600 finished. Average Training Loss: 2.1433
2025-07-15 00:51:21 - INFO - Epoch 183/600 finished. Average Training Loss: 2.0648
2025-07-15 00:51:28 - INFO - Epoch 184/600 finished. Average Training Loss: 2.1702
2025-07-15 00:51:34 - INFO - Epoch 185/600 finished. Average Training Loss: 2.4242
2025-07-15 00:51:40 - INFO - Epoch 186/600 finished. Average Training Loss: 1.9984
2025-07-15 00:51:47 - INFO - Epoch 187/600 finished. Average Training Loss: 2.2202
2025-07-15 00:51:53 - INFO - Epoch 188/600 finished. Average Training Loss: 2.1123
2025-07-15 00:52:00 - INFO - Epoch 189/600 finished. Average Training Loss: 2.0780
2025-07-15 00:52:06 - INFO - Epoch 190/600 finished. Average Training Loss: 2.1844
2025-07-15 00:52:13 - INFO - Epoch 191/600 finished. Average Training Loss: 2.1851
2025-07-15 00:52:19 - INFO - Epoch 192/600 finished. Average Training Loss: 2.1122
2025-07-15 00:52:25 - INFO - Epoch 193/600 finished. Average Training Loss: 2.2172
2025-07-15 00:52:32 - INFO - Epoch 194/600 finished. Average Training Loss: 2.2241
2025-07-15 00:52:38 - INFO - Epoch 195/600 finished. Average Training Loss: 2.0716
2025-07-15 00:52:44 - INFO - Epoch 196/600 finished. Average Training Loss: 2.0319
2025-07-15 00:52:51 - INFO - Epoch 197/600 finished. Average Training Loss: 1.7664
2025-07-15 00:52:57 - INFO - Epoch 198/600 finished. Average Training Loss: 2.0890
2025-07-15 00:53:04 - INFO - Epoch 199/600 finished. Average Training Loss: 2.1900
2025-07-15 00:53:10 - INFO - Epoch 200/600 finished. Average Training Loss: 1.9723
2025-07-15 00:53:10 - INFO - Saved checkpoint for epoch 200 to ./result/VNet_Multi_V5/Amos_20/Pth/model_epoch_200_checkpoint.pth
2025-07-15 00:53:17 - INFO - Epoch 201/600 finished. Average Training Loss: 2.1444
2025-07-15 00:53:23 - INFO - Epoch 202/600 finished. Average Training Loss: 2.2177
2025-07-15 00:53:30 - INFO - Epoch 203/600 finished. Average Training Loss: 1.9855
2025-07-15 00:53:36 - INFO - Epoch 204/600 finished. Average Training Loss: 2.1111
2025-07-15 00:53:42 - INFO - Epoch 205/600 finished. Average Training Loss: 2.0297
2025-07-15 00:53:49 - INFO - Epoch 206/600 finished. Average Training Loss: 2.1049
2025-07-15 00:53:55 - INFO - Epoch 207/600 finished. Average Training Loss: 1.8773
2025-07-15 00:54:01 - INFO - Epoch 208/600 finished. Average Training Loss: 1.9621
2025-07-15 00:54:08 - INFO - Epoch 209/600 finished. Average Training Loss: 1.8257
2025-07-15 00:54:14 - INFO - Epoch 210/600 finished. Average Training Loss: 2.1087
2025-07-15 00:54:20 - INFO - Epoch 211/600 finished. Average Training Loss: 2.1130
2025-07-15 00:54:27 - INFO - Epoch 212/600 finished. Average Training Loss: 1.9609
2025-07-15 00:54:33 - INFO - Epoch 213/600 finished. Average Training Loss: 1.9799
2025-07-15 00:54:40 - INFO - Epoch 214/600 finished. Average Training Loss: 2.1851
2025-07-15 00:54:46 - INFO - Epoch 215/600 finished. Average Training Loss: 2.1468
2025-07-15 00:54:53 - INFO - Epoch 216/600 finished. Average Training Loss: 1.7211
2025-07-15 00:54:59 - INFO - Epoch 217/600 finished. Average Training Loss: 2.1010
2025-07-15 00:55:05 - INFO - Epoch 218/600 finished. Average Training Loss: 1.9723
2025-07-15 00:55:12 - INFO - Epoch 219/600 finished. Average Training Loss: 1.8984
2025-07-15 00:55:18 - INFO - Epoch 220/600 finished. Average Training Loss: 1.9868
2025-07-15 00:55:18 - INFO - Saved checkpoint for epoch 220 to ./result/VNet_Multi_V5/Amos_20/Pth/model_epoch_220_checkpoint.pth
2025-07-15 00:55:24 - INFO - Epoch 221/600 finished. Average Training Loss: 2.0728
2025-07-15 00:55:30 - INFO - Epoch 222/600 finished. Average Training Loss: 2.2876
2025-07-15 00:55:37 - INFO - Epoch 223/600 finished. Average Training Loss: 2.2163
2025-07-15 00:55:43 - INFO - Epoch 224/600 finished. Average Training Loss: 1.8205
2025-07-15 00:55:50 - INFO - Epoch 225/600 finished. Average Training Loss: 1.7562
2025-07-15 00:55:56 - INFO - Epoch 226/600 finished. Average Training Loss: 1.9161
2025-07-15 00:56:03 - INFO - Epoch 227/600 finished. Average Training Loss: 1.8968
2025-07-15 00:56:09 - INFO - Epoch 228/600 finished. Average Training Loss: 1.8929
2025-07-15 00:56:16 - INFO - Epoch 229/600 finished. Average Training Loss: 1.9821
2025-07-15 00:56:22 - INFO - Epoch 230/600 finished. Average Training Loss: 2.0569
2025-07-15 00:56:29 - INFO - Epoch 231/600 finished. Average Training Loss: 2.1109
2025-07-15 00:56:35 - INFO - Epoch 232/600 finished. Average Training Loss: 1.9076
2025-07-15 00:56:41 - INFO - Epoch 233/600 finished. Average Training Loss: 1.7319
2025-07-15 00:56:47 - INFO - Epoch 234/600 finished. Average Training Loss: 1.7570
2025-07-15 00:56:53 - INFO - Epoch 235/600 finished. Average Training Loss: 2.0591
2025-07-15 00:56:59 - INFO - Epoch 236/600 finished. Average Training Loss: 2.0132
2025-07-15 00:57:06 - INFO - Epoch 237/600 finished. Average Training Loss: 1.8425
2025-07-15 00:57:11 - INFO - Epoch 238/600 finished. Average Training Loss: 1.7779
2025-07-15 00:57:17 - INFO - Epoch 239/600 finished. Average Training Loss: 1.8892
2025-07-15 00:57:23 - INFO - Epoch 240/600 finished. Average Training Loss: 1.9164
2025-07-15 00:57:23 - INFO - Saved checkpoint for epoch 240 to ./result/VNet_Multi_V5/Amos_20/Pth/model_epoch_240_checkpoint.pth
2025-07-15 00:57:29 - INFO - Epoch 241/600 finished. Average Training Loss: 1.8568
2025-07-15 00:57:35 - INFO - Epoch 242/600 finished. Average Training Loss: 1.8364
2025-07-15 00:57:41 - INFO - Epoch 243/600 finished. Average Training Loss: 1.9546
2025-07-15 00:57:47 - INFO - Epoch 244/600 finished. Average Training Loss: 1.9689
2025-07-15 00:57:54 - INFO - Epoch 245/600 finished. Average Training Loss: 1.9743
2025-07-15 00:58:00 - INFO - Epoch 246/600 finished. Average Training Loss: 1.8398
2025-07-15 00:58:06 - INFO - Epoch 247/600 finished. Average Training Loss: 2.0292
2025-07-15 00:58:11 - INFO - Epoch 248/600 finished. Average Training Loss: 1.7216
2025-07-15 00:58:17 - INFO - Epoch 249/600 finished. Average Training Loss: 1.7942
2025-07-15 00:58:24 - INFO - Epoch 250/600 finished. Average Training Loss: 1.8850
2025-07-15 00:58:30 - INFO - Epoch 251/600 finished. Average Training Loss: 1.8122
2025-07-15 00:58:36 - INFO - Epoch 252/600 finished. Average Training Loss: 1.8988
2025-07-15 00:58:42 - INFO - Epoch 253/600 finished. Average Training Loss: 1.8630
2025-07-15 00:58:48 - INFO - Epoch 254/600 finished. Average Training Loss: 1.6410
2025-07-15 00:58:54 - INFO - Epoch 255/600 finished. Average Training Loss: 1.5802
2025-07-15 00:59:00 - INFO - Epoch 256/600 finished. Average Training Loss: 1.8332
2025-07-15 00:59:06 - INFO - Epoch 257/600 finished. Average Training Loss: 2.1153
2025-07-15 00:59:12 - INFO - Epoch 258/600 finished. Average Training Loss: 1.4670
2025-07-15 00:59:18 - INFO - Epoch 259/600 finished. Average Training Loss: 1.7164
2025-07-15 00:59:24 - INFO - Epoch 260/600 finished. Average Training Loss: 1.6054
2025-07-15 00:59:24 - INFO - Saved checkpoint for epoch 260 to ./result/VNet_Multi_V5/Amos_20/Pth/model_epoch_260_checkpoint.pth
2025-07-15 00:59:30 - INFO - Epoch 261/600 finished. Average Training Loss: 1.9597
2025-07-15 00:59:36 - INFO - Epoch 262/600 finished. Average Training Loss: 1.8071
2025-07-15 00:59:43 - INFO - Epoch 263/600 finished. Average Training Loss: 1.8331
2025-07-15 00:59:49 - INFO - Epoch 264/600 finished. Average Training Loss: 1.5769
2025-07-15 00:59:55 - INFO - Epoch 265/600 finished. Average Training Loss: 1.8384
2025-07-15 01:00:01 - INFO - Epoch 266/600 finished. Average Training Loss: 1.7597
2025-07-15 01:00:07 - INFO - Epoch 267/600 finished. Average Training Loss: 1.6130
2025-07-15 01:00:13 - INFO - Epoch 268/600 finished. Average Training Loss: 1.8977
2025-07-15 01:00:19 - INFO - Epoch 269/600 finished. Average Training Loss: 1.8009
2025-07-15 01:00:25 - INFO - Epoch 270/600 finished. Average Training Loss: 1.6688
2025-07-15 01:00:31 - INFO - Epoch 271/600 finished. Average Training Loss: 1.7088
2025-07-15 01:00:37 - INFO - Epoch 272/600 finished. Average Training Loss: 1.6065
2025-07-15 01:00:43 - INFO - Epoch 273/600 finished. Average Training Loss: 1.6040
2025-07-15 01:00:49 - INFO - Epoch 274/600 finished. Average Training Loss: 1.8084
2025-07-15 01:00:55 - INFO - Epoch 275/600 finished. Average Training Loss: 1.7453
2025-07-15 01:01:01 - INFO - Epoch 276/600 finished. Average Training Loss: 1.7230
2025-07-15 01:01:07 - INFO - Epoch 277/600 finished. Average Training Loss: 1.5090
2025-07-15 01:01:12 - INFO - Epoch 278/600 finished. Average Training Loss: 1.6361
2025-07-15 01:01:19 - INFO - Epoch 279/600 finished. Average Training Loss: 1.8479
2025-07-15 01:01:25 - INFO - Epoch 280/600 finished. Average Training Loss: 1.5829
2025-07-15 01:01:25 - INFO - Saved checkpoint for epoch 280 to ./result/VNet_Multi_V5/Amos_20/Pth/model_epoch_280_checkpoint.pth
2025-07-15 01:01:31 - INFO - Epoch 281/600 finished. Average Training Loss: 1.4575
2025-07-15 01:01:37 - INFO - Epoch 282/600 finished. Average Training Loss: 1.6797
2025-07-15 01:01:43 - INFO - Epoch 283/600 finished. Average Training Loss: 1.6211
2025-07-15 01:01:49 - INFO - Epoch 284/600 finished. Average Training Loss: 1.5956
2025-07-15 01:01:54 - INFO - Epoch 285/600 finished. Average Training Loss: 1.5914
2025-07-15 01:02:01 - INFO - Epoch 286/600 finished. Average Training Loss: 1.7129
2025-07-15 01:02:07 - INFO - Epoch 287/600 finished. Average Training Loss: 1.7195
2025-07-15 01:02:13 - INFO - Epoch 288/600 finished. Average Training Loss: 1.4632
2025-07-15 01:02:19 - INFO - Epoch 289/600 finished. Average Training Loss: 1.7249
2025-07-15 01:02:25 - INFO - Epoch 290/600 finished. Average Training Loss: 1.4599
2025-07-15 01:02:31 - INFO - Epoch 291/600 finished. Average Training Loss: 1.8074
2025-07-15 01:02:37 - INFO - Epoch 292/600 finished. Average Training Loss: 1.6696
2025-07-15 01:02:43 - INFO - Epoch 293/600 finished. Average Training Loss: 1.5302
2025-07-15 01:02:49 - INFO - Epoch 294/600 finished. Average Training Loss: 1.6186
2025-07-15 01:02:55 - INFO - Epoch 295/600 finished. Average Training Loss: 1.6852
2025-07-15 01:03:01 - INFO - Epoch 296/600 finished. Average Training Loss: 1.6043
2025-07-15 01:03:07 - INFO - Epoch 297/600 finished. Average Training Loss: 1.4457
2025-07-15 01:03:13 - INFO - Epoch 298/600 finished. Average Training Loss: 1.5629
2025-07-15 01:03:19 - INFO - Epoch 299/600 finished. Average Training Loss: 1.5556
2025-07-15 01:03:26 - INFO - Epoch 300/600 finished. Average Training Loss: 1.5286
2025-07-15 01:03:26 - INFO - Saved checkpoint for epoch 300 to ./result/VNet_Multi_V5/Amos_20/Pth/model_epoch_300_checkpoint.pth
2025-07-15 01:03:32 - INFO - Epoch 301/600 finished. Average Training Loss: 1.5422
2025-07-15 01:03:37 - INFO - Epoch 302/600 finished. Average Training Loss: 1.4987
2025-07-15 01:03:44 - INFO - Epoch 303/600 finished. Average Training Loss: 1.4828
2025-07-15 01:03:50 - INFO - Epoch 304/600 finished. Average Training Loss: 1.7759
2025-07-15 01:03:55 - INFO - Epoch 305/600 finished. Average Training Loss: 1.4577
2025-07-15 01:04:01 - INFO - Epoch 306/600 finished. Average Training Loss: 1.6433
2025-07-15 01:04:08 - INFO - Epoch 307/600 finished. Average Training Loss: 1.4931
2025-07-15 01:04:14 - INFO - Epoch 308/600 finished. Average Training Loss: 1.6059
2025-07-15 01:04:20 - INFO - Epoch 309/600 finished. Average Training Loss: 1.5033
2025-07-15 01:04:26 - INFO - Epoch 310/600 finished. Average Training Loss: 1.4990
2025-07-15 01:04:32 - INFO - Epoch 311/600 finished. Average Training Loss: 1.6987
2025-07-15 01:04:38 - INFO - Epoch 312/600 finished. Average Training Loss: 1.4725
2025-07-15 01:04:44 - INFO - Epoch 313/600 finished. Average Training Loss: 1.5212
2025-07-15 01:04:50 - INFO - Epoch 314/600 finished. Average Training Loss: 1.4805
2025-07-15 01:04:56 - INFO - Epoch 315/600 finished. Average Training Loss: 1.4523
2025-07-15 01:05:02 - INFO - Epoch 316/600 finished. Average Training Loss: 1.4470
2025-07-15 01:05:08 - INFO - Epoch 317/600 finished. Average Training Loss: 1.7394
2025-07-15 01:05:14 - INFO - Epoch 318/600 finished. Average Training Loss: 1.6130
2025-07-15 01:05:20 - INFO - Epoch 319/600 finished. Average Training Loss: 1.3690
2025-07-15 01:05:26 - INFO - Epoch 320/600 finished. Average Training Loss: 1.5748
2025-07-15 01:05:26 - INFO - Saved checkpoint for epoch 320 to ./result/VNet_Multi_V5/Amos_20/Pth/model_epoch_320_checkpoint.pth
2025-07-15 01:05:32 - INFO - Epoch 321/600 finished. Average Training Loss: 1.4590
2025-07-15 01:05:38 - INFO - Epoch 322/600 finished. Average Training Loss: 1.5196
2025-07-15 01:05:44 - INFO - Epoch 323/600 finished. Average Training Loss: 1.5243
2025-07-15 01:05:50 - INFO - Epoch 324/600 finished. Average Training Loss: 1.5716
2025-07-15 01:05:56 - INFO - Epoch 325/600 finished. Average Training Loss: 1.4899
2025-07-15 01:06:02 - INFO - Epoch 326/600 finished. Average Training Loss: 1.6604
2025-07-15 01:06:08 - INFO - Epoch 327/600 finished. Average Training Loss: 1.7396
2025-07-15 01:06:14 - INFO - Epoch 328/600 finished. Average Training Loss: 1.6096
2025-07-15 01:06:20 - INFO - Epoch 329/600 finished. Average Training Loss: 1.5795
2025-07-15 01:06:26 - INFO - Epoch 330/600 finished. Average Training Loss: 1.4350
2025-07-15 01:06:32 - INFO - Epoch 331/600 finished. Average Training Loss: 1.4866
2025-07-15 01:06:38 - INFO - Epoch 332/600 finished. Average Training Loss: 1.5387
2025-07-15 01:06:44 - INFO - Epoch 333/600 finished. Average Training Loss: 1.3943
2025-07-15 01:06:50 - INFO - Epoch 334/600 finished. Average Training Loss: 1.3842
2025-07-15 01:06:57 - INFO - Epoch 335/600 finished. Average Training Loss: 1.4377
2025-07-15 01:07:03 - INFO - Epoch 336/600 finished. Average Training Loss: 1.4541
2025-07-15 01:07:09 - INFO - Epoch 337/600 finished. Average Training Loss: 1.4550
2025-07-15 01:07:15 - INFO - Epoch 338/600 finished. Average Training Loss: 1.3970
2025-07-15 01:07:21 - INFO - Epoch 339/600 finished. Average Training Loss: 1.5083
2025-07-15 01:07:27 - INFO - Epoch 340/600 finished. Average Training Loss: 1.3147
2025-07-15 01:07:27 - INFO - Saved checkpoint for epoch 340 to ./result/VNet_Multi_V5/Amos_20/Pth/model_epoch_340_checkpoint.pth
2025-07-15 01:07:33 - INFO - Epoch 341/600 finished. Average Training Loss: 1.3804
2025-07-15 01:07:38 - INFO - Epoch 342/600 finished. Average Training Loss: 1.5306
2025-07-15 01:07:44 - INFO - Epoch 343/600 finished. Average Training Loss: 1.2638
2025-07-15 01:07:51 - INFO - Epoch 344/600 finished. Average Training Loss: 1.3395
2025-07-15 01:07:57 - INFO - Epoch 345/600 finished. Average Training Loss: 1.2330
2025-07-15 01:08:03 - INFO - Epoch 346/600 finished. Average Training Loss: 1.5026
2025-07-15 01:08:09 - INFO - Epoch 347/600 finished. Average Training Loss: 1.2375
2025-07-15 01:08:15 - INFO - Epoch 348/600 finished. Average Training Loss: 1.4697
2025-07-15 01:08:21 - INFO - Epoch 349/600 finished. Average Training Loss: 1.2791
2025-07-15 01:08:27 - INFO - Epoch 350/600 finished. Average Training Loss: 1.4442
2025-07-15 01:08:33 - INFO - Epoch 351/600 finished. Average Training Loss: 1.4418
2025-07-15 01:08:39 - INFO - Epoch 352/600 finished. Average Training Loss: 1.5187
2025-07-15 01:08:45 - INFO - Epoch 353/600 finished. Average Training Loss: 1.3617
2025-07-15 01:08:51 - INFO - Epoch 354/600 finished. Average Training Loss: 1.3410
2025-07-15 01:08:57 - INFO - Epoch 355/600 finished. Average Training Loss: 1.4594
2025-07-15 01:09:03 - INFO - Epoch 356/600 finished. Average Training Loss: 1.4008
2025-07-15 01:09:09 - INFO - Epoch 357/600 finished. Average Training Loss: 1.5011
2025-07-15 01:09:15 - INFO - Epoch 358/600 finished. Average Training Loss: 1.4174
2025-07-15 01:09:21 - INFO - Epoch 359/600 finished. Average Training Loss: 1.2736
2025-07-15 01:09:27 - INFO - Epoch 360/600 finished. Average Training Loss: 1.2876
2025-07-15 01:09:27 - INFO - Saved checkpoint for epoch 360 to ./result/VNet_Multi_V5/Amos_20/Pth/model_epoch_360_checkpoint.pth
2025-07-15 01:09:33 - INFO - Epoch 361/600 finished. Average Training Loss: 1.4439
2025-07-15 01:09:39 - INFO - Epoch 362/600 finished. Average Training Loss: 1.2604
2025-07-15 01:09:45 - INFO - Epoch 363/600 finished. Average Training Loss: 1.2417
2025-07-15 01:09:51 - INFO - Epoch 364/600 finished. Average Training Loss: 1.4058
2025-07-15 01:09:58 - INFO - Epoch 365/600 finished. Average Training Loss: 1.3802
2025-07-15 01:10:03 - INFO - Epoch 366/600 finished. Average Training Loss: 1.4073
2025-07-15 01:10:10 - INFO - Epoch 367/600 finished. Average Training Loss: 1.2054
2025-07-15 01:10:16 - INFO - Epoch 368/600 finished. Average Training Loss: 1.3695
2025-07-15 01:10:21 - INFO - Epoch 369/600 finished. Average Training Loss: 1.2078
2025-07-15 01:10:27 - INFO - Epoch 370/600 finished. Average Training Loss: 1.3401
2025-07-15 01:10:33 - INFO - Epoch 371/600 finished. Average Training Loss: 1.2809
2025-07-15 01:10:39 - INFO - Epoch 372/600 finished. Average Training Loss: 1.4485
2025-07-15 01:10:45 - INFO - Epoch 373/600 finished. Average Training Loss: 1.2629
2025-07-15 01:10:51 - INFO - Epoch 374/600 finished. Average Training Loss: 1.1331
2025-07-15 01:10:57 - INFO - Epoch 375/600 finished. Average Training Loss: 1.4744
2025-07-15 01:11:03 - INFO - Epoch 376/600 finished. Average Training Loss: 1.1923
2025-07-15 01:11:09 - INFO - Epoch 377/600 finished. Average Training Loss: 1.0875
2025-07-15 01:11:15 - INFO - Epoch 378/600 finished. Average Training Loss: 1.7069
2025-07-15 01:11:21 - INFO - Epoch 379/600 finished. Average Training Loss: 1.1762
2025-07-15 01:11:27 - INFO - Epoch 380/600 finished. Average Training Loss: 1.2399
2025-07-15 01:11:27 - INFO - Saved checkpoint for epoch 380 to ./result/VNet_Multi_V5/Amos_20/Pth/model_epoch_380_checkpoint.pth
2025-07-15 01:11:33 - INFO - Epoch 381/600 finished. Average Training Loss: 1.1698
2025-07-15 01:11:39 - INFO - Epoch 382/600 finished. Average Training Loss: 1.2718
2025-07-15 01:11:45 - INFO - Epoch 383/600 finished. Average Training Loss: 1.1752
2025-07-15 01:11:51 - INFO - Epoch 384/600 finished. Average Training Loss: 1.2976
2025-07-15 01:11:57 - INFO - Epoch 385/600 finished. Average Training Loss: 1.3531
2025-07-15 01:12:04 - INFO - Epoch 386/600 finished. Average Training Loss: 1.3548
2025-07-15 01:12:10 - INFO - Epoch 387/600 finished. Average Training Loss: 1.2988
2025-07-15 01:12:16 - INFO - Epoch 388/600 finished. Average Training Loss: 1.0914
2025-07-15 01:12:22 - INFO - Epoch 389/600 finished. Average Training Loss: 1.2826
2025-07-15 01:12:27 - INFO - Epoch 390/600 finished. Average Training Loss: 1.1798
2025-07-15 01:12:33 - INFO - Epoch 391/600 finished. Average Training Loss: 1.1369
2025-07-15 01:12:39 - INFO - Epoch 392/600 finished. Average Training Loss: 1.1751
2025-07-15 01:12:45 - INFO - Epoch 393/600 finished. Average Training Loss: 1.3009
2025-07-15 01:12:51 - INFO - Epoch 394/600 finished. Average Training Loss: 1.2167
2025-07-15 01:12:57 - INFO - Epoch 395/600 finished. Average Training Loss: 1.3762
2025-07-15 01:13:04 - INFO - Epoch 396/600 finished. Average Training Loss: 1.1698
2025-07-15 01:13:10 - INFO - Epoch 397/600 finished. Average Training Loss: 1.2762
2025-07-15 01:13:16 - INFO - Epoch 398/600 finished. Average Training Loss: 1.1966
2025-07-15 01:13:22 - INFO - Epoch 399/600 finished. Average Training Loss: 1.3287
2025-07-15 01:13:28 - INFO - Epoch 400/600 finished. Average Training Loss: 1.1014
2025-07-15 01:13:28 - INFO - Saved checkpoint for epoch 400 to ./result/VNet_Multi_V5/Amos_20/Pth/model_epoch_400_checkpoint.pth
2025-07-15 01:13:34 - INFO - Epoch 401/600 finished. Average Training Loss: 1.3400
2025-07-15 01:13:40 - INFO - Epoch 402/600 finished. Average Training Loss: 1.1990
2025-07-15 01:13:45 - INFO - Epoch 403/600 finished. Average Training Loss: 1.0049
2025-07-15 01:13:52 - INFO - Epoch 404/600 finished. Average Training Loss: 1.3373
2025-07-15 01:13:58 - INFO - Epoch 405/600 finished. Average Training Loss: 1.1230
2025-07-15 01:14:04 - INFO - Epoch 406/600 finished. Average Training Loss: 1.2978
2025-07-15 01:14:10 - INFO - Epoch 407/600 finished. Average Training Loss: 1.0025
2025-07-15 01:14:16 - INFO - Epoch 408/600 finished. Average Training Loss: 1.3948
2025-07-15 01:14:22 - INFO - Epoch 409/600 finished. Average Training Loss: 1.3649
2025-07-15 01:14:28 - INFO - Epoch 410/600 finished. Average Training Loss: 1.2637
2025-07-15 01:14:34 - INFO - Epoch 411/600 finished. Average Training Loss: 1.0214
2025-07-15 01:14:40 - INFO - Epoch 412/600 finished. Average Training Loss: 1.2125
2025-07-15 01:14:46 - INFO - Epoch 413/600 finished. Average Training Loss: 1.1808
2025-07-15 01:14:52 - INFO - Epoch 414/600 finished. Average Training Loss: 1.0431
2025-07-15 01:14:59 - INFO - Epoch 415/600 finished. Average Training Loss: 1.0685
2025-07-15 01:15:04 - INFO - Epoch 416/600 finished. Average Training Loss: 1.1413
2025-07-15 01:15:10 - INFO - Epoch 417/600 finished. Average Training Loss: 1.2734
2025-07-15 01:15:16 - INFO - Epoch 418/600 finished. Average Training Loss: 1.0983
2025-07-15 01:15:22 - INFO - Epoch 419/600 finished. Average Training Loss: 1.2608
2025-07-15 01:15:29 - INFO - Epoch 420/600 finished. Average Training Loss: 1.1306
2025-07-15 01:15:29 - INFO - Saved checkpoint for epoch 420 to ./result/VNet_Multi_V5/Amos_20/Pth/model_epoch_420_checkpoint.pth
2025-07-15 01:15:35 - INFO - Epoch 421/600 finished. Average Training Loss: 1.2114
2025-07-15 01:15:41 - INFO - Epoch 422/600 finished. Average Training Loss: 1.2670
2025-07-15 01:15:47 - INFO - Epoch 423/600 finished. Average Training Loss: 1.1917
2025-07-15 01:15:53 - INFO - Epoch 424/600 finished. Average Training Loss: 1.1072
2025-07-15 01:15:59 - INFO - Epoch 425/600 finished. Average Training Loss: 1.2434
2025-07-15 01:16:04 - INFO - Epoch 426/600 finished. Average Training Loss: 1.1823
2025-07-15 01:16:11 - INFO - Epoch 427/600 finished. Average Training Loss: 1.0716
2025-07-15 01:16:17 - INFO - Epoch 428/600 finished. Average Training Loss: 1.0652
2025-07-15 01:16:23 - INFO - Epoch 429/600 finished. Average Training Loss: 1.1662
2025-07-15 01:16:28 - INFO - Epoch 430/600 finished. Average Training Loss: 0.9940
2025-07-15 01:16:35 - INFO - Epoch 431/600 finished. Average Training Loss: 1.2829
2025-07-15 01:16:41 - INFO - Epoch 432/600 finished. Average Training Loss: 1.0206
2025-07-15 01:16:46 - INFO - Epoch 433/600 finished. Average Training Loss: 1.1284
2025-07-15 01:16:53 - INFO - Epoch 434/600 finished. Average Training Loss: 0.9553
2025-07-15 01:16:59 - INFO - Epoch 435/600 finished. Average Training Loss: 1.2168
2025-07-15 01:17:05 - INFO - Epoch 436/600 finished. Average Training Loss: 0.9708
2025-07-15 01:17:11 - INFO - Epoch 437/600 finished. Average Training Loss: 1.3205
2025-07-15 01:17:17 - INFO - Epoch 438/600 finished. Average Training Loss: 1.1199
2025-07-15 01:17:23 - INFO - Epoch 439/600 finished. Average Training Loss: 0.9835
2025-07-15 01:17:29 - INFO - Epoch 440/600 finished. Average Training Loss: 0.9425
2025-07-15 01:17:29 - INFO - Saved checkpoint for epoch 440 to ./result/VNet_Multi_V5/Amos_20/Pth/model_epoch_440_checkpoint.pth
2025-07-15 01:17:35 - INFO - Epoch 441/600 finished. Average Training Loss: 1.1745
2025-07-15 01:17:41 - INFO - Epoch 442/600 finished. Average Training Loss: 1.0985
2025-07-15 01:17:47 - INFO - Epoch 443/600 finished. Average Training Loss: 1.0191
2025-07-15 01:17:53 - INFO - Epoch 444/600 finished. Average Training Loss: 1.0593
2025-07-15 01:17:59 - INFO - Epoch 445/600 finished. Average Training Loss: 1.0099
2025-07-15 01:18:05 - INFO - Epoch 446/600 finished. Average Training Loss: 1.0994
2025-07-15 01:18:11 - INFO - Epoch 447/600 finished. Average Training Loss: 1.3019
2025-07-15 01:18:17 - INFO - Epoch 448/600 finished. Average Training Loss: 0.9103
2025-07-15 01:18:23 - INFO - Epoch 449/600 finished. Average Training Loss: 1.0864
2025-07-15 01:18:30 - INFO - Epoch 450/600 finished. Average Training Loss: 1.0373
2025-07-15 01:18:36 - INFO - Epoch 451/600 finished. Average Training Loss: 1.0968
2025-07-15 01:18:42 - INFO - Epoch 452/600 finished. Average Training Loss: 1.1534
2025-07-15 01:18:47 - INFO - Epoch 453/600 finished. Average Training Loss: 1.1491
2025-07-15 01:18:54 - INFO - Epoch 454/600 finished. Average Training Loss: 1.0454
2025-07-15 01:19:00 - INFO - Epoch 455/600 finished. Average Training Loss: 0.9960
2025-07-15 01:19:05 - INFO - Epoch 456/600 finished. Average Training Loss: 1.2651
2025-07-15 01:19:12 - INFO - Epoch 457/600 finished. Average Training Loss: 0.9746
2025-07-15 01:19:18 - INFO - Epoch 458/600 finished. Average Training Loss: 1.1898
2025-07-15 01:19:24 - INFO - Epoch 459/600 finished. Average Training Loss: 1.0994
2025-07-15 01:19:30 - INFO - Epoch 460/600 finished. Average Training Loss: 1.0651
2025-07-15 01:19:30 - INFO - Saved checkpoint for epoch 460 to ./result/VNet_Multi_V5/Amos_20/Pth/model_epoch_460_checkpoint.pth
2025-07-15 01:19:36 - INFO - Epoch 461/600 finished. Average Training Loss: 1.2119
2025-07-15 01:19:42 - INFO - Epoch 462/600 finished. Average Training Loss: 1.0833
2025-07-15 01:19:48 - INFO - Epoch 463/600 finished. Average Training Loss: 1.0851
2025-07-15 01:19:54 - INFO - Epoch 464/600 finished. Average Training Loss: 0.9903
2025-07-15 01:20:00 - INFO - Epoch 465/600 finished. Average Training Loss: 1.0475
2025-07-15 01:20:06 - INFO - Epoch 466/600 finished. Average Training Loss: 1.0400
2025-07-15 01:20:12 - INFO - Epoch 467/600 finished. Average Training Loss: 1.0844
2025-07-15 01:20:18 - INFO - Epoch 468/600 finished. Average Training Loss: 1.1241
2025-07-15 01:20:24 - INFO - Epoch 469/600 finished. Average Training Loss: 1.1588
2025-07-15 01:20:30 - INFO - Epoch 470/600 finished. Average Training Loss: 0.9926
2025-07-15 01:20:36 - INFO - Epoch 471/600 finished. Average Training Loss: 1.0420
2025-07-15 01:20:42 - INFO - Epoch 472/600 finished. Average Training Loss: 0.8804
2025-07-15 01:20:48 - INFO - Epoch 473/600 finished. Average Training Loss: 1.0650
2025-07-15 01:20:54 - INFO - Epoch 474/600 finished. Average Training Loss: 0.8855
2025-07-15 01:21:00 - INFO - Epoch 475/600 finished. Average Training Loss: 0.8864
2025-07-15 01:21:06 - INFO - Epoch 476/600 finished. Average Training Loss: 1.0806
2025-07-15 01:21:12 - INFO - Epoch 477/600 finished. Average Training Loss: 1.0481
2025-07-15 01:21:18 - INFO - Epoch 478/600 finished. Average Training Loss: 1.0121
2025-07-15 01:21:24 - INFO - Epoch 479/600 finished. Average Training Loss: 0.9957
2025-07-15 01:21:27 - INFO - Epoch 480/600 finished. Average Training Loss: 1.0011
2025-07-15 01:21:27 - INFO - Saved checkpoint for epoch 480 to ./result/VNet_Multi_V5/Amos_20/Pth/model_epoch_480_checkpoint.pth
2025-07-15 01:21:30 - INFO - Epoch 481/600 finished. Average Training Loss: 1.0261
2025-07-15 01:21:34 - INFO - Epoch 482/600 finished. Average Training Loss: 1.0367
2025-07-15 01:21:37 - INFO - Epoch 483/600 finished. Average Training Loss: 0.9509
2025-07-15 01:21:40 - INFO - Epoch 484/600 finished. Average Training Loss: 1.1494
2025-07-15 01:21:43 - INFO - Epoch 485/600 finished. Average Training Loss: 0.9450
2025-07-15 01:21:46 - INFO - Epoch 486/600 finished. Average Training Loss: 1.0630
2025-07-15 01:21:49 - INFO - Epoch 487/600 finished. Average Training Loss: 0.8124
2025-07-15 01:21:52 - INFO - Epoch 488/600 finished. Average Training Loss: 0.9447
2025-07-15 01:21:55 - INFO - Epoch 489/600 finished. Average Training Loss: 1.1746
2025-07-15 01:21:59 - INFO - Epoch 490/600 finished. Average Training Loss: 0.9429
2025-07-15 01:22:02 - INFO - Epoch 491/600 finished. Average Training Loss: 0.9227
2025-07-15 01:22:05 - INFO - Epoch 492/600 finished. Average Training Loss: 0.9571
2025-07-15 01:22:08 - INFO - Epoch 493/600 finished. Average Training Loss: 1.1062
2025-07-15 01:22:11 - INFO - Epoch 494/600 finished. Average Training Loss: 0.9576
2025-07-15 01:22:14 - INFO - Epoch 495/600 finished. Average Training Loss: 0.9503
2025-07-15 01:22:17 - INFO - Epoch 496/600 finished. Average Training Loss: 0.9431
2025-07-15 01:22:20 - INFO - Epoch 497/600 finished. Average Training Loss: 0.8997
2025-07-15 01:22:23 - INFO - Epoch 498/600 finished. Average Training Loss: 0.9487
2025-07-15 01:22:27 - INFO - Epoch 499/600 finished. Average Training Loss: 0.9263
2025-07-15 01:22:30 - INFO - Epoch 500/600 finished. Average Training Loss: 0.9964
2025-07-15 01:22:30 - INFO - Saved checkpoint for epoch 500 to ./result/VNet_Multi_V5/Amos_20/Pth/model_epoch_500_checkpoint.pth
2025-07-15 01:22:33 - INFO - Epoch 501/600 finished. Average Training Loss: 0.9583
2025-07-15 01:22:36 - INFO - Epoch 502/600 finished. Average Training Loss: 0.8652
2025-07-15 01:22:39 - INFO - Epoch 503/600 finished. Average Training Loss: 1.2682
2025-07-15 01:22:42 - INFO - Epoch 504/600 finished. Average Training Loss: 0.8843
2025-07-15 01:22:45 - INFO - Epoch 505/600 finished. Average Training Loss: 1.0515
2025-07-15 01:22:48 - INFO - Epoch 506/600 finished. Average Training Loss: 1.2865
2025-07-15 01:22:52 - INFO - Epoch 507/600 finished. Average Training Loss: 0.9286
2025-07-15 01:22:55 - INFO - Epoch 508/600 finished. Average Training Loss: 0.9708
2025-07-15 01:22:58 - INFO - Epoch 509/600 finished. Average Training Loss: 0.8935
2025-07-15 01:23:01 - INFO - Epoch 510/600 finished. Average Training Loss: 1.0464
2025-07-15 01:23:04 - INFO - Epoch 511/600 finished. Average Training Loss: 1.0432
2025-07-15 01:23:07 - INFO - Epoch 512/600 finished. Average Training Loss: 0.9099
2025-07-15 01:23:10 - INFO - Epoch 513/600 finished. Average Training Loss: 0.9376
2025-07-15 01:23:13 - INFO - Epoch 514/600 finished. Average Training Loss: 0.9062
2025-07-15 01:23:16 - INFO - Epoch 515/600 finished. Average Training Loss: 1.0685
2025-07-15 01:23:20 - INFO - Epoch 516/600 finished. Average Training Loss: 0.9410
2025-07-15 01:23:23 - INFO - Epoch 517/600 finished. Average Training Loss: 1.1250
2025-07-15 01:23:26 - INFO - Epoch 518/600 finished. Average Training Loss: 1.0847
2025-07-15 01:23:29 - INFO - Epoch 519/600 finished. Average Training Loss: 1.0807
2025-07-15 01:23:32 - INFO - Epoch 520/600 finished. Average Training Loss: 0.9477
2025-07-15 01:23:32 - INFO - Saved checkpoint for epoch 520 to ./result/VNet_Multi_V5/Amos_20/Pth/model_epoch_520_checkpoint.pth
2025-07-15 01:23:35 - INFO - Epoch 521/600 finished. Average Training Loss: 0.8815
2025-07-15 01:23:38 - INFO - Epoch 522/600 finished. Average Training Loss: 1.2570
2025-07-15 01:23:42 - INFO - Epoch 523/600 finished. Average Training Loss: 0.9812
2025-07-15 01:23:45 - INFO - Epoch 524/600 finished. Average Training Loss: 0.9124
2025-07-15 01:23:48 - INFO - Epoch 525/600 finished. Average Training Loss: 0.7841
2025-07-15 01:23:51 - INFO - Epoch 526/600 finished. Average Training Loss: 0.9071
2025-07-15 01:23:54 - INFO - Epoch 527/600 finished. Average Training Loss: 0.9881
2025-07-15 01:23:57 - INFO - Epoch 528/600 finished. Average Training Loss: 1.0161
2025-07-15 01:24:00 - INFO - Epoch 529/600 finished. Average Training Loss: 0.8502
2025-07-15 01:24:03 - INFO - Epoch 530/600 finished. Average Training Loss: 1.0536
2025-07-15 01:24:06 - INFO - Epoch 531/600 finished. Average Training Loss: 1.0011
2025-07-15 01:24:10 - INFO - Epoch 532/600 finished. Average Training Loss: 0.8340
2025-07-15 01:24:13 - INFO - Epoch 533/600 finished. Average Training Loss: 0.9432
2025-07-15 01:24:16 - INFO - Epoch 534/600 finished. Average Training Loss: 0.8445
2025-07-15 01:24:19 - INFO - Epoch 535/600 finished. Average Training Loss: 0.9487
2025-07-15 01:24:22 - INFO - Epoch 536/600 finished. Average Training Loss: 0.8283
2025-07-15 01:24:25 - INFO - Epoch 537/600 finished. Average Training Loss: 0.9846
2025-07-15 01:24:28 - INFO - Epoch 538/600 finished. Average Training Loss: 1.0458
2025-07-15 01:24:32 - INFO - Epoch 539/600 finished. Average Training Loss: 0.8306
2025-07-15 01:24:35 - INFO - Epoch 540/600 finished. Average Training Loss: 0.7353
2025-07-15 01:24:35 - INFO - Saved checkpoint for epoch 540 to ./result/VNet_Multi_V5/Amos_20/Pth/model_epoch_540_checkpoint.pth
2025-07-15 01:24:38 - INFO - Epoch 541/600 finished. Average Training Loss: 0.9284
2025-07-15 01:24:41 - INFO - Epoch 542/600 finished. Average Training Loss: 0.7485
2025-07-15 01:24:44 - INFO - Epoch 543/600 finished. Average Training Loss: 1.2152
2025-07-15 01:24:47 - INFO - Epoch 544/600 finished. Average Training Loss: 0.8791
2025-07-15 01:24:50 - INFO - Epoch 545/600 finished. Average Training Loss: 0.9635
2025-07-15 01:24:53 - INFO - Epoch 546/600 finished. Average Training Loss: 0.8500
2025-07-15 01:24:56 - INFO - Epoch 547/600 finished. Average Training Loss: 0.8522
2025-07-15 01:25:00 - INFO - Epoch 548/600 finished. Average Training Loss: 0.9109
2025-07-15 01:25:03 - INFO - Epoch 549/600 finished. Average Training Loss: 0.8723
2025-07-15 01:25:06 - INFO - Epoch 550/600 finished. Average Training Loss: 0.9165
2025-07-15 01:25:09 - INFO - Epoch 551/600 finished. Average Training Loss: 0.8823
2025-07-15 01:25:12 - INFO - Epoch 552/600 finished. Average Training Loss: 0.7559
2025-07-15 01:25:15 - INFO - Epoch 553/600 finished. Average Training Loss: 0.7094
2025-07-15 01:25:18 - INFO - Epoch 554/600 finished. Average Training Loss: 1.0131
2025-07-15 01:25:22 - INFO - Epoch 555/600 finished. Average Training Loss: 0.9708
2025-07-15 01:25:25 - INFO - Epoch 556/600 finished. Average Training Loss: 1.0129
2025-07-15 01:25:28 - INFO - Epoch 557/600 finished. Average Training Loss: 0.8871
2025-07-15 01:25:31 - INFO - Epoch 558/600 finished. Average Training Loss: 0.7993
2025-07-15 01:25:34 - INFO - Epoch 559/600 finished. Average Training Loss: 0.8828
2025-07-15 01:25:37 - INFO - Epoch 560/600 finished. Average Training Loss: 0.8938
2025-07-15 01:25:37 - INFO - Saved checkpoint for epoch 560 to ./result/VNet_Multi_V5/Amos_20/Pth/model_epoch_560_checkpoint.pth
2025-07-15 01:25:40 - INFO - Epoch 561/600 finished. Average Training Loss: 0.8400
2025-07-15 01:25:43 - INFO - Epoch 562/600 finished. Average Training Loss: 0.8367
2025-07-15 01:25:47 - INFO - Epoch 563/600 finished. Average Training Loss: 1.0189
2025-07-15 01:25:50 - INFO - Epoch 564/600 finished. Average Training Loss: 0.8239
2025-07-15 01:25:53 - INFO - Epoch 565/600 finished. Average Training Loss: 0.8129
2025-07-15 01:25:56 - INFO - Epoch 566/600 finished. Average Training Loss: 0.8347
2025-07-15 01:25:59 - INFO - Epoch 567/600 finished. Average Training Loss: 0.8931
2025-07-15 01:26:02 - INFO - Epoch 568/600 finished. Average Training Loss: 0.9644
2025-07-15 01:26:05 - INFO - Epoch 569/600 finished. Average Training Loss: 0.7291
2025-07-15 01:26:08 - INFO - Epoch 570/600 finished. Average Training Loss: 0.8464
2025-07-15 01:26:11 - INFO - Epoch 571/600 finished. Average Training Loss: 1.1660
2025-07-15 01:26:15 - INFO - Epoch 572/600 finished. Average Training Loss: 0.8085
2025-07-15 01:26:18 - INFO - Epoch 573/600 finished. Average Training Loss: 0.8855
2025-07-15 01:26:21 - INFO - Epoch 574/600 finished. Average Training Loss: 0.8876
2025-07-15 01:26:24 - INFO - Epoch 575/600 finished. Average Training Loss: 0.9103
2025-07-15 01:26:27 - INFO - Epoch 576/600 finished. Average Training Loss: 0.7868
2025-07-15 01:26:30 - INFO - Epoch 577/600 finished. Average Training Loss: 0.9475
2025-07-15 01:26:33 - INFO - Epoch 578/600 finished. Average Training Loss: 0.7747
2025-07-15 01:26:37 - INFO - Epoch 579/600 finished. Average Training Loss: 0.8221
2025-07-15 01:26:40 - INFO - Epoch 580/600 finished. Average Training Loss: 0.8908
2025-07-15 01:26:40 - INFO - Saved checkpoint for epoch 580 to ./result/VNet_Multi_V5/Amos_20/Pth/model_epoch_580_checkpoint.pth
2025-07-15 01:26:43 - INFO - Epoch 581/600 finished. Average Training Loss: 0.7922
2025-07-15 01:26:46 - INFO - Epoch 582/600 finished. Average Training Loss: 0.7648
2025-07-15 01:26:49 - INFO - Epoch 583/600 finished. Average Training Loss: 0.8101
2025-07-15 01:26:52 - INFO - Epoch 584/600 finished. Average Training Loss: 0.7977
2025-07-15 01:26:55 - INFO - Epoch 585/600 finished. Average Training Loss: 0.6418
2025-07-15 01:26:58 - INFO - Epoch 586/600 finished. Average Training Loss: 0.7774
2025-07-15 01:27:01 - INFO - Epoch 587/600 finished. Average Training Loss: 0.7643
2025-07-15 01:27:05 - INFO - Epoch 588/600 finished. Average Training Loss: 0.8212
2025-07-15 01:27:08 - INFO - Epoch 589/600 finished. Average Training Loss: 0.9841
2025-07-15 01:27:11 - INFO - Epoch 590/600 finished. Average Training Loss: 0.9621
2025-07-15 01:27:14 - INFO - Epoch 591/600 finished. Average Training Loss: 0.6993
2025-07-15 01:27:17 - INFO - Epoch 592/600 finished. Average Training Loss: 0.7090
2025-07-15 01:27:20 - INFO - Epoch 593/600 finished. Average Training Loss: 0.9189
2025-07-15 01:27:23 - INFO - Epoch 594/600 finished. Average Training Loss: 0.9020
2025-07-15 01:27:26 - INFO - Epoch 595/600 finished. Average Training Loss: 0.7866
2025-07-15 01:27:29 - INFO - Epoch 596/600 finished. Average Training Loss: 0.8108
2025-07-15 01:27:33 - INFO - Epoch 597/600 finished. Average Training Loss: 0.7471
2025-07-15 01:27:36 - INFO - Epoch 598/600 finished. Average Training Loss: 0.7868
2025-07-15 01:27:39 - INFO - Epoch 599/600 finished. Average Training Loss: 0.8593
2025-07-15 01:27:42 - INFO - Epoch 600/600 finished. Average Training Loss: 1.0030
2025-07-15 01:27:42 - INFO - Saved checkpoint for epoch 600 to ./result/VNet_Multi_V5/Amos_20/Pth/model_epoch_600_checkpoint.pth
2025-07-15 01:27:42 - INFO - Training complete! Total duration: 0h 54m 55s
2025-07-15 01:27:42 - INFO - ======================================== Training Session Ended ========================================

