2025-07-04 21:54:40 - INFO - Logging is set up.
2025-07-04 21:54:40 - INFO - 
======================================== New DDP Training Session Started ========================================
2025-07-04 21:54:40 - INFO - Using 2 GPUs for training.
2025-07-04 21:54:40 - INFO - Training configuration:
{
  "seed": 42,
  "epochs": 600,
  "batch_size": 2,
  "learning_rate": 0.0001,
  "log_path": "./result/VNet_Multi_V3/LA_8/Training.log",
  "pth_path": "./result/VNet_Multi_V3/LA_8/Pth",
  "tensorboard_path": "./result/VNet_Multi_V3/LA_8/Train",
  "continue_train": false,
  "dataset_path": "./datasets/LA",
  "num_classes": 2,
  "training_num": 8,
  "patch_size": [
    112,
    112,
    80
  ]
}
2025-07-04 21:54:40 - INFO - Ensured model and TensorBoard directories exist.
2025-07-04 21:54:40 - INFO - Process started on device: cuda:0 with seed 42.
2025-07-04 21:54:40 - INFO - TensorBoard writer initialized at: ./result/VNet_Multi_V3/LA_8/Train/20250704-215440
2025-07-04 21:54:40 - INFO - Initializing dataset...
2025-07-04 21:54:40 - INFO - Dataset contains 8 samples.
2025-07-04 21:54:40 - INFO - DataLoader created with DistributedSampler. Batch size per GPU: 2.
2025-07-04 21:54:40 - INFO - Initializing VNet model...
2025-07-04 21:54:41 - INFO - Logging is set up.
2025-07-04 21:54:41 - INFO - Process started on device: cuda:1 with seed 42.
2025-07-04 21:54:41 - INFO - Initializing dataset...
2025-07-04 21:54:41 - INFO - Dataset contains 8 samples.
2025-07-04 21:54:41 - INFO - DataLoader created with DistributedSampler. Batch size per GPU: 2.
2025-07-04 21:54:41 - INFO - Initializing VNet model...
2025-07-04 21:54:41 - INFO - Model wrapped with DDP. `find_unused_parameters` is set to True for multi-output model.
2025-07-04 21:54:41 - INFO - Model wrapped with DDP. `find_unused_parameters` is set to True for multi-output model.
2025-07-04 21:54:41 - INFO - Loss function: UnifiedLoss with λ_reg=0.3, weights=[1,1]
2025-07-04 21:54:41 - INFO - Optimizer: AdamW with LR=0.0001
2025-07-04 21:54:41 - INFO - Starting training from epoch 0 to 600...
2025-07-04 21:55:13 - INFO - Epoch 1 finished. Average Training Loss: 1.1824
2025-07-04 21:55:14 - INFO - Epoch 2 finished. Average Training Loss: 1.2057
2025-07-04 21:55:16 - INFO - Epoch 3 finished. Average Training Loss: 1.0013
2025-07-04 21:55:18 - INFO - Epoch 4 finished. Average Training Loss: 1.4345
2025-07-04 21:55:20 - INFO - Epoch 5 finished. Average Training Loss: 1.1520
2025-07-04 21:55:22 - INFO - Epoch 6 finished. Average Training Loss: 1.1299
2025-07-04 21:55:24 - INFO - Epoch 7 finished. Average Training Loss: 1.0823
2025-07-04 21:55:26 - INFO - Epoch 8 finished. Average Training Loss: 0.9980
2025-07-04 21:55:28 - INFO - Epoch 9 finished. Average Training Loss: 1.1118
2025-07-04 21:55:30 - INFO - Epoch 10 finished. Average Training Loss: 0.9741
2025-07-04 21:55:32 - INFO - Epoch 11 finished. Average Training Loss: 1.0558
2025-07-04 21:55:33 - INFO - Epoch 12 finished. Average Training Loss: 0.9651
2025-07-04 21:55:35 - INFO - Epoch 13 finished. Average Training Loss: 1.0474
2025-07-04 21:55:37 - INFO - Epoch 14 finished. Average Training Loss: 0.9338
2025-07-04 21:55:39 - INFO - Epoch 15 finished. Average Training Loss: 0.8407
2025-07-04 21:55:41 - INFO - Epoch 16 finished. Average Training Loss: 0.8497
2025-07-04 21:55:43 - INFO - Epoch 17 finished. Average Training Loss: 0.8473
2025-07-04 21:55:45 - INFO - Epoch 18 finished. Average Training Loss: 0.7728
2025-07-04 21:55:47 - INFO - Epoch 19 finished. Average Training Loss: 0.7699
2025-07-04 21:55:48 - INFO - Epoch 20 finished. Average Training Loss: 0.7023
2025-07-04 21:55:49 - INFO - Saved checkpoint for epoch 20 to ./result/VNet_Multi_V3/LA_8/Pth/model_epoch_20.pth
2025-07-04 21:55:51 - INFO - Epoch 21 finished. Average Training Loss: 0.7921
2025-07-04 21:55:53 - INFO - Epoch 22 finished. Average Training Loss: 0.8035
2025-07-04 21:55:55 - INFO - Epoch 23 finished. Average Training Loss: 0.7919
2025-07-04 21:55:57 - INFO - Epoch 24 finished. Average Training Loss: 0.6671
2025-07-04 21:55:58 - INFO - Epoch 25 finished. Average Training Loss: 0.8175
2025-07-04 21:56:00 - INFO - Epoch 26 finished. Average Training Loss: 0.6475
2025-07-04 21:56:03 - INFO - Epoch 27 finished. Average Training Loss: 0.7696
2025-07-04 21:56:04 - INFO - Epoch 28 finished. Average Training Loss: 0.5915
2025-07-04 21:56:06 - INFO - Epoch 29 finished. Average Training Loss: 0.6923
2025-07-04 21:56:08 - INFO - Epoch 30 finished. Average Training Loss: 0.6419
2025-07-04 21:56:10 - INFO - Epoch 31 finished. Average Training Loss: 0.6230
2025-07-04 21:56:12 - INFO - Epoch 32 finished. Average Training Loss: 0.6317
2025-07-04 21:56:14 - INFO - Epoch 33 finished. Average Training Loss: 0.7196
2025-07-04 21:56:16 - INFO - Epoch 34 finished. Average Training Loss: 0.6404
2025-07-04 21:56:17 - INFO - Epoch 35 finished. Average Training Loss: 0.5321
2025-07-04 21:56:19 - INFO - Epoch 36 finished. Average Training Loss: 0.5146
2025-07-04 21:56:22 - INFO - Epoch 37 finished. Average Training Loss: 0.5099
2025-07-04 21:56:23 - INFO - Epoch 38 finished. Average Training Loss: 0.4482
2025-07-04 21:56:25 - INFO - Epoch 39 finished. Average Training Loss: 0.5051
2025-07-04 21:56:27 - INFO - Epoch 40 finished. Average Training Loss: 0.5274
2025-07-04 21:56:27 - INFO - Saved checkpoint for epoch 40 to ./result/VNet_Multi_V3/LA_8/Pth/model_epoch_40.pth
2025-07-04 21:56:29 - INFO - Epoch 41 finished. Average Training Loss: 0.5542
2025-07-04 21:56:31 - INFO - Epoch 42 finished. Average Training Loss: 0.5206
2025-07-04 21:56:33 - INFO - Epoch 43 finished. Average Training Loss: 0.5439
2025-07-04 21:56:35 - INFO - Epoch 44 finished. Average Training Loss: 0.4302
2025-07-04 21:56:37 - INFO - Epoch 45 finished. Average Training Loss: 0.4823
2025-07-04 21:56:39 - INFO - Epoch 46 finished. Average Training Loss: 0.4508
2025-07-04 21:56:41 - INFO - Epoch 47 finished. Average Training Loss: 0.4182
2025-07-04 21:56:42 - INFO - Epoch 48 finished. Average Training Loss: 0.4414
2025-07-04 21:56:45 - INFO - Epoch 49 finished. Average Training Loss: 0.5438
2025-07-04 21:56:46 - INFO - Epoch 50 finished. Average Training Loss: 0.4685
2025-07-04 21:56:48 - INFO - Epoch 51 finished. Average Training Loss: 0.3606
2025-07-04 21:56:50 - INFO - Epoch 52 finished. Average Training Loss: 0.4676
2025-07-04 21:56:52 - INFO - Epoch 53 finished. Average Training Loss: 0.4031
2025-07-04 21:56:54 - INFO - Epoch 54 finished. Average Training Loss: 0.3721
2025-07-04 21:56:56 - INFO - Epoch 55 finished. Average Training Loss: 0.5654
2025-07-04 21:56:58 - INFO - Epoch 56 finished. Average Training Loss: 0.3923
2025-07-04 21:57:00 - INFO - Epoch 57 finished. Average Training Loss: 0.4541
2025-07-04 21:57:02 - INFO - Epoch 58 finished. Average Training Loss: 0.4096
2025-07-04 21:57:04 - INFO - Epoch 59 finished. Average Training Loss: 0.5444
2025-07-04 21:57:06 - INFO - Epoch 60 finished. Average Training Loss: 0.4376
2025-07-04 21:57:06 - INFO - Saved checkpoint for epoch 60 to ./result/VNet_Multi_V3/LA_8/Pth/model_epoch_60.pth
2025-07-04 21:57:08 - INFO - Epoch 61 finished. Average Training Loss: 0.3134
2025-07-04 21:57:10 - INFO - Epoch 62 finished. Average Training Loss: 0.4184
2025-07-04 21:57:11 - INFO - Epoch 63 finished. Average Training Loss: 0.4769
2025-07-04 21:57:13 - INFO - Epoch 64 finished. Average Training Loss: 0.4029
2025-07-04 21:57:16 - INFO - Epoch 65 finished. Average Training Loss: 0.4198
2025-07-04 21:57:17 - INFO - Epoch 66 finished. Average Training Loss: 0.4372
2025-07-04 21:57:19 - INFO - Epoch 67 finished. Average Training Loss: 0.4362
2025-07-04 21:57:21 - INFO - Epoch 68 finished. Average Training Loss: 0.2542
2025-07-04 21:57:23 - INFO - Epoch 69 finished. Average Training Loss: 0.3355
2025-07-04 21:57:25 - INFO - Epoch 70 finished. Average Training Loss: 0.3410
2025-07-04 21:57:27 - INFO - Epoch 71 finished. Average Training Loss: 0.5537
2025-07-04 21:57:29 - INFO - Epoch 72 finished. Average Training Loss: 0.4732
2025-07-04 21:57:31 - INFO - Epoch 73 finished. Average Training Loss: 0.4275
2025-07-04 21:57:33 - INFO - Epoch 74 finished. Average Training Loss: 0.3248
2025-07-04 21:57:35 - INFO - Epoch 75 finished. Average Training Loss: 0.3132
2025-07-04 21:57:36 - INFO - Epoch 76 finished. Average Training Loss: 0.3066
2025-07-04 21:57:38 - INFO - Epoch 77 finished. Average Training Loss: 0.2572
2025-07-04 21:57:40 - INFO - Epoch 78 finished. Average Training Loss: 0.4544
2025-07-04 21:57:42 - INFO - Epoch 79 finished. Average Training Loss: 0.3069
2025-07-04 21:57:44 - INFO - Epoch 80 finished. Average Training Loss: 0.4236
2025-07-04 21:57:45 - INFO - Saved checkpoint for epoch 80 to ./result/VNet_Multi_V3/LA_8/Pth/model_epoch_80.pth
2025-07-04 21:57:46 - INFO - Epoch 81 finished. Average Training Loss: 0.3937
2025-07-04 21:57:48 - INFO - Epoch 82 finished. Average Training Loss: 0.2963
2025-07-04 21:57:51 - INFO - Epoch 83 finished. Average Training Loss: 0.3341
2025-07-04 21:57:52 - INFO - Epoch 84 finished. Average Training Loss: 0.2313
2025-07-04 21:57:54 - INFO - Epoch 85 finished. Average Training Loss: 0.3117
2025-07-04 21:57:56 - INFO - Epoch 86 finished. Average Training Loss: 0.2350
2025-07-04 21:57:58 - INFO - Epoch 87 finished. Average Training Loss: 0.4683
2025-07-04 21:58:00 - INFO - Epoch 88 finished. Average Training Loss: 0.2983
2025-07-04 21:58:02 - INFO - Epoch 89 finished. Average Training Loss: 0.2923
2025-07-04 21:58:04 - INFO - Epoch 90 finished. Average Training Loss: 0.3159
2025-07-04 21:58:05 - INFO - Epoch 91 finished. Average Training Loss: 0.2644
2025-07-04 21:58:08 - INFO - Epoch 92 finished. Average Training Loss: 0.4793
2025-07-04 21:58:10 - INFO - Epoch 93 finished. Average Training Loss: 0.2760
2025-07-04 21:58:11 - INFO - Epoch 94 finished. Average Training Loss: 0.4037
2025-07-04 21:58:13 - INFO - Epoch 95 finished. Average Training Loss: 0.4467
2025-07-04 21:58:15 - INFO - Epoch 96 finished. Average Training Loss: 0.2626
2025-07-04 21:58:17 - INFO - Epoch 97 finished. Average Training Loss: 0.4250
2025-07-04 21:58:19 - INFO - Epoch 98 finished. Average Training Loss: 0.2471
2025-07-04 21:58:21 - INFO - Epoch 99 finished. Average Training Loss: 0.2097
2025-07-04 21:58:23 - INFO - Epoch 100 finished. Average Training Loss: 0.3484
2025-07-04 21:58:23 - INFO - Saved checkpoint for epoch 100 to ./result/VNet_Multi_V3/LA_8/Pth/model_epoch_100.pth
2025-07-04 21:58:26 - INFO - Epoch 101 finished. Average Training Loss: 0.2562
2025-07-04 21:58:27 - INFO - Epoch 102 finished. Average Training Loss: 0.3944
2025-07-04 21:58:29 - INFO - Epoch 103 finished. Average Training Loss: 0.3720
2025-07-04 21:58:31 - INFO - Epoch 104 finished. Average Training Loss: 0.3686
2025-07-04 21:58:33 - INFO - Epoch 105 finished. Average Training Loss: 0.3700
2025-07-04 21:58:35 - INFO - Epoch 106 finished. Average Training Loss: 0.2686
2025-07-04 21:58:37 - INFO - Epoch 107 finished. Average Training Loss: 0.2862
2025-07-04 21:58:39 - INFO - Epoch 108 finished. Average Training Loss: 0.3203
2025-07-04 21:58:41 - INFO - Epoch 109 finished. Average Training Loss: 0.2784
2025-07-04 21:58:43 - INFO - Epoch 110 finished. Average Training Loss: 0.3167
2025-07-04 21:58:45 - INFO - Epoch 111 finished. Average Training Loss: 0.3854
2025-07-04 21:58:46 - INFO - Epoch 112 finished. Average Training Loss: 0.2235
2025-07-04 21:58:49 - INFO - Epoch 113 finished. Average Training Loss: 0.3635
2025-07-04 21:58:50 - INFO - Epoch 114 finished. Average Training Loss: 0.2971
2025-07-04 21:58:52 - INFO - Epoch 115 finished. Average Training Loss: 0.3778
2025-07-04 21:58:54 - INFO - Epoch 116 finished. Average Training Loss: 0.3030
2025-07-04 21:58:56 - INFO - Epoch 117 finished. Average Training Loss: 0.2971
2025-07-04 21:58:58 - INFO - Epoch 118 finished. Average Training Loss: 0.2597
2025-07-04 21:59:00 - INFO - Epoch 119 finished. Average Training Loss: 0.2842
2025-07-04 21:59:02 - INFO - Epoch 120 finished. Average Training Loss: 0.2906
2025-07-04 21:59:02 - INFO - Saved checkpoint for epoch 120 to ./result/VNet_Multi_V3/LA_8/Pth/model_epoch_120.pth
2025-07-04 21:59:04 - INFO - Epoch 121 finished. Average Training Loss: 0.3356
2025-07-04 21:59:06 - INFO - Epoch 122 finished. Average Training Loss: 0.2912
2025-07-04 21:59:08 - INFO - Epoch 123 finished. Average Training Loss: 0.2768
2025-07-04 21:59:10 - INFO - Epoch 124 finished. Average Training Loss: 0.2505
2025-07-04 21:59:12 - INFO - Epoch 125 finished. Average Training Loss: 0.2591
2025-07-04 21:59:14 - INFO - Epoch 126 finished. Average Training Loss: 0.1863
2025-07-04 21:59:15 - INFO - Epoch 127 finished. Average Training Loss: 0.1943
2025-07-04 21:59:17 - INFO - Epoch 128 finished. Average Training Loss: 0.1622
2025-07-04 21:59:20 - INFO - Epoch 129 finished. Average Training Loss: 0.3418
2025-07-04 21:59:21 - INFO - Epoch 130 finished. Average Training Loss: 0.2895
2025-07-04 21:59:23 - INFO - Epoch 131 finished. Average Training Loss: 0.2347
2025-07-04 21:59:25 - INFO - Epoch 132 finished. Average Training Loss: 0.2019
2025-07-04 21:59:27 - INFO - Epoch 133 finished. Average Training Loss: 0.2323
2025-07-04 21:59:29 - INFO - Epoch 134 finished. Average Training Loss: 0.1529
2025-07-04 21:59:31 - INFO - Epoch 135 finished. Average Training Loss: 0.2631
2025-07-04 21:59:33 - INFO - Epoch 136 finished. Average Training Loss: 0.2191
2025-07-04 21:59:34 - INFO - Epoch 137 finished. Average Training Loss: 0.2580
2025-07-04 21:59:37 - INFO - Epoch 138 finished. Average Training Loss: 0.1984
2025-07-04 21:59:39 - INFO - Epoch 139 finished. Average Training Loss: 0.2295
2025-07-04 21:59:40 - INFO - Epoch 140 finished. Average Training Loss: 0.2477
2025-07-04 21:59:41 - INFO - Saved checkpoint for epoch 140 to ./result/VNet_Multi_V3/LA_8/Pth/model_epoch_140.pth
2025-07-04 21:59:43 - INFO - Epoch 141 finished. Average Training Loss: 0.3194
2025-07-04 21:59:45 - INFO - Epoch 142 finished. Average Training Loss: 0.3201
2025-07-04 21:59:47 - INFO - Epoch 143 finished. Average Training Loss: 0.2101
2025-07-04 21:59:49 - INFO - Epoch 144 finished. Average Training Loss: 0.2964
2025-07-04 21:59:50 - INFO - Epoch 145 finished. Average Training Loss: 0.3017
2025-07-04 21:59:53 - INFO - Epoch 146 finished. Average Training Loss: 0.2147
2025-07-04 21:59:54 - INFO - Epoch 147 finished. Average Training Loss: 0.1700
2025-07-04 21:59:56 - INFO - Epoch 148 finished. Average Training Loss: 0.2021
2025-07-04 21:59:58 - INFO - Epoch 149 finished. Average Training Loss: 0.2270
2025-07-04 22:00:00 - INFO - Epoch 150 finished. Average Training Loss: 0.2680
2025-07-04 22:00:02 - INFO - Epoch 151 finished. Average Training Loss: 0.2201
2025-07-04 22:00:04 - INFO - Epoch 152 finished. Average Training Loss: 0.2812
2025-07-04 22:00:06 - INFO - Epoch 153 finished. Average Training Loss: 0.2014
2025-07-04 22:00:08 - INFO - Epoch 154 finished. Average Training Loss: 0.1732
2025-07-04 22:00:10 - INFO - Epoch 155 finished. Average Training Loss: 0.2379
2025-07-04 22:00:12 - INFO - Epoch 156 finished. Average Training Loss: 0.1849
2025-07-04 22:00:14 - INFO - Epoch 157 finished. Average Training Loss: 0.1922
2025-07-04 22:00:15 - INFO - Epoch 158 finished. Average Training Loss: 0.1624
2025-07-04 22:00:18 - INFO - Epoch 159 finished. Average Training Loss: 0.2673
2025-07-04 22:00:19 - INFO - Epoch 160 finished. Average Training Loss: 0.2202
2025-07-04 22:00:20 - INFO - Saved checkpoint for epoch 160 to ./result/VNet_Multi_V3/LA_8/Pth/model_epoch_160.pth
2025-07-04 22:00:21 - INFO - Epoch 161 finished. Average Training Loss: 0.2233
2025-07-04 22:00:24 - INFO - Epoch 162 finished. Average Training Loss: 0.1554
2025-07-04 22:00:25 - INFO - Epoch 163 finished. Average Training Loss: 0.1735
2025-07-04 22:00:27 - INFO - Epoch 164 finished. Average Training Loss: 0.1965
2025-07-04 22:00:29 - INFO - Epoch 165 finished. Average Training Loss: 0.1602
2025-07-04 22:00:31 - INFO - Epoch 166 finished. Average Training Loss: 0.1842
2025-07-04 22:00:33 - INFO - Epoch 167 finished. Average Training Loss: 0.1263
2025-07-04 22:00:35 - INFO - Epoch 168 finished. Average Training Loss: 0.2712
2025-07-04 22:00:37 - INFO - Epoch 169 finished. Average Training Loss: 0.1454
2025-07-04 22:00:39 - INFO - Epoch 170 finished. Average Training Loss: 0.1960
2025-07-04 22:00:41 - INFO - Epoch 171 finished. Average Training Loss: 0.1613
2025-07-04 22:00:43 - INFO - Epoch 172 finished. Average Training Loss: 0.1308
2025-07-04 22:00:44 - INFO - Epoch 173 finished. Average Training Loss: 0.1563
2025-07-04 22:00:46 - INFO - Epoch 174 finished. Average Training Loss: 0.1574
2025-07-04 22:00:48 - INFO - Epoch 175 finished. Average Training Loss: 0.1883
2025-07-04 22:00:50 - INFO - Epoch 176 finished. Average Training Loss: 0.2407
2025-07-04 22:00:52 - INFO - Epoch 177 finished. Average Training Loss: 0.1278
2025-07-04 22:00:54 - INFO - Epoch 178 finished. Average Training Loss: 0.1627
2025-07-04 22:00:56 - INFO - Epoch 179 finished. Average Training Loss: 0.1529
2025-07-04 22:00:57 - INFO - Epoch 180 finished. Average Training Loss: 0.1399
2025-07-04 22:00:58 - INFO - Saved checkpoint for epoch 180 to ./result/VNet_Multi_V3/LA_8/Pth/model_epoch_180.pth
2025-07-04 22:01:00 - INFO - Epoch 181 finished. Average Training Loss: 0.2576
2025-07-04 22:01:02 - INFO - Epoch 182 finished. Average Training Loss: 0.0493
2025-07-04 22:01:03 - INFO - Epoch 183 finished. Average Training Loss: 0.1090
2025-07-04 22:01:05 - INFO - Epoch 184 finished. Average Training Loss: 0.1462
2025-07-04 22:01:07 - INFO - Epoch 185 finished. Average Training Loss: 0.1878
2025-07-04 22:01:09 - INFO - Epoch 186 finished. Average Training Loss: 0.0762
2025-07-04 22:01:11 - INFO - Epoch 187 finished. Average Training Loss: 0.2669
2025-07-04 22:01:13 - INFO - Epoch 188 finished. Average Training Loss: 0.0516
2025-07-04 22:01:15 - INFO - Epoch 189 finished. Average Training Loss: 0.0508
2025-07-04 22:01:17 - INFO - Epoch 190 finished. Average Training Loss: 0.1904
2025-07-04 22:01:19 - INFO - Epoch 191 finished. Average Training Loss: 0.2405
2025-07-04 22:01:21 - INFO - Epoch 192 finished. Average Training Loss: 0.1331
2025-07-04 22:01:22 - INFO - Epoch 193 finished. Average Training Loss: 0.0978
2025-07-04 22:01:25 - INFO - Epoch 194 finished. Average Training Loss: 0.1274
2025-07-04 22:01:27 - INFO - Epoch 195 finished. Average Training Loss: 0.1598
2025-07-04 22:01:28 - INFO - Epoch 196 finished. Average Training Loss: 0.1641
2025-07-04 22:01:30 - INFO - Epoch 197 finished. Average Training Loss: 0.1411
2025-07-04 22:01:32 - INFO - Epoch 198 finished. Average Training Loss: 0.2109
2025-07-04 22:01:34 - INFO - Epoch 199 finished. Average Training Loss: 0.0784
2025-07-04 22:01:36 - INFO - Epoch 200 finished. Average Training Loss: 0.0937
2025-07-04 22:01:37 - INFO - Saved checkpoint for epoch 200 to ./result/VNet_Multi_V3/LA_8/Pth/model_epoch_200.pth
2025-07-04 22:01:38 - INFO - Epoch 201 finished. Average Training Loss: 0.2668
2025-07-04 22:01:40 - INFO - Epoch 202 finished. Average Training Loss: 0.2091
2025-07-04 22:01:42 - INFO - Epoch 203 finished. Average Training Loss: 0.2598
2025-07-04 22:01:44 - INFO - Epoch 204 finished. Average Training Loss: 0.1786
2025-07-04 22:01:46 - INFO - Epoch 205 finished. Average Training Loss: 0.1545
2025-07-04 22:01:48 - INFO - Epoch 206 finished. Average Training Loss: 0.1368
2025-07-04 22:01:50 - INFO - Epoch 207 finished. Average Training Loss: 0.1760
2025-07-04 22:01:52 - INFO - Epoch 208 finished. Average Training Loss: 0.1863
2025-07-04 22:01:54 - INFO - Epoch 209 finished. Average Training Loss: 0.0640
2025-07-04 22:01:56 - INFO - Epoch 210 finished. Average Training Loss: 0.1517
2025-07-04 22:01:57 - INFO - Epoch 211 finished. Average Training Loss: 0.1857
2025-07-04 22:02:00 - INFO - Epoch 212 finished. Average Training Loss: 0.0782
2025-07-04 22:02:01 - INFO - Epoch 213 finished. Average Training Loss: 0.1938
2025-07-04 22:02:03 - INFO - Epoch 214 finished. Average Training Loss: 0.2296
2025-07-04 22:02:05 - INFO - Epoch 215 finished. Average Training Loss: 0.0531
2025-07-04 22:02:07 - INFO - Epoch 216 finished. Average Training Loss: 0.1371
2025-07-04 22:02:09 - INFO - Epoch 217 finished. Average Training Loss: 0.0920
2025-07-04 22:02:11 - INFO - Epoch 218 finished. Average Training Loss: 0.1401
2025-07-04 22:02:13 - INFO - Epoch 219 finished. Average Training Loss: 0.0943
2025-07-04 22:02:15 - INFO - Epoch 220 finished. Average Training Loss: 0.1092
2025-07-04 22:02:15 - INFO - Saved checkpoint for epoch 220 to ./result/VNet_Multi_V3/LA_8/Pth/model_epoch_220.pth
2025-07-04 22:02:17 - INFO - Epoch 221 finished. Average Training Loss: 0.1587
2025-07-04 22:02:19 - INFO - Epoch 222 finished. Average Training Loss: 0.1007
2025-07-04 22:02:21 - INFO - Epoch 223 finished. Average Training Loss: 0.0825
2025-07-04 22:02:23 - INFO - Epoch 224 finished. Average Training Loss: 0.1485
2025-07-04 22:02:25 - INFO - Epoch 225 finished. Average Training Loss: 0.2042
2025-07-04 22:02:26 - INFO - Epoch 226 finished. Average Training Loss: 0.1109
2025-07-04 22:02:29 - INFO - Epoch 227 finished. Average Training Loss: 0.1167
2025-07-04 22:02:31 - INFO - Epoch 228 finished. Average Training Loss: 0.2013
2025-07-04 22:02:32 - INFO - Epoch 229 finished. Average Training Loss: 0.1306
2025-07-04 22:02:34 - INFO - Epoch 230 finished. Average Training Loss: 0.1204
2025-07-04 22:02:36 - INFO - Epoch 231 finished. Average Training Loss: 0.0901
2025-07-04 22:02:38 - INFO - Epoch 232 finished. Average Training Loss: 0.1421
2025-07-04 22:02:40 - INFO - Epoch 233 finished. Average Training Loss: 0.1173
2025-07-04 22:02:42 - INFO - Epoch 234 finished. Average Training Loss: 0.0472
2025-07-04 22:02:44 - INFO - Epoch 235 finished. Average Training Loss: 0.0861
2025-07-04 22:02:46 - INFO - Epoch 236 finished. Average Training Loss: 0.1077
2025-07-04 22:02:48 - INFO - Epoch 237 finished. Average Training Loss: 0.2394
2025-07-04 22:02:50 - INFO - Epoch 238 finished. Average Training Loss: 0.0536
2025-07-04 22:02:52 - INFO - Epoch 239 finished. Average Training Loss: 0.0511
2025-07-04 22:02:54 - INFO - Epoch 240 finished. Average Training Loss: 0.1036
2025-07-04 22:02:54 - INFO - Saved checkpoint for epoch 240 to ./result/VNet_Multi_V3/LA_8/Pth/model_epoch_240.pth
2025-07-04 22:02:56 - INFO - Epoch 241 finished. Average Training Loss: 0.1071
2025-07-04 22:02:58 - INFO - Epoch 242 finished. Average Training Loss: 0.0505
2025-07-04 22:03:00 - INFO - Epoch 243 finished. Average Training Loss: 0.0815
2025-07-04 22:03:02 - INFO - Epoch 244 finished. Average Training Loss: 0.1197
2025-07-04 22:03:04 - INFO - Epoch 245 finished. Average Training Loss: 0.0355
2025-07-04 22:03:06 - INFO - Epoch 246 finished. Average Training Loss: 0.1813
2025-07-04 22:03:08 - INFO - Epoch 247 finished. Average Training Loss: 0.1335
2025-07-04 22:03:10 - INFO - Epoch 248 finished. Average Training Loss: 0.1050
2025-07-04 22:03:11 - INFO - Epoch 249 finished. Average Training Loss: 0.0879
2025-07-04 22:03:13 - INFO - Epoch 250 finished. Average Training Loss: 0.0700
2025-07-04 22:03:15 - INFO - Epoch 251 finished. Average Training Loss: 0.1869
2025-07-04 22:03:17 - INFO - Epoch 252 finished. Average Training Loss: 0.0388
2025-07-04 22:03:19 - INFO - Epoch 253 finished. Average Training Loss: 0.1275
2025-07-04 22:03:21 - INFO - Epoch 254 finished. Average Training Loss: 0.1127
2025-07-04 22:03:23 - INFO - Epoch 255 finished. Average Training Loss: 0.1113
2025-07-04 22:03:25 - INFO - Epoch 256 finished. Average Training Loss: 0.0977
2025-07-04 22:03:27 - INFO - Epoch 257 finished. Average Training Loss: 0.1646
2025-07-04 22:03:29 - INFO - Epoch 258 finished. Average Training Loss: 0.1099
2025-07-04 22:03:30 - INFO - Epoch 259 finished. Average Training Loss: 0.0386
2025-07-04 22:03:32 - INFO - Epoch 260 finished. Average Training Loss: 0.0559
2025-07-04 22:03:33 - INFO - Saved checkpoint for epoch 260 to ./result/VNet_Multi_V3/LA_8/Pth/model_epoch_260.pth
2025-07-04 22:03:35 - INFO - Epoch 261 finished. Average Training Loss: 0.1171
2025-07-04 22:03:37 - INFO - Epoch 262 finished. Average Training Loss: 0.0301
2025-07-04 22:03:39 - INFO - Epoch 263 finished. Average Training Loss: 0.1089
2025-07-04 22:03:41 - INFO - Epoch 264 finished. Average Training Loss: 0.0369
2025-07-04 22:03:42 - INFO - Epoch 265 finished. Average Training Loss: 0.0502
2025-07-04 22:03:45 - INFO - Epoch 266 finished. Average Training Loss: 0.0280
2025-07-04 22:03:46 - INFO - Epoch 267 finished. Average Training Loss: 0.1363
2025-07-04 22:03:48 - INFO - Epoch 268 finished. Average Training Loss: 0.0735
2025-07-04 22:03:50 - INFO - Epoch 269 finished. Average Training Loss: 0.0188
2025-07-04 22:03:52 - INFO - Epoch 270 finished. Average Training Loss: 0.0543
2025-07-04 22:03:54 - INFO - Epoch 271 finished. Average Training Loss: 0.0141
2025-07-04 22:03:56 - INFO - Epoch 272 finished. Average Training Loss: 0.1395
2025-07-04 22:03:58 - INFO - Epoch 273 finished. Average Training Loss: 0.1503
2025-07-04 22:03:59 - INFO - Epoch 274 finished. Average Training Loss: 0.0599
2025-07-04 22:04:02 - INFO - Epoch 275 finished. Average Training Loss: 0.0472
2025-07-04 22:04:04 - INFO - Epoch 276 finished. Average Training Loss: 0.0174
2025-07-04 22:04:05 - INFO - Epoch 277 finished. Average Training Loss: 0.1141
2025-07-04 22:04:07 - INFO - Epoch 278 finished. Average Training Loss: 0.0057
2025-07-04 22:04:09 - INFO - Epoch 279 finished. Average Training Loss: 0.1040
2025-07-04 22:04:11 - INFO - Epoch 280 finished. Average Training Loss: 0.1255
2025-07-04 22:04:12 - INFO - Saved checkpoint for epoch 280 to ./result/VNet_Multi_V3/LA_8/Pth/model_epoch_280.pth
2025-07-04 22:04:14 - INFO - Epoch 281 finished. Average Training Loss: 0.0857
2025-07-04 22:04:15 - INFO - Epoch 282 finished. Average Training Loss: 0.0235
2025-07-04 22:04:17 - INFO - Epoch 283 finished. Average Training Loss: 0.0630
2025-07-04 22:04:19 - INFO - Epoch 284 finished. Average Training Loss: 0.0297
2025-07-04 22:04:21 - INFO - Epoch 285 finished. Average Training Loss: 0.0925
2025-07-04 22:04:23 - INFO - Epoch 286 finished. Average Training Loss: 0.1005
2025-07-04 22:04:25 - INFO - Epoch 287 finished. Average Training Loss: 0.0538
2025-07-04 22:04:27 - INFO - Epoch 288 finished. Average Training Loss: 0.0063
2025-07-04 22:04:29 - INFO - Epoch 289 finished. Average Training Loss: 0.0673
2025-07-04 22:04:31 - INFO - Epoch 290 finished. Average Training Loss: 0.1177
2025-07-04 22:04:33 - INFO - Epoch 291 finished. Average Training Loss: 0.0371
2025-07-04 22:04:34 - INFO - Epoch 292 finished. Average Training Loss: 0.0415
2025-07-04 22:04:36 - INFO - Epoch 293 finished. Average Training Loss: 0.0449
2025-07-04 22:04:39 - INFO - Epoch 294 finished. Average Training Loss: -0.0082
2025-07-04 22:04:40 - INFO - Epoch 295 finished. Average Training Loss: 0.0548
2025-07-04 22:04:42 - INFO - Epoch 296 finished. Average Training Loss: -0.0352
2025-07-04 22:04:44 - INFO - Epoch 297 finished. Average Training Loss: 0.0463
2025-07-04 22:04:46 - INFO - Epoch 298 finished. Average Training Loss: 0.0913
2025-07-04 22:04:48 - INFO - Epoch 299 finished. Average Training Loss: 0.1029
2025-07-04 22:04:50 - INFO - Epoch 300 finished. Average Training Loss: -0.0033
2025-07-04 22:04:50 - INFO - Saved checkpoint for epoch 300 to ./result/VNet_Multi_V3/LA_8/Pth/model_epoch_300.pth
2025-07-04 22:04:52 - INFO - Epoch 301 finished. Average Training Loss: -0.0115
2025-07-04 22:04:54 - INFO - Epoch 302 finished. Average Training Loss: 0.0176
2025-07-04 22:04:56 - INFO - Epoch 303 finished. Average Training Loss: 0.0105
2025-07-04 22:04:58 - INFO - Epoch 304 finished. Average Training Loss: 0.1015
2025-07-04 22:05:00 - INFO - Epoch 305 finished. Average Training Loss: -0.0130
2025-07-04 22:05:02 - INFO - Epoch 306 finished. Average Training Loss: 0.0602
2025-07-04 22:05:04 - INFO - Epoch 307 finished. Average Training Loss: -0.0080
2025-07-04 22:05:06 - INFO - Epoch 308 finished. Average Training Loss: 0.0278
2025-07-04 22:05:08 - INFO - Epoch 309 finished. Average Training Loss: 0.0315
2025-07-04 22:05:09 - INFO - Epoch 310 finished. Average Training Loss: -0.0042
2025-07-04 22:05:11 - INFO - Epoch 311 finished. Average Training Loss: 0.0192
2025-07-04 22:05:13 - INFO - Epoch 312 finished. Average Training Loss: -0.0051
2025-07-04 22:05:15 - INFO - Epoch 313 finished. Average Training Loss: -0.0067
2025-07-04 22:05:17 - INFO - Epoch 314 finished. Average Training Loss: -0.0203
2025-07-04 22:05:19 - INFO - Epoch 315 finished. Average Training Loss: 0.0708
2025-07-04 22:05:21 - INFO - Epoch 316 finished. Average Training Loss: 0.0756
2025-07-04 22:05:23 - INFO - Epoch 317 finished. Average Training Loss: 0.0219
2025-07-04 22:05:25 - INFO - Epoch 318 finished. Average Training Loss: 0.0042
2025-07-04 22:05:27 - INFO - Epoch 319 finished. Average Training Loss: 0.0138
2025-07-04 22:05:29 - INFO - Epoch 320 finished. Average Training Loss: 0.0241
2025-07-04 22:05:29 - INFO - Saved checkpoint for epoch 320 to ./result/VNet_Multi_V3/LA_8/Pth/model_epoch_320.pth
2025-07-04 22:05:31 - INFO - Epoch 321 finished. Average Training Loss: 0.0635
2025-07-04 22:05:33 - INFO - Epoch 322 finished. Average Training Loss: -0.0152
2025-07-04 22:05:35 - INFO - Epoch 323 finished. Average Training Loss: 0.0164
2025-07-04 22:05:37 - INFO - Epoch 324 finished. Average Training Loss: 0.0465
2025-07-04 22:05:39 - INFO - Epoch 325 finished. Average Training Loss: 0.0004
2025-07-04 22:05:41 - INFO - Epoch 326 finished. Average Training Loss: -0.0445
2025-07-04 22:05:43 - INFO - Epoch 327 finished. Average Training Loss: 0.0144
2025-07-04 22:05:44 - INFO - Epoch 328 finished. Average Training Loss: -0.0112
2025-07-04 22:05:46 - INFO - Epoch 329 finished. Average Training Loss: -0.0243
2025-07-04 22:05:48 - INFO - Epoch 330 finished. Average Training Loss: 0.0955
2025-07-04 22:05:50 - INFO - Epoch 331 finished. Average Training Loss: -0.0324
2025-07-04 22:05:52 - INFO - Epoch 332 finished. Average Training Loss: -0.0326
2025-07-04 22:05:54 - INFO - Epoch 333 finished. Average Training Loss: -0.0221
2025-07-04 22:05:56 - INFO - Epoch 334 finished. Average Training Loss: 0.1102
2025-07-04 22:05:58 - INFO - Epoch 335 finished. Average Training Loss: -0.0585
2025-07-04 22:06:00 - INFO - Epoch 336 finished. Average Training Loss: 0.0002
2025-07-04 22:06:02 - INFO - Epoch 337 finished. Average Training Loss: 0.0798
2025-07-04 22:06:04 - INFO - Epoch 338 finished. Average Training Loss: -0.0396
2025-07-04 22:06:06 - INFO - Epoch 339 finished. Average Training Loss: 0.0552
2025-07-04 22:06:07 - INFO - Epoch 340 finished. Average Training Loss: -0.0484
2025-07-04 22:06:08 - INFO - Saved checkpoint for epoch 340 to ./result/VNet_Multi_V3/LA_8/Pth/model_epoch_340.pth
2025-07-04 22:06:10 - INFO - Epoch 341 finished. Average Training Loss: 0.0111
2025-07-04 22:06:12 - INFO - Epoch 342 finished. Average Training Loss: 0.0068
2025-07-04 22:06:14 - INFO - Epoch 343 finished. Average Training Loss: -0.0100
2025-07-04 22:06:16 - INFO - Epoch 344 finished. Average Training Loss: -0.0015
2025-07-04 22:06:17 - INFO - Epoch 345 finished. Average Training Loss: 0.0506
2025-07-04 22:06:19 - INFO - Epoch 346 finished. Average Training Loss: -0.0511
2025-07-04 22:06:21 - INFO - Epoch 347 finished. Average Training Loss: 0.0111
2025-07-04 22:06:23 - INFO - Epoch 348 finished. Average Training Loss: -0.0381
2025-07-04 22:06:25 - INFO - Epoch 349 finished. Average Training Loss: 0.2118
2025-07-04 22:06:27 - INFO - Epoch 350 finished. Average Training Loss: -0.0209
2025-07-04 22:06:29 - INFO - Epoch 351 finished. Average Training Loss: -0.0187
2025-07-04 22:06:31 - INFO - Epoch 352 finished. Average Training Loss: -0.0108
2025-07-04 22:06:33 - INFO - Epoch 353 finished. Average Training Loss: 0.0236
2025-07-04 22:06:35 - INFO - Epoch 354 finished. Average Training Loss: -0.0016
2025-07-04 22:06:37 - INFO - Epoch 355 finished. Average Training Loss: 0.0115
2025-07-04 22:06:38 - INFO - Epoch 356 finished. Average Training Loss: -0.0051
2025-07-04 22:06:41 - INFO - Epoch 357 finished. Average Training Loss: 0.0323
2025-07-04 22:06:42 - INFO - Epoch 358 finished. Average Training Loss: -0.0708
2025-07-04 22:06:44 - INFO - Epoch 359 finished. Average Training Loss: 0.0499
2025-07-04 22:06:46 - INFO - Epoch 360 finished. Average Training Loss: -0.0749
2025-07-04 22:06:47 - INFO - Saved checkpoint for epoch 360 to ./result/VNet_Multi_V3/LA_8/Pth/model_epoch_360.pth
2025-07-04 22:06:48 - INFO - Epoch 361 finished. Average Training Loss: -0.0297
2025-07-04 22:06:51 - INFO - Epoch 362 finished. Average Training Loss: -0.0607
2025-07-04 22:06:52 - INFO - Epoch 363 finished. Average Training Loss: -0.0273
2025-07-04 22:06:54 - INFO - Epoch 364 finished. Average Training Loss: -0.0170
2025-07-04 22:06:56 - INFO - Epoch 365 finished. Average Training Loss: 0.0425
2025-07-04 22:06:58 - INFO - Epoch 366 finished. Average Training Loss: -0.0769
2025-07-04 22:07:00 - INFO - Epoch 367 finished. Average Training Loss: -0.0819
2025-07-04 22:07:02 - INFO - Epoch 368 finished. Average Training Loss: -0.0806
2025-07-04 22:07:04 - INFO - Epoch 369 finished. Average Training Loss: -0.0773
2025-07-04 22:07:06 - INFO - Epoch 370 finished. Average Training Loss: -0.0165
2025-07-04 22:07:08 - INFO - Epoch 371 finished. Average Training Loss: -0.0675
2025-07-04 22:07:10 - INFO - Epoch 372 finished. Average Training Loss: -0.1063
2025-07-04 22:07:11 - INFO - Epoch 373 finished. Average Training Loss: -0.0434
2025-07-04 22:07:13 - INFO - Epoch 374 finished. Average Training Loss: 0.0860
2025-07-04 22:07:16 - INFO - Epoch 375 finished. Average Training Loss: -0.0748
2025-07-04 22:07:17 - INFO - Epoch 376 finished. Average Training Loss: -0.0591
2025-07-04 22:07:19 - INFO - Epoch 377 finished. Average Training Loss: -0.0130
2025-07-04 22:07:21 - INFO - Epoch 378 finished. Average Training Loss: -0.0552
2025-07-04 22:07:23 - INFO - Epoch 379 finished. Average Training Loss: -0.1064
2025-07-04 22:07:25 - INFO - Epoch 380 finished. Average Training Loss: -0.0872
2025-07-04 22:07:26 - INFO - Saved checkpoint for epoch 380 to ./result/VNet_Multi_V3/LA_8/Pth/model_epoch_380.pth
2025-07-04 22:07:27 - INFO - Epoch 381 finished. Average Training Loss: -0.0600
2025-07-04 22:07:29 - INFO - Epoch 382 finished. Average Training Loss: 0.0492
2025-07-04 22:07:31 - INFO - Epoch 383 finished. Average Training Loss: -0.0838
2025-07-04 22:07:33 - INFO - Epoch 384 finished. Average Training Loss: -0.0121
2025-07-04 22:07:35 - INFO - Epoch 385 finished. Average Training Loss: 0.0577
2025-07-04 22:07:37 - INFO - Epoch 386 finished. Average Training Loss: 0.0417
2025-07-04 22:07:39 - INFO - Epoch 387 finished. Average Training Loss: -0.1007
2025-07-04 22:07:41 - INFO - Epoch 388 finished. Average Training Loss: 0.0317
2025-07-04 22:07:43 - INFO - Epoch 389 finished. Average Training Loss: -0.0797
2025-07-04 22:07:45 - INFO - Epoch 390 finished. Average Training Loss: 0.0385
2025-07-04 22:07:46 - INFO - Epoch 391 finished. Average Training Loss: -0.0632
2025-07-04 22:07:48 - INFO - Epoch 392 finished. Average Training Loss: 0.0351
2025-07-04 22:07:50 - INFO - Epoch 393 finished. Average Training Loss: -0.1229
2025-07-04 22:07:52 - INFO - Epoch 394 finished. Average Training Loss: 0.0522
2025-07-04 22:07:54 - INFO - Epoch 395 finished. Average Training Loss: -0.0523
2025-07-04 22:07:56 - INFO - Epoch 396 finished. Average Training Loss: -0.0245
2025-07-04 22:07:58 - INFO - Epoch 397 finished. Average Training Loss: -0.0529
2025-07-04 22:08:00 - INFO - Epoch 398 finished. Average Training Loss: 0.0240
2025-07-04 22:08:02 - INFO - Epoch 399 finished. Average Training Loss: -0.0454
2025-07-04 22:08:04 - INFO - Epoch 400 finished. Average Training Loss: -0.0030
2025-07-04 22:08:04 - INFO - Saved checkpoint for epoch 400 to ./result/VNet_Multi_V3/LA_8/Pth/model_epoch_400.pth
2025-07-04 22:08:06 - INFO - Epoch 401 finished. Average Training Loss: -0.0113
2025-07-04 22:08:08 - INFO - Epoch 402 finished. Average Training Loss: -0.0730
2025-07-04 22:08:10 - INFO - Epoch 403 finished. Average Training Loss: -0.0278
2025-07-04 22:08:12 - INFO - Epoch 404 finished. Average Training Loss: -0.0101
2025-07-04 22:08:14 - INFO - Epoch 405 finished. Average Training Loss: -0.0259
2025-07-04 22:08:15 - INFO - Epoch 406 finished. Average Training Loss: 0.0110
2025-07-04 22:08:17 - INFO - Epoch 407 finished. Average Training Loss: 0.0172
2025-07-04 22:08:20 - INFO - Epoch 408 finished. Average Training Loss: -0.0268
2025-07-04 22:08:21 - INFO - Epoch 409 finished. Average Training Loss: -0.0157
2025-07-04 22:08:23 - INFO - Epoch 410 finished. Average Training Loss: -0.0370
2025-07-04 22:08:25 - INFO - Epoch 411 finished. Average Training Loss: -0.0141
2025-07-04 22:08:27 - INFO - Epoch 412 finished. Average Training Loss: 0.0008
2025-07-04 22:08:29 - INFO - Epoch 413 finished. Average Training Loss: -0.1150
2025-07-04 22:08:31 - INFO - Epoch 414 finished. Average Training Loss: -0.0719
2025-07-04 22:08:33 - INFO - Epoch 415 finished. Average Training Loss: 0.0151
2025-07-04 22:08:34 - INFO - Epoch 416 finished. Average Training Loss: -0.1261
2025-07-04 22:08:36 - INFO - Epoch 417 finished. Average Training Loss: 0.1254
2025-07-04 22:08:39 - INFO - Epoch 418 finished. Average Training Loss: -0.0459
2025-07-04 22:08:40 - INFO - Epoch 419 finished. Average Training Loss: -0.0935
2025-07-04 22:08:42 - INFO - Epoch 420 finished. Average Training Loss: -0.0624
2025-07-04 22:08:43 - INFO - Saved checkpoint for epoch 420 to ./result/VNet_Multi_V3/LA_8/Pth/model_epoch_420.pth
2025-07-04 22:08:45 - INFO - Epoch 421 finished. Average Training Loss: -0.0634
2025-07-04 22:08:46 - INFO - Epoch 422 finished. Average Training Loss: -0.0573
2025-07-04 22:08:49 - INFO - Epoch 423 finished. Average Training Loss: 0.0545
2025-07-04 22:08:50 - INFO - Epoch 424 finished. Average Training Loss: -0.1587
2025-07-04 22:08:52 - INFO - Epoch 425 finished. Average Training Loss: -0.1153
2025-07-04 22:08:54 - INFO - Epoch 426 finished. Average Training Loss: -0.0412
2025-07-04 22:08:56 - INFO - Epoch 427 finished. Average Training Loss: -0.0175
2025-07-04 22:08:58 - INFO - Epoch 428 finished. Average Training Loss: -0.1153
2025-07-04 22:09:00 - INFO - Epoch 429 finished. Average Training Loss: -0.0002
2025-07-04 22:09:02 - INFO - Epoch 430 finished. Average Training Loss: -0.0385
2025-07-04 22:09:04 - INFO - Epoch 431 finished. Average Training Loss: -0.1433
2025-07-04 22:09:06 - INFO - Epoch 432 finished. Average Training Loss: -0.0849
2025-07-04 22:09:08 - INFO - Epoch 433 finished. Average Training Loss: -0.0963
2025-07-04 22:09:10 - INFO - Epoch 434 finished. Average Training Loss: -0.0207
2025-07-04 22:09:11 - INFO - Epoch 435 finished. Average Training Loss: 0.0619
2025-07-04 22:09:14 - INFO - Epoch 436 finished. Average Training Loss: -0.1245
2025-07-04 22:09:15 - INFO - Epoch 437 finished. Average Training Loss: -0.0750
2025-07-04 22:09:17 - INFO - Epoch 438 finished. Average Training Loss: -0.0849
2025-07-04 22:09:19 - INFO - Epoch 439 finished. Average Training Loss: -0.1368
2025-07-04 22:09:21 - INFO - Epoch 440 finished. Average Training Loss: -0.1043
2025-07-04 22:09:22 - INFO - Saved checkpoint for epoch 440 to ./result/VNet_Multi_V3/LA_8/Pth/model_epoch_440.pth
2025-07-04 22:09:24 - INFO - Epoch 441 finished. Average Training Loss: -0.0778
2025-07-04 22:09:25 - INFO - Epoch 442 finished. Average Training Loss: -0.0831
2025-07-04 22:09:27 - INFO - Epoch 443 finished. Average Training Loss: -0.1669
2025-07-04 22:09:29 - INFO - Epoch 444 finished. Average Training Loss: -0.0774
2025-07-04 22:09:31 - INFO - Epoch 445 finished. Average Training Loss: -0.1364
2025-07-04 22:09:33 - INFO - Epoch 446 finished. Average Training Loss: -0.0372
2025-07-04 22:09:35 - INFO - Epoch 447 finished. Average Training Loss: -0.1015
2025-07-04 22:09:37 - INFO - Epoch 448 finished. Average Training Loss: -0.0751
2025-07-04 22:09:39 - INFO - Epoch 449 finished. Average Training Loss: -0.1169
2025-07-04 22:09:41 - INFO - Epoch 450 finished. Average Training Loss: -0.1520
2025-07-04 22:09:43 - INFO - Epoch 451 finished. Average Training Loss: 0.0114
2025-07-04 22:09:44 - INFO - Epoch 452 finished. Average Training Loss: -0.0828
2025-07-04 22:09:46 - INFO - Epoch 453 finished. Average Training Loss: -0.0498
2025-07-04 22:09:48 - INFO - Epoch 454 finished. Average Training Loss: -0.1178
2025-07-04 22:09:50 - INFO - Epoch 455 finished. Average Training Loss: -0.0998
2025-07-04 22:09:52 - INFO - Epoch 456 finished. Average Training Loss: -0.0108
2025-07-04 22:09:54 - INFO - Epoch 457 finished. Average Training Loss: -0.0319
2025-07-04 22:09:56 - INFO - Epoch 458 finished. Average Training Loss: -0.0256
2025-07-04 22:09:58 - INFO - Epoch 459 finished. Average Training Loss: -0.0655
2025-07-04 22:10:00 - INFO - Epoch 460 finished. Average Training Loss: -0.1231
2025-07-04 22:10:00 - INFO - Saved checkpoint for epoch 460 to ./result/VNet_Multi_V3/LA_8/Pth/model_epoch_460.pth
2025-07-04 22:10:02 - INFO - Epoch 461 finished. Average Training Loss: -0.1775
2025-07-04 22:10:04 - INFO - Epoch 462 finished. Average Training Loss: -0.0954
2025-07-04 22:10:06 - INFO - Epoch 463 finished. Average Training Loss: -0.1297
2025-07-04 22:10:08 - INFO - Epoch 464 finished. Average Training Loss: -0.0627
2025-07-04 22:10:10 - INFO - Epoch 465 finished. Average Training Loss: -0.1324
2025-07-04 22:10:12 - INFO - Epoch 466 finished. Average Training Loss: -0.1126
2025-07-04 22:10:14 - INFO - Epoch 467 finished. Average Training Loss: -0.0879
2025-07-04 22:10:16 - INFO - Epoch 468 finished. Average Training Loss: -0.1461
2025-07-04 22:10:18 - INFO - Epoch 469 finished. Average Training Loss: -0.1109
2025-07-04 22:10:19 - INFO - Epoch 470 finished. Average Training Loss: -0.0030
2025-07-04 22:10:21 - INFO - Epoch 471 finished. Average Training Loss: -0.0688
2025-07-04 22:10:23 - INFO - Epoch 472 finished. Average Training Loss: -0.0764
2025-07-04 22:10:25 - INFO - Epoch 473 finished. Average Training Loss: -0.1734
2025-07-04 22:10:27 - INFO - Epoch 474 finished. Average Training Loss: -0.1476
2025-07-04 22:10:29 - INFO - Epoch 475 finished. Average Training Loss: -0.1511
2025-07-04 22:10:31 - INFO - Epoch 476 finished. Average Training Loss: -0.1097
2025-07-04 22:10:33 - INFO - Epoch 477 finished. Average Training Loss: -0.0951
2025-07-04 22:10:35 - INFO - Epoch 478 finished. Average Training Loss: -0.1329
2025-07-04 22:10:37 - INFO - Epoch 479 finished. Average Training Loss: -0.1041
2025-07-04 22:10:38 - INFO - Epoch 480 finished. Average Training Loss: -0.1389
2025-07-04 22:10:39 - INFO - Saved checkpoint for epoch 480 to ./result/VNet_Multi_V3/LA_8/Pth/model_epoch_480.pth
2025-07-04 22:10:41 - INFO - Epoch 481 finished. Average Training Loss: -0.0388
2025-07-04 22:10:43 - INFO - Epoch 482 finished. Average Training Loss: -0.0697
2025-07-04 22:10:45 - INFO - Epoch 483 finished. Average Training Loss: -0.0456
2025-07-04 22:10:47 - INFO - Epoch 484 finished. Average Training Loss: -0.0822
2025-07-04 22:10:48 - INFO - Epoch 485 finished. Average Training Loss: -0.1249
2025-07-04 22:10:51 - INFO - Epoch 486 finished. Average Training Loss: -0.0584
2025-07-04 22:10:53 - INFO - Epoch 487 finished. Average Training Loss: -0.0729
2025-07-04 22:10:54 - INFO - Epoch 488 finished. Average Training Loss: -0.1437
2025-07-04 22:10:56 - INFO - Epoch 489 finished. Average Training Loss: -0.1097
2025-07-04 22:10:58 - INFO - Epoch 490 finished. Average Training Loss: -0.1181
2025-07-04 22:11:00 - INFO - Epoch 491 finished. Average Training Loss: -0.1728
2025-07-04 22:11:02 - INFO - Epoch 492 finished. Average Training Loss: -0.1896
2025-07-04 22:11:04 - INFO - Epoch 493 finished. Average Training Loss: -0.1181
2025-07-04 22:11:06 - INFO - Epoch 494 finished. Average Training Loss: -0.1345
2025-07-04 22:11:08 - INFO - Epoch 495 finished. Average Training Loss: -0.0938
2025-07-04 22:11:10 - INFO - Epoch 496 finished. Average Training Loss: -0.0858
2025-07-04 22:11:12 - INFO - Epoch 497 finished. Average Training Loss: -0.1430
2025-07-04 22:11:13 - INFO - Epoch 498 finished. Average Training Loss: -0.1114
2025-07-04 22:11:16 - INFO - Epoch 499 finished. Average Training Loss: -0.1222
2025-07-04 22:11:17 - INFO - Epoch 500 finished. Average Training Loss: -0.0918
2025-07-04 22:11:18 - INFO - Saved checkpoint for epoch 500 to ./result/VNet_Multi_V3/LA_8/Pth/model_epoch_500.pth
2025-07-04 22:11:19 - INFO - Epoch 501 finished. Average Training Loss: -0.1111
2025-07-04 22:11:22 - INFO - Epoch 502 finished. Average Training Loss: -0.1860
2025-07-04 22:11:23 - INFO - Epoch 503 finished. Average Training Loss: -0.0545
2025-07-04 22:11:25 - INFO - Epoch 504 finished. Average Training Loss: -0.0965
2025-07-04 22:11:27 - INFO - Epoch 505 finished. Average Training Loss: -0.1273
2025-07-04 22:11:29 - INFO - Epoch 506 finished. Average Training Loss: -0.1333
2025-07-04 22:11:31 - INFO - Epoch 507 finished. Average Training Loss: -0.1247
2025-07-04 22:11:33 - INFO - Epoch 508 finished. Average Training Loss: -0.1250
2025-07-04 22:11:35 - INFO - Epoch 509 finished. Average Training Loss: -0.1107
2025-07-04 22:11:37 - INFO - Epoch 510 finished. Average Training Loss: -0.1104
2025-07-04 22:11:39 - INFO - Epoch 511 finished. Average Training Loss: -0.1162
2025-07-04 22:11:41 - INFO - Epoch 512 finished. Average Training Loss: -0.1388
2025-07-04 22:11:42 - INFO - Epoch 513 finished. Average Training Loss: -0.1336
2025-07-04 22:11:44 - INFO - Epoch 514 finished. Average Training Loss: -0.1860
2025-07-04 22:11:46 - INFO - Epoch 515 finished. Average Training Loss: -0.1912
2025-07-04 22:11:48 - INFO - Epoch 516 finished. Average Training Loss: -0.1487
2025-07-04 22:11:50 - INFO - Epoch 517 finished. Average Training Loss: -0.1446
2025-07-04 22:11:52 - INFO - Epoch 518 finished. Average Training Loss: -0.1588
2025-07-04 22:11:54 - INFO - Epoch 519 finished. Average Training Loss: -0.1418
2025-07-04 22:11:56 - INFO - Epoch 520 finished. Average Training Loss: -0.1742
2025-07-04 22:11:56 - INFO - Saved checkpoint for epoch 520 to ./result/VNet_Multi_V3/LA_8/Pth/model_epoch_520.pth
2025-07-04 22:11:58 - INFO - Epoch 521 finished. Average Training Loss: -0.1360
2025-07-04 22:12:00 - INFO - Epoch 522 finished. Average Training Loss: -0.0210
2025-07-04 22:12:02 - INFO - Epoch 523 finished. Average Training Loss: -0.0706
2025-07-04 22:12:04 - INFO - Epoch 524 finished. Average Training Loss: -0.1451
2025-07-04 22:12:06 - INFO - Epoch 525 finished. Average Training Loss: -0.1074
2025-07-04 22:12:08 - INFO - Epoch 526 finished. Average Training Loss: -0.2001
2025-07-04 22:12:10 - INFO - Epoch 527 finished. Average Training Loss: -0.1078
2025-07-04 22:12:11 - INFO - Epoch 528 finished. Average Training Loss: -0.1482
2025-07-04 22:12:13 - INFO - Epoch 529 finished. Average Training Loss: -0.1410
2025-07-04 22:12:16 - INFO - Epoch 530 finished. Average Training Loss: -0.1200
2025-07-04 22:12:17 - INFO - Epoch 531 finished. Average Training Loss: -0.0917
2025-07-04 22:12:19 - INFO - Epoch 532 finished. Average Training Loss: -0.1818
2025-07-04 22:12:21 - INFO - Epoch 533 finished. Average Training Loss: -0.1937
2025-07-04 22:12:23 - INFO - Epoch 534 finished. Average Training Loss: -0.1285
2025-07-04 22:12:25 - INFO - Epoch 535 finished. Average Training Loss: -0.0842
2025-07-04 22:12:27 - INFO - Epoch 536 finished. Average Training Loss: -0.1521
2025-07-04 22:12:29 - INFO - Epoch 537 finished. Average Training Loss: -0.2054
2025-07-04 22:12:31 - INFO - Epoch 538 finished. Average Training Loss: -0.1879
2025-07-04 22:12:33 - INFO - Epoch 539 finished. Average Training Loss: -0.0785
2025-07-04 22:12:35 - INFO - Epoch 540 finished. Average Training Loss: -0.1469
2025-07-04 22:12:35 - INFO - Saved checkpoint for epoch 540 to ./result/VNet_Multi_V3/LA_8/Pth/model_epoch_540.pth
2025-07-04 22:12:37 - INFO - Epoch 541 finished. Average Training Loss: -0.1431
2025-07-04 22:12:39 - INFO - Epoch 542 finished. Average Training Loss: -0.2082
2025-07-04 22:12:41 - INFO - Epoch 543 finished. Average Training Loss: -0.1248
2025-07-04 22:12:43 - INFO - Epoch 544 finished. Average Training Loss: -0.1902
2025-07-04 22:12:45 - INFO - Epoch 545 finished. Average Training Loss: -0.2016
2025-07-04 22:12:46 - INFO - Epoch 546 finished. Average Training Loss: -0.2049
2025-07-04 22:12:48 - INFO - Epoch 547 finished. Average Training Loss: -0.0895
2025-07-04 22:12:50 - INFO - Epoch 548 finished. Average Training Loss: -0.2113
2025-07-04 22:12:52 - INFO - Epoch 549 finished. Average Training Loss: -0.1596
2025-07-04 22:12:54 - INFO - Epoch 550 finished. Average Training Loss: -0.2103
2025-07-04 22:12:56 - INFO - Epoch 551 finished. Average Training Loss: -0.2103
2025-07-04 22:12:58 - INFO - Epoch 552 finished. Average Training Loss: -0.1523
2025-07-04 22:13:00 - INFO - Epoch 553 finished. Average Training Loss: -0.2230
2025-07-04 22:13:02 - INFO - Epoch 554 finished. Average Training Loss: -0.1890
2025-07-04 22:13:04 - INFO - Epoch 555 finished. Average Training Loss: -0.1016
2025-07-04 22:13:06 - INFO - Epoch 556 finished. Average Training Loss: -0.0705
2025-07-04 22:13:08 - INFO - Epoch 557 finished. Average Training Loss: -0.0791
2025-07-04 22:13:10 - INFO - Epoch 558 finished. Average Training Loss: -0.2206
2025-07-04 22:13:11 - INFO - Epoch 559 finished. Average Training Loss: -0.2130
2025-07-04 22:13:14 - INFO - Epoch 560 finished. Average Training Loss: -0.1180
2025-07-04 22:13:14 - INFO - Saved checkpoint for epoch 560 to ./result/VNet_Multi_V3/LA_8/Pth/model_epoch_560.pth
2025-07-04 22:13:16 - INFO - Epoch 561 finished. Average Training Loss: -0.2472
2025-07-04 22:13:18 - INFO - Epoch 562 finished. Average Training Loss: -0.1320
2025-07-04 22:13:20 - INFO - Epoch 563 finished. Average Training Loss: -0.1248
2025-07-04 22:13:22 - INFO - Epoch 564 finished. Average Training Loss: -0.1390
2025-07-04 22:13:23 - INFO - Epoch 565 finished. Average Training Loss: -0.0918
2025-07-04 22:13:26 - INFO - Epoch 566 finished. Average Training Loss: -0.1870
2025-07-04 22:13:27 - INFO - Epoch 567 finished. Average Training Loss: -0.1032
2025-07-04 22:13:29 - INFO - Epoch 568 finished. Average Training Loss: -0.1757
2025-07-04 22:13:31 - INFO - Epoch 569 finished. Average Training Loss: -0.1629
2025-07-04 22:13:33 - INFO - Epoch 570 finished. Average Training Loss: -0.2064
2025-07-04 22:13:35 - INFO - Epoch 571 finished. Average Training Loss: -0.2316
2025-07-04 22:13:37 - INFO - Epoch 572 finished. Average Training Loss: -0.1685
2025-07-04 22:13:39 - INFO - Epoch 573 finished. Average Training Loss: -0.1696
2025-07-04 22:13:40 - INFO - Epoch 574 finished. Average Training Loss: -0.1831
2025-07-04 22:13:43 - INFO - Epoch 575 finished. Average Training Loss: -0.2178
2025-07-04 22:13:44 - INFO - Epoch 576 finished. Average Training Loss: -0.1692
2025-07-04 22:13:46 - INFO - Epoch 577 finished. Average Training Loss: -0.1355
2025-07-04 22:13:48 - INFO - Epoch 578 finished. Average Training Loss: -0.1360
2025-07-04 22:13:50 - INFO - Epoch 579 finished. Average Training Loss: -0.1246
2025-07-04 22:13:52 - INFO - Epoch 580 finished. Average Training Loss: -0.1198
2025-07-04 22:13:53 - INFO - Saved checkpoint for epoch 580 to ./result/VNet_Multi_V3/LA_8/Pth/model_epoch_580.pth
2025-07-04 22:13:55 - INFO - Epoch 581 finished. Average Training Loss: -0.1226
2025-07-04 22:13:56 - INFO - Epoch 582 finished. Average Training Loss: -0.0738
2025-07-04 22:13:58 - INFO - Epoch 583 finished. Average Training Loss: -0.1904
2025-07-04 22:14:00 - INFO - Epoch 584 finished. Average Training Loss: -0.2134
2025-07-04 22:14:02 - INFO - Epoch 585 finished. Average Training Loss: -0.2093
2025-07-04 22:14:04 - INFO - Epoch 586 finished. Average Training Loss: -0.1700
2025-07-04 22:14:06 - INFO - Epoch 587 finished. Average Training Loss: -0.1108
2025-07-04 22:14:08 - INFO - Epoch 588 finished. Average Training Loss: -0.1717
2025-07-04 22:14:10 - INFO - Epoch 589 finished. Average Training Loss: -0.2250
2025-07-04 22:14:12 - INFO - Epoch 590 finished. Average Training Loss: -0.1235
2025-07-04 22:14:14 - INFO - Epoch 591 finished. Average Training Loss: -0.1034
2025-07-04 22:14:15 - INFO - Epoch 592 finished. Average Training Loss: -0.1839
2025-07-04 22:14:18 - INFO - Epoch 593 finished. Average Training Loss: -0.1128
2025-07-04 22:14:20 - INFO - Epoch 594 finished. Average Training Loss: -0.1640
2025-07-04 22:14:21 - INFO - Epoch 595 finished. Average Training Loss: -0.1446
2025-07-04 22:14:23 - INFO - Epoch 596 finished. Average Training Loss: -0.2691
2025-07-04 22:14:25 - INFO - Epoch 597 finished. Average Training Loss: -0.2231
2025-07-04 22:14:27 - INFO - Epoch 598 finished. Average Training Loss: -0.1363
2025-07-04 22:14:29 - INFO - Epoch 599 finished. Average Training Loss: -0.1536
2025-07-04 22:14:31 - INFO - Epoch 600 finished. Average Training Loss: -0.1968
2025-07-04 22:14:31 - INFO - Saved checkpoint for epoch 600 to ./result/VNet_Multi_V3/LA_8/Pth/model_epoch_600.pth
2025-07-04 22:14:31 - INFO - Training complete!
