2025-07-04 21:54:08 - INFO - Logging is set up.
2025-07-04 21:54:08 - INFO - 
======================================== New DDP Training Session Started ========================================
2025-07-04 21:54:08 - INFO - Using 2 GPUs for training.
2025-07-04 21:54:08 - INFO - Training configuration:
{
  "seed": 42,
  "epochs": 600,
  "batch_size": 2,
  "learning_rate": 0.0001,
  "log_path": "./result/VNet_Multi_V3/LA_16/Training.log",
  "pth_path": "./result/VNet_Multi_V3/LA_16/Pth",
  "tensorboard_path": "./result/VNet_Multi_V3/LA_16/Train",
  "continue_train": false,
  "dataset_path": "./datasets/LA",
  "num_classes": 2,
  "training_num": 16,
  "patch_size": [
    112,
    112,
    80
  ]
}
2025-07-04 21:54:08 - INFO - Ensured model and TensorBoard directories exist.
2025-07-04 21:54:08 - INFO - Process started on device: cuda:0 with seed 42.
2025-07-04 21:54:08 - INFO - TensorBoard writer initialized at: ./result/VNet_Multi_V3/LA_16/Train/20250704-215408
2025-07-04 21:54:08 - INFO - Initializing dataset...
2025-07-04 21:54:08 - INFO - Dataset contains 16 samples.
2025-07-04 21:54:08 - INFO - DataLoader created with DistributedSampler. Batch size per GPU: 2.
2025-07-04 21:54:08 - INFO - Initializing VNet model...
2025-07-04 21:54:08 - INFO - Logging is set up.
2025-07-04 21:54:08 - INFO - Process started on device: cuda:1 with seed 42.
2025-07-04 21:54:08 - INFO - Initializing dataset...
2025-07-04 21:54:08 - INFO - Dataset contains 16 samples.
2025-07-04 21:54:08 - INFO - DataLoader created with DistributedSampler. Batch size per GPU: 2.
2025-07-04 21:54:08 - INFO - Initializing VNet model...
2025-07-04 21:54:08 - INFO - Model wrapped with DDP. `find_unused_parameters` is set to True for multi-output model.
2025-07-04 21:54:08 - INFO - Model wrapped with DDP. `find_unused_parameters` is set to True for multi-output model.
2025-07-04 21:54:08 - INFO - Loss function: UnifiedLoss with λ_reg=0.3, weights=[1,1]
2025-07-04 21:54:08 - INFO - Optimizer: AdamW with LR=0.0001
2025-07-04 21:54:08 - INFO - Starting training from epoch 0 to 600...
2025-07-04 21:54:28 - INFO - Epoch 1 finished. Average Training Loss: 1.1937
2025-07-04 21:54:30 - INFO - Epoch 2 finished. Average Training Loss: 1.2352
2025-07-04 21:54:32 - INFO - Epoch 3 finished. Average Training Loss: 1.1369
2025-07-04 21:54:34 - INFO - Epoch 4 finished. Average Training Loss: 1.0275
2025-07-04 21:54:36 - INFO - Epoch 5 finished. Average Training Loss: 1.0232
2025-07-04 21:54:37 - INFO - Epoch 6 finished. Average Training Loss: 0.9768
2025-07-04 21:54:39 - INFO - Epoch 7 finished. Average Training Loss: 1.0152
2025-07-04 21:54:41 - INFO - Epoch 8 finished. Average Training Loss: 0.8560
2025-07-04 21:54:45 - INFO - Epoch 9 finished. Average Training Loss: 0.7552
2025-07-04 21:54:48 - INFO - Epoch 10 finished. Average Training Loss: 0.7508
2025-07-04 21:54:52 - INFO - Epoch 11 finished. Average Training Loss: 0.8075
2025-07-04 21:54:55 - INFO - Epoch 12 finished. Average Training Loss: 0.8452
2025-07-04 21:54:59 - INFO - Epoch 13 finished. Average Training Loss: 0.7174
2025-07-04 21:55:03 - INFO - Epoch 14 finished. Average Training Loss: 0.7451
2025-07-04 21:55:06 - INFO - Epoch 15 finished. Average Training Loss: 0.6072
2025-07-04 21:55:10 - INFO - Epoch 16 finished. Average Training Loss: 0.6236
2025-07-04 21:55:13 - INFO - Epoch 17 finished. Average Training Loss: 0.6278
2025-07-04 21:55:16 - INFO - Epoch 18 finished. Average Training Loss: 0.5430
2025-07-04 21:55:19 - INFO - Epoch 19 finished. Average Training Loss: 0.5492
2025-07-04 21:55:22 - INFO - Epoch 20 finished. Average Training Loss: 0.5351
2025-07-04 21:55:23 - INFO - Saved checkpoint for epoch 20 to ./result/VNet_Multi_V3/LA_16/Pth/model_epoch_20.pth
2025-07-04 21:55:26 - INFO - Epoch 21 finished. Average Training Loss: 0.6053
2025-07-04 21:55:29 - INFO - Epoch 22 finished. Average Training Loss: 0.5413
2025-07-04 21:55:32 - INFO - Epoch 23 finished. Average Training Loss: 0.5308
2025-07-04 21:55:35 - INFO - Epoch 24 finished. Average Training Loss: 0.4519
2025-07-04 21:55:39 - INFO - Epoch 25 finished. Average Training Loss: 0.5140
2025-07-04 21:55:41 - INFO - Epoch 26 finished. Average Training Loss: 0.4630
2025-07-04 21:55:45 - INFO - Epoch 27 finished. Average Training Loss: 0.4073
2025-07-04 21:55:48 - INFO - Epoch 28 finished. Average Training Loss: 0.4913
2025-07-04 21:55:51 - INFO - Epoch 29 finished. Average Training Loss: 0.4811
2025-07-04 21:55:54 - INFO - Epoch 30 finished. Average Training Loss: 0.5452
2025-07-04 21:55:57 - INFO - Epoch 31 finished. Average Training Loss: 0.4230
2025-07-04 21:56:00 - INFO - Epoch 32 finished. Average Training Loss: 0.4790
2025-07-04 21:56:04 - INFO - Epoch 33 finished. Average Training Loss: 0.4935
2025-07-04 21:56:07 - INFO - Epoch 34 finished. Average Training Loss: 0.4165
2025-07-04 21:56:10 - INFO - Epoch 35 finished. Average Training Loss: 0.4252
2025-07-04 21:56:13 - INFO - Epoch 36 finished. Average Training Loss: 0.4937
2025-07-04 21:56:16 - INFO - Epoch 37 finished. Average Training Loss: 0.4091
2025-07-04 21:56:19 - INFO - Epoch 38 finished. Average Training Loss: 0.3588
2025-07-04 21:56:23 - INFO - Epoch 39 finished. Average Training Loss: 0.4069
2025-07-04 21:56:26 - INFO - Epoch 40 finished. Average Training Loss: 0.3826
2025-07-04 21:56:26 - INFO - Saved checkpoint for epoch 40 to ./result/VNet_Multi_V3/LA_16/Pth/model_epoch_40.pth
2025-07-04 21:56:29 - INFO - Epoch 41 finished. Average Training Loss: 0.3795
2025-07-04 21:56:32 - INFO - Epoch 42 finished. Average Training Loss: 0.3137
2025-07-04 21:56:35 - INFO - Epoch 43 finished. Average Training Loss: 0.3430
2025-07-04 21:56:39 - INFO - Epoch 44 finished. Average Training Loss: 0.4295
2025-07-04 21:56:42 - INFO - Epoch 45 finished. Average Training Loss: 0.3399
2025-07-04 21:56:45 - INFO - Epoch 46 finished. Average Training Loss: 0.3912
2025-07-04 21:56:48 - INFO - Epoch 47 finished. Average Training Loss: 0.3606
2025-07-04 21:56:51 - INFO - Epoch 48 finished. Average Training Loss: 0.3677
2025-07-04 21:56:54 - INFO - Epoch 49 finished. Average Training Loss: 0.3547
2025-07-04 21:56:58 - INFO - Epoch 50 finished. Average Training Loss: 0.3119
2025-07-04 21:57:01 - INFO - Epoch 51 finished. Average Training Loss: 0.3434
2025-07-04 21:57:04 - INFO - Epoch 52 finished. Average Training Loss: 0.3971
2025-07-04 21:57:07 - INFO - Epoch 53 finished. Average Training Loss: 0.3482
2025-07-04 21:57:10 - INFO - Epoch 54 finished. Average Training Loss: 0.3238
2025-07-04 21:57:13 - INFO - Epoch 55 finished. Average Training Loss: 0.3332
2025-07-04 21:57:16 - INFO - Epoch 56 finished. Average Training Loss: 0.3232
2025-07-04 21:57:19 - INFO - Epoch 57 finished. Average Training Loss: 0.4078
2025-07-04 21:57:23 - INFO - Epoch 58 finished. Average Training Loss: 0.4015
2025-07-04 21:57:26 - INFO - Epoch 59 finished. Average Training Loss: 0.3235
2025-07-04 21:57:29 - INFO - Epoch 60 finished. Average Training Loss: 0.3229
2025-07-04 21:57:29 - INFO - Saved checkpoint for epoch 60 to ./result/VNet_Multi_V3/LA_16/Pth/model_epoch_60.pth
2025-07-04 21:57:33 - INFO - Epoch 61 finished. Average Training Loss: 0.3354
2025-07-04 21:57:36 - INFO - Epoch 62 finished. Average Training Loss: 0.2801
2025-07-04 21:57:39 - INFO - Epoch 63 finished. Average Training Loss: 0.3051
2025-07-04 21:57:42 - INFO - Epoch 64 finished. Average Training Loss: 0.2461
2025-07-04 21:57:45 - INFO - Epoch 65 finished. Average Training Loss: 0.3617
2025-07-04 21:57:48 - INFO - Epoch 66 finished. Average Training Loss: 0.2512
2025-07-04 21:57:52 - INFO - Epoch 67 finished. Average Training Loss: 0.2328
2025-07-04 21:57:55 - INFO - Epoch 68 finished. Average Training Loss: 0.2844
2025-07-04 21:57:58 - INFO - Epoch 69 finished. Average Training Loss: 0.2786
2025-07-04 21:58:01 - INFO - Epoch 70 finished. Average Training Loss: 0.2712
2025-07-04 21:58:04 - INFO - Epoch 71 finished. Average Training Loss: 0.3380
2025-07-04 21:58:08 - INFO - Epoch 72 finished. Average Training Loss: 0.2768
2025-07-04 21:58:11 - INFO - Epoch 73 finished. Average Training Loss: 0.3063
2025-07-04 21:58:14 - INFO - Epoch 74 finished. Average Training Loss: 0.2201
2025-07-04 21:58:17 - INFO - Epoch 75 finished. Average Training Loss: 0.2629
2025-07-04 21:58:20 - INFO - Epoch 76 finished. Average Training Loss: 0.2972
2025-07-04 21:58:23 - INFO - Epoch 77 finished. Average Training Loss: 0.2255
2025-07-04 21:58:27 - INFO - Epoch 78 finished. Average Training Loss: 0.2449
2025-07-04 21:58:30 - INFO - Epoch 79 finished. Average Training Loss: 0.2105
2025-07-04 21:58:33 - INFO - Epoch 80 finished. Average Training Loss: 0.2561
2025-07-04 21:58:33 - INFO - Saved checkpoint for epoch 80 to ./result/VNet_Multi_V3/LA_16/Pth/model_epoch_80.pth
2025-07-04 21:58:36 - INFO - Epoch 81 finished. Average Training Loss: 0.2133
2025-07-04 21:58:39 - INFO - Epoch 82 finished. Average Training Loss: 0.2245
2025-07-04 21:58:43 - INFO - Epoch 83 finished. Average Training Loss: 0.2071
2025-07-04 21:58:46 - INFO - Epoch 84 finished. Average Training Loss: 0.2276
2025-07-04 21:58:49 - INFO - Epoch 85 finished. Average Training Loss: 0.2178
2025-07-04 21:58:52 - INFO - Epoch 86 finished. Average Training Loss: 0.1641
2025-07-04 21:58:56 - INFO - Epoch 87 finished. Average Training Loss: 0.2152
2025-07-04 21:58:58 - INFO - Epoch 88 finished. Average Training Loss: 0.2512
2025-07-04 21:59:02 - INFO - Epoch 89 finished. Average Training Loss: 0.1932
2025-07-04 21:59:05 - INFO - Epoch 90 finished. Average Training Loss: 0.1847
2025-07-04 21:59:08 - INFO - Epoch 91 finished. Average Training Loss: 0.1822
2025-07-04 21:59:11 - INFO - Epoch 92 finished. Average Training Loss: 0.1548
2025-07-04 21:59:14 - INFO - Epoch 93 finished. Average Training Loss: 0.1496
2025-07-04 21:59:18 - INFO - Epoch 94 finished. Average Training Loss: 0.2030
2025-07-04 21:59:21 - INFO - Epoch 95 finished. Average Training Loss: 0.1690
2025-07-04 21:59:24 - INFO - Epoch 96 finished. Average Training Loss: 0.2113
2025-07-04 21:59:27 - INFO - Epoch 97 finished. Average Training Loss: 0.1449
2025-07-04 21:59:30 - INFO - Epoch 98 finished. Average Training Loss: 0.1854
2025-07-04 21:59:33 - INFO - Epoch 99 finished. Average Training Loss: 0.1918
2025-07-04 21:59:37 - INFO - Epoch 100 finished. Average Training Loss: 0.1210
2025-07-04 21:59:37 - INFO - Saved checkpoint for epoch 100 to ./result/VNet_Multi_V3/LA_16/Pth/model_epoch_100.pth
2025-07-04 21:59:40 - INFO - Epoch 101 finished. Average Training Loss: 0.2449
2025-07-04 21:59:43 - INFO - Epoch 102 finished. Average Training Loss: 0.2333
2025-07-04 21:59:47 - INFO - Epoch 103 finished. Average Training Loss: 0.1699
2025-07-04 21:59:50 - INFO - Epoch 104 finished. Average Training Loss: 0.2000
2025-07-04 21:59:53 - INFO - Epoch 105 finished. Average Training Loss: 0.1344
2025-07-04 21:59:56 - INFO - Epoch 106 finished. Average Training Loss: 0.1753
2025-07-04 21:59:59 - INFO - Epoch 107 finished. Average Training Loss: 0.2131
2025-07-04 22:00:02 - INFO - Epoch 108 finished. Average Training Loss: 0.1331
2025-07-04 22:00:06 - INFO - Epoch 109 finished. Average Training Loss: 0.1695
2025-07-04 22:00:09 - INFO - Epoch 110 finished. Average Training Loss: 0.1370
2025-07-04 22:00:12 - INFO - Epoch 111 finished. Average Training Loss: 0.1562
2025-07-04 22:00:15 - INFO - Epoch 112 finished. Average Training Loss: 0.1664
2025-07-04 22:00:18 - INFO - Epoch 113 finished. Average Training Loss: 0.1806
2025-07-04 22:00:21 - INFO - Epoch 114 finished. Average Training Loss: 0.1660
2025-07-04 22:00:24 - INFO - Epoch 115 finished. Average Training Loss: 0.1376
2025-07-04 22:00:27 - INFO - Epoch 116 finished. Average Training Loss: 0.1343
2025-07-04 22:00:31 - INFO - Epoch 117 finished. Average Training Loss: 0.1059
2025-07-04 22:00:34 - INFO - Epoch 118 finished. Average Training Loss: 0.1166
2025-07-04 22:00:37 - INFO - Epoch 119 finished. Average Training Loss: 0.1601
2025-07-04 22:00:40 - INFO - Epoch 120 finished. Average Training Loss: 0.1506
2025-07-04 22:00:41 - INFO - Saved checkpoint for epoch 120 to ./result/VNet_Multi_V3/LA_16/Pth/model_epoch_120.pth
2025-07-04 22:00:44 - INFO - Epoch 121 finished. Average Training Loss: 0.1014
2025-07-04 22:00:47 - INFO - Epoch 122 finished. Average Training Loss: 0.1417
2025-07-04 22:00:50 - INFO - Epoch 123 finished. Average Training Loss: 0.1468
2025-07-04 22:00:53 - INFO - Epoch 124 finished. Average Training Loss: 0.1430
2025-07-04 22:00:56 - INFO - Epoch 125 finished. Average Training Loss: 0.1188
2025-07-04 22:00:59 - INFO - Epoch 126 finished. Average Training Loss: 0.1155
2025-07-04 22:01:03 - INFO - Epoch 127 finished. Average Training Loss: 0.1523
2025-07-04 22:01:06 - INFO - Epoch 128 finished. Average Training Loss: 0.1272
2025-07-04 22:01:09 - INFO - Epoch 129 finished. Average Training Loss: 0.1616
2025-07-04 22:01:12 - INFO - Epoch 130 finished. Average Training Loss: 0.0834
2025-07-04 22:01:15 - INFO - Epoch 131 finished. Average Training Loss: 0.1035
2025-07-04 22:01:18 - INFO - Epoch 132 finished. Average Training Loss: 0.1007
2025-07-04 22:01:21 - INFO - Epoch 133 finished. Average Training Loss: 0.0616
2025-07-04 22:01:25 - INFO - Epoch 134 finished. Average Training Loss: 0.1431
2025-07-04 22:01:28 - INFO - Epoch 135 finished. Average Training Loss: 0.0761
2025-07-04 22:01:31 - INFO - Epoch 136 finished. Average Training Loss: 0.0966
2025-07-04 22:01:34 - INFO - Epoch 137 finished. Average Training Loss: 0.1260
2025-07-04 22:01:37 - INFO - Epoch 138 finished. Average Training Loss: 0.0791
2025-07-04 22:01:41 - INFO - Epoch 139 finished. Average Training Loss: 0.0916
2025-07-04 22:01:44 - INFO - Epoch 140 finished. Average Training Loss: 0.1406
2025-07-04 22:01:44 - INFO - Saved checkpoint for epoch 140 to ./result/VNet_Multi_V3/LA_16/Pth/model_epoch_140.pth
2025-07-04 22:01:48 - INFO - Epoch 141 finished. Average Training Loss: 0.0887
2025-07-04 22:01:50 - INFO - Epoch 142 finished. Average Training Loss: 0.0670
2025-07-04 22:01:54 - INFO - Epoch 143 finished. Average Training Loss: 0.1141
2025-07-04 22:01:57 - INFO - Epoch 144 finished. Average Training Loss: 0.0938
2025-07-04 22:02:00 - INFO - Epoch 145 finished. Average Training Loss: 0.1458
2025-07-04 22:02:03 - INFO - Epoch 146 finished. Average Training Loss: 0.0684
2025-07-04 22:02:07 - INFO - Epoch 147 finished. Average Training Loss: 0.0330
2025-07-04 22:02:09 - INFO - Epoch 148 finished. Average Training Loss: 0.0433
2025-07-04 22:02:13 - INFO - Epoch 149 finished. Average Training Loss: 0.0920
2025-07-04 22:02:16 - INFO - Epoch 150 finished. Average Training Loss: 0.0930
2025-07-04 22:02:19 - INFO - Epoch 151 finished. Average Training Loss: 0.0618
2025-07-04 22:02:22 - INFO - Epoch 152 finished. Average Training Loss: 0.0788
2025-07-04 22:02:26 - INFO - Epoch 153 finished. Average Training Loss: 0.0485
2025-07-04 22:02:29 - INFO - Epoch 154 finished. Average Training Loss: 0.0273
2025-07-04 22:02:32 - INFO - Epoch 155 finished. Average Training Loss: 0.0431
2025-07-04 22:02:35 - INFO - Epoch 156 finished. Average Training Loss: 0.0456
2025-07-04 22:02:38 - INFO - Epoch 157 finished. Average Training Loss: 0.0167
2025-07-04 22:02:41 - INFO - Epoch 158 finished. Average Training Loss: 0.1121
2025-07-04 22:02:44 - INFO - Epoch 159 finished. Average Training Loss: 0.0537
2025-07-04 22:02:48 - INFO - Epoch 160 finished. Average Training Loss: 0.0492
2025-07-04 22:02:48 - INFO - Saved checkpoint for epoch 160 to ./result/VNet_Multi_V3/LA_16/Pth/model_epoch_160.pth
2025-07-04 22:02:51 - INFO - Epoch 161 finished. Average Training Loss: 0.0676
2025-07-04 22:02:54 - INFO - Epoch 162 finished. Average Training Loss: 0.0625
2025-07-04 22:02:58 - INFO - Epoch 163 finished. Average Training Loss: 0.0168
2025-07-04 22:03:01 - INFO - Epoch 164 finished. Average Training Loss: 0.0518
2025-07-04 22:03:04 - INFO - Epoch 165 finished. Average Training Loss: 0.0835
2025-07-04 22:03:07 - INFO - Epoch 166 finished. Average Training Loss: -0.0022
2025-07-04 22:03:10 - INFO - Epoch 167 finished. Average Training Loss: 0.0691
2025-07-04 22:03:13 - INFO - Epoch 168 finished. Average Training Loss: 0.0052
2025-07-04 22:03:17 - INFO - Epoch 169 finished. Average Training Loss: 0.0464
2025-07-04 22:03:20 - INFO - Epoch 170 finished. Average Training Loss: 0.0319
2025-07-04 22:03:23 - INFO - Epoch 171 finished. Average Training Loss: 0.0303
2025-07-04 22:03:26 - INFO - Epoch 172 finished. Average Training Loss: 0.0330
2025-07-04 22:03:29 - INFO - Epoch 173 finished. Average Training Loss: 0.0374
2025-07-04 22:03:32 - INFO - Epoch 174 finished. Average Training Loss: 0.0116
2025-07-04 22:03:36 - INFO - Epoch 175 finished. Average Training Loss: 0.1280
2025-07-04 22:03:39 - INFO - Epoch 176 finished. Average Training Loss: -0.0060
2025-07-04 22:03:42 - INFO - Epoch 177 finished. Average Training Loss: 0.0510
2025-07-04 22:03:45 - INFO - Epoch 178 finished. Average Training Loss: 0.0181
2025-07-04 22:03:48 - INFO - Epoch 179 finished. Average Training Loss: 0.0064
2025-07-04 22:03:52 - INFO - Epoch 180 finished. Average Training Loss: 0.0262
2025-07-04 22:03:52 - INFO - Saved checkpoint for epoch 180 to ./result/VNet_Multi_V3/LA_16/Pth/model_epoch_180.pth
2025-07-04 22:03:55 - INFO - Epoch 181 finished. Average Training Loss: -0.0042
2025-07-04 22:03:58 - INFO - Epoch 182 finished. Average Training Loss: 0.0156
2025-07-04 22:04:02 - INFO - Epoch 183 finished. Average Training Loss: -0.0029
2025-07-04 22:04:05 - INFO - Epoch 184 finished. Average Training Loss: -0.0407
2025-07-04 22:04:08 - INFO - Epoch 185 finished. Average Training Loss: -0.0163
2025-07-04 22:04:11 - INFO - Epoch 186 finished. Average Training Loss: -0.0550
2025-07-04 22:04:14 - INFO - Epoch 187 finished. Average Training Loss: 0.0639
2025-07-04 22:04:17 - INFO - Epoch 188 finished. Average Training Loss: -0.0327
2025-07-04 22:04:21 - INFO - Epoch 189 finished. Average Training Loss: 0.0016
2025-07-04 22:04:24 - INFO - Epoch 190 finished. Average Training Loss: -0.0734
2025-07-04 22:04:27 - INFO - Epoch 191 finished. Average Training Loss: 0.0588
2025-07-04 22:04:30 - INFO - Epoch 192 finished. Average Training Loss: -0.0215
2025-07-04 22:04:33 - INFO - Epoch 193 finished. Average Training Loss: 0.0720
2025-07-04 22:04:36 - INFO - Epoch 194 finished. Average Training Loss: -0.0083
2025-07-04 22:04:40 - INFO - Epoch 195 finished. Average Training Loss: -0.0056
2025-07-04 22:04:43 - INFO - Epoch 196 finished. Average Training Loss: 0.0185
2025-07-04 22:04:46 - INFO - Epoch 197 finished. Average Training Loss: 0.0018
2025-07-04 22:04:49 - INFO - Epoch 198 finished. Average Training Loss: -0.0080
2025-07-04 22:04:52 - INFO - Epoch 199 finished. Average Training Loss: 0.0125
2025-07-04 22:04:56 - INFO - Epoch 200 finished. Average Training Loss: 0.0024
2025-07-04 22:04:56 - INFO - Saved checkpoint for epoch 200 to ./result/VNet_Multi_V3/LA_16/Pth/model_epoch_200.pth
2025-07-04 22:04:59 - INFO - Epoch 201 finished. Average Training Loss: -0.0140
2025-07-04 22:05:02 - INFO - Epoch 202 finished. Average Training Loss: -0.0160
2025-07-04 22:05:06 - INFO - Epoch 203 finished. Average Training Loss: 0.0083
2025-07-04 22:05:09 - INFO - Epoch 204 finished. Average Training Loss: 0.0263
2025-07-04 22:05:12 - INFO - Epoch 205 finished. Average Training Loss: -0.0101
2025-07-04 22:05:15 - INFO - Epoch 206 finished. Average Training Loss: 0.0309
2025-07-04 22:05:19 - INFO - Epoch 207 finished. Average Training Loss: -0.0749
2025-07-04 22:05:21 - INFO - Epoch 208 finished. Average Training Loss: -0.0317
2025-07-04 22:05:25 - INFO - Epoch 209 finished. Average Training Loss: 0.0480
2025-07-04 22:05:28 - INFO - Epoch 210 finished. Average Training Loss: -0.0406
2025-07-04 22:05:31 - INFO - Epoch 211 finished. Average Training Loss: -0.0407
2025-07-04 22:05:35 - INFO - Epoch 212 finished. Average Training Loss: -0.0239
2025-07-04 22:05:38 - INFO - Epoch 213 finished. Average Training Loss: -0.0572
2025-07-04 22:05:41 - INFO - Epoch 214 finished. Average Training Loss: -0.0350
2025-07-04 22:05:44 - INFO - Epoch 215 finished. Average Training Loss: -0.0007
2025-07-04 22:05:47 - INFO - Epoch 216 finished. Average Training Loss: -0.0959
2025-07-04 22:05:50 - INFO - Epoch 217 finished. Average Training Loss: -0.0440
2025-07-04 22:05:54 - INFO - Epoch 218 finished. Average Training Loss: -0.0078
2025-07-04 22:05:56 - INFO - Epoch 219 finished. Average Training Loss: -0.0619
2025-07-04 22:06:00 - INFO - Epoch 220 finished. Average Training Loss: -0.0855
2025-07-04 22:06:00 - INFO - Saved checkpoint for epoch 220 to ./result/VNet_Multi_V3/LA_16/Pth/model_epoch_220.pth
2025-07-04 22:06:03 - INFO - Epoch 221 finished. Average Training Loss: -0.0310
2025-07-04 22:06:06 - INFO - Epoch 222 finished. Average Training Loss: -0.0903
2025-07-04 22:06:10 - INFO - Epoch 223 finished. Average Training Loss: -0.0543
2025-07-04 22:06:13 - INFO - Epoch 224 finished. Average Training Loss: -0.0478
2025-07-04 22:06:16 - INFO - Epoch 225 finished. Average Training Loss: -0.0696
2025-07-04 22:06:19 - INFO - Epoch 226 finished. Average Training Loss: -0.0099
2025-07-04 22:06:22 - INFO - Epoch 227 finished. Average Training Loss: -0.0581
2025-07-04 22:06:25 - INFO - Epoch 228 finished. Average Training Loss: -0.0128
2025-07-04 22:06:29 - INFO - Epoch 229 finished. Average Training Loss: -0.0005
2025-07-04 22:06:32 - INFO - Epoch 230 finished. Average Training Loss: -0.0689
2025-07-04 22:06:35 - INFO - Epoch 231 finished. Average Training Loss: -0.1101
2025-07-04 22:06:38 - INFO - Epoch 232 finished. Average Training Loss: -0.0616
2025-07-04 22:06:41 - INFO - Epoch 233 finished. Average Training Loss: -0.0864
2025-07-04 22:06:44 - INFO - Epoch 234 finished. Average Training Loss: -0.0850
2025-07-04 22:06:48 - INFO - Epoch 235 finished. Average Training Loss: -0.0479
2025-07-04 22:06:51 - INFO - Epoch 236 finished. Average Training Loss: -0.0513
2025-07-04 22:06:54 - INFO - Epoch 237 finished. Average Training Loss: -0.1260
2025-07-04 22:06:57 - INFO - Epoch 238 finished. Average Training Loss: -0.0960
2025-07-04 22:07:00 - INFO - Epoch 239 finished. Average Training Loss: -0.0932
2025-07-04 22:07:03 - INFO - Epoch 240 finished. Average Training Loss: -0.0902
2025-07-04 22:07:04 - INFO - Saved checkpoint for epoch 240 to ./result/VNet_Multi_V3/LA_16/Pth/model_epoch_240.pth
2025-07-04 22:07:07 - INFO - Epoch 241 finished. Average Training Loss: -0.0285
2025-07-04 22:07:10 - INFO - Epoch 242 finished. Average Training Loss: -0.0353
2025-07-04 22:07:13 - INFO - Epoch 243 finished. Average Training Loss: -0.0647
2025-07-04 22:07:17 - INFO - Epoch 244 finished. Average Training Loss: -0.0874
2025-07-04 22:07:20 - INFO - Epoch 245 finished. Average Training Loss: -0.0903
2025-07-04 22:07:23 - INFO - Epoch 246 finished. Average Training Loss: -0.1509
2025-07-04 22:07:26 - INFO - Epoch 247 finished. Average Training Loss: -0.0970
2025-07-04 22:07:29 - INFO - Epoch 248 finished. Average Training Loss: -0.0591
2025-07-04 22:07:33 - INFO - Epoch 249 finished. Average Training Loss: -0.0960
2025-07-04 22:07:36 - INFO - Epoch 250 finished. Average Training Loss: -0.0895
2025-07-04 22:07:39 - INFO - Epoch 251 finished. Average Training Loss: -0.1198
2025-07-04 22:07:42 - INFO - Epoch 252 finished. Average Training Loss: -0.0601
2025-07-04 22:07:45 - INFO - Epoch 253 finished. Average Training Loss: -0.0996
2025-07-04 22:07:48 - INFO - Epoch 254 finished. Average Training Loss: -0.1174
2025-07-04 22:07:52 - INFO - Epoch 255 finished. Average Training Loss: -0.0946
2025-07-04 22:07:55 - INFO - Epoch 256 finished. Average Training Loss: -0.1151
2025-07-04 22:07:58 - INFO - Epoch 257 finished. Average Training Loss: -0.1234
2025-07-04 22:08:01 - INFO - Epoch 258 finished. Average Training Loss: -0.1417
2025-07-04 22:08:04 - INFO - Epoch 259 finished. Average Training Loss: -0.1208
2025-07-04 22:08:07 - INFO - Epoch 260 finished. Average Training Loss: -0.1295
2025-07-04 22:08:08 - INFO - Saved checkpoint for epoch 260 to ./result/VNet_Multi_V3/LA_16/Pth/model_epoch_260.pth
2025-07-04 22:08:11 - INFO - Epoch 261 finished. Average Training Loss: -0.0492
2025-07-04 22:08:14 - INFO - Epoch 262 finished. Average Training Loss: -0.0686
2025-07-04 22:08:17 - INFO - Epoch 263 finished. Average Training Loss: -0.1178
2025-07-04 22:08:21 - INFO - Epoch 264 finished. Average Training Loss: -0.0831
2025-07-04 22:08:24 - INFO - Epoch 265 finished. Average Training Loss: -0.1079
2025-07-04 22:08:27 - INFO - Epoch 266 finished. Average Training Loss: -0.1227
2025-07-04 22:08:30 - INFO - Epoch 267 finished. Average Training Loss: -0.1340
2025-07-04 22:08:33 - INFO - Epoch 268 finished. Average Training Loss: -0.1017
2025-07-04 22:08:36 - INFO - Epoch 269 finished. Average Training Loss: -0.1886
2025-07-04 22:08:40 - INFO - Epoch 270 finished. Average Training Loss: -0.0722
2025-07-04 22:08:43 - INFO - Epoch 271 finished. Average Training Loss: -0.1487
2025-07-04 22:08:46 - INFO - Epoch 272 finished. Average Training Loss: -0.1191
2025-07-04 22:08:49 - INFO - Epoch 273 finished. Average Training Loss: -0.1705
2025-07-04 22:08:52 - INFO - Epoch 274 finished. Average Training Loss: -0.1059
2025-07-04 22:08:55 - INFO - Epoch 275 finished. Average Training Loss: -0.1441
2025-07-04 22:08:58 - INFO - Epoch 276 finished. Average Training Loss: -0.1466
2025-07-04 22:09:02 - INFO - Epoch 277 finished. Average Training Loss: -0.1648
2025-07-04 22:09:05 - INFO - Epoch 278 finished. Average Training Loss: -0.0682
2025-07-04 22:09:08 - INFO - Epoch 279 finished. Average Training Loss: -0.1242
2025-07-04 22:09:11 - INFO - Epoch 280 finished. Average Training Loss: -0.1554
2025-07-04 22:09:12 - INFO - Saved checkpoint for epoch 280 to ./result/VNet_Multi_V3/LA_16/Pth/model_epoch_280.pth
2025-07-04 22:09:15 - INFO - Epoch 281 finished. Average Training Loss: -0.1723
2025-07-04 22:09:18 - INFO - Epoch 282 finished. Average Training Loss: -0.1140
2025-07-04 22:09:21 - INFO - Epoch 283 finished. Average Training Loss: -0.1267
2025-07-04 22:09:24 - INFO - Epoch 284 finished. Average Training Loss: -0.1049
2025-07-04 22:09:27 - INFO - Epoch 285 finished. Average Training Loss: -0.1527
2025-07-04 22:09:31 - INFO - Epoch 286 finished. Average Training Loss: -0.1832
2025-07-04 22:09:34 - INFO - Epoch 287 finished. Average Training Loss: -0.1478
2025-07-04 22:09:37 - INFO - Epoch 288 finished. Average Training Loss: -0.1598
2025-07-04 22:09:40 - INFO - Epoch 289 finished. Average Training Loss: -0.1204
2025-07-04 22:09:43 - INFO - Epoch 290 finished. Average Training Loss: -0.0900
2025-07-04 22:09:46 - INFO - Epoch 291 finished. Average Training Loss: -0.1032
2025-07-04 22:09:50 - INFO - Epoch 292 finished. Average Training Loss: -0.1800
2025-07-04 22:09:53 - INFO - Epoch 293 finished. Average Training Loss: -0.1688
2025-07-04 22:09:56 - INFO - Epoch 294 finished. Average Training Loss: -0.1343
2025-07-04 22:09:59 - INFO - Epoch 295 finished. Average Training Loss: -0.1419
2025-07-04 22:10:02 - INFO - Epoch 296 finished. Average Training Loss: -0.1026
2025-07-04 22:10:06 - INFO - Epoch 297 finished. Average Training Loss: -0.1114
2025-07-04 22:10:09 - INFO - Epoch 298 finished. Average Training Loss: -0.1884
2025-07-04 22:10:12 - INFO - Epoch 299 finished. Average Training Loss: -0.1559
2025-07-04 22:10:15 - INFO - Epoch 300 finished. Average Training Loss: -0.1499
2025-07-04 22:10:16 - INFO - Saved checkpoint for epoch 300 to ./result/VNet_Multi_V3/LA_16/Pth/model_epoch_300.pth
2025-07-04 22:10:19 - INFO - Epoch 301 finished. Average Training Loss: -0.1789
2025-07-04 22:10:22 - INFO - Epoch 302 finished. Average Training Loss: -0.1343
2025-07-04 22:10:25 - INFO - Epoch 303 finished. Average Training Loss: -0.1435
2025-07-04 22:10:28 - INFO - Epoch 304 finished. Average Training Loss: -0.1082
2025-07-04 22:10:31 - INFO - Epoch 305 finished. Average Training Loss: -0.1423
2025-07-04 22:10:35 - INFO - Epoch 306 finished. Average Training Loss: -0.1502
2025-07-04 22:10:38 - INFO - Epoch 307 finished. Average Training Loss: -0.1347
2025-07-04 22:10:41 - INFO - Epoch 308 finished. Average Training Loss: -0.1414
2025-07-04 22:10:44 - INFO - Epoch 309 finished. Average Training Loss: -0.2168
2025-07-04 22:10:47 - INFO - Epoch 310 finished. Average Training Loss: -0.1457
2025-07-04 22:10:51 - INFO - Epoch 311 finished. Average Training Loss: -0.1629
2025-07-04 22:10:54 - INFO - Epoch 312 finished. Average Training Loss: -0.1709
2025-07-04 22:10:57 - INFO - Epoch 313 finished. Average Training Loss: -0.2413
2025-07-04 22:11:00 - INFO - Epoch 314 finished. Average Training Loss: -0.1886
2025-07-04 22:11:03 - INFO - Epoch 315 finished. Average Training Loss: -0.1669
2025-07-04 22:11:06 - INFO - Epoch 316 finished. Average Training Loss: -0.1934
2025-07-04 22:11:10 - INFO - Epoch 317 finished. Average Training Loss: -0.1562
2025-07-04 22:11:13 - INFO - Epoch 318 finished. Average Training Loss: -0.1976
2025-07-04 22:11:16 - INFO - Epoch 319 finished. Average Training Loss: -0.1979
2025-07-04 22:11:19 - INFO - Epoch 320 finished. Average Training Loss: -0.1916
2025-07-04 22:11:20 - INFO - Saved checkpoint for epoch 320 to ./result/VNet_Multi_V3/LA_16/Pth/model_epoch_320.pth
2025-07-04 22:11:23 - INFO - Epoch 321 finished. Average Training Loss: -0.2018
2025-07-04 22:11:26 - INFO - Epoch 322 finished. Average Training Loss: -0.1633
2025-07-04 22:11:29 - INFO - Epoch 323 finished. Average Training Loss: -0.1575
2025-07-04 22:11:32 - INFO - Epoch 324 finished. Average Training Loss: -0.2105
2025-07-04 22:11:35 - INFO - Epoch 325 finished. Average Training Loss: -0.2220
2025-07-04 22:11:39 - INFO - Epoch 326 finished. Average Training Loss: -0.1233
2025-07-04 22:11:42 - INFO - Epoch 327 finished. Average Training Loss: -0.1695
2025-07-04 22:11:45 - INFO - Epoch 328 finished. Average Training Loss: -0.1505
2025-07-04 22:11:48 - INFO - Epoch 329 finished. Average Training Loss: -0.2375
2025-07-04 22:11:52 - INFO - Epoch 330 finished. Average Training Loss: -0.1559
2025-07-04 22:11:54 - INFO - Epoch 331 finished. Average Training Loss: -0.1844
2025-07-04 22:11:58 - INFO - Epoch 332 finished. Average Training Loss: -0.2008
2025-07-04 22:12:01 - INFO - Epoch 333 finished. Average Training Loss: -0.2078
2025-07-04 22:12:04 - INFO - Epoch 334 finished. Average Training Loss: -0.1726
2025-07-04 22:12:07 - INFO - Epoch 335 finished. Average Training Loss: -0.1442
2025-07-04 22:12:10 - INFO - Epoch 336 finished. Average Training Loss: -0.2093
2025-07-04 22:12:13 - INFO - Epoch 337 finished. Average Training Loss: -0.1767
2025-07-04 22:12:17 - INFO - Epoch 338 finished. Average Training Loss: -0.2181
2025-07-04 22:12:20 - INFO - Epoch 339 finished. Average Training Loss: -0.1355
2025-07-04 22:12:23 - INFO - Epoch 340 finished. Average Training Loss: -0.1227
2025-07-04 22:12:23 - INFO - Saved checkpoint for epoch 340 to ./result/VNet_Multi_V3/LA_16/Pth/model_epoch_340.pth
2025-07-04 22:12:27 - INFO - Epoch 341 finished. Average Training Loss: -0.2066
2025-07-04 22:12:30 - INFO - Epoch 342 finished. Average Training Loss: -0.1707
2025-07-04 22:12:33 - INFO - Epoch 343 finished. Average Training Loss: -0.2144
2025-07-04 22:12:36 - INFO - Epoch 344 finished. Average Training Loss: -0.1831
2025-07-04 22:12:39 - INFO - Epoch 345 finished. Average Training Loss: -0.1791
2025-07-04 22:12:42 - INFO - Epoch 346 finished. Average Training Loss: -0.2389
2025-07-04 22:12:46 - INFO - Epoch 347 finished. Average Training Loss: -0.2066
2025-07-04 22:12:49 - INFO - Epoch 348 finished. Average Training Loss: -0.2257
2025-07-04 22:12:52 - INFO - Epoch 349 finished. Average Training Loss: -0.1713
2025-07-04 22:12:55 - INFO - Epoch 350 finished. Average Training Loss: -0.2035
2025-07-04 22:12:58 - INFO - Epoch 351 finished. Average Training Loss: -0.1608
2025-07-04 22:13:01 - INFO - Epoch 352 finished. Average Training Loss: -0.1832
2025-07-04 22:13:04 - INFO - Epoch 353 finished. Average Training Loss: -0.2810
2025-07-04 22:13:08 - INFO - Epoch 354 finished. Average Training Loss: -0.2727
2025-07-04 22:13:11 - INFO - Epoch 355 finished. Average Training Loss: -0.2122
2025-07-04 22:13:14 - INFO - Epoch 356 finished. Average Training Loss: -0.2368
2025-07-04 22:13:17 - INFO - Epoch 357 finished. Average Training Loss: -0.1614
2025-07-04 22:13:20 - INFO - Epoch 358 finished. Average Training Loss: -0.2304
2025-07-04 22:13:23 - INFO - Epoch 359 finished. Average Training Loss: -0.1626
2025-07-04 22:13:27 - INFO - Epoch 360 finished. Average Training Loss: -0.2800
2025-07-04 22:13:27 - INFO - Saved checkpoint for epoch 360 to ./result/VNet_Multi_V3/LA_16/Pth/model_epoch_360.pth
2025-07-04 22:13:30 - INFO - Epoch 361 finished. Average Training Loss: -0.2746
2025-07-04 22:13:33 - INFO - Epoch 362 finished. Average Training Loss: -0.2235
2025-07-04 22:13:37 - INFO - Epoch 363 finished. Average Training Loss: -0.1670
2025-07-04 22:13:40 - INFO - Epoch 364 finished. Average Training Loss: -0.2136
2025-07-04 22:13:43 - INFO - Epoch 365 finished. Average Training Loss: -0.1938
2025-07-04 22:13:46 - INFO - Epoch 366 finished. Average Training Loss: -0.1505
2025-07-04 22:13:49 - INFO - Epoch 367 finished. Average Training Loss: -0.2608
2025-07-04 22:13:52 - INFO - Epoch 368 finished. Average Training Loss: -0.2526
2025-07-04 22:13:56 - INFO - Epoch 369 finished. Average Training Loss: -0.2005
2025-07-04 22:13:59 - INFO - Epoch 370 finished. Average Training Loss: -0.2496
2025-07-04 22:14:02 - INFO - Epoch 371 finished. Average Training Loss: -0.2008
2025-07-04 22:14:05 - INFO - Epoch 372 finished. Average Training Loss: -0.2491
2025-07-04 22:14:08 - INFO - Epoch 373 finished. Average Training Loss: -0.1923
2025-07-04 22:14:11 - INFO - Epoch 374 finished. Average Training Loss: -0.2549
2025-07-04 22:14:14 - INFO - Epoch 375 finished. Average Training Loss: -0.2431
2025-07-04 22:14:18 - INFO - Epoch 376 finished. Average Training Loss: -0.2953
2025-07-04 22:14:21 - INFO - Epoch 377 finished. Average Training Loss: -0.2330
2025-07-04 22:14:24 - INFO - Epoch 378 finished. Average Training Loss: -0.2094
2025-07-04 22:14:27 - INFO - Epoch 379 finished. Average Training Loss: -0.2715
2025-07-04 22:14:30 - INFO - Epoch 380 finished. Average Training Loss: -0.2241
2025-07-04 22:14:31 - INFO - Saved checkpoint for epoch 380 to ./result/VNet_Multi_V3/LA_16/Pth/model_epoch_380.pth
2025-07-04 22:14:33 - INFO - Epoch 381 finished. Average Training Loss: -0.2468
2025-07-04 22:14:35 - INFO - Epoch 382 finished. Average Training Loss: -0.2526
2025-07-04 22:14:37 - INFO - Epoch 383 finished. Average Training Loss: -0.2652
2025-07-04 22:14:38 - INFO - Epoch 384 finished. Average Training Loss: -0.2600
2025-07-04 22:14:40 - INFO - Epoch 385 finished. Average Training Loss: -0.2525
2025-07-04 22:14:42 - INFO - Epoch 386 finished. Average Training Loss: -0.2454
2025-07-04 22:14:44 - INFO - Epoch 387 finished. Average Training Loss: -0.2124
2025-07-04 22:14:46 - INFO - Epoch 388 finished. Average Training Loss: -0.2336
2025-07-04 22:14:48 - INFO - Epoch 389 finished. Average Training Loss: -0.3137
2025-07-04 22:14:50 - INFO - Epoch 390 finished. Average Training Loss: -0.2082
2025-07-04 22:14:52 - INFO - Epoch 391 finished. Average Training Loss: -0.2137
2025-07-04 22:14:54 - INFO - Epoch 392 finished. Average Training Loss: -0.2965
2025-07-04 22:14:56 - INFO - Epoch 393 finished. Average Training Loss: -0.2890
2025-07-04 22:14:58 - INFO - Epoch 394 finished. Average Training Loss: -0.2761
2025-07-04 22:15:00 - INFO - Epoch 395 finished. Average Training Loss: -0.2580
2025-07-04 22:15:01 - INFO - Epoch 396 finished. Average Training Loss: -0.2388
2025-07-04 22:15:03 - INFO - Epoch 397 finished. Average Training Loss: -0.3305
2025-07-04 22:15:05 - INFO - Epoch 398 finished. Average Training Loss: -0.3070
2025-07-04 22:15:07 - INFO - Epoch 399 finished. Average Training Loss: -0.2482
2025-07-04 22:15:09 - INFO - Epoch 400 finished. Average Training Loss: -0.2842
2025-07-04 22:15:10 - INFO - Saved checkpoint for epoch 400 to ./result/VNet_Multi_V3/LA_16/Pth/model_epoch_400.pth
2025-07-04 22:15:11 - INFO - Epoch 401 finished. Average Training Loss: -0.2878
2025-07-04 22:15:13 - INFO - Epoch 402 finished. Average Training Loss: -0.2590
2025-07-04 22:15:15 - INFO - Epoch 403 finished. Average Training Loss: -0.2087
2025-07-04 22:15:17 - INFO - Epoch 404 finished. Average Training Loss: -0.2147
2025-07-04 22:15:19 - INFO - Epoch 405 finished. Average Training Loss: -0.3090
2025-07-04 22:15:21 - INFO - Epoch 406 finished. Average Training Loss: -0.2158
2025-07-04 22:15:23 - INFO - Epoch 407 finished. Average Training Loss: -0.2757
2025-07-04 22:15:25 - INFO - Epoch 408 finished. Average Training Loss: -0.2628
2025-07-04 22:15:27 - INFO - Epoch 409 finished. Average Training Loss: -0.3539
2025-07-04 22:15:29 - INFO - Epoch 410 finished. Average Training Loss: -0.2513
2025-07-04 22:15:30 - INFO - Epoch 411 finished. Average Training Loss: -0.3143
2025-07-04 22:15:32 - INFO - Epoch 412 finished. Average Training Loss: -0.2737
2025-07-04 22:15:34 - INFO - Epoch 413 finished. Average Training Loss: -0.2286
2025-07-04 22:15:36 - INFO - Epoch 414 finished. Average Training Loss: -0.2485
2025-07-04 22:15:38 - INFO - Epoch 415 finished. Average Training Loss: -0.2666
2025-07-04 22:15:40 - INFO - Epoch 416 finished. Average Training Loss: -0.2806
2025-07-04 22:15:42 - INFO - Epoch 417 finished. Average Training Loss: -0.2770
2025-07-04 22:15:44 - INFO - Epoch 418 finished. Average Training Loss: -0.2709
2025-07-04 22:15:46 - INFO - Epoch 419 finished. Average Training Loss: -0.3076
2025-07-04 22:15:48 - INFO - Epoch 420 finished. Average Training Loss: -0.3183
2025-07-04 22:15:48 - INFO - Saved checkpoint for epoch 420 to ./result/VNet_Multi_V3/LA_16/Pth/model_epoch_420.pth
2025-07-04 22:15:50 - INFO - Epoch 421 finished. Average Training Loss: -0.2882
2025-07-04 22:15:52 - INFO - Epoch 422 finished. Average Training Loss: -0.3124
2025-07-04 22:15:54 - INFO - Epoch 423 finished. Average Training Loss: -0.3390
2025-07-04 22:15:56 - INFO - Epoch 424 finished. Average Training Loss: -0.3255
2025-07-04 22:15:58 - INFO - Epoch 425 finished. Average Training Loss: -0.3055
2025-07-04 22:15:59 - INFO - Epoch 426 finished. Average Training Loss: -0.3327
2025-07-04 22:16:01 - INFO - Epoch 427 finished. Average Training Loss: -0.2903
2025-07-04 22:16:03 - INFO - Epoch 428 finished. Average Training Loss: -0.3364
2025-07-04 22:16:05 - INFO - Epoch 429 finished. Average Training Loss: -0.2976
2025-07-04 22:16:07 - INFO - Epoch 430 finished. Average Training Loss: -0.3240
2025-07-04 22:16:09 - INFO - Epoch 431 finished. Average Training Loss: -0.3179
2025-07-04 22:16:11 - INFO - Epoch 432 finished. Average Training Loss: -0.2944
2025-07-04 22:16:13 - INFO - Epoch 433 finished. Average Training Loss: -0.3437
2025-07-04 22:16:15 - INFO - Epoch 434 finished. Average Training Loss: -0.3130
2025-07-04 22:16:17 - INFO - Epoch 435 finished. Average Training Loss: -0.3066
2025-07-04 22:16:18 - INFO - Epoch 436 finished. Average Training Loss: -0.2701
2025-07-04 22:16:20 - INFO - Epoch 437 finished. Average Training Loss: -0.3503
2025-07-04 22:16:22 - INFO - Epoch 438 finished. Average Training Loss: -0.3499
2025-07-04 22:16:24 - INFO - Epoch 439 finished. Average Training Loss: -0.3746
2025-07-04 22:16:26 - INFO - Epoch 440 finished. Average Training Loss: -0.3776
2025-07-04 22:16:26 - INFO - Saved checkpoint for epoch 440 to ./result/VNet_Multi_V3/LA_16/Pth/model_epoch_440.pth
2025-07-04 22:16:28 - INFO - Epoch 441 finished. Average Training Loss: -0.3858
2025-07-04 22:16:30 - INFO - Epoch 442 finished. Average Training Loss: -0.3258
2025-07-04 22:16:32 - INFO - Epoch 443 finished. Average Training Loss: -0.3162
2025-07-04 22:16:34 - INFO - Epoch 444 finished. Average Training Loss: -0.3710
2025-07-04 22:16:36 - INFO - Epoch 445 finished. Average Training Loss: -0.2817
2025-07-04 22:16:38 - INFO - Epoch 446 finished. Average Training Loss: -0.3748
2025-07-04 22:16:40 - INFO - Epoch 447 finished. Average Training Loss: -0.2766
2025-07-04 22:16:42 - INFO - Epoch 448 finished. Average Training Loss: -0.3010
2025-07-04 22:16:44 - INFO - Epoch 449 finished. Average Training Loss: -0.3385
2025-07-04 22:16:45 - INFO - Epoch 450 finished. Average Training Loss: -0.3413
2025-07-04 22:16:47 - INFO - Epoch 451 finished. Average Training Loss: -0.2752
2025-07-04 22:16:49 - INFO - Epoch 452 finished. Average Training Loss: -0.3135
2025-07-04 22:16:51 - INFO - Epoch 453 finished. Average Training Loss: -0.3331
2025-07-04 22:16:53 - INFO - Epoch 454 finished. Average Training Loss: -0.2551
2025-07-04 22:16:55 - INFO - Epoch 455 finished. Average Training Loss: -0.3343
2025-07-04 22:16:57 - INFO - Epoch 456 finished. Average Training Loss: -0.3885
2025-07-04 22:16:59 - INFO - Epoch 457 finished. Average Training Loss: -0.3507
2025-07-04 22:17:01 - INFO - Epoch 458 finished. Average Training Loss: -0.3623
2025-07-04 22:17:03 - INFO - Epoch 459 finished. Average Training Loss: -0.2959
2025-07-04 22:17:04 - INFO - Epoch 460 finished. Average Training Loss: -0.3425
2025-07-04 22:17:05 - INFO - Saved checkpoint for epoch 460 to ./result/VNet_Multi_V3/LA_16/Pth/model_epoch_460.pth
2025-07-04 22:17:07 - INFO - Epoch 461 finished. Average Training Loss: -0.3694
2025-07-04 22:17:09 - INFO - Epoch 462 finished. Average Training Loss: -0.3217
2025-07-04 22:17:11 - INFO - Epoch 463 finished. Average Training Loss: -0.4141
2025-07-04 22:17:12 - INFO - Epoch 464 finished. Average Training Loss: -0.3899
2025-07-04 22:17:14 - INFO - Epoch 465 finished. Average Training Loss: -0.3104
2025-07-04 22:17:16 - INFO - Epoch 466 finished. Average Training Loss: -0.3555
2025-07-04 22:17:18 - INFO - Epoch 467 finished. Average Training Loss: -0.3313
2025-07-04 22:17:20 - INFO - Epoch 468 finished. Average Training Loss: -0.4133
2025-07-04 22:17:22 - INFO - Epoch 469 finished. Average Training Loss: -0.3192
2025-07-04 22:17:24 - INFO - Epoch 470 finished. Average Training Loss: -0.4583
2025-07-04 22:17:26 - INFO - Epoch 471 finished. Average Training Loss: -0.3656
2025-07-04 22:17:28 - INFO - Epoch 472 finished. Average Training Loss: -0.3212
2025-07-04 22:17:30 - INFO - Epoch 473 finished. Average Training Loss: -0.3822
2025-07-04 22:17:32 - INFO - Epoch 474 finished. Average Training Loss: -0.3584
2025-07-04 22:17:33 - INFO - Epoch 475 finished. Average Training Loss: -0.3289
2025-07-04 22:17:35 - INFO - Epoch 476 finished. Average Training Loss: -0.3724
2025-07-04 22:17:37 - INFO - Epoch 477 finished. Average Training Loss: -0.2886
2025-07-04 22:17:39 - INFO - Epoch 478 finished. Average Training Loss: -0.4404
2025-07-04 22:17:41 - INFO - Epoch 479 finished. Average Training Loss: -0.3162
2025-07-04 22:17:43 - INFO - Epoch 480 finished. Average Training Loss: -0.2801
2025-07-04 22:17:43 - INFO - Saved checkpoint for epoch 480 to ./result/VNet_Multi_V3/LA_16/Pth/model_epoch_480.pth
2025-07-04 22:17:45 - INFO - Epoch 481 finished. Average Training Loss: -0.3234
2025-07-04 22:17:47 - INFO - Epoch 482 finished. Average Training Loss: -0.3810
2025-07-04 22:17:49 - INFO - Epoch 483 finished. Average Training Loss: -0.3049
2025-07-04 22:17:51 - INFO - Epoch 484 finished. Average Training Loss: -0.3424
2025-07-04 22:17:53 - INFO - Epoch 485 finished. Average Training Loss: -0.4069
2025-07-04 22:17:55 - INFO - Epoch 486 finished. Average Training Loss: -0.3725
2025-07-04 22:17:57 - INFO - Epoch 487 finished. Average Training Loss: -0.3054
2025-07-04 22:17:59 - INFO - Epoch 488 finished. Average Training Loss: -0.3601
2025-07-04 22:18:00 - INFO - Epoch 489 finished. Average Training Loss: -0.3055
2025-07-04 22:18:02 - INFO - Epoch 490 finished. Average Training Loss: -0.3455
2025-07-04 22:18:04 - INFO - Epoch 491 finished. Average Training Loss: -0.3227
2025-07-04 22:18:06 - INFO - Epoch 492 finished. Average Training Loss: -0.3705
2025-07-04 22:18:08 - INFO - Epoch 493 finished. Average Training Loss: -0.3354
2025-07-04 22:18:10 - INFO - Epoch 494 finished. Average Training Loss: -0.4043
2025-07-04 22:18:12 - INFO - Epoch 495 finished. Average Training Loss: -0.3986
2025-07-04 22:18:14 - INFO - Epoch 496 finished. Average Training Loss: -0.3714
2025-07-04 22:18:16 - INFO - Epoch 497 finished. Average Training Loss: -0.4390
2025-07-04 22:18:18 - INFO - Epoch 498 finished. Average Training Loss: -0.4273
2025-07-04 22:18:19 - INFO - Epoch 499 finished. Average Training Loss: -0.3494
2025-07-04 22:18:21 - INFO - Epoch 500 finished. Average Training Loss: -0.2802
2025-07-04 22:18:22 - INFO - Saved checkpoint for epoch 500 to ./result/VNet_Multi_V3/LA_16/Pth/model_epoch_500.pth
2025-07-04 22:18:24 - INFO - Epoch 501 finished. Average Training Loss: -0.3359
2025-07-04 22:18:26 - INFO - Epoch 502 finished. Average Training Loss: -0.3052
2025-07-04 22:18:27 - INFO - Epoch 503 finished. Average Training Loss: -0.3279
2025-07-04 22:18:29 - INFO - Epoch 504 finished. Average Training Loss: -0.4137
2025-07-04 22:18:31 - INFO - Epoch 505 finished. Average Training Loss: -0.4424
2025-07-04 22:18:33 - INFO - Epoch 506 finished. Average Training Loss: -0.4230
2025-07-04 22:18:35 - INFO - Epoch 507 finished. Average Training Loss: -0.3698
2025-07-04 22:18:37 - INFO - Epoch 508 finished. Average Training Loss: -0.3918
2025-07-04 22:18:39 - INFO - Epoch 509 finished. Average Training Loss: -0.4348
2025-07-04 22:18:41 - INFO - Epoch 510 finished. Average Training Loss: -0.3887
2025-07-04 22:18:43 - INFO - Epoch 511 finished. Average Training Loss: -0.3875
2025-07-04 22:18:45 - INFO - Epoch 512 finished. Average Training Loss: -0.3356
2025-07-04 22:18:46 - INFO - Epoch 513 finished. Average Training Loss: -0.3591
2025-07-04 22:18:48 - INFO - Epoch 514 finished. Average Training Loss: -0.3781
2025-07-04 22:18:50 - INFO - Epoch 515 finished. Average Training Loss: -0.4232
2025-07-04 22:18:52 - INFO - Epoch 516 finished. Average Training Loss: -0.3423
2025-07-04 22:18:54 - INFO - Epoch 517 finished. Average Training Loss: -0.3866
2025-07-04 22:18:56 - INFO - Epoch 518 finished. Average Training Loss: -0.3512
2025-07-04 22:18:58 - INFO - Epoch 519 finished. Average Training Loss: -0.3979
2025-07-04 22:19:00 - INFO - Epoch 520 finished. Average Training Loss: -0.4549
2025-07-04 22:19:00 - INFO - Saved checkpoint for epoch 520 to ./result/VNet_Multi_V3/LA_16/Pth/model_epoch_520.pth
2025-07-04 22:19:02 - INFO - Epoch 521 finished. Average Training Loss: -0.3343
2025-07-04 22:19:04 - INFO - Epoch 522 finished. Average Training Loss: -0.4297
2025-07-04 22:19:06 - INFO - Epoch 523 finished. Average Training Loss: -0.3764
2025-07-04 22:19:08 - INFO - Epoch 524 finished. Average Training Loss: -0.4486
2025-07-04 22:19:10 - INFO - Epoch 525 finished. Average Training Loss: -0.2983
2025-07-04 22:19:12 - INFO - Epoch 526 finished. Average Training Loss: -0.2420
2025-07-04 22:19:14 - INFO - Epoch 527 finished. Average Training Loss: -0.4013
2025-07-04 22:19:15 - INFO - Epoch 528 finished. Average Training Loss: -0.3834
2025-07-04 22:19:17 - INFO - Epoch 529 finished. Average Training Loss: -0.3872
2025-07-04 22:19:19 - INFO - Epoch 530 finished. Average Training Loss: -0.4166
2025-07-04 22:19:21 - INFO - Epoch 531 finished. Average Training Loss: -0.3991
2025-07-04 22:19:23 - INFO - Epoch 532 finished. Average Training Loss: -0.4056
2025-07-04 22:19:25 - INFO - Epoch 533 finished. Average Training Loss: -0.2938
2025-07-04 22:19:27 - INFO - Epoch 534 finished. Average Training Loss: -0.4178
2025-07-04 22:19:29 - INFO - Epoch 535 finished. Average Training Loss: -0.4714
2025-07-04 22:19:31 - INFO - Epoch 536 finished. Average Training Loss: -0.4050
2025-07-04 22:19:33 - INFO - Epoch 537 finished. Average Training Loss: -0.4227
2025-07-04 22:19:34 - INFO - Epoch 538 finished. Average Training Loss: -0.5374
2025-07-04 22:19:36 - INFO - Epoch 539 finished. Average Training Loss: -0.2392
2025-07-04 22:19:38 - INFO - Epoch 540 finished. Average Training Loss: -0.3689
2025-07-04 22:19:39 - INFO - Saved checkpoint for epoch 540 to ./result/VNet_Multi_V3/LA_16/Pth/model_epoch_540.pth
2025-07-04 22:19:41 - INFO - Epoch 541 finished. Average Training Loss: -0.3844
2025-07-04 22:19:43 - INFO - Epoch 542 finished. Average Training Loss: -0.3602
2025-07-04 22:19:44 - INFO - Epoch 543 finished. Average Training Loss: -0.4357
2025-07-04 22:19:46 - INFO - Epoch 544 finished. Average Training Loss: -0.3698
2025-07-04 22:19:48 - INFO - Epoch 545 finished. Average Training Loss: -0.4084
2025-07-04 22:19:50 - INFO - Epoch 546 finished. Average Training Loss: -0.3740
2025-07-04 22:19:52 - INFO - Epoch 547 finished. Average Training Loss: -0.4256
2025-07-04 22:19:54 - INFO - Epoch 548 finished. Average Training Loss: -0.3972
2025-07-04 22:19:56 - INFO - Epoch 549 finished. Average Training Loss: -0.5044
2025-07-04 22:19:58 - INFO - Epoch 550 finished. Average Training Loss: -0.4647
2025-07-04 22:20:00 - INFO - Epoch 551 finished. Average Training Loss: -0.5023
2025-07-04 22:20:02 - INFO - Epoch 552 finished. Average Training Loss: -0.4538
2025-07-04 22:20:03 - INFO - Epoch 553 finished. Average Training Loss: -0.4754
2025-07-04 22:20:05 - INFO - Epoch 554 finished. Average Training Loss: -0.3815
2025-07-04 22:20:07 - INFO - Epoch 555 finished. Average Training Loss: -0.4322
2025-07-04 22:20:09 - INFO - Epoch 556 finished. Average Training Loss: -0.4538
2025-07-04 22:20:11 - INFO - Epoch 557 finished. Average Training Loss: -0.4281
2025-07-04 22:20:13 - INFO - Epoch 558 finished. Average Training Loss: -0.4300
2025-07-04 22:20:15 - INFO - Epoch 559 finished. Average Training Loss: -0.3776
2025-07-04 22:20:17 - INFO - Epoch 560 finished. Average Training Loss: -0.4646
2025-07-04 22:20:17 - INFO - Saved checkpoint for epoch 560 to ./result/VNet_Multi_V3/LA_16/Pth/model_epoch_560.pth
2025-07-04 22:20:19 - INFO - Epoch 561 finished. Average Training Loss: -0.4543
2025-07-04 22:20:21 - INFO - Epoch 562 finished. Average Training Loss: -0.3455
2025-07-04 22:20:23 - INFO - Epoch 563 finished. Average Training Loss: -0.3309
2025-07-04 22:20:25 - INFO - Epoch 564 finished. Average Training Loss: -0.4302
2025-07-04 22:20:27 - INFO - Epoch 565 finished. Average Training Loss: -0.3769
2025-07-04 22:20:29 - INFO - Epoch 566 finished. Average Training Loss: -0.3871
2025-07-04 22:20:31 - INFO - Epoch 567 finished. Average Training Loss: -0.3910
2025-07-04 22:20:32 - INFO - Epoch 568 finished. Average Training Loss: -0.3984
2025-07-04 22:20:34 - INFO - Epoch 569 finished. Average Training Loss: -0.5124
2025-07-04 22:20:36 - INFO - Epoch 570 finished. Average Training Loss: -0.4750
2025-07-04 22:20:38 - INFO - Epoch 571 finished. Average Training Loss: -0.4298
2025-07-04 22:20:40 - INFO - Epoch 572 finished. Average Training Loss: -0.3488
2025-07-04 22:20:42 - INFO - Epoch 573 finished. Average Training Loss: -0.3914
2025-07-04 22:20:44 - INFO - Epoch 574 finished. Average Training Loss: -0.4448
2025-07-04 22:20:46 - INFO - Epoch 575 finished. Average Training Loss: -0.3872
2025-07-04 22:20:48 - INFO - Epoch 576 finished. Average Training Loss: -0.5222
2025-07-04 22:20:50 - INFO - Epoch 577 finished. Average Training Loss: -0.3156
2025-07-04 22:20:51 - INFO - Epoch 578 finished. Average Training Loss: -0.4706
2025-07-04 22:20:53 - INFO - Epoch 579 finished. Average Training Loss: -0.4419
2025-07-04 22:20:55 - INFO - Epoch 580 finished. Average Training Loss: -0.3475
2025-07-04 22:20:56 - INFO - Saved checkpoint for epoch 580 to ./result/VNet_Multi_V3/LA_16/Pth/model_epoch_580.pth
2025-07-04 22:20:58 - INFO - Epoch 581 finished. Average Training Loss: -0.5223
2025-07-04 22:21:00 - INFO - Epoch 582 finished. Average Training Loss: -0.5198
2025-07-04 22:21:01 - INFO - Epoch 583 finished. Average Training Loss: -0.3935
2025-07-04 22:21:03 - INFO - Epoch 584 finished. Average Training Loss: -0.4380
2025-07-04 22:21:05 - INFO - Epoch 585 finished. Average Training Loss: -0.4334
2025-07-04 22:21:07 - INFO - Epoch 586 finished. Average Training Loss: -0.4857
2025-07-04 22:21:09 - INFO - Epoch 587 finished. Average Training Loss: -0.4724
2025-07-04 22:21:11 - INFO - Epoch 588 finished. Average Training Loss: -0.4171
2025-07-04 22:21:13 - INFO - Epoch 589 finished. Average Training Loss: -0.4730
2025-07-04 22:21:15 - INFO - Epoch 590 finished. Average Training Loss: -0.5255
2025-07-04 22:21:17 - INFO - Epoch 591 finished. Average Training Loss: -0.4459
2025-07-04 22:21:19 - INFO - Epoch 592 finished. Average Training Loss: -0.4919
2025-07-04 22:21:20 - INFO - Epoch 593 finished. Average Training Loss: -0.4542
2025-07-04 22:21:22 - INFO - Epoch 594 finished. Average Training Loss: -0.4389
2025-07-04 22:21:24 - INFO - Epoch 595 finished. Average Training Loss: -0.4709
2025-07-04 22:21:26 - INFO - Epoch 596 finished. Average Training Loss: -0.4440
2025-07-04 22:21:28 - INFO - Epoch 597 finished. Average Training Loss: -0.4368
2025-07-04 22:21:30 - INFO - Epoch 598 finished. Average Training Loss: -0.5035
2025-07-04 22:21:32 - INFO - Epoch 599 finished. Average Training Loss: -0.3659
2025-07-04 22:21:34 - INFO - Epoch 600 finished. Average Training Loss: -0.3262
2025-07-04 22:21:34 - INFO - Saved checkpoint for epoch 600 to ./result/VNet_Multi_V3/LA_16/Pth/model_epoch_600.pth
2025-07-04 22:21:34 - INFO - Training complete!
