2025-07-14 15:31:20 - INFO - Logging is set up.
2025-07-14 15:31:20 - INFO - Logging is set up.
2025-07-14 15:31:20 - INFO - 
======================================== New Training Session Started ========================================
2025-07-14 15:31:20 - INFO - 
======================================== New Training Session Started ========================================
2025-07-14 15:31:20 - INFO - Initialized distributed training on GPU 0. World size: 2
2025-07-14 15:31:20 - INFO - Training configuration:
{
  "seed": 42,
  "epochs": 600,
  "batch_size": 3,
  "learning_rate": 0.0001,
  "log_path": "./result/VNet_Multi_V5/Amos_102/Training.log",
  "pth_path": "./result/VNet_Multi_V5/Amos_102/Pth",
  "tensorboard_path": "./result/VNet_Multi_V5/Amos_102/Train",
  "continue_train": false,
  "multi_gpu": true,
  "training_num": 102,
  "dataset_path": "./datasets/AMOS",
  "num_classes": 16,
  "patch_size": [
    160,
    160,
    80
  ]
}
2025-07-14 15:31:20 - INFO - Creating new TensorBoard log directory: ./result/VNet_Multi_V5/Amos_102/Train/20250714-153120
2025-07-14 15:31:20 - INFO - Initializing AMOS dataset...
2025-07-14 15:31:20 - INFO - Initialized distributed training on GPU 1. World size: 2
2025-07-14 15:31:20 - INFO - Training configuration:
{
  "seed": 42,
  "epochs": 600,
  "batch_size": 3,
  "learning_rate": 0.0001,
  "log_path": "./result/VNet_Multi_V5/Amos_102/Training.log",
  "pth_path": "./result/VNet_Multi_V5/Amos_102/Pth",
  "tensorboard_path": "./result/VNet_Multi_V5/Amos_102/Train",
  "continue_train": false,
  "multi_gpu": true,
  "training_num": 102,
  "dataset_path": "./datasets/AMOS",
  "num_classes": 16,
  "patch_size": [
    160,
    160,
    80
  ]
}
2025-07-14 15:31:20 - INFO - Initializing AMOS dataset...
2025-07-14 15:31:20 - INFO - Successfully loaded 102 training samples.
2025-07-14 15:31:20 - INFO - DataLoader created with batch size: 3, num_workers: 24, shuffle: False.
2025-07-14 15:31:20 - INFO - Initializing VNet model...
2025-07-14 15:31:21 - INFO - Successfully loaded 102 training samples.
2025-07-14 15:31:21 - INFO - DataLoader created with batch size: 3, num_workers: 24, shuffle: False.
2025-07-14 15:31:21 - INFO - Initializing VNet model...
2025-07-14 15:31:21 - INFO - Model VNet created with 16 classes and batch normalization.
2025-07-14 15:31:21 - INFO - Starting training from scratch.
2025-07-14 15:31:21 - INFO - Model VNet created with 16 classes and batch normalization.
2025-07-14 15:31:21 - INFO - Starting training from scratch.
2025-07-14 15:31:21 - INFO - Wrapped model with DistributedDataParallel (DDP).
2025-07-14 15:31:21 - INFO - Using loss function: UnifiedLoss with parameters: num_classes=16, lambda_reg=0.3, loss_weight=[1,1]
2025-07-14 15:31:21 - INFO - Optimizer: AdamW with learning rate: 0.0001, weight_decay: 0.01
2025-07-14 15:31:21 - INFO - Starting model training from epoch 1 to 600...
2025-07-14 15:31:21 - INFO - Wrapped model with DistributedDataParallel (DDP).
2025-07-14 15:31:21 - INFO - Using loss function: UnifiedLoss with parameters: num_classes=16, lambda_reg=0.3, loss_weight=[1,1]
2025-07-14 15:31:21 - INFO - Optimizer: AdamW with learning rate: 0.0001, weight_decay: 0.01
2025-07-14 15:31:21 - INFO - Starting model training from epoch 1 to 600...
2025-07-14 15:31:51 - INFO - Epoch 1/600 finished. Average Training Loss: 4.6080
2025-07-14 15:32:20 - INFO - Epoch 2/600 finished. Average Training Loss: 4.3752
2025-07-14 15:32:49 - INFO - Epoch 3/600 finished. Average Training Loss: 4.2376
2025-07-14 15:33:18 - INFO - Epoch 4/600 finished. Average Training Loss: 4.2121
2025-07-14 15:33:48 - INFO - Epoch 5/600 finished. Average Training Loss: 4.1034
2025-07-14 15:34:16 - INFO - Epoch 6/600 finished. Average Training Loss: 4.0061
2025-07-14 15:34:45 - INFO - Epoch 7/600 finished. Average Training Loss: 3.9145
2025-07-14 15:35:14 - INFO - Epoch 8/600 finished. Average Training Loss: 3.9059
2025-07-14 15:35:43 - INFO - Epoch 9/600 finished. Average Training Loss: 3.8161
2025-07-14 15:36:12 - INFO - Epoch 10/600 finished. Average Training Loss: 3.7332
2025-07-14 15:36:40 - INFO - Epoch 11/600 finished. Average Training Loss: 3.6969
2025-07-14 15:37:09 - INFO - Epoch 12/600 finished. Average Training Loss: 3.7239
2025-07-14 15:37:37 - INFO - Epoch 13/600 finished. Average Training Loss: 3.5727
2025-07-14 15:38:07 - INFO - Epoch 14/600 finished. Average Training Loss: 3.6275
2025-07-14 15:38:36 - INFO - Epoch 15/600 finished. Average Training Loss: 3.5949
2025-07-14 15:39:05 - INFO - Epoch 16/600 finished. Average Training Loss: 3.4832
2025-07-14 15:39:35 - INFO - Epoch 17/600 finished. Average Training Loss: 3.4743
2025-07-14 15:40:03 - INFO - Epoch 18/600 finished. Average Training Loss: 3.4116
2025-07-14 15:40:32 - INFO - Epoch 19/600 finished. Average Training Loss: 3.4132
2025-07-14 15:41:01 - INFO - Epoch 20/600 finished. Average Training Loss: 3.3730
2025-07-14 15:41:01 - INFO - Saved checkpoint for epoch 20 to ./result/VNet_Multi_V5/Amos_102/Pth/model_epoch_20_checkpoint.pth
2025-07-14 15:41:30 - INFO - Epoch 21/600 finished. Average Training Loss: 3.3909
2025-07-14 15:41:59 - INFO - Epoch 22/600 finished. Average Training Loss: 3.3268
2025-07-14 15:42:28 - INFO - Epoch 23/600 finished. Average Training Loss: 3.2492
2025-07-14 15:42:57 - INFO - Epoch 24/600 finished. Average Training Loss: 3.2220
2025-07-14 15:43:26 - INFO - Epoch 25/600 finished. Average Training Loss: 3.3184
2025-07-14 15:43:55 - INFO - Epoch 26/600 finished. Average Training Loss: 3.2890
2025-07-14 15:44:24 - INFO - Epoch 27/600 finished. Average Training Loss: 3.2191
2025-07-14 15:44:53 - INFO - Epoch 28/600 finished. Average Training Loss: 3.1713
2025-07-14 15:45:22 - INFO - Epoch 29/600 finished. Average Training Loss: 3.1420
2025-07-14 15:45:52 - INFO - Epoch 30/600 finished. Average Training Loss: 3.1088
2025-07-14 15:46:21 - INFO - Epoch 31/600 finished. Average Training Loss: 3.1189
2025-07-14 15:46:50 - INFO - Epoch 32/600 finished. Average Training Loss: 3.0081
2025-07-14 15:47:19 - INFO - Epoch 33/600 finished. Average Training Loss: 3.0515
2025-07-14 15:47:49 - INFO - Epoch 34/600 finished. Average Training Loss: 2.9718
2025-07-14 15:48:18 - INFO - Epoch 35/600 finished. Average Training Loss: 2.9631
2025-07-14 15:48:47 - INFO - Epoch 36/600 finished. Average Training Loss: 2.9289
2025-07-14 15:49:16 - INFO - Epoch 37/600 finished. Average Training Loss: 2.8184
2025-07-14 15:49:45 - INFO - Epoch 38/600 finished. Average Training Loss: 2.8207
2025-07-14 15:50:15 - INFO - Epoch 39/600 finished. Average Training Loss: 2.8402
2025-07-14 15:50:45 - INFO - Epoch 40/600 finished. Average Training Loss: 2.8254
2025-07-14 15:50:45 - INFO - Saved checkpoint for epoch 40 to ./result/VNet_Multi_V5/Amos_102/Pth/model_epoch_40_checkpoint.pth
2025-07-14 15:51:14 - INFO - Epoch 41/600 finished. Average Training Loss: 2.8686
2025-07-14 15:51:43 - INFO - Epoch 42/600 finished. Average Training Loss: 2.8215
2025-07-14 15:52:11 - INFO - Epoch 43/600 finished. Average Training Loss: 2.7985
2025-07-14 15:52:40 - INFO - Epoch 44/600 finished. Average Training Loss: 2.6410
2025-07-14 15:53:10 - INFO - Epoch 45/600 finished. Average Training Loss: 2.5705
2025-07-14 15:53:39 - INFO - Epoch 46/600 finished. Average Training Loss: 2.7410
2025-07-14 15:54:08 - INFO - Epoch 47/600 finished. Average Training Loss: 2.5672
2025-07-14 15:54:38 - INFO - Epoch 48/600 finished. Average Training Loss: 2.7132
2025-07-14 15:55:08 - INFO - Epoch 49/600 finished. Average Training Loss: 2.6755
2025-07-14 15:55:37 - INFO - Epoch 50/600 finished. Average Training Loss: 2.5564
2025-07-14 15:56:06 - INFO - Epoch 51/600 finished. Average Training Loss: 2.4453
2025-07-14 15:56:36 - INFO - Epoch 52/600 finished. Average Training Loss: 2.5204
2025-07-14 15:57:05 - INFO - Epoch 53/600 finished. Average Training Loss: 2.5122
2025-07-14 15:57:33 - INFO - Epoch 54/600 finished. Average Training Loss: 2.5293
2025-07-14 15:58:03 - INFO - Epoch 55/600 finished. Average Training Loss: 2.5396
2025-07-14 15:58:32 - INFO - Epoch 56/600 finished. Average Training Loss: 2.5172
2025-07-14 15:59:01 - INFO - Epoch 57/600 finished. Average Training Loss: 2.5229
2025-07-14 15:59:31 - INFO - Epoch 58/600 finished. Average Training Loss: 2.3649
2025-07-14 16:00:01 - INFO - Epoch 59/600 finished. Average Training Loss: 2.3832
2025-07-14 16:00:30 - INFO - Epoch 60/600 finished. Average Training Loss: 2.4477
2025-07-14 16:00:30 - INFO - Saved checkpoint for epoch 60 to ./result/VNet_Multi_V5/Amos_102/Pth/model_epoch_60_checkpoint.pth
2025-07-14 16:00:59 - INFO - Epoch 61/600 finished. Average Training Loss: 2.3676
2025-07-14 16:01:28 - INFO - Epoch 62/600 finished. Average Training Loss: 2.3677
2025-07-14 16:01:58 - INFO - Epoch 63/600 finished. Average Training Loss: 2.1735
2025-07-14 16:02:27 - INFO - Epoch 64/600 finished. Average Training Loss: 2.2694
2025-07-14 16:02:56 - INFO - Epoch 65/600 finished. Average Training Loss: 2.1487
2025-07-14 16:03:25 - INFO - Epoch 66/600 finished. Average Training Loss: 2.2445
2025-07-14 16:03:54 - INFO - Epoch 67/600 finished. Average Training Loss: 2.2148
2025-07-14 16:04:24 - INFO - Epoch 68/600 finished. Average Training Loss: 2.1821
2025-07-14 16:04:53 - INFO - Epoch 69/600 finished. Average Training Loss: 2.1757
2025-07-14 16:05:22 - INFO - Epoch 70/600 finished. Average Training Loss: 2.0775
2025-07-14 16:05:51 - INFO - Epoch 71/600 finished. Average Training Loss: 2.0727
2025-07-14 16:06:20 - INFO - Epoch 72/600 finished. Average Training Loss: 2.0555
2025-07-14 16:06:49 - INFO - Epoch 73/600 finished. Average Training Loss: 2.1107
2025-07-14 16:07:18 - INFO - Epoch 74/600 finished. Average Training Loss: 1.9836
2025-07-14 16:07:46 - INFO - Epoch 75/600 finished. Average Training Loss: 2.1183
2025-07-14 16:08:15 - INFO - Epoch 76/600 finished. Average Training Loss: 1.9486
2025-07-14 16:08:44 - INFO - Epoch 77/600 finished. Average Training Loss: 1.8656
2025-07-14 16:09:12 - INFO - Epoch 78/600 finished. Average Training Loss: 1.9611
2025-07-14 16:09:41 - INFO - Epoch 79/600 finished. Average Training Loss: 1.9843
2025-07-14 16:10:10 - INFO - Epoch 80/600 finished. Average Training Loss: 1.9822
2025-07-14 16:10:10 - INFO - Saved checkpoint for epoch 80 to ./result/VNet_Multi_V5/Amos_102/Pth/model_epoch_80_checkpoint.pth
2025-07-14 16:10:38 - INFO - Epoch 81/600 finished. Average Training Loss: 1.9505
2025-07-14 16:11:06 - INFO - Epoch 82/600 finished. Average Training Loss: 1.8718
2025-07-14 16:11:35 - INFO - Epoch 83/600 finished. Average Training Loss: 1.7282
2025-07-14 16:12:05 - INFO - Epoch 84/600 finished. Average Training Loss: 1.7694
2025-07-14 16:12:34 - INFO - Epoch 85/600 finished. Average Training Loss: 1.7045
2025-07-14 16:13:03 - INFO - Epoch 86/600 finished. Average Training Loss: 1.7438
2025-07-14 16:13:33 - INFO - Epoch 87/600 finished. Average Training Loss: 1.7105
2025-07-14 16:14:02 - INFO - Epoch 88/600 finished. Average Training Loss: 1.8565
2025-07-14 16:14:31 - INFO - Epoch 89/600 finished. Average Training Loss: 1.7340
2025-07-14 16:15:01 - INFO - Epoch 90/600 finished. Average Training Loss: 1.7230
2025-07-14 16:15:31 - INFO - Epoch 91/600 finished. Average Training Loss: 1.6052
2025-07-14 16:16:00 - INFO - Epoch 92/600 finished. Average Training Loss: 1.7079
2025-07-14 16:16:30 - INFO - Epoch 93/600 finished. Average Training Loss: 1.6575
2025-07-14 16:16:59 - INFO - Epoch 94/600 finished. Average Training Loss: 1.5137
2025-07-14 16:17:27 - INFO - Epoch 95/600 finished. Average Training Loss: 1.7950
2025-07-14 16:17:56 - INFO - Epoch 96/600 finished. Average Training Loss: 1.6682
2025-07-14 16:18:25 - INFO - Epoch 97/600 finished. Average Training Loss: 1.5131
2025-07-14 16:18:54 - INFO - Epoch 98/600 finished. Average Training Loss: 1.6847
2025-07-14 16:19:23 - INFO - Epoch 99/600 finished. Average Training Loss: 1.7125
2025-07-14 16:19:52 - INFO - Epoch 100/600 finished. Average Training Loss: 1.5867
2025-07-14 16:19:52 - INFO - Saved checkpoint for epoch 100 to ./result/VNet_Multi_V5/Amos_102/Pth/model_epoch_100_checkpoint.pth
2025-07-14 16:20:21 - INFO - Epoch 101/600 finished. Average Training Loss: 1.4934
2025-07-14 16:20:50 - INFO - Epoch 102/600 finished. Average Training Loss: 1.5529
2025-07-14 16:21:20 - INFO - Epoch 103/600 finished. Average Training Loss: 1.5265
2025-07-14 16:21:49 - INFO - Epoch 104/600 finished. Average Training Loss: 1.4345
2025-07-14 16:22:18 - INFO - Epoch 105/600 finished. Average Training Loss: 1.4598
2025-07-14 16:22:48 - INFO - Epoch 106/600 finished. Average Training Loss: 1.4401
2025-07-14 16:23:17 - INFO - Epoch 107/600 finished. Average Training Loss: 1.4745
2025-07-14 16:23:46 - INFO - Epoch 108/600 finished. Average Training Loss: 1.4704
2025-07-14 16:24:15 - INFO - Epoch 109/600 finished. Average Training Loss: 1.3474
2025-07-14 16:24:44 - INFO - Epoch 110/600 finished. Average Training Loss: 1.3626
2025-07-14 16:25:13 - INFO - Epoch 111/600 finished. Average Training Loss: 1.4695
2025-07-14 16:25:42 - INFO - Epoch 112/600 finished. Average Training Loss: 1.2935
2025-07-14 16:26:11 - INFO - Epoch 113/600 finished. Average Training Loss: 1.2816
2025-07-14 16:26:39 - INFO - Epoch 114/600 finished. Average Training Loss: 1.3609
2025-07-14 16:27:08 - INFO - Epoch 115/600 finished. Average Training Loss: 1.3510
2025-07-14 16:27:38 - INFO - Epoch 116/600 finished. Average Training Loss: 1.2751
2025-07-14 16:28:07 - INFO - Epoch 117/600 finished. Average Training Loss: 1.3382
2025-07-14 16:28:36 - INFO - Epoch 118/600 finished. Average Training Loss: 1.3719
2025-07-14 16:29:05 - INFO - Epoch 119/600 finished. Average Training Loss: 1.2278
2025-07-14 16:29:34 - INFO - Epoch 120/600 finished. Average Training Loss: 1.3199
2025-07-14 16:29:35 - INFO - Saved checkpoint for epoch 120 to ./result/VNet_Multi_V5/Amos_102/Pth/model_epoch_120_checkpoint.pth
2025-07-14 16:30:04 - INFO - Epoch 121/600 finished. Average Training Loss: 1.1748
2025-07-14 16:30:33 - INFO - Epoch 122/600 finished. Average Training Loss: 1.1918
2025-07-14 16:31:02 - INFO - Epoch 123/600 finished. Average Training Loss: 1.2725
2025-07-14 16:31:32 - INFO - Epoch 124/600 finished. Average Training Loss: 1.2181
2025-07-14 16:32:01 - INFO - Epoch 125/600 finished. Average Training Loss: 1.1810
2025-07-14 16:32:30 - INFO - Epoch 126/600 finished. Average Training Loss: 1.2568
2025-07-14 16:33:00 - INFO - Epoch 127/600 finished. Average Training Loss: 1.1672
2025-07-14 16:33:28 - INFO - Epoch 128/600 finished. Average Training Loss: 1.1226
2025-07-14 16:33:57 - INFO - Epoch 129/600 finished. Average Training Loss: 1.2577
2025-07-14 16:34:26 - INFO - Epoch 130/600 finished. Average Training Loss: 1.2735
2025-07-14 16:34:55 - INFO - Epoch 131/600 finished. Average Training Loss: 1.1735
2025-07-14 16:35:24 - INFO - Epoch 132/600 finished. Average Training Loss: 1.1131
2025-07-14 16:35:53 - INFO - Epoch 133/600 finished. Average Training Loss: 1.0916
2025-07-14 16:36:23 - INFO - Epoch 134/600 finished. Average Training Loss: 1.1621
2025-07-14 16:36:52 - INFO - Epoch 135/600 finished. Average Training Loss: 1.0876
2025-07-14 16:37:21 - INFO - Epoch 136/600 finished. Average Training Loss: 1.1563
2025-07-14 16:37:50 - INFO - Epoch 137/600 finished. Average Training Loss: 1.0301
2025-07-14 16:38:20 - INFO - Epoch 138/600 finished. Average Training Loss: 1.1204
2025-07-14 16:38:50 - INFO - Epoch 139/600 finished. Average Training Loss: 1.1187
2025-07-14 16:39:19 - INFO - Epoch 140/600 finished. Average Training Loss: 1.1417
2025-07-14 16:39:19 - INFO - Saved checkpoint for epoch 140 to ./result/VNet_Multi_V5/Amos_102/Pth/model_epoch_140_checkpoint.pth
2025-07-14 16:39:48 - INFO - Epoch 141/600 finished. Average Training Loss: 1.1143
2025-07-14 16:40:18 - INFO - Epoch 142/600 finished. Average Training Loss: 1.0736
2025-07-14 16:40:47 - INFO - Epoch 143/600 finished. Average Training Loss: 1.0046
2025-07-14 16:41:16 - INFO - Epoch 144/600 finished. Average Training Loss: 0.9345
2025-07-14 16:41:46 - INFO - Epoch 145/600 finished. Average Training Loss: 1.1031
2025-07-14 16:42:15 - INFO - Epoch 146/600 finished. Average Training Loss: 1.0155
2025-07-14 16:42:45 - INFO - Epoch 147/600 finished. Average Training Loss: 1.0263
2025-07-14 16:43:13 - INFO - Epoch 148/600 finished. Average Training Loss: 1.0963
2025-07-14 16:43:42 - INFO - Epoch 149/600 finished. Average Training Loss: 1.0176
2025-07-14 16:44:12 - INFO - Epoch 150/600 finished. Average Training Loss: 1.0380
2025-07-14 16:44:41 - INFO - Epoch 151/600 finished. Average Training Loss: 0.9359
2025-07-14 16:45:10 - INFO - Epoch 152/600 finished. Average Training Loss: 0.9581
2025-07-14 16:45:40 - INFO - Epoch 153/600 finished. Average Training Loss: 1.0431
2025-07-14 16:46:09 - INFO - Epoch 154/600 finished. Average Training Loss: 1.0416
2025-07-14 16:46:38 - INFO - Epoch 155/600 finished. Average Training Loss: 0.8086
2025-07-14 16:47:07 - INFO - Epoch 156/600 finished. Average Training Loss: 0.9013
2025-07-14 16:47:36 - INFO - Epoch 157/600 finished. Average Training Loss: 0.9939
2025-07-14 16:48:05 - INFO - Epoch 158/600 finished. Average Training Loss: 0.9148
2025-07-14 16:48:34 - INFO - Epoch 159/600 finished. Average Training Loss: 0.9967
2025-07-14 16:49:03 - INFO - Epoch 160/600 finished. Average Training Loss: 0.8721
2025-07-14 16:49:03 - INFO - Saved checkpoint for epoch 160 to ./result/VNet_Multi_V5/Amos_102/Pth/model_epoch_160_checkpoint.pth
2025-07-14 16:49:32 - INFO - Epoch 161/600 finished. Average Training Loss: 0.9357
2025-07-14 16:50:01 - INFO - Epoch 162/600 finished. Average Training Loss: 0.9002
2025-07-14 16:50:30 - INFO - Epoch 163/600 finished. Average Training Loss: 0.9545
2025-07-14 16:51:00 - INFO - Epoch 164/600 finished. Average Training Loss: 0.8689
2025-07-14 16:51:30 - INFO - Epoch 165/600 finished. Average Training Loss: 0.8521
2025-07-14 16:51:58 - INFO - Epoch 166/600 finished. Average Training Loss: 0.9086
2025-07-14 16:52:26 - INFO - Epoch 167/600 finished. Average Training Loss: 0.8763
2025-07-14 16:52:56 - INFO - Epoch 168/600 finished. Average Training Loss: 0.8032
2025-07-14 16:53:25 - INFO - Epoch 169/600 finished. Average Training Loss: 0.7292
2025-07-14 16:53:53 - INFO - Epoch 170/600 finished. Average Training Loss: 0.8513
2025-07-14 16:54:23 - INFO - Epoch 171/600 finished. Average Training Loss: 0.9127
2025-07-14 16:54:52 - INFO - Epoch 172/600 finished. Average Training Loss: 0.8795
2025-07-14 16:55:23 - INFO - Epoch 173/600 finished. Average Training Loss: 0.8672
2025-07-14 16:55:51 - INFO - Epoch 174/600 finished. Average Training Loss: 0.9576
2025-07-14 16:56:21 - INFO - Epoch 175/600 finished. Average Training Loss: 0.7637
2025-07-14 16:56:50 - INFO - Epoch 176/600 finished. Average Training Loss: 0.8619
2025-07-14 16:57:19 - INFO - Epoch 177/600 finished. Average Training Loss: 0.7880
2025-07-14 16:57:49 - INFO - Epoch 178/600 finished. Average Training Loss: 0.8745
2025-07-14 16:58:18 - INFO - Epoch 179/600 finished. Average Training Loss: 0.7717
2025-07-14 16:58:46 - INFO - Epoch 180/600 finished. Average Training Loss: 0.8528
2025-07-14 16:58:47 - INFO - Saved checkpoint for epoch 180 to ./result/VNet_Multi_V5/Amos_102/Pth/model_epoch_180_checkpoint.pth
2025-07-14 16:59:16 - INFO - Epoch 181/600 finished. Average Training Loss: 0.7838
2025-07-14 16:59:45 - INFO - Epoch 182/600 finished. Average Training Loss: 0.7937
2025-07-14 17:00:14 - INFO - Epoch 183/600 finished. Average Training Loss: 0.7443
2025-07-14 17:00:43 - INFO - Epoch 184/600 finished. Average Training Loss: 0.7858
2025-07-14 17:01:13 - INFO - Epoch 185/600 finished. Average Training Loss: 0.8024
2025-07-14 17:01:43 - INFO - Epoch 186/600 finished. Average Training Loss: 0.6863
2025-07-14 17:02:12 - INFO - Epoch 187/600 finished. Average Training Loss: 0.8011
2025-07-14 17:02:41 - INFO - Epoch 188/600 finished. Average Training Loss: 0.7502
2025-07-14 17:03:11 - INFO - Epoch 189/600 finished. Average Training Loss: 0.7530
2025-07-14 17:03:41 - INFO - Epoch 190/600 finished. Average Training Loss: 0.7031
2025-07-14 17:04:09 - INFO - Epoch 191/600 finished. Average Training Loss: 0.7373
2025-07-14 17:04:39 - INFO - Epoch 192/600 finished. Average Training Loss: 0.8007
2025-07-14 17:05:08 - INFO - Epoch 193/600 finished. Average Training Loss: 0.7907
2025-07-14 17:05:38 - INFO - Epoch 194/600 finished. Average Training Loss: 0.7161
2025-07-14 17:06:07 - INFO - Epoch 195/600 finished. Average Training Loss: 0.7229
2025-07-14 17:06:37 - INFO - Epoch 196/600 finished. Average Training Loss: 0.6967
2025-07-14 17:07:19 - INFO - Epoch 197/600 finished. Average Training Loss: 0.7665
2025-07-14 17:07:53 - INFO - Epoch 198/600 finished. Average Training Loss: 0.6666
2025-07-14 17:08:22 - INFO - Epoch 199/600 finished. Average Training Loss: 0.6970
2025-07-14 17:08:51 - INFO - Epoch 200/600 finished. Average Training Loss: 0.6601
2025-07-14 17:08:52 - INFO - Saved checkpoint for epoch 200 to ./result/VNet_Multi_V5/Amos_102/Pth/model_epoch_200_checkpoint.pth
2025-07-14 17:09:21 - INFO - Epoch 201/600 finished. Average Training Loss: 0.8195
2025-07-14 17:09:50 - INFO - Epoch 202/600 finished. Average Training Loss: 0.6234
2025-07-14 17:10:19 - INFO - Epoch 203/600 finished. Average Training Loss: 0.6732
2025-07-14 17:10:48 - INFO - Epoch 204/600 finished. Average Training Loss: 0.7141
2025-07-14 17:11:18 - INFO - Epoch 205/600 finished. Average Training Loss: 0.6008
2025-07-14 17:11:47 - INFO - Epoch 206/600 finished. Average Training Loss: 0.6552
2025-07-14 17:12:16 - INFO - Epoch 207/600 finished. Average Training Loss: 0.6679
2025-07-14 17:12:46 - INFO - Epoch 208/600 finished. Average Training Loss: 0.6090
2025-07-14 17:13:14 - INFO - Epoch 209/600 finished. Average Training Loss: 0.6236
2025-07-14 17:13:43 - INFO - Epoch 210/600 finished. Average Training Loss: 0.6690
2025-07-14 17:14:13 - INFO - Epoch 211/600 finished. Average Training Loss: 0.6174
2025-07-14 17:14:43 - INFO - Epoch 212/600 finished. Average Training Loss: 0.5905
2025-07-14 17:15:12 - INFO - Epoch 213/600 finished. Average Training Loss: 0.5500
2025-07-14 17:15:41 - INFO - Epoch 214/600 finished. Average Training Loss: 0.6306
2025-07-14 17:16:11 - INFO - Epoch 215/600 finished. Average Training Loss: 0.5393
2025-07-14 17:16:39 - INFO - Epoch 216/600 finished. Average Training Loss: 0.6200
2025-07-14 17:17:07 - INFO - Epoch 217/600 finished. Average Training Loss: 0.7097
2025-07-14 17:17:37 - INFO - Epoch 218/600 finished. Average Training Loss: 0.5976
2025-07-14 17:18:06 - INFO - Epoch 219/600 finished. Average Training Loss: 0.6127
2025-07-14 17:18:35 - INFO - Epoch 220/600 finished. Average Training Loss: 0.6834
2025-07-14 17:18:35 - INFO - Saved checkpoint for epoch 220 to ./result/VNet_Multi_V5/Amos_102/Pth/model_epoch_220_checkpoint.pth
2025-07-14 17:19:04 - INFO - Epoch 221/600 finished. Average Training Loss: 0.6963
2025-07-14 17:19:33 - INFO - Epoch 222/600 finished. Average Training Loss: 0.6111
2025-07-14 17:20:02 - INFO - Epoch 223/600 finished. Average Training Loss: 0.5920
2025-07-14 17:20:31 - INFO - Epoch 224/600 finished. Average Training Loss: 0.6021
2025-07-14 17:21:01 - INFO - Epoch 225/600 finished. Average Training Loss: 0.5660
2025-07-14 17:21:29 - INFO - Epoch 226/600 finished. Average Training Loss: 0.5677
2025-07-14 17:21:58 - INFO - Epoch 227/600 finished. Average Training Loss: 0.5904
2025-07-14 17:22:27 - INFO - Epoch 228/600 finished. Average Training Loss: 0.5658
2025-07-14 17:22:56 - INFO - Epoch 229/600 finished. Average Training Loss: 0.4941
2025-07-14 17:23:25 - INFO - Epoch 230/600 finished. Average Training Loss: 0.5916
2025-07-14 17:23:54 - INFO - Epoch 231/600 finished. Average Training Loss: 0.5799
2025-07-14 17:24:23 - INFO - Epoch 232/600 finished. Average Training Loss: 0.5871
2025-07-14 17:24:52 - INFO - Epoch 233/600 finished. Average Training Loss: 0.5377
2025-07-14 17:25:21 - INFO - Epoch 234/600 finished. Average Training Loss: 0.5592
2025-07-14 17:25:50 - INFO - Epoch 235/600 finished. Average Training Loss: 0.4794
2025-07-14 17:26:18 - INFO - Epoch 236/600 finished. Average Training Loss: 0.6918
2025-07-14 17:26:48 - INFO - Epoch 237/600 finished. Average Training Loss: 0.4962
2025-07-14 17:27:17 - INFO - Epoch 238/600 finished. Average Training Loss: 0.4753
2025-07-14 17:27:46 - INFO - Epoch 239/600 finished. Average Training Loss: 0.5293
2025-07-14 17:28:14 - INFO - Epoch 240/600 finished. Average Training Loss: 0.5630
2025-07-14 17:28:14 - INFO - Saved checkpoint for epoch 240 to ./result/VNet_Multi_V5/Amos_102/Pth/model_epoch_240_checkpoint.pth
2025-07-14 17:28:43 - INFO - Epoch 241/600 finished. Average Training Loss: 0.5410
2025-07-14 17:29:11 - INFO - Epoch 242/600 finished. Average Training Loss: 0.4980
2025-07-14 17:29:40 - INFO - Epoch 243/600 finished. Average Training Loss: 0.5607
2025-07-14 17:30:10 - INFO - Epoch 244/600 finished. Average Training Loss: 0.4508
2025-07-14 17:30:39 - INFO - Epoch 245/600 finished. Average Training Loss: 0.5077
2025-07-14 17:31:08 - INFO - Epoch 246/600 finished. Average Training Loss: 0.5922
2025-07-14 17:31:37 - INFO - Epoch 247/600 finished. Average Training Loss: 0.3608
2025-07-14 17:32:07 - INFO - Epoch 248/600 finished. Average Training Loss: 0.3787
2025-07-14 17:32:36 - INFO - Epoch 249/600 finished. Average Training Loss: 0.5371
2025-07-14 17:33:05 - INFO - Epoch 250/600 finished. Average Training Loss: 0.3571
2025-07-14 17:33:34 - INFO - Epoch 251/600 finished. Average Training Loss: 0.4823
2025-07-14 17:34:03 - INFO - Epoch 252/600 finished. Average Training Loss: 0.4877
2025-07-14 17:34:33 - INFO - Epoch 253/600 finished. Average Training Loss: 0.3959
2025-07-14 17:35:02 - INFO - Epoch 254/600 finished. Average Training Loss: 0.4419
2025-07-14 17:35:32 - INFO - Epoch 255/600 finished. Average Training Loss: 0.3988
2025-07-14 17:36:01 - INFO - Epoch 256/600 finished. Average Training Loss: 0.3554
2025-07-14 17:36:31 - INFO - Epoch 257/600 finished. Average Training Loss: 0.3582
2025-07-14 17:37:02 - INFO - Epoch 258/600 finished. Average Training Loss: 0.3857
2025-07-14 17:37:41 - INFO - Epoch 259/600 finished. Average Training Loss: 0.4339
2025-07-14 17:38:20 - INFO - Epoch 260/600 finished. Average Training Loss: 0.4462
2025-07-14 17:38:21 - INFO - Saved checkpoint for epoch 260 to ./result/VNet_Multi_V5/Amos_102/Pth/model_epoch_260_checkpoint.pth
2025-07-14 17:38:59 - INFO - Epoch 261/600 finished. Average Training Loss: 0.4186
2025-07-14 17:39:38 - INFO - Epoch 262/600 finished. Average Training Loss: 0.4175
2025-07-14 17:40:17 - INFO - Epoch 263/600 finished. Average Training Loss: 0.4350
2025-07-14 17:40:56 - INFO - Epoch 264/600 finished. Average Training Loss: 0.3693
2025-07-14 17:41:36 - INFO - Epoch 265/600 finished. Average Training Loss: 0.4274
2025-07-14 17:42:15 - INFO - Epoch 266/600 finished. Average Training Loss: 0.4266
2025-07-14 17:42:54 - INFO - Epoch 267/600 finished. Average Training Loss: 0.3672
2025-07-14 17:43:33 - INFO - Epoch 268/600 finished. Average Training Loss: 0.4344
2025-07-14 17:44:14 - INFO - Epoch 269/600 finished. Average Training Loss: 0.3898
2025-07-14 17:44:53 - INFO - Epoch 270/600 finished. Average Training Loss: 0.3989
2025-07-14 17:45:32 - INFO - Epoch 271/600 finished. Average Training Loss: 0.5160
2025-07-14 17:46:11 - INFO - Epoch 272/600 finished. Average Training Loss: 0.3160
2025-07-14 17:46:51 - INFO - Epoch 273/600 finished. Average Training Loss: 0.4276
2025-07-14 17:47:29 - INFO - Epoch 274/600 finished. Average Training Loss: 0.4462
2025-07-14 17:48:09 - INFO - Epoch 275/600 finished. Average Training Loss: 0.3225
2025-07-14 17:48:48 - INFO - Epoch 276/600 finished. Average Training Loss: 0.3593
2025-07-14 17:49:27 - INFO - Epoch 277/600 finished. Average Training Loss: 0.3012
2025-07-14 17:50:06 - INFO - Epoch 278/600 finished. Average Training Loss: 0.3658
2025-07-14 17:50:45 - INFO - Epoch 279/600 finished. Average Training Loss: 0.4526
2025-07-14 17:51:24 - INFO - Epoch 280/600 finished. Average Training Loss: 0.5233
2025-07-14 17:51:24 - INFO - Saved checkpoint for epoch 280 to ./result/VNet_Multi_V5/Amos_102/Pth/model_epoch_280_checkpoint.pth
2025-07-14 17:52:04 - INFO - Epoch 281/600 finished. Average Training Loss: 0.3458
2025-07-14 17:52:43 - INFO - Epoch 282/600 finished. Average Training Loss: 0.3591
2025-07-14 17:53:23 - INFO - Epoch 283/600 finished. Average Training Loss: 0.3262
2025-07-14 17:54:02 - INFO - Epoch 284/600 finished. Average Training Loss: 0.3344
2025-07-14 17:54:41 - INFO - Epoch 285/600 finished. Average Training Loss: 0.3297
2025-07-14 17:55:20 - INFO - Epoch 286/600 finished. Average Training Loss: 0.3402
2025-07-14 17:56:00 - INFO - Epoch 287/600 finished. Average Training Loss: 0.3386
2025-07-14 17:56:39 - INFO - Epoch 288/600 finished. Average Training Loss: 0.3729
2025-07-14 17:57:17 - INFO - Epoch 289/600 finished. Average Training Loss: 0.3015
2025-07-14 17:57:57 - INFO - Epoch 290/600 finished. Average Training Loss: 0.2301
2025-07-14 17:58:36 - INFO - Epoch 291/600 finished. Average Training Loss: 0.2797
2025-07-14 17:59:15 - INFO - Epoch 292/600 finished. Average Training Loss: 0.2861
2025-07-14 17:59:54 - INFO - Epoch 293/600 finished. Average Training Loss: 0.3552
2025-07-14 18:00:33 - INFO - Epoch 294/600 finished. Average Training Loss: 0.3477
2025-07-14 18:01:12 - INFO - Epoch 295/600 finished. Average Training Loss: 0.2980
2025-07-14 18:01:51 - INFO - Epoch 296/600 finished. Average Training Loss: 0.2941
2025-07-14 18:02:31 - INFO - Epoch 297/600 finished. Average Training Loss: 0.3412
2025-07-14 18:03:11 - INFO - Epoch 298/600 finished. Average Training Loss: 0.2688
2025-07-14 18:03:50 - INFO - Epoch 299/600 finished. Average Training Loss: 0.3709
2025-07-14 18:04:29 - INFO - Epoch 300/600 finished. Average Training Loss: 0.2843
2025-07-14 18:04:29 - INFO - Saved checkpoint for epoch 300 to ./result/VNet_Multi_V5/Amos_102/Pth/model_epoch_300_checkpoint.pth
2025-07-14 18:05:07 - INFO - Epoch 301/600 finished. Average Training Loss: 0.3323
2025-07-14 18:05:46 - INFO - Epoch 302/600 finished. Average Training Loss: 0.3211
2025-07-14 18:06:25 - INFO - Epoch 303/600 finished. Average Training Loss: 0.1950
2025-07-14 18:07:05 - INFO - Epoch 304/600 finished. Average Training Loss: 0.2496
2025-07-14 18:07:44 - INFO - Epoch 305/600 finished. Average Training Loss: 0.1904
2025-07-14 18:08:23 - INFO - Epoch 306/600 finished. Average Training Loss: 0.2201
2025-07-14 18:09:02 - INFO - Epoch 307/600 finished. Average Training Loss: 0.1991
2025-07-14 18:09:41 - INFO - Epoch 308/600 finished. Average Training Loss: 0.3000
2025-07-14 18:10:20 - INFO - Epoch 309/600 finished. Average Training Loss: 0.1830
2025-07-14 18:10:59 - INFO - Epoch 310/600 finished. Average Training Loss: 0.3026
2025-07-14 18:11:38 - INFO - Epoch 311/600 finished. Average Training Loss: 0.1824
2025-07-14 18:12:16 - INFO - Epoch 312/600 finished. Average Training Loss: 0.1019
2025-07-14 18:12:55 - INFO - Epoch 313/600 finished. Average Training Loss: 0.2844
2025-07-14 18:13:34 - INFO - Epoch 314/600 finished. Average Training Loss: 0.2212
2025-07-14 18:14:13 - INFO - Epoch 315/600 finished. Average Training Loss: 0.2145
2025-07-14 18:14:52 - INFO - Epoch 316/600 finished. Average Training Loss: 0.1216
2025-07-14 18:15:31 - INFO - Epoch 317/600 finished. Average Training Loss: 0.2138
2025-07-14 18:16:09 - INFO - Epoch 318/600 finished. Average Training Loss: 0.2433
2025-07-14 18:16:49 - INFO - Epoch 319/600 finished. Average Training Loss: 0.2553
2025-07-14 18:17:27 - INFO - Epoch 320/600 finished. Average Training Loss: 0.1237
2025-07-14 18:17:28 - INFO - Saved checkpoint for epoch 320 to ./result/VNet_Multi_V5/Amos_102/Pth/model_epoch_320_checkpoint.pth
2025-07-14 18:18:06 - INFO - Epoch 321/600 finished. Average Training Loss: 0.0824
2025-07-14 18:18:46 - INFO - Epoch 322/600 finished. Average Training Loss: 0.0943
2025-07-14 18:19:24 - INFO - Epoch 323/600 finished. Average Training Loss: 0.1754
2025-07-14 18:20:03 - INFO - Epoch 324/600 finished. Average Training Loss: 0.2586
2025-07-14 18:20:40 - INFO - Epoch 325/600 finished. Average Training Loss: 0.1118
2025-07-14 18:21:19 - INFO - Epoch 326/600 finished. Average Training Loss: 0.2078
2025-07-14 18:21:58 - INFO - Epoch 327/600 finished. Average Training Loss: 0.2010
2025-07-14 18:22:37 - INFO - Epoch 328/600 finished. Average Training Loss: 0.1891
2025-07-14 18:23:16 - INFO - Epoch 329/600 finished. Average Training Loss: 0.1977
2025-07-14 18:23:56 - INFO - Epoch 330/600 finished. Average Training Loss: 0.1475
2025-07-14 18:24:35 - INFO - Epoch 331/600 finished. Average Training Loss: 0.1301
2025-07-14 18:25:14 - INFO - Epoch 332/600 finished. Average Training Loss: 0.3383
2025-07-14 18:25:54 - INFO - Epoch 333/600 finished. Average Training Loss: 0.0527
2025-07-14 18:26:34 - INFO - Epoch 334/600 finished. Average Training Loss: 0.1714
2025-07-14 18:27:13 - INFO - Epoch 335/600 finished. Average Training Loss: 0.1298
2025-07-14 18:27:44 - INFO - Epoch 336/600 finished. Average Training Loss: 0.2113
2025-07-14 18:28:12 - INFO - Epoch 337/600 finished. Average Training Loss: 0.1747
2025-07-14 18:28:41 - INFO - Epoch 338/600 finished. Average Training Loss: 0.1700
2025-07-14 18:29:11 - INFO - Epoch 339/600 finished. Average Training Loss: 0.0921
2025-07-14 18:29:40 - INFO - Epoch 340/600 finished. Average Training Loss: 0.1252
2025-07-14 18:29:40 - INFO - Saved checkpoint for epoch 340 to ./result/VNet_Multi_V5/Amos_102/Pth/model_epoch_340_checkpoint.pth
2025-07-14 18:30:09 - INFO - Epoch 341/600 finished. Average Training Loss: 0.1827
2025-07-14 18:30:39 - INFO - Epoch 342/600 finished. Average Training Loss: 0.1122
2025-07-14 18:31:08 - INFO - Epoch 343/600 finished. Average Training Loss: -0.0393
2025-07-14 18:31:38 - INFO - Epoch 344/600 finished. Average Training Loss: 0.1460
2025-07-14 18:32:07 - INFO - Epoch 345/600 finished. Average Training Loss: 0.1711
2025-07-14 18:32:36 - INFO - Epoch 346/600 finished. Average Training Loss: 0.1371
2025-07-14 18:33:05 - INFO - Epoch 347/600 finished. Average Training Loss: 0.1602
2025-07-14 18:33:33 - INFO - Epoch 348/600 finished. Average Training Loss: 0.1321
2025-07-14 18:34:03 - INFO - Epoch 349/600 finished. Average Training Loss: 0.0788
2025-07-14 18:34:32 - INFO - Epoch 350/600 finished. Average Training Loss: 0.0530
2025-07-14 18:35:02 - INFO - Epoch 351/600 finished. Average Training Loss: 0.1309
2025-07-14 18:35:31 - INFO - Epoch 352/600 finished. Average Training Loss: 0.1082
2025-07-14 18:36:00 - INFO - Epoch 353/600 finished. Average Training Loss: 0.1003
2025-07-14 18:36:28 - INFO - Epoch 354/600 finished. Average Training Loss: 0.1378
2025-07-14 18:36:57 - INFO - Epoch 355/600 finished. Average Training Loss: 0.0152
2025-07-14 18:37:26 - INFO - Epoch 356/600 finished. Average Training Loss: 0.1165
2025-07-14 18:37:55 - INFO - Epoch 357/600 finished. Average Training Loss: 0.0891
2025-07-14 18:38:23 - INFO - Epoch 358/600 finished. Average Training Loss: 0.1264
2025-07-14 18:38:52 - INFO - Epoch 359/600 finished. Average Training Loss: 0.0171
2025-07-14 18:39:21 - INFO - Epoch 360/600 finished. Average Training Loss: 0.1232
2025-07-14 18:39:21 - INFO - Saved checkpoint for epoch 360 to ./result/VNet_Multi_V5/Amos_102/Pth/model_epoch_360_checkpoint.pth
2025-07-14 18:39:50 - INFO - Epoch 361/600 finished. Average Training Loss: 0.1295
2025-07-14 18:40:20 - INFO - Epoch 362/600 finished. Average Training Loss: 0.1002
2025-07-14 18:40:48 - INFO - Epoch 363/600 finished. Average Training Loss: 0.1358
2025-07-14 18:41:17 - INFO - Epoch 364/600 finished. Average Training Loss: -0.0409
2025-07-14 18:41:45 - INFO - Epoch 365/600 finished. Average Training Loss: -0.0341
2025-07-14 18:42:15 - INFO - Epoch 366/600 finished. Average Training Loss: -0.0503
2025-07-14 18:42:44 - INFO - Epoch 367/600 finished. Average Training Loss: 0.0712
2025-07-14 18:43:13 - INFO - Epoch 368/600 finished. Average Training Loss: 0.0842
2025-07-14 18:43:42 - INFO - Epoch 369/600 finished. Average Training Loss: 0.0417
2025-07-14 18:44:11 - INFO - Epoch 370/600 finished. Average Training Loss: 0.1206
2025-07-14 18:44:40 - INFO - Epoch 371/600 finished. Average Training Loss: -0.0222
2025-07-14 18:45:10 - INFO - Epoch 372/600 finished. Average Training Loss: -0.0056
2025-07-14 18:45:39 - INFO - Epoch 373/600 finished. Average Training Loss: 0.0037
2025-07-14 18:46:09 - INFO - Epoch 374/600 finished. Average Training Loss: -0.0242
2025-07-14 18:46:37 - INFO - Epoch 375/600 finished. Average Training Loss: 0.0284
2025-07-14 18:47:06 - INFO - Epoch 376/600 finished. Average Training Loss: -0.0089
2025-07-14 18:47:36 - INFO - Epoch 377/600 finished. Average Training Loss: 0.0036
2025-07-14 18:48:05 - INFO - Epoch 378/600 finished. Average Training Loss: 0.0367
2025-07-14 18:48:34 - INFO - Epoch 379/600 finished. Average Training Loss: -0.0353
2025-07-14 18:49:02 - INFO - Epoch 380/600 finished. Average Training Loss: -0.0556
2025-07-14 18:49:03 - INFO - Saved checkpoint for epoch 380 to ./result/VNet_Multi_V5/Amos_102/Pth/model_epoch_380_checkpoint.pth
2025-07-14 18:49:32 - INFO - Epoch 381/600 finished. Average Training Loss: 0.0312
2025-07-14 18:50:01 - INFO - Epoch 382/600 finished. Average Training Loss: -0.0689
2025-07-14 18:50:30 - INFO - Epoch 383/600 finished. Average Training Loss: -0.0340
2025-07-14 18:50:59 - INFO - Epoch 384/600 finished. Average Training Loss: -0.2031
2025-07-14 18:51:29 - INFO - Epoch 385/600 finished. Average Training Loss: -0.0194
2025-07-14 18:51:59 - INFO - Epoch 386/600 finished. Average Training Loss: -0.0499
2025-07-14 18:52:28 - INFO - Epoch 387/600 finished. Average Training Loss: -0.0971
2025-07-14 18:52:57 - INFO - Epoch 388/600 finished. Average Training Loss: 0.0389
2025-07-14 18:53:26 - INFO - Epoch 389/600 finished. Average Training Loss: -0.0905
2025-07-14 18:53:56 - INFO - Epoch 390/600 finished. Average Training Loss: -0.0088
2025-07-14 18:54:25 - INFO - Epoch 391/600 finished. Average Training Loss: -0.1008
2025-07-14 18:54:54 - INFO - Epoch 392/600 finished. Average Training Loss: -0.0302
2025-07-14 18:55:23 - INFO - Epoch 393/600 finished. Average Training Loss: 0.0367
2025-07-14 18:55:51 - INFO - Epoch 394/600 finished. Average Training Loss: -0.0860
2025-07-14 18:56:20 - INFO - Epoch 395/600 finished. Average Training Loss: 0.0377
2025-07-14 18:56:50 - INFO - Epoch 396/600 finished. Average Training Loss: -0.1634
2025-07-14 18:57:19 - INFO - Epoch 397/600 finished. Average Training Loss: -0.1544
2025-07-14 18:57:48 - INFO - Epoch 398/600 finished. Average Training Loss: -0.2215
2025-07-14 18:58:17 - INFO - Epoch 399/600 finished. Average Training Loss: -0.1292
2025-07-14 18:58:47 - INFO - Epoch 400/600 finished. Average Training Loss: -0.1140
2025-07-14 18:58:47 - INFO - Saved checkpoint for epoch 400 to ./result/VNet_Multi_V5/Amos_102/Pth/model_epoch_400_checkpoint.pth
2025-07-14 18:59:15 - INFO - Epoch 401/600 finished. Average Training Loss: -0.1942
2025-07-14 18:59:45 - INFO - Epoch 402/600 finished. Average Training Loss: -0.2492
2025-07-14 19:00:14 - INFO - Epoch 403/600 finished. Average Training Loss: -0.1017
2025-07-14 19:00:43 - INFO - Epoch 404/600 finished. Average Training Loss: -0.0242
2025-07-14 19:01:13 - INFO - Epoch 405/600 finished. Average Training Loss: -0.1139
2025-07-14 19:01:43 - INFO - Epoch 406/600 finished. Average Training Loss: -0.1649
2025-07-14 19:02:11 - INFO - Epoch 407/600 finished. Average Training Loss: -0.0857
2025-07-14 19:02:41 - INFO - Epoch 408/600 finished. Average Training Loss: -0.0721
2025-07-14 19:03:10 - INFO - Epoch 409/600 finished. Average Training Loss: -0.0500
2025-07-14 19:03:39 - INFO - Epoch 410/600 finished. Average Training Loss: -0.1615
2025-07-14 19:04:08 - INFO - Epoch 411/600 finished. Average Training Loss: -0.0744
2025-07-14 19:04:36 - INFO - Epoch 412/600 finished. Average Training Loss: 0.0929
2025-07-14 19:05:06 - INFO - Epoch 413/600 finished. Average Training Loss: -0.1533
2025-07-14 19:05:35 - INFO - Epoch 414/600 finished. Average Training Loss: -0.1800
2025-07-14 19:06:04 - INFO - Epoch 415/600 finished. Average Training Loss: -0.1781
2025-07-14 19:06:33 - INFO - Epoch 416/600 finished. Average Training Loss: -0.1004
2025-07-14 19:07:02 - INFO - Epoch 417/600 finished. Average Training Loss: -0.2635
2025-07-14 19:07:30 - INFO - Epoch 418/600 finished. Average Training Loss: -0.1384
2025-07-14 19:08:00 - INFO - Epoch 419/600 finished. Average Training Loss: -0.0967
2025-07-14 19:08:29 - INFO - Epoch 420/600 finished. Average Training Loss: -0.2477
2025-07-14 19:08:29 - INFO - Saved checkpoint for epoch 420 to ./result/VNet_Multi_V5/Amos_102/Pth/model_epoch_420_checkpoint.pth
2025-07-14 19:08:59 - INFO - Epoch 421/600 finished. Average Training Loss: -0.1858
2025-07-14 19:09:28 - INFO - Epoch 422/600 finished. Average Training Loss: -0.2820
2025-07-14 19:09:57 - INFO - Epoch 423/600 finished. Average Training Loss: -0.0899
2025-07-14 19:10:26 - INFO - Epoch 424/600 finished. Average Training Loss: -0.2325
2025-07-14 19:10:56 - INFO - Epoch 425/600 finished. Average Training Loss: -0.1747
2025-07-14 19:11:24 - INFO - Epoch 426/600 finished. Average Training Loss: -0.2042
2025-07-14 19:11:54 - INFO - Epoch 427/600 finished. Average Training Loss: -0.1451
2025-07-14 19:12:23 - INFO - Epoch 428/600 finished. Average Training Loss: -0.0587
2025-07-14 19:12:51 - INFO - Epoch 429/600 finished. Average Training Loss: -0.1875
2025-07-14 19:13:20 - INFO - Epoch 430/600 finished. Average Training Loss: -0.2090
2025-07-14 19:13:49 - INFO - Epoch 431/600 finished. Average Training Loss: -0.3022
2025-07-14 19:14:18 - INFO - Epoch 432/600 finished. Average Training Loss: -0.2449
2025-07-14 19:14:48 - INFO - Epoch 433/600 finished. Average Training Loss: -0.1266
2025-07-14 19:15:17 - INFO - Epoch 434/600 finished. Average Training Loss: -0.2028
2025-07-14 19:15:46 - INFO - Epoch 435/600 finished. Average Training Loss: -0.2384
2025-07-14 19:16:15 - INFO - Epoch 436/600 finished. Average Training Loss: -0.3088
2025-07-14 19:16:44 - INFO - Epoch 437/600 finished. Average Training Loss: -0.0805
2025-07-14 19:17:14 - INFO - Epoch 438/600 finished. Average Training Loss: -0.2468
2025-07-14 19:17:43 - INFO - Epoch 439/600 finished. Average Training Loss: -0.4552
2025-07-14 19:18:12 - INFO - Epoch 440/600 finished. Average Training Loss: -0.1598
2025-07-14 19:18:13 - INFO - Saved checkpoint for epoch 440 to ./result/VNet_Multi_V5/Amos_102/Pth/model_epoch_440_checkpoint.pth
2025-07-14 19:18:42 - INFO - Epoch 441/600 finished. Average Training Loss: -0.1128
2025-07-14 19:19:11 - INFO - Epoch 442/600 finished. Average Training Loss: -0.1869
2025-07-14 19:19:39 - INFO - Epoch 443/600 finished. Average Training Loss: -0.3288
2025-07-14 19:20:09 - INFO - Epoch 444/600 finished. Average Training Loss: -0.2834
2025-07-14 19:20:37 - INFO - Epoch 445/600 finished. Average Training Loss: -0.3885
2025-07-14 19:21:05 - INFO - Epoch 446/600 finished. Average Training Loss: -0.2138
2025-07-14 19:21:35 - INFO - Epoch 447/600 finished. Average Training Loss: -0.2812
2025-07-14 19:22:03 - INFO - Epoch 448/600 finished. Average Training Loss: -0.2470
2025-07-14 19:22:31 - INFO - Epoch 449/600 finished. Average Training Loss: -0.2491
2025-07-14 19:23:00 - INFO - Epoch 450/600 finished. Average Training Loss: -0.2343
2025-07-14 19:23:30 - INFO - Epoch 451/600 finished. Average Training Loss: -0.2562
2025-07-14 19:23:59 - INFO - Epoch 452/600 finished. Average Training Loss: -0.2979
2025-07-14 19:24:28 - INFO - Epoch 453/600 finished. Average Training Loss: -0.1563
2025-07-14 19:24:57 - INFO - Epoch 454/600 finished. Average Training Loss: -0.2319
2025-07-14 19:25:25 - INFO - Epoch 455/600 finished. Average Training Loss: -0.2950
2025-07-14 19:25:54 - INFO - Epoch 456/600 finished. Average Training Loss: -0.3425
2025-07-14 19:26:22 - INFO - Epoch 457/600 finished. Average Training Loss: -0.2512
2025-07-14 19:26:52 - INFO - Epoch 458/600 finished. Average Training Loss: -0.2961
2025-07-14 19:27:22 - INFO - Epoch 459/600 finished. Average Training Loss: -0.3846
2025-07-14 19:27:51 - INFO - Epoch 460/600 finished. Average Training Loss: -0.2724
2025-07-14 19:27:51 - INFO - Saved checkpoint for epoch 460 to ./result/VNet_Multi_V5/Amos_102/Pth/model_epoch_460_checkpoint.pth
2025-07-14 19:28:20 - INFO - Epoch 461/600 finished. Average Training Loss: -0.3350
2025-07-14 19:28:49 - INFO - Epoch 462/600 finished. Average Training Loss: -0.2089
2025-07-14 19:29:17 - INFO - Epoch 463/600 finished. Average Training Loss: -0.4937
2025-07-14 19:29:47 - INFO - Epoch 464/600 finished. Average Training Loss: -0.2601
2025-07-14 19:30:16 - INFO - Epoch 465/600 finished. Average Training Loss: -0.2740
2025-07-14 19:30:44 - INFO - Epoch 466/600 finished. Average Training Loss: -0.4762
2025-07-14 19:31:13 - INFO - Epoch 467/600 finished. Average Training Loss: -0.3410
2025-07-14 19:31:42 - INFO - Epoch 468/600 finished. Average Training Loss: -0.3137
2025-07-14 19:32:11 - INFO - Epoch 469/600 finished. Average Training Loss: -0.4899
2025-07-14 19:32:40 - INFO - Epoch 470/600 finished. Average Training Loss: -0.3371
2025-07-14 19:33:10 - INFO - Epoch 471/600 finished. Average Training Loss: -0.3133
2025-07-14 19:33:39 - INFO - Epoch 472/600 finished. Average Training Loss: -0.2367
2025-07-14 19:34:09 - INFO - Epoch 473/600 finished. Average Training Loss: -0.2885
2025-07-14 19:34:38 - INFO - Epoch 474/600 finished. Average Training Loss: -0.2262
2025-07-14 19:35:08 - INFO - Epoch 475/600 finished. Average Training Loss: -0.3712
2025-07-14 19:35:37 - INFO - Epoch 476/600 finished. Average Training Loss: -0.2890
2025-07-14 19:36:05 - INFO - Epoch 477/600 finished. Average Training Loss: -0.2930
2025-07-14 19:36:33 - INFO - Epoch 478/600 finished. Average Training Loss: -0.3936
2025-07-14 19:37:01 - INFO - Epoch 479/600 finished. Average Training Loss: -0.3287
2025-07-14 19:37:29 - INFO - Epoch 480/600 finished. Average Training Loss: -0.4051
2025-07-14 19:37:29 - INFO - Saved checkpoint for epoch 480 to ./result/VNet_Multi_V5/Amos_102/Pth/model_epoch_480_checkpoint.pth
2025-07-14 19:37:57 - INFO - Epoch 481/600 finished. Average Training Loss: -0.4288
2025-07-14 19:38:26 - INFO - Epoch 482/600 finished. Average Training Loss: -0.3067
2025-07-14 19:38:55 - INFO - Epoch 483/600 finished. Average Training Loss: -0.4465
2025-07-14 19:39:24 - INFO - Epoch 484/600 finished. Average Training Loss: -0.3475
2025-07-14 19:39:53 - INFO - Epoch 485/600 finished. Average Training Loss: -0.4301
2025-07-14 19:40:23 - INFO - Epoch 486/600 finished. Average Training Loss: -0.2553
2025-07-14 19:40:52 - INFO - Epoch 487/600 finished. Average Training Loss: -0.3683
2025-07-14 19:41:21 - INFO - Epoch 488/600 finished. Average Training Loss: -0.3903
2025-07-14 19:41:51 - INFO - Epoch 489/600 finished. Average Training Loss: -0.3425
2025-07-14 19:42:19 - INFO - Epoch 490/600 finished. Average Training Loss: -0.4005
2025-07-14 19:42:48 - INFO - Epoch 491/600 finished. Average Training Loss: -0.4669
2025-07-14 19:43:17 - INFO - Epoch 492/600 finished. Average Training Loss: -0.4091
2025-07-14 19:43:47 - INFO - Epoch 493/600 finished. Average Training Loss: -0.2899
2025-07-14 19:44:16 - INFO - Epoch 494/600 finished. Average Training Loss: -0.3757
2025-07-14 19:44:45 - INFO - Epoch 495/600 finished. Average Training Loss: -0.4993
2025-07-14 19:45:14 - INFO - Epoch 496/600 finished. Average Training Loss: -0.4064
2025-07-14 19:45:43 - INFO - Epoch 497/600 finished. Average Training Loss: -0.3029
2025-07-14 19:46:13 - INFO - Epoch 498/600 finished. Average Training Loss: -0.4081
2025-07-14 19:46:42 - INFO - Epoch 499/600 finished. Average Training Loss: -0.3841
2025-07-14 19:47:11 - INFO - Epoch 500/600 finished. Average Training Loss: -0.3079
2025-07-14 19:47:11 - INFO - Saved checkpoint for epoch 500 to ./result/VNet_Multi_V5/Amos_102/Pth/model_epoch_500_checkpoint.pth
2025-07-14 19:47:39 - INFO - Epoch 501/600 finished. Average Training Loss: -0.4041
2025-07-14 19:48:08 - INFO - Epoch 502/600 finished. Average Training Loss: -0.2458
2025-07-14 19:48:37 - INFO - Epoch 503/600 finished. Average Training Loss: -0.3600
2025-07-14 19:49:07 - INFO - Epoch 504/600 finished. Average Training Loss: -0.3046
2025-07-14 19:49:36 - INFO - Epoch 505/600 finished. Average Training Loss: -0.4324
2025-07-14 19:50:06 - INFO - Epoch 506/600 finished. Average Training Loss: -0.3889
2025-07-14 19:50:34 - INFO - Epoch 507/600 finished. Average Training Loss: -0.5727
2025-07-14 19:51:03 - INFO - Epoch 508/600 finished. Average Training Loss: -0.5325
2025-07-14 19:51:31 - INFO - Epoch 509/600 finished. Average Training Loss: -0.3844
2025-07-14 19:52:01 - INFO - Epoch 510/600 finished. Average Training Loss: -0.4212
2025-07-14 19:52:30 - INFO - Epoch 511/600 finished. Average Training Loss: -0.5505
2025-07-14 19:52:58 - INFO - Epoch 512/600 finished. Average Training Loss: -0.5143
2025-07-14 19:53:28 - INFO - Epoch 513/600 finished. Average Training Loss: -0.5103
2025-07-14 19:53:57 - INFO - Epoch 514/600 finished. Average Training Loss: -0.3967
2025-07-14 19:54:26 - INFO - Epoch 515/600 finished. Average Training Loss: -0.3945
2025-07-14 19:54:55 - INFO - Epoch 516/600 finished. Average Training Loss: -0.5875
2025-07-14 19:55:23 - INFO - Epoch 517/600 finished. Average Training Loss: -0.4050
2025-07-14 19:55:51 - INFO - Epoch 518/600 finished. Average Training Loss: -0.4834
2025-07-14 19:56:19 - INFO - Epoch 519/600 finished. Average Training Loss: -0.4128
2025-07-14 19:56:47 - INFO - Epoch 520/600 finished. Average Training Loss: -0.4606
2025-07-14 19:56:47 - INFO - Saved checkpoint for epoch 520 to ./result/VNet_Multi_V5/Amos_102/Pth/model_epoch_520_checkpoint.pth
2025-07-14 19:57:16 - INFO - Epoch 521/600 finished. Average Training Loss: -0.4581
2025-07-14 19:57:45 - INFO - Epoch 522/600 finished. Average Training Loss: -0.4021
2025-07-14 19:58:14 - INFO - Epoch 523/600 finished. Average Training Loss: -0.5778
2025-07-14 19:58:44 - INFO - Epoch 524/600 finished. Average Training Loss: -0.3334
2025-07-14 19:59:13 - INFO - Epoch 525/600 finished. Average Training Loss: -0.5175
2025-07-14 19:59:42 - INFO - Epoch 526/600 finished. Average Training Loss: -0.5486
2025-07-14 20:00:11 - INFO - Epoch 527/600 finished. Average Training Loss: -0.5176
2025-07-14 20:00:40 - INFO - Epoch 528/600 finished. Average Training Loss: -0.4784
2025-07-14 20:01:10 - INFO - Epoch 529/600 finished. Average Training Loss: -0.6105
2025-07-14 20:01:39 - INFO - Epoch 530/600 finished. Average Training Loss: -0.5328
