2025-07-14 13:28:55 - INFO - Logging is set up.
2025-07-14 13:28:55 - INFO - 
======================================== New DDP Training Session Started ========================================
2025-07-14 13:28:55 - INFO - Using 2 GPUs for training.
2025-07-14 13:28:55 - INFO - Training configuration:
{
  "seed": 42,
  "epochs": 600,
  "batch_size": 2,
  "learning_rate": 0.0001,
  "log_path": "./result/VNet_Multi_V5/LA_16/Training.log",
  "pth_path": "./result/VNet_Multi_V5/LA_16/Pth",
  "tensorboard_path": "./result/VNet_Multi_V5/LA_16/Train",
  "continue_train": false,
  "dataset_path": "./datasets/LA",
  "num_classes": 2,
  "training_num": 16,
  "patch_size": [
    112,
    112,
    80
  ]
}
2025-07-14 13:28:55 - INFO - Ensured model and TensorBoard directories exist.
2025-07-14 13:28:55 - INFO - Process started on device: cuda:0 with seed 42.
2025-07-14 13:28:55 - INFO - TensorBoard writer initialized at: ./result/VNet_Multi_V5/LA_16/Train/20250714-132855
2025-07-14 13:28:55 - INFO - Initializing dataset...
2025-07-14 13:28:55 - INFO - Dataset contains 16 samples.
2025-07-14 13:28:55 - INFO - DataLoader created with DistributedSampler. Batch size per GPU: 2.
2025-07-14 13:28:55 - INFO - Initializing VNet model...
2025-07-14 13:28:55 - INFO - Logging is set up.
2025-07-14 13:28:55 - INFO - Process started on device: cuda:1 with seed 42.
2025-07-14 13:28:55 - INFO - Initializing dataset...
2025-07-14 13:28:55 - INFO - Dataset contains 16 samples.
2025-07-14 13:28:55 - INFO - DataLoader created with DistributedSampler. Batch size per GPU: 2.
2025-07-14 13:28:55 - INFO - Initializing VNet model...
2025-07-14 13:28:56 - INFO - Model wrapped with DDP. `find_unused_parameters` is set to True for multi-output model.
2025-07-14 13:28:56 - INFO - Model wrapped with DDP. `find_unused_parameters` is set to True for multi-output model.
2025-07-14 13:28:56 - INFO - Loss function: UnifiedLoss with λ_reg=0.3, weights=[1,1]
2025-07-14 13:28:56 - INFO - Optimizer: AdamW with LR=0.0001
2025-07-14 13:28:56 - INFO - Starting training from epoch 0 to 600...
2025-07-14 13:29:10 - INFO - Epoch 1 finished. Average Training Loss: 1.3863
2025-07-14 13:29:12 - INFO - Epoch 2 finished. Average Training Loss: 1.3599
2025-07-14 13:29:14 - INFO - Epoch 3 finished. Average Training Loss: 1.3354
2025-07-14 13:29:16 - INFO - Epoch 4 finished. Average Training Loss: 1.3380
2025-07-14 13:29:18 - INFO - Epoch 5 finished. Average Training Loss: 1.2020
2025-07-14 13:29:20 - INFO - Epoch 6 finished. Average Training Loss: 1.3033
2025-07-14 13:29:22 - INFO - Epoch 7 finished. Average Training Loss: 1.3210
2025-07-14 13:29:24 - INFO - Epoch 8 finished. Average Training Loss: 1.3445
2025-07-14 13:29:25 - INFO - Epoch 9 finished. Average Training Loss: 1.1496
2025-07-14 13:29:27 - INFO - Epoch 10 finished. Average Training Loss: 1.1737
2025-07-14 13:29:29 - INFO - Epoch 11 finished. Average Training Loss: 1.0690
2025-07-14 13:29:31 - INFO - Epoch 12 finished. Average Training Loss: 1.1081
2025-07-14 13:29:33 - INFO - Epoch 13 finished. Average Training Loss: 0.9453
2025-07-14 13:29:35 - INFO - Epoch 14 finished. Average Training Loss: 1.2056
2025-07-14 13:29:37 - INFO - Epoch 15 finished. Average Training Loss: 1.1418
2025-07-14 13:29:39 - INFO - Epoch 16 finished. Average Training Loss: 1.0765
2025-07-14 13:29:41 - INFO - Epoch 17 finished. Average Training Loss: 1.0259
2025-07-14 13:29:43 - INFO - Epoch 18 finished. Average Training Loss: 0.9353
2025-07-14 13:29:45 - INFO - Epoch 19 finished. Average Training Loss: 1.0842
2025-07-14 13:29:47 - INFO - Epoch 20 finished. Average Training Loss: 0.8540
2025-07-14 13:29:47 - INFO - Saved checkpoint for epoch 20 to ./result/VNet_Multi_V5/LA_16/Pth/model_epoch_20.pth
2025-07-14 13:29:49 - INFO - Epoch 21 finished. Average Training Loss: 0.8833
2025-07-14 13:29:50 - INFO - Epoch 22 finished. Average Training Loss: 1.0045
2025-07-14 13:29:53 - INFO - Epoch 23 finished. Average Training Loss: 0.9169
2025-07-14 13:29:55 - INFO - Epoch 24 finished. Average Training Loss: 0.8818
2025-07-14 13:29:56 - INFO - Epoch 25 finished. Average Training Loss: 0.9884
2025-07-14 13:29:58 - INFO - Epoch 26 finished. Average Training Loss: 0.9212
2025-07-14 13:30:00 - INFO - Epoch 27 finished. Average Training Loss: 0.9190
2025-07-14 13:30:02 - INFO - Epoch 28 finished. Average Training Loss: 0.9031
2025-07-14 13:30:04 - INFO - Epoch 29 finished. Average Training Loss: 0.8352
2025-07-14 13:30:06 - INFO - Epoch 30 finished. Average Training Loss: 0.8508
2025-07-14 13:30:08 - INFO - Epoch 31 finished. Average Training Loss: 0.8343
2025-07-14 13:30:10 - INFO - Epoch 32 finished. Average Training Loss: 0.7844
2025-07-14 13:30:12 - INFO - Epoch 33 finished. Average Training Loss: 0.8100
2025-07-14 13:30:14 - INFO - Epoch 34 finished. Average Training Loss: 0.7322
2025-07-14 13:30:16 - INFO - Epoch 35 finished. Average Training Loss: 0.7726
2025-07-14 13:30:18 - INFO - Epoch 36 finished. Average Training Loss: 0.8863
2025-07-14 13:30:20 - INFO - Epoch 37 finished. Average Training Loss: 0.8568
2025-07-14 13:30:22 - INFO - Epoch 38 finished. Average Training Loss: 0.6386
2025-07-14 13:30:24 - INFO - Epoch 39 finished. Average Training Loss: 0.7629
2025-07-14 13:30:26 - INFO - Epoch 40 finished. Average Training Loss: 0.8661
2025-07-14 13:30:26 - INFO - Saved checkpoint for epoch 40 to ./result/VNet_Multi_V5/LA_16/Pth/model_epoch_40.pth
2025-07-14 13:30:28 - INFO - Epoch 41 finished. Average Training Loss: 0.8127
2025-07-14 13:30:29 - INFO - Epoch 42 finished. Average Training Loss: 0.7251
2025-07-14 13:30:32 - INFO - Epoch 43 finished. Average Training Loss: 0.7864
2025-07-14 13:30:33 - INFO - Epoch 44 finished. Average Training Loss: 0.7502
2025-07-14 13:30:35 - INFO - Epoch 45 finished. Average Training Loss: 0.8129
2025-07-14 13:30:37 - INFO - Epoch 46 finished. Average Training Loss: 0.8899
2025-07-14 13:30:39 - INFO - Epoch 47 finished. Average Training Loss: 0.8237
2025-07-14 13:30:41 - INFO - Epoch 48 finished. Average Training Loss: 0.7039
2025-07-14 13:30:43 - INFO - Epoch 49 finished. Average Training Loss: 0.8872
2025-07-14 13:30:45 - INFO - Epoch 50 finished. Average Training Loss: 0.7149
2025-07-14 13:30:47 - INFO - Epoch 51 finished. Average Training Loss: 0.7409
2025-07-14 13:30:49 - INFO - Epoch 52 finished. Average Training Loss: 0.7681
2025-07-14 13:30:51 - INFO - Epoch 53 finished. Average Training Loss: 0.6851
2025-07-14 13:30:53 - INFO - Epoch 54 finished. Average Training Loss: 0.7429
2025-07-14 13:30:55 - INFO - Epoch 55 finished. Average Training Loss: 0.7967
2025-07-14 13:30:57 - INFO - Epoch 56 finished. Average Training Loss: 0.7617
2025-07-14 13:30:59 - INFO - Epoch 57 finished. Average Training Loss: 0.8417
2025-07-14 13:31:01 - INFO - Epoch 58 finished. Average Training Loss: 0.6612
2025-07-14 13:31:02 - INFO - Epoch 59 finished. Average Training Loss: 0.7048
2025-07-14 13:31:04 - INFO - Epoch 60 finished. Average Training Loss: 0.6187
2025-07-14 13:31:05 - INFO - Saved checkpoint for epoch 60 to ./result/VNet_Multi_V5/LA_16/Pth/model_epoch_60.pth
2025-07-14 13:31:06 - INFO - Epoch 61 finished. Average Training Loss: 0.7119
2025-07-14 13:31:08 - INFO - Epoch 62 finished. Average Training Loss: 0.5912
2025-07-14 13:31:10 - INFO - Epoch 63 finished. Average Training Loss: 0.6326
2025-07-14 13:31:12 - INFO - Epoch 64 finished. Average Training Loss: 0.5762
2025-07-14 13:31:14 - INFO - Epoch 65 finished. Average Training Loss: 0.6101
2025-07-14 13:31:16 - INFO - Epoch 66 finished. Average Training Loss: 0.5736
2025-07-14 13:31:18 - INFO - Epoch 67 finished. Average Training Loss: 0.6999
2025-07-14 13:31:20 - INFO - Epoch 68 finished. Average Training Loss: 0.7256
2025-07-14 13:31:22 - INFO - Epoch 69 finished. Average Training Loss: 0.5947
2025-07-14 13:31:24 - INFO - Epoch 70 finished. Average Training Loss: 0.6697
2025-07-14 13:31:25 - INFO - Epoch 71 finished. Average Training Loss: 0.7255
2025-07-14 13:31:28 - INFO - Epoch 72 finished. Average Training Loss: 0.5662
2025-07-14 13:31:30 - INFO - Epoch 73 finished. Average Training Loss: 0.6992
2025-07-14 13:31:31 - INFO - Epoch 74 finished. Average Training Loss: 0.6593
2025-07-14 13:31:33 - INFO - Epoch 75 finished. Average Training Loss: 0.5923
2025-07-14 13:31:35 - INFO - Epoch 76 finished. Average Training Loss: 0.7211
2025-07-14 13:31:37 - INFO - Epoch 77 finished. Average Training Loss: 0.7128
2025-07-14 13:31:39 - INFO - Epoch 78 finished. Average Training Loss: 0.6157
2025-07-14 13:31:41 - INFO - Epoch 79 finished. Average Training Loss: 0.6530
2025-07-14 13:31:43 - INFO - Epoch 80 finished. Average Training Loss: 0.6250
2025-07-14 13:31:43 - INFO - Saved checkpoint for epoch 80 to ./result/VNet_Multi_V5/LA_16/Pth/model_epoch_80.pth
2025-07-14 13:31:45 - INFO - Epoch 81 finished. Average Training Loss: 0.5839
2025-07-14 13:31:47 - INFO - Epoch 82 finished. Average Training Loss: 0.5770
2025-07-14 13:31:49 - INFO - Epoch 83 finished. Average Training Loss: 0.7084
2025-07-14 13:31:51 - INFO - Epoch 84 finished. Average Training Loss: 0.5989
2025-07-14 13:31:53 - INFO - Epoch 85 finished. Average Training Loss: 0.5322
2025-07-14 13:31:55 - INFO - Epoch 86 finished. Average Training Loss: 0.6037
2025-07-14 13:31:57 - INFO - Epoch 87 finished. Average Training Loss: 0.5317
2025-07-14 13:31:59 - INFO - Epoch 88 finished. Average Training Loss: 0.6870
2025-07-14 13:32:01 - INFO - Epoch 89 finished. Average Training Loss: 0.6226
2025-07-14 13:32:02 - INFO - Epoch 90 finished. Average Training Loss: 0.4912
2025-07-14 13:32:04 - INFO - Epoch 91 finished. Average Training Loss: 0.5850
2025-07-14 13:32:06 - INFO - Epoch 92 finished. Average Training Loss: 0.6510
2025-07-14 13:32:08 - INFO - Epoch 93 finished. Average Training Loss: 0.4824
2025-07-14 13:32:10 - INFO - Epoch 94 finished. Average Training Loss: 0.5054
2025-07-14 13:32:12 - INFO - Epoch 95 finished. Average Training Loss: 0.4766
2025-07-14 13:32:14 - INFO - Epoch 96 finished. Average Training Loss: 0.5185
2025-07-14 13:32:16 - INFO - Epoch 97 finished. Average Training Loss: 0.5631
2025-07-14 13:32:18 - INFO - Epoch 98 finished. Average Training Loss: 0.5360
2025-07-14 13:32:20 - INFO - Epoch 99 finished. Average Training Loss: 0.5253
2025-07-14 13:32:22 - INFO - Epoch 100 finished. Average Training Loss: 0.4525
2025-07-14 13:32:22 - INFO - Saved checkpoint for epoch 100 to ./result/VNet_Multi_V5/LA_16/Pth/model_epoch_100.pth
2025-07-14 13:32:24 - INFO - Epoch 101 finished. Average Training Loss: 0.6123
2025-07-14 13:32:26 - INFO - Epoch 102 finished. Average Training Loss: 0.7455
2025-07-14 13:32:28 - INFO - Epoch 103 finished. Average Training Loss: 0.4593
2025-07-14 13:32:30 - INFO - Epoch 104 finished. Average Training Loss: 0.7270
2025-07-14 13:32:32 - INFO - Epoch 105 finished. Average Training Loss: 0.4814
2025-07-14 13:32:34 - INFO - Epoch 106 finished. Average Training Loss: 0.6226
2025-07-14 13:32:36 - INFO - Epoch 107 finished. Average Training Loss: 0.5111
2025-07-14 13:32:38 - INFO - Epoch 108 finished. Average Training Loss: 0.3431
2025-07-14 13:32:40 - INFO - Epoch 109 finished. Average Training Loss: 0.5375
2025-07-14 13:32:41 - INFO - Epoch 110 finished. Average Training Loss: 0.5454
2025-07-14 13:32:43 - INFO - Epoch 111 finished. Average Training Loss: 0.6695
2025-07-14 13:32:45 - INFO - Epoch 112 finished. Average Training Loss: 0.4932
2025-07-14 13:32:47 - INFO - Epoch 113 finished. Average Training Loss: 0.4735
2025-07-14 13:32:49 - INFO - Epoch 114 finished. Average Training Loss: 0.5403
2025-07-14 13:32:51 - INFO - Epoch 115 finished. Average Training Loss: 0.6275
2025-07-14 13:32:53 - INFO - Epoch 116 finished. Average Training Loss: 0.4839
2025-07-14 13:32:55 - INFO - Epoch 117 finished. Average Training Loss: 0.5129
2025-07-14 13:32:57 - INFO - Epoch 118 finished. Average Training Loss: 0.4483
2025-07-14 13:32:59 - INFO - Epoch 119 finished. Average Training Loss: 0.6079
2025-07-14 13:33:01 - INFO - Epoch 120 finished. Average Training Loss: 0.4063
2025-07-14 13:33:01 - INFO - Saved checkpoint for epoch 120 to ./result/VNet_Multi_V5/LA_16/Pth/model_epoch_120.pth
2025-07-14 13:33:03 - INFO - Epoch 121 finished. Average Training Loss: 0.5081
2025-07-14 13:33:05 - INFO - Epoch 122 finished. Average Training Loss: 0.5284
2025-07-14 13:33:07 - INFO - Epoch 123 finished. Average Training Loss: 0.5094
2025-07-14 13:33:09 - INFO - Epoch 124 finished. Average Training Loss: 0.5228
2025-07-14 13:33:11 - INFO - Epoch 125 finished. Average Training Loss: 0.5750
2025-07-14 13:33:12 - INFO - Epoch 126 finished. Average Training Loss: 0.4219
2025-07-14 13:33:14 - INFO - Epoch 127 finished. Average Training Loss: 0.5448
2025-07-14 13:33:16 - INFO - Epoch 128 finished. Average Training Loss: 0.4745
2025-07-14 13:33:17 - INFO - Epoch 129 finished. Average Training Loss: 0.5148
2025-07-14 13:33:19 - INFO - Epoch 130 finished. Average Training Loss: 0.5223
2025-07-14 13:33:21 - INFO - Epoch 131 finished. Average Training Loss: 0.5047
2025-07-14 13:33:22 - INFO - Epoch 132 finished. Average Training Loss: 0.4172
2025-07-14 13:33:24 - INFO - Epoch 133 finished. Average Training Loss: 0.4352
2025-07-14 13:33:25 - INFO - Epoch 134 finished. Average Training Loss: 0.6241
2025-07-14 13:33:27 - INFO - Epoch 135 finished. Average Training Loss: 0.4359
2025-07-14 13:33:29 - INFO - Epoch 136 finished. Average Training Loss: 0.4173
2025-07-14 13:33:30 - INFO - Epoch 137 finished. Average Training Loss: 0.6363
2025-07-14 13:33:32 - INFO - Epoch 138 finished. Average Training Loss: 0.5149
2025-07-14 13:33:34 - INFO - Epoch 139 finished. Average Training Loss: 0.4686
2025-07-14 13:33:35 - INFO - Epoch 140 finished. Average Training Loss: 0.5556
2025-07-14 13:33:35 - INFO - Saved checkpoint for epoch 140 to ./result/VNet_Multi_V5/LA_16/Pth/model_epoch_140.pth
2025-07-14 13:33:37 - INFO - Epoch 141 finished. Average Training Loss: 0.4356
2025-07-14 13:33:39 - INFO - Epoch 142 finished. Average Training Loss: 0.5434
2025-07-14 13:33:40 - INFO - Epoch 143 finished. Average Training Loss: 0.4240
2025-07-14 13:33:42 - INFO - Epoch 144 finished. Average Training Loss: 0.4334
2025-07-14 13:33:44 - INFO - Epoch 145 finished. Average Training Loss: 0.5163
2025-07-14 13:33:46 - INFO - Epoch 146 finished. Average Training Loss: 0.3110
2025-07-14 13:33:47 - INFO - Epoch 147 finished. Average Training Loss: 0.2743
2025-07-14 13:33:49 - INFO - Epoch 148 finished. Average Training Loss: 0.3543
2025-07-14 13:33:50 - INFO - Epoch 149 finished. Average Training Loss: 0.4171
2025-07-14 13:33:52 - INFO - Epoch 150 finished. Average Training Loss: 0.4745
2025-07-14 13:33:54 - INFO - Epoch 151 finished. Average Training Loss: 0.3701
2025-07-14 13:33:55 - INFO - Epoch 152 finished. Average Training Loss: 0.3918
2025-07-14 13:33:57 - INFO - Epoch 153 finished. Average Training Loss: 0.4245
2025-07-14 13:33:59 - INFO - Epoch 154 finished. Average Training Loss: 0.3980
2025-07-14 13:34:00 - INFO - Epoch 155 finished. Average Training Loss: 0.3106
2025-07-14 13:34:02 - INFO - Epoch 156 finished. Average Training Loss: 0.4734
2025-07-14 13:34:04 - INFO - Epoch 157 finished. Average Training Loss: 0.3330
2025-07-14 13:34:05 - INFO - Epoch 158 finished. Average Training Loss: 0.4279
2025-07-14 13:34:07 - INFO - Epoch 159 finished. Average Training Loss: 0.4029
2025-07-14 13:34:09 - INFO - Epoch 160 finished. Average Training Loss: 0.2967
2025-07-14 13:34:09 - INFO - Saved checkpoint for epoch 160 to ./result/VNet_Multi_V5/LA_16/Pth/model_epoch_160.pth
2025-07-14 13:34:10 - INFO - Epoch 161 finished. Average Training Loss: 0.3899
2025-07-14 13:34:12 - INFO - Epoch 162 finished. Average Training Loss: 0.3760
2025-07-14 13:34:14 - INFO - Epoch 163 finished. Average Training Loss: 0.3183
2025-07-14 13:34:15 - INFO - Epoch 164 finished. Average Training Loss: 0.2830
2025-07-14 13:34:17 - INFO - Epoch 165 finished. Average Training Loss: 0.4077
2025-07-14 13:34:19 - INFO - Epoch 166 finished. Average Training Loss: 0.3335
2025-07-14 13:34:20 - INFO - Epoch 167 finished. Average Training Loss: 0.3371
2025-07-14 13:34:22 - INFO - Epoch 168 finished. Average Training Loss: 0.3964
2025-07-14 13:34:24 - INFO - Epoch 169 finished. Average Training Loss: 0.3581
2025-07-14 13:34:25 - INFO - Epoch 170 finished. Average Training Loss: 0.2864
2025-07-14 13:34:27 - INFO - Epoch 171 finished. Average Training Loss: 0.5330
2025-07-14 13:34:29 - INFO - Epoch 172 finished. Average Training Loss: 0.3845
2025-07-14 13:34:30 - INFO - Epoch 173 finished. Average Training Loss: 0.4812
2025-07-14 13:34:32 - INFO - Epoch 174 finished. Average Training Loss: 0.5512
2025-07-14 13:34:34 - INFO - Epoch 175 finished. Average Training Loss: 0.3995
2025-07-14 13:34:35 - INFO - Epoch 176 finished. Average Training Loss: 0.3408
2025-07-14 13:34:37 - INFO - Epoch 177 finished. Average Training Loss: 0.4991
2025-07-14 13:34:39 - INFO - Epoch 178 finished. Average Training Loss: 0.3621
2025-07-14 13:34:40 - INFO - Epoch 179 finished. Average Training Loss: 0.2800
2025-07-14 13:34:42 - INFO - Epoch 180 finished. Average Training Loss: 0.3994
2025-07-14 13:34:42 - INFO - Saved checkpoint for epoch 180 to ./result/VNet_Multi_V5/LA_16/Pth/model_epoch_180.pth
2025-07-14 13:34:44 - INFO - Epoch 181 finished. Average Training Loss: 0.2563
2025-07-14 13:34:45 - INFO - Epoch 182 finished. Average Training Loss: 0.4561
2025-07-14 13:34:47 - INFO - Epoch 183 finished. Average Training Loss: 0.3298
2025-07-14 13:34:49 - INFO - Epoch 184 finished. Average Training Loss: 0.2615
2025-07-14 13:34:50 - INFO - Epoch 185 finished. Average Training Loss: 0.2203
2025-07-14 13:34:52 - INFO - Epoch 186 finished. Average Training Loss: 0.2335
2025-07-14 13:34:54 - INFO - Epoch 187 finished. Average Training Loss: 0.4198
2025-07-14 13:34:56 - INFO - Epoch 188 finished. Average Training Loss: 0.3289
2025-07-14 13:34:58 - INFO - Epoch 189 finished. Average Training Loss: 0.3238
2025-07-14 13:34:59 - INFO - Epoch 190 finished. Average Training Loss: 0.2596
2025-07-14 13:35:01 - INFO - Epoch 191 finished. Average Training Loss: 0.4295
2025-07-14 13:35:02 - INFO - Epoch 192 finished. Average Training Loss: 0.2649
2025-07-14 13:35:05 - INFO - Epoch 193 finished. Average Training Loss: 0.4030
2025-07-14 13:35:07 - INFO - Epoch 194 finished. Average Training Loss: 0.2239
2025-07-14 13:35:08 - INFO - Epoch 195 finished. Average Training Loss: 0.2615
2025-07-14 13:35:10 - INFO - Epoch 196 finished. Average Training Loss: 0.4082
2025-07-14 13:35:12 - INFO - Epoch 197 finished. Average Training Loss: 0.4269
2025-07-14 13:35:14 - INFO - Epoch 198 finished. Average Training Loss: 0.2593
2025-07-14 13:35:16 - INFO - Epoch 199 finished. Average Training Loss: 0.2754
2025-07-14 13:35:18 - INFO - Epoch 200 finished. Average Training Loss: 0.3731
2025-07-14 13:35:18 - INFO - Saved checkpoint for epoch 200 to ./result/VNet_Multi_V5/LA_16/Pth/model_epoch_200.pth
2025-07-14 13:35:20 - INFO - Epoch 201 finished. Average Training Loss: 0.2186
2025-07-14 13:35:23 - INFO - Epoch 202 finished. Average Training Loss: 0.2761
2025-07-14 13:35:24 - INFO - Epoch 203 finished. Average Training Loss: 0.4950
2025-07-14 13:35:26 - INFO - Epoch 204 finished. Average Training Loss: 0.3198
2025-07-14 13:35:28 - INFO - Epoch 205 finished. Average Training Loss: 0.2595
2025-07-14 13:35:30 - INFO - Epoch 206 finished. Average Training Loss: 0.2940
2025-07-14 13:35:32 - INFO - Epoch 207 finished. Average Training Loss: 0.2867
2025-07-14 13:35:34 - INFO - Epoch 208 finished. Average Training Loss: 0.2933
2025-07-14 13:35:36 - INFO - Epoch 209 finished. Average Training Loss: 0.5759
2025-07-14 13:35:38 - INFO - Epoch 210 finished. Average Training Loss: 0.2813
2025-07-14 13:35:40 - INFO - Epoch 211 finished. Average Training Loss: 0.3353
2025-07-14 13:35:42 - INFO - Epoch 212 finished. Average Training Loss: 0.2228
2025-07-14 13:35:44 - INFO - Epoch 213 finished. Average Training Loss: 0.2912
2025-07-14 13:35:46 - INFO - Epoch 214 finished. Average Training Loss: 0.3943
2025-07-14 13:35:48 - INFO - Epoch 215 finished. Average Training Loss: 0.2747
2025-07-14 13:35:50 - INFO - Epoch 216 finished. Average Training Loss: 0.2440
2025-07-14 13:35:51 - INFO - Epoch 217 finished. Average Training Loss: 0.2460
2025-07-14 13:35:53 - INFO - Epoch 218 finished. Average Training Loss: 0.3363
2025-07-14 13:35:55 - INFO - Epoch 219 finished. Average Training Loss: 0.1973
2025-07-14 13:35:57 - INFO - Epoch 220 finished. Average Training Loss: 0.2307
2025-07-14 13:35:58 - INFO - Saved checkpoint for epoch 220 to ./result/VNet_Multi_V5/LA_16/Pth/model_epoch_220.pth
2025-07-14 13:35:59 - INFO - Epoch 221 finished. Average Training Loss: 0.2437
2025-07-14 13:36:01 - INFO - Epoch 222 finished. Average Training Loss: 0.2066
2025-07-14 13:36:03 - INFO - Epoch 223 finished. Average Training Loss: 0.2584
2025-07-14 13:36:05 - INFO - Epoch 224 finished. Average Training Loss: 0.3140
2025-07-14 13:36:07 - INFO - Epoch 225 finished. Average Training Loss: 0.2358
2025-07-14 13:36:09 - INFO - Epoch 226 finished. Average Training Loss: 0.3862
2025-07-14 13:36:11 - INFO - Epoch 227 finished. Average Training Loss: 0.2477
2025-07-14 13:36:13 - INFO - Epoch 228 finished. Average Training Loss: 0.2273
2025-07-14 13:36:15 - INFO - Epoch 229 finished. Average Training Loss: 0.2902
2025-07-14 13:36:17 - INFO - Epoch 230 finished. Average Training Loss: 0.2546
2025-07-14 13:36:19 - INFO - Epoch 231 finished. Average Training Loss: 0.2813
2025-07-14 13:36:21 - INFO - Epoch 232 finished. Average Training Loss: 0.2504
2025-07-14 13:36:23 - INFO - Epoch 233 finished. Average Training Loss: 0.1720
2025-07-14 13:36:25 - INFO - Epoch 234 finished. Average Training Loss: 0.2898
2025-07-14 13:36:27 - INFO - Epoch 235 finished. Average Training Loss: 0.3005
2025-07-14 13:36:29 - INFO - Epoch 236 finished. Average Training Loss: 0.2117
2025-07-14 13:36:30 - INFO - Epoch 237 finished. Average Training Loss: 0.0476
2025-07-14 13:36:32 - INFO - Epoch 238 finished. Average Training Loss: 0.3228
2025-07-14 13:36:35 - INFO - Epoch 239 finished. Average Training Loss: 0.2557
2025-07-14 13:36:36 - INFO - Epoch 240 finished. Average Training Loss: 0.1105
2025-07-14 13:36:36 - INFO - Saved checkpoint for epoch 240 to ./result/VNet_Multi_V5/LA_16/Pth/model_epoch_240.pth
2025-07-14 13:36:39 - INFO - Epoch 241 finished. Average Training Loss: 0.2074
2025-07-14 13:36:40 - INFO - Epoch 242 finished. Average Training Loss: 0.3331
2025-07-14 13:36:42 - INFO - Epoch 243 finished. Average Training Loss: 0.2088
2025-07-14 13:36:44 - INFO - Epoch 244 finished. Average Training Loss: 0.2196
2025-07-14 13:36:45 - INFO - Epoch 245 finished. Average Training Loss: 0.2521
2025-07-14 13:36:47 - INFO - Epoch 246 finished. Average Training Loss: 0.2244
2025-07-14 13:36:49 - INFO - Epoch 247 finished. Average Training Loss: 0.1450
2025-07-14 13:36:50 - INFO - Epoch 248 finished. Average Training Loss: 0.2337
2025-07-14 13:36:52 - INFO - Epoch 249 finished. Average Training Loss: 0.3561
2025-07-14 13:36:54 - INFO - Epoch 250 finished. Average Training Loss: 0.2366
2025-07-14 13:36:55 - INFO - Epoch 251 finished. Average Training Loss: 0.1692
2025-07-14 13:36:57 - INFO - Epoch 252 finished. Average Training Loss: 0.3376
2025-07-14 13:36:59 - INFO - Epoch 253 finished. Average Training Loss: 0.2312
2025-07-14 13:37:00 - INFO - Epoch 254 finished. Average Training Loss: 0.1278
2025-07-14 13:37:02 - INFO - Epoch 255 finished. Average Training Loss: 0.2988
2025-07-14 13:37:04 - INFO - Epoch 256 finished. Average Training Loss: 0.2346
2025-07-14 13:37:05 - INFO - Epoch 257 finished. Average Training Loss: 0.1528
2025-07-14 13:37:07 - INFO - Epoch 258 finished. Average Training Loss: 0.2053
2025-07-14 13:37:09 - INFO - Epoch 259 finished. Average Training Loss: 0.1879
2025-07-14 13:37:10 - INFO - Epoch 260 finished. Average Training Loss: 0.1995
2025-07-14 13:37:10 - INFO - Saved checkpoint for epoch 260 to ./result/VNet_Multi_V5/LA_16/Pth/model_epoch_260.pth
2025-07-14 13:37:12 - INFO - Epoch 261 finished. Average Training Loss: 0.3225
2025-07-14 13:37:14 - INFO - Epoch 262 finished. Average Training Loss: 0.1552
2025-07-14 13:37:15 - INFO - Epoch 263 finished. Average Training Loss: 0.1593
2025-07-14 13:37:17 - INFO - Epoch 264 finished. Average Training Loss: 0.2547
2025-07-14 13:37:19 - INFO - Epoch 265 finished. Average Training Loss: 0.1569
2025-07-14 13:37:20 - INFO - Epoch 266 finished. Average Training Loss: 0.1355
2025-07-14 13:37:22 - INFO - Epoch 267 finished. Average Training Loss: 0.0742
2025-07-14 13:37:24 - INFO - Epoch 268 finished. Average Training Loss: 0.1999
2025-07-14 13:37:25 - INFO - Epoch 269 finished. Average Training Loss: 0.1281
2025-07-14 13:37:27 - INFO - Epoch 270 finished. Average Training Loss: 0.2701
2025-07-14 13:37:29 - INFO - Epoch 271 finished. Average Training Loss: 0.0393
2025-07-14 13:37:30 - INFO - Epoch 272 finished. Average Training Loss: 0.1581
2025-07-14 13:37:32 - INFO - Epoch 273 finished. Average Training Loss: 0.1318
2025-07-14 13:37:34 - INFO - Epoch 274 finished. Average Training Loss: 0.1480
2025-07-14 13:37:35 - INFO - Epoch 275 finished. Average Training Loss: 0.1727
2025-07-14 13:37:37 - INFO - Epoch 276 finished. Average Training Loss: 0.1026
2025-07-14 13:37:39 - INFO - Epoch 277 finished. Average Training Loss: 0.1300
2025-07-14 13:37:40 - INFO - Epoch 278 finished. Average Training Loss: 0.1691
2025-07-14 13:37:42 - INFO - Epoch 279 finished. Average Training Loss: 0.2009
2025-07-14 13:37:44 - INFO - Epoch 280 finished. Average Training Loss: 0.1193
2025-07-14 13:37:44 - INFO - Saved checkpoint for epoch 280 to ./result/VNet_Multi_V5/LA_16/Pth/model_epoch_280.pth
2025-07-14 13:37:45 - INFO - Epoch 281 finished. Average Training Loss: 0.0862
2025-07-14 13:37:47 - INFO - Epoch 282 finished. Average Training Loss: 0.1072
2025-07-14 13:37:49 - INFO - Epoch 283 finished. Average Training Loss: 0.2227
2025-07-14 13:37:51 - INFO - Epoch 284 finished. Average Training Loss: 0.2128
2025-07-14 13:37:53 - INFO - Epoch 285 finished. Average Training Loss: 0.0656
2025-07-14 13:37:55 - INFO - Epoch 286 finished. Average Training Loss: 0.0425
2025-07-14 13:37:57 - INFO - Epoch 287 finished. Average Training Loss: 0.0763
2025-07-14 13:37:58 - INFO - Epoch 288 finished. Average Training Loss: 0.1405
2025-07-14 13:38:00 - INFO - Epoch 289 finished. Average Training Loss: 0.1045
2025-07-14 13:38:02 - INFO - Epoch 290 finished. Average Training Loss: 0.2301
2025-07-14 13:38:04 - INFO - Epoch 291 finished. Average Training Loss: 0.2846
2025-07-14 13:38:06 - INFO - Epoch 292 finished. Average Training Loss: 0.1074
2025-07-14 13:38:08 - INFO - Epoch 293 finished. Average Training Loss: 0.1297
2025-07-14 13:38:10 - INFO - Epoch 294 finished. Average Training Loss: 0.2121
2025-07-14 13:38:12 - INFO - Epoch 295 finished. Average Training Loss: 0.2598
2025-07-14 13:38:14 - INFO - Epoch 296 finished. Average Training Loss: 0.2111
2025-07-14 13:38:16 - INFO - Epoch 297 finished. Average Training Loss: 0.1032
2025-07-14 13:38:18 - INFO - Epoch 298 finished. Average Training Loss: 0.0837
2025-07-14 13:38:20 - INFO - Epoch 299 finished. Average Training Loss: 0.1323
2025-07-14 13:38:22 - INFO - Epoch 300 finished. Average Training Loss: 0.0109
2025-07-14 13:38:22 - INFO - Saved checkpoint for epoch 300 to ./result/VNet_Multi_V5/LA_16/Pth/model_epoch_300.pth
2025-07-14 13:38:24 - INFO - Epoch 301 finished. Average Training Loss: 0.2242
2025-07-14 13:38:26 - INFO - Epoch 302 finished. Average Training Loss: 0.1660
2025-07-14 13:38:28 - INFO - Epoch 303 finished. Average Training Loss: 0.1937
2025-07-14 13:38:30 - INFO - Epoch 304 finished. Average Training Loss: 0.2254
2025-07-14 13:38:32 - INFO - Epoch 305 finished. Average Training Loss: 0.0804
2025-07-14 13:38:34 - INFO - Epoch 306 finished. Average Training Loss: 0.1248
2025-07-14 13:38:36 - INFO - Epoch 307 finished. Average Training Loss: 0.1328
2025-07-14 13:38:38 - INFO - Epoch 308 finished. Average Training Loss: 0.1924
2025-07-14 13:38:40 - INFO - Epoch 309 finished. Average Training Loss: 0.1228
2025-07-14 13:38:42 - INFO - Epoch 310 finished. Average Training Loss: 0.1808
2025-07-14 13:38:44 - INFO - Epoch 311 finished. Average Training Loss: 0.1245
2025-07-14 13:38:45 - INFO - Epoch 312 finished. Average Training Loss: 0.1236
2025-07-14 13:38:47 - INFO - Epoch 313 finished. Average Training Loss: 0.0188
2025-07-14 13:38:49 - INFO - Epoch 314 finished. Average Training Loss: 0.0818
2025-07-14 13:38:51 - INFO - Epoch 315 finished. Average Training Loss: 0.1305
2025-07-14 13:38:53 - INFO - Epoch 316 finished. Average Training Loss: 0.0671
2025-07-14 13:38:55 - INFO - Epoch 317 finished. Average Training Loss: 0.2813
2025-07-14 13:38:57 - INFO - Epoch 318 finished. Average Training Loss: 0.1142
2025-07-14 13:38:59 - INFO - Epoch 319 finished. Average Training Loss: 0.0442
2025-07-14 13:39:01 - INFO - Epoch 320 finished. Average Training Loss: 0.0179
2025-07-14 13:39:01 - INFO - Saved checkpoint for epoch 320 to ./result/VNet_Multi_V5/LA_16/Pth/model_epoch_320.pth
2025-07-14 13:39:03 - INFO - Epoch 321 finished. Average Training Loss: 0.1280
2025-07-14 13:39:04 - INFO - Epoch 322 finished. Average Training Loss: 0.2535
2025-07-14 13:39:07 - INFO - Epoch 323 finished. Average Training Loss: 0.1070
2025-07-14 13:39:09 - INFO - Epoch 324 finished. Average Training Loss: 0.0513
2025-07-14 13:39:10 - INFO - Epoch 325 finished. Average Training Loss: 0.0599
2025-07-14 13:39:12 - INFO - Epoch 326 finished. Average Training Loss: 0.2012
2025-07-14 13:39:14 - INFO - Epoch 327 finished. Average Training Loss: 0.2235
2025-07-14 13:39:16 - INFO - Epoch 328 finished. Average Training Loss: 0.0968
2025-07-14 13:39:18 - INFO - Epoch 329 finished. Average Training Loss: 0.0739
2025-07-14 13:39:20 - INFO - Epoch 330 finished. Average Training Loss: 0.1910
2025-07-14 13:39:22 - INFO - Epoch 331 finished. Average Training Loss: 0.0102
2025-07-14 13:39:24 - INFO - Epoch 332 finished. Average Training Loss: 0.1518
2025-07-14 13:39:26 - INFO - Epoch 333 finished. Average Training Loss: 0.0651
2025-07-14 13:39:28 - INFO - Epoch 334 finished. Average Training Loss: 0.1432
2025-07-14 13:39:30 - INFO - Epoch 335 finished. Average Training Loss: -0.0026
2025-07-14 13:39:32 - INFO - Epoch 336 finished. Average Training Loss: 0.1116
2025-07-14 13:39:33 - INFO - Epoch 337 finished. Average Training Loss: 0.1142
2025-07-14 13:39:35 - INFO - Epoch 338 finished. Average Training Loss: 0.0515
2025-07-14 13:39:37 - INFO - Epoch 339 finished. Average Training Loss: 0.2109
2025-07-14 13:39:38 - INFO - Epoch 340 finished. Average Training Loss: 0.1030
2025-07-14 13:39:39 - INFO - Saved checkpoint for epoch 340 to ./result/VNet_Multi_V5/LA_16/Pth/model_epoch_340.pth
2025-07-14 13:39:40 - INFO - Epoch 341 finished. Average Training Loss: -0.0152
2025-07-14 13:39:42 - INFO - Epoch 342 finished. Average Training Loss: 0.0809
2025-07-14 13:39:43 - INFO - Epoch 343 finished. Average Training Loss: 0.1077
2025-07-14 13:39:45 - INFO - Epoch 344 finished. Average Training Loss: 0.0507
2025-07-14 13:39:47 - INFO - Epoch 345 finished. Average Training Loss: 0.1854
2025-07-14 13:39:48 - INFO - Epoch 346 finished. Average Training Loss: 0.0482
2025-07-14 13:39:50 - INFO - Epoch 347 finished. Average Training Loss: 0.1380
2025-07-14 13:39:52 - INFO - Epoch 348 finished. Average Training Loss: 0.1041
2025-07-14 13:39:53 - INFO - Epoch 349 finished. Average Training Loss: 0.1713
2025-07-14 13:39:55 - INFO - Epoch 350 finished. Average Training Loss: -0.0019
2025-07-14 13:39:57 - INFO - Epoch 351 finished. Average Training Loss: 0.2081
2025-07-14 13:39:58 - INFO - Epoch 352 finished. Average Training Loss: 0.1289
2025-07-14 13:40:00 - INFO - Epoch 353 finished. Average Training Loss: 0.0551
2025-07-14 13:40:02 - INFO - Epoch 354 finished. Average Training Loss: 0.0595
2025-07-14 13:40:03 - INFO - Epoch 355 finished. Average Training Loss: 0.0906
2025-07-14 13:40:05 - INFO - Epoch 356 finished. Average Training Loss: 0.0101
2025-07-14 13:40:07 - INFO - Epoch 357 finished. Average Training Loss: 0.1878
2025-07-14 13:40:08 - INFO - Epoch 358 finished. Average Training Loss: -0.0163
2025-07-14 13:40:10 - INFO - Epoch 359 finished. Average Training Loss: 0.0592
2025-07-14 13:40:12 - INFO - Epoch 360 finished. Average Training Loss: 0.0948
2025-07-14 13:40:12 - INFO - Saved checkpoint for epoch 360 to ./result/VNet_Multi_V5/LA_16/Pth/model_epoch_360.pth
2025-07-14 13:40:13 - INFO - Epoch 361 finished. Average Training Loss: 0.0456
2025-07-14 13:40:15 - INFO - Epoch 362 finished. Average Training Loss: -0.0290
2025-07-14 13:40:17 - INFO - Epoch 363 finished. Average Training Loss: 0.0453
2025-07-14 13:40:18 - INFO - Epoch 364 finished. Average Training Loss: 0.1731
2025-07-14 13:40:20 - INFO - Epoch 365 finished. Average Training Loss: 0.0476
2025-07-14 13:40:22 - INFO - Epoch 366 finished. Average Training Loss: 0.1729
2025-07-14 13:40:23 - INFO - Epoch 367 finished. Average Training Loss: 0.1307
2025-07-14 13:40:25 - INFO - Epoch 368 finished. Average Training Loss: 0.0706
2025-07-14 13:40:27 - INFO - Epoch 369 finished. Average Training Loss: 0.0669
2025-07-14 13:40:28 - INFO - Epoch 370 finished. Average Training Loss: 0.1543
2025-07-14 13:40:30 - INFO - Epoch 371 finished. Average Training Loss: 0.0364
2025-07-14 13:40:31 - INFO - Epoch 372 finished. Average Training Loss: -0.0303
2025-07-14 13:40:33 - INFO - Epoch 373 finished. Average Training Loss: 0.0161
2025-07-14 13:40:35 - INFO - Epoch 374 finished. Average Training Loss: 0.0532
2025-07-14 13:40:36 - INFO - Epoch 375 finished. Average Training Loss: 0.1586
2025-07-14 13:40:37 - INFO - Epoch 376 finished. Average Training Loss: -0.0373
2025-07-14 13:40:38 - INFO - Epoch 377 finished. Average Training Loss: 0.0639
2025-07-14 13:40:40 - INFO - Epoch 378 finished. Average Training Loss: 0.0462
2025-07-14 13:40:41 - INFO - Epoch 379 finished. Average Training Loss: -0.0035
2025-07-14 13:40:43 - INFO - Epoch 380 finished. Average Training Loss: 0.0754
2025-07-14 13:40:43 - INFO - Saved checkpoint for epoch 380 to ./result/VNet_Multi_V5/LA_16/Pth/model_epoch_380.pth
2025-07-14 13:40:45 - INFO - Epoch 381 finished. Average Training Loss: 0.0890
2025-07-14 13:40:47 - INFO - Epoch 382 finished. Average Training Loss: 0.1473
2025-07-14 13:40:48 - INFO - Epoch 383 finished. Average Training Loss: 0.0437
2025-07-14 13:40:50 - INFO - Epoch 384 finished. Average Training Loss: -0.0283
2025-07-14 13:40:51 - INFO - Epoch 385 finished. Average Training Loss: 0.1006
2025-07-14 13:40:53 - INFO - Epoch 386 finished. Average Training Loss: 0.0245
2025-07-14 13:40:55 - INFO - Epoch 387 finished. Average Training Loss: 0.1347
2025-07-14 13:40:57 - INFO - Epoch 388 finished. Average Training Loss: -0.0598
2025-07-14 13:40:58 - INFO - Epoch 389 finished. Average Training Loss: -0.0154
2025-07-14 13:41:00 - INFO - Epoch 390 finished. Average Training Loss: 0.1634
2025-07-14 13:41:02 - INFO - Epoch 391 finished. Average Training Loss: 0.0066
2025-07-14 13:41:03 - INFO - Epoch 392 finished. Average Training Loss: -0.0809
2025-07-14 13:41:05 - INFO - Epoch 393 finished. Average Training Loss: 0.0182
2025-07-14 13:41:06 - INFO - Epoch 394 finished. Average Training Loss: 0.0516
2025-07-14 13:41:08 - INFO - Epoch 395 finished. Average Training Loss: 0.0035
2025-07-14 13:41:10 - INFO - Epoch 396 finished. Average Training Loss: 0.0558
2025-07-14 13:41:12 - INFO - Epoch 397 finished. Average Training Loss: -0.0704
2025-07-14 13:41:13 - INFO - Epoch 398 finished. Average Training Loss: -0.0443
2025-07-14 13:41:15 - INFO - Epoch 399 finished. Average Training Loss: -0.0641
2025-07-14 13:41:17 - INFO - Epoch 400 finished. Average Training Loss: 0.0107
2025-07-14 13:41:17 - INFO - Saved checkpoint for epoch 400 to ./result/VNet_Multi_V5/LA_16/Pth/model_epoch_400.pth
2025-07-14 13:41:19 - INFO - Epoch 401 finished. Average Training Loss: -0.0421
2025-07-14 13:41:20 - INFO - Epoch 402 finished. Average Training Loss: -0.0024
2025-07-14 13:41:22 - INFO - Epoch 403 finished. Average Training Loss: 0.1090
2025-07-14 13:41:24 - INFO - Epoch 404 finished. Average Training Loss: -0.0227
2025-07-14 13:41:26 - INFO - Epoch 405 finished. Average Training Loss: -0.0627
2025-07-14 13:41:27 - INFO - Epoch 406 finished. Average Training Loss: -0.0120
2025-07-14 13:41:29 - INFO - Epoch 407 finished. Average Training Loss: -0.0043
2025-07-14 13:41:31 - INFO - Epoch 408 finished. Average Training Loss: 0.0150
2025-07-14 13:41:32 - INFO - Epoch 409 finished. Average Training Loss: 0.0376
2025-07-14 13:41:34 - INFO - Epoch 410 finished. Average Training Loss: 0.0145
2025-07-14 13:41:36 - INFO - Epoch 411 finished. Average Training Loss: 0.0289
2025-07-14 13:41:37 - INFO - Epoch 412 finished. Average Training Loss: 0.0526
2025-07-14 13:41:38 - INFO - Epoch 413 finished. Average Training Loss: 0.0519
2025-07-14 13:41:40 - INFO - Epoch 414 finished. Average Training Loss: 0.1275
2025-07-14 13:41:41 - INFO - Epoch 415 finished. Average Training Loss: -0.0471
2025-07-14 13:41:43 - INFO - Epoch 416 finished. Average Training Loss: -0.0734
2025-07-14 13:41:45 - INFO - Epoch 417 finished. Average Training Loss: 0.0159
2025-07-14 13:41:47 - INFO - Epoch 418 finished. Average Training Loss: 0.1168
2025-07-14 13:41:48 - INFO - Epoch 419 finished. Average Training Loss: 0.0432
2025-07-14 13:41:50 - INFO - Epoch 420 finished. Average Training Loss: 0.0362
2025-07-14 13:41:50 - INFO - Saved checkpoint for epoch 420 to ./result/VNet_Multi_V5/LA_16/Pth/model_epoch_420.pth
2025-07-14 13:41:52 - INFO - Epoch 421 finished. Average Training Loss: -0.0340
2025-07-14 13:41:53 - INFO - Epoch 422 finished. Average Training Loss: -0.0090
2025-07-14 13:41:55 - INFO - Epoch 423 finished. Average Training Loss: -0.1084
2025-07-14 13:41:57 - INFO - Epoch 424 finished. Average Training Loss: 0.0083
2025-07-14 13:41:59 - INFO - Epoch 425 finished. Average Training Loss: 0.0179
2025-07-14 13:42:00 - INFO - Epoch 426 finished. Average Training Loss: -0.0100
2025-07-14 13:42:02 - INFO - Epoch 427 finished. Average Training Loss: 0.0612
2025-07-14 13:42:04 - INFO - Epoch 428 finished. Average Training Loss: -0.0610
2025-07-14 13:42:05 - INFO - Epoch 429 finished. Average Training Loss: -0.0401
2025-07-14 13:42:07 - INFO - Epoch 430 finished. Average Training Loss: -0.0043
2025-07-14 13:42:09 - INFO - Epoch 431 finished. Average Training Loss: -0.0276
2025-07-14 13:42:10 - INFO - Epoch 432 finished. Average Training Loss: 0.0149
2025-07-14 13:42:12 - INFO - Epoch 433 finished. Average Training Loss: -0.0166
2025-07-14 13:42:14 - INFO - Epoch 434 finished. Average Training Loss: -0.0957
2025-07-14 13:42:15 - INFO - Epoch 435 finished. Average Training Loss: 0.0346
2025-07-14 13:42:17 - INFO - Epoch 436 finished. Average Training Loss: 0.0266
2025-07-14 13:42:19 - INFO - Epoch 437 finished. Average Training Loss: -0.0452
2025-07-14 13:42:21 - INFO - Epoch 438 finished. Average Training Loss: -0.0659
2025-07-14 13:42:22 - INFO - Epoch 439 finished. Average Training Loss: -0.0766
2025-07-14 13:42:24 - INFO - Epoch 440 finished. Average Training Loss: 0.0239
2025-07-14 13:42:24 - INFO - Saved checkpoint for epoch 440 to ./result/VNet_Multi_V5/LA_16/Pth/model_epoch_440.pth
2025-07-14 13:42:26 - INFO - Epoch 441 finished. Average Training Loss: -0.0247
2025-07-14 13:42:28 - INFO - Epoch 442 finished. Average Training Loss: 0.1312
2025-07-14 13:42:29 - INFO - Epoch 443 finished. Average Training Loss: -0.0774
2025-07-14 13:42:31 - INFO - Epoch 444 finished. Average Training Loss: -0.0238
2025-07-14 13:42:33 - INFO - Epoch 445 finished. Average Training Loss: -0.0279
2025-07-14 13:42:35 - INFO - Epoch 446 finished. Average Training Loss: 0.0057
2025-07-14 13:42:37 - INFO - Epoch 447 finished. Average Training Loss: 0.0189
2025-07-14 13:42:38 - INFO - Epoch 448 finished. Average Training Loss: -0.0244
2025-07-14 13:42:39 - INFO - Epoch 449 finished. Average Training Loss: 0.0297
2025-07-14 13:42:40 - INFO - Epoch 450 finished. Average Training Loss: -0.0304
2025-07-14 13:42:42 - INFO - Epoch 451 finished. Average Training Loss: -0.1072
2025-07-14 13:42:44 - INFO - Epoch 452 finished. Average Training Loss: -0.0329
2025-07-14 13:42:45 - INFO - Epoch 453 finished. Average Training Loss: -0.0386
2025-07-14 13:42:47 - INFO - Epoch 454 finished. Average Training Loss: 0.0014
2025-07-14 13:42:49 - INFO - Epoch 455 finished. Average Training Loss: -0.0800
2025-07-14 13:42:51 - INFO - Epoch 456 finished. Average Training Loss: -0.0438
2025-07-14 13:42:52 - INFO - Epoch 457 finished. Average Training Loss: -0.1324
2025-07-14 13:42:54 - INFO - Epoch 458 finished. Average Training Loss: -0.1974
2025-07-14 13:42:56 - INFO - Epoch 459 finished. Average Training Loss: -0.0980
2025-07-14 13:42:58 - INFO - Epoch 460 finished. Average Training Loss: -0.0232
2025-07-14 13:42:58 - INFO - Saved checkpoint for epoch 460 to ./result/VNet_Multi_V5/LA_16/Pth/model_epoch_460.pth
2025-07-14 13:43:00 - INFO - Epoch 461 finished. Average Training Loss: -0.1171
2025-07-14 13:43:01 - INFO - Epoch 462 finished. Average Training Loss: -0.0308
2025-07-14 13:43:03 - INFO - Epoch 463 finished. Average Training Loss: -0.1002
2025-07-14 13:43:04 - INFO - Epoch 464 finished. Average Training Loss: -0.0134
2025-07-14 13:43:06 - INFO - Epoch 465 finished. Average Training Loss: -0.0533
2025-07-14 13:43:08 - INFO - Epoch 466 finished. Average Training Loss: 0.0065
2025-07-14 13:43:10 - INFO - Epoch 467 finished. Average Training Loss: -0.0317
2025-07-14 13:43:11 - INFO - Epoch 468 finished. Average Training Loss: -0.1637
2025-07-14 13:43:13 - INFO - Epoch 469 finished. Average Training Loss: -0.0849
2025-07-14 13:43:15 - INFO - Epoch 470 finished. Average Training Loss: -0.1667
2025-07-14 13:43:16 - INFO - Epoch 471 finished. Average Training Loss: -0.0581
2025-07-14 13:43:18 - INFO - Epoch 472 finished. Average Training Loss: -0.0496
2025-07-14 13:43:20 - INFO - Epoch 473 finished. Average Training Loss: -0.0818
2025-07-14 13:43:21 - INFO - Epoch 474 finished. Average Training Loss: 0.0323
2025-07-14 13:43:23 - INFO - Epoch 475 finished. Average Training Loss: -0.1147
2025-07-14 13:43:25 - INFO - Epoch 476 finished. Average Training Loss: 0.0152
2025-07-14 13:43:27 - INFO - Epoch 477 finished. Average Training Loss: 0.0132
2025-07-14 13:43:28 - INFO - Epoch 478 finished. Average Training Loss: -0.1555
2025-07-14 13:43:30 - INFO - Epoch 479 finished. Average Training Loss: 0.0783
2025-07-14 13:43:32 - INFO - Epoch 480 finished. Average Training Loss: -0.0082
2025-07-14 13:43:32 - INFO - Saved checkpoint for epoch 480 to ./result/VNet_Multi_V5/LA_16/Pth/model_epoch_480.pth
2025-07-14 13:43:34 - INFO - Epoch 481 finished. Average Training Loss: -0.0137
2025-07-14 13:43:35 - INFO - Epoch 482 finished. Average Training Loss: -0.1808
2025-07-14 13:43:37 - INFO - Epoch 483 finished. Average Training Loss: 0.1210
2025-07-14 13:43:38 - INFO - Epoch 484 finished. Average Training Loss: 0.0001
2025-07-14 13:43:40 - INFO - Epoch 485 finished. Average Training Loss: -0.1564
2025-07-14 13:43:41 - INFO - Epoch 486 finished. Average Training Loss: -0.1017
2025-07-14 13:43:43 - INFO - Epoch 487 finished. Average Training Loss: -0.0196
2025-07-14 13:43:44 - INFO - Epoch 488 finished. Average Training Loss: -0.0768
2025-07-14 13:43:46 - INFO - Epoch 489 finished. Average Training Loss: -0.0867
2025-07-14 13:43:48 - INFO - Epoch 490 finished. Average Training Loss: -0.0589
2025-07-14 13:43:49 - INFO - Epoch 491 finished. Average Training Loss: -0.0113
2025-07-14 13:43:51 - INFO - Epoch 492 finished. Average Training Loss: -0.1047
2025-07-14 13:43:53 - INFO - Epoch 493 finished. Average Training Loss: -0.0325
2025-07-14 13:43:54 - INFO - Epoch 494 finished. Average Training Loss: -0.1647
2025-07-14 13:43:56 - INFO - Epoch 495 finished. Average Training Loss: -0.1379
2025-07-14 13:43:58 - INFO - Epoch 496 finished. Average Training Loss: -0.0582
2025-07-14 13:44:00 - INFO - Epoch 497 finished. Average Training Loss: -0.0599
2025-07-14 13:44:01 - INFO - Epoch 498 finished. Average Training Loss: -0.0947
2025-07-14 13:44:03 - INFO - Epoch 499 finished. Average Training Loss: -0.1099
2025-07-14 13:44:05 - INFO - Epoch 500 finished. Average Training Loss: 0.0733
2025-07-14 13:44:05 - INFO - Saved checkpoint for epoch 500 to ./result/VNet_Multi_V5/LA_16/Pth/model_epoch_500.pth
2025-07-14 13:44:07 - INFO - Epoch 501 finished. Average Training Loss: -0.0878
2025-07-14 13:44:08 - INFO - Epoch 502 finished. Average Training Loss: 0.0137
2025-07-14 13:44:10 - INFO - Epoch 503 finished. Average Training Loss: 0.0345
2025-07-14 13:44:12 - INFO - Epoch 504 finished. Average Training Loss: -0.0680
2025-07-14 13:44:14 - INFO - Epoch 505 finished. Average Training Loss: -0.1073
2025-07-14 13:44:15 - INFO - Epoch 506 finished. Average Training Loss: -0.1203
2025-07-14 13:44:17 - INFO - Epoch 507 finished. Average Training Loss: -0.0744
2025-07-14 13:44:19 - INFO - Epoch 508 finished. Average Training Loss: 0.0676
2025-07-14 13:44:20 - INFO - Epoch 509 finished. Average Training Loss: -0.0796
2025-07-14 13:44:22 - INFO - Epoch 510 finished. Average Training Loss: -0.1464
2025-07-14 13:44:24 - INFO - Epoch 511 finished. Average Training Loss: -0.1158
2025-07-14 13:44:25 - INFO - Epoch 512 finished. Average Training Loss: -0.0508
2025-07-14 13:44:27 - INFO - Epoch 513 finished. Average Training Loss: 0.0263
2025-07-14 13:44:29 - INFO - Epoch 514 finished. Average Training Loss: -0.0202
2025-07-14 13:44:31 - INFO - Epoch 515 finished. Average Training Loss: -0.1713
2025-07-14 13:44:32 - INFO - Epoch 516 finished. Average Training Loss: -0.1698
2025-07-14 13:44:34 - INFO - Epoch 517 finished. Average Training Loss: -0.0638
2025-07-14 13:44:36 - INFO - Epoch 518 finished. Average Training Loss: -0.0583
2025-07-14 13:44:38 - INFO - Epoch 519 finished. Average Training Loss: -0.1856
2025-07-14 13:44:39 - INFO - Epoch 520 finished. Average Training Loss: -0.0700
2025-07-14 13:44:39 - INFO - Saved checkpoint for epoch 520 to ./result/VNet_Multi_V5/LA_16/Pth/model_epoch_520.pth
2025-07-14 13:44:40 - INFO - Epoch 521 finished. Average Training Loss: -0.0587
2025-07-14 13:44:42 - INFO - Epoch 522 finished. Average Training Loss: -0.0804
2025-07-14 13:44:43 - INFO - Epoch 523 finished. Average Training Loss: -0.1008
2025-07-14 13:44:45 - INFO - Epoch 524 finished. Average Training Loss: -0.0973
2025-07-14 13:44:47 - INFO - Epoch 525 finished. Average Training Loss: -0.0231
2025-07-14 13:44:49 - INFO - Epoch 526 finished. Average Training Loss: -0.1243
2025-07-14 13:44:50 - INFO - Epoch 527 finished. Average Training Loss: -0.1217
2025-07-14 13:44:52 - INFO - Epoch 528 finished. Average Training Loss: -0.0936
2025-07-14 13:44:53 - INFO - Epoch 529 finished. Average Training Loss: -0.0933
2025-07-14 13:44:55 - INFO - Epoch 530 finished. Average Training Loss: -0.0967
2025-07-14 13:44:57 - INFO - Epoch 531 finished. Average Training Loss: -0.0746
2025-07-14 13:44:59 - INFO - Epoch 532 finished. Average Training Loss: -0.1225
2025-07-14 13:45:01 - INFO - Epoch 533 finished. Average Training Loss: -0.0699
2025-07-14 13:45:02 - INFO - Epoch 534 finished. Average Training Loss: -0.1563
2025-07-14 13:45:04 - INFO - Epoch 535 finished. Average Training Loss: -0.1747
2025-07-14 13:45:05 - INFO - Epoch 536 finished. Average Training Loss: -0.1191
2025-07-14 13:45:07 - INFO - Epoch 537 finished. Average Training Loss: -0.0722
2025-07-14 13:45:09 - INFO - Epoch 538 finished. Average Training Loss: -0.2270
2025-07-14 13:45:11 - INFO - Epoch 539 finished. Average Training Loss: -0.0592
2025-07-14 13:45:13 - INFO - Epoch 540 finished. Average Training Loss: -0.0799
2025-07-14 13:45:13 - INFO - Saved checkpoint for epoch 540 to ./result/VNet_Multi_V5/LA_16/Pth/model_epoch_540.pth
2025-07-14 13:45:15 - INFO - Epoch 541 finished. Average Training Loss: -0.0944
2025-07-14 13:45:17 - INFO - Epoch 542 finished. Average Training Loss: -0.1148
2025-07-14 13:45:19 - INFO - Epoch 543 finished. Average Training Loss: -0.1241
2025-07-14 13:45:21 - INFO - Epoch 544 finished. Average Training Loss: -0.0316
2025-07-14 13:45:22 - INFO - Epoch 545 finished. Average Training Loss: -0.0892
2025-07-14 13:45:25 - INFO - Epoch 546 finished. Average Training Loss: -0.0884
2025-07-14 13:45:26 - INFO - Epoch 547 finished. Average Training Loss: -0.1832
2025-07-14 13:45:28 - INFO - Epoch 548 finished. Average Training Loss: -0.1689
2025-07-14 13:45:31 - INFO - Epoch 549 finished. Average Training Loss: -0.1998
2025-07-14 13:45:32 - INFO - Epoch 550 finished. Average Training Loss: -0.1737
2025-07-14 13:45:34 - INFO - Epoch 551 finished. Average Training Loss: -0.1884
2025-07-14 13:45:36 - INFO - Epoch 552 finished. Average Training Loss: -0.1933
2025-07-14 13:45:37 - INFO - Epoch 553 finished. Average Training Loss: -0.0329
2025-07-14 13:45:39 - INFO - Epoch 554 finished. Average Training Loss: -0.1199
2025-07-14 13:45:41 - INFO - Epoch 555 finished. Average Training Loss: -0.1489
2025-07-14 13:45:43 - INFO - Epoch 556 finished. Average Training Loss: -0.1575
2025-07-14 13:45:44 - INFO - Epoch 557 finished. Average Training Loss: -0.1271
2025-07-14 13:45:45 - INFO - Epoch 558 finished. Average Training Loss: -0.1533
2025-07-14 13:45:46 - INFO - Epoch 559 finished. Average Training Loss: -0.1316
2025-07-14 13:45:47 - INFO - Epoch 560 finished. Average Training Loss: -0.1798
2025-07-14 13:45:48 - INFO - Saved checkpoint for epoch 560 to ./result/VNet_Multi_V5/LA_16/Pth/model_epoch_560.pth
2025-07-14 13:45:49 - INFO - Epoch 561 finished. Average Training Loss: -0.1153
2025-07-14 13:45:51 - INFO - Epoch 562 finished. Average Training Loss: 0.1075
2025-07-14 13:45:53 - INFO - Epoch 563 finished. Average Training Loss: 0.0589
2025-07-14 13:45:55 - INFO - Epoch 564 finished. Average Training Loss: -0.1836
2025-07-14 13:45:56 - INFO - Epoch 565 finished. Average Training Loss: -0.1546
2025-07-14 13:45:58 - INFO - Epoch 566 finished. Average Training Loss: -0.0350
2025-07-14 13:46:00 - INFO - Epoch 567 finished. Average Training Loss: -0.0565
2025-07-14 13:46:01 - INFO - Epoch 568 finished. Average Training Loss: 0.0858
2025-07-14 13:46:03 - INFO - Epoch 569 finished. Average Training Loss: -0.1352
2025-07-14 13:46:05 - INFO - Epoch 570 finished. Average Training Loss: -0.1170
2025-07-14 13:46:06 - INFO - Epoch 571 finished. Average Training Loss: -0.1354
2025-07-14 13:46:08 - INFO - Epoch 572 finished. Average Training Loss: -0.0229
2025-07-14 13:46:10 - INFO - Epoch 573 finished. Average Training Loss: -0.2017
2025-07-14 13:46:12 - INFO - Epoch 574 finished. Average Training Loss: -0.1634
2025-07-14 13:46:13 - INFO - Epoch 575 finished. Average Training Loss: -0.1095
2025-07-14 13:46:15 - INFO - Epoch 576 finished. Average Training Loss: -0.1612
2025-07-14 13:46:16 - INFO - Epoch 577 finished. Average Training Loss: -0.1075
2025-07-14 13:46:18 - INFO - Epoch 578 finished. Average Training Loss: -0.1108
2025-07-14 13:46:20 - INFO - Epoch 579 finished. Average Training Loss: -0.1856
2025-07-14 13:46:21 - INFO - Epoch 580 finished. Average Training Loss: -0.0327
2025-07-14 13:46:21 - INFO - Saved checkpoint for epoch 580 to ./result/VNet_Multi_V5/LA_16/Pth/model_epoch_580.pth
2025-07-14 13:46:23 - INFO - Epoch 581 finished. Average Training Loss: -0.2161
2025-07-14 13:46:25 - INFO - Epoch 582 finished. Average Training Loss: -0.1649
2025-07-14 13:46:27 - INFO - Epoch 583 finished. Average Training Loss: -0.0838
2025-07-14 13:46:28 - INFO - Epoch 584 finished. Average Training Loss: -0.1639
2025-07-14 13:46:30 - INFO - Epoch 585 finished. Average Training Loss: -0.0296
2025-07-14 13:46:32 - INFO - Epoch 586 finished. Average Training Loss: -0.1709
2025-07-14 13:46:33 - INFO - Epoch 587 finished. Average Training Loss: -0.1377
2025-07-14 13:46:35 - INFO - Epoch 588 finished. Average Training Loss: -0.1917
2025-07-14 13:46:37 - INFO - Epoch 589 finished. Average Training Loss: -0.1943
2025-07-14 13:46:38 - INFO - Epoch 590 finished. Average Training Loss: -0.2287
2025-07-14 13:46:40 - INFO - Epoch 591 finished. Average Training Loss: -0.1378
2025-07-14 13:46:42 - INFO - Epoch 592 finished. Average Training Loss: -0.2211
2025-07-14 13:46:44 - INFO - Epoch 593 finished. Average Training Loss: -0.1836
2025-07-14 13:46:45 - INFO - Epoch 594 finished. Average Training Loss: -0.0500
2025-07-14 13:46:47 - INFO - Epoch 595 finished. Average Training Loss: -0.2023
2025-07-14 13:46:48 - INFO - Epoch 596 finished. Average Training Loss: -0.0970
2025-07-14 13:46:49 - INFO - Epoch 597 finished. Average Training Loss: -0.1559
2025-07-14 13:46:50 - INFO - Epoch 598 finished. Average Training Loss: -0.2105
2025-07-14 13:46:52 - INFO - Epoch 599 finished. Average Training Loss: -0.1379
2025-07-14 13:46:54 - INFO - Epoch 600 finished. Average Training Loss: -0.1728
2025-07-14 13:46:54 - INFO - Saved checkpoint for epoch 600 to ./result/VNet_Multi_V5/LA_16/Pth/model_epoch_600.pth
2025-07-14 13:46:54 - INFO - Training complete!
