2025-07-01 15:09:21 - INFO - Logging is set up.
2025-07-01 15:09:21 - INFO - 
======================================== New Training Session Started ========================================
2025-07-01 15:09:21 - INFO - Initialized distributed training on GPU 0. World size: 2
2025-07-01 15:09:21 - INFO - Training configuration:
{
  "seed": 42,
  "epochs": 600,
  "batch_size": 2,
  "learning_rate": 0.001,
  "log_path": "./result/VNet_Multi_V2/Amos_90/Training.log",
  "pth_path": "./result/VNet_Multi_V2/Amos_90/Pth",
  "tensorboard_path": "./result/VNet_Multi_V2/Amos_90/Train",
  "continue_train": false,
  "multi_gpu": true,
  "training_num": 90,
  "dataset_path": "./datasets/AMOS",
  "num_classes": 16,
  "patch_size": [
    160,
    160,
    80
  ]
}
2025-07-01 15:09:21 - INFO - Creating new TensorBoard log directory: ./result/VNet_Multi_V2/Amos_90/Train/20250701-150921
2025-07-01 15:09:21 - INFO - Initializing AMOS dataset...
2025-07-01 15:09:21 - INFO - Logging is set up.
2025-07-01 15:09:21 - INFO - 
======================================== New Training Session Started ========================================
2025-07-01 15:09:21 - INFO - Initialized distributed training on GPU 1. World size: 2
2025-07-01 15:09:21 - INFO - Training configuration:
{
  "seed": 42,
  "epochs": 600,
  "batch_size": 2,
  "learning_rate": 0.001,
  "log_path": "./result/VNet_Multi_V2/Amos_90/Training.log",
  "pth_path": "./result/VNet_Multi_V2/Amos_90/Pth",
  "tensorboard_path": "./result/VNet_Multi_V2/Amos_90/Train",
  "continue_train": false,
  "multi_gpu": true,
  "training_num": 90,
  "dataset_path": "./datasets/AMOS",
  "num_classes": 16,
  "patch_size": [
    160,
    160,
    80
  ]
}
2025-07-01 15:09:21 - INFO - Initializing AMOS dataset...
2025-07-01 15:09:22 - INFO - Successfully loaded 90 training samples.
2025-07-01 15:09:22 - INFO - DataLoader created with batch size: 2, num_workers: 24, shuffle: False.
2025-07-01 15:09:22 - INFO - Initializing VNet model...
2025-07-01 15:09:22 - INFO - Model VNet created with 16 classes and batch normalization.
2025-07-01 15:09:22 - INFO - Successfully loaded 90 training samples.
2025-07-01 15:09:22 - INFO - DataLoader created with batch size: 2, num_workers: 24, shuffle: False.
2025-07-01 15:09:22 - INFO - Initializing VNet model...
2025-07-01 15:09:22 - INFO - Model VNet created with 16 classes and batch normalization.
2025-07-01 15:09:23 - INFO - Starting training from scratch.
2025-07-01 15:09:23 - INFO - Starting training from scratch.
2025-07-01 15:09:24 - INFO - Wrapped model with DistributedDataParallel (DDP).
2025-07-01 15:09:24 - INFO - Using loss function: UnifiedLoss with parameters: num_classes=16, lambda_reg=0.3, loss_weight=[1,1]
2025-07-01 15:09:24 - INFO - Wrapped model with DistributedDataParallel (DDP).
2025-07-01 15:09:24 - INFO - Using loss function: UnifiedLoss with parameters: num_classes=16, lambda_reg=0.3, loss_weight=[1,1]
2025-07-01 15:09:24 - INFO - Optimizer: AdamW with learning rate: 0.001, weight_decay: 0.01
2025-07-01 15:09:24 - INFO - Starting model training from epoch 1 to 600...
2025-07-01 15:09:24 - INFO - Optimizer: AdamW with learning rate: 0.001, weight_decay: 0.01
2025-07-01 15:09:24 - INFO - Starting model training from epoch 1 to 600...
2025-07-01 15:10:07 - INFO - Epoch 1/600 finished. Average Training Loss: 4.0495
2025-07-01 15:10:50 - INFO - Epoch 2/600 finished. Average Training Loss: 3.4211
2025-07-01 15:11:31 - INFO - Epoch 3/600 finished. Average Training Loss: 3.1287
2025-07-01 15:12:13 - INFO - Epoch 4/600 finished. Average Training Loss: 2.6904
2025-07-01 15:12:55 - INFO - Epoch 5/600 finished. Average Training Loss: 2.3090
2025-07-01 15:13:36 - INFO - Epoch 6/600 finished. Average Training Loss: 2.0531
2025-07-01 15:14:19 - INFO - Epoch 7/600 finished. Average Training Loss: 1.8492
2025-07-01 15:15:00 - INFO - Epoch 8/600 finished. Average Training Loss: 1.6732
2025-07-01 15:15:42 - INFO - Epoch 9/600 finished. Average Training Loss: 1.4597
2025-07-01 15:16:24 - INFO - Epoch 10/600 finished. Average Training Loss: 1.3537
2025-07-01 15:17:06 - INFO - Epoch 11/600 finished. Average Training Loss: 1.2458
2025-07-01 15:17:49 - INFO - Epoch 12/600 finished. Average Training Loss: 1.0876
2025-07-01 15:18:31 - INFO - Epoch 13/600 finished. Average Training Loss: 1.0551
2025-07-01 15:19:13 - INFO - Epoch 14/600 finished. Average Training Loss: 1.0707
2025-07-01 15:19:55 - INFO - Epoch 15/600 finished. Average Training Loss: 0.9546
2025-07-01 15:20:37 - INFO - Epoch 16/600 finished. Average Training Loss: 0.8697
2025-07-01 15:21:19 - INFO - Epoch 17/600 finished. Average Training Loss: 0.8236
2025-07-01 15:22:01 - INFO - Epoch 18/600 finished. Average Training Loss: 0.7121
2025-07-01 15:22:44 - INFO - Epoch 19/600 finished. Average Training Loss: 0.6481
2025-07-01 15:23:25 - INFO - Epoch 20/600 finished. Average Training Loss: 0.6976
2025-07-01 15:23:26 - INFO - Saved checkpoint for epoch 20 to ./result/VNet_Multi_V2/Amos_90/Pth/model_epoch_20_checkpoint.pth
2025-07-01 15:24:07 - INFO - Epoch 21/600 finished. Average Training Loss: 0.6668
2025-07-01 15:24:50 - INFO - Epoch 22/600 finished. Average Training Loss: 0.6403
2025-07-01 15:25:31 - INFO - Epoch 23/600 finished. Average Training Loss: 0.5316
2025-07-01 15:26:13 - INFO - Epoch 24/600 finished. Average Training Loss: 0.5886
2025-07-01 15:26:56 - INFO - Epoch 25/600 finished. Average Training Loss: 0.6459
2025-07-01 15:27:38 - INFO - Epoch 26/600 finished. Average Training Loss: 0.4581
2025-07-01 15:28:20 - INFO - Epoch 27/600 finished. Average Training Loss: 0.5249
2025-07-01 15:29:02 - INFO - Epoch 28/600 finished. Average Training Loss: 0.5212
2025-07-01 15:29:44 - INFO - Epoch 29/600 finished. Average Training Loss: 0.4703
2025-07-01 15:30:26 - INFO - Epoch 30/600 finished. Average Training Loss: 3.0854
2025-07-01 15:31:08 - INFO - Epoch 31/600 finished. Average Training Loss: 0.4519
2025-07-01 15:31:49 - INFO - Epoch 32/600 finished. Average Training Loss: 1.0894
2025-07-01 15:32:30 - INFO - Epoch 33/600 finished. Average Training Loss: 0.3479
2025-07-01 15:33:11 - INFO - Epoch 34/600 finished. Average Training Loss: 0.4446
2025-07-01 15:33:53 - INFO - Epoch 35/600 finished. Average Training Loss: 0.4426
2025-07-01 15:34:34 - INFO - Epoch 36/600 finished. Average Training Loss: 0.3388
2025-07-01 15:35:16 - INFO - Epoch 37/600 finished. Average Training Loss: 0.1499
2025-07-01 15:35:59 - INFO - Epoch 38/600 finished. Average Training Loss: 0.2708
2025-07-01 15:36:41 - INFO - Epoch 39/600 finished. Average Training Loss: 0.1837
2025-07-01 15:37:23 - INFO - Epoch 40/600 finished. Average Training Loss: 0.1322
2025-07-01 15:37:24 - INFO - Saved checkpoint for epoch 40 to ./result/VNet_Multi_V2/Amos_90/Pth/model_epoch_40_checkpoint.pth
2025-07-01 15:38:05 - INFO - Epoch 41/600 finished. Average Training Loss: 0.1289
2025-07-01 15:38:47 - INFO - Epoch 42/600 finished. Average Training Loss: 0.1966
2025-07-01 15:39:29 - INFO - Epoch 43/600 finished. Average Training Loss: 0.0911
2025-07-01 15:40:10 - INFO - Epoch 44/600 finished. Average Training Loss: -0.0811
2025-07-01 15:40:52 - INFO - Epoch 45/600 finished. Average Training Loss: 0.0197
2025-07-01 15:41:33 - INFO - Epoch 46/600 finished. Average Training Loss: 0.0672
2025-07-01 15:42:14 - INFO - Epoch 47/600 finished. Average Training Loss: 0.0198
2025-07-01 15:42:55 - INFO - Epoch 48/600 finished. Average Training Loss: -0.0427
2025-07-01 15:43:37 - INFO - Epoch 49/600 finished. Average Training Loss: 0.2730
2025-07-01 15:44:19 - INFO - Epoch 50/600 finished. Average Training Loss: 1.1117
2025-07-01 15:45:01 - INFO - Epoch 51/600 finished. Average Training Loss: 0.2505
2025-07-01 15:45:43 - INFO - Epoch 52/600 finished. Average Training Loss: 0.0320
2025-07-01 15:46:24 - INFO - Epoch 53/600 finished. Average Training Loss: -0.0696
2025-07-01 15:47:06 - INFO - Epoch 54/600 finished. Average Training Loss: -0.1596
2025-07-01 15:47:47 - INFO - Epoch 55/600 finished. Average Training Loss: -0.0726
2025-07-01 15:48:29 - INFO - Epoch 56/600 finished. Average Training Loss: 0.8906
2025-07-01 15:49:10 - INFO - Epoch 57/600 finished. Average Training Loss: -0.1895
2025-07-01 15:49:53 - INFO - Epoch 58/600 finished. Average Training Loss: 0.4925
2025-07-01 15:50:35 - INFO - Epoch 59/600 finished. Average Training Loss: -0.1803
2025-07-01 15:51:17 - INFO - Epoch 60/600 finished. Average Training Loss: -0.0754
2025-07-01 15:51:17 - INFO - Saved checkpoint for epoch 60 to ./result/VNet_Multi_V2/Amos_90/Pth/model_epoch_60_checkpoint.pth
2025-07-01 15:51:55 - INFO - Epoch 61/600 finished. Average Training Loss: -0.2485
2025-07-01 15:52:23 - INFO - Epoch 62/600 finished. Average Training Loss: -0.2352
2025-07-01 15:52:51 - INFO - Epoch 63/600 finished. Average Training Loss: -0.2446
2025-07-01 15:53:20 - INFO - Epoch 64/600 finished. Average Training Loss: -0.2839
2025-07-01 15:53:48 - INFO - Epoch 65/600 finished. Average Training Loss: -0.4045
2025-07-01 15:54:16 - INFO - Epoch 66/600 finished. Average Training Loss: -0.3406
2025-07-01 15:54:44 - INFO - Epoch 67/600 finished. Average Training Loss: -0.3975
2025-07-01 15:55:13 - INFO - Epoch 68/600 finished. Average Training Loss: -0.3519
2025-07-01 15:55:41 - INFO - Epoch 69/600 finished. Average Training Loss: -0.2469
2025-07-01 15:56:10 - INFO - Epoch 70/600 finished. Average Training Loss: -0.2276
2025-07-01 15:56:38 - INFO - Epoch 71/600 finished. Average Training Loss: -0.3890
2025-07-01 15:57:06 - INFO - Epoch 72/600 finished. Average Training Loss: -0.4602
2025-07-01 15:57:34 - INFO - Epoch 73/600 finished. Average Training Loss: -0.4676
2025-07-01 15:58:03 - INFO - Epoch 74/600 finished. Average Training Loss: 0.4287
2025-07-01 15:58:31 - INFO - Epoch 75/600 finished. Average Training Loss: -0.4059
2025-07-01 15:58:59 - INFO - Epoch 76/600 finished. Average Training Loss: 14.5128
2025-07-01 15:59:27 - INFO - Epoch 77/600 finished. Average Training Loss: -0.4727
2025-07-01 15:59:56 - INFO - Epoch 78/600 finished. Average Training Loss: -0.4741
2025-07-01 16:00:24 - INFO - Epoch 79/600 finished. Average Training Loss: -0.4201
2025-07-01 16:00:52 - INFO - Epoch 80/600 finished. Average Training Loss: -0.3938
2025-07-01 16:00:52 - INFO - Saved checkpoint for epoch 80 to ./result/VNet_Multi_V2/Amos_90/Pth/model_epoch_80_checkpoint.pth
2025-07-01 16:01:20 - INFO - Epoch 81/600 finished. Average Training Loss: 13.7921
2025-07-01 16:01:48 - INFO - Epoch 82/600 finished. Average Training Loss: -0.4273
2025-07-01 16:02:16 - INFO - Epoch 83/600 finished. Average Training Loss: -0.4837
2025-07-01 16:02:45 - INFO - Epoch 84/600 finished. Average Training Loss: -0.4285
2025-07-01 16:03:13 - INFO - Epoch 85/600 finished. Average Training Loss: -0.0451
2025-07-01 16:03:41 - INFO - Epoch 86/600 finished. Average Training Loss: -0.4340
2025-07-01 16:04:09 - INFO - Epoch 87/600 finished. Average Training Loss: 0.0969
2025-07-01 16:04:37 - INFO - Epoch 88/600 finished. Average Training Loss: -0.4562
2025-07-01 16:05:05 - INFO - Epoch 89/600 finished. Average Training Loss: -0.4959
2025-07-01 16:05:34 - INFO - Epoch 90/600 finished. Average Training Loss: 5.1371
2025-07-01 16:06:02 - INFO - Epoch 91/600 finished. Average Training Loss: 0.2026
2025-07-01 16:06:30 - INFO - Epoch 92/600 finished. Average Training Loss: 1.0788
2025-07-01 16:06:58 - INFO - Epoch 93/600 finished. Average Training Loss: 2.8289
2025-07-01 16:07:27 - INFO - Epoch 94/600 finished. Average Training Loss: 0.3203
2025-07-01 16:07:55 - INFO - Epoch 95/600 finished. Average Training Loss: -0.0440
2025-07-01 16:08:23 - INFO - Epoch 96/600 finished. Average Training Loss: -0.4274
2025-07-01 16:08:48 - INFO - Epoch 97/600 finished. Average Training Loss: -0.2833
2025-07-01 16:09:03 - INFO - Epoch 98/600 finished. Average Training Loss: -0.6100
2025-07-01 16:09:17 - INFO - Epoch 99/600 finished. Average Training Loss: 23.2519
2025-07-01 16:09:32 - INFO - Epoch 100/600 finished. Average Training Loss: -0.5923
2025-07-01 16:09:32 - INFO - Saved checkpoint for epoch 100 to ./result/VNet_Multi_V2/Amos_90/Pth/model_epoch_100_checkpoint.pth
2025-07-01 16:09:46 - INFO - Epoch 101/600 finished. Average Training Loss: -0.5744
2025-07-01 16:10:01 - INFO - Epoch 102/600 finished. Average Training Loss: -0.4293
2025-07-01 16:10:15 - INFO - Epoch 103/600 finished. Average Training Loss: -0.4658
2025-07-01 16:10:30 - INFO - Epoch 104/600 finished. Average Training Loss: -0.6162
2025-07-01 16:10:45 - INFO - Epoch 105/600 finished. Average Training Loss: -0.5585
2025-07-01 16:11:00 - INFO - Epoch 106/600 finished. Average Training Loss: -0.4552
2025-07-01 16:11:14 - INFO - Epoch 107/600 finished. Average Training Loss: -0.5610
2025-07-01 16:11:29 - INFO - Epoch 108/600 finished. Average Training Loss: -0.3758
2025-07-01 16:11:43 - INFO - Epoch 109/600 finished. Average Training Loss: -0.6112
2025-07-01 16:11:58 - INFO - Epoch 110/600 finished. Average Training Loss: -0.6387
2025-07-01 16:12:12 - INFO - Epoch 111/600 finished. Average Training Loss: -0.4818
2025-07-01 16:12:26 - INFO - Epoch 112/600 finished. Average Training Loss: -0.6256
2025-07-01 16:12:41 - INFO - Epoch 113/600 finished. Average Training Loss: -0.4888
2025-07-01 16:12:56 - INFO - Epoch 114/600 finished. Average Training Loss: -0.6743
2025-07-01 16:13:10 - INFO - Epoch 115/600 finished. Average Training Loss: 22.5107
2025-07-01 16:13:25 - INFO - Epoch 116/600 finished. Average Training Loss: 0.0067
2025-07-01 16:13:40 - INFO - Epoch 117/600 finished. Average Training Loss: -0.7143
2025-07-01 16:13:54 - INFO - Epoch 118/600 finished. Average Training Loss: -0.7475
2025-07-01 16:14:09 - INFO - Epoch 119/600 finished. Average Training Loss: 0.0037
2025-07-01 16:14:23 - INFO - Epoch 120/600 finished. Average Training Loss: -0.3920
2025-07-01 16:14:24 - INFO - Saved checkpoint for epoch 120 to ./result/VNet_Multi_V2/Amos_90/Pth/model_epoch_120_checkpoint.pth
2025-07-01 16:14:38 - INFO - Epoch 121/600 finished. Average Training Loss: -0.5534
2025-07-01 16:14:52 - INFO - Epoch 122/600 finished. Average Training Loss: -0.5996
2025-07-01 16:15:07 - INFO - Epoch 123/600 finished. Average Training Loss: -0.7657
2025-07-01 16:15:22 - INFO - Epoch 124/600 finished. Average Training Loss: 0.0335
2025-07-01 16:15:36 - INFO - Epoch 125/600 finished. Average Training Loss: -0.8057
2025-07-01 16:15:51 - INFO - Epoch 126/600 finished. Average Training Loss: -0.2700
2025-07-01 16:16:05 - INFO - Epoch 127/600 finished. Average Training Loss: -0.2220
2025-07-01 16:16:20 - INFO - Epoch 128/600 finished. Average Training Loss: 0.0338
2025-07-01 16:16:34 - INFO - Epoch 129/600 finished. Average Training Loss: -0.4986
2025-07-01 16:16:49 - INFO - Epoch 130/600 finished. Average Training Loss: -0.7204
2025-07-01 16:17:03 - INFO - Epoch 131/600 finished. Average Training Loss: -0.7651
2025-07-01 16:17:18 - INFO - Epoch 132/600 finished. Average Training Loss: 12.6833
2025-07-01 16:17:32 - INFO - Epoch 133/600 finished. Average Training Loss: -0.7264
2025-07-01 16:17:47 - INFO - Epoch 134/600 finished. Average Training Loss: -0.6920
2025-07-01 16:18:02 - INFO - Epoch 135/600 finished. Average Training Loss: -0.7203
2025-07-01 16:18:16 - INFO - Epoch 136/600 finished. Average Training Loss: -0.7359
2025-07-01 16:18:31 - INFO - Epoch 137/600 finished. Average Training Loss: 4.1501
2025-07-01 16:18:45 - INFO - Epoch 138/600 finished. Average Training Loss: -0.6239
2025-07-01 16:19:00 - INFO - Epoch 139/600 finished. Average Training Loss: -0.6604
2025-07-01 16:19:14 - INFO - Epoch 140/600 finished. Average Training Loss: -0.8072
2025-07-01 16:19:15 - INFO - Saved checkpoint for epoch 140 to ./result/VNet_Multi_V2/Amos_90/Pth/model_epoch_140_checkpoint.pth
2025-07-01 16:19:29 - INFO - Epoch 141/600 finished. Average Training Loss: -0.2161
2025-07-01 16:19:43 - INFO - Epoch 142/600 finished. Average Training Loss: -0.4583
2025-07-01 16:19:58 - INFO - Epoch 143/600 finished. Average Training Loss: -0.6740
2025-07-01 16:20:12 - INFO - Epoch 144/600 finished. Average Training Loss: -0.7232
2025-07-01 16:20:27 - INFO - Epoch 145/600 finished. Average Training Loss: 33.8062
2025-07-01 16:20:41 - INFO - Epoch 146/600 finished. Average Training Loss: -0.3526
2025-07-01 16:20:56 - INFO - Epoch 147/600 finished. Average Training Loss: -0.7648
2025-07-01 16:21:10 - INFO - Epoch 148/600 finished. Average Training Loss: -0.7169
2025-07-01 16:21:25 - INFO - Epoch 149/600 finished. Average Training Loss: -0.7428
2025-07-01 16:21:40 - INFO - Epoch 150/600 finished. Average Training Loss: -0.7538
2025-07-01 16:21:54 - INFO - Epoch 151/600 finished. Average Training Loss: -0.1959
2025-07-01 16:22:09 - INFO - Epoch 152/600 finished. Average Training Loss: -0.7208
2025-07-01 16:22:23 - INFO - Epoch 153/600 finished. Average Training Loss: -0.8576
2025-07-01 16:22:38 - INFO - Epoch 154/600 finished. Average Training Loss: -0.6654
2025-07-01 16:22:52 - INFO - Epoch 155/600 finished. Average Training Loss: -0.6473
2025-07-01 16:23:07 - INFO - Epoch 156/600 finished. Average Training Loss: 0.5071
2025-07-01 16:23:21 - INFO - Epoch 157/600 finished. Average Training Loss: -0.2146
2025-07-01 16:23:36 - INFO - Epoch 158/600 finished. Average Training Loss: -0.7698
2025-07-01 16:23:51 - INFO - Epoch 159/600 finished. Average Training Loss: 0.3584
2025-07-01 16:24:05 - INFO - Epoch 160/600 finished. Average Training Loss: -0.7772
2025-07-01 16:24:06 - INFO - Saved checkpoint for epoch 160 to ./result/VNet_Multi_V2/Amos_90/Pth/model_epoch_160_checkpoint.pth
2025-07-01 16:24:20 - INFO - Epoch 161/600 finished. Average Training Loss: -0.5964
2025-07-01 16:24:34 - INFO - Epoch 162/600 finished. Average Training Loss: 10.4432
2025-07-01 16:24:49 - INFO - Epoch 163/600 finished. Average Training Loss: 3.9313
2025-07-01 16:25:03 - INFO - Epoch 164/600 finished. Average Training Loss: 0.6609
2025-07-01 16:25:18 - INFO - Epoch 165/600 finished. Average Training Loss: 0.6860
2025-07-01 16:25:32 - INFO - Epoch 166/600 finished. Average Training Loss: -0.7915
2025-07-01 16:25:47 - INFO - Epoch 167/600 finished. Average Training Loss: 1.0473
2025-07-01 16:26:01 - INFO - Epoch 168/600 finished. Average Training Loss: -0.7043
2025-07-01 16:26:16 - INFO - Epoch 169/600 finished. Average Training Loss: -0.8286
2025-07-01 16:26:31 - INFO - Epoch 170/600 finished. Average Training Loss: -0.7946
2025-07-01 16:26:45 - INFO - Epoch 171/600 finished. Average Training Loss: -0.0252
2025-07-01 16:27:00 - INFO - Epoch 172/600 finished. Average Training Loss: -0.1047
2025-07-01 16:27:14 - INFO - Epoch 173/600 finished. Average Training Loss: -0.8632
2025-07-01 16:27:29 - INFO - Epoch 174/600 finished. Average Training Loss: 1.7372
2025-07-01 16:27:43 - INFO - Epoch 175/600 finished. Average Training Loss: 0.3608
2025-07-01 16:27:58 - INFO - Epoch 176/600 finished. Average Training Loss: 0.0432
2025-07-01 16:28:12 - INFO - Epoch 177/600 finished. Average Training Loss: -0.1292
2025-07-01 16:28:27 - INFO - Epoch 178/600 finished. Average Training Loss: 0.2189
2025-07-01 16:28:42 - INFO - Epoch 179/600 finished. Average Training Loss: -0.6999
2025-07-01 16:28:56 - INFO - Epoch 180/600 finished. Average Training Loss: -0.6673
2025-07-01 16:28:56 - INFO - Saved checkpoint for epoch 180 to ./result/VNet_Multi_V2/Amos_90/Pth/model_epoch_180_checkpoint.pth
2025-07-01 16:29:11 - INFO - Epoch 181/600 finished. Average Training Loss: -0.1727
2025-07-01 16:29:25 - INFO - Epoch 182/600 finished. Average Training Loss: -0.8295
2025-07-01 16:29:40 - INFO - Epoch 183/600 finished. Average Training Loss: -0.7639
2025-07-01 16:29:54 - INFO - Epoch 184/600 finished. Average Training Loss: -0.7439
2025-07-01 16:30:09 - INFO - Epoch 185/600 finished. Average Training Loss: -0.8461
2025-07-01 16:30:23 - INFO - Epoch 186/600 finished. Average Training Loss: 1.5123
2025-07-01 16:30:37 - INFO - Epoch 187/600 finished. Average Training Loss: -0.8129
2025-07-01 16:30:52 - INFO - Epoch 188/600 finished. Average Training Loss: -0.8067
2025-07-01 16:31:07 - INFO - Epoch 189/600 finished. Average Training Loss: -0.6954
2025-07-01 16:31:21 - INFO - Epoch 190/600 finished. Average Training Loss: 0.0063
2025-07-01 16:31:36 - INFO - Epoch 191/600 finished. Average Training Loss: -0.8393
2025-07-01 16:31:50 - INFO - Epoch 192/600 finished. Average Training Loss: -0.7558
2025-07-01 16:32:05 - INFO - Epoch 193/600 finished. Average Training Loss: -0.7616
2025-07-01 16:32:19 - INFO - Epoch 194/600 finished. Average Training Loss: -0.5663
2025-07-01 16:32:34 - INFO - Epoch 195/600 finished. Average Training Loss: -0.8146
2025-07-01 16:32:48 - INFO - Epoch 196/600 finished. Average Training Loss: -0.2282
2025-07-01 16:33:03 - INFO - Epoch 197/600 finished. Average Training Loss: -0.8278
2025-07-01 16:33:17 - INFO - Epoch 198/600 finished. Average Training Loss: 0.8733
2025-07-01 16:33:32 - INFO - Epoch 199/600 finished. Average Training Loss: -0.7553
2025-07-01 16:33:47 - INFO - Epoch 200/600 finished. Average Training Loss: -0.8685
2025-07-01 16:33:47 - INFO - Saved checkpoint for epoch 200 to ./result/VNet_Multi_V2/Amos_90/Pth/model_epoch_200_checkpoint.pth
2025-07-01 16:34:01 - INFO - Epoch 201/600 finished. Average Training Loss: 2.9584
2025-07-01 16:34:16 - INFO - Epoch 202/600 finished. Average Training Loss: -0.7476
2025-07-01 16:34:30 - INFO - Epoch 203/600 finished. Average Training Loss: -0.2670
2025-07-01 16:34:45 - INFO - Epoch 204/600 finished. Average Training Loss: -0.6244
2025-07-01 16:34:59 - INFO - Epoch 205/600 finished. Average Training Loss: -0.7866
2025-07-01 16:35:14 - INFO - Epoch 206/600 finished. Average Training Loss: -0.7821
2025-07-01 16:35:28 - INFO - Epoch 207/600 finished. Average Training Loss: -0.6226
2025-07-01 16:35:43 - INFO - Epoch 208/600 finished. Average Training Loss: -0.7018
2025-07-01 16:35:58 - INFO - Epoch 209/600 finished. Average Training Loss: -0.3595
2025-07-01 16:36:12 - INFO - Epoch 210/600 finished. Average Training Loss: 0.0532
2025-07-01 16:36:27 - INFO - Epoch 211/600 finished. Average Training Loss: -0.8433
2025-07-01 16:36:41 - INFO - Epoch 212/600 finished. Average Training Loss: -0.5583
2025-07-01 16:36:56 - INFO - Epoch 213/600 finished. Average Training Loss: 7.2427
2025-07-01 16:37:10 - INFO - Epoch 214/600 finished. Average Training Loss: 0.3138
2025-07-01 16:37:25 - INFO - Epoch 215/600 finished. Average Training Loss: -0.3510
2025-07-01 16:37:39 - INFO - Epoch 216/600 finished. Average Training Loss: -0.7185
2025-07-01 16:37:54 - INFO - Epoch 217/600 finished. Average Training Loss: -0.1347
2025-07-01 16:38:08 - INFO - Epoch 218/600 finished. Average Training Loss: -0.7536
2025-07-01 16:38:23 - INFO - Epoch 219/600 finished. Average Training Loss: 0.2728
2025-07-01 16:38:37 - INFO - Epoch 220/600 finished. Average Training Loss: -0.7610
2025-07-01 16:38:38 - INFO - Saved checkpoint for epoch 220 to ./result/VNet_Multi_V2/Amos_90/Pth/model_epoch_220_checkpoint.pth
2025-07-01 16:38:52 - INFO - Epoch 221/600 finished. Average Training Loss: -0.6681
2025-07-01 16:39:06 - INFO - Epoch 222/600 finished. Average Training Loss: -0.8747
2025-07-01 16:39:21 - INFO - Epoch 223/600 finished. Average Training Loss: -0.6324
2025-07-01 16:39:35 - INFO - Epoch 224/600 finished. Average Training Loss: -0.6294
2025-07-01 16:39:50 - INFO - Epoch 225/600 finished. Average Training Loss: -0.5180
2025-07-01 16:40:04 - INFO - Epoch 226/600 finished. Average Training Loss: -0.7366
2025-07-01 16:40:19 - INFO - Epoch 227/600 finished. Average Training Loss: -0.8684
2025-07-01 16:40:33 - INFO - Epoch 228/600 finished. Average Training Loss: -0.6102
2025-07-01 16:40:48 - INFO - Epoch 229/600 finished. Average Training Loss: -0.3179
2025-07-01 16:41:02 - INFO - Epoch 230/600 finished. Average Training Loss: -0.5393
2025-07-01 16:41:17 - INFO - Epoch 231/600 finished. Average Training Loss: 6.1056
2025-07-01 16:41:31 - INFO - Epoch 232/600 finished. Average Training Loss: -0.0732
2025-07-01 16:41:45 - INFO - Epoch 233/600 finished. Average Training Loss: -0.7488
2025-07-01 16:42:00 - INFO - Epoch 234/600 finished. Average Training Loss: -0.8649
2025-07-01 16:42:15 - INFO - Epoch 235/600 finished. Average Training Loss: -0.5629
2025-07-01 16:42:29 - INFO - Epoch 236/600 finished. Average Training Loss: -0.3524
2025-07-01 16:42:44 - INFO - Epoch 237/600 finished. Average Training Loss: -0.5846
2025-07-01 16:42:58 - INFO - Epoch 238/600 finished. Average Training Loss: -0.8337
2025-07-01 16:43:13 - INFO - Epoch 239/600 finished. Average Training Loss: -0.8378
2025-07-01 16:43:28 - INFO - Epoch 240/600 finished. Average Training Loss: 0.4329
2025-07-01 16:43:28 - INFO - Saved checkpoint for epoch 240 to ./result/VNet_Multi_V2/Amos_90/Pth/model_epoch_240_checkpoint.pth
2025-07-01 16:43:42 - INFO - Epoch 241/600 finished. Average Training Loss: -0.8882
2025-07-01 16:43:56 - INFO - Epoch 242/600 finished. Average Training Loss: -0.8390
2025-07-01 16:44:11 - INFO - Epoch 243/600 finished. Average Training Loss: 2.6943
2025-07-01 16:44:26 - INFO - Epoch 244/600 finished. Average Training Loss: -0.7818
2025-07-01 16:44:40 - INFO - Epoch 245/600 finished. Average Training Loss: -0.7105
2025-07-01 16:44:55 - INFO - Epoch 246/600 finished. Average Training Loss: -0.8424
2025-07-01 16:45:09 - INFO - Epoch 247/600 finished. Average Training Loss: -0.8431
2025-07-01 16:45:23 - INFO - Epoch 248/600 finished. Average Training Loss: 6.5534
2025-07-01 16:45:38 - INFO - Epoch 249/600 finished. Average Training Loss: 0.1731
2025-07-01 16:45:52 - INFO - Epoch 250/600 finished. Average Training Loss: -0.8310
2025-07-01 16:46:07 - INFO - Epoch 251/600 finished. Average Training Loss: 0.3007
2025-07-01 16:46:21 - INFO - Epoch 252/600 finished. Average Training Loss: -0.8582
2025-07-01 16:46:36 - INFO - Epoch 253/600 finished. Average Training Loss: -0.4375
2025-07-01 16:46:50 - INFO - Epoch 254/600 finished. Average Training Loss: -0.8233
2025-07-01 16:47:05 - INFO - Epoch 255/600 finished. Average Training Loss: -0.2739
2025-07-01 16:47:19 - INFO - Epoch 256/600 finished. Average Training Loss: -0.8676
2025-07-01 16:47:34 - INFO - Epoch 257/600 finished. Average Training Loss: 0.5403
2025-07-01 16:47:48 - INFO - Epoch 258/600 finished. Average Training Loss: -0.9085
2025-07-01 16:48:03 - INFO - Epoch 259/600 finished. Average Training Loss: -0.9025
2025-07-01 16:48:17 - INFO - Epoch 260/600 finished. Average Training Loss: -0.9006
2025-07-01 16:48:17 - INFO - Saved checkpoint for epoch 260 to ./result/VNet_Multi_V2/Amos_90/Pth/model_epoch_260_checkpoint.pth
2025-07-01 16:48:31 - INFO - Epoch 261/600 finished. Average Training Loss: -0.8636
2025-07-01 16:48:46 - INFO - Epoch 262/600 finished. Average Training Loss: -0.8575
2025-07-01 16:49:00 - INFO - Epoch 263/600 finished. Average Training Loss: -0.5441
2025-07-01 16:49:15 - INFO - Epoch 264/600 finished. Average Training Loss: -0.3245
2025-07-01 16:49:29 - INFO - Epoch 265/600 finished. Average Training Loss: -0.8824
2025-07-01 16:49:44 - INFO - Epoch 266/600 finished. Average Training Loss: -0.7555
2025-07-01 16:49:58 - INFO - Epoch 267/600 finished. Average Training Loss: -0.7771
2025-07-01 16:50:13 - INFO - Epoch 268/600 finished. Average Training Loss: -0.4579
2025-07-01 16:50:27 - INFO - Epoch 269/600 finished. Average Training Loss: -0.7425
2025-07-01 16:50:42 - INFO - Epoch 270/600 finished. Average Training Loss: -0.0027
2025-07-01 16:50:56 - INFO - Epoch 271/600 finished. Average Training Loss: 3.6826
2025-07-01 16:51:11 - INFO - Epoch 272/600 finished. Average Training Loss: -0.9387
2025-07-01 16:51:25 - INFO - Epoch 273/600 finished. Average Training Loss: -0.8281
2025-07-01 16:51:39 - INFO - Epoch 274/600 finished. Average Training Loss: -0.9289
2025-07-01 16:51:54 - INFO - Epoch 275/600 finished. Average Training Loss: -0.7479
2025-07-01 16:52:09 - INFO - Epoch 276/600 finished. Average Training Loss: -0.7809
2025-07-01 16:52:23 - INFO - Epoch 277/600 finished. Average Training Loss: -0.6971
2025-07-01 16:52:38 - INFO - Epoch 278/600 finished. Average Training Loss: 0.1230
2025-07-01 16:52:52 - INFO - Epoch 279/600 finished. Average Training Loss: 0.0086
2025-07-01 16:53:07 - INFO - Epoch 280/600 finished. Average Training Loss: -0.8965
2025-07-01 16:53:07 - INFO - Saved checkpoint for epoch 280 to ./result/VNet_Multi_V2/Amos_90/Pth/model_epoch_280_checkpoint.pth
2025-07-01 16:53:21 - INFO - Epoch 281/600 finished. Average Training Loss: -0.8560
2025-07-01 16:53:36 - INFO - Epoch 282/600 finished. Average Training Loss: -0.9246
2025-07-01 16:53:50 - INFO - Epoch 283/600 finished. Average Training Loss: -0.8727
2025-07-01 16:54:05 - INFO - Epoch 284/600 finished. Average Training Loss: -0.7238
2025-07-01 16:54:19 - INFO - Epoch 285/600 finished. Average Training Loss: -0.7680
2025-07-01 16:54:34 - INFO - Epoch 286/600 finished. Average Training Loss: -0.8680
2025-07-01 16:54:48 - INFO - Epoch 287/600 finished. Average Training Loss: -0.6484
2025-07-01 16:55:03 - INFO - Epoch 288/600 finished. Average Training Loss: -0.8978
2025-07-01 16:55:17 - INFO - Epoch 289/600 finished. Average Training Loss: -0.2121
2025-07-01 16:55:32 - INFO - Epoch 290/600 finished. Average Training Loss: 0.7460
2025-07-01 16:55:46 - INFO - Epoch 291/600 finished. Average Training Loss: -0.9376
2025-07-01 16:56:01 - INFO - Epoch 292/600 finished. Average Training Loss: 0.8637
2025-07-01 16:56:15 - INFO - Epoch 293/600 finished. Average Training Loss: -0.9290
2025-07-01 16:56:30 - INFO - Epoch 294/600 finished. Average Training Loss: -0.9651
2025-07-01 16:56:44 - INFO - Epoch 295/600 finished. Average Training Loss: 3.9712
2025-07-01 16:56:59 - INFO - Epoch 296/600 finished. Average Training Loss: -0.9584
2025-07-01 16:57:14 - INFO - Epoch 297/600 finished. Average Training Loss: -0.9668
2025-07-01 16:57:28 - INFO - Epoch 298/600 finished. Average Training Loss: -0.9476
2025-07-01 16:57:42 - INFO - Epoch 299/600 finished. Average Training Loss: -0.9607
2025-07-01 16:57:57 - INFO - Epoch 300/600 finished. Average Training Loss: -0.7922
2025-07-01 16:57:57 - INFO - Saved checkpoint for epoch 300 to ./result/VNet_Multi_V2/Amos_90/Pth/model_epoch_300_checkpoint.pth
2025-07-01 16:58:11 - INFO - Epoch 301/600 finished. Average Training Loss: -0.9439
2025-07-01 16:58:26 - INFO - Epoch 302/600 finished. Average Training Loss: 8.2231
2025-07-01 16:58:40 - INFO - Epoch 303/600 finished. Average Training Loss: -0.0803
2025-07-01 16:58:55 - INFO - Epoch 304/600 finished. Average Training Loss: 6.0669
2025-07-01 16:59:09 - INFO - Epoch 305/600 finished. Average Training Loss: -0.6459
2025-07-01 16:59:24 - INFO - Epoch 306/600 finished. Average Training Loss: -1.0298
2025-07-01 16:59:38 - INFO - Epoch 307/600 finished. Average Training Loss: -0.0078
2025-07-01 16:59:52 - INFO - Epoch 308/600 finished. Average Training Loss: -0.8841
2025-07-01 17:00:07 - INFO - Epoch 309/600 finished. Average Training Loss: -0.9659
2025-07-01 17:00:21 - INFO - Epoch 310/600 finished. Average Training Loss: -0.7609
2025-07-01 17:00:36 - INFO - Epoch 311/600 finished. Average Training Loss: -0.9523
2025-07-01 17:00:51 - INFO - Epoch 312/600 finished. Average Training Loss: -0.9335
2025-07-01 17:01:05 - INFO - Epoch 313/600 finished. Average Training Loss: -0.9355
2025-07-01 17:01:20 - INFO - Epoch 314/600 finished. Average Training Loss: -0.9877
2025-07-01 17:01:35 - INFO - Epoch 315/600 finished. Average Training Loss: -0.8920
2025-07-01 17:01:49 - INFO - Epoch 316/600 finished. Average Training Loss: -0.7524
2025-07-01 17:02:04 - INFO - Epoch 317/600 finished. Average Training Loss: -0.9797
2025-07-01 17:02:18 - INFO - Epoch 318/600 finished. Average Training Loss: -0.9654
2025-07-01 17:02:33 - INFO - Epoch 319/600 finished. Average Training Loss: -0.9952
2025-07-01 17:02:47 - INFO - Epoch 320/600 finished. Average Training Loss: 4.5647
2025-07-01 17:02:47 - INFO - Saved checkpoint for epoch 320 to ./result/VNet_Multi_V2/Amos_90/Pth/model_epoch_320_checkpoint.pth
2025-07-01 17:03:01 - INFO - Epoch 321/600 finished. Average Training Loss: -0.4380
2025-07-01 17:03:16 - INFO - Epoch 322/600 finished. Average Training Loss: 1.8831
2025-07-01 17:03:30 - INFO - Epoch 323/600 finished. Average Training Loss: -0.7461
2025-07-01 17:03:45 - INFO - Epoch 324/600 finished. Average Training Loss: -1.0041
2025-07-01 17:03:59 - INFO - Epoch 325/600 finished. Average Training Loss: -0.5973
2025-07-01 17:04:14 - INFO - Epoch 326/600 finished. Average Training Loss: -0.6277
2025-07-01 17:04:28 - INFO - Epoch 327/600 finished. Average Training Loss: -0.5204
2025-07-01 17:04:43 - INFO - Epoch 328/600 finished. Average Training Loss: -0.4591
2025-07-01 17:04:57 - INFO - Epoch 329/600 finished. Average Training Loss: -0.9892
2025-07-01 17:05:12 - INFO - Epoch 330/600 finished. Average Training Loss: -0.9844
2025-07-01 17:05:26 - INFO - Epoch 331/600 finished. Average Training Loss: -0.9004
2025-07-01 17:05:41 - INFO - Epoch 332/600 finished. Average Training Loss: -0.9470
2025-07-01 17:05:55 - INFO - Epoch 333/600 finished. Average Training Loss: -0.9322
2025-07-01 17:06:10 - INFO - Epoch 334/600 finished. Average Training Loss: 0.5961
2025-07-01 17:06:24 - INFO - Epoch 335/600 finished. Average Training Loss: -0.1427
2025-07-01 17:06:38 - INFO - Epoch 336/600 finished. Average Training Loss: -0.8214
2025-07-01 17:06:53 - INFO - Epoch 337/600 finished. Average Training Loss: -0.9309
2025-07-01 17:07:08 - INFO - Epoch 338/600 finished. Average Training Loss: -0.9240
2025-07-01 17:07:22 - INFO - Epoch 339/600 finished. Average Training Loss: -0.7691
2025-07-01 17:07:36 - INFO - Epoch 340/600 finished. Average Training Loss: -0.9353
2025-07-01 17:07:37 - INFO - Saved checkpoint for epoch 340 to ./result/VNet_Multi_V2/Amos_90/Pth/model_epoch_340_checkpoint.pth
2025-07-01 17:07:51 - INFO - Epoch 341/600 finished. Average Training Loss: -0.7852
2025-07-01 17:08:05 - INFO - Epoch 342/600 finished. Average Training Loss: -0.7545
2025-07-01 17:08:20 - INFO - Epoch 343/600 finished. Average Training Loss: -0.8786
2025-07-01 17:08:34 - INFO - Epoch 344/600 finished. Average Training Loss: -0.6405
2025-07-01 17:08:49 - INFO - Epoch 345/600 finished. Average Training Loss: -0.5933
2025-07-01 17:09:03 - INFO - Epoch 346/600 finished. Average Training Loss: -0.6940
2025-07-01 17:09:18 - INFO - Epoch 347/600 finished. Average Training Loss: -0.8920
2025-07-01 17:09:32 - INFO - Epoch 348/600 finished. Average Training Loss: -0.9635
2025-07-01 17:09:47 - INFO - Epoch 349/600 finished. Average Training Loss: -0.9765
2025-07-01 17:10:02 - INFO - Epoch 350/600 finished. Average Training Loss: -0.7493
2025-07-01 17:10:16 - INFO - Epoch 351/600 finished. Average Training Loss: -0.9262
2025-07-01 17:10:31 - INFO - Epoch 352/600 finished. Average Training Loss: -0.9741
2025-07-01 17:10:45 - INFO - Epoch 353/600 finished. Average Training Loss: -0.8635
2025-07-01 17:11:00 - INFO - Epoch 354/600 finished. Average Training Loss: -0.9160
2025-07-01 17:11:14 - INFO - Epoch 355/600 finished. Average Training Loss: -0.8275
2025-07-01 17:11:29 - INFO - Epoch 356/600 finished. Average Training Loss: -0.9815
2025-07-01 17:11:43 - INFO - Epoch 357/600 finished. Average Training Loss: -0.9979
2025-07-01 17:11:58 - INFO - Epoch 358/600 finished. Average Training Loss: -0.8854
2025-07-01 17:12:12 - INFO - Epoch 359/600 finished. Average Training Loss: -0.8460
2025-07-01 17:12:27 - INFO - Epoch 360/600 finished. Average Training Loss: -0.7003
2025-07-01 17:12:27 - INFO - Saved checkpoint for epoch 360 to ./result/VNet_Multi_V2/Amos_90/Pth/model_epoch_360_checkpoint.pth
2025-07-01 17:12:41 - INFO - Epoch 361/600 finished. Average Training Loss: -0.9708
2025-07-01 17:12:55 - INFO - Epoch 362/600 finished. Average Training Loss: -0.9031
2025-07-01 17:13:10 - INFO - Epoch 363/600 finished. Average Training Loss: 0.9204
2025-07-01 17:13:24 - INFO - Epoch 364/600 finished. Average Training Loss: -0.9306
2025-07-01 17:13:39 - INFO - Epoch 365/600 finished. Average Training Loss: -0.9934
2025-07-01 17:13:53 - INFO - Epoch 366/600 finished. Average Training Loss: -0.6801
2025-07-01 17:14:08 - INFO - Epoch 367/600 finished. Average Training Loss: -0.9790
2025-07-01 17:14:22 - INFO - Epoch 368/600 finished. Average Training Loss: -0.8145
2025-07-01 17:14:37 - INFO - Epoch 369/600 finished. Average Training Loss: -0.9759
2025-07-01 17:14:51 - INFO - Epoch 370/600 finished. Average Training Loss: -0.9627
2025-07-01 17:15:06 - INFO - Epoch 371/600 finished. Average Training Loss: -0.8169
2025-07-01 17:15:20 - INFO - Epoch 372/600 finished. Average Training Loss: -1.0024
2025-07-01 17:15:35 - INFO - Epoch 373/600 finished. Average Training Loss: -0.6893
2025-07-01 17:15:49 - INFO - Epoch 374/600 finished. Average Training Loss: -1.0023
2025-07-01 17:16:04 - INFO - Epoch 375/600 finished. Average Training Loss: -0.8708
2025-07-01 17:16:18 - INFO - Epoch 376/600 finished. Average Training Loss: -1.0585
2025-07-01 17:16:33 - INFO - Epoch 377/600 finished. Average Training Loss: -1.0224
2025-07-01 17:16:47 - INFO - Epoch 378/600 finished. Average Training Loss: -0.5722
2025-07-01 17:17:02 - INFO - Epoch 379/600 finished. Average Training Loss: -0.8306
2025-07-01 17:17:16 - INFO - Epoch 380/600 finished. Average Training Loss: -0.9640
2025-07-01 17:17:17 - INFO - Saved checkpoint for epoch 380 to ./result/VNet_Multi_V2/Amos_90/Pth/model_epoch_380_checkpoint.pth
2025-07-01 17:17:31 - INFO - Epoch 381/600 finished. Average Training Loss: -0.9946
2025-07-01 17:17:45 - INFO - Epoch 382/600 finished. Average Training Loss: -0.9805
2025-07-01 17:18:00 - INFO - Epoch 383/600 finished. Average Training Loss: -0.9876
2025-07-01 17:18:14 - INFO - Epoch 384/600 finished. Average Training Loss: -0.9470
2025-07-01 17:18:29 - INFO - Epoch 385/600 finished. Average Training Loss: -0.7780
2025-07-01 17:18:44 - INFO - Epoch 386/600 finished. Average Training Loss: -0.9593
2025-07-01 17:18:58 - INFO - Epoch 387/600 finished. Average Training Loss: -0.9671
2025-07-01 17:19:13 - INFO - Epoch 388/600 finished. Average Training Loss: -0.0540
2025-07-01 17:19:27 - INFO - Epoch 389/600 finished. Average Training Loss: -1.0444
2025-07-01 17:19:42 - INFO - Epoch 390/600 finished. Average Training Loss: -0.9630
2025-07-01 17:19:56 - INFO - Epoch 391/600 finished. Average Training Loss: -1.0172
2025-07-01 17:20:11 - INFO - Epoch 392/600 finished. Average Training Loss: -0.9374
2025-07-01 17:20:26 - INFO - Epoch 393/600 finished. Average Training Loss: -1.0096
2025-07-01 17:20:40 - INFO - Epoch 394/600 finished. Average Training Loss: -0.9335
2025-07-01 17:20:55 - INFO - Epoch 395/600 finished. Average Training Loss: -0.5242
2025-07-01 17:21:09 - INFO - Epoch 396/600 finished. Average Training Loss: -0.9528
2025-07-01 17:21:24 - INFO - Epoch 397/600 finished. Average Training Loss: 0.4869
2025-07-01 17:21:38 - INFO - Epoch 398/600 finished. Average Training Loss: -0.6156
2025-07-01 17:21:53 - INFO - Epoch 399/600 finished. Average Training Loss: -0.8739
2025-07-01 17:22:07 - INFO - Epoch 400/600 finished. Average Training Loss: 0.0711
2025-07-01 17:22:07 - INFO - Saved checkpoint for epoch 400 to ./result/VNet_Multi_V2/Amos_90/Pth/model_epoch_400_checkpoint.pth
2025-07-01 17:22:21 - INFO - Epoch 401/600 finished. Average Training Loss: -0.6736
2025-07-01 17:22:36 - INFO - Epoch 402/600 finished. Average Training Loss: -0.7600
2025-07-01 17:22:50 - INFO - Epoch 403/600 finished. Average Training Loss: -1.0305
2025-07-01 17:23:05 - INFO - Epoch 404/600 finished. Average Training Loss: -0.7851
2025-07-01 17:23:19 - INFO - Epoch 405/600 finished. Average Training Loss: -0.8926
2025-07-01 17:23:34 - INFO - Epoch 406/600 finished. Average Training Loss: -1.0352
2025-07-01 17:23:48 - INFO - Epoch 407/600 finished. Average Training Loss: -0.6407
2025-07-01 17:24:03 - INFO - Epoch 408/600 finished. Average Training Loss: -0.9097
2025-07-01 17:24:17 - INFO - Epoch 409/600 finished. Average Training Loss: -1.0731
2025-07-01 17:24:32 - INFO - Epoch 410/600 finished. Average Training Loss: -0.0426
2025-07-01 17:24:46 - INFO - Epoch 411/600 finished. Average Training Loss: -0.1172
2025-07-01 17:25:01 - INFO - Epoch 412/600 finished. Average Training Loss: -0.9079
2025-07-01 17:25:15 - INFO - Epoch 413/600 finished. Average Training Loss: -0.9190
2025-07-01 17:25:30 - INFO - Epoch 414/600 finished. Average Training Loss: -0.8339
2025-07-01 17:25:44 - INFO - Epoch 415/600 finished. Average Training Loss: -0.9756
2025-07-01 17:25:59 - INFO - Epoch 416/600 finished. Average Training Loss: -0.9719
2025-07-01 17:26:13 - INFO - Epoch 417/600 finished. Average Training Loss: -1.0420
2025-07-01 17:26:27 - INFO - Epoch 418/600 finished. Average Training Loss: -0.6480
2025-07-01 17:26:42 - INFO - Epoch 419/600 finished. Average Training Loss: 1.4435
2025-07-01 17:26:56 - INFO - Epoch 420/600 finished. Average Training Loss: -0.8761
2025-07-01 17:26:57 - INFO - Saved checkpoint for epoch 420 to ./result/VNet_Multi_V2/Amos_90/Pth/model_epoch_420_checkpoint.pth
2025-07-01 17:27:11 - INFO - Epoch 421/600 finished. Average Training Loss: -1.0190
2025-07-01 17:27:25 - INFO - Epoch 422/600 finished. Average Training Loss: -0.9577
2025-07-01 17:27:40 - INFO - Epoch 423/600 finished. Average Training Loss: -0.6030
2025-07-01 17:27:54 - INFO - Epoch 424/600 finished. Average Training Loss: 0.6237
2025-07-01 17:28:09 - INFO - Epoch 425/600 finished. Average Training Loss: -1.0491
2025-07-01 17:28:23 - INFO - Epoch 426/600 finished. Average Training Loss: -0.8482
2025-07-01 17:28:38 - INFO - Epoch 427/600 finished. Average Training Loss: -1.0280
2025-07-01 17:28:53 - INFO - Epoch 428/600 finished. Average Training Loss: -0.7134
2025-07-01 17:29:07 - INFO - Epoch 429/600 finished. Average Training Loss: -1.0724
2025-07-01 17:29:22 - INFO - Epoch 430/600 finished. Average Training Loss: -0.9137
2025-07-01 17:29:36 - INFO - Epoch 431/600 finished. Average Training Loss: -0.8890
2025-07-01 17:29:50 - INFO - Epoch 432/600 finished. Average Training Loss: -0.8646
2025-07-01 17:30:05 - INFO - Epoch 433/600 finished. Average Training Loss: 6.0588
2025-07-01 17:30:20 - INFO - Epoch 434/600 finished. Average Training Loss: 1.2504
2025-07-01 17:30:34 - INFO - Epoch 435/600 finished. Average Training Loss: -0.4907
2025-07-01 17:30:49 - INFO - Epoch 436/600 finished. Average Training Loss: -1.0854
2025-07-01 17:31:03 - INFO - Epoch 437/600 finished. Average Training Loss: -0.3556
2025-07-01 17:31:18 - INFO - Epoch 438/600 finished. Average Training Loss: -1.0628
2025-07-01 17:31:32 - INFO - Epoch 439/600 finished. Average Training Loss: 2.8151
2025-07-01 17:31:46 - INFO - Epoch 440/600 finished. Average Training Loss: -1.0757
2025-07-01 17:31:47 - INFO - Saved checkpoint for epoch 440 to ./result/VNet_Multi_V2/Amos_90/Pth/model_epoch_440_checkpoint.pth
2025-07-01 17:32:01 - INFO - Epoch 441/600 finished. Average Training Loss: -0.4762
2025-07-01 17:32:15 - INFO - Epoch 442/600 finished. Average Training Loss: -0.9787
2025-07-01 17:32:30 - INFO - Epoch 443/600 finished. Average Training Loss: -0.4546
2025-07-01 17:32:45 - INFO - Epoch 444/600 finished. Average Training Loss: 9.5704
2025-07-01 17:32:59 - INFO - Epoch 445/600 finished. Average Training Loss: 0.9227
2025-07-01 17:33:14 - INFO - Epoch 446/600 finished. Average Training Loss: -1.0154
2025-07-01 17:33:28 - INFO - Epoch 447/600 finished. Average Training Loss: -1.0740
2025-07-01 17:33:43 - INFO - Epoch 448/600 finished. Average Training Loss: 0.3698
2025-07-01 17:33:57 - INFO - Epoch 449/600 finished. Average Training Loss: -0.8277
2025-07-01 17:34:12 - INFO - Epoch 450/600 finished. Average Training Loss: -0.8537
2025-07-01 17:34:26 - INFO - Epoch 451/600 finished. Average Training Loss: -1.0455
2025-07-01 17:34:41 - INFO - Epoch 452/600 finished. Average Training Loss: 2.9522
2025-07-01 17:34:55 - INFO - Epoch 453/600 finished. Average Training Loss: 0.6111
2025-07-01 17:35:09 - INFO - Epoch 454/600 finished. Average Training Loss: -1.0727
2025-07-01 17:35:24 - INFO - Epoch 455/600 finished. Average Training Loss: -0.6234
2025-07-01 17:35:39 - INFO - Epoch 456/600 finished. Average Training Loss: -1.0271
2025-07-01 17:35:53 - INFO - Epoch 457/600 finished. Average Training Loss: -0.8863
2025-07-01 17:36:08 - INFO - Epoch 458/600 finished. Average Training Loss: -0.9954
2025-07-01 17:36:22 - INFO - Epoch 459/600 finished. Average Training Loss: -0.9946
2025-07-01 17:36:37 - INFO - Epoch 460/600 finished. Average Training Loss: -0.9210
2025-07-01 17:36:37 - INFO - Saved checkpoint for epoch 460 to ./result/VNet_Multi_V2/Amos_90/Pth/model_epoch_460_checkpoint.pth
2025-07-01 17:36:51 - INFO - Epoch 461/600 finished. Average Training Loss: -0.7255
2025-07-01 17:37:05 - INFO - Epoch 462/600 finished. Average Training Loss: -1.0989
2025-07-01 17:37:20 - INFO - Epoch 463/600 finished. Average Training Loss: -0.7506
2025-07-01 17:37:35 - INFO - Epoch 464/600 finished. Average Training Loss: -1.1030
2025-07-01 17:37:49 - INFO - Epoch 465/600 finished. Average Training Loss: -0.3442
2025-07-01 17:38:04 - INFO - Epoch 466/600 finished. Average Training Loss: -1.0233
2025-07-01 17:38:19 - INFO - Epoch 467/600 finished. Average Training Loss: -0.7218
2025-07-01 17:38:33 - INFO - Epoch 468/600 finished. Average Training Loss: -1.1080
2025-07-01 17:38:47 - INFO - Epoch 469/600 finished. Average Training Loss: -0.5670
2025-07-01 17:39:02 - INFO - Epoch 470/600 finished. Average Training Loss: -0.3623
2025-07-01 17:39:17 - INFO - Epoch 471/600 finished. Average Training Loss: -1.0551
2025-07-01 17:39:31 - INFO - Epoch 472/600 finished. Average Training Loss: -1.0833
2025-07-01 17:39:46 - INFO - Epoch 473/600 finished. Average Training Loss: 0.1388
2025-07-01 17:40:00 - INFO - Epoch 474/600 finished. Average Training Loss: -0.9349
2025-07-01 17:40:14 - INFO - Epoch 475/600 finished. Average Training Loss: -0.1454
2025-07-01 17:40:29 - INFO - Epoch 476/600 finished. Average Training Loss: -1.0945
2025-07-01 17:40:44 - INFO - Epoch 477/600 finished. Average Training Loss: -0.8796
2025-07-01 17:40:58 - INFO - Epoch 478/600 finished. Average Training Loss: -0.9557
2025-07-01 17:41:13 - INFO - Epoch 479/600 finished. Average Training Loss: 0.5829
2025-07-01 17:41:27 - INFO - Epoch 480/600 finished. Average Training Loss: -0.8268
2025-07-01 17:41:27 - INFO - Saved checkpoint for epoch 480 to ./result/VNet_Multi_V2/Amos_90/Pth/model_epoch_480_checkpoint.pth
2025-07-01 17:41:41 - INFO - Epoch 481/600 finished. Average Training Loss: -1.0245
2025-07-01 17:41:56 - INFO - Epoch 482/600 finished. Average Training Loss: -0.9841
2025-07-01 17:42:10 - INFO - Epoch 483/600 finished. Average Training Loss: 30.8241
2025-07-01 17:42:25 - INFO - Epoch 484/600 finished. Average Training Loss: -0.9614
2025-07-01 17:42:40 - INFO - Epoch 485/600 finished. Average Training Loss: -0.9356
2025-07-01 17:42:54 - INFO - Epoch 486/600 finished. Average Training Loss: -1.0589
2025-07-01 17:43:09 - INFO - Epoch 487/600 finished. Average Training Loss: -0.5124
2025-07-01 17:43:23 - INFO - Epoch 488/600 finished. Average Training Loss: -1.0039
2025-07-01 17:43:38 - INFO - Epoch 489/600 finished. Average Training Loss: -0.4922
2025-07-01 17:43:52 - INFO - Epoch 490/600 finished. Average Training Loss: 2.0581
2025-07-01 17:44:07 - INFO - Epoch 491/600 finished. Average Training Loss: 0.8336
2025-07-01 17:44:21 - INFO - Epoch 492/600 finished. Average Training Loss: -1.1059
2025-07-01 17:44:36 - INFO - Epoch 493/600 finished. Average Training Loss: -1.0613
2025-07-01 17:44:50 - INFO - Epoch 494/600 finished. Average Training Loss: -0.9942
2025-07-01 17:45:05 - INFO - Epoch 495/600 finished. Average Training Loss: -0.5210
2025-07-01 17:45:19 - INFO - Epoch 496/600 finished. Average Training Loss: -1.0879
2025-07-01 17:45:33 - INFO - Epoch 497/600 finished. Average Training Loss: -1.0341
2025-07-01 17:45:48 - INFO - Epoch 498/600 finished. Average Training Loss: -0.9693
2025-07-01 17:46:02 - INFO - Epoch 499/600 finished. Average Training Loss: 0.2188
2025-07-01 17:46:17 - INFO - Epoch 500/600 finished. Average Training Loss: -1.0910
2025-07-01 17:46:17 - INFO - Saved checkpoint for epoch 500 to ./result/VNet_Multi_V2/Amos_90/Pth/model_epoch_500_checkpoint.pth
2025-07-01 17:46:31 - INFO - Epoch 501/600 finished. Average Training Loss: -1.0820
2025-07-01 17:46:46 - INFO - Epoch 502/600 finished. Average Training Loss: 0.6688
2025-07-01 17:47:01 - INFO - Epoch 503/600 finished. Average Training Loss: 1.0390
2025-07-01 17:47:15 - INFO - Epoch 504/600 finished. Average Training Loss: -0.2970
2025-07-01 17:47:29 - INFO - Epoch 505/600 finished. Average Training Loss: -0.6753
2025-07-01 17:47:44 - INFO - Epoch 506/600 finished. Average Training Loss: -1.0807
2025-07-01 17:47:59 - INFO - Epoch 507/600 finished. Average Training Loss: -1.1575
2025-07-01 17:48:13 - INFO - Epoch 508/600 finished. Average Training Loss: -0.9343
2025-07-01 17:48:28 - INFO - Epoch 509/600 finished. Average Training Loss: -1.0455
2025-07-01 17:48:42 - INFO - Epoch 510/600 finished. Average Training Loss: -0.9808
2025-07-01 17:48:56 - INFO - Epoch 511/600 finished. Average Training Loss: -1.0655
2025-07-01 17:49:11 - INFO - Epoch 512/600 finished. Average Training Loss: 9.4284
2025-07-01 17:49:25 - INFO - Epoch 513/600 finished. Average Training Loss: -1.0289
2025-07-01 17:49:40 - INFO - Epoch 514/600 finished. Average Training Loss: -1.0728
2025-07-01 17:49:54 - INFO - Epoch 515/600 finished. Average Training Loss: -1.0604
2025-07-01 17:50:09 - INFO - Epoch 516/600 finished. Average Training Loss: -0.8636
2025-07-01 17:50:23 - INFO - Epoch 517/600 finished. Average Training Loss: -1.1128
2025-07-01 17:50:38 - INFO - Epoch 518/600 finished. Average Training Loss: 4.4832
2025-07-01 17:50:52 - INFO - Epoch 519/600 finished. Average Training Loss: -1.0517
2025-07-01 17:51:07 - INFO - Epoch 520/600 finished. Average Training Loss: -1.1264
2025-07-01 17:51:07 - INFO - Saved checkpoint for epoch 520 to ./result/VNet_Multi_V2/Amos_90/Pth/model_epoch_520_checkpoint.pth
2025-07-01 17:51:21 - INFO - Epoch 521/600 finished. Average Training Loss: -0.8157
2025-07-01 17:51:36 - INFO - Epoch 522/600 finished. Average Training Loss: -1.1244
2025-07-01 17:51:50 - INFO - Epoch 523/600 finished. Average Training Loss: -1.1077
2025-07-01 17:52:05 - INFO - Epoch 524/600 finished. Average Training Loss: -0.7746
2025-07-01 17:52:19 - INFO - Epoch 525/600 finished. Average Training Loss: -1.1266
2025-07-01 17:52:33 - INFO - Epoch 526/600 finished. Average Training Loss: -0.9445
2025-07-01 17:52:48 - INFO - Epoch 527/600 finished. Average Training Loss: -0.0188
2025-07-01 17:53:02 - INFO - Epoch 528/600 finished. Average Training Loss: -1.0778
2025-07-01 17:53:17 - INFO - Epoch 529/600 finished. Average Training Loss: -1.1427
2025-07-01 17:53:31 - INFO - Epoch 530/600 finished. Average Training Loss: -0.5124
2025-07-01 17:53:46 - INFO - Epoch 531/600 finished. Average Training Loss: -0.6592
2025-07-01 17:54:00 - INFO - Epoch 532/600 finished. Average Training Loss: 0.7898
2025-07-01 17:54:15 - INFO - Epoch 533/600 finished. Average Training Loss: -1.0448
2025-07-01 17:54:29 - INFO - Epoch 534/600 finished. Average Training Loss: -1.1428
2025-07-01 17:54:44 - INFO - Epoch 535/600 finished. Average Training Loss: -1.1619
2025-07-01 17:54:58 - INFO - Epoch 536/600 finished. Average Training Loss: -1.0808
2025-07-01 17:55:13 - INFO - Epoch 537/600 finished. Average Training Loss: -1.0728
2025-07-01 17:55:28 - INFO - Epoch 538/600 finished. Average Training Loss: -1.0348
2025-07-01 17:55:42 - INFO - Epoch 539/600 finished. Average Training Loss: -1.0458
2025-07-01 17:55:57 - INFO - Epoch 540/600 finished. Average Training Loss: 0.4322
2025-07-01 17:55:57 - INFO - Saved checkpoint for epoch 540 to ./result/VNet_Multi_V2/Amos_90/Pth/model_epoch_540_checkpoint.pth
2025-07-01 17:56:11 - INFO - Epoch 541/600 finished. Average Training Loss: -1.0382
2025-07-01 17:56:25 - INFO - Epoch 542/600 finished. Average Training Loss: -0.8979
2025-07-01 17:56:40 - INFO - Epoch 543/600 finished. Average Training Loss: -1.1195
2025-07-01 17:56:54 - INFO - Epoch 544/600 finished. Average Training Loss: -0.5861
2025-07-01 17:57:09 - INFO - Epoch 545/600 finished. Average Training Loss: -0.6314
2025-07-01 17:57:24 - INFO - Epoch 546/600 finished. Average Training Loss: -0.7441
2025-07-01 17:57:38 - INFO - Epoch 547/600 finished. Average Training Loss: -1.1161
2025-07-01 17:57:53 - INFO - Epoch 548/600 finished. Average Training Loss: -0.4544
2025-07-01 17:58:07 - INFO - Epoch 549/600 finished. Average Training Loss: -1.1242
2025-07-01 17:58:22 - INFO - Epoch 550/600 finished. Average Training Loss: -0.9111
2025-07-01 17:58:36 - INFO - Epoch 551/600 finished. Average Training Loss: -1.1233
2025-07-01 17:58:51 - INFO - Epoch 552/600 finished. Average Training Loss: -0.9722
2025-07-01 17:59:05 - INFO - Epoch 553/600 finished. Average Training Loss: -1.0877
2025-07-01 17:59:20 - INFO - Epoch 554/600 finished. Average Training Loss: 3.6929
2025-07-01 17:59:34 - INFO - Epoch 555/600 finished. Average Training Loss: -1.0959
2025-07-01 17:59:49 - INFO - Epoch 556/600 finished. Average Training Loss: -1.1337
2025-07-01 18:00:03 - INFO - Epoch 557/600 finished. Average Training Loss: -1.1712
2025-07-01 18:00:18 - INFO - Epoch 558/600 finished. Average Training Loss: -0.0806
2025-07-01 18:00:32 - INFO - Epoch 559/600 finished. Average Training Loss: -0.8804
2025-07-01 18:00:47 - INFO - Epoch 560/600 finished. Average Training Loss: -0.6152
2025-07-01 18:00:47 - INFO - Saved checkpoint for epoch 560 to ./result/VNet_Multi_V2/Amos_90/Pth/model_epoch_560_checkpoint.pth
2025-07-01 18:01:01 - INFO - Epoch 561/600 finished. Average Training Loss: -1.1686
2025-07-01 18:01:16 - INFO - Epoch 562/600 finished. Average Training Loss: -0.6514
2025-07-01 18:01:31 - INFO - Epoch 563/600 finished. Average Training Loss: -0.7899
2025-07-01 18:01:45 - INFO - Epoch 564/600 finished. Average Training Loss: 2.3009
2025-07-01 18:02:00 - INFO - Epoch 565/600 finished. Average Training Loss: -1.0926
2025-07-01 18:02:14 - INFO - Epoch 566/600 finished. Average Training Loss: 0.6594
2025-07-01 18:02:29 - INFO - Epoch 567/600 finished. Average Training Loss: -1.0780
2025-07-01 18:02:43 - INFO - Epoch 568/600 finished. Average Training Loss: -1.1332
2025-07-01 18:02:58 - INFO - Epoch 569/600 finished. Average Training Loss: -0.8111
2025-07-01 18:03:12 - INFO - Epoch 570/600 finished. Average Training Loss: -0.9662
2025-07-01 18:03:27 - INFO - Epoch 571/600 finished. Average Training Loss: -0.8473
2025-07-01 18:03:41 - INFO - Epoch 572/600 finished. Average Training Loss: -1.1414
2025-07-01 18:03:56 - INFO - Epoch 573/600 finished. Average Training Loss: -0.9992
2025-07-01 18:04:11 - INFO - Epoch 574/600 finished. Average Training Loss: -0.8451
2025-07-01 18:04:25 - INFO - Epoch 575/600 finished. Average Training Loss: 0.5243
2025-07-01 18:04:40 - INFO - Epoch 576/600 finished. Average Training Loss: -0.6552
2025-07-01 18:04:54 - INFO - Epoch 577/600 finished. Average Training Loss: -0.6054
2025-07-01 18:05:09 - INFO - Epoch 578/600 finished. Average Training Loss: -1.1983
2025-07-01 18:05:23 - INFO - Epoch 579/600 finished. Average Training Loss: -0.7458
2025-07-01 18:05:38 - INFO - Epoch 580/600 finished. Average Training Loss: -0.5080
2025-07-01 18:05:38 - INFO - Saved checkpoint for epoch 580 to ./result/VNet_Multi_V2/Amos_90/Pth/model_epoch_580_checkpoint.pth
2025-07-01 18:05:53 - INFO - Epoch 581/600 finished. Average Training Loss: -1.1597
2025-07-01 18:06:07 - INFO - Epoch 582/600 finished. Average Training Loss: -0.9176
2025-07-01 18:06:22 - INFO - Epoch 583/600 finished. Average Training Loss: -1.1375
2025-07-01 18:06:36 - INFO - Epoch 584/600 finished. Average Training Loss: -1.1259
2025-07-01 18:06:51 - INFO - Epoch 585/600 finished. Average Training Loss: -0.7297
2025-07-01 18:07:05 - INFO - Epoch 586/600 finished. Average Training Loss: -1.0802
2025-07-01 18:07:20 - INFO - Epoch 587/600 finished. Average Training Loss: -1.1404
2025-07-01 18:07:34 - INFO - Epoch 588/600 finished. Average Training Loss: -1.1302
2025-07-01 18:07:49 - INFO - Epoch 589/600 finished. Average Training Loss: -0.1672
2025-07-01 18:08:03 - INFO - Epoch 590/600 finished. Average Training Loss: -0.1170
2025-07-01 18:08:18 - INFO - Epoch 591/600 finished. Average Training Loss: -0.9794
2025-07-01 18:08:32 - INFO - Epoch 592/600 finished. Average Training Loss: -1.1216
2025-07-01 18:08:47 - INFO - Epoch 593/600 finished. Average Training Loss: -1.0370
2025-07-01 18:09:01 - INFO - Epoch 594/600 finished. Average Training Loss: -0.3137
2025-07-01 18:09:16 - INFO - Epoch 595/600 finished. Average Training Loss: 1.4206
2025-07-01 18:09:30 - INFO - Epoch 596/600 finished. Average Training Loss: -0.4458
2025-07-01 18:09:45 - INFO - Epoch 597/600 finished. Average Training Loss: -0.0731
2025-07-01 18:10:00 - INFO - Epoch 598/600 finished. Average Training Loss: -0.5604
2025-07-01 18:10:14 - INFO - Epoch 599/600 finished. Average Training Loss: -0.3503
2025-07-01 18:10:29 - INFO - Epoch 600/600 finished. Average Training Loss: -1.0937
2025-07-01 18:10:29 - INFO - Saved checkpoint for epoch 600 to ./result/VNet_Multi_V2/Amos_90/Pth/model_epoch_600_checkpoint.pth
2025-07-01 18:10:29 - INFO - Training complete! Total duration: 3h 1m 7s
2025-07-01 18:10:29 - INFO - ======================================== Training Session Ended ========================================

