2025-04-26 13:23:47 - INFO - Logging is set up.
2025-04-26 13:23:47 - INFO - 
======================================== New Training Session ========================================
2025-04-26 13:23:47 - INFO - Configuration:
{
    "seed": 42,
    "epochs": 1000,
    "batch_size": 8,
    "learning_rate": 0.001,
    "log_path": "./result/VNet/Amos/Training.log",
    "pth_path": "./result/VNet/Amos/Pth",
    "tensorboard_path": "./result/VNet/Amos/Train",
    "continue_train": false,
    "multi_gpu": false,
    "training_num": 240,
    "dataset_name": "AMOS",
    "dataset_path": "./datasets/Amos",
    "num_classes": 16,
    "prompt_weight_path": "./result/Pretrained",
    "patch_size": [
        64,
        128,
        128
    ]
}
2025-04-26 13:23:47 - INFO - TensorBoard logging directory: ./result/VNet/Amos/Train/20250426-132347
2025-04-26 13:23:51 - INFO - Training dataset: 240
2025-04-26 13:23:51 - INFO - Optimizer: AdamW with parameters: {'lr': 0.0001, 'betas': (0.9, 0.999), 'eps': 1e-08, 'weight_decay': 0.01, 'amsgrad': False, 'maximize': False, 'foreach': None, 'capturable': False, 'differentiable': False, 'fused': None, 'decoupled_weight_decay': True}
2025-04-26 13:23:51 - INFO - Using CeDiceLoss 1:1
2025-04-26 13:24:04 - INFO - Epoch 1/1000, Batch 30/30, Loss: 3.7940
2025-04-26 13:24:16 - INFO - Epoch 2/1000, Batch 30/30, Loss: 3.6172
2025-04-26 13:24:28 - INFO - Epoch 3/1000, Batch 30/30, Loss: 3.5568
2025-04-26 13:24:40 - INFO - Epoch 4/1000, Batch 30/30, Loss: 3.5381
2025-04-26 13:24:53 - INFO - Epoch 5/1000, Batch 30/30, Loss: 3.4043
2025-04-26 13:25:05 - INFO - Epoch 6/1000, Batch 30/30, Loss: 3.4333
2025-04-26 13:25:17 - INFO - Epoch 7/1000, Batch 30/30, Loss: 3.4219
2025-04-26 13:25:29 - INFO - Epoch 8/1000, Batch 30/30, Loss: 3.2748
2025-04-26 13:25:41 - INFO - Epoch 9/1000, Batch 30/30, Loss: 3.4004
2025-04-26 13:25:53 - INFO - Epoch 10/1000, Batch 30/30, Loss: 3.2244
2025-04-26 13:26:05 - INFO - Epoch 11/1000, Batch 30/30, Loss: 3.2997
2025-04-26 13:26:18 - INFO - Epoch 12/1000, Batch 30/30, Loss: 3.1157
2025-04-26 13:26:30 - INFO - Epoch 13/1000, Batch 30/30, Loss: 3.2991
2025-04-26 13:26:42 - INFO - Epoch 14/1000, Batch 30/30, Loss: 3.1890
2025-04-26 13:26:54 - INFO - Epoch 15/1000, Batch 30/30, Loss: 2.9777
2025-04-26 13:27:06 - INFO - Epoch 16/1000, Batch 30/30, Loss: 2.9639
2025-04-26 13:27:18 - INFO - Epoch 17/1000, Batch 30/30, Loss: 3.0165
2025-04-26 13:27:31 - INFO - Epoch 18/1000, Batch 30/30, Loss: 3.0688
2025-04-26 13:27:43 - INFO - Epoch 19/1000, Batch 30/30, Loss: 2.9567
2025-04-26 13:27:55 - INFO - Epoch 20/1000, Batch 30/30, Loss: 2.9032
2025-04-26 13:27:55 - INFO - Created directory: ./result/VNet/Amos/Pth
2025-04-26 13:27:55 - INFO - Saved checkpoint at epoch 20 at ./result/VNet/Amos/Pth/model_epoch_20_checkpoint.pth
2025-04-26 13:28:07 - INFO - Epoch 21/1000, Batch 30/30, Loss: 3.0493
2025-04-26 13:28:19 - INFO - Epoch 22/1000, Batch 30/30, Loss: 2.8883
2025-04-26 13:28:31 - INFO - Epoch 23/1000, Batch 30/30, Loss: 2.7781
2025-04-26 13:28:44 - INFO - Epoch 24/1000, Batch 30/30, Loss: 2.8666
2025-04-26 13:28:56 - INFO - Epoch 25/1000, Batch 30/30, Loss: 2.9276
2025-04-26 13:29:08 - INFO - Epoch 26/1000, Batch 30/30, Loss: 2.7002
2025-04-26 13:29:20 - INFO - Epoch 27/1000, Batch 30/30, Loss: 2.7985
2025-04-26 13:29:32 - INFO - Epoch 28/1000, Batch 30/30, Loss: 2.8406
2025-04-26 13:29:45 - INFO - Epoch 29/1000, Batch 30/30, Loss: 2.6790
2025-04-26 13:29:57 - INFO - Epoch 30/1000, Batch 30/30, Loss: 2.6413
2025-04-26 13:30:09 - INFO - Epoch 31/1000, Batch 30/30, Loss: 2.5860
2025-04-26 13:30:21 - INFO - Epoch 32/1000, Batch 30/30, Loss: 2.3680
2025-04-26 13:30:33 - INFO - Epoch 33/1000, Batch 30/30, Loss: 2.6066
2025-04-26 13:30:45 - INFO - Epoch 34/1000, Batch 30/30, Loss: 2.2963
2025-04-26 13:30:57 - INFO - Epoch 35/1000, Batch 30/30, Loss: 2.2738
2025-04-26 13:31:10 - INFO - Epoch 36/1000, Batch 30/30, Loss: 2.0506
2025-04-26 13:31:21 - INFO - Epoch 37/1000, Batch 30/30, Loss: 2.2414
2025-04-26 13:31:34 - INFO - Epoch 38/1000, Batch 30/30, Loss: 2.3056
2025-04-26 13:31:46 - INFO - Epoch 39/1000, Batch 30/30, Loss: 2.3290
2025-04-26 13:31:58 - INFO - Epoch 40/1000, Batch 30/30, Loss: 2.2839
2025-04-26 13:31:58 - INFO - Saved checkpoint at epoch 40 at ./result/VNet/Amos/Pth/model_epoch_40_checkpoint.pth
2025-04-26 13:32:10 - INFO - Epoch 41/1000, Batch 30/30, Loss: 2.1562
2025-04-26 13:32:22 - INFO - Epoch 42/1000, Batch 30/30, Loss: 2.2457
2025-04-26 13:32:34 - INFO - Epoch 43/1000, Batch 30/30, Loss: 2.1283
2025-04-26 13:32:46 - INFO - Epoch 44/1000, Batch 30/30, Loss: 2.1516
2025-04-26 13:32:58 - INFO - Epoch 45/1000, Batch 30/30, Loss: 2.3076
2025-04-26 13:33:10 - INFO - Epoch 46/1000, Batch 30/30, Loss: 1.9673
2025-04-26 13:33:22 - INFO - Epoch 47/1000, Batch 30/30, Loss: 2.0087
2025-04-26 13:33:34 - INFO - Epoch 48/1000, Batch 30/30, Loss: 1.9800
2025-04-26 13:33:46 - INFO - Epoch 49/1000, Batch 30/30, Loss: 1.9800
2025-04-26 13:33:58 - INFO - Epoch 50/1000, Batch 30/30, Loss: 1.9284
2025-04-26 13:34:10 - INFO - Epoch 51/1000, Batch 30/30, Loss: 1.8621
2025-04-26 13:34:23 - INFO - Epoch 52/1000, Batch 30/30, Loss: 2.1185
2025-04-26 13:34:35 - INFO - Epoch 53/1000, Batch 30/30, Loss: 1.7834
2025-04-26 13:34:47 - INFO - Epoch 54/1000, Batch 30/30, Loss: 1.8103
2025-04-26 13:34:59 - INFO - Epoch 55/1000, Batch 30/30, Loss: 1.9056
2025-04-26 13:35:11 - INFO - Epoch 56/1000, Batch 30/30, Loss: 1.5858
2025-04-26 13:35:23 - INFO - Epoch 57/1000, Batch 30/30, Loss: 1.9848
2025-04-26 13:35:35 - INFO - Epoch 58/1000, Batch 30/30, Loss: 1.7196
2025-04-26 13:35:47 - INFO - Epoch 59/1000, Batch 30/30, Loss: 1.6600
2025-04-26 13:35:59 - INFO - Epoch 60/1000, Batch 30/30, Loss: 1.7708
2025-04-26 13:35:59 - INFO - Saved checkpoint at epoch 60 at ./result/VNet/Amos/Pth/model_epoch_60_checkpoint.pth
2025-04-26 13:36:12 - INFO - Epoch 61/1000, Batch 30/30, Loss: 1.7181
2025-04-26 13:36:24 - INFO - Epoch 62/1000, Batch 30/30, Loss: 1.5855
2025-04-26 13:36:36 - INFO - Epoch 63/1000, Batch 30/30, Loss: 1.5978
2025-04-26 13:36:48 - INFO - Epoch 64/1000, Batch 30/30, Loss: 1.7470
2025-04-26 13:37:00 - INFO - Epoch 65/1000, Batch 30/30, Loss: 1.6121
2025-04-26 13:37:12 - INFO - Epoch 66/1000, Batch 30/30, Loss: 1.5375
2025-04-26 13:37:24 - INFO - Epoch 67/1000, Batch 30/30, Loss: 1.4270
2025-04-26 13:37:37 - INFO - Epoch 68/1000, Batch 30/30, Loss: 1.3585
2025-04-26 13:37:49 - INFO - Epoch 69/1000, Batch 30/30, Loss: 1.4034
2025-04-26 13:38:01 - INFO - Epoch 70/1000, Batch 30/30, Loss: 1.4718
2025-04-26 13:38:13 - INFO - Epoch 71/1000, Batch 30/30, Loss: 1.3841
2025-04-26 13:38:25 - INFO - Epoch 72/1000, Batch 30/30, Loss: 1.3736
2025-04-26 13:38:37 - INFO - Epoch 73/1000, Batch 30/30, Loss: 1.5097
2025-04-26 13:38:49 - INFO - Epoch 74/1000, Batch 30/30, Loss: 1.4662
2025-04-26 13:39:01 - INFO - Epoch 75/1000, Batch 30/30, Loss: 1.7663
2025-04-26 13:39:14 - INFO - Epoch 76/1000, Batch 30/30, Loss: 1.5942
2025-04-26 13:39:26 - INFO - Epoch 77/1000, Batch 30/30, Loss: 1.3960
2025-04-26 13:39:37 - INFO - Epoch 78/1000, Batch 30/30, Loss: 1.4618
2025-04-26 13:39:50 - INFO - Epoch 79/1000, Batch 30/30, Loss: 1.3996
2025-04-26 13:40:02 - INFO - Epoch 80/1000, Batch 30/30, Loss: 1.4379
2025-04-26 13:40:02 - INFO - Saved checkpoint at epoch 80 at ./result/VNet/Amos/Pth/model_epoch_80_checkpoint.pth
2025-04-26 13:40:14 - INFO - Epoch 81/1000, Batch 30/30, Loss: 1.3753
2025-04-26 13:40:26 - INFO - Epoch 82/1000, Batch 30/30, Loss: 1.2310
2025-04-26 13:40:38 - INFO - Epoch 83/1000, Batch 30/30, Loss: 1.3721
2025-04-26 13:40:50 - INFO - Epoch 84/1000, Batch 30/30, Loss: 1.1996
2025-04-26 13:41:03 - INFO - Epoch 85/1000, Batch 30/30, Loss: 1.4262
2025-04-26 13:41:15 - INFO - Epoch 86/1000, Batch 30/30, Loss: 1.1532
2025-04-26 13:41:27 - INFO - Epoch 87/1000, Batch 30/30, Loss: 1.4637
2025-04-26 13:41:40 - INFO - Epoch 88/1000, Batch 30/30, Loss: 1.4489
2025-04-26 13:41:52 - INFO - Epoch 89/1000, Batch 30/30, Loss: 1.3052
2025-04-26 13:42:04 - INFO - Epoch 90/1000, Batch 30/30, Loss: 1.3660
2025-04-26 13:42:16 - INFO - Epoch 91/1000, Batch 30/30, Loss: 1.2212
2025-04-26 13:42:28 - INFO - Epoch 92/1000, Batch 30/30, Loss: 1.1229
2025-04-26 13:42:40 - INFO - Epoch 93/1000, Batch 30/30, Loss: 1.2736
2025-04-26 13:42:52 - INFO - Epoch 94/1000, Batch 30/30, Loss: 1.1780
2025-04-26 13:43:05 - INFO - Epoch 95/1000, Batch 30/30, Loss: 1.2894
2025-04-26 13:43:17 - INFO - Epoch 96/1000, Batch 30/30, Loss: 1.1793
2025-04-26 13:43:29 - INFO - Epoch 97/1000, Batch 30/30, Loss: 1.1182
2025-04-26 13:43:41 - INFO - Epoch 98/1000, Batch 30/30, Loss: 0.9996
2025-04-26 13:43:53 - INFO - Epoch 99/1000, Batch 30/30, Loss: 1.1621
2025-04-26 13:44:05 - INFO - Epoch 100/1000, Batch 30/30, Loss: 1.1793
2025-04-26 13:44:05 - INFO - Saved checkpoint at epoch 100 at ./result/VNet/Amos/Pth/model_epoch_100_checkpoint.pth
2025-04-26 13:44:17 - INFO - Epoch 101/1000, Batch 30/30, Loss: 1.1846
2025-04-26 13:44:29 - INFO - Epoch 102/1000, Batch 30/30, Loss: 0.9861
2025-04-26 13:44:42 - INFO - Epoch 103/1000, Batch 30/30, Loss: 1.1329
2025-04-26 13:44:54 - INFO - Epoch 104/1000, Batch 30/30, Loss: 1.0331
2025-04-26 13:45:06 - INFO - Epoch 105/1000, Batch 30/30, Loss: 1.2400
2025-04-26 13:45:18 - INFO - Epoch 106/1000, Batch 30/30, Loss: 1.0587
2025-04-26 13:45:30 - INFO - Epoch 107/1000, Batch 30/30, Loss: 1.0981
2025-04-26 13:45:42 - INFO - Epoch 108/1000, Batch 30/30, Loss: 1.0931
2025-04-26 13:45:54 - INFO - Epoch 109/1000, Batch 30/30, Loss: 1.1802
2025-04-26 13:46:06 - INFO - Epoch 110/1000, Batch 30/30, Loss: 1.0554
2025-04-26 13:46:18 - INFO - Epoch 111/1000, Batch 30/30, Loss: 0.9511
2025-04-26 13:46:30 - INFO - Epoch 112/1000, Batch 30/30, Loss: 1.0120
2025-04-26 13:46:42 - INFO - Epoch 113/1000, Batch 30/30, Loss: 0.9998
2025-04-26 13:46:54 - INFO - Epoch 114/1000, Batch 30/30, Loss: 1.1042
2025-04-26 13:47:06 - INFO - Epoch 115/1000, Batch 30/30, Loss: 0.9650
2025-04-26 13:47:19 - INFO - Epoch 116/1000, Batch 30/30, Loss: 1.0816
2025-04-26 13:47:31 - INFO - Epoch 117/1000, Batch 30/30, Loss: 1.0253
2025-04-26 13:47:43 - INFO - Epoch 118/1000, Batch 30/30, Loss: 1.0907
2025-04-26 13:47:55 - INFO - Epoch 119/1000, Batch 30/30, Loss: 1.0244
2025-04-26 13:48:07 - INFO - Epoch 120/1000, Batch 30/30, Loss: 0.9786
2025-04-26 13:48:07 - INFO - Saved checkpoint at epoch 120 at ./result/VNet/Amos/Pth/model_epoch_120_checkpoint.pth
2025-04-26 13:48:20 - INFO - Epoch 121/1000, Batch 30/30, Loss: 1.0137
2025-04-26 13:48:32 - INFO - Epoch 122/1000, Batch 30/30, Loss: 1.0461
2025-04-26 13:48:44 - INFO - Epoch 123/1000, Batch 30/30, Loss: 0.9522
2025-04-26 13:48:56 - INFO - Epoch 124/1000, Batch 30/30, Loss: 0.9736
2025-04-26 13:49:08 - INFO - Epoch 125/1000, Batch 30/30, Loss: 1.1046
2025-04-26 13:49:20 - INFO - Epoch 126/1000, Batch 30/30, Loss: 1.0757
2025-04-26 13:49:32 - INFO - Epoch 127/1000, Batch 30/30, Loss: 1.1626
2025-04-26 13:49:44 - INFO - Epoch 128/1000, Batch 30/30, Loss: 0.9808
2025-04-26 13:49:56 - INFO - Epoch 129/1000, Batch 30/30, Loss: 0.9026
2025-04-26 13:50:08 - INFO - Epoch 130/1000, Batch 30/30, Loss: 1.0057
2025-04-26 13:50:21 - INFO - Epoch 131/1000, Batch 30/30, Loss: 1.0495
2025-04-26 13:50:33 - INFO - Epoch 132/1000, Batch 30/30, Loss: 1.1095
2025-04-26 13:50:45 - INFO - Epoch 133/1000, Batch 30/30, Loss: 0.9209
2025-04-26 13:50:57 - INFO - Epoch 134/1000, Batch 30/30, Loss: 1.0818
2025-04-26 13:51:09 - INFO - Epoch 135/1000, Batch 30/30, Loss: 0.9976
2025-04-26 13:51:21 - INFO - Epoch 136/1000, Batch 30/30, Loss: 0.8754
2025-04-26 13:51:33 - INFO - Epoch 137/1000, Batch 30/30, Loss: 0.9883
2025-04-26 13:51:46 - INFO - Epoch 138/1000, Batch 30/30, Loss: 0.9437
2025-04-26 13:51:58 - INFO - Epoch 139/1000, Batch 30/30, Loss: 0.9177
2025-04-26 13:52:10 - INFO - Epoch 140/1000, Batch 30/30, Loss: 0.8818
2025-04-26 13:52:10 - INFO - Saved checkpoint at epoch 140 at ./result/VNet/Amos/Pth/model_epoch_140_checkpoint.pth
2025-04-26 13:52:22 - INFO - Epoch 141/1000, Batch 30/30, Loss: 0.9347
2025-04-26 13:52:35 - INFO - Epoch 142/1000, Batch 30/30, Loss: 0.9079
2025-04-26 13:52:47 - INFO - Epoch 143/1000, Batch 30/30, Loss: 1.0926
2025-04-26 13:52:59 - INFO - Epoch 144/1000, Batch 30/30, Loss: 0.9108
2025-04-26 13:53:11 - INFO - Epoch 145/1000, Batch 30/30, Loss: 0.9302
2025-04-26 13:53:23 - INFO - Epoch 146/1000, Batch 30/30, Loss: 0.9303
2025-04-26 13:53:35 - INFO - Epoch 147/1000, Batch 30/30, Loss: 0.9269
2025-04-26 13:53:47 - INFO - Epoch 148/1000, Batch 30/30, Loss: 0.9551
2025-04-26 13:53:59 - INFO - Epoch 149/1000, Batch 30/30, Loss: 0.8961
2025-04-26 13:54:11 - INFO - Epoch 150/1000, Batch 30/30, Loss: 0.9342
2025-04-26 13:54:23 - INFO - Epoch 151/1000, Batch 30/30, Loss: 0.9124
2025-04-26 13:54:35 - INFO - Epoch 152/1000, Batch 30/30, Loss: 0.8547
2025-04-26 13:54:47 - INFO - Epoch 153/1000, Batch 30/30, Loss: 1.0235
2025-04-26 13:55:00 - INFO - Epoch 154/1000, Batch 30/30, Loss: 0.9012
2025-04-26 13:55:12 - INFO - Epoch 155/1000, Batch 30/30, Loss: 0.9571
2025-04-26 13:55:24 - INFO - Epoch 156/1000, Batch 30/30, Loss: 0.8602
2025-04-26 13:55:36 - INFO - Epoch 157/1000, Batch 30/30, Loss: 0.9101
2025-04-26 13:55:48 - INFO - Epoch 158/1000, Batch 30/30, Loss: 1.0722
2025-04-26 13:56:00 - INFO - Epoch 159/1000, Batch 30/30, Loss: 0.8515
2025-04-26 13:56:13 - INFO - Epoch 160/1000, Batch 30/30, Loss: 0.9216
2025-04-26 13:56:13 - INFO - Saved checkpoint at epoch 160 at ./result/VNet/Amos/Pth/model_epoch_160_checkpoint.pth
2025-04-26 13:56:25 - INFO - Epoch 161/1000, Batch 30/30, Loss: 1.0248
2025-04-26 13:56:37 - INFO - Epoch 162/1000, Batch 30/30, Loss: 0.8796
2025-04-26 13:56:49 - INFO - Epoch 163/1000, Batch 30/30, Loss: 0.9114
2025-04-26 13:57:01 - INFO - Epoch 164/1000, Batch 30/30, Loss: 1.0215
2025-04-26 13:57:13 - INFO - Epoch 165/1000, Batch 30/30, Loss: 0.9420
2025-04-26 13:57:26 - INFO - Epoch 166/1000, Batch 30/30, Loss: 0.8654
2025-04-26 13:57:38 - INFO - Epoch 167/1000, Batch 30/30, Loss: 0.9713
2025-04-26 13:57:50 - INFO - Epoch 168/1000, Batch 30/30, Loss: 0.8673
2025-04-26 13:58:02 - INFO - Epoch 169/1000, Batch 30/30, Loss: 0.8529
2025-04-26 13:58:14 - INFO - Epoch 170/1000, Batch 30/30, Loss: 0.8501
2025-04-26 13:58:26 - INFO - Epoch 171/1000, Batch 30/30, Loss: 0.8213
2025-04-26 13:58:38 - INFO - Epoch 172/1000, Batch 30/30, Loss: 1.0017
2025-04-26 13:58:51 - INFO - Epoch 173/1000, Batch 30/30, Loss: 0.9063
2025-04-26 13:59:03 - INFO - Epoch 174/1000, Batch 30/30, Loss: 0.8855
2025-04-26 13:59:15 - INFO - Epoch 175/1000, Batch 30/30, Loss: 0.8790
2025-04-26 13:59:27 - INFO - Epoch 176/1000, Batch 30/30, Loss: 0.9234
2025-04-26 13:59:39 - INFO - Epoch 177/1000, Batch 30/30, Loss: 0.8935
2025-04-26 13:59:51 - INFO - Epoch 178/1000, Batch 30/30, Loss: 0.9043
2025-04-26 14:00:03 - INFO - Epoch 179/1000, Batch 30/30, Loss: 0.9202
2025-04-26 14:00:15 - INFO - Epoch 180/1000, Batch 30/30, Loss: 0.8087
2025-04-26 14:00:15 - INFO - Saved checkpoint at epoch 180 at ./result/VNet/Amos/Pth/model_epoch_180_checkpoint.pth
2025-04-26 14:00:27 - INFO - Epoch 181/1000, Batch 30/30, Loss: 0.8493
2025-04-26 14:00:39 - INFO - Epoch 182/1000, Batch 30/30, Loss: 0.8809
2025-04-26 14:00:51 - INFO - Epoch 183/1000, Batch 30/30, Loss: 0.9523
2025-04-26 14:01:03 - INFO - Epoch 184/1000, Batch 30/30, Loss: 0.8664
2025-04-26 14:01:16 - INFO - Epoch 185/1000, Batch 30/30, Loss: 0.9004
2025-04-26 14:01:28 - INFO - Epoch 186/1000, Batch 30/30, Loss: 0.8834
2025-04-26 14:01:40 - INFO - Epoch 187/1000, Batch 30/30, Loss: 0.8120
2025-04-26 14:01:52 - INFO - Epoch 188/1000, Batch 30/30, Loss: 0.8645
2025-04-26 14:02:05 - INFO - Epoch 189/1000, Batch 30/30, Loss: 0.8763
2025-04-26 14:02:17 - INFO - Epoch 190/1000, Batch 30/30, Loss: 0.9251
2025-04-26 14:02:29 - INFO - Epoch 191/1000, Batch 30/30, Loss: 0.9326
2025-04-26 14:02:41 - INFO - Epoch 192/1000, Batch 30/30, Loss: 0.9514
2025-04-26 14:02:53 - INFO - Epoch 193/1000, Batch 30/30, Loss: 0.8499
2025-04-26 14:03:05 - INFO - Epoch 194/1000, Batch 30/30, Loss: 0.8221
2025-04-26 14:03:17 - INFO - Epoch 195/1000, Batch 30/30, Loss: 0.8154
2025-04-26 14:03:29 - INFO - Epoch 196/1000, Batch 30/30, Loss: 0.9021
2025-04-26 14:03:42 - INFO - Epoch 197/1000, Batch 30/30, Loss: 0.7529
2025-04-26 14:03:54 - INFO - Epoch 198/1000, Batch 30/30, Loss: 0.9140
2025-04-26 14:04:06 - INFO - Epoch 199/1000, Batch 30/30, Loss: 0.9425
2025-04-26 14:04:18 - INFO - Epoch 200/1000, Batch 30/30, Loss: 0.7543
2025-04-26 14:04:18 - INFO - Saved checkpoint at epoch 200 at ./result/VNet/Amos/Pth/model_epoch_200_checkpoint.pth
2025-04-26 14:04:30 - INFO - Epoch 201/1000, Batch 30/30, Loss: 0.7881
2025-04-26 14:04:43 - INFO - Epoch 202/1000, Batch 30/30, Loss: 0.7897
2025-04-26 14:04:55 - INFO - Epoch 203/1000, Batch 30/30, Loss: 0.8886
2025-04-26 14:05:06 - INFO - Epoch 204/1000, Batch 30/30, Loss: 0.7810
2025-04-26 14:05:19 - INFO - Epoch 205/1000, Batch 30/30, Loss: 0.7481
2025-04-26 14:05:31 - INFO - Epoch 206/1000, Batch 30/30, Loss: 0.7538
2025-04-26 14:05:43 - INFO - Epoch 207/1000, Batch 30/30, Loss: 0.8829
2025-04-26 14:05:55 - INFO - Epoch 208/1000, Batch 30/30, Loss: 0.8668
2025-04-26 14:06:07 - INFO - Epoch 209/1000, Batch 30/30, Loss: 0.8659
2025-04-26 14:06:20 - INFO - Epoch 210/1000, Batch 30/30, Loss: 0.7731
2025-04-26 14:06:32 - INFO - Epoch 211/1000, Batch 30/30, Loss: 0.7816
2025-04-26 14:06:44 - INFO - Epoch 212/1000, Batch 30/30, Loss: 0.8905
2025-04-26 14:06:56 - INFO - Epoch 213/1000, Batch 30/30, Loss: 0.8515
2025-04-26 14:07:09 - INFO - Epoch 214/1000, Batch 30/30, Loss: 0.7632
2025-04-26 14:07:21 - INFO - Epoch 215/1000, Batch 30/30, Loss: 0.7991
2025-04-26 14:07:33 - INFO - Epoch 216/1000, Batch 30/30, Loss: 0.8210
2025-04-26 14:07:45 - INFO - Epoch 217/1000, Batch 30/30, Loss: 0.8321
2025-04-26 14:07:57 - INFO - Epoch 218/1000, Batch 30/30, Loss: 0.9412
2025-04-26 14:08:10 - INFO - Epoch 219/1000, Batch 30/30, Loss: 0.8140
2025-04-26 14:08:22 - INFO - Epoch 220/1000, Batch 30/30, Loss: 0.8112
2025-04-26 14:08:22 - INFO - Saved checkpoint at epoch 220 at ./result/VNet/Amos/Pth/model_epoch_220_checkpoint.pth
2025-04-26 14:08:34 - INFO - Epoch 221/1000, Batch 30/30, Loss: 0.7806
2025-04-26 14:08:46 - INFO - Epoch 222/1000, Batch 30/30, Loss: 0.7907
2025-04-26 14:08:58 - INFO - Epoch 223/1000, Batch 30/30, Loss: 0.7809
2025-04-26 14:09:10 - INFO - Epoch 224/1000, Batch 30/30, Loss: 0.8672
2025-04-26 14:09:23 - INFO - Epoch 225/1000, Batch 30/30, Loss: 0.8758
2025-04-26 14:09:34 - INFO - Epoch 226/1000, Batch 30/30, Loss: 0.7082
2025-04-26 14:09:46 - INFO - Epoch 227/1000, Batch 30/30, Loss: 0.7817
2025-04-26 14:09:59 - INFO - Epoch 228/1000, Batch 30/30, Loss: 0.8749
2025-04-26 14:10:11 - INFO - Epoch 229/1000, Batch 30/30, Loss: 0.8643
2025-04-26 14:10:23 - INFO - Epoch 230/1000, Batch 30/30, Loss: 0.8908
2025-04-26 14:10:35 - INFO - Epoch 231/1000, Batch 30/30, Loss: 0.7343
2025-04-26 14:10:47 - INFO - Epoch 232/1000, Batch 30/30, Loss: 0.7043
2025-04-26 14:10:59 - INFO - Epoch 233/1000, Batch 30/30, Loss: 0.7590
2025-04-26 14:11:11 - INFO - Epoch 234/1000, Batch 30/30, Loss: 0.8437
2025-04-26 14:11:23 - INFO - Epoch 235/1000, Batch 30/30, Loss: 0.8571
2025-04-26 14:11:35 - INFO - Epoch 236/1000, Batch 30/30, Loss: 0.7291
2025-04-26 14:11:48 - INFO - Epoch 237/1000, Batch 30/30, Loss: 0.7907
2025-04-26 14:11:59 - INFO - Epoch 238/1000, Batch 30/30, Loss: 0.7730
2025-04-26 14:12:12 - INFO - Epoch 239/1000, Batch 30/30, Loss: 0.8485
2025-04-26 14:12:24 - INFO - Epoch 240/1000, Batch 30/30, Loss: 0.8498
2025-04-26 14:12:24 - INFO - Saved checkpoint at epoch 240 at ./result/VNet/Amos/Pth/model_epoch_240_checkpoint.pth
2025-04-26 14:12:36 - INFO - Epoch 241/1000, Batch 30/30, Loss: 0.6640
2025-04-26 14:12:48 - INFO - Epoch 242/1000, Batch 30/30, Loss: 0.6952
2025-04-26 14:13:00 - INFO - Epoch 243/1000, Batch 30/30, Loss: 0.8428
2025-04-26 14:13:13 - INFO - Epoch 244/1000, Batch 30/30, Loss: 0.8490
2025-04-26 14:13:25 - INFO - Epoch 245/1000, Batch 30/30, Loss: 0.8277
2025-04-26 14:13:37 - INFO - Epoch 246/1000, Batch 30/30, Loss: 0.7545
2025-04-26 14:13:50 - INFO - Epoch 247/1000, Batch 30/30, Loss: 0.8380
2025-04-26 14:14:02 - INFO - Epoch 248/1000, Batch 30/30, Loss: 0.8070
2025-04-26 14:14:14 - INFO - Epoch 249/1000, Batch 30/30, Loss: 0.8575
2025-04-26 14:14:26 - INFO - Epoch 250/1000, Batch 30/30, Loss: 0.7414
2025-04-26 14:14:38 - INFO - Epoch 251/1000, Batch 30/30, Loss: 0.9747
2025-04-26 14:14:50 - INFO - Epoch 252/1000, Batch 30/30, Loss: 0.6799
2025-04-26 14:15:03 - INFO - Epoch 253/1000, Batch 30/30, Loss: 0.8358
2025-04-26 14:15:15 - INFO - Epoch 254/1000, Batch 30/30, Loss: 0.7135
2025-04-26 14:15:27 - INFO - Epoch 255/1000, Batch 30/30, Loss: 0.7150
2025-04-26 14:15:39 - INFO - Epoch 256/1000, Batch 30/30, Loss: 0.7238
2025-04-26 14:15:51 - INFO - Epoch 257/1000, Batch 30/30, Loss: 0.7931
2025-04-26 14:16:04 - INFO - Epoch 258/1000, Batch 30/30, Loss: 0.6968
2025-04-26 14:16:15 - INFO - Epoch 259/1000, Batch 30/30, Loss: 0.8004
2025-04-26 14:16:28 - INFO - Epoch 260/1000, Batch 30/30, Loss: 0.7077
2025-04-26 14:16:28 - INFO - Saved checkpoint at epoch 260 at ./result/VNet/Amos/Pth/model_epoch_260_checkpoint.pth
2025-04-26 14:16:40 - INFO - Epoch 261/1000, Batch 30/30, Loss: 0.7985
2025-04-26 14:16:52 - INFO - Epoch 262/1000, Batch 30/30, Loss: 0.7839
2025-04-26 14:17:04 - INFO - Epoch 263/1000, Batch 30/30, Loss: 0.8246
2025-04-26 14:17:16 - INFO - Epoch 264/1000, Batch 30/30, Loss: 0.7318
2025-04-26 14:17:29 - INFO - Epoch 265/1000, Batch 30/30, Loss: 0.8283
2025-04-26 14:17:41 - INFO - Epoch 266/1000, Batch 30/30, Loss: 0.7791
2025-04-26 14:17:53 - INFO - Epoch 267/1000, Batch 30/30, Loss: 0.6975
2025-04-26 14:18:05 - INFO - Epoch 268/1000, Batch 30/30, Loss: 0.9018
2025-04-26 14:18:17 - INFO - Epoch 269/1000, Batch 30/30, Loss: 0.7196
2025-04-26 14:18:30 - INFO - Epoch 270/1000, Batch 30/30, Loss: 0.9494
2025-04-26 14:18:41 - INFO - Epoch 271/1000, Batch 30/30, Loss: 0.7808
2025-04-26 14:18:54 - INFO - Epoch 272/1000, Batch 30/30, Loss: 0.7511
2025-04-26 14:19:06 - INFO - Epoch 273/1000, Batch 30/30, Loss: 0.7510
2025-04-26 14:19:18 - INFO - Epoch 274/1000, Batch 30/30, Loss: 0.7397
2025-04-26 14:19:30 - INFO - Epoch 275/1000, Batch 30/30, Loss: 0.7185
2025-04-26 14:19:42 - INFO - Epoch 276/1000, Batch 30/30, Loss: 0.6885
2025-04-26 14:19:54 - INFO - Epoch 277/1000, Batch 30/30, Loss: 0.6501
2025-04-26 14:20:06 - INFO - Epoch 278/1000, Batch 30/30, Loss: 0.8778
2025-04-26 14:20:18 - INFO - Epoch 279/1000, Batch 30/30, Loss: 0.7577
2025-04-26 14:20:31 - INFO - Epoch 280/1000, Batch 30/30, Loss: 0.7784
2025-04-26 14:20:31 - INFO - Saved checkpoint at epoch 280 at ./result/VNet/Amos/Pth/model_epoch_280_checkpoint.pth
2025-04-26 14:20:43 - INFO - Epoch 281/1000, Batch 30/30, Loss: 0.8138
2025-04-26 14:20:55 - INFO - Epoch 282/1000, Batch 30/30, Loss: 0.7043
2025-04-26 14:21:08 - INFO - Epoch 283/1000, Batch 30/30, Loss: 0.8050
2025-04-26 14:21:20 - INFO - Epoch 284/1000, Batch 30/30, Loss: 0.7275
2025-04-26 14:21:32 - INFO - Epoch 285/1000, Batch 30/30, Loss: 0.7984
2025-04-26 14:21:44 - INFO - Epoch 286/1000, Batch 30/30, Loss: 0.7674
2025-04-26 14:21:56 - INFO - Epoch 287/1000, Batch 30/30, Loss: 0.7403
2025-04-26 14:22:09 - INFO - Epoch 288/1000, Batch 30/30, Loss: 0.6928
2025-04-26 14:22:21 - INFO - Epoch 289/1000, Batch 30/30, Loss: 0.7424
2025-04-26 14:22:33 - INFO - Epoch 290/1000, Batch 30/30, Loss: 0.7197
2025-04-26 14:22:45 - INFO - Epoch 291/1000, Batch 30/30, Loss: 0.8427
2025-04-26 14:22:57 - INFO - Epoch 292/1000, Batch 30/30, Loss: 0.7125
2025-04-26 14:23:09 - INFO - Epoch 293/1000, Batch 30/30, Loss: 0.6900
2025-04-26 14:23:21 - INFO - Epoch 294/1000, Batch 30/30, Loss: 0.6847
2025-04-26 14:23:33 - INFO - Epoch 295/1000, Batch 30/30, Loss: 0.6926
2025-04-26 14:23:45 - INFO - Epoch 296/1000, Batch 30/30, Loss: 0.6451
2025-04-26 14:23:57 - INFO - Epoch 297/1000, Batch 30/30, Loss: 0.7344
2025-04-26 14:24:10 - INFO - Epoch 298/1000, Batch 30/30, Loss: 0.7104
2025-04-26 14:24:22 - INFO - Epoch 299/1000, Batch 30/30, Loss: 0.6362
2025-04-26 14:24:34 - INFO - Epoch 300/1000, Batch 30/30, Loss: 0.6756
2025-04-26 14:24:34 - INFO - Saved checkpoint at epoch 300 at ./result/VNet/Amos/Pth/model_epoch_300_checkpoint.pth
2025-04-26 14:24:46 - INFO - Epoch 301/1000, Batch 30/30, Loss: 0.6692
2025-04-26 14:24:58 - INFO - Epoch 302/1000, Batch 30/30, Loss: 0.7039
2025-04-26 14:25:11 - INFO - Epoch 303/1000, Batch 30/30, Loss: 0.6960
2025-04-26 14:25:23 - INFO - Epoch 304/1000, Batch 30/30, Loss: 0.7973
2025-04-26 14:25:35 - INFO - Epoch 305/1000, Batch 30/30, Loss: 0.7507
2025-04-26 14:25:47 - INFO - Epoch 306/1000, Batch 30/30, Loss: 0.6527
2025-04-26 14:25:59 - INFO - Epoch 307/1000, Batch 30/30, Loss: 0.7324
2025-04-26 14:26:12 - INFO - Epoch 308/1000, Batch 30/30, Loss: 0.6952
2025-04-26 14:26:24 - INFO - Epoch 309/1000, Batch 30/30, Loss: 0.6194
2025-04-26 14:26:36 - INFO - Epoch 310/1000, Batch 30/30, Loss: 0.6798
2025-04-26 14:26:48 - INFO - Epoch 311/1000, Batch 30/30, Loss: 0.6878
2025-04-26 14:27:00 - INFO - Epoch 312/1000, Batch 30/30, Loss: 0.6983
2025-04-26 14:27:13 - INFO - Epoch 313/1000, Batch 30/30, Loss: 0.7232
2025-04-26 14:27:25 - INFO - Epoch 314/1000, Batch 30/30, Loss: 0.7171
2025-04-26 14:27:37 - INFO - Epoch 315/1000, Batch 30/30, Loss: 0.7594
2025-04-26 14:27:49 - INFO - Epoch 316/1000, Batch 30/30, Loss: 0.7226
2025-04-26 14:28:01 - INFO - Epoch 317/1000, Batch 30/30, Loss: 0.7203
2025-04-26 14:28:13 - INFO - Epoch 318/1000, Batch 30/30, Loss: 0.7395
2025-04-26 14:28:25 - INFO - Epoch 319/1000, Batch 30/30, Loss: 0.7761
2025-04-26 14:28:37 - INFO - Epoch 320/1000, Batch 30/30, Loss: 0.8037
2025-04-26 14:28:37 - INFO - Saved checkpoint at epoch 320 at ./result/VNet/Amos/Pth/model_epoch_320_checkpoint.pth
2025-04-26 14:28:49 - INFO - Epoch 321/1000, Batch 30/30, Loss: 0.6548
2025-04-26 14:29:02 - INFO - Epoch 322/1000, Batch 30/30, Loss: 0.6354
2025-04-26 14:29:14 - INFO - Epoch 323/1000, Batch 30/30, Loss: 0.7172
2025-04-26 14:29:26 - INFO - Epoch 324/1000, Batch 30/30, Loss: 0.6121
2025-04-26 14:29:38 - INFO - Epoch 325/1000, Batch 30/30, Loss: 0.7147
2025-04-26 14:29:50 - INFO - Epoch 326/1000, Batch 30/30, Loss: 0.7006
2025-04-26 14:30:02 - INFO - Epoch 327/1000, Batch 30/30, Loss: 0.7983
2025-04-26 14:30:15 - INFO - Epoch 328/1000, Batch 30/30, Loss: 0.6159
2025-04-26 14:30:27 - INFO - Epoch 329/1000, Batch 30/30, Loss: 0.7531
2025-04-26 14:30:39 - INFO - Epoch 330/1000, Batch 30/30, Loss: 0.7832
2025-04-26 14:30:51 - INFO - Epoch 331/1000, Batch 30/30, Loss: 0.8075
2025-04-26 14:31:03 - INFO - Epoch 332/1000, Batch 30/30, Loss: 0.6221
2025-04-26 14:31:16 - INFO - Epoch 333/1000, Batch 30/30, Loss: 0.7036
2025-04-26 14:31:28 - INFO - Epoch 334/1000, Batch 30/30, Loss: 0.6216
2025-04-26 14:31:40 - INFO - Epoch 335/1000, Batch 30/30, Loss: 0.6838
2025-04-26 14:31:52 - INFO - Epoch 336/1000, Batch 30/30, Loss: 0.6542
2025-04-26 14:32:04 - INFO - Epoch 337/1000, Batch 30/30, Loss: 0.6682
2025-04-26 14:32:16 - INFO - Epoch 338/1000, Batch 30/30, Loss: 0.7479
2025-04-26 14:32:28 - INFO - Epoch 339/1000, Batch 30/30, Loss: 0.6417
2025-04-26 14:32:40 - INFO - Epoch 340/1000, Batch 30/30, Loss: 0.6126
2025-04-26 14:32:41 - INFO - Saved checkpoint at epoch 340 at ./result/VNet/Amos/Pth/model_epoch_340_checkpoint.pth
2025-04-26 14:32:53 - INFO - Epoch 341/1000, Batch 30/30, Loss: 0.6515
2025-04-26 14:33:05 - INFO - Epoch 342/1000, Batch 30/30, Loss: 0.6753
2025-04-26 14:33:17 - INFO - Epoch 343/1000, Batch 30/30, Loss: 0.5830
2025-04-26 14:33:29 - INFO - Epoch 344/1000, Batch 30/30, Loss: 0.7184
2025-04-26 14:33:42 - INFO - Epoch 345/1000, Batch 30/30, Loss: 0.6493
2025-04-26 14:33:54 - INFO - Epoch 346/1000, Batch 30/30, Loss: 0.6551
2025-04-26 14:34:06 - INFO - Epoch 347/1000, Batch 30/30, Loss: 0.6292
2025-04-26 14:34:18 - INFO - Epoch 348/1000, Batch 30/30, Loss: 0.6482
2025-04-26 14:34:30 - INFO - Epoch 349/1000, Batch 30/30, Loss: 0.7523
2025-04-26 14:34:42 - INFO - Epoch 350/1000, Batch 30/30, Loss: 0.6115
2025-04-26 14:34:54 - INFO - Epoch 351/1000, Batch 30/30, Loss: 0.6044
2025-04-26 14:35:06 - INFO - Epoch 352/1000, Batch 30/30, Loss: 0.5853
2025-04-26 14:35:19 - INFO - Epoch 353/1000, Batch 30/30, Loss: 0.7136
2025-04-26 14:35:31 - INFO - Epoch 354/1000, Batch 30/30, Loss: 0.6423
2025-04-26 14:35:43 - INFO - Epoch 355/1000, Batch 30/30, Loss: 0.7412
2025-04-26 14:35:55 - INFO - Epoch 356/1000, Batch 30/30, Loss: 0.6656
2025-04-26 14:36:08 - INFO - Epoch 357/1000, Batch 30/30, Loss: 0.6643
2025-04-26 14:36:20 - INFO - Epoch 358/1000, Batch 30/30, Loss: 0.6910
2025-04-26 14:36:32 - INFO - Epoch 359/1000, Batch 30/30, Loss: 0.7063
2025-04-26 14:36:44 - INFO - Epoch 360/1000, Batch 30/30, Loss: 0.5856
2025-04-26 14:36:44 - INFO - Saved checkpoint at epoch 360 at ./result/VNet/Amos/Pth/model_epoch_360_checkpoint.pth
2025-04-26 14:36:56 - INFO - Epoch 361/1000, Batch 30/30, Loss: 0.6042
2025-04-26 14:37:08 - INFO - Epoch 362/1000, Batch 30/30, Loss: 0.7863
2025-04-26 14:37:21 - INFO - Epoch 363/1000, Batch 30/30, Loss: 0.6335
2025-04-26 14:37:33 - INFO - Epoch 364/1000, Batch 30/30, Loss: 0.7254
2025-04-26 14:37:45 - INFO - Epoch 365/1000, Batch 30/30, Loss: 0.6979
2025-04-26 14:37:57 - INFO - Epoch 366/1000, Batch 30/30, Loss: 0.6210
2025-04-26 14:38:09 - INFO - Epoch 367/1000, Batch 30/30, Loss: 0.6289
2025-04-26 14:38:21 - INFO - Epoch 368/1000, Batch 30/30, Loss: 0.5657
2025-04-26 14:38:33 - INFO - Epoch 369/1000, Batch 30/30, Loss: 0.5971
2025-04-26 14:38:44 - INFO - Epoch 370/1000, Batch 30/30, Loss: 0.6241
2025-04-26 14:38:56 - INFO - Epoch 371/1000, Batch 30/30, Loss: 0.7384
2025-04-26 14:39:08 - INFO - Epoch 372/1000, Batch 30/30, Loss: 0.5692
2025-04-26 14:39:20 - INFO - Epoch 373/1000, Batch 30/30, Loss: 0.6834
2025-04-26 14:39:32 - INFO - Epoch 374/1000, Batch 30/30, Loss: 0.6508
2025-04-26 14:39:45 - INFO - Epoch 375/1000, Batch 30/30, Loss: 0.5400
2025-04-26 14:39:57 - INFO - Epoch 376/1000, Batch 30/30, Loss: 0.5833
2025-04-26 14:40:09 - INFO - Epoch 377/1000, Batch 30/30, Loss: 0.8378
2025-04-26 14:40:21 - INFO - Epoch 378/1000, Batch 30/30, Loss: 0.6605
2025-04-26 14:40:34 - INFO - Epoch 379/1000, Batch 30/30, Loss: 0.6074
2025-04-26 14:40:46 - INFO - Epoch 380/1000, Batch 30/30, Loss: 0.6958
2025-04-26 14:40:46 - INFO - Saved checkpoint at epoch 380 at ./result/VNet/Amos/Pth/model_epoch_380_checkpoint.pth
2025-04-26 14:40:58 - INFO - Epoch 381/1000, Batch 30/30, Loss: 0.5913
2025-04-26 14:41:10 - INFO - Epoch 382/1000, Batch 30/30, Loss: 0.6744
2025-04-26 14:41:23 - INFO - Epoch 383/1000, Batch 30/30, Loss: 0.6721
2025-04-26 14:41:35 - INFO - Epoch 384/1000, Batch 30/30, Loss: 0.5898
2025-04-26 14:41:47 - INFO - Epoch 385/1000, Batch 30/30, Loss: 0.6188
2025-04-26 14:41:59 - INFO - Epoch 386/1000, Batch 30/30, Loss: 0.6087
2025-04-26 14:42:11 - INFO - Epoch 387/1000, Batch 30/30, Loss: 0.7058
2025-04-26 14:42:24 - INFO - Epoch 388/1000, Batch 30/30, Loss: 0.5957
2025-04-26 14:42:36 - INFO - Epoch 389/1000, Batch 30/30, Loss: 0.7115
2025-04-26 14:42:48 - INFO - Epoch 390/1000, Batch 30/30, Loss: 0.6706
2025-04-26 14:43:00 - INFO - Epoch 391/1000, Batch 30/30, Loss: 0.5925
2025-04-26 14:43:13 - INFO - Epoch 392/1000, Batch 30/30, Loss: 0.7559
2025-04-26 14:43:25 - INFO - Epoch 393/1000, Batch 30/30, Loss: 0.7106
2025-04-26 14:43:37 - INFO - Epoch 394/1000, Batch 30/30, Loss: 0.6283
2025-04-26 14:43:49 - INFO - Epoch 395/1000, Batch 30/30, Loss: 0.5893
2025-04-26 14:44:01 - INFO - Epoch 396/1000, Batch 30/30, Loss: 0.6502
2025-04-26 14:44:13 - INFO - Epoch 397/1000, Batch 30/30, Loss: 0.5418
2025-04-26 14:44:25 - INFO - Epoch 398/1000, Batch 30/30, Loss: 0.7178
2025-04-26 14:44:37 - INFO - Epoch 399/1000, Batch 30/30, Loss: 0.6445
2025-04-26 14:44:50 - INFO - Epoch 400/1000, Batch 30/30, Loss: 0.6642
2025-04-26 14:44:50 - INFO - Saved checkpoint at epoch 400 at ./result/VNet/Amos/Pth/model_epoch_400_checkpoint.pth
2025-04-26 14:45:02 - INFO - Epoch 401/1000, Batch 30/30, Loss: 0.6739
2025-04-26 14:45:14 - INFO - Epoch 402/1000, Batch 30/30, Loss: 0.7494
2025-04-26 14:45:26 - INFO - Epoch 403/1000, Batch 30/30, Loss: 0.6261
2025-04-26 14:45:38 - INFO - Epoch 404/1000, Batch 30/30, Loss: 0.6404
2025-04-26 14:45:50 - INFO - Epoch 405/1000, Batch 30/30, Loss: 0.5908
2025-04-26 14:46:02 - INFO - Epoch 406/1000, Batch 30/30, Loss: 0.5830
2025-04-26 14:46:14 - INFO - Epoch 407/1000, Batch 30/30, Loss: 0.7804
2025-04-26 14:46:26 - INFO - Epoch 408/1000, Batch 30/30, Loss: 0.6520
2025-04-26 14:46:38 - INFO - Epoch 409/1000, Batch 30/30, Loss: 0.7324
2025-04-26 14:46:51 - INFO - Epoch 410/1000, Batch 30/30, Loss: 0.6591
2025-04-26 14:47:02 - INFO - Epoch 411/1000, Batch 30/30, Loss: 0.6657
2025-04-26 14:47:15 - INFO - Epoch 412/1000, Batch 30/30, Loss: 0.6644
2025-04-26 14:47:27 - INFO - Epoch 413/1000, Batch 30/30, Loss: 0.6490
2025-04-26 14:47:39 - INFO - Epoch 414/1000, Batch 30/30, Loss: 0.5854
2025-04-26 14:47:51 - INFO - Epoch 415/1000, Batch 30/30, Loss: 0.6817
2025-04-26 14:48:03 - INFO - Epoch 416/1000, Batch 30/30, Loss: 0.5775
2025-04-26 14:48:15 - INFO - Epoch 417/1000, Batch 30/30, Loss: 0.6857
2025-04-26 14:48:28 - INFO - Epoch 418/1000, Batch 30/30, Loss: 0.6088
2025-04-26 14:48:40 - INFO - Epoch 419/1000, Batch 30/30, Loss: 0.6752
2025-04-26 14:48:52 - INFO - Epoch 420/1000, Batch 30/30, Loss: 0.5950
2025-04-26 14:48:52 - INFO - Saved checkpoint at epoch 420 at ./result/VNet/Amos/Pth/model_epoch_420_checkpoint.pth
2025-04-26 14:49:04 - INFO - Epoch 421/1000, Batch 30/30, Loss: 0.6197
2025-04-26 14:49:16 - INFO - Epoch 422/1000, Batch 30/30, Loss: 0.6086
2025-04-26 14:49:28 - INFO - Epoch 423/1000, Batch 30/30, Loss: 0.5436
2025-04-26 14:49:41 - INFO - Epoch 424/1000, Batch 30/30, Loss: 0.5485
2025-04-26 14:49:53 - INFO - Epoch 425/1000, Batch 30/30, Loss: 0.6356
2025-04-26 14:50:05 - INFO - Epoch 426/1000, Batch 30/30, Loss: 0.5929
2025-04-26 14:50:17 - INFO - Epoch 427/1000, Batch 30/30, Loss: 0.6845
2025-04-26 14:50:29 - INFO - Epoch 428/1000, Batch 30/30, Loss: 0.6514
2025-04-26 14:50:41 - INFO - Epoch 429/1000, Batch 30/30, Loss: 0.5675
2025-04-26 14:50:54 - INFO - Epoch 430/1000, Batch 30/30, Loss: 0.6237
2025-04-26 14:51:06 - INFO - Epoch 431/1000, Batch 30/30, Loss: 0.4904
2025-04-26 14:51:18 - INFO - Epoch 432/1000, Batch 30/30, Loss: 0.6399
2025-04-26 14:51:30 - INFO - Epoch 433/1000, Batch 30/30, Loss: 0.6909
2025-04-26 14:51:43 - INFO - Epoch 434/1000, Batch 30/30, Loss: 0.6999
2025-04-26 14:51:55 - INFO - Epoch 435/1000, Batch 30/30, Loss: 0.5736
2025-04-26 14:52:07 - INFO - Epoch 436/1000, Batch 30/30, Loss: 0.6646
2025-04-26 14:52:19 - INFO - Epoch 437/1000, Batch 30/30, Loss: 0.5051
2025-04-26 14:52:31 - INFO - Epoch 438/1000, Batch 30/30, Loss: 0.6639
2025-04-26 14:52:43 - INFO - Epoch 439/1000, Batch 30/30, Loss: 0.8192
2025-04-26 14:52:56 - INFO - Epoch 440/1000, Batch 30/30, Loss: 0.5580
2025-04-26 14:52:56 - INFO - Saved checkpoint at epoch 440 at ./result/VNet/Amos/Pth/model_epoch_440_checkpoint.pth
2025-04-26 14:53:08 - INFO - Epoch 441/1000, Batch 30/30, Loss: 0.5720
2025-04-26 14:53:20 - INFO - Epoch 442/1000, Batch 30/30, Loss: 0.6344
2025-04-26 14:53:32 - INFO - Epoch 443/1000, Batch 30/30, Loss: 0.5841
2025-04-26 14:53:44 - INFO - Epoch 444/1000, Batch 30/30, Loss: 0.7991
2025-04-26 14:53:56 - INFO - Epoch 445/1000, Batch 30/30, Loss: 0.5225
2025-04-26 14:54:09 - INFO - Epoch 446/1000, Batch 30/30, Loss: 0.7687
2025-04-26 14:54:21 - INFO - Epoch 447/1000, Batch 30/30, Loss: 0.6057
2025-04-26 14:54:33 - INFO - Epoch 448/1000, Batch 30/30, Loss: 0.6662
2025-04-26 14:54:45 - INFO - Epoch 449/1000, Batch 30/30, Loss: 0.5091
2025-04-26 14:54:58 - INFO - Epoch 450/1000, Batch 30/30, Loss: 0.5124
2025-04-26 14:55:10 - INFO - Epoch 451/1000, Batch 30/30, Loss: 0.5600
2025-04-26 14:55:22 - INFO - Epoch 452/1000, Batch 30/30, Loss: 0.7925
2025-04-26 14:55:34 - INFO - Epoch 453/1000, Batch 30/30, Loss: 0.6460
2025-04-26 14:55:46 - INFO - Epoch 454/1000, Batch 30/30, Loss: 0.6211
2025-04-26 14:55:58 - INFO - Epoch 455/1000, Batch 30/30, Loss: 0.6514
2025-04-26 14:56:10 - INFO - Epoch 456/1000, Batch 30/30, Loss: 0.7256
2025-04-26 14:56:23 - INFO - Epoch 457/1000, Batch 30/30, Loss: 0.6277
2025-04-26 14:56:35 - INFO - Epoch 458/1000, Batch 30/30, Loss: 0.6573
2025-04-26 14:56:47 - INFO - Epoch 459/1000, Batch 30/30, Loss: 0.7896
2025-04-26 14:56:59 - INFO - Epoch 460/1000, Batch 30/30, Loss: 0.5899
2025-04-26 14:56:59 - INFO - Saved checkpoint at epoch 460 at ./result/VNet/Amos/Pth/model_epoch_460_checkpoint.pth
2025-04-26 14:57:12 - INFO - Epoch 461/1000, Batch 30/30, Loss: 0.6050
2025-04-26 14:57:24 - INFO - Epoch 462/1000, Batch 30/30, Loss: 0.6210
2025-04-26 14:57:35 - INFO - Epoch 463/1000, Batch 30/30, Loss: 0.7589
2025-04-26 14:57:48 - INFO - Epoch 464/1000, Batch 30/30, Loss: 0.5917
2025-04-26 14:58:00 - INFO - Epoch 465/1000, Batch 30/30, Loss: 0.6233
2025-04-26 14:58:12 - INFO - Epoch 466/1000, Batch 30/30, Loss: 0.5303
2025-04-26 14:58:24 - INFO - Epoch 467/1000, Batch 30/30, Loss: 0.7459
2025-04-26 14:58:36 - INFO - Epoch 468/1000, Batch 30/30, Loss: 0.5774
2025-04-26 14:58:49 - INFO - Epoch 469/1000, Batch 30/30, Loss: 0.5598
2025-04-26 14:59:01 - INFO - Epoch 470/1000, Batch 30/30, Loss: 0.6115
2025-04-26 14:59:13 - INFO - Epoch 471/1000, Batch 30/30, Loss: 0.6039
2025-04-26 14:59:25 - INFO - Epoch 472/1000, Batch 30/30, Loss: 0.5929
2025-04-26 14:59:37 - INFO - Epoch 473/1000, Batch 30/30, Loss: 0.5945
2025-04-26 14:59:49 - INFO - Epoch 474/1000, Batch 30/30, Loss: 0.5887
2025-04-26 15:00:01 - INFO - Epoch 475/1000, Batch 30/30, Loss: 0.5668
2025-04-26 15:00:14 - INFO - Epoch 476/1000, Batch 30/30, Loss: 0.6431
2025-04-26 15:00:26 - INFO - Epoch 477/1000, Batch 30/30, Loss: 0.6359
2025-04-26 15:00:38 - INFO - Epoch 478/1000, Batch 30/30, Loss: 0.6671
2025-04-26 15:00:51 - INFO - Epoch 479/1000, Batch 30/30, Loss: 0.5922
2025-04-26 15:01:03 - INFO - Epoch 480/1000, Batch 30/30, Loss: 0.6498
2025-04-26 15:01:03 - INFO - Saved checkpoint at epoch 480 at ./result/VNet/Amos/Pth/model_epoch_480_checkpoint.pth
2025-04-26 15:01:15 - INFO - Epoch 481/1000, Batch 30/30, Loss: 0.4605
2025-04-26 15:01:27 - INFO - Epoch 482/1000, Batch 30/30, Loss: 0.5816
2025-04-26 15:01:39 - INFO - Epoch 483/1000, Batch 30/30, Loss: 0.5327
2025-04-26 15:01:51 - INFO - Epoch 484/1000, Batch 30/30, Loss: 0.6726
2025-04-26 15:02:03 - INFO - Epoch 485/1000, Batch 30/30, Loss: 0.6762
2025-04-26 15:02:15 - INFO - Epoch 486/1000, Batch 30/30, Loss: 0.5325
2025-04-26 15:02:28 - INFO - Epoch 487/1000, Batch 30/30, Loss: 0.5050
2025-04-26 15:02:40 - INFO - Epoch 488/1000, Batch 30/30, Loss: 0.7418
2025-04-26 15:02:52 - INFO - Epoch 489/1000, Batch 30/30, Loss: 0.6332
2025-04-26 15:03:04 - INFO - Epoch 490/1000, Batch 30/30, Loss: 0.6332
2025-04-26 15:03:16 - INFO - Epoch 491/1000, Batch 30/30, Loss: 0.6292
2025-04-26 15:03:28 - INFO - Epoch 492/1000, Batch 30/30, Loss: 0.6418
2025-04-26 15:03:41 - INFO - Epoch 493/1000, Batch 30/30, Loss: 0.4562
2025-04-26 15:03:53 - INFO - Epoch 494/1000, Batch 30/30, Loss: 0.5117
2025-04-26 15:04:04 - INFO - Epoch 495/1000, Batch 30/30, Loss: 0.5393
2025-04-26 15:04:17 - INFO - Epoch 496/1000, Batch 30/30, Loss: 0.6277
2025-04-26 15:04:28 - INFO - Epoch 497/1000, Batch 30/30, Loss: 0.5537
2025-04-26 15:04:40 - INFO - Epoch 498/1000, Batch 30/30, Loss: 0.5261
2025-04-26 15:04:52 - INFO - Epoch 499/1000, Batch 30/30, Loss: 0.4965
2025-04-26 15:05:05 - INFO - Epoch 500/1000, Batch 30/30, Loss: 0.6456
2025-04-26 15:05:05 - INFO - Saved checkpoint at epoch 500 at ./result/VNet/Amos/Pth/model_epoch_500_checkpoint.pth
2025-04-26 15:05:17 - INFO - Epoch 501/1000, Batch 30/30, Loss: 0.4656
2025-04-26 15:05:29 - INFO - Epoch 502/1000, Batch 30/30, Loss: 0.6704
2025-04-26 15:05:42 - INFO - Epoch 503/1000, Batch 30/30, Loss: 0.5564
2025-04-26 15:05:54 - INFO - Epoch 504/1000, Batch 30/30, Loss: 0.5601
2025-04-26 15:06:06 - INFO - Epoch 505/1000, Batch 30/30, Loss: 0.5005
2025-04-26 15:06:19 - INFO - Epoch 506/1000, Batch 30/30, Loss: 0.6712
2025-04-26 15:06:31 - INFO - Epoch 507/1000, Batch 30/30, Loss: 0.6530
2025-04-26 15:06:43 - INFO - Epoch 508/1000, Batch 30/30, Loss: 0.5757
2025-04-26 15:06:55 - INFO - Epoch 509/1000, Batch 30/30, Loss: 0.5638
2025-04-26 15:07:07 - INFO - Epoch 510/1000, Batch 30/30, Loss: 0.4930
2025-04-26 15:07:19 - INFO - Epoch 511/1000, Batch 30/30, Loss: 0.4864
2025-04-26 15:07:31 - INFO - Epoch 512/1000, Batch 30/30, Loss: 0.4193
2025-04-26 15:07:43 - INFO - Epoch 513/1000, Batch 30/30, Loss: 0.6118
2025-04-26 15:07:55 - INFO - Epoch 514/1000, Batch 30/30, Loss: 0.4173
2025-04-26 15:08:08 - INFO - Epoch 515/1000, Batch 30/30, Loss: 0.6512
2025-04-26 15:08:20 - INFO - Epoch 516/1000, Batch 30/30, Loss: 0.5808
2025-04-26 15:08:32 - INFO - Epoch 517/1000, Batch 30/30, Loss: 0.5691
2025-04-26 15:08:44 - INFO - Epoch 518/1000, Batch 30/30, Loss: 0.6106
2025-04-26 15:08:57 - INFO - Epoch 519/1000, Batch 30/30, Loss: 0.4766
2025-04-26 15:09:09 - INFO - Epoch 520/1000, Batch 30/30, Loss: 0.5113
2025-04-26 15:09:09 - INFO - Saved checkpoint at epoch 520 at ./result/VNet/Amos/Pth/model_epoch_520_checkpoint.pth
2025-04-26 15:09:21 - INFO - Epoch 521/1000, Batch 30/30, Loss: 0.5913
2025-04-26 15:09:33 - INFO - Epoch 522/1000, Batch 30/30, Loss: 0.6654
2025-04-26 15:09:45 - INFO - Epoch 523/1000, Batch 30/30, Loss: 0.5971
2025-04-26 15:09:57 - INFO - Epoch 524/1000, Batch 30/30, Loss: 0.5055
2025-04-26 15:10:09 - INFO - Epoch 525/1000, Batch 30/30, Loss: 0.6289
2025-04-26 15:10:21 - INFO - Epoch 526/1000, Batch 30/30, Loss: 0.6633
2025-04-26 15:10:34 - INFO - Epoch 527/1000, Batch 30/30, Loss: 0.6857
2025-04-26 15:10:46 - INFO - Epoch 528/1000, Batch 30/30, Loss: 0.4654
2025-04-26 15:10:58 - INFO - Epoch 529/1000, Batch 30/30, Loss: 0.4842
2025-04-26 15:11:11 - INFO - Epoch 530/1000, Batch 30/30, Loss: 0.4958
2025-04-26 15:11:23 - INFO - Epoch 531/1000, Batch 30/30, Loss: 0.6151
2025-04-26 15:11:35 - INFO - Epoch 532/1000, Batch 30/30, Loss: 0.4744
2025-04-26 15:11:47 - INFO - Epoch 533/1000, Batch 30/30, Loss: 0.5478
2025-04-26 15:12:00 - INFO - Epoch 534/1000, Batch 30/30, Loss: 0.5603
2025-04-26 15:12:12 - INFO - Epoch 535/1000, Batch 30/30, Loss: 0.5860
2025-04-26 15:12:24 - INFO - Epoch 536/1000, Batch 30/30, Loss: 0.6705
2025-04-26 15:12:36 - INFO - Epoch 537/1000, Batch 30/30, Loss: 0.5871
2025-04-26 15:12:49 - INFO - Epoch 538/1000, Batch 30/30, Loss: 0.4786
2025-04-26 15:13:01 - INFO - Epoch 539/1000, Batch 30/30, Loss: 0.5181
2025-04-26 15:13:13 - INFO - Epoch 540/1000, Batch 30/30, Loss: 0.3987
2025-04-26 15:13:13 - INFO - Saved checkpoint at epoch 540 at ./result/VNet/Amos/Pth/model_epoch_540_checkpoint.pth
2025-04-26 15:13:25 - INFO - Epoch 541/1000, Batch 30/30, Loss: 0.6152
2025-04-26 15:13:38 - INFO - Epoch 542/1000, Batch 30/30, Loss: 0.5183
2025-04-26 15:13:50 - INFO - Epoch 543/1000, Batch 30/30, Loss: 0.5769
2025-04-26 15:14:02 - INFO - Epoch 544/1000, Batch 30/30, Loss: 0.5605
2025-04-26 15:14:14 - INFO - Epoch 545/1000, Batch 30/30, Loss: 0.4986
2025-04-26 15:14:27 - INFO - Epoch 546/1000, Batch 30/30, Loss: 0.7556
2025-04-26 15:14:39 - INFO - Epoch 547/1000, Batch 30/30, Loss: 0.5274
2025-04-26 15:14:51 - INFO - Epoch 548/1000, Batch 30/30, Loss: 0.5358
2025-04-26 15:15:03 - INFO - Epoch 549/1000, Batch 30/30, Loss: 0.4676
2025-04-26 15:15:15 - INFO - Epoch 550/1000, Batch 30/30, Loss: 0.5750
2025-04-26 15:15:27 - INFO - Epoch 551/1000, Batch 30/30, Loss: 0.5792
2025-04-26 15:15:39 - INFO - Epoch 552/1000, Batch 30/30, Loss: 0.5900
2025-04-26 15:15:52 - INFO - Epoch 553/1000, Batch 30/30, Loss: 0.5881
2025-04-26 15:16:04 - INFO - Epoch 554/1000, Batch 30/30, Loss: 0.5118
2025-04-26 15:16:16 - INFO - Epoch 555/1000, Batch 30/30, Loss: 0.5568
2025-04-26 15:16:28 - INFO - Epoch 556/1000, Batch 30/30, Loss: 0.5376
2025-04-26 15:16:40 - INFO - Epoch 557/1000, Batch 30/30, Loss: 0.5964
2025-04-26 15:16:53 - INFO - Epoch 558/1000, Batch 30/30, Loss: 0.4882
2025-04-26 15:17:04 - INFO - Epoch 559/1000, Batch 30/30, Loss: 0.6109
2025-04-26 15:17:16 - INFO - Epoch 560/1000, Batch 30/30, Loss: 0.5361
2025-04-26 15:17:17 - INFO - Saved checkpoint at epoch 560 at ./result/VNet/Amos/Pth/model_epoch_560_checkpoint.pth
2025-04-26 15:17:29 - INFO - Epoch 561/1000, Batch 30/30, Loss: 0.5137
2025-04-26 15:17:41 - INFO - Epoch 562/1000, Batch 30/30, Loss: 0.6676
2025-04-26 15:17:53 - INFO - Epoch 563/1000, Batch 30/30, Loss: 0.5053
2025-04-26 15:18:05 - INFO - Epoch 564/1000, Batch 30/30, Loss: 0.5489
2025-04-26 15:18:17 - INFO - Epoch 565/1000, Batch 30/30, Loss: 0.6026
2025-04-26 15:18:29 - INFO - Epoch 566/1000, Batch 30/30, Loss: 0.5216
2025-04-26 15:18:41 - INFO - Epoch 567/1000, Batch 30/30, Loss: 0.5528
2025-04-26 15:18:54 - INFO - Epoch 568/1000, Batch 30/30, Loss: 0.5883
2025-04-26 15:19:05 - INFO - Epoch 569/1000, Batch 30/30, Loss: 0.5233
2025-04-26 15:19:18 - INFO - Epoch 570/1000, Batch 30/30, Loss: 0.7380
2025-04-26 15:19:30 - INFO - Epoch 571/1000, Batch 30/30, Loss: 0.5785
2025-04-26 15:19:42 - INFO - Epoch 572/1000, Batch 30/30, Loss: 0.6425
2025-04-26 15:19:54 - INFO - Epoch 573/1000, Batch 30/30, Loss: 0.5126
2025-04-26 15:20:06 - INFO - Epoch 574/1000, Batch 30/30, Loss: 0.5167
2025-04-26 15:20:18 - INFO - Epoch 575/1000, Batch 30/30, Loss: 0.4601
2025-04-26 15:20:30 - INFO - Epoch 576/1000, Batch 30/30, Loss: 0.6465
2025-04-26 15:20:42 - INFO - Epoch 577/1000, Batch 30/30, Loss: 0.5478
2025-04-26 15:20:55 - INFO - Epoch 578/1000, Batch 30/30, Loss: 0.4081
2025-04-26 15:21:07 - INFO - Epoch 579/1000, Batch 30/30, Loss: 0.5299
2025-04-26 15:21:19 - INFO - Epoch 580/1000, Batch 30/30, Loss: 0.5041
2025-04-26 15:21:19 - INFO - Saved checkpoint at epoch 580 at ./result/VNet/Amos/Pth/model_epoch_580_checkpoint.pth
2025-04-26 15:21:31 - INFO - Epoch 581/1000, Batch 30/30, Loss: 0.6160
2025-04-26 15:21:43 - INFO - Epoch 582/1000, Batch 30/30, Loss: 0.5810
2025-04-26 15:21:56 - INFO - Epoch 583/1000, Batch 30/30, Loss: 0.5731
2025-04-26 15:22:08 - INFO - Epoch 584/1000, Batch 30/30, Loss: 0.5464
2025-04-26 15:22:20 - INFO - Epoch 585/1000, Batch 30/30, Loss: 0.5460
2025-04-26 15:22:32 - INFO - Epoch 586/1000, Batch 30/30, Loss: 0.4643
2025-04-26 15:22:44 - INFO - Epoch 587/1000, Batch 30/30, Loss: 0.5446
2025-04-26 15:22:56 - INFO - Epoch 588/1000, Batch 30/30, Loss: 0.4970
2025-04-26 15:23:09 - INFO - Epoch 589/1000, Batch 30/30, Loss: 0.5426
2025-04-26 15:23:21 - INFO - Epoch 590/1000, Batch 30/30, Loss: 0.5398
2025-04-26 15:23:33 - INFO - Epoch 591/1000, Batch 30/30, Loss: 0.4977
2025-04-26 15:23:45 - INFO - Epoch 592/1000, Batch 30/30, Loss: 0.7913
2025-04-26 15:23:57 - INFO - Epoch 593/1000, Batch 30/30, Loss: 0.5716
2025-04-26 15:24:09 - INFO - Epoch 594/1000, Batch 30/30, Loss: 0.5761
2025-04-26 15:24:22 - INFO - Epoch 595/1000, Batch 30/30, Loss: 0.6155
2025-04-26 15:24:34 - INFO - Epoch 596/1000, Batch 30/30, Loss: 0.6327
2025-04-26 15:24:46 - INFO - Epoch 597/1000, Batch 30/30, Loss: 0.4944
2025-04-26 15:24:58 - INFO - Epoch 598/1000, Batch 30/30, Loss: 0.5429
2025-04-26 15:25:10 - INFO - Epoch 599/1000, Batch 30/30, Loss: 0.5705
2025-04-26 15:25:22 - INFO - Epoch 600/1000, Batch 30/30, Loss: 0.5192
2025-04-26 15:25:22 - INFO - Saved checkpoint at epoch 600 at ./result/VNet/Amos/Pth/model_epoch_600_checkpoint.pth
2025-04-26 15:25:34 - INFO - Epoch 601/1000, Batch 30/30, Loss: 0.5699
2025-04-26 15:25:46 - INFO - Epoch 602/1000, Batch 30/30, Loss: 0.4875
2025-04-26 15:25:59 - INFO - Epoch 603/1000, Batch 30/30, Loss: 0.5756
2025-04-26 15:26:10 - INFO - Epoch 604/1000, Batch 30/30, Loss: 0.4799
2025-04-26 15:26:22 - INFO - Epoch 605/1000, Batch 30/30, Loss: 0.5747
2025-04-26 15:26:35 - INFO - Epoch 606/1000, Batch 30/30, Loss: 0.5274
2025-04-26 15:26:47 - INFO - Epoch 607/1000, Batch 30/30, Loss: 0.6320
2025-04-26 15:26:59 - INFO - Epoch 608/1000, Batch 30/30, Loss: 0.5830
2025-04-26 15:27:11 - INFO - Epoch 609/1000, Batch 30/30, Loss: 0.5161
2025-04-26 15:27:23 - INFO - Epoch 610/1000, Batch 30/30, Loss: 0.6158
2025-04-26 15:27:35 - INFO - Epoch 611/1000, Batch 30/30, Loss: 0.6377
2025-04-26 15:27:47 - INFO - Epoch 612/1000, Batch 30/30, Loss: 0.6344
2025-04-26 15:28:00 - INFO - Epoch 613/1000, Batch 30/30, Loss: 0.4749
2025-04-26 15:28:12 - INFO - Epoch 614/1000, Batch 30/30, Loss: 0.5422
2025-04-26 15:28:24 - INFO - Epoch 615/1000, Batch 30/30, Loss: 0.5697
2025-04-26 15:28:36 - INFO - Epoch 616/1000, Batch 30/30, Loss: 0.5145
2025-04-26 15:28:48 - INFO - Epoch 617/1000, Batch 30/30, Loss: 0.5406
2025-04-26 15:29:00 - INFO - Epoch 618/1000, Batch 30/30, Loss: 0.6934
2025-04-26 15:29:13 - INFO - Epoch 619/1000, Batch 30/30, Loss: 0.5076
2025-04-26 15:29:25 - INFO - Epoch 620/1000, Batch 30/30, Loss: 0.6017
2025-04-26 15:29:25 - INFO - Saved checkpoint at epoch 620 at ./result/VNet/Amos/Pth/model_epoch_620_checkpoint.pth
2025-04-26 15:29:37 - INFO - Epoch 621/1000, Batch 30/30, Loss: 0.5762
2025-04-26 15:29:49 - INFO - Epoch 622/1000, Batch 30/30, Loss: 0.4096
2025-04-26 15:30:01 - INFO - Epoch 623/1000, Batch 30/30, Loss: 0.6105
2025-04-26 15:30:14 - INFO - Epoch 624/1000, Batch 30/30, Loss: 0.5286
2025-04-26 15:30:26 - INFO - Epoch 625/1000, Batch 30/30, Loss: 0.4319
2025-04-26 15:30:38 - INFO - Epoch 626/1000, Batch 30/30, Loss: 0.5472
2025-04-26 15:30:51 - INFO - Epoch 627/1000, Batch 30/30, Loss: 0.4180
2025-04-26 15:31:03 - INFO - Epoch 628/1000, Batch 30/30, Loss: 0.4798
2025-04-26 15:31:15 - INFO - Epoch 629/1000, Batch 30/30, Loss: 0.4532
2025-04-26 15:31:27 - INFO - Epoch 630/1000, Batch 30/30, Loss: 0.5260
2025-04-26 15:31:40 - INFO - Epoch 631/1000, Batch 30/30, Loss: 0.5764
2025-04-26 15:31:52 - INFO - Epoch 632/1000, Batch 30/30, Loss: 0.5410
2025-04-26 15:32:04 - INFO - Epoch 633/1000, Batch 30/30, Loss: 0.4094
2025-04-26 15:32:16 - INFO - Epoch 634/1000, Batch 30/30, Loss: 0.5176
2025-04-26 15:32:28 - INFO - Epoch 635/1000, Batch 30/30, Loss: 0.6544
2025-04-26 15:32:40 - INFO - Epoch 636/1000, Batch 30/30, Loss: 0.4472
2025-04-26 15:32:53 - INFO - Epoch 637/1000, Batch 30/30, Loss: 0.5107
2025-04-26 15:33:05 - INFO - Epoch 638/1000, Batch 30/30, Loss: 0.3964
2025-04-26 15:33:17 - INFO - Epoch 639/1000, Batch 30/30, Loss: 0.3225
2025-04-26 15:33:29 - INFO - Epoch 640/1000, Batch 30/30, Loss: 0.5340
2025-04-26 15:33:29 - INFO - Saved checkpoint at epoch 640 at ./result/VNet/Amos/Pth/model_epoch_640_checkpoint.pth
2025-04-26 15:33:41 - INFO - Epoch 641/1000, Batch 30/30, Loss: 0.4559
2025-04-26 15:33:53 - INFO - Epoch 642/1000, Batch 30/30, Loss: 0.4952
2025-04-26 15:34:05 - INFO - Epoch 643/1000, Batch 30/30, Loss: 0.3877
2025-04-26 15:34:17 - INFO - Epoch 644/1000, Batch 30/30, Loss: 0.5252
2025-04-26 15:34:29 - INFO - Epoch 645/1000, Batch 30/30, Loss: 0.5213
2025-04-26 15:34:42 - INFO - Epoch 646/1000, Batch 30/30, Loss: 0.5276
2025-04-26 15:34:54 - INFO - Epoch 647/1000, Batch 30/30, Loss: 0.6575
2025-04-26 15:35:06 - INFO - Epoch 648/1000, Batch 30/30, Loss: 0.5376
2025-04-26 15:35:18 - INFO - Epoch 649/1000, Batch 30/30, Loss: 0.5394
2025-04-26 15:35:30 - INFO - Epoch 650/1000, Batch 30/30, Loss: 0.5587
2025-04-26 15:35:42 - INFO - Epoch 651/1000, Batch 30/30, Loss: 0.6911
2025-04-26 15:35:54 - INFO - Epoch 652/1000, Batch 30/30, Loss: 0.4151
2025-04-26 15:36:06 - INFO - Epoch 653/1000, Batch 30/30, Loss: 0.5576
2025-04-26 15:36:18 - INFO - Epoch 654/1000, Batch 30/30, Loss: 0.5729
2025-04-26 15:36:30 - INFO - Epoch 655/1000, Batch 30/30, Loss: 0.4672
2025-04-26 15:36:42 - INFO - Epoch 656/1000, Batch 30/30, Loss: 0.5220
2025-04-26 15:36:55 - INFO - Epoch 657/1000, Batch 30/30, Loss: 0.5981
2025-04-26 15:37:06 - INFO - Epoch 658/1000, Batch 30/30, Loss: 0.5434
2025-04-26 15:37:19 - INFO - Epoch 659/1000, Batch 30/30, Loss: 0.5972
2025-04-26 15:37:31 - INFO - Epoch 660/1000, Batch 30/30, Loss: 0.5446
2025-04-26 15:37:31 - INFO - Saved checkpoint at epoch 660 at ./result/VNet/Amos/Pth/model_epoch_660_checkpoint.pth
2025-04-26 15:37:43 - INFO - Epoch 661/1000, Batch 30/30, Loss: 0.4137
2025-04-26 15:37:55 - INFO - Epoch 662/1000, Batch 30/30, Loss: 0.4920
2025-04-26 15:38:08 - INFO - Epoch 663/1000, Batch 30/30, Loss: 0.5456
2025-04-26 15:38:20 - INFO - Epoch 664/1000, Batch 30/30, Loss: 0.4202
2025-04-26 15:38:32 - INFO - Epoch 665/1000, Batch 30/30, Loss: 0.5040
2025-04-26 15:38:44 - INFO - Epoch 666/1000, Batch 30/30, Loss: 0.5054
2025-04-26 15:38:56 - INFO - Epoch 667/1000, Batch 30/30, Loss: 0.5520
2025-04-26 15:39:08 - INFO - Epoch 668/1000, Batch 30/30, Loss: 0.4742
2025-04-26 15:39:20 - INFO - Epoch 669/1000, Batch 30/30, Loss: 0.7181
2025-04-26 15:39:33 - INFO - Epoch 670/1000, Batch 30/30, Loss: 0.4423
2025-04-26 15:39:44 - INFO - Epoch 671/1000, Batch 30/30, Loss: 0.4096
2025-04-26 15:39:57 - INFO - Epoch 672/1000, Batch 30/30, Loss: 0.5294
2025-04-26 15:40:09 - INFO - Epoch 673/1000, Batch 30/30, Loss: 0.4148
2025-04-26 15:40:21 - INFO - Epoch 674/1000, Batch 30/30, Loss: 0.4357
2025-04-26 15:40:33 - INFO - Epoch 675/1000, Batch 30/30, Loss: 0.5700
2025-04-26 15:40:46 - INFO - Epoch 676/1000, Batch 30/30, Loss: 0.4594
2025-04-26 15:40:57 - INFO - Epoch 677/1000, Batch 30/30, Loss: 0.5061
2025-04-26 15:41:09 - INFO - Epoch 678/1000, Batch 30/30, Loss: 0.4104
2025-04-26 15:41:22 - INFO - Epoch 679/1000, Batch 30/30, Loss: 0.4574
2025-04-26 15:41:33 - INFO - Epoch 680/1000, Batch 30/30, Loss: 0.3995
2025-04-26 15:41:33 - INFO - Saved checkpoint at epoch 680 at ./result/VNet/Amos/Pth/model_epoch_680_checkpoint.pth
2025-04-26 15:41:46 - INFO - Epoch 681/1000, Batch 30/30, Loss: 0.5473
2025-04-26 15:41:57 - INFO - Epoch 682/1000, Batch 30/30, Loss: 0.6335
2025-04-26 15:42:10 - INFO - Epoch 683/1000, Batch 30/30, Loss: 0.5172
2025-04-26 15:42:22 - INFO - Epoch 684/1000, Batch 30/30, Loss: 0.4457
2025-04-26 15:42:34 - INFO - Epoch 685/1000, Batch 30/30, Loss: 0.4931
2025-04-26 15:42:46 - INFO - Epoch 686/1000, Batch 30/30, Loss: 0.5215
2025-04-26 15:42:59 - INFO - Epoch 687/1000, Batch 30/30, Loss: 0.4247
2025-04-26 15:43:11 - INFO - Epoch 688/1000, Batch 30/30, Loss: 0.4712
2025-04-26 15:43:23 - INFO - Epoch 689/1000, Batch 30/30, Loss: 0.5183
2025-04-26 15:43:35 - INFO - Epoch 690/1000, Batch 30/30, Loss: 0.4996
2025-04-26 15:43:47 - INFO - Epoch 691/1000, Batch 30/30, Loss: 0.4467
2025-04-26 15:43:59 - INFO - Epoch 692/1000, Batch 30/30, Loss: 0.3553
2025-04-26 15:44:12 - INFO - Epoch 693/1000, Batch 30/30, Loss: 0.5197
2025-04-26 15:44:23 - INFO - Epoch 694/1000, Batch 30/30, Loss: 0.5806
2025-04-26 15:44:36 - INFO - Epoch 695/1000, Batch 30/30, Loss: 0.4899
2025-04-26 15:44:48 - INFO - Epoch 696/1000, Batch 30/30, Loss: 0.4045
2025-04-26 15:45:00 - INFO - Epoch 697/1000, Batch 30/30, Loss: 0.5314
2025-04-26 15:45:12 - INFO - Epoch 698/1000, Batch 30/30, Loss: 0.4306
2025-04-26 15:45:24 - INFO - Epoch 699/1000, Batch 30/30, Loss: 0.4578
2025-04-26 15:45:36 - INFO - Epoch 700/1000, Batch 30/30, Loss: 0.4040
2025-04-26 15:45:36 - INFO - Saved checkpoint at epoch 700 at ./result/VNet/Amos/Pth/model_epoch_700_checkpoint.pth
2025-04-26 15:45:49 - INFO - Epoch 701/1000, Batch 30/30, Loss: 0.4043
2025-04-26 15:46:01 - INFO - Epoch 702/1000, Batch 30/30, Loss: 0.3782
2025-04-26 15:46:13 - INFO - Epoch 703/1000, Batch 30/30, Loss: 0.5544
2025-04-26 15:46:25 - INFO - Epoch 704/1000, Batch 30/30, Loss: 0.4931
2025-04-26 15:46:37 - INFO - Epoch 705/1000, Batch 30/30, Loss: 0.4392
2025-04-26 15:46:49 - INFO - Epoch 706/1000, Batch 30/30, Loss: 0.5192
2025-04-26 15:47:01 - INFO - Epoch 707/1000, Batch 30/30, Loss: 0.4501
2025-04-26 15:47:13 - INFO - Epoch 708/1000, Batch 30/30, Loss: 0.4954
2025-04-26 15:47:25 - INFO - Epoch 709/1000, Batch 30/30, Loss: 0.4348
2025-04-26 15:47:37 - INFO - Epoch 710/1000, Batch 30/30, Loss: 0.5705
2025-04-26 15:47:49 - INFO - Epoch 711/1000, Batch 30/30, Loss: 0.5522
2025-04-26 15:48:01 - INFO - Epoch 712/1000, Batch 30/30, Loss: 0.4474
2025-04-26 15:48:13 - INFO - Epoch 713/1000, Batch 30/30, Loss: 0.4924
2025-04-26 15:48:25 - INFO - Epoch 714/1000, Batch 30/30, Loss: 0.4863
2025-04-26 15:48:37 - INFO - Epoch 715/1000, Batch 30/30, Loss: 0.6020
2025-04-26 15:48:49 - INFO - Epoch 716/1000, Batch 30/30, Loss: 0.5919
2025-04-26 15:49:02 - INFO - Epoch 717/1000, Batch 30/30, Loss: 0.4468
2025-04-26 15:49:14 - INFO - Epoch 718/1000, Batch 30/30, Loss: 0.6292
2025-04-26 15:49:26 - INFO - Epoch 719/1000, Batch 30/30, Loss: 0.4087
2025-04-26 15:49:38 - INFO - Epoch 720/1000, Batch 30/30, Loss: 0.4166
2025-04-26 15:49:38 - INFO - Saved checkpoint at epoch 720 at ./result/VNet/Amos/Pth/model_epoch_720_checkpoint.pth
2025-04-26 15:49:50 - INFO - Epoch 721/1000, Batch 30/30, Loss: 0.4434
2025-04-26 15:50:02 - INFO - Epoch 722/1000, Batch 30/30, Loss: 0.6396
2025-04-26 15:50:14 - INFO - Epoch 723/1000, Batch 30/30, Loss: 0.4057
2025-04-26 15:50:26 - INFO - Epoch 724/1000, Batch 30/30, Loss: 0.4632
2025-04-26 15:50:38 - INFO - Epoch 725/1000, Batch 30/30, Loss: 0.4389
2025-04-26 15:50:50 - INFO - Epoch 726/1000, Batch 30/30, Loss: 0.4620
2025-04-26 15:51:02 - INFO - Epoch 727/1000, Batch 30/30, Loss: 0.4046
2025-04-26 15:51:14 - INFO - Epoch 728/1000, Batch 30/30, Loss: 0.6197
2025-04-26 15:51:27 - INFO - Epoch 729/1000, Batch 30/30, Loss: 0.4207
2025-04-26 15:51:39 - INFO - Epoch 730/1000, Batch 30/30, Loss: 0.4888
2025-04-26 15:51:51 - INFO - Epoch 731/1000, Batch 30/30, Loss: 0.5317
2025-04-26 15:52:04 - INFO - Epoch 732/1000, Batch 30/30, Loss: 0.4134
2025-04-26 15:52:16 - INFO - Epoch 733/1000, Batch 30/30, Loss: 0.4372
2025-04-26 15:52:28 - INFO - Epoch 734/1000, Batch 30/30, Loss: 0.3814
2025-04-26 15:52:40 - INFO - Epoch 735/1000, Batch 30/30, Loss: 0.4478
2025-04-26 15:52:53 - INFO - Epoch 736/1000, Batch 30/30, Loss: 0.4297
2025-04-26 15:53:05 - INFO - Epoch 737/1000, Batch 30/30, Loss: 0.5474
2025-04-26 15:53:17 - INFO - Epoch 738/1000, Batch 30/30, Loss: 0.4313
2025-04-26 15:53:29 - INFO - Epoch 739/1000, Batch 30/30, Loss: 0.4834
2025-04-26 15:53:41 - INFO - Epoch 740/1000, Batch 30/30, Loss: 0.4998
2025-04-26 15:53:41 - INFO - Saved checkpoint at epoch 740 at ./result/VNet/Amos/Pth/model_epoch_740_checkpoint.pth
2025-04-26 15:53:54 - INFO - Epoch 741/1000, Batch 30/30, Loss: 0.4667
2025-04-26 15:54:06 - INFO - Epoch 742/1000, Batch 30/30, Loss: 0.3982
2025-04-26 15:54:18 - INFO - Epoch 743/1000, Batch 30/30, Loss: 0.6160
2025-04-26 15:54:30 - INFO - Epoch 744/1000, Batch 30/30, Loss: 0.4719
2025-04-26 15:54:42 - INFO - Epoch 745/1000, Batch 30/30, Loss: 0.4663
2025-04-26 15:54:55 - INFO - Epoch 746/1000, Batch 30/30, Loss: 0.3590
2025-04-26 15:55:07 - INFO - Epoch 747/1000, Batch 30/30, Loss: 0.4427
2025-04-26 15:55:19 - INFO - Epoch 748/1000, Batch 30/30, Loss: 0.4623
2025-04-26 15:55:31 - INFO - Epoch 749/1000, Batch 30/30, Loss: 0.4856
2025-04-26 15:55:44 - INFO - Epoch 750/1000, Batch 30/30, Loss: 0.3910
2025-04-26 15:55:56 - INFO - Epoch 751/1000, Batch 30/30, Loss: 0.3885
2025-04-26 15:56:08 - INFO - Epoch 752/1000, Batch 30/30, Loss: 0.3482
2025-04-26 15:56:20 - INFO - Epoch 753/1000, Batch 30/30, Loss: 0.3938
2025-04-26 15:56:32 - INFO - Epoch 754/1000, Batch 30/30, Loss: 0.4615
2025-04-26 15:56:44 - INFO - Epoch 755/1000, Batch 30/30, Loss: 0.5000
2025-04-26 15:56:56 - INFO - Epoch 756/1000, Batch 30/30, Loss: 0.4916
2025-04-26 15:57:08 - INFO - Epoch 757/1000, Batch 30/30, Loss: 0.3910
2025-04-26 15:57:20 - INFO - Epoch 758/1000, Batch 30/30, Loss: 0.3857
2025-04-26 15:57:33 - INFO - Epoch 759/1000, Batch 30/30, Loss: 0.4887
2025-04-26 15:57:45 - INFO - Epoch 760/1000, Batch 30/30, Loss: 0.4428
2025-04-26 15:57:45 - INFO - Saved checkpoint at epoch 760 at ./result/VNet/Amos/Pth/model_epoch_760_checkpoint.pth
2025-04-26 15:57:57 - INFO - Epoch 761/1000, Batch 30/30, Loss: 0.4595
2025-04-26 15:58:09 - INFO - Epoch 762/1000, Batch 30/30, Loss: 0.4351
2025-04-26 15:58:21 - INFO - Epoch 763/1000, Batch 30/30, Loss: 0.5987
2025-04-26 15:58:34 - INFO - Epoch 764/1000, Batch 30/30, Loss: 0.4595
2025-04-26 15:58:46 - INFO - Epoch 765/1000, Batch 30/30, Loss: 0.3735
2025-04-26 15:58:58 - INFO - Epoch 766/1000, Batch 30/30, Loss: 0.5512
2025-04-26 15:59:11 - INFO - Epoch 767/1000, Batch 30/30, Loss: 0.5858
2025-04-26 15:59:23 - INFO - Epoch 768/1000, Batch 30/30, Loss: 0.4687
2025-04-26 15:59:35 - INFO - Epoch 769/1000, Batch 30/30, Loss: 0.5551
2025-04-26 15:59:47 - INFO - Epoch 770/1000, Batch 30/30, Loss: 0.5319
2025-04-26 15:59:59 - INFO - Epoch 771/1000, Batch 30/30, Loss: 0.5453
2025-04-26 16:00:12 - INFO - Epoch 772/1000, Batch 30/30, Loss: 0.4945
2025-04-26 16:00:24 - INFO - Epoch 773/1000, Batch 30/30, Loss: 0.4282
2025-04-26 16:00:36 - INFO - Epoch 774/1000, Batch 30/30, Loss: 0.4406
2025-04-26 16:00:48 - INFO - Epoch 775/1000, Batch 30/30, Loss: 0.5506
