2025-07-01 14:52:01 - INFO - Logging is set up.
2025-07-01 14:52:01 - INFO - Logging is set up.
2025-07-01 14:52:01 - INFO - 
======================================== New Training Session Started ========================================
2025-07-01 14:52:01 - INFO - 
======================================== New Training Session Started ========================================
2025-07-01 14:52:01 - INFO - Initialized distributed training on GPU 0. World size: 2
2025-07-01 14:52:01 - INFO - Training configuration:
{
  "seed": 42,
  "epochs": 600,
  "batch_size": 3,
  "learning_rate": 0.001,
  "log_path": "./result/VNet_Multi_V2/Amos_18/Training.log",
  "pth_path": "./result/VNet_Multi_V2/Amos_18/Pth",
  "tensorboard_path": "./result/VNet_Multi_V2/Amos_18/Train",
  "continue_train": false,
  "multi_gpu": true,
  "training_num": 18,
  "dataset_path": "./datasets/AMOS",
  "num_classes": 16,
  "patch_size": [
    160,
    160,
    80
  ]
}
2025-07-01 14:52:01 - INFO - Creating new TensorBoard log directory: ./result/VNet_Multi_V2/Amos_18/Train/20250701-145201
2025-07-01 14:52:01 - INFO - Initializing AMOS dataset...
2025-07-01 14:52:01 - INFO - Initialized distributed training on GPU 1. World size: 2
2025-07-01 14:52:01 - INFO - Training configuration:
{
  "seed": 42,
  "epochs": 600,
  "batch_size": 3,
  "learning_rate": 0.001,
  "log_path": "./result/VNet_Multi_V2/Amos_18/Training.log",
  "pth_path": "./result/VNet_Multi_V2/Amos_18/Pth",
  "tensorboard_path": "./result/VNet_Multi_V2/Amos_18/Train",
  "continue_train": false,
  "multi_gpu": true,
  "training_num": 18,
  "dataset_path": "./datasets/AMOS",
  "num_classes": 16,
  "patch_size": [
    160,
    160,
    80
  ]
}
2025-07-01 14:52:01 - INFO - Initializing AMOS dataset...
2025-07-01 14:52:03 - INFO - Successfully loaded 18 training samples.
2025-07-01 14:52:03 - INFO - Successfully loaded 18 training samples.
2025-07-01 14:52:03 - INFO - DataLoader created with batch size: 3, num_workers: 24, shuffle: False.
2025-07-01 14:52:03 - INFO - DataLoader created with batch size: 3, num_workers: 24, shuffle: False.
2025-07-01 14:52:03 - INFO - Initializing VNet model...
2025-07-01 14:52:03 - INFO - Initializing VNet model...
2025-07-01 14:52:03 - INFO - Model VNet created with 16 classes and batch normalization.
2025-07-01 14:52:03 - INFO - Model VNet created with 16 classes and batch normalization.
2025-07-01 14:52:03 - INFO - Starting training from scratch.
2025-07-01 14:52:03 - INFO - Starting training from scratch.
2025-07-01 14:52:04 - INFO - Wrapped model with DistributedDataParallel (DDP).
2025-07-01 14:52:04 - INFO - Wrapped model with DistributedDataParallel (DDP).
2025-07-01 14:52:04 - INFO - Using loss function: UnifiedLoss with parameters: num_classes=16, lambda_reg=0.3, loss_weight=[1,1]
2025-07-01 14:52:04 - INFO - Using loss function: UnifiedLoss with parameters: num_classes=16, lambda_reg=0.3, loss_weight=[1,1]
2025-07-01 14:52:04 - INFO - Optimizer: AdamW with learning rate: 0.001, weight_decay: 0.01
2025-07-01 14:52:04 - INFO - Optimizer: AdamW with learning rate: 0.001, weight_decay: 0.01
2025-07-01 14:52:04 - INFO - Starting model training from epoch 1 to 600...
2025-07-01 14:52:04 - INFO - Starting model training from epoch 1 to 600...
2025-07-01 14:52:09 - INFO - Epoch 1/600 finished. Average Training Loss: 4.2849
2025-07-01 14:52:12 - INFO - Epoch 2/600 finished. Average Training Loss: 3.9322
2025-07-01 14:52:14 - INFO - Epoch 3/600 finished. Average Training Loss: 3.9084
2025-07-01 14:52:16 - INFO - Epoch 4/600 finished. Average Training Loss: 3.9075
2025-07-01 14:52:19 - INFO - Epoch 5/600 finished. Average Training Loss: 3.8195
2025-07-01 14:52:21 - INFO - Epoch 6/600 finished. Average Training Loss: 3.6337
2025-07-01 14:52:24 - INFO - Epoch 7/600 finished. Average Training Loss: 3.5049
2025-07-01 14:52:26 - INFO - Epoch 8/600 finished. Average Training Loss: 3.4961
2025-07-01 14:52:29 - INFO - Epoch 9/600 finished. Average Training Loss: 3.4471
2025-07-01 14:52:31 - INFO - Epoch 10/600 finished. Average Training Loss: 3.4890
2025-07-01 14:52:34 - INFO - Epoch 11/600 finished. Average Training Loss: 3.2366
2025-07-01 14:52:36 - INFO - Epoch 12/600 finished. Average Training Loss: 3.3900
2025-07-01 14:52:39 - INFO - Epoch 13/600 finished. Average Training Loss: 3.2904
2025-07-01 14:52:41 - INFO - Epoch 14/600 finished. Average Training Loss: 3.2610
2025-07-01 14:52:44 - INFO - Epoch 15/600 finished. Average Training Loss: 3.1457
2025-07-01 14:52:46 - INFO - Epoch 16/600 finished. Average Training Loss: 3.1415
2025-07-01 14:52:49 - INFO - Epoch 17/600 finished. Average Training Loss: 3.2303
2025-07-01 14:52:51 - INFO - Epoch 18/600 finished. Average Training Loss: 2.9097
2025-07-01 14:52:53 - INFO - Epoch 19/600 finished. Average Training Loss: 2.8525
2025-07-01 14:52:56 - INFO - Epoch 20/600 finished. Average Training Loss: 2.8300
2025-07-01 14:52:56 - INFO - Saved checkpoint for epoch 20 to ./result/VNet_Multi_V2/Amos_18/Pth/model_epoch_20_checkpoint.pth
2025-07-01 14:52:58 - INFO - Epoch 21/600 finished. Average Training Loss: 2.9294
2025-07-01 14:53:01 - INFO - Epoch 22/600 finished. Average Training Loss: 2.9219
2025-07-01 14:53:03 - INFO - Epoch 23/600 finished. Average Training Loss: 2.6560
2025-07-01 14:53:06 - INFO - Epoch 24/600 finished. Average Training Loss: 2.8651
2025-07-01 14:53:08 - INFO - Epoch 25/600 finished. Average Training Loss: 2.6803
2025-07-01 14:53:11 - INFO - Epoch 26/600 finished. Average Training Loss: 2.8036
2025-07-01 14:53:13 - INFO - Epoch 27/600 finished. Average Training Loss: 2.7391
2025-07-01 14:53:16 - INFO - Epoch 28/600 finished. Average Training Loss: 2.4898
2025-07-01 14:53:18 - INFO - Epoch 29/600 finished. Average Training Loss: 2.2801
2025-07-01 14:53:21 - INFO - Epoch 30/600 finished. Average Training Loss: 2.4203
2025-07-01 14:53:23 - INFO - Epoch 31/600 finished. Average Training Loss: 2.2783
2025-07-01 14:53:26 - INFO - Epoch 32/600 finished. Average Training Loss: 2.3318
2025-07-01 14:53:28 - INFO - Epoch 33/600 finished. Average Training Loss: 2.5468
2025-07-01 14:53:31 - INFO - Epoch 34/600 finished. Average Training Loss: 2.3427
2025-07-01 14:53:35 - INFO - Epoch 35/600 finished. Average Training Loss: 2.2874
2025-07-01 14:53:39 - INFO - Epoch 36/600 finished. Average Training Loss: 2.4330
2025-07-01 14:53:44 - INFO - Epoch 37/600 finished. Average Training Loss: 2.2257
2025-07-01 14:53:49 - INFO - Epoch 38/600 finished. Average Training Loss: 2.1679
2025-07-01 14:53:54 - INFO - Epoch 39/600 finished. Average Training Loss: 2.3048
2025-07-01 14:53:59 - INFO - Epoch 40/600 finished. Average Training Loss: 2.1228
2025-07-01 14:53:59 - INFO - Saved checkpoint for epoch 40 to ./result/VNet_Multi_V2/Amos_18/Pth/model_epoch_40_checkpoint.pth
2025-07-01 14:54:03 - INFO - Epoch 41/600 finished. Average Training Loss: 2.0672
2025-07-01 14:54:08 - INFO - Epoch 42/600 finished. Average Training Loss: 1.9833
2025-07-01 14:54:13 - INFO - Epoch 43/600 finished. Average Training Loss: 1.9687
2025-07-01 14:54:17 - INFO - Epoch 44/600 finished. Average Training Loss: 2.1143
2025-07-01 14:54:22 - INFO - Epoch 45/600 finished. Average Training Loss: 1.9714
2025-07-01 14:54:27 - INFO - Epoch 46/600 finished. Average Training Loss: 2.0373
2025-07-01 14:54:32 - INFO - Epoch 47/600 finished. Average Training Loss: 1.6970
2025-07-01 14:54:36 - INFO - Epoch 48/600 finished. Average Training Loss: 1.9785
2025-07-01 14:54:41 - INFO - Epoch 49/600 finished. Average Training Loss: 1.7155
2025-07-01 14:54:45 - INFO - Epoch 50/600 finished. Average Training Loss: 1.8916
2025-07-01 14:54:50 - INFO - Epoch 51/600 finished. Average Training Loss: 1.5731
2025-07-01 14:54:55 - INFO - Epoch 52/600 finished. Average Training Loss: 1.7807
2025-07-01 14:54:59 - INFO - Epoch 53/600 finished. Average Training Loss: 1.5637
2025-07-01 14:55:04 - INFO - Epoch 54/600 finished. Average Training Loss: 1.6526
2025-07-01 14:55:09 - INFO - Epoch 55/600 finished. Average Training Loss: 2.0202
2025-07-01 14:55:14 - INFO - Epoch 56/600 finished. Average Training Loss: 1.6552
2025-07-01 14:55:18 - INFO - Epoch 57/600 finished. Average Training Loss: 1.6006
2025-07-01 14:55:23 - INFO - Epoch 58/600 finished. Average Training Loss: 2.0128
2025-07-01 14:55:28 - INFO - Epoch 59/600 finished. Average Training Loss: 1.5302
2025-07-01 14:55:33 - INFO - Epoch 60/600 finished. Average Training Loss: 1.6316
2025-07-01 14:55:33 - INFO - Saved checkpoint for epoch 60 to ./result/VNet_Multi_V2/Amos_18/Pth/model_epoch_60_checkpoint.pth
2025-07-01 14:55:38 - INFO - Epoch 61/600 finished. Average Training Loss: 1.6720
2025-07-01 14:55:42 - INFO - Epoch 62/600 finished. Average Training Loss: 1.7063
2025-07-01 14:55:47 - INFO - Epoch 63/600 finished. Average Training Loss: 1.3380
2025-07-01 14:55:52 - INFO - Epoch 64/600 finished. Average Training Loss: 1.3056
2025-07-01 14:55:56 - INFO - Epoch 65/600 finished. Average Training Loss: 1.4814
2025-07-01 14:56:01 - INFO - Epoch 66/600 finished. Average Training Loss: 1.4567
2025-07-01 14:56:06 - INFO - Epoch 67/600 finished. Average Training Loss: 1.3381
2025-07-01 14:56:11 - INFO - Epoch 68/600 finished. Average Training Loss: 1.2435
2025-07-01 14:56:16 - INFO - Epoch 69/600 finished. Average Training Loss: 1.2847
2025-07-01 14:56:20 - INFO - Epoch 70/600 finished. Average Training Loss: 1.3800
2025-07-01 14:56:25 - INFO - Epoch 71/600 finished. Average Training Loss: 1.2318
2025-07-01 14:56:29 - INFO - Epoch 72/600 finished. Average Training Loss: 1.2917
2025-07-01 14:56:34 - INFO - Epoch 73/600 finished. Average Training Loss: 1.3445
2025-07-01 14:56:39 - INFO - Epoch 74/600 finished. Average Training Loss: 1.2220
2025-07-01 14:56:43 - INFO - Epoch 75/600 finished. Average Training Loss: 1.1694
2025-07-01 14:56:48 - INFO - Epoch 76/600 finished. Average Training Loss: 1.2291
2025-07-01 14:56:53 - INFO - Epoch 77/600 finished. Average Training Loss: 1.0983
2025-07-01 14:56:58 - INFO - Epoch 78/600 finished. Average Training Loss: 1.1991
2025-07-01 14:57:03 - INFO - Epoch 79/600 finished. Average Training Loss: 1.0729
2025-07-01 14:57:07 - INFO - Epoch 80/600 finished. Average Training Loss: 1.1489
2025-07-01 14:57:07 - INFO - Saved checkpoint for epoch 80 to ./result/VNet_Multi_V2/Amos_18/Pth/model_epoch_80_checkpoint.pth
2025-07-01 14:57:12 - INFO - Epoch 81/600 finished. Average Training Loss: 0.9110
2025-07-01 14:57:17 - INFO - Epoch 82/600 finished. Average Training Loss: 1.1061
2025-07-01 14:57:21 - INFO - Epoch 83/600 finished. Average Training Loss: 1.6136
2025-07-01 14:57:26 - INFO - Epoch 84/600 finished. Average Training Loss: 1.1029
2025-07-01 14:57:31 - INFO - Epoch 85/600 finished. Average Training Loss: 1.2461
2025-07-01 14:57:36 - INFO - Epoch 86/600 finished. Average Training Loss: 0.9642
2025-07-01 14:57:40 - INFO - Epoch 87/600 finished. Average Training Loss: 1.1678
2025-07-01 14:57:45 - INFO - Epoch 88/600 finished. Average Training Loss: 1.4175
2025-07-01 14:57:49 - INFO - Epoch 89/600 finished. Average Training Loss: 1.2186
2025-07-01 14:57:54 - INFO - Epoch 90/600 finished. Average Training Loss: 0.9508
2025-07-01 14:57:59 - INFO - Epoch 91/600 finished. Average Training Loss: 1.2842
2025-07-01 14:58:04 - INFO - Epoch 92/600 finished. Average Training Loss: 0.9071
2025-07-01 14:58:08 - INFO - Epoch 93/600 finished. Average Training Loss: 1.0278
2025-07-01 14:58:13 - INFO - Epoch 94/600 finished. Average Training Loss: 1.2265
2025-07-01 14:58:18 - INFO - Epoch 95/600 finished. Average Training Loss: 0.9614
2025-07-01 14:58:23 - INFO - Epoch 96/600 finished. Average Training Loss: 0.9320
2025-07-01 14:58:27 - INFO - Epoch 97/600 finished. Average Training Loss: 1.0416
2025-07-01 14:58:32 - INFO - Epoch 98/600 finished. Average Training Loss: 1.3270
2025-07-01 14:58:37 - INFO - Epoch 99/600 finished. Average Training Loss: 1.0819
2025-07-01 14:58:41 - INFO - Epoch 100/600 finished. Average Training Loss: 0.8773
2025-07-01 14:58:42 - INFO - Saved checkpoint for epoch 100 to ./result/VNet_Multi_V2/Amos_18/Pth/model_epoch_100_checkpoint.pth
2025-07-01 14:58:46 - INFO - Epoch 101/600 finished. Average Training Loss: 0.8477
2025-07-01 14:58:51 - INFO - Epoch 102/600 finished. Average Training Loss: 0.9645
2025-07-01 14:58:55 - INFO - Epoch 103/600 finished. Average Training Loss: 0.9397
2025-07-01 14:59:01 - INFO - Epoch 104/600 finished. Average Training Loss: 0.9937
2025-07-01 14:59:05 - INFO - Epoch 105/600 finished. Average Training Loss: 0.8174
2025-07-01 14:59:10 - INFO - Epoch 106/600 finished. Average Training Loss: 1.1283
2025-07-01 14:59:14 - INFO - Epoch 107/600 finished. Average Training Loss: 0.9662
2025-07-01 14:59:20 - INFO - Epoch 108/600 finished. Average Training Loss: 0.7343
2025-07-01 14:59:24 - INFO - Epoch 109/600 finished. Average Training Loss: 0.8946
2025-07-01 14:59:29 - INFO - Epoch 110/600 finished. Average Training Loss: 0.6932
2025-07-01 14:59:33 - INFO - Epoch 111/600 finished. Average Training Loss: 0.9252
2025-07-01 14:59:38 - INFO - Epoch 112/600 finished. Average Training Loss: 0.6608
2025-07-01 14:59:43 - INFO - Epoch 113/600 finished. Average Training Loss: 0.7211
2025-07-01 14:59:47 - INFO - Epoch 114/600 finished. Average Training Loss: 0.9251
2025-07-01 14:59:52 - INFO - Epoch 115/600 finished. Average Training Loss: 0.7936
2025-07-01 14:59:57 - INFO - Epoch 116/600 finished. Average Training Loss: 0.7641
2025-07-01 15:00:02 - INFO - Epoch 117/600 finished. Average Training Loss: 0.7715
2025-07-01 15:00:07 - INFO - Epoch 118/600 finished. Average Training Loss: 0.8902
2025-07-01 15:00:11 - INFO - Epoch 119/600 finished. Average Training Loss: 0.8027
2025-07-01 15:00:16 - INFO - Epoch 120/600 finished. Average Training Loss: 1.0921
2025-07-01 15:00:16 - INFO - Saved checkpoint for epoch 120 to ./result/VNet_Multi_V2/Amos_18/Pth/model_epoch_120_checkpoint.pth
2025-07-01 15:00:21 - INFO - Epoch 121/600 finished. Average Training Loss: 0.7053
2025-07-01 15:00:25 - INFO - Epoch 122/600 finished. Average Training Loss: 0.9869
2025-07-01 15:00:30 - INFO - Epoch 123/600 finished. Average Training Loss: 0.7327
2025-07-01 15:00:35 - INFO - Epoch 124/600 finished. Average Training Loss: 0.7004
2025-07-01 15:00:39 - INFO - Epoch 125/600 finished. Average Training Loss: 0.7051
2025-07-01 15:00:44 - INFO - Epoch 126/600 finished. Average Training Loss: 0.6757
2025-07-01 15:00:49 - INFO - Epoch 127/600 finished. Average Training Loss: 0.8023
2025-07-01 15:00:53 - INFO - Epoch 128/600 finished. Average Training Loss: 0.7046
2025-07-01 15:00:58 - INFO - Epoch 129/600 finished. Average Training Loss: 0.7494
2025-07-01 15:01:03 - INFO - Epoch 130/600 finished. Average Training Loss: 0.5534
2025-07-01 15:01:08 - INFO - Epoch 131/600 finished. Average Training Loss: 0.6099
2025-07-01 15:01:12 - INFO - Epoch 132/600 finished. Average Training Loss: 0.4852
2025-07-01 15:01:17 - INFO - Epoch 133/600 finished. Average Training Loss: 0.8365
2025-07-01 15:01:22 - INFO - Epoch 134/600 finished. Average Training Loss: 0.6996
2025-07-01 15:01:26 - INFO - Epoch 135/600 finished. Average Training Loss: 0.6115
2025-07-01 15:01:31 - INFO - Epoch 136/600 finished. Average Training Loss: 0.6473
2025-07-01 15:01:36 - INFO - Epoch 137/600 finished. Average Training Loss: 0.7948
2025-07-01 15:01:40 - INFO - Epoch 138/600 finished. Average Training Loss: 0.5308
2025-07-01 15:01:45 - INFO - Epoch 139/600 finished. Average Training Loss: 0.7467
2025-07-01 15:01:50 - INFO - Epoch 140/600 finished. Average Training Loss: 0.7953
2025-07-01 15:01:50 - INFO - Saved checkpoint for epoch 140 to ./result/VNet_Multi_V2/Amos_18/Pth/model_epoch_140_checkpoint.pth
2025-07-01 15:01:54 - INFO - Epoch 141/600 finished. Average Training Loss: 0.5752
2025-07-01 15:01:59 - INFO - Epoch 142/600 finished. Average Training Loss: 0.5957
2025-07-01 15:02:04 - INFO - Epoch 143/600 finished. Average Training Loss: 0.5581
2025-07-01 15:02:09 - INFO - Epoch 144/600 finished. Average Training Loss: 0.5861
2025-07-01 15:02:14 - INFO - Epoch 145/600 finished. Average Training Loss: 0.6438
2025-07-01 15:02:18 - INFO - Epoch 146/600 finished. Average Training Loss: 0.7500
2025-07-01 15:02:23 - INFO - Epoch 147/600 finished. Average Training Loss: 0.5115
2025-07-01 15:02:28 - INFO - Epoch 148/600 finished. Average Training Loss: 0.6719
2025-07-01 15:02:32 - INFO - Epoch 149/600 finished. Average Training Loss: 0.5895
2025-07-01 15:02:37 - INFO - Epoch 150/600 finished. Average Training Loss: 0.4754
2025-07-01 15:02:42 - INFO - Epoch 151/600 finished. Average Training Loss: 0.4590
2025-07-01 15:02:47 - INFO - Epoch 152/600 finished. Average Training Loss: 0.6944
2025-07-01 15:02:51 - INFO - Epoch 153/600 finished. Average Training Loss: 0.4373
2025-07-01 15:02:56 - INFO - Epoch 154/600 finished. Average Training Loss: 0.5794
2025-07-01 15:03:01 - INFO - Epoch 155/600 finished. Average Training Loss: 0.5209
2025-07-01 15:03:06 - INFO - Epoch 156/600 finished. Average Training Loss: 0.6502
2025-07-01 15:03:10 - INFO - Epoch 157/600 finished. Average Training Loss: 0.6640
2025-07-01 15:03:15 - INFO - Epoch 158/600 finished. Average Training Loss: 0.4595
2025-07-01 15:03:19 - INFO - Epoch 159/600 finished. Average Training Loss: 0.5374
2025-07-01 15:03:24 - INFO - Epoch 160/600 finished. Average Training Loss: 0.5971
2025-07-01 15:03:24 - INFO - Saved checkpoint for epoch 160 to ./result/VNet_Multi_V2/Amos_18/Pth/model_epoch_160_checkpoint.pth
2025-07-01 15:03:29 - INFO - Epoch 161/600 finished. Average Training Loss: 0.4582
2025-07-01 15:03:34 - INFO - Epoch 162/600 finished. Average Training Loss: 0.4972
2025-07-01 15:03:38 - INFO - Epoch 163/600 finished. Average Training Loss: 0.6331
2025-07-01 15:03:43 - INFO - Epoch 164/600 finished. Average Training Loss: 0.7323
2025-07-01 15:03:49 - INFO - Epoch 165/600 finished. Average Training Loss: 0.8038
2025-07-01 15:03:53 - INFO - Epoch 166/600 finished. Average Training Loss: 0.4440
2025-07-01 15:03:58 - INFO - Epoch 167/600 finished. Average Training Loss: 0.6871
2025-07-01 15:04:02 - INFO - Epoch 168/600 finished. Average Training Loss: 0.7082
2025-07-01 15:04:07 - INFO - Epoch 169/600 finished. Average Training Loss: 0.5357
2025-07-01 15:04:12 - INFO - Epoch 170/600 finished. Average Training Loss: 0.5768
2025-07-01 15:04:17 - INFO - Epoch 171/600 finished. Average Training Loss: 0.5198
2025-07-01 15:04:21 - INFO - Epoch 172/600 finished. Average Training Loss: 0.3472
2025-07-01 15:04:26 - INFO - Epoch 173/600 finished. Average Training Loss: 0.4354
2025-07-01 15:04:31 - INFO - Epoch 174/600 finished. Average Training Loss: 0.2766
2025-07-01 15:04:36 - INFO - Epoch 175/600 finished. Average Training Loss: 0.7491
2025-07-01 15:04:40 - INFO - Epoch 176/600 finished. Average Training Loss: 0.7092
2025-07-01 15:04:45 - INFO - Epoch 177/600 finished. Average Training Loss: 0.6021
2025-07-01 15:04:50 - INFO - Epoch 178/600 finished. Average Training Loss: 0.3783
2025-07-01 15:04:55 - INFO - Epoch 179/600 finished. Average Training Loss: 0.3815
2025-07-01 15:04:59 - INFO - Epoch 180/600 finished. Average Training Loss: 0.5269
2025-07-01 15:04:59 - INFO - Saved checkpoint for epoch 180 to ./result/VNet_Multi_V2/Amos_18/Pth/model_epoch_180_checkpoint.pth
2025-07-01 15:05:04 - INFO - Epoch 181/600 finished. Average Training Loss: 0.6516
2025-07-01 15:05:09 - INFO - Epoch 182/600 finished. Average Training Loss: 0.5174
2025-07-01 15:05:14 - INFO - Epoch 183/600 finished. Average Training Loss: 0.3512
2025-07-01 15:05:18 - INFO - Epoch 184/600 finished. Average Training Loss: 0.4385
2025-07-01 15:05:23 - INFO - Epoch 185/600 finished. Average Training Loss: 0.6742
2025-07-01 15:05:28 - INFO - Epoch 186/600 finished. Average Training Loss: 0.3354
2025-07-01 15:05:33 - INFO - Epoch 187/600 finished. Average Training Loss: 0.5189
2025-07-01 15:05:37 - INFO - Epoch 188/600 finished. Average Training Loss: 0.3764
2025-07-01 15:05:42 - INFO - Epoch 189/600 finished. Average Training Loss: 0.4182
2025-07-01 15:05:46 - INFO - Epoch 190/600 finished. Average Training Loss: 0.4247
2025-07-01 15:05:51 - INFO - Epoch 191/600 finished. Average Training Loss: 0.3021
2025-07-01 15:05:56 - INFO - Epoch 192/600 finished. Average Training Loss: 0.2089
2025-07-01 15:06:01 - INFO - Epoch 193/600 finished. Average Training Loss: 0.4484
2025-07-01 15:06:06 - INFO - Epoch 194/600 finished. Average Training Loss: 0.2361
2025-07-01 15:06:10 - INFO - Epoch 195/600 finished. Average Training Loss: 0.1655
2025-07-01 15:06:15 - INFO - Epoch 196/600 finished. Average Training Loss: 0.3343
2025-07-01 15:06:20 - INFO - Epoch 197/600 finished. Average Training Loss: 0.3844
2025-07-01 15:06:24 - INFO - Epoch 198/600 finished. Average Training Loss: 0.1535
2025-07-01 15:06:29 - INFO - Epoch 199/600 finished. Average Training Loss: 0.3138
2025-07-01 15:06:34 - INFO - Epoch 200/600 finished. Average Training Loss: 0.3260
2025-07-01 15:06:34 - INFO - Saved checkpoint for epoch 200 to ./result/VNet_Multi_V2/Amos_18/Pth/model_epoch_200_checkpoint.pth
2025-07-01 15:06:38 - INFO - Epoch 201/600 finished. Average Training Loss: 0.3440
2025-07-01 15:06:43 - INFO - Epoch 202/600 finished. Average Training Loss: 0.3572
2025-07-01 15:06:48 - INFO - Epoch 203/600 finished. Average Training Loss: 0.3483
2025-07-01 15:06:53 - INFO - Epoch 204/600 finished. Average Training Loss: 0.0118
2025-07-01 15:06:57 - INFO - Epoch 205/600 finished. Average Training Loss: 0.2858
2025-07-01 15:07:02 - INFO - Epoch 206/600 finished. Average Training Loss: 0.2100
2025-07-01 15:07:06 - INFO - Epoch 207/600 finished. Average Training Loss: 0.1715
2025-07-01 15:07:11 - INFO - Epoch 208/600 finished. Average Training Loss: 0.1116
2025-07-01 15:07:16 - INFO - Epoch 209/600 finished. Average Training Loss: 0.1004
2025-07-01 15:07:20 - INFO - Epoch 210/600 finished. Average Training Loss: 0.3016
2025-07-01 15:07:25 - INFO - Epoch 211/600 finished. Average Training Loss: 0.2788
2025-07-01 15:07:30 - INFO - Epoch 212/600 finished. Average Training Loss: 0.4498
2025-07-01 15:07:35 - INFO - Epoch 213/600 finished. Average Training Loss: 0.2903
2025-07-01 15:07:40 - INFO - Epoch 214/600 finished. Average Training Loss: 0.1503
2025-07-01 15:07:44 - INFO - Epoch 215/600 finished. Average Training Loss: 0.2677
2025-07-01 15:07:49 - INFO - Epoch 216/600 finished. Average Training Loss: 0.1538
2025-07-01 15:07:54 - INFO - Epoch 217/600 finished. Average Training Loss: 0.4191
2025-07-01 15:07:58 - INFO - Epoch 218/600 finished. Average Training Loss: 0.2865
2025-07-01 15:08:03 - INFO - Epoch 219/600 finished. Average Training Loss: 0.1662
2025-07-01 15:08:07 - INFO - Epoch 220/600 finished. Average Training Loss: 0.4215
2025-07-01 15:08:07 - INFO - Saved checkpoint for epoch 220 to ./result/VNet_Multi_V2/Amos_18/Pth/model_epoch_220_checkpoint.pth
2025-07-01 15:08:12 - INFO - Epoch 221/600 finished. Average Training Loss: 0.4311
2025-07-01 15:08:17 - INFO - Epoch 222/600 finished. Average Training Loss: 0.2759
2025-07-01 15:08:22 - INFO - Epoch 223/600 finished. Average Training Loss: 0.1395
2025-07-01 15:08:27 - INFO - Epoch 224/600 finished. Average Training Loss: 0.5092
2025-07-01 15:08:31 - INFO - Epoch 225/600 finished. Average Training Loss: 0.2413
2025-07-01 15:08:36 - INFO - Epoch 226/600 finished. Average Training Loss: 0.2295
2025-07-01 15:08:41 - INFO - Epoch 227/600 finished. Average Training Loss: 0.4639
2025-07-01 15:08:45 - INFO - Epoch 228/600 finished. Average Training Loss: 0.3921
2025-07-01 15:08:50 - INFO - Epoch 229/600 finished. Average Training Loss: 0.5090
2025-07-01 15:08:56 - INFO - Epoch 230/600 finished. Average Training Loss: 1.0883
2025-07-01 15:09:01 - INFO - Epoch 231/600 finished. Average Training Loss: 0.1413
2025-07-01 15:09:06 - INFO - Epoch 232/600 finished. Average Training Loss: 0.2300
2025-07-01 15:09:10 - INFO - Epoch 233/600 finished. Average Training Loss: 0.2396
2025-07-01 15:09:15 - INFO - Epoch 234/600 finished. Average Training Loss: 0.2302
2025-07-01 15:09:20 - INFO - Epoch 235/600 finished. Average Training Loss: 0.5194
2025-07-01 15:09:25 - INFO - Epoch 236/600 finished. Average Training Loss: 0.2241
2025-07-01 15:09:32 - INFO - Epoch 237/600 finished. Average Training Loss: 0.1755
2025-07-01 15:09:39 - INFO - Epoch 238/600 finished. Average Training Loss: -0.0133
2025-07-01 15:09:46 - INFO - Epoch 239/600 finished. Average Training Loss: 0.3967
2025-07-01 15:09:53 - INFO - Epoch 240/600 finished. Average Training Loss: 0.2741
2025-07-01 15:09:53 - INFO - Saved checkpoint for epoch 240 to ./result/VNet_Multi_V2/Amos_18/Pth/model_epoch_240_checkpoint.pth
2025-07-01 15:10:00 - INFO - Epoch 241/600 finished. Average Training Loss: 0.3566
2025-07-01 15:10:07 - INFO - Epoch 242/600 finished. Average Training Loss: 0.0237
2025-07-01 15:10:15 - INFO - Epoch 243/600 finished. Average Training Loss: 0.1656
2025-07-01 15:10:22 - INFO - Epoch 244/600 finished. Average Training Loss: 0.1077
2025-07-01 15:10:29 - INFO - Epoch 245/600 finished. Average Training Loss: 0.3785
2025-07-01 15:10:36 - INFO - Epoch 246/600 finished. Average Training Loss: -0.0160
2025-07-01 15:10:43 - INFO - Epoch 247/600 finished. Average Training Loss: 0.1627
2025-07-01 15:10:50 - INFO - Epoch 248/600 finished. Average Training Loss: -0.1060
2025-07-01 15:10:58 - INFO - Epoch 249/600 finished. Average Training Loss: -0.0515
2025-07-01 15:11:05 - INFO - Epoch 250/600 finished. Average Training Loss: 0.1107
2025-07-01 15:11:12 - INFO - Epoch 251/600 finished. Average Training Loss: 0.0700
2025-07-01 15:11:19 - INFO - Epoch 252/600 finished. Average Training Loss: -0.0367
2025-07-01 15:11:26 - INFO - Epoch 253/600 finished. Average Training Loss: 0.1405
2025-07-01 15:11:33 - INFO - Epoch 254/600 finished. Average Training Loss: 0.1212
2025-07-01 15:11:40 - INFO - Epoch 255/600 finished. Average Training Loss: -0.0037
2025-07-01 15:11:47 - INFO - Epoch 256/600 finished. Average Training Loss: 0.1859
2025-07-01 15:11:54 - INFO - Epoch 257/600 finished. Average Training Loss: 0.1588
2025-07-01 15:12:01 - INFO - Epoch 258/600 finished. Average Training Loss: 0.3366
2025-07-01 15:12:08 - INFO - Epoch 259/600 finished. Average Training Loss: 0.1611
2025-07-01 15:12:14 - INFO - Epoch 260/600 finished. Average Training Loss: -0.0340
2025-07-01 15:12:14 - INFO - Saved checkpoint for epoch 260 to ./result/VNet_Multi_V2/Amos_18/Pth/model_epoch_260_checkpoint.pth
2025-07-01 15:12:22 - INFO - Epoch 261/600 finished. Average Training Loss: -0.0792
2025-07-01 15:12:29 - INFO - Epoch 262/600 finished. Average Training Loss: -0.0632
2025-07-01 15:12:36 - INFO - Epoch 263/600 finished. Average Training Loss: -0.2885
2025-07-01 15:12:43 - INFO - Epoch 264/600 finished. Average Training Loss: 0.1749
2025-07-01 15:12:50 - INFO - Epoch 265/600 finished. Average Training Loss: 0.0053
2025-07-01 15:12:56 - INFO - Epoch 266/600 finished. Average Training Loss: 0.1606
2025-07-01 15:13:03 - INFO - Epoch 267/600 finished. Average Training Loss: 0.1695
2025-07-01 15:13:10 - INFO - Epoch 268/600 finished. Average Training Loss: 0.2287
2025-07-01 15:13:17 - INFO - Epoch 269/600 finished. Average Training Loss: 0.0464
2025-07-01 15:13:24 - INFO - Epoch 270/600 finished. Average Training Loss: -0.0957
2025-07-01 15:13:31 - INFO - Epoch 271/600 finished. Average Training Loss: 0.2392
2025-07-01 15:13:38 - INFO - Epoch 272/600 finished. Average Training Loss: 0.2089
2025-07-01 15:13:46 - INFO - Epoch 273/600 finished. Average Training Loss: -0.1186
2025-07-01 15:13:52 - INFO - Epoch 274/600 finished. Average Training Loss: 0.1685
2025-07-01 15:13:59 - INFO - Epoch 275/600 finished. Average Training Loss: -0.2495
2025-07-01 15:14:06 - INFO - Epoch 276/600 finished. Average Training Loss: -0.1774
2025-07-01 15:14:13 - INFO - Epoch 277/600 finished. Average Training Loss: 0.0610
2025-07-01 15:14:20 - INFO - Epoch 278/600 finished. Average Training Loss: 0.2717
2025-07-01 15:14:27 - INFO - Epoch 279/600 finished. Average Training Loss: -0.1070
2025-07-01 15:14:34 - INFO - Epoch 280/600 finished. Average Training Loss: 0.1280
2025-07-01 15:14:34 - INFO - Saved checkpoint for epoch 280 to ./result/VNet_Multi_V2/Amos_18/Pth/model_epoch_280_checkpoint.pth
2025-07-01 15:14:41 - INFO - Epoch 281/600 finished. Average Training Loss: -0.1328
2025-07-01 15:14:48 - INFO - Epoch 282/600 finished. Average Training Loss: -0.0489
2025-07-01 15:14:55 - INFO - Epoch 283/600 finished. Average Training Loss: 0.0640
2025-07-01 15:15:01 - INFO - Epoch 284/600 finished. Average Training Loss: 0.0324
2025-07-01 15:15:09 - INFO - Epoch 285/600 finished. Average Training Loss: 0.1750
2025-07-01 15:15:16 - INFO - Epoch 286/600 finished. Average Training Loss: -0.0904
2025-07-01 15:15:23 - INFO - Epoch 287/600 finished. Average Training Loss: -0.1272
2025-07-01 15:15:30 - INFO - Epoch 288/600 finished. Average Training Loss: 0.0379
2025-07-01 15:15:37 - INFO - Epoch 289/600 finished. Average Training Loss: 0.0413
2025-07-01 15:15:43 - INFO - Epoch 290/600 finished. Average Training Loss: -0.1224
2025-07-01 15:15:51 - INFO - Epoch 291/600 finished. Average Training Loss: 0.0641
2025-07-01 15:15:58 - INFO - Epoch 292/600 finished. Average Training Loss: -0.2282
2025-07-01 15:16:05 - INFO - Epoch 293/600 finished. Average Training Loss: -0.0684
2025-07-01 15:16:12 - INFO - Epoch 294/600 finished. Average Training Loss: 0.0384
2025-07-01 15:16:19 - INFO - Epoch 295/600 finished. Average Training Loss: 0.0722
2025-07-01 15:16:26 - INFO - Epoch 296/600 finished. Average Training Loss: 0.1642
2025-07-01 15:16:33 - INFO - Epoch 297/600 finished. Average Training Loss: 0.4879
2025-07-01 15:16:40 - INFO - Epoch 298/600 finished. Average Training Loss: 0.2165
2025-07-01 15:16:47 - INFO - Epoch 299/600 finished. Average Training Loss: 0.0767
2025-07-01 15:16:54 - INFO - Epoch 300/600 finished. Average Training Loss: -0.0851
2025-07-01 15:16:54 - INFO - Saved checkpoint for epoch 300 to ./result/VNet_Multi_V2/Amos_18/Pth/model_epoch_300_checkpoint.pth
2025-07-01 15:17:01 - INFO - Epoch 301/600 finished. Average Training Loss: 0.1439
2025-07-01 15:17:07 - INFO - Epoch 302/600 finished. Average Training Loss: -0.1119
2025-07-01 15:17:15 - INFO - Epoch 303/600 finished. Average Training Loss: -0.0255
2025-07-01 15:17:22 - INFO - Epoch 304/600 finished. Average Training Loss: -0.3531
2025-07-01 15:17:29 - INFO - Epoch 305/600 finished. Average Training Loss: -0.2674
2025-07-01 15:17:36 - INFO - Epoch 306/600 finished. Average Training Loss: -0.1129
2025-07-01 15:17:43 - INFO - Epoch 307/600 finished. Average Training Loss: 0.0280
2025-07-01 15:17:49 - INFO - Epoch 308/600 finished. Average Training Loss: -0.0894
2025-07-01 15:17:57 - INFO - Epoch 309/600 finished. Average Training Loss: -0.4213
2025-07-01 15:18:04 - INFO - Epoch 310/600 finished. Average Training Loss: 0.0789
2025-07-01 15:18:11 - INFO - Epoch 311/600 finished. Average Training Loss: -0.0910
2025-07-01 15:18:18 - INFO - Epoch 312/600 finished. Average Training Loss: 0.0031
2025-07-01 15:18:25 - INFO - Epoch 313/600 finished. Average Training Loss: -0.1444
2025-07-01 15:18:31 - INFO - Epoch 314/600 finished. Average Training Loss: 0.0138
2025-07-01 15:18:39 - INFO - Epoch 315/600 finished. Average Training Loss: -0.1530
2025-07-01 15:18:46 - INFO - Epoch 316/600 finished. Average Training Loss: 0.1691
2025-07-01 15:18:53 - INFO - Epoch 317/600 finished. Average Training Loss: 0.0701
2025-07-01 15:19:00 - INFO - Epoch 318/600 finished. Average Training Loss: 0.0673
2025-07-01 15:19:06 - INFO - Epoch 319/600 finished. Average Training Loss: 0.0264
2025-07-01 15:19:13 - INFO - Epoch 320/600 finished. Average Training Loss: 0.0126
2025-07-01 15:19:13 - INFO - Saved checkpoint for epoch 320 to ./result/VNet_Multi_V2/Amos_18/Pth/model_epoch_320_checkpoint.pth
2025-07-01 15:19:21 - INFO - Epoch 321/600 finished. Average Training Loss: -0.0602
2025-07-01 15:19:28 - INFO - Epoch 322/600 finished. Average Training Loss: 0.2378
2025-07-01 15:19:35 - INFO - Epoch 323/600 finished. Average Training Loss: -0.1849
2025-07-01 15:19:42 - INFO - Epoch 324/600 finished. Average Training Loss: -0.0298
2025-07-01 15:19:48 - INFO - Epoch 325/600 finished. Average Training Loss: -0.0237
2025-07-01 15:19:55 - INFO - Epoch 326/600 finished. Average Training Loss: -0.2723
2025-07-01 15:20:03 - INFO - Epoch 327/600 finished. Average Training Loss: -0.0838
2025-07-01 15:20:10 - INFO - Epoch 328/600 finished. Average Training Loss: -0.2391
2025-07-01 15:20:17 - INFO - Epoch 329/600 finished. Average Training Loss: -0.2367
2025-07-01 15:20:24 - INFO - Epoch 330/600 finished. Average Training Loss: -0.3470
2025-07-01 15:20:31 - INFO - Epoch 331/600 finished. Average Training Loss: 0.1266
2025-07-01 15:20:38 - INFO - Epoch 332/600 finished. Average Training Loss: -0.0364
2025-07-01 15:20:45 - INFO - Epoch 333/600 finished. Average Training Loss: 0.0291
2025-07-01 15:20:52 - INFO - Epoch 334/600 finished. Average Training Loss: 0.0553
2025-07-01 15:20:59 - INFO - Epoch 335/600 finished. Average Training Loss: -0.2009
2025-07-01 15:21:06 - INFO - Epoch 336/600 finished. Average Training Loss: 0.1522
2025-07-01 15:21:13 - INFO - Epoch 337/600 finished. Average Training Loss: -0.3177
2025-07-01 15:21:20 - INFO - Epoch 338/600 finished. Average Training Loss: -0.1648
2025-07-01 15:21:27 - INFO - Epoch 339/600 finished. Average Training Loss: -0.1130
2025-07-01 15:21:34 - INFO - Epoch 340/600 finished. Average Training Loss: -0.4075
2025-07-01 15:21:34 - INFO - Saved checkpoint for epoch 340 to ./result/VNet_Multi_V2/Amos_18/Pth/model_epoch_340_checkpoint.pth
2025-07-01 15:21:41 - INFO - Epoch 341/600 finished. Average Training Loss: -0.2753
2025-07-01 15:21:48 - INFO - Epoch 342/600 finished. Average Training Loss: -0.3510
2025-07-01 15:21:55 - INFO - Epoch 343/600 finished. Average Training Loss: -0.0991
2025-07-01 15:22:02 - INFO - Epoch 344/600 finished. Average Training Loss: -0.0156
2025-07-01 15:22:10 - INFO - Epoch 345/600 finished. Average Training Loss: -0.0916
2025-07-01 15:22:17 - INFO - Epoch 346/600 finished. Average Training Loss: 0.0163
2025-07-01 15:22:23 - INFO - Epoch 347/600 finished. Average Training Loss: -0.0170
2025-07-01 15:22:30 - INFO - Epoch 348/600 finished. Average Training Loss: -0.1068
2025-07-01 15:22:38 - INFO - Epoch 349/600 finished. Average Training Loss: -0.1869
2025-07-01 15:22:44 - INFO - Epoch 350/600 finished. Average Training Loss: 0.1525
2025-07-01 15:22:52 - INFO - Epoch 351/600 finished. Average Training Loss: -0.0765
2025-07-01 15:22:59 - INFO - Epoch 352/600 finished. Average Training Loss: 0.0898
2025-07-01 15:23:06 - INFO - Epoch 353/600 finished. Average Training Loss: -0.0734
2025-07-01 15:23:13 - INFO - Epoch 354/600 finished. Average Training Loss: -0.2845
2025-07-01 15:23:20 - INFO - Epoch 355/600 finished. Average Training Loss: -0.1920
2025-07-01 15:23:26 - INFO - Epoch 356/600 finished. Average Training Loss: -0.2578
2025-07-01 15:23:34 - INFO - Epoch 357/600 finished. Average Training Loss: -0.4120
2025-07-01 15:23:41 - INFO - Epoch 358/600 finished. Average Training Loss: -0.2438
2025-07-01 15:23:48 - INFO - Epoch 359/600 finished. Average Training Loss: -0.2166
2025-07-01 15:23:55 - INFO - Epoch 360/600 finished. Average Training Loss: -0.1744
2025-07-01 15:23:55 - INFO - Saved checkpoint for epoch 360 to ./result/VNet_Multi_V2/Amos_18/Pth/model_epoch_360_checkpoint.pth
2025-07-01 15:24:02 - INFO - Epoch 361/600 finished. Average Training Loss: 0.1051
2025-07-01 15:24:08 - INFO - Epoch 362/600 finished. Average Training Loss: -0.1160
2025-07-01 15:24:15 - INFO - Epoch 363/600 finished. Average Training Loss: -0.4161
2025-07-01 15:24:22 - INFO - Epoch 364/600 finished. Average Training Loss: 0.0433
2025-07-01 15:24:29 - INFO - Epoch 365/600 finished. Average Training Loss: 0.0524
2025-07-01 15:24:36 - INFO - Epoch 366/600 finished. Average Training Loss: -0.0721
2025-07-01 15:24:43 - INFO - Epoch 367/600 finished. Average Training Loss: -0.1446
2025-07-01 15:24:50 - INFO - Epoch 368/600 finished. Average Training Loss: -0.1765
2025-07-01 15:24:57 - INFO - Epoch 369/600 finished. Average Training Loss: -0.1992
2025-07-01 15:25:04 - INFO - Epoch 370/600 finished. Average Training Loss: -0.2605
2025-07-01 15:25:11 - INFO - Epoch 371/600 finished. Average Training Loss: -0.2953
2025-07-01 15:25:19 - INFO - Epoch 372/600 finished. Average Training Loss: -0.1130
2025-07-01 15:25:26 - INFO - Epoch 373/600 finished. Average Training Loss: -0.0236
2025-07-01 15:25:32 - INFO - Epoch 374/600 finished. Average Training Loss: -0.2234
2025-07-01 15:25:39 - INFO - Epoch 375/600 finished. Average Training Loss: -0.1015
2025-07-01 15:25:46 - INFO - Epoch 376/600 finished. Average Training Loss: -0.2947
2025-07-01 15:25:53 - INFO - Epoch 377/600 finished. Average Training Loss: 0.2205
2025-07-01 15:26:00 - INFO - Epoch 378/600 finished. Average Training Loss: -0.2789
2025-07-01 15:26:07 - INFO - Epoch 379/600 finished. Average Training Loss: -0.2348
2025-07-01 15:26:14 - INFO - Epoch 380/600 finished. Average Training Loss: -0.1416
2025-07-01 15:26:14 - INFO - Saved checkpoint for epoch 380 to ./result/VNet_Multi_V2/Amos_18/Pth/model_epoch_380_checkpoint.pth
2025-07-01 15:26:22 - INFO - Epoch 381/600 finished. Average Training Loss: -0.2902
2025-07-01 15:26:29 - INFO - Epoch 382/600 finished. Average Training Loss: -0.1866
2025-07-01 15:26:36 - INFO - Epoch 383/600 finished. Average Training Loss: -0.0671
2025-07-01 15:26:43 - INFO - Epoch 384/600 finished. Average Training Loss: -0.0872
2025-07-01 15:26:50 - INFO - Epoch 385/600 finished. Average Training Loss: -0.4705
2025-07-01 15:26:56 - INFO - Epoch 386/600 finished. Average Training Loss: -0.3309
2025-07-01 15:27:04 - INFO - Epoch 387/600 finished. Average Training Loss: -0.2213
2025-07-01 15:27:11 - INFO - Epoch 388/600 finished. Average Training Loss: -0.1376
2025-07-01 15:27:18 - INFO - Epoch 389/600 finished. Average Training Loss: -0.1714
2025-07-01 15:27:25 - INFO - Epoch 390/600 finished. Average Training Loss: -0.3352
2025-07-01 15:27:32 - INFO - Epoch 391/600 finished. Average Training Loss: -0.4307
2025-07-01 15:27:38 - INFO - Epoch 392/600 finished. Average Training Loss: -0.2059
2025-07-01 15:27:46 - INFO - Epoch 393/600 finished. Average Training Loss: -0.5010
2025-07-01 15:27:53 - INFO - Epoch 394/600 finished. Average Training Loss: -0.3941
2025-07-01 15:28:00 - INFO - Epoch 395/600 finished. Average Training Loss: -0.5641
2025-07-01 15:28:07 - INFO - Epoch 396/600 finished. Average Training Loss: -0.2490
2025-07-01 15:28:14 - INFO - Epoch 397/600 finished. Average Training Loss: -0.3478
2025-07-01 15:28:20 - INFO - Epoch 398/600 finished. Average Training Loss: -0.3311
2025-07-01 15:28:28 - INFO - Epoch 399/600 finished. Average Training Loss: -0.5134
2025-07-01 15:28:35 - INFO - Epoch 400/600 finished. Average Training Loss: -0.3954
2025-07-01 15:28:35 - INFO - Saved checkpoint for epoch 400 to ./result/VNet_Multi_V2/Amos_18/Pth/model_epoch_400_checkpoint.pth
2025-07-01 15:28:42 - INFO - Epoch 401/600 finished. Average Training Loss: -0.3260
2025-07-01 15:28:49 - INFO - Epoch 402/600 finished. Average Training Loss: -0.0841
2025-07-01 15:28:56 - INFO - Epoch 403/600 finished. Average Training Loss: -0.4321
2025-07-01 15:29:02 - INFO - Epoch 404/600 finished. Average Training Loss: -0.5028
2025-07-01 15:29:10 - INFO - Epoch 405/600 finished. Average Training Loss: -0.4831
2025-07-01 15:29:17 - INFO - Epoch 406/600 finished. Average Training Loss: -0.3994
2025-07-01 15:29:24 - INFO - Epoch 407/600 finished. Average Training Loss: -0.3308
2025-07-01 15:29:31 - INFO - Epoch 408/600 finished. Average Training Loss: -0.1010
2025-07-01 15:29:38 - INFO - Epoch 409/600 finished. Average Training Loss: -0.0482
2025-07-01 15:29:45 - INFO - Epoch 410/600 finished. Average Training Loss: -0.2689
2025-07-01 15:29:52 - INFO - Epoch 411/600 finished. Average Training Loss: -0.1917
2025-07-01 15:29:59 - INFO - Epoch 412/600 finished. Average Training Loss: -0.5270
2025-07-01 15:30:06 - INFO - Epoch 413/600 finished. Average Training Loss: -0.5430
2025-07-01 15:30:14 - INFO - Epoch 414/600 finished. Average Training Loss: -0.2480
2025-07-01 15:30:21 - INFO - Epoch 415/600 finished. Average Training Loss: -0.4056
2025-07-01 15:30:27 - INFO - Epoch 416/600 finished. Average Training Loss: -0.3456
2025-07-01 15:30:35 - INFO - Epoch 417/600 finished. Average Training Loss: -0.4161
2025-07-01 15:30:42 - INFO - Epoch 418/600 finished. Average Training Loss: -0.1814
2025-07-01 15:30:49 - INFO - Epoch 419/600 finished. Average Training Loss: -0.2353
2025-07-01 15:30:56 - INFO - Epoch 420/600 finished. Average Training Loss: -0.3882
2025-07-01 15:30:56 - INFO - Saved checkpoint for epoch 420 to ./result/VNet_Multi_V2/Amos_18/Pth/model_epoch_420_checkpoint.pth
2025-07-01 15:31:03 - INFO - Epoch 421/600 finished. Average Training Loss: -0.3387
2025-07-01 15:31:09 - INFO - Epoch 422/600 finished. Average Training Loss: -0.4345
2025-07-01 15:31:17 - INFO - Epoch 423/600 finished. Average Training Loss: -0.3688
2025-07-01 15:31:24 - INFO - Epoch 424/600 finished. Average Training Loss: -0.0416
2025-07-01 15:31:31 - INFO - Epoch 425/600 finished. Average Training Loss: -0.3803
2025-07-01 15:31:38 - INFO - Epoch 426/600 finished. Average Training Loss: -0.0037
2025-07-01 15:31:45 - INFO - Epoch 427/600 finished. Average Training Loss: -0.3118
2025-07-01 15:31:51 - INFO - Epoch 428/600 finished. Average Training Loss: 11.9313
2025-07-01 15:31:58 - INFO - Epoch 429/600 finished. Average Training Loss: -0.5647
2025-07-01 15:32:05 - INFO - Epoch 430/600 finished. Average Training Loss: -0.4200
2025-07-01 15:32:12 - INFO - Epoch 431/600 finished. Average Training Loss: -0.3517
2025-07-01 15:32:19 - INFO - Epoch 432/600 finished. Average Training Loss: -0.2696
2025-07-01 15:32:26 - INFO - Epoch 433/600 finished. Average Training Loss: -0.6511
2025-07-01 15:32:32 - INFO - Epoch 434/600 finished. Average Training Loss: -0.5414
2025-07-01 15:32:40 - INFO - Epoch 435/600 finished. Average Training Loss: -0.7726
2025-07-01 15:32:46 - INFO - Epoch 436/600 finished. Average Training Loss: -0.4711
2025-07-01 15:32:53 - INFO - Epoch 437/600 finished. Average Training Loss: -0.5098
2025-07-01 15:33:00 - INFO - Epoch 438/600 finished. Average Training Loss: -0.4401
2025-07-01 15:33:08 - INFO - Epoch 439/600 finished. Average Training Loss: -0.5690
2025-07-01 15:33:14 - INFO - Epoch 440/600 finished. Average Training Loss: -0.5606
2025-07-01 15:33:14 - INFO - Saved checkpoint for epoch 440 to ./result/VNet_Multi_V2/Amos_18/Pth/model_epoch_440_checkpoint.pth
2025-07-01 15:33:21 - INFO - Epoch 441/600 finished. Average Training Loss: -0.2741
2025-07-01 15:33:28 - INFO - Epoch 442/600 finished. Average Training Loss: -0.4436
2025-07-01 15:33:35 - INFO - Epoch 443/600 finished. Average Training Loss: -0.2464
2025-07-01 15:33:42 - INFO - Epoch 444/600 finished. Average Training Loss: -0.2989
2025-07-01 15:33:49 - INFO - Epoch 445/600 finished. Average Training Loss: -0.1971
2025-07-01 15:33:55 - INFO - Epoch 446/600 finished. Average Training Loss: -0.3284
2025-07-01 15:34:02 - INFO - Epoch 447/600 finished. Average Training Loss: -0.4955
2025-07-01 15:34:09 - INFO - Epoch 448/600 finished. Average Training Loss: -0.2883
2025-07-01 15:34:16 - INFO - Epoch 449/600 finished. Average Training Loss: -0.3799
2025-07-01 15:34:23 - INFO - Epoch 450/600 finished. Average Training Loss: -0.1115
2025-07-01 15:34:30 - INFO - Epoch 451/600 finished. Average Training Loss: -0.3185
2025-07-01 15:34:36 - INFO - Epoch 452/600 finished. Average Training Loss: 1.2225
2025-07-01 15:34:43 - INFO - Epoch 453/600 finished. Average Training Loss: -0.1658
2025-07-01 15:34:50 - INFO - Epoch 454/600 finished. Average Training Loss: -0.3377
2025-07-01 15:34:57 - INFO - Epoch 455/600 finished. Average Training Loss: -0.6112
2025-07-01 15:35:04 - INFO - Epoch 456/600 finished. Average Training Loss: -0.3112
2025-07-01 15:35:11 - INFO - Epoch 457/600 finished. Average Training Loss: -0.0256
2025-07-01 15:35:17 - INFO - Epoch 458/600 finished. Average Training Loss: -0.4652
2025-07-01 15:35:25 - INFO - Epoch 459/600 finished. Average Training Loss: -0.1446
2025-07-01 15:35:32 - INFO - Epoch 460/600 finished. Average Training Loss: -0.1633
2025-07-01 15:35:32 - INFO - Saved checkpoint for epoch 460 to ./result/VNet_Multi_V2/Amos_18/Pth/model_epoch_460_checkpoint.pth
2025-07-01 15:35:39 - INFO - Epoch 461/600 finished. Average Training Loss: -0.2277
2025-07-01 15:35:46 - INFO - Epoch 462/600 finished. Average Training Loss: -0.1659
2025-07-01 15:35:53 - INFO - Epoch 463/600 finished. Average Training Loss: -0.1634
2025-07-01 15:35:59 - INFO - Epoch 464/600 finished. Average Training Loss: -0.3759
2025-07-01 15:36:07 - INFO - Epoch 465/600 finished. Average Training Loss: -0.2434
2025-07-01 15:36:14 - INFO - Epoch 466/600 finished. Average Training Loss: -0.2117
2025-07-01 15:36:21 - INFO - Epoch 467/600 finished. Average Training Loss: -0.2478
2025-07-01 15:36:28 - INFO - Epoch 468/600 finished. Average Training Loss: -0.2756
2025-07-01 15:36:35 - INFO - Epoch 469/600 finished. Average Training Loss: -0.3389
2025-07-01 15:36:41 - INFO - Epoch 470/600 finished. Average Training Loss: -0.1541
2025-07-01 15:36:49 - INFO - Epoch 471/600 finished. Average Training Loss: -0.2960
2025-07-01 15:36:56 - INFO - Epoch 472/600 finished. Average Training Loss: -0.0082
2025-07-01 15:37:03 - INFO - Epoch 473/600 finished. Average Training Loss: -0.5312
2025-07-01 15:37:10 - INFO - Epoch 474/600 finished. Average Training Loss: -0.3271
2025-07-01 15:37:17 - INFO - Epoch 475/600 finished. Average Training Loss: -0.0885
2025-07-01 15:37:23 - INFO - Epoch 476/600 finished. Average Training Loss: -0.1243
2025-07-01 15:37:31 - INFO - Epoch 477/600 finished. Average Training Loss: -0.3576
2025-07-01 15:37:38 - INFO - Epoch 478/600 finished. Average Training Loss: -0.4405
2025-07-01 15:37:45 - INFO - Epoch 479/600 finished. Average Training Loss: -0.4702
2025-07-01 15:37:52 - INFO - Epoch 480/600 finished. Average Training Loss: -0.5533
2025-07-01 15:37:52 - INFO - Saved checkpoint for epoch 480 to ./result/VNet_Multi_V2/Amos_18/Pth/model_epoch_480_checkpoint.pth
2025-07-01 15:37:59 - INFO - Epoch 481/600 finished. Average Training Loss: -0.4662
2025-07-01 15:38:06 - INFO - Epoch 482/600 finished. Average Training Loss: -0.4341
2025-07-01 15:38:14 - INFO - Epoch 483/600 finished. Average Training Loss: -0.6108
2025-07-01 15:38:21 - INFO - Epoch 484/600 finished. Average Training Loss: -0.2765
2025-07-01 15:38:28 - INFO - Epoch 485/600 finished. Average Training Loss: -0.6379
2025-07-01 15:38:35 - INFO - Epoch 486/600 finished. Average Training Loss: -0.2446
2025-07-01 15:38:42 - INFO - Epoch 487/600 finished. Average Training Loss: -0.4231
2025-07-01 15:38:48 - INFO - Epoch 488/600 finished. Average Training Loss: -0.4591
2025-07-01 15:38:56 - INFO - Epoch 489/600 finished. Average Training Loss: -0.4653
2025-07-01 15:39:03 - INFO - Epoch 490/600 finished. Average Training Loss: -0.6411
2025-07-01 15:39:10 - INFO - Epoch 491/600 finished. Average Training Loss: -0.3958
2025-07-01 15:39:17 - INFO - Epoch 492/600 finished. Average Training Loss: -0.5681
2025-07-01 15:39:23 - INFO - Epoch 493/600 finished. Average Training Loss: -0.4718
2025-07-01 15:39:30 - INFO - Epoch 494/600 finished. Average Training Loss: -0.3323
2025-07-01 15:39:37 - INFO - Epoch 495/600 finished. Average Training Loss: -0.0693
2025-07-01 15:39:45 - INFO - Epoch 496/600 finished. Average Training Loss: -0.2776
2025-07-01 15:39:51 - INFO - Epoch 497/600 finished. Average Training Loss: -0.2242
2025-07-01 15:39:58 - INFO - Epoch 498/600 finished. Average Training Loss: -0.1609
2025-07-01 15:40:05 - INFO - Epoch 499/600 finished. Average Training Loss: -0.1390
2025-07-01 15:40:12 - INFO - Epoch 500/600 finished. Average Training Loss: 0.1484
2025-07-01 15:40:12 - INFO - Saved checkpoint for epoch 500 to ./result/VNet_Multi_V2/Amos_18/Pth/model_epoch_500_checkpoint.pth
2025-07-01 15:40:19 - INFO - Epoch 501/600 finished. Average Training Loss: -0.5517
2025-07-01 15:40:26 - INFO - Epoch 502/600 finished. Average Training Loss: -0.5035
2025-07-01 15:40:33 - INFO - Epoch 503/600 finished. Average Training Loss: -0.1862
2025-07-01 15:40:40 - INFO - Epoch 504/600 finished. Average Training Loss: -0.2368
2025-07-01 15:40:47 - INFO - Epoch 505/600 finished. Average Training Loss: -0.4241
2025-07-01 15:40:53 - INFO - Epoch 506/600 finished. Average Training Loss: -0.4076
2025-07-01 15:41:01 - INFO - Epoch 507/600 finished. Average Training Loss: -0.5105
2025-07-01 15:41:08 - INFO - Epoch 508/600 finished. Average Training Loss: -0.3454
2025-07-01 15:41:15 - INFO - Epoch 509/600 finished. Average Training Loss: -0.6811
2025-07-01 15:41:22 - INFO - Epoch 510/600 finished. Average Training Loss: -0.4254
2025-07-01 15:41:29 - INFO - Epoch 511/600 finished. Average Training Loss: -0.2679
2025-07-01 15:41:35 - INFO - Epoch 512/600 finished. Average Training Loss: -0.4733
2025-07-01 15:41:43 - INFO - Epoch 513/600 finished. Average Training Loss: -0.4645
2025-07-01 15:41:50 - INFO - Epoch 514/600 finished. Average Training Loss: -0.7044
2025-07-01 15:41:57 - INFO - Epoch 515/600 finished. Average Training Loss: -0.6469
2025-07-01 15:42:04 - INFO - Epoch 516/600 finished. Average Training Loss: -0.4385
2025-07-01 15:42:11 - INFO - Epoch 517/600 finished. Average Training Loss: -0.3595
2025-07-01 15:42:17 - INFO - Epoch 518/600 finished. Average Training Loss: -0.5595
2025-07-01 15:42:24 - INFO - Epoch 519/600 finished. Average Training Loss: -0.4762
2025-07-01 15:42:31 - INFO - Epoch 520/600 finished. Average Training Loss: -0.1432
2025-07-01 15:42:31 - INFO - Saved checkpoint for epoch 520 to ./result/VNet_Multi_V2/Amos_18/Pth/model_epoch_520_checkpoint.pth
2025-07-01 15:42:38 - INFO - Epoch 521/600 finished. Average Training Loss: -0.3918
2025-07-01 15:42:45 - INFO - Epoch 522/600 finished. Average Training Loss: -0.3147
2025-07-01 15:42:52 - INFO - Epoch 523/600 finished. Average Training Loss: -0.1350
2025-07-01 15:42:59 - INFO - Epoch 524/600 finished. Average Training Loss: -0.4861
2025-07-01 15:43:06 - INFO - Epoch 525/600 finished. Average Training Loss: -0.5065
2025-07-01 15:43:13 - INFO - Epoch 526/600 finished. Average Training Loss: -0.4687
2025-07-01 15:43:20 - INFO - Epoch 527/600 finished. Average Training Loss: -0.5757
2025-07-01 15:43:27 - INFO - Epoch 528/600 finished. Average Training Loss: -0.3918
2025-07-01 15:43:34 - INFO - Epoch 529/600 finished. Average Training Loss: -0.3135
2025-07-01 15:43:40 - INFO - Epoch 530/600 finished. Average Training Loss: -0.3000
2025-07-01 15:43:47 - INFO - Epoch 531/600 finished. Average Training Loss: -0.3670
2025-07-01 15:43:54 - INFO - Epoch 532/600 finished. Average Training Loss: -0.1217
2025-07-01 15:44:01 - INFO - Epoch 533/600 finished. Average Training Loss: -0.0578
2025-07-01 15:44:08 - INFO - Epoch 534/600 finished. Average Training Loss: -0.0697
2025-07-01 15:44:15 - INFO - Epoch 535/600 finished. Average Training Loss: -0.3501
2025-07-01 15:44:21 - INFO - Epoch 536/600 finished. Average Training Loss: -0.0962
2025-07-01 15:44:28 - INFO - Epoch 537/600 finished. Average Training Loss: -0.1795
2025-07-01 15:44:35 - INFO - Epoch 538/600 finished. Average Training Loss: -0.4129
2025-07-01 15:44:42 - INFO - Epoch 539/600 finished. Average Training Loss: -0.1324
2025-07-01 15:44:49 - INFO - Epoch 540/600 finished. Average Training Loss: -0.2640
2025-07-01 15:44:49 - INFO - Saved checkpoint for epoch 540 to ./result/VNet_Multi_V2/Amos_18/Pth/model_epoch_540_checkpoint.pth
2025-07-01 15:44:56 - INFO - Epoch 541/600 finished. Average Training Loss: -0.2501
2025-07-01 15:45:02 - INFO - Epoch 542/600 finished. Average Training Loss: -0.3050
2025-07-01 15:45:10 - INFO - Epoch 543/600 finished. Average Training Loss: -0.2329
2025-07-01 15:45:17 - INFO - Epoch 544/600 finished. Average Training Loss: -0.3957
2025-07-01 15:45:24 - INFO - Epoch 545/600 finished. Average Training Loss: -0.3718
2025-07-01 15:45:31 - INFO - Epoch 546/600 finished. Average Training Loss: -0.4037
2025-07-01 15:45:38 - INFO - Epoch 547/600 finished. Average Training Loss: -0.4664
2025-07-01 15:45:44 - INFO - Epoch 548/600 finished. Average Training Loss: -0.5132
2025-07-01 15:45:52 - INFO - Epoch 549/600 finished. Average Training Loss: -0.5612
2025-07-01 15:45:59 - INFO - Epoch 550/600 finished. Average Training Loss: -0.5176
2025-07-01 15:46:06 - INFO - Epoch 551/600 finished. Average Training Loss: -0.6679
2025-07-01 15:46:12 - INFO - Epoch 552/600 finished. Average Training Loss: -0.4197
2025-07-01 15:46:19 - INFO - Epoch 553/600 finished. Average Training Loss: -0.5878
2025-07-01 15:46:26 - INFO - Epoch 554/600 finished. Average Training Loss: -0.2567
2025-07-01 15:46:34 - INFO - Epoch 555/600 finished. Average Training Loss: -0.6285
2025-07-01 15:46:41 - INFO - Epoch 556/600 finished. Average Training Loss: -0.2951
2025-07-01 15:46:48 - INFO - Epoch 557/600 finished. Average Training Loss: -0.1597
2025-07-01 15:46:55 - INFO - Epoch 558/600 finished. Average Training Loss: -0.5207
2025-07-01 15:47:02 - INFO - Epoch 559/600 finished. Average Training Loss: -0.5005
2025-07-01 15:47:08 - INFO - Epoch 560/600 finished. Average Training Loss: -0.5921
2025-07-01 15:47:08 - INFO - Saved checkpoint for epoch 560 to ./result/VNet_Multi_V2/Amos_18/Pth/model_epoch_560_checkpoint.pth
2025-07-01 15:47:15 - INFO - Epoch 561/600 finished. Average Training Loss: -0.3914
2025-07-01 15:47:22 - INFO - Epoch 562/600 finished. Average Training Loss: -0.1555
2025-07-01 15:47:29 - INFO - Epoch 563/600 finished. Average Training Loss: -0.4860
2025-07-01 15:47:36 - INFO - Epoch 564/600 finished. Average Training Loss: -0.1952
2025-07-01 15:47:43 - INFO - Epoch 565/600 finished. Average Training Loss: -0.3047
2025-07-01 15:47:50 - INFO - Epoch 566/600 finished. Average Training Loss: -0.6435
2025-07-01 15:47:57 - INFO - Epoch 567/600 finished. Average Training Loss: -0.4441
2025-07-01 15:48:04 - INFO - Epoch 568/600 finished. Average Training Loss: -0.2582
2025-07-01 15:48:11 - INFO - Epoch 569/600 finished. Average Training Loss: -0.1969
2025-07-01 15:48:18 - INFO - Epoch 570/600 finished. Average Training Loss: -0.5279
2025-07-01 15:48:25 - INFO - Epoch 571/600 finished. Average Training Loss: -0.6783
2025-07-01 15:48:31 - INFO - Epoch 572/600 finished. Average Training Loss: -0.7722
2025-07-01 15:48:38 - INFO - Epoch 573/600 finished. Average Training Loss: -0.8460
2025-07-01 15:48:45 - INFO - Epoch 574/600 finished. Average Training Loss: -0.5330
2025-07-01 15:48:52 - INFO - Epoch 575/600 finished. Average Training Loss: -0.2915
2025-07-01 15:48:59 - INFO - Epoch 576/600 finished. Average Training Loss: -0.7344
2025-07-01 15:49:06 - INFO - Epoch 577/600 finished. Average Training Loss: 41.7122
2025-07-01 15:49:12 - INFO - Epoch 578/600 finished. Average Training Loss: -0.3845
2025-07-01 15:49:20 - INFO - Epoch 579/600 finished. Average Training Loss: -0.2520
2025-07-01 15:49:26 - INFO - Epoch 580/600 finished. Average Training Loss: -0.6070
2025-07-01 15:49:26 - INFO - Saved checkpoint for epoch 580 to ./result/VNet_Multi_V2/Amos_18/Pth/model_epoch_580_checkpoint.pth
2025-07-01 15:49:33 - INFO - Epoch 581/600 finished. Average Training Loss: -0.4558
2025-07-01 15:49:40 - INFO - Epoch 582/600 finished. Average Training Loss: -0.6248
2025-07-01 15:49:47 - INFO - Epoch 583/600 finished. Average Training Loss: -0.6993
2025-07-01 15:49:54 - INFO - Epoch 584/600 finished. Average Training Loss: -0.5858
2025-07-01 15:50:01 - INFO - Epoch 585/600 finished. Average Training Loss: -0.0037
2025-07-01 15:50:08 - INFO - Epoch 586/600 finished. Average Training Loss: -0.7000
2025-07-01 15:50:15 - INFO - Epoch 587/600 finished. Average Training Loss: -0.4378
2025-07-01 15:50:22 - INFO - Epoch 588/600 finished. Average Training Loss: -0.7512
2025-07-01 15:50:29 - INFO - Epoch 589/600 finished. Average Training Loss: -0.4376
2025-07-01 15:50:35 - INFO - Epoch 590/600 finished. Average Training Loss: -0.3154
2025-07-01 15:50:43 - INFO - Epoch 591/600 finished. Average Training Loss: -0.5912
2025-07-01 15:50:50 - INFO - Epoch 592/600 finished. Average Training Loss: -0.2125
2025-07-01 15:50:57 - INFO - Epoch 593/600 finished. Average Training Loss: -0.4620
2025-07-01 15:51:04 - INFO - Epoch 594/600 finished. Average Training Loss: -0.3725
2025-07-01 15:51:11 - INFO - Epoch 595/600 finished. Average Training Loss: -0.4294
2025-07-01 15:51:18 - INFO - Epoch 596/600 finished. Average Training Loss: -0.5502
2025-07-01 15:51:25 - INFO - Epoch 597/600 finished. Average Training Loss: -0.4646
2025-07-01 15:51:32 - INFO - Epoch 598/600 finished. Average Training Loss: -0.5023
2025-07-01 15:51:39 - INFO - Epoch 599/600 finished. Average Training Loss: -0.4505
2025-07-01 15:51:46 - INFO - Epoch 600/600 finished. Average Training Loss: -0.6010
2025-07-01 15:51:46 - INFO - Saved checkpoint for epoch 600 to ./result/VNet_Multi_V2/Amos_18/Pth/model_epoch_600_checkpoint.pth
2025-07-01 15:51:46 - INFO - Training complete! Total duration: 0h 59m 45s
2025-07-01 15:51:46 - INFO - ======================================== Training Session Ended ========================================

