2025-05-10 15:49:41 - INFO - Logging is set up.
2025-05-10 15:49:41 - INFO - 训练配置参数:
{'seed': 42, 'epochs': 1000, 'batch_size': 10, 'num_classes': 2, 'learning_rate': 0.001, 'dataset_path': './datasets/LA', 'log_path': './result/SAM3D_VNet_SSL/LA_8_SemiSupervised_Basis/Training.log', 'pth_path': './result/SAM3D_VNet_SSL/LA_8_SemiSupervised_Basis/Pth', 'tensorboard_path': './result/SAM3D_VNet_SSL/LA_8_SemiSupervised_Basis/Train', 'continue_train': False, 'multi_gpu': True, 'training_label_num': 8, 'training_unlabel_num': 72, 'label_bs': 1, 'unlabel_bs': 9, 'consistency_weight': 0.3, 'pretrained_weights': None}
2025-05-10 15:49:43 - INFO - 使用 2 个GPU
2025-05-10 15:49:43 - INFO - 模型总参数: 115,813,347
2025-05-10 15:49:43 - INFO - 可训练参数: 115,813,347
2025-05-10 15:50:06 - INFO - Logging is set up.
2025-05-10 15:50:06 - INFO - 训练配置参数:
{'seed': 42, 'epochs': 1000, 'batch_size': 10, 'num_classes': 2, 'learning_rate': 0.001, 'dataset_path': './datasets/LA', 'log_path': './result/SAM3D_VNet_SSL/LA_8_SemiSupervised_Basis/Training.log', 'pth_path': './result/SAM3D_VNet_SSL/LA_8_SemiSupervised_Basis/Pth', 'tensorboard_path': './result/SAM3D_VNet_SSL/LA_8_SemiSupervised_Basis/Train', 'continue_train': False, 'multi_gpu': True, 'training_label_num': 8, 'training_unlabel_num': 72, 'label_bs': 1, 'unlabel_bs': 9, 'consistency_weight': 0.3, 'pretrained_weights': None}
2025-05-10 15:50:07 - INFO - 使用 2 个GPU
2025-05-10 15:50:07 - INFO - 模型总参数: 115,813,347
2025-05-10 15:50:07 - INFO - 可训练参数: 115,813,347
2025-05-10 15:50:23 - INFO - Epoch 1/1000, Loss: 1.0134, Dice: 1.0041, MSE: 0.0308
2025-05-10 15:50:38 - INFO - Epoch 2/1000, Loss: 0.9061, Dice: 0.8993, MSE: 0.0226
2025-05-10 15:50:53 - INFO - Epoch 3/1000, Loss: 0.9376, Dice: 0.9316, MSE: 0.0202
2025-05-10 15:51:08 - INFO - Epoch 4/1000, Loss: 0.7960, Dice: 0.7884, MSE: 0.0253
2025-05-10 15:51:22 - INFO - Epoch 5/1000, Loss: 0.7921, Dice: 0.7845, MSE: 0.0253
2025-05-10 15:51:37 - INFO - Epoch 6/1000, Loss: 0.7509, Dice: 0.7430, MSE: 0.0265
2025-05-10 15:51:51 - INFO - Epoch 7/1000, Loss: 0.7336, Dice: 0.7250, MSE: 0.0287
2025-05-10 15:52:06 - INFO - Epoch 8/1000, Loss: 0.7281, Dice: 0.7180, MSE: 0.0336
2025-05-10 15:52:21 - INFO - Epoch 9/1000, Loss: 0.7080, Dice: 0.6970, MSE: 0.0366
2025-05-10 15:52:36 - INFO - Epoch 10/1000, Loss: 0.6620, Dice: 0.6509, MSE: 0.0371
2025-05-10 15:52:50 - INFO - Epoch 11/1000, Loss: 0.7432, Dice: 0.7301, MSE: 0.0437
2025-05-10 15:53:05 - INFO - Epoch 12/1000, Loss: 0.6630, Dice: 0.6528, MSE: 0.0340
2025-05-10 15:53:20 - INFO - Epoch 13/1000, Loss: 0.6919, Dice: 0.6817, MSE: 0.0340
2025-05-10 15:53:35 - INFO - Epoch 14/1000, Loss: 0.6246, Dice: 0.6138, MSE: 0.0361
2025-05-10 15:53:49 - INFO - Epoch 15/1000, Loss: 0.5730, Dice: 0.5615, MSE: 0.0381
2025-05-10 15:54:04 - INFO - Epoch 16/1000, Loss: 0.5689, Dice: 0.5576, MSE: 0.0374
2025-05-10 15:54:19 - INFO - Epoch 17/1000, Loss: 0.5412, Dice: 0.5290, MSE: 0.0409
2025-05-10 15:54:33 - INFO - Epoch 18/1000, Loss: 0.6355, Dice: 0.6066, MSE: 0.0964
2025-05-10 15:54:48 - INFO - Epoch 19/1000, Loss: 0.4835, Dice: 0.4589, MSE: 0.0822
2025-05-10 15:55:03 - INFO - Epoch 20/1000, Loss: 0.5991, Dice: 0.5846, MSE: 0.0485
2025-05-10 15:55:04 - INFO - 模型已保存至: epoch_20.pth
2025-05-10 15:55:18 - INFO - Epoch 21/1000, Loss: 0.5772, Dice: 0.5605, MSE: 0.0554
2025-05-10 15:55:33 - INFO - Epoch 22/1000, Loss: 0.5599, Dice: 0.5454, MSE: 0.0483
2025-05-10 15:55:47 - INFO - Epoch 23/1000, Loss: 0.5108, Dice: 0.4957, MSE: 0.0505
2025-05-10 15:56:01 - INFO - Epoch 24/1000, Loss: 0.4551, Dice: 0.4387, MSE: 0.0546
2025-05-10 15:56:15 - INFO - Epoch 25/1000, Loss: 0.5018, Dice: 0.4866, MSE: 0.0506
2025-05-10 15:56:28 - INFO - Epoch 26/1000, Loss: 0.5232, Dice: 0.5049, MSE: 0.0610
2025-05-10 15:56:42 - INFO - Epoch 27/1000, Loss: 0.5578, Dice: 0.5384, MSE: 0.0646
2025-05-10 15:56:57 - INFO - Epoch 28/1000, Loss: 0.4511, Dice: 0.4335, MSE: 0.0586
2025-05-10 15:57:11 - INFO - Epoch 29/1000, Loss: 0.5287, Dice: 0.5108, MSE: 0.0597
2025-05-10 15:57:25 - INFO - Epoch 30/1000, Loss: 0.4725, Dice: 0.4558, MSE: 0.0556
2025-05-10 15:57:39 - INFO - Epoch 31/1000, Loss: 0.5021, Dice: 0.4743, MSE: 0.0928
2025-05-10 15:57:53 - INFO - Epoch 32/1000, Loss: 0.4739, Dice: 0.4368, MSE: 0.1236
2025-05-10 15:58:07 - INFO - Epoch 33/1000, Loss: 0.4418, Dice: 0.4040, MSE: 0.1263
2025-05-10 15:58:21 - INFO - Epoch 34/1000, Loss: 0.4191, Dice: 0.3866, MSE: 0.1083
2025-05-10 15:58:35 - INFO - Epoch 35/1000, Loss: 0.4875, Dice: 0.4346, MSE: 0.1765
2025-05-10 15:58:49 - INFO - Epoch 36/1000, Loss: 0.4652, Dice: 0.4291, MSE: 0.1204
2025-05-10 15:59:04 - INFO - Epoch 37/1000, Loss: 0.4435, Dice: 0.4128, MSE: 0.1024
2025-05-10 15:59:18 - INFO - Epoch 38/1000, Loss: 0.4276, Dice: 0.3946, MSE: 0.1099
2025-05-10 15:59:32 - INFO - Epoch 39/1000, Loss: 0.5200, Dice: 0.4786, MSE: 0.1381
2025-05-10 15:59:46 - INFO - Epoch 40/1000, Loss: 0.4238, Dice: 0.3874, MSE: 0.1211
2025-05-10 15:59:48 - INFO - 模型已保存至: epoch_40.pth
2025-05-10 16:00:02 - INFO - Epoch 41/1000, Loss: 0.4398, Dice: 0.3985, MSE: 0.1375
2025-05-10 16:00:16 - INFO - Epoch 42/1000, Loss: 0.3834, Dice: 0.3475, MSE: 0.1196
2025-05-10 16:00:29 - INFO - Epoch 43/1000, Loss: 0.3636, Dice: 0.3298, MSE: 0.1129
2025-05-10 16:00:43 - INFO - Epoch 44/1000, Loss: 0.4470, Dice: 0.4151, MSE: 0.1063
2025-05-10 16:00:57 - INFO - Epoch 45/1000, Loss: 0.4434, Dice: 0.4139, MSE: 0.0983
2025-05-10 16:01:11 - INFO - Epoch 46/1000, Loss: 0.4001, Dice: 0.3647, MSE: 0.1182
2025-05-10 16:01:25 - INFO - Epoch 47/1000, Loss: 0.3770, Dice: 0.3449, MSE: 0.1072
2025-05-10 16:01:39 - INFO - Epoch 48/1000, Loss: 0.3619, Dice: 0.3291, MSE: 0.1096
2025-05-10 16:01:53 - INFO - Epoch 49/1000, Loss: 0.3562, Dice: 0.3210, MSE: 0.1175
2025-05-10 16:02:06 - INFO - Epoch 50/1000, Loss: 0.3484, Dice: 0.3093, MSE: 0.1304
2025-05-10 16:02:20 - INFO - Epoch 51/1000, Loss: 0.3375, Dice: 0.3004, MSE: 0.1239
2025-05-10 16:02:34 - INFO - Epoch 52/1000, Loss: 0.3991, Dice: 0.3630, MSE: 0.1205
2025-05-10 16:02:48 - INFO - Epoch 53/1000, Loss: 0.3337, Dice: 0.2987, MSE: 0.1166
2025-05-10 16:03:02 - INFO - Epoch 54/1000, Loss: 0.3470, Dice: 0.3134, MSE: 0.1122
2025-05-10 16:03:16 - INFO - Epoch 55/1000, Loss: 0.3894, Dice: 0.3547, MSE: 0.1158
2025-05-10 16:03:30 - INFO - Epoch 56/1000, Loss: 0.3205, Dice: 0.2866, MSE: 0.1130
2025-05-10 16:03:44 - INFO - Epoch 57/1000, Loss: 0.3347, Dice: 0.2997, MSE: 0.1168
2025-05-10 16:03:58 - INFO - Epoch 58/1000, Loss: 0.2648, Dice: 0.2335, MSE: 0.1045
2025-05-10 16:04:11 - INFO - Epoch 59/1000, Loss: 0.2950, Dice: 0.2602, MSE: 0.1161
2025-05-10 16:04:25 - INFO - Epoch 60/1000, Loss: 0.3132, Dice: 0.2671, MSE: 0.1539
2025-05-10 16:04:27 - INFO - 模型已保存至: epoch_60.pth
2025-05-10 16:04:41 - INFO - Epoch 61/1000, Loss: 0.2882, Dice: 0.2490, MSE: 0.1308
2025-05-10 16:04:54 - INFO - Epoch 62/1000, Loss: 0.2740, Dice: 0.2393, MSE: 0.1158
2025-05-10 16:05:08 - INFO - Epoch 63/1000, Loss: 0.2977, Dice: 0.2648, MSE: 0.1095
2025-05-10 16:05:22 - INFO - Epoch 64/1000, Loss: 0.3347, Dice: 0.3013, MSE: 0.1114
2025-05-10 16:05:36 - INFO - Epoch 65/1000, Loss: 0.3352, Dice: 0.2953, MSE: 0.1330
2025-05-10 16:05:49 - INFO - Epoch 66/1000, Loss: 0.3125, Dice: 0.2746, MSE: 0.1262
2025-05-10 16:06:03 - INFO - Epoch 67/1000, Loss: 0.2519, Dice: 0.2187, MSE: 0.1108
2025-05-10 16:06:17 - INFO - Epoch 68/1000, Loss: 0.2734, Dice: 0.2381, MSE: 0.1177
2025-05-10 16:06:31 - INFO - Epoch 69/1000, Loss: 0.2544, Dice: 0.2184, MSE: 0.1201
2025-05-10 16:06:45 - INFO - Epoch 70/1000, Loss: 0.2199, Dice: 0.1806, MSE: 0.1309
2025-05-10 16:06:58 - INFO - Epoch 71/1000, Loss: 0.2903, Dice: 0.2520, MSE: 0.1276
2025-05-10 16:07:12 - INFO - Epoch 72/1000, Loss: 0.3121, Dice: 0.2681, MSE: 0.1468
2025-05-10 16:07:26 - INFO - Epoch 73/1000, Loss: 0.2846, Dice: 0.2449, MSE: 0.1322
2025-05-10 16:07:40 - INFO - Epoch 74/1000, Loss: 0.2463, Dice: 0.2083, MSE: 0.1265
2025-05-10 16:07:54 - INFO - Epoch 75/1000, Loss: 0.2433, Dice: 0.2058, MSE: 0.1251
2025-05-10 16:08:07 - INFO - Epoch 76/1000, Loss: 0.2475, Dice: 0.2092, MSE: 0.1276
2025-05-10 16:08:21 - INFO - Epoch 77/1000, Loss: 0.2376, Dice: 0.2040, MSE: 0.1121
2025-05-10 16:08:35 - INFO - Epoch 78/1000, Loss: 0.2625, Dice: 0.2259, MSE: 0.1220
2025-05-10 16:08:49 - INFO - Epoch 79/1000, Loss: 0.2586, Dice: 0.2190, MSE: 0.1317
2025-05-10 16:09:03 - INFO - Epoch 80/1000, Loss: 0.3330, Dice: 0.2892, MSE: 0.1459
2025-05-10 16:09:04 - INFO - 模型已保存至: epoch_80.pth
2025-05-10 16:09:18 - INFO - Epoch 81/1000, Loss: 0.3886, Dice: 0.3457, MSE: 0.1430
2025-05-10 16:09:32 - INFO - Epoch 82/1000, Loss: 0.3616, Dice: 0.3217, MSE: 0.1332
2025-05-10 16:09:46 - INFO - Epoch 83/1000, Loss: 0.4905, Dice: 0.4410, MSE: 0.1651
2025-05-10 16:10:00 - INFO - Epoch 84/1000, Loss: 0.4385, Dice: 0.3991, MSE: 0.1314
2025-05-10 16:10:14 - INFO - Epoch 85/1000, Loss: 0.3347, Dice: 0.3055, MSE: 0.0973
2025-05-10 16:10:28 - INFO - Epoch 86/1000, Loss: 0.3769, Dice: 0.3445, MSE: 0.1082
2025-05-10 16:10:42 - INFO - Epoch 87/1000, Loss: 0.3443, Dice: 0.3090, MSE: 0.1177
2025-05-10 16:10:56 - INFO - Epoch 88/1000, Loss: 0.2778, Dice: 0.2453, MSE: 0.1082
2025-05-10 16:11:11 - INFO - Epoch 89/1000, Loss: 0.2597, Dice: 0.2258, MSE: 0.1128
2025-05-10 16:11:25 - INFO - Epoch 90/1000, Loss: 0.3439, Dice: 0.3100, MSE: 0.1130
2025-05-10 16:11:38 - INFO - Epoch 91/1000, Loss: 0.2525, Dice: 0.2162, MSE: 0.1208
2025-05-10 16:11:51 - INFO - Epoch 92/1000, Loss: 0.3034, Dice: 0.2632, MSE: 0.1341
2025-05-10 16:12:05 - INFO - Epoch 93/1000, Loss: 0.2853, Dice: 0.2475, MSE: 0.1259
2025-05-10 16:12:18 - INFO - Epoch 94/1000, Loss: 0.2680, Dice: 0.2347, MSE: 0.1112
2025-05-10 16:12:31 - INFO - Epoch 95/1000, Loss: 0.2523, Dice: 0.2156, MSE: 0.1224
2025-05-10 16:12:44 - INFO - Epoch 96/1000, Loss: 0.2293, Dice: 0.1951, MSE: 0.1141
2025-05-10 16:12:57 - INFO - Epoch 97/1000, Loss: 0.2348, Dice: 0.1969, MSE: 0.1262
2025-05-10 16:13:10 - INFO - Epoch 98/1000, Loss: 0.2192, Dice: 0.1811, MSE: 0.1270
2025-05-10 16:13:23 - INFO - Epoch 99/1000, Loss: 0.2611, Dice: 0.2220, MSE: 0.1304
2025-05-10 16:13:36 - INFO - Epoch 100/1000, Loss: 0.2459, Dice: 0.2070, MSE: 0.1297
2025-05-10 16:13:37 - INFO - 模型已保存至: epoch_100.pth
2025-05-10 16:13:50 - INFO - Epoch 101/1000, Loss: 0.2380, Dice: 0.1976, MSE: 0.1345
2025-05-10 16:14:03 - INFO - Epoch 102/1000, Loss: 0.2181, Dice: 0.1808, MSE: 0.1241
2025-05-10 16:14:16 - INFO - Epoch 103/1000, Loss: 0.2272, Dice: 0.1904, MSE: 0.1227
2025-05-10 16:14:29 - INFO - Epoch 104/1000, Loss: 0.2183, Dice: 0.1800, MSE: 0.1277
2025-05-10 16:14:43 - INFO - Epoch 105/1000, Loss: 0.2325, Dice: 0.1921, MSE: 0.1348
2025-05-10 16:14:55 - INFO - Epoch 106/1000, Loss: 0.2596, Dice: 0.2209, MSE: 0.1290
2025-05-10 16:15:09 - INFO - Epoch 107/1000, Loss: 0.2899, Dice: 0.2472, MSE: 0.1424
2025-05-10 16:15:22 - INFO - Epoch 108/1000, Loss: 0.3791, Dice: 0.3384, MSE: 0.1356
2025-05-10 16:15:35 - INFO - Epoch 109/1000, Loss: 0.3273, Dice: 0.2961, MSE: 0.1040
2025-05-10 16:15:48 - INFO - Epoch 110/1000, Loss: 0.3334, Dice: 0.3022, MSE: 0.1041
2025-05-10 16:16:01 - INFO - Epoch 111/1000, Loss: 0.2872, Dice: 0.2536, MSE: 0.1122
2025-05-10 16:16:14 - INFO - Epoch 112/1000, Loss: 0.3066, Dice: 0.2687, MSE: 0.1264
2025-05-10 16:16:27 - INFO - Epoch 113/1000, Loss: 0.2852, Dice: 0.2463, MSE: 0.1294
2025-05-10 16:16:40 - INFO - Epoch 114/1000, Loss: 0.2531, Dice: 0.2179, MSE: 0.1172
2025-05-10 16:16:53 - INFO - Epoch 115/1000, Loss: 0.2443, Dice: 0.2087, MSE: 0.1186
2025-05-10 16:17:06 - INFO - Epoch 116/1000, Loss: 0.2594, Dice: 0.2224, MSE: 0.1235
2025-05-10 16:17:19 - INFO - Epoch 117/1000, Loss: 0.2121, Dice: 0.1709, MSE: 0.1374
2025-05-10 16:17:32 - INFO - Epoch 118/1000, Loss: 0.2522, Dice: 0.2105, MSE: 0.1390
2025-05-10 16:17:45 - INFO - Epoch 119/1000, Loss: 0.2353, Dice: 0.1973, MSE: 0.1267
2025-05-10 16:17:58 - INFO - Epoch 120/1000, Loss: 0.2468, Dice: 0.2109, MSE: 0.1197
2025-05-10 16:17:59 - INFO - 模型已保存至: epoch_120.pth
2025-05-10 16:18:12 - INFO - Epoch 121/1000, Loss: 0.2495, Dice: 0.2133, MSE: 0.1205
2025-05-10 16:18:25 - INFO - Epoch 122/1000, Loss: 0.1957, Dice: 0.1598, MSE: 0.1196
2025-05-10 16:18:38 - INFO - Epoch 123/1000, Loss: 0.2138, Dice: 0.1754, MSE: 0.1279
2025-05-10 16:18:51 - INFO - Epoch 124/1000, Loss: 0.2167, Dice: 0.1789, MSE: 0.1261
2025-05-10 16:19:04 - INFO - Epoch 125/1000, Loss: 0.2076, Dice: 0.1717, MSE: 0.1194
2025-05-10 16:19:16 - INFO - Epoch 126/1000, Loss: 0.1657, Dice: 0.1301, MSE: 0.1189
2025-05-10 16:19:29 - INFO - Epoch 127/1000, Loss: 0.1834, Dice: 0.1451, MSE: 0.1277
2025-05-10 16:19:42 - INFO - Epoch 128/1000, Loss: 0.2186, Dice: 0.1793, MSE: 0.1313
2025-05-10 16:19:55 - INFO - Epoch 129/1000, Loss: 0.1949, Dice: 0.1542, MSE: 0.1359
2025-05-10 16:20:08 - INFO - Epoch 130/1000, Loss: 0.2792, Dice: 0.2406, MSE: 0.1285
2025-05-10 16:20:21 - INFO - Epoch 131/1000, Loss: 0.2045, Dice: 0.1686, MSE: 0.1194
2025-05-10 16:20:34 - INFO - Epoch 132/1000, Loss: 0.1930, Dice: 0.1558, MSE: 0.1241
2025-05-10 16:20:47 - INFO - Epoch 133/1000, Loss: 0.2427, Dice: 0.2047, MSE: 0.1270
2025-05-10 16:21:00 - INFO - Epoch 134/1000, Loss: 0.1972, Dice: 0.1606, MSE: 0.1220
2025-05-10 16:21:13 - INFO - Epoch 135/1000, Loss: 0.2060, Dice: 0.1683, MSE: 0.1256
2025-05-10 16:21:26 - INFO - Epoch 136/1000, Loss: 0.2727, Dice: 0.2318, MSE: 0.1363
2025-05-10 16:21:39 - INFO - Epoch 137/1000, Loss: 0.2047, Dice: 0.1627, MSE: 0.1399
2025-05-10 16:21:52 - INFO - Epoch 138/1000, Loss: 0.1814, Dice: 0.1471, MSE: 0.1143
2025-05-10 16:22:05 - INFO - Epoch 139/1000, Loss: 0.1645, Dice: 0.1281, MSE: 0.1213
2025-05-10 16:22:19 - INFO - Epoch 140/1000, Loss: 0.2050, Dice: 0.1627, MSE: 0.1409
2025-05-10 16:22:20 - INFO - 模型已保存至: epoch_140.pth
2025-05-10 16:22:34 - INFO - Epoch 141/1000, Loss: 0.2036, Dice: 0.1641, MSE: 0.1318
2025-05-10 16:22:47 - INFO - Epoch 142/1000, Loss: 0.2008, Dice: 0.1623, MSE: 0.1282
2025-05-10 16:23:00 - INFO - Epoch 143/1000, Loss: 0.2045, Dice: 0.1648, MSE: 0.1324
2025-05-10 16:23:14 - INFO - Epoch 144/1000, Loss: 0.2008, Dice: 0.1629, MSE: 0.1263
2025-05-10 16:23:27 - INFO - Epoch 145/1000, Loss: 0.2014, Dice: 0.1681, MSE: 0.1111
2025-05-10 16:23:41 - INFO - Epoch 146/1000, Loss: 0.1813, Dice: 0.1427, MSE: 0.1286
2025-05-10 16:23:54 - INFO - Epoch 147/1000, Loss: 0.2205, Dice: 0.1782, MSE: 0.1410
2025-05-10 16:24:06 - INFO - Epoch 148/1000, Loss: 0.1926, Dice: 0.1554, MSE: 0.1240
2025-05-10 16:24:19 - INFO - Epoch 149/1000, Loss: 0.1852, Dice: 0.1482, MSE: 0.1232
2025-05-10 16:24:32 - INFO - Epoch 150/1000, Loss: 0.1929, Dice: 0.1565, MSE: 0.1213
2025-05-10 16:24:45 - INFO - Epoch 151/1000, Loss: 0.2142, Dice: 0.1783, MSE: 0.1199
2025-05-10 16:24:58 - INFO - Epoch 152/1000, Loss: 0.1862, Dice: 0.1477, MSE: 0.1282
2025-05-10 16:25:11 - INFO - Epoch 153/1000, Loss: 0.1844, Dice: 0.1452, MSE: 0.1304
2025-05-10 16:25:24 - INFO - Epoch 154/1000, Loss: 0.2062, Dice: 0.1671, MSE: 0.1304
2025-05-10 16:25:37 - INFO - Epoch 155/1000, Loss: 0.2078, Dice: 0.1742, MSE: 0.1119
2025-05-10 16:25:50 - INFO - Epoch 156/1000, Loss: 0.1817, Dice: 0.1454, MSE: 0.1212
2025-05-10 16:26:03 - INFO - Epoch 157/1000, Loss: 0.1990, Dice: 0.1627, MSE: 0.1209
2025-05-10 16:26:16 - INFO - Epoch 158/1000, Loss: 0.1854, Dice: 0.1424, MSE: 0.1433
2025-05-10 16:26:29 - INFO - Epoch 159/1000, Loss: 0.2049, Dice: 0.1623, MSE: 0.1420
2025-05-10 16:26:42 - INFO - Epoch 160/1000, Loss: 0.2094, Dice: 0.1684, MSE: 0.1365
2025-05-10 16:26:44 - INFO - 模型已保存至: epoch_160.pth
2025-05-10 16:26:57 - INFO - Epoch 161/1000, Loss: 0.2006, Dice: 0.1638, MSE: 0.1227
2025-05-10 16:27:10 - INFO - Epoch 162/1000, Loss: 0.1969, Dice: 0.1604, MSE: 0.1217
2025-05-10 16:27:23 - INFO - Epoch 163/1000, Loss: 0.2026, Dice: 0.1666, MSE: 0.1201
2025-05-10 16:27:36 - INFO - Epoch 164/1000, Loss: 0.2257, Dice: 0.1874, MSE: 0.1275
2025-05-10 16:27:49 - INFO - Epoch 165/1000, Loss: 0.2952, Dice: 0.2524, MSE: 0.1426
2025-05-10 16:28:02 - INFO - Epoch 166/1000, Loss: 0.2084, Dice: 0.1703, MSE: 0.1268
2025-05-10 16:28:15 - INFO - Epoch 167/1000, Loss: 0.2274, Dice: 0.1937, MSE: 0.1125
2025-05-10 16:28:27 - INFO - Epoch 168/1000, Loss: 0.1954, Dice: 0.1602, MSE: 0.1174
2025-05-10 16:28:40 - INFO - Epoch 169/1000, Loss: 0.1897, Dice: 0.1539, MSE: 0.1194
2025-05-10 16:28:53 - INFO - Epoch 170/1000, Loss: 0.2091, Dice: 0.1721, MSE: 0.1236
2025-05-10 16:29:06 - INFO - Epoch 171/1000, Loss: 0.1939, Dice: 0.1496, MSE: 0.1477
2025-05-10 16:29:19 - INFO - Epoch 172/1000, Loss: 0.2098, Dice: 0.1642, MSE: 0.1519
2025-05-10 16:29:32 - INFO - Epoch 173/1000, Loss: 0.1915, Dice: 0.1529, MSE: 0.1284
2025-05-10 16:29:45 - INFO - Epoch 174/1000, Loss: 0.1917, Dice: 0.1567, MSE: 0.1169
2025-05-10 16:29:58 - INFO - Epoch 175/1000, Loss: 0.1835, Dice: 0.1485, MSE: 0.1164
2025-05-10 16:30:11 - INFO - Epoch 176/1000, Loss: 0.1942, Dice: 0.1547, MSE: 0.1316
2025-05-10 16:30:24 - INFO - Epoch 177/1000, Loss: 0.2079, Dice: 0.1729, MSE: 0.1166
2025-05-10 16:30:37 - INFO - Epoch 178/1000, Loss: 0.1535, Dice: 0.1232, MSE: 0.1010
2025-05-10 16:30:50 - INFO - Epoch 179/1000, Loss: 0.2012, Dice: 0.1665, MSE: 0.1153
2025-05-10 16:31:03 - INFO - Epoch 180/1000, Loss: 0.1954, Dice: 0.1585, MSE: 0.1230
2025-05-10 16:31:05 - INFO - 模型已保存至: epoch_180.pth
2025-05-10 16:31:18 - INFO - Epoch 181/1000, Loss: 0.1783, Dice: 0.1414, MSE: 0.1230
2025-05-10 16:31:31 - INFO - Epoch 182/1000, Loss: 0.1915, Dice: 0.1562, MSE: 0.1175
2025-05-10 16:31:44 - INFO - Epoch 183/1000, Loss: 0.2119, Dice: 0.1734, MSE: 0.1282
2025-05-10 16:31:56 - INFO - Epoch 184/1000, Loss: 0.1941, Dice: 0.1534, MSE: 0.1355
2025-05-10 16:32:10 - INFO - Epoch 185/1000, Loss: 0.1751, Dice: 0.1344, MSE: 0.1355
2025-05-10 16:32:23 - INFO - Epoch 186/1000, Loss: 0.1748, Dice: 0.1327, MSE: 0.1403
2025-05-10 16:32:35 - INFO - Epoch 187/1000, Loss: 0.2047, Dice: 0.1653, MSE: 0.1313
2025-05-10 16:32:48 - INFO - Epoch 188/1000, Loss: 0.2375, Dice: 0.1991, MSE: 0.1279
2025-05-10 16:33:01 - INFO - Epoch 189/1000, Loss: 0.1577, Dice: 0.1175, MSE: 0.1339
2025-05-10 16:33:14 - INFO - Epoch 190/1000, Loss: 0.1672, Dice: 0.1234, MSE: 0.1460
2025-05-10 16:33:27 - INFO - Epoch 191/1000, Loss: 0.1863, Dice: 0.1422, MSE: 0.1471
2025-05-10 16:33:40 - INFO - Epoch 192/1000, Loss: 0.1920, Dice: 0.1519, MSE: 0.1335
2025-05-10 16:33:53 - INFO - Epoch 193/1000, Loss: 0.1884, Dice: 0.1537, MSE: 0.1160
2025-05-10 16:34:06 - INFO - Epoch 194/1000, Loss: 0.1714, Dice: 0.1342, MSE: 0.1239
2025-05-10 16:34:19 - INFO - Epoch 195/1000, Loss: 0.1651, Dice: 0.1281, MSE: 0.1233
2025-05-10 16:34:32 - INFO - Epoch 196/1000, Loss: 0.2306, Dice: 0.1887, MSE: 0.1399
2025-05-10 16:34:45 - INFO - Epoch 197/1000, Loss: 0.3441, Dice: 0.2944, MSE: 0.1658
2025-05-10 16:34:58 - INFO - Epoch 198/1000, Loss: 0.2501, Dice: 0.2024, MSE: 0.1589
2025-05-10 16:35:11 - INFO - Epoch 199/1000, Loss: 0.2306, Dice: 0.1890, MSE: 0.1387
2025-05-10 16:35:24 - INFO - Epoch 200/1000, Loss: 0.2381, Dice: 0.2019, MSE: 0.1206
2025-05-10 16:35:25 - INFO - 模型已保存至: epoch_200.pth
2025-05-10 16:35:38 - INFO - Epoch 201/1000, Loss: 0.1917, Dice: 0.1544, MSE: 0.1245
2025-05-10 16:35:51 - INFO - Epoch 202/1000, Loss: 0.1781, Dice: 0.1380, MSE: 0.1336
2025-05-10 16:36:04 - INFO - Epoch 203/1000, Loss: 0.1784, Dice: 0.1378, MSE: 0.1353
2025-05-10 16:36:17 - INFO - Epoch 204/1000, Loss: 0.2196, Dice: 0.1795, MSE: 0.1337
2025-05-10 16:36:30 - INFO - Epoch 205/1000, Loss: 0.2658, Dice: 0.2269, MSE: 0.1299
2025-05-10 16:36:42 - INFO - Epoch 206/1000, Loss: 0.2998, Dice: 0.2565, MSE: 0.1446
2025-05-10 16:36:55 - INFO - Epoch 207/1000, Loss: 0.2874, Dice: 0.2436, MSE: 0.1459
2025-05-10 16:37:08 - INFO - Epoch 208/1000, Loss: 0.2345, Dice: 0.1912, MSE: 0.1440
2025-05-10 16:37:21 - INFO - Epoch 209/1000, Loss: 0.2116, Dice: 0.1711, MSE: 0.1348
2025-05-10 16:37:34 - INFO - Epoch 210/1000, Loss: 0.2471, Dice: 0.2112, MSE: 0.1199
2025-05-10 16:37:47 - INFO - Epoch 211/1000, Loss: 0.4008, Dice: 0.3571, MSE: 0.1459
2025-05-10 16:38:00 - INFO - Epoch 212/1000, Loss: 0.2779, Dice: 0.2287, MSE: 0.1640
2025-05-10 16:38:13 - INFO - Epoch 213/1000, Loss: 0.2556, Dice: 0.2163, MSE: 0.1310
2025-05-10 16:38:26 - INFO - Epoch 214/1000, Loss: 0.2375, Dice: 0.2022, MSE: 0.1178
2025-05-10 16:38:39 - INFO - Epoch 215/1000, Loss: 0.2019, Dice: 0.1616, MSE: 0.1341
2025-05-10 16:38:52 - INFO - Epoch 216/1000, Loss: 0.2450, Dice: 0.2026, MSE: 0.1413
2025-05-10 16:39:04 - INFO - Epoch 217/1000, Loss: 0.1875, Dice: 0.1448, MSE: 0.1422
2025-05-10 16:39:17 - INFO - Epoch 218/1000, Loss: 0.2280, Dice: 0.1843, MSE: 0.1456
2025-05-10 16:39:30 - INFO - Epoch 219/1000, Loss: 0.1899, Dice: 0.1524, MSE: 0.1251
2025-05-10 16:39:43 - INFO - Epoch 220/1000, Loss: 0.2164, Dice: 0.1803, MSE: 0.1204
2025-05-10 16:39:44 - INFO - 模型已保存至: epoch_220.pth
2025-05-10 16:39:57 - INFO - Epoch 221/1000, Loss: 0.2224, Dice: 0.1855, MSE: 0.1229
2025-05-10 16:40:10 - INFO - Epoch 222/1000, Loss: 0.1709, Dice: 0.1298, MSE: 0.1371
2025-05-10 16:40:23 - INFO - Epoch 223/1000, Loss: 0.1770, Dice: 0.1335, MSE: 0.1447
2025-05-10 16:40:36 - INFO - Epoch 224/1000, Loss: 0.1855, Dice: 0.1431, MSE: 0.1412
2025-05-10 16:40:49 - INFO - Epoch 225/1000, Loss: 0.1593, Dice: 0.1213, MSE: 0.1266
2025-05-10 16:41:01 - INFO - Epoch 226/1000, Loss: 0.1591, Dice: 0.1232, MSE: 0.1198
2025-05-10 16:41:14 - INFO - Epoch 227/1000, Loss: 0.1671, Dice: 0.1288, MSE: 0.1277
2025-05-10 16:41:27 - INFO - Epoch 228/1000, Loss: 0.1826, Dice: 0.1442, MSE: 0.1282
2025-05-10 16:41:40 - INFO - Epoch 229/1000, Loss: 0.1793, Dice: 0.1397, MSE: 0.1319
2025-05-10 16:41:53 - INFO - Epoch 230/1000, Loss: 0.1676, Dice: 0.1287, MSE: 0.1299
2025-05-10 16:42:06 - INFO - Epoch 231/1000, Loss: 0.1719, Dice: 0.1313, MSE: 0.1355
2025-05-10 16:42:19 - INFO - Epoch 232/1000, Loss: 0.1578, Dice: 0.1177, MSE: 0.1337
2025-05-10 16:42:32 - INFO - Epoch 233/1000, Loss: 0.1570, Dice: 0.1164, MSE: 0.1354
2025-05-10 16:42:45 - INFO - Epoch 234/1000, Loss: 0.1504, Dice: 0.1133, MSE: 0.1236
2025-05-10 16:42:58 - INFO - Epoch 235/1000, Loss: 0.1473, Dice: 0.1062, MSE: 0.1371
2025-05-10 16:43:11 - INFO - Epoch 236/1000, Loss: 0.1431, Dice: 0.1020, MSE: 0.1373
2025-05-10 16:43:24 - INFO - Epoch 237/1000, Loss: 0.1529, Dice: 0.1091, MSE: 0.1460
2025-05-10 16:43:37 - INFO - Epoch 238/1000, Loss: 0.1766, Dice: 0.1345, MSE: 0.1403
2025-05-10 16:43:50 - INFO - Epoch 239/1000, Loss: 0.1669, Dice: 0.1277, MSE: 0.1308
2025-05-10 16:44:02 - INFO - Epoch 240/1000, Loss: 0.1509, Dice: 0.1120, MSE: 0.1299
2025-05-10 16:44:04 - INFO - 模型已保存至: epoch_240.pth
2025-05-10 16:44:17 - INFO - Epoch 241/1000, Loss: 0.2071, Dice: 0.1674, MSE: 0.1322
2025-05-10 16:44:29 - INFO - Epoch 242/1000, Loss: 0.1466, Dice: 0.1105, MSE: 0.1203
2025-05-10 16:44:42 - INFO - Epoch 243/1000, Loss: 0.1585, Dice: 0.1198, MSE: 0.1289
2025-05-10 16:44:55 - INFO - Epoch 244/1000, Loss: 0.1761, Dice: 0.1395, MSE: 0.1220
2025-05-10 16:45:08 - INFO - Epoch 245/1000, Loss: 0.1506, Dice: 0.1183, MSE: 0.1074
2025-05-10 16:45:21 - INFO - Epoch 246/1000, Loss: 0.1523, Dice: 0.1222, MSE: 0.1001
2025-05-10 16:45:34 - INFO - Epoch 247/1000, Loss: 0.2127, Dice: 0.1823, MSE: 0.1013
2025-05-10 16:45:47 - INFO - Epoch 248/1000, Loss: 0.1563, Dice: 0.1260, MSE: 0.1010
2025-05-10 16:46:00 - INFO - Epoch 249/1000, Loss: 0.1609, Dice: 0.1279, MSE: 0.1098
2025-05-10 16:46:12 - INFO - Epoch 250/1000, Loss: 0.1529, Dice: 0.1192, MSE: 0.1123
2025-05-10 16:46:25 - INFO - Epoch 251/1000, Loss: 0.1576, Dice: 0.1245, MSE: 0.1102
2025-05-10 16:46:38 - INFO - Epoch 252/1000, Loss: 0.1655, Dice: 0.1334, MSE: 0.1071
2025-05-10 16:46:51 - INFO - Epoch 253/1000, Loss: 0.1536, Dice: 0.1220, MSE: 0.1055
2025-05-10 16:47:04 - INFO - Epoch 254/1000, Loss: 0.1405, Dice: 0.1075, MSE: 0.1100
2025-05-10 16:47:17 - INFO - Epoch 255/1000, Loss: 0.1635, Dice: 0.1290, MSE: 0.1149
2025-05-10 16:47:30 - INFO - Epoch 256/1000, Loss: 0.1384, Dice: 0.1069, MSE: 0.1051
2025-05-10 16:47:42 - INFO - Epoch 257/1000, Loss: 0.1335, Dice: 0.1008, MSE: 0.1089
2025-05-10 16:47:55 - INFO - Epoch 258/1000, Loss: 0.1357, Dice: 0.1049, MSE: 0.1025
2025-05-10 16:48:08 - INFO - Epoch 259/1000, Loss: 0.1366, Dice: 0.1046, MSE: 0.1067
2025-05-10 16:48:21 - INFO - Epoch 260/1000, Loss: 0.1286, Dice: 0.0948, MSE: 0.1128
2025-05-10 16:48:22 - INFO - 模型已保存至: epoch_260.pth
2025-05-10 16:48:35 - INFO - Epoch 261/1000, Loss: 0.1452, Dice: 0.1137, MSE: 0.1052
2025-05-10 16:48:48 - INFO - Epoch 262/1000, Loss: 0.1290, Dice: 0.0980, MSE: 0.1034
2025-05-10 16:49:01 - INFO - Epoch 263/1000, Loss: 0.1267, Dice: 0.0966, MSE: 0.1005
2025-05-10 16:49:14 - INFO - Epoch 264/1000, Loss: 0.1339, Dice: 0.1041, MSE: 0.0995
2025-05-10 16:49:27 - INFO - Epoch 265/1000, Loss: 0.1175, Dice: 0.0851, MSE: 0.1082
2025-05-10 16:49:39 - INFO - Epoch 266/1000, Loss: 0.1251, Dice: 0.0944, MSE: 0.1024
2025-05-10 16:49:52 - INFO - Epoch 267/1000, Loss: 0.1350, Dice: 0.1034, MSE: 0.1053
2025-05-10 16:50:05 - INFO - Epoch 268/1000, Loss: 0.1161, Dice: 0.0878, MSE: 0.0942
2025-05-10 16:50:18 - INFO - Epoch 269/1000, Loss: 0.1316, Dice: 0.0977, MSE: 0.1130
2025-05-10 16:50:31 - INFO - Epoch 270/1000, Loss: 0.1337, Dice: 0.0980, MSE: 0.1189
2025-05-10 16:50:44 - INFO - Epoch 271/1000, Loss: 0.1414, Dice: 0.1081, MSE: 0.1111
2025-05-10 16:50:57 - INFO - Epoch 272/1000, Loss: 0.1317, Dice: 0.0990, MSE: 0.1090
2025-05-10 16:51:10 - INFO - Epoch 273/1000, Loss: 0.1301, Dice: 0.0983, MSE: 0.1061
2025-05-10 16:51:23 - INFO - Epoch 274/1000, Loss: 0.1405, Dice: 0.1102, MSE: 0.1010
2025-05-10 16:51:36 - INFO - Epoch 275/1000, Loss: 0.1521, Dice: 0.1046, MSE: 0.1582
2025-05-10 16:51:49 - INFO - Epoch 276/1000, Loss: 0.1480, Dice: 0.1141, MSE: 0.1127
2025-05-10 16:52:01 - INFO - Epoch 277/1000, Loss: 0.1828, Dice: 0.1478, MSE: 0.1167
2025-05-10 16:52:14 - INFO - Epoch 278/1000, Loss: 0.2097, Dice: 0.1707, MSE: 0.1300
2025-05-10 16:52:27 - INFO - Epoch 279/1000, Loss: 0.1627, Dice: 0.1221, MSE: 0.1354
2025-05-10 16:52:40 - INFO - Epoch 280/1000, Loss: 0.1497, Dice: 0.1065, MSE: 0.1441
2025-05-10 16:52:41 - INFO - 模型已保存至: epoch_280.pth
2025-05-10 16:52:54 - INFO - Epoch 281/1000, Loss: 0.1562, Dice: 0.1128, MSE: 0.1445
2025-05-10 16:53:07 - INFO - Epoch 282/1000, Loss: 0.1439, Dice: 0.1014, MSE: 0.1415
2025-05-10 16:53:20 - INFO - Epoch 283/1000, Loss: 0.1364, Dice: 0.0983, MSE: 0.1271
2025-05-10 16:53:33 - INFO - Epoch 284/1000, Loss: 0.1444, Dice: 0.1010, MSE: 0.1445
2025-05-10 16:53:45 - INFO - Epoch 285/1000, Loss: 0.1847, Dice: 0.1426, MSE: 0.1402
2025-05-10 16:53:58 - INFO - Epoch 286/1000, Loss: 0.1668, Dice: 0.1264, MSE: 0.1345
2025-05-10 16:54:11 - INFO - Epoch 287/1000, Loss: 0.1878, Dice: 0.1496, MSE: 0.1271
2025-05-10 16:54:24 - INFO - Epoch 288/1000, Loss: 0.1441, Dice: 0.1042, MSE: 0.1330
2025-05-10 16:54:37 - INFO - Epoch 289/1000, Loss: 0.1535, Dice: 0.1152, MSE: 0.1276
2025-05-10 16:54:50 - INFO - Epoch 290/1000, Loss: 0.1363, Dice: 0.0962, MSE: 0.1337
2025-05-10 16:55:02 - INFO - Epoch 291/1000, Loss: 0.1339, Dice: 0.0951, MSE: 0.1293
2025-05-10 16:55:15 - INFO - Epoch 292/1000, Loss: 0.1951, Dice: 0.1539, MSE: 0.1376
2025-05-10 16:55:28 - INFO - Epoch 293/1000, Loss: 0.1259, Dice: 0.0849, MSE: 0.1367
2025-05-10 16:55:41 - INFO - Epoch 294/1000, Loss: 0.1361, Dice: 0.0947, MSE: 0.1378
2025-05-10 16:55:54 - INFO - Epoch 295/1000, Loss: 0.1441, Dice: 0.1008, MSE: 0.1444
2025-05-10 16:56:07 - INFO - Epoch 296/1000, Loss: 0.2118, Dice: 0.1735, MSE: 0.1277
2025-05-10 16:56:20 - INFO - Epoch 297/1000, Loss: 0.1170, Dice: 0.0788, MSE: 0.1273
2025-05-10 16:56:33 - INFO - Epoch 298/1000, Loss: 0.1345, Dice: 0.0963, MSE: 0.1273
2025-05-10 16:56:46 - INFO - Epoch 299/1000, Loss: 0.1279, Dice: 0.0888, MSE: 0.1301
2025-05-10 16:56:59 - INFO - Epoch 300/1000, Loss: 0.1254, Dice: 0.0865, MSE: 0.1295
2025-05-10 16:57:00 - INFO - 模型已保存至: epoch_300.pth
2025-05-10 16:57:13 - INFO - Epoch 301/1000, Loss: 0.1217, Dice: 0.0822, MSE: 0.1316
2025-05-10 16:57:26 - INFO - Epoch 302/1000, Loss: 0.1316, Dice: 0.0923, MSE: 0.1311
2025-05-10 16:57:39 - INFO - Epoch 303/1000, Loss: 0.1235, Dice: 0.0827, MSE: 0.1360
2025-05-10 16:57:52 - INFO - Epoch 304/1000, Loss: 0.1372, Dice: 0.0969, MSE: 0.1341
2025-05-10 16:58:04 - INFO - Epoch 305/1000, Loss: 0.1326, Dice: 0.0915, MSE: 0.1367
2025-05-10 16:58:17 - INFO - Epoch 306/1000, Loss: 0.1402, Dice: 0.1009, MSE: 0.1310
2025-05-10 16:58:30 - INFO - Epoch 307/1000, Loss: 0.1322, Dice: 0.0906, MSE: 0.1388
2025-05-10 16:58:43 - INFO - Epoch 308/1000, Loss: 0.1690, Dice: 0.1281, MSE: 0.1366
2025-05-10 16:58:56 - INFO - Epoch 309/1000, Loss: 0.1252, Dice: 0.0874, MSE: 0.1260
2025-05-10 16:59:09 - INFO - Epoch 310/1000, Loss: 0.1320, Dice: 0.0922, MSE: 0.1329
2025-05-10 16:59:22 - INFO - Epoch 311/1000, Loss: 0.1569, Dice: 0.1156, MSE: 0.1377
2025-05-10 16:59:34 - INFO - Epoch 312/1000, Loss: 0.1193, Dice: 0.0813, MSE: 0.1264
2025-05-10 16:59:47 - INFO - Epoch 313/1000, Loss: 0.1244, Dice: 0.0867, MSE: 0.1257
2025-05-10 17:00:00 - INFO - Epoch 314/1000, Loss: 0.1429, Dice: 0.1028, MSE: 0.1337
2025-05-10 17:00:13 - INFO - Epoch 315/1000, Loss: 0.1843, Dice: 0.1441, MSE: 0.1339
2025-05-10 17:00:26 - INFO - Epoch 316/1000, Loss: 0.1154, Dice: 0.0770, MSE: 0.1278
2025-05-10 17:00:39 - INFO - Epoch 317/1000, Loss: 0.1260, Dice: 0.0857, MSE: 0.1346
2025-05-10 17:00:51 - INFO - Epoch 318/1000, Loss: 0.1245, Dice: 0.0849, MSE: 0.1321
2025-05-10 17:01:04 - INFO - Epoch 319/1000, Loss: 0.1263, Dice: 0.0870, MSE: 0.1311
2025-05-10 17:01:17 - INFO - Epoch 320/1000, Loss: 0.1244, Dice: 0.0808, MSE: 0.1454
2025-05-10 17:01:19 - INFO - 模型已保存至: epoch_320.pth
2025-05-10 17:01:31 - INFO - Epoch 321/1000, Loss: 0.1171, Dice: 0.0756, MSE: 0.1381
2025-05-10 17:01:45 - INFO - Epoch 322/1000, Loss: 0.1162, Dice: 0.0779, MSE: 0.1276
2025-05-10 17:01:58 - INFO - Epoch 323/1000, Loss: 0.1262, Dice: 0.0877, MSE: 0.1286
2025-05-10 17:02:11 - INFO - Epoch 324/1000, Loss: 0.1308, Dice: 0.0882, MSE: 0.1419
2025-05-10 17:02:24 - INFO - Epoch 325/1000, Loss: 0.1375, Dice: 0.0961, MSE: 0.1380
2025-05-10 17:02:37 - INFO - Epoch 326/1000, Loss: 0.1503, Dice: 0.1130, MSE: 0.1241
2025-05-10 17:02:50 - INFO - Epoch 327/1000, Loss: 0.1520, Dice: 0.1132, MSE: 0.1294
2025-05-10 17:03:03 - INFO - Epoch 328/1000, Loss: 0.1441, Dice: 0.1040, MSE: 0.1338
2025-05-10 17:03:16 - INFO - Epoch 329/1000, Loss: 0.1478, Dice: 0.1070, MSE: 0.1362
2025-05-10 17:03:29 - INFO - Epoch 330/1000, Loss: 0.1472, Dice: 0.1050, MSE: 0.1407
2025-05-10 17:03:42 - INFO - Epoch 331/1000, Loss: 0.1412, Dice: 0.1033, MSE: 0.1262
2025-05-10 17:03:55 - INFO - Epoch 332/1000, Loss: 0.1279, Dice: 0.0945, MSE: 0.1112
2025-05-10 17:04:08 - INFO - Epoch 333/1000, Loss: 0.1428, Dice: 0.1111, MSE: 0.1056
2025-05-10 17:04:21 - INFO - Epoch 334/1000, Loss: 0.1917, Dice: 0.1581, MSE: 0.1118
2025-05-10 17:04:34 - INFO - Epoch 335/1000, Loss: 0.1361, Dice: 0.0911, MSE: 0.1500
2025-05-10 17:04:47 - INFO - Epoch 336/1000, Loss: 0.1438, Dice: 0.1041, MSE: 0.1324
2025-05-10 17:04:59 - INFO - Epoch 337/1000, Loss: 0.1787, Dice: 0.1403, MSE: 0.1278
2025-05-10 17:05:12 - INFO - Epoch 338/1000, Loss: 0.1362, Dice: 0.0958, MSE: 0.1346
2025-05-10 17:05:25 - INFO - Epoch 339/1000, Loss: 0.1231, Dice: 0.0819, MSE: 0.1372
2025-05-10 17:05:38 - INFO - Epoch 340/1000, Loss: 0.1677, Dice: 0.1263, MSE: 0.1380
2025-05-10 17:05:39 - INFO - 模型已保存至: epoch_340.pth
2025-05-10 17:05:52 - INFO - Epoch 341/1000, Loss: 0.1510, Dice: 0.1083, MSE: 0.1423
2025-05-10 17:06:05 - INFO - Epoch 342/1000, Loss: 0.1462, Dice: 0.1053, MSE: 0.1366
2025-05-10 17:06:18 - INFO - Epoch 343/1000, Loss: 0.1479, Dice: 0.1073, MSE: 0.1354
2025-05-10 17:06:31 - INFO - Epoch 344/1000, Loss: 0.1751, Dice: 0.1322, MSE: 0.1432
2025-05-10 17:06:44 - INFO - Epoch 345/1000, Loss: 0.1996, Dice: 0.1584, MSE: 0.1372
2025-05-10 17:06:57 - INFO - Epoch 346/1000, Loss: 0.1351, Dice: 0.0929, MSE: 0.1405
2025-05-10 17:07:09 - INFO - Epoch 347/1000, Loss: 0.1415, Dice: 0.1023, MSE: 0.1309
2025-05-10 17:07:22 - INFO - Epoch 348/1000, Loss: 0.1382, Dice: 0.0958, MSE: 0.1411
2025-05-10 17:07:35 - INFO - Epoch 349/1000, Loss: 0.1377, Dice: 0.0952, MSE: 0.1417
2025-05-10 17:07:48 - INFO - Epoch 350/1000, Loss: 0.1280, Dice: 0.0860, MSE: 0.1399
2025-05-10 17:08:01 - INFO - Epoch 351/1000, Loss: 0.1291, Dice: 0.0897, MSE: 0.1313
2025-05-10 17:08:14 - INFO - Epoch 352/1000, Loss: 0.1219, Dice: 0.0804, MSE: 0.1385
2025-05-10 17:08:27 - INFO - Epoch 353/1000, Loss: 0.1168, Dice: 0.0779, MSE: 0.1296
2025-05-10 17:08:39 - INFO - Epoch 354/1000, Loss: 0.1376, Dice: 0.0991, MSE: 0.1283
2025-05-10 17:08:52 - INFO - Epoch 355/1000, Loss: 0.1229, Dice: 0.0819, MSE: 0.1365
2025-05-10 17:09:05 - INFO - Epoch 356/1000, Loss: 0.1434, Dice: 0.1000, MSE: 0.1445
2025-05-10 17:09:18 - INFO - Epoch 357/1000, Loss: 0.1344, Dice: 0.0921, MSE: 0.1412
2025-05-10 17:09:30 - INFO - Epoch 358/1000, Loss: 0.1239, Dice: 0.0845, MSE: 0.1315
2025-05-10 17:09:43 - INFO - Epoch 359/1000, Loss: 0.1227, Dice: 0.0797, MSE: 0.1431
2025-05-10 17:09:56 - INFO - Epoch 360/1000, Loss: 0.1846, Dice: 0.1415, MSE: 0.1437
2025-05-10 17:09:58 - INFO - 模型已保存至: epoch_360.pth
2025-05-10 17:10:10 - INFO - Epoch 361/1000, Loss: 0.1207, Dice: 0.0818, MSE: 0.1296
2025-05-10 17:10:23 - INFO - Epoch 362/1000, Loss: 0.1440, Dice: 0.1029, MSE: 0.1369
2025-05-10 17:10:36 - INFO - Epoch 363/1000, Loss: 0.1234, Dice: 0.0843, MSE: 0.1304
2025-05-10 17:10:49 - INFO - Epoch 364/1000, Loss: 0.1412, Dice: 0.1016, MSE: 0.1322
2025-05-10 17:11:02 - INFO - Epoch 365/1000, Loss: 0.1324, Dice: 0.0929, MSE: 0.1316
2025-05-10 17:11:15 - INFO - Epoch 366/1000, Loss: 0.1344, Dice: 0.0913, MSE: 0.1438
2025-05-10 17:11:28 - INFO - Epoch 367/1000, Loss: 0.1266, Dice: 0.0854, MSE: 0.1374
2025-05-10 17:11:41 - INFO - Epoch 368/1000, Loss: 0.1277, Dice: 0.0896, MSE: 0.1270
2025-05-10 17:11:53 - INFO - Epoch 369/1000, Loss: 0.1416, Dice: 0.0996, MSE: 0.1398
2025-05-10 17:12:06 - INFO - Epoch 370/1000, Loss: 0.1333, Dice: 0.0920, MSE: 0.1375
2025-05-10 17:12:19 - INFO - Epoch 371/1000, Loss: 0.1415, Dice: 0.1009, MSE: 0.1355
2025-05-10 17:12:32 - INFO - Epoch 372/1000, Loss: 0.1890, Dice: 0.1538, MSE: 0.1173
2025-05-10 17:12:44 - INFO - Epoch 373/1000, Loss: 0.1150, Dice: 0.0814, MSE: 0.1120
2025-05-10 17:12:57 - INFO - Epoch 374/1000, Loss: 0.1151, Dice: 0.0844, MSE: 0.1025
2025-05-10 17:13:10 - INFO - Epoch 375/1000, Loss: 0.1410, Dice: 0.1121, MSE: 0.0966
2025-05-10 17:13:23 - INFO - Epoch 376/1000, Loss: 0.1459, Dice: 0.1170, MSE: 0.0961
2025-05-10 17:13:36 - INFO - Epoch 377/1000, Loss: 0.1402, Dice: 0.1122, MSE: 0.0934
2025-05-10 17:13:49 - INFO - Epoch 378/1000, Loss: 0.1241, Dice: 0.0990, MSE: 0.0839
2025-05-10 17:14:01 - INFO - Epoch 379/1000, Loss: 0.1410, Dice: 0.1192, MSE: 0.0729
2025-05-10 17:14:14 - INFO - Epoch 380/1000, Loss: 0.1341, Dice: 0.1088, MSE: 0.0844
2025-05-10 17:14:15 - INFO - 模型已保存至: epoch_380.pth
2025-05-10 17:14:28 - INFO - Epoch 381/1000, Loss: 0.1236, Dice: 0.0971, MSE: 0.0886
2025-05-10 17:14:41 - INFO - Epoch 382/1000, Loss: 0.1286, Dice: 0.1033, MSE: 0.0842
2025-05-10 17:14:54 - INFO - Epoch 383/1000, Loss: 0.1156, Dice: 0.0928, MSE: 0.0758
2025-05-10 17:15:07 - INFO - Epoch 384/1000, Loss: 0.1078, Dice: 0.0847, MSE: 0.0771
2025-05-10 17:15:20 - INFO - Epoch 385/1000, Loss: 0.1159, Dice: 0.0917, MSE: 0.0806
2025-05-10 17:15:32 - INFO - Epoch 386/1000, Loss: 0.1071, Dice: 0.0833, MSE: 0.0796
2025-05-10 17:15:45 - INFO - Epoch 387/1000, Loss: 0.1094, Dice: 0.0844, MSE: 0.0835
2025-05-10 17:15:58 - INFO - Epoch 388/1000, Loss: 0.1263, Dice: 0.1020, MSE: 0.0807
2025-05-10 17:16:11 - INFO - Epoch 389/1000, Loss: 0.1100, Dice: 0.0878, MSE: 0.0739
2025-05-10 17:16:24 - INFO - Epoch 390/1000, Loss: 0.1699, Dice: 0.1470, MSE: 0.0765
2025-05-10 17:16:36 - INFO - Epoch 391/1000, Loss: 0.1175, Dice: 0.0936, MSE: 0.0798
2025-05-10 17:16:49 - INFO - Epoch 392/1000, Loss: 0.1120, Dice: 0.0905, MSE: 0.0716
2025-05-10 17:17:02 - INFO - Epoch 393/1000, Loss: 0.1197, Dice: 0.0981, MSE: 0.0721
2025-05-10 17:17:15 - INFO - Epoch 394/1000, Loss: 0.1223, Dice: 0.1007, MSE: 0.0721
2025-05-10 17:17:28 - INFO - Epoch 395/1000, Loss: 0.1218, Dice: 0.0985, MSE: 0.0777
2025-05-10 17:17:41 - INFO - Epoch 396/1000, Loss: 0.1302, Dice: 0.1090, MSE: 0.0704
2025-05-10 17:17:54 - INFO - Epoch 397/1000, Loss: 0.1007, Dice: 0.0801, MSE: 0.0685
2025-05-10 17:18:07 - INFO - Epoch 398/1000, Loss: 0.1106, Dice: 0.0891, MSE: 0.0714
2025-05-10 17:18:19 - INFO - Epoch 399/1000, Loss: 0.1442, Dice: 0.1269, MSE: 0.0577
2025-05-10 17:18:32 - INFO - Epoch 400/1000, Loss: 0.1242, Dice: 0.1062, MSE: 0.0602
2025-05-10 17:18:34 - INFO - 模型已保存至: epoch_400.pth
2025-05-10 17:18:46 - INFO - Epoch 401/1000, Loss: 0.1230, Dice: 0.1041, MSE: 0.0631
2025-05-10 17:18:59 - INFO - Epoch 402/1000, Loss: 0.1345, Dice: 0.1155, MSE: 0.0632
2025-05-10 17:19:12 - INFO - Epoch 403/1000, Loss: 0.2553, Dice: 0.2353, MSE: 0.0668
2025-05-10 17:19:25 - INFO - Epoch 404/1000, Loss: 0.1890, Dice: 0.1704, MSE: 0.0621
2025-05-10 17:19:38 - INFO - Epoch 405/1000, Loss: 0.1788, Dice: 0.1618, MSE: 0.0568
2025-05-10 17:19:51 - INFO - Epoch 406/1000, Loss: 0.1952, Dice: 0.1776, MSE: 0.0584
2025-05-10 17:20:03 - INFO - Epoch 407/1000, Loss: 0.1894, Dice: 0.1736, MSE: 0.0528
2025-05-10 17:20:17 - INFO - Epoch 408/1000, Loss: 0.1797, Dice: 0.1647, MSE: 0.0501
2025-05-10 17:20:29 - INFO - Epoch 409/1000, Loss: 0.1833, Dice: 0.1700, MSE: 0.0444
2025-05-10 17:20:42 - INFO - Epoch 410/1000, Loss: 0.1999, Dice: 0.1837, MSE: 0.0540
2025-05-10 17:20:55 - INFO - Epoch 411/1000, Loss: 0.1468, Dice: 0.1292, MSE: 0.0586
2025-05-10 17:21:08 - INFO - Epoch 412/1000, Loss: 0.1394, Dice: 0.1239, MSE: 0.0519
2025-05-10 17:21:21 - INFO - Epoch 413/1000, Loss: 0.1541, Dice: 0.1385, MSE: 0.0521
2025-05-10 17:21:34 - INFO - Epoch 414/1000, Loss: 0.2185, Dice: 0.2013, MSE: 0.0575
2025-05-10 17:21:47 - INFO - Epoch 415/1000, Loss: 0.1355, Dice: 0.1188, MSE: 0.0558
2025-05-10 17:22:00 - INFO - Epoch 416/1000, Loss: 0.1824, Dice: 0.1667, MSE: 0.0524
2025-05-10 17:22:13 - INFO - Epoch 417/1000, Loss: 0.1204, Dice: 0.1037, MSE: 0.0557
2025-05-10 17:22:26 - INFO - Epoch 418/1000, Loss: 0.1351, Dice: 0.1188, MSE: 0.0545
2025-05-10 17:22:38 - INFO - Epoch 419/1000, Loss: 0.1282, Dice: 0.1134, MSE: 0.0493
2025-05-10 17:22:51 - INFO - Epoch 420/1000, Loss: 0.1374, Dice: 0.1225, MSE: 0.0494
2025-05-10 17:22:52 - INFO - 模型已保存至: epoch_420.pth
2025-05-10 17:23:05 - INFO - Epoch 421/1000, Loss: 0.1190, Dice: 0.1031, MSE: 0.0531
2025-05-10 17:23:18 - INFO - Epoch 422/1000, Loss: 0.1173, Dice: 0.1006, MSE: 0.0557
2025-05-10 17:23:31 - INFO - Epoch 423/1000, Loss: 0.1185, Dice: 0.1034, MSE: 0.0504
2025-05-10 17:23:43 - INFO - Epoch 424/1000, Loss: 0.1632, Dice: 0.1453, MSE: 0.0597
2025-05-10 17:23:56 - INFO - Epoch 425/1000, Loss: 0.1255, Dice: 0.1095, MSE: 0.0533
2025-05-10 17:24:09 - INFO - Epoch 426/1000, Loss: 0.1199, Dice: 0.1046, MSE: 0.0508
2025-05-10 17:24:22 - INFO - Epoch 427/1000, Loss: 0.1101, Dice: 0.0945, MSE: 0.0520
2025-05-10 17:24:35 - INFO - Epoch 428/1000, Loss: 0.1216, Dice: 0.1071, MSE: 0.0485
2025-05-10 17:24:48 - INFO - Epoch 429/1000, Loss: 0.0986, Dice: 0.0821, MSE: 0.0551
2025-05-10 17:25:01 - INFO - Epoch 430/1000, Loss: 0.0990, Dice: 0.0829, MSE: 0.0536
2025-05-10 17:25:14 - INFO - Epoch 431/1000, Loss: 0.1109, Dice: 0.0955, MSE: 0.0516
2025-05-10 17:25:26 - INFO - Epoch 432/1000, Loss: 0.0972, Dice: 0.0814, MSE: 0.0527
2025-05-10 17:25:39 - INFO - Epoch 433/1000, Loss: 0.1222, Dice: 0.1052, MSE: 0.0566
2025-05-10 17:25:52 - INFO - Epoch 434/1000, Loss: 0.1142, Dice: 0.0982, MSE: 0.0532
2025-05-10 17:26:05 - INFO - Epoch 435/1000, Loss: 0.1160, Dice: 0.1002, MSE: 0.0525
2025-05-10 17:26:18 - INFO - Epoch 436/1000, Loss: 0.1322, Dice: 0.1020, MSE: 0.1007
2025-05-10 17:26:31 - INFO - Epoch 437/1000, Loss: 0.1168, Dice: 0.0836, MSE: 0.1106
2025-05-10 17:26:43 - INFO - Epoch 438/1000, Loss: 0.1161, Dice: 0.0854, MSE: 0.1023
2025-05-10 17:26:56 - INFO - Epoch 439/1000, Loss: 0.1226, Dice: 0.0898, MSE: 0.1093
2025-05-10 17:27:09 - INFO - Epoch 440/1000, Loss: 0.1312, Dice: 0.0971, MSE: 0.1137
2025-05-10 17:27:11 - INFO - 模型已保存至: epoch_440.pth
2025-05-10 17:27:24 - INFO - Epoch 441/1000, Loss: 0.1040, Dice: 0.0709, MSE: 0.1102
2025-05-10 17:27:36 - INFO - Epoch 442/1000, Loss: 0.1157, Dice: 0.0827, MSE: 0.1099
2025-05-10 17:27:49 - INFO - Epoch 443/1000, Loss: 0.1477, Dice: 0.1174, MSE: 0.1011
2025-05-10 17:28:02 - INFO - Epoch 444/1000, Loss: 0.0952, Dice: 0.0682, MSE: 0.0900
2025-05-10 17:28:15 - INFO - Epoch 445/1000, Loss: 0.1047, Dice: 0.0780, MSE: 0.0890
2025-05-10 17:28:28 - INFO - Epoch 446/1000, Loss: 0.1579, Dice: 0.1312, MSE: 0.0892
2025-05-10 17:28:41 - INFO - Epoch 447/1000, Loss: 0.1449, Dice: 0.1209, MSE: 0.0801
2025-05-10 17:28:54 - INFO - Epoch 448/1000, Loss: 0.1465, Dice: 0.1226, MSE: 0.0798
2025-05-10 17:29:06 - INFO - Epoch 449/1000, Loss: 0.1081, Dice: 0.0853, MSE: 0.0761
2025-05-10 17:29:19 - INFO - Epoch 450/1000, Loss: 0.1133, Dice: 0.0889, MSE: 0.0813
2025-05-10 17:29:32 - INFO - Epoch 451/1000, Loss: 0.1236, Dice: 0.1015, MSE: 0.0739
2025-05-10 17:29:45 - INFO - Epoch 452/1000, Loss: 0.1093, Dice: 0.0840, MSE: 0.0843
2025-05-10 17:29:58 - INFO - Epoch 453/1000, Loss: 0.1054, Dice: 0.0803, MSE: 0.0837
2025-05-10 17:30:11 - INFO - Epoch 454/1000, Loss: 0.0980, Dice: 0.0734, MSE: 0.0821
2025-05-10 17:30:24 - INFO - Epoch 455/1000, Loss: 0.1261, Dice: 0.1018, MSE: 0.0810
2025-05-10 17:30:37 - INFO - Epoch 456/1000, Loss: 0.2060, Dice: 0.1815, MSE: 0.0818
2025-05-10 17:30:49 - INFO - Epoch 457/1000, Loss: 0.2137, Dice: 0.1920, MSE: 0.0722
2025-05-10 17:31:02 - INFO - Epoch 458/1000, Loss: 0.3586, Dice: 0.3368, MSE: 0.0727
2025-05-10 17:31:15 - INFO - Epoch 459/1000, Loss: 0.2431, Dice: 0.2255, MSE: 0.0590
2025-05-10 17:31:28 - INFO - Epoch 460/1000, Loss: 0.2132, Dice: 0.1958, MSE: 0.0579
2025-05-10 17:31:29 - INFO - 模型已保存至: epoch_460.pth
2025-05-10 17:31:42 - INFO - Epoch 461/1000, Loss: 0.1863, Dice: 0.1682, MSE: 0.0602
2025-05-10 17:31:55 - INFO - Epoch 462/1000, Loss: 0.1492, Dice: 0.1328, MSE: 0.0547
2025-05-10 17:32:08 - INFO - Epoch 463/1000, Loss: 0.1330, Dice: 0.1148, MSE: 0.0606
2025-05-10 17:32:21 - INFO - Epoch 464/1000, Loss: 0.1270, Dice: 0.1074, MSE: 0.0654
2025-05-10 17:32:34 - INFO - Epoch 465/1000, Loss: 0.1440, Dice: 0.1215, MSE: 0.0750
2025-05-10 17:32:47 - INFO - Epoch 466/1000, Loss: 0.1291, Dice: 0.1081, MSE: 0.0701
2025-05-10 17:32:59 - INFO - Epoch 467/1000, Loss: 0.1257, Dice: 0.1089, MSE: 0.0562
2025-05-10 17:33:12 - INFO - Epoch 468/1000, Loss: 0.1141, Dice: 0.0965, MSE: 0.0587
2025-05-10 17:33:25 - INFO - Epoch 469/1000, Loss: 0.1166, Dice: 0.1006, MSE: 0.0535
2025-05-10 17:33:38 - INFO - Epoch 470/1000, Loss: 0.1225, Dice: 0.1068, MSE: 0.0523
2025-05-10 17:33:51 - INFO - Epoch 471/1000, Loss: 0.1415, Dice: 0.1251, MSE: 0.0549
2025-05-10 17:34:04 - INFO - Epoch 472/1000, Loss: 0.1211, Dice: 0.1035, MSE: 0.0588
2025-05-10 17:34:17 - INFO - Epoch 473/1000, Loss: 0.1061, Dice: 0.0904, MSE: 0.0524
2025-05-10 17:34:29 - INFO - Epoch 474/1000, Loss: 0.1099, Dice: 0.0944, MSE: 0.0516
2025-05-10 17:34:42 - INFO - Epoch 475/1000, Loss: 0.1251, Dice: 0.1101, MSE: 0.0500
2025-05-10 17:34:55 - INFO - Epoch 476/1000, Loss: 0.1076, Dice: 0.0912, MSE: 0.0549
2025-05-10 17:35:08 - INFO - Epoch 477/1000, Loss: 0.1180, Dice: 0.1000, MSE: 0.0601
2025-05-10 17:35:21 - INFO - Epoch 478/1000, Loss: 0.1025, Dice: 0.0856, MSE: 0.0562
2025-05-10 17:35:34 - INFO - Epoch 479/1000, Loss: 0.1533, Dice: 0.1347, MSE: 0.0620
2025-05-10 17:35:46 - INFO - Epoch 480/1000, Loss: 0.1225, Dice: 0.1071, MSE: 0.0512
2025-05-10 17:35:48 - INFO - 模型已保存至: epoch_480.pth
2025-05-10 17:36:00 - INFO - Epoch 481/1000, Loss: 0.1080, Dice: 0.0935, MSE: 0.0485
2025-05-10 17:36:13 - INFO - Epoch 482/1000, Loss: 0.0980, Dice: 0.0819, MSE: 0.0537
2025-05-10 17:36:26 - INFO - Epoch 483/1000, Loss: 0.1030, Dice: 0.0863, MSE: 0.0557
2025-05-10 17:36:39 - INFO - Epoch 484/1000, Loss: 0.1224, Dice: 0.1046, MSE: 0.0594
2025-05-10 17:36:52 - INFO - Epoch 485/1000, Loss: 0.1057, Dice: 0.0882, MSE: 0.0582
2025-05-10 17:37:04 - INFO - Epoch 486/1000, Loss: 0.1348, Dice: 0.1190, MSE: 0.0526
2025-05-10 17:37:17 - INFO - Epoch 487/1000, Loss: 0.0964, Dice: 0.0812, MSE: 0.0504
2025-05-10 17:37:30 - INFO - Epoch 488/1000, Loss: 0.1009, Dice: 0.0849, MSE: 0.0532
2025-05-10 17:37:43 - INFO - Epoch 489/1000, Loss: 0.1074, Dice: 0.0916, MSE: 0.0529
2025-05-10 17:37:56 - INFO - Epoch 490/1000, Loss: 0.1063, Dice: 0.0904, MSE: 0.0530
2025-05-10 17:38:09 - INFO - Epoch 491/1000, Loss: 0.1082, Dice: 0.0926, MSE: 0.0520
2025-05-10 17:38:22 - INFO - Epoch 492/1000, Loss: 0.0946, Dice: 0.0796, MSE: 0.0498
2025-05-10 17:38:34 - INFO - Epoch 493/1000, Loss: 0.1049, Dice: 0.0899, MSE: 0.0503
2025-05-10 17:38:47 - INFO - Epoch 494/1000, Loss: 0.1049, Dice: 0.0908, MSE: 0.0472
2025-05-10 17:39:00 - INFO - Epoch 495/1000, Loss: 0.1061, Dice: 0.0920, MSE: 0.0467
2025-05-10 17:39:13 - INFO - Epoch 496/1000, Loss: 0.0893, Dice: 0.0758, MSE: 0.0451
2025-05-10 17:39:26 - INFO - Epoch 497/1000, Loss: 0.0873, Dice: 0.0721, MSE: 0.0509
2025-05-10 17:39:39 - INFO - Epoch 498/1000, Loss: 0.0945, Dice: 0.0785, MSE: 0.0533
2025-05-10 17:39:52 - INFO - Epoch 499/1000, Loss: 0.0943, Dice: 0.0781, MSE: 0.0542
2025-05-10 17:40:04 - INFO - Epoch 500/1000, Loss: 0.0956, Dice: 0.0794, MSE: 0.0537
2025-05-10 17:40:06 - INFO - 模型已保存至: epoch_500.pth
2025-05-10 17:40:19 - INFO - Epoch 501/1000, Loss: 0.0919, Dice: 0.0760, MSE: 0.0529
2025-05-10 17:40:31 - INFO - Epoch 502/1000, Loss: 0.0962, Dice: 0.0814, MSE: 0.0493
2025-05-10 17:40:44 - INFO - Epoch 503/1000, Loss: 0.0970, Dice: 0.0822, MSE: 0.0494
2025-05-10 17:40:57 - INFO - Epoch 504/1000, Loss: 0.1008, Dice: 0.0863, MSE: 0.0485
2025-05-10 17:41:10 - INFO - Epoch 505/1000, Loss: 0.0990, Dice: 0.0848, MSE: 0.0473
2025-05-10 17:41:23 - INFO - Epoch 506/1000, Loss: 0.1281, Dice: 0.1137, MSE: 0.0479
2025-05-10 17:41:36 - INFO - Epoch 507/1000, Loss: 0.1056, Dice: 0.0910, MSE: 0.0486
2025-05-10 17:41:49 - INFO - Epoch 508/1000, Loss: 0.1013, Dice: 0.0860, MSE: 0.0508
2025-05-10 17:42:01 - INFO - Epoch 509/1000, Loss: 0.0921, Dice: 0.0778, MSE: 0.0476
2025-05-10 17:42:14 - INFO - Epoch 510/1000, Loss: 0.0903, Dice: 0.0759, MSE: 0.0479
2025-05-10 17:42:27 - INFO - Epoch 511/1000, Loss: 0.0943, Dice: 0.0788, MSE: 0.0519
2025-05-10 17:42:40 - INFO - Epoch 512/1000, Loss: 0.1024, Dice: 0.0871, MSE: 0.0509
2025-05-10 17:42:53 - INFO - Epoch 513/1000, Loss: 0.0950, Dice: 0.0808, MSE: 0.0476
2025-05-10 17:43:06 - INFO - Epoch 514/1000, Loss: 0.0894, Dice: 0.0761, MSE: 0.0446
2025-05-10 17:43:18 - INFO - Epoch 515/1000, Loss: 0.1532, Dice: 0.1390, MSE: 0.0474
2025-05-10 17:43:31 - INFO - Epoch 516/1000, Loss: 0.0868, Dice: 0.0713, MSE: 0.0518
2025-05-10 17:43:44 - INFO - Epoch 517/1000, Loss: 0.0884, Dice: 0.0735, MSE: 0.0497
2025-05-10 17:43:57 - INFO - Epoch 518/1000, Loss: 0.0969, Dice: 0.0823, MSE: 0.0486
2025-05-10 17:44:10 - INFO - Epoch 519/1000, Loss: 0.0972, Dice: 0.0831, MSE: 0.0469
2025-05-10 17:44:23 - INFO - Epoch 520/1000, Loss: 0.0901, Dice: 0.0751, MSE: 0.0501
2025-05-10 17:44:24 - INFO - 模型已保存至: epoch_520.pth
2025-05-10 17:44:37 - INFO - Epoch 521/1000, Loss: 0.1055, Dice: 0.0726, MSE: 0.1096
2025-05-10 17:44:50 - INFO - Epoch 522/1000, Loss: 0.1068, Dice: 0.0748, MSE: 0.1066
2025-05-10 17:45:03 - INFO - Epoch 523/1000, Loss: 0.0962, Dice: 0.0694, MSE: 0.0895
2025-05-10 17:45:15 - INFO - Epoch 524/1000, Loss: 0.1227, Dice: 0.0981, MSE: 0.0820
2025-05-10 17:45:28 - INFO - Epoch 525/1000, Loss: 0.0930, Dice: 0.0700, MSE: 0.0770
2025-05-10 17:45:41 - INFO - Epoch 526/1000, Loss: 0.0961, Dice: 0.0725, MSE: 0.0786
2025-05-10 17:45:54 - INFO - Epoch 527/1000, Loss: 0.0915, Dice: 0.0704, MSE: 0.0704
2025-05-10 17:46:07 - INFO - Epoch 528/1000, Loss: 0.0985, Dice: 0.0767, MSE: 0.0727
2025-05-10 17:46:20 - INFO - Epoch 529/1000, Loss: 0.0893, Dice: 0.0693, MSE: 0.0669
2025-05-10 17:46:33 - INFO - Epoch 530/1000, Loss: 0.0915, Dice: 0.0734, MSE: 0.0605
2025-05-10 17:46:46 - INFO - Epoch 531/1000, Loss: 0.1322, Dice: 0.1139, MSE: 0.0608
2025-05-10 17:46:58 - INFO - Epoch 532/1000, Loss: 0.0951, Dice: 0.0772, MSE: 0.0595
2025-05-10 17:47:11 - INFO - Epoch 533/1000, Loss: 0.1010, Dice: 0.0828, MSE: 0.0604
2025-05-10 17:47:24 - INFO - Epoch 534/1000, Loss: 0.1026, Dice: 0.0855, MSE: 0.0573
2025-05-10 17:47:37 - INFO - Epoch 535/1000, Loss: 0.1207, Dice: 0.1049, MSE: 0.0529
2025-05-10 17:47:50 - INFO - Epoch 536/1000, Loss: 0.1472, Dice: 0.1316, MSE: 0.0521
2025-05-10 17:48:03 - INFO - Epoch 537/1000, Loss: 0.0873, Dice: 0.0738, MSE: 0.0450
2025-05-10 17:48:16 - INFO - Epoch 538/1000, Loss: 0.1052, Dice: 0.0916, MSE: 0.0455
2025-05-10 17:48:28 - INFO - Epoch 539/1000, Loss: 0.1003, Dice: 0.0857, MSE: 0.0487
2025-05-10 17:48:41 - INFO - Epoch 540/1000, Loss: 0.1002, Dice: 0.0869, MSE: 0.0442
2025-05-10 17:48:42 - INFO - 模型已保存至: epoch_540.pth
2025-05-10 17:48:55 - INFO - Epoch 541/1000, Loss: 0.1103, Dice: 0.0962, MSE: 0.0471
2025-05-10 17:49:08 - INFO - Epoch 542/1000, Loss: 0.1052, Dice: 0.0905, MSE: 0.0492
2025-05-10 17:49:21 - INFO - Epoch 543/1000, Loss: 0.0861, Dice: 0.0708, MSE: 0.0509
2025-05-10 17:49:34 - INFO - Epoch 544/1000, Loss: 0.0918, Dice: 0.0754, MSE: 0.0547
2025-05-10 17:49:47 - INFO - Epoch 545/1000, Loss: 0.0841, Dice: 0.0688, MSE: 0.0507
2025-05-10 17:49:59 - INFO - Epoch 546/1000, Loss: 0.0920, Dice: 0.0765, MSE: 0.0517
2025-05-10 17:50:12 - INFO - Epoch 547/1000, Loss: 0.0866, Dice: 0.0712, MSE: 0.0514
2025-05-10 17:50:25 - INFO - Epoch 548/1000, Loss: 0.0873, Dice: 0.0722, MSE: 0.0503
2025-05-10 17:50:38 - INFO - Epoch 549/1000, Loss: 0.0864, Dice: 0.0716, MSE: 0.0495
2025-05-10 17:50:51 - INFO - Epoch 550/1000, Loss: 0.0931, Dice: 0.0788, MSE: 0.0478
2025-05-10 17:51:04 - INFO - Epoch 551/1000, Loss: 0.0931, Dice: 0.0785, MSE: 0.0486
2025-05-10 17:51:17 - INFO - Epoch 552/1000, Loss: 0.0916, Dice: 0.0767, MSE: 0.0496
2025-05-10 17:51:30 - INFO - Epoch 553/1000, Loss: 0.0946, Dice: 0.0795, MSE: 0.0503
2025-05-10 17:51:43 - INFO - Epoch 554/1000, Loss: 0.1012, Dice: 0.0862, MSE: 0.0503
2025-05-10 17:51:56 - INFO - Epoch 555/1000, Loss: 0.1056, Dice: 0.0918, MSE: 0.0463
2025-05-10 17:52:08 - INFO - Epoch 556/1000, Loss: 0.1303, Dice: 0.1145, MSE: 0.0526
2025-05-10 17:52:21 - INFO - Epoch 557/1000, Loss: 0.1570, Dice: 0.1416, MSE: 0.0514
2025-05-10 17:52:34 - INFO - Epoch 558/1000, Loss: 0.1344, Dice: 0.1201, MSE: 0.0477
2025-05-10 17:52:47 - INFO - Epoch 559/1000, Loss: 0.1625, Dice: 0.1504, MSE: 0.0404
2025-05-10 17:53:00 - INFO - Epoch 560/1000, Loss: 0.1641, Dice: 0.1506, MSE: 0.0450
2025-05-10 17:53:01 - INFO - 模型已保存至: epoch_560.pth
2025-05-10 17:53:14 - INFO - Epoch 561/1000, Loss: 0.1456, Dice: 0.1318, MSE: 0.0459
2025-05-10 17:53:27 - INFO - Epoch 562/1000, Loss: 0.1044, Dice: 0.0906, MSE: 0.0462
2025-05-10 17:53:40 - INFO - Epoch 563/1000, Loss: 0.1090, Dice: 0.0959, MSE: 0.0439
2025-05-10 17:53:53 - INFO - Epoch 564/1000, Loss: 0.0930, Dice: 0.0790, MSE: 0.0466
2025-05-10 17:54:05 - INFO - Epoch 565/1000, Loss: 0.1638, Dice: 0.1486, MSE: 0.0505
2025-05-10 17:54:18 - INFO - Epoch 566/1000, Loss: 0.1672, Dice: 0.1544, MSE: 0.0428
2025-05-10 17:54:31 - INFO - Epoch 567/1000, Loss: 0.1506, Dice: 0.1378, MSE: 0.0427
2025-05-10 17:54:44 - INFO - Epoch 568/1000, Loss: 0.1429, Dice: 0.1305, MSE: 0.0414
2025-05-10 17:54:57 - INFO - Epoch 569/1000, Loss: 0.1222, Dice: 0.1101, MSE: 0.0403
2025-05-10 17:55:10 - INFO - Epoch 570/1000, Loss: 0.0988, Dice: 0.0849, MSE: 0.0464
2025-05-10 17:55:23 - INFO - Epoch 571/1000, Loss: 0.1000, Dice: 0.0845, MSE: 0.0515
2025-05-10 17:55:36 - INFO - Epoch 572/1000, Loss: 0.0964, Dice: 0.0828, MSE: 0.0453
2025-05-10 17:55:48 - INFO - Epoch 573/1000, Loss: 0.1249, Dice: 0.1119, MSE: 0.0433
2025-05-10 17:56:01 - INFO - Epoch 574/1000, Loss: 0.1024, Dice: 0.0892, MSE: 0.0438
2025-05-10 17:56:14 - INFO - Epoch 575/1000, Loss: 0.1018, Dice: 0.0884, MSE: 0.0447
2025-05-10 17:56:27 - INFO - Epoch 576/1000, Loss: 0.1113, Dice: 0.0984, MSE: 0.0432
2025-05-10 17:56:40 - INFO - Epoch 577/1000, Loss: 0.0991, Dice: 0.0849, MSE: 0.0476
2025-05-10 17:56:53 - INFO - Epoch 578/1000, Loss: 0.1266, Dice: 0.1117, MSE: 0.0496
2025-05-10 17:57:06 - INFO - Epoch 579/1000, Loss: 0.1548, Dice: 0.1401, MSE: 0.0488
2025-05-10 17:57:19 - INFO - Epoch 580/1000, Loss: 0.1075, Dice: 0.0949, MSE: 0.0423
2025-05-10 17:57:20 - INFO - 模型已保存至: epoch_580.pth
2025-05-10 17:57:33 - INFO - Epoch 581/1000, Loss: 0.1562, Dice: 0.1434, MSE: 0.0427
2025-05-10 17:57:46 - INFO - Epoch 582/1000, Loss: 0.1290, Dice: 0.1147, MSE: 0.0475
2025-05-10 17:57:59 - INFO - Epoch 583/1000, Loss: 0.0910, Dice: 0.0768, MSE: 0.0473
2025-05-10 17:58:12 - INFO - Epoch 584/1000, Loss: 0.1092, Dice: 0.0950, MSE: 0.0474
2025-05-10 17:58:25 - INFO - Epoch 585/1000, Loss: 0.0904, Dice: 0.0765, MSE: 0.0461
2025-05-10 17:58:38 - INFO - Epoch 586/1000, Loss: 0.0871, Dice: 0.0730, MSE: 0.0470
2025-05-10 17:58:51 - INFO - Epoch 587/1000, Loss: 0.0858, Dice: 0.0718, MSE: 0.0466
2025-05-10 17:59:03 - INFO - Epoch 588/1000, Loss: 0.0947, Dice: 0.0818, MSE: 0.0430
2025-05-10 17:59:16 - INFO - Epoch 589/1000, Loss: 0.0869, Dice: 0.0737, MSE: 0.0440
2025-05-10 17:59:29 - INFO - Epoch 590/1000, Loss: 0.0755, Dice: 0.0620, MSE: 0.0449
2025-05-10 17:59:42 - INFO - Epoch 591/1000, Loss: 0.0933, Dice: 0.0795, MSE: 0.0460
2025-05-10 17:59:55 - INFO - Epoch 592/1000, Loss: 0.0896, Dice: 0.0760, MSE: 0.0453
2025-05-10 18:00:08 - INFO - Epoch 593/1000, Loss: 0.0849, Dice: 0.0726, MSE: 0.0410
2025-05-10 18:00:21 - INFO - Epoch 594/1000, Loss: 0.0827, Dice: 0.0699, MSE: 0.0427
2025-05-10 18:00:34 - INFO - Epoch 595/1000, Loss: 0.0982, Dice: 0.0842, MSE: 0.0469
2025-05-10 18:00:46 - INFO - Epoch 596/1000, Loss: 0.1412, Dice: 0.1263, MSE: 0.0497
2025-05-10 18:00:59 - INFO - Epoch 597/1000, Loss: 0.1186, Dice: 0.1055, MSE: 0.0436
2025-05-10 18:01:12 - INFO - Epoch 598/1000, Loss: 0.0985, Dice: 0.0838, MSE: 0.0492
2025-05-10 18:01:25 - INFO - Epoch 599/1000, Loss: 0.1063, Dice: 0.0929, MSE: 0.0446
2025-05-10 18:01:38 - INFO - Epoch 600/1000, Loss: 0.1188, Dice: 0.1072, MSE: 0.0388
2025-05-10 18:01:40 - INFO - 模型已保存至: epoch_600.pth
2025-05-10 18:01:52 - INFO - Epoch 601/1000, Loss: 0.0923, Dice: 0.0795, MSE: 0.0426
2025-05-10 18:02:05 - INFO - Epoch 602/1000, Loss: 0.1081, Dice: 0.0937, MSE: 0.0481
2025-05-10 18:02:18 - INFO - Epoch 603/1000, Loss: 0.1258, Dice: 0.1117, MSE: 0.0471
2025-05-10 18:02:31 - INFO - Epoch 604/1000, Loss: 0.0919, Dice: 0.0788, MSE: 0.0435
2025-05-10 18:02:44 - INFO - Epoch 605/1000, Loss: 0.0795, Dice: 0.0679, MSE: 0.0386
2025-05-10 18:02:57 - INFO - Epoch 606/1000, Loss: 0.0861, Dice: 0.0736, MSE: 0.0417
2025-05-10 18:03:10 - INFO - Epoch 607/1000, Loss: 0.0901, Dice: 0.0769, MSE: 0.0443
2025-05-10 18:03:23 - INFO - Epoch 608/1000, Loss: 0.0819, Dice: 0.0694, MSE: 0.0415
2025-05-10 18:03:36 - INFO - Epoch 609/1000, Loss: 0.0785, Dice: 0.0641, MSE: 0.0480
2025-05-10 18:03:49 - INFO - Epoch 610/1000, Loss: 0.0874, Dice: 0.0728, MSE: 0.0485
2025-05-10 18:04:02 - INFO - Epoch 611/1000, Loss: 0.0810, Dice: 0.0651, MSE: 0.0533
2025-05-10 18:04:15 - INFO - Epoch 612/1000, Loss: 0.0782, Dice: 0.0650, MSE: 0.0438
2025-05-10 18:04:28 - INFO - Epoch 613/1000, Loss: 0.0758, Dice: 0.0629, MSE: 0.0429
2025-05-10 18:04:41 - INFO - Epoch 614/1000, Loss: 0.0804, Dice: 0.0669, MSE: 0.0449
2025-05-10 18:04:53 - INFO - Epoch 615/1000, Loss: 0.0864, Dice: 0.0711, MSE: 0.0508
2025-05-10 18:05:06 - INFO - Epoch 616/1000, Loss: 0.0771, Dice: 0.0633, MSE: 0.0459
2025-05-10 18:05:19 - INFO - Epoch 617/1000, Loss: 0.0721, Dice: 0.0587, MSE: 0.0448
2025-05-10 18:05:32 - INFO - Epoch 618/1000, Loss: 0.0831, Dice: 0.0690, MSE: 0.0470
2025-05-10 18:05:45 - INFO - Epoch 619/1000, Loss: 0.0837, Dice: 0.0678, MSE: 0.0530
2025-05-10 18:05:58 - INFO - Epoch 620/1000, Loss: 0.1217, Dice: 0.1076, MSE: 0.0470
2025-05-10 18:05:59 - INFO - 模型已保存至: epoch_620.pth
2025-05-10 18:06:13 - INFO - Epoch 621/1000, Loss: 0.0857, Dice: 0.0724, MSE: 0.0442
2025-05-10 18:06:25 - INFO - Epoch 622/1000, Loss: 0.1210, Dice: 0.1068, MSE: 0.0474
2025-05-10 18:06:38 - INFO - Epoch 623/1000, Loss: 0.1167, Dice: 0.1020, MSE: 0.0488
2025-05-10 18:06:51 - INFO - Epoch 624/1000, Loss: 0.1119, Dice: 0.0999, MSE: 0.0399
2025-05-10 18:07:04 - INFO - Epoch 625/1000, Loss: 0.1071, Dice: 0.0938, MSE: 0.0445
2025-05-10 18:07:17 - INFO - Epoch 626/1000, Loss: 0.1019, Dice: 0.0871, MSE: 0.0491
2025-05-10 18:07:30 - INFO - Epoch 627/1000, Loss: 0.0824, Dice: 0.0693, MSE: 0.0438
2025-05-10 18:07:43 - INFO - Epoch 628/1000, Loss: 0.0920, Dice: 0.0789, MSE: 0.0436
2025-05-10 18:07:56 - INFO - Epoch 629/1000, Loss: 0.0905, Dice: 0.0772, MSE: 0.0442
2025-05-10 18:08:09 - INFO - Epoch 630/1000, Loss: 0.0854, Dice: 0.0717, MSE: 0.0454
2025-05-10 18:08:22 - INFO - Epoch 631/1000, Loss: 0.0786, Dice: 0.0658, MSE: 0.0424
2025-05-10 18:08:35 - INFO - Epoch 632/1000, Loss: 0.0858, Dice: 0.0723, MSE: 0.0450
2025-05-10 18:08:48 - INFO - Epoch 633/1000, Loss: 0.0744, Dice: 0.0620, MSE: 0.0413
2025-05-10 18:09:01 - INFO - Epoch 634/1000, Loss: 0.0810, Dice: 0.0678, MSE: 0.0442
2025-05-10 18:09:14 - INFO - Epoch 635/1000, Loss: 0.0764, Dice: 0.0635, MSE: 0.0431
2025-05-10 18:09:27 - INFO - Epoch 636/1000, Loss: 0.0881, Dice: 0.0745, MSE: 0.0452
2025-05-10 18:09:40 - INFO - Epoch 637/1000, Loss: 0.0717, Dice: 0.0587, MSE: 0.0433
2025-05-10 18:09:53 - INFO - Epoch 638/1000, Loss: 0.0711, Dice: 0.0575, MSE: 0.0455
2025-05-10 18:10:06 - INFO - Epoch 639/1000, Loss: 0.1397, Dice: 0.1262, MSE: 0.0450
2025-05-10 18:10:19 - INFO - Epoch 640/1000, Loss: 0.0783, Dice: 0.0650, MSE: 0.0446
2025-05-10 18:10:20 - INFO - 模型已保存至: epoch_640.pth
2025-05-10 18:10:33 - INFO - Epoch 641/1000, Loss: 0.0723, Dice: 0.0593, MSE: 0.0432
2025-05-10 18:10:46 - INFO - Epoch 642/1000, Loss: 0.0858, Dice: 0.0731, MSE: 0.0424
2025-05-10 18:10:59 - INFO - Epoch 643/1000, Loss: 0.1210, Dice: 0.1078, MSE: 0.0440
2025-05-10 18:11:12 - INFO - Epoch 644/1000, Loss: 0.0815, Dice: 0.0684, MSE: 0.0436
2025-05-10 18:11:25 - INFO - Epoch 645/1000, Loss: 0.0791, Dice: 0.0660, MSE: 0.0436
2025-05-10 18:11:37 - INFO - Epoch 646/1000, Loss: 0.0753, Dice: 0.0619, MSE: 0.0449
2025-05-10 18:11:50 - INFO - Epoch 647/1000, Loss: 0.0779, Dice: 0.0635, MSE: 0.0482
2025-05-10 18:12:03 - INFO - Epoch 648/1000, Loss: 0.0749, Dice: 0.0619, MSE: 0.0431
2025-05-10 18:12:16 - INFO - Epoch 649/1000, Loss: 0.0783, Dice: 0.0657, MSE: 0.0421
2025-05-10 18:12:29 - INFO - Epoch 650/1000, Loss: 0.0845, Dice: 0.0710, MSE: 0.0449
2025-05-10 18:12:42 - INFO - Epoch 651/1000, Loss: 0.0780, Dice: 0.0642, MSE: 0.0461
2025-05-10 18:12:55 - INFO - Epoch 652/1000, Loss: 0.0824, Dice: 0.0687, MSE: 0.0457
2025-05-10 18:13:08 - INFO - Epoch 653/1000, Loss: 0.0843, Dice: 0.0718, MSE: 0.0416
2025-05-10 18:13:21 - INFO - Epoch 654/1000, Loss: 0.0712, Dice: 0.0581, MSE: 0.0435
2025-05-10 18:13:34 - INFO - Epoch 655/1000, Loss: 0.0841, Dice: 0.0715, MSE: 0.0420
2025-05-10 18:13:47 - INFO - Epoch 656/1000, Loss: 0.0836, Dice: 0.0715, MSE: 0.0401
2025-05-10 18:14:00 - INFO - Epoch 657/1000, Loss: 0.0784, Dice: 0.0670, MSE: 0.0382
2025-05-10 18:14:13 - INFO - Epoch 658/1000, Loss: 0.0734, Dice: 0.0614, MSE: 0.0400
2025-05-10 18:14:26 - INFO - Epoch 659/1000, Loss: 0.0722, Dice: 0.0599, MSE: 0.0411
2025-05-10 18:14:39 - INFO - Epoch 660/1000, Loss: 0.0828, Dice: 0.0696, MSE: 0.0438
2025-05-10 18:14:40 - INFO - 模型已保存至: epoch_660.pth
2025-05-10 18:14:53 - INFO - Epoch 661/1000, Loss: 0.1295, Dice: 0.1175, MSE: 0.0400
2025-05-10 18:15:06 - INFO - Epoch 662/1000, Loss: 0.1024, Dice: 0.0886, MSE: 0.0458
2025-05-10 18:15:19 - INFO - Epoch 663/1000, Loss: 0.1084, Dice: 0.0952, MSE: 0.0441
2025-05-10 18:15:32 - INFO - Epoch 664/1000, Loss: 0.2412, Dice: 0.2265, MSE: 0.0489
2025-05-10 18:15:45 - INFO - Epoch 665/1000, Loss: 0.3294, Dice: 0.3107, MSE: 0.0624
2025-05-10 18:15:58 - INFO - Epoch 666/1000, Loss: 0.3273, Dice: 0.3137, MSE: 0.0453
2025-05-10 18:16:11 - INFO - Epoch 667/1000, Loss: 0.3188, Dice: 0.3007, MSE: 0.0602
2025-05-10 18:16:23 - INFO - Epoch 668/1000, Loss: 0.1848, Dice: 0.1655, MSE: 0.0645
2025-05-10 18:16:36 - INFO - Epoch 669/1000, Loss: 0.1318, Dice: 0.1142, MSE: 0.0586
2025-05-10 18:16:49 - INFO - Epoch 670/1000, Loss: 0.1223, Dice: 0.1063, MSE: 0.0531
2025-05-10 18:17:02 - INFO - Epoch 671/1000, Loss: 0.1255, Dice: 0.1070, MSE: 0.0617
2025-05-10 18:17:15 - INFO - Epoch 672/1000, Loss: 0.1226, Dice: 0.1070, MSE: 0.0521
2025-05-10 18:17:28 - INFO - Epoch 673/1000, Loss: 0.1268, Dice: 0.1129, MSE: 0.0464
2025-05-10 18:17:41 - INFO - Epoch 674/1000, Loss: 0.1574, Dice: 0.1432, MSE: 0.0475
2025-05-10 18:17:54 - INFO - Epoch 675/1000, Loss: 0.1390, Dice: 0.1259, MSE: 0.0438
2025-05-10 18:18:07 - INFO - Epoch 676/1000, Loss: 0.1195, Dice: 0.1075, MSE: 0.0401
2025-05-10 18:18:20 - INFO - Epoch 677/1000, Loss: 0.0991, Dice: 0.0849, MSE: 0.0474
2025-05-10 18:18:33 - INFO - Epoch 678/1000, Loss: 0.2112, Dice: 0.1960, MSE: 0.0508
2025-05-10 18:18:46 - INFO - Epoch 679/1000, Loss: 0.4858, Dice: 0.4655, MSE: 0.0677
2025-05-10 18:18:59 - INFO - Epoch 680/1000, Loss: 0.1881, Dice: 0.1763, MSE: 0.0396
2025-05-10 18:19:00 - INFO - 模型已保存至: epoch_680.pth
2025-05-10 18:19:13 - INFO - Epoch 681/1000, Loss: 0.1688, Dice: 0.1585, MSE: 0.0344
2025-05-10 18:19:26 - INFO - Epoch 682/1000, Loss: 0.1629, Dice: 0.1518, MSE: 0.0372
2025-05-10 18:19:39 - INFO - Epoch 683/1000, Loss: 0.1576, Dice: 0.1478, MSE: 0.0327
2025-05-10 18:19:52 - INFO - Epoch 684/1000, Loss: 0.1324, Dice: 0.1215, MSE: 0.0363
2025-05-10 18:20:05 - INFO - Epoch 685/1000, Loss: 0.1473, Dice: 0.1341, MSE: 0.0440
2025-05-10 18:20:18 - INFO - Epoch 686/1000, Loss: 0.1215, Dice: 0.1109, MSE: 0.0353
2025-05-10 18:20:31 - INFO - Epoch 687/1000, Loss: 0.1090, Dice: 0.0977, MSE: 0.0376
2025-05-10 18:20:44 - INFO - Epoch 688/1000, Loss: 0.1533, Dice: 0.1408, MSE: 0.0414
2025-05-10 18:20:57 - INFO - Epoch 689/1000, Loss: 0.0993, Dice: 0.0879, MSE: 0.0380
2025-05-10 18:21:10 - INFO - Epoch 690/1000, Loss: 0.1119, Dice: 0.0998, MSE: 0.0403
2025-05-10 18:21:23 - INFO - Epoch 691/1000, Loss: 0.1154, Dice: 0.1026, MSE: 0.0428
2025-05-10 18:21:36 - INFO - Epoch 692/1000, Loss: 0.1206, Dice: 0.1081, MSE: 0.0416
2025-05-10 18:21:49 - INFO - Epoch 693/1000, Loss: 0.0927, Dice: 0.0807, MSE: 0.0400
2025-05-10 18:22:02 - INFO - Epoch 694/1000, Loss: 0.1055, Dice: 0.0928, MSE: 0.0422
2025-05-10 18:22:15 - INFO - Epoch 695/1000, Loss: 0.0996, Dice: 0.0865, MSE: 0.0435
2025-05-10 18:22:28 - INFO - Epoch 696/1000, Loss: 0.1107, Dice: 0.0995, MSE: 0.0373
2025-05-10 18:22:41 - INFO - Epoch 697/1000, Loss: 0.1581, Dice: 0.1461, MSE: 0.0403
2025-05-10 18:22:54 - INFO - Epoch 698/1000, Loss: 0.1059, Dice: 0.0938, MSE: 0.0404
2025-05-10 18:23:07 - INFO - Epoch 699/1000, Loss: 0.1091, Dice: 0.0980, MSE: 0.0369
2025-05-10 18:23:20 - INFO - Epoch 700/1000, Loss: 0.1536, Dice: 0.1432, MSE: 0.0348
2025-05-10 18:23:21 - INFO - 模型已保存至: epoch_700.pth
2025-05-10 18:23:34 - INFO - Epoch 701/1000, Loss: 0.1110, Dice: 0.0994, MSE: 0.0386
2025-05-10 18:23:47 - INFO - Epoch 702/1000, Loss: 0.0972, Dice: 0.0847, MSE: 0.0418
2025-05-10 18:24:00 - INFO - Epoch 703/1000, Loss: 0.1003, Dice: 0.0891, MSE: 0.0373
2025-05-10 18:24:13 - INFO - Epoch 704/1000, Loss: 0.0956, Dice: 0.0845, MSE: 0.0370
2025-05-10 18:24:26 - INFO - Epoch 705/1000, Loss: 0.0945, Dice: 0.0830, MSE: 0.0385
2025-05-10 18:24:39 - INFO - Epoch 706/1000, Loss: 0.0850, Dice: 0.0735, MSE: 0.0383
2025-05-10 18:24:52 - INFO - Epoch 707/1000, Loss: 0.0952, Dice: 0.0837, MSE: 0.0384
2025-05-10 18:25:05 - INFO - Epoch 708/1000, Loss: 0.0904, Dice: 0.0786, MSE: 0.0392
2025-05-10 18:25:18 - INFO - Epoch 709/1000, Loss: 0.0985, Dice: 0.0859, MSE: 0.0420
2025-05-10 18:25:31 - INFO - Epoch 710/1000, Loss: 0.0913, Dice: 0.0785, MSE: 0.0427
2025-05-10 18:25:44 - INFO - Epoch 711/1000, Loss: 0.1033, Dice: 0.0909, MSE: 0.0413
2025-05-10 18:25:57 - INFO - Epoch 712/1000, Loss: 0.0849, Dice: 0.0735, MSE: 0.0382
2025-05-10 18:26:10 - INFO - Epoch 713/1000, Loss: 0.0832, Dice: 0.0717, MSE: 0.0384
2025-05-10 18:26:23 - INFO - Epoch 714/1000, Loss: 0.0855, Dice: 0.0741, MSE: 0.0381
2025-05-10 18:26:36 - INFO - Epoch 715/1000, Loss: 0.0770, Dice: 0.0655, MSE: 0.0384
2025-05-10 18:26:49 - INFO - Epoch 716/1000, Loss: 0.0852, Dice: 0.0727, MSE: 0.0417
2025-05-10 18:27:02 - INFO - Epoch 717/1000, Loss: 0.0851, Dice: 0.0742, MSE: 0.0364
2025-05-10 18:27:15 - INFO - Epoch 718/1000, Loss: 0.0829, Dice: 0.0713, MSE: 0.0385
2025-05-10 18:27:28 - INFO - Epoch 719/1000, Loss: 0.0885, Dice: 0.0766, MSE: 0.0395
2025-05-10 18:27:41 - INFO - Epoch 720/1000, Loss: 0.0793, Dice: 0.0674, MSE: 0.0397
2025-05-10 18:27:42 - INFO - 模型已保存至: epoch_720.pth
2025-05-10 18:27:55 - INFO - Epoch 721/1000, Loss: 0.1235, Dice: 0.1126, MSE: 0.0362
2025-05-10 18:28:08 - INFO - Epoch 722/1000, Loss: 0.0845, Dice: 0.0727, MSE: 0.0395
2025-05-10 18:28:21 - INFO - Epoch 723/1000, Loss: 0.0863, Dice: 0.0742, MSE: 0.0402
2025-05-10 18:28:34 - INFO - Epoch 724/1000, Loss: 0.0833, Dice: 0.0719, MSE: 0.0380
2025-05-10 18:28:47 - INFO - Epoch 725/1000, Loss: 0.0797, Dice: 0.0674, MSE: 0.0411
2025-05-10 18:29:00 - INFO - Epoch 726/1000, Loss: 0.0859, Dice: 0.0742, MSE: 0.0390
2025-05-10 18:29:13 - INFO - Epoch 727/1000, Loss: 0.0788, Dice: 0.0668, MSE: 0.0400
2025-05-10 18:29:26 - INFO - Epoch 728/1000, Loss: 0.0784, Dice: 0.0673, MSE: 0.0371
2025-05-10 18:29:39 - INFO - Epoch 729/1000, Loss: 0.0747, Dice: 0.0634, MSE: 0.0377
2025-05-10 18:29:52 - INFO - Epoch 730/1000, Loss: 0.1055, Dice: 0.0936, MSE: 0.0399
2025-05-10 18:30:05 - INFO - Epoch 731/1000, Loss: 0.0774, Dice: 0.0655, MSE: 0.0396
2025-05-10 18:30:18 - INFO - Epoch 732/1000, Loss: 0.0837, Dice: 0.0729, MSE: 0.0360
2025-05-10 18:30:31 - INFO - Epoch 733/1000, Loss: 0.0898, Dice: 0.0781, MSE: 0.0388
2025-05-10 18:30:44 - INFO - Epoch 734/1000, Loss: 0.0785, Dice: 0.0670, MSE: 0.0384
2025-05-10 18:30:56 - INFO - Epoch 735/1000, Loss: 0.0872, Dice: 0.0754, MSE: 0.0392
2025-05-10 18:31:09 - INFO - Epoch 736/1000, Loss: 0.0865, Dice: 0.0744, MSE: 0.0404
2025-05-10 18:31:22 - INFO - Epoch 737/1000, Loss: 0.0694, Dice: 0.0573, MSE: 0.0403
2025-05-10 18:31:35 - INFO - Epoch 738/1000, Loss: 0.0901, Dice: 0.0788, MSE: 0.0377
2025-05-10 18:31:48 - INFO - Epoch 739/1000, Loss: 0.0953, Dice: 0.0833, MSE: 0.0399
2025-05-10 18:32:01 - INFO - Epoch 740/1000, Loss: 0.0801, Dice: 0.0696, MSE: 0.0353
2025-05-10 18:32:02 - INFO - 模型已保存至: epoch_740.pth
2025-05-10 18:32:15 - INFO - Epoch 741/1000, Loss: 0.0819, Dice: 0.0704, MSE: 0.0384
2025-05-10 18:32:28 - INFO - Epoch 742/1000, Loss: 0.1362, Dice: 0.1231, MSE: 0.0437
2025-05-10 18:32:41 - INFO - Epoch 743/1000, Loss: 0.1522, Dice: 0.1382, MSE: 0.0468
2025-05-10 18:32:54 - INFO - Epoch 744/1000, Loss: 0.1062, Dice: 0.0949, MSE: 0.0377
2025-05-10 18:33:07 - INFO - Epoch 745/1000, Loss: 0.1003, Dice: 0.0883, MSE: 0.0398
2025-05-10 18:33:20 - INFO - Epoch 746/1000, Loss: 0.1006, Dice: 0.0888, MSE: 0.0395
2025-05-10 18:33:33 - INFO - Epoch 747/1000, Loss: 0.0928, Dice: 0.0813, MSE: 0.0385
2025-05-10 18:33:46 - INFO - Epoch 748/1000, Loss: 0.0919, Dice: 0.0798, MSE: 0.0404
2025-05-10 18:33:59 - INFO - Epoch 749/1000, Loss: 0.0951, Dice: 0.0840, MSE: 0.0372
2025-05-10 18:34:12 - INFO - Epoch 750/1000, Loss: 0.0864, Dice: 0.0747, MSE: 0.0391
2025-05-10 18:34:25 - INFO - Epoch 751/1000, Loss: 0.0885, Dice: 0.0772, MSE: 0.0376
2025-05-10 18:34:38 - INFO - Epoch 752/1000, Loss: 0.0969, Dice: 0.0862, MSE: 0.0356
2025-05-10 18:34:51 - INFO - Epoch 753/1000, Loss: 0.0984, Dice: 0.0862, MSE: 0.0405
2025-05-10 18:35:04 - INFO - Epoch 754/1000, Loss: 0.0843, Dice: 0.0730, MSE: 0.0379
2025-05-10 18:35:17 - INFO - Epoch 755/1000, Loss: 0.0996, Dice: 0.0874, MSE: 0.0405
2025-05-10 18:35:29 - INFO - Epoch 756/1000, Loss: 0.1007, Dice: 0.0890, MSE: 0.0389
2025-05-10 18:35:42 - INFO - Epoch 757/1000, Loss: 0.0961, Dice: 0.0838, MSE: 0.0412
2025-05-10 18:35:55 - INFO - Epoch 758/1000, Loss: 0.0907, Dice: 0.0789, MSE: 0.0393
2025-05-10 18:36:08 - INFO - Epoch 759/1000, Loss: 0.1252, Dice: 0.1109, MSE: 0.0476
2025-05-10 18:36:21 - INFO - Epoch 760/1000, Loss: 0.0839, Dice: 0.0696, MSE: 0.0477
2025-05-10 18:36:23 - INFO - 模型已保存至: epoch_760.pth
2025-05-10 18:36:36 - INFO - Epoch 761/1000, Loss: 0.0916, Dice: 0.0781, MSE: 0.0451
2025-05-10 18:36:49 - INFO - Epoch 762/1000, Loss: 0.0900, Dice: 0.0775, MSE: 0.0418
2025-05-10 18:37:02 - INFO - Epoch 763/1000, Loss: 0.0878, Dice: 0.0760, MSE: 0.0391
2025-05-10 18:37:15 - INFO - Epoch 764/1000, Loss: 0.0886, Dice: 0.0781, MSE: 0.0351
2025-05-10 18:37:27 - INFO - Epoch 765/1000, Loss: 0.0879, Dice: 0.0759, MSE: 0.0401
2025-05-10 18:37:40 - INFO - Epoch 766/1000, Loss: 0.0804, Dice: 0.0679, MSE: 0.0415
2025-05-10 18:37:53 - INFO - Epoch 767/1000, Loss: 0.0835, Dice: 0.0710, MSE: 0.0415
2025-05-10 18:38:06 - INFO - Epoch 768/1000, Loss: 0.0784, Dice: 0.0658, MSE: 0.0420
2025-05-10 18:38:19 - INFO - Epoch 769/1000, Loss: 0.0817, Dice: 0.0701, MSE: 0.0388
2025-05-10 18:38:32 - INFO - Epoch 770/1000, Loss: 0.0811, Dice: 0.0687, MSE: 0.0414
2025-05-10 18:38:45 - INFO - Epoch 771/1000, Loss: 0.0806, Dice: 0.0687, MSE: 0.0398
2025-05-10 18:38:58 - INFO - Epoch 772/1000, Loss: 0.0886, Dice: 0.0762, MSE: 0.0414
2025-05-10 18:39:11 - INFO - Epoch 773/1000, Loss: 0.0874, Dice: 0.0758, MSE: 0.0385
2025-05-10 18:39:24 - INFO - Epoch 774/1000, Loss: 0.0770, Dice: 0.0656, MSE: 0.0379
2025-05-10 18:39:37 - INFO - Epoch 775/1000, Loss: 0.0644, Dice: 0.0534, MSE: 0.0368
2025-05-10 18:39:50 - INFO - Epoch 776/1000, Loss: 0.0730, Dice: 0.0617, MSE: 0.0375
2025-05-10 18:40:03 - INFO - Epoch 777/1000, Loss: 0.1147, Dice: 0.1023, MSE: 0.0415
2025-05-10 18:40:16 - INFO - Epoch 778/1000, Loss: 0.1282, Dice: 0.1163, MSE: 0.0397
2025-05-10 18:40:29 - INFO - Epoch 779/1000, Loss: 0.0728, Dice: 0.0616, MSE: 0.0374
2025-05-10 18:40:42 - INFO - Epoch 780/1000, Loss: 0.0749, Dice: 0.0637, MSE: 0.0373
2025-05-10 18:40:43 - INFO - 模型已保存至: epoch_780.pth
2025-05-10 18:40:56 - INFO - Epoch 781/1000, Loss: 0.0742, Dice: 0.0632, MSE: 0.0367
2025-05-10 18:41:09 - INFO - Epoch 782/1000, Loss: 0.0762, Dice: 0.0637, MSE: 0.0418
2025-05-10 18:41:22 - INFO - Epoch 783/1000, Loss: 0.0884, Dice: 0.0758, MSE: 0.0418
2025-05-10 18:41:35 - INFO - Epoch 784/1000, Loss: 0.0762, Dice: 0.0653, MSE: 0.0364
2025-05-10 18:41:48 - INFO - Epoch 785/1000, Loss: 0.1105, Dice: 0.0983, MSE: 0.0408
2025-05-10 18:42:01 - INFO - Epoch 786/1000, Loss: 0.0765, Dice: 0.0630, MSE: 0.0450
2025-05-10 18:42:14 - INFO - Epoch 787/1000, Loss: 0.0790, Dice: 0.0675, MSE: 0.0385
2025-05-10 18:42:27 - INFO - Epoch 788/1000, Loss: 0.0778, Dice: 0.0653, MSE: 0.0416
2025-05-10 18:42:40 - INFO - Epoch 789/1000, Loss: 0.0851, Dice: 0.0728, MSE: 0.0409
2025-05-10 18:42:53 - INFO - Epoch 790/1000, Loss: 0.0708, Dice: 0.0597, MSE: 0.0372
2025-05-10 18:43:06 - INFO - Epoch 791/1000, Loss: 0.0792, Dice: 0.0683, MSE: 0.0361
2025-05-10 18:43:19 - INFO - Epoch 792/1000, Loss: 0.0720, Dice: 0.0608, MSE: 0.0374
2025-05-10 18:43:32 - INFO - Epoch 793/1000, Loss: 0.0734, Dice: 0.0612, MSE: 0.0408
2025-05-10 18:43:44 - INFO - Epoch 794/1000, Loss: 0.0698, Dice: 0.0585, MSE: 0.0378
2025-05-10 18:43:57 - INFO - Epoch 795/1000, Loss: 0.0809, Dice: 0.0687, MSE: 0.0407
2025-05-10 18:44:10 - INFO - Epoch 796/1000, Loss: 0.1286, Dice: 0.1148, MSE: 0.0458
2025-05-10 18:44:23 - INFO - Epoch 797/1000, Loss: 0.0827, Dice: 0.0709, MSE: 0.0393
2025-05-10 18:44:37 - INFO - Epoch 798/1000, Loss: 0.0783, Dice: 0.0669, MSE: 0.0380
2025-05-10 18:44:49 - INFO - Epoch 799/1000, Loss: 0.0784, Dice: 0.0667, MSE: 0.0388
2025-05-10 18:45:02 - INFO - Epoch 800/1000, Loss: 0.0890, Dice: 0.0775, MSE: 0.0385
2025-05-10 18:45:04 - INFO - 模型已保存至: epoch_800.pth
2025-05-10 18:45:17 - INFO - Epoch 801/1000, Loss: 0.0787, Dice: 0.0664, MSE: 0.0410
2025-05-10 18:45:30 - INFO - Epoch 802/1000, Loss: 0.0769, Dice: 0.0650, MSE: 0.0397
2025-05-10 18:45:43 - INFO - Epoch 803/1000, Loss: 0.0762, Dice: 0.0648, MSE: 0.0380
2025-05-10 18:45:56 - INFO - Epoch 804/1000, Loss: 0.0745, Dice: 0.0631, MSE: 0.0380
2025-05-10 18:46:09 - INFO - Epoch 805/1000, Loss: 0.0673, Dice: 0.0562, MSE: 0.0370
2025-05-10 18:46:21 - INFO - Epoch 806/1000, Loss: 0.0754, Dice: 0.0642, MSE: 0.0372
2025-05-10 18:46:35 - INFO - Epoch 807/1000, Loss: 0.0751, Dice: 0.0629, MSE: 0.0408
2025-05-10 18:46:47 - INFO - Epoch 808/1000, Loss: 0.0745, Dice: 0.0626, MSE: 0.0395
2025-05-10 18:47:00 - INFO - Epoch 809/1000, Loss: 0.0764, Dice: 0.0649, MSE: 0.0382
2025-05-10 18:47:13 - INFO - Epoch 810/1000, Loss: 0.0757, Dice: 0.0646, MSE: 0.0372
2025-05-10 18:47:26 - INFO - Epoch 811/1000, Loss: 0.0757, Dice: 0.0644, MSE: 0.0377
2025-05-10 18:47:39 - INFO - Epoch 812/1000, Loss: 0.0712, Dice: 0.0603, MSE: 0.0366
2025-05-10 18:47:52 - INFO - Epoch 813/1000, Loss: 0.0667, Dice: 0.0549, MSE: 0.0392
2025-05-10 18:48:05 - INFO - Epoch 814/1000, Loss: 0.0847, Dice: 0.0739, MSE: 0.0360
2025-05-10 18:48:18 - INFO - Epoch 815/1000, Loss: 0.0764, Dice: 0.0645, MSE: 0.0396
2025-05-10 18:48:31 - INFO - Epoch 816/1000, Loss: 0.0662, Dice: 0.0555, MSE: 0.0355
2025-05-10 18:48:44 - INFO - Epoch 817/1000, Loss: 0.0826, Dice: 0.0718, MSE: 0.0361
2025-05-10 18:48:57 - INFO - Epoch 818/1000, Loss: 0.0690, Dice: 0.0575, MSE: 0.0381
2025-05-10 18:49:10 - INFO - Epoch 819/1000, Loss: 0.0803, Dice: 0.0687, MSE: 0.0386
2025-05-10 18:49:23 - INFO - Epoch 820/1000, Loss: 0.0771, Dice: 0.0652, MSE: 0.0397
2025-05-10 18:49:24 - INFO - 模型已保存至: epoch_820.pth
2025-05-10 18:49:37 - INFO - Epoch 821/1000, Loss: 0.0732, Dice: 0.0612, MSE: 0.0400
2025-05-10 18:49:50 - INFO - Epoch 822/1000, Loss: 0.0660, Dice: 0.0543, MSE: 0.0390
2025-05-10 18:50:03 - INFO - Epoch 823/1000, Loss: 0.0735, Dice: 0.0616, MSE: 0.0398
2025-05-10 18:50:16 - INFO - Epoch 824/1000, Loss: 0.0650, Dice: 0.0538, MSE: 0.0374
2025-05-10 18:50:29 - INFO - Epoch 825/1000, Loss: 0.0868, Dice: 0.0749, MSE: 0.0395
2025-05-10 18:50:42 - INFO - Epoch 826/1000, Loss: 0.0852, Dice: 0.0737, MSE: 0.0383
2025-05-10 18:50:55 - INFO - Epoch 827/1000, Loss: 0.1193, Dice: 0.1079, MSE: 0.0379
2025-05-10 18:51:08 - INFO - Epoch 828/1000, Loss: 0.0781, Dice: 0.0658, MSE: 0.0411
2025-05-10 18:51:21 - INFO - Epoch 829/1000, Loss: 0.0705, Dice: 0.0587, MSE: 0.0392
2025-05-10 18:51:34 - INFO - Epoch 830/1000, Loss: 0.0675, Dice: 0.0560, MSE: 0.0383
2025-05-10 18:51:47 - INFO - Epoch 831/1000, Loss: 0.0837, Dice: 0.0727, MSE: 0.0368
2025-05-10 18:52:00 - INFO - Epoch 832/1000, Loss: 0.0674, Dice: 0.0561, MSE: 0.0377
2025-05-10 18:52:13 - INFO - Epoch 833/1000, Loss: 0.0744, Dice: 0.0636, MSE: 0.0362
2025-05-10 18:52:26 - INFO - Epoch 834/1000, Loss: 0.0740, Dice: 0.0628, MSE: 0.0371
2025-05-10 18:52:39 - INFO - Epoch 835/1000, Loss: 0.0771, Dice: 0.0668, MSE: 0.0345
2025-05-10 18:52:52 - INFO - Epoch 836/1000, Loss: 0.0808, Dice: 0.0698, MSE: 0.0366
2025-05-10 18:53:05 - INFO - Epoch 837/1000, Loss: 0.0644, Dice: 0.0537, MSE: 0.0357
2025-05-10 18:53:18 - INFO - Epoch 838/1000, Loss: 0.0761, Dice: 0.0650, MSE: 0.0371
2025-05-10 18:53:31 - INFO - Epoch 839/1000, Loss: 0.0769, Dice: 0.0649, MSE: 0.0400
2025-05-10 18:53:44 - INFO - Epoch 840/1000, Loss: 0.1390, Dice: 0.1287, MSE: 0.0342
2025-05-10 18:53:45 - INFO - 模型已保存至: epoch_840.pth
2025-05-10 18:53:58 - INFO - Epoch 841/1000, Loss: 0.0835, Dice: 0.0725, MSE: 0.0369
2025-05-10 18:54:11 - INFO - Epoch 842/1000, Loss: 0.0696, Dice: 0.0580, MSE: 0.0387
2025-05-10 18:54:24 - INFO - Epoch 843/1000, Loss: 0.0806, Dice: 0.0703, MSE: 0.0344
2025-05-10 18:54:37 - INFO - Epoch 844/1000, Loss: 0.0757, Dice: 0.0627, MSE: 0.0432
2025-05-10 18:54:50 - INFO - Epoch 845/1000, Loss: 0.0712, Dice: 0.0598, MSE: 0.0379
2025-05-10 18:55:03 - INFO - Epoch 846/1000, Loss: 0.0816, Dice: 0.0683, MSE: 0.0442
2025-05-10 18:55:16 - INFO - Epoch 847/1000, Loss: 0.0763, Dice: 0.0645, MSE: 0.0394
2025-05-10 18:55:29 - INFO - Epoch 848/1000, Loss: 0.0703, Dice: 0.0588, MSE: 0.0384
2025-05-10 18:55:42 - INFO - Epoch 849/1000, Loss: 0.0706, Dice: 0.0592, MSE: 0.0380
2025-05-10 18:55:55 - INFO - Epoch 850/1000, Loss: 0.1043, Dice: 0.0665, MSE: 0.1262
2025-05-10 18:56:08 - INFO - Epoch 851/1000, Loss: 0.1026, Dice: 0.0697, MSE: 0.1095
2025-05-10 18:56:21 - INFO - Epoch 852/1000, Loss: 0.0928, Dice: 0.0601, MSE: 0.1093
2025-05-10 18:56:34 - INFO - Epoch 853/1000, Loss: 0.0917, Dice: 0.0607, MSE: 0.1035
2025-05-10 18:56:46 - INFO - Epoch 854/1000, Loss: 0.0884, Dice: 0.0588, MSE: 0.0986
2025-05-10 18:56:59 - INFO - Epoch 855/1000, Loss: 0.0875, Dice: 0.0599, MSE: 0.0919
2025-05-10 18:57:12 - INFO - Epoch 856/1000, Loss: 0.0895, Dice: 0.0603, MSE: 0.0974
2025-05-10 18:57:25 - INFO - Epoch 857/1000, Loss: 0.0934, Dice: 0.0666, MSE: 0.0895
2025-05-10 18:57:38 - INFO - Epoch 858/1000, Loss: 0.0822, Dice: 0.0557, MSE: 0.0883
2025-05-10 18:57:51 - INFO - Epoch 859/1000, Loss: 0.0853, Dice: 0.0590, MSE: 0.0875
2025-05-10 18:58:04 - INFO - Epoch 860/1000, Loss: 0.0791, Dice: 0.0555, MSE: 0.0784
2025-05-10 18:58:05 - INFO - 模型已保存至: epoch_860.pth
2025-05-10 18:58:18 - INFO - Epoch 861/1000, Loss: 0.0800, Dice: 0.0595, MSE: 0.0683
2025-05-10 18:58:31 - INFO - Epoch 862/1000, Loss: 0.0848, Dice: 0.0628, MSE: 0.0733
2025-05-10 18:58:44 - INFO - Epoch 863/1000, Loss: 0.0767, Dice: 0.0566, MSE: 0.0671
2025-05-10 18:58:57 - INFO - Epoch 864/1000, Loss: 0.0747, Dice: 0.0541, MSE: 0.0686
2025-05-10 18:59:10 - INFO - Epoch 865/1000, Loss: 0.0850, Dice: 0.0637, MSE: 0.0709
2025-05-10 18:59:23 - INFO - Epoch 866/1000, Loss: 0.0748, Dice: 0.0548, MSE: 0.0665
2025-05-10 18:59:36 - INFO - Epoch 867/1000, Loss: 0.0861, Dice: 0.0672, MSE: 0.0632
2025-05-10 18:59:49 - INFO - Epoch 868/1000, Loss: 0.0791, Dice: 0.0626, MSE: 0.0551
2025-05-10 19:00:02 - INFO - Epoch 869/1000, Loss: 0.0916, Dice: 0.0746, MSE: 0.0568
2025-05-10 19:00:15 - INFO - Epoch 870/1000, Loss: 0.0722, Dice: 0.0550, MSE: 0.0575
2025-05-10 19:00:28 - INFO - Epoch 871/1000, Loss: 0.0791, Dice: 0.0618, MSE: 0.0577
2025-05-10 19:00:41 - INFO - Epoch 872/1000, Loss: 0.0785, Dice: 0.0605, MSE: 0.0600
2025-05-10 19:00:54 - INFO - Epoch 873/1000, Loss: 0.0722, Dice: 0.0549, MSE: 0.0578
2025-05-10 19:01:07 - INFO - Epoch 874/1000, Loss: 0.0796, Dice: 0.0627, MSE: 0.0565
2025-05-10 19:01:20 - INFO - Epoch 875/1000, Loss: 0.0802, Dice: 0.0629, MSE: 0.0575
2025-05-10 19:01:33 - INFO - Epoch 876/1000, Loss: 0.1207, Dice: 0.1055, MSE: 0.0506
2025-05-10 19:01:46 - INFO - Epoch 877/1000, Loss: 0.0764, Dice: 0.0607, MSE: 0.0522
2025-05-10 19:01:59 - INFO - Epoch 878/1000, Loss: 0.0706, Dice: 0.0553, MSE: 0.0512
2025-05-10 19:02:12 - INFO - Epoch 879/1000, Loss: 0.0732, Dice: 0.0570, MSE: 0.0542
2025-05-10 19:02:25 - INFO - Epoch 880/1000, Loss: 0.0729, Dice: 0.0554, MSE: 0.0583
2025-05-10 19:02:26 - INFO - 模型已保存至: epoch_880.pth
2025-05-10 19:02:39 - INFO - Epoch 881/1000, Loss: 0.0648, Dice: 0.0480, MSE: 0.0559
2025-05-10 19:02:52 - INFO - Epoch 882/1000, Loss: 0.0749, Dice: 0.0578, MSE: 0.0569
2025-05-10 19:03:05 - INFO - Epoch 883/1000, Loss: 0.0798, Dice: 0.0641, MSE: 0.0524
2025-05-10 19:03:18 - INFO - Epoch 884/1000, Loss: 0.0753, Dice: 0.0602, MSE: 0.0502
2025-05-10 19:03:31 - INFO - Epoch 885/1000, Loss: 0.0699, Dice: 0.0561, MSE: 0.0462
2025-05-10 19:03:44 - INFO - Epoch 886/1000, Loss: 0.0717, Dice: 0.0573, MSE: 0.0480
2025-05-10 19:03:57 - INFO - Epoch 887/1000, Loss: 0.0722, Dice: 0.0573, MSE: 0.0498
2025-05-10 19:04:10 - INFO - Epoch 888/1000, Loss: 0.0690, Dice: 0.0539, MSE: 0.0502
2025-05-10 19:04:23 - INFO - Epoch 889/1000, Loss: 0.0644, Dice: 0.0494, MSE: 0.0498
2025-05-10 19:04:36 - INFO - Epoch 890/1000, Loss: 0.0969, Dice: 0.0822, MSE: 0.0490
2025-05-10 19:04:49 - INFO - Epoch 891/1000, Loss: 0.0791, Dice: 0.0643, MSE: 0.0494
2025-05-10 19:05:02 - INFO - Epoch 892/1000, Loss: 0.0818, Dice: 0.0673, MSE: 0.0482
2025-05-10 19:05:15 - INFO - Epoch 893/1000, Loss: 0.0733, Dice: 0.0588, MSE: 0.0482
2025-05-10 19:05:28 - INFO - Epoch 894/1000, Loss: 0.0751, Dice: 0.0601, MSE: 0.0501
2025-05-10 19:05:41 - INFO - Epoch 895/1000, Loss: 0.0791, Dice: 0.0640, MSE: 0.0504
2025-05-10 19:05:54 - INFO - Epoch 896/1000, Loss: 0.0618, Dice: 0.0485, MSE: 0.0443
2025-05-10 19:06:07 - INFO - Epoch 897/1000, Loss: 0.0834, Dice: 0.0693, MSE: 0.0468
2025-05-10 19:06:20 - INFO - Epoch 898/1000, Loss: 0.0759, Dice: 0.0607, MSE: 0.0507
2025-05-10 19:06:33 - INFO - Epoch 899/1000, Loss: 0.0791, Dice: 0.0653, MSE: 0.0460
2025-05-10 19:06:46 - INFO - Epoch 900/1000, Loss: 0.0823, Dice: 0.0686, MSE: 0.0454
2025-05-10 19:06:47 - INFO - 模型已保存至: epoch_900.pth
2025-05-10 19:07:00 - INFO - Epoch 901/1000, Loss: 0.1731, Dice: 0.1600, MSE: 0.0436
2025-05-10 19:07:13 - INFO - Epoch 902/1000, Loss: 0.2653, Dice: 0.2504, MSE: 0.0496
2025-05-10 19:07:26 - INFO - Epoch 903/1000, Loss: 0.2599, Dice: 0.2459, MSE: 0.0469
2025-05-10 19:07:39 - INFO - Epoch 904/1000, Loss: 0.2131, Dice: 0.2010, MSE: 0.0402
2025-05-10 19:07:52 - INFO - Epoch 905/1000, Loss: 0.1422, Dice: 0.1311, MSE: 0.0370
2025-05-10 19:08:05 - INFO - Epoch 906/1000, Loss: 0.1991, Dice: 0.1888, MSE: 0.0342
2025-05-10 19:08:18 - INFO - Epoch 907/1000, Loss: 0.1191, Dice: 0.1077, MSE: 0.0380
2025-05-10 19:08:31 - INFO - Epoch 908/1000, Loss: 0.1261, Dice: 0.1142, MSE: 0.0395
2025-05-10 19:08:44 - INFO - Epoch 909/1000, Loss: 0.1195, Dice: 0.1081, MSE: 0.0381
2025-05-10 19:08:57 - INFO - Epoch 910/1000, Loss: 0.1514, Dice: 0.1319, MSE: 0.0651
2025-05-10 19:09:10 - INFO - Epoch 911/1000, Loss: 0.1069, Dice: 0.0884, MSE: 0.0615
2025-05-10 19:09:23 - INFO - Epoch 912/1000, Loss: 0.1374, Dice: 0.1103, MSE: 0.0904
2025-05-10 19:09:36 - INFO - Epoch 913/1000, Loss: 0.1166, Dice: 0.0786, MSE: 0.1268
2025-05-10 19:09:49 - INFO - Epoch 914/1000, Loss: 0.1255, Dice: 0.0903, MSE: 0.1174
2025-05-10 19:10:02 - INFO - Epoch 915/1000, Loss: 0.1109, Dice: 0.0782, MSE: 0.1089
2025-05-10 19:10:15 - INFO - Epoch 916/1000, Loss: 0.1135, Dice: 0.0821, MSE: 0.1044
2025-05-10 19:10:28 - INFO - Epoch 917/1000, Loss: 0.1227, Dice: 0.0890, MSE: 0.1122
2025-05-10 19:10:41 - INFO - Epoch 918/1000, Loss: 0.1057, Dice: 0.0750, MSE: 0.1023
2025-05-10 19:10:54 - INFO - Epoch 919/1000, Loss: 0.1031, Dice: 0.0732, MSE: 0.0999
2025-05-10 19:11:07 - INFO - Epoch 920/1000, Loss: 0.0959, Dice: 0.0687, MSE: 0.0909
2025-05-10 19:11:08 - INFO - 模型已保存至: epoch_920.pth
2025-05-10 19:11:22 - INFO - Epoch 921/1000, Loss: 0.1049, Dice: 0.0794, MSE: 0.0850
2025-05-10 19:11:35 - INFO - Epoch 922/1000, Loss: 0.0972, Dice: 0.0732, MSE: 0.0801
2025-05-10 19:11:48 - INFO - Epoch 923/1000, Loss: 0.0893, Dice: 0.0675, MSE: 0.0726
2025-05-10 19:12:01 - INFO - Epoch 924/1000, Loss: 0.0908, Dice: 0.0679, MSE: 0.0763
2025-05-10 19:12:14 - INFO - Epoch 925/1000, Loss: 0.1107, Dice: 0.0895, MSE: 0.0707
2025-05-10 19:12:27 - INFO - Epoch 926/1000, Loss: 0.1002, Dice: 0.0825, MSE: 0.0591
2025-05-10 19:12:40 - INFO - Epoch 927/1000, Loss: 0.1530, Dice: 0.1349, MSE: 0.0604
2025-05-10 19:12:53 - INFO - Epoch 928/1000, Loss: 0.0872, Dice: 0.0703, MSE: 0.0563
2025-05-10 19:13:06 - INFO - Epoch 929/1000, Loss: 0.0909, Dice: 0.0737, MSE: 0.0574
2025-05-10 19:13:19 - INFO - Epoch 930/1000, Loss: 0.0885, Dice: 0.0714, MSE: 0.0570
2025-05-10 19:13:31 - INFO - Epoch 931/1000, Loss: 0.0892, Dice: 0.0729, MSE: 0.0545
2025-05-10 19:13:44 - INFO - Epoch 932/1000, Loss: 0.0893, Dice: 0.0732, MSE: 0.0537
2025-05-10 19:13:57 - INFO - Epoch 933/1000, Loss: 0.1055, Dice: 0.0896, MSE: 0.0532
2025-05-10 19:14:10 - INFO - Epoch 934/1000, Loss: 0.1022, Dice: 0.0872, MSE: 0.0498
2025-05-10 19:14:23 - INFO - Epoch 935/1000, Loss: 0.0858, Dice: 0.0706, MSE: 0.0508
2025-05-10 19:14:36 - INFO - Epoch 936/1000, Loss: 0.0815, Dice: 0.0664, MSE: 0.0506
2025-05-10 19:14:49 - INFO - Epoch 937/1000, Loss: 0.1043, Dice: 0.0901, MSE: 0.0475
2025-05-10 19:15:02 - INFO - Epoch 938/1000, Loss: 0.0880, Dice: 0.0717, MSE: 0.0544
2025-05-10 19:15:15 - INFO - Epoch 939/1000, Loss: 0.1194, Dice: 0.1035, MSE: 0.0532
2025-05-10 19:15:28 - INFO - Epoch 940/1000, Loss: 0.0821, Dice: 0.0699, MSE: 0.0406
2025-05-10 19:15:29 - INFO - 模型已保存至: epoch_940.pth
2025-05-10 19:15:42 - INFO - Epoch 941/1000, Loss: 0.0840, Dice: 0.0695, MSE: 0.0484
2025-05-10 19:15:55 - INFO - Epoch 942/1000, Loss: 0.0793, Dice: 0.0668, MSE: 0.0417
2025-05-10 19:16:08 - INFO - Epoch 943/1000, Loss: 0.0807, Dice: 0.0685, MSE: 0.0410
2025-05-10 19:16:21 - INFO - Epoch 944/1000, Loss: 0.0944, Dice: 0.0814, MSE: 0.0434
2025-05-10 19:16:34 - INFO - Epoch 945/1000, Loss: 0.0872, Dice: 0.0737, MSE: 0.0450
2025-05-10 19:16:47 - INFO - Epoch 946/1000, Loss: 0.0983, Dice: 0.0858, MSE: 0.0416
2025-05-10 19:17:00 - INFO - Epoch 947/1000, Loss: 0.0932, Dice: 0.0792, MSE: 0.0466
2025-05-10 19:17:13 - INFO - Epoch 948/1000, Loss: 0.1355, Dice: 0.1209, MSE: 0.0485
2025-05-10 19:17:26 - INFO - Epoch 949/1000, Loss: 0.0762, Dice: 0.0633, MSE: 0.0429
2025-05-10 19:17:39 - INFO - Epoch 950/1000, Loss: 0.0791, Dice: 0.0674, MSE: 0.0389
2025-05-10 19:17:52 - INFO - Epoch 951/1000, Loss: 0.0836, Dice: 0.0709, MSE: 0.0424
2025-05-10 19:18:05 - INFO - Epoch 952/1000, Loss: 0.0827, Dice: 0.0711, MSE: 0.0387
2025-05-10 19:18:18 - INFO - Epoch 953/1000, Loss: 0.0850, Dice: 0.0722, MSE: 0.0426
2025-05-10 19:18:31 - INFO - Epoch 954/1000, Loss: 0.0774, Dice: 0.0654, MSE: 0.0398
2025-05-10 19:18:44 - INFO - Epoch 955/1000, Loss: 0.0793, Dice: 0.0677, MSE: 0.0387
2025-05-10 19:18:57 - INFO - Epoch 956/1000, Loss: 0.0754, Dice: 0.0622, MSE: 0.0443
2025-05-10 19:19:10 - INFO - Epoch 957/1000, Loss: 0.0706, Dice: 0.0578, MSE: 0.0427
2025-05-10 19:19:23 - INFO - Epoch 958/1000, Loss: 0.0660, Dice: 0.0533, MSE: 0.0425
2025-05-10 19:19:36 - INFO - Epoch 959/1000, Loss: 0.1467, Dice: 0.1350, MSE: 0.0391
2025-05-10 19:19:49 - INFO - Epoch 960/1000, Loss: 0.0782, Dice: 0.0667, MSE: 0.0384
2025-05-10 19:19:50 - INFO - 模型已保存至: epoch_960.pth
2025-05-10 19:20:03 - INFO - Epoch 961/1000, Loss: 0.0747, Dice: 0.0629, MSE: 0.0393
2025-05-10 19:20:16 - INFO - Epoch 962/1000, Loss: 0.0727, Dice: 0.0596, MSE: 0.0437
2025-05-10 19:20:29 - INFO - Epoch 963/1000, Loss: 0.0684, Dice: 0.0558, MSE: 0.0421
2025-05-10 19:20:42 - INFO - Epoch 964/1000, Loss: 0.0754, Dice: 0.0628, MSE: 0.0420
2025-05-10 19:20:55 - INFO - Epoch 965/1000, Loss: 0.0709, Dice: 0.0586, MSE: 0.0412
2025-05-10 19:21:08 - INFO - Epoch 966/1000, Loss: 0.0743, Dice: 0.0619, MSE: 0.0412
2025-05-10 19:21:21 - INFO - Epoch 967/1000, Loss: 0.0695, Dice: 0.0585, MSE: 0.0368
2025-05-10 19:21:34 - INFO - Epoch 968/1000, Loss: 0.0695, Dice: 0.0575, MSE: 0.0400
2025-05-10 19:21:47 - INFO - Epoch 969/1000, Loss: 0.0671, Dice: 0.0561, MSE: 0.0365
2025-05-10 19:22:00 - INFO - Epoch 970/1000, Loss: 0.0792, Dice: 0.0659, MSE: 0.0444
2025-05-10 19:22:13 - INFO - Epoch 971/1000, Loss: 0.0731, Dice: 0.0605, MSE: 0.0418
2025-05-10 19:22:26 - INFO - Epoch 972/1000, Loss: 0.0670, Dice: 0.0548, MSE: 0.0408
2025-05-10 19:22:39 - INFO - Epoch 973/1000, Loss: 0.0675, Dice: 0.0555, MSE: 0.0400
2025-05-10 19:22:52 - INFO - Epoch 974/1000, Loss: 0.0758, Dice: 0.0629, MSE: 0.0429
2025-05-10 19:23:05 - INFO - Epoch 975/1000, Loss: 0.0776, Dice: 0.0671, MSE: 0.0350
2025-05-10 19:23:18 - INFO - Epoch 976/1000, Loss: 0.0776, Dice: 0.0655, MSE: 0.0402
2025-05-10 19:23:31 - INFO - Epoch 977/1000, Loss: 0.0697, Dice: 0.0570, MSE: 0.0424
2025-05-10 19:23:44 - INFO - Epoch 978/1000, Loss: 0.0807, Dice: 0.0684, MSE: 0.0409
2025-05-10 19:23:57 - INFO - Epoch 979/1000, Loss: 0.0734, Dice: 0.0613, MSE: 0.0404
2025-05-10 19:24:10 - INFO - Epoch 980/1000, Loss: 0.0699, Dice: 0.0573, MSE: 0.0421
2025-05-10 19:24:12 - INFO - 模型已保存至: epoch_980.pth
2025-05-10 19:24:24 - INFO - Epoch 981/1000, Loss: 0.0710, Dice: 0.0592, MSE: 0.0393
2025-05-10 19:24:37 - INFO - Epoch 982/1000, Loss: 0.0728, Dice: 0.0612, MSE: 0.0388
2025-05-10 19:24:50 - INFO - Epoch 983/1000, Loss: 0.0660, Dice: 0.0530, MSE: 0.0435
2025-05-10 19:25:03 - INFO - Epoch 984/1000, Loss: 0.0692, Dice: 0.0567, MSE: 0.0417
2025-05-10 19:25:16 - INFO - Epoch 985/1000, Loss: 0.0991, Dice: 0.0870, MSE: 0.0404
2025-05-10 19:25:29 - INFO - Epoch 986/1000, Loss: 0.0724, Dice: 0.0596, MSE: 0.0426
2025-05-10 19:25:42 - INFO - Epoch 987/1000, Loss: 0.0708, Dice: 0.0581, MSE: 0.0424
2025-05-10 19:25:55 - INFO - Epoch 988/1000, Loss: 0.0667, Dice: 0.0553, MSE: 0.0382
2025-05-10 19:26:08 - INFO - Epoch 989/1000, Loss: 0.0746, Dice: 0.0626, MSE: 0.0402
2025-05-10 19:26:21 - INFO - Epoch 990/1000, Loss: 0.0731, Dice: 0.0614, MSE: 0.0390
2025-05-10 19:26:34 - INFO - Epoch 991/1000, Loss: 0.0684, Dice: 0.0571, MSE: 0.0377
2025-05-10 19:26:47 - INFO - Epoch 992/1000, Loss: 0.0664, Dice: 0.0540, MSE: 0.0415
2025-05-10 19:27:00 - INFO - Epoch 993/1000, Loss: 0.0780, Dice: 0.0663, MSE: 0.0389
2025-05-10 19:27:13 - INFO - Epoch 994/1000, Loss: 0.0737, Dice: 0.0618, MSE: 0.0397
2025-05-10 19:27:26 - INFO - Epoch 995/1000, Loss: 0.0667, Dice: 0.0554, MSE: 0.0378
2025-05-10 19:27:39 - INFO - Epoch 996/1000, Loss: 0.0685, Dice: 0.0563, MSE: 0.0404
2025-05-10 19:27:52 - INFO - Epoch 997/1000, Loss: 0.0696, Dice: 0.0577, MSE: 0.0398
2025-05-10 19:28:05 - INFO - Epoch 998/1000, Loss: 0.0685, Dice: 0.0563, MSE: 0.0408
2025-05-10 19:28:18 - INFO - Epoch 999/1000, Loss: 0.0648, Dice: 0.0528, MSE: 0.0398
2025-05-10 19:28:31 - INFO - Epoch 1000/1000, Loss: 0.0638, Dice: 0.0531, MSE: 0.0357
2025-05-10 19:28:32 - INFO - 模型已保存至: epoch_1000.pth
2025-05-10 19:28:32 - INFO - 训练完成！
