2025-07-16 01:49:05 - INFO - Logging is set up.
2025-07-16 01:49:05 - INFO - 训练配置参数:
{'seed': 42, 'epochs': 1000, 'batch_size': 4, 'num_classes': 2, 'learning_rate': 0.001, 'dataset_path': './datasets/LA', 'log_path': './result/SAM3D_VNet_SSL/LA_16_SemiSupervised_V15_2/Training.log', 'pth_path': './result/SAM3D_VNet_SSL/LA_16_SemiSupervised_V15_2/Pth', 'tensorboard_path': './result/SAM3D_VNet_SSL/LA_16_SemiSupervised_V15_2/Train', 'continue_train': False, 'multi_gpu': True, 'training_label_num': 16, 'training_unlabel_num': 64, 'label_bs': 1, 'unlabel_bs': 3, 'consistency_weight': 0.2, 'pretrained_weights': './result/VNet_Multi_V5/LA_16/Pth/Best.pth'}
2025-07-16 01:49:06 - INFO - 使用 2 个GPU
2025-07-16 01:49:06 - INFO - 模型总参数: 106,282,084
2025-07-16 01:49:06 - INFO - 可训练参数: 106,282,084
2025-07-16 01:49:27 - INFO - Epoch 1/1000, Loss: 0.8900, Dice: 0.8803, MSE: 0.0485
2025-07-16 01:49:42 - INFO - Epoch 2/1000, Loss: 0.7319, Dice: 0.7241, MSE: 0.0389
2025-07-16 01:49:57 - INFO - Epoch 3/1000, Loss: 0.6860, Dice: 0.6782, MSE: 0.0393
2025-07-16 01:50:11 - INFO - Epoch 4/1000, Loss: 0.6367, Dice: 0.6289, MSE: 0.0387
2025-07-16 01:50:26 - INFO - Epoch 5/1000, Loss: 0.6271, Dice: 0.6192, MSE: 0.0395
2025-07-16 01:50:41 - INFO - Epoch 6/1000, Loss: 0.6190, Dice: 0.6107, MSE: 0.0416
2025-07-16 01:50:55 - INFO - Epoch 7/1000, Loss: 0.5885, Dice: 0.5804, MSE: 0.0406
2025-07-16 01:51:10 - INFO - Epoch 8/1000, Loss: 0.5320, Dice: 0.5224, MSE: 0.0479
2025-07-16 01:51:37 - INFO - Epoch 9/1000, Loss: 0.5521, Dice: 0.5428, MSE: 0.0465
2025-07-16 01:52:06 - INFO - Epoch 10/1000, Loss: 0.5968, Dice: 0.5861, MSE: 0.0536
2025-07-16 01:52:36 - INFO - Epoch 11/1000, Loss: 0.5925, Dice: 0.5837, MSE: 0.0442
2025-07-16 01:53:05 - INFO - Epoch 12/1000, Loss: 0.5856, Dice: 0.5774, MSE: 0.0411
2025-07-16 01:53:34 - INFO - Epoch 13/1000, Loss: 0.5212, Dice: 0.5123, MSE: 0.0445
2025-07-16 01:54:04 - INFO - Epoch 14/1000, Loss: 0.5012, Dice: 0.4921, MSE: 0.0453
2025-07-16 01:54:33 - INFO - Epoch 15/1000, Loss: 0.4789, Dice: 0.4691, MSE: 0.0492
2025-07-16 01:55:01 - INFO - Epoch 16/1000, Loss: 0.5009, Dice: 0.4908, MSE: 0.0509
2025-07-16 01:55:31 - INFO - Epoch 17/1000, Loss: 0.5452, Dice: 0.5359, MSE: 0.0462
2025-07-16 01:56:01 - INFO - Epoch 18/1000, Loss: 0.4839, Dice: 0.4736, MSE: 0.0516
2025-07-16 01:56:30 - INFO - Epoch 19/1000, Loss: 0.4779, Dice: 0.4682, MSE: 0.0489
2025-07-16 01:56:59 - INFO - Epoch 20/1000, Loss: 0.4406, Dice: 0.4304, MSE: 0.0510
2025-07-16 01:57:01 - INFO - 模型已保存至: epoch_20.pth
2025-07-16 01:57:31 - INFO - Epoch 21/1000, Loss: 0.4968, Dice: 0.4862, MSE: 0.0531
2025-07-16 01:58:01 - INFO - Epoch 22/1000, Loss: 0.4848, Dice: 0.4745, MSE: 0.0515
2025-07-16 01:58:28 - INFO - Epoch 23/1000, Loss: 0.4005, Dice: 0.3898, MSE: 0.0536
2025-07-16 01:58:58 - INFO - Epoch 24/1000, Loss: 0.4047, Dice: 0.3948, MSE: 0.0498
2025-07-16 01:59:27 - INFO - Epoch 25/1000, Loss: 0.4499, Dice: 0.4401, MSE: 0.0493
2025-07-16 01:59:57 - INFO - Epoch 26/1000, Loss: 0.4155, Dice: 0.4050, MSE: 0.0524
2025-07-16 02:00:27 - INFO - Epoch 27/1000, Loss: 0.3865, Dice: 0.3750, MSE: 0.0578
2025-07-16 02:00:57 - INFO - Epoch 28/1000, Loss: 0.3597, Dice: 0.3478, MSE: 0.0595
2025-07-16 02:01:26 - INFO - Epoch 29/1000, Loss: 0.3580, Dice: 0.3473, MSE: 0.0535
2025-07-16 02:01:54 - INFO - Epoch 30/1000, Loss: 0.3716, Dice: 0.3608, MSE: 0.0541
2025-07-16 02:02:23 - INFO - Epoch 31/1000, Loss: 0.3863, Dice: 0.3751, MSE: 0.0558
2025-07-16 02:02:53 - INFO - Epoch 32/1000, Loss: 0.3436, Dice: 0.3330, MSE: 0.0529
2025-07-16 02:03:22 - INFO - Epoch 33/1000, Loss: 0.3780, Dice: 0.3662, MSE: 0.0588
2025-07-16 02:03:52 - INFO - Epoch 34/1000, Loss: 0.3018, Dice: 0.2903, MSE: 0.0576
2025-07-16 02:04:21 - INFO - Epoch 35/1000, Loss: 0.3505, Dice: 0.3394, MSE: 0.0555
2025-07-16 02:04:51 - INFO - Epoch 36/1000, Loss: 0.3239, Dice: 0.3126, MSE: 0.0563
2025-07-16 02:05:19 - INFO - Epoch 37/1000, Loss: 0.3491, Dice: 0.3385, MSE: 0.0531
2025-07-16 02:05:48 - INFO - Epoch 38/1000, Loss: 0.3542, Dice: 0.3431, MSE: 0.0555
2025-07-16 02:06:18 - INFO - Epoch 39/1000, Loss: 0.3186, Dice: 0.3074, MSE: 0.0557
2025-07-16 02:06:47 - INFO - Epoch 40/1000, Loss: 0.3809, Dice: 0.3699, MSE: 0.0546
2025-07-16 02:06:49 - INFO - 模型已保存至: epoch_40.pth
2025-07-16 02:07:19 - INFO - Epoch 41/1000, Loss: 0.3374, Dice: 0.3273, MSE: 0.0509
2025-07-16 02:07:48 - INFO - Epoch 42/1000, Loss: 0.3717, Dice: 0.3607, MSE: 0.0551
2025-07-16 02:08:17 - INFO - Epoch 43/1000, Loss: 0.3547, Dice: 0.3447, MSE: 0.0503
2025-07-16 02:08:45 - INFO - Epoch 44/1000, Loss: 0.3084, Dice: 0.2979, MSE: 0.0526
2025-07-16 02:09:14 - INFO - Epoch 45/1000, Loss: 0.3038, Dice: 0.2929, MSE: 0.0544
2025-07-16 02:09:44 - INFO - Epoch 46/1000, Loss: 0.3679, Dice: 0.3575, MSE: 0.0519
2025-07-16 02:10:14 - INFO - Epoch 47/1000, Loss: 0.3159, Dice: 0.3054, MSE: 0.0525
2025-07-16 02:10:43 - INFO - Epoch 48/1000, Loss: 0.3503, Dice: 0.3398, MSE: 0.0526
2025-07-16 02:11:13 - INFO - Epoch 49/1000, Loss: 0.2370, Dice: 0.2299, MSE: 0.0358
2025-07-16 02:11:43 - INFO - Epoch 50/1000, Loss: 0.3358, Dice: 0.3284, MSE: 0.0371
2025-07-16 02:12:11 - INFO - Epoch 51/1000, Loss: 0.3331, Dice: 0.3269, MSE: 0.0309
2025-07-16 02:12:40 - INFO - Epoch 52/1000, Loss: 0.3348, Dice: 0.3275, MSE: 0.0362
2025-07-16 02:13:09 - INFO - Epoch 53/1000, Loss: 0.3064, Dice: 0.2993, MSE: 0.0353
2025-07-16 02:13:39 - INFO - Epoch 54/1000, Loss: 0.3159, Dice: 0.3094, MSE: 0.0326
2025-07-16 02:14:09 - INFO - Epoch 55/1000, Loss: 0.2881, Dice: 0.2815, MSE: 0.0328
2025-07-16 02:14:38 - INFO - Epoch 56/1000, Loss: 0.2258, Dice: 0.2189, MSE: 0.0342
2025-07-16 02:15:07 - INFO - Epoch 57/1000, Loss: 0.2763, Dice: 0.2694, MSE: 0.0342
2025-07-16 02:15:36 - INFO - Epoch 58/1000, Loss: 0.2947, Dice: 0.2881, MSE: 0.0328
2025-07-16 02:16:06 - INFO - Epoch 59/1000, Loss: 0.2739, Dice: 0.2675, MSE: 0.0320
2025-07-16 02:16:36 - INFO - Epoch 60/1000, Loss: 0.2524, Dice: 0.2460, MSE: 0.0321
2025-07-16 02:16:37 - INFO - 模型已保存至: epoch_60.pth
2025-07-16 02:17:07 - INFO - Epoch 61/1000, Loss: 0.2580, Dice: 0.2515, MSE: 0.0330
2025-07-16 02:17:37 - INFO - Epoch 62/1000, Loss: 0.2239, Dice: 0.2167, MSE: 0.0358
2025-07-16 02:18:06 - INFO - Epoch 63/1000, Loss: 0.2156, Dice: 0.2089, MSE: 0.0336
2025-07-16 02:18:36 - INFO - Epoch 64/1000, Loss: 0.2358, Dice: 0.2291, MSE: 0.0333
2025-07-16 02:19:03 - INFO - Epoch 65/1000, Loss: 0.2678, Dice: 0.2616, MSE: 0.0310
2025-07-16 02:19:33 - INFO - Epoch 66/1000, Loss: 0.2110, Dice: 0.2053, MSE: 0.0287
2025-07-16 02:20:03 - INFO - Epoch 67/1000, Loss: 0.2959, Dice: 0.2894, MSE: 0.0323
2025-07-16 02:20:32 - INFO - Epoch 68/1000, Loss: 0.2404, Dice: 0.2339, MSE: 0.0324
2025-07-16 02:21:02 - INFO - Epoch 69/1000, Loss: 0.2040, Dice: 0.1968, MSE: 0.0360
2025-07-16 02:21:31 - INFO - Epoch 70/1000, Loss: 0.2673, Dice: 0.2610, MSE: 0.0318
2025-07-16 02:22:01 - INFO - Epoch 71/1000, Loss: 0.2944, Dice: 0.2890, MSE: 0.0270
2025-07-16 02:22:29 - INFO - Epoch 72/1000, Loss: 0.2355, Dice: 0.2301, MSE: 0.0273
2025-07-16 02:22:59 - INFO - Epoch 73/1000, Loss: 0.2584, Dice: 0.2528, MSE: 0.0281
2025-07-16 02:23:28 - INFO - Epoch 74/1000, Loss: 0.2664, Dice: 0.2610, MSE: 0.0272
2025-07-16 02:23:57 - INFO - Epoch 75/1000, Loss: 0.2715, Dice: 0.2657, MSE: 0.0292
2025-07-16 02:24:27 - INFO - Epoch 76/1000, Loss: 0.3360, Dice: 0.3307, MSE: 0.0267
2025-07-16 02:24:55 - INFO - Epoch 77/1000, Loss: 0.2396, Dice: 0.2351, MSE: 0.0223
2025-07-16 02:25:25 - INFO - Epoch 78/1000, Loss: 0.2171, Dice: 0.2123, MSE: 0.0239
2025-07-16 02:25:53 - INFO - Epoch 79/1000, Loss: 0.2222, Dice: 0.2164, MSE: 0.0287
2025-07-16 02:26:22 - INFO - Epoch 80/1000, Loss: 0.2188, Dice: 0.2134, MSE: 0.0268
2025-07-16 02:26:24 - INFO - 模型已保存至: epoch_80.pth
2025-07-16 02:26:53 - INFO - Epoch 81/1000, Loss: 0.2357, Dice: 0.2304, MSE: 0.0264
2025-07-16 02:27:23 - INFO - Epoch 82/1000, Loss: 0.2988, Dice: 0.2933, MSE: 0.0273
2025-07-16 02:27:52 - INFO - Epoch 83/1000, Loss: 0.2510, Dice: 0.2453, MSE: 0.0289
2025-07-16 02:28:22 - INFO - Epoch 84/1000, Loss: 0.2123, Dice: 0.2069, MSE: 0.0268
2025-07-16 02:28:51 - INFO - Epoch 85/1000, Loss: 0.2401, Dice: 0.2345, MSE: 0.0280
2025-07-16 02:29:19 - INFO - Epoch 86/1000, Loss: 0.2366, Dice: 0.2313, MSE: 0.0266
2025-07-16 02:29:49 - INFO - Epoch 87/1000, Loss: 0.1986, Dice: 0.1922, MSE: 0.0318
2025-07-16 02:30:18 - INFO - Epoch 88/1000, Loss: 0.2420, Dice: 0.2357, MSE: 0.0316
2025-07-16 02:30:47 - INFO - Epoch 89/1000, Loss: 0.2020, Dice: 0.1962, MSE: 0.0290
2025-07-16 02:31:17 - INFO - Epoch 90/1000, Loss: 0.2153, Dice: 0.2101, MSE: 0.0261
2025-07-16 02:31:46 - INFO - Epoch 91/1000, Loss: 0.1937, Dice: 0.1877, MSE: 0.0299
2025-07-16 02:32:15 - INFO - Epoch 92/1000, Loss: 0.3190, Dice: 0.3133, MSE: 0.0288
2025-07-16 02:32:43 - INFO - Epoch 93/1000, Loss: 0.2576, Dice: 0.2528, MSE: 0.0244
2025-07-16 02:33:13 - INFO - Epoch 94/1000, Loss: 0.2360, Dice: 0.2309, MSE: 0.0253
2025-07-16 02:33:43 - INFO - Epoch 95/1000, Loss: 0.1917, Dice: 0.1864, MSE: 0.0262
2025-07-16 02:34:12 - INFO - Epoch 96/1000, Loss: 0.1984, Dice: 0.1928, MSE: 0.0279
2025-07-16 02:34:41 - INFO - Epoch 97/1000, Loss: 0.1739, Dice: 0.1684, MSE: 0.0275
2025-07-16 02:35:11 - INFO - Epoch 98/1000, Loss: 0.1801, Dice: 0.1745, MSE: 0.0277
2025-07-16 02:35:41 - INFO - Epoch 99/1000, Loss: 0.1958, Dice: 0.1896, MSE: 0.0312
2025-07-16 02:36:09 - INFO - Epoch 100/1000, Loss: 0.1898, Dice: 0.1852, MSE: 0.0229
2025-07-16 02:36:10 - INFO - 模型已保存至: epoch_100.pth
2025-07-16 02:36:40 - INFO - Epoch 101/1000, Loss: 0.2545, Dice: 0.2499, MSE: 0.0229
2025-07-16 02:37:09 - INFO - Epoch 102/1000, Loss: 0.2482, Dice: 0.2428, MSE: 0.0271
2025-07-16 02:37:38 - INFO - Epoch 103/1000, Loss: 0.2081, Dice: 0.2035, MSE: 0.0230
2025-07-16 02:38:07 - INFO - Epoch 104/1000, Loss: 0.2091, Dice: 0.2042, MSE: 0.0242
2025-07-16 02:38:37 - INFO - Epoch 105/1000, Loss: 0.2277, Dice: 0.2220, MSE: 0.0283
2025-07-16 02:39:06 - INFO - Epoch 106/1000, Loss: 0.1600, Dice: 0.1539, MSE: 0.0308
2025-07-16 02:39:34 - INFO - Epoch 107/1000, Loss: 0.2103, Dice: 0.2036, MSE: 0.0331
2025-07-16 02:40:04 - INFO - Epoch 108/1000, Loss: 0.2014, Dice: 0.1966, MSE: 0.0238
2025-07-16 02:40:33 - INFO - Epoch 109/1000, Loss: 0.1857, Dice: 0.1813, MSE: 0.0220
2025-07-16 02:41:02 - INFO - Epoch 110/1000, Loss: 0.1958, Dice: 0.1917, MSE: 0.0203
2025-07-16 02:41:31 - INFO - Epoch 111/1000, Loss: 0.1689, Dice: 0.1634, MSE: 0.0278
2025-07-16 02:42:01 - INFO - Epoch 112/1000, Loss: 0.1943, Dice: 0.1891, MSE: 0.0259
2025-07-16 02:42:30 - INFO - Epoch 113/1000, Loss: 0.1953, Dice: 0.1900, MSE: 0.0266
2025-07-16 02:42:58 - INFO - Epoch 114/1000, Loss: 0.3170, Dice: 0.3116, MSE: 0.0269
2025-07-16 02:43:28 - INFO - Epoch 115/1000, Loss: 0.2682, Dice: 0.2633, MSE: 0.0242
2025-07-16 02:43:57 - INFO - Epoch 116/1000, Loss: 0.3755, Dice: 0.3713, MSE: 0.0209
2025-07-16 02:44:26 - INFO - Epoch 117/1000, Loss: 0.2469, Dice: 0.2425, MSE: 0.0220
2025-07-16 02:44:56 - INFO - Epoch 118/1000, Loss: 0.2468, Dice: 0.2413, MSE: 0.0276
2025-07-16 02:45:25 - INFO - Epoch 119/1000, Loss: 0.2397, Dice: 0.2358, MSE: 0.0196
2025-07-16 02:45:55 - INFO - Epoch 120/1000, Loss: 0.2194, Dice: 0.2138, MSE: 0.0282
2025-07-16 02:45:56 - INFO - 模型已保存至: epoch_120.pth
2025-07-16 02:46:24 - INFO - Epoch 121/1000, Loss: 0.2488, Dice: 0.2441, MSE: 0.0231
2025-07-16 02:46:53 - INFO - Epoch 122/1000, Loss: 0.2600, Dice: 0.2545, MSE: 0.0276
2025-07-16 02:47:23 - INFO - Epoch 123/1000, Loss: 0.2855, Dice: 0.2806, MSE: 0.0245
2025-07-16 02:47:52 - INFO - Epoch 124/1000, Loss: 0.2686, Dice: 0.2634, MSE: 0.0262
2025-07-16 02:48:22 - INFO - Epoch 125/1000, Loss: 0.2269, Dice: 0.2234, MSE: 0.0178
2025-07-16 02:48:51 - INFO - Epoch 126/1000, Loss: 0.2424, Dice: 0.2378, MSE: 0.0229
2025-07-16 02:49:20 - INFO - Epoch 127/1000, Loss: 0.2818, Dice: 0.2775, MSE: 0.0214
2025-07-16 02:49:48 - INFO - Epoch 128/1000, Loss: 0.2332, Dice: 0.2289, MSE: 0.0218
2025-07-16 02:50:17 - INFO - Epoch 129/1000, Loss: 0.2369, Dice: 0.2321, MSE: 0.0238
2025-07-16 02:50:47 - INFO - Epoch 130/1000, Loss: 0.2048, Dice: 0.2006, MSE: 0.0211
2025-07-16 02:51:17 - INFO - Epoch 131/1000, Loss: 0.2067, Dice: 0.2020, MSE: 0.0231
2025-07-16 02:51:46 - INFO - Epoch 132/1000, Loss: 0.1855, Dice: 0.1810, MSE: 0.0227
2025-07-16 02:52:15 - INFO - Epoch 133/1000, Loss: 0.1715, Dice: 0.1664, MSE: 0.0255
2025-07-16 02:52:45 - INFO - Epoch 134/1000, Loss: 0.2040, Dice: 0.1993, MSE: 0.0233
2025-07-16 02:53:12 - INFO - Epoch 135/1000, Loss: 0.2207, Dice: 0.2154, MSE: 0.0268
2025-07-16 02:53:42 - INFO - Epoch 136/1000, Loss: 0.1847, Dice: 0.1798, MSE: 0.0244
2025-07-16 02:54:12 - INFO - Epoch 137/1000, Loss: 0.2264, Dice: 0.2215, MSE: 0.0241
2025-07-16 02:54:41 - INFO - Epoch 138/1000, Loss: 0.1963, Dice: 0.1915, MSE: 0.0240
2025-07-16 02:55:11 - INFO - Epoch 139/1000, Loss: 0.1940, Dice: 0.1895, MSE: 0.0225
2025-07-16 02:55:40 - INFO - Epoch 140/1000, Loss: 0.2017, Dice: 0.1964, MSE: 0.0267
2025-07-16 02:55:41 - INFO - 模型已保存至: epoch_140.pth
2025-07-16 02:56:11 - INFO - Epoch 141/1000, Loss: 0.2073, Dice: 0.2026, MSE: 0.0235
2025-07-16 02:56:39 - INFO - Epoch 142/1000, Loss: 0.1976, Dice: 0.1919, MSE: 0.0285
2025-07-16 02:57:08 - INFO - Epoch 143/1000, Loss: 0.1647, Dice: 0.1606, MSE: 0.0205
2025-07-16 02:57:37 - INFO - Epoch 144/1000, Loss: 0.1898, Dice: 0.1851, MSE: 0.0236
2025-07-16 02:58:08 - INFO - Epoch 145/1000, Loss: 0.1524, Dice: 0.1477, MSE: 0.0233
2025-07-16 02:58:37 - INFO - Epoch 146/1000, Loss: 0.1603, Dice: 0.1555, MSE: 0.0242
2025-07-16 02:59:06 - INFO - Epoch 147/1000, Loss: 0.1996, Dice: 0.1958, MSE: 0.0194
2025-07-16 02:59:35 - INFO - Epoch 148/1000, Loss: 0.1783, Dice: 0.1738, MSE: 0.0224
2025-07-16 03:00:03 - INFO - Epoch 149/1000, Loss: 0.1655, Dice: 0.1609, MSE: 0.0227
2025-07-16 03:00:33 - INFO - Epoch 150/1000, Loss: 0.1641, Dice: 0.1598, MSE: 0.0214
2025-07-16 03:01:02 - INFO - Epoch 151/1000, Loss: 0.1569, Dice: 0.1524, MSE: 0.0223
2025-07-16 03:01:32 - INFO - Epoch 152/1000, Loss: 0.2569, Dice: 0.2522, MSE: 0.0236
2025-07-16 03:02:01 - INFO - Epoch 153/1000, Loss: 0.2258, Dice: 0.2207, MSE: 0.0259
2025-07-16 03:02:30 - INFO - Epoch 154/1000, Loss: 0.1789, Dice: 0.1744, MSE: 0.0227
2025-07-16 03:03:00 - INFO - Epoch 155/1000, Loss: 0.1757, Dice: 0.1712, MSE: 0.0222
2025-07-16 03:03:28 - INFO - Epoch 156/1000, Loss: 0.1620, Dice: 0.1571, MSE: 0.0246
2025-07-16 03:03:57 - INFO - Epoch 157/1000, Loss: 0.2335, Dice: 0.2295, MSE: 0.0196
2025-07-16 03:04:26 - INFO - Epoch 158/1000, Loss: 0.1944, Dice: 0.1900, MSE: 0.0222
2025-07-16 03:04:55 - INFO - Epoch 159/1000, Loss: 0.2263, Dice: 0.2216, MSE: 0.0234
2025-07-16 03:05:25 - INFO - Epoch 160/1000, Loss: 0.2929, Dice: 0.2886, MSE: 0.0212
2025-07-16 03:05:26 - INFO - 模型已保存至: epoch_160.pth
2025-07-16 03:05:56 - INFO - Epoch 161/1000, Loss: 0.2099, Dice: 0.2060, MSE: 0.0193
2025-07-16 03:06:25 - INFO - Epoch 162/1000, Loss: 0.1679, Dice: 0.1636, MSE: 0.0216
2025-07-16 03:06:53 - INFO - Epoch 163/1000, Loss: 0.1634, Dice: 0.1592, MSE: 0.0213
2025-07-16 03:07:23 - INFO - Epoch 164/1000, Loss: 0.1774, Dice: 0.1724, MSE: 0.0251
2025-07-16 03:07:52 - INFO - Epoch 165/1000, Loss: 0.1735, Dice: 0.1693, MSE: 0.0209
2025-07-16 03:08:22 - INFO - Epoch 166/1000, Loss: 0.1854, Dice: 0.1818, MSE: 0.0178
2025-07-16 03:08:51 - INFO - Epoch 167/1000, Loss: 0.1773, Dice: 0.1736, MSE: 0.0188
2025-07-16 03:09:21 - INFO - Epoch 168/1000, Loss: 0.1676, Dice: 0.1635, MSE: 0.0202
2025-07-16 03:09:50 - INFO - Epoch 169/1000, Loss: 0.1968, Dice: 0.1934, MSE: 0.0167
2025-07-16 03:10:18 - INFO - Epoch 170/1000, Loss: 0.1753, Dice: 0.1710, MSE: 0.0216
2025-07-16 03:10:47 - INFO - Epoch 171/1000, Loss: 0.1642, Dice: 0.1598, MSE: 0.0218
2025-07-16 03:11:17 - INFO - Epoch 172/1000, Loss: 0.1854, Dice: 0.1809, MSE: 0.0222
2025-07-16 03:11:46 - INFO - Epoch 173/1000, Loss: 0.1594, Dice: 0.1540, MSE: 0.0270
2025-07-16 03:12:16 - INFO - Epoch 174/1000, Loss: 0.1541, Dice: 0.1494, MSE: 0.0235
2025-07-16 03:12:45 - INFO - Epoch 175/1000, Loss: 0.1632, Dice: 0.1591, MSE: 0.0204
2025-07-16 03:13:14 - INFO - Epoch 176/1000, Loss: 0.1484, Dice: 0.1446, MSE: 0.0187
2025-07-16 03:13:42 - INFO - Epoch 177/1000, Loss: 0.1531, Dice: 0.1494, MSE: 0.0185
2025-07-16 03:14:12 - INFO - Epoch 178/1000, Loss: 0.1794, Dice: 0.1745, MSE: 0.0246
2025-07-16 03:14:41 - INFO - Epoch 179/1000, Loss: 0.2203, Dice: 0.2167, MSE: 0.0181
2025-07-16 03:15:10 - INFO - Epoch 180/1000, Loss: 0.1899, Dice: 0.1854, MSE: 0.0222
2025-07-16 03:15:11 - INFO - 模型已保存至: epoch_180.pth
2025-07-16 03:15:41 - INFO - Epoch 181/1000, Loss: 0.1848, Dice: 0.1809, MSE: 0.0194
2025-07-16 03:16:10 - INFO - Epoch 182/1000, Loss: 0.1610, Dice: 0.1572, MSE: 0.0190
2025-07-16 03:16:40 - INFO - Epoch 183/1000, Loss: 0.2023, Dice: 0.1987, MSE: 0.0183
2025-07-16 03:17:07 - INFO - Epoch 184/1000, Loss: 0.2068, Dice: 0.2029, MSE: 0.0198
2025-07-16 03:17:37 - INFO - Epoch 185/1000, Loss: 0.1431, Dice: 0.1393, MSE: 0.0188
2025-07-16 03:18:06 - INFO - Epoch 186/1000, Loss: 0.1431, Dice: 0.1387, MSE: 0.0217
2025-07-16 03:18:35 - INFO - Epoch 187/1000, Loss: 0.1503, Dice: 0.1462, MSE: 0.0205
2025-07-16 03:19:04 - INFO - Epoch 188/1000, Loss: 0.1470, Dice: 0.1428, MSE: 0.0214
2025-07-16 03:19:34 - INFO - Epoch 189/1000, Loss: 0.1649, Dice: 0.1611, MSE: 0.0191
2025-07-16 03:20:03 - INFO - Epoch 190/1000, Loss: 0.1781, Dice: 0.1738, MSE: 0.0217
2025-07-16 03:20:31 - INFO - Epoch 191/1000, Loss: 0.1805, Dice: 0.1771, MSE: 0.0168
2025-07-16 03:21:01 - INFO - Epoch 192/1000, Loss: 0.1445, Dice: 0.1412, MSE: 0.0166
2025-07-16 03:21:30 - INFO - Epoch 193/1000, Loss: 0.1372, Dice: 0.1335, MSE: 0.0181
2025-07-16 03:22:00 - INFO - Epoch 194/1000, Loss: 0.1811, Dice: 0.1775, MSE: 0.0179
2025-07-16 03:22:29 - INFO - Epoch 195/1000, Loss: 0.1690, Dice: 0.1656, MSE: 0.0168
2025-07-16 03:22:58 - INFO - Epoch 196/1000, Loss: 0.1335, Dice: 0.1295, MSE: 0.0198
2025-07-16 03:23:28 - INFO - Epoch 197/1000, Loss: 0.1785, Dice: 0.1744, MSE: 0.0203
2025-07-16 03:23:56 - INFO - Epoch 198/1000, Loss: 0.1485, Dice: 0.1442, MSE: 0.0213
2025-07-16 03:24:25 - INFO - Epoch 199/1000, Loss: 0.1864, Dice: 0.1828, MSE: 0.0180
2025-07-16 03:24:54 - INFO - Epoch 200/1000, Loss: 0.2306, Dice: 0.2255, MSE: 0.0255
2025-07-16 03:24:56 - INFO - 模型已保存至: epoch_200.pth
2025-07-16 03:25:25 - INFO - Epoch 201/1000, Loss: 0.1527, Dice: 0.1490, MSE: 0.0183
2025-07-16 03:25:54 - INFO - Epoch 202/1000, Loss: 0.1404, Dice: 0.1364, MSE: 0.0201
2025-07-16 03:26:24 - INFO - Epoch 203/1000, Loss: 0.1632, Dice: 0.1586, MSE: 0.0226
2025-07-16 03:26:53 - INFO - Epoch 204/1000, Loss: 0.1752, Dice: 0.1714, MSE: 0.0192
2025-07-16 03:27:21 - INFO - Epoch 205/1000, Loss: 0.1964, Dice: 0.1923, MSE: 0.0201
2025-07-16 03:27:51 - INFO - Epoch 206/1000, Loss: 0.1938, Dice: 0.1900, MSE: 0.0189
2025-07-16 03:28:20 - INFO - Epoch 207/1000, Loss: 0.1453, Dice: 0.1416, MSE: 0.0186
2025-07-16 03:28:49 - INFO - Epoch 208/1000, Loss: 0.1625, Dice: 0.1573, MSE: 0.0261
2025-07-16 03:29:18 - INFO - Epoch 209/1000, Loss: 0.1575, Dice: 0.1533, MSE: 0.0208
2025-07-16 03:29:48 - INFO - Epoch 210/1000, Loss: 0.1495, Dice: 0.1449, MSE: 0.0228
2025-07-16 03:30:17 - INFO - Epoch 211/1000, Loss: 0.1517, Dice: 0.1479, MSE: 0.0193
2025-07-16 03:30:45 - INFO - Epoch 212/1000, Loss: 0.1429, Dice: 0.1391, MSE: 0.0187
2025-07-16 03:31:14 - INFO - Epoch 213/1000, Loss: 0.1259, Dice: 0.1225, MSE: 0.0168
2025-07-16 03:31:44 - INFO - Epoch 214/1000, Loss: 0.1657, Dice: 0.1619, MSE: 0.0192
2025-07-16 03:32:13 - INFO - Epoch 215/1000, Loss: 0.1230, Dice: 0.1198, MSE: 0.0157
2025-07-16 03:32:42 - INFO - Epoch 216/1000, Loss: 0.1398, Dice: 0.1357, MSE: 0.0204
2025-07-16 03:33:11 - INFO - Epoch 217/1000, Loss: 0.1296, Dice: 0.1259, MSE: 0.0184
2025-07-16 03:33:41 - INFO - Epoch 218/1000, Loss: 0.1560, Dice: 0.1529, MSE: 0.0157
2025-07-16 03:34:08 - INFO - Epoch 219/1000, Loss: 0.1474, Dice: 0.1433, MSE: 0.0208
2025-07-16 03:34:38 - INFO - Epoch 220/1000, Loss: 0.1352, Dice: 0.1312, MSE: 0.0204
2025-07-16 03:34:39 - INFO - 模型已保存至: epoch_220.pth
2025-07-16 03:35:09 - INFO - Epoch 221/1000, Loss: 0.1265, Dice: 0.1232, MSE: 0.0166
2025-07-16 03:35:38 - INFO - Epoch 222/1000, Loss: 0.1179, Dice: 0.1143, MSE: 0.0180
2025-07-16 03:36:07 - INFO - Epoch 223/1000, Loss: 0.1264, Dice: 0.1219, MSE: 0.0223
2025-07-16 03:36:37 - INFO - Epoch 224/1000, Loss: 0.1078, Dice: 0.1040, MSE: 0.0187
2025-07-16 03:37:06 - INFO - Epoch 225/1000, Loss: 0.1214, Dice: 0.1177, MSE: 0.0184
2025-07-16 03:37:34 - INFO - Epoch 226/1000, Loss: 0.2387, Dice: 0.2346, MSE: 0.0207
2025-07-16 03:38:03 - INFO - Epoch 227/1000, Loss: 0.1720, Dice: 0.1690, MSE: 0.0152
2025-07-16 03:38:33 - INFO - Epoch 228/1000, Loss: 0.1626, Dice: 0.1590, MSE: 0.0177
2025-07-16 03:39:02 - INFO - Epoch 229/1000, Loss: 0.1693, Dice: 0.1655, MSE: 0.0192
2025-07-16 03:39:32 - INFO - Epoch 230/1000, Loss: 0.1504, Dice: 0.1468, MSE: 0.0177
2025-07-16 03:40:02 - INFO - Epoch 231/1000, Loss: 0.1400, Dice: 0.1362, MSE: 0.0190
2025-07-16 03:40:31 - INFO - Epoch 232/1000, Loss: 0.1875, Dice: 0.1841, MSE: 0.0171
2025-07-16 03:40:59 - INFO - Epoch 233/1000, Loss: 0.1576, Dice: 0.1543, MSE: 0.0167
2025-07-16 03:41:28 - INFO - Epoch 234/1000, Loss: 0.1468, Dice: 0.1433, MSE: 0.0178
2025-07-16 03:41:58 - INFO - Epoch 235/1000, Loss: 0.1665, Dice: 0.1635, MSE: 0.0148
2025-07-16 03:42:27 - INFO - Epoch 236/1000, Loss: 0.1370, Dice: 0.1344, MSE: 0.0134
2025-07-16 03:42:56 - INFO - Epoch 237/1000, Loss: 0.1206, Dice: 0.1177, MSE: 0.0148
2025-07-16 03:43:26 - INFO - Epoch 238/1000, Loss: 0.1475, Dice: 0.1440, MSE: 0.0175
2025-07-16 03:43:55 - INFO - Epoch 239/1000, Loss: 0.1173, Dice: 0.1145, MSE: 0.0139
2025-07-16 03:44:23 - INFO - Epoch 240/1000, Loss: 0.1396, Dice: 0.1361, MSE: 0.0179
2025-07-16 03:44:24 - INFO - 模型已保存至: epoch_240.pth
2025-07-16 03:44:54 - INFO - Epoch 241/1000, Loss: 0.1494, Dice: 0.1459, MSE: 0.0173
2025-07-16 03:45:23 - INFO - Epoch 242/1000, Loss: 0.1462, Dice: 0.1427, MSE: 0.0176
2025-07-16 03:45:53 - INFO - Epoch 243/1000, Loss: 0.1597, Dice: 0.1562, MSE: 0.0173
2025-07-16 03:46:22 - INFO - Epoch 244/1000, Loss: 0.1439, Dice: 0.1403, MSE: 0.0180
2025-07-16 03:46:51 - INFO - Epoch 245/1000, Loss: 0.1883, Dice: 0.1848, MSE: 0.0176
2025-07-16 03:47:21 - INFO - Epoch 246/1000, Loss: 0.2369, Dice: 0.2337, MSE: 0.0159
2025-07-16 03:47:48 - INFO - Epoch 247/1000, Loss: 0.1326, Dice: 0.1293, MSE: 0.0166
2025-07-16 03:48:18 - INFO - Epoch 248/1000, Loss: 0.1540, Dice: 0.1506, MSE: 0.0173
2025-07-16 03:48:48 - INFO - Epoch 249/1000, Loss: 0.1391, Dice: 0.1356, MSE: 0.0176
2025-07-16 03:49:17 - INFO - Epoch 250/1000, Loss: 0.1781, Dice: 0.1746, MSE: 0.0171
2025-07-16 03:49:46 - INFO - Epoch 251/1000, Loss: 0.2208, Dice: 0.2170, MSE: 0.0193
2025-07-16 03:50:15 - INFO - Epoch 252/1000, Loss: 0.1696, Dice: 0.1649, MSE: 0.0234
2025-07-16 03:50:44 - INFO - Epoch 253/1000, Loss: 0.1476, Dice: 0.1438, MSE: 0.0190
2025-07-16 03:51:13 - INFO - Epoch 254/1000, Loss: 0.1674, Dice: 0.1643, MSE: 0.0158
2025-07-16 03:51:42 - INFO - Epoch 255/1000, Loss: 0.1549, Dice: 0.1513, MSE: 0.0178
2025-07-16 03:52:11 - INFO - Epoch 256/1000, Loss: 0.1580, Dice: 0.1543, MSE: 0.0185
2025-07-16 03:52:40 - INFO - Epoch 257/1000, Loss: 0.1928, Dice: 0.1888, MSE: 0.0198
2025-07-16 03:53:10 - INFO - Epoch 258/1000, Loss: 0.1778, Dice: 0.1744, MSE: 0.0169
2025-07-16 03:53:39 - INFO - Epoch 259/1000, Loss: 0.1550, Dice: 0.1515, MSE: 0.0172
2025-07-16 03:54:08 - INFO - Epoch 260/1000, Loss: 0.1384, Dice: 0.1352, MSE: 0.0164
2025-07-16 03:54:10 - INFO - 模型已保存至: epoch_260.pth
2025-07-16 03:54:38 - INFO - Epoch 261/1000, Loss: 0.1523, Dice: 0.1487, MSE: 0.0181
2025-07-16 03:55:08 - INFO - Epoch 262/1000, Loss: 0.1222, Dice: 0.1187, MSE: 0.0179
2025-07-16 03:55:37 - INFO - Epoch 263/1000, Loss: 0.1418, Dice: 0.1380, MSE: 0.0190
2025-07-16 03:56:07 - INFO - Epoch 264/1000, Loss: 0.1434, Dice: 0.1403, MSE: 0.0155
2025-07-16 03:56:36 - INFO - Epoch 265/1000, Loss: 0.1541, Dice: 0.1507, MSE: 0.0173
2025-07-16 03:57:05 - INFO - Epoch 266/1000, Loss: 0.1256, Dice: 0.1224, MSE: 0.0159
2025-07-16 03:57:34 - INFO - Epoch 267/1000, Loss: 0.1053, Dice: 0.1020, MSE: 0.0165
2025-07-16 03:58:03 - INFO - Epoch 268/1000, Loss: 0.1170, Dice: 0.1136, MSE: 0.0171
2025-07-16 03:58:32 - INFO - Epoch 269/1000, Loss: 0.1316, Dice: 0.1283, MSE: 0.0166
2025-07-16 03:59:01 - INFO - Epoch 270/1000, Loss: 0.1161, Dice: 0.1129, MSE: 0.0161
2025-07-16 03:59:31 - INFO - Epoch 271/1000, Loss: 0.2057, Dice: 0.2016, MSE: 0.0202
2025-07-16 04:00:00 - INFO - Epoch 272/1000, Loss: 0.1560, Dice: 0.1522, MSE: 0.0189
2025-07-16 04:00:29 - INFO - Epoch 273/1000, Loss: 0.1632, Dice: 0.1594, MSE: 0.0189
2025-07-16 04:00:58 - INFO - Epoch 274/1000, Loss: 0.2891, Dice: 0.2855, MSE: 0.0180
2025-07-16 04:01:28 - INFO - Epoch 275/1000, Loss: 0.2425, Dice: 0.2388, MSE: 0.0187
2025-07-16 04:01:56 - INFO - Epoch 276/1000, Loss: 0.1786, Dice: 0.1749, MSE: 0.0184
2025-07-16 04:02:25 - INFO - Epoch 277/1000, Loss: 0.1566, Dice: 0.1535, MSE: 0.0152
2025-07-16 04:02:54 - INFO - Epoch 278/1000, Loss: 0.1894, Dice: 0.1851, MSE: 0.0214
2025-07-16 04:03:24 - INFO - Epoch 279/1000, Loss: 0.1860, Dice: 0.1823, MSE: 0.0183
2025-07-16 04:03:54 - INFO - Epoch 280/1000, Loss: 0.1571, Dice: 0.1546, MSE: 0.0122
2025-07-16 04:03:55 - INFO - 模型已保存至: epoch_280.pth
2025-07-16 04:04:25 - INFO - Epoch 281/1000, Loss: 0.1464, Dice: 0.1429, MSE: 0.0174
2025-07-16 04:04:54 - INFO - Epoch 282/1000, Loss: 0.1437, Dice: 0.1409, MSE: 0.0141
2025-07-16 04:05:23 - INFO - Epoch 283/1000, Loss: 0.1384, Dice: 0.1355, MSE: 0.0146
2025-07-16 04:05:52 - INFO - Epoch 284/1000, Loss: 0.1333, Dice: 0.1304, MSE: 0.0144
2025-07-16 04:06:21 - INFO - Epoch 285/1000, Loss: 0.1419, Dice: 0.1382, MSE: 0.0185
2025-07-16 04:06:50 - INFO - Epoch 286/1000, Loss: 0.1522, Dice: 0.1490, MSE: 0.0163
2025-07-16 04:07:19 - INFO - Epoch 287/1000, Loss: 0.1261, Dice: 0.1227, MSE: 0.0166
2025-07-16 04:07:49 - INFO - Epoch 288/1000, Loss: 0.1141, Dice: 0.1101, MSE: 0.0199
2025-07-16 04:08:18 - INFO - Epoch 289/1000, Loss: 0.1152, Dice: 0.1122, MSE: 0.0150
2025-07-16 04:08:47 - INFO - Epoch 290/1000, Loss: 0.1655, Dice: 0.1621, MSE: 0.0168
2025-07-16 04:09:16 - INFO - Epoch 291/1000, Loss: 0.1298, Dice: 0.1265, MSE: 0.0169
2025-07-16 04:09:46 - INFO - Epoch 292/1000, Loss: 0.1054, Dice: 0.1021, MSE: 0.0168
2025-07-16 04:10:15 - INFO - Epoch 293/1000, Loss: 0.1156, Dice: 0.1127, MSE: 0.0146
2025-07-16 04:10:44 - INFO - Epoch 294/1000, Loss: 0.1237, Dice: 0.1203, MSE: 0.0173
2025-07-16 04:11:13 - INFO - Epoch 295/1000, Loss: 0.1218, Dice: 0.1170, MSE: 0.0239
2025-07-16 04:11:43 - INFO - Epoch 296/1000, Loss: 0.1323, Dice: 0.1291, MSE: 0.0159
2025-07-16 04:12:11 - INFO - Epoch 297/1000, Loss: 0.1772, Dice: 0.1728, MSE: 0.0218
2025-07-16 04:12:40 - INFO - Epoch 298/1000, Loss: 0.1894, Dice: 0.1866, MSE: 0.0140
2025-07-16 04:13:09 - INFO - Epoch 299/1000, Loss: 0.1856, Dice: 0.1822, MSE: 0.0174
2025-07-16 04:13:39 - INFO - Epoch 300/1000, Loss: 0.1870, Dice: 0.1838, MSE: 0.0159
2025-07-16 04:13:40 - INFO - 模型已保存至: epoch_300.pth
2025-07-16 04:14:09 - INFO - Epoch 301/1000, Loss: 0.1660, Dice: 0.1621, MSE: 0.0198
2025-07-16 04:14:39 - INFO - Epoch 302/1000, Loss: 0.1718, Dice: 0.1680, MSE: 0.0189
2025-07-16 04:15:08 - INFO - Epoch 303/1000, Loss: 0.1280, Dice: 0.1243, MSE: 0.0187
2025-07-16 04:15:36 - INFO - Epoch 304/1000, Loss: 0.1733, Dice: 0.1695, MSE: 0.0190
2025-07-16 04:16:06 - INFO - Epoch 305/1000, Loss: 0.1502, Dice: 0.1473, MSE: 0.0148
2025-07-16 04:16:35 - INFO - Epoch 306/1000, Loss: 0.1424, Dice: 0.1389, MSE: 0.0176
2025-07-16 04:17:04 - INFO - Epoch 307/1000, Loss: 0.1639, Dice: 0.1598, MSE: 0.0205
2025-07-16 04:17:33 - INFO - Epoch 308/1000, Loss: 0.1376, Dice: 0.1338, MSE: 0.0187
2025-07-16 04:18:03 - INFO - Epoch 309/1000, Loss: 0.1385, Dice: 0.1353, MSE: 0.0159
2025-07-16 04:18:32 - INFO - Epoch 310/1000, Loss: 0.1890, Dice: 0.1854, MSE: 0.0176
2025-07-16 04:19:00 - INFO - Epoch 311/1000, Loss: 0.1210, Dice: 0.1176, MSE: 0.0169
2025-07-16 04:19:29 - INFO - Epoch 312/1000, Loss: 0.1906, Dice: 0.1870, MSE: 0.0179
2025-07-16 04:19:58 - INFO - Epoch 313/1000, Loss: 0.1553, Dice: 0.1512, MSE: 0.0206
2025-07-16 04:20:28 - INFO - Epoch 314/1000, Loss: 0.1187, Dice: 0.1154, MSE: 0.0165
2025-07-16 04:20:57 - INFO - Epoch 315/1000, Loss: 0.1161, Dice: 0.1128, MSE: 0.0166
2025-07-16 04:21:26 - INFO - Epoch 316/1000, Loss: 0.1031, Dice: 0.0996, MSE: 0.0172
2025-07-16 04:21:56 - INFO - Epoch 317/1000, Loss: 0.1275, Dice: 0.1245, MSE: 0.0151
2025-07-16 04:22:23 - INFO - Epoch 318/1000, Loss: 0.1149, Dice: 0.1120, MSE: 0.0145
2025-07-16 04:22:53 - INFO - Epoch 319/1000, Loss: 0.0921, Dice: 0.0889, MSE: 0.0161
2025-07-16 04:23:22 - INFO - Epoch 320/1000, Loss: 0.1393, Dice: 0.1357, MSE: 0.0180
2025-07-16 04:23:23 - INFO - 模型已保存至: epoch_320.pth
2025-07-16 04:23:53 - INFO - Epoch 321/1000, Loss: 0.1266, Dice: 0.1228, MSE: 0.0188
2025-07-16 04:24:23 - INFO - Epoch 322/1000, Loss: 0.1293, Dice: 0.1259, MSE: 0.0167
2025-07-16 04:24:52 - INFO - Epoch 323/1000, Loss: 0.1207, Dice: 0.1176, MSE: 0.0153
2025-07-16 04:25:21 - INFO - Epoch 324/1000, Loss: 0.1471, Dice: 0.1443, MSE: 0.0139
2025-07-16 04:25:49 - INFO - Epoch 325/1000, Loss: 0.1065, Dice: 0.1031, MSE: 0.0173
2025-07-16 04:26:19 - INFO - Epoch 326/1000, Loss: 0.1035, Dice: 0.0999, MSE: 0.0181
2025-07-16 04:26:49 - INFO - Epoch 327/1000, Loss: 0.1256, Dice: 0.1225, MSE: 0.0153
2025-07-16 04:27:18 - INFO - Epoch 328/1000, Loss: 0.1616, Dice: 0.1576, MSE: 0.0205
2025-07-16 04:27:47 - INFO - Epoch 329/1000, Loss: 0.1319, Dice: 0.1288, MSE: 0.0151
2025-07-16 04:28:16 - INFO - Epoch 330/1000, Loss: 0.1212, Dice: 0.1179, MSE: 0.0164
2025-07-16 04:28:46 - INFO - Epoch 331/1000, Loss: 0.1240, Dice: 0.1208, MSE: 0.0161
2025-07-16 04:29:14 - INFO - Epoch 332/1000, Loss: 0.1193, Dice: 0.1165, MSE: 0.0143
2025-07-16 04:29:44 - INFO - Epoch 333/1000, Loss: 0.1241, Dice: 0.1209, MSE: 0.0161
2025-07-16 04:30:13 - INFO - Epoch 334/1000, Loss: 0.1234, Dice: 0.1201, MSE: 0.0164
2025-07-16 04:30:42 - INFO - Epoch 335/1000, Loss: 0.1069, Dice: 0.1026, MSE: 0.0215
2025-07-16 04:31:11 - INFO - Epoch 336/1000, Loss: 0.1457, Dice: 0.1413, MSE: 0.0217
2025-07-16 04:31:40 - INFO - Epoch 337/1000, Loss: 0.1041, Dice: 0.1015, MSE: 0.0130
2025-07-16 04:32:10 - INFO - Epoch 338/1000, Loss: 0.1099, Dice: 0.1069, MSE: 0.0145
2025-07-16 04:32:38 - INFO - Epoch 339/1000, Loss: 0.1510, Dice: 0.1480, MSE: 0.0153
2025-07-16 04:33:07 - INFO - Epoch 340/1000, Loss: 0.1115, Dice: 0.1083, MSE: 0.0160
2025-07-16 04:33:08 - INFO - 模型已保存至: epoch_340.pth
2025-07-16 04:33:38 - INFO - Epoch 341/1000, Loss: 0.1131, Dice: 0.1098, MSE: 0.0161
2025-07-16 04:34:07 - INFO - Epoch 342/1000, Loss: 0.1072, Dice: 0.1043, MSE: 0.0141
2025-07-16 04:34:36 - INFO - Epoch 343/1000, Loss: 0.1003, Dice: 0.0973, MSE: 0.0148
2025-07-16 04:35:05 - INFO - Epoch 344/1000, Loss: 0.1010, Dice: 0.0982, MSE: 0.0140
2025-07-16 04:35:34 - INFO - Epoch 345/1000, Loss: 0.1322, Dice: 0.1291, MSE: 0.0155
2025-07-16 04:36:02 - INFO - Epoch 346/1000, Loss: 0.1393, Dice: 0.1359, MSE: 0.0171
2025-07-16 04:36:32 - INFO - Epoch 347/1000, Loss: 0.1566, Dice: 0.1528, MSE: 0.0191
2025-07-16 04:37:01 - INFO - Epoch 348/1000, Loss: 0.1492, Dice: 0.1459, MSE: 0.0165
2025-07-16 04:37:30 - INFO - Epoch 349/1000, Loss: 0.1149, Dice: 0.1110, MSE: 0.0195
2025-07-16 04:37:59 - INFO - Epoch 350/1000, Loss: 0.1763, Dice: 0.1721, MSE: 0.0209
2025-07-16 04:38:29 - INFO - Epoch 351/1000, Loss: 0.1729, Dice: 0.1689, MSE: 0.0200
2025-07-16 04:38:58 - INFO - Epoch 352/1000, Loss: 0.1783, Dice: 0.1745, MSE: 0.0193
2025-07-16 04:39:26 - INFO - Epoch 353/1000, Loss: 0.1467, Dice: 0.1434, MSE: 0.0168
2025-07-16 04:39:55 - INFO - Epoch 354/1000, Loss: 0.1601, Dice: 0.1561, MSE: 0.0199
2025-07-16 04:40:25 - INFO - Epoch 355/1000, Loss: 0.1671, Dice: 0.1632, MSE: 0.0195
2025-07-16 04:40:54 - INFO - Epoch 356/1000, Loss: 0.1683, Dice: 0.1647, MSE: 0.0179
2025-07-16 04:41:23 - INFO - Epoch 357/1000, Loss: 0.1264, Dice: 0.1229, MSE: 0.0171
2025-07-16 04:41:53 - INFO - Epoch 358/1000, Loss: 0.1286, Dice: 0.1258, MSE: 0.0142
2025-07-16 04:42:22 - INFO - Epoch 359/1000, Loss: 0.1372, Dice: 0.1337, MSE: 0.0174
2025-07-16 04:42:43 - INFO - Epoch 360/1000, Loss: 0.1027, Dice: 0.0993, MSE: 0.0170
2025-07-16 04:42:44 - INFO - 模型已保存至: epoch_360.pth
2025-07-16 04:42:59 - INFO - Epoch 361/1000, Loss: 0.1115, Dice: 0.1084, MSE: 0.0154
2025-07-16 04:43:14 - INFO - Epoch 362/1000, Loss: 0.1143, Dice: 0.1108, MSE: 0.0173
2025-07-16 04:43:29 - INFO - Epoch 363/1000, Loss: 0.1361, Dice: 0.1329, MSE: 0.0163
2025-07-16 04:43:43 - INFO - Epoch 364/1000, Loss: 0.1064, Dice: 0.1032, MSE: 0.0159
2025-07-16 04:43:58 - INFO - Epoch 365/1000, Loss: 0.1146, Dice: 0.1116, MSE: 0.0152
2025-07-16 04:44:13 - INFO - Epoch 366/1000, Loss: 0.1131, Dice: 0.1101, MSE: 0.0150
2025-07-16 04:44:28 - INFO - Epoch 367/1000, Loss: 0.1103, Dice: 0.1068, MSE: 0.0173
2025-07-16 04:44:42 - INFO - Epoch 368/1000, Loss: 0.0971, Dice: 0.0940, MSE: 0.0152
2025-07-16 04:44:57 - INFO - Epoch 369/1000, Loss: 0.1565, Dice: 0.1528, MSE: 0.0187
2025-07-16 04:45:12 - INFO - Epoch 370/1000, Loss: 0.1177, Dice: 0.1145, MSE: 0.0158
2025-07-16 04:45:26 - INFO - Epoch 371/1000, Loss: 0.1183, Dice: 0.1156, MSE: 0.0136
2025-07-16 04:45:41 - INFO - Epoch 372/1000, Loss: 0.0986, Dice: 0.0961, MSE: 0.0128
2025-07-16 04:45:56 - INFO - Epoch 373/1000, Loss: 0.1245, Dice: 0.1211, MSE: 0.0171
2025-07-16 04:46:11 - INFO - Epoch 374/1000, Loss: 0.1809, Dice: 0.1774, MSE: 0.0177
2025-07-16 04:46:25 - INFO - Epoch 375/1000, Loss: 0.1876, Dice: 0.1846, MSE: 0.0150
2025-07-16 04:46:40 - INFO - Epoch 376/1000, Loss: 0.2061, Dice: 0.2021, MSE: 0.0202
2025-07-16 04:46:55 - INFO - Epoch 377/1000, Loss: 0.2143, Dice: 0.2109, MSE: 0.0172
2025-07-16 04:47:10 - INFO - Epoch 378/1000, Loss: 0.3071, Dice: 0.3034, MSE: 0.0187
2025-07-16 04:47:24 - INFO - Epoch 379/1000, Loss: 0.1521, Dice: 0.1485, MSE: 0.0180
2025-07-16 04:47:39 - INFO - Epoch 380/1000, Loss: 0.1311, Dice: 0.1276, MSE: 0.0171
2025-07-16 04:47:40 - INFO - 模型已保存至: epoch_380.pth
2025-07-16 04:47:55 - INFO - Epoch 381/1000, Loss: 0.1421, Dice: 0.1384, MSE: 0.0185
2025-07-16 04:48:10 - INFO - Epoch 382/1000, Loss: 0.1145, Dice: 0.1118, MSE: 0.0133
2025-07-16 04:48:25 - INFO - Epoch 383/1000, Loss: 0.1107, Dice: 0.1075, MSE: 0.0161
2025-07-16 04:48:39 - INFO - Epoch 384/1000, Loss: 0.1320, Dice: 0.1285, MSE: 0.0175
2025-07-16 04:48:54 - INFO - Epoch 385/1000, Loss: 0.1061, Dice: 0.1033, MSE: 0.0140
2025-07-16 04:49:09 - INFO - Epoch 386/1000, Loss: 0.1069, Dice: 0.1040, MSE: 0.0145
2025-07-16 04:49:24 - INFO - Epoch 387/1000, Loss: 0.1358, Dice: 0.1326, MSE: 0.0158
2025-07-16 04:49:38 - INFO - Epoch 388/1000, Loss: 0.1287, Dice: 0.1254, MSE: 0.0165
2025-07-16 04:49:53 - INFO - Epoch 389/1000, Loss: 0.1119, Dice: 0.1091, MSE: 0.0141
2025-07-16 04:50:08 - INFO - Epoch 390/1000, Loss: 0.1315, Dice: 0.1283, MSE: 0.0160
2025-07-16 04:50:23 - INFO - Epoch 391/1000, Loss: 0.1134, Dice: 0.1100, MSE: 0.0168
2025-07-16 04:50:37 - INFO - Epoch 392/1000, Loss: 0.1130, Dice: 0.1102, MSE: 0.0139
2025-07-16 04:50:52 - INFO - Epoch 393/1000, Loss: 0.1393, Dice: 0.1362, MSE: 0.0155
2025-07-16 04:51:07 - INFO - Epoch 394/1000, Loss: 0.0946, Dice: 0.0919, MSE: 0.0138
2025-07-16 04:51:22 - INFO - Epoch 395/1000, Loss: 0.1102, Dice: 0.1075, MSE: 0.0135
2025-07-16 04:51:36 - INFO - Epoch 396/1000, Loss: 0.1381, Dice: 0.1348, MSE: 0.0163
2025-07-16 04:51:51 - INFO - Epoch 397/1000, Loss: 0.1202, Dice: 0.1174, MSE: 0.0143
2025-07-16 04:52:06 - INFO - Epoch 398/1000, Loss: 0.1195, Dice: 0.1161, MSE: 0.0168
2025-07-16 04:52:21 - INFO - Epoch 399/1000, Loss: 0.0993, Dice: 0.0956, MSE: 0.0183
2025-07-16 04:52:35 - INFO - Epoch 400/1000, Loss: 0.1225, Dice: 0.1189, MSE: 0.0181
2025-07-16 04:52:37 - INFO - 模型已保存至: epoch_400.pth
2025-07-16 04:52:52 - INFO - Epoch 401/1000, Loss: 0.1170, Dice: 0.1139, MSE: 0.0153
2025-07-16 04:53:07 - INFO - Epoch 402/1000, Loss: 0.1031, Dice: 0.1003, MSE: 0.0138
2025-07-16 04:53:21 - INFO - Epoch 403/1000, Loss: 0.1151, Dice: 0.1118, MSE: 0.0162
2025-07-16 04:53:36 - INFO - Epoch 404/1000, Loss: 0.1236, Dice: 0.1203, MSE: 0.0166
2025-07-16 04:53:51 - INFO - Epoch 405/1000, Loss: 0.1234, Dice: 0.1202, MSE: 0.0162
2025-07-16 04:54:05 - INFO - Epoch 406/1000, Loss: 0.0923, Dice: 0.0895, MSE: 0.0142
2025-07-16 04:54:20 - INFO - Epoch 407/1000, Loss: 0.1149, Dice: 0.1121, MSE: 0.0142
2025-07-16 04:54:35 - INFO - Epoch 408/1000, Loss: 0.1527, Dice: 0.1491, MSE: 0.0179
2025-07-16 04:54:50 - INFO - Epoch 409/1000, Loss: 0.2193, Dice: 0.2149, MSE: 0.0221
2025-07-16 04:55:05 - INFO - Epoch 410/1000, Loss: 0.1685, Dice: 0.1656, MSE: 0.0142
2025-07-16 04:55:19 - INFO - Epoch 411/1000, Loss: 0.1595, Dice: 0.1568, MSE: 0.0135
2025-07-16 04:55:34 - INFO - Epoch 412/1000, Loss: 0.1439, Dice: 0.1411, MSE: 0.0137
2025-07-16 04:55:49 - INFO - Epoch 413/1000, Loss: 0.1180, Dice: 0.1144, MSE: 0.0178
2025-07-16 04:56:04 - INFO - Epoch 414/1000, Loss: 0.1228, Dice: 0.1197, MSE: 0.0154
2025-07-16 04:56:19 - INFO - Epoch 415/1000, Loss: 0.1078, Dice: 0.1051, MSE: 0.0131
2025-07-16 04:56:33 - INFO - Epoch 416/1000, Loss: 0.1068, Dice: 0.1033, MSE: 0.0172
2025-07-16 04:56:48 - INFO - Epoch 417/1000, Loss: 0.0967, Dice: 0.0938, MSE: 0.0143
2025-07-16 04:57:03 - INFO - Epoch 418/1000, Loss: 0.1545, Dice: 0.1508, MSE: 0.0184
2025-07-16 04:57:17 - INFO - Epoch 419/1000, Loss: 0.1152, Dice: 0.1123, MSE: 0.0144
2025-07-16 04:57:32 - INFO - Epoch 420/1000, Loss: 0.1103, Dice: 0.1076, MSE: 0.0139
2025-07-16 04:57:34 - INFO - 模型已保存至: epoch_420.pth
2025-07-16 04:57:48 - INFO - Epoch 421/1000, Loss: 0.1190, Dice: 0.1159, MSE: 0.0153
2025-07-16 04:58:03 - INFO - Epoch 422/1000, Loss: 0.1395, Dice: 0.1367, MSE: 0.0141
2025-07-16 04:58:18 - INFO - Epoch 423/1000, Loss: 0.1527, Dice: 0.1486, MSE: 0.0204
2025-07-16 04:58:33 - INFO - Epoch 424/1000, Loss: 0.1448, Dice: 0.1410, MSE: 0.0193
2025-07-16 04:58:48 - INFO - Epoch 425/1000, Loss: 0.1168, Dice: 0.1139, MSE: 0.0144
2025-07-16 04:59:02 - INFO - Epoch 426/1000, Loss: 0.1481, Dice: 0.1454, MSE: 0.0133
2025-07-16 04:59:17 - INFO - Epoch 427/1000, Loss: 0.1110, Dice: 0.1083, MSE: 0.0136
2025-07-16 04:59:32 - INFO - Epoch 428/1000, Loss: 0.1137, Dice: 0.1107, MSE: 0.0150
2025-07-16 04:59:46 - INFO - Epoch 429/1000, Loss: 0.1183, Dice: 0.1155, MSE: 0.0141
2025-07-16 05:00:01 - INFO - Epoch 430/1000, Loss: 0.1142, Dice: 0.1109, MSE: 0.0165
2025-07-16 05:00:16 - INFO - Epoch 431/1000, Loss: 0.1126, Dice: 0.1098, MSE: 0.0140
2025-07-16 05:00:30 - INFO - Epoch 432/1000, Loss: 0.1205, Dice: 0.1170, MSE: 0.0175
2025-07-16 05:00:45 - INFO - Epoch 433/1000, Loss: 0.1188, Dice: 0.1158, MSE: 0.0153
2025-07-16 05:01:00 - INFO - Epoch 434/1000, Loss: 0.1111, Dice: 0.1079, MSE: 0.0156
2025-07-16 05:01:15 - INFO - Epoch 435/1000, Loss: 0.1537, Dice: 0.1492, MSE: 0.0224
2025-07-16 05:01:29 - INFO - Epoch 436/1000, Loss: 0.1583, Dice: 0.1538, MSE: 0.0228
2025-07-16 05:01:44 - INFO - Epoch 437/1000, Loss: 0.1488, Dice: 0.1448, MSE: 0.0198
2025-07-16 05:01:59 - INFO - Epoch 438/1000, Loss: 0.1301, Dice: 0.1267, MSE: 0.0171
2025-07-16 05:02:14 - INFO - Epoch 439/1000, Loss: 0.1181, Dice: 0.1146, MSE: 0.0175
2025-07-16 05:02:29 - INFO - Epoch 440/1000, Loss: 0.1098, Dice: 0.1066, MSE: 0.0160
2025-07-16 05:02:30 - INFO - 模型已保存至: epoch_440.pth
2025-07-16 05:02:45 - INFO - Epoch 441/1000, Loss: 0.1078, Dice: 0.1052, MSE: 0.0130
2025-07-16 05:03:00 - INFO - Epoch 442/1000, Loss: 0.1233, Dice: 0.1201, MSE: 0.0160
2025-07-16 05:03:14 - INFO - Epoch 443/1000, Loss: 0.0977, Dice: 0.0950, MSE: 0.0133
2025-07-16 05:03:29 - INFO - Epoch 444/1000, Loss: 0.1110, Dice: 0.1082, MSE: 0.0139
2025-07-16 05:03:44 - INFO - Epoch 445/1000, Loss: 0.0914, Dice: 0.0886, MSE: 0.0145
2025-07-16 05:03:59 - INFO - Epoch 446/1000, Loss: 0.1007, Dice: 0.0977, MSE: 0.0150
2025-07-16 05:04:13 - INFO - Epoch 447/1000, Loss: 0.0977, Dice: 0.0948, MSE: 0.0146
2025-07-16 05:04:28 - INFO - Epoch 448/1000, Loss: 0.1133, Dice: 0.1104, MSE: 0.0146
2025-07-16 05:04:43 - INFO - Epoch 449/1000, Loss: 0.0995, Dice: 0.0961, MSE: 0.0170
2025-07-16 05:04:58 - INFO - Epoch 450/1000, Loss: 0.1119, Dice: 0.1087, MSE: 0.0158
2025-07-16 05:05:12 - INFO - Epoch 451/1000, Loss: 0.1109, Dice: 0.1078, MSE: 0.0155
2025-07-16 05:05:27 - INFO - Epoch 452/1000, Loss: 0.1082, Dice: 0.1053, MSE: 0.0146
2025-07-16 05:05:42 - INFO - Epoch 453/1000, Loss: 0.0965, Dice: 0.0938, MSE: 0.0134
2025-07-16 05:05:57 - INFO - Epoch 454/1000, Loss: 0.1166, Dice: 0.1129, MSE: 0.0187
2025-07-16 05:06:12 - INFO - Epoch 455/1000, Loss: 0.1109, Dice: 0.1073, MSE: 0.0180
2025-07-16 05:06:26 - INFO - Epoch 456/1000, Loss: 0.1020, Dice: 0.0993, MSE: 0.0137
2025-07-16 05:06:41 - INFO - Epoch 457/1000, Loss: 0.1293, Dice: 0.1264, MSE: 0.0142
2025-07-16 05:06:56 - INFO - Epoch 458/1000, Loss: 0.1193, Dice: 0.1158, MSE: 0.0173
2025-07-16 05:07:10 - INFO - Epoch 459/1000, Loss: 0.1262, Dice: 0.1233, MSE: 0.0147
2025-07-16 05:07:25 - INFO - Epoch 460/1000, Loss: 0.0950, Dice: 0.0926, MSE: 0.0124
2025-07-16 05:07:27 - INFO - 模型已保存至: epoch_460.pth
2025-07-16 05:07:41 - INFO - Epoch 461/1000, Loss: 0.1069, Dice: 0.1039, MSE: 0.0148
2025-07-16 05:07:56 - INFO - Epoch 462/1000, Loss: 0.0999, Dice: 0.0973, MSE: 0.0130
2025-07-16 05:08:11 - INFO - Epoch 463/1000, Loss: 0.1031, Dice: 0.1003, MSE: 0.0143
2025-07-16 05:08:26 - INFO - Epoch 464/1000, Loss: 0.1015, Dice: 0.0987, MSE: 0.0142
2025-07-16 05:08:40 - INFO - Epoch 465/1000, Loss: 0.1175, Dice: 0.1145, MSE: 0.0150
2025-07-16 05:08:55 - INFO - Epoch 466/1000, Loss: 0.0998, Dice: 0.0975, MSE: 0.0117
2025-07-16 05:09:10 - INFO - Epoch 467/1000, Loss: 0.1359, Dice: 0.1334, MSE: 0.0127
2025-07-16 05:09:25 - INFO - Epoch 468/1000, Loss: 0.1277, Dice: 0.1242, MSE: 0.0176
2025-07-16 05:09:39 - INFO - Epoch 469/1000, Loss: 0.1562, Dice: 0.1525, MSE: 0.0187
2025-07-16 05:09:54 - INFO - Epoch 470/1000, Loss: 0.1226, Dice: 0.1197, MSE: 0.0142
2025-07-16 05:10:09 - INFO - Epoch 471/1000, Loss: 0.1025, Dice: 0.0996, MSE: 0.0146
2025-07-16 05:10:24 - INFO - Epoch 472/1000, Loss: 0.1204, Dice: 0.1178, MSE: 0.0129
2025-07-16 05:10:39 - INFO - Epoch 473/1000, Loss: 0.1005, Dice: 0.0978, MSE: 0.0136
2025-07-16 05:10:53 - INFO - Epoch 474/1000, Loss: 0.1129, Dice: 0.1101, MSE: 0.0137
2025-07-16 05:11:08 - INFO - Epoch 475/1000, Loss: 0.1060, Dice: 0.1031, MSE: 0.0146
2025-07-16 05:11:23 - INFO - Epoch 476/1000, Loss: 0.1402, Dice: 0.1370, MSE: 0.0162
2025-07-16 05:11:38 - INFO - Epoch 477/1000, Loss: 0.1034, Dice: 0.1006, MSE: 0.0142
2025-07-16 05:11:53 - INFO - Epoch 478/1000, Loss: 0.0984, Dice: 0.0955, MSE: 0.0147
2025-07-16 05:12:07 - INFO - Epoch 479/1000, Loss: 0.0919, Dice: 0.0893, MSE: 0.0127
2025-07-16 05:12:22 - INFO - Epoch 480/1000, Loss: 0.0893, Dice: 0.0867, MSE: 0.0129
2025-07-16 05:12:24 - INFO - 模型已保存至: epoch_480.pth
2025-07-16 05:12:38 - INFO - Epoch 481/1000, Loss: 0.0939, Dice: 0.0914, MSE: 0.0126
2025-07-16 05:12:53 - INFO - Epoch 482/1000, Loss: 0.1273, Dice: 0.1241, MSE: 0.0159
2025-07-16 05:13:08 - INFO - Epoch 483/1000, Loss: 0.0805, Dice: 0.0776, MSE: 0.0143
2025-07-16 05:13:22 - INFO - Epoch 484/1000, Loss: 0.1341, Dice: 0.1313, MSE: 0.0138
2025-07-16 05:13:37 - INFO - Epoch 485/1000, Loss: 0.1051, Dice: 0.1026, MSE: 0.0126
2025-07-16 05:13:52 - INFO - Epoch 486/1000, Loss: 0.1020, Dice: 0.0996, MSE: 0.0118
2025-07-16 05:14:07 - INFO - Epoch 487/1000, Loss: 0.0916, Dice: 0.0893, MSE: 0.0117
2025-07-16 05:14:21 - INFO - Epoch 488/1000, Loss: 0.0922, Dice: 0.0896, MSE: 0.0132
2025-07-16 05:14:36 - INFO - Epoch 489/1000, Loss: 0.0892, Dice: 0.0867, MSE: 0.0127
2025-07-16 05:14:51 - INFO - Epoch 490/1000, Loss: 0.1281, Dice: 0.1234, MSE: 0.0234
2025-07-16 05:15:06 - INFO - Epoch 491/1000, Loss: 0.0897, Dice: 0.0869, MSE: 0.0139
2025-07-16 05:15:21 - INFO - Epoch 492/1000, Loss: 0.0834, Dice: 0.0809, MSE: 0.0126
2025-07-16 05:15:35 - INFO - Epoch 493/1000, Loss: 0.1202, Dice: 0.1179, MSE: 0.0117
2025-07-16 05:15:50 - INFO - Epoch 494/1000, Loss: 0.0967, Dice: 0.0944, MSE: 0.0114
2025-07-16 05:16:05 - INFO - Epoch 495/1000, Loss: 0.1078, Dice: 0.1054, MSE: 0.0120
2025-07-16 05:16:20 - INFO - Epoch 496/1000, Loss: 0.1166, Dice: 0.1139, MSE: 0.0137
2025-07-16 05:16:34 - INFO - Epoch 497/1000, Loss: 0.0945, Dice: 0.0919, MSE: 0.0133
2025-07-16 05:16:49 - INFO - Epoch 498/1000, Loss: 0.0872, Dice: 0.0843, MSE: 0.0144
2025-07-16 05:17:04 - INFO - Epoch 499/1000, Loss: 0.0842, Dice: 0.0818, MSE: 0.0121
2025-07-16 05:17:19 - INFO - Epoch 500/1000, Loss: 0.0840, Dice: 0.0817, MSE: 0.0117
2025-07-16 05:17:20 - INFO - 模型已保存至: epoch_500.pth
2025-07-16 05:17:35 - INFO - Epoch 501/1000, Loss: 0.1343, Dice: 0.1314, MSE: 0.0147
2025-07-16 05:17:50 - INFO - Epoch 502/1000, Loss: 0.1080, Dice: 0.1055, MSE: 0.0124
2025-07-16 05:18:05 - INFO - Epoch 503/1000, Loss: 0.1035, Dice: 0.1006, MSE: 0.0141
2025-07-16 05:18:19 - INFO - Epoch 504/1000, Loss: 0.0946, Dice: 0.0921, MSE: 0.0127
2025-07-16 05:18:34 - INFO - Epoch 505/1000, Loss: 0.1028, Dice: 0.1003, MSE: 0.0121
2025-07-16 05:18:49 - INFO - Epoch 506/1000, Loss: 0.0978, Dice: 0.0954, MSE: 0.0117
2025-07-16 05:19:04 - INFO - Epoch 507/1000, Loss: 0.1449, Dice: 0.1419, MSE: 0.0149
2025-07-16 05:19:19 - INFO - Epoch 508/1000, Loss: 0.1289, Dice: 0.1251, MSE: 0.0192
2025-07-16 05:19:33 - INFO - Epoch 509/1000, Loss: 0.1686, Dice: 0.1657, MSE: 0.0145
2025-07-16 05:19:48 - INFO - Epoch 510/1000, Loss: 0.1180, Dice: 0.1147, MSE: 0.0164
2025-07-16 05:20:03 - INFO - Epoch 511/1000, Loss: 0.1065, Dice: 0.1038, MSE: 0.0138
2025-07-16 05:20:17 - INFO - Epoch 512/1000, Loss: 0.1005, Dice: 0.0982, MSE: 0.0118
2025-07-16 05:20:32 - INFO - Epoch 513/1000, Loss: 0.0999, Dice: 0.0974, MSE: 0.0127
2025-07-16 05:20:47 - INFO - Epoch 514/1000, Loss: 0.1206, Dice: 0.1181, MSE: 0.0126
2025-07-16 05:21:02 - INFO - Epoch 515/1000, Loss: 0.0958, Dice: 0.0935, MSE: 0.0115
2025-07-16 05:21:16 - INFO - Epoch 516/1000, Loss: 0.1063, Dice: 0.1037, MSE: 0.0131
2025-07-16 05:21:31 - INFO - Epoch 517/1000, Loss: 0.1074, Dice: 0.1045, MSE: 0.0147
2025-07-16 05:21:46 - INFO - Epoch 518/1000, Loss: 0.1002, Dice: 0.0974, MSE: 0.0138
2025-07-16 05:22:01 - INFO - Epoch 519/1000, Loss: 0.1389, Dice: 0.1355, MSE: 0.0166
2025-07-16 05:22:15 - INFO - Epoch 520/1000, Loss: 0.1007, Dice: 0.0975, MSE: 0.0160
2025-07-16 05:22:17 - INFO - 模型已保存至: epoch_520.pth
2025-07-16 05:22:32 - INFO - Epoch 521/1000, Loss: 0.0982, Dice: 0.0952, MSE: 0.0149
2025-07-16 05:22:46 - INFO - Epoch 522/1000, Loss: 0.1145, Dice: 0.1115, MSE: 0.0153
2025-07-16 05:23:01 - INFO - Epoch 523/1000, Loss: 0.1219, Dice: 0.1181, MSE: 0.0190
2025-07-16 05:23:16 - INFO - Epoch 524/1000, Loss: 0.1135, Dice: 0.1106, MSE: 0.0144
2025-07-16 05:23:31 - INFO - Epoch 525/1000, Loss: 0.1613, Dice: 0.1577, MSE: 0.0182
2025-07-16 05:23:45 - INFO - Epoch 526/1000, Loss: 0.1019, Dice: 0.0987, MSE: 0.0158
2025-07-16 05:24:00 - INFO - Epoch 527/1000, Loss: 0.1188, Dice: 0.1157, MSE: 0.0153
2025-07-16 05:24:15 - INFO - Epoch 528/1000, Loss: 0.0955, Dice: 0.0929, MSE: 0.0131
2025-07-16 05:24:30 - INFO - Epoch 529/1000, Loss: 0.1051, Dice: 0.1024, MSE: 0.0134
2025-07-16 05:24:44 - INFO - Epoch 530/1000, Loss: 0.1017, Dice: 0.0992, MSE: 0.0125
2025-07-16 05:24:59 - INFO - Epoch 531/1000, Loss: 0.0934, Dice: 0.0910, MSE: 0.0120
2025-07-16 05:25:14 - INFO - Epoch 532/1000, Loss: 0.0905, Dice: 0.0880, MSE: 0.0126
2025-07-16 05:25:29 - INFO - Epoch 533/1000, Loss: 0.0977, Dice: 0.0951, MSE: 0.0127
2025-07-16 05:25:43 - INFO - Epoch 534/1000, Loss: 0.0961, Dice: 0.0919, MSE: 0.0209
2025-07-16 05:25:58 - INFO - Epoch 535/1000, Loss: 0.2887, Dice: 0.2846, MSE: 0.0205
2025-07-16 05:26:13 - INFO - Epoch 536/1000, Loss: 0.1982, Dice: 0.1933, MSE: 0.0241
2025-07-16 05:26:28 - INFO - Epoch 537/1000, Loss: 0.1405, Dice: 0.1366, MSE: 0.0194
2025-07-16 05:26:42 - INFO - Epoch 538/1000, Loss: 0.1313, Dice: 0.1268, MSE: 0.0225
2025-07-16 05:26:57 - INFO - Epoch 539/1000, Loss: 0.1245, Dice: 0.1210, MSE: 0.0174
2025-07-16 05:27:12 - INFO - Epoch 540/1000, Loss: 0.1087, Dice: 0.1052, MSE: 0.0176
2025-07-16 05:27:14 - INFO - 模型已保存至: epoch_540.pth
2025-07-16 05:27:28 - INFO - Epoch 541/1000, Loss: 0.1108, Dice: 0.1076, MSE: 0.0158
2025-07-16 05:27:43 - INFO - Epoch 542/1000, Loss: 0.1140, Dice: 0.1103, MSE: 0.0186
2025-07-16 05:27:58 - INFO - Epoch 543/1000, Loss: 0.2025, Dice: 0.1990, MSE: 0.0174
2025-07-16 05:28:13 - INFO - Epoch 544/1000, Loss: 0.2324, Dice: 0.2286, MSE: 0.0189
2025-07-16 05:28:27 - INFO - Epoch 545/1000, Loss: 0.2269, Dice: 0.2228, MSE: 0.0206
2025-07-16 05:28:42 - INFO - Epoch 546/1000, Loss: 0.1585, Dice: 0.1545, MSE: 0.0198
2025-07-16 05:28:57 - INFO - Epoch 547/1000, Loss: 0.1463, Dice: 0.1434, MSE: 0.0145
2025-07-16 05:29:12 - INFO - Epoch 548/1000, Loss: 0.1309, Dice: 0.1276, MSE: 0.0163
2025-07-16 05:29:26 - INFO - Epoch 549/1000, Loss: 0.1124, Dice: 0.1093, MSE: 0.0154
2025-07-16 05:29:41 - INFO - Epoch 550/1000, Loss: 0.1054, Dice: 0.1026, MSE: 0.0140
2025-07-16 05:29:56 - INFO - Epoch 551/1000, Loss: 0.1005, Dice: 0.0980, MSE: 0.0125
2025-07-16 05:30:11 - INFO - Epoch 552/1000, Loss: 0.1052, Dice: 0.1018, MSE: 0.0170
2025-07-16 05:30:25 - INFO - Epoch 553/1000, Loss: 0.1185, Dice: 0.1157, MSE: 0.0139
2025-07-16 05:30:40 - INFO - Epoch 554/1000, Loss: 0.1212, Dice: 0.1186, MSE: 0.0126
2025-07-16 05:30:55 - INFO - Epoch 555/1000, Loss: 0.1368, Dice: 0.1335, MSE: 0.0166
2025-07-16 05:31:10 - INFO - Epoch 556/1000, Loss: 0.0999, Dice: 0.0967, MSE: 0.0162
2025-07-16 05:31:24 - INFO - Epoch 557/1000, Loss: 0.1150, Dice: 0.1122, MSE: 0.0136
2025-07-16 05:31:39 - INFO - Epoch 558/1000, Loss: 0.0926, Dice: 0.0899, MSE: 0.0138
2025-07-16 05:31:54 - INFO - Epoch 559/1000, Loss: 0.1143, Dice: 0.1114, MSE: 0.0142
2025-07-16 05:32:08 - INFO - Epoch 560/1000, Loss: 0.1087, Dice: 0.1062, MSE: 0.0129
2025-07-16 05:32:10 - INFO - 模型已保存至: epoch_560.pth
2025-07-16 05:32:24 - INFO - Epoch 561/1000, Loss: 0.0865, Dice: 0.0841, MSE: 0.0120
2025-07-16 05:32:39 - INFO - Epoch 562/1000, Loss: 0.0930, Dice: 0.0906, MSE: 0.0121
2025-07-16 05:32:54 - INFO - Epoch 563/1000, Loss: 0.0986, Dice: 0.0962, MSE: 0.0121
2025-07-16 05:33:09 - INFO - Epoch 564/1000, Loss: 0.0932, Dice: 0.0908, MSE: 0.0122
2025-07-16 05:33:23 - INFO - Epoch 565/1000, Loss: 0.0949, Dice: 0.0924, MSE: 0.0127
2025-07-16 05:33:38 - INFO - Epoch 566/1000, Loss: 0.1359, Dice: 0.1327, MSE: 0.0160
2025-07-16 05:33:53 - INFO - Epoch 567/1000, Loss: 0.1360, Dice: 0.1335, MSE: 0.0126
2025-07-16 05:34:08 - INFO - Epoch 568/1000, Loss: 0.0914, Dice: 0.0887, MSE: 0.0135
2025-07-16 05:34:23 - INFO - Epoch 569/1000, Loss: 0.0929, Dice: 0.0904, MSE: 0.0126
2025-07-16 05:34:38 - INFO - Epoch 570/1000, Loss: 0.1109, Dice: 0.1083, MSE: 0.0132
2025-07-16 05:34:52 - INFO - Epoch 571/1000, Loss: 0.1010, Dice: 0.0983, MSE: 0.0135
2025-07-16 05:35:07 - INFO - Epoch 572/1000, Loss: 0.1158, Dice: 0.1130, MSE: 0.0136
2025-07-16 05:35:22 - INFO - Epoch 573/1000, Loss: 0.1526, Dice: 0.1498, MSE: 0.0144
2025-07-16 05:35:36 - INFO - Epoch 574/1000, Loss: 0.1221, Dice: 0.1190, MSE: 0.0156
2025-07-16 05:35:51 - INFO - Epoch 575/1000, Loss: 0.1295, Dice: 0.1263, MSE: 0.0160
2025-07-16 05:36:06 - INFO - Epoch 576/1000, Loss: 0.1053, Dice: 0.1027, MSE: 0.0128
2025-07-16 05:36:21 - INFO - Epoch 577/1000, Loss: 0.0966, Dice: 0.0942, MSE: 0.0120
2025-07-16 05:36:36 - INFO - Epoch 578/1000, Loss: 0.0915, Dice: 0.0890, MSE: 0.0125
2025-07-16 05:36:50 - INFO - Epoch 579/1000, Loss: 0.0909, Dice: 0.0885, MSE: 0.0122
2025-07-16 05:37:05 - INFO - Epoch 580/1000, Loss: 0.1040, Dice: 0.1014, MSE: 0.0130
2025-07-16 05:37:06 - INFO - 模型已保存至: epoch_580.pth
2025-07-16 05:37:21 - INFO - Epoch 581/1000, Loss: 0.0887, Dice: 0.0845, MSE: 0.0207
2025-07-16 05:37:36 - INFO - Epoch 582/1000, Loss: 0.0913, Dice: 0.0879, MSE: 0.0166
2025-07-16 05:37:51 - INFO - Epoch 583/1000, Loss: 0.1375, Dice: 0.1335, MSE: 0.0197
2025-07-16 05:38:05 - INFO - Epoch 584/1000, Loss: 0.0978, Dice: 0.0952, MSE: 0.0127
2025-07-16 05:38:20 - INFO - Epoch 585/1000, Loss: 0.1049, Dice: 0.1021, MSE: 0.0138
2025-07-16 05:38:35 - INFO - Epoch 586/1000, Loss: 0.0948, Dice: 0.0921, MSE: 0.0135
2025-07-16 05:38:50 - INFO - Epoch 587/1000, Loss: 0.0940, Dice: 0.0911, MSE: 0.0143
2025-07-16 05:39:05 - INFO - Epoch 588/1000, Loss: 0.1025, Dice: 0.1000, MSE: 0.0123
2025-07-16 05:39:19 - INFO - Epoch 589/1000, Loss: 0.0874, Dice: 0.0849, MSE: 0.0124
2025-07-16 05:39:34 - INFO - Epoch 590/1000, Loss: 0.1150, Dice: 0.1125, MSE: 0.0124
2025-07-16 05:39:49 - INFO - Epoch 591/1000, Loss: 0.1118, Dice: 0.1095, MSE: 0.0118
2025-07-16 05:40:03 - INFO - Epoch 592/1000, Loss: 0.1015, Dice: 0.0990, MSE: 0.0123
2025-07-16 05:40:18 - INFO - Epoch 593/1000, Loss: 0.0940, Dice: 0.0913, MSE: 0.0138
2025-07-16 05:40:33 - INFO - Epoch 594/1000, Loss: 0.0989, Dice: 0.0962, MSE: 0.0132
2025-07-16 05:40:48 - INFO - Epoch 595/1000, Loss: 0.1090, Dice: 0.1063, MSE: 0.0131
2025-07-16 05:41:02 - INFO - Epoch 596/1000, Loss: 0.0932, Dice: 0.0903, MSE: 0.0144
2025-07-16 05:41:17 - INFO - Epoch 597/1000, Loss: 0.0976, Dice: 0.0952, MSE: 0.0119
2025-07-16 05:41:32 - INFO - Epoch 598/1000, Loss: 0.0949, Dice: 0.0925, MSE: 0.0122
2025-07-16 05:41:47 - INFO - Epoch 599/1000, Loss: 0.0983, Dice: 0.0957, MSE: 0.0131
2025-07-16 05:42:01 - INFO - Epoch 600/1000, Loss: 0.1506, Dice: 0.1474, MSE: 0.0156
2025-07-16 05:42:03 - INFO - 模型已保存至: epoch_600.pth
2025-07-16 05:42:18 - INFO - Epoch 601/1000, Loss: 0.0955, Dice: 0.0933, MSE: 0.0111
2025-07-16 05:42:33 - INFO - Epoch 602/1000, Loss: 0.0846, Dice: 0.0823, MSE: 0.0110
2025-07-16 05:42:47 - INFO - Epoch 603/1000, Loss: 0.0794, Dice: 0.0769, MSE: 0.0122
2025-07-16 05:43:02 - INFO - Epoch 604/1000, Loss: 0.0997, Dice: 0.0974, MSE: 0.0114
2025-07-16 05:43:17 - INFO - Epoch 605/1000, Loss: 0.0934, Dice: 0.0909, MSE: 0.0127
2025-07-16 05:43:32 - INFO - Epoch 606/1000, Loss: 0.0916, Dice: 0.0889, MSE: 0.0137
2025-07-16 05:43:46 - INFO - Epoch 607/1000, Loss: 0.0825, Dice: 0.0801, MSE: 0.0121
2025-07-16 05:44:01 - INFO - Epoch 608/1000, Loss: 0.0889, Dice: 0.0864, MSE: 0.0123
2025-07-16 05:44:16 - INFO - Epoch 609/1000, Loss: 0.0868, Dice: 0.0844, MSE: 0.0118
2025-07-16 05:44:31 - INFO - Epoch 610/1000, Loss: 0.0912, Dice: 0.0887, MSE: 0.0126
2025-07-16 05:44:46 - INFO - Epoch 611/1000, Loss: 0.0986, Dice: 0.0961, MSE: 0.0126
2025-07-16 05:45:00 - INFO - Epoch 612/1000, Loss: 0.0886, Dice: 0.0865, MSE: 0.0107
2025-07-16 05:45:15 - INFO - Epoch 613/1000, Loss: 0.0907, Dice: 0.0881, MSE: 0.0132
2025-07-16 05:45:30 - INFO - Epoch 614/1000, Loss: 0.0863, Dice: 0.0839, MSE: 0.0116
2025-07-16 05:45:44 - INFO - Epoch 615/1000, Loss: 0.0869, Dice: 0.0843, MSE: 0.0126
2025-07-16 05:45:59 - INFO - Epoch 616/1000, Loss: 0.0808, Dice: 0.0784, MSE: 0.0121
2025-07-16 05:46:14 - INFO - Epoch 617/1000, Loss: 0.1034, Dice: 0.1002, MSE: 0.0163
2025-07-16 05:46:29 - INFO - Epoch 618/1000, Loss: 0.0976, Dice: 0.0943, MSE: 0.0165
2025-07-16 05:46:44 - INFO - Epoch 619/1000, Loss: 0.0940, Dice: 0.0912, MSE: 0.0139
2025-07-16 05:46:58 - INFO - Epoch 620/1000, Loss: 0.0906, Dice: 0.0876, MSE: 0.0152
2025-07-16 05:47:00 - INFO - 模型已保存至: epoch_620.pth
2025-07-16 05:47:15 - INFO - Epoch 621/1000, Loss: 0.0933, Dice: 0.0907, MSE: 0.0131
2025-07-16 05:47:29 - INFO - Epoch 622/1000, Loss: 0.0879, Dice: 0.0856, MSE: 0.0115
2025-07-16 05:47:44 - INFO - Epoch 623/1000, Loss: 0.0978, Dice: 0.0950, MSE: 0.0136
2025-07-16 05:47:59 - INFO - Epoch 624/1000, Loss: 0.1033, Dice: 0.1010, MSE: 0.0118
2025-07-16 05:48:14 - INFO - Epoch 625/1000, Loss: 0.0877, Dice: 0.0852, MSE: 0.0123
2025-07-16 05:48:28 - INFO - Epoch 626/1000, Loss: 0.0965, Dice: 0.0945, MSE: 0.0099
2025-07-16 05:48:43 - INFO - Epoch 627/1000, Loss: 0.0828, Dice: 0.0805, MSE: 0.0116
2025-07-16 05:48:58 - INFO - Epoch 628/1000, Loss: 0.0900, Dice: 0.0873, MSE: 0.0134
2025-07-16 05:49:12 - INFO - Epoch 629/1000, Loss: 0.1043, Dice: 0.1017, MSE: 0.0130
2025-07-16 05:49:27 - INFO - Epoch 630/1000, Loss: 0.0923, Dice: 0.0898, MSE: 0.0125
2025-07-16 05:49:42 - INFO - Epoch 631/1000, Loss: 0.0830, Dice: 0.0806, MSE: 0.0124
2025-07-16 05:49:57 - INFO - Epoch 632/1000, Loss: 0.0969, Dice: 0.0935, MSE: 0.0166
2025-07-16 05:50:11 - INFO - Epoch 633/1000, Loss: 0.0930, Dice: 0.0903, MSE: 0.0137
2025-07-16 05:50:26 - INFO - Epoch 634/1000, Loss: 0.0875, Dice: 0.0849, MSE: 0.0125
2025-07-16 05:50:41 - INFO - Epoch 635/1000, Loss: 0.0838, Dice: 0.0816, MSE: 0.0105
2025-07-16 05:50:56 - INFO - Epoch 636/1000, Loss: 0.0866, Dice: 0.0842, MSE: 0.0120
2025-07-16 05:51:10 - INFO - Epoch 637/1000, Loss: 0.0874, Dice: 0.0850, MSE: 0.0118
2025-07-16 05:51:25 - INFO - Epoch 638/1000, Loss: 0.0894, Dice: 0.0869, MSE: 0.0121
2025-07-16 05:51:40 - INFO - Epoch 639/1000, Loss: 0.0963, Dice: 0.0938, MSE: 0.0126
2025-07-16 05:51:55 - INFO - Epoch 640/1000, Loss: 0.0921, Dice: 0.0899, MSE: 0.0109
2025-07-16 05:51:56 - INFO - 模型已保存至: epoch_640.pth
2025-07-16 05:52:11 - INFO - Epoch 641/1000, Loss: 0.0809, Dice: 0.0783, MSE: 0.0130
2025-07-16 05:52:26 - INFO - Epoch 642/1000, Loss: 0.0905, Dice: 0.0880, MSE: 0.0123
2025-07-16 05:52:40 - INFO - Epoch 643/1000, Loss: 0.0931, Dice: 0.0905, MSE: 0.0133
2025-07-16 05:52:55 - INFO - Epoch 644/1000, Loss: 0.1014, Dice: 0.0991, MSE: 0.0119
2025-07-16 05:53:10 - INFO - Epoch 645/1000, Loss: 0.0838, Dice: 0.0814, MSE: 0.0120
2025-07-16 05:53:25 - INFO - Epoch 646/1000, Loss: 0.0802, Dice: 0.0780, MSE: 0.0112
2025-07-16 05:53:40 - INFO - Epoch 647/1000, Loss: 0.0846, Dice: 0.0823, MSE: 0.0117
2025-07-16 05:53:54 - INFO - Epoch 648/1000, Loss: 0.0981, Dice: 0.0957, MSE: 0.0118
2025-07-16 05:54:09 - INFO - Epoch 649/1000, Loss: 0.0832, Dice: 0.0807, MSE: 0.0125
2025-07-16 05:54:24 - INFO - Epoch 650/1000, Loss: 0.0804, Dice: 0.0782, MSE: 0.0109
2025-07-16 05:54:39 - INFO - Epoch 651/1000, Loss: 0.0953, Dice: 0.0930, MSE: 0.0113
2025-07-16 05:54:54 - INFO - Epoch 652/1000, Loss: 0.1168, Dice: 0.1139, MSE: 0.0147
2025-07-16 05:55:08 - INFO - Epoch 653/1000, Loss: 0.1399, Dice: 0.1362, MSE: 0.0183
2025-07-16 05:55:23 - INFO - Epoch 654/1000, Loss: 0.1479, Dice: 0.1441, MSE: 0.0188
2025-07-16 05:55:38 - INFO - Epoch 655/1000, Loss: 0.2308, Dice: 0.2260, MSE: 0.0238
2025-07-16 05:55:53 - INFO - Epoch 656/1000, Loss: 0.1303, Dice: 0.1252, MSE: 0.0255
2025-07-16 05:56:07 - INFO - Epoch 657/1000, Loss: 0.1585, Dice: 0.1538, MSE: 0.0234
2025-07-16 05:56:22 - INFO - Epoch 658/1000, Loss: 0.1303, Dice: 0.1272, MSE: 0.0157
2025-07-16 05:56:37 - INFO - Epoch 659/1000, Loss: 0.0917, Dice: 0.0886, MSE: 0.0158
2025-07-16 05:56:52 - INFO - Epoch 660/1000, Loss: 0.0995, Dice: 0.0968, MSE: 0.0135
2025-07-16 05:56:53 - INFO - 模型已保存至: epoch_660.pth
2025-07-16 05:57:08 - INFO - Epoch 661/1000, Loss: 0.1043, Dice: 0.1018, MSE: 0.0125
2025-07-16 05:57:23 - INFO - Epoch 662/1000, Loss: 0.1144, Dice: 0.1117, MSE: 0.0134
2025-07-16 05:57:38 - INFO - Epoch 663/1000, Loss: 0.0887, Dice: 0.0860, MSE: 0.0135
2025-07-16 05:57:52 - INFO - Epoch 664/1000, Loss: 0.1071, Dice: 0.1042, MSE: 0.0144
2025-07-16 05:58:07 - INFO - Epoch 665/1000, Loss: 0.0863, Dice: 0.0835, MSE: 0.0139
2025-07-16 05:58:22 - INFO - Epoch 666/1000, Loss: 0.0940, Dice: 0.0917, MSE: 0.0115
2025-07-16 05:58:36 - INFO - Epoch 667/1000, Loss: 0.1138, Dice: 0.1116, MSE: 0.0111
2025-07-16 05:58:51 - INFO - Epoch 668/1000, Loss: 0.1145, Dice: 0.1116, MSE: 0.0144
2025-07-16 05:59:06 - INFO - Epoch 669/1000, Loss: 0.1194, Dice: 0.1168, MSE: 0.0132
2025-07-16 05:59:21 - INFO - Epoch 670/1000, Loss: 0.0888, Dice: 0.0862, MSE: 0.0130
2025-07-16 05:59:36 - INFO - Epoch 671/1000, Loss: 0.0926, Dice: 0.0893, MSE: 0.0163
2025-07-16 05:59:51 - INFO - Epoch 672/1000, Loss: 0.1005, Dice: 0.0979, MSE: 0.0130
2025-07-16 06:00:05 - INFO - Epoch 673/1000, Loss: 0.0967, Dice: 0.0938, MSE: 0.0143
2025-07-16 06:00:20 - INFO - Epoch 674/1000, Loss: 0.1044, Dice: 0.1018, MSE: 0.0131
2025-07-16 06:00:35 - INFO - Epoch 675/1000, Loss: 0.0977, Dice: 0.0946, MSE: 0.0152
2025-07-16 06:00:50 - INFO - Epoch 676/1000, Loss: 0.0880, Dice: 0.0848, MSE: 0.0158
2025-07-16 06:01:04 - INFO - Epoch 677/1000, Loss: 0.1400, Dice: 0.1368, MSE: 0.0164
2025-07-16 06:01:19 - INFO - Epoch 678/1000, Loss: 0.0868, Dice: 0.0841, MSE: 0.0134
2025-07-16 06:01:34 - INFO - Epoch 679/1000, Loss: 0.0986, Dice: 0.0963, MSE: 0.0116
2025-07-16 06:01:48 - INFO - Epoch 680/1000, Loss: 0.1014, Dice: 0.0990, MSE: 0.0118
2025-07-16 06:01:50 - INFO - 模型已保存至: epoch_680.pth
2025-07-16 06:02:05 - INFO - Epoch 681/1000, Loss: 0.0822, Dice: 0.0795, MSE: 0.0137
2025-07-16 06:02:19 - INFO - Epoch 682/1000, Loss: 0.0957, Dice: 0.0932, MSE: 0.0127
2025-07-16 06:02:34 - INFO - Epoch 683/1000, Loss: 0.1009, Dice: 0.0986, MSE: 0.0117
2025-07-16 06:02:49 - INFO - Epoch 684/1000, Loss: 0.0855, Dice: 0.0830, MSE: 0.0127
2025-07-16 06:03:04 - INFO - Epoch 685/1000, Loss: 0.1368, Dice: 0.1331, MSE: 0.0188
2025-07-16 06:03:18 - INFO - Epoch 686/1000, Loss: 0.0857, Dice: 0.0830, MSE: 0.0136
2025-07-16 06:03:33 - INFO - Epoch 687/1000, Loss: 0.0906, Dice: 0.0879, MSE: 0.0135
2025-07-16 06:03:48 - INFO - Epoch 688/1000, Loss: 0.0949, Dice: 0.0928, MSE: 0.0103
2025-07-16 06:04:03 - INFO - Epoch 689/1000, Loss: 0.0895, Dice: 0.0871, MSE: 0.0121
2025-07-16 06:04:18 - INFO - Epoch 690/1000, Loss: 0.0882, Dice: 0.0857, MSE: 0.0126
2025-07-16 06:04:32 - INFO - Epoch 691/1000, Loss: 0.0972, Dice: 0.0944, MSE: 0.0138
2025-07-16 06:04:47 - INFO - Epoch 692/1000, Loss: 0.1005, Dice: 0.0978, MSE: 0.0139
2025-07-16 06:05:02 - INFO - Epoch 693/1000, Loss: 0.0919, Dice: 0.0893, MSE: 0.0127
2025-07-16 06:05:17 - INFO - Epoch 694/1000, Loss: 0.0944, Dice: 0.0918, MSE: 0.0129
2025-07-16 06:05:31 - INFO - Epoch 695/1000, Loss: 0.1490, Dice: 0.1456, MSE: 0.0174
2025-07-16 06:05:46 - INFO - Epoch 696/1000, Loss: 0.1269, Dice: 0.1238, MSE: 0.0159
2025-07-16 06:06:01 - INFO - Epoch 697/1000, Loss: 0.0978, Dice: 0.0955, MSE: 0.0111
2025-07-16 06:06:16 - INFO - Epoch 698/1000, Loss: 0.0933, Dice: 0.0907, MSE: 0.0126
2025-07-16 06:06:31 - INFO - Epoch 699/1000, Loss: 0.0927, Dice: 0.0898, MSE: 0.0144
2025-07-16 06:06:45 - INFO - Epoch 700/1000, Loss: 0.1025, Dice: 0.0999, MSE: 0.0131
2025-07-16 06:06:47 - INFO - 模型已保存至: epoch_700.pth
2025-07-16 06:07:02 - INFO - Epoch 701/1000, Loss: 0.0944, Dice: 0.0920, MSE: 0.0121
2025-07-16 06:07:16 - INFO - Epoch 702/1000, Loss: 0.0856, Dice: 0.0833, MSE: 0.0118
2025-07-16 06:07:31 - INFO - Epoch 703/1000, Loss: 0.0813, Dice: 0.0789, MSE: 0.0120
2025-07-16 06:07:46 - INFO - Epoch 704/1000, Loss: 0.0868, Dice: 0.0842, MSE: 0.0133
2025-07-16 06:08:01 - INFO - Epoch 705/1000, Loss: 0.1089, Dice: 0.1063, MSE: 0.0131
2025-07-16 06:08:15 - INFO - Epoch 706/1000, Loss: 0.0921, Dice: 0.0895, MSE: 0.0127
2025-07-16 06:08:30 - INFO - Epoch 707/1000, Loss: 0.0942, Dice: 0.0921, MSE: 0.0107
2025-07-16 06:08:45 - INFO - Epoch 708/1000, Loss: 0.0760, Dice: 0.0736, MSE: 0.0122
2025-07-16 06:09:00 - INFO - Epoch 709/1000, Loss: 0.0847, Dice: 0.0821, MSE: 0.0128
2025-07-16 06:09:15 - INFO - Epoch 710/1000, Loss: 0.0839, Dice: 0.0817, MSE: 0.0110
2025-07-16 06:09:29 - INFO - Epoch 711/1000, Loss: 0.0889, Dice: 0.0861, MSE: 0.0136
2025-07-16 06:09:44 - INFO - Epoch 712/1000, Loss: 0.0976, Dice: 0.0952, MSE: 0.0121
2025-07-16 06:09:59 - INFO - Epoch 713/1000, Loss: 0.0766, Dice: 0.0739, MSE: 0.0139
2025-07-16 06:10:14 - INFO - Epoch 714/1000, Loss: 0.0832, Dice: 0.0810, MSE: 0.0111
2025-07-16 06:10:29 - INFO - Epoch 715/1000, Loss: 0.0821, Dice: 0.0795, MSE: 0.0130
2025-07-16 06:10:43 - INFO - Epoch 716/1000, Loss: 0.0860, Dice: 0.0832, MSE: 0.0139
2025-07-16 06:10:58 - INFO - Epoch 717/1000, Loss: 0.0896, Dice: 0.0870, MSE: 0.0129
2025-07-16 06:11:13 - INFO - Epoch 718/1000, Loss: 0.0802, Dice: 0.0779, MSE: 0.0115
2025-07-16 06:11:28 - INFO - Epoch 719/1000, Loss: 0.1010, Dice: 0.0986, MSE: 0.0123
2025-07-16 06:11:42 - INFO - Epoch 720/1000, Loss: 0.0926, Dice: 0.0902, MSE: 0.0123
2025-07-16 06:11:44 - INFO - 模型已保存至: epoch_720.pth
2025-07-16 06:11:59 - INFO - Epoch 721/1000, Loss: 0.0815, Dice: 0.0792, MSE: 0.0118
2025-07-16 06:12:13 - INFO - Epoch 722/1000, Loss: 0.0901, Dice: 0.0877, MSE: 0.0117
2025-07-16 06:12:28 - INFO - Epoch 723/1000, Loss: 0.0775, Dice: 0.0750, MSE: 0.0124
2025-07-16 06:12:43 - INFO - Epoch 724/1000, Loss: 0.0774, Dice: 0.0753, MSE: 0.0105
2025-07-16 06:12:58 - INFO - Epoch 725/1000, Loss: 0.0717, Dice: 0.0697, MSE: 0.0102
2025-07-16 06:13:12 - INFO - Epoch 726/1000, Loss: 0.0699, Dice: 0.0677, MSE: 0.0110
2025-07-16 06:13:27 - INFO - Epoch 727/1000, Loss: 0.0725, Dice: 0.0703, MSE: 0.0107
2025-07-16 06:13:42 - INFO - Epoch 728/1000, Loss: 0.0715, Dice: 0.0694, MSE: 0.0102
2025-07-16 06:13:57 - INFO - Epoch 729/1000, Loss: 0.0895, Dice: 0.0872, MSE: 0.0115
2025-07-16 06:14:11 - INFO - Epoch 730/1000, Loss: 0.0827, Dice: 0.0806, MSE: 0.0102
2025-07-16 06:14:26 - INFO - Epoch 731/1000, Loss: 0.1394, Dice: 0.1363, MSE: 0.0155
2025-07-16 06:14:41 - INFO - Epoch 732/1000, Loss: 0.0809, Dice: 0.0787, MSE: 0.0112
2025-07-16 06:14:56 - INFO - Epoch 733/1000, Loss: 0.0759, Dice: 0.0737, MSE: 0.0111
2025-07-16 06:15:11 - INFO - Epoch 734/1000, Loss: 0.0887, Dice: 0.0863, MSE: 0.0117
2025-07-16 06:15:25 - INFO - Epoch 735/1000, Loss: 0.0988, Dice: 0.0963, MSE: 0.0127
2025-07-16 06:15:40 - INFO - Epoch 736/1000, Loss: 0.0745, Dice: 0.0723, MSE: 0.0109
2025-07-16 06:15:55 - INFO - Epoch 737/1000, Loss: 0.0814, Dice: 0.0792, MSE: 0.0112
2025-07-16 06:16:10 - INFO - Epoch 738/1000, Loss: 0.0957, Dice: 0.0933, MSE: 0.0122
2025-07-16 06:16:24 - INFO - Epoch 739/1000, Loss: 0.0863, Dice: 0.0836, MSE: 0.0137
2025-07-16 06:16:39 - INFO - Epoch 740/1000, Loss: 0.0812, Dice: 0.0789, MSE: 0.0115
2025-07-16 06:16:41 - INFO - 模型已保存至: epoch_740.pth
2025-07-16 06:16:55 - INFO - Epoch 741/1000, Loss: 0.0827, Dice: 0.0801, MSE: 0.0128
2025-07-16 06:17:10 - INFO - Epoch 742/1000, Loss: 0.0823, Dice: 0.0780, MSE: 0.0213
2025-07-16 06:17:25 - INFO - Epoch 743/1000, Loss: 0.0748, Dice: 0.0727, MSE: 0.0105
2025-07-16 06:17:39 - INFO - Epoch 744/1000, Loss: 0.0889, Dice: 0.0862, MSE: 0.0137
2025-07-16 06:17:54 - INFO - Epoch 745/1000, Loss: 0.0793, Dice: 0.0769, MSE: 0.0124
2025-07-16 06:18:09 - INFO - Epoch 746/1000, Loss: 0.0834, Dice: 0.0809, MSE: 0.0122
2025-07-16 06:18:24 - INFO - Epoch 747/1000, Loss: 0.0812, Dice: 0.0787, MSE: 0.0126
2025-07-16 06:18:39 - INFO - Epoch 748/1000, Loss: 0.0792, Dice: 0.0769, MSE: 0.0115
2025-07-16 06:18:53 - INFO - Epoch 749/1000, Loss: 0.0760, Dice: 0.0734, MSE: 0.0131
2025-07-16 06:19:08 - INFO - Epoch 750/1000, Loss: 0.0975, Dice: 0.0943, MSE: 0.0160
2025-07-16 06:19:23 - INFO - Epoch 751/1000, Loss: 0.1525, Dice: 0.1491, MSE: 0.0173
2025-07-16 06:19:38 - INFO - Epoch 752/1000, Loss: 0.2049, Dice: 0.2007, MSE: 0.0208
2025-07-16 06:19:52 - INFO - Epoch 753/1000, Loss: 0.1459, Dice: 0.1422, MSE: 0.0190
2025-07-16 06:20:07 - INFO - Epoch 754/1000, Loss: 0.1556, Dice: 0.1523, MSE: 0.0163
2025-07-16 06:20:22 - INFO - Epoch 755/1000, Loss: 0.1274, Dice: 0.1238, MSE: 0.0179
2025-07-16 06:20:37 - INFO - Epoch 756/1000, Loss: 0.1075, Dice: 0.1040, MSE: 0.0172
2025-07-16 06:20:52 - INFO - Epoch 757/1000, Loss: 0.1005, Dice: 0.0972, MSE: 0.0163
2025-07-16 06:21:06 - INFO - Epoch 758/1000, Loss: 0.0907, Dice: 0.0875, MSE: 0.0160
2025-07-16 06:21:21 - INFO - Epoch 759/1000, Loss: 0.0970, Dice: 0.0940, MSE: 0.0153
2025-07-16 06:21:36 - INFO - Epoch 760/1000, Loss: 0.0869, Dice: 0.0839, MSE: 0.0149
2025-07-16 06:21:37 - INFO - 模型已保存至: epoch_760.pth
2025-07-16 06:21:52 - INFO - Epoch 761/1000, Loss: 0.0840, Dice: 0.0814, MSE: 0.0130
2025-07-16 06:22:07 - INFO - Epoch 762/1000, Loss: 0.0794, Dice: 0.0771, MSE: 0.0116
2025-07-16 06:22:21 - INFO - Epoch 763/1000, Loss: 0.0810, Dice: 0.0784, MSE: 0.0132
2025-07-16 06:22:36 - INFO - Epoch 764/1000, Loss: 0.0808, Dice: 0.0784, MSE: 0.0117
2025-07-16 06:22:51 - INFO - Epoch 765/1000, Loss: 0.0847, Dice: 0.0822, MSE: 0.0127
2025-07-16 06:23:06 - INFO - Epoch 766/1000, Loss: 0.0777, Dice: 0.0754, MSE: 0.0113
2025-07-16 06:23:21 - INFO - Epoch 767/1000, Loss: 0.0806, Dice: 0.0781, MSE: 0.0124
2025-07-16 06:23:35 - INFO - Epoch 768/1000, Loss: 0.0743, Dice: 0.0715, MSE: 0.0139
2025-07-16 06:23:50 - INFO - Epoch 769/1000, Loss: 0.0762, Dice: 0.0736, MSE: 0.0133
2025-07-16 06:24:05 - INFO - Epoch 770/1000, Loss: 0.0874, Dice: 0.0850, MSE: 0.0123
2025-07-16 06:24:20 - INFO - Epoch 771/1000, Loss: 0.2480, Dice: 0.2420, MSE: 0.0297
2025-07-16 06:24:34 - INFO - Epoch 772/1000, Loss: 0.2014, Dice: 0.1976, MSE: 0.0193
2025-07-16 06:24:49 - INFO - Epoch 773/1000, Loss: 0.1849, Dice: 0.1815, MSE: 0.0171
2025-07-16 06:25:04 - INFO - Epoch 774/1000, Loss: 0.1585, Dice: 0.1551, MSE: 0.0170
2025-07-16 06:25:19 - INFO - Epoch 775/1000, Loss: 0.1482, Dice: 0.1446, MSE: 0.0179
2025-07-16 06:25:33 - INFO - Epoch 776/1000, Loss: 0.1306, Dice: 0.1277, MSE: 0.0147
2025-07-16 06:25:48 - INFO - Epoch 777/1000, Loss: 0.1017, Dice: 0.0987, MSE: 0.0149
2025-07-16 06:26:03 - INFO - Epoch 778/1000, Loss: 0.0941, Dice: 0.0911, MSE: 0.0149
2025-07-16 06:26:18 - INFO - Epoch 779/1000, Loss: 0.0896, Dice: 0.0870, MSE: 0.0131
2025-07-16 06:26:33 - INFO - Epoch 780/1000, Loss: 0.0952, Dice: 0.0922, MSE: 0.0152
2025-07-16 06:26:34 - INFO - 模型已保存至: epoch_780.pth
2025-07-16 06:26:49 - INFO - Epoch 781/1000, Loss: 0.0932, Dice: 0.0908, MSE: 0.0118
2025-07-16 06:27:04 - INFO - Epoch 782/1000, Loss: 0.0777, Dice: 0.0753, MSE: 0.0120
2025-07-16 06:27:18 - INFO - Epoch 783/1000, Loss: 0.1034, Dice: 0.1007, MSE: 0.0137
2025-07-16 06:27:33 - INFO - Epoch 784/1000, Loss: 0.0833, Dice: 0.0810, MSE: 0.0116
2025-07-16 06:27:48 - INFO - Epoch 785/1000, Loss: 0.0979, Dice: 0.0953, MSE: 0.0133
2025-07-16 06:28:02 - INFO - Epoch 786/1000, Loss: 0.0905, Dice: 0.0878, MSE: 0.0135
2025-07-16 06:28:17 - INFO - Epoch 787/1000, Loss: 0.0865, Dice: 0.0836, MSE: 0.0146
2025-07-16 06:28:32 - INFO - Epoch 788/1000, Loss: 0.1119, Dice: 0.1093, MSE: 0.0132
2025-07-16 06:28:47 - INFO - Epoch 789/1000, Loss: 0.1046, Dice: 0.1021, MSE: 0.0122
2025-07-16 06:29:02 - INFO - Epoch 790/1000, Loss: 0.0890, Dice: 0.0864, MSE: 0.0127
2025-07-16 06:29:16 - INFO - Epoch 791/1000, Loss: 0.0939, Dice: 0.0913, MSE: 0.0130
2025-07-16 06:29:31 - INFO - Epoch 792/1000, Loss: 0.0759, Dice: 0.0736, MSE: 0.0111
2025-07-16 06:29:46 - INFO - Epoch 793/1000, Loss: 0.0825, Dice: 0.0801, MSE: 0.0121
2025-07-16 06:30:01 - INFO - Epoch 794/1000, Loss: 0.0755, Dice: 0.0728, MSE: 0.0136
2025-07-16 06:30:16 - INFO - Epoch 795/1000, Loss: 0.0751, Dice: 0.0727, MSE: 0.0117
2025-07-16 06:30:30 - INFO - Epoch 796/1000, Loss: 0.1381, Dice: 0.1350, MSE: 0.0156
2025-07-16 06:30:45 - INFO - Epoch 797/1000, Loss: 0.0703, Dice: 0.0677, MSE: 0.0131
2025-07-16 06:31:00 - INFO - Epoch 798/1000, Loss: 0.0774, Dice: 0.0752, MSE: 0.0106
2025-07-16 06:31:15 - INFO - Epoch 799/1000, Loss: 0.0770, Dice: 0.0741, MSE: 0.0150
2025-07-16 06:31:29 - INFO - Epoch 800/1000, Loss: 0.0708, Dice: 0.0680, MSE: 0.0141
2025-07-16 06:31:31 - INFO - 模型已保存至: epoch_800.pth
2025-07-16 06:31:45 - INFO - Epoch 801/1000, Loss: 0.1243, Dice: 0.1214, MSE: 0.0146
2025-07-16 06:32:00 - INFO - Epoch 802/1000, Loss: 0.0721, Dice: 0.0695, MSE: 0.0133
2025-07-16 06:32:15 - INFO - Epoch 803/1000, Loss: 0.0703, Dice: 0.0680, MSE: 0.0117
2025-07-16 06:32:30 - INFO - Epoch 804/1000, Loss: 0.0911, Dice: 0.0891, MSE: 0.0103
2025-07-16 06:32:44 - INFO - Epoch 805/1000, Loss: 0.0674, Dice: 0.0651, MSE: 0.0114
2025-07-16 06:32:59 - INFO - Epoch 806/1000, Loss: 0.0919, Dice: 0.0896, MSE: 0.0114
2025-07-16 06:33:14 - INFO - Epoch 807/1000, Loss: 0.0838, Dice: 0.0813, MSE: 0.0128
2025-07-16 06:33:29 - INFO - Epoch 808/1000, Loss: 0.0890, Dice: 0.0870, MSE: 0.0103
2025-07-16 06:33:43 - INFO - Epoch 809/1000, Loss: 0.0857, Dice: 0.0834, MSE: 0.0119
2025-07-16 06:33:58 - INFO - Epoch 810/1000, Loss: 0.0762, Dice: 0.0738, MSE: 0.0120
2025-07-16 06:34:13 - INFO - Epoch 811/1000, Loss: 0.0845, Dice: 0.0825, MSE: 0.0099
2025-07-16 06:34:27 - INFO - Epoch 812/1000, Loss: 0.0749, Dice: 0.0727, MSE: 0.0110
2025-07-16 06:34:42 - INFO - Epoch 813/1000, Loss: 0.0671, Dice: 0.0647, MSE: 0.0121
2025-07-16 06:34:57 - INFO - Epoch 814/1000, Loss: 0.0730, Dice: 0.0709, MSE: 0.0109
2025-07-16 06:35:12 - INFO - Epoch 815/1000, Loss: 0.0719, Dice: 0.0694, MSE: 0.0123
2025-07-16 06:35:26 - INFO - Epoch 816/1000, Loss: 0.0824, Dice: 0.0803, MSE: 0.0108
2025-07-16 06:35:41 - INFO - Epoch 817/1000, Loss: 0.0730, Dice: 0.0703, MSE: 0.0135
2025-07-16 06:35:56 - INFO - Epoch 818/1000, Loss: 0.0738, Dice: 0.0717, MSE: 0.0108
2025-07-16 06:36:11 - INFO - Epoch 819/1000, Loss: 0.0749, Dice: 0.0721, MSE: 0.0139
2025-07-16 06:36:25 - INFO - Epoch 820/1000, Loss: 0.0742, Dice: 0.0719, MSE: 0.0117
2025-07-16 06:36:27 - INFO - 模型已保存至: epoch_820.pth
2025-07-16 06:36:42 - INFO - Epoch 821/1000, Loss: 0.0778, Dice: 0.0752, MSE: 0.0128
2025-07-16 06:36:56 - INFO - Epoch 822/1000, Loss: 0.0756, Dice: 0.0733, MSE: 0.0115
2025-07-16 06:37:11 - INFO - Epoch 823/1000, Loss: 0.0964, Dice: 0.0940, MSE: 0.0121
2025-07-16 06:37:26 - INFO - Epoch 824/1000, Loss: 0.0779, Dice: 0.0755, MSE: 0.0119
2025-07-16 06:37:41 - INFO - Epoch 825/1000, Loss: 0.0770, Dice: 0.0746, MSE: 0.0120
2025-07-16 06:37:55 - INFO - Epoch 826/1000, Loss: 0.0789, Dice: 0.0767, MSE: 0.0112
2025-07-16 06:38:10 - INFO - Epoch 827/1000, Loss: 0.0771, Dice: 0.0746, MSE: 0.0126
2025-07-16 06:38:25 - INFO - Epoch 828/1000, Loss: 0.0779, Dice: 0.0754, MSE: 0.0122
2025-07-16 06:38:40 - INFO - Epoch 829/1000, Loss: 0.0788, Dice: 0.0762, MSE: 0.0127
2025-07-16 06:38:54 - INFO - Epoch 830/1000, Loss: 0.0711, Dice: 0.0688, MSE: 0.0118
2025-07-16 06:39:09 - INFO - Epoch 831/1000, Loss: 0.0690, Dice: 0.0667, MSE: 0.0114
2025-07-16 06:39:24 - INFO - Epoch 832/1000, Loss: 0.0697, Dice: 0.0678, MSE: 0.0092
2025-07-16 06:39:39 - INFO - Epoch 833/1000, Loss: 0.0678, Dice: 0.0658, MSE: 0.0101
2025-07-16 06:39:53 - INFO - Epoch 834/1000, Loss: 0.0863, Dice: 0.0839, MSE: 0.0117
2025-07-16 06:40:08 - INFO - Epoch 835/1000, Loss: 0.1270, Dice: 0.1233, MSE: 0.0184
2025-07-16 06:40:23 - INFO - Epoch 836/1000, Loss: 0.0780, Dice: 0.0759, MSE: 0.0104
2025-07-16 06:40:38 - INFO - Epoch 837/1000, Loss: 0.0815, Dice: 0.0794, MSE: 0.0104
2025-07-16 06:40:52 - INFO - Epoch 838/1000, Loss: 0.0777, Dice: 0.0753, MSE: 0.0117
2025-07-16 06:41:07 - INFO - Epoch 839/1000, Loss: 0.0785, Dice: 0.0760, MSE: 0.0121
2025-07-16 06:41:22 - INFO - Epoch 840/1000, Loss: 0.0888, Dice: 0.0865, MSE: 0.0118
2025-07-16 06:41:23 - INFO - 模型已保存至: epoch_840.pth
2025-07-16 06:41:38 - INFO - Epoch 841/1000, Loss: 0.0655, Dice: 0.0631, MSE: 0.0120
2025-07-16 06:41:53 - INFO - Epoch 842/1000, Loss: 0.0883, Dice: 0.0861, MSE: 0.0111
2025-07-16 06:42:08 - INFO - Epoch 843/1000, Loss: 0.0701, Dice: 0.0679, MSE: 0.0106
2025-07-16 06:42:22 - INFO - Epoch 844/1000, Loss: 0.0866, Dice: 0.0842, MSE: 0.0117
2025-07-16 06:42:37 - INFO - Epoch 845/1000, Loss: 0.0893, Dice: 0.0869, MSE: 0.0116
2025-07-16 06:42:52 - INFO - Epoch 846/1000, Loss: 0.0824, Dice: 0.0801, MSE: 0.0113
2025-07-16 06:43:07 - INFO - Epoch 847/1000, Loss: 0.0868, Dice: 0.0844, MSE: 0.0123
2025-07-16 06:43:21 - INFO - Epoch 848/1000, Loss: 0.1036, Dice: 0.1002, MSE: 0.0167
2025-07-16 06:43:36 - INFO - Epoch 849/1000, Loss: 0.1067, Dice: 0.1035, MSE: 0.0158
2025-07-16 06:43:51 - INFO - Epoch 850/1000, Loss: 0.0959, Dice: 0.0930, MSE: 0.0144
2025-07-16 06:44:06 - INFO - Epoch 851/1000, Loss: 0.0782, Dice: 0.0754, MSE: 0.0138
2025-07-16 06:44:20 - INFO - Epoch 852/1000, Loss: 0.1167, Dice: 0.1141, MSE: 0.0129
2025-07-16 06:44:35 - INFO - Epoch 853/1000, Loss: 0.0946, Dice: 0.0920, MSE: 0.0132
2025-07-16 06:44:50 - INFO - Epoch 854/1000, Loss: 0.1001, Dice: 0.0969, MSE: 0.0160
2025-07-16 06:45:05 - INFO - Epoch 855/1000, Loss: 0.0899, Dice: 0.0871, MSE: 0.0143
2025-07-16 06:45:19 - INFO - Epoch 856/1000, Loss: 0.1262, Dice: 0.1236, MSE: 0.0132
2025-07-16 06:45:34 - INFO - Epoch 857/1000, Loss: 0.0990, Dice: 0.0964, MSE: 0.0127
2025-07-16 06:45:49 - INFO - Epoch 858/1000, Loss: 0.1011, Dice: 0.0984, MSE: 0.0138
2025-07-16 06:46:03 - INFO - Epoch 859/1000, Loss: 0.1157, Dice: 0.1123, MSE: 0.0168
2025-07-16 06:46:18 - INFO - Epoch 860/1000, Loss: 0.0925, Dice: 0.0897, MSE: 0.0140
2025-07-16 06:46:19 - INFO - 模型已保存至: epoch_860.pth
2025-07-16 06:46:34 - INFO - Epoch 861/1000, Loss: 0.0887, Dice: 0.0856, MSE: 0.0155
2025-07-16 06:46:49 - INFO - Epoch 862/1000, Loss: 0.0798, Dice: 0.0774, MSE: 0.0123
2025-07-16 06:47:04 - INFO - Epoch 863/1000, Loss: 0.0779, Dice: 0.0753, MSE: 0.0125
2025-07-16 06:47:19 - INFO - Epoch 864/1000, Loss: 0.0804, Dice: 0.0779, MSE: 0.0124
2025-07-16 06:47:33 - INFO - Epoch 865/1000, Loss: 0.0735, Dice: 0.0709, MSE: 0.0130
2025-07-16 06:47:48 - INFO - Epoch 866/1000, Loss: 0.0821, Dice: 0.0798, MSE: 0.0115
2025-07-16 06:48:03 - INFO - Epoch 867/1000, Loss: 0.0827, Dice: 0.0801, MSE: 0.0127
2025-07-16 06:48:18 - INFO - Epoch 868/1000, Loss: 0.0852, Dice: 0.0824, MSE: 0.0140
2025-07-16 06:48:32 - INFO - Epoch 869/1000, Loss: 0.0737, Dice: 0.0713, MSE: 0.0117
2025-07-16 06:48:47 - INFO - Epoch 870/1000, Loss: 0.0670, Dice: 0.0645, MSE: 0.0130
2025-07-16 06:49:02 - INFO - Epoch 871/1000, Loss: 0.0732, Dice: 0.0708, MSE: 0.0119
2025-07-16 06:49:17 - INFO - Epoch 872/1000, Loss: 0.0872, Dice: 0.0849, MSE: 0.0114
2025-07-16 06:49:31 - INFO - Epoch 873/1000, Loss: 0.0735, Dice: 0.0712, MSE: 0.0115
2025-07-16 06:49:46 - INFO - Epoch 874/1000, Loss: 0.0827, Dice: 0.0801, MSE: 0.0128
2025-07-16 06:50:01 - INFO - Epoch 875/1000, Loss: 0.1006, Dice: 0.0977, MSE: 0.0146
2025-07-16 06:50:16 - INFO - Epoch 876/1000, Loss: 0.0983, Dice: 0.0952, MSE: 0.0154
2025-07-16 06:50:30 - INFO - Epoch 877/1000, Loss: 0.1002, Dice: 0.0968, MSE: 0.0170
2025-07-16 06:50:45 - INFO - Epoch 878/1000, Loss: 0.0743, Dice: 0.0713, MSE: 0.0148
2025-07-16 06:51:00 - INFO - Epoch 879/1000, Loss: 0.0945, Dice: 0.0920, MSE: 0.0123
2025-07-16 06:51:15 - INFO - Epoch 880/1000, Loss: 0.1083, Dice: 0.1055, MSE: 0.0137
2025-07-16 06:51:16 - INFO - 模型已保存至: epoch_880.pth
2025-07-16 06:51:31 - INFO - Epoch 881/1000, Loss: 0.0995, Dice: 0.0964, MSE: 0.0157
2025-07-16 06:51:46 - INFO - Epoch 882/1000, Loss: 0.0863, Dice: 0.0835, MSE: 0.0137
2025-07-16 06:52:01 - INFO - Epoch 883/1000, Loss: 0.1015, Dice: 0.0991, MSE: 0.0120
2025-07-16 06:52:15 - INFO - Epoch 884/1000, Loss: 0.0868, Dice: 0.0843, MSE: 0.0120
2025-07-16 06:52:30 - INFO - Epoch 885/1000, Loss: 0.1350, Dice: 0.1316, MSE: 0.0168
2025-07-16 06:52:45 - INFO - Epoch 886/1000, Loss: 0.0725, Dice: 0.0706, MSE: 0.0096
2025-07-16 06:53:00 - INFO - Epoch 887/1000, Loss: 0.0735, Dice: 0.0713, MSE: 0.0109
2025-07-16 06:53:15 - INFO - Epoch 888/1000, Loss: 0.0734, Dice: 0.0708, MSE: 0.0132
2025-07-16 06:53:29 - INFO - Epoch 889/1000, Loss: 0.0747, Dice: 0.0720, MSE: 0.0134
2025-07-16 06:53:44 - INFO - Epoch 890/1000, Loss: 0.0739, Dice: 0.0715, MSE: 0.0121
2025-07-16 06:53:59 - INFO - Epoch 891/1000, Loss: 0.0714, Dice: 0.0690, MSE: 0.0120
2025-07-16 06:54:14 - INFO - Epoch 892/1000, Loss: 0.0840, Dice: 0.0816, MSE: 0.0120
2025-07-16 06:54:29 - INFO - Epoch 893/1000, Loss: 0.0689, Dice: 0.0669, MSE: 0.0100
2025-07-16 06:54:43 - INFO - Epoch 894/1000, Loss: 0.0745, Dice: 0.0724, MSE: 0.0109
2025-07-16 06:54:58 - INFO - Epoch 895/1000, Loss: 0.0720, Dice: 0.0696, MSE: 0.0123
2025-07-16 06:55:13 - INFO - Epoch 896/1000, Loss: 0.0694, Dice: 0.0671, MSE: 0.0111
2025-07-16 06:55:28 - INFO - Epoch 897/1000, Loss: 0.0774, Dice: 0.0752, MSE: 0.0110
2025-07-16 06:55:42 - INFO - Epoch 898/1000, Loss: 0.0812, Dice: 0.0792, MSE: 0.0099
2025-07-16 06:55:57 - INFO - Epoch 899/1000, Loss: 0.0682, Dice: 0.0660, MSE: 0.0111
2025-07-16 06:56:12 - INFO - Epoch 900/1000, Loss: 0.0733, Dice: 0.0710, MSE: 0.0115
2025-07-16 06:56:13 - INFO - 模型已保存至: epoch_900.pth
2025-07-16 06:56:28 - INFO - Epoch 901/1000, Loss: 0.0761, Dice: 0.0738, MSE: 0.0114
2025-07-16 06:56:43 - INFO - Epoch 902/1000, Loss: 0.0643, Dice: 0.0620, MSE: 0.0115
2025-07-16 06:56:58 - INFO - Epoch 903/1000, Loss: 0.0850, Dice: 0.0827, MSE: 0.0112
2025-07-16 06:57:12 - INFO - Epoch 904/1000, Loss: 0.0700, Dice: 0.0680, MSE: 0.0102
2025-07-16 06:57:27 - INFO - Epoch 905/1000, Loss: 0.0764, Dice: 0.0743, MSE: 0.0104
2025-07-16 06:57:42 - INFO - Epoch 906/1000, Loss: 0.0688, Dice: 0.0667, MSE: 0.0105
2025-07-16 06:57:56 - INFO - Epoch 907/1000, Loss: 0.0680, Dice: 0.0656, MSE: 0.0119
2025-07-16 06:58:11 - INFO - Epoch 908/1000, Loss: 0.0977, Dice: 0.0949, MSE: 0.0135
2025-07-16 06:58:26 - INFO - Epoch 909/1000, Loss: 0.0786, Dice: 0.0754, MSE: 0.0157
2025-07-16 06:58:41 - INFO - Epoch 910/1000, Loss: 0.0758, Dice: 0.0732, MSE: 0.0132
2025-07-16 06:58:55 - INFO - Epoch 911/1000, Loss: 0.0727, Dice: 0.0701, MSE: 0.0130
2025-07-16 06:59:10 - INFO - Epoch 912/1000, Loss: 0.0725, Dice: 0.0707, MSE: 0.0094
2025-07-16 06:59:25 - INFO - Epoch 913/1000, Loss: 0.0788, Dice: 0.0763, MSE: 0.0126
2025-07-16 06:59:40 - INFO - Epoch 914/1000, Loss: 0.0743, Dice: 0.0720, MSE: 0.0116
2025-07-16 06:59:54 - INFO - Epoch 915/1000, Loss: 0.0667, Dice: 0.0644, MSE: 0.0113
2025-07-16 07:00:09 - INFO - Epoch 916/1000, Loss: 0.0706, Dice: 0.0679, MSE: 0.0136
2025-07-16 07:00:24 - INFO - Epoch 917/1000, Loss: 0.0788, Dice: 0.0755, MSE: 0.0165
2025-07-16 07:00:38 - INFO - Epoch 918/1000, Loss: 0.0677, Dice: 0.0650, MSE: 0.0136
2025-07-16 07:00:53 - INFO - Epoch 919/1000, Loss: 0.0759, Dice: 0.0732, MSE: 0.0132
2025-07-16 07:01:08 - INFO - Epoch 920/1000, Loss: 0.0873, Dice: 0.0846, MSE: 0.0137
2025-07-16 07:01:09 - INFO - 模型已保存至: epoch_920.pth
2025-07-16 07:01:24 - INFO - Epoch 921/1000, Loss: 0.0734, Dice: 0.0710, MSE: 0.0124
2025-07-16 07:01:39 - INFO - Epoch 922/1000, Loss: 0.1107, Dice: 0.1078, MSE: 0.0146
2025-07-16 07:01:53 - INFO - Epoch 923/1000, Loss: 0.0846, Dice: 0.0820, MSE: 0.0127
2025-07-16 07:02:08 - INFO - Epoch 924/1000, Loss: 0.0693, Dice: 0.0665, MSE: 0.0138
2025-07-16 07:02:23 - INFO - Epoch 925/1000, Loss: 0.0688, Dice: 0.0664, MSE: 0.0123
2025-07-16 07:02:38 - INFO - Epoch 926/1000, Loss: 0.0666, Dice: 0.0641, MSE: 0.0126
2025-07-16 07:02:52 - INFO - Epoch 927/1000, Loss: 0.0695, Dice: 0.0672, MSE: 0.0111
2025-07-16 07:03:07 - INFO - Epoch 928/1000, Loss: 0.0655, Dice: 0.0632, MSE: 0.0113
2025-07-16 07:03:22 - INFO - Epoch 929/1000, Loss: 0.0670, Dice: 0.0652, MSE: 0.0093
2025-07-16 07:03:37 - INFO - Epoch 930/1000, Loss: 0.0629, Dice: 0.0602, MSE: 0.0133
2025-07-16 07:03:51 - INFO - Epoch 931/1000, Loss: 0.0737, Dice: 0.0714, MSE: 0.0114
2025-07-16 07:04:06 - INFO - Epoch 932/1000, Loss: 0.0705, Dice: 0.0684, MSE: 0.0106
2025-07-16 07:04:21 - INFO - Epoch 933/1000, Loss: 0.0782, Dice: 0.0759, MSE: 0.0114
2025-07-16 07:04:36 - INFO - Epoch 934/1000, Loss: 0.0700, Dice: 0.0675, MSE: 0.0123
2025-07-16 07:04:50 - INFO - Epoch 935/1000, Loss: 0.0805, Dice: 0.0780, MSE: 0.0128
2025-07-16 07:05:05 - INFO - Epoch 936/1000, Loss: 0.0727, Dice: 0.0703, MSE: 0.0118
2025-07-16 07:05:20 - INFO - Epoch 937/1000, Loss: 0.0903, Dice: 0.0877, MSE: 0.0132
2025-07-16 07:05:35 - INFO - Epoch 938/1000, Loss: 0.0737, Dice: 0.0713, MSE: 0.0117
2025-07-16 07:05:49 - INFO - Epoch 939/1000, Loss: 0.0968, Dice: 0.0940, MSE: 0.0143
2025-07-16 07:06:04 - INFO - Epoch 940/1000, Loss: 0.0862, Dice: 0.0834, MSE: 0.0139
2025-07-16 07:06:06 - INFO - 模型已保存至: epoch_940.pth
2025-07-16 07:06:20 - INFO - Epoch 941/1000, Loss: 0.0759, Dice: 0.0737, MSE: 0.0112
2025-07-16 07:06:35 - INFO - Epoch 942/1000, Loss: 0.0679, Dice: 0.0656, MSE: 0.0114
2025-07-16 07:06:50 - INFO - Epoch 943/1000, Loss: 0.0689, Dice: 0.0668, MSE: 0.0102
2025-07-16 07:07:05 - INFO - Epoch 944/1000, Loss: 0.0692, Dice: 0.0668, MSE: 0.0117
2025-07-16 07:07:20 - INFO - Epoch 945/1000, Loss: 0.1131, Dice: 0.1099, MSE: 0.0161
2025-07-16 07:07:34 - INFO - Epoch 946/1000, Loss: 0.0721, Dice: 0.0702, MSE: 0.0097
2025-07-16 07:07:49 - INFO - Epoch 947/1000, Loss: 0.0650, Dice: 0.0628, MSE: 0.0110
2025-07-16 07:08:04 - INFO - Epoch 948/1000, Loss: 0.0761, Dice: 0.0740, MSE: 0.0103
2025-07-16 07:08:19 - INFO - Epoch 949/1000, Loss: 0.0652, Dice: 0.0632, MSE: 0.0099
2025-07-16 07:08:33 - INFO - Epoch 950/1000, Loss: 0.0639, Dice: 0.0616, MSE: 0.0113
2025-07-16 07:08:48 - INFO - Epoch 951/1000, Loss: 0.0673, Dice: 0.0652, MSE: 0.0109
2025-07-16 07:09:03 - INFO - Epoch 952/1000, Loss: 0.0624, Dice: 0.0602, MSE: 0.0107
2025-07-16 07:09:18 - INFO - Epoch 953/1000, Loss: 0.0647, Dice: 0.0624, MSE: 0.0117
2025-07-16 07:09:33 - INFO - Epoch 954/1000, Loss: 0.0794, Dice: 0.0771, MSE: 0.0117
2025-07-16 07:09:47 - INFO - Epoch 955/1000, Loss: 0.0746, Dice: 0.0720, MSE: 0.0132
2025-07-16 07:10:02 - INFO - Epoch 956/1000, Loss: 0.0684, Dice: 0.0664, MSE: 0.0098
2025-07-16 07:10:17 - INFO - Epoch 957/1000, Loss: 0.0698, Dice: 0.0675, MSE: 0.0117
2025-07-16 07:10:31 - INFO - Epoch 958/1000, Loss: 0.0646, Dice: 0.0626, MSE: 0.0100
2025-07-16 07:10:46 - INFO - Epoch 959/1000, Loss: 0.0711, Dice: 0.0689, MSE: 0.0109
2025-07-16 07:11:01 - INFO - Epoch 960/1000, Loss: 0.0697, Dice: 0.0673, MSE: 0.0117
2025-07-16 07:11:02 - INFO - 模型已保存至: epoch_960.pth
2025-07-16 07:11:17 - INFO - Epoch 961/1000, Loss: 0.0771, Dice: 0.0747, MSE: 0.0121
2025-07-16 07:11:32 - INFO - Epoch 962/1000, Loss: 0.0688, Dice: 0.0666, MSE: 0.0111
2025-07-16 07:11:46 - INFO - Epoch 963/1000, Loss: 0.0654, Dice: 0.0632, MSE: 0.0113
2025-07-16 07:12:01 - INFO - Epoch 964/1000, Loss: 0.0747, Dice: 0.0724, MSE: 0.0115
2025-07-16 07:12:16 - INFO - Epoch 965/1000, Loss: 0.0686, Dice: 0.0663, MSE: 0.0115
2025-07-16 07:12:31 - INFO - Epoch 966/1000, Loss: 0.0628, Dice: 0.0610, MSE: 0.0091
2025-07-16 07:12:45 - INFO - Epoch 967/1000, Loss: 0.0750, Dice: 0.0728, MSE: 0.0112
2025-07-16 07:13:00 - INFO - Epoch 968/1000, Loss: 0.0633, Dice: 0.0608, MSE: 0.0125
2025-07-16 07:13:15 - INFO - Epoch 969/1000, Loss: 0.0723, Dice: 0.0700, MSE: 0.0115
2025-07-16 07:13:30 - INFO - Epoch 970/1000, Loss: 0.0719, Dice: 0.0699, MSE: 0.0096
2025-07-16 07:13:45 - INFO - Epoch 971/1000, Loss: 0.0760, Dice: 0.0740, MSE: 0.0099
2025-07-16 07:13:59 - INFO - Epoch 972/1000, Loss: 0.0723, Dice: 0.0700, MSE: 0.0115
2025-07-16 07:14:14 - INFO - Epoch 973/1000, Loss: 0.0709, Dice: 0.0688, MSE: 0.0103
2025-07-16 07:14:29 - INFO - Epoch 974/1000, Loss: 0.0729, Dice: 0.0708, MSE: 0.0103
2025-07-16 07:14:44 - INFO - Epoch 975/1000, Loss: 0.0676, Dice: 0.0657, MSE: 0.0092
2025-07-16 07:14:58 - INFO - Epoch 976/1000, Loss: 0.0668, Dice: 0.0647, MSE: 0.0102
2025-07-16 07:15:13 - INFO - Epoch 977/1000, Loss: 0.0834, Dice: 0.0814, MSE: 0.0103
2025-07-16 07:15:28 - INFO - Epoch 978/1000, Loss: 0.0829, Dice: 0.0807, MSE: 0.0112
2025-07-16 07:15:43 - INFO - Epoch 979/1000, Loss: 0.0817, Dice: 0.0789, MSE: 0.0142
2025-07-16 07:15:57 - INFO - Epoch 980/1000, Loss: 0.0709, Dice: 0.0678, MSE: 0.0155
2025-07-16 07:15:59 - INFO - 模型已保存至: epoch_980.pth
2025-07-16 07:16:14 - INFO - Epoch 981/1000, Loss: 0.0683, Dice: 0.0642, MSE: 0.0208
2025-07-16 07:16:28 - INFO - Epoch 982/1000, Loss: 0.0697, Dice: 0.0639, MSE: 0.0290
2025-07-16 07:16:43 - INFO - Epoch 983/1000, Loss: 0.0817, Dice: 0.0774, MSE: 0.0216
2025-07-16 07:16:58 - INFO - Epoch 984/1000, Loss: 0.1445, Dice: 0.1398, MSE: 0.0236
2025-07-16 07:17:13 - INFO - Epoch 985/1000, Loss: 0.1132, Dice: 0.1070, MSE: 0.0309
2025-07-16 07:17:28 - INFO - Epoch 986/1000, Loss: 0.0998, Dice: 0.0959, MSE: 0.0195
2025-07-16 07:17:42 - INFO - Epoch 987/1000, Loss: 0.0985, Dice: 0.0945, MSE: 0.0199
2025-07-16 07:17:57 - INFO - Epoch 988/1000, Loss: 0.1115, Dice: 0.1075, MSE: 0.0203
2025-07-16 07:18:12 - INFO - Epoch 989/1000, Loss: 0.1287, Dice: 0.1252, MSE: 0.0174
2025-07-16 07:18:27 - INFO - Epoch 990/1000, Loss: 0.0993, Dice: 0.0957, MSE: 0.0178
2025-07-16 07:18:42 - INFO - Epoch 991/1000, Loss: 0.0863, Dice: 0.0830, MSE: 0.0165
2025-07-16 07:18:56 - INFO - Epoch 992/1000, Loss: 0.0810, Dice: 0.0778, MSE: 0.0161
2025-07-16 07:19:11 - INFO - Epoch 993/1000, Loss: 0.0908, Dice: 0.0879, MSE: 0.0148
2025-07-16 07:19:26 - INFO - Epoch 994/1000, Loss: 0.0822, Dice: 0.0796, MSE: 0.0131
2025-07-16 07:19:41 - INFO - Epoch 995/1000, Loss: 0.0717, Dice: 0.0693, MSE: 0.0121
2025-07-16 07:19:55 - INFO - Epoch 996/1000, Loss: 0.0715, Dice: 0.0693, MSE: 0.0111
2025-07-16 07:20:10 - INFO - Epoch 997/1000, Loss: 0.0780, Dice: 0.0757, MSE: 0.0116
2025-07-16 07:20:25 - INFO - Epoch 998/1000, Loss: 0.0681, Dice: 0.0637, MSE: 0.0221
2025-07-16 07:20:40 - INFO - Epoch 999/1000, Loss: 0.0698, Dice: 0.0677, MSE: 0.0110
2025-07-16 07:20:54 - INFO - Epoch 1000/1000, Loss: 0.0656, Dice: 0.0634, MSE: 0.0110
2025-07-16 07:20:56 - INFO - 模型已保存至: epoch_1000.pth
2025-07-16 07:20:56 - INFO - 训练完成！
