2025-05-05 00:05:02 - INFO - Logging is set up.
2025-05-05 00:05:02 - INFO - 训练配置参数:
{'seed': 42, 'epochs': 1000, 'batch_size': 5, 'num_classes': 2, 'learning_rate': 0.001, 'dataset_path': './datasets/LA', 'log_path': './result/SAM3D_VNet_SSL/LA_16_SemiSupervised_NetworkV6/Training.log', 'pth_path': './result/SAM3D_VNet_SSL/LA_16_SemiSupervised_NetworkV6/Pth', 'tensorboard_path': './result/SAM3D_VNet_SSL/LA_16_SemiSupervised_NetworkV6/Train', 'continue_train': False, 'multi_gpu': True, 'training_label_num': 16, 'training_unlabel_num': 64, 'label_bs': 1, 'unlabel_bs': 4, 'consistency_weight': 0.3, 'pretrained_weights': None}
2025-05-05 00:05:04 - INFO - 使用 2 个GPU
2025-05-05 00:05:04 - INFO - 模型总参数: 115,813,347
2025-05-05 00:05:04 - INFO - 可训练参数: 115,813,347
2025-05-05 00:05:44 - INFO - Epoch 1/1000, Loss: 0.9959, Dice: 0.9861, MSE: 0.0327
2025-05-05 00:06:19 - INFO - Epoch 2/1000, Loss: 0.8236, Dice: 0.8168, MSE: 0.0226
2025-05-05 00:06:54 - INFO - Epoch 3/1000, Loss: 0.7768, Dice: 0.7704, MSE: 0.0211
2025-05-05 00:07:29 - INFO - Epoch 4/1000, Loss: 0.7158, Dice: 0.7089, MSE: 0.0228
2025-05-05 00:08:03 - INFO - Epoch 5/1000, Loss: 0.7133, Dice: 0.7053, MSE: 0.0269
2025-05-05 00:08:38 - INFO - Epoch 6/1000, Loss: 0.6882, Dice: 0.6792, MSE: 0.0301
2025-05-05 00:09:13 - INFO - Epoch 7/1000, Loss: 0.6813, Dice: 0.6721, MSE: 0.0306
2025-05-05 00:09:48 - INFO - Epoch 8/1000, Loss: 0.7343, Dice: 0.7251, MSE: 0.0305
2025-05-05 00:10:23 - INFO - Epoch 9/1000, Loss: 0.6445, Dice: 0.6346, MSE: 0.0333
2025-05-05 00:10:58 - INFO - Epoch 10/1000, Loss: 0.6474, Dice: 0.6365, MSE: 0.0364
2025-05-05 00:11:33 - INFO - Epoch 11/1000, Loss: 0.6160, Dice: 0.6040, MSE: 0.0399
2025-05-05 00:12:07 - INFO - Epoch 12/1000, Loss: 0.5738, Dice: 0.5624, MSE: 0.0380
2025-05-05 00:12:42 - INFO - Epoch 13/1000, Loss: 0.5714, Dice: 0.5603, MSE: 0.0370
2025-05-05 00:13:17 - INFO - Epoch 14/1000, Loss: 0.5375, Dice: 0.5263, MSE: 0.0375
2025-05-05 00:13:51 - INFO - Epoch 15/1000, Loss: 0.6106, Dice: 0.5984, MSE: 0.0404
2025-05-05 00:14:26 - INFO - Epoch 16/1000, Loss: 0.5898, Dice: 0.5771, MSE: 0.0426
2025-05-05 00:15:01 - INFO - Epoch 17/1000, Loss: 0.5369, Dice: 0.5230, MSE: 0.0465
2025-05-05 00:15:35 - INFO - Epoch 18/1000, Loss: 0.5281, Dice: 0.5146, MSE: 0.0452
2025-05-05 00:16:10 - INFO - Epoch 19/1000, Loss: 0.5361, Dice: 0.5218, MSE: 0.0479
2025-05-05 00:16:45 - INFO - Epoch 20/1000, Loss: 0.5377, Dice: 0.5239, MSE: 0.0463
2025-05-05 00:16:47 - INFO - 模型已保存至: epoch_20.pth
2025-05-05 00:17:21 - INFO - Epoch 21/1000, Loss: 0.4948, Dice: 0.4800, MSE: 0.0494
2025-05-05 00:17:56 - INFO - Epoch 22/1000, Loss: 0.4925, Dice: 0.4771, MSE: 0.0515
2025-05-05 00:18:31 - INFO - Epoch 23/1000, Loss: 0.4767, Dice: 0.4595, MSE: 0.0572
2025-05-05 00:19:05 - INFO - Epoch 24/1000, Loss: 0.4611, Dice: 0.4446, MSE: 0.0551
2025-05-05 00:19:40 - INFO - Epoch 25/1000, Loss: 0.4777, Dice: 0.4590, MSE: 0.0626
2025-05-05 00:20:14 - INFO - Epoch 26/1000, Loss: 0.4428, Dice: 0.4257, MSE: 0.0571
2025-05-05 00:20:49 - INFO - Epoch 27/1000, Loss: 0.4499, Dice: 0.4319, MSE: 0.0599
2025-05-05 00:21:24 - INFO - Epoch 28/1000, Loss: 0.4122, Dice: 0.3930, MSE: 0.0640
2025-05-05 00:21:59 - INFO - Epoch 29/1000, Loss: 0.4663, Dice: 0.4328, MSE: 0.1116
2025-05-05 00:22:34 - INFO - Epoch 30/1000, Loss: 0.4538, Dice: 0.4310, MSE: 0.0761
2025-05-05 00:23:08 - INFO - Epoch 31/1000, Loss: 0.4528, Dice: 0.4349, MSE: 0.0597
2025-05-05 00:23:43 - INFO - Epoch 32/1000, Loss: 0.4016, Dice: 0.3813, MSE: 0.0677
2025-05-05 00:24:18 - INFO - Epoch 33/1000, Loss: 0.4322, Dice: 0.4117, MSE: 0.0683
2025-05-05 00:24:53 - INFO - Epoch 34/1000, Loss: 0.4233, Dice: 0.4052, MSE: 0.0604
2025-05-05 00:25:28 - INFO - Epoch 35/1000, Loss: 0.3717, Dice: 0.3555, MSE: 0.0538
2025-05-05 00:26:02 - INFO - Epoch 36/1000, Loss: 0.4559, Dice: 0.4370, MSE: 0.0628
2025-05-05 00:26:37 - INFO - Epoch 37/1000, Loss: 0.4227, Dice: 0.4041, MSE: 0.0620
2025-05-05 00:27:12 - INFO - Epoch 38/1000, Loss: 0.3983, Dice: 0.3802, MSE: 0.0604
2025-05-05 00:27:46 - INFO - Epoch 39/1000, Loss: 0.3480, Dice: 0.3260, MSE: 0.0734
2025-05-05 00:28:21 - INFO - Epoch 40/1000, Loss: 0.3618, Dice: 0.3412, MSE: 0.0688
2025-05-05 00:28:23 - INFO - 模型已保存至: epoch_40.pth
2025-05-05 00:28:58 - INFO - Epoch 41/1000, Loss: 0.3904, Dice: 0.3693, MSE: 0.0703
2025-05-05 00:29:32 - INFO - Epoch 42/1000, Loss: 0.3939, Dice: 0.3734, MSE: 0.0684
2025-05-05 00:30:07 - INFO - Epoch 43/1000, Loss: 0.3589, Dice: 0.3378, MSE: 0.0706
2025-05-05 00:30:42 - INFO - Epoch 44/1000, Loss: 0.3577, Dice: 0.3295, MSE: 0.0938
2025-05-05 00:31:16 - INFO - Epoch 45/1000, Loss: 0.3550, Dice: 0.3245, MSE: 0.1016
2025-05-05 00:31:51 - INFO - Epoch 46/1000, Loss: 0.3513, Dice: 0.3169, MSE: 0.1146
2025-05-05 00:32:26 - INFO - Epoch 47/1000, Loss: 0.3519, Dice: 0.3186, MSE: 0.1112
2025-05-05 00:33:00 - INFO - Epoch 48/1000, Loss: 0.3195, Dice: 0.2850, MSE: 0.1150
2025-05-05 00:33:35 - INFO - Epoch 49/1000, Loss: 0.3608, Dice: 0.3217, MSE: 0.1301
2025-05-05 00:34:09 - INFO - Epoch 50/1000, Loss: 0.3588, Dice: 0.3267, MSE: 0.1071
2025-05-05 00:34:43 - INFO - Epoch 51/1000, Loss: 0.3267, Dice: 0.2930, MSE: 0.1121
2025-05-05 00:35:18 - INFO - Epoch 52/1000, Loss: 0.3241, Dice: 0.2817, MSE: 0.1414
2025-05-05 00:35:52 - INFO - Epoch 53/1000, Loss: 0.3190, Dice: 0.2848, MSE: 0.1140
2025-05-05 00:36:26 - INFO - Epoch 54/1000, Loss: 0.3046, Dice: 0.2697, MSE: 0.1165
2025-05-05 00:37:01 - INFO - Epoch 55/1000, Loss: 0.3237, Dice: 0.2842, MSE: 0.1317
2025-05-05 00:37:35 - INFO - Epoch 56/1000, Loss: 0.2989, Dice: 0.2574, MSE: 0.1383
2025-05-05 00:38:09 - INFO - Epoch 57/1000, Loss: 0.3149, Dice: 0.2761, MSE: 0.1292
2025-05-05 00:38:44 - INFO - Epoch 58/1000, Loss: 0.3741, Dice: 0.3360, MSE: 0.1268
2025-05-05 00:39:18 - INFO - Epoch 59/1000, Loss: 0.3393, Dice: 0.3002, MSE: 0.1301
2025-05-05 00:39:52 - INFO - Epoch 60/1000, Loss: 0.2836, Dice: 0.2478, MSE: 0.1196
2025-05-05 00:39:54 - INFO - 模型已保存至: epoch_60.pth
2025-05-05 00:40:28 - INFO - Epoch 61/1000, Loss: 0.3186, Dice: 0.2841, MSE: 0.1150
2025-05-05 00:41:02 - INFO - Epoch 62/1000, Loss: 0.4360, Dice: 0.4045, MSE: 0.1051
2025-05-05 00:41:37 - INFO - Epoch 63/1000, Loss: 0.3285, Dice: 0.2922, MSE: 0.1210
2025-05-05 00:42:11 - INFO - Epoch 64/1000, Loss: 0.2732, Dice: 0.2380, MSE: 0.1172
2025-05-05 00:42:46 - INFO - Epoch 65/1000, Loss: 0.2982, Dice: 0.2638, MSE: 0.1147
2025-05-05 00:43:20 - INFO - Epoch 66/1000, Loss: 0.3047, Dice: 0.2685, MSE: 0.1206
2025-05-05 00:43:54 - INFO - Epoch 67/1000, Loss: 0.2807, Dice: 0.2490, MSE: 0.1057
2025-05-05 00:44:29 - INFO - Epoch 68/1000, Loss: 0.3037, Dice: 0.2664, MSE: 0.1245
2025-05-05 00:45:03 - INFO - Epoch 69/1000, Loss: 0.2798, Dice: 0.2447, MSE: 0.1170
2025-05-05 00:45:38 - INFO - Epoch 70/1000, Loss: 0.2395, Dice: 0.2022, MSE: 0.1243
2025-05-05 00:46:12 - INFO - Epoch 71/1000, Loss: 0.2366, Dice: 0.2013, MSE: 0.1177
2025-05-05 00:46:46 - INFO - Epoch 72/1000, Loss: 0.2612, Dice: 0.2206, MSE: 0.1352
2025-05-05 00:47:20 - INFO - Epoch 73/1000, Loss: 0.2621, Dice: 0.2235, MSE: 0.1288
2025-05-05 00:47:55 - INFO - Epoch 74/1000, Loss: 0.2677, Dice: 0.2265, MSE: 0.1373
2025-05-05 00:48:29 - INFO - Epoch 75/1000, Loss: 0.2721, Dice: 0.2386, MSE: 0.1117
2025-05-05 00:49:04 - INFO - Epoch 76/1000, Loss: 0.2893, Dice: 0.2536, MSE: 0.1189
2025-05-05 00:49:38 - INFO - Epoch 77/1000, Loss: 0.3018, Dice: 0.2673, MSE: 0.1148
2025-05-05 00:50:13 - INFO - Epoch 78/1000, Loss: 0.2834, Dice: 0.2446, MSE: 0.1294
2025-05-05 00:50:48 - INFO - Epoch 79/1000, Loss: 0.2852, Dice: 0.2474, MSE: 0.1258
2025-05-05 00:51:22 - INFO - Epoch 80/1000, Loss: 0.2633, Dice: 0.2271, MSE: 0.1208
2025-05-05 00:51:24 - INFO - 模型已保存至: epoch_80.pth
2025-05-05 00:51:58 - INFO - Epoch 81/1000, Loss: 0.2631, Dice: 0.2265, MSE: 0.1219
2025-05-05 00:52:33 - INFO - Epoch 82/1000, Loss: 0.2343, Dice: 0.1965, MSE: 0.1258
2025-05-05 00:53:07 - INFO - Epoch 83/1000, Loss: 0.2668, Dice: 0.2292, MSE: 0.1252
2025-05-05 00:53:41 - INFO - Epoch 84/1000, Loss: 0.2616, Dice: 0.2182, MSE: 0.1444
2025-05-05 00:54:15 - INFO - Epoch 85/1000, Loss: 0.2478, Dice: 0.2081, MSE: 0.1324
2025-05-05 00:54:50 - INFO - Epoch 86/1000, Loss: 0.2373, Dice: 0.2016, MSE: 0.1192
2025-05-05 00:55:24 - INFO - Epoch 87/1000, Loss: 0.3193, Dice: 0.2774, MSE: 0.1397
2025-05-05 00:55:59 - INFO - Epoch 88/1000, Loss: 0.2688, Dice: 0.2299, MSE: 0.1297
2025-05-05 00:56:33 - INFO - Epoch 89/1000, Loss: 0.2409, Dice: 0.2043, MSE: 0.1220
2025-05-05 00:57:08 - INFO - Epoch 90/1000, Loss: 0.2255, Dice: 0.1891, MSE: 0.1212
2025-05-05 00:57:42 - INFO - Epoch 91/1000, Loss: 0.2095, Dice: 0.1716, MSE: 0.1262
2025-05-05 00:58:17 - INFO - Epoch 92/1000, Loss: 0.2399, Dice: 0.1991, MSE: 0.1363
2025-05-05 00:58:51 - INFO - Epoch 93/1000, Loss: 0.3129, Dice: 0.2730, MSE: 0.1332
2025-05-05 00:59:26 - INFO - Epoch 94/1000, Loss: 0.2776, Dice: 0.2394, MSE: 0.1274
2025-05-05 01:00:00 - INFO - Epoch 95/1000, Loss: 0.2414, Dice: 0.2007, MSE: 0.1356
2025-05-05 01:00:34 - INFO - Epoch 96/1000, Loss: 0.2440, Dice: 0.2002, MSE: 0.1459
2025-05-05 01:01:09 - INFO - Epoch 97/1000, Loss: 0.2214, Dice: 0.1764, MSE: 0.1501
2025-05-05 01:01:44 - INFO - Epoch 98/1000, Loss: 0.2139, Dice: 0.1767, MSE: 0.1241
2025-05-05 01:02:18 - INFO - Epoch 99/1000, Loss: 0.2514, Dice: 0.2139, MSE: 0.1249
2025-05-05 01:02:52 - INFO - Epoch 100/1000, Loss: 0.2231, Dice: 0.1853, MSE: 0.1258
2025-05-05 01:02:54 - INFO - 模型已保存至: epoch_100.pth
2025-05-05 01:03:28 - INFO - Epoch 101/1000, Loss: 0.1994, Dice: 0.1594, MSE: 0.1333
2025-05-05 01:04:02 - INFO - Epoch 102/1000, Loss: 0.2296, Dice: 0.1928, MSE: 0.1226
2025-05-05 01:04:36 - INFO - Epoch 103/1000, Loss: 0.2511, Dice: 0.2139, MSE: 0.1242
2025-05-05 01:05:11 - INFO - Epoch 104/1000, Loss: 0.2355, Dice: 0.1971, MSE: 0.1278
2025-05-05 01:05:45 - INFO - Epoch 105/1000, Loss: 0.2024, Dice: 0.1592, MSE: 0.1441
2025-05-05 01:06:20 - INFO - Epoch 106/1000, Loss: 0.2070, Dice: 0.1634, MSE: 0.1453
2025-05-05 01:06:54 - INFO - Epoch 107/1000, Loss: 0.2264, Dice: 0.1832, MSE: 0.1440
2025-05-05 01:07:29 - INFO - Epoch 108/1000, Loss: 0.2430, Dice: 0.2030, MSE: 0.1336
2025-05-05 01:08:03 - INFO - Epoch 109/1000, Loss: 0.2269, Dice: 0.1894, MSE: 0.1248
2025-05-05 01:08:37 - INFO - Epoch 110/1000, Loss: 0.1886, Dice: 0.1496, MSE: 0.1302
2025-05-05 01:09:11 - INFO - Epoch 111/1000, Loss: 0.2072, Dice: 0.1674, MSE: 0.1329
2025-05-05 01:09:46 - INFO - Epoch 112/1000, Loss: 0.2059, Dice: 0.1663, MSE: 0.1320
2025-05-05 01:10:20 - INFO - Epoch 113/1000, Loss: 0.1933, Dice: 0.1542, MSE: 0.1306
2025-05-05 01:10:55 - INFO - Epoch 114/1000, Loss: 0.2108, Dice: 0.1723, MSE: 0.1284
2025-05-05 01:11:29 - INFO - Epoch 115/1000, Loss: 0.2076, Dice: 0.1644, MSE: 0.1439
2025-05-05 01:12:04 - INFO - Epoch 116/1000, Loss: 0.2661, Dice: 0.2272, MSE: 0.1298
2025-05-05 01:12:38 - INFO - Epoch 117/1000, Loss: 0.3624, Dice: 0.3177, MSE: 0.1492
2025-05-05 01:13:13 - INFO - Epoch 118/1000, Loss: 0.3392, Dice: 0.3030, MSE: 0.1206
2025-05-05 01:13:47 - INFO - Epoch 119/1000, Loss: 0.2338, Dice: 0.1955, MSE: 0.1277
2025-05-05 01:14:21 - INFO - Epoch 120/1000, Loss: 0.2437, Dice: 0.2070, MSE: 0.1222
2025-05-05 01:14:23 - INFO - 模型已保存至: epoch_120.pth
2025-05-05 01:14:57 - INFO - Epoch 121/1000, Loss: 0.2217, Dice: 0.1845, MSE: 0.1239
2025-05-05 01:15:32 - INFO - Epoch 122/1000, Loss: 0.2368, Dice: 0.1949, MSE: 0.1396
2025-05-05 01:16:06 - INFO - Epoch 123/1000, Loss: 0.2164, Dice: 0.1740, MSE: 0.1413
2025-05-05 01:16:40 - INFO - Epoch 124/1000, Loss: 0.2621, Dice: 0.2216, MSE: 0.1348
2025-05-05 01:17:15 - INFO - Epoch 125/1000, Loss: 0.2294, Dice: 0.1903, MSE: 0.1306
2025-05-05 01:17:49 - INFO - Epoch 126/1000, Loss: 0.2428, Dice: 0.1991, MSE: 0.1454
2025-05-05 01:18:24 - INFO - Epoch 127/1000, Loss: 0.2280, Dice: 0.1887, MSE: 0.1309
2025-05-05 01:18:58 - INFO - Epoch 128/1000, Loss: 0.2337, Dice: 0.1928, MSE: 0.1362
2025-05-05 01:19:33 - INFO - Epoch 129/1000, Loss: 0.2108, Dice: 0.1714, MSE: 0.1313
2025-05-05 01:20:07 - INFO - Epoch 130/1000, Loss: 0.2176, Dice: 0.1781, MSE: 0.1316
2025-05-05 01:20:42 - INFO - Epoch 131/1000, Loss: 0.2063, Dice: 0.1647, MSE: 0.1384
2025-05-05 01:21:17 - INFO - Epoch 132/1000, Loss: 0.1988, Dice: 0.1583, MSE: 0.1347
2025-05-05 01:21:51 - INFO - Epoch 133/1000, Loss: 0.1860, Dice: 0.1441, MSE: 0.1397
2025-05-05 01:22:25 - INFO - Epoch 134/1000, Loss: 0.1887, Dice: 0.1459, MSE: 0.1429
2025-05-05 01:23:00 - INFO - Epoch 135/1000, Loss: 0.2109, Dice: 0.1644, MSE: 0.1550
2025-05-05 01:23:34 - INFO - Epoch 136/1000, Loss: 0.2168, Dice: 0.1769, MSE: 0.1329
2025-05-05 01:24:08 - INFO - Epoch 137/1000, Loss: 0.2029, Dice: 0.1619, MSE: 0.1365
2025-05-05 01:24:43 - INFO - Epoch 138/1000, Loss: 0.2046, Dice: 0.1632, MSE: 0.1380
2025-05-05 01:25:17 - INFO - Epoch 139/1000, Loss: 0.2077, Dice: 0.1647, MSE: 0.1432
2025-05-05 01:25:52 - INFO - Epoch 140/1000, Loss: 0.1847, Dice: 0.1402, MSE: 0.1483
2025-05-05 01:25:53 - INFO - 模型已保存至: epoch_140.pth
2025-05-05 01:26:27 - INFO - Epoch 141/1000, Loss: 0.2448, Dice: 0.2018, MSE: 0.1432
2025-05-05 01:27:02 - INFO - Epoch 142/1000, Loss: 0.2115, Dice: 0.1644, MSE: 0.1571
2025-05-05 01:27:36 - INFO - Epoch 143/1000, Loss: 0.1852, Dice: 0.1437, MSE: 0.1381
2025-05-05 01:28:11 - INFO - Epoch 144/1000, Loss: 0.1971, Dice: 0.1530, MSE: 0.1470
2025-05-05 01:28:45 - INFO - Epoch 145/1000, Loss: 0.2278, Dice: 0.1847, MSE: 0.1437
2025-05-05 01:29:19 - INFO - Epoch 146/1000, Loss: 0.2248, Dice: 0.1876, MSE: 0.1240
2025-05-05 01:29:54 - INFO - Epoch 147/1000, Loss: 0.2499, Dice: 0.2085, MSE: 0.1382
2025-05-05 01:30:28 - INFO - Epoch 148/1000, Loss: 0.2013, Dice: 0.1594, MSE: 0.1395
2025-05-05 01:31:02 - INFO - Epoch 149/1000, Loss: 0.2471, Dice: 0.2088, MSE: 0.1274
2025-05-05 01:31:37 - INFO - Epoch 150/1000, Loss: 0.2293, Dice: 0.1789, MSE: 0.1678
2025-05-05 01:32:11 - INFO - Epoch 151/1000, Loss: 0.2530, Dice: 0.2090, MSE: 0.1467
2025-05-05 01:32:45 - INFO - Epoch 152/1000, Loss: 0.2201, Dice: 0.1774, MSE: 0.1422
2025-05-05 01:33:20 - INFO - Epoch 153/1000, Loss: 0.2193, Dice: 0.1772, MSE: 0.1403
2025-05-05 01:33:54 - INFO - Epoch 154/1000, Loss: 0.2194, Dice: 0.1793, MSE: 0.1335
2025-05-05 01:34:29 - INFO - Epoch 155/1000, Loss: 0.1896, Dice: 0.1499, MSE: 0.1324
2025-05-05 01:35:03 - INFO - Epoch 156/1000, Loss: 0.2434, Dice: 0.2047, MSE: 0.1288
2025-05-05 01:35:37 - INFO - Epoch 157/1000, Loss: 0.2192, Dice: 0.1756, MSE: 0.1456
2025-05-05 01:36:12 - INFO - Epoch 158/1000, Loss: 0.2048, Dice: 0.1617, MSE: 0.1436
2025-05-05 01:36:46 - INFO - Epoch 159/1000, Loss: 0.1935, Dice: 0.1531, MSE: 0.1345
2025-05-05 01:37:20 - INFO - Epoch 160/1000, Loss: 0.1963, Dice: 0.1551, MSE: 0.1376
2025-05-05 01:37:22 - INFO - 模型已保存至: epoch_160.pth
2025-05-05 01:37:56 - INFO - Epoch 161/1000, Loss: 0.2137, Dice: 0.1712, MSE: 0.1415
2025-05-05 01:38:30 - INFO - Epoch 162/1000, Loss: 0.1807, Dice: 0.1409, MSE: 0.1329
2025-05-05 01:39:05 - INFO - Epoch 163/1000, Loss: 0.2103, Dice: 0.1657, MSE: 0.1488
2025-05-05 01:39:39 - INFO - Epoch 164/1000, Loss: 0.2053, Dice: 0.1611, MSE: 0.1472
2025-05-05 01:40:13 - INFO - Epoch 165/1000, Loss: 0.1890, Dice: 0.1489, MSE: 0.1336
2025-05-05 01:40:48 - INFO - Epoch 166/1000, Loss: 0.1849, Dice: 0.1456, MSE: 0.1311
2025-05-05 01:41:22 - INFO - Epoch 167/1000, Loss: 0.1708, Dice: 0.1327, MSE: 0.1272
2025-05-05 01:41:56 - INFO - Epoch 168/1000, Loss: 0.1672, Dice: 0.1245, MSE: 0.1422
2025-05-05 01:42:30 - INFO - Epoch 169/1000, Loss: 0.1856, Dice: 0.1463, MSE: 0.1308
2025-05-05 01:43:05 - INFO - Epoch 170/1000, Loss: 0.1810, Dice: 0.1389, MSE: 0.1404
2025-05-05 01:43:39 - INFO - Epoch 171/1000, Loss: 0.1690, Dice: 0.1270, MSE: 0.1398
2025-05-05 01:44:13 - INFO - Epoch 172/1000, Loss: 0.1916, Dice: 0.1515, MSE: 0.1338
2025-05-05 01:44:48 - INFO - Epoch 173/1000, Loss: 0.2292, Dice: 0.1900, MSE: 0.1307
2025-05-05 01:45:22 - INFO - Epoch 174/1000, Loss: 0.2251, Dice: 0.1773, MSE: 0.1592
2025-05-05 01:45:56 - INFO - Epoch 175/1000, Loss: 0.2330, Dice: 0.1908, MSE: 0.1404
2025-05-05 01:46:30 - INFO - Epoch 176/1000, Loss: 0.1766, Dice: 0.1357, MSE: 0.1363
2025-05-05 01:47:05 - INFO - Epoch 177/1000, Loss: 0.2013, Dice: 0.1569, MSE: 0.1477
2025-05-05 01:47:39 - INFO - Epoch 178/1000, Loss: 0.2036, Dice: 0.1612, MSE: 0.1413
2025-05-05 01:48:13 - INFO - Epoch 179/1000, Loss: 0.1943, Dice: 0.1536, MSE: 0.1359
2025-05-05 01:48:48 - INFO - Epoch 180/1000, Loss: 0.2194, Dice: 0.1732, MSE: 0.1539
2025-05-05 01:48:49 - INFO - 模型已保存至: epoch_180.pth
2025-05-05 01:49:23 - INFO - Epoch 181/1000, Loss: 0.2534, Dice: 0.2159, MSE: 0.1249
2025-05-05 01:49:58 - INFO - Epoch 182/1000, Loss: 0.2146, Dice: 0.1734, MSE: 0.1374
2025-05-05 01:50:32 - INFO - Epoch 183/1000, Loss: 0.1735, Dice: 0.1433, MSE: 0.1006
2025-05-05 01:51:06 - INFO - Epoch 184/1000, Loss: 0.1996, Dice: 0.1662, MSE: 0.1114
2025-05-05 01:51:41 - INFO - Epoch 185/1000, Loss: 0.2284, Dice: 0.1976, MSE: 0.1025
2025-05-05 01:52:15 - INFO - Epoch 186/1000, Loss: 0.2157, Dice: 0.1880, MSE: 0.0924
2025-05-05 01:52:49 - INFO - Epoch 187/1000, Loss: 0.1933, Dice: 0.1706, MSE: 0.0754
2025-05-05 01:53:23 - INFO - Epoch 188/1000, Loss: 0.1828, Dice: 0.1530, MSE: 0.0994
2025-05-05 01:53:57 - INFO - Epoch 189/1000, Loss: 0.1842, Dice: 0.1557, MSE: 0.0948
2025-05-05 01:54:31 - INFO - Epoch 190/1000, Loss: 0.1978, Dice: 0.1730, MSE: 0.0828
2025-05-05 01:55:05 - INFO - Epoch 191/1000, Loss: 0.2121, Dice: 0.1864, MSE: 0.0856
2025-05-05 01:55:40 - INFO - Epoch 192/1000, Loss: 0.1662, Dice: 0.1411, MSE: 0.0836
2025-05-05 01:56:14 - INFO - Epoch 193/1000, Loss: 0.1820, Dice: 0.1572, MSE: 0.0824
2025-05-05 01:56:48 - INFO - Epoch 194/1000, Loss: 0.1629, Dice: 0.1394, MSE: 0.0785
2025-05-05 01:57:22 - INFO - Epoch 195/1000, Loss: 0.1558, Dice: 0.1338, MSE: 0.0734
2025-05-05 01:57:56 - INFO - Epoch 196/1000, Loss: 0.1692, Dice: 0.1475, MSE: 0.0722
2025-05-05 01:58:30 - INFO - Epoch 197/1000, Loss: 0.1617, Dice: 0.1404, MSE: 0.0710
2025-05-05 01:59:05 - INFO - Epoch 198/1000, Loss: 0.1855, Dice: 0.1618, MSE: 0.0789
2025-05-05 01:59:39 - INFO - Epoch 199/1000, Loss: 0.1347, Dice: 0.1139, MSE: 0.0694
2025-05-05 02:00:13 - INFO - Epoch 200/1000, Loss: 0.1735, Dice: 0.1524, MSE: 0.0704
2025-05-05 02:00:15 - INFO - 模型已保存至: epoch_200.pth
2025-05-05 02:00:49 - INFO - Epoch 201/1000, Loss: 0.1631, Dice: 0.1417, MSE: 0.0711
2025-05-05 02:01:23 - INFO - Epoch 202/1000, Loss: 0.2016, Dice: 0.1776, MSE: 0.0801
2025-05-05 02:01:58 - INFO - Epoch 203/1000, Loss: 0.1707, Dice: 0.1489, MSE: 0.0724
2025-05-05 02:02:32 - INFO - Epoch 204/1000, Loss: 0.1655, Dice: 0.1464, MSE: 0.0637
2025-05-05 02:03:07 - INFO - Epoch 205/1000, Loss: 0.1766, Dice: 0.1578, MSE: 0.0626
2025-05-05 02:03:41 - INFO - Epoch 206/1000, Loss: 0.1485, Dice: 0.1282, MSE: 0.0677
2025-05-05 02:04:16 - INFO - Epoch 207/1000, Loss: 0.1587, Dice: 0.1393, MSE: 0.0646
2025-05-05 02:04:51 - INFO - Epoch 208/1000, Loss: 0.1327, Dice: 0.1136, MSE: 0.0637
2025-05-05 02:05:25 - INFO - Epoch 209/1000, Loss: 0.1398, Dice: 0.1215, MSE: 0.0610
2025-05-05 02:05:59 - INFO - Epoch 210/1000, Loss: 0.1653, Dice: 0.1473, MSE: 0.0600
2025-05-05 02:06:33 - INFO - Epoch 211/1000, Loss: 0.1428, Dice: 0.1261, MSE: 0.0557
2025-05-05 02:07:08 - INFO - Epoch 212/1000, Loss: 0.2170, Dice: 0.1958, MSE: 0.0709
2025-05-05 02:07:42 - INFO - Epoch 213/1000, Loss: 0.1505, Dice: 0.1307, MSE: 0.0659
2025-05-05 02:08:17 - INFO - Epoch 214/1000, Loss: 0.1443, Dice: 0.1246, MSE: 0.0656
2025-05-05 02:08:51 - INFO - Epoch 215/1000, Loss: 0.1678, Dice: 0.1490, MSE: 0.0627
2025-05-05 02:09:25 - INFO - Epoch 216/1000, Loss: 0.1435, Dice: 0.1267, MSE: 0.0558
2025-05-05 02:09:59 - INFO - Epoch 217/1000, Loss: 0.1451, Dice: 0.1295, MSE: 0.0521
2025-05-05 02:10:34 - INFO - Epoch 218/1000, Loss: 0.1312, Dice: 0.1142, MSE: 0.0566
2025-05-05 02:11:09 - INFO - Epoch 219/1000, Loss: 0.1451, Dice: 0.1263, MSE: 0.0626
2025-05-05 02:11:43 - INFO - Epoch 220/1000, Loss: 0.1274, Dice: 0.1107, MSE: 0.0557
2025-05-05 02:11:44 - INFO - 模型已保存至: epoch_220.pth
2025-05-05 02:12:19 - INFO - Epoch 221/1000, Loss: 0.1298, Dice: 0.1132, MSE: 0.0553
2025-05-05 02:12:53 - INFO - Epoch 222/1000, Loss: 0.1461, Dice: 0.1272, MSE: 0.0630
2025-05-05 02:13:27 - INFO - Epoch 223/1000, Loss: 0.1230, Dice: 0.1071, MSE: 0.0530
2025-05-05 02:14:01 - INFO - Epoch 224/1000, Loss: 0.1346, Dice: 0.1183, MSE: 0.0544
2025-05-05 02:14:36 - INFO - Epoch 225/1000, Loss: 0.1355, Dice: 0.1189, MSE: 0.0553
2025-05-05 02:15:10 - INFO - Epoch 226/1000, Loss: 0.1189, Dice: 0.1014, MSE: 0.0584
2025-05-05 02:15:45 - INFO - Epoch 227/1000, Loss: 0.1229, Dice: 0.1057, MSE: 0.0573
2025-05-05 02:16:19 - INFO - Epoch 228/1000, Loss: 0.1469, Dice: 0.1308, MSE: 0.0536
2025-05-05 02:16:53 - INFO - Epoch 229/1000, Loss: 0.1902, Dice: 0.1723, MSE: 0.0596
2025-05-05 02:17:28 - INFO - Epoch 230/1000, Loss: 0.2055, Dice: 0.1876, MSE: 0.0598
2025-05-05 02:18:02 - INFO - Epoch 231/1000, Loss: 0.1980, Dice: 0.1826, MSE: 0.0514
2025-05-05 02:18:36 - INFO - Epoch 232/1000, Loss: 0.1932, Dice: 0.1782, MSE: 0.0499
2025-05-05 02:19:11 - INFO - Epoch 233/1000, Loss: 0.2166, Dice: 0.1998, MSE: 0.0557
2025-05-05 02:19:45 - INFO - Epoch 234/1000, Loss: 0.2708, Dice: 0.2547, MSE: 0.0537
2025-05-05 02:20:20 - INFO - Epoch 235/1000, Loss: 0.2465, Dice: 0.2312, MSE: 0.0513
2025-05-05 02:20:54 - INFO - Epoch 236/1000, Loss: 0.2107, Dice: 0.1942, MSE: 0.0549
2025-05-05 02:21:28 - INFO - Epoch 237/1000, Loss: 0.1598, Dice: 0.1439, MSE: 0.0531
2025-05-05 02:22:03 - INFO - Epoch 238/1000, Loss: 0.1745, Dice: 0.1596, MSE: 0.0498
2025-05-05 02:22:38 - INFO - Epoch 239/1000, Loss: 0.1445, Dice: 0.1277, MSE: 0.0562
2025-05-05 02:23:12 - INFO - Epoch 240/1000, Loss: 0.1578, Dice: 0.1394, MSE: 0.0614
2025-05-05 02:23:14 - INFO - 模型已保存至: epoch_240.pth
2025-05-05 02:23:48 - INFO - Epoch 241/1000, Loss: 0.1378, Dice: 0.1210, MSE: 0.0561
2025-05-05 02:24:23 - INFO - Epoch 242/1000, Loss: 0.1464, Dice: 0.1295, MSE: 0.0564
2025-05-05 02:24:57 - INFO - Epoch 243/1000, Loss: 0.1342, Dice: 0.1177, MSE: 0.0550
2025-05-05 02:25:32 - INFO - Epoch 244/1000, Loss: 0.1381, Dice: 0.1228, MSE: 0.0509
2025-05-05 02:26:06 - INFO - Epoch 245/1000, Loss: 0.1522, Dice: 0.1376, MSE: 0.0487
2025-05-05 02:26:41 - INFO - Epoch 246/1000, Loss: 0.1869, Dice: 0.1706, MSE: 0.0543
2025-05-05 02:27:15 - INFO - Epoch 247/1000, Loss: 0.1677, Dice: 0.1523, MSE: 0.0514
2025-05-05 02:27:49 - INFO - Epoch 248/1000, Loss: 0.1908, Dice: 0.1742, MSE: 0.0553
2025-05-05 02:28:24 - INFO - Epoch 249/1000, Loss: 0.1221, Dice: 0.1084, MSE: 0.0457
2025-05-05 02:28:58 - INFO - Epoch 250/1000, Loss: 0.1356, Dice: 0.1193, MSE: 0.0542
2025-05-05 02:29:33 - INFO - Epoch 251/1000, Loss: 0.1327, Dice: 0.1165, MSE: 0.0541
2025-05-05 02:30:07 - INFO - Epoch 252/1000, Loss: 0.1585, Dice: 0.1427, MSE: 0.0527
2025-05-05 02:30:41 - INFO - Epoch 253/1000, Loss: 0.2117, Dice: 0.1946, MSE: 0.0569
2025-05-05 02:31:15 - INFO - Epoch 254/1000, Loss: 0.1766, Dice: 0.1606, MSE: 0.0530
2025-05-05 02:31:49 - INFO - Epoch 255/1000, Loss: 0.1639, Dice: 0.1501, MSE: 0.0461
2025-05-05 02:32:24 - INFO - Epoch 256/1000, Loss: 0.1468, Dice: 0.1317, MSE: 0.0502
2025-05-05 02:32:58 - INFO - Epoch 257/1000, Loss: 0.1349, Dice: 0.1193, MSE: 0.0519
2025-05-05 02:33:33 - INFO - Epoch 258/1000, Loss: 0.1380, Dice: 0.1234, MSE: 0.0484
2025-05-05 02:34:07 - INFO - Epoch 259/1000, Loss: 0.1547, Dice: 0.1400, MSE: 0.0489
2025-05-05 02:34:41 - INFO - Epoch 260/1000, Loss: 0.1187, Dice: 0.1026, MSE: 0.0537
2025-05-05 02:34:43 - INFO - 模型已保存至: epoch_260.pth
2025-05-05 02:35:17 - INFO - Epoch 261/1000, Loss: 0.1550, Dice: 0.1392, MSE: 0.0527
2025-05-05 02:35:52 - INFO - Epoch 262/1000, Loss: 0.1334, Dice: 0.1178, MSE: 0.0521
2025-05-05 02:36:26 - INFO - Epoch 263/1000, Loss: 0.1330, Dice: 0.1188, MSE: 0.0474
2025-05-05 02:37:01 - INFO - Epoch 264/1000, Loss: 0.1557, Dice: 0.1405, MSE: 0.0504
2025-05-05 02:37:36 - INFO - Epoch 265/1000, Loss: 0.1257, Dice: 0.1104, MSE: 0.0511
2025-05-05 02:38:10 - INFO - Epoch 266/1000, Loss: 0.1351, Dice: 0.1211, MSE: 0.0468
2025-05-05 02:38:45 - INFO - Epoch 267/1000, Loss: 0.1347, Dice: 0.1201, MSE: 0.0487
2025-05-05 02:39:19 - INFO - Epoch 268/1000, Loss: 0.1463, Dice: 0.1310, MSE: 0.0510
2025-05-05 02:39:54 - INFO - Epoch 269/1000, Loss: 0.1484, Dice: 0.1338, MSE: 0.0486
2025-05-05 02:40:28 - INFO - Epoch 270/1000, Loss: 0.1345, Dice: 0.1194, MSE: 0.0503
2025-05-05 02:41:02 - INFO - Epoch 271/1000, Loss: 0.1280, Dice: 0.1120, MSE: 0.0532
2025-05-05 02:41:37 - INFO - Epoch 272/1000, Loss: 0.1352, Dice: 0.1208, MSE: 0.0481
2025-05-05 02:42:12 - INFO - Epoch 273/1000, Loss: 0.1128, Dice: 0.0990, MSE: 0.0460
2025-05-05 02:42:46 - INFO - Epoch 274/1000, Loss: 0.1160, Dice: 0.0997, MSE: 0.0544
2025-05-05 02:43:20 - INFO - Epoch 275/1000, Loss: 0.1220, Dice: 0.1066, MSE: 0.0512
2025-05-05 02:43:55 - INFO - Epoch 276/1000, Loss: 0.1140, Dice: 0.0991, MSE: 0.0497
2025-05-05 02:44:29 - INFO - Epoch 277/1000, Loss: 0.1091, Dice: 0.0945, MSE: 0.0488
2025-05-05 02:45:04 - INFO - Epoch 278/1000, Loss: 0.1136, Dice: 0.0994, MSE: 0.0474
2025-05-05 02:45:38 - INFO - Epoch 279/1000, Loss: 0.1201, Dice: 0.1056, MSE: 0.0483
2025-05-05 02:46:13 - INFO - Epoch 280/1000, Loss: 0.1312, Dice: 0.1166, MSE: 0.0486
2025-05-05 02:46:14 - INFO - 模型已保存至: epoch_280.pth
2025-05-05 02:46:49 - INFO - Epoch 281/1000, Loss: 0.1113, Dice: 0.0968, MSE: 0.0484
2025-05-05 02:47:23 - INFO - Epoch 282/1000, Loss: 0.0987, Dice: 0.0833, MSE: 0.0512
2025-05-05 02:47:57 - INFO - Epoch 283/1000, Loss: 0.1301, Dice: 0.1152, MSE: 0.0497
2025-05-05 02:48:32 - INFO - Epoch 284/1000, Loss: 0.1096, Dice: 0.0946, MSE: 0.0500
2025-05-05 02:49:07 - INFO - Epoch 285/1000, Loss: 0.1516, Dice: 0.1363, MSE: 0.0511
2025-05-05 02:49:41 - INFO - Epoch 286/1000, Loss: 0.1386, Dice: 0.1237, MSE: 0.0497
2025-05-05 02:50:15 - INFO - Epoch 287/1000, Loss: 0.1061, Dice: 0.0929, MSE: 0.0441
2025-05-05 02:50:50 - INFO - Epoch 288/1000, Loss: 0.1301, Dice: 0.1173, MSE: 0.0428
2025-05-05 02:51:24 - INFO - Epoch 289/1000, Loss: 0.1135, Dice: 0.0995, MSE: 0.0466
2025-05-05 02:51:59 - INFO - Epoch 290/1000, Loss: 0.1477, Dice: 0.1344, MSE: 0.0442
2025-05-05 02:52:34 - INFO - Epoch 291/1000, Loss: 0.1213, Dice: 0.1067, MSE: 0.0485
2025-05-05 02:53:08 - INFO - Epoch 292/1000, Loss: 0.1161, Dice: 0.1010, MSE: 0.0504
2025-05-05 02:53:42 - INFO - Epoch 293/1000, Loss: 0.1348, Dice: 0.1196, MSE: 0.0507
2025-05-05 02:54:16 - INFO - Epoch 294/1000, Loss: 0.1176, Dice: 0.1032, MSE: 0.0482
2025-05-05 02:54:51 - INFO - Epoch 295/1000, Loss: 0.1113, Dice: 0.0968, MSE: 0.0481
2025-05-05 02:55:26 - INFO - Epoch 296/1000, Loss: 0.1099, Dice: 0.0964, MSE: 0.0450
2025-05-05 02:56:00 - INFO - Epoch 297/1000, Loss: 0.1109, Dice: 0.0964, MSE: 0.0484
2025-05-05 02:56:35 - INFO - Epoch 298/1000, Loss: 0.1585, Dice: 0.1456, MSE: 0.0432
2025-05-05 02:57:09 - INFO - Epoch 299/1000, Loss: 0.1220, Dice: 0.1085, MSE: 0.0449
2025-05-05 02:57:44 - INFO - Epoch 300/1000, Loss: 0.1107, Dice: 0.0970, MSE: 0.0455
2025-05-05 02:57:45 - INFO - 模型已保存至: epoch_300.pth
2025-05-05 02:58:20 - INFO - Epoch 301/1000, Loss: 0.1130, Dice: 0.0989, MSE: 0.0472
2025-05-05 02:58:54 - INFO - Epoch 302/1000, Loss: 0.1334, Dice: 0.1203, MSE: 0.0436
2025-05-05 02:59:29 - INFO - Epoch 303/1000, Loss: 0.1053, Dice: 0.0915, MSE: 0.0461
2025-05-05 03:00:03 - INFO - Epoch 304/1000, Loss: 0.1252, Dice: 0.1105, MSE: 0.0488
2025-05-05 03:00:37 - INFO - Epoch 305/1000, Loss: 0.1253, Dice: 0.1115, MSE: 0.0460
2025-05-05 03:01:12 - INFO - Epoch 306/1000, Loss: 0.1314, Dice: 0.1184, MSE: 0.0434
2025-05-05 03:01:47 - INFO - Epoch 307/1000, Loss: 0.1194, Dice: 0.1050, MSE: 0.0479
2025-05-05 03:02:21 - INFO - Epoch 308/1000, Loss: 0.1044, Dice: 0.0898, MSE: 0.0484
2025-05-05 03:02:55 - INFO - Epoch 309/1000, Loss: 0.1201, Dice: 0.1066, MSE: 0.0450
2025-05-05 03:03:30 - INFO - Epoch 310/1000, Loss: 0.1350, Dice: 0.1196, MSE: 0.0514
2025-05-05 03:04:04 - INFO - Epoch 311/1000, Loss: 0.1388, Dice: 0.1244, MSE: 0.0480
2025-05-05 03:04:39 - INFO - Epoch 312/1000, Loss: 0.1238, Dice: 0.1100, MSE: 0.0460
2025-05-05 03:05:14 - INFO - Epoch 313/1000, Loss: 0.1296, Dice: 0.1165, MSE: 0.0436
2025-05-05 03:05:48 - INFO - Epoch 314/1000, Loss: 0.1232, Dice: 0.1105, MSE: 0.0423
2025-05-05 03:06:22 - INFO - Epoch 315/1000, Loss: 0.1420, Dice: 0.1285, MSE: 0.0451
2025-05-05 03:06:57 - INFO - Epoch 316/1000, Loss: 0.1183, Dice: 0.1042, MSE: 0.0471
2025-05-05 03:07:31 - INFO - Epoch 317/1000, Loss: 0.1278, Dice: 0.1145, MSE: 0.0443
2025-05-05 03:08:06 - INFO - Epoch 318/1000, Loss: 0.1202, Dice: 0.1076, MSE: 0.0418
2025-05-05 03:08:41 - INFO - Epoch 319/1000, Loss: 0.1495, Dice: 0.1362, MSE: 0.0443
2025-05-05 03:09:15 - INFO - Epoch 320/1000, Loss: 0.1306, Dice: 0.1186, MSE: 0.0398
2025-05-05 03:09:16 - INFO - 模型已保存至: epoch_320.pth
2025-05-05 03:09:51 - INFO - Epoch 321/1000, Loss: 0.1193, Dice: 0.1071, MSE: 0.0407
2025-05-05 03:10:25 - INFO - Epoch 322/1000, Loss: 0.1512, Dice: 0.1380, MSE: 0.0442
2025-05-05 03:11:00 - INFO - Epoch 323/1000, Loss: 0.1636, Dice: 0.1509, MSE: 0.0421
2025-05-05 03:11:34 - INFO - Epoch 324/1000, Loss: 0.1383, Dice: 0.1258, MSE: 0.0416
2025-05-05 03:12:09 - INFO - Epoch 325/1000, Loss: 0.1513, Dice: 0.1391, MSE: 0.0406
2025-05-05 03:12:43 - INFO - Epoch 326/1000, Loss: 0.1242, Dice: 0.1107, MSE: 0.0448
2025-05-05 03:13:18 - INFO - Epoch 327/1000, Loss: 0.1110, Dice: 0.0981, MSE: 0.0428
2025-05-05 03:13:52 - INFO - Epoch 328/1000, Loss: 0.1247, Dice: 0.1123, MSE: 0.0416
2025-05-05 03:14:27 - INFO - Epoch 329/1000, Loss: 0.1308, Dice: 0.1193, MSE: 0.0384
2025-05-05 03:15:01 - INFO - Epoch 330/1000, Loss: 0.1336, Dice: 0.1203, MSE: 0.0443
2025-05-05 03:15:36 - INFO - Epoch 331/1000, Loss: 0.1657, Dice: 0.1522, MSE: 0.0451
2025-05-05 03:16:10 - INFO - Epoch 332/1000, Loss: 0.1356, Dice: 0.1228, MSE: 0.0427
2025-05-05 03:16:45 - INFO - Epoch 333/1000, Loss: 0.1313, Dice: 0.1187, MSE: 0.0420
2025-05-05 03:17:19 - INFO - Epoch 334/1000, Loss: 0.1163, Dice: 0.1038, MSE: 0.0417
2025-05-05 03:17:54 - INFO - Epoch 335/1000, Loss: 0.1207, Dice: 0.1074, MSE: 0.0442
2025-05-05 03:18:28 - INFO - Epoch 336/1000, Loss: 0.1181, Dice: 0.1058, MSE: 0.0412
2025-05-05 03:19:03 - INFO - Epoch 337/1000, Loss: 0.1131, Dice: 0.0997, MSE: 0.0446
2025-05-05 03:19:37 - INFO - Epoch 338/1000, Loss: 0.1276, Dice: 0.1158, MSE: 0.0394
2025-05-05 03:20:12 - INFO - Epoch 339/1000, Loss: 0.1094, Dice: 0.0980, MSE: 0.0381
2025-05-05 03:20:47 - INFO - Epoch 340/1000, Loss: 0.0975, Dice: 0.0848, MSE: 0.0421
2025-05-05 03:20:48 - INFO - 模型已保存至: epoch_340.pth
2025-05-05 03:21:23 - INFO - Epoch 341/1000, Loss: 0.1343, Dice: 0.1229, MSE: 0.0379
2025-05-05 03:21:57 - INFO - Epoch 342/1000, Loss: 0.1235, Dice: 0.1132, MSE: 0.0343
2025-05-05 03:22:32 - INFO - Epoch 343/1000, Loss: 0.1349, Dice: 0.1217, MSE: 0.0438
2025-05-05 03:23:06 - INFO - Epoch 344/1000, Loss: 0.1348, Dice: 0.1236, MSE: 0.0372
2025-05-05 03:23:40 - INFO - Epoch 345/1000, Loss: 0.1135, Dice: 0.1018, MSE: 0.0390
2025-05-05 03:24:15 - INFO - Epoch 346/1000, Loss: 0.0962, Dice: 0.0838, MSE: 0.0415
2025-05-05 03:24:49 - INFO - Epoch 347/1000, Loss: 0.1011, Dice: 0.0875, MSE: 0.0454
2025-05-05 03:25:24 - INFO - Epoch 348/1000, Loss: 0.0995, Dice: 0.0865, MSE: 0.0431
2025-05-05 03:25:58 - INFO - Epoch 349/1000, Loss: 0.0929, Dice: 0.0802, MSE: 0.0423
2025-05-05 03:26:33 - INFO - Epoch 350/1000, Loss: 0.0973, Dice: 0.0842, MSE: 0.0434
2025-05-05 03:27:07 - INFO - Epoch 351/1000, Loss: 0.1078, Dice: 0.0963, MSE: 0.0383
2025-05-05 03:27:41 - INFO - Epoch 352/1000, Loss: 0.0917, Dice: 0.0794, MSE: 0.0408
2025-05-05 03:28:16 - INFO - Epoch 353/1000, Loss: 0.0945, Dice: 0.0814, MSE: 0.0439
2025-05-05 03:28:51 - INFO - Epoch 354/1000, Loss: 0.1134, Dice: 0.1009, MSE: 0.0417
2025-05-05 03:29:25 - INFO - Epoch 355/1000, Loss: 0.1039, Dice: 0.0922, MSE: 0.0389
2025-05-05 03:29:59 - INFO - Epoch 356/1000, Loss: 0.1124, Dice: 0.0992, MSE: 0.0441
2025-05-05 03:30:34 - INFO - Epoch 357/1000, Loss: 0.0990, Dice: 0.0870, MSE: 0.0398
2025-05-05 03:31:08 - INFO - Epoch 358/1000, Loss: 0.0999, Dice: 0.0880, MSE: 0.0396
2025-05-05 03:31:43 - INFO - Epoch 359/1000, Loss: 0.1260, Dice: 0.1125, MSE: 0.0448
2025-05-05 03:32:17 - INFO - Epoch 360/1000, Loss: 0.0980, Dice: 0.0855, MSE: 0.0418
2025-05-05 03:32:19 - INFO - 模型已保存至: epoch_360.pth
2025-05-05 03:32:53 - INFO - Epoch 361/1000, Loss: 0.1061, Dice: 0.0934, MSE: 0.0426
2025-05-05 03:33:28 - INFO - Epoch 362/1000, Loss: 0.1182, Dice: 0.1066, MSE: 0.0389
2025-05-05 03:34:02 - INFO - Epoch 363/1000, Loss: 0.1046, Dice: 0.0920, MSE: 0.0418
2025-05-05 03:34:37 - INFO - Epoch 364/1000, Loss: 0.1118, Dice: 0.0990, MSE: 0.0426
2025-05-05 03:35:11 - INFO - Epoch 365/1000, Loss: 0.1043, Dice: 0.0928, MSE: 0.0382
2025-05-05 03:35:46 - INFO - Epoch 366/1000, Loss: 0.1034, Dice: 0.0919, MSE: 0.0384
2025-05-05 03:36:20 - INFO - Epoch 367/1000, Loss: 0.1210, Dice: 0.1101, MSE: 0.0365
2025-05-05 03:36:54 - INFO - Epoch 368/1000, Loss: 0.0959, Dice: 0.0845, MSE: 0.0379
2025-05-05 03:37:29 - INFO - Epoch 369/1000, Loss: 0.1041, Dice: 0.0924, MSE: 0.0389
2025-05-05 03:38:03 - INFO - Epoch 370/1000, Loss: 0.1133, Dice: 0.1014, MSE: 0.0399
2025-05-05 03:38:37 - INFO - Epoch 371/1000, Loss: 0.1527, Dice: 0.1409, MSE: 0.0394
2025-05-05 03:39:12 - INFO - Epoch 372/1000, Loss: 0.1293, Dice: 0.1158, MSE: 0.0449
2025-05-05 03:39:46 - INFO - Epoch 373/1000, Loss: 0.1098, Dice: 0.0885, MSE: 0.0710
2025-05-05 03:40:21 - INFO - Epoch 374/1000, Loss: 0.1137, Dice: 0.0944, MSE: 0.0641
2025-05-05 03:40:55 - INFO - Epoch 375/1000, Loss: 0.1063, Dice: 0.0902, MSE: 0.0537
2025-05-05 03:41:29 - INFO - Epoch 376/1000, Loss: 0.0995, Dice: 0.0852, MSE: 0.0479
2025-05-05 03:42:04 - INFO - Epoch 377/1000, Loss: 0.1052, Dice: 0.0910, MSE: 0.0472
2025-05-05 03:42:38 - INFO - Epoch 378/1000, Loss: 0.1036, Dice: 0.0885, MSE: 0.0503
2025-05-05 03:43:13 - INFO - Epoch 379/1000, Loss: 0.0974, Dice: 0.0839, MSE: 0.0449
2025-05-05 03:43:47 - INFO - Epoch 380/1000, Loss: 0.0967, Dice: 0.0844, MSE: 0.0411
2025-05-05 03:43:49 - INFO - 模型已保存至: epoch_380.pth
2025-05-05 03:44:23 - INFO - Epoch 381/1000, Loss: 0.1102, Dice: 0.0978, MSE: 0.0413
2025-05-05 03:44:57 - INFO - Epoch 382/1000, Loss: 0.0999, Dice: 0.0878, MSE: 0.0402
2025-05-05 03:45:32 - INFO - Epoch 383/1000, Loss: 0.1053, Dice: 0.0922, MSE: 0.0439
2025-05-05 03:46:06 - INFO - Epoch 384/1000, Loss: 0.1093, Dice: 0.0956, MSE: 0.0455
2025-05-05 03:46:41 - INFO - Epoch 385/1000, Loss: 0.1126, Dice: 0.1001, MSE: 0.0416
2025-05-05 03:47:15 - INFO - Epoch 386/1000, Loss: 0.1134, Dice: 0.1000, MSE: 0.0447
2025-05-05 03:47:49 - INFO - Epoch 387/1000, Loss: 0.0961, Dice: 0.0847, MSE: 0.0379
2025-05-05 03:48:24 - INFO - Epoch 388/1000, Loss: 0.0992, Dice: 0.0873, MSE: 0.0395
2025-05-05 03:48:58 - INFO - Epoch 389/1000, Loss: 0.0900, Dice: 0.0765, MSE: 0.0450
2025-05-05 03:49:32 - INFO - Epoch 390/1000, Loss: 0.1247, Dice: 0.1130, MSE: 0.0389
2025-05-05 03:50:07 - INFO - Epoch 391/1000, Loss: 0.1325, Dice: 0.1207, MSE: 0.0393
2025-05-05 03:50:41 - INFO - Epoch 392/1000, Loss: 0.1252, Dice: 0.1115, MSE: 0.0457
2025-05-05 03:51:15 - INFO - Epoch 393/1000, Loss: 0.1290, Dice: 0.1171, MSE: 0.0396
2025-05-05 03:51:50 - INFO - Epoch 394/1000, Loss: 0.1351, Dice: 0.1229, MSE: 0.0407
2025-05-05 03:52:24 - INFO - Epoch 395/1000, Loss: 0.1015, Dice: 0.0900, MSE: 0.0384
2025-05-05 03:52:58 - INFO - Epoch 396/1000, Loss: 0.1127, Dice: 0.1000, MSE: 0.0425
2025-05-05 03:53:33 - INFO - Epoch 397/1000, Loss: 0.1086, Dice: 0.0954, MSE: 0.0440
2025-05-05 03:54:07 - INFO - Epoch 398/1000, Loss: 0.0937, Dice: 0.0819, MSE: 0.0392
2025-05-05 03:54:42 - INFO - Epoch 399/1000, Loss: 0.0974, Dice: 0.0851, MSE: 0.0411
2025-05-05 03:55:16 - INFO - Epoch 400/1000, Loss: 0.0998, Dice: 0.0878, MSE: 0.0400
2025-05-05 03:55:18 - INFO - 模型已保存至: epoch_400.pth
2025-05-05 03:55:52 - INFO - Epoch 401/1000, Loss: 0.1107, Dice: 0.0992, MSE: 0.0385
2025-05-05 03:56:27 - INFO - Epoch 402/1000, Loss: 0.0932, Dice: 0.0814, MSE: 0.0393
2025-05-05 03:57:01 - INFO - Epoch 403/1000, Loss: 0.1100, Dice: 0.0979, MSE: 0.0404
2025-05-05 03:57:36 - INFO - Epoch 404/1000, Loss: 0.0979, Dice: 0.0867, MSE: 0.0374
2025-05-05 03:58:10 - INFO - Epoch 405/1000, Loss: 0.0941, Dice: 0.0824, MSE: 0.0389
2025-05-05 03:58:44 - INFO - Epoch 406/1000, Loss: 0.0958, Dice: 0.0835, MSE: 0.0412
2025-05-05 03:59:19 - INFO - Epoch 407/1000, Loss: 0.0965, Dice: 0.0854, MSE: 0.0372
2025-05-05 03:59:53 - INFO - Epoch 408/1000, Loss: 0.1098, Dice: 0.0997, MSE: 0.0337
2025-05-05 04:00:28 - INFO - Epoch 409/1000, Loss: 0.0912, Dice: 0.0803, MSE: 0.0363
2025-05-05 04:01:02 - INFO - Epoch 410/1000, Loss: 0.1078, Dice: 0.0961, MSE: 0.0393
2025-05-05 04:01:37 - INFO - Epoch 411/1000, Loss: 0.1240, Dice: 0.1121, MSE: 0.0395
2025-05-05 04:02:11 - INFO - Epoch 412/1000, Loss: 0.1016, Dice: 0.0900, MSE: 0.0388
2025-05-05 04:02:45 - INFO - Epoch 413/1000, Loss: 0.0966, Dice: 0.0850, MSE: 0.0388
2025-05-05 04:03:20 - INFO - Epoch 414/1000, Loss: 0.1146, Dice: 0.1022, MSE: 0.0413
2025-05-05 04:03:54 - INFO - Epoch 415/1000, Loss: 0.1085, Dice: 0.0960, MSE: 0.0415
2025-05-05 04:04:29 - INFO - Epoch 416/1000, Loss: 0.0906, Dice: 0.0794, MSE: 0.0372
2025-05-05 04:05:03 - INFO - Epoch 417/1000, Loss: 0.1064, Dice: 0.0940, MSE: 0.0415
2025-05-05 04:05:37 - INFO - Epoch 418/1000, Loss: 0.0963, Dice: 0.0854, MSE: 0.0363
2025-05-05 04:06:12 - INFO - Epoch 419/1000, Loss: 0.1046, Dice: 0.0927, MSE: 0.0397
2025-05-05 04:06:46 - INFO - Epoch 420/1000, Loss: 0.0992, Dice: 0.0887, MSE: 0.0348
2025-05-05 04:06:48 - INFO - 模型已保存至: epoch_420.pth
2025-05-05 04:07:22 - INFO - Epoch 421/1000, Loss: 0.1211, Dice: 0.1098, MSE: 0.0378
2025-05-05 04:07:56 - INFO - Epoch 422/1000, Loss: 0.0974, Dice: 0.0870, MSE: 0.0345
2025-05-05 04:08:30 - INFO - Epoch 423/1000, Loss: 0.1045, Dice: 0.0937, MSE: 0.0360
2025-05-05 04:09:05 - INFO - Epoch 424/1000, Loss: 0.1374, Dice: 0.1254, MSE: 0.0401
2025-05-05 04:09:39 - INFO - Epoch 425/1000, Loss: 0.1035, Dice: 0.0928, MSE: 0.0357
2025-05-05 04:10:13 - INFO - Epoch 426/1000, Loss: 0.0992, Dice: 0.0891, MSE: 0.0337
2025-05-05 04:10:48 - INFO - Epoch 427/1000, Loss: 0.0913, Dice: 0.0808, MSE: 0.0347
2025-05-05 04:11:22 - INFO - Epoch 428/1000, Loss: 0.0914, Dice: 0.0810, MSE: 0.0346
2025-05-05 04:11:57 - INFO - Epoch 429/1000, Loss: 0.0833, Dice: 0.0732, MSE: 0.0337
2025-05-05 04:12:31 - INFO - Epoch 430/1000, Loss: 0.1005, Dice: 0.0897, MSE: 0.0359
2025-05-05 04:13:05 - INFO - Epoch 431/1000, Loss: 0.2028, Dice: 0.1902, MSE: 0.0422
2025-05-05 04:13:40 - INFO - Epoch 432/1000, Loss: 0.2979, Dice: 0.2858, MSE: 0.0402
2025-05-05 04:14:14 - INFO - Epoch 433/1000, Loss: 0.2944, Dice: 0.2833, MSE: 0.0370
2025-05-05 04:14:49 - INFO - Epoch 434/1000, Loss: 0.2038, Dice: 0.1926, MSE: 0.0371
2025-05-05 04:15:23 - INFO - Epoch 435/1000, Loss: 0.2492, Dice: 0.2365, MSE: 0.0421
2025-05-05 04:15:57 - INFO - Epoch 436/1000, Loss: 0.1924, Dice: 0.1816, MSE: 0.0361
2025-05-05 04:16:32 - INFO - Epoch 437/1000, Loss: 0.1817, Dice: 0.1716, MSE: 0.0335
2025-05-05 04:17:06 - INFO - Epoch 438/1000, Loss: 0.1476, Dice: 0.1366, MSE: 0.0365
2025-05-05 04:17:41 - INFO - Epoch 439/1000, Loss: 0.1460, Dice: 0.1352, MSE: 0.0360
2025-05-05 04:18:15 - INFO - Epoch 440/1000, Loss: 0.1619, Dice: 0.1510, MSE: 0.0362
2025-05-05 04:18:17 - INFO - 模型已保存至: epoch_440.pth
2025-05-05 04:18:51 - INFO - Epoch 441/1000, Loss: 0.1421, Dice: 0.1311, MSE: 0.0369
2025-05-05 04:19:26 - INFO - Epoch 442/1000, Loss: 0.1493, Dice: 0.1386, MSE: 0.0356
2025-05-05 04:20:00 - INFO - Epoch 443/1000, Loss: 0.1594, Dice: 0.1459, MSE: 0.0448
2025-05-05 04:20:34 - INFO - Epoch 444/1000, Loss: 0.1316, Dice: 0.1207, MSE: 0.0364
2025-05-05 04:21:09 - INFO - Epoch 445/1000, Loss: 0.1342, Dice: 0.1233, MSE: 0.0365
2025-05-05 04:21:43 - INFO - Epoch 446/1000, Loss: 0.1154, Dice: 0.1053, MSE: 0.0336
2025-05-05 04:22:17 - INFO - Epoch 447/1000, Loss: 0.1224, Dice: 0.1111, MSE: 0.0375
2025-05-05 04:22:52 - INFO - Epoch 448/1000, Loss: 0.1191, Dice: 0.1092, MSE: 0.0331
2025-05-05 04:23:26 - INFO - Epoch 449/1000, Loss: 0.1510, Dice: 0.1387, MSE: 0.0410
2025-05-05 04:24:01 - INFO - Epoch 450/1000, Loss: 0.1800, Dice: 0.1677, MSE: 0.0409
2025-05-05 04:24:35 - INFO - Epoch 451/1000, Loss: 0.1634, Dice: 0.1513, MSE: 0.0405
2025-05-05 04:25:10 - INFO - Epoch 452/1000, Loss: 0.1399, Dice: 0.1301, MSE: 0.0328
2025-05-05 04:25:44 - INFO - Epoch 453/1000, Loss: 0.1414, Dice: 0.1307, MSE: 0.0356
2025-05-05 04:26:18 - INFO - Epoch 454/1000, Loss: 0.1529, Dice: 0.1409, MSE: 0.0401
2025-05-05 04:26:53 - INFO - Epoch 455/1000, Loss: 0.1314, Dice: 0.1204, MSE: 0.0365
2025-05-05 04:27:27 - INFO - Epoch 456/1000, Loss: 0.1164, Dice: 0.1047, MSE: 0.0391
2025-05-05 04:28:01 - INFO - Epoch 457/1000, Loss: 0.1790, Dice: 0.1692, MSE: 0.0326
2025-05-05 04:28:36 - INFO - Epoch 458/1000, Loss: 0.1914, Dice: 0.1823, MSE: 0.0303
2025-05-05 04:29:10 - INFO - Epoch 459/1000, Loss: 0.1338, Dice: 0.1252, MSE: 0.0288
2025-05-05 04:29:44 - INFO - Epoch 460/1000, Loss: 0.1446, Dice: 0.1347, MSE: 0.0331
2025-05-05 04:29:46 - INFO - 模型已保存至: epoch_460.pth
2025-05-05 04:30:20 - INFO - Epoch 461/1000, Loss: 0.1255, Dice: 0.1156, MSE: 0.0332
2025-05-05 04:30:54 - INFO - Epoch 462/1000, Loss: 0.1254, Dice: 0.1134, MSE: 0.0401
2025-05-05 04:31:29 - INFO - Epoch 463/1000, Loss: 0.1413, Dice: 0.1304, MSE: 0.0365
2025-05-05 04:32:03 - INFO - Epoch 464/1000, Loss: 0.1205, Dice: 0.1103, MSE: 0.0340
2025-05-05 04:32:37 - INFO - Epoch 465/1000, Loss: 0.1138, Dice: 0.1027, MSE: 0.0370
2025-05-05 04:33:12 - INFO - Epoch 466/1000, Loss: 0.1153, Dice: 0.1036, MSE: 0.0388
2025-05-05 04:33:46 - INFO - Epoch 467/1000, Loss: 0.1323, Dice: 0.1217, MSE: 0.0355
2025-05-05 04:34:21 - INFO - Epoch 468/1000, Loss: 0.1013, Dice: 0.0905, MSE: 0.0359
2025-05-05 04:34:55 - INFO - Epoch 469/1000, Loss: 0.1564, Dice: 0.1453, MSE: 0.0371
2025-05-05 04:35:30 - INFO - Epoch 470/1000, Loss: 0.1763, Dice: 0.1658, MSE: 0.0351
2025-05-05 04:36:04 - INFO - Epoch 471/1000, Loss: 0.1248, Dice: 0.1146, MSE: 0.0340
2025-05-05 04:36:38 - INFO - Epoch 472/1000, Loss: 0.1221, Dice: 0.1106, MSE: 0.0385
2025-05-05 04:37:13 - INFO - Epoch 473/1000, Loss: 0.1244, Dice: 0.1132, MSE: 0.0374
2025-05-05 04:37:47 - INFO - Epoch 474/1000, Loss: 0.1025, Dice: 0.0933, MSE: 0.0306
2025-05-05 04:38:21 - INFO - Epoch 475/1000, Loss: 0.1104, Dice: 0.1014, MSE: 0.0299
2025-05-05 04:38:56 - INFO - Epoch 476/1000, Loss: 0.1145, Dice: 0.1047, MSE: 0.0328
2025-05-05 04:39:30 - INFO - Epoch 477/1000, Loss: 0.1060, Dice: 0.0948, MSE: 0.0373
2025-05-05 04:40:05 - INFO - Epoch 478/1000, Loss: 0.0972, Dice: 0.0863, MSE: 0.0363
2025-05-05 04:40:39 - INFO - Epoch 479/1000, Loss: 0.1067, Dice: 0.0954, MSE: 0.0376
2025-05-05 04:41:13 - INFO - Epoch 480/1000, Loss: 0.1031, Dice: 0.0924, MSE: 0.0358
2025-05-05 04:41:15 - INFO - 模型已保存至: epoch_480.pth
2025-05-05 04:41:49 - INFO - Epoch 481/1000, Loss: 0.1066, Dice: 0.0968, MSE: 0.0328
2025-05-05 04:42:24 - INFO - Epoch 482/1000, Loss: 0.1078, Dice: 0.0972, MSE: 0.0355
2025-05-05 04:42:58 - INFO - Epoch 483/1000, Loss: 0.1183, Dice: 0.1076, MSE: 0.0358
2025-05-05 04:43:33 - INFO - Epoch 484/1000, Loss: 0.1025, Dice: 0.0915, MSE: 0.0368
2025-05-05 04:44:07 - INFO - Epoch 485/1000, Loss: 0.1067, Dice: 0.0939, MSE: 0.0427
2025-05-05 04:44:41 - INFO - Epoch 486/1000, Loss: 0.1214, Dice: 0.1098, MSE: 0.0386
2025-05-05 04:45:15 - INFO - Epoch 487/1000, Loss: 0.1088, Dice: 0.0984, MSE: 0.0349
2025-05-05 04:45:50 - INFO - Epoch 488/1000, Loss: 0.0955, Dice: 0.0845, MSE: 0.0365
2025-05-05 04:46:24 - INFO - Epoch 489/1000, Loss: 0.1081, Dice: 0.0984, MSE: 0.0324
2025-05-05 04:46:59 - INFO - Epoch 490/1000, Loss: 0.1051, Dice: 0.0942, MSE: 0.0361
2025-05-05 04:47:33 - INFO - Epoch 491/1000, Loss: 0.1139, Dice: 0.1032, MSE: 0.0357
2025-05-05 04:48:08 - INFO - Epoch 492/1000, Loss: 0.1156, Dice: 0.1058, MSE: 0.0327
2025-05-05 04:48:42 - INFO - Epoch 493/1000, Loss: 0.1082, Dice: 0.0977, MSE: 0.0348
2025-05-05 04:49:16 - INFO - Epoch 494/1000, Loss: 0.0973, Dice: 0.0867, MSE: 0.0352
2025-05-05 04:49:51 - INFO - Epoch 495/1000, Loss: 0.1136, Dice: 0.1039, MSE: 0.0323
2025-05-05 04:50:25 - INFO - Epoch 496/1000, Loss: 0.0958, Dice: 0.0870, MSE: 0.0295
2025-05-05 04:50:59 - INFO - Epoch 497/1000, Loss: 0.1072, Dice: 0.0985, MSE: 0.0287
2025-05-05 04:51:34 - INFO - Epoch 498/1000, Loss: 0.0951, Dice: 0.0853, MSE: 0.0328
2025-05-05 04:52:08 - INFO - Epoch 499/1000, Loss: 0.1117, Dice: 0.1020, MSE: 0.0324
2025-05-05 04:52:42 - INFO - Epoch 500/1000, Loss: 0.0942, Dice: 0.0834, MSE: 0.0361
2025-05-05 04:52:44 - INFO - 模型已保存至: epoch_500.pth
2025-05-05 04:53:18 - INFO - Epoch 501/1000, Loss: 0.0819, Dice: 0.0705, MSE: 0.0380
2025-05-05 04:53:53 - INFO - Epoch 502/1000, Loss: 0.0928, Dice: 0.0817, MSE: 0.0368
2025-05-05 04:54:27 - INFO - Epoch 503/1000, Loss: 0.0920, Dice: 0.0827, MSE: 0.0310
2025-05-05 04:55:01 - INFO - Epoch 504/1000, Loss: 0.0983, Dice: 0.0892, MSE: 0.0304
2025-05-05 04:55:36 - INFO - Epoch 505/1000, Loss: 0.0921, Dice: 0.0833, MSE: 0.0292
2025-05-05 04:56:11 - INFO - Epoch 506/1000, Loss: 0.0862, Dice: 0.0768, MSE: 0.0314
2025-05-05 04:56:45 - INFO - Epoch 507/1000, Loss: 0.1085, Dice: 0.0983, MSE: 0.0338
2025-05-05 04:57:19 - INFO - Epoch 508/1000, Loss: 0.0993, Dice: 0.0898, MSE: 0.0318
2025-05-05 04:57:53 - INFO - Epoch 509/1000, Loss: 0.0917, Dice: 0.0815, MSE: 0.0338
2025-05-05 04:58:28 - INFO - Epoch 510/1000, Loss: 0.0937, Dice: 0.0847, MSE: 0.0301
2025-05-05 04:59:02 - INFO - Epoch 511/1000, Loss: 0.0863, Dice: 0.0778, MSE: 0.0285
2025-05-05 04:59:37 - INFO - Epoch 512/1000, Loss: 0.0846, Dice: 0.0754, MSE: 0.0306
2025-05-05 05:00:11 - INFO - Epoch 513/1000, Loss: 0.0951, Dice: 0.0850, MSE: 0.0336
2025-05-05 05:00:46 - INFO - Epoch 514/1000, Loss: 0.0853, Dice: 0.0757, MSE: 0.0320
2025-05-05 05:01:20 - INFO - Epoch 515/1000, Loss: 0.0848, Dice: 0.0759, MSE: 0.0295
2025-05-05 05:01:55 - INFO - Epoch 516/1000, Loss: 0.0783, Dice: 0.0694, MSE: 0.0297
2025-05-05 05:02:29 - INFO - Epoch 517/1000, Loss: 0.0826, Dice: 0.0737, MSE: 0.0296
2025-05-05 05:03:04 - INFO - Epoch 518/1000, Loss: 0.0827, Dice: 0.0737, MSE: 0.0298
2025-05-05 05:03:38 - INFO - Epoch 519/1000, Loss: 0.0896, Dice: 0.0809, MSE: 0.0288
2025-05-05 05:04:12 - INFO - Epoch 520/1000, Loss: 0.1015, Dice: 0.0929, MSE: 0.0287
2025-05-05 05:04:14 - INFO - 模型已保存至: epoch_520.pth
2025-05-05 05:04:48 - INFO - Epoch 521/1000, Loss: 0.0950, Dice: 0.0856, MSE: 0.0315
2025-05-05 05:05:22 - INFO - Epoch 522/1000, Loss: 0.0902, Dice: 0.0816, MSE: 0.0288
2025-05-05 05:05:57 - INFO - Epoch 523/1000, Loss: 0.0905, Dice: 0.0817, MSE: 0.0294
2025-05-05 05:06:31 - INFO - Epoch 524/1000, Loss: 0.1035, Dice: 0.0946, MSE: 0.0299
2025-05-05 05:07:05 - INFO - Epoch 525/1000, Loss: 0.0939, Dice: 0.0852, MSE: 0.0289
2025-05-05 05:07:40 - INFO - Epoch 526/1000, Loss: 0.1018, Dice: 0.0930, MSE: 0.0293
2025-05-05 05:08:14 - INFO - Epoch 527/1000, Loss: 0.0918, Dice: 0.0834, MSE: 0.0279
2025-05-05 05:08:49 - INFO - Epoch 528/1000, Loss: 0.0816, Dice: 0.0704, MSE: 0.0372
2025-05-05 05:09:23 - INFO - Epoch 529/1000, Loss: 0.0853, Dice: 0.0757, MSE: 0.0320
2025-05-05 05:09:57 - INFO - Epoch 530/1000, Loss: 0.0871, Dice: 0.0774, MSE: 0.0322
2025-05-05 05:10:32 - INFO - Epoch 531/1000, Loss: 0.0957, Dice: 0.0847, MSE: 0.0367
2025-05-05 05:11:06 - INFO - Epoch 532/1000, Loss: 0.1040, Dice: 0.0950, MSE: 0.0299
2025-05-05 05:11:41 - INFO - Epoch 533/1000, Loss: 0.0852, Dice: 0.0761, MSE: 0.0303
2025-05-05 05:12:15 - INFO - Epoch 534/1000, Loss: 0.0870, Dice: 0.0778, MSE: 0.0305
2025-05-05 05:12:49 - INFO - Epoch 535/1000, Loss: 0.0992, Dice: 0.0899, MSE: 0.0308
2025-05-05 05:13:24 - INFO - Epoch 536/1000, Loss: 0.1016, Dice: 0.0925, MSE: 0.0302
2025-05-05 05:13:59 - INFO - Epoch 537/1000, Loss: 0.1218, Dice: 0.1097, MSE: 0.0404
2025-05-05 05:14:33 - INFO - Epoch 538/1000, Loss: 0.1272, Dice: 0.1174, MSE: 0.0328
2025-05-05 05:15:07 - INFO - Epoch 539/1000, Loss: 0.1090, Dice: 0.0995, MSE: 0.0315
2025-05-05 05:15:42 - INFO - Epoch 540/1000, Loss: 0.0926, Dice: 0.0835, MSE: 0.0304
2025-05-05 05:15:43 - INFO - 模型已保存至: epoch_540.pth
2025-05-05 05:16:18 - INFO - Epoch 541/1000, Loss: 0.1193, Dice: 0.1094, MSE: 0.0331
2025-05-05 05:16:52 - INFO - Epoch 542/1000, Loss: 0.1103, Dice: 0.1011, MSE: 0.0308
2025-05-05 05:17:27 - INFO - Epoch 543/1000, Loss: 0.1001, Dice: 0.0909, MSE: 0.0306
2025-05-05 05:18:01 - INFO - Epoch 544/1000, Loss: 0.1300, Dice: 0.1195, MSE: 0.0352
2025-05-05 05:18:36 - INFO - Epoch 545/1000, Loss: 0.1310, Dice: 0.1215, MSE: 0.0317
2025-05-05 05:19:10 - INFO - Epoch 546/1000, Loss: 0.1967, Dice: 0.1873, MSE: 0.0314
2025-05-05 05:19:45 - INFO - Epoch 547/1000, Loss: 0.1781, Dice: 0.1688, MSE: 0.0308
2025-05-05 05:20:19 - INFO - Epoch 548/1000, Loss: 0.1757, Dice: 0.1664, MSE: 0.0309
2025-05-05 05:20:54 - INFO - Epoch 549/1000, Loss: 0.1462, Dice: 0.1376, MSE: 0.0287
2025-05-05 05:21:28 - INFO - Epoch 550/1000, Loss: 0.2690, Dice: 0.2608, MSE: 0.0273
2025-05-05 05:22:02 - INFO - Epoch 551/1000, Loss: 0.1676, Dice: 0.1579, MSE: 0.0322
2025-05-05 05:22:37 - INFO - Epoch 552/1000, Loss: 0.1353, Dice: 0.1267, MSE: 0.0288
2025-05-05 05:23:12 - INFO - Epoch 553/1000, Loss: 0.1478, Dice: 0.1392, MSE: 0.0286
2025-05-05 05:23:46 - INFO - Epoch 554/1000, Loss: 0.1325, Dice: 0.1237, MSE: 0.0292
2025-05-05 05:24:21 - INFO - Epoch 555/1000, Loss: 0.1436, Dice: 0.1332, MSE: 0.0347
2025-05-05 05:24:55 - INFO - Epoch 556/1000, Loss: 0.1388, Dice: 0.1306, MSE: 0.0274
2025-05-05 05:25:30 - INFO - Epoch 557/1000, Loss: 0.1112, Dice: 0.1030, MSE: 0.0271
2025-05-05 05:26:04 - INFO - Epoch 558/1000, Loss: 0.1010, Dice: 0.0919, MSE: 0.0301
2025-05-05 05:26:39 - INFO - Epoch 559/1000, Loss: 0.1091, Dice: 0.1004, MSE: 0.0290
2025-05-05 05:27:13 - INFO - Epoch 560/1000, Loss: 0.1174, Dice: 0.1079, MSE: 0.0317
2025-05-05 05:27:15 - INFO - 模型已保存至: epoch_560.pth
2025-05-05 05:27:49 - INFO - Epoch 561/1000, Loss: 0.1035, Dice: 0.0958, MSE: 0.0255
2025-05-05 05:28:23 - INFO - Epoch 562/1000, Loss: 0.1042, Dice: 0.0960, MSE: 0.0274
2025-05-05 05:28:58 - INFO - Epoch 563/1000, Loss: 0.1067, Dice: 0.0979, MSE: 0.0292
2025-05-05 05:29:33 - INFO - Epoch 564/1000, Loss: 0.0915, Dice: 0.0817, MSE: 0.0326
2025-05-05 05:30:07 - INFO - Epoch 565/1000, Loss: 0.0944, Dice: 0.0857, MSE: 0.0290
2025-05-05 05:30:42 - INFO - Epoch 566/1000, Loss: 0.0985, Dice: 0.0901, MSE: 0.0279
2025-05-05 05:31:16 - INFO - Epoch 567/1000, Loss: 0.0901, Dice: 0.0823, MSE: 0.0261
2025-05-05 05:31:51 - INFO - Epoch 568/1000, Loss: 0.1016, Dice: 0.0934, MSE: 0.0275
2025-05-05 05:32:25 - INFO - Epoch 569/1000, Loss: 0.0915, Dice: 0.0836, MSE: 0.0265
2025-05-05 05:33:00 - INFO - Epoch 570/1000, Loss: 0.0920, Dice: 0.0831, MSE: 0.0298
2025-05-05 05:33:35 - INFO - Epoch 571/1000, Loss: 0.0902, Dice: 0.0824, MSE: 0.0261
2025-05-05 05:34:09 - INFO - Epoch 572/1000, Loss: 0.0984, Dice: 0.0910, MSE: 0.0246
2025-05-05 05:34:43 - INFO - Epoch 573/1000, Loss: 0.0813, Dice: 0.0733, MSE: 0.0265
2025-05-05 05:35:18 - INFO - Epoch 574/1000, Loss: 0.0891, Dice: 0.0808, MSE: 0.0275
2025-05-05 05:35:53 - INFO - Epoch 575/1000, Loss: 0.0869, Dice: 0.0779, MSE: 0.0301
2025-05-05 05:36:28 - INFO - Epoch 576/1000, Loss: 0.1013, Dice: 0.0920, MSE: 0.0310
2025-05-05 05:37:02 - INFO - Epoch 577/1000, Loss: 0.0891, Dice: 0.0812, MSE: 0.0263
2025-05-05 05:37:37 - INFO - Epoch 578/1000, Loss: 0.0998, Dice: 0.0913, MSE: 0.0281
2025-05-05 05:38:11 - INFO - Epoch 579/1000, Loss: 0.0868, Dice: 0.0779, MSE: 0.0296
2025-05-05 05:38:46 - INFO - Epoch 580/1000, Loss: 0.0883, Dice: 0.0796, MSE: 0.0291
2025-05-05 05:38:48 - INFO - 模型已保存至: epoch_580.pth
2025-05-05 05:39:23 - INFO - Epoch 581/1000, Loss: 0.0943, Dice: 0.0864, MSE: 0.0263
2025-05-05 05:39:57 - INFO - Epoch 582/1000, Loss: 0.1168, Dice: 0.1063, MSE: 0.0352
2025-05-05 05:40:32 - INFO - Epoch 583/1000, Loss: 0.0816, Dice: 0.0703, MSE: 0.0379
2025-05-05 05:41:06 - INFO - Epoch 584/1000, Loss: 0.0872, Dice: 0.0786, MSE: 0.0289
2025-05-05 05:41:41 - INFO - Epoch 585/1000, Loss: 0.0898, Dice: 0.0812, MSE: 0.0287
2025-05-05 05:42:16 - INFO - Epoch 586/1000, Loss: 0.0874, Dice: 0.0800, MSE: 0.0249
2025-05-05 05:42:50 - INFO - Epoch 587/1000, Loss: 0.0862, Dice: 0.0779, MSE: 0.0275
2025-05-05 05:43:25 - INFO - Epoch 588/1000, Loss: 0.0791, Dice: 0.0710, MSE: 0.0271
2025-05-05 05:43:59 - INFO - Epoch 589/1000, Loss: 0.0902, Dice: 0.0816, MSE: 0.0287
2025-05-05 05:44:34 - INFO - Epoch 590/1000, Loss: 0.0856, Dice: 0.0779, MSE: 0.0256
2025-05-05 05:45:08 - INFO - Epoch 591/1000, Loss: 0.0888, Dice: 0.0806, MSE: 0.0275
2025-05-05 05:45:43 - INFO - Epoch 592/1000, Loss: 0.0957, Dice: 0.0880, MSE: 0.0258
2025-05-05 05:46:17 - INFO - Epoch 593/1000, Loss: 0.0902, Dice: 0.0824, MSE: 0.0259
2025-05-05 05:46:52 - INFO - Epoch 594/1000, Loss: 0.0826, Dice: 0.0739, MSE: 0.0289
2025-05-05 05:47:27 - INFO - Epoch 595/1000, Loss: 0.0805, Dice: 0.0719, MSE: 0.0287
2025-05-05 05:48:01 - INFO - Epoch 596/1000, Loss: 0.0830, Dice: 0.0752, MSE: 0.0260
2025-05-05 05:48:36 - INFO - Epoch 597/1000, Loss: 0.0809, Dice: 0.0730, MSE: 0.0263
2025-05-05 05:49:10 - INFO - Epoch 598/1000, Loss: 0.0976, Dice: 0.0896, MSE: 0.0267
2025-05-05 05:49:45 - INFO - Epoch 599/1000, Loss: 0.0960, Dice: 0.0882, MSE: 0.0261
2025-05-05 05:50:19 - INFO - Epoch 600/1000, Loss: 0.0848, Dice: 0.0772, MSE: 0.0256
2025-05-05 05:50:21 - INFO - 模型已保存至: epoch_600.pth
2025-05-05 05:50:55 - INFO - Epoch 601/1000, Loss: 0.0778, Dice: 0.0701, MSE: 0.0256
2025-05-05 05:51:29 - INFO - Epoch 602/1000, Loss: 0.1038, Dice: 0.0963, MSE: 0.0251
2025-05-05 05:52:04 - INFO - Epoch 603/1000, Loss: 0.0789, Dice: 0.0711, MSE: 0.0262
2025-05-05 05:52:38 - INFO - Epoch 604/1000, Loss: 0.1215, Dice: 0.1110, MSE: 0.0348
2025-05-05 05:53:13 - INFO - Epoch 605/1000, Loss: 0.1208, Dice: 0.1122, MSE: 0.0286
2025-05-05 05:53:48 - INFO - Epoch 606/1000, Loss: 0.1116, Dice: 0.1033, MSE: 0.0276
2025-05-05 05:54:22 - INFO - Epoch 607/1000, Loss: 0.0944, Dice: 0.0842, MSE: 0.0340
2025-05-05 05:54:57 - INFO - Epoch 608/1000, Loss: 0.0871, Dice: 0.0778, MSE: 0.0308
2025-05-05 05:55:31 - INFO - Epoch 609/1000, Loss: 0.0927, Dice: 0.0844, MSE: 0.0274
2025-05-05 05:56:06 - INFO - Epoch 610/1000, Loss: 0.0899, Dice: 0.0812, MSE: 0.0290
2025-05-05 05:56:40 - INFO - Epoch 611/1000, Loss: 0.0954, Dice: 0.0869, MSE: 0.0283
2025-05-05 05:57:15 - INFO - Epoch 612/1000, Loss: 0.0870, Dice: 0.0794, MSE: 0.0252
2025-05-05 05:57:49 - INFO - Epoch 613/1000, Loss: 0.0881, Dice: 0.0800, MSE: 0.0269
2025-05-05 05:58:24 - INFO - Epoch 614/1000, Loss: 0.0800, Dice: 0.0729, MSE: 0.0238
2025-05-05 05:58:59 - INFO - Epoch 615/1000, Loss: 0.0925, Dice: 0.0847, MSE: 0.0259
2025-05-05 05:59:33 - INFO - Epoch 616/1000, Loss: 0.0867, Dice: 0.0784, MSE: 0.0277
2025-05-05 06:00:08 - INFO - Epoch 617/1000, Loss: 0.0812, Dice: 0.0730, MSE: 0.0273
2025-05-05 06:00:42 - INFO - Epoch 618/1000, Loss: 0.0789, Dice: 0.0706, MSE: 0.0277
2025-05-05 06:01:17 - INFO - Epoch 619/1000, Loss: 0.0903, Dice: 0.0819, MSE: 0.0277
2025-05-05 06:01:51 - INFO - Epoch 620/1000, Loss: 0.0725, Dice: 0.0644, MSE: 0.0272
2025-05-05 06:01:53 - INFO - 模型已保存至: epoch_620.pth
2025-05-05 06:02:28 - INFO - Epoch 621/1000, Loss: 0.0756, Dice: 0.0673, MSE: 0.0277
2025-05-05 06:03:03 - INFO - Epoch 622/1000, Loss: 0.0843, Dice: 0.0742, MSE: 0.0338
2025-05-05 06:03:37 - INFO - Epoch 623/1000, Loss: 0.0887, Dice: 0.0791, MSE: 0.0320
2025-05-05 06:04:12 - INFO - Epoch 624/1000, Loss: 0.0768, Dice: 0.0676, MSE: 0.0308
2025-05-05 06:04:46 - INFO - Epoch 625/1000, Loss: 0.1224, Dice: 0.1128, MSE: 0.0320
2025-05-05 06:05:21 - INFO - Epoch 626/1000, Loss: 0.1153, Dice: 0.1066, MSE: 0.0288
2025-05-05 06:05:56 - INFO - Epoch 627/1000, Loss: 0.0949, Dice: 0.0871, MSE: 0.0259
2025-05-05 06:06:30 - INFO - Epoch 628/1000, Loss: 0.0884, Dice: 0.0803, MSE: 0.0269
2025-05-05 06:07:04 - INFO - Epoch 629/1000, Loss: 0.1049, Dice: 0.0966, MSE: 0.0275
2025-05-05 06:07:39 - INFO - Epoch 630/1000, Loss: 0.0894, Dice: 0.0820, MSE: 0.0244
2025-05-05 06:08:14 - INFO - Epoch 631/1000, Loss: 0.0936, Dice: 0.0858, MSE: 0.0258
2025-05-05 06:08:48 - INFO - Epoch 632/1000, Loss: 0.0740, Dice: 0.0666, MSE: 0.0247
2025-05-05 06:09:23 - INFO - Epoch 633/1000, Loss: 0.0765, Dice: 0.0677, MSE: 0.0292
2025-05-05 06:09:57 - INFO - Epoch 634/1000, Loss: 0.0768, Dice: 0.0694, MSE: 0.0247
2025-05-05 06:10:32 - INFO - Epoch 635/1000, Loss: 0.0706, Dice: 0.0634, MSE: 0.0240
2025-05-05 06:11:07 - INFO - Epoch 636/1000, Loss: 0.0954, Dice: 0.0867, MSE: 0.0290
2025-05-05 06:11:41 - INFO - Epoch 637/1000, Loss: 0.1376, Dice: 0.1283, MSE: 0.0312
2025-05-05 06:12:16 - INFO - Epoch 638/1000, Loss: 0.1094, Dice: 0.0952, MSE: 0.0476
2025-05-05 06:12:50 - INFO - Epoch 639/1000, Loss: 0.1090, Dice: 0.0946, MSE: 0.0480
2025-05-05 06:13:25 - INFO - Epoch 640/1000, Loss: 0.1080, Dice: 0.0972, MSE: 0.0359
2025-05-05 06:13:26 - INFO - 模型已保存至: epoch_640.pth
2025-05-05 06:14:01 - INFO - Epoch 641/1000, Loss: 0.1454, Dice: 0.1345, MSE: 0.0363
2025-05-05 06:14:35 - INFO - Epoch 642/1000, Loss: 0.1271, Dice: 0.1179, MSE: 0.0304
2025-05-05 06:15:10 - INFO - Epoch 643/1000, Loss: 0.1137, Dice: 0.1061, MSE: 0.0252
2025-05-05 06:15:45 - INFO - Epoch 644/1000, Loss: 0.0978, Dice: 0.0893, MSE: 0.0284
2025-05-05 06:16:19 - INFO - Epoch 645/1000, Loss: 0.0874, Dice: 0.0797, MSE: 0.0257
2025-05-05 06:16:53 - INFO - Epoch 646/1000, Loss: 0.0963, Dice: 0.0876, MSE: 0.0290
2025-05-05 06:17:28 - INFO - Epoch 647/1000, Loss: 0.1098, Dice: 0.1016, MSE: 0.0274
2025-05-05 06:18:03 - INFO - Epoch 648/1000, Loss: 0.1010, Dice: 0.0921, MSE: 0.0298
2025-05-05 06:18:37 - INFO - Epoch 649/1000, Loss: 0.0835, Dice: 0.0749, MSE: 0.0285
2025-05-05 06:19:12 - INFO - Epoch 650/1000, Loss: 0.0798, Dice: 0.0719, MSE: 0.0263
2025-05-05 06:19:46 - INFO - Epoch 651/1000, Loss: 0.0874, Dice: 0.0804, MSE: 0.0234
2025-05-05 06:20:21 - INFO - Epoch 652/1000, Loss: 0.0842, Dice: 0.0764, MSE: 0.0260
2025-05-05 06:20:55 - INFO - Epoch 653/1000, Loss: 0.0812, Dice: 0.0721, MSE: 0.0302
2025-05-05 06:21:29 - INFO - Epoch 654/1000, Loss: 0.0782, Dice: 0.0690, MSE: 0.0308
2025-05-05 06:22:04 - INFO - Epoch 655/1000, Loss: 0.0780, Dice: 0.0698, MSE: 0.0272
2025-05-05 06:22:38 - INFO - Epoch 656/1000, Loss: 0.0799, Dice: 0.0703, MSE: 0.0320
2025-05-05 06:23:13 - INFO - Epoch 657/1000, Loss: 0.0790, Dice: 0.0712, MSE: 0.0261
2025-05-05 06:23:47 - INFO - Epoch 658/1000, Loss: 0.0929, Dice: 0.0846, MSE: 0.0278
2025-05-05 06:24:22 - INFO - Epoch 659/1000, Loss: 0.0821, Dice: 0.0746, MSE: 0.0249
2025-05-05 06:24:57 - INFO - Epoch 660/1000, Loss: 0.0768, Dice: 0.0686, MSE: 0.0273
2025-05-05 06:24:58 - INFO - 模型已保存至: epoch_660.pth
2025-05-05 06:25:32 - INFO - Epoch 661/1000, Loss: 0.1175, Dice: 0.1091, MSE: 0.0281
2025-05-05 06:26:07 - INFO - Epoch 662/1000, Loss: 0.0845, Dice: 0.0759, MSE: 0.0284
2025-05-05 06:26:42 - INFO - Epoch 663/1000, Loss: 0.0928, Dice: 0.0838, MSE: 0.0299
2025-05-05 06:27:16 - INFO - Epoch 664/1000, Loss: 0.0886, Dice: 0.0805, MSE: 0.0270
2025-05-05 06:27:51 - INFO - Epoch 665/1000, Loss: 0.0882, Dice: 0.0797, MSE: 0.0283
2025-05-05 06:28:25 - INFO - Epoch 666/1000, Loss: 0.0714, Dice: 0.0640, MSE: 0.0244
2025-05-05 06:29:00 - INFO - Epoch 667/1000, Loss: 0.0754, Dice: 0.0674, MSE: 0.0267
2025-05-05 06:29:34 - INFO - Epoch 668/1000, Loss: 0.0783, Dice: 0.0700, MSE: 0.0276
2025-05-05 06:30:09 - INFO - Epoch 669/1000, Loss: 0.0945, Dice: 0.0868, MSE: 0.0255
2025-05-05 06:30:44 - INFO - Epoch 670/1000, Loss: 0.0722, Dice: 0.0636, MSE: 0.0285
2025-05-05 06:31:18 - INFO - Epoch 671/1000, Loss: 0.0929, Dice: 0.0842, MSE: 0.0293
2025-05-05 06:31:53 - INFO - Epoch 672/1000, Loss: 0.0810, Dice: 0.0725, MSE: 0.0282
2025-05-05 06:32:27 - INFO - Epoch 673/1000, Loss: 0.0771, Dice: 0.0687, MSE: 0.0280
2025-05-05 06:33:02 - INFO - Epoch 674/1000, Loss: 0.0810, Dice: 0.0743, MSE: 0.0223
2025-05-05 06:33:36 - INFO - Epoch 675/1000, Loss: 0.0873, Dice: 0.0793, MSE: 0.0266
2025-05-05 06:34:11 - INFO - Epoch 676/1000, Loss: 0.0741, Dice: 0.0667, MSE: 0.0248
2025-05-05 06:34:45 - INFO - Epoch 677/1000, Loss: 0.0833, Dice: 0.0752, MSE: 0.0270
2025-05-05 06:35:19 - INFO - Epoch 678/1000, Loss: 0.0731, Dice: 0.0650, MSE: 0.0271
2025-05-05 06:35:54 - INFO - Epoch 679/1000, Loss: 0.0831, Dice: 0.0748, MSE: 0.0276
2025-05-05 06:36:29 - INFO - Epoch 680/1000, Loss: 0.0712, Dice: 0.0629, MSE: 0.0276
2025-05-05 06:36:30 - INFO - 模型已保存至: epoch_680.pth
2025-05-05 06:37:05 - INFO - Epoch 681/1000, Loss: 0.0838, Dice: 0.0752, MSE: 0.0287
2025-05-05 06:37:40 - INFO - Epoch 682/1000, Loss: 0.0912, Dice: 0.0830, MSE: 0.0272
2025-05-05 06:38:14 - INFO - Epoch 683/1000, Loss: 0.0801, Dice: 0.0720, MSE: 0.0273
2025-05-05 06:38:48 - INFO - Epoch 684/1000, Loss: 0.0768, Dice: 0.0687, MSE: 0.0268
2025-05-05 06:39:23 - INFO - Epoch 685/1000, Loss: 0.0876, Dice: 0.0790, MSE: 0.0287
2025-05-05 06:39:57 - INFO - Epoch 686/1000, Loss: 0.0755, Dice: 0.0668, MSE: 0.0288
2025-05-05 06:40:32 - INFO - Epoch 687/1000, Loss: 0.0808, Dice: 0.0722, MSE: 0.0285
2025-05-05 06:41:07 - INFO - Epoch 688/1000, Loss: 0.0727, Dice: 0.0649, MSE: 0.0259
2025-05-05 06:41:41 - INFO - Epoch 689/1000, Loss: 0.0817, Dice: 0.0740, MSE: 0.0257
2025-05-05 06:42:16 - INFO - Epoch 690/1000, Loss: 0.0806, Dice: 0.0727, MSE: 0.0264
2025-05-05 06:42:50 - INFO - Epoch 691/1000, Loss: 0.0763, Dice: 0.0685, MSE: 0.0261
2025-05-05 06:43:25 - INFO - Epoch 692/1000, Loss: 0.0816, Dice: 0.0740, MSE: 0.0252
2025-05-05 06:44:00 - INFO - Epoch 693/1000, Loss: 0.0733, Dice: 0.0648, MSE: 0.0284
2025-05-05 06:44:34 - INFO - Epoch 694/1000, Loss: 0.0743, Dice: 0.0654, MSE: 0.0297
2025-05-05 06:45:09 - INFO - Epoch 695/1000, Loss: 0.0707, Dice: 0.0630, MSE: 0.0255
2025-05-05 06:45:44 - INFO - Epoch 696/1000, Loss: 0.0783, Dice: 0.0702, MSE: 0.0269
2025-05-05 06:46:19 - INFO - Epoch 697/1000, Loss: 0.0637, Dice: 0.0567, MSE: 0.0233
2025-05-05 06:46:53 - INFO - Epoch 698/1000, Loss: 0.0732, Dice: 0.0660, MSE: 0.0239
2025-05-05 06:47:28 - INFO - Epoch 699/1000, Loss: 0.0792, Dice: 0.0711, MSE: 0.0267
2025-05-05 06:48:02 - INFO - Epoch 700/1000, Loss: 0.0691, Dice: 0.0619, MSE: 0.0238
2025-05-05 06:48:04 - INFO - 模型已保存至: epoch_700.pth
2025-05-05 06:48:39 - INFO - Epoch 701/1000, Loss: 0.0653, Dice: 0.0569, MSE: 0.0278
2025-05-05 06:49:13 - INFO - Epoch 702/1000, Loss: 0.0648, Dice: 0.0574, MSE: 0.0247
2025-05-05 06:49:48 - INFO - Epoch 703/1000, Loss: 0.0917, Dice: 0.0822, MSE: 0.0320
2025-05-05 06:50:22 - INFO - Epoch 704/1000, Loss: 0.2389, Dice: 0.2285, MSE: 0.0349
2025-05-05 06:50:57 - INFO - Epoch 705/1000, Loss: 0.1398, Dice: 0.1316, MSE: 0.0272
2025-05-05 06:51:32 - INFO - Epoch 706/1000, Loss: 0.1057, Dice: 0.0981, MSE: 0.0255
2025-05-05 06:52:06 - INFO - Epoch 707/1000, Loss: 0.1280, Dice: 0.1198, MSE: 0.0275
2025-05-05 06:52:41 - INFO - Epoch 708/1000, Loss: 0.1158, Dice: 0.1074, MSE: 0.0279
2025-05-05 06:53:15 - INFO - Epoch 709/1000, Loss: 0.1297, Dice: 0.1216, MSE: 0.0270
2025-05-05 06:53:50 - INFO - Epoch 710/1000, Loss: 0.1083, Dice: 0.1002, MSE: 0.0270
2025-05-05 06:54:25 - INFO - Epoch 711/1000, Loss: 0.0921, Dice: 0.0847, MSE: 0.0247
2025-05-05 06:54:59 - INFO - Epoch 712/1000, Loss: 0.1160, Dice: 0.1087, MSE: 0.0242
2025-05-05 06:55:34 - INFO - Epoch 713/1000, Loss: 0.0989, Dice: 0.0910, MSE: 0.0263
2025-05-05 06:56:08 - INFO - Epoch 714/1000, Loss: 0.0808, Dice: 0.0744, MSE: 0.0214
2025-05-05 06:56:43 - INFO - Epoch 715/1000, Loss: 0.1380, Dice: 0.1305, MSE: 0.0249
2025-05-05 06:57:17 - INFO - Epoch 716/1000, Loss: 0.0929, Dice: 0.0859, MSE: 0.0232
2025-05-05 06:57:52 - INFO - Epoch 717/1000, Loss: 0.0844, Dice: 0.0774, MSE: 0.0234
2025-05-05 06:58:26 - INFO - Epoch 718/1000, Loss: 0.0862, Dice: 0.0783, MSE: 0.0263
2025-05-05 06:59:01 - INFO - Epoch 719/1000, Loss: 0.0942, Dice: 0.0874, MSE: 0.0229
2025-05-05 06:59:36 - INFO - Epoch 720/1000, Loss: 0.0856, Dice: 0.0773, MSE: 0.0278
2025-05-05 06:59:38 - INFO - 模型已保存至: epoch_720.pth
2025-05-05 07:00:12 - INFO - Epoch 721/1000, Loss: 0.0905, Dice: 0.0825, MSE: 0.0266
2025-05-05 07:00:47 - INFO - Epoch 722/1000, Loss: 0.0750, Dice: 0.0676, MSE: 0.0247
2025-05-05 07:01:21 - INFO - Epoch 723/1000, Loss: 0.0906, Dice: 0.0829, MSE: 0.0257
2025-05-05 07:01:56 - INFO - Epoch 724/1000, Loss: 0.0911, Dice: 0.0832, MSE: 0.0264
2025-05-05 07:02:30 - INFO - Epoch 725/1000, Loss: 0.1027, Dice: 0.0951, MSE: 0.0256
2025-05-05 07:03:05 - INFO - Epoch 726/1000, Loss: 0.0802, Dice: 0.0725, MSE: 0.0257
2025-05-05 07:03:39 - INFO - Epoch 727/1000, Loss: 0.0770, Dice: 0.0701, MSE: 0.0231
2025-05-05 07:04:14 - INFO - Epoch 728/1000, Loss: 0.1026, Dice: 0.0951, MSE: 0.0252
2025-05-05 07:04:48 - INFO - Epoch 729/1000, Loss: 0.1346, Dice: 0.1268, MSE: 0.0259
2025-05-05 07:05:23 - INFO - Epoch 730/1000, Loss: 0.0734, Dice: 0.0658, MSE: 0.0253
2025-05-05 07:05:57 - INFO - Epoch 731/1000, Loss: 0.0822, Dice: 0.0736, MSE: 0.0284
2025-05-05 07:06:32 - INFO - Epoch 732/1000, Loss: 0.0925, Dice: 0.0840, MSE: 0.0284
2025-05-05 07:07:07 - INFO - Epoch 733/1000, Loss: 0.1109, Dice: 0.1030, MSE: 0.0264
2025-05-05 07:07:41 - INFO - Epoch 734/1000, Loss: 0.1041, Dice: 0.0974, MSE: 0.0224
2025-05-05 07:08:16 - INFO - Epoch 735/1000, Loss: 0.0970, Dice: 0.0898, MSE: 0.0241
2025-05-05 07:08:51 - INFO - Epoch 736/1000, Loss: 0.0883, Dice: 0.0807, MSE: 0.0256
2025-05-05 07:09:25 - INFO - Epoch 737/1000, Loss: 0.0803, Dice: 0.0729, MSE: 0.0247
2025-05-05 07:10:00 - INFO - Epoch 738/1000, Loss: 0.0938, Dice: 0.0862, MSE: 0.0253
2025-05-05 07:10:34 - INFO - Epoch 739/1000, Loss: 0.1610, Dice: 0.1544, MSE: 0.0220
2025-05-05 07:11:09 - INFO - Epoch 740/1000, Loss: 0.1854, Dice: 0.1737, MSE: 0.0390
2025-05-05 07:11:10 - INFO - 模型已保存至: epoch_740.pth
2025-05-05 07:11:45 - INFO - Epoch 741/1000, Loss: 0.2175, Dice: 0.2070, MSE: 0.0351
2025-05-05 07:12:19 - INFO - Epoch 742/1000, Loss: 0.1613, Dice: 0.1514, MSE: 0.0331
2025-05-05 07:12:54 - INFO - Epoch 743/1000, Loss: 0.1813, Dice: 0.1720, MSE: 0.0309
2025-05-05 07:13:29 - INFO - Epoch 744/1000, Loss: 0.1454, Dice: 0.1369, MSE: 0.0282
2025-05-05 07:14:03 - INFO - Epoch 745/1000, Loss: 0.1362, Dice: 0.1284, MSE: 0.0260
2025-05-05 07:14:38 - INFO - Epoch 746/1000, Loss: 0.1947, Dice: 0.1862, MSE: 0.0283
2025-05-05 07:15:12 - INFO - Epoch 747/1000, Loss: 0.1900, Dice: 0.1805, MSE: 0.0315
2025-05-05 07:15:47 - INFO - Epoch 748/1000, Loss: 0.1640, Dice: 0.1546, MSE: 0.0313
2025-05-05 07:16:21 - INFO - Epoch 749/1000, Loss: 0.1483, Dice: 0.1388, MSE: 0.0319
2025-05-05 07:16:56 - INFO - Epoch 750/1000, Loss: 0.1308, Dice: 0.1230, MSE: 0.0259
2025-05-05 07:17:31 - INFO - Epoch 751/1000, Loss: 0.1158, Dice: 0.1088, MSE: 0.0234
2025-05-05 07:18:05 - INFO - Epoch 752/1000, Loss: 0.1316, Dice: 0.1238, MSE: 0.0259
2025-05-05 07:18:40 - INFO - Epoch 753/1000, Loss: 0.1021, Dice: 0.0933, MSE: 0.0291
2025-05-05 07:19:14 - INFO - Epoch 754/1000, Loss: 0.1156, Dice: 0.1087, MSE: 0.0230
2025-05-05 07:19:49 - INFO - Epoch 755/1000, Loss: 0.0983, Dice: 0.0907, MSE: 0.0251
2025-05-05 07:20:24 - INFO - Epoch 756/1000, Loss: 0.0909, Dice: 0.0840, MSE: 0.0227
2025-05-05 07:20:58 - INFO - Epoch 757/1000, Loss: 0.0957, Dice: 0.0888, MSE: 0.0230
2025-05-05 07:21:33 - INFO - Epoch 758/1000, Loss: 0.0834, Dice: 0.0772, MSE: 0.0207
2025-05-05 07:22:08 - INFO - Epoch 759/1000, Loss: 0.0944, Dice: 0.0874, MSE: 0.0235
2025-05-05 07:22:42 - INFO - Epoch 760/1000, Loss: 0.0852, Dice: 0.0778, MSE: 0.0246
2025-05-05 07:22:44 - INFO - 模型已保存至: epoch_760.pth
2025-05-05 07:23:18 - INFO - Epoch 761/1000, Loss: 0.0799, Dice: 0.0727, MSE: 0.0240
2025-05-05 07:23:53 - INFO - Epoch 762/1000, Loss: 0.0937, Dice: 0.0861, MSE: 0.0255
2025-05-05 07:24:28 - INFO - Epoch 763/1000, Loss: 0.0876, Dice: 0.0805, MSE: 0.0237
2025-05-05 07:25:03 - INFO - Epoch 764/1000, Loss: 0.0790, Dice: 0.0706, MSE: 0.0279
2025-05-05 07:25:37 - INFO - Epoch 765/1000, Loss: 0.0823, Dice: 0.0751, MSE: 0.0241
2025-05-05 07:26:13 - INFO - Epoch 766/1000, Loss: 0.0771, Dice: 0.0703, MSE: 0.0227
2025-05-05 07:26:47 - INFO - Epoch 767/1000, Loss: 0.0782, Dice: 0.0710, MSE: 0.0241
2025-05-05 07:27:22 - INFO - Epoch 768/1000, Loss: 0.0815, Dice: 0.0740, MSE: 0.0250
2025-05-05 07:27:56 - INFO - Epoch 769/1000, Loss: 0.0753, Dice: 0.0679, MSE: 0.0245
2025-05-05 07:28:31 - INFO - Epoch 770/1000, Loss: 0.0704, Dice: 0.0636, MSE: 0.0228
2025-05-05 07:29:05 - INFO - Epoch 771/1000, Loss: 0.0847, Dice: 0.0772, MSE: 0.0249
2025-05-05 07:29:40 - INFO - Epoch 772/1000, Loss: 0.0933, Dice: 0.0855, MSE: 0.0263
2025-05-05 07:30:15 - INFO - Epoch 773/1000, Loss: 0.0942, Dice: 0.0859, MSE: 0.0276
2025-05-05 07:30:49 - INFO - Epoch 774/1000, Loss: 0.0732, Dice: 0.0659, MSE: 0.0245
2025-05-05 07:31:24 - INFO - Epoch 775/1000, Loss: 0.0936, Dice: 0.0862, MSE: 0.0248
2025-05-05 07:31:59 - INFO - Epoch 776/1000, Loss: 0.0889, Dice: 0.0803, MSE: 0.0290
2025-05-05 07:32:33 - INFO - Epoch 777/1000, Loss: 0.0782, Dice: 0.0689, MSE: 0.0310
2025-05-05 07:33:08 - INFO - Epoch 778/1000, Loss: 0.0789, Dice: 0.0709, MSE: 0.0269
2025-05-05 07:33:43 - INFO - Epoch 779/1000, Loss: 0.0773, Dice: 0.0687, MSE: 0.0286
2025-05-05 07:34:18 - INFO - Epoch 780/1000, Loss: 0.0734, Dice: 0.0663, MSE: 0.0234
2025-05-05 07:34:19 - INFO - 模型已保存至: epoch_780.pth
2025-05-05 07:34:54 - INFO - Epoch 781/1000, Loss: 0.0739, Dice: 0.0663, MSE: 0.0254
2025-05-05 07:35:29 - INFO - Epoch 782/1000, Loss: 0.0703, Dice: 0.0630, MSE: 0.0245
2025-05-05 07:36:03 - INFO - Epoch 783/1000, Loss: 0.0702, Dice: 0.0631, MSE: 0.0234
2025-05-05 07:36:38 - INFO - Epoch 784/1000, Loss: 0.0874, Dice: 0.0797, MSE: 0.0254
2025-05-05 07:37:13 - INFO - Epoch 785/1000, Loss: 0.0804, Dice: 0.0724, MSE: 0.0268
2025-05-05 07:37:47 - INFO - Epoch 786/1000, Loss: 0.0702, Dice: 0.0626, MSE: 0.0255
2025-05-05 07:38:22 - INFO - Epoch 787/1000, Loss: 0.0706, Dice: 0.0638, MSE: 0.0225
2025-05-05 07:38:56 - INFO - Epoch 788/1000, Loss: 0.0735, Dice: 0.0654, MSE: 0.0268
2025-05-05 07:39:31 - INFO - Epoch 789/1000, Loss: 0.0816, Dice: 0.0744, MSE: 0.0239
2025-05-05 07:40:06 - INFO - Epoch 790/1000, Loss: 0.0713, Dice: 0.0640, MSE: 0.0243
2025-05-05 07:40:41 - INFO - Epoch 791/1000, Loss: 0.0699, Dice: 0.0624, MSE: 0.0250
2025-05-05 07:41:16 - INFO - Epoch 792/1000, Loss: 0.0799, Dice: 0.0723, MSE: 0.0254
2025-05-05 07:41:50 - INFO - Epoch 793/1000, Loss: 0.0731, Dice: 0.0666, MSE: 0.0219
2025-05-05 07:42:25 - INFO - Epoch 794/1000, Loss: 0.0744, Dice: 0.0679, MSE: 0.0215
2025-05-05 07:42:59 - INFO - Epoch 795/1000, Loss: 0.0648, Dice: 0.0584, MSE: 0.0216
2025-05-05 07:43:34 - INFO - Epoch 796/1000, Loss: 0.0724, Dice: 0.0657, MSE: 0.0225
2025-05-05 07:44:09 - INFO - Epoch 797/1000, Loss: 0.0729, Dice: 0.0648, MSE: 0.0271
2025-05-05 07:44:43 - INFO - Epoch 798/1000, Loss: 0.1222, Dice: 0.1152, MSE: 0.0234
2025-05-05 07:45:18 - INFO - Epoch 799/1000, Loss: 0.0704, Dice: 0.0626, MSE: 0.0260
2025-05-05 07:45:52 - INFO - Epoch 800/1000, Loss: 0.0797, Dice: 0.0726, MSE: 0.0236
2025-05-05 07:45:54 - INFO - 模型已保存至: epoch_800.pth
2025-05-05 07:46:29 - INFO - Epoch 801/1000, Loss: 0.0919, Dice: 0.0821, MSE: 0.0330
2025-05-05 07:47:03 - INFO - Epoch 802/1000, Loss: 0.0948, Dice: 0.0832, MSE: 0.0387
2025-05-05 07:47:38 - INFO - Epoch 803/1000, Loss: 0.0726, Dice: 0.0637, MSE: 0.0296
2025-05-05 07:48:13 - INFO - Epoch 804/1000, Loss: 0.0842, Dice: 0.0759, MSE: 0.0277
2025-05-05 07:48:47 - INFO - Epoch 805/1000, Loss: 0.0711, Dice: 0.0623, MSE: 0.0295
2025-05-05 07:49:22 - INFO - Epoch 806/1000, Loss: 0.0646, Dice: 0.0573, MSE: 0.0243
2025-05-05 07:49:57 - INFO - Epoch 807/1000, Loss: 0.0697, Dice: 0.0614, MSE: 0.0275
2025-05-05 07:50:32 - INFO - Epoch 808/1000, Loss: 0.0739, Dice: 0.0657, MSE: 0.0271
2025-05-05 07:51:06 - INFO - Epoch 809/1000, Loss: 0.0772, Dice: 0.0691, MSE: 0.0272
2025-05-05 07:51:41 - INFO - Epoch 810/1000, Loss: 0.0752, Dice: 0.0685, MSE: 0.0224
2025-05-05 07:52:16 - INFO - Epoch 811/1000, Loss: 0.0792, Dice: 0.0713, MSE: 0.0266
2025-05-05 07:52:50 - INFO - Epoch 812/1000, Loss: 0.0775, Dice: 0.0701, MSE: 0.0247
2025-05-05 07:53:24 - INFO - Epoch 813/1000, Loss: 0.0884, Dice: 0.0805, MSE: 0.0263
2025-05-05 07:53:59 - INFO - Epoch 814/1000, Loss: 0.0708, Dice: 0.0643, MSE: 0.0216
2025-05-05 07:54:33 - INFO - Epoch 815/1000, Loss: 0.0626, Dice: 0.0562, MSE: 0.0212
2025-05-05 07:55:08 - INFO - Epoch 816/1000, Loss: 0.0762, Dice: 0.0693, MSE: 0.0228
2025-05-05 07:55:43 - INFO - Epoch 817/1000, Loss: 0.0695, Dice: 0.0627, MSE: 0.0229
2025-05-05 07:56:18 - INFO - Epoch 818/1000, Loss: 0.0737, Dice: 0.0661, MSE: 0.0253
2025-05-05 07:56:53 - INFO - Epoch 819/1000, Loss: 0.0763, Dice: 0.0666, MSE: 0.0324
2025-05-05 07:57:28 - INFO - Epoch 820/1000, Loss: 0.0804, Dice: 0.0683, MSE: 0.0402
2025-05-05 07:57:29 - INFO - 模型已保存至: epoch_820.pth
2025-05-05 07:58:04 - INFO - Epoch 821/1000, Loss: 0.0692, Dice: 0.0592, MSE: 0.0336
2025-05-05 07:58:38 - INFO - Epoch 822/1000, Loss: 0.0699, Dice: 0.0619, MSE: 0.0266
2025-05-05 07:59:13 - INFO - Epoch 823/1000, Loss: 0.0786, Dice: 0.0712, MSE: 0.0247
2025-05-05 07:59:48 - INFO - Epoch 824/1000, Loss: 0.0706, Dice: 0.0632, MSE: 0.0245
2025-05-05 08:00:22 - INFO - Epoch 825/1000, Loss: 0.0757, Dice: 0.0684, MSE: 0.0244
2025-05-05 08:00:57 - INFO - Epoch 826/1000, Loss: 0.0752, Dice: 0.0678, MSE: 0.0248
2025-05-05 08:01:32 - INFO - Epoch 827/1000, Loss: 0.0729, Dice: 0.0652, MSE: 0.0256
2025-05-05 08:02:06 - INFO - Epoch 828/1000, Loss: 0.0670, Dice: 0.0583, MSE: 0.0292
2025-05-05 08:02:41 - INFO - Epoch 829/1000, Loss: 0.0657, Dice: 0.0572, MSE: 0.0282
2025-05-05 08:03:15 - INFO - Epoch 830/1000, Loss: 0.0675, Dice: 0.0598, MSE: 0.0257
2025-05-05 08:03:50 - INFO - Epoch 831/1000, Loss: 0.0667, Dice: 0.0599, MSE: 0.0227
2025-05-05 08:04:25 - INFO - Epoch 832/1000, Loss: 0.0633, Dice: 0.0547, MSE: 0.0286
2025-05-05 08:05:00 - INFO - Epoch 833/1000, Loss: 0.0746, Dice: 0.0666, MSE: 0.0267
2025-05-05 08:05:34 - INFO - Epoch 834/1000, Loss: 0.0721, Dice: 0.0635, MSE: 0.0287
2025-05-05 08:06:09 - INFO - Epoch 835/1000, Loss: 0.0644, Dice: 0.0566, MSE: 0.0261
2025-05-05 08:06:44 - INFO - Epoch 836/1000, Loss: 0.0722, Dice: 0.0652, MSE: 0.0233
2025-05-05 08:07:19 - INFO - Epoch 837/1000, Loss: 0.0668, Dice: 0.0596, MSE: 0.0238
2025-05-05 08:07:54 - INFO - Epoch 838/1000, Loss: 0.0668, Dice: 0.0601, MSE: 0.0224
2025-05-05 08:08:28 - INFO - Epoch 839/1000, Loss: 0.0677, Dice: 0.0604, MSE: 0.0242
2025-05-05 08:09:02 - INFO - Epoch 840/1000, Loss: 0.0925, Dice: 0.0845, MSE: 0.0267
2025-05-05 08:09:04 - INFO - 模型已保存至: epoch_840.pth
2025-05-05 08:09:39 - INFO - Epoch 841/1000, Loss: 0.0606, Dice: 0.0542, MSE: 0.0214
2025-05-05 08:10:13 - INFO - Epoch 842/1000, Loss: 0.0685, Dice: 0.0619, MSE: 0.0220
2025-05-05 08:10:48 - INFO - Epoch 843/1000, Loss: 0.0674, Dice: 0.0600, MSE: 0.0246
2025-05-05 08:11:23 - INFO - Epoch 844/1000, Loss: 0.0754, Dice: 0.0685, MSE: 0.0228
2025-05-05 08:11:57 - INFO - Epoch 845/1000, Loss: 0.0763, Dice: 0.0692, MSE: 0.0234
2025-05-05 08:12:32 - INFO - Epoch 846/1000, Loss: 0.0650, Dice: 0.0574, MSE: 0.0254
2025-05-05 08:13:07 - INFO - Epoch 847/1000, Loss: 0.0646, Dice: 0.0582, MSE: 0.0213
2025-05-05 08:13:41 - INFO - Epoch 848/1000, Loss: 0.0681, Dice: 0.0615, MSE: 0.0219
2025-05-05 08:14:16 - INFO - Epoch 849/1000, Loss: 0.0680, Dice: 0.0600, MSE: 0.0267
2025-05-05 08:14:50 - INFO - Epoch 850/1000, Loss: 0.0752, Dice: 0.0691, MSE: 0.0204
2025-05-05 08:15:24 - INFO - Epoch 851/1000, Loss: 0.0762, Dice: 0.0696, MSE: 0.0220
2025-05-05 08:15:59 - INFO - Epoch 852/1000, Loss: 0.0709, Dice: 0.0634, MSE: 0.0250
2025-05-05 08:16:33 - INFO - Epoch 853/1000, Loss: 0.0771, Dice: 0.0705, MSE: 0.0220
2025-05-05 08:17:08 - INFO - Epoch 854/1000, Loss: 0.0681, Dice: 0.0600, MSE: 0.0269
2025-05-05 08:17:43 - INFO - Epoch 855/1000, Loss: 0.0801, Dice: 0.0714, MSE: 0.0288
2025-05-05 08:18:17 - INFO - Epoch 856/1000, Loss: 0.0702, Dice: 0.0632, MSE: 0.0234
2025-05-05 08:18:52 - INFO - Epoch 857/1000, Loss: 0.0651, Dice: 0.0573, MSE: 0.0260
2025-05-05 08:19:26 - INFO - Epoch 858/1000, Loss: 0.0645, Dice: 0.0564, MSE: 0.0270
2025-05-05 08:20:01 - INFO - Epoch 859/1000, Loss: 0.0673, Dice: 0.0602, MSE: 0.0234
2025-05-05 08:20:35 - INFO - Epoch 860/1000, Loss: 0.0717, Dice: 0.0653, MSE: 0.0214
2025-05-05 08:20:37 - INFO - 模型已保存至: epoch_860.pth
2025-05-05 08:21:11 - INFO - Epoch 861/1000, Loss: 0.0625, Dice: 0.0554, MSE: 0.0237
2025-05-05 08:21:46 - INFO - Epoch 862/1000, Loss: 0.0751, Dice: 0.0681, MSE: 0.0231
2025-05-05 08:22:21 - INFO - Epoch 863/1000, Loss: 0.0694, Dice: 0.0629, MSE: 0.0218
2025-05-05 08:22:55 - INFO - Epoch 864/1000, Loss: 0.1045, Dice: 0.0961, MSE: 0.0280
2025-05-05 08:23:30 - INFO - Epoch 865/1000, Loss: 0.3770, Dice: 0.3639, MSE: 0.0438
2025-05-05 08:24:05 - INFO - Epoch 866/1000, Loss: 0.2111, Dice: 0.2028, MSE: 0.0278
2025-05-05 08:24:39 - INFO - Epoch 867/1000, Loss: 0.1776, Dice: 0.1701, MSE: 0.0248
2025-05-05 08:25:14 - INFO - Epoch 868/1000, Loss: 0.1624, Dice: 0.1559, MSE: 0.0216
2025-05-05 08:25:49 - INFO - Epoch 869/1000, Loss: 0.1530, Dice: 0.1453, MSE: 0.0256
2025-05-05 08:26:23 - INFO - Epoch 870/1000, Loss: 0.1111, Dice: 0.1037, MSE: 0.0246
2025-05-05 08:26:58 - INFO - Epoch 871/1000, Loss: 0.1418, Dice: 0.1344, MSE: 0.0246
2025-05-05 08:27:32 - INFO - Epoch 872/1000, Loss: 0.1225, Dice: 0.1165, MSE: 0.0200
2025-05-05 08:28:07 - INFO - Epoch 873/1000, Loss: 0.1032, Dice: 0.0959, MSE: 0.0242
2025-05-05 08:28:41 - INFO - Epoch 874/1000, Loss: 0.1869, Dice: 0.1779, MSE: 0.0297
2025-05-05 08:29:16 - INFO - Epoch 875/1000, Loss: 0.1513, Dice: 0.1427, MSE: 0.0285
2025-05-05 08:29:50 - INFO - Epoch 876/1000, Loss: 0.1511, Dice: 0.1445, MSE: 0.0219
2025-05-05 08:30:25 - INFO - Epoch 877/1000, Loss: 0.1102, Dice: 0.1035, MSE: 0.0222
2025-05-05 08:30:59 - INFO - Epoch 878/1000, Loss: 0.1029, Dice: 0.0958, MSE: 0.0235
2025-05-05 08:31:34 - INFO - Epoch 879/1000, Loss: 0.0993, Dice: 0.0918, MSE: 0.0251
2025-05-05 08:32:08 - INFO - Epoch 880/1000, Loss: 0.1112, Dice: 0.1048, MSE: 0.0212
2025-05-05 08:32:10 - INFO - 模型已保存至: epoch_880.pth
2025-05-05 08:32:44 - INFO - Epoch 881/1000, Loss: 0.1132, Dice: 0.1059, MSE: 0.0243
2025-05-05 08:33:19 - INFO - Epoch 882/1000, Loss: 0.0881, Dice: 0.0810, MSE: 0.0238
2025-05-05 08:33:53 - INFO - Epoch 883/1000, Loss: 0.0954, Dice: 0.0888, MSE: 0.0218
2025-05-05 08:34:27 - INFO - Epoch 884/1000, Loss: 0.0821, Dice: 0.0761, MSE: 0.0201
2025-05-05 08:35:02 - INFO - Epoch 885/1000, Loss: 0.0854, Dice: 0.0766, MSE: 0.0292
2025-05-05 08:35:36 - INFO - Epoch 886/1000, Loss: 0.0829, Dice: 0.0769, MSE: 0.0202
2025-05-05 08:36:11 - INFO - Epoch 887/1000, Loss: 0.0851, Dice: 0.0789, MSE: 0.0204
2025-05-05 08:36:46 - INFO - Epoch 888/1000, Loss: 0.0810, Dice: 0.0746, MSE: 0.0211
2025-05-05 08:37:21 - INFO - Epoch 889/1000, Loss: 0.0774, Dice: 0.0688, MSE: 0.0287
2025-05-05 08:37:56 - INFO - Epoch 890/1000, Loss: 0.0868, Dice: 0.0797, MSE: 0.0234
2025-05-05 08:38:30 - INFO - Epoch 891/1000, Loss: 0.0788, Dice: 0.0717, MSE: 0.0238
2025-05-05 08:39:05 - INFO - Epoch 892/1000, Loss: 0.0964, Dice: 0.0892, MSE: 0.0242
2025-05-05 08:39:40 - INFO - Epoch 893/1000, Loss: 0.0769, Dice: 0.0704, MSE: 0.0218
2025-05-05 08:40:14 - INFO - Epoch 894/1000, Loss: 0.0959, Dice: 0.0894, MSE: 0.0216
2025-05-05 08:40:49 - INFO - Epoch 895/1000, Loss: 0.0999, Dice: 0.0934, MSE: 0.0216
2025-05-05 08:41:23 - INFO - Epoch 896/1000, Loss: 0.0805, Dice: 0.0741, MSE: 0.0211
2025-05-05 08:41:58 - INFO - Epoch 897/1000, Loss: 0.0658, Dice: 0.0589, MSE: 0.0230
2025-05-05 08:42:32 - INFO - Epoch 898/1000, Loss: 0.0786, Dice: 0.0714, MSE: 0.0239
2025-05-05 08:43:07 - INFO - Epoch 899/1000, Loss: 0.0832, Dice: 0.0763, MSE: 0.0230
2025-05-05 08:43:42 - INFO - Epoch 900/1000, Loss: 0.0754, Dice: 0.0685, MSE: 0.0228
2025-05-05 08:43:43 - INFO - 模型已保存至: epoch_900.pth
2025-05-05 08:44:18 - INFO - Epoch 901/1000, Loss: 0.0714, Dice: 0.0648, MSE: 0.0220
2025-05-05 08:44:53 - INFO - Epoch 902/1000, Loss: 0.0752, Dice: 0.0689, MSE: 0.0212
2025-05-05 08:45:27 - INFO - Epoch 903/1000, Loss: 0.0736, Dice: 0.0663, MSE: 0.0245
2025-05-05 08:46:02 - INFO - Epoch 904/1000, Loss: 0.0755, Dice: 0.0692, MSE: 0.0210
2025-05-05 08:46:37 - INFO - Epoch 905/1000, Loss: 0.0670, Dice: 0.0607, MSE: 0.0210
2025-05-05 08:47:11 - INFO - Epoch 906/1000, Loss: 0.1250, Dice: 0.1183, MSE: 0.0223
2025-05-05 08:47:45 - INFO - Epoch 907/1000, Loss: 0.0661, Dice: 0.0594, MSE: 0.0226
2025-05-05 08:48:20 - INFO - Epoch 908/1000, Loss: 0.0744, Dice: 0.0674, MSE: 0.0235
2025-05-05 08:48:55 - INFO - Epoch 909/1000, Loss: 0.0694, Dice: 0.0623, MSE: 0.0237
2025-05-05 08:49:29 - INFO - Epoch 910/1000, Loss: 0.0662, Dice: 0.0588, MSE: 0.0246
2025-05-05 08:50:04 - INFO - Epoch 911/1000, Loss: 0.0741, Dice: 0.0681, MSE: 0.0199
2025-05-05 08:50:39 - INFO - Epoch 912/1000, Loss: 0.0698, Dice: 0.0631, MSE: 0.0225
2025-05-05 08:51:13 - INFO - Epoch 913/1000, Loss: 0.0670, Dice: 0.0607, MSE: 0.0207
2025-05-05 08:51:47 - INFO - Epoch 914/1000, Loss: 0.0902, Dice: 0.0838, MSE: 0.0213
2025-05-05 08:52:22 - INFO - Epoch 915/1000, Loss: 0.0724, Dice: 0.0656, MSE: 0.0227
2025-05-05 08:52:57 - INFO - Epoch 916/1000, Loss: 0.0775, Dice: 0.0704, MSE: 0.0237
2025-05-05 08:53:31 - INFO - Epoch 917/1000, Loss: 0.0660, Dice: 0.0596, MSE: 0.0214
2025-05-05 08:54:06 - INFO - Epoch 918/1000, Loss: 0.0689, Dice: 0.0623, MSE: 0.0218
2025-05-05 08:54:40 - INFO - Epoch 919/1000, Loss: 0.0749, Dice: 0.0682, MSE: 0.0224
2025-05-05 08:55:15 - INFO - Epoch 920/1000, Loss: 0.0767, Dice: 0.0704, MSE: 0.0211
2025-05-05 08:55:16 - INFO - 模型已保存至: epoch_920.pth
2025-05-05 08:55:51 - INFO - Epoch 921/1000, Loss: 0.0704, Dice: 0.0636, MSE: 0.0225
2025-05-05 08:56:25 - INFO - Epoch 922/1000, Loss: 0.0709, Dice: 0.0632, MSE: 0.0257
2025-05-05 08:57:00 - INFO - Epoch 923/1000, Loss: 0.0752, Dice: 0.0684, MSE: 0.0228
2025-05-05 08:57:34 - INFO - Epoch 924/1000, Loss: 0.0693, Dice: 0.0625, MSE: 0.0224
2025-05-05 08:58:09 - INFO - Epoch 925/1000, Loss: 0.0721, Dice: 0.0657, MSE: 0.0213
2025-05-05 08:58:44 - INFO - Epoch 926/1000, Loss: 0.0704, Dice: 0.0634, MSE: 0.0235
2025-05-05 08:59:18 - INFO - Epoch 927/1000, Loss: 0.0631, Dice: 0.0567, MSE: 0.0213
2025-05-05 08:59:53 - INFO - Epoch 928/1000, Loss: 0.0772, Dice: 0.0705, MSE: 0.0221
2025-05-05 09:00:27 - INFO - Epoch 929/1000, Loss: 0.0741, Dice: 0.0674, MSE: 0.0224
2025-05-05 09:01:02 - INFO - Epoch 930/1000, Loss: 0.0771, Dice: 0.0710, MSE: 0.0204
2025-05-05 09:01:36 - INFO - Epoch 931/1000, Loss: 0.0710, Dice: 0.0648, MSE: 0.0207
2025-05-05 09:02:11 - INFO - Epoch 932/1000, Loss: 0.0859, Dice: 0.0750, MSE: 0.0363
2025-05-05 09:02:45 - INFO - Epoch 933/1000, Loss: 0.0784, Dice: 0.0689, MSE: 0.0316
2025-05-05 09:03:20 - INFO - Epoch 934/1000, Loss: 0.0780, Dice: 0.0709, MSE: 0.0237
2025-05-05 09:03:55 - INFO - Epoch 935/1000, Loss: 0.0723, Dice: 0.0652, MSE: 0.0239
2025-05-05 09:04:29 - INFO - Epoch 936/1000, Loss: 0.0637, Dice: 0.0566, MSE: 0.0237
2025-05-05 09:05:04 - INFO - Epoch 937/1000, Loss: 0.0671, Dice: 0.0603, MSE: 0.0228
2025-05-05 09:05:39 - INFO - Epoch 938/1000, Loss: 0.0665, Dice: 0.0599, MSE: 0.0220
2025-05-05 09:06:13 - INFO - Epoch 939/1000, Loss: 0.0712, Dice: 0.0644, MSE: 0.0229
2025-05-05 09:06:48 - INFO - Epoch 940/1000, Loss: 0.0669, Dice: 0.0604, MSE: 0.0216
2025-05-05 09:06:50 - INFO - 模型已保存至: epoch_940.pth
2025-05-05 09:07:24 - INFO - Epoch 941/1000, Loss: 0.0780, Dice: 0.0718, MSE: 0.0208
2025-05-05 09:07:59 - INFO - Epoch 942/1000, Loss: 0.0600, Dice: 0.0537, MSE: 0.0212
2025-05-05 09:08:34 - INFO - Epoch 943/1000, Loss: 0.0667, Dice: 0.0604, MSE: 0.0209
2025-05-05 09:09:08 - INFO - Epoch 944/1000, Loss: 0.0585, Dice: 0.0522, MSE: 0.0210
2025-05-05 09:09:43 - INFO - Epoch 945/1000, Loss: 0.0673, Dice: 0.0609, MSE: 0.0212
2025-05-05 09:10:17 - INFO - Epoch 946/1000, Loss: 0.0631, Dice: 0.0557, MSE: 0.0246
2025-05-05 09:10:52 - INFO - Epoch 947/1000, Loss: 0.0703, Dice: 0.0623, MSE: 0.0266
2025-05-05 09:11:27 - INFO - Epoch 948/1000, Loss: 0.0723, Dice: 0.0652, MSE: 0.0238
2025-05-05 09:12:01 - INFO - Epoch 949/1000, Loss: 0.0656, Dice: 0.0590, MSE: 0.0222
2025-05-05 09:12:35 - INFO - Epoch 950/1000, Loss: 0.0625, Dice: 0.0560, MSE: 0.0218
2025-05-05 09:13:10 - INFO - Epoch 951/1000, Loss: 0.0732, Dice: 0.0657, MSE: 0.0248
2025-05-05 09:13:45 - INFO - Epoch 952/1000, Loss: 0.0837, Dice: 0.0764, MSE: 0.0242
2025-05-05 09:14:19 - INFO - Epoch 953/1000, Loss: 0.0952, Dice: 0.0883, MSE: 0.0230
2025-05-05 09:14:54 - INFO - Epoch 954/1000, Loss: 0.0766, Dice: 0.0698, MSE: 0.0229
2025-05-05 09:15:28 - INFO - Epoch 955/1000, Loss: 0.0851, Dice: 0.0773, MSE: 0.0261
2025-05-05 09:16:03 - INFO - Epoch 956/1000, Loss: 0.0887, Dice: 0.0799, MSE: 0.0296
2025-05-05 09:16:38 - INFO - Epoch 957/1000, Loss: 0.0833, Dice: 0.0759, MSE: 0.0246
2025-05-05 09:17:12 - INFO - Epoch 958/1000, Loss: 0.0781, Dice: 0.0705, MSE: 0.0252
2025-05-05 09:17:46 - INFO - Epoch 959/1000, Loss: 0.0654, Dice: 0.0592, MSE: 0.0207
2025-05-05 09:18:21 - INFO - Epoch 960/1000, Loss: 0.0688, Dice: 0.0602, MSE: 0.0289
2025-05-05 09:18:23 - INFO - 模型已保存至: epoch_960.pth
2025-05-05 09:18:57 - INFO - Epoch 961/1000, Loss: 0.0670, Dice: 0.0601, MSE: 0.0230
2025-05-05 09:19:32 - INFO - Epoch 962/1000, Loss: 0.0696, Dice: 0.0615, MSE: 0.0271
2025-05-05 09:20:07 - INFO - Epoch 963/1000, Loss: 0.0749, Dice: 0.0677, MSE: 0.0242
2025-05-05 09:20:41 - INFO - Epoch 964/1000, Loss: 0.0708, Dice: 0.0625, MSE: 0.0278
2025-05-05 09:21:16 - INFO - Epoch 965/1000, Loss: 0.0785, Dice: 0.0709, MSE: 0.0253
2025-05-05 09:21:50 - INFO - Epoch 966/1000, Loss: 0.0647, Dice: 0.0576, MSE: 0.0239
2025-05-05 09:22:25 - INFO - Epoch 967/1000, Loss: 0.0611, Dice: 0.0542, MSE: 0.0230
2025-05-05 09:23:00 - INFO - Epoch 968/1000, Loss: 0.0677, Dice: 0.0609, MSE: 0.0226
2025-05-05 09:23:34 - INFO - Epoch 969/1000, Loss: 0.0634, Dice: 0.0561, MSE: 0.0242
2025-05-05 09:24:09 - INFO - Epoch 970/1000, Loss: 0.0687, Dice: 0.0619, MSE: 0.0226
2025-05-05 09:24:43 - INFO - Epoch 971/1000, Loss: 0.0581, Dice: 0.0510, MSE: 0.0234
2025-05-05 09:25:18 - INFO - Epoch 972/1000, Loss: 0.0781, Dice: 0.0716, MSE: 0.0220
2025-05-05 09:25:52 - INFO - Epoch 973/1000, Loss: 0.0653, Dice: 0.0578, MSE: 0.0249
2025-05-05 09:26:27 - INFO - Epoch 974/1000, Loss: 0.0671, Dice: 0.0595, MSE: 0.0253
2025-05-05 09:27:02 - INFO - Epoch 975/1000, Loss: 0.0863, Dice: 0.0792, MSE: 0.0237
2025-05-05 09:27:36 - INFO - Epoch 976/1000, Loss: 0.0728, Dice: 0.0659, MSE: 0.0233
2025-05-05 09:28:11 - INFO - Epoch 977/1000, Loss: 0.0675, Dice: 0.0591, MSE: 0.0279
2025-05-05 09:28:45 - INFO - Epoch 978/1000, Loss: 0.0681, Dice: 0.0603, MSE: 0.0260
2025-05-05 09:29:20 - INFO - Epoch 979/1000, Loss: 0.0640, Dice: 0.0560, MSE: 0.0264
2025-05-05 09:29:55 - INFO - Epoch 980/1000, Loss: 0.0673, Dice: 0.0592, MSE: 0.0268
2025-05-05 09:29:56 - INFO - 模型已保存至: epoch_980.pth
2025-05-05 09:30:31 - INFO - Epoch 981/1000, Loss: 0.0668, Dice: 0.0591, MSE: 0.0256
2025-05-05 09:31:05 - INFO - Epoch 982/1000, Loss: 0.0729, Dice: 0.0656, MSE: 0.0245
2025-05-05 09:31:40 - INFO - Epoch 983/1000, Loss: 0.0596, Dice: 0.0523, MSE: 0.0243
2025-05-05 09:32:14 - INFO - Epoch 984/1000, Loss: 0.0724, Dice: 0.0651, MSE: 0.0244
2025-05-05 09:32:49 - INFO - Epoch 985/1000, Loss: 0.0616, Dice: 0.0552, MSE: 0.0211
2025-05-05 09:33:23 - INFO - Epoch 986/1000, Loss: 0.0714, Dice: 0.0644, MSE: 0.0233
2025-05-05 09:33:58 - INFO - Epoch 987/1000, Loss: 0.0655, Dice: 0.0581, MSE: 0.0247
2025-05-05 09:34:33 - INFO - Epoch 988/1000, Loss: 0.0683, Dice: 0.0613, MSE: 0.0232
2025-05-05 09:35:07 - INFO - Epoch 989/1000, Loss: 0.0557, Dice: 0.0488, MSE: 0.0229
2025-05-05 09:35:42 - INFO - Epoch 990/1000, Loss: 0.0704, Dice: 0.0634, MSE: 0.0233
2025-05-05 09:36:17 - INFO - Epoch 991/1000, Loss: 0.0597, Dice: 0.0527, MSE: 0.0234
2025-05-05 09:36:51 - INFO - Epoch 992/1000, Loss: 0.0738, Dice: 0.0671, MSE: 0.0225
2025-05-05 09:37:26 - INFO - Epoch 993/1000, Loss: 0.0752, Dice: 0.0686, MSE: 0.0223
2025-05-05 09:38:00 - INFO - Epoch 994/1000, Loss: 0.0672, Dice: 0.0602, MSE: 0.0233
2025-05-05 09:38:35 - INFO - Epoch 995/1000, Loss: 0.0639, Dice: 0.0574, MSE: 0.0217
2025-05-05 09:39:10 - INFO - Epoch 996/1000, Loss: 0.0692, Dice: 0.0610, MSE: 0.0273
2025-05-05 09:39:44 - INFO - Epoch 997/1000, Loss: 0.0687, Dice: 0.0621, MSE: 0.0222
2025-05-05 09:40:19 - INFO - Epoch 998/1000, Loss: 0.0618, Dice: 0.0545, MSE: 0.0245
2025-05-05 09:40:53 - INFO - Epoch 999/1000, Loss: 0.0610, Dice: 0.0542, MSE: 0.0230
2025-05-05 09:41:28 - INFO - Epoch 1000/1000, Loss: 0.0769, Dice: 0.0703, MSE: 0.0220
2025-05-05 09:41:29 - INFO - 模型已保存至: epoch_1000.pth
2025-05-05 09:41:29 - INFO - 训练完成！
