This is pdfTeX, Version 3.141592653-2.6-1.40.26 (TeX Live 2024) (preloaded format=pdflatex 2024.10.23)  25 JUN 2025 21:33
entering extended mode
 restricted \write18 enabled.
 file:line:error style messages enabled.
 %&-line parsing enabled.
**sn-article
(./sn-article.tex
LaTeX2e <2023-11-01> patch level 1
L3 programming layer <2024-02-20>
(/samba/program/texlive/texmf-dist/tex/latex/amscls/amsthm.sty
Package: amsthm 2020/05/29 v2.20.6
\thm@style=\toks17
\thm@bodyfont=\toks18
\thm@headfont=\toks19
\thm@notefont=\toks20
\thm@headpunct=\toks21
\thm@preskip=\skip48
\thm@postskip=\skip49
\thm@headsep=\skip50
\dth@everypar=\toks22
) (./sn-jnl.cls
Document Class: sn-jnl 2019/11/18 v0.1: An authoring template for Springer Journal articles
(/samba/program/texlive/texmf-dist/tex/latex/base/article.cls
Document Class: article 2023/05/17 v1.4n Standard LaTeX document class
(/samba/program/texlive/texmf-dist/tex/latex/base/fleqn.clo
File: fleqn.clo 2016/12/29 v1.2b Standard LaTeX option (flush left equations)
\mathindent=\skip51
Applying: [2015/01/01] Make \[ robust on input line 50.
LaTeX Info: Redefining \[ on input line 51.
Already applied: [0000/00/00] Make \[ robust on input line 62.
Applying: [2015/01/01] Make \] robust on input line 74.
LaTeX Info: Redefining \] on input line 75.
Already applied: [0000/00/00] Make \] robust on input line 83.
) (/samba/program/texlive/texmf-dist/tex/latex/base/size10.clo
File: size10.clo 2023/05/17 v1.4n Standard LaTeX file (size option)
)
\c@part=\count188
\c@section=\count189
\c@subsection=\count190
\c@subsubsection=\count191
\c@paragraph=\count192
\c@subparagraph=\count193
\c@figure=\count194
\c@table=\count195
\abovecaptionskip=\skip52
\belowcaptionskip=\skip53
\bibindent=\dimen140
)
LaTeX Info: Redefining \rm on input line 145.
LaTeX Info: Redefining \sf on input line 146.
LaTeX Info: Redefining \tt on input line 147.
LaTeX Info: Redefining \bf on input line 148.
LaTeX Info: Redefining \it on input line 149.
LaTeX Info: Redefining \sl on input line 150.
LaTeX Info: Redefining \sc on input line 151.
LaTeX Info: Redefining \cal on input line 152.
LaTeX Info: Redefining \mit on input line 153.
LaTeX Info: Redefining \textsubscript on input line 211.
\columnhsize=\skip54
 (/samba/program/texlive/texmf-dist/tex/latex/geometry/geometry.sty
Package: geometry 2020/01/02 v5.9 Page Geometry
 (/samba/program/texlive/texmf-dist/tex/latex/graphics/keyval.sty
Package: keyval 2022/05/29 v1.15 key=value parser (DPC)
\KV@toks@=\toks23
) (/samba/program/texlive/texmf-dist/tex/generic/iftex/ifvtex.sty
Package: ifvtex 2019/10/25 v1.7 ifvtex legacy package. Use iftex instead.
 (/samba/program/texlive/texmf-dist/tex/generic/iftex/iftex.sty
Package: iftex 2022/02/03 v1.0f TeX engine tests
))
\Gm@cnth=\count196
\Gm@cntv=\count197
\c@Gm@tempcnt=\count198
\Gm@bindingoffset=\dimen141
\Gm@wd@mp=\dimen142
\Gm@odd@mp=\dimen143
\Gm@even@mp=\dimen144
\Gm@layoutwidth=\dimen145
\Gm@layoutheight=\dimen146
\Gm@layouthoffset=\dimen147
\Gm@layoutvoffset=\dimen148
\Gm@dimlist=\toks24
)
\artcatbox=\box51
\aucount=\count199
\corraucount=\count266
\punctcount=\count267
\emailcnt=\count268
\c@affn=\count269
\addcount=\count270
\PacsCount=\count271
\PacsTmpCnt=\count272
\FMremarkdim=\dimen149
\fmremarkbox=\box52
 (/samba/program/texlive/texmf-dist/tex/latex/sttools/cuted.sty
Package: cuted 2021/10/04 v2.0 Mixing onecolumn and twocolumn modes
\At@ViperColsBreak=\toks25
\preCutedStrip=\toks26
\postCutedStrip=\toks27
\cuted@@tempbox@a=\box53
\cuted@@tempbox@c=\box54
\cuted@@tempbox@var=\box55
\hold@viper=\box56
\@viper=\box57
\cuted@@varbox@a=\box58
\cuted@@varbox@c=\box59
\cuted@@tempdim@spread=\dimen150
\cuted@@tempdim@a=\dimen151
\cuted@@tempdim@b=\dimen152
\ht@hold@viper=\dimen153
\ht@viper=\dimen154
\var@@pagediscards@ht=\dimen155
\stripsep=\skip55
\viper@penalty=\count273
)
\firstpagehtcheck=\dimen156
\labelwidthi=\dimen157
\labelwidthii=\dimen158
\labelwidthiii=\dimen159
\labelwidthiv=\dimen160
\figwidth=\dimen161
\figheight=\dimen162
\sidecapwidth=\dimen163
\wrapcapline=\dimen164
\totalwrapline=\dimen165
\wraptotline=\dimen166
\figurebox=\box60
\wrapfigcapbox=\box61
\figcapbox=\box62
\capbox=\box63
\headwidthskip=\skip56
\tabcapbox=\box64
\temptbox=\box65
\tempdime=\dimen167
\tabhtdime=\dimen168
 (/samba/program/texlive/texmf-dist/tex/latex/graphics/rotating.sty
Package: rotating 2016/08/11 v2.16d rotated objects in LaTeX
 (/samba/program/texlive/texmf-dist/tex/latex/graphics/graphicx.sty
Package: graphicx 2021/09/16 v1.2d Enhanced LaTeX Graphics (DPC,SPQR)
 (/samba/program/texlive/texmf-dist/tex/latex/graphics/graphics.sty
Package: graphics 2022/03/10 v1.4e Standard LaTeX Graphics (DPC,SPQR)
 (/samba/program/texlive/texmf-dist/tex/latex/graphics/trig.sty
Package: trig 2021/08/11 v1.11 sin cos tan (DPC)
) (/samba/program/texlive/texmf-dist/tex/latex/graphics-cfg/graphics.cfg
File: graphics.cfg 2016/06/04 v1.11 sample graphics configuration
)
Package graphics Info: Driver file: pdftex.def on input line 107.
 (/samba/program/texlive/texmf-dist/tex/latex/graphics-def/pdftex.def
File: pdftex.def 2022/09/22 v1.2b Graphics/color driver for pdftex
))
\Gin@req@height=\dimen169
\Gin@req@width=\dimen170
) (/samba/program/texlive/texmf-dist/tex/latex/base/ifthen.sty
Package: ifthen 2022/04/13 v1.1d Standard LaTeX ifthen package (DPC)
)
\c@r@tfl@t=\count274
\rotFPtop=\skip57
\rotFPbot=\skip58
\rot@float@box=\box66
\rot@mess@toks=\toks28
) (/samba/program/texlive/texmf-dist/tex/latex/threeparttable/threeparttable.sty
Package: threeparttable 2003/06/13  v 3.0
\@tempboxb=\box67
) (/samba/program/texlive/texmf-dist/tex/latex/appendix/appendix.sty
Package: appendix 2020/02/08 v1.2c extra appendix facilities
\c@@pps=\count275
\c@@ppsavesec=\count276
\c@@ppsaveapp=\count277
) (/samba/program/texlive/texmf-dist/tex/latex/hyperref/hyperref.sty
Package: hyperref 2024-01-20 v7.01h Hypertext links for LaTeX
 (/samba/program/texlive/texmf-dist/tex/latex/kvsetkeys/kvsetkeys.sty
Package: kvsetkeys 2022-10-05 v1.19 Key value parser (HO)
) (/samba/program/texlive/texmf-dist/tex/generic/kvdefinekeys/kvdefinekeys.sty
Package: kvdefinekeys 2019-12-19 v1.6 Define keys (HO)
) (/samba/program/texlive/texmf-dist/tex/generic/pdfescape/pdfescape.sty
Package: pdfescape 2019/12/09 v1.15 Implements pdfTeX's escape features (HO)
 (/samba/program/texlive/texmf-dist/tex/generic/ltxcmds/ltxcmds.sty
Package: ltxcmds 2023-12-04 v1.26 LaTeX kernel commands for general use (HO)
) (/samba/program/texlive/texmf-dist/tex/generic/pdftexcmds/pdftexcmds.sty
Package: pdftexcmds 2020-06-27 v0.33 Utility functions of pdfTeX for LuaTeX (HO)
 (/samba/program/texlive/texmf-dist/tex/generic/infwarerr/infwarerr.sty
Package: infwarerr 2019/12/03 v1.5 Providing info/warning/error messages (HO)
)
Package pdftexcmds Info: \pdf@primitive is available.
Package pdftexcmds Info: \pdf@ifprimitive is available.
Package pdftexcmds Info: \pdfdraftmode found.
)) (/samba/program/texlive/texmf-dist/tex/latex/hycolor/hycolor.sty
Package: hycolor 2020-01-27 v1.10 Color options for hyperref/bookmark (HO)
) (/samba/program/texlive/texmf-dist/tex/latex/auxhook/auxhook.sty
Package: auxhook 2019-12-17 v1.6 Hooks for auxiliary files (HO)
) (/samba/program/texlive/texmf-dist/tex/latex/hyperref/nameref.sty
Package: nameref 2023-11-26 v2.56 Cross-referencing by name of section
 (/samba/program/texlive/texmf-dist/tex/latex/refcount/refcount.sty
Package: refcount 2019/12/15 v3.6 Data extraction from label references (HO)
) (/samba/program/texlive/texmf-dist/tex/generic/gettitlestring/gettitlestring.sty
Package: gettitlestring 2019/12/15 v1.6 Cleanup title references (HO)
 (/samba/program/texlive/texmf-dist/tex/latex/kvoptions/kvoptions.sty
Package: kvoptions 2022-06-15 v3.15 Key value format for package options (HO)
))
\c@section@level=\count278
) (/samba/program/texlive/texmf-dist/tex/latex/etoolbox/etoolbox.sty
Package: etoolbox 2020/10/05 v2.5k e-TeX tools for LaTeX (JAW)
\etb@tempcnta=\count279
)
\@linkdim=\dimen171
\Hy@linkcounter=\count280
\Hy@pagecounter=\count281
 (/samba/program/texlive/texmf-dist/tex/latex/hyperref/pd1enc.def
File: pd1enc.def 2024-01-20 v7.01h Hyperref: PDFDocEncoding definition (HO)
Now handling font encoding PD1 ...
... no UTF-8 mapping file for font encoding PD1
) (/samba/program/texlive/texmf-dist/tex/generic/intcalc/intcalc.sty
Package: intcalc 2019/12/15 v1.3 Expandable calculations with integers (HO)
)
\Hy@SavedSpaceFactor=\count282
 (/samba/program/texlive/texmf-dist/tex/latex/hyperref/puenc.def
File: puenc.def 2024-01-20 v7.01h Hyperref: PDF Unicode definition (HO)
Now handling font encoding PU ...
... no UTF-8 mapping file for font encoding PU
)
Package hyperref Info: Hyper figures OFF on input line 4179.
Package hyperref Info: Link nesting OFF on input line 4184.
Package hyperref Info: Hyper index ON on input line 4187.
Package hyperref Info: Plain pages OFF on input line 4194.
Package hyperref Info: Backreferencing OFF on input line 4199.
Package hyperref Info: Implicit mode ON; LaTeX internals redefined.
Package hyperref Info: Bookmarks ON on input line 4446.
\c@Hy@tempcnt=\count283
 (/samba/program/texlive/texmf-dist/tex/latex/url/url.sty
\Urlmuskip=\muskip16
Package: url 2013/09/16  ver 3.4  Verb mode for urls, etc.
)
LaTeX Info: Redefining \url on input line 4784.
\XeTeXLinkMargin=\dimen172
 (/samba/program/texlive/texmf-dist/tex/generic/bitset/bitset.sty
Package: bitset 2019/12/09 v1.3 Handle bit-vector datatype (HO)
 (/samba/program/texlive/texmf-dist/tex/generic/bigintcalc/bigintcalc.sty
Package: bigintcalc 2019/12/15 v1.5 Expandable calculations on big integers (HO)
))
\Fld@menulength=\count284
\Field@Width=\dimen173
\Fld@charsize=\dimen174
Package hyperref Info: Hyper figures OFF on input line 6063.
Package hyperref Info: Link nesting OFF on input line 6068.
Package hyperref Info: Hyper index ON on input line 6071.
Package hyperref Info: backreferencing OFF on input line 6078.
Package hyperref Info: Link coloring OFF on input line 6083.
Package hyperref Info: Link coloring with OCG OFF on input line 6088.
Package hyperref Info: PDF/A mode OFF on input line 6093.
 (/samba/program/texlive/texmf-dist/tex/latex/base/atbegshi-ltx.sty
Package: atbegshi-ltx 2021/01/10 v1.0c Emulation of the original atbegshi
package with kernel methods
)
\Hy@abspage=\count285
\c@Item=\count286
\c@Hfootnote=\count287
)
Package hyperref Info: Driver (autodetected): hpdftex.
 (/samba/program/texlive/texmf-dist/tex/latex/hyperref/hpdftex.def
File: hpdftex.def 2024-01-20 v7.01h Hyperref driver for pdfTeX
 (/samba/program/texlive/texmf-dist/tex/latex/base/atveryend-ltx.sty
Package: atveryend-ltx 2020/08/19 v1.0a Emulation of the original atveryend package
with kernel methods
)
\Fld@listcount=\count288
\c@bookmark@seq@number=\count289
 (/samba/program/texlive/texmf-dist/tex/latex/rerunfilecheck/rerunfilecheck.sty
Package: rerunfilecheck 2022-07-10 v1.10 Rerun checks for auxiliary files (HO)
 (/samba/program/texlive/texmf-dist/tex/generic/uniquecounter/uniquecounter.sty
Package: uniquecounter 2019/12/15 v1.4 Provide unlimited unique counter (HO)
)
Package uniquecounter Info: New unique counter `rerunfilecheck' on input line 285.
)
\Hy@SectionHShift=\skip59
) (/samba/program/texlive/texmf-dist/tex/latex/breakurl/breakurl.sty
Package: breakurl 2013/04/10 v1.40 Breakable hyperref URLs
 (/samba/program/texlive/texmf-dist/tex/latex/xkeyval/xkeyval.sty
Package: xkeyval 2022/06/16 v2.9 package option processing (HA)
 (/samba/program/texlive/texmf-dist/tex/generic/xkeyval/xkeyval.tex (/samba/program/texlive/texmf-dist/tex/generic/xkeyval/xkvutils.tex
\XKV@toks=\toks29
\XKV@tempa@toks=\toks30
)
\XKV@depth=\count290
File: xkeyval.tex 2014/12/03 v2.7a key=value parser (HA)
)) (/samba/program/texlive/texmf-dist/tex/generic/iftex/ifpdf.sty
Package: ifpdf 2019/10/25 v3.4 ifpdf legacy package. Use iftex instead.
)

Package breakurl Warning: You are using breakurl while processing via pdflatex.
(breakurl)                \burl will be just a synonym of \url.
(breakurl)                 on input line 48.

)
Package hyperref Info: Option `colorlinks' set `true' on input line 1468.
Package hyperref Info: Option `breaklinks' set `true' on input line 1468.
Package hyperref Info: Option `plainpages' set `false' on input line 1468.
Package hyperref Info: Option `bookmarksopen' set `true' on input line 1468.
Package hyperref Info: Option `bookmarksnumbered' set `false' on input line 1468.
 (/samba/program/texlive/texmf-dist/tex/latex/wrapfig/wrapfig.sty
\wrapoverhang=\dimen175
\WF@size=\dimen176
\c@WF@wrappedlines=\count291
\WF@box=\box68
\WF@everypar=\toks31
Package: wrapfig 2003/01/31  v 3.6
)
\wraplines=\count292
\@authorfigbox=\box69
\@authorfigboxdim=\skip60
\biofigadjskip=\skip61
 (/samba/program/texlive/texmf-dist/tex/latex/natbib/natbib.sty
Package: natbib 2010/09/13 8.31b (PWD, AO)
\bibhang=\skip62
\bibsep=\skip63
LaTeX Info: Redefining \cite on input line 694.
\c@NAT@ctr=\count293
)) (/samba/program/texlive/texmf-dist/tex/latex/multirow/multirow.sty
Package: multirow 2021/03/15 v2.8 Span multiple rows of a table
\multirow@colwidth=\skip64
\multirow@cntb=\count294
\multirow@dima=\skip65
\bigstrutjot=\dimen177
) (/samba/program/texlive/texmf-dist/tex/latex/amsmath/amsmath.sty
Package: amsmath 2024/11/05 v2.17t AMS math features
\@mathmargin=\skip66

For additional information on amsmath, use the `?' option.
(/samba/program/texlive/texmf-dist/tex/latex/amsmath/amstext.sty
Package: amstext 2021/08/26 v2.01 AMS text
 (/samba/program/texlive/texmf-dist/tex/latex/amsmath/amsgen.sty
File: amsgen.sty 1999/11/30 v2.0 generic functions
\@emptytoks=\toks32
\ex@=\dimen178
)) (/samba/program/texlive/texmf-dist/tex/latex/amsmath/amsbsy.sty
Package: amsbsy 1999/11/29 v1.2d Bold Symbols
\pmbraise@=\dimen179
) (/samba/program/texlive/texmf-dist/tex/latex/amsmath/amsopn.sty
Package: amsopn 2022/04/08 v2.04 operator names
)
\inf@bad=\count295
LaTeX Info: Redefining \frac on input line 233.
\uproot@=\count296
\leftroot@=\count297
LaTeX Info: Redefining \overline on input line 398.
LaTeX Info: Redefining \colon on input line 409.
\classnum@=\count298
\DOTSCASE@=\count299
LaTeX Info: Redefining \ldots on input line 495.
LaTeX Info: Redefining \dots on input line 498.
LaTeX Info: Redefining \cdots on input line 619.
\Mathstrutbox@=\box70
\strutbox@=\box71
LaTeX Info: Redefining \big on input line 721.
LaTeX Info: Redefining \Big on input line 722.
LaTeX Info: Redefining \bigg on input line 723.
LaTeX Info: Redefining \Bigg on input line 724.
\big@size=\dimen180
LaTeX Font Info:    Redeclaring font encoding OML on input line 742.
LaTeX Font Info:    Redeclaring font encoding OMS on input line 743.
\macc@depth=\count300
LaTeX Info: Redefining \bmod on input line 904.
LaTeX Info: Redefining \pmod on input line 909.
LaTeX Info: Redefining \smash on input line 939.
LaTeX Info: Redefining \relbar on input line 969.
LaTeX Info: Redefining \Relbar on input line 970.
\c@MaxMatrixCols=\count301
\dotsspace@=\muskip17
\c@parentequation=\count302
\dspbrk@lvl=\count303
\tag@help=\toks33
\row@=\count304
\column@=\count305
\maxfields@=\count306
\andhelp@=\toks34
\eqnshift@=\dimen181
\alignsep@=\dimen182
\tagshift@=\dimen183
\tagwidth@=\dimen184
\totwidth@=\dimen185
\lineht@=\dimen186
\@envbody=\toks35
\multlinegap=\skip67
\multlinetaggap=\skip68
\mathdisplay@stack=\toks36
LaTeX Info: Redefining \[ on input line 2953.
LaTeX Info: Redefining \] on input line 2954.
) (/samba/program/texlive/texmf-dist/tex/latex/amsfonts/amssymb.sty
Package: amssymb 2013/01/14 v3.01 AMS font symbols
 (/samba/program/texlive/texmf-dist/tex/latex/amsfonts/amsfonts.sty
Package: amsfonts 2013/01/14 v3.01 Basic AMSFonts support
\symAMSa=\mathgroup4
\symAMSb=\mathgroup5
LaTeX Font Info:    Redeclaring math symbol \hbar on input line 98.
LaTeX Font Info:    Overwriting math alphabet `\mathfrak' in version `bold'
(Font)                  U/euf/m/n --> U/euf/b/n on input line 106.
)) (/samba/program/texlive/texmf-dist/tex/latex/jknapltx/mathrsfs.sty
Package: mathrsfs 1996/01/01 Math RSFS package v1.0 (jk)
\symrsfs=\mathgroup6
) (/samba/program/texlive/texmf-dist/tex/latex/xcolor/xcolor.sty
Package: xcolor 2023/11/15 v3.01 LaTeX color extensions (UK)
 (/samba/program/texlive/texmf-dist/tex/latex/graphics-cfg/color.cfg
File: color.cfg 2016/01/02 v1.6 sample color configuration
)
Package xcolor Info: Driver file: pdftex.def on input line 274.
 (/samba/program/texlive/texmf-dist/tex/latex/graphics/mathcolor.ltx)
Package xcolor Info: Model `cmy' substituted by `cmy0' on input line 1350.
Package xcolor Info: Model `hsb' substituted by `rgb' on input line 1354.
Package xcolor Info: Model `RGB' extended on input line 1366.
Package xcolor Info: Model `HTML' substituted by `rgb' on input line 1368.
Package xcolor Info: Model `Hsb' substituted by `hsb' on input line 1369.
Package xcolor Info: Model `tHsb' substituted by `hsb' on input line 1370.
Package xcolor Info: Model `HSB' substituted by `hsb' on input line 1371.
Package xcolor Info: Model `Gray' substituted by `gray' on input line 1372.
Package xcolor Info: Model `wave' substituted by `hsb' on input line 1373.
) (/samba/program/texlive/texmf-dist/tex/latex/base/textcomp.sty
Package: textcomp 2020/02/02 v2.0n Standard LaTeX package
) (/samba/program/texlive/texmf-dist/tex/latex/ncctools/manyfoot.sty
Package: manyfoot 2019/08/03 v1.11 Many Footnote Levels Package (NCC)
 (/samba/program/texlive/texmf-dist/tex/latex/ncctools/nccfoots.sty
Package: nccfoots 2005/02/03 v1.2 NCC Footnotes Package (NCC)
)
\MFL@columnwidth=\dimen187
) (/samba/program/texlive/texmf-dist/tex/latex/booktabs/booktabs.sty
Package: booktabs 2020/01/12 v1.61803398 Publication quality tables
\heavyrulewidth=\dimen188
\lightrulewidth=\dimen189
\cmidrulewidth=\dimen190
\belowrulesep=\dimen191
\belowbottomsep=\dimen192
\aboverulesep=\dimen193
\abovetopsep=\dimen194
\cmidrulesep=\dimen195
\cmidrulekern=\dimen196
\defaultaddspace=\dimen197
\@cmidla=\count307
\@cmidlb=\count308
\@aboverulesep=\dimen198
\@belowrulesep=\dimen199
\@thisruleclass=\count309
\@lastruleclass=\count310
\@thisrulewidth=\dimen256
) (/samba/program/texlive/texmf-dist/tex/latex/algorithms/algorithm.sty
Package: algorithm 2009/08/24 v0.1 Document Style `algorithm' - floating environment
 (/samba/program/texlive/texmf-dist/tex/latex/float/float.sty
Package: float 2001/11/08 v1.3d Float enhancements (AL)
\c@float@type=\count311
\float@exts=\toks37
\float@box=\box72
\@float@everytoks=\toks38
\@floatcapt=\box73
)
\@float@every@algorithm=\toks39
\c@algorithm=\count312
) (/samba/program/texlive/texmf-dist/tex/latex/algorithmicx/algorithmicx.sty
Package: algorithmicx 2005/04/27 v1.2 Algorithmicx

Document Style algorithmicx 1.2 - a greatly improved `algorithmic' style
\c@ALG@line=\count313
\c@ALG@rem=\count314
\c@ALG@nested=\count315
\ALG@tlm=\skip69
\ALG@thistlm=\skip70
\c@ALG@Lnr=\count316
\c@ALG@blocknr=\count317
\c@ALG@storecount=\count318
\c@ALG@tmpcounter=\count319
\ALG@tmplength=\skip71
) (/samba/program/texlive/texmf-dist/tex/latex/algorithmicx/algpseudocode.sty
Package: algpseudocode 

Document Style - pseudocode environments for use with the `algorithmicx' style
) (/samba/program/texlive/texmf-dist/tex/latex/listings/listings.sty
\lst@mode=\count320
\lst@gtempboxa=\box74
\lst@token=\toks40
\lst@length=\count321
\lst@currlwidth=\dimen257
\lst@column=\count322
\lst@pos=\count323
\lst@lostspace=\dimen258
\lst@width=\dimen259
\lst@newlines=\count324
\lst@lineno=\count325
\lst@maxwidth=\dimen260
 (/samba/program/texlive/texmf-dist/tex/latex/listings/lstpatch.sty
File: lstpatch.sty 2024/02/21 1.10 (Carsten Heinz)
) (/samba/program/texlive/texmf-dist/tex/latex/listings/lstmisc.sty
File: lstmisc.sty 2024/02/21 1.10 (Carsten Heinz)
\c@lstnumber=\count326
\lst@skipnumbers=\count327
\lst@framebox=\box75
) (/samba/program/texlive/texmf-dist/tex/latex/listings/listings.cfg
File: listings.cfg 2024/02/21 1.10 listings configuration
))
Package: listings 2024/02/21 1.10 (Carsten Heinz)
 (/samba/program/texlive/texmf-dist/tex/latex/caption/subcaption.sty
Package: subcaption 2023/07/28 v1.6b Sub-captions (AR)
 (/samba/program/texlive/texmf-dist/tex/latex/caption/caption.sty
Package: caption 2023/08/05 v3.6o Customizing captions (AR)
 (/samba/program/texlive/texmf-dist/tex/latex/caption/caption3.sty
Package: caption3 2023/07/31 v2.4d caption3 kernel (AR)
\caption@tempdima=\dimen261
\captionmargin=\dimen262
\caption@leftmargin=\dimen263
\caption@rightmargin=\dimen264
\caption@width=\dimen265
\caption@indent=\dimen266
\caption@parindent=\dimen267
\caption@hangindent=\dimen268
Package caption Info: Unknown document class (or package),
(caption)             standard defaults will be used.
Package caption Info: \@makecaption = \long macro:#1#2->\ifx \FigName \@captype \vskip \abovecaptionskip \@figurecaption {#1}{#2} \else \@tablecaption {#1}{#2} \vskip \belowcaptionskip \fi  on input line 1175.
)

Package caption Warning: Unknown document class (or package),
(caption)                standard defaults will be used.
See the caption package documentation for explanation.

\c@caption@flags=\count328
\c@continuedfloat=\count329
Package caption Info: float package is loaded.
Package caption Info: hyperref package is loaded.
Package caption Info: listings package is loaded.
Package caption Info: rotating package is loaded.
Package caption Info: threeparttable package is loaded.
Package caption Info: wrapfig package is loaded.
)
Package caption Info: New subtype `subfigure' on input line 238.
\c@subfigure=\count330
Package caption Info: New subtype `subtable' on input line 238.
\c@subtable=\count331
)
\c@theorem=\count332
\c@example=\count333
\c@remark=\count334
\c@definition=\count335
 (/samba/program/texlive/texmf-dist/tex/latex/l3backend/l3backend-pdftex.def
File: l3backend-pdftex.def 2024-02-20 L3 backend support: PDF output (pdfTeX)
\l__color_backend_stack_int=\count336
\l__pdf_internal_box=\box76
) (./sn-article.aux)
\openout1 = `sn-article.aux'.

LaTeX Font Info:    Checking defaults for OML/cmm/m/it on input line 33.
LaTeX Font Info:    ... okay on input line 33.
LaTeX Font Info:    Checking defaults for OMS/cmsy/m/n on input line 33.
LaTeX Font Info:    ... okay on input line 33.
LaTeX Font Info:    Checking defaults for OT1/cmr/m/n on input line 33.
LaTeX Font Info:    ... okay on input line 33.
LaTeX Font Info:    Checking defaults for T1/cmr/m/n on input line 33.
LaTeX Font Info:    ... okay on input line 33.
LaTeX Font Info:    Checking defaults for TS1/cmr/m/n on input line 33.
LaTeX Font Info:    ... okay on input line 33.
LaTeX Font Info:    Checking defaults for OMX/cmex/m/n on input line 33.
LaTeX Font Info:    ... okay on input line 33.
LaTeX Font Info:    Checking defaults for U/cmr/m/n on input line 33.
LaTeX Font Info:    ... okay on input line 33.
LaTeX Font Info:    Checking defaults for PD1/pdf/m/n on input line 33.
LaTeX Font Info:    ... okay on input line 33.
LaTeX Font Info:    Checking defaults for PU/pdf/m/n on input line 33.
LaTeX Font Info:    ... okay on input line 33.

*geometry* driver: auto-detecting
*geometry* detected driver: pdftex
*geometry* verbose mode - [ preamble ] result:
* driver: pdftex
* paper: custom
* layout: <same size as paper>
* layoutoffset:(h,v)=(0.0pt,0.0pt)
* bindingoffset: 17.07164pt
* modes: twoside 
* h-part:(L,W,R)=(83.37448pt, 372.0pt, 125.06175pt)
* v-part:(T,H,B)=(73.97716pt, 552.69478pt, 218.37491pt)
* \paperwidth=597.50787pt
* \paperheight=845.04684pt
* \textwidth=372.0pt
* \textheight=552.69478pt
* \oddsidemargin=28.17613pt
* \evensidemargin=52.79176pt
* \topmargin=-19.72638pt
* \headheight=5.5pt
* \headsep=15.93355pt
* \topskip=10.0pt
* \footskip=28.45274pt
* \marginparwidth=34.1433pt
* \marginparsep=14.22636pt
* \columnsep=14.22636pt
* \skip\footins=8.0pt plus 4.0pt
* \hoffset=0.0pt
* \voffset=0.0pt
* \mag=1000
* \@twocolumnfalse
* \@twosidetrue
* \@mparswitchtrue
* \@reversemargintrue
* (1in=72.27pt=25.4mm, 1cm=28.453pt)

(/samba/program/texlive/texmf-dist/tex/context/base/mkii/supp-pdf.mkii
[Loading MPS to PDF converter (version 2006.09.02).]
\scratchcounter=\count337
\scratchdimen=\dimen269
\scratchbox=\box77
\nofMPsegments=\count338
\nofMParguments=\count339
\everyMPshowfont=\toks41
\MPscratchCnt=\count340
\MPscratchDim=\dimen270
\MPnumerator=\count341
\makeMPintoPDFobject=\count342
\everyMPtoPDFconversion=\toks42
) (/samba/program/texlive/texmf-dist/tex/latex/epstopdf-pkg/epstopdf-base.sty
Package: epstopdf-base 2020-01-24 v2.11 Base part for package epstopdf
Package epstopdf-base Info: Redefining graphics rule for `.eps' on input line 485.
 (/samba/program/texlive/texmf-dist/tex/latex/latexconfig/epstopdf-sys.cfg
File: epstopdf-sys.cfg 2010/07/13 v1.3 Configuration of (r)epstopdf for TeX Live
))
LaTeX Info: Redefining \S on input line 33.
LaTeX Font Info:    Redeclaring symbol font `AMSa' on input line 33.
LaTeX Font Info:    Overwriting symbol font `AMSa' in version `normal'
(Font)                  U/msa/m/n --> U/msa/m/n on input line 33.
LaTeX Font Info:    Overwriting symbol font `AMSa' in version `bold'
(Font)                  U/msa/m/n --> U/msa/m/n on input line 33.
Package hyperref Info: Link coloring ON on input line 33.
 (./sn-article.out) (./sn-article.out)
\@outlinefile=\write3
\openout3 = `sn-article.out'.

\c@lstlisting=\count343
Package caption Info: Begin \AtBeginDocument code.
Package caption Info: End \AtBeginDocument code.
LaTeX Font Info:    Calculating math sizes for size <12.045> on input line 55.


LaTeX Font Warning: Font shape `OT1/cmr/bx/n' in size <8.43146> not available
(Font)              size <8> substituted on input line 55.


LaTeX Font Warning: Font shape `OML/cmm/b/it' in size <8.43146> not available
(Font)              size <8> substituted on input line 55.


LaTeX Font Warning: Font shape `OMS/cmsy/b/n' in size <8.43146> not available
(Font)              size <8> substituted on input line 55.

LaTeX Font Info:    Trying to load font information for U+msa on input line 55.
(/samba/program/texlive/texmf-dist/tex/latex/amsfonts/umsa.fd
File: umsa.fd 2013/01/14 v3.01 AMS symbols A
)
LaTeX Font Info:    Trying to load font information for U+msb on input line 55.
 (/samba/program/texlive/texmf-dist/tex/latex/amsfonts/umsb.fd
File: umsb.fd 2013/01/14 v3.01 AMS symbols B
)
LaTeX Font Info:    Trying to load font information for U+rsfs on input line 55.
 (/samba/program/texlive/texmf-dist/tex/latex/jknapltx/ursfs.fd
File: ursfs.fd 1998/03/24 rsfs font definition file (jk)
)

LaTeX Font Warning: Font shape `U/rsfs/m/n' in size <8.43146> not available
(Font)              size <8> substituted on input line 55.


LaTeX Font Warning: Font shape `OT1/cmr/m/n' in size <8.43146> not available
(Font)              size <8> substituted on input line 55.

LaTeX Font Info:    Calculating math sizes for size <11.04124> on input line 55.

LaTeX Font Warning: Font shape `OT1/cmr/bx/n' in size <5.52061> not available
(Font)              size <6> substituted on input line 55.


LaTeX Font Warning: Font shape `OML/cmm/b/it' in size <5.52061> not available
(Font)              size <6> substituted on input line 55.


LaTeX Font Warning: Font shape `OMS/cmsy/b/n' in size <5.52061> not available
(Font)              size <6> substituted on input line 55.


LaTeX Font Warning: Font shape `U/rsfs/m/n' in size <5.52061> not available
(Font)              size <6> substituted on input line 55.

LaTeX Font Info:    Calculating math sizes for size <10.03749> on input line 55.

Underfull \vbox (badness 10000) has occurred while \output is active []

 [1

{/samba/program/texlive/texmf-var/fonts/map/pdftex/updmap/pdftex.map}]
Underfull \vbox (badness 10000) has occurred while \output is active []

 [2]
Underfull \vbox (badness 10000) has occurred while \output is active []

 [3]

pdfTeX warning: pdflatex (file ./figure1.pdf): PDF inclusion: found PDF version <1.7>, but at most version <1.5> allowed
<figure1.pdf, id=149, 1121.14856pt x 680.5425pt>
File: figure1.pdf Graphic file (type pdf)
<use figure1.pdf>
Package pdftex.def Info: figure1.pdf  used on input line 135.
(pdftex.def)             Requested size: 372.0pt x 225.80505pt.


pdfTeX warning: pdflatex (file ./figure2.pdf): PDF inclusion: found PDF version <1.7>, but at most version <1.5> allowed
<figure2.pdf, id=153, 651.39355pt x 735.70856pt>
File: figure2.pdf Graphic file (type pdf)
<use figure2.pdf>
Package pdftex.def Info: figure2.pdf  used on input line 163.
(pdftex.def)             Requested size: 293.62137pt x 331.62024pt.

Underfull \vbox (badness 10000) has occurred while \output is active []

 [4]
Underfull \vbox (badness 10000) has occurred while \output is active []

 [5 <./figure1.pdf>]
Underfull \vbox (badness 10000) has occurred while \output is active []

 [6 <./figure2.pdf>]

pdfTeX warning: pdflatex (file ./figure3.pdf): PDF inclusion: found PDF version <1.7>, but at most version <1.5> allowed
<figure3.pdf, id=239, 645.37106pt x 812.07388pt>
File: figure3.pdf Graphic file (type pdf)
<use figure3.pdf>
Package pdftex.def Info: figure3.pdf  used on input line 240.
(pdftex.def)             Requested size: 263.54031pt x 331.62024pt.

Underfull \vbox (badness 10000) has occurred while \output is active []

 [7]
Underfull \vbox (badness 10000) has occurred while \output is active []

 [8 <./figure3.pdf>]

pdfTeX warning: pdflatex (file ./figure4.pdf): PDF inclusion: found PDF version <1.7>, but at most version <1.5> allowed
<figure4.pdf, id=281, 933.4875pt x 298.23419pt>
File: figure4.pdf Graphic file (type pdf)
<use figure4.pdf>
Package pdftex.def Info: figure4.pdf  used on input line 269.
(pdftex.def)             Requested size: 372.0pt x 118.8456pt.
LaTeX Font Info:    Calculating math sizes for size <8.03> on input line 292.

LaTeX Font Warning: Font shape `OT1/cmr/m/n' in size <4.015> not available
(Font)              size <5> substituted on input line 292.


LaTeX Font Warning: Font shape `OML/cmm/m/it' in size <4.015> not available
(Font)              size <5> substituted on input line 292.


LaTeX Font Warning: Font shape `OMS/cmsy/m/n' in size <4.015> not available
(Font)              size <5> substituted on input line 292.


LaTeX Font Warning: Font shape `U/rsfs/m/n' in size <4.015> not available
(Font)              size <5> substituted on input line 292.

LaTeX Font Info:    Trying to load font information for OMS+cmr on input line 296.
(/samba/program/texlive/texmf-dist/tex/latex/base/omscmr.fd
File: omscmr.fd 2023/04/13 v2.5m Standard LaTeX font definitions
)
LaTeX Font Info:    Font shape `OMS/cmr/m/n' in size <8.03> not available
(Font)              Font shape `OMS/cmsy/m/n' tried instead on input line 296.


LaTeX Warning: `h' float specifier changed to `ht'.


Underfull \vbox (badness 10000) has occurred while \output is active []

 [9 <./figure4.pdf>]
Underfull \vbox (badness 10000) has occurred while \output is active []

 [10]
Underfull \vbox (badness 10000) has occurred while \output is active []

 [11]
Underfull \vbox (badness 10000) has occurred while \output is active []

 [12]
<figure5.pdf, id=348, 867.24pt x 505.89pt>
File: figure5.pdf Graphic file (type pdf)
<use figure5.pdf>
Package pdftex.def Info: figure5.pdf  used on input line 448.
(pdftex.def)             Requested size: 372.0pt x 217.00354pt.
<figure6.pdf, id=350, 867.24pt x 505.89pt>
File: figure6.pdf Graphic file (type pdf)
<use figure6.pdf>
Package pdftex.def Info: figure6.pdf  used on input line 459.
(pdftex.def)             Requested size: 372.0pt x 217.00354pt.

Underfull \vbox (badness 10000) has occurred while \output is active []

 [13 <./figure5.pdf>]

LaTeX Warning: No positions in optional float specifier.
               Default added (so using `tbp') on input line 476.

<figure7.pdf, id=374, 1204.32993pt x 745.3911pt>
File: figure7.pdf Graphic file (type pdf)
<use figure7.pdf>
Package pdftex.def Info: figure7.pdf  used on input line 503.
(pdftex.def)             Requested size: 372.0pt x 230.23857pt.

LaTeX Warning: `h' float specifier changed to `ht'.


Underfull \vbox (badness 10000) has occurred while \output is active []

 [14 <./figure6.pdf>]
Underfull \vbox (badness 10000) has occurred while \output is active []

 [15]

LaTeX Warning: `h' float specifier changed to `ht'.

<figure8.pdf, id=410, 1190.64821pt x 745.3911pt>
File: figure8.pdf Graphic file (type pdf)
<use figure8.pdf>
Package pdftex.def Info: figure8.pdf  used on input line 557.
(pdftex.def)             Requested size: 372.0pt x 232.88864pt.

LaTeX Warning: `h' float specifier changed to `ht'.


Underfull \vbox (badness 10000) has occurred while \output is active []

 [16 <./figure7.pdf>]
Underfull \vbox (badness 10000) has occurred while \output is active []

 [17 <./figure8.pdf>]
<figure9.pdf, id=606, 361.35pt x 289.08pt>
File: figure9.pdf Graphic file (type pdf)
<use figure9.pdf>
Package pdftex.def Info: figure9.pdf  used on input line 590.
(pdftex.def)             Requested size: 182.28204pt x 145.82765pt.
<figure10.pdf, id=607, 361.35pt x 289.08pt>
File: figure10.pdf Graphic file (type pdf)
<use figure10.pdf>
Package pdftex.def Info: figure10.pdf  used on input line 596.
(pdftex.def)             Requested size: 182.28204pt x 145.82765pt.


LaTeX Warning: `h' float specifier changed to `ht'.


LaTeX Warning: `h' float specifier changed to `ht'.


Underfull \vbox (badness 10000) has occurred while \output is active []

 [18 <./figure9.pdf> <./figure10.pdf>]
<figure11.pdf, id=637, 1204.32993pt x 407.80615pt>
File: figure11.pdf Graphic file (type pdf)
<use figure11.pdf>
Package pdftex.def Info: figure11.pdf  used on input line 667.
(pdftex.def)             Requested size: 372.0pt x 125.96434pt.


LaTeX Warning: `h' float specifier changed to `ht'.


Underfull \vbox (badness 10000) has occurred while \output is active []

 [19] (./sn-article.bbl
Underfull \vbox (badness 10000) has occurred while \output is active []

 [20 <./figure11.pdf>]
Underfull \vbox (badness 10000) has occurred while \output is active []

 [21]
Underfull \hbox (badness 2790) in paragraph at lines 340--347
[]\OT1/cmr/m/n/10 Trockman, A., Kolter, J.Z.: Patches are all you need? arXiv preprint
 []


Underfull \vbox (badness 10000) has occurred while \output is active []

 [22])
Underfull \vbox (badness 10000) has occurred while \output is active []

 [23] (./sn-article.aux)
 ***********
LaTeX2e <2023-11-01> patch level 1
L3 programming layer <2024-02-20>
 ***********


LaTeX Font Warning: Size substitutions with differences
(Font)              up to 2.49063pt have occurred.

Package rerunfilecheck Info: File `sn-article.out' has not changed.
(rerunfilecheck)             Checksum: A10936A37B1804983201ACE24BBE98D6;2488.
 ) 
Here is how much of TeX's memory you used:
 16307 strings out of 474116
 254063 string characters out of 5748214
 1942187 words of memory out of 5000000
 38299 multiletter control sequences out of 15000+600000
 578099 words of font info for 120 fonts, out of 8000000 for 9000
 1151 hyphenation exceptions out of 8191
 90i,13n,131p,660b,668s stack positions out of 10000i,1000n,20000p,200000b,200000s
</samba/program/texlive/texmf-dist/fonts/type1/public/amsfonts/cmextra/cmbsy8.pfb></samba/program/texlive/texmf-dist/fonts/type1/public/amsfonts/cm/cmbx10.pfb></samba/program/texlive/texmf-dist/fonts/type1/public/amsfonts/cm/cmbx12.pfb></samba/program/texlive/texmf-dist/fonts/type1/public/amsfonts/cm/cmbx8.pfb></samba/program/texlive/texmf-dist/fonts/type1/public/amsfonts/cm/cmbx9.pfb></samba/program/texlive/texmf-dist/fonts/type1/public/amsfonts/cm/cmex10.pfb></samba/program/texlive/texmf-dist/fonts/type1/public/amsfonts/cm/cmmi10.pfb></samba/program/texlive/texmf-dist/fonts/type1/public/amsfonts/cm/cmmi7.pfb></samba/program/texlive/texmf-dist/fonts/type1/public/amsfonts/cm/cmr10.pfb></samba/program/texlive/texmf-dist/fonts/type1/public/amsfonts/cm/cmr12.pfb></samba/program/texlive/texmf-dist/fonts/type1/public/amsfonts/cm/cmr17.pfb></samba/program/texlive/texmf-dist/fonts/type1/public/amsfonts/cm/cmr5.pfb></samba/program/texlive/texmf-dist/fonts/type1/public/amsfonts/cm/cmr7.pfb></samba/program/texlive/texmf-dist/fonts/type1/public/amsfonts/cm/cmr8.pfb></samba/program/texlive/texmf-dist/fonts/type1/public/amsfonts/cm/cmr9.pfb></samba/program/texlive/texmf-dist/fonts/type1/public/amsfonts/cm/cmsy10.pfb></samba/program/texlive/texmf-dist/fonts/type1/public/amsfonts/cm/cmsy7.pfb></samba/program/texlive/texmf-dist/fonts/type1/public/amsfonts/cm/cmsy8.pfb></samba/program/texlive/texmf-dist/fonts/type1/public/amsfonts/cm/cmti10.pfb></samba/program/texlive/texmf-dist/fonts/type1/public/amsfonts/symbols/msbm10.pfb>
Output written on sn-article.pdf (23 pages, 19137332 bytes).
PDF statistics:
 839 PDF objects out of 1000 (max. 8388607)
 559 compressed objects within 6 object streams
 107 named destinations out of 1000 (max. 500000)
 208 words of extra memory for PDF output out of 10000 (max. 10000000)

