2025-07-14 00:51:12 - INFO - Logging is set up.
2025-07-14 00:51:12 - INFO - 
======================================== New DDP Training Session Started ========================================
2025-07-14 00:51:12 - INFO - Using 2 GPUs for training.
2025-07-14 00:51:12 - INFO - Training configuration:
{
  "seed": 42,
  "epochs": 600,
  "batch_size": 2,
  "learning_rate": 0.0001,
  "log_path": "./result/VNet_Multi_V4/LA_16/Training.log",
  "pth_path": "./result/VNet_Multi_V4/LA_16/Pth",
  "tensorboard_path": "./result/VNet_Multi_V4/LA_16/Train",
  "continue_train": false,
  "dataset_path": "./datasets/LA",
  "num_classes": 2,
  "training_num": 16,
  "patch_size": [
    112,
    112,
    80
  ]
}
2025-07-14 00:51:12 - INFO - Ensured model and TensorBoard directories exist.
2025-07-14 00:51:12 - INFO - Process started on device: cuda:0 with seed 42.
2025-07-14 00:51:12 - INFO - TensorBoard writer initialized at: ./result/VNet_Multi_V4/LA_16/Train/20250714-005112
2025-07-14 00:51:12 - INFO - Initializing dataset...
2025-07-14 00:51:12 - INFO - Dataset contains 16 samples.
2025-07-14 00:51:12 - INFO - DataLoader created with DistributedSampler. Batch size per GPU: 2.
2025-07-14 00:51:12 - INFO - Initializing VNet model...
2025-07-14 00:51:12 - INFO - Logging is set up.
2025-07-14 00:51:12 - INFO - Process started on device: cuda:1 with seed 42.
2025-07-14 00:51:12 - INFO - Initializing dataset...
2025-07-14 00:51:12 - INFO - Dataset contains 16 samples.
2025-07-14 00:51:12 - INFO - DataLoader created with DistributedSampler. Batch size per GPU: 2.
2025-07-14 00:51:12 - INFO - Initializing VNet model...
2025-07-14 00:51:12 - INFO - Model wrapped with DDP. `find_unused_parameters` is set to True for multi-output model.
2025-07-14 00:51:12 - INFO - Loss function: UnifiedLoss with λ_reg=0.3, weights=[1,1]
2025-07-14 00:51:12 - INFO - Optimizer: AdamW with LR=0.0001
2025-07-14 00:51:12 - INFO - Starting training from epoch 0 to 600...
2025-07-14 00:51:12 - INFO - Model wrapped with DDP. `find_unused_parameters` is set to True for multi-output model.
2025-07-14 00:51:28 - INFO - Epoch 1 finished. Average Training Loss: 1.9775
2025-07-14 00:51:30 - INFO - Epoch 2 finished. Average Training Loss: 1.6081
2025-07-14 00:51:32 - INFO - Epoch 3 finished. Average Training Loss: 1.6059
2025-07-14 00:51:33 - INFO - Epoch 4 finished. Average Training Loss: 1.3131
2025-07-14 00:51:35 - INFO - Epoch 5 finished. Average Training Loss: 1.4943
2025-07-14 00:51:37 - INFO - Epoch 6 finished. Average Training Loss: 1.3766
2025-07-14 00:51:38 - INFO - Epoch 7 finished. Average Training Loss: 1.2995
2025-07-14 00:51:40 - INFO - Epoch 8 finished. Average Training Loss: 1.3685
2025-07-14 00:51:42 - INFO - Epoch 9 finished. Average Training Loss: 1.2442
2025-07-14 00:51:43 - INFO - Epoch 10 finished. Average Training Loss: 1.3778
2025-07-14 00:51:45 - INFO - Epoch 11 finished. Average Training Loss: 1.2957
2025-07-14 00:51:47 - INFO - Epoch 12 finished. Average Training Loss: 1.2036
2025-07-14 00:51:48 - INFO - Epoch 13 finished. Average Training Loss: 1.2394
2025-07-14 00:51:50 - INFO - Epoch 14 finished. Average Training Loss: 1.1453
2025-07-14 00:51:52 - INFO - Epoch 15 finished. Average Training Loss: 1.1846
2025-07-14 00:51:53 - INFO - Epoch 16 finished. Average Training Loss: 1.1543
2025-07-14 00:51:55 - INFO - Epoch 17 finished. Average Training Loss: 1.0661
2025-07-14 00:51:57 - INFO - Epoch 18 finished. Average Training Loss: 1.0898
2025-07-14 00:51:59 - INFO - Epoch 19 finished. Average Training Loss: 1.0180
2025-07-14 00:52:00 - INFO - Epoch 20 finished. Average Training Loss: 1.1328
2025-07-14 00:52:00 - INFO - Saved checkpoint for epoch 20 to ./result/VNet_Multi_V4/LA_16/Pth/model_epoch_20.pth
2025-07-14 00:52:02 - INFO - Epoch 21 finished. Average Training Loss: 1.1079
2025-07-14 00:52:04 - INFO - Epoch 22 finished. Average Training Loss: 1.0840
2025-07-14 00:52:05 - INFO - Epoch 23 finished. Average Training Loss: 1.0333
2025-07-14 00:52:07 - INFO - Epoch 24 finished. Average Training Loss: 1.0219
2025-07-14 00:52:09 - INFO - Epoch 25 finished. Average Training Loss: 0.9655
2025-07-14 00:52:11 - INFO - Epoch 26 finished. Average Training Loss: 0.9382
2025-07-14 00:52:12 - INFO - Epoch 27 finished. Average Training Loss: 1.0012
2025-07-14 00:52:14 - INFO - Epoch 28 finished. Average Training Loss: 0.9334
2025-07-14 00:52:16 - INFO - Epoch 29 finished. Average Training Loss: 1.0132
2025-07-14 00:52:17 - INFO - Epoch 30 finished. Average Training Loss: 0.8781
2025-07-14 00:52:19 - INFO - Epoch 31 finished. Average Training Loss: 0.9830
2025-07-14 00:52:21 - INFO - Epoch 32 finished. Average Training Loss: 0.8914
2025-07-14 00:52:22 - INFO - Epoch 33 finished. Average Training Loss: 0.8923
2025-07-14 00:52:24 - INFO - Epoch 34 finished. Average Training Loss: 0.9681
2025-07-14 00:52:26 - INFO - Epoch 35 finished. Average Training Loss: 0.9194
2025-07-14 00:52:28 - INFO - Epoch 36 finished. Average Training Loss: 0.9641
2025-07-14 00:52:29 - INFO - Epoch 37 finished. Average Training Loss: 0.8682
2025-07-14 00:52:31 - INFO - Epoch 38 finished. Average Training Loss: 0.9232
2025-07-14 00:52:33 - INFO - Epoch 39 finished. Average Training Loss: 0.8753
2025-07-14 00:52:35 - INFO - Epoch 40 finished. Average Training Loss: 0.8660
2025-07-14 00:52:35 - INFO - Saved checkpoint for epoch 40 to ./result/VNet_Multi_V4/LA_16/Pth/model_epoch_40.pth
2025-07-14 00:52:36 - INFO - Epoch 41 finished. Average Training Loss: 0.8233
2025-07-14 00:52:38 - INFO - Epoch 42 finished. Average Training Loss: 0.8472
2025-07-14 00:52:40 - INFO - Epoch 43 finished. Average Training Loss: 0.7959
2025-07-14 00:52:41 - INFO - Epoch 44 finished. Average Training Loss: 0.8817
2025-07-14 00:52:43 - INFO - Epoch 45 finished. Average Training Loss: 0.9586
2025-07-14 00:52:45 - INFO - Epoch 46 finished. Average Training Loss: 0.8319
2025-07-14 00:52:47 - INFO - Epoch 47 finished. Average Training Loss: 0.9242
2025-07-14 00:52:48 - INFO - Epoch 48 finished. Average Training Loss: 0.9596
2025-07-14 00:52:50 - INFO - Epoch 49 finished. Average Training Loss: 0.8822
2025-07-14 00:52:52 - INFO - Epoch 50 finished. Average Training Loss: 0.8894
2025-07-14 00:52:53 - INFO - Epoch 51 finished. Average Training Loss: 0.9349
2025-07-14 00:52:55 - INFO - Epoch 52 finished. Average Training Loss: 0.8753
2025-07-14 00:52:57 - INFO - Epoch 53 finished. Average Training Loss: 0.9302
2025-07-14 00:52:59 - INFO - Epoch 54 finished. Average Training Loss: 0.8882
2025-07-14 00:53:00 - INFO - Epoch 55 finished. Average Training Loss: 0.8121
2025-07-14 00:53:02 - INFO - Epoch 56 finished. Average Training Loss: 0.7628
2025-07-14 00:53:04 - INFO - Epoch 57 finished. Average Training Loss: 0.8694
2025-07-14 00:53:06 - INFO - Epoch 58 finished. Average Training Loss: 0.7976
2025-07-14 00:53:07 - INFO - Epoch 59 finished. Average Training Loss: 0.6964
2025-07-14 00:53:09 - INFO - Epoch 60 finished. Average Training Loss: 0.9095
2025-07-14 00:53:09 - INFO - Saved checkpoint for epoch 60 to ./result/VNet_Multi_V4/LA_16/Pth/model_epoch_60.pth
2025-07-14 00:53:11 - INFO - Epoch 61 finished. Average Training Loss: 0.7645
2025-07-14 00:53:13 - INFO - Epoch 62 finished. Average Training Loss: 0.7845
2025-07-14 00:53:14 - INFO - Epoch 63 finished. Average Training Loss: 0.6698
2025-07-14 00:53:16 - INFO - Epoch 64 finished. Average Training Loss: 0.7745
2025-07-14 00:53:18 - INFO - Epoch 65 finished. Average Training Loss: 0.8106
2025-07-14 00:53:19 - INFO - Epoch 66 finished. Average Training Loss: 0.7802
2025-07-14 00:53:21 - INFO - Epoch 67 finished. Average Training Loss: 0.6864
2025-07-14 00:53:23 - INFO - Epoch 68 finished. Average Training Loss: 0.6662
2025-07-14 00:53:25 - INFO - Epoch 69 finished. Average Training Loss: 0.7609
2025-07-14 00:53:26 - INFO - Epoch 70 finished. Average Training Loss: 0.7558
2025-07-14 00:53:28 - INFO - Epoch 71 finished. Average Training Loss: 0.8319
2025-07-14 00:53:30 - INFO - Epoch 72 finished. Average Training Loss: 0.7254
2025-07-14 00:53:32 - INFO - Epoch 73 finished. Average Training Loss: 0.6914
2025-07-14 00:53:33 - INFO - Epoch 74 finished. Average Training Loss: 0.7622
2025-07-14 00:53:35 - INFO - Epoch 75 finished. Average Training Loss: 0.7024
2025-07-14 00:53:37 - INFO - Epoch 76 finished. Average Training Loss: 0.7431
2025-07-14 00:53:38 - INFO - Epoch 77 finished. Average Training Loss: 0.6938
2025-07-14 00:53:40 - INFO - Epoch 78 finished. Average Training Loss: 0.7595
2025-07-14 00:53:42 - INFO - Epoch 79 finished. Average Training Loss: 0.7492
2025-07-14 00:53:44 - INFO - Epoch 80 finished. Average Training Loss: 0.7758
2025-07-14 00:53:44 - INFO - Saved checkpoint for epoch 80 to ./result/VNet_Multi_V4/LA_16/Pth/model_epoch_80.pth
2025-07-14 00:53:45 - INFO - Epoch 81 finished. Average Training Loss: 0.6528
2025-07-14 00:53:47 - INFO - Epoch 82 finished. Average Training Loss: 0.6835
2025-07-14 00:53:49 - INFO - Epoch 83 finished. Average Training Loss: 0.6840
2025-07-14 00:53:51 - INFO - Epoch 84 finished. Average Training Loss: 0.8455
2025-07-14 00:53:52 - INFO - Epoch 85 finished. Average Training Loss: 0.7616
2025-07-14 00:53:54 - INFO - Epoch 86 finished. Average Training Loss: 0.8083
2025-07-14 00:53:56 - INFO - Epoch 87 finished. Average Training Loss: 0.7130
2025-07-14 00:53:58 - INFO - Epoch 88 finished. Average Training Loss: 0.7544
2025-07-14 00:53:59 - INFO - Epoch 89 finished. Average Training Loss: 0.5826
2025-07-14 00:54:01 - INFO - Epoch 90 finished. Average Training Loss: 0.7956
2025-07-14 00:54:03 - INFO - Epoch 91 finished. Average Training Loss: 0.7737
2025-07-14 00:54:04 - INFO - Epoch 92 finished. Average Training Loss: 0.6622
2025-07-14 00:54:06 - INFO - Epoch 93 finished. Average Training Loss: 0.6773
2025-07-14 00:54:08 - INFO - Epoch 94 finished. Average Training Loss: 0.6975
2025-07-14 00:54:10 - INFO - Epoch 95 finished. Average Training Loss: 0.6353
2025-07-14 00:54:11 - INFO - Epoch 96 finished. Average Training Loss: 0.7513
2025-07-14 00:54:13 - INFO - Epoch 97 finished. Average Training Loss: 0.6574
2025-07-14 00:54:15 - INFO - Epoch 98 finished. Average Training Loss: 0.8187
2025-07-14 00:54:16 - INFO - Epoch 99 finished. Average Training Loss: 0.6234
2025-07-14 00:54:18 - INFO - Epoch 100 finished. Average Training Loss: 0.7328
2025-07-14 00:54:18 - INFO - Saved checkpoint for epoch 100 to ./result/VNet_Multi_V4/LA_16/Pth/model_epoch_100.pth
2025-07-14 00:54:20 - INFO - Epoch 101 finished. Average Training Loss: 0.7955
2025-07-14 00:54:22 - INFO - Epoch 102 finished. Average Training Loss: 0.7999
2025-07-14 00:54:23 - INFO - Epoch 103 finished. Average Training Loss: 0.5983
2025-07-14 00:54:25 - INFO - Epoch 104 finished. Average Training Loss: 0.7048
2025-07-14 00:54:27 - INFO - Epoch 105 finished. Average Training Loss: 0.5793
2025-07-14 00:54:29 - INFO - Epoch 106 finished. Average Training Loss: 0.6790
2025-07-14 00:54:30 - INFO - Epoch 107 finished. Average Training Loss: 0.7127
2025-07-14 00:54:32 - INFO - Epoch 108 finished. Average Training Loss: 0.7249
2025-07-14 00:54:34 - INFO - Epoch 109 finished. Average Training Loss: 0.6949
2025-07-14 00:54:35 - INFO - Epoch 110 finished. Average Training Loss: 0.7591
2025-07-14 00:54:37 - INFO - Epoch 111 finished. Average Training Loss: 0.7614
2025-07-14 00:54:39 - INFO - Epoch 112 finished. Average Training Loss: 0.6206
2025-07-14 00:54:41 - INFO - Epoch 113 finished. Average Training Loss: 0.7431
2025-07-14 00:54:42 - INFO - Epoch 114 finished. Average Training Loss: 0.7064
2025-07-14 00:54:44 - INFO - Epoch 115 finished. Average Training Loss: 0.6698
2025-07-14 00:54:46 - INFO - Epoch 116 finished. Average Training Loss: 0.6333
2025-07-14 00:54:47 - INFO - Epoch 117 finished. Average Training Loss: 0.7050
2025-07-14 00:54:49 - INFO - Epoch 118 finished. Average Training Loss: 0.6042
2025-07-14 00:54:51 - INFO - Epoch 119 finished. Average Training Loss: 0.7106
2025-07-14 00:54:53 - INFO - Epoch 120 finished. Average Training Loss: 0.6305
2025-07-14 00:54:53 - INFO - Saved checkpoint for epoch 120 to ./result/VNet_Multi_V4/LA_16/Pth/model_epoch_120.pth
2025-07-14 00:54:55 - INFO - Epoch 121 finished. Average Training Loss: 0.6263
2025-07-14 00:54:56 - INFO - Epoch 122 finished. Average Training Loss: 0.6138
2025-07-14 00:54:58 - INFO - Epoch 123 finished. Average Training Loss: 0.7535
2025-07-14 00:55:00 - INFO - Epoch 124 finished. Average Training Loss: 0.4724
2025-07-14 00:55:01 - INFO - Epoch 125 finished. Average Training Loss: 0.6742
2025-07-14 00:55:03 - INFO - Epoch 126 finished. Average Training Loss: 0.6478
2025-07-14 00:55:05 - INFO - Epoch 127 finished. Average Training Loss: 0.6946
2025-07-14 00:55:07 - INFO - Epoch 128 finished. Average Training Loss: 0.7624
2025-07-14 00:55:08 - INFO - Epoch 129 finished. Average Training Loss: 0.6551
2025-07-14 00:55:10 - INFO - Epoch 130 finished. Average Training Loss: 0.5187
2025-07-14 00:55:12 - INFO - Epoch 131 finished. Average Training Loss: 0.6109
2025-07-14 00:55:14 - INFO - Epoch 132 finished. Average Training Loss: 0.5777
2025-07-14 00:55:15 - INFO - Epoch 133 finished. Average Training Loss: 0.7072
2025-07-14 00:55:17 - INFO - Epoch 134 finished. Average Training Loss: 0.5537
2025-07-14 00:55:19 - INFO - Epoch 135 finished. Average Training Loss: 0.5367
2025-07-14 00:55:21 - INFO - Epoch 136 finished. Average Training Loss: 0.6166
2025-07-14 00:55:22 - INFO - Epoch 137 finished. Average Training Loss: 0.7113
2025-07-14 00:55:24 - INFO - Epoch 138 finished. Average Training Loss: 0.5918
2025-07-14 00:55:26 - INFO - Epoch 139 finished. Average Training Loss: 0.6918
2025-07-14 00:55:29 - INFO - Epoch 140 finished. Average Training Loss: 0.6979
2025-07-14 00:55:29 - INFO - Saved checkpoint for epoch 140 to ./result/VNet_Multi_V4/LA_16/Pth/model_epoch_140.pth
2025-07-14 00:55:32 - INFO - Epoch 141 finished. Average Training Loss: 0.6056
2025-07-14 00:55:34 - INFO - Epoch 142 finished. Average Training Loss: 0.5704
2025-07-14 00:55:37 - INFO - Epoch 143 finished. Average Training Loss: 0.6991
2025-07-14 00:55:40 - INFO - Epoch 144 finished. Average Training Loss: 0.5872
2025-07-14 00:55:42 - INFO - Epoch 145 finished. Average Training Loss: 0.6260
2025-07-14 00:55:45 - INFO - Epoch 146 finished. Average Training Loss: 0.5547
2025-07-14 00:55:48 - INFO - Epoch 147 finished. Average Training Loss: 0.6940
2025-07-14 00:55:50 - INFO - Epoch 148 finished. Average Training Loss: 0.5287
2025-07-14 00:55:53 - INFO - Epoch 149 finished. Average Training Loss: 0.6113
2025-07-14 00:55:56 - INFO - Epoch 150 finished. Average Training Loss: 0.5425
2025-07-14 00:55:58 - INFO - Epoch 151 finished. Average Training Loss: 0.5241
2025-07-14 00:56:01 - INFO - Epoch 152 finished. Average Training Loss: 0.5565
2025-07-14 00:56:04 - INFO - Epoch 153 finished. Average Training Loss: 0.6611
2025-07-14 00:56:07 - INFO - Epoch 154 finished. Average Training Loss: 0.5498
2025-07-14 00:56:09 - INFO - Epoch 155 finished. Average Training Loss: 0.6215
2025-07-14 00:56:12 - INFO - Epoch 156 finished. Average Training Loss: 0.7056
2025-07-14 00:56:15 - INFO - Epoch 157 finished. Average Training Loss: 0.5186
2025-07-14 00:56:17 - INFO - Epoch 158 finished. Average Training Loss: 0.5651
2025-07-14 00:56:20 - INFO - Epoch 159 finished. Average Training Loss: 0.6334
2025-07-14 00:56:23 - INFO - Epoch 160 finished. Average Training Loss: 0.4702
2025-07-14 00:56:24 - INFO - Saved checkpoint for epoch 160 to ./result/VNet_Multi_V4/LA_16/Pth/model_epoch_160.pth
2025-07-14 00:56:26 - INFO - Epoch 161 finished. Average Training Loss: 0.5438
2025-07-14 00:56:29 - INFO - Epoch 162 finished. Average Training Loss: 0.5741
2025-07-14 00:56:32 - INFO - Epoch 163 finished. Average Training Loss: 0.6590
2025-07-14 00:56:34 - INFO - Epoch 164 finished. Average Training Loss: 0.4672
2025-07-14 00:56:37 - INFO - Epoch 165 finished. Average Training Loss: 0.5743
2025-07-14 00:56:40 - INFO - Epoch 166 finished. Average Training Loss: 0.4299
2025-07-14 00:56:43 - INFO - Epoch 167 finished. Average Training Loss: 0.6278
2025-07-14 00:56:46 - INFO - Epoch 168 finished. Average Training Loss: 0.6851
2025-07-14 00:56:49 - INFO - Epoch 169 finished. Average Training Loss: 0.4114
2025-07-14 00:56:51 - INFO - Epoch 170 finished. Average Training Loss: 0.5059
2025-07-14 00:56:54 - INFO - Epoch 171 finished. Average Training Loss: 0.6091
2025-07-14 00:56:57 - INFO - Epoch 172 finished. Average Training Loss: 0.4961
2025-07-14 00:57:00 - INFO - Epoch 173 finished. Average Training Loss: 0.6504
2025-07-14 00:57:02 - INFO - Epoch 174 finished. Average Training Loss: 0.6906
2025-07-14 00:57:05 - INFO - Epoch 175 finished. Average Training Loss: 0.6499
2025-07-14 00:57:08 - INFO - Epoch 176 finished. Average Training Loss: 0.7267
2025-07-14 00:57:10 - INFO - Epoch 177 finished. Average Training Loss: 0.6018
2025-07-14 00:57:13 - INFO - Epoch 178 finished. Average Training Loss: 0.5918
2025-07-14 00:57:16 - INFO - Epoch 179 finished. Average Training Loss: 0.5503
2025-07-14 00:57:18 - INFO - Epoch 180 finished. Average Training Loss: 0.5860
2025-07-14 00:57:18 - INFO - Saved checkpoint for epoch 180 to ./result/VNet_Multi_V4/LA_16/Pth/model_epoch_180.pth
2025-07-14 00:57:21 - INFO - Epoch 181 finished. Average Training Loss: 0.4889
2025-07-14 00:57:24 - INFO - Epoch 182 finished. Average Training Loss: 0.5440
2025-07-14 00:57:26 - INFO - Epoch 183 finished. Average Training Loss: 0.4733
2025-07-14 00:57:29 - INFO - Epoch 184 finished. Average Training Loss: 0.5212
2025-07-14 00:57:33 - INFO - Epoch 185 finished. Average Training Loss: 0.5085
2025-07-14 00:57:37 - INFO - Epoch 186 finished. Average Training Loss: 0.4025
2025-07-14 00:57:40 - INFO - Epoch 187 finished. Average Training Loss: 0.6528
2025-07-14 00:57:44 - INFO - Epoch 188 finished. Average Training Loss: 0.5400
2025-07-14 00:57:48 - INFO - Epoch 189 finished. Average Training Loss: 0.4792
2025-07-14 00:57:51 - INFO - Epoch 190 finished. Average Training Loss: 0.4427
2025-07-14 00:57:55 - INFO - Epoch 191 finished. Average Training Loss: 0.6162
2025-07-14 00:57:59 - INFO - Epoch 192 finished. Average Training Loss: 0.4959
2025-07-14 00:58:02 - INFO - Epoch 193 finished. Average Training Loss: 0.7257
2025-07-14 00:58:04 - INFO - Epoch 194 finished. Average Training Loss: 0.3652
2025-07-14 00:58:07 - INFO - Epoch 195 finished. Average Training Loss: 0.5317
2025-07-14 00:58:10 - INFO - Epoch 196 finished. Average Training Loss: 0.4576
2025-07-14 00:58:12 - INFO - Epoch 197 finished. Average Training Loss: 0.5070
2025-07-14 00:58:15 - INFO - Epoch 198 finished. Average Training Loss: 0.6105
2025-07-14 00:58:18 - INFO - Epoch 199 finished. Average Training Loss: 0.7514
2025-07-14 00:58:21 - INFO - Epoch 200 finished. Average Training Loss: 0.5935
2025-07-14 00:58:21 - INFO - Saved checkpoint for epoch 200 to ./result/VNet_Multi_V4/LA_16/Pth/model_epoch_200.pth
2025-07-14 00:58:24 - INFO - Epoch 201 finished. Average Training Loss: 0.5142
2025-07-14 00:58:26 - INFO - Epoch 202 finished. Average Training Loss: 0.5839
2025-07-14 00:58:29 - INFO - Epoch 203 finished. Average Training Loss: 0.5209
2025-07-14 00:58:32 - INFO - Epoch 204 finished. Average Training Loss: 0.6015
2025-07-14 00:58:35 - INFO - Epoch 205 finished. Average Training Loss: 0.6275
2025-07-14 00:58:38 - INFO - Epoch 206 finished. Average Training Loss: 0.5574
2025-07-14 00:58:40 - INFO - Epoch 207 finished. Average Training Loss: 0.5408
2025-07-14 00:58:43 - INFO - Epoch 208 finished. Average Training Loss: 0.5492
2025-07-14 00:58:46 - INFO - Epoch 209 finished. Average Training Loss: 0.5685
2025-07-14 00:58:48 - INFO - Epoch 210 finished. Average Training Loss: 0.4840
2025-07-14 00:58:51 - INFO - Epoch 211 finished. Average Training Loss: 0.3575
2025-07-14 00:58:54 - INFO - Epoch 212 finished. Average Training Loss: 0.5332
2025-07-14 00:58:57 - INFO - Epoch 213 finished. Average Training Loss: 0.5168
2025-07-14 00:58:59 - INFO - Epoch 214 finished. Average Training Loss: 0.5588
2025-07-14 00:59:02 - INFO - Epoch 215 finished. Average Training Loss: 0.4008
2025-07-14 00:59:04 - INFO - Epoch 216 finished. Average Training Loss: 0.4381
2025-07-14 00:59:07 - INFO - Epoch 217 finished. Average Training Loss: 0.4145
2025-07-14 00:59:10 - INFO - Epoch 218 finished. Average Training Loss: 0.5226
2025-07-14 00:59:13 - INFO - Epoch 219 finished. Average Training Loss: 0.4398
2025-07-14 00:59:15 - INFO - Epoch 220 finished. Average Training Loss: 0.4513
2025-07-14 00:59:15 - INFO - Saved checkpoint for epoch 220 to ./result/VNet_Multi_V4/LA_16/Pth/model_epoch_220.pth
2025-07-14 00:59:18 - INFO - Epoch 221 finished. Average Training Loss: 0.3839
2025-07-14 00:59:21 - INFO - Epoch 222 finished. Average Training Loss: 0.5435
2025-07-14 00:59:24 - INFO - Epoch 223 finished. Average Training Loss: 0.5505
2025-07-14 00:59:26 - INFO - Epoch 224 finished. Average Training Loss: 0.4062
2025-07-14 00:59:29 - INFO - Epoch 225 finished. Average Training Loss: 0.4281
2025-07-14 00:59:32 - INFO - Epoch 226 finished. Average Training Loss: 0.4239
2025-07-14 00:59:34 - INFO - Epoch 227 finished. Average Training Loss: 0.4259
2025-07-14 00:59:37 - INFO - Epoch 228 finished. Average Training Loss: 0.5176
2025-07-14 00:59:40 - INFO - Epoch 229 finished. Average Training Loss: 0.5523
2025-07-14 00:59:42 - INFO - Epoch 230 finished. Average Training Loss: 0.3938
2025-07-14 00:59:45 - INFO - Epoch 231 finished. Average Training Loss: 0.3894
2025-07-14 00:59:48 - INFO - Epoch 232 finished. Average Training Loss: 0.3409
2025-07-14 00:59:51 - INFO - Epoch 233 finished. Average Training Loss: 0.3833
2025-07-14 00:59:53 - INFO - Epoch 234 finished. Average Training Loss: 0.4299
2025-07-14 00:59:56 - INFO - Epoch 235 finished. Average Training Loss: 0.3984
2025-07-14 00:59:59 - INFO - Epoch 236 finished. Average Training Loss: 0.4001
2025-07-14 01:00:02 - INFO - Epoch 237 finished. Average Training Loss: 0.4572
2025-07-14 01:00:05 - INFO - Epoch 238 finished. Average Training Loss: 0.5971
2025-07-14 01:00:07 - INFO - Epoch 239 finished. Average Training Loss: 0.5509
2025-07-14 01:00:10 - INFO - Epoch 240 finished. Average Training Loss: 0.3472
2025-07-14 01:00:10 - INFO - Saved checkpoint for epoch 240 to ./result/VNet_Multi_V4/LA_16/Pth/model_epoch_240.pth
2025-07-14 01:00:13 - INFO - Epoch 241 finished. Average Training Loss: 0.6430
2025-07-14 01:00:15 - INFO - Epoch 242 finished. Average Training Loss: 0.4475
2025-07-14 01:00:18 - INFO - Epoch 243 finished. Average Training Loss: 0.2694
2025-07-14 01:00:21 - INFO - Epoch 244 finished. Average Training Loss: 0.3193
2025-07-14 01:00:24 - INFO - Epoch 245 finished. Average Training Loss: 0.4660
2025-07-14 01:00:26 - INFO - Epoch 246 finished. Average Training Loss: 0.3457
2025-07-14 01:00:29 - INFO - Epoch 247 finished. Average Training Loss: 0.4515
2025-07-14 01:00:32 - INFO - Epoch 248 finished. Average Training Loss: 0.5332
2025-07-14 01:00:35 - INFO - Epoch 249 finished. Average Training Loss: 0.4468
2025-07-14 01:00:39 - INFO - Epoch 250 finished. Average Training Loss: 0.5058
2025-07-14 01:00:42 - INFO - Epoch 251 finished. Average Training Loss: 0.4419
2025-07-14 01:00:46 - INFO - Epoch 252 finished. Average Training Loss: 0.4211
2025-07-14 01:00:49 - INFO - Epoch 253 finished. Average Training Loss: 0.4296
2025-07-14 01:00:53 - INFO - Epoch 254 finished. Average Training Loss: 0.4366
2025-07-14 01:00:57 - INFO - Epoch 255 finished. Average Training Loss: 0.4370
2025-07-14 01:01:00 - INFO - Epoch 256 finished. Average Training Loss: 0.4567
2025-07-14 01:01:04 - INFO - Epoch 257 finished. Average Training Loss: 0.3238
2025-07-14 01:01:08 - INFO - Epoch 258 finished. Average Training Loss: 0.3953
2025-07-14 01:01:11 - INFO - Epoch 259 finished. Average Training Loss: 0.4146
2025-07-14 01:01:15 - INFO - Epoch 260 finished. Average Training Loss: 0.4714
2025-07-14 01:01:15 - INFO - Saved checkpoint for epoch 260 to ./result/VNet_Multi_V4/LA_16/Pth/model_epoch_260.pth
2025-07-14 01:01:19 - INFO - Epoch 261 finished. Average Training Loss: 0.4660
2025-07-14 01:01:23 - INFO - Epoch 262 finished. Average Training Loss: 0.3609
2025-07-14 01:01:27 - INFO - Epoch 263 finished. Average Training Loss: 0.3794
2025-07-14 01:01:31 - INFO - Epoch 264 finished. Average Training Loss: 0.4140
2025-07-14 01:01:34 - INFO - Epoch 265 finished. Average Training Loss: 0.4204
2025-07-14 01:01:38 - INFO - Epoch 266 finished. Average Training Loss: 0.4136
2025-07-14 01:01:41 - INFO - Epoch 267 finished. Average Training Loss: 0.5305
2025-07-14 01:01:45 - INFO - Epoch 268 finished. Average Training Loss: 0.3742
2025-07-14 01:01:49 - INFO - Epoch 269 finished. Average Training Loss: 0.4398
2025-07-14 01:01:52 - INFO - Epoch 270 finished. Average Training Loss: 0.5191
2025-07-14 01:01:56 - INFO - Epoch 271 finished. Average Training Loss: 0.4124
2025-07-14 01:01:59 - INFO - Epoch 272 finished. Average Training Loss: 0.4573
2025-07-14 01:02:03 - INFO - Epoch 273 finished. Average Training Loss: 0.4387
2025-07-14 01:02:07 - INFO - Epoch 274 finished. Average Training Loss: 0.3025
2025-07-14 01:02:11 - INFO - Epoch 275 finished. Average Training Loss: 0.3636
2025-07-14 01:02:14 - INFO - Epoch 276 finished. Average Training Loss: 0.4106
2025-07-14 01:02:17 - INFO - Epoch 277 finished. Average Training Loss: 0.3478
2025-07-14 01:02:21 - INFO - Epoch 278 finished. Average Training Loss: 0.4781
2025-07-14 01:02:25 - INFO - Epoch 279 finished. Average Training Loss: 0.3624
2025-07-14 01:02:29 - INFO - Epoch 280 finished. Average Training Loss: 0.4923
2025-07-14 01:02:29 - INFO - Saved checkpoint for epoch 280 to ./result/VNet_Multi_V4/LA_16/Pth/model_epoch_280.pth
2025-07-14 01:02:32 - INFO - Epoch 281 finished. Average Training Loss: 0.3429
2025-07-14 01:02:36 - INFO - Epoch 282 finished. Average Training Loss: 0.3812
2025-07-14 01:02:39 - INFO - Epoch 283 finished. Average Training Loss: 0.4765
2025-07-14 01:02:43 - INFO - Epoch 284 finished. Average Training Loss: 0.3672
2025-07-14 01:02:46 - INFO - Epoch 285 finished. Average Training Loss: 0.2677
2025-07-14 01:02:49 - INFO - Epoch 286 finished. Average Training Loss: 0.3728
2025-07-14 01:02:53 - INFO - Epoch 287 finished. Average Training Loss: 0.3579
2025-07-14 01:02:57 - INFO - Epoch 288 finished. Average Training Loss: 0.3151
2025-07-14 01:03:00 - INFO - Epoch 289 finished. Average Training Loss: 0.4426
2025-07-14 01:03:04 - INFO - Epoch 290 finished. Average Training Loss: 0.4730
2025-07-14 01:03:08 - INFO - Epoch 291 finished. Average Training Loss: 0.4843
2025-07-14 01:03:11 - INFO - Epoch 292 finished. Average Training Loss: 0.3532
2025-07-14 01:03:15 - INFO - Epoch 293 finished. Average Training Loss: 0.4529
2025-07-14 01:03:19 - INFO - Epoch 294 finished. Average Training Loss: 0.4546
2025-07-14 01:03:22 - INFO - Epoch 295 finished. Average Training Loss: 0.3460
2025-07-14 01:03:26 - INFO - Epoch 296 finished. Average Training Loss: 0.2952
2025-07-14 01:03:30 - INFO - Epoch 297 finished. Average Training Loss: 0.4080
2025-07-14 01:03:34 - INFO - Epoch 298 finished. Average Training Loss: 0.4412
2025-07-14 01:03:37 - INFO - Epoch 299 finished. Average Training Loss: 0.5057
2025-07-14 01:03:41 - INFO - Epoch 300 finished. Average Training Loss: 0.5040
2025-07-14 01:03:41 - INFO - Saved checkpoint for epoch 300 to ./result/VNet_Multi_V4/LA_16/Pth/model_epoch_300.pth
2025-07-14 01:03:45 - INFO - Epoch 301 finished. Average Training Loss: 0.4369
2025-07-14 01:03:48 - INFO - Epoch 302 finished. Average Training Loss: 0.3434
2025-07-14 01:03:51 - INFO - Epoch 303 finished. Average Training Loss: 0.3442
2025-07-14 01:03:54 - INFO - Epoch 304 finished. Average Training Loss: 0.3788
2025-07-14 01:03:57 - INFO - Epoch 305 finished. Average Training Loss: 0.2639
2025-07-14 01:04:00 - INFO - Epoch 306 finished. Average Training Loss: 0.4598
2025-07-14 01:04:03 - INFO - Epoch 307 finished. Average Training Loss: 0.3916
2025-07-14 01:04:05 - INFO - Epoch 308 finished. Average Training Loss: 0.4345
2025-07-14 01:04:08 - INFO - Epoch 309 finished. Average Training Loss: 0.5041
2025-07-14 01:04:11 - INFO - Epoch 310 finished. Average Training Loss: 0.3248
2025-07-14 01:04:14 - INFO - Epoch 311 finished. Average Training Loss: 0.3920
2025-07-14 01:04:17 - INFO - Epoch 312 finished. Average Training Loss: 0.3258
2025-07-14 01:04:20 - INFO - Epoch 313 finished. Average Training Loss: 0.2644
2025-07-14 01:04:23 - INFO - Epoch 314 finished. Average Training Loss: 0.2938
2025-07-14 01:04:26 - INFO - Epoch 315 finished. Average Training Loss: 0.4258
2025-07-14 01:04:29 - INFO - Epoch 316 finished. Average Training Loss: 0.3798
2025-07-14 01:04:32 - INFO - Epoch 317 finished. Average Training Loss: 0.3616
2025-07-14 01:04:35 - INFO - Epoch 318 finished. Average Training Loss: 0.3685
2025-07-14 01:04:37 - INFO - Epoch 319 finished. Average Training Loss: 0.2626
2025-07-14 01:04:41 - INFO - Epoch 320 finished. Average Training Loss: 0.3148
2025-07-14 01:04:41 - INFO - Saved checkpoint for epoch 320 to ./result/VNet_Multi_V4/LA_16/Pth/model_epoch_320.pth
2025-07-14 01:04:44 - INFO - Epoch 321 finished. Average Training Loss: 0.2394
2025-07-14 01:04:47 - INFO - Epoch 322 finished. Average Training Loss: 0.3564
2025-07-14 01:04:50 - INFO - Epoch 323 finished. Average Training Loss: 0.3955
2025-07-14 01:04:53 - INFO - Epoch 324 finished. Average Training Loss: 0.3428
2025-07-14 01:04:56 - INFO - Epoch 325 finished. Average Training Loss: 0.3580
2025-07-14 01:04:59 - INFO - Epoch 326 finished. Average Training Loss: 0.3351
2025-07-14 01:05:01 - INFO - Epoch 327 finished. Average Training Loss: 0.4147
2025-07-14 01:05:04 - INFO - Epoch 328 finished. Average Training Loss: 0.2505
2025-07-14 01:05:07 - INFO - Epoch 329 finished. Average Training Loss: 0.3936
2025-07-14 01:05:10 - INFO - Epoch 330 finished. Average Training Loss: 0.4094
2025-07-14 01:05:14 - INFO - Epoch 331 finished. Average Training Loss: 0.3572
2025-07-14 01:05:17 - INFO - Epoch 332 finished. Average Training Loss: 0.2889
2025-07-14 01:05:20 - INFO - Epoch 333 finished. Average Training Loss: 0.2972
2025-07-14 01:05:23 - INFO - Epoch 334 finished. Average Training Loss: 0.2638
2025-07-14 01:05:26 - INFO - Epoch 335 finished. Average Training Loss: 0.2593
2025-07-14 01:05:29 - INFO - Epoch 336 finished. Average Training Loss: 0.3942
2025-07-14 01:05:32 - INFO - Epoch 337 finished. Average Training Loss: 0.2951
2025-07-14 01:05:35 - INFO - Epoch 338 finished. Average Training Loss: 0.2002
2025-07-14 01:05:38 - INFO - Epoch 339 finished. Average Training Loss: 0.4646
2025-07-14 01:05:41 - INFO - Epoch 340 finished. Average Training Loss: 0.4089
2025-07-14 01:05:41 - INFO - Saved checkpoint for epoch 340 to ./result/VNet_Multi_V4/LA_16/Pth/model_epoch_340.pth
2025-07-14 01:05:44 - INFO - Epoch 341 finished. Average Training Loss: 0.1801
2025-07-14 01:05:47 - INFO - Epoch 342 finished. Average Training Loss: 0.3010
2025-07-14 01:05:50 - INFO - Epoch 343 finished. Average Training Loss: 0.2206
2025-07-14 01:05:53 - INFO - Epoch 344 finished. Average Training Loss: 0.3653
2025-07-14 01:05:56 - INFO - Epoch 345 finished. Average Training Loss: 0.3648
2025-07-14 01:05:59 - INFO - Epoch 346 finished. Average Training Loss: 0.2707
2025-07-14 01:06:01 - INFO - Epoch 347 finished. Average Training Loss: 0.3152
2025-07-14 01:06:04 - INFO - Epoch 348 finished. Average Training Loss: 0.3281
2025-07-14 01:06:07 - INFO - Epoch 349 finished. Average Training Loss: 0.3692
2025-07-14 01:06:10 - INFO - Epoch 350 finished. Average Training Loss: 0.2630
2025-07-14 01:06:13 - INFO - Epoch 351 finished. Average Training Loss: 0.5228
2025-07-14 01:06:16 - INFO - Epoch 352 finished. Average Training Loss: 0.4491
2025-07-14 01:06:19 - INFO - Epoch 353 finished. Average Training Loss: 0.2214
2025-07-14 01:06:22 - INFO - Epoch 354 finished. Average Training Loss: 0.2061
2025-07-14 01:06:25 - INFO - Epoch 355 finished. Average Training Loss: 0.2771
2025-07-14 01:06:28 - INFO - Epoch 356 finished. Average Training Loss: 0.3592
2025-07-14 01:06:31 - INFO - Epoch 357 finished. Average Training Loss: 0.4721
2025-07-14 01:06:34 - INFO - Epoch 358 finished. Average Training Loss: 0.2861
2025-07-14 01:06:37 - INFO - Epoch 359 finished. Average Training Loss: 0.2496
2025-07-14 01:06:39 - INFO - Epoch 360 finished. Average Training Loss: 0.2343
2025-07-14 01:06:40 - INFO - Saved checkpoint for epoch 360 to ./result/VNet_Multi_V4/LA_16/Pth/model_epoch_360.pth
2025-07-14 01:06:43 - INFO - Epoch 361 finished. Average Training Loss: 0.3611
2025-07-14 01:06:46 - INFO - Epoch 362 finished. Average Training Loss: 0.2698
2025-07-14 01:06:48 - INFO - Epoch 363 finished. Average Training Loss: 0.4089
2025-07-14 01:06:52 - INFO - Epoch 364 finished. Average Training Loss: 0.2346
2025-07-14 01:06:55 - INFO - Epoch 365 finished. Average Training Loss: 0.3563
2025-07-14 01:06:58 - INFO - Epoch 366 finished. Average Training Loss: 0.3029
2025-07-14 01:07:01 - INFO - Epoch 367 finished. Average Training Loss: 0.2937
2025-07-14 01:07:04 - INFO - Epoch 368 finished. Average Training Loss: 0.2831
2025-07-14 01:07:07 - INFO - Epoch 369 finished. Average Training Loss: 0.2271
2025-07-14 01:07:10 - INFO - Epoch 370 finished. Average Training Loss: 0.2328
2025-07-14 01:07:13 - INFO - Epoch 371 finished. Average Training Loss: 0.2138
2025-07-14 01:07:16 - INFO - Epoch 372 finished. Average Training Loss: 0.2134
2025-07-14 01:07:19 - INFO - Epoch 373 finished. Average Training Loss: 0.3267
2025-07-14 01:07:21 - INFO - Epoch 374 finished. Average Training Loss: 0.2095
2025-07-14 01:07:25 - INFO - Epoch 375 finished. Average Training Loss: 0.3073
2025-07-14 01:07:28 - INFO - Epoch 376 finished. Average Training Loss: 0.3954
2025-07-14 01:07:31 - INFO - Epoch 377 finished. Average Training Loss: 0.3412
2025-07-14 01:07:34 - INFO - Epoch 378 finished. Average Training Loss: 0.3726
2025-07-14 01:07:37 - INFO - Epoch 379 finished. Average Training Loss: 0.1644
2025-07-14 01:07:40 - INFO - Epoch 380 finished. Average Training Loss: 0.5307
2025-07-14 01:07:40 - INFO - Saved checkpoint for epoch 380 to ./result/VNet_Multi_V4/LA_16/Pth/model_epoch_380.pth
2025-07-14 01:07:43 - INFO - Epoch 381 finished. Average Training Loss: 0.3728
2025-07-14 01:07:46 - INFO - Epoch 382 finished. Average Training Loss: 0.4594
2025-07-14 01:07:49 - INFO - Epoch 383 finished. Average Training Loss: 0.2333
2025-07-14 01:07:52 - INFO - Epoch 384 finished. Average Training Loss: 0.2500
2025-07-14 01:07:55 - INFO - Epoch 385 finished. Average Training Loss: 0.2803
2025-07-14 01:07:58 - INFO - Epoch 386 finished. Average Training Loss: 0.2149
2025-07-14 01:08:01 - INFO - Epoch 387 finished. Average Training Loss: 0.2824
2025-07-14 01:08:04 - INFO - Epoch 388 finished. Average Training Loss: 0.2472
2025-07-14 01:08:07 - INFO - Epoch 389 finished. Average Training Loss: 0.3306
2025-07-14 01:08:10 - INFO - Epoch 390 finished. Average Training Loss: 0.3104
2025-07-14 01:08:13 - INFO - Epoch 391 finished. Average Training Loss: 0.3627
2025-07-14 01:08:16 - INFO - Epoch 392 finished. Average Training Loss: 0.1546
2025-07-14 01:08:19 - INFO - Epoch 393 finished. Average Training Loss: 0.2862
2025-07-14 01:08:22 - INFO - Epoch 394 finished. Average Training Loss: 0.3861
2025-07-14 01:08:25 - INFO - Epoch 395 finished. Average Training Loss: 0.2564
2025-07-14 01:08:27 - INFO - Epoch 396 finished. Average Training Loss: 0.3813
2025-07-14 01:08:30 - INFO - Epoch 397 finished. Average Training Loss: 0.1465
2025-07-14 01:08:33 - INFO - Epoch 398 finished. Average Training Loss: 0.1416
2025-07-14 01:08:36 - INFO - Epoch 399 finished. Average Training Loss: 0.2346
2025-07-14 01:08:39 - INFO - Epoch 400 finished. Average Training Loss: 0.2421
2025-07-14 01:08:39 - INFO - Saved checkpoint for epoch 400 to ./result/VNet_Multi_V4/LA_16/Pth/model_epoch_400.pth
2025-07-14 01:08:42 - INFO - Epoch 401 finished. Average Training Loss: 0.2263
2025-07-14 01:08:45 - INFO - Epoch 402 finished. Average Training Loss: 0.2852
2025-07-14 01:08:48 - INFO - Epoch 403 finished. Average Training Loss: 0.3388
2025-07-14 01:08:51 - INFO - Epoch 404 finished. Average Training Loss: 0.1426
2025-07-14 01:08:54 - INFO - Epoch 405 finished. Average Training Loss: 0.2323
2025-07-14 01:08:57 - INFO - Epoch 406 finished. Average Training Loss: 0.3811
2025-07-14 01:08:59 - INFO - Epoch 407 finished. Average Training Loss: 0.1842
2025-07-14 01:09:03 - INFO - Epoch 408 finished. Average Training Loss: 0.2048
2025-07-14 01:09:06 - INFO - Epoch 409 finished. Average Training Loss: 0.1275
2025-07-14 01:09:09 - INFO - Epoch 410 finished. Average Training Loss: 0.3366
2025-07-14 01:09:12 - INFO - Epoch 411 finished. Average Training Loss: 0.2956
2025-07-14 01:09:15 - INFO - Epoch 412 finished. Average Training Loss: 0.1703
2025-07-14 01:09:18 - INFO - Epoch 413 finished. Average Training Loss: 0.2857
2025-07-14 01:09:21 - INFO - Epoch 414 finished. Average Training Loss: 0.2542
2025-07-14 01:09:24 - INFO - Epoch 415 finished. Average Training Loss: 0.3335
2025-07-14 01:09:27 - INFO - Epoch 416 finished. Average Training Loss: 0.1838
2025-07-14 01:09:29 - INFO - Epoch 417 finished. Average Training Loss: 0.2391
2025-07-14 01:09:32 - INFO - Epoch 418 finished. Average Training Loss: 0.1637
2025-07-14 01:09:35 - INFO - Epoch 419 finished. Average Training Loss: 0.2805
2025-07-14 01:09:38 - INFO - Epoch 420 finished. Average Training Loss: 0.1573
2025-07-14 01:09:38 - INFO - Saved checkpoint for epoch 420 to ./result/VNet_Multi_V4/LA_16/Pth/model_epoch_420.pth
2025-07-14 01:09:41 - INFO - Epoch 421 finished. Average Training Loss: 0.2637
2025-07-14 01:09:44 - INFO - Epoch 422 finished. Average Training Loss: 0.1304
2025-07-14 01:09:47 - INFO - Epoch 423 finished. Average Training Loss: 0.3511
2025-07-14 01:09:50 - INFO - Epoch 424 finished. Average Training Loss: 0.2589
2025-07-14 01:09:53 - INFO - Epoch 425 finished. Average Training Loss: 0.2267
2025-07-14 01:09:56 - INFO - Epoch 426 finished. Average Training Loss: 0.2012
2025-07-14 01:09:59 - INFO - Epoch 427 finished. Average Training Loss: 0.3495
2025-07-14 01:10:02 - INFO - Epoch 428 finished. Average Training Loss: 0.1879
2025-07-14 01:10:05 - INFO - Epoch 429 finished. Average Training Loss: 0.1524
2025-07-14 01:10:08 - INFO - Epoch 430 finished. Average Training Loss: 0.2210
2025-07-14 01:10:11 - INFO - Epoch 431 finished. Average Training Loss: 0.3360
2025-07-14 01:10:14 - INFO - Epoch 432 finished. Average Training Loss: 0.2990
2025-07-14 01:10:17 - INFO - Epoch 433 finished. Average Training Loss: 0.2333
2025-07-14 01:10:20 - INFO - Epoch 434 finished. Average Training Loss: 0.2144
2025-07-14 01:10:23 - INFO - Epoch 435 finished. Average Training Loss: 0.1723
2025-07-14 01:10:26 - INFO - Epoch 436 finished. Average Training Loss: 0.1843
2025-07-14 01:10:28 - INFO - Epoch 437 finished. Average Training Loss: 0.1943
2025-07-14 01:10:31 - INFO - Epoch 438 finished. Average Training Loss: 0.2370
2025-07-14 01:10:34 - INFO - Epoch 439 finished. Average Training Loss: 0.2463
2025-07-14 01:10:37 - INFO - Epoch 440 finished. Average Training Loss: 0.1874
2025-07-14 01:10:37 - INFO - Saved checkpoint for epoch 440 to ./result/VNet_Multi_V4/LA_16/Pth/model_epoch_440.pth
2025-07-14 01:10:41 - INFO - Epoch 441 finished. Average Training Loss: 0.1626
2025-07-14 01:10:44 - INFO - Epoch 442 finished. Average Training Loss: 0.2765
2025-07-14 01:10:47 - INFO - Epoch 443 finished. Average Training Loss: 0.1479
2025-07-14 01:10:50 - INFO - Epoch 444 finished. Average Training Loss: 0.1827
2025-07-14 01:10:53 - INFO - Epoch 445 finished. Average Training Loss: 0.2818
2025-07-14 01:10:56 - INFO - Epoch 446 finished. Average Training Loss: 0.2770
2025-07-14 01:10:59 - INFO - Epoch 447 finished. Average Training Loss: 0.1668
2025-07-14 01:11:02 - INFO - Epoch 448 finished. Average Training Loss: 0.3092
2025-07-14 01:11:05 - INFO - Epoch 449 finished. Average Training Loss: 0.1214
2025-07-14 01:11:08 - INFO - Epoch 450 finished. Average Training Loss: 0.3605
2025-07-14 01:11:11 - INFO - Epoch 451 finished. Average Training Loss: 0.1421
2025-07-14 01:11:14 - INFO - Epoch 452 finished. Average Training Loss: 0.3232
2025-07-14 01:11:17 - INFO - Epoch 453 finished. Average Training Loss: 0.2825
2025-07-14 01:11:20 - INFO - Epoch 454 finished. Average Training Loss: 0.2340
2025-07-14 01:11:23 - INFO - Epoch 455 finished. Average Training Loss: 0.2177
2025-07-14 01:11:26 - INFO - Epoch 456 finished. Average Training Loss: 0.1308
2025-07-14 01:11:29 - INFO - Epoch 457 finished. Average Training Loss: 0.2464
2025-07-14 01:11:32 - INFO - Epoch 458 finished. Average Training Loss: 0.0900
2025-07-14 01:11:35 - INFO - Epoch 459 finished. Average Training Loss: 0.1352
2025-07-14 01:11:38 - INFO - Epoch 460 finished. Average Training Loss: 0.2504
2025-07-14 01:11:38 - INFO - Saved checkpoint for epoch 460 to ./result/VNet_Multi_V4/LA_16/Pth/model_epoch_460.pth
2025-07-14 01:11:41 - INFO - Epoch 461 finished. Average Training Loss: 0.2965
2025-07-14 01:11:44 - INFO - Epoch 462 finished. Average Training Loss: 0.2602
2025-07-14 01:11:47 - INFO - Epoch 463 finished. Average Training Loss: 0.4252
2025-07-14 01:11:50 - INFO - Epoch 464 finished. Average Training Loss: 0.2086
2025-07-14 01:11:53 - INFO - Epoch 465 finished. Average Training Loss: 0.2737
2025-07-14 01:11:56 - INFO - Epoch 466 finished. Average Training Loss: 0.3945
2025-07-14 01:11:59 - INFO - Epoch 467 finished. Average Training Loss: 0.2353
2025-07-14 01:12:02 - INFO - Epoch 468 finished. Average Training Loss: 0.0902
2025-07-14 01:12:04 - INFO - Epoch 469 finished. Average Training Loss: 0.1085
2025-07-14 01:12:08 - INFO - Epoch 470 finished. Average Training Loss: 0.0669
2025-07-14 01:12:10 - INFO - Epoch 471 finished. Average Training Loss: 0.1391
2025-07-14 01:12:13 - INFO - Epoch 472 finished. Average Training Loss: 0.1150
2025-07-14 01:12:16 - INFO - Epoch 473 finished. Average Training Loss: 0.1220
2025-07-14 01:12:19 - INFO - Epoch 474 finished. Average Training Loss: 0.1948
2025-07-14 01:12:22 - INFO - Epoch 475 finished. Average Training Loss: 0.3799
2025-07-14 01:12:25 - INFO - Epoch 476 finished. Average Training Loss: 0.1400
2025-07-14 01:12:28 - INFO - Epoch 477 finished. Average Training Loss: 0.3464
2025-07-14 01:12:31 - INFO - Epoch 478 finished. Average Training Loss: 0.2132
2025-07-14 01:12:34 - INFO - Epoch 479 finished. Average Training Loss: 0.2426
2025-07-14 01:12:37 - INFO - Epoch 480 finished. Average Training Loss: 0.1198
2025-07-14 01:12:37 - INFO - Saved checkpoint for epoch 480 to ./result/VNet_Multi_V4/LA_16/Pth/model_epoch_480.pth
2025-07-14 01:12:40 - INFO - Epoch 481 finished. Average Training Loss: 0.3031
2025-07-14 01:12:43 - INFO - Epoch 482 finished. Average Training Loss: 0.1596
2025-07-14 01:12:46 - INFO - Epoch 483 finished. Average Training Loss: 0.2062
2025-07-14 01:12:49 - INFO - Epoch 484 finished. Average Training Loss: 0.2064
2025-07-14 01:12:53 - INFO - Epoch 485 finished. Average Training Loss: 0.0740
2025-07-14 01:12:55 - INFO - Epoch 486 finished. Average Training Loss: 0.2055
2025-07-14 01:12:58 - INFO - Epoch 487 finished. Average Training Loss: 0.1483
2025-07-14 01:13:01 - INFO - Epoch 488 finished. Average Training Loss: 0.3660
2025-07-14 01:13:04 - INFO - Epoch 489 finished. Average Training Loss: 0.1176
2025-07-14 01:13:07 - INFO - Epoch 490 finished. Average Training Loss: 0.2058
2025-07-14 01:13:10 - INFO - Epoch 491 finished. Average Training Loss: 0.1614
2025-07-14 01:13:13 - INFO - Epoch 492 finished. Average Training Loss: 0.1740
2025-07-14 01:13:16 - INFO - Epoch 493 finished. Average Training Loss: 0.2448
2025-07-14 01:13:19 - INFO - Epoch 494 finished. Average Training Loss: 0.0650
2025-07-14 01:13:22 - INFO - Epoch 495 finished. Average Training Loss: 0.2786
2025-07-14 01:13:25 - INFO - Epoch 496 finished. Average Training Loss: 0.1392
2025-07-14 01:13:28 - INFO - Epoch 497 finished. Average Training Loss: 0.0836
2025-07-14 01:13:31 - INFO - Epoch 498 finished. Average Training Loss: 0.1215
2025-07-14 01:13:34 - INFO - Epoch 499 finished. Average Training Loss: 0.1140
2025-07-14 01:13:37 - INFO - Epoch 500 finished. Average Training Loss: 0.2260
2025-07-14 01:13:37 - INFO - Saved checkpoint for epoch 500 to ./result/VNet_Multi_V4/LA_16/Pth/model_epoch_500.pth
2025-07-14 01:13:40 - INFO - Epoch 501 finished. Average Training Loss: 0.1238
2025-07-14 01:13:43 - INFO - Epoch 502 finished. Average Training Loss: 0.2931
2025-07-14 01:13:46 - INFO - Epoch 503 finished. Average Training Loss: 0.2334
2025-07-14 01:13:49 - INFO - Epoch 504 finished. Average Training Loss: 0.2401
2025-07-14 01:13:52 - INFO - Epoch 505 finished. Average Training Loss: 0.1825
2025-07-14 01:13:56 - INFO - Epoch 506 finished. Average Training Loss: 0.2044
2025-07-14 01:13:59 - INFO - Epoch 507 finished. Average Training Loss: 0.0213
2025-07-14 01:14:02 - INFO - Epoch 508 finished. Average Training Loss: 0.1204
2025-07-14 01:14:05 - INFO - Epoch 509 finished. Average Training Loss: 0.2433
2025-07-14 01:14:08 - INFO - Epoch 510 finished. Average Training Loss: 0.0773
2025-07-14 01:14:11 - INFO - Epoch 511 finished. Average Training Loss: 0.1580
2025-07-14 01:14:14 - INFO - Epoch 512 finished. Average Training Loss: 0.0806
2025-07-14 01:14:17 - INFO - Epoch 513 finished. Average Training Loss: 0.2348
2025-07-14 01:14:20 - INFO - Epoch 514 finished. Average Training Loss: 0.1082
2025-07-14 01:14:23 - INFO - Epoch 515 finished. Average Training Loss: 0.1876
2025-07-14 01:14:26 - INFO - Epoch 516 finished. Average Training Loss: 0.3069
2025-07-14 01:14:29 - INFO - Epoch 517 finished. Average Training Loss: 0.1514
2025-07-14 01:14:32 - INFO - Epoch 518 finished. Average Training Loss: 0.1773
2025-07-14 01:14:35 - INFO - Epoch 519 finished. Average Training Loss: 0.1113
2025-07-14 01:14:38 - INFO - Epoch 520 finished. Average Training Loss: 0.0997
2025-07-14 01:14:38 - INFO - Saved checkpoint for epoch 520 to ./result/VNet_Multi_V4/LA_16/Pth/model_epoch_520.pth
2025-07-14 01:14:41 - INFO - Epoch 521 finished. Average Training Loss: 0.2022
2025-07-14 01:14:44 - INFO - Epoch 522 finished. Average Training Loss: 0.3130
2025-07-14 01:14:47 - INFO - Epoch 523 finished. Average Training Loss: 0.1871
2025-07-14 01:14:49 - INFO - Epoch 524 finished. Average Training Loss: 0.1579
2025-07-14 01:14:52 - INFO - Epoch 525 finished. Average Training Loss: 0.1796
2025-07-14 01:14:55 - INFO - Epoch 526 finished. Average Training Loss: 0.2911
2025-07-14 01:14:58 - INFO - Epoch 527 finished. Average Training Loss: 0.1196
2025-07-14 01:15:02 - INFO - Epoch 528 finished. Average Training Loss: 0.2162
2025-07-14 01:15:05 - INFO - Epoch 529 finished. Average Training Loss: 0.2124
2025-07-14 01:15:08 - INFO - Epoch 530 finished. Average Training Loss: 0.0767
2025-07-14 01:15:10 - INFO - Epoch 531 finished. Average Training Loss: 0.0856
2025-07-14 01:15:13 - INFO - Epoch 532 finished. Average Training Loss: 0.2358
2025-07-14 01:15:16 - INFO - Epoch 533 finished. Average Training Loss: 0.1493
2025-07-14 01:15:19 - INFO - Epoch 534 finished. Average Training Loss: 0.0645
2025-07-14 01:15:22 - INFO - Epoch 535 finished. Average Training Loss: 0.1231
2025-07-14 01:15:25 - INFO - Epoch 536 finished. Average Training Loss: 0.0973
2025-07-14 01:15:28 - INFO - Epoch 537 finished. Average Training Loss: 0.1250
2025-07-14 01:15:31 - INFO - Epoch 538 finished. Average Training Loss: 0.0659
2025-07-14 01:15:34 - INFO - Epoch 539 finished. Average Training Loss: 0.2846
2025-07-14 01:15:37 - INFO - Epoch 540 finished. Average Training Loss: 0.3045
2025-07-14 01:15:37 - INFO - Saved checkpoint for epoch 540 to ./result/VNet_Multi_V4/LA_16/Pth/model_epoch_540.pth
2025-07-14 01:15:40 - INFO - Epoch 541 finished. Average Training Loss: 0.0886
2025-07-14 01:15:43 - INFO - Epoch 542 finished. Average Training Loss: 0.1389
2025-07-14 01:15:46 - INFO - Epoch 543 finished. Average Training Loss: 0.1933
2025-07-14 01:15:49 - INFO - Epoch 544 finished. Average Training Loss: 0.0993
2025-07-14 01:15:52 - INFO - Epoch 545 finished. Average Training Loss: 0.0846
2025-07-14 01:15:55 - INFO - Epoch 546 finished. Average Training Loss: 0.0480
2025-07-14 01:15:58 - INFO - Epoch 547 finished. Average Training Loss: 0.2217
2025-07-14 01:16:01 - INFO - Epoch 548 finished. Average Training Loss: 0.2031
2025-07-14 01:16:03 - INFO - Epoch 549 finished. Average Training Loss: -0.0474
2025-07-14 01:16:06 - INFO - Epoch 550 finished. Average Training Loss: 0.1180
2025-07-14 01:16:09 - INFO - Epoch 551 finished. Average Training Loss: 0.0977
2025-07-14 01:16:12 - INFO - Epoch 552 finished. Average Training Loss: 0.0257
2025-07-14 01:16:15 - INFO - Epoch 553 finished. Average Training Loss: 0.0516
2025-07-14 01:16:18 - INFO - Epoch 554 finished. Average Training Loss: 0.1036
2025-07-14 01:16:21 - INFO - Epoch 555 finished. Average Training Loss: 0.1494
2025-07-14 01:16:23 - INFO - Epoch 556 finished. Average Training Loss: 0.1146
2025-07-14 01:16:26 - INFO - Epoch 557 finished. Average Training Loss: 0.1502
2025-07-14 01:16:29 - INFO - Epoch 558 finished. Average Training Loss: 0.0244
2025-07-14 01:16:32 - INFO - Epoch 559 finished. Average Training Loss: 0.2086
2025-07-14 01:16:35 - INFO - Epoch 560 finished. Average Training Loss: 0.0856
2025-07-14 01:16:35 - INFO - Saved checkpoint for epoch 560 to ./result/VNet_Multi_V4/LA_16/Pth/model_epoch_560.pth
2025-07-14 01:16:38 - INFO - Epoch 561 finished. Average Training Loss: 0.2055
2025-07-14 01:16:41 - INFO - Epoch 562 finished. Average Training Loss: 0.3376
2025-07-14 01:16:44 - INFO - Epoch 563 finished. Average Training Loss: 0.2850
2025-07-14 01:16:47 - INFO - Epoch 564 finished. Average Training Loss: 0.1467
2025-07-14 01:16:50 - INFO - Epoch 565 finished. Average Training Loss: 0.0989
2025-07-14 01:16:53 - INFO - Epoch 566 finished. Average Training Loss: 0.1395
2025-07-14 01:16:56 - INFO - Epoch 567 finished. Average Training Loss: 0.1913
2025-07-14 01:16:59 - INFO - Epoch 568 finished. Average Training Loss: 0.2020
2025-07-14 01:17:02 - INFO - Epoch 569 finished. Average Training Loss: 0.0447
2025-07-14 01:17:05 - INFO - Epoch 570 finished. Average Training Loss: 0.1664
2025-07-14 01:17:08 - INFO - Epoch 571 finished. Average Training Loss: 0.0747
2025-07-14 01:17:10 - INFO - Epoch 572 finished. Average Training Loss: 0.2755
2025-07-14 01:17:13 - INFO - Epoch 573 finished. Average Training Loss: 0.1013
2025-07-14 01:17:16 - INFO - Epoch 574 finished. Average Training Loss: 0.2267
2025-07-14 01:17:19 - INFO - Epoch 575 finished. Average Training Loss: 0.0989
2025-07-14 01:17:22 - INFO - Epoch 576 finished. Average Training Loss: 0.0061
2025-07-14 01:17:25 - INFO - Epoch 577 finished. Average Training Loss: 0.2301
2025-07-14 01:17:28 - INFO - Epoch 578 finished. Average Training Loss: 0.0572
2025-07-14 01:17:31 - INFO - Epoch 579 finished. Average Training Loss: 0.0673
2025-07-14 01:17:34 - INFO - Epoch 580 finished. Average Training Loss: 0.2582
2025-07-14 01:17:34 - INFO - Saved checkpoint for epoch 580 to ./result/VNet_Multi_V4/LA_16/Pth/model_epoch_580.pth
2025-07-14 01:17:37 - INFO - Epoch 581 finished. Average Training Loss: 0.1003
2025-07-14 01:17:40 - INFO - Epoch 582 finished. Average Training Loss: 0.0452
2025-07-14 01:17:43 - INFO - Epoch 583 finished. Average Training Loss: 0.0655
2025-07-14 01:17:46 - INFO - Epoch 584 finished. Average Training Loss: 0.1369
2025-07-14 01:17:49 - INFO - Epoch 585 finished. Average Training Loss: 0.1096
2025-07-14 01:17:52 - INFO - Epoch 586 finished. Average Training Loss: 0.0098
2025-07-14 01:17:55 - INFO - Epoch 587 finished. Average Training Loss: 0.1202
2025-07-14 01:17:58 - INFO - Epoch 588 finished. Average Training Loss: 0.1406
2025-07-14 01:18:01 - INFO - Epoch 589 finished. Average Training Loss: 0.1816
2025-07-14 01:18:04 - INFO - Epoch 590 finished. Average Training Loss: -0.0588
2025-07-14 01:18:07 - INFO - Epoch 591 finished. Average Training Loss: 0.0870
2025-07-14 01:18:10 - INFO - Epoch 592 finished. Average Training Loss: -0.0581
2025-07-14 01:18:13 - INFO - Epoch 593 finished. Average Training Loss: 0.0234
2025-07-14 01:18:16 - INFO - Epoch 594 finished. Average Training Loss: 0.1049
2025-07-14 01:18:19 - INFO - Epoch 595 finished. Average Training Loss: 0.0865
2025-07-14 01:18:22 - INFO - Epoch 596 finished. Average Training Loss: 0.1336
2025-07-14 01:18:25 - INFO - Epoch 597 finished. Average Training Loss: 0.1451
2025-07-14 01:18:28 - INFO - Epoch 598 finished. Average Training Loss: 0.1445
2025-07-14 01:18:31 - INFO - Epoch 599 finished. Average Training Loss: 0.0769
2025-07-14 01:18:33 - INFO - Epoch 600 finished. Average Training Loss: 0.0995
2025-07-14 01:18:34 - INFO - Saved checkpoint for epoch 600 to ./result/VNet_Multi_V4/LA_16/Pth/model_epoch_600.pth
2025-07-14 01:18:34 - INFO - Training complete!
